2017-11-09 19:05:10 EXEC SPC_COM_GET_COMBOBOX 'possible_div';
2017-11-09 19:06:42 EXEC SPC_COM_GET_COMBOBOX 'possible_div';
2017-11-09 19:07:28 EXEC SPC_COM_GET_COMBOBOX 'possible_div';
2017-11-09 19:08:40 EXEC SPC_COM_GET_COMBOBOX 'possible_div';
2017-11-09 19:08:46 EXEC SPC_COM_GET_COMBOBOX 'possible_div';
2017-11-09 19:15:56 EXEC SPC_COM_GET_COMBOBOX 'possible_div';
2017-11-09 19:16:44 EXEC SPC_COM_GET_COMBOBOX 'possible_div';
2017-11-09 19:17:16 EXEC SPC_COM_GET_COMBOBOX 'possible_div';
2017-11-09 19:17:33 EXEC SPC_COM_GET_COMBOBOX 'possible_div';
2017-11-09 19:17:58 EXEC SPC_COM_GET_COMBOBOX 'possible_div';
2017-11-09 19:18:09 EXEC SPC_COM_GET_COMBOBOX 'possible_div';
2017-11-09 19:18:22 EXEC SPC_COM_GET_COMBOBOX 'possible_div';
2017-11-09 19:18:37 EXEC SPC_COM_GET_COMBOBOX 'possible_div';
2017-11-09 19:18:57 EXEC SPC_COM_GET_COMBOBOX 'possible_div';
2017-11-09 19:19:46 EXEC SPC_COM_GET_COMBOBOX 'port_country_div';
2017-11-09 19:19:47 EXEC SPC_COM_GET_COMBOBOX 'unit_q_div';
2017-11-09 19:19:48 EXEC SPC_COM_GET_COMBOBOX 'unit_w_div';
2017-11-09 19:19:48 EXEC SPC_COM_GET_COMBOBOX 'currency_div';
ns_div';
2017-11-09 19:19:48 EXEC SPC_COM_GET_COMBOBOX 'shipment_div';
2017-11-09 19:19:48 EXEC SPC_COM_GET_COMBOBOX 'port_city_div';
2017-11-09 19:19:48 EXEC SPC_COM_GET_COMBOBOX 'unit_m_div';
2017-11-09 19:19:48 EXEC SPC_COM_GET_COMBOBOX 'trade_terms_div';
2017-11-09 19:19:49 EXEC SPC_COM_GET_COMBOBOX 'sales_detail_div';
2017-11-09 19:21:23 EXEC SPC_COM_GET_COMBOBOX 'possible_div';
2017-11-09 19:24:29 EXEC SPC_COM_GET_COMBOBOX 'possible_div';
2017-11-09 19:26:09 EXEC SPC_COM_GET_COMBOBOX 'currency_div';
2017-11-09 19:26:09 EXEC SPC_COM_GET_COMBOBOX 'unit_q_div';
2017-11-09 19:26:10 EXEC SPC_COM_GET_COMBOBOX 'unit_w_div';
2017-11-09 19:26:10 EXEC SPC_COM_GET_COMBOBOX 'port_city_div';
2017-11-09 19:26:10 EXEC SPC_COM_GET_COMBOBOX 'payment_conditions_div';
2017-11-09 19:26:10 EXEC SPC_COM_GET_COMBOBOX 'shipment_div';
2017-11-09 19:26:10 EXEC SPC_COM_GET_COMBOBOX 'port_country_div';
2017-11-09 19:26:10 EXEC SPC_COM_GET_COMBOBOX 'trade_terms_div';
2017-11-09 19:26:10 EXEC SPC_COM_GET_COMBOBOX 'bank_div';
2017-11-09 19:26:10 EXEC SPC_COM_GET_COMBOBOX 'unit_m_div';
2017-11-09 19:26:10 EXEC SPC_COM_GET_COMBOBOX 'sales_detail_div';
2017-11-09 19:26:20 EXEC SPC_COM_GET_COMBOBOX 'currency_div';
2017-11-09 19:26:20 EXEC SPC_COM_GET_COMBOBOX 'port_country_div';
2017-11-09 19:26:20 EXEC SPC_COM_GET_COMBOBOX 'port_city_div';
2017-11-09 19:26:20 EXEC SPC_COM_GET_COMBOBOX 'payment_conditions_div';
2017-11-09 19:26:20 EXEC SPC_COM_GET_COMBOBOX 'trade_terms_div';
2017-11-09 19:26:21 EXEC SPC_COM_GET_COMBOBOX 'unit_w_div';
2017-11-09 19:26:21 EXEC SPC_COM_GET_COMBOBOX 'unit_q_div';
2017-11-09 19:26:21 EXEC SPC_COM_GET_COMBOBOX 'sales_detail_div';
2017-11-09 19:26:21 EXEC SPC_COM_GET_COMBOBOX 'unit_m_div';
2017-11-09 19:26:21 EXEC SPC_COM_GET_COMBOBOX 'bank_div';
2017-11-09 19:26:48 EXEC SPC_COM_GET_COMBOBOX 'port_city_div';
2017-11-09 19:26:48 EXEC SPC_COM_GET_COMBOBOX 'shipment_div';
2017-11-09 19:26:48 EXEC SPC_COM_GET_COMBOBOX 'port_country_div';
2017-11-09 19:26:48 EXEC SPC_COM_GET_COMBOBOX 'currency_div';
2017-11-09 19:26:48 EXEC SPC_COM_GET_COMBOBOX 'trade_terms_div';
2017-11-09 19:26:48 EXEC SPC_COM_GET_COMBOBOX 'payment_conditions_div';
2017-11-09 19:26:48 EXEC SPC_COM_GET_COMBOBOX 'unit_w_div';
2017-11-09 19:26:48 EXEC SPC_COM_GET_COMBOBOX 'sales_detail_div';
2017-11-09 19:26:48 EXEC SPC_COM_GET_COMBOBOX 'unit_m_div';
2017-11-09 19:26:48 EXEC SPC_COM_GET_COMBOBOX 'unit_q_div';
2017-11-09 19:26:49 EXEC SPC_COM_GET_COMBOBOX 'bank_div';
2017-11-09 19:26:59 EXEC SPC_COM_GET_COMBOBOX 'port_country_div';
2017-11-09 19:26:59 EXEC SPC_COM_GET_COMBOBOX 'trade_terms_div';
2017-11-09 19:26:59 EXEC SPC_COM_GET_COMBOBOX 'payment_conditions_div';
2017-11-09 19:26:59 EXEC SPC_COM_GET_COMBOBOX 'shipment_div';
2017-11-09 19:26:59 EXEC SPC_COM_GET_COMBOBOX 'currency_div';
2017-11-09 19:26:59 EXEC SPC_COM_GET_COMBOBOX 'port_city_div';
2017-11-09 19:26:59 EXEC SPC_COM_GET_COMBOBOX 'unit_w_div';
2017-11-09 19:26:59 EXEC SPC_COM_GET_COMBOBOX 'sales_detail_div';
2017-11-09 19:26:59 EXEC SPC_COM_GET_COMBOBOX 'unit_m_div';
2017-11-09 19:26:59 EXEC SPC_COM_GET_COMBOBOX 'unit_q_div';
2017-11-09 19:26:59 EXEC SPC_COM_GET_COMBOBOX 'bank_div';
2017-11-09 19:27:27 EXEC SPC_COM_GET_COMBOBOX 'port_country_div';
2017-11-09 19:27:27 EXEC SPC_COM_GET_COMBOBOX 'trade_terms_div';
2017-11-09 19:27:27 EXEC SPC_COM_GET_COMBOBOX 'port_city_div';
2017-11-09 19:27:27 EXEC SPC_COM_GET_COMBOBOX 'payment_conditions_div';
2017-11-09 19:27:27 EXEC SPC_COM_GET_COMBOBOX 'shipment_div';
2017-11-09 19:27:27 EXEC SPC_COM_GET_COMBOBOX 'unit_w_div';
2017-11-09 19:27:27 EXEC SPC_COM_GET_COMBOBOX 'unit_m_div';
2017-11-09 19:27:27 EXEC SPC_COM_GET_COMBOBOX 'bank_div';
2017-11-09 19:27:27 EXEC SPC_COM_GET_COMBOBOX 'sales_detail_div';
2017-11-09 19:27:27 EXEC SPC_COM_GET_COMBOBOX 'unit_q_div';
2017-11-09 19:41:41 EXEC SPC_COM_GET_COMBOBOX 'possible_div';
