2017-12-01 11:00:26 EXEC SPC_COM_GET_COMBOBOX 'possible_div';
2017-12-01 11:00:28 EXEC SPC_057_LIBRARY_MASTER_SEARCH_FND1 '','','','','1','1','10';
2017-12-01 11:00:30 EXEC SPC_057_LIBRARY_MASTER_SEARCH_FND1 '','','','','1','2','10';
2017-12-01 11:00:34 EXEC SPC_056_LIBRARY_MASTER_INQ1 'bank_div';
2017-12-01 11:00:38 EXEC SPC_COM_GET_COMBOBOX 'possible_div';
2017-12-01 11:00:39 EXEC SPC_057_LIBRARY_MASTER_SEARCH_FND1 '','','','','1','1','10';
2017-12-01 11:00:43 EXEC SPC_057_LIBRARY_MASTER_SEARCH_FND1 '','','','','1','2','10';
2017-12-01 11:00:46 EXEC SPC_057_LIBRARY_MASTER_SEARCH_FND1 '','','','','1','3','10';
2017-12-01 11:00:48 EXEC SPC_057_LIBRARY_MASTER_SEARCH_FND1 '','','','','1','4','10';
2017-12-01 11:00:49 EXEC SPC_057_LIBRARY_MASTER_SEARCH_FND1 '','','','','1','5','10';
2017-12-01 11:00:51 EXEC SPC_057_LIBRARY_MASTER_SEARCH_FND1 '','','','','1','6','10';
2017-12-01 11:00:52 EXEC SPC_057_LIBRARY_MASTER_SEARCH_FND1 '','','','','1','23','10';
2017-12-01 11:00:55 EXEC SPC_056_LIBRARY_MASTER_INQ1 'unit_q_div';
2017-12-01 11:02:57 EXEC SPC_056_LIBRARY_MASTER_INQ1 'unit_q_div';
2017-12-01 11:03:00 EXEC SPC_COM_GET_COMBOBOX 'possible_div';
2017-12-01 11:03:00 EXEC SPC_057_LIBRARY_MASTER_SEARCH_FND1 '','','','','1','1','10';
2017-12-01 11:03:04 EXEC SPC_056_LIBRARY_MASTER_INQ1 'bank_div';
2017-12-01 11:03:34 EXEC SPC_056_LIBRARY_MASTER_INQ1 'bank_div';
2017-12-01 11:04:16 EXEC SPC_056_LIBRARY_MASTER_INQ1 'bank_div';
2017-12-01 11:04:33 EXEC SPC_056_LIBRARY_MASTER_ACT1 'bank_div','[{"lib_val_cd":"008","lib_val_nm_j":"\u305d\u306e\u4ed6","lib_val_nm_e":"\u305d\u306e\u4ed6","lib_val_ab_j":"","lib_val_ab_e":"","lib_val_ctl1":"","lib_val_ctl2":"","lib_val_ctl3":"","lib_val_ctl4":"","lib_val_ctl5":"","lib_val_ctl6":"","lib_val_ctl7":"","lib_val_ctl8":"","lib_val_ctl9":"","lib_val_ctl10":"","ini_target_div":"0","disp_order":"1"}]','','056_library-master','';
2017-12-01 11:04:42 EXEC SPC_056_LIBRARY_MASTER_INQ1 'bank_div';
2017-12-01 11:04:53 EXEC SPC_056_LIBRARY_MASTER_INQ1 'bank_div';
2017-12-01 11:07:30 EXEC SPC_056_LIBRARY_MASTER_INQ1 'bank_div';
2017-12-01 11:07:49 EXEC SPC_056_LIBRARY_MASTER_INQ1 'bank_div';
2017-12-01 11:08:51 EXEC SPC_056_LIBRARY_MASTER_INQ1 'bank_div';
2017-12-01 11:09:35 EXEC SPC_056_LIBRARY_MASTER_INQ1 'bank_div';
2017-12-01 11:10:40 EXEC SPC_COM_GET_COMBOBOX 'possible_div';
2017-12-01 11:10:45 EXEC SPC_057_LIBRARY_MASTER_SEARCH_FND1 '','','','','','1','10';
2017-12-01 11:41:17 EXEC SPC_COM_GET_COMBOBOX 'possible_div';
2017-12-01 11:41:22 EXEC SPC_057_LIBRARY_MASTER_SEARCH_FND1 '','','','','','1','10';
2017-12-01 11:41:26 EXEC SPC_056_LIBRARY_MASTER_INQ1 'auth_role_div';
2017-12-01 11:42:00 EXEC SPC_056_LIBRARY_MASTER_INQ1 'auth_role_div';
2017-12-01 11:42:40 EXEC SPC_056_LIBRARY_MASTER_INQ1 'auth_role_div';
2017-12-01 11:46:35 EXEC SPC_056_LIBRARY_MASTER_INQ1 'auth_role_div';
2017-12-01 11:47:08 EXEC SPC_056_LIBRARY_MASTER_INQ1 'auth_role_div';
2017-12-01 11:47:50 EXEC SPC_056_LIBRARY_MASTER_ACT1 'auth_role_div','[{"lib_val_cd":"000","lib_val_nm_j":"\u4e00\u822c","lib_val_nm_e":"\u4e00\u822c","lib_val_ab_j":"\u4e00\u822c","lib_val_ab_e":"\u4e00\u822c","lib_val_ctl1":"","lib_val_ctl2":"","lib_val_ctl3":"","lib_val_ctl4":"","lib_val_ctl5":"","lib_val_ctl6":"","lib_val_ctl7":"","lib_val_ctl8":"","lib_val_ctl9":"","lib_val_ctl10":"","ini_target_div":"0","disp_order":"1"},{"lib_val_cd":"100","lib_val_nm_j":"\u7ba1\u7406\u8005","lib_val_nm_e":"\u7ba1\u7406\u8005","lib_val_ab_j":"\u7ba1\u7406\u8005","lib_val_ab_e":"\u7ba1\u7406\u8005","lib_val_ctl1":"","lib_val_ctl2":"","lib_val_ctl3":"","lib_val_ctl4":"","lib_val_ctl5":"","lib_val_ctl6":"","lib_val_ctl7":"","lib_val_ctl8":"","lib_val_ctl9":"","lib_val_ctl10":"","ini_target_div":"0","disp_order":"2"},{"lib_val_cd":"999","lib_val_nm_j":"\u30b7\u30b9\u30c6\u30e0\u7ba1\u7406\u8005","lib_val_nm_e":"\u30b7\u30b9\u30c6\u30e0\u7ba1\u7406\u8005","lib_val_ab_j":"\u30b7\u30b9\u30c6\u30e0\u7ba1\u7406\u8005","lib_val_ab_e":"\u30b7\u30b9\u30c6\u30e0\u7ba1\u7406\u8005","lib_val_ctl1":"","lib_val_ctl2":"","lib_val_ctl3":"","lib_val_ctl4":"","lib_val_ctl5":"","lib_val_ctl6":"","lib_val_ctl7":"","lib_val_ctl8":"","lib_val_ctl9":"","lib_val_ctl10":"","ini_target_div":"0","disp_order":"3"},{"lib_val_cd":"111","lib_val_nm_j":"\u30b7\u30b9\u30c6\u30e0\u7ba1\u7406\u8005","lib_val_nm_e":"\u30b7\u30b9\u30c6\u30e0\u7ba1\u7406\u8005","lib_val_ab_j":"\u30b7\u30b9\u30c6\u30e0\u7ba1\u7406\u8005","lib_val_ab_e":"\u30b7\u30b9\u30c6\u30e0\u7ba1\u7406\u8005","lib_val_ctl1":"","lib_val_ctl2":"","lib_val_ctl3":"","lib_val_ctl4":"","lib_val_ctl5":"","lib_val_ctl6":"","lib_val_ctl7":"","lib_val_ctl8":"","lib_val_ctl9":"","lib_val_ctl10":"","ini_target_div":"0","disp_order":"4"}]','','056_library-master','';
2017-12-01 11:47:52 EXEC SPC_056_LIBRARY_MASTER_INQ1 'auth_role_div';
2017-12-01 11:47:54 EXEC SPC_056_LIBRARY_MASTER_INQ1 'auth_role_div';
2017-12-01 11:49:20 EXEC SPC_056_LIBRARY_MASTER_INQ1 'auth_role_div';
2017-12-01 11:49:35 EXEC SPC_056_LIBRARY_MASTER_INQ1 'auth_role_div';
2017-12-01 11:50:41 EXEC SPC_056_LIBRARY_MASTER_INQ1 'auth_role_div';
2017-12-01 11:55:23 EXEC SPC_COM_GET_COMBOBOX 'shipment_div';
2017-12-01 11:55:23 EXEC SPC_COM_GET_COMBOBOX 'unit_q_div';
2017-12-01 11:55:24 EXEC SPC_COM_GET_COMBOBOX 'unit_w_div';
2017-12-01 11:55:25 EXEC SPC_COM_GET_COMBOBOX 'port_city_div';
2017-12-01 11:55:25 EXEC SPC_COM_GET_COMBOBOX 'port_country_div';
2017-12-01 11:55:25 EXEC SPC_COM_GET_COMBOBOX 'payment_conditions_div';
2017-12-01 11:55:25 EXEC SPC_COM_GET_COMBOBOX 'trade_terms_div';
2017-12-01 11:55:25 EXEC SPC_COM_GET_COMBOBOX 'currency_div';
2017-12-01 11:55:25 EXEC SPC_COM_GET_COMBOBOX 'unit_m_div';
2017-12-01 11:55:25 EXEC SPC_COM_GET_COMBOBOX 'bank_div';
2017-12-01 11:55:25 EXEC SPC_COM_GET_COMBOBOX 'sales_detail_div';
2017-12-01 15:57:42 EXEC SPC_COM_GET_COMBOBOX 'port_city_div';
2017-12-01 15:57:42 EXEC SPC_COM_GET_COMBOBOX 'unit_q_div';
2017-12-01 15:57:43 EXEC SPC_COM_GET_COMBOBOX 'trade_terms_div';
2017-12-01 15:57:43 EXEC SPC_COM_GET_COMBOBOX 'currency_div';
2017-12-01 15:57:43 EXEC SPC_COM_GET_COMBOBOX 'port_country_div';
2017-12-01 15:57:43 EXEC SPC_COM_GET_COMBOBOX 'payment_conditions_div';
2017-12-01 15:57:43 EXEC SPC_COM_GET_COMBOBOX 'unit_w_div';
2017-12-01 15:57:43 EXEC SPC_COM_GET_COMBOBOX 'shipment_div';
2017-12-01 15:57:43 EXEC SPC_COM_GET_COMBOBOX 'unit_m_div';
2017-12-01 15:57:43 EXEC SPC_COM_GET_COMBOBOX 'sales_detail_div';
2017-12-01 15:57:43 EXEC SPC_COM_GET_COMBOBOX 'bank_div';
2017-12-01 16:17:39 EXEC SPC_COM_GET_COMBOBOX 'port_city_div';
2017-12-01 16:17:39 EXEC SPC_COM_GET_COMBOBOX 'currency_div';
2017-12-01 16:17:39 EXEC SPC_COM_GET_COMBOBOX 'shipment_div';
2017-12-01 16:17:39 EXEC SPC_COM_GET_COMBOBOX 'trade_terms_div';
2017-12-01 16:17:39 EXEC SPC_COM_GET_COMBOBOX 'port_country_div';
2017-12-01 16:17:39 EXEC SPC_COM_GET_COMBOBOX 'payment_conditions_div';
2017-12-01 16:17:39 EXEC SPC_COM_GET_COMBOBOX 'unit_q_div';
2017-12-01 16:17:40 EXEC SPC_COM_GET_COMBOBOX 'unit_w_div';
2017-12-01 16:17:40 EXEC SPC_COM_GET_COMBOBOX 'unit_m_div';
2017-12-01 16:17:40 EXEC SPC_COM_GET_COMBOBOX 'bank_div';
2017-12-01 16:17:40 EXEC SPC_COM_GET_COMBOBOX 'sales_detail_div';
2017-12-01 16:21:30 EXEC SPC_COM_GET_COMBOBOX 'shipment_div';
2017-12-01 16:21:30 EXEC SPC_COM_GET_COMBOBOX 'currency_div';
2017-12-01 16:21:30 EXEC SPC_COM_GET_COMBOBOX 'port_country_div';
2017-12-01 16:21:30 EXEC SPC_COM_GET_COMBOBOX 'payment_conditions_div';
2017-12-01 16:21:30 EXEC SPC_COM_GET_COMBOBOX 'trade_terms_div';
2017-12-01 16:21:30 EXEC SPC_COM_GET_COMBOBOX 'port_city_div';
2017-12-01 16:21:30 EXEC SPC_COM_GET_COMBOBOX 'unit_w_div';
2017-12-01 16:21:30 EXEC SPC_COM_GET_COMBOBOX 'sales_detail_div';
2017-12-01 16:21:30 EXEC SPC_COM_GET_COMBOBOX 'unit_m_div';
2017-12-01 16:21:30 EXEC SPC_COM_GET_COMBOBOX 'unit_q_div';
2017-12-01 16:21:30 EXEC SPC_COM_GET_COMBOBOX 'bank_div';
2017-12-01 16:28:59 EXEC SPC_COM_GET_COMBOBOX 'port_country_div';
2017-12-01 16:28:59 EXEC SPC_COM_GET_COMBOBOX 'trade_terms_div';
2017-12-01 16:28:59 EXEC SPC_COM_GET_COMBOBOX 'shipment_div';
2017-12-01 16:28:59 EXEC SPC_COM_GET_COMBOBOX 'currency_div';
2017-12-01 16:28:59 EXEC SPC_COM_GET_COMBOBOX 'port_city_div';
2017-12-01 16:28:59 EXEC SPC_COM_GET_COMBOBOX 'payment_conditions_div';
2017-12-01 16:28:59 EXEC SPC_COM_GET_COMBOBOX 'unit_q_div';
2017-12-01 16:29:00 EXEC SPC_COM_GET_COMBOBOX 'bank_div';
2017-12-01 16:29:00 EXEC SPC_COM_GET_COMBOBOX 'sales_detail_div';
2017-12-01 16:29:00 EXEC SPC_COM_GET_COMBOBOX 'unit_w_div';
2017-12-01 16:29:00 EXEC SPC_COM_GET_COMBOBOX 'unit_m_div';
2017-12-01 16:29:04 EXEC SPC_COM_GET_COMBOBOX 'currency_div';
2017-12-01 16:29:04 EXEC SPC_COM_GET_COMBOBOX 'payment_conditions_div';
2017-12-01 16:29:04 EXEC SPC_COM_GET_COMBOBOX 'shipment_div';
2017-12-01 16:29:04 EXEC SPC_COM_GET_COMBOBOX 'port_city_div';
2017-12-01 16:29:04 EXEC SPC_COM_GET_COMBOBOX 'port_country_div';
2017-12-01 16:29:04 EXEC SPC_COM_GET_COMBOBOX 'trade_terms_div';
2017-12-01 16:29:05 EXEC SPC_COM_GET_COMBOBOX 'unit_q_div';
2017-12-01 16:29:05 EXEC SPC_COM_GET_COMBOBOX 'sales_detail_div';
2017-12-01 16:29:05 EXEC SPC_COM_GET_COMBOBOX 'unit_w_div';
2017-12-01 16:29:05 EXEC SPC_COM_GET_COMBOBOX 'unit_m_div';
2017-12-01 16:29:05 EXEC SPC_COM_GET_COMBOBOX 'bank_div';
2017-12-01 16:35:02 EXEC SPC_COM_GET_COMBOBOX 'port_country_div';
2017-12-01 16:35:03 EXEC SPC_COM_GET_COMBOBOX 'payment_conditions_div';
2017-12-01 16:35:03 EXEC SPC_COM_GET_COMBOBOX 'port_city_div';
2017-12-01 16:35:03 EXEC SPC_COM_GET_COMBOBOX 'trade_terms_div';
2017-12-01 16:35:03 EXEC SPC_COM_GET_COMBOBOX 'currency_div';
2017-12-01 16:35:03 EXEC SPC_COM_GET_COMBOBOX 'shipment_div';
2017-12-01 16:35:03 EXEC SPC_COM_GET_COMBOBOX 'unit_q_div';
2017-12-01 16:35:03 EXEC SPC_COM_GET_COMBOBOX 'bank_div';
2017-12-01 16:35:03 EXEC SPC_COM_GET_COMBOBOX 'unit_m_div';
2017-12-01 16:35:03 EXEC SPC_COM_GET_COMBOBOX 'unit_w_div';
2017-12-01 16:35:03 EXEC SPC_COM_GET_COMBOBOX 'sales_detail_div';
2017-12-01 16:37:45 EXEC SPC_COM_GET_COMBOBOX 'shipment_div';
2017-12-01 16:37:45 EXEC SPC_COM_GET_COMBOBOX 'port_country_div';
2017-12-01 16:37:45 EXEC SPC_COM_GET_COMBOBOX 'payment_conditions_div';
2017-12-01 16:37:45 EXEC SPC_COM_GET_COMBOBOX 'port_city_div';
2017-12-01 16:37:45 EXEC SPC_COM_GET_COMBOBOX 'currency_div';
2017-12-01 16:37:45 EXEC SPC_COM_GET_COMBOBOX 'trade_terms_div';
2017-12-01 16:37:46 EXEC SPC_COM_GET_COMBOBOX 'unit_m_div';
2017-12-01 16:37:46 EXEC SPC_COM_GET_COMBOBOX 'unit_w_div';
2017-12-01 16:37:46 EXEC SPC_COM_GET_COMBOBOX 'unit_q_div';
2017-12-01 16:37:46 EXEC SPC_COM_GET_COMBOBOX 'sales_detail_div';
2017-12-01 16:37:46 EXEC SPC_COM_GET_COMBOBOX 'bank_div';
2017-12-01 16:38:46 EXEC SPC_COM_GET_COMBOBOX 'port_city_div';
2017-12-01 16:38:46 EXEC SPC_COM_GET_COMBOBOX 'port_country_div';
2017-12-01 16:38:46 EXEC SPC_COM_GET_COMBOBOX 'trade_terms_div';
2017-12-01 16:38:46 EXEC SPC_COM_GET_COMBOBOX 'currency_div';
2017-12-01 16:38:46 EXEC SPC_COM_GET_COMBOBOX 'shipment_div';
2017-12-01 16:38:46 EXEC SPC_COM_GET_COMBOBOX 'payment_conditions_div';
2017-12-01 16:38:47 EXEC SPC_COM_GET_COMBOBOX 'unit_w_div';
2017-12-01 16:38:47 EXEC SPC_COM_GET_COMBOBOX 'unit_q_div';
2017-12-01 16:38:47 EXEC SPC_COM_GET_COMBOBOX 'bank_div';
2017-12-01 16:38:47 EXEC SPC_COM_GET_COMBOBOX 'sales_detail_div';
2017-12-01 16:38:47 EXEC SPC_COM_GET_COMBOBOX 'unit_m_div';
2017-12-01 16:41:30 EXEC SPC_COM_GET_COMBOBOX 'port_country_div';
2017-12-01 16:41:30 EXEC SPC_COM_GET_COMBOBOX 'trade_terms_div';
2017-12-01 16:41:30 EXEC SPC_COM_GET_COMBOBOX 'payment_conditions_div';
2017-12-01 16:41:30 EXEC SPC_COM_GET_COMBOBOX 'currency_div';
2017-12-01 16:41:30 EXEC SPC_COM_GET_COMBOBOX 'port_city_div';
2017-12-01 16:41:31 EXEC SPC_COM_GET_COMBOBOX 'unit_m_div';
2017-12-01 16:41:31 EXEC SPC_COM_GET_COMBOBOX 'unit_w_div';
2017-12-01 16:41:31 EXEC SPC_COM_GET_COMBOBOX 'unit_q_div';
2017-12-01 16:41:31 EXEC SPC_COM_GET_COMBOBOX 'sales_detail_div';
2017-12-01 16:41:31 EXEC SPC_COM_GET_COMBOBOX 'bank_div';
2017-12-01 16:45:36 EXEC SPC_COM_GET_COMBOBOX 'port_city_div';
2017-12-01 16:45:36 EXEC SPC_COM_GET_COMBOBOX 'trade_terms_div';
2017-12-01 16:45:36 EXEC SPC_COM_GET_COMBOBOX 'port_country_div';
2017-12-01 16:45:36 EXEC SPC_COM_GET_COMBOBOX 'payment_conditions_div';
2017-12-01 16:45:36 EXEC SPC_COM_GET_COMBOBOX 'shipment_div';
2017-12-01 16:45:36 EXEC SPC_COM_GET_COMBOBOX 'currency_div';
2017-12-01 16:45:36 EXEC SPC_COM_GET_COMBOBOX 'unit_m_div';
2017-12-01 16:45:36 EXEC SPC_COM_GET_COMBOBOX 'unit_q_div';
2017-12-01 16:45:36 EXEC SPC_COM_GET_COMBOBOX 'unit_w_div';
2017-12-01 16:45:36 EXEC SPC_COM_GET_COMBOBOX 'bank_div';
2017-12-01 16:45:37 EXEC SPC_COM_GET_COMBOBOX 'sales_detail_div';
2017-12-01 16:45:51 EXEC SPC_COM_GET_COMBOBOX 'port_country_div';
2017-12-01 16:45:51 EXEC SPC_COM_GET_COMBOBOX 'payment_conditions_div';
2017-12-01 16:45:51 EXEC SPC_COM_GET_COMBOBOX 'trade_terms_div';
2017-12-01 16:45:51 EXEC SPC_COM_GET_COMBOBOX 'shipment_div';
2017-12-01 16:45:51 EXEC SPC_COM_GET_COMBOBOX 'currency_div';
2017-12-01 16:45:51 EXEC SPC_COM_GET_COMBOBOX 'port_city_div';
2017-12-01 16:45:51 EXEC SPC_COM_GET_COMBOBOX 'unit_q_div';
2017-12-01 16:45:51 EXEC SPC_COM_GET_COMBOBOX 'unit_w_div';
2017-12-01 16:45:51 EXEC SPC_COM_GET_COMBOBOX 'unit_m_div';
2017-12-01 16:45:51 EXEC SPC_COM_GET_COMBOBOX 'sales_detail_div';
2017-12-01 16:45:51 EXEC SPC_COM_GET_COMBOBOX 'bank_div';
2017-12-01 16:51:09 EXEC SPC_COM_GET_COMBOBOX 'payment_conditions_div';
2017-12-01 16:51:09 EXEC SPC_COM_GET_COMBOBOX 'shipment_div';
2017-12-01 16:51:09 EXEC SPC_COM_GET_COMBOBOX 'port_city_div';
2017-12-01 16:51:09 EXEC SPC_COM_GET_COMBOBOX 'currency_div';
2017-12-01 16:51:09 EXEC SPC_COM_GET_COMBOBOX 'trade_terms_div';
2017-12-01 16:51:09 EXEC SPC_COM_GET_COMBOBOX 'sales_detail_div';
2017-12-01 16:51:09 EXEC SPC_COM_GET_COMBOBOX 'unit_q_div';
2017-12-01 16:51:09 EXEC SPC_COM_GET_COMBOBOX 'unit_w_div';
2017-12-01 16:51:09 EXEC SPC_COM_GET_COMBOBOX 'unit_m_div';
2017-12-01 16:51:09 EXEC SPC_COM_GET_COMBOBOX 'bank_div';
2017-12-01 17:00:09 EXEC SPC_COM_GET_COMBOBOX 'port_country_div';
2017-12-01 17:00:09 EXEC SPC_COM_GET_COMBOBOX 'unit_q_div';
2017-12-01 17:00:10 EXEC SPC_COM_GET_COMBOBOX 'unit_w_div';
2017-12-01 17:00:10 EXEC SPC_COM_GET_COMBOBOX 'payment_conditions_div';
2017-12-01 17:00:10 EXEC SPC_COM_GET_COMBOBOX 'port_city_div';
2017-12-01 17:00:10 EXEC SPC_COM_GET_COMBOBOX 'shipment_div';
2017-12-01 17:00:10 EXEC SPC_COM_GET_COMBOBOX 'currency_div';
2017-12-01 17:00:10 EXEC SPC_COM_GET_COMBOBOX 'trade_terms_div';
2017-12-01 17:00:11 EXEC SPC_COM_GET_COMBOBOX 'unit_m_div';
2017-12-01 17:00:11 EXEC SPC_COM_GET_COMBOBOX 'sales_detail_div';
2017-12-01 17:00:11 EXEC SPC_COM_GET_COMBOBOX 'bank_div';
2017-12-01 17:02:51 EXEC SPC_COM_GET_COMBOBOX 'port_city_div';
2017-12-01 17:02:51 EXEC SPC_COM_GET_COMBOBOX 'port_country_div';
2017-12-01 17:02:51 EXEC SPC_COM_GET_COMBOBOX 'shipment_div';
2017-12-01 17:02:51 EXEC SPC_COM_GET_COMBOBOX 'trade_terms_div';
2017-12-01 17:02:51 EXEC SPC_COM_GET_COMBOBOX 'payment_conditions_div';
2017-12-01 17:02:52 EXEC SPC_COM_GET_COMBOBOX 'currency_div';
2017-12-01 17:02:52 EXEC SPC_COM_GET_COMBOBOX 'unit_w_div';
2017-12-01 17:02:52 EXEC SPC_COM_GET_COMBOBOX 'sales_detail_div';
2017-12-01 17:02:52 EXEC SPC_COM_GET_COMBOBOX 'unit_q_div';
2017-12-01 17:02:52 EXEC SPC_COM_GET_COMBOBOX 'bank_div';
2017-12-01 17:05:42 EXEC SPC_COM_GET_COMBOBOX 'port_city_div';
2017-12-01 17:05:42 EXEC SPC_COM_GET_COMBOBOX 'currency_div';
2017-12-01 17:05:42 EXEC SPC_COM_GET_COMBOBOX 'port_country_div';
2017-12-01 17:05:42 EXEC SPC_COM_GET_COMBOBOX 'shipment_div';
2017-12-01 17:05:42 EXEC SPC_COM_GET_COMBOBOX 'trade_terms_div';
2017-12-01 17:05:42 EXEC SPC_COM_GET_COMBOBOX 'payment_conditions_div';
2017-12-01 17:05:43 EXEC SPC_COM_GET_COMBOBOX 'sales_detail_div';
2017-12-01 17:05:43 EXEC SPC_COM_GET_COMBOBOX 'unit_m_div';
2017-12-01 17:05:43 EXEC SPC_COM_GET_COMBOBOX 'unit_w_div';
2017-12-01 17:05:43 EXEC SPC_COM_GET_COMBOBOX 'unit_q_div';
2017-12-01 17:05:43 EXEC SPC_COM_GET_COMBOBOX 'bank_div';
2017-12-01 17:11:09 EXEC SPC_COM_GET_COMBOBOX 'port_country_div';
2017-12-01 17:11:09 EXEC SPC_COM_GET_COMBOBOX 'payment_conditions_div';
2017-12-01 17:11:09 EXEC SPC_COM_GET_COMBOBOX 'port_city_div';
2017-12-01 17:11:09 EXEC SPC_COM_GET_COMBOBOX 'trade_terms_div';
2017-12-01 17:11:09 EXEC SPC_COM_GET_COMBOBOX 'currency_div';
2017-12-01 17:11:09 EXEC SPC_COM_GET_COMBOBOX 'shipment_div';
2017-12-01 17:11:10 EXEC SPC_COM_GET_COMBOBOX 'unit_q_div';
2017-12-01 17:11:10 EXEC SPC_COM_GET_COMBOBOX 'sales_detail_div';
2017-12-01 17:11:10 EXEC SPC_COM_GET_COMBOBOX 'bank_div';
2017-12-01 17:11:10 EXEC SPC_COM_GET_COMBOBOX 'unit_m_div';
2017-12-01 17:11:10 EXEC SPC_COM_GET_COMBOBOX 'unit_w_div';
2017-12-01 17:17:39 EXEC SPC_COM_GET_COMBOBOX 'port_country_div';
2017-12-01 17:17:40 EXEC SPC_COM_GET_COMBOBOX 'unit_q_div';
2017-12-01 17:17:40 EXEC SPC_COM_GET_COMBOBOX 'payment_conditions_div';
2017-12-01 17:17:40 EXEC SPC_COM_GET_COMBOBOX 'shipment_div';
2017-12-01 17:17:40 EXEC SPC_COM_GET_COMBOBOX 'currency_div';
2017-12-01 17:17:40 EXEC SPC_COM_GET_COMBOBOX 'port_city_div';
2017-12-01 17:17:40 EXEC SPC_COM_GET_COMBOBOX 'trade_terms_div';
2017-12-01 17:17:40 EXEC SPC_COM_GET_COMBOBOX 'unit_w_div';
2017-12-01 17:17:41 EXEC SPC_COM_GET_COMBOBOX 'unit_m_div';
2017-12-01 17:17:41 EXEC SPC_COM_GET_COMBOBOX 'bank_div';
2017-12-01 17:17:41 EXEC SPC_COM_GET_COMBOBOX 'sales_detail_div';
2017-12-01 17:24:10 EXEC SPC_COM_GET_COMBOBOX 'port_city_div';
2017-12-01 17:24:10 EXEC SPC_COM_GET_COMBOBOX 'unit_q_div';
2017-12-01 17:24:11 EXEC SPC_COM_GET_COMBOBOX 'unit_w_div';
2017-12-01 17:24:11 EXEC SPC_COM_GET_COMBOBOX 'currency_div';
2017-12-01 17:24:11 EXEC SPC_COM_GET_COMBOBOX 'payment_conditions_div';
2017-12-01 17:24:12 EXEC SPC_COM_GET_COMBOBOX 'unit_m_div';
2017-12-01 17:24:12 EXEC SPC_COM_GET_COMBOBOX 'port_country_div';
2017-12-01 17:24:12 EXEC SPC_COM_GET_COMBOBOX 'trade_terms_div';
2017-12-01 17:24:12 EXEC SPC_COM_GET_COMBOBOX 'shipment_div';
2017-12-01 17:24:12 EXEC SPC_COM_GET_COMBOBOX 'sales_detail_div';
2017-12-01 17:24:12 EXEC SPC_COM_GET_COMBOBOX 'bank_div';
2017-12-01 17:28:42 EXEC SPC_COM_GET_COMBOBOX 'port_country_div';
2017-12-01 17:28:42 EXEC SPC_COM_GET_COMBOBOX 'port_city_div';
2017-12-01 17:28:42 EXEC SPC_COM_GET_COMBOBOX 'shipment_div';
2017-12-01 17:28:42 EXEC SPC_COM_GET_COMBOBOX 'trade_terms_div';
2017-12-01 17:28:42 EXEC SPC_COM_GET_COMBOBOX 'currency_div';
2017-12-01 17:28:43 EXEC SPC_COM_GET_COMBOBOX 'payment_conditions_div';
2017-12-01 17:28:43 EXEC SPC_COM_GET_COMBOBOX 'unit_q_div';
2017-12-01 17:28:43 EXEC SPC_COM_GET_COMBOBOX 'sales_detail_div';
2017-12-01 17:28:43 EXEC SPC_COM_GET_COMBOBOX 'bank_div';
2017-12-01 17:28:43 EXEC SPC_COM_GET_COMBOBOX 'unit_w_div';
2017-12-01 17:28:43 EXEC SPC_COM_GET_COMBOBOX 'unit_m_div';
2017-12-01 17:32:02 EXEC SPC_COM_GET_COMBOBOX 'port_country_div';
2017-12-01 17:32:02 EXEC SPC_COM_GET_COMBOBOX 'trade_terms_div';
2017-12-01 17:32:02 EXEC SPC_COM_GET_COMBOBOX 'shipment_div';
2017-12-01 17:32:02 EXEC SPC_COM_GET_COMBOBOX 'payment_conditions_div';
2017-12-01 17:32:02 EXEC SPC_COM_GET_COMBOBOX 'currency_div';
2017-12-01 17:32:02 EXEC SPC_COM_GET_COMBOBOX 'port_city_div';
2017-12-01 17:32:02 EXEC SPC_COM_GET_COMBOBOX 'unit_q_div';
2017-12-01 17:32:02 EXEC SPC_COM_GET_COMBOBOX 'unit_m_div';
2017-12-01 17:32:02 EXEC SPC_COM_GET_COMBOBOX 'unit_w_div';
2017-12-01 17:32:02 EXEC SPC_COM_GET_COMBOBOX 'sales_detail_div';
2017-12-01 17:32:02 EXEC SPC_COM_GET_COMBOBOX 'bank_div';
2017-12-01 17:34:04 EXEC SPC_COM_GET_COMBOBOX 'port_country_div';
2017-12-01 17:34:04 EXEC SPC_COM_GET_COMBOBOX 'port_city_div';
2017-12-01 17:34:04 EXEC SPC_COM_GET_COMBOBOX 'payment_conditions_div';
2017-12-01 17:34:04 EXEC SPC_COM_GET_COMBOBOX 'trade_terms_div';
2017-12-01 17:34:04 EXEC SPC_COM_GET_COMBOBOX 'shipment_div';
2017-12-01 17:34:04 EXEC SPC_COM_GET_COMBOBOX 'currency_div';
2017-12-01 17:34:04 EXEC SPC_COM_GET_COMBOBOX 'sales_detail_div';
2017-12-01 17:34:04 EXEC SPC_COM_GET_COMBOBOX 'unit_m_div';
2017-12-01 17:34:04 EXEC SPC_COM_GET_COMBOBOX 'unit_w_div';
2017-12-01 17:34:04 EXEC SPC_COM_GET_COMBOBOX 'unit_q_div';
2017-12-01 17:34:04 EXEC SPC_COM_GET_COMBOBOX 'bank_div';
2017-12-01 17:34:58 EXEC SPC_COM_GET_COMBOBOX 'port_city_div';
2017-12-01 17:34:58 EXEC SPC_COM_GET_COMBOBOX 'port_country_div';
2017-12-01 17:34:58 EXEC SPC_COM_GET_COMBOBOX 'shipment_div';
2017-12-01 17:34:58 EXEC SPC_COM_GET_COMBOBOX 'trade_terms_div';
2017-12-01 17:34:58 EXEC SPC_COM_GET_COMBOBOX 'currency_div';
2017-12-01 17:34:58 EXEC SPC_COM_GET_COMBOBOX 'payment_conditions_div';
2017-12-01 17:34:58 EXEC SPC_COM_GET_COMBOBOX 'unit_w_div';
2017-12-01 17:34:58 EXEC SPC_COM_GET_COMBOBOX 'unit_m_div';
2017-12-01 17:34:58 EXEC SPC_COM_GET_COMBOBOX 'sales_detail_div';
2017-12-01 17:34:58 EXEC SPC_COM_GET_COMBOBOX 'unit_q_div';
2017-12-01 17:34:59 EXEC SPC_COM_GET_COMBOBOX 'bank_div';
2017-12-01 17:36:11 EXEC SPC_COM_GET_COMBOBOX 'port_city_div';
2017-12-01 17:36:11 EXEC SPC_COM_GET_COMBOBOX 'currency_div';
2017-12-01 17:36:11 EXEC SPC_COM_GET_COMBOBOX 'trade_terms_div';

2017-12-01 17:36:11 EXEC SPC_COM_GET_COMBOBOX 'shipment_div';
2017-12-01 17:36:11 EXEC SPC_COM_GET_COMBOBOX 'payment_conditions_div';
2017-12-01 17:36:12 EXEC SPC_COM_GET_COMBOBOX 'unit_w_div';
2017-12-01 17:36:12 EXEC SPC_COM_GET_COMBOBOX 'bank_div';
2017-12-01 17:36:12 EXEC SPC_COM_GET_COMBOBOX 'unit_q_div';
2017-12-01 17:36:12 EXEC SPC_COM_GET_COMBOBOX 'sales_detail_div';
2017-12-01 17:36:12 EXEC SPC_COM_GET_COMBOBOX 'unit_m_div';
2017-12-01 17:40:15 EXEC SPC_COM_GET_COMBOBOX 'port_city_div';
2017-12-01 17:40:15 EXEC SPC_COM_GET_COMBOBOX 'payment_conditions_div';
2017-12-01 17:40:15 EXEC SPC_COM_GET_COMBOBOX 'trade_terms_div';
2017-12-01 17:40:15 EXEC SPC_COM_GET_COMBOBOX 'currency_div';
2017-12-01 17:40:15 EXEC SPC_COM_GET_COMBOBOX 'shipment_div';
2017-12-01 17:40:15 EXEC SPC_COM_GET_COMBOBOX 'port_country_div';
2017-12-01 17:40:16 EXEC SPC_COM_GET_COMBOBOX 'unit_w_div';
2017-12-01 17:40:16 EXEC SPC_COM_GET_COMBOBOX 'unit_m_div';
2017-12-01 17:40:16 EXEC SPC_COM_GET_COMBOBOX 'unit_q_div';
2017-12-01 17:40:16 EXEC SPC_COM_GET_COMBOBOX 'sales_detail_div';
2017-12-01 17:40:16 EXEC SPC_COM_GET_COMBOBOX 'bank_div';
2017-12-01 17:48:57 EXEC SPC_COM_GET_COMBOBOX 'shipment_div';
2017-12-01 17:48:58 EXEC SPC_COM_GET_COMBOBOX 'unit_q_div';
2017-12-01 17:48:59 EXEC SPC_COM_GET_COMBOBOX 'unit_w_div';
2017-12-01 17:48:59 EXEC SPC_COM_GET_COMBOBOX 'payment_conditions_div';
2017-12-01 17:48:59 EXEC SPC_COM_GET_COMBOBOX 'currency_div';
2017-12-01 17:48:59 EXEC SPC_COM_GET_COMBOBOX 'port_city_div';
2017-12-01 17:48:59 EXEC SPC_COM_GET_COMBOBOX 'port_country_div';
2017-12-01 17:48:59 EXEC SPC_COM_GET_COMBOBOX 'trade_terms_div';
2017-12-01 17:48:59 EXEC SPC_COM_GET_COMBOBOX 'unit_m_div';
2017-12-01 17:49:00 EXEC SPC_COM_GET_COMBOBOX 'bank_div';
2017-12-01 17:49:00 EXEC SPC_COM_GET_COMBOBOX 'sales_detail_div';
2017-12-01 18:00:32 EXEC SPC_COM_GET_COMBOBOX 'port_country_div';
2017-12-01 18:00:33 EXEC SPC_COM_GET_COMBOBOX 'unit_q_div';
2017-12-01 18:00:33 EXEC SPC_COM_GET_COMBOBOX 'trade_terms_div';
2017-12-01 18:00:33 EXEC SPC_COM_GET_COMBOBOX 'shipment_div';
2017-12-01 18:00:33 EXEC SPC_COM_GET_COMBOBOX 'unit_w_div';
2017-12-01 18:00:33 EXEC SPC_COM_GET_COMBOBOX 'port_city_div';
2017-12-01 18:00:33 EXEC SPC_COM_GET_COMBOBOX 'payment_conditions_div';
2017-12-01 18:00:33 EXEC SPC_COM_GET_COMBOBOX 'currency_div';
2017-12-01 18:00:34 EXEC SPC_COM_GET_COMBOBOX 'unit_m_div';
2017-12-01 18:00:34 EXEC SPC_COM_GET_COMBOBOX 'bank_div';
2017-12-01 18:00:34 EXEC SPC_COM_GET_COMBOBOX 'sales_detail_div';
2017-12-01 19:28:43 EXEC SPC_COM_GET_COMBOBOX 'possible_div';
2017-12-01 19:28:46 EXEC SPC_057_LIBRARY_MASTER_SEARCH_FND1 '','','','','','1','10';
2017-12-01 19:28:49 EXEC SPC_056_LIBRARY_MASTER_INQ1 'belong_div';
2017-12-01 19:28:52 EXEC SPC_056_LIBRARY_MASTER_ACT1 'belong_div','[{"lib_val_cd":"001","lib_val_nm_j":"\u793e\u9577\u5ba4","lib_val_nm_e":"\u793e\u9577\u5ba4","lib_val_ab_j":"\u793e\u9577\u5ba4","lib_val_ab_e":"\u793e\u9577\u5ba4","lib_val_ctl1":"","lib_val_ctl2":"","lib_val_ctl3":"","lib_val_ctl4":"","lib_val_ctl5":"","lib_val_ctl6":"","lib_val_ctl7":"","lib_val_ctl8":"","lib_val_ctl9":"","lib_val_ctl10":"","ini_target_div":"0","disp_order":"1"},{"lib_val_cd":"100","lib_val_nm_j":"\u88fd\u9020\u7ba1\u7406\u90e8","lib_val_nm_e":"\u88fd\u9020\u7ba1\u7406\u90e8","lib_val_ab_j":"\u88fd\u9020\u7ba1\u7406\u90e8","lib_val_ab_e":"\u88fd\u9020\u7ba1\u7406\u90e8","lib_val_ctl1":"","lib_val_ctl2":"","lib_val_ctl3":"","lib_val_ctl4":"","lib_val_ctl5":"","lib_val_ctl6":"","lib_val_ctl7":"","lib_val_ctl8":"","lib_val_ctl9":"","lib_val_ctl10":"","ini_target_div":"0","disp_order":"2"},{"lib_val_cd":"110","lib_val_nm_j":"\u691c\u67fb\u8ab2","lib_val_nm_e":"\u691c\u67fb\u8ab2","lib_val_ab_j":"\u691c\u67fb\u8ab2","lib_val_ab_e":"\u691c\u67fb\u8ab2","lib_val_ctl1":"","lib_val_ctl2":"","lib_val_ctl3":"","lib_val_ctl4":"","lib_val_ctl5":"","lib_val_ctl6":"","lib_val_ctl7":"","lib_val_ctl8":"","lib_val_ctl9":"","lib_val_ctl10":"","ini_target_div":"0","disp_order":"3"},{"lib_val_cd":"111","lib_val_nm_j":"zzzzzzz","lib_val_nm_e":"yyyyyyy","lib_val_ab_j":"fffff","lib_val_ab_e":"sssss","lib_val_ctl1":"","lib_val_ctl2":"","lib_val_ctl3":"","lib_val_ctl4":"","lib_val_ctl5":"","lib_val_ctl6":"","lib_val_ctl7":"","lib_val_ctl8":"","lib_val_ctl9":"","lib_val_ctl10":"","ini_target_div":"1","disp_order":"4"},{"lib_val_cd":"120","lib_val_nm_j":"\u8a66\u85ac\u7ba1\u7406\u8ab2","lib_val_nm_e":"\u8a66\u85ac\u7ba1\u7406\u8ab2","lib_val_ab_j":"\u8a66\u85ac\u7ba1\u7406\u8ab2","lib_val_ab_e":"\u8a66\u85ac\u7ba1\u7406\u8ab2","lib_val_ctl1":"","lib_val_ctl2":"","lib_val_ctl3":"","lib_val_ctl4":"","lib_val_ctl5":"","lib_val_ctl6":"","lib_val_ctl7":"","lib_val_ctl8":"","lib_val_ctl9":"","lib_val_ctl10":"","ini_target_div":"0","disp_order":"5"},{"lib_val_cd":"130","lib_val_nm_j":"\u88fd\u9020\u8ab2","lib_val_nm_e":"\u88fd\u9020\u8ab2","lib_val_ab_j":"\u88fd\u9020\u8ab2","lib_val_ab_e":"\u88fd\u9020\u8ab2","lib_val_ctl1":"","lib_val_ctl2":"","lib_val_ctl3":"","lib_val_ctl4":"","lib_val_ctl5":"","lib_val_ctl6":"","lib_val_ctl7":"","lib_val_ctl8":"","lib_val_ctl9":"","lib_val_ctl10":"","ini_target_div":"0","disp_order":"6"},{"lib_val_cd":"140","lib_val_nm_j":"\u8cc7\u6750\u8ab2","lib_val_nm_e":"\u8cc7\u6750\u8ab2","lib_val_ab_j":"\u8cc7\u6750\u8ab2","lib_val_ab_e":"\u8cc7\u6750\u8ab2","lib_val_ctl1":"","lib_val_ctl2":"","lib_val_ctl3":"","lib_val_ctl4":"","lib_val_ctl5":"","lib_val_ctl6":"","lib_val_ctl7":"","lib_val_ctl8":"","lib_val_ctl9":"","lib_val_ctl10":"","ini_target_div":"0","disp_order":"7"},{"lib_val_cd":"200","lib_val_nm_j":"\u6280\u8853\u90e8","lib_val_nm_e":"\u6280\u8853\u90e8","lib_val_ab_j":"\u6280\u8853\u90e8","lib_val_ab_e":"\u6280\u8853\u90e8","lib_val_ctl1":"","lib_val_ctl2":"","lib_val_ctl3":"","lib_val_ctl4":"","lib_val_ctl5":"","lib_val_ctl6":"","lib_val_ctl7":"","lib_val_ctl8":"","lib_val_ctl9":"","lib_val_ctl10":"","ini_target_div":"0","disp_order":"8"},{"lib_val_cd":"210","lib_val_nm_j":"\u8a2d\u8a08\u8ab2","lib_val_nm_e":"\u8a2d\u8a08\u8ab2","lib_val_ab_j":"\u8a2d\u8a08\u8ab2","lib_val_ab_e":"\u8a2d\u8a08\u8ab2","lib_val_ctl1":"","lib_val_ctl2":"","lib_val_ctl3":"","lib_val_ctl4":"","lib_val_ctl5":"","lib_val_ctl6":"","lib_val_ctl7":"","lib_val_ctl8":"","lib_val_ctl9":"","lib_val_ctl10":"","ini_target_div":"0","disp_order":"9"},{"lib_val_cd":"220","lib_val_nm_j":"\u8cfc\u8cb7\u8ab2","lib_val_nm_e":"\u8cfc\u8cb7\u8ab2","lib_val_ab_j":"\u8cfc\u8cb7\u8ab2","lib_val_ab_e":"\u8cfc\u8cb7\u8ab2","lib_val_ctl1":"","lib_val_ctl2":"","lib_val_ctl3":"","lib_val_ctl4":"","lib_val_ctl5":"","lib_val_ctl6":"","lib_val_ctl7":"","lib_val_ctl8":"","lib_val_ctl9":"","lib_val_ctl10":"","ini_target_div":"0","disp_order":"10"},{"lib_val_cd":"222","lib_val_nm_j":"aaaaa","lib_val_nm_e":"bbbbbbb","lib_val_ab_j":"ccccccccc","lib_val_ab_e":"ddd\u0111\u0111","lib_val_ctl1":"","lib_val_ctl2":"","lib_val_ctl3":"","lib_val_ctl4":"","lib_val_ctl5":"","lib_val_ctl6":"","lib_val_ctl7":"","lib_val_ctl8":"","lib_val_ctl9":"","lib_val_ctl10":"","ini_target_div":"1","disp_order":"11"},{"lib_val_cd":"230","lib_val_nm_j":"\u5b66\u8853\u8ab2","lib_val_nm_e":"\u5b66\u8853\u8ab2","lib_val_ab_j":"\u5b66\u8853\u8ab2","lib_val_ab_e":"\u5b66\u8853\u8ab2","lib_val_ctl1":"","lib_val_ctl2":"","lib_val_ctl3":"","lib_val_ctl4":"","lib_val_ctl5":"","lib_val_ctl6":"","lib_val_ctl7":"","lib_val_ctl8":"","lib_val_ctl9":"","lib_val_ctl10":"","ini_target_div":"0","disp_order":"12"},{"lib_val_cd":"300","lib_val_nm_j":"\u7dcf\u52d9\u90e8","lib_val_nm_e":"\u7dcf\u52d9\u90e8","lib_val_ab_j":"\u7dcf\u52d9\u90e8","lib_val_ab_e":"\u7dcf\u52d9\u90e8","lib_val_ctl1":"","lib_val_ctl2":"","lib_val_ctl3":"","lib_val_ctl4":"","lib_val_ctl5":"","lib_val_ctl6":"","lib_val_ctl7":"","lib_val_ctl8":"","lib_val_ctl9":"","lib_val_ctl10":"","ini_target_div":"0","disp_order":"13"},{"lib_val_cd":"310","lib_val_nm_j":"\u7dcf\u52d9\u8ab2","lib_val_nm_e":"\u7dcf\u52d9\u8ab2","lib_val_ab_j":"\u7dcf\u52d9\u8ab2","lib_val_ab_e":"\u7dcf\u52d9\u8ab2","lib_val_ctl1":"","lib_val_ctl2":"","lib_val_ctl3":"","lib_val_ctl4":"","lib_val_ctl5":"","lib_val_ctl6":"","lib_val_ctl7":"","lib_val_ctl8":"","lib_val_ctl9":"","lib_val_ctl10":"","ini_target_div":"0","disp_order":"14"},{"lib_val_cd":"320","lib_val_nm_j":"\u7d4c\u7406\u8ab2","lib_val_nm_e":"\u7d4c\u7406\u8ab2","lib_val_ab_j":"\u7d4c\u7406\u8ab2","lib_val_ab_e":"\u7d4c\u7406\u8ab2","lib_val_ctl1":"","lib_val_ctl2":"","lib_val_ctl3":"","lib_val_ctl4":"","lib_val_ctl5":"","lib_val_ctl6":"","lib_val_ctl7":"","lib_val_ctl8":"","lib_val_ctl9":"","lib_val_ctl10":"","ini_target_div":"0","disp_order":"15"},{"lib_val_cd":"333","lib_val_nm_j":"data sample text","lib_val_nm_e":"data sample text","lib_val_ab_j":"data sample text","lib_val_ab_e":"data sample text","lib_val_ctl1":"","lib_val_ctl2":"","lib_val_ctl3":"","lib_val_ctl4":"","lib_val_ctl5":"","lib_val_ctl6":"","lib_val_ctl7":"","lib_val_ctl8":"","lib_val_ctl9":"","lib_val_ctl10":"","ini_target_div":"1","disp_order":"16"},{"lib_val_cd":"400","lib_val_nm_j":"\u56fd\u5185\u55b6\u696d\u90e8","lib_val_nm_e":"\u56fd\u5185\u55b6\u696d\u90e8","lib_val_ab_j":"\u56fd\u5185\u55b6\u696d\u90e8","lib_val_ab_e":"\u56fd\u5185\u55b6\u696d\u90e8","lib_val_ctl1":"","lib_val_ctl2":"","lib_val_ctl3":"","lib_val_ctl4":"","lib_val_ctl5":"","lib_val_ctl6":"","lib_val_ctl7":"","lib_val_ctl8":"","lib_val_ctl9":"","lib_val_ctl10":"","ini_target_div":"0","disp_order":"17"},{"lib_val_cd":"410","lib_val_nm_j":"\u56fd\u5185\u55b6\u696d\u8ab2","lib_val_nm_e":"\u56fd\u5185\u55b6\u696d\u8ab2","lib_val_ab_j":"\u56fd\u5185\u55b6\u696d\u8ab2","lib_val_ab_e":"\u56fd\u5185\u55b6\u696d\u8ab2","lib_val_ctl1":"","lib_val_ctl2":"","lib_val_ctl3":"","lib_val_ctl4":"","lib_val_ctl5":"","lib_val_ctl6":"","lib_val_ctl7":"","lib_val_ctl8":"","lib_val_ctl9":"","lib_val_ctl10":"","ini_target_div":"0","disp_order":"18"},{"lib_val_cd":"500","lib_val_nm_j":"\u6d77\u5916\u4e8b\u696d\u90e8","lib_val_nm_e":"\u6d77\u5916\u4e8b\u696d\u90e8","lib_val_ab_j":"\u6d77\u5916\u4e8b\u696d\u90e8","lib_val_ab_e":"\u6d77\u5916\u4e8b\u696d\u90e8","lib_val_ctl1":"","lib_val_ctl2":"","lib_val_ctl3":"","lib_val_ctl4":"","lib_val_ctl5":"","lib_val_ctl6":"","lib_val_ctl7":"","lib_val_ctl8":"","lib_val_ctl9":"","lib_val_ctl10":"","ini_target_div":"0","disp_order":"19"},{"lib_val_cd":"510","lib_val_nm_j":"\u6d77\u5916\u55b6\u696d\u8ab2","lib_val_nm_e":"\u6d77\u5916\u55b6\u696d\u8ab2","lib_val_ab_j":"\u6d77\u5916\u55b6\u696d\u8ab2","lib_val_ab_e":"\u6d77\u5916\u55b6\u696d\u8ab2","lib_val_ctl1":"","lib_val_ctl2":"","lib_val_ctl3":"","lib_val_ctl4":"","lib_val_ctl5":"","lib_val_ctl6":"","lib_val_ctl7":"","lib_val_ctl8":"","lib_val_ctl9":"","lib_val_ctl10":"","ini_target_div":"0","disp_order":"20"},{"lib_val_cd":"520","lib_val_nm_j":"\u8f38\u5165\u5546\u54c1\u958b\u767a\u8ab2","lib_val_nm_e":"\u8f38\u5165\u5546\u54c1\u958b\u767a\u8ab2","lib_val_ab_j":"\u8f38\u5165\u5546\u54c1\u958b\u767a\u8ab2","lib_val_ab_e":"\u8f38\u5165\u5546\u54c1\u958b\u767a\u8ab2","lib_val_ctl1":"","lib_val_ctl2":"","lib_val_ctl3":"","lib_val_ctl4":"","lib_val_ctl5":"","lib_val_ctl6":"","lib_val_ctl7":"","lib_val_ctl8":"","lib_val_ctl9":"","lib_val_ctl10":"","ini_target_div":"0","disp_order":"21"}]','','056_library-master','';
2017-12-01 19:34:33 EXEC SPC_056_LIBRARY_MASTER_ACT1 'belong_div','[{"lib_val_cd":"001","lib_val_nm_j":"\u793e\u9577\u5ba4","lib_val_nm_e":"\u793e\u9577\u5ba4","lib_val_ab_j":"\u793e\u9577\u5ba4","lib_val_ab_e":"\u793e\u9577\u5ba4","lib_val_ctl1":"","lib_val_ctl2":"","lib_val_ctl3":"","lib_val_ctl4":"","lib_val_ctl5":"","lib_val_ctl6":"","lib_val_ctl7":"","lib_val_ctl8":"","lib_val_ctl9":"","lib_val_ctl10":"","ini_target_div":"0","disp_order":"1"},{"lib_val_cd":"100","lib_val_nm_j":"\u88fd\u9020\u7ba1\u7406\u90e8","lib_val_nm_e":"\u88fd\u9020\u7ba1\u7406\u90e8","lib_val_ab_j":"\u88fd\u9020\u7ba1\u7406\u90e8","lib_val_ab_e":"\u88fd\u9020\u7ba1\u7406\u90e8","lib_val_ctl1":"","lib_val_ctl2":"","lib_val_ctl3":"","lib_val_ctl4":"","lib_val_ctl5":"","lib_val_ctl6":"","lib_val_ctl7":"","lib_val_ctl8":"","lib_val_ctl9":"","lib_val_ctl10":"","ini_target_div":"0","disp_order":"2"},{"lib_val_cd":"110","lib_val_nm_j":"\u691c\u67fb\u8ab2","lib_val_nm_e":"\u691c\u67fb\u8ab2","lib_val_ab_j":"\u691c\u67fb\u8ab2","lib_val_ab_e":"\u691c\u67fb\u8ab2","lib_val_ctl1":"","lib_val_ctl2":"","lib_val_ctl3":"","lib_val_ctl4":"","lib_val_ctl5":"","lib_val_ctl6":"","lib_val_ctl7":"","lib_val_ctl8":"","lib_val_ctl9":"","lib_val_ctl10":"","ini_target_div":"0","disp_order":"3"},{"lib_val_cd":"111","lib_val_nm_j":"zzzzzzz","lib_val_nm_e":"yyyyyyy","lib_val_ab_j":"fffff","lib_val_ab_e":"sssss","lib_val_ctl1":"","lib_val_ctl2":"","lib_val_ctl3":"","lib_val_ctl4":"","lib_val_ctl5":"","lib_val_ctl6":"","lib_val_ctl7":"","lib_val_ctl8":"","lib_val_ctl9":"","lib_val_ctl10":"","ini_target_div":"1","disp_order":"4"},{"lib_val_cd":"120","lib_val_nm_j":"\u8a66\u85ac\u7ba1\u7406\u8ab2","lib_val_nm_e":"\u8a66\u85ac\u7ba1\u7406\u8ab2","lib_val_ab_j":"\u8a66\u85ac\u7ba1\u7406\u8ab2","lib_val_ab_e":"\u8a66\u85ac\u7ba1\u7406\u8ab2","lib_val_ctl1":"","lib_val_ctl2":"","lib_val_ctl3":"","lib_val_ctl4":"","lib_val_ctl5":"","lib_val_ctl6":"","lib_val_ctl7":"","lib_val_ctl8":"","lib_val_ctl9":"","lib_val_ctl10":"","ini_target_div":"0","disp_order":"5"},{"lib_val_cd":"130","lib_val_nm_j":"\u88fd\u9020\u8ab2","lib_val_nm_e":"\u88fd\u9020\u8ab2","lib_val_ab_j":"\u88fd\u9020\u8ab2","lib_val_ab_e":"\u88fd\u9020\u8ab2","lib_val_ctl1":"","lib_val_ctl2":"","lib_val_ctl3":"","lib_val_ctl4":"","lib_val_ctl5":"","lib_val_ctl6":"","lib_val_ctl7":"","lib_val_ctl8":"","lib_val_ctl9":"","lib_val_ctl10":"","ini_target_div":"0","disp_order":"6"},{"lib_val_cd":"140","lib_val_nm_j":"\u8cc7\u6750\u8ab2","lib_val_nm_e":"\u8cc7\u6750\u8ab2","lib_val_ab_j":"\u8cc7\u6750\u8ab2","lib_val_ab_e":"\u8cc7\u6750\u8ab2","lib_val_ctl1":"","lib_val_ctl2":"","lib_val_ctl3":"","lib_val_ctl4":"","lib_val_ctl5":"","lib_val_ctl6":"","lib_val_ctl7":"","lib_val_ctl8":"","lib_val_ctl9":"","lib_val_ctl10":"","ini_target_div":"0","disp_order":"7"},{"lib_val_cd":"200","lib_val_nm_j":"\u6280\u8853\u90e8","lib_val_nm_e":"\u6280\u8853\u90e8","lib_val_ab_j":"\u6280\u8853\u90e8","lib_val_ab_e":"\u6280\u8853\u90e8","lib_val_ctl1":"","lib_val_ctl2":"","lib_val_ctl3":"","lib_val_ctl4":"","lib_val_ctl5":"","lib_val_ctl6":"","lib_val_ctl7":"","lib_val_ctl8":"","lib_val_ctl9":"","lib_val_ctl10":"","ini_target_div":"0","disp_order":"8"},{"lib_val_cd":"210","lib_val_nm_j":"\u8a2d\u8a08\u8ab2","lib_val_nm_e":"\u8a2d\u8a08\u8ab2","lib_val_ab_j":"\u8a2d\u8a08\u8ab2","lib_val_ab_e":"\u8a2d\u8a08\u8ab2","lib_val_ctl1":"","lib_val_ctl2":"","lib_val_ctl3":"","lib_val_ctl4":"","lib_val_ctl5":"","lib_val_ctl6":"","lib_val_ctl7":"","lib_val_ctl8":"","lib_val_ctl9":"","lib_val_ctl10":"","ini_target_div":"0","disp_order":"9"},{"lib_val_cd":"220","lib_val_nm_j":"\u8cfc\u8cb7\u8ab2","lib_val_nm_e":"\u8cfc\u8cb7\u8ab2","lib_val_ab_j":"\u8cfc\u8cb7\u8ab2","lib_val_ab_e":"\u8cfc\u8cb7\u8ab2","lib_val_ctl1":"","lib_val_ctl2":"","lib_val_ctl3":"","lib_val_ctl4":"","lib_val_ctl5":"","lib_val_ctl6":"","lib_val_ctl7":"","lib_val_ctl8":"","lib_val_ctl9":"","lib_val_ctl10":"","ini_target_div":"0","disp_order":"10"},{"lib_val_cd":"222","lib_val_nm_j":"aaaaa","lib_val_nm_e":"bbbbbbb","lib_val_ab_j":"ccccccccc","lib_val_ab_e":"ddd\u0111\u0111","lib_val_ctl1":"","lib_val_ctl2":"","lib_val_ctl3":"","lib_val_ctl4":"","lib_val_ctl5":"","lib_val_ctl6":"","lib_val_ctl7":"","lib_val_ctl8":"","lib_val_ctl9":"","lib_val_ctl10":"","ini_target_div":"1","disp_order":"11"},{"lib_val_cd":"230","lib_val_nm_j":"\u5b66\u8853\u8ab2","lib_val_nm_e":"\u5b66\u8853\u8ab2","lib_val_ab_j":"\u5b66\u8853\u8ab2","lib_val_ab_e":"\u5b66\u8853\u8ab2","lib_val_ctl1":"","lib_val_ctl2":"","lib_val_ctl3":"","lib_val_ctl4":"","lib_val_ctl5":"","lib_val_ctl6":"","lib_val_ctl7":"","lib_val_ctl8":"","lib_val_ctl9":"","lib_val_ctl10":"","ini_target_div":"0","disp_order":"12"},{"lib_val_cd":"300","lib_val_nm_j":"\u7dcf\u52d9\u90e8","lib_val_nm_e":"\u7dcf\u52d9\u90e8","lib_val_ab_j":"\u7dcf\u52d9\u90e8","lib_val_ab_e":"\u7dcf\u52d9\u90e8","lib_val_ctl1":"","lib_val_ctl2":"","lib_val_ctl3":"","lib_val_ctl4":"","lib_val_ctl5":"","lib_val_ctl6":"","lib_val_ctl7":"","lib_val_ctl8":"","lib_val_ctl9":"","lib_val_ctl10":"","ini_target_div":"0","disp_order":"13"},{"lib_val_cd":"310","lib_val_nm_j":"\u7dcf\u52d9\u8ab2","lib_val_nm_e":"\u7dcf\u52d9\u8ab2","lib_val_ab_j":"\u7dcf\u52d9\u8ab2","lib_val_ab_e":"\u7dcf\u52d9\u8ab2","lib_val_ctl1":"","lib_val_ctl2":"","lib_val_ctl3":"","lib_val_ctl4":"","lib_val_ctl5":"","lib_val_ctl6":"","lib_val_ctl7":"","lib_val_ctl8":"","lib_val_ctl9":"","lib_val_ctl10":"","ini_target_div":"0","disp_order":"14"},{"lib_val_cd":"320","lib_val_nm_j":"\u7d4c\u7406\u8ab2","lib_val_nm_e":"\u7d4c\u7406\u8ab2","lib_val_ab_j":"\u7d4c\u7406\u8ab2","lib_val_ab_e":"\u7d4c\u7406\u8ab2","lib_val_ctl1":"","lib_val_ctl2":"","lib_val_ctl3":"","lib_val_ctl4":"","lib_val_ctl5":"","lib_val_ctl6":"","lib_val_ctl7":"","lib_val_ctl8":"","lib_val_ctl9":"","lib_val_ctl10":"","ini_target_div":"0","disp_order":"15"},{"lib_val_cd":"333","lib_val_nm_j":"data sample text","lib_val_nm_e":"data sample text","lib_val_ab_j":"data sample text","lib_val_ab_e":"data sample text","lib_val_ctl1":"","lib_val_ctl2":"","lib_val_ctl3":"","lib_val_ctl4":"","lib_val_ctl5":"","lib_val_ctl6":"","lib_val_ctl7":"","lib_val_ctl8":"","lib_val_ctl9":"","lib_val_ctl10":"","ini_target_div":"1","disp_order":"16"},{"lib_val_cd":"400","lib_val_nm_j":"\u56fd\u5185\u55b6\u696d\u90e8","lib_val_nm_e":"\u56fd\u5185\u55b6\u696d\u90e8","lib_val_ab_j":"\u56fd\u5185\u55b6\u696d\u90e8","lib_val_ab_e":"\u56fd\u5185\u55b6\u696d\u90e8","lib_val_ctl1":"","lib_val_ctl2":"","lib_val_ctl3":"","lib_val_ctl4":"","lib_val_ctl5":"","lib_val_ctl6":"","lib_val_ctl7":"","lib_val_ctl8":"","lib_val_ctl9":"","lib_val_ctl10":"","ini_target_div":"0","disp_order":"17"},{"lib_val_cd":"410","lib_val_nm_j":"\u56fd\u5185\u55b6\u696d\u8ab2","lib_val_nm_e":"\u56fd\u5185\u55b6\u696d\u8ab2","lib_val_ab_j":"\u56fd\u5185\u55b6\u696d\u8ab2","lib_val_ab_e":"\u56fd\u5185\u55b6\u696d\u8ab2","lib_val_ctl1":"","lib_val_ctl2":"","lib_val_ctl3":"","lib_val_ctl4":"","lib_val_ctl5":"","lib_val_ctl6":"","lib_val_ctl7":"","lib_val_ctl8":"","lib_val_ctl9":"","lib_val_ctl10":"","ini_target_div":"0","disp_order":"18"},{"lib_val_cd":"500","lib_val_nm_j":"\u6d77\u5916\u4e8b\u696d\u90e8","lib_val_nm_e":"\u6d77\u5916\u4e8b\u696d\u90e8","lib_val_ab_j":"\u6d77\u5916\u4e8b\u696d\u90e8","lib_val_ab_e":"\u6d77\u5916\u4e8b\u696d\u90e8","lib_val_ctl1":"","lib_val_ctl2":"","lib_val_ctl3":"","lib_val_ctl4":"","lib_val_ctl5":"","lib_val_ctl6":"","lib_val_ctl7":"","lib_val_ctl8":"","lib_val_ctl9":"","lib_val_ctl10":"","ini_target_div":"0","disp_order":"19"},{"lib_val_cd":"510","lib_val_nm_j":"\u6d77\u5916\u55b6\u696d\u8ab2","lib_val_nm_e":"\u6d77\u5916\u55b6\u696d\u8ab2","lib_val_ab_j":"\u6d77\u5916\u55b6\u696d\u8ab2","lib_val_ab_e":"\u6d77\u5916\u55b6\u696d\u8ab2","lib_val_ctl1":"","lib_val_ctl2":"","lib_val_ctl3":"","lib_val_ctl4":"","lib_val_ctl5":"","lib_val_ctl6":"","lib_val_ctl7":"","lib_val_ctl8":"","lib_val_ctl9":"","lib_val_ctl10":"","ini_target_div":"0","disp_order":"20"},{"lib_val_cd":"520","lib_val_nm_j":"\u8f38\u5165\u5546\u54c1\u958b\u767a\u8ab2","lib_val_nm_e":"\u8f38\u5165\u5546\u54c1\u958b\u767a\u8ab2","lib_val_ab_j":"\u8f38\u5165\u5546\u54c1\u958b\u767a\u8ab2","lib_val_ab_e":"\u8f38\u5165\u5546\u54c1\u958b\u767a\u8ab2","lib_val_ctl1":"","lib_val_ctl2":"","lib_val_ctl3":"","lib_val_ctl4":"","lib_val_ctl5":"","lib_val_ctl6":"","lib_val_ctl7":"","lib_val_ctl8":"","lib_val_ctl9":"","lib_val_ctl10":"","ini_target_div":"0","disp_order":"21"}]','','056_library-master','';
2017-12-01 19:34:45 EXEC SPC_056_LIBRARY_MASTER_ACT1 'belong_div','[{"lib_val_cd":"001","lib_val_nm_j":"\u793e\u9577\u5ba4","lib_val_nm_e":"\u793e\u9577\u5ba4","lib_val_ab_j":"\u793e\u9577\u5ba4","lib_val_ab_e":"\u793e\u9577\u5ba4","lib_val_ctl1":"","lib_val_ctl2":"","lib_val_ctl3":"","lib_val_ctl4":"","lib_val_ctl5":"","lib_val_ctl6":"","lib_val_ctl7":"","lib_val_ctl8":"","lib_val_ctl9":"","lib_val_ctl10":"","ini_target_div":"0","disp_order":"1"},{"lib_val_cd":"100","lib_val_nm_j":"\u88fd\u9020\u7ba1\u7406\u90e8","lib_val_nm_e":"\u88fd\u9020\u7ba1\u7406\u90e8","lib_val_ab_j":"\u88fd\u9020\u7ba1\u7406\u90e8","lib_val_ab_e":"\u88fd\u9020\u7ba1\u7406\u90e8","lib_val_ctl1":"","lib_val_ctl2":"","lib_val_ctl3":"","lib_val_ctl4":"","lib_val_ctl5":"","lib_val_ctl6":"","lib_val_ctl7":"","lib_val_ctl8":"","lib_val_ctl9":"","lib_val_ctl10":"","ini_target_div":"0","disp_order":"2"},{"lib_val_cd":"110","lib_val_nm_j":"\u691c\u67fb\u8ab2","lib_val_nm_e":"\u691c\u67fb\u8ab2","lib_val_ab_j":"\u691c\u67fb\u8ab2","lib_val_ab_e":"\u691c\u67fb\u8ab2","lib_val_ctl1":"","lib_val_ctl2":"","lib_val_ctl3":"","lib_val_ctl4":"","lib_val_ctl5":"","lib_val_ctl6":"","lib_val_ctl7":"","lib_val_ctl8":"","lib_val_ctl9":"","lib_val_ctl10":"","ini_target_div":"0","disp_order":"3"},{"lib_val_cd":"111","lib_val_nm_j":"zzzzzzz","lib_val_nm_e":"yyyyyyy","lib_val_ab_j":"fffff","lib_val_ab_e":"sssss","lib_val_ctl1":"","lib_val_ctl2":"","lib_val_ctl3":"","lib_val_ctl4":"","lib_val_ctl5":"","lib_val_ctl6":"","lib_val_ctl7":"","lib_val_ctl8":"","lib_val_ctl9":"","lib_val_ctl10":"","ini_target_div":"1","disp_order":"4"},{"lib_val_cd":"120","lib_val_nm_j":"\u8a66\u85ac\u7ba1\u7406\u8ab2","lib_val_nm_e":"\u8a66\u85ac\u7ba1\u7406\u8ab2","lib_val_ab_j":"\u8a66\u85ac\u7ba1\u7406\u8ab2","lib_val_ab_e":"\u8a66\u85ac\u7ba1\u7406\u8ab2","lib_val_ctl1":"","lib_val_ctl2":"","lib_val_ctl3":"","lib_val_ctl4":"","lib_val_ctl5":"","lib_val_ctl6":"","lib_val_ctl7":"","lib_val_ctl8":"","lib_val_ctl9":"","lib_val_ctl10":"","ini_target_div":"0","disp_order":"5"},{"lib_val_cd":"130","lib_val_nm_j":"\u88fd\u9020\u8ab2","lib_val_nm_e":"\u88fd\u9020\u8ab2","lib_val_ab_j":"\u88fd\u9020\u8ab2","lib_val_ab_e":"\u88fd\u9020\u8ab2","lib_val_ctl1":"","lib_val_ctl2":"","lib_val_ctl3":"","lib_val_ctl4":"","lib_val_ctl5":"","lib_val_ctl6":"","lib_val_ctl7":"","lib_val_ctl8":"","lib_val_ctl9":"","lib_val_ctl10":"","ini_target_div":"0","disp_order":"6"},{"lib_val_cd":"140","lib_val_nm_j":"\u8cc7\u6750\u8ab2","lib_val_nm_e":"\u8cc7\u6750\u8ab2","lib_val_ab_j":"\u8cc7\u6750\u8ab2","lib_val_ab_e":"\u8cc7\u6750\u8ab2","lib_val_ctl1":"","lib_val_ctl2":"","lib_val_ctl3":"","lib_val_ctl4":"","lib_val_ctl5":"","lib_val_ctl6":"","lib_val_ctl7":"","lib_val_ctl8":"","lib_val_ctl9":"","lib_val_ctl10":"","ini_target_div":"0","disp_order":"7"},{"lib_val_cd":"200","lib_val_nm_j":"\u6280\u8853\u90e8","lib_val_nm_e":"\u6280\u8853\u90e8","lib_val_ab_j":"\u6280\u8853\u90e8","lib_val_ab_e":"\u6280\u8853\u90e8","lib_val_ctl1":"","lib_val_ctl2":"","lib_val_ctl3":"","lib_val_ctl4":"","lib_val_ctl5":"","lib_val_ctl6":"","lib_val_ctl7":"","lib_val_ctl8":"","lib_val_ctl9":"","lib_val_ctl10":"","ini_target_div":"0","disp_order":"8"},{"lib_val_cd":"210","lib_val_nm_j":"\u8a2d\u8a08\u8ab2","lib_val_nm_e":"\u8a2d\u8a08\u8ab2","lib_val_ab_j":"\u8a2d\u8a08\u8ab2","lib_val_ab_e":"\u8a2d\u8a08\u8ab2","lib_val_ctl1":"","lib_val_ctl2":"","lib_val_ctl3":"","lib_val_ctl4":"","lib_val_ctl5":"","lib_val_ctl6":"","lib_val_ctl7":"","lib_val_ctl8":"","lib_val_ctl9":"","lib_val_ctl10":"","ini_target_div":"0","disp_order":"9"},{"lib_val_cd":"220","lib_val_nm_j":"\u8cfc\u8cb7\u8ab2","lib_val_nm_e":"\u8cfc\u8cb7\u8ab2","lib_val_ab_j":"\u8cfc\u8cb7\u8ab2","lib_val_ab_e":"\u8cfc\u8cb7\u8ab2","lib_val_ctl1":"","lib_val_ctl2":"","lib_val_ctl3":"","lib_val_ctl4":"","lib_val_ctl5":"","lib_val_ctl6":"","lib_val_ctl7":"","lib_val_ctl8":"","lib_val_ctl9":"","lib_val_ctl10":"","ini_target_div":"0","disp_order":"10"},{"lib_val_cd":"222","lib_val_nm_j":"aaaaa","lib_val_nm_e":"bbbbbbb","lib_val_ab_j":"ccccccccc","lib_val_ab_e":"ddd\u0111\u0111","lib_val_ctl1":"","lib_val_ctl2":"","lib_val_ctl3":"","lib_val_ctl4":"","lib_val_ctl5":"","lib_val_ctl6":"","lib_val_ctl7":"","lib_val_ctl8":"","lib_val_ctl9":"","lib_val_ctl10":"","ini_target_div":"1","disp_order":"11"},{"lib_val_cd":"230","lib_val_nm_j":"\u5b66\u8853\u8ab2","lib_val_nm_e":"\u5b66\u8853\u8ab2","lib_val_ab_j":"\u5b66\u8853\u8ab2","lib_val_ab_e":"\u5b66\u8853\u8ab2","lib_val_ctl1":"","lib_val_ctl2":"","lib_val_ctl3":"","lib_val_ctl4":"","lib_val_ctl5":"","lib_val_ctl6":"","lib_val_ctl7":"","lib_val_ctl8":"","lib_val_ctl9":"","lib_val_ctl10":"","ini_target_div":"0","disp_order":"12"},{"lib_val_cd":"300","lib_val_nm_j":"\u7dcf\u52d9\u90e8","lib_val_nm_e":"\u7dcf\u52d9\u90e8","lib_val_ab_j":"\u7dcf\u52d9\u90e8","lib_val_ab_e":"\u7dcf\u52d9\u90e8","lib_val_ctl1":"","lib_val_ctl2":"","lib_val_ctl3":"","lib_val_ctl4":"","lib_val_ctl5":"","lib_val_ctl6":"","lib_val_ctl7":"","lib_val_ctl8":"","lib_val_ctl9":"","lib_val_ctl10":"","ini_target_div":"0","disp_order":"13"},{"lib_val_cd":"310","lib_val_nm_j":"\u7dcf\u52d9\u8ab2","lib_val_nm_e":"\u7dcf\u52d9\u8ab2","lib_val_ab_j":"\u7dcf\u52d9\u8ab2","lib_val_ab_e":"\u7dcf\u52d9\u8ab2","lib_val_ctl1":"","lib_val_ctl2":"","lib_val_ctl3":"","lib_val_ctl4":"","lib_val_ctl5":"","lib_val_ctl6":"","lib_val_ctl7":"","lib_val_ctl8":"","lib_val_ctl9":"","lib_val_ctl10":"","ini_target_div":"0","disp_order":"14"},{"lib_val_cd":"320","lib_val_nm_j":"\u7d4c\u7406\u8ab2","lib_val_nm_e":"\u7d4c\u7406\u8ab2","lib_val_ab_j":"\u7d4c\u7406\u8ab2","lib_val_ab_e":"\u7d4c\u7406\u8ab2","lib_val_ctl1":"","lib_val_ctl2":"","lib_val_ctl3":"","lib_val_ctl4":"","lib_val_ctl5":"","lib_val_ctl6":"","lib_val_ctl7":"","lib_val_ctl8":"","lib_val_ctl9":"","lib_val_ctl10":"","ini_target_div":"0","disp_order":"15"},{"lib_val_cd":"333","lib_val_nm_j":"data sample text","lib_val_nm_e":"data sample text","lib_val_ab_j":"data sample text","lib_val_ab_e":"data sample text","lib_val_ctl1":"","lib_val_ctl2":"","lib_val_ctl3":"","lib_val_ctl4":"","lib_val_ctl5":"","lib_val_ctl6":"","lib_val_ctl7":"","lib_val_ctl8":"","lib_val_ctl9":"","lib_val_ctl10":"","ini_target_div":"1","disp_order":"16"},{"lib_val_cd":"400","lib_val_nm_j":"\u56fd\u5185\u55b6\u696d\u90e8","lib_val_nm_e":"\u56fd\u5185\u55b6\u696d\u90e8","lib_val_ab_j":"\u56fd\u5185\u55b6\u696d\u90e8","lib_val_ab_e":"\u56fd\u5185\u55b6\u696d\u90e8","lib_val_ctl1":"","lib_val_ctl2":"","lib_val_ctl3":"","lib_val_ctl4":"","lib_val_ctl5":"","lib_val_ctl6":"","lib_val_ctl7":"","lib_val_ctl8":"","lib_val_ctl9":"","lib_val_ctl10":"","ini_target_div":"0","disp_order":"17"},{"lib_val_cd":"410","lib_val_nm_j":"\u56fd\u5185\u55b6\u696d\u8ab2","lib_val_nm_e":"\u56fd\u5185\u55b6\u696d\u8ab2","lib_val_ab_j":"\u56fd\u5185\u55b6\u696d\u8ab2","lib_val_ab_e":"\u56fd\u5185\u55b6\u696d\u8ab2","lib_val_ctl1":"","lib_val_ctl2":"","lib_val_ctl3":"","lib_val_ctl4":"","lib_val_ctl5":"","lib_val_ctl6":"","lib_val_ctl7":"","lib_val_ctl8":"","lib_val_ctl9":"","lib_val_ctl10":"","ini_target_div":"0","disp_order":"18"},{"lib_val_cd":"500","lib_val_nm_j":"\u6d77\u5916\u4e8b\u696d\u90e8","lib_val_nm_e":"\u6d77\u5916\u4e8b\u696d\u90e8","lib_val_ab_j":"\u6d77\u5916\u4e8b\u696d\u90e8","lib_val_ab_e":"\u6d77\u5916\u4e8b\u696d\u90e8","lib_val_ctl1":"","lib_val_ctl2":"","lib_val_ctl3":"","lib_val_ctl4":"","lib_val_ctl5":"","lib_val_ctl6":"","lib_val_ctl7":"","lib_val_ctl8":"","lib_val_ctl9":"","lib_val_ctl10":"","ini_target_div":"0","disp_order":"19"},{"lib_val_cd":"510","lib_val_nm_j":"\u6d77\u5916\u55b6\u696d\u8ab2","lib_val_nm_e":"\u6d77\u5916\u55b6\u696d\u8ab2","lib_val_ab_j":"\u6d77\u5916\u55b6\u696d\u8ab2","lib_val_ab_e":"\u6d77\u5916\u55b6\u696d\u8ab2","lib_val_ctl1":"","lib_val_ctl2":"","lib_val_ctl3":"","lib_val_ctl4":"","lib_val_ctl5":"","lib_val_ctl6":"","lib_val_ctl7":"","lib_val_ctl8":"","lib_val_ctl9":"","lib_val_ctl10":"","ini_target_div":"0","disp_order":"20"},{"lib_val_cd":"520","lib_val_nm_j":"\u8f38\u5165\u5546\u54c1\u958b\u767a\u8ab2","lib_val_nm_e":"\u8f38\u5165\u5546\u54c1\u958b\u767a\u8ab2","lib_val_ab_j":"\u8f38\u5165\u5546\u54c1\u958b\u767a\u8ab2","lib_val_ab_e":"\u8f38\u5165\u5546\u54c1\u958b\u767a\u8ab2","lib_val_ctl1":"","lib_val_ctl2":"","lib_val_ctl3":"","lib_val_ctl4":"","lib_val_ctl5":"","lib_val_ctl6":"","lib_val_ctl7":"","lib_val_ctl8":"","lib_val_ctl9":"","lib_val_ctl10":"","ini_target_div":"0","disp_order":"21"}]','','056_library-master','';
2017-12-01 19:36:16 EXEC SPC_056_LIBRARY_MASTER_ACT1 'belong_div','[{"lib_val_cd":"001","lib_val_nm_j":"\u793e\u9577\u5ba4","lib_val_nm_e":"\u793e\u9577\u5ba4","lib_val_ab_j":"\u793e\u9577\u5ba4","lib_val_ab_e":"\u793e\u9577\u5ba4","lib_val_ctl1":"","lib_val_ctl2":"","lib_val_ctl3":"","lib_val_ctl4":"","lib_val_ctl5":"","lib_val_ctl6":"","lib_val_ctl7":"","lib_val_ctl8":"","lib_val_ctl9":"","lib_val_ctl10":"","ini_target_div":"0","disp_order":"1"},{"lib_val_cd":"100","lib_val_nm_j":"\u88fd\u9020\u7ba1\u7406\u90e8","lib_val_nm_e":"\u88fd\u9020\u7ba1\u7406\u90e8","lib_val_ab_j":"\u88fd\u9020\u7ba1\u7406\u90e8","lib_val_ab_e":"\u88fd\u9020\u7ba1\u7406\u90e8","lib_val_ctl1":"","lib_val_ctl2":"","lib_val_ctl3":"","lib_val_ctl4":"","lib_val_ctl5":"","lib_val_ctl6":"","lib_val_ctl7":"","lib_val_ctl8":"","lib_val_ctl9":"","lib_val_ctl10":"","ini_target_div":"0","disp_order":"2"},{"lib_val_cd":"110","lib_val_nm_j":"\u691c\u67fb\u8ab2","lib_val_nm_e":"\u691c\u67fb\u8ab2","lib_val_ab_j":"\u691c\u67fb\u8ab2","lib_val_ab_e":"\u691c\u67fb\u8ab2","lib_val_ctl1":"","lib_val_ctl2":"","lib_val_ctl3":"","lib_val_ctl4":"","lib_val_ctl5":"","lib_val_ctl6":"","lib_val_ctl7":"","lib_val_ctl8":"","lib_val_ctl9":"","lib_val_ctl10":"","ini_target_div":"0","disp_order":"3"},{"lib_val_cd":"111","lib_val_nm_j":"zzzzzzz","lib_val_nm_e":"yyyyyyy","lib_val_ab_j":"fffff","lib_val_ab_e":"sssss","lib_val_ctl1":"","lib_val_ctl2":"","lib_val_ctl3":"","lib_val_ctl4":"","lib_val_ctl5":"","lib_val_ctl6":"","lib_val_ctl7":"","lib_val_ctl8":"","lib_val_ctl9":"","lib_val_ctl10":"","ini_target_div":"1","disp_order":"4"},{"lib_val_cd":"120","lib_val_nm_j":"\u8a66\u85ac\u7ba1\u7406\u8ab2","lib_val_nm_e":"\u8a66\u85ac\u7ba1\u7406\u8ab2","lib_val_ab_j":"\u8a66\u85ac\u7ba1\u7406\u8ab2","lib_val_ab_e":"\u8a66\u85ac\u7ba1\u7406\u8ab2","lib_val_ctl1":"","lib_val_ctl2":"","lib_val_ctl3":"","lib_val_ctl4":"","lib_val_ctl5":"","lib_val_ctl6":"","lib_val_ctl7":"","lib_val_ctl8":"","lib_val_ctl9":"","lib_val_ctl10":"","ini_target_div":"0","disp_order":"5"},{"lib_val_cd":"130","lib_val_nm_j":"\u88fd\u9020\u8ab2","lib_val_nm_e":"\u88fd\u9020\u8ab2","lib_val_ab_j":"\u88fd\u9020\u8ab2","lib_val_ab_e":"\u88fd\u9020\u8ab2","lib_val_ctl1":"","lib_val_ctl2":"","lib_val_ctl3":"","lib_val_ctl4":"","lib_val_ctl5":"","lib_val_ctl6":"","lib_val_ctl7":"","lib_val_ctl8":"","lib_val_ctl9":"","lib_val_ctl10":"","ini_target_div":"0","disp_order":"6"},{"lib_val_cd":"140","lib_val_nm_j":"\u8cc7\u6750\u8ab2","lib_val_nm_e":"\u8cc7\u6750\u8ab2","lib_val_ab_j":"\u8cc7\u6750\u8ab2","lib_val_ab_e":"\u8cc7\u6750\u8ab2","lib_val_ctl1":"","lib_val_ctl2":"","lib_val_ctl3":"","lib_val_ctl4":"","lib_val_ctl5":"","lib_val_ctl6":"","lib_val_ctl7":"","lib_val_ctl8":"","lib_val_ctl9":"","lib_val_ctl10":"","ini_target_div":"0","disp_order":"7"},{"lib_val_cd":"200","lib_val_nm_j":"\u6280\u8853\u90e8","lib_val_nm_e":"\u6280\u8853\u90e8","lib_val_ab_j":"\u6280\u8853\u90e8","lib_val_ab_e":"\u6280\u8853\u90e8","lib_val_ctl1":"","lib_val_ctl2":"","lib_val_ctl3":"","lib_val_ctl4":"","lib_val_ctl5":"","lib_val_ctl6":"","lib_val_ctl7":"","lib_val_ctl8":"","lib_val_ctl9":"","lib_val_ctl10":"","ini_target_div":"0","disp_order":"8"},{"lib_val_cd":"210","lib_val_nm_j":"\u8a2d\u8a08\u8ab2","lib_val_nm_e":"\u8a2d\u8a08\u8ab2","lib_val_ab_j":"\u8a2d\u8a08\u8ab2","lib_val_ab_e":"\u8a2d\u8a08\u8ab2","lib_val_ctl1":"","lib_val_ctl2":"","lib_val_ctl3":"","lib_val_ctl4":"","lib_val_ctl5":"","lib_val_ctl6":"","lib_val_ctl7":"","lib_val_ctl8":"","lib_val_ctl9":"","lib_val_ctl10":"","ini_target_div":"0","disp_order":"9"},{"lib_val_cd":"220","lib_val_nm_j":"\u8cfc\u8cb7\u8ab2","lib_val_nm_e":"\u8cfc\u8cb7\u8ab2","lib_val_ab_j":"\u8cfc\u8cb7\u8ab2","lib_val_ab_e":"\u8cfc\u8cb7\u8ab2","lib_val_ctl1":"","lib_val_ctl2":"","lib_val_ctl3":"","lib_val_ctl4":"","lib_val_ctl5":"","lib_val_ctl6":"","lib_val_ctl7":"","lib_val_ctl8":"","lib_val_ctl9":"","lib_val_ctl10":"","ini_target_div":"0","disp_order":"10"},{"lib_val_cd":"222","lib_val_nm_j":"aaaaa","lib_val_nm_e":"bbbbbbb","lib_val_ab_j":"ccccccccc","lib_val_ab_e":"ddd\u0111\u0111","lib_val_ctl1":"","lib_val_ctl2":"","lib_val_ctl3":"","lib_val_ctl4":"","lib_val_ctl5":"","lib_val_ctl6":"","lib_val_ctl7":"","lib_val_ctl8":"","lib_val_ctl9":"","lib_val_ctl10":"","ini_target_div":"1","disp_order":"11"},{"lib_val_cd":"230","lib_val_nm_j":"\u5b66\u8853\u8ab2","lib_val_nm_e":"\u5b66\u8853\u8ab2","lib_val_ab_j":"\u5b66\u8853\u8ab2","lib_val_ab_e":"\u5b66\u8853\u8ab2","lib_val_ctl1":"","lib_val_ctl2":"","lib_val_ctl3":"","lib_val_ctl4":"","lib_val_ctl5":"","lib_val_ctl6":"","lib_val_ctl7":"","lib_val_ctl8":"","lib_val_ctl9":"","lib_val_ctl10":"","ini_target_div":"0","disp_order":"12"},{"lib_val_cd":"300","lib_val_nm_j":"\u7dcf\u52d9\u90e8","lib_val_nm_e":"\u7dcf\u52d9\u90e8","lib_val_ab_j":"\u7dcf\u52d9\u90e8","lib_val_ab_e":"\u7dcf\u52d9\u90e8","lib_val_ctl1":"","lib_val_ctl2":"","lib_val_ctl3":"","lib_val_ctl4":"","lib_val_ctl5":"","lib_val_ctl6":"","lib_val_ctl7":"","lib_val_ctl8":"","lib_val_ctl9":"","lib_val_ctl10":"","ini_target_div":"0","disp_order":"13"},{"lib_val_cd":"310","lib_val_nm_j":"\u7dcf\u52d9\u8ab2","lib_val_nm_e":"\u7dcf\u52d9\u8ab2","lib_val_ab_j":"\u7dcf\u52d9\u8ab2","lib_val_ab_e":"\u7dcf\u52d9\u8ab2","lib_val_ctl1":"","lib_val_ctl2":"","lib_val_ctl3":"","lib_val_ctl4":"","lib_val_ctl5":"","lib_val_ctl6":"","lib_val_ctl7":"","lib_val_ctl8":"","lib_val_ctl9":"","lib_val_ctl10":"","ini_target_div":"0","disp_order":"14"},{"lib_val_cd":"320","lib_val_nm_j":"\u7d4c\u7406\u8ab2","lib_val_nm_e":"\u7d4c\u7406\u8ab2","lib_val_ab_j":"\u7d4c\u7406\u8ab2","lib_val_ab_e":"\u7d4c\u7406\u8ab2","lib_val_ctl1":"","lib_val_ctl2":"","lib_val_ctl3":"","lib_val_ctl4":"","lib_val_ctl5":"","lib_val_ctl6":"","lib_val_ctl7":"","lib_val_ctl8":"","lib_val_ctl9":"","lib_val_ctl10":"","ini_target_div":"0","disp_order":"15"},{"lib_val_cd":"333","lib_val_nm_j":"data sample text","lib_val_nm_e":"data sample text","lib_val_ab_j":"data sample text","lib_val_ab_e":"data sample text","lib_val_ctl1":"","lib_val_ctl2":"","lib_val_ctl3":"","lib_val_ctl4":"","lib_val_ctl5":"","lib_val_ctl6":"","lib_val_ctl7":"","lib_val_ctl8":"","lib_val_ctl9":"","lib_val_ctl10":"","ini_target_div":"1","disp_order":"16"},{"lib_val_cd":"400","lib_val_nm_j":"\u56fd\u5185\u55b6\u696d\u90e8","lib_val_nm_e":"\u56fd\u5185\u55b6\u696d\u90e8","lib_val_ab_j":"\u56fd\u5185\u55b6\u696d\u90e8","lib_val_ab_e":"\u56fd\u5185\u55b6\u696d\u90e8","lib_val_ctl1":"","lib_val_ctl2":"","lib_val_ctl3":"","lib_val_ctl4":"","lib_val_ctl5":"","lib_val_ctl6":"","lib_val_ctl7":"","lib_val_ctl8":"","lib_val_ctl9":"","lib_val_ctl10":"","ini_target_div":"0","disp_order":"17"},{"lib_val_cd":"410","lib_val_nm_j":"\u56fd\u5185\u55b6\u696d\u8ab2","lib_val_nm_e":"\u56fd\u5185\u55b6\u696d\u8ab2","lib_val_ab_j":"\u56fd\u5185\u55b6\u696d\u8ab2","lib_val_ab_e":"\u56fd\u5185\u55b6\u696d\u8ab2","lib_val_ctl1":"","lib_val_ctl2":"","lib_val_ctl3":"","lib_val_ctl4":"","lib_val_ctl5":"","lib_val_ctl6":"","lib_val_ctl7":"","lib_val_ctl8":"","lib_val_ctl9":"","lib_val_ctl10":"","ini_target_div":"0","disp_order":"18"},{"lib_val_cd":"500","lib_val_nm_j":"\u6d77\u5916\u4e8b\u696d\u90e8","lib_val_nm_e":"\u6d77\u5916\u4e8b\u696d\u90e8","lib_val_ab_j":"\u6d77\u5916\u4e8b\u696d\u90e8","lib_val_ab_e":"\u6d77\u5916\u4e8b\u696d\u90e8","lib_val_ctl1":"","lib_val_ctl2":"","lib_val_ctl3":"","lib_val_ctl4":"","lib_val_ctl5":"","lib_val_ctl6":"","lib_val_ctl7":"","lib_val_ctl8":"","lib_val_ctl9":"","lib_val_ctl10":"","ini_target_div":"0","disp_order":"19"},{"lib_val_cd":"510","lib_val_nm_j":"\u6d77\u5916\u55b6\u696d\u8ab2","lib_val_nm_e":"\u6d77\u5916\u55b6\u696d\u8ab2","lib_val_ab_j":"\u6d77\u5916\u55b6\u696d\u8ab2","lib_val_ab_e":"\u6d77\u5916\u55b6\u696d\u8ab2","lib_val_ctl1":"","lib_val_ctl2":"","lib_val_ctl3":"","lib_val_ctl4":"","lib_val_ctl5":"","lib_val_ctl6":"","lib_val_ctl7":"","lib_val_ctl8":"","lib_val_ctl9":"","lib_val_ctl10":"","ini_target_div":"0","disp_order":"20"},{"lib_val_cd":"520","lib_val_nm_j":"\u8f38\u5165\u5546\u54c1\u958b\u767a\u8ab2","lib_val_nm_e":"\u8f38\u5165\u5546\u54c1\u958b\u767a\u8ab2","lib_val_ab_j":"\u8f38\u5165\u5546\u54c1\u958b\u767a\u8ab2","lib_val_ab_e":"\u8f38\u5165\u5546\u54c1\u958b\u767a\u8ab2","lib_val_ctl1":"","lib_val_ctl2":"","lib_val_ctl3":"","lib_val_ctl4":"","lib_val_ctl5":"","lib_val_ctl6":"","lib_val_ctl7":"","lib_val_ctl8":"","lib_val_ctl9":"","lib_val_ctl10":"","ini_target_div":"0","disp_order":"21"}]','','056_library-master','';
2017-12-01 19:36:24 EXEC SPC_056_LIBRARY_MASTER_ACT1 'belong_div','[{"lib_val_cd":"001","lib_val_nm_j":"\u793e\u9577\u5ba4","lib_val_nm_e":"\u793e\u9577\u5ba4","lib_val_ab_j":"\u793e\u9577\u5ba4","lib_val_ab_e":"\u793e\u9577\u5ba4","lib_val_ctl1":"","lib_val_ctl2":"","lib_val_ctl3":"","lib_val_ctl4":"","lib_val_ctl5":"","lib_val_ctl6":"","lib_val_ctl7":"","lib_val_ctl8":"","lib_val_ctl9":"","lib_val_ctl10":"","ini_target_div":"0","disp_order":"1"},{"lib_val_cd":"100","lib_val_nm_j":"\u88fd\u9020\u7ba1\u7406\u90e8","lib_val_nm_e":"\u88fd\u9020\u7ba1\u7406\u90e8","lib_val_ab_j":"\u88fd\u9020\u7ba1\u7406\u90e8","lib_val_ab_e":"\u88fd\u9020\u7ba1\u7406\u90e8","lib_val_ctl1":"","lib_val_ctl2":"","lib_val_ctl3":"","lib_val_ctl4":"","lib_val_ctl5":"","lib_val_ctl6":"","lib_val_ctl7":"","lib_val_ctl8":"","lib_val_ctl9":"","lib_val_ctl10":"","ini_target_div":"0","disp_order":"2"},{"lib_val_cd":"110","lib_val_nm_j":"\u691c\u67fb\u8ab2","lib_val_nm_e":"\u691c\u67fb\u8ab2","lib_val_ab_j":"\u691c\u67fb\u8ab2","lib_val_ab_e":"\u691c\u67fb\u8ab2","lib_val_ctl1":"","lib_val_ctl2":"","lib_val_ctl3":"","lib_val_ctl4":"","lib_val_ctl5":"","lib_val_ctl6":"","lib_val_ctl7":"","lib_val_ctl8":"","lib_val_ctl9":"","lib_val_ctl10":"","ini_target_div":"0","disp_order":"3"},{"lib_val_cd":"111","lib_val_nm_j":"zzzzzzz","lib_val_nm_e":"yyyyyyy","lib_val_ab_j":"fffff","lib_val_ab_e":"sssss","lib_val_ctl1":"","lib_val_ctl2":"","lib_val_ctl3":"","lib_val_ctl4":"","lib_val_ctl5":"","lib_val_ctl6":"","lib_val_ctl7":"","lib_val_ctl8":"","lib_val_ctl9":"","lib_val_ctl10":"","ini_target_div":"1","disp_order":"4"},{"lib_val_cd":"120","lib_val_nm_j":"\u8a66\u85ac\u7ba1\u7406\u8ab2","lib_val_nm_e":"\u8a66\u85ac\u7ba1\u7406\u8ab2","lib_val_ab_j":"\u8a66\u85ac\u7ba1\u7406\u8ab2","lib_val_ab_e":"\u8a66\u85ac\u7ba1\u7406\u8ab2","lib_val_ctl1":"","lib_val_ctl2":"","lib_val_ctl3":"","lib_val_ctl4":"","lib_val_ctl5":"","lib_val_ctl6":"","lib_val_ctl7":"","lib_val_ctl8":"","lib_val_ctl9":"","lib_val_ctl10":"","ini_target_div":"0","disp_order":"5"},{"lib_val_cd":"130","lib_val_nm_j":"\u88fd\u9020\u8ab2","lib_val_nm_e":"\u88fd\u9020\u8ab2","lib_val_ab_j":"\u88fd\u9020\u8ab2","lib_val_ab_e":"\u88fd\u9020\u8ab2","lib_val_ctl1":"","lib_val_ctl2":"","lib_val_ctl3":"","lib_val_ctl4":"","lib_val_ctl5":"","lib_val_ctl6":"","lib_val_ctl7":"","lib_val_ctl8":"","lib_val_ctl9":"","lib_val_ctl10":"","ini_target_div":"0","disp_order":"6"},{"lib_val_cd":"140","lib_val_nm_j":"\u8cc7\u6750\u8ab2","lib_val_nm_e":"\u8cc7\u6750\u8ab2","lib_val_ab_j":"\u8cc7\u6750\u8ab2","lib_val_ab_e":"\u8cc7\u6750\u8ab2","lib_val_ctl1":"","lib_val_ctl2":"","lib_val_ctl3":"","lib_val_ctl4":"","lib_val_ctl5":"","lib_val_ctl6":"","lib_val_ctl7":"","lib_val_ctl8":"","lib_val_ctl9":"","lib_val_ctl10":"","ini_target_div":"0","disp_order":"7"},{"lib_val_cd":"200","lib_val_nm_j":"\u6280\u8853\u90e8","lib_val_nm_e":"\u6280\u8853\u90e8","lib_val_ab_j":"\u6280\u8853\u90e8","lib_val_ab_e":"\u6280\u8853\u90e8","lib_val_ctl1":"","lib_val_ctl2":"","lib_val_ctl3":"","lib_val_ctl4":"","lib_val_ctl5":"","lib_val_ctl6":"","lib_val_ctl7":"","lib_val_ctl8":"","lib_val_ctl9":"","lib_val_ctl10":"","ini_target_div":"0","disp_order":"8"},{"lib_val_cd":"210","lib_val_nm_j":"\u8a2d\u8a08\u8ab2","lib_val_nm_e":"\u8a2d\u8a08\u8ab2","lib_val_ab_j":"\u8a2d\u8a08\u8ab2","lib_val_ab_e":"\u8a2d\u8a08\u8ab2","lib_val_ctl1":"","lib_val_ctl2":"","lib_val_ctl3":"","lib_val_ctl4":"","lib_val_ctl5":"","lib_val_ctl6":"","lib_val_ctl7":"","lib_val_ctl8":"","lib_val_ctl9":"","lib_val_ctl10":"","ini_target_div":"0","disp_order":"9"},{"lib_val_cd":"220","lib_val_nm_j":"\u8cfc\u8cb7\u8ab2","lib_val_nm_e":"\u8cfc\u8cb7\u8ab2","lib_val_ab_j":"\u8cfc\u8cb7\u8ab2","lib_val_ab_e":"\u8cfc\u8cb7\u8ab2","lib_val_ctl1":"","lib_val_ctl2":"","lib_val_ctl3":"","lib_val_ctl4":"","lib_val_ctl5":"","lib_val_ctl6":"","lib_val_ctl7":"","lib_val_ctl8":"","lib_val_ctl9":"","lib_val_ctl10":"","ini_target_div":"0","disp_order":"10"},{"lib_val_cd":"222","lib_val_nm_j":"aaaaa","lib_val_nm_e":"bbbbbbb","lib_val_ab_j":"ccccccccc","lib_val_ab_e":"ddd\u0111\u0111","lib_val_ctl1":"","lib_val_ctl2":"","lib_val_ctl3":"","lib_val_ctl4":"","lib_val_ctl5":"","lib_val_ctl6":"","lib_val_ctl7":"","lib_val_ctl8":"","lib_val_ctl9":"","lib_val_ctl10":"","ini_target_div":"1","disp_order":"11"},{"lib_val_cd":"230","lib_val_nm_j":"\u5b66\u8853\u8ab2","lib_val_nm_e":"\u5b66\u8853\u8ab2","lib_val_ab_j":"\u5b66\u8853\u8ab2","lib_val_ab_e":"\u5b66\u8853\u8ab2","lib_val_ctl1":"","lib_val_ctl2":"","lib_val_ctl3":"","lib_val_ctl4":"","lib_val_ctl5":"","lib_val_ctl6":"","lib_val_ctl7":"","lib_val_ctl8":"","lib_val_ctl9":"","lib_val_ctl10":"","ini_target_div":"0","disp_order":"12"},{"lib_val_cd":"300","lib_val_nm_j":"\u7dcf\u52d9\u90e8","lib_val_nm_e":"\u7dcf\u52d9\u90e8","lib_val_ab_j":"\u7dcf\u52d9\u90e8","lib_val_ab_e":"\u7dcf\u52d9\u90e8","lib_val_ctl1":"","lib_val_ctl2":"","lib_val_ctl3":"","lib_val_ctl4":"","lib_val_ctl5":"","lib_val_ctl6":"","lib_val_ctl7":"","lib_val_ctl8":"","lib_val_ctl9":"","lib_val_ctl10":"","ini_target_div":"0","disp_order":"13"},{"lib_val_cd":"310","lib_val_nm_j":"\u7dcf\u52d9\u8ab2","lib_val_nm_e":"\u7dcf\u52d9\u8ab2","lib_val_ab_j":"\u7dcf\u52d9\u8ab2","lib_val_ab_e":"\u7dcf\u52d9\u8ab2","lib_val_ctl1":"","lib_val_ctl2":"","lib_val_ctl3":"","lib_val_ctl4":"","lib_val_ctl5":"","lib_val_ctl6":"","lib_val_ctl7":"","lib_val_ctl8":"","lib_val_ctl9":"","lib_val_ctl10":"","ini_target_div":"0","disp_order":"14"},{"lib_val_cd":"320","lib_val_nm_j":"\u7d4c\u7406\u8ab2","lib_val_nm_e":"\u7d4c\u7406\u8ab2","lib_val_ab_j":"\u7d4c\u7406\u8ab2","lib_val_ab_e":"\u7d4c\u7406\u8ab2","lib_val_ctl1":"","lib_val_ctl2":"","lib_val_ctl3":"","lib_val_ctl4":"","lib_val_ctl5":"","lib_val_ctl6":"","lib_val_ctl7":"","lib_val_ctl8":"","lib_val_ctl9":"","lib_val_ctl10":"","ini_target_div":"0","disp_order":"15"},{"lib_val_cd":"333","lib_val_nm_j":"data sample text","lib_val_nm_e":"data sample text","lib_val_ab_j":"data sample text","lib_val_ab_e":"data sample text","lib_val_ctl1":"","lib_val_ctl2":"","lib_val_ctl3":"","lib_val_ctl4":"","lib_val_ctl5":"","lib_val_ctl6":"","lib_val_ctl7":"","lib_val_ctl8":"","lib_val_ctl9":"","lib_val_ctl10":"","ini_target_div":"1","disp_order":"16"},{"lib_val_cd":"400","lib_val_nm_j":"\u56fd\u5185\u55b6\u696d\u90e8","lib_val_nm_e":"\u56fd\u5185\u55b6\u696d\u90e8","lib_val_ab_j":"\u56fd\u5185\u55b6\u696d\u90e8","lib_val_ab_e":"\u56fd\u5185\u55b6\u696d\u90e8","lib_val_ctl1":"","lib_val_ctl2":"","lib_val_ctl3":"","lib_val_ctl4":"","lib_val_ctl5":"","lib_val_ctl6":"","lib_val_ctl7":"","lib_val_ctl8":"","lib_val_ctl9":"","lib_val_ctl10":"","ini_target_div":"0","disp_order":"17"},{"lib_val_cd":"410","lib_val_nm_j":"\u56fd\u5185\u55b6\u696d\u8ab2","lib_val_nm_e":"\u56fd\u5185\u55b6\u696d\u8ab2","lib_val_ab_j":"\u56fd\u5185\u55b6\u696d\u8ab2","lib_val_ab_e":"\u56fd\u5185\u55b6\u696d\u8ab2","lib_val_ctl1":"","lib_val_ctl2":"","lib_val_ctl3":"","lib_val_ctl4":"","lib_val_ctl5":"","lib_val_ctl6":"","lib_val_ctl7":"","lib_val_ctl8":"","lib_val_ctl9":"","lib_val_ctl10":"","ini_target_div":"0","disp_order":"18"},{"lib_val_cd":"500","lib_val_nm_j":"\u6d77\u5916\u4e8b\u696d\u90e8","lib_val_nm_e":"\u6d77\u5916\u4e8b\u696d\u90e8","lib_val_ab_j":"\u6d77\u5916\u4e8b\u696d\u90e8","lib_val_ab_e":"\u6d77\u5916\u4e8b\u696d\u90e8","lib_val_ctl1":"","lib_val_ctl2":"","lib_val_ctl3":"","lib_val_ctl4":"","lib_val_ctl5":"","lib_val_ctl6":"","lib_val_ctl7":"","lib_val_ctl8":"","lib_val_ctl9":"","lib_val_ctl10":"","ini_target_div":"0","disp_order":"19"},{"lib_val_cd":"510","lib_val_nm_j":"\u6d77\u5916\u55b6\u696d\u8ab2","lib_val_nm_e":"\u6d77\u5916\u55b6\u696d\u8ab2","lib_val_ab_j":"\u6d77\u5916\u55b6\u696d\u8ab2","lib_val_ab_e":"\u6d77\u5916\u55b6\u696d\u8ab2","lib_val_ctl1":"","lib_val_ctl2":"","lib_val_ctl3":"","lib_val_ctl4":"","lib_val_ctl5":"","lib_val_ctl6":"","lib_val_ctl7":"","lib_val_ctl8":"","lib_val_ctl9":"","lib_val_ctl10":"","ini_target_div":"0","disp_order":"20"},{"lib_val_cd":"520","lib_val_nm_j":"\u8f38\u5165\u5546\u54c1\u958b\u767a\u8ab2","lib_val_nm_e":"\u8f38\u5165\u5546\u54c1\u958b\u767a\u8ab2","lib_val_ab_j":"\u8f38\u5165\u5546\u54c1\u958b\u767a\u8ab2","lib_val_ab_e":"\u8f38\u5165\u5546\u54c1\u958b\u767a\u8ab2","lib_val_ctl1":"","lib_val_ctl2":"","lib_val_ctl3":"","lib_val_ctl4":"","lib_val_ctl5":"","lib_val_ctl6":"","lib_val_ctl7":"","lib_val_ctl8":"","lib_val_ctl9":"","lib_val_ctl10":"","ini_target_div":"0","disp_order":"21"}]','','056_library-master','';
2017-12-01 19:36:50 EXEC SPC_056_LIBRARY_MASTER_INQ1 'belong_div';
2017-12-01 19:36:52 EXEC SPC_056_LIBRARY_MASTER_ACT1 'belong_div','[{"lib_val_cd":"001","lib_val_nm_j":"\u793e\u9577\u5ba4","lib_val_nm_e":"\u793e\u9577\u5ba4","lib_val_ab_j":"\u793e\u9577\u5ba4","lib_val_ab_e":"\u793e\u9577\u5ba4","lib_val_ctl1":"","lib_val_ctl2":"","lib_val_ctl3":"","lib_val_ctl4":"","lib_val_ctl5":"","lib_val_ctl6":"","lib_val_ctl7":"","lib_val_ctl8":"","lib_val_ctl9":"","lib_val_ctl10":"","ini_target_div":"0","disp_order":"1"},{"lib_val_cd":"100","lib_val_nm_j":"\u88fd\u9020\u7ba1\u7406\u90e8","lib_val_nm_e":"\u88fd\u9020\u7ba1\u7406\u90e8","lib_val_ab_j":"\u88fd\u9020\u7ba1\u7406\u90e8","lib_val_ab_e":"\u88fd\u9020\u7ba1\u7406\u90e8","lib_val_ctl1":"","lib_val_ctl2":"","lib_val_ctl3":"","lib_val_ctl4":"","lib_val_ctl5":"","lib_val_ctl6":"","lib_val_ctl7":"","lib_val_ctl8":"","lib_val_ctl9":"","lib_val_ctl10":"","ini_target_div":"0","disp_order":"2"},{"lib_val_cd":"110","lib_val_nm_j":"\u691c\u67fb\u8ab2","lib_val_nm_e":"\u691c\u67fb\u8ab2","lib_val_ab_j":"\u691c\u67fb\u8ab2","lib_val_ab_e":"\u691c\u67fb\u8ab2","lib_val_ctl1":"","lib_val_ctl2":"","lib_val_ctl3":"","lib_val_ctl4":"","lib_val_ctl5":"","lib_val_ctl6":"","lib_val_ctl7":"","lib_val_ctl8":"","lib_val_ctl9":"","lib_val_ctl10":"","ini_target_div":"0","disp_order":"3"},{"lib_val_cd":"111","lib_val_nm_j":"zzzzzzz","lib_val_nm_e":"yyyyyyy","lib_val_ab_j":"fffff","lib_val_ab_e":"sssss","lib_val_ctl1":"","lib_val_ctl2":"","lib_val_ctl3":"","lib_val_ctl4":"","lib_val_ctl5":"","lib_val_ctl6":"","lib_val_ctl7":"","lib_val_ctl8":"","lib_val_ctl9":"","lib_val_ctl10":"","ini_target_div":"1","disp_order":"4"},{"lib_val_cd":"120","lib_val_nm_j":"\u8a66\u85ac\u7ba1\u7406\u8ab2","lib_val_nm_e":"\u8a66\u85ac\u7ba1\u7406\u8ab2","lib_val_ab_j":"\u8a66\u85ac\u7ba1\u7406\u8ab2","lib_val_ab_e":"\u8a66\u85ac\u7ba1\u7406\u8ab2","lib_val_ctl1":"","lib_val_ctl2":"","lib_val_ctl3":"","lib_val_ctl4":"","lib_val_ctl5":"","lib_val_ctl6":"","lib_val_ctl7":"","lib_val_ctl8":"","lib_val_ctl9":"","lib_val_ctl10":"","ini_target_div":"0","disp_order":"5"},{"lib_val_cd":"130","lib_val_nm_j":"\u88fd\u9020\u8ab2","lib_val_nm_e":"\u88fd\u9020\u8ab2","lib_val_ab_j":"\u88fd\u9020\u8ab2","lib_val_ab_e":"\u88fd\u9020\u8ab2","lib_val_ctl1":"","lib_val_ctl2":"","lib_val_ctl3":"","lib_val_ctl4":"","lib_val_ctl5":"","lib_val_ctl6":"","lib_val_ctl7":"","lib_val_ctl8":"","lib_val_ctl9":"","lib_val_ctl10":"","ini_target_div":"0","disp_order":"6"},{"lib_val_cd":"140","lib_val_nm_j":"\u8cc7\u6750\u8ab2","lib_val_nm_e":"\u8cc7\u6750\u8ab2","lib_val_ab_j":"\u8cc7\u6750\u8ab2","lib_val_ab_e":"\u8cc7\u6750\u8ab2","lib_val_ctl1":"","lib_val_ctl2":"","lib_val_ctl3":"","lib_val_ctl4":"","lib_val_ctl5":"","lib_val_ctl6":"","lib_val_ctl7":"","lib_val_ctl8":"","lib_val_ctl9":"","lib_val_ctl10":"","ini_target_div":"0","disp_order":"7"},{"lib_val_cd":"200","lib_val_nm_j":"\u6280\u8853\u90e8","lib_val_nm_e":"\u6280\u8853\u90e8","lib_val_ab_j":"\u6280\u8853\u90e8","lib_val_ab_e":"\u6280\u8853\u90e8","lib_val_ctl1":"","lib_val_ctl2":"","lib_val_ctl3":"","lib_val_ctl4":"","lib_val_ctl5":"","lib_val_ctl6":"","lib_val_ctl7":"","lib_val_ctl8":"","lib_val_ctl9":"","lib_val_ctl10":"","ini_target_div":"0","disp_order":"8"},{"lib_val_cd":"210","lib_val_nm_j":"\u8a2d\u8a08\u8ab2","lib_val_nm_e":"\u8a2d\u8a08\u8ab2","lib_val_ab_j":"\u8a2d\u8a08\u8ab2","lib_val_ab_e":"\u8a2d\u8a08\u8ab2","lib_val_ctl1":"","lib_val_ctl2":"","lib_val_ctl3":"","lib_val_ctl4":"","lib_val_ctl5":"","lib_val_ctl6":"","lib_val_ctl7":"","lib_val_ctl8":"","lib_val_ctl9":"","lib_val_ctl10":"","ini_target_div":"0","disp_order":"9"},{"lib_val_cd":"220","lib_val_nm_j":"\u8cfc\u8cb7\u8ab2","lib_val_nm_e":"\u8cfc\u8cb7\u8ab2","lib_val_ab_j":"\u8cfc\u8cb7\u8ab2","lib_val_ab_e":"\u8cfc\u8cb7\u8ab2","lib_val_ctl1":"","lib_val_ctl2":"","lib_val_ctl3":"","lib_val_ctl4":"","lib_val_ctl5":"","lib_val_ctl6":"","lib_val_ctl7":"","lib_val_ctl8":"","lib_val_ctl9":"","lib_val_ctl10":"","ini_target_div":"0","disp_order":"10"},{"lib_val_cd":"222","lib_val_nm_j":"aaaaa","lib_val_nm_e":"bbbbbbb","lib_val_ab_j":"ccccccccc","lib_val_ab_e":"ddd\u0111\u0111","lib_val_ctl1":"","lib_val_ctl2":"","lib_val_ctl3":"","lib_val_ctl4":"","lib_val_ctl5":"","lib_val_ctl6":"","lib_val_ctl7":"","lib_val_ctl8":"","lib_val_ctl9":"","lib_val_ctl10":"","ini_target_div":"1","disp_order":"11"},{"lib_val_cd":"230","lib_val_nm_j":"\u5b66\u8853\u8ab2","lib_val_nm_e":"\u5b66\u8853\u8ab2","lib_val_ab_j":"\u5b66\u8853\u8ab2","lib_val_ab_e":"\u5b66\u8853\u8ab2","lib_val_ctl1":"","lib_val_ctl2":"","lib_val_ctl3":"","lib_val_ctl4":"","lib_val_ctl5":"","lib_val_ctl6":"","lib_val_ctl7":"","lib_val_ctl8":"","lib_val_ctl9":"","lib_val_ctl10":"","ini_target_div":"0","disp_order":"12"},{"lib_val_cd":"300","lib_val_nm_j":"\u7dcf\u52d9\u90e8","lib_val_nm_e":"\u7dcf\u52d9\u90e8","lib_val_ab_j":"\u7dcf\u52d9\u90e8","lib_val_ab_e":"\u7dcf\u52d9\u90e8","lib_val_ctl1":"","lib_val_ctl2":"","lib_val_ctl3":"","lib_val_ctl4":"","lib_val_ctl5":"","lib_val_ctl6":"","lib_val_ctl7":"","lib_val_ctl8":"","lib_val_ctl9":"","lib_val_ctl10":"","ini_target_div":"0","disp_order":"13"},{"lib_val_cd":"310","lib_val_nm_j":"\u7dcf\u52d9\u8ab2","lib_val_nm_e":"\u7dcf\u52d9\u8ab2","lib_val_ab_j":"\u7dcf\u52d9\u8ab2","lib_val_ab_e":"\u7dcf\u52d9\u8ab2","lib_val_ctl1":"","lib_val_ctl2":"","lib_val_ctl3":"","lib_val_ctl4":"","lib_val_ctl5":"","lib_val_ctl6":"","lib_val_ctl7":"","lib_val_ctl8":"","lib_val_ctl9":"","lib_val_ctl10":"","ini_target_div":"0","disp_order":"14"},{"lib_val_cd":"320","lib_val_nm_j":"\u7d4c\u7406\u8ab2","lib_val_nm_e":"\u7d4c\u7406\u8ab2","lib_val_ab_j":"\u7d4c\u7406\u8ab2","lib_val_ab_e":"\u7d4c\u7406\u8ab2","lib_val_ctl1":"","lib_val_ctl2":"","lib_val_ctl3":"","lib_val_ctl4":"","lib_val_ctl5":"","lib_val_ctl6":"","lib_val_ctl7":"","lib_val_ctl8":"","lib_val_ctl9":"","lib_val_ctl10":"","ini_target_div":"0","disp_order":"15"},{"lib_val_cd":"333","lib_val_nm_j":"data sample text","lib_val_nm_e":"data sample text","lib_val_ab_j":"data sample text","lib_val_ab_e":"data sample text","lib_val_ctl1":"","lib_val_ctl2":"","lib_val_ctl3":"","lib_val_ctl4":"","lib_val_ctl5":"","lib_val_ctl6":"","lib_val_ctl7":"","lib_val_ctl8":"","lib_val_ctl9":"","lib_val_ctl10":"","ini_target_div":"1","disp_order":"16"},{"lib_val_cd":"400","lib_val_nm_j":"\u56fd\u5185\u55b6\u696d\u90e8","lib_val_nm_e":"\u56fd\u5185\u55b6\u696d\u90e8","lib_val_ab_j":"\u56fd\u5185\u55b6\u696d\u90e8","lib_val_ab_e":"\u56fd\u5185\u55b6\u696d\u90e8","lib_val_ctl1":"","lib_val_ctl2":"","lib_val_ctl3":"","lib_val_ctl4":"","lib_val_ctl5":"","lib_val_ctl6":"","lib_val_ctl7":"","lib_val_ctl8":"","lib_val_ctl9":"","lib_val_ctl10":"","ini_target_div":"0","disp_order":"17"},{"lib_val_cd":"410","lib_val_nm_j":"\u56fd\u5185\u55b6\u696d\u8ab2","lib_val_nm_e":"\u56fd\u5185\u55b6\u696d\u8ab2","lib_val_ab_j":"\u56fd\u5185\u55b6\u696d\u8ab2","lib_val_ab_e":"\u56fd\u5185\u55b6\u696d\u8ab2","lib_val_ctl1":"","lib_val_ctl2":"","lib_val_ctl3":"","lib_val_ctl4":"","lib_val_ctl5":"","lib_val_ctl6":"","lib_val_ctl7":"","lib_val_ctl8":"","lib_val_ctl9":"","lib_val_ctl10":"","ini_target_div":"0","disp_order":"18"},{"lib_val_cd":"500","lib_val_nm_j":"\u6d77\u5916\u4e8b\u696d\u90e8","lib_val_nm_e":"\u6d77\u5916\u4e8b\u696d\u90e8","lib_val_ab_j":"\u6d77\u5916\u4e8b\u696d\u90e8","lib_val_ab_e":"\u6d77\u5916\u4e8b\u696d\u90e8","lib_val_ctl1":"","lib_val_ctl2":"","lib_val_ctl3":"","lib_val_ctl4":"","lib_val_ctl5":"","lib_val_ctl6":"","lib_val_ctl7":"","lib_val_ctl8":"","lib_val_ctl9":"","lib_val_ctl10":"","ini_target_div":"0","disp_order":"19"},{"lib_val_cd":"510","lib_val_nm_j":"\u6d77\u5916\u55b6\u696d\u8ab2","lib_val_nm_e":"\u6d77\u5916\u55b6\u696d\u8ab2","lib_val_ab_j":"\u6d77\u5916\u55b6\u696d\u8ab2","lib_val_ab_e":"\u6d77\u5916\u55b6\u696d\u8ab2","lib_val_ctl1":"","lib_val_ctl2":"","lib_val_ctl3":"","lib_val_ctl4":"","lib_val_ctl5":"","lib_val_ctl6":"","lib_val_ctl7":"","lib_val_ctl8":"","lib_val_ctl9":"","lib_val_ctl10":"","ini_target_div":"0","disp_order":"20"},{"lib_val_cd":"520","lib_val_nm_j":"\u8f38\u5165\u5546\u54c1\u958b\u767a\u8ab2","lib_val_nm_e":"\u8f38\u5165\u5546\u54c1\u958b\u767a\u8ab2","lib_val_ab_j":"\u8f38\u5165\u5546\u54c1\u958b\u767a\u8ab2","lib_val_ab_e":"\u8f38\u5165\u5546\u54c1\u958b\u767a\u8ab2","lib_val_ctl1":"","lib_val_ctl2":"","lib_val_ctl3":"","lib_val_ctl4":"","lib_val_ctl5":"","lib_val_ctl6":"","lib_val_ctl7":"","lib_val_ctl8":"","lib_val_ctl9":"","lib_val_ctl10":"","ini_target_div":"0","disp_order":"21"}]','','056_library-master','';
2017-12-01 19:36:55 EXEC SPC_056_LIBRARY_MASTER_INQ1 'belong_div';
