2017-11-10 10:29:39 EXEC SPC_COM_GET_COMBOBOX 'possible_div';
2017-11-10 11:22:57 EXEC SPC_COM_GET_COMBOBOX 'possible_div';
2017-11-10 12:26:19 EXEC SPC_COM_GET_COMBOBOX 'port_country_div';
2017-11-10 12:26:19 EXEC SPC_COM_GET_COMBOBOX 'unit_q_div';
2017-11-10 12:26:20 EXEC SPC_COM_GET_COMBOBOX 'shipment_div';
2017-11-10 12:26:20 EXEC SPC_COM_GET_COMBOBOX 'currency_div';
2017-11-10 12:26:20 EXEC SPC_COM_GET_COMBOBOX 'payment_conditions_div';
2017-11-10 12:26:20 EXEC SPC_COM_GET_COMBOBOX 'port_city_div';
2017-11-10 12:26:20 EXEC SPC_COM_GET_COMBOBOX 'trade_terms_div';
2017-11-10 12:26:20 EXEC SPC_COM_GET_COMBOBOX 'unit_w_div';
2017-11-10 12:26:20 EXEC SPC_COM_GET_COMBOBOX 'unit_m_div';
2017-11-10 12:26:20 EXEC SPC_COM_GET_COMBOBOX 'sales_detail_div';
2017-11-10 12:26:21 EXEC SPC_COM_GET_COMBOBOX 'bank_div';
2017-11-10 12:26:53 EXEC SPC_COM_GET_COMBOBOX 'shipment_div';
2017-11-10 12:26:53 EXEC SPC_COM_GET_COMBOBOX 'port_city_div';
2017-11-10 12:26:53 EXEC SPC_COM_GET_COMBOBOX 'payment_conditions_div';
2017-11-10 12:26:53 EXEC SPC_COM_GET_COMBOBOX 'currency_div';
2017-11-10 12:26:53 EXEC SPC_COM_GET_COMBOBOX 'port_country_div';
2017-11-10 12:26:53 EXEC SPC_COM_GET_COMBOBOX 'trade_terms_div';
2017-11-10 12:26:53 EXEC SPC_COM_GET_COMBOBOX 'unit_q_div';
2017-11-10 12:26:53 EXEC SPC_COM_GET_COMBOBOX 'unit_m_div';
2017-11-10 12:26:53 EXEC SPC_COM_GET_COMBOBOX 'sales_detail_div';
2017-11-10 12:26:53 EXEC SPC_COM_GET_COMBOBOX 'unit_w_div';
2017-11-10 12:26:53 EXEC SPC_COM_GET_COMBOBOX 'bank_div';
2017-11-10 12:34:47 EXEC SPC_COM_GET_COMBOBOX 'port_country_div';
2017-11-10 12:34:47 EXEC SPC_COM_GET_COMBOBOX 'port_city_div';
2017-11-10 12:34:47 EXEC SPC_COM_GET_COMBOBOX 'currency_div';
2017-11-10 12:34:47 EXEC SPC_COM_GET_COMBOBOX 'payment_conditions_div';
2017-11-10 12:34:47 EXEC SPC_COM_GET_COMBOBOX 'shipment_div';
2017-11-10 12:34:47 EXEC SPC_COM_GET_COMBOBOX 'trade_terms_div';
2017-11-10 12:34:48 EXEC SPC_COM_GET_COMBOBOX 'unit_q_div';
2017-11-10 12:34:48 EXEC SPC_COM_GET_COMBOBOX 'unit_w_div';
2017-11-10 12:34:48 EXEC SPC_COM_GET_COMBOBOX 'unit_m_div';
2017-11-10 12:34:48 EXEC SPC_COM_GET_COMBOBOX 'sales_detail_div';
2017-11-10 12:34:48 EXEC SPC_COM_GET_COMBOBOX 'bank_div';
2017-11-10 16:13:06 EXEC SPC_COM_GET_COMBOBOX 'possible_div';
2017-11-10 16:23:58 EXEC SPC_COM_GET_COMBOBOX 'possible_div';
2017-11-10 16:28:13 EXEC SPC_COM_GET_COMBOBOX 'possible_div';
2017-11-10 16:30:29 EXEC SPC_COM_GET_COMBOBOX 'possible_div';
2017-11-10 16:32:15 EXEC SPC_COM_GET_COMBOBOX 'possible_div';
2017-11-10 16:32:48 EXEC SPC_COM_GET_COMBOBOX 'port_city_div';
2017-11-10 16:32:49 EXEC SPC_COM_GET_COMBOBOX 'unit_q_div';
2017-11-10 16:32:49 EXEC SPC_COM_GET_COMBOBOX 'unit_w_div';
2017-11-10 16:32:50 EXEC SPC_COM_GET_COMBOBOX 'trade_terms_div';
2017-11-10 16:32:50 EXEC SPC_COM_GET_COMBOBOX 'payment_conditions_div';
2017-11-10 16:32:50 EXEC SPC_COM_GET_COMBOBOX 'shipment_div';
2017-11-10 16:32:50 EXEC SPC_COM_GET_COMBOBOX 'port_country_div';
2017-11-10 16:32:50 EXEC SPC_COM_GET_COMBOBOX 'currency_div';
2017-11-10 16:32:50 EXEC SPC_COM_GET_COMBOBOX 'unit_m_div';
2017-11-10 16:32:50 EXEC SPC_COM_GET_COMBOBOX 'sales_detail_div';
2017-11-10 16:32:50 EXEC SPC_COM_GET_COMBOBOX 'bank_div';
2017-11-10 16:32:54 EXEC SPC_COM_GET_COMBOBOX 'payment_conditions_div';
2017-11-10 16:32:54 EXEC SPC_COM_GET_COMBOBOX 'trade_terms_div';
2017-11-10 16:32:54 EXEC SPC_COM_GET_COMBOBOX 'port_country_div';
2017-11-10 16:32:54 EXEC SPC_COM_GET_COMBOBOX 'currency_div';
2017-11-10 16:32:54 EXEC SPC_COM_GET_COMBOBOX 'shipment_div';
2017-11-10 16:32:55 EXEC SPC_COM_GET_COMBOBOX 'unit_w_div';
2017-11-10 16:32:55 EXEC SPC_COM_GET_COMBOBOX 'sales_detail_div';
2017-11-10 16:32:55 EXEC SPC_COM_GET_COMBOBOX 'unit_m_div';
2017-11-10 16:32:55 EXEC SPC_COM_GET_COMBOBOX 'bank_div';
2017-11-10 16:32:55 EXEC SPC_COM_GET_COMBOBOX 'unit_q_div';
2017-11-10 16:33:00 EXEC SPC_COM_GET_COMBOBOX 'incumbent_div';
2017-11-10 16:33:00 EXEC SPC_COM_GET_COMBOBOX 'auth_role_div';
2017-11-10 16:33:00 EXEC SPC_COM_GET_COMBOBOX 'belong_div';
2017-11-10 16:34:47 EXEC SPC_COM_GET_COMBOBOX 'position_div';
2017-11-10 16:34:47 EXEC SPC_COM_GET_COMBOBOX 'auth_role_div';
2017-11-10 16:34:47 EXEC SPC_COM_GET_COMBOBOX 'belong_div';
2017-11-10 16:34:47 EXEC SPC_COM_GET_COMBOBOX 'incumbent_div';
2017-11-10 16:34:56 EXEC SPC_077_USER_MASTER_SEARCH_FND1 '','','','1','10';
2017-11-10 16:37:12 EXEC SPC_077_USER_MASTER_SEARCH_FND1 '','','','1','10';
2017-11-10 16:37:16 EXEC SPC_COM_GET_COMBOBOX 'incumbent_div';
2017-11-10 16:37:16 EXEC SPC_COM_GET_COMBOBOX 'position_div';
2017-11-10 16:37:16 EXEC SPC_COM_GET_COMBOBOX 'belong_div';
2017-11-10 16:37:16 EXEC SPC_COM_GET_COMBOBOX 'auth_role_div';
2017-11-10 16:37:16 EXEC SPC_076_USER_MASTER_DETAIL_INQ1 '106';
2017-11-10 16:44:58 EXEC SPC_077_USER_MASTER_SEARCH_FND1 '','','','1','10';
2017-11-10 16:45:41 EXEC SPC_077_USER_MASTER_SEARCH_FND1 '','','','1','10';
2017-11-10 16:49:36 EXEC SPC_077_USER_MASTER_SEARCH_FND1 '','','','1','10';
2017-11-10 16:49:46 EXEC SPC_COM_GET_COMBOBOX 'possible_div';
2017-11-10 17:40:24 EXEC SPC_076_USER_MASTER_DETAIL_INQ1 '106';
2017-11-10 17:40:28 EXEC SPC_COM_GET_COMBOBOX 'possible_div';
2017-11-10 17:40:31 EXEC SPC_COM_GET_COMBOBOX 'possible_div';
2017-11-10 18:07:15 EXEC SPC_COM_GET_COMBOBOX 'incumbent_div';
2017-11-10 18:07:16 EXEC SPC_COM_GET_COMBOBOX 'auth_role_div';
2017-11-10 18:07:16 EXEC SPC_COM_GET_COMBOBOX 'belong_div';
2017-11-10 18:07:16 EXEC SPC_COM_GET_COMBOBOX 'position_div';
2017-11-10 18:08:01 EXEC SPC_COM_GET_COMBOBOX 'incumbent_div';
2017-11-10 18:08:01 EXEC SPC_COM_GET_COMBOBOX 'auth_role_div';
2017-11-10 18:08:01 EXEC SPC_COM_GET_COMBOBOX 'position_div';
2017-11-10 18:08:01 EXEC SPC_COM_GET_COMBOBOX 'belong_div';
2017-11-10 18:13:08 EXEC SPC_077_USER_MASTER_SEARCH_FND1 '','','','1','10';
2017-11-10 18:18:48 EXEC SPC_COM_GET_COMBOBOX 'auth_role_div';
2017-11-10 18:18:48 EXEC SPC_COM_GET_COMBOBOX 'incumbent_div';
2017-11-10 18:18:48 EXEC SPC_076_USER_MASTER_DETAIL_INQ1 '';
2017-11-10 18:18:48 EXEC SPC_COM_GET_COMBOBOX 'belong_div';
2017-11-10 18:18:48 EXEC SPC_COM_GET_COMBOBOX 'position_div';
2017-11-10 18:18:59 EXEC SPC_076_USER_MASTER_DETAIL_INQ1 'ユーザーコード';
2017-11-10 18:19:05 EXEC SPC_076_USER_MASTER_DETAIL_INQ1 'ユーザーコード0123';
2017-11-10 18:19:29 EXEC SPC_076_USER_MASTER_DETAIL_ACT1 'ユーザーコード0123','ユーザー名称和文','ユーザー略称和文','ユーザー名称英文','ユーザー名称英文','パスワード','510','P2','100','1','','','メモ','999999','076_user-master-detail','::1';
2017-11-10 18:19:30 EXEC SPC_076_USER_MASTER_DETAIL_INQ1 'ユーザーコード0123';
2017-11-10 18:19:42 EXEC SPC_COM_GET_COMBOBOX 'auth_role_div';
2017-11-10 18:19:42 EXEC SPC_COM_GET_COMBOBOX 'position_div';
2017-11-10 18:19:42 EXEC SPC_COM_GET_COMBOBOX 'incumbent_div';
2017-11-10 18:19:42 EXEC SPC_COM_GET_COMBOBOX 'belong_div';
2017-11-10 18:19:42 EXEC SPC_076_USER_MASTER_DETAIL_INQ1 '';
2017-11-10 18:20:53 EXEC SPC_COM_GET_COMBOBOX 'belong_div';
2017-11-10 18:20:53 EXEC SPC_COM_GET_COMBOBOX 'incumbent_div';
2017-11-10 18:20:53 EXEC SPC_076_USER_MASTER_DETAIL_INQ1 '';
2017-11-10 18:20:53 EXEC SPC_COM_GET_COMBOBOX 'position_div';
2017-11-10 18:20:53 EXEC SPC_COM_GET_COMBOBOX 'auth_role_div';
2017-11-10 18:21:03 EXEC SPC_COM_GET_COMBOBOX 'currency_div';
;
2017-11-10 18:21:03 EXEC SPC_COM_GET_COMBOBOX 'port_city_div';
2017-11-10 18:21:03 EXEC SPC_COM_GET_COMBOBOX 'port_country_div';
2017-11-10 18:21:03 EXEC SPC_COM_GET_COMBOBOX 'shipment_div';
2017-11-10 18:21:04 EXEC SPC_COM_GET_COMBOBOX 'unit_q_div';
2017-11-10 18:21:04 EXEC SPC_COM_GET_COMBOBOX 'sales_detail_div';
2017-11-10 18:21:04 EXEC SPC_COM_GET_COMBOBOX 'unit_m_div';
2017-11-10 18:21:04 EXEC SPC_COM_GET_COMBOBOX 'unit_w_div';
2017-11-10 18:21:04 EXEC SPC_COM_GET_COMBOBOX 'bank_div';
2017-11-10 18:21:04 EXEC SPC_COM_GET_COMBOBOX 'payment_conditions_div';
2017-11-10 18:22:36 EXEC SPC_COM_GET_COMBOBOX 'currency_div';
2017-11-10 18:22:36 EXEC SPC_COM_GET_COMBOBOX 'port_city_div';
2017-11-10 18:22:36 EXEC SPC_COM_GET_COMBOBOX 'trade_terms_div';
2017-11-10 18:22:36 EXEC SPC_COM_GET_COMBOBOX 'shipment_div';
2017-11-10 18:22:36 EXEC SPC_COM_GET_COMBOBOX 'payment_conditions_div';
2017-11-10 18:22:36 EXEC SPC_COM_GET_COMBOBOX 'port_country_div';
2017-11-10 18:22:37 EXEC SPC_COM_GET_COMBOBOX 'unit_w_div';
2017-11-10 18:22:37 EXEC SPC_COM_GET_COMBOBOX 'bank_div';
2017-11-10 18:22:37 EXEC SPC_COM_GET_COMBOBOX 'sales_detail_div';
2017-11-10 18:22:37 EXEC SPC_COM_GET_COMBOBOX 'unit_q_div';
2017-11-10 18:22:37 EXEC SPC_COM_GET_COMBOBOX 'unit_m_div';
2017-11-10 18:22:46 EXEC SPC_COM_GET_COMBOBOX 'trade_terms_div';
2017-11-10 18:22:46 EXEC SPC_COM_GET_COMBOBOX 'shipment_div';
2017-11-10 18:22:46 EXEC SPC_COM_GET_COMBOBOX 'port_country_div';
2017-11-10 18:22:46 EXEC SPC_COM_GET_COMBOBOX 'port_city_div';
2017-11-10 18:22:46 EXEC SPC_COM_GET_COMBOBOX 'currency_div';
2017-11-10 18:22:46 EXEC SPC_COM_GET_COMBOBOX 'payment_conditions_div';
2017-11-10 18:22:47 EXEC SPC_COM_GET_COMBOBOX 'unit_m_div';
2017-11-10 18:22:47 EXEC SPC_COM_GET_COMBOBOX 'unit_w_div';
2017-11-10 18:22:47 EXEC SPC_COM_GET_COMBOBOX 'unit_q_div';
2017-11-10 18:22:47 EXEC SPC_COM_GET_COMBOBOX 'bank_div';
2017-11-10 18:22:47 EXEC SPC_COM_GET_COMBOBOX 'sales_detail_div';
2017-11-10 18:22:52 EXEC SPC_COM_GET_COMBOBOX 'auth_role_div';
2017-11-10 18:22:52 EXEC SPC_COM_GET_COMBOBOX 'incumbent_div';
2017-11-10 18:22:52 EXEC SPC_COM_GET_COMBOBOX 'belong_div';
2017-11-10 18:22:52 EXEC SPC_COM_GET_COMBOBOX 'position_div';
2017-11-10 18:22:59 EXEC SPC_COM_GET_COMBOBOX 'belong_div';
2017-11-10 18:22:59 EXEC SPC_COM_GET_COMBOBOX 'incumbent_div';
2017-11-10 18:22:59 EXEC SPC_COM_GET_COMBOBOX 'auth_role_div';
2017-11-10 18:22:59 EXEC SPC_COM_GET_COMBOBOX 'position_div';
2017-11-10 18:23:02 EXEC SPC_COM_GET_COMBOBOX 'position_div';

2017-11-10 18:23:02 EXEC SPC_COM_GET_COMBOBOX 'belong_div';
2017-11-10 18:23:02 EXEC SPC_COM_GET_COMBOBOX 'auth_role_div';
2017-11-10 18:23:07 EXEC SPC_077_USER_MASTER_SEARCH_FND1 '','','','1','10';
2017-11-10 18:23:19 EXEC SPC_COM_GET_COMBOBOX 'auth_role_div';
2017-11-10 18:23:19 EXEC SPC_COM_GET_COMBOBOX 'incumbent_div';
2017-11-10 18:23:19 EXEC SPC_COM_GET_COMBOBOX 'position_div';
2017-11-10 18:23:19 EXEC SPC_076_USER_MASTER_DETAIL_INQ1 '';
2017-11-10 18:23:22 EXEC SPC_COM_GET_COMBOBOX 'auth_role_div';
2017-11-10 18:23:22 EXEC SPC_COM_GET_COMBOBOX 'position_div';
2017-11-10 18:23:22 EXEC SPC_076_USER_MASTER_DETAIL_INQ1 '';
2017-11-10 18:23:22 EXEC SPC_COM_GET_COMBOBOX 'belong_div';
2017-11-10 18:23:22 EXEC SPC_COM_GET_COMBOBOX 'incumbent_div';
2017-11-10 18:23:32 EXEC SPC_076_USER_MASTER_DETAIL_INQ1 '';
2017-11-10 18:23:32 EXEC SPC_COM_GET_COMBOBOX 'belong_div';
2017-11-10 18:23:32 EXEC SPC_COM_GET_COMBOBOX 'incumbent_div';
2017-11-10 18:23:32 EXEC SPC_COM_GET_COMBOBOX 'auth_role_div';
2017-11-10 18:23:32 EXEC SPC_COM_GET_COMBOBOX 'position_div';
2017-11-10 18:23:35 EXEC SPC_COM_GET_COMBOBOX 'belong_div';
2017-11-10 18:23:35 EXEC SPC_COM_GET_COMBOBOX 'position_div';
2017-11-10 18:23:35 EXEC SPC_COM_GET_COMBOBOX 'incumbent_div';
2017-11-10 18:23:35 EXEC SPC_COM_GET_COMBOBOX 'auth_role_div';
2017-11-10 18:23:35 EXEC SPC_076_USER_MASTER_DETAIL_INQ1 '';
2017-11-10 18:24:04 EXEC SPC_COM_GET_COMBOBOX 'incumbent_div';
2017-11-10 18:24:04 EXEC SPC_COM_GET_COMBOBOX 'auth_role_div';
2017-11-10 18:24:04 EXEC SPC_COM_GET_COMBOBOX 'belong_div';
2017-11-10 18:24:04 EXEC SPC_076_USER_MASTER_DETAIL_INQ1 '';
2017-11-10 18:24:04 EXEC SPC_COM_GET_COMBOBOX 'position_div';
2017-11-10 18:24:23 EXEC SPC_COM_GET_COMBOBOX 'auth_role_div';
2017-11-10 18:24:23 EXEC SPC_COM_GET_COMBOBOX 'incumbent_div';
2017-11-10 18:24:23 EXEC SPC_COM_GET_COMBOBOX 'belong_div';
2017-11-10 18:24:23 EXEC SPC_076_USER_MASTER_DETAIL_INQ1 '';
2017-11-10 18:24:23 EXEC SPC_COM_GET_COMBOBOX 'position_div';
2017-11-10 18:25:11 EXEC SPC_COM_GET_COMBOBOX 'auth_role_div';
2017-11-10 18:25:11 EXEC SPC_COM_GET_COMBOBOX 'incumbent_div';
2017-11-10 18:25:11 EXEC SPC_COM_GET_COMBOBOX 'position_div';
2017-11-10 18:25:11 EXEC SPC_076_USER_MASTER_DETAIL_INQ1 '';
2017-11-10 18:25:11 EXEC SPC_COM_GET_COMBOBOX 'belong_div';
2017-11-10 18:25:16 EXEC SPC_COM_GET_COMBOBOX 'position_div';
2017-11-10 18:25:16 EXEC SPC_COM_GET_COMBOBOX 'auth_role_div';
2017-11-10 18:25:16 EXEC SPC_COM_GET_COMBOBOX 'belong_div';
2017-11-10 18:25:16 EXEC SPC_076_USER_MASTER_DETAIL_INQ1 '';
2017-11-10 18:25:16 EXEC SPC_COM_GET_COMBOBOX 'incumbent_div';
2017-11-10 18:25:19 EXEC SPC_COM_GET_COMBOBOX 'position_div';
2017-11-10 18:25:19 EXEC SPC_COM_GET_COMBOBOX 'auth_role_div';
2017-11-10 18:25:19 EXEC SPC_COM_GET_COMBOBOX 'incumbent_div';
2017-11-10 18:36:31 EXEC SPC_COM_GET_COMBOBOX 'possible_div';
2017-11-10 18:38:51 EXEC SPC_COM_GET_COMBOBOX 'possible_div';
2017-11-10 18:47:31 EXEC SPC_057_LIBRARY_MASTER_SEARCH_FND1 '','','','','','1','10';
2017-11-10 18:47:37 EXEC SPC_COM_GET_COMBOBOX 'possible_div';
2017-11-10 18:47:59 EXEC SPC_057_LIBRARY_MASTER_SEARCH_FND1 '','','','','','1','10';
2017-11-10 18:48:31 EXEC SPC_057_LIBRARY_MASTER_SEARCH_FND1 '','','','','','1','10';
2017-11-10 18:48:54 EXEC SPC_057_LIBRARY_MASTER_SEARCH_FND1 '','','','','','1','10';
2017-11-10 18:49:03 EXEC SPC_057_LIBRARY_MASTER_SEARCH_FND1 '','','','','','1','10';
2017-11-10 19:30:15 EXEC SPC_057_LIBRARY_MASTER_SEARCH_FND1 '','','','','','1','10';
2017-11-10 19:30:53 EXEC SPC_057_LIBRARY_MASTER_SEARCH_FND1 '','','','','','1','10';
2017-11-10 19:34:52 EXEC SPC_COM_GET_COMBOBOX 'possible_div';
2017-11-10 19:35:03 EXEC SPC_057_LIBRARY_MASTER_SEARCH_FND1 '','','','','','1','10';
2017-11-10 19:35:31 EXEC SPC_COM_GET_COMBOBOX 'possible_div';
2017-11-10 19:35:32 EXEC SPC_057_LIBRARY_MASTER_SEARCH_FND1 '','','','','','1','10';
2017-11-10 19:35:36 EXEC SPC_057_LIBRARY_MASTER_SEARCH_FND1 '','','','','','1','10';
2017-11-10 19:37:23 EXEC SPC_057_LIBRARY_MASTER_SEARCH_FND1 '','','','','','1','10';
2017-11-10 19:37:35 EXEC SPC_057_LIBRARY_MASTER_SEARCH_FND1 '','','','','','1','10';
2017-11-10 19:37:39 EXEC SPC_COM_GET_COMBOBOX 'possible_div';
2017-11-10 19:37:45 EXEC SPC_057_LIBRARY_MASTER_SEARCH_FND1 '','','','','','1','10';
2017-11-10 19:38:09 EXEC SPC_057_LIBRARY_MASTER_SEARCH_FND1 '','','','','','1','10';
2017-11-10 19:38:31 EXEC SPC_057_LIBRARY_MASTER_SEARCH_FND1 '','','','','','1','10';
2017-11-10 19:40:27 EXEC SPC_COM_GET_COMBOBOX 'possible_div';
2017-11-10 19:40:29 EXEC SPC_057_LIBRARY_MASTER_SEARCH_FND1 '','','','','','1','10';
2017-11-10 19:40:35 EXEC SPC_057_LIBRARY_MASTER_SEARCH_FND1 '','','','','','2','10';
2017-11-10 19:40:39 EXEC SPC_057_LIBRARY_MASTER_SEARCH_FND1 '','','','','','48','10';
2017-11-10 19:41:05 EXEC SPC_COM_GET_COMBOBOX 'possible_div';
2017-11-10 19:41:10 EXEC SPC_057_LIBRARY_MASTER_SEARCH_FND1 '','','','','','1','10';
2017-11-10 19:43:23 EXEC SPC_057_LIBRARY_MASTER_SEARCH_FND1 '','','','','','48','10';
2017-11-10 19:43:25 EXEC SPC_057_LIBRARY_MASTER_SEARCH_FND1 '','','','','','47','10';
2017-11-10 19:43:27 EXEC SPC_057_LIBRARY_MASTER_SEARCH_FND1 '','','','','','46','10';
2017-11-10 19:43:28 EXEC SPC_057_LIBRARY_MASTER_SEARCH_FND1 '','','','','','1','10';
2017-11-10 19:43:31 EXEC SPC_057_LIBRARY_MASTER_SEARCH_FND1 '','','','','','2','10';
2017-11-10 19:43:32 EXEC SPC_057_LIBRARY_MASTER_SEARCH_FND1 '','','','','','3','10';
2017-11-10 19:43:37 EXEC SPC_057_LIBRARY_MASTER_SEARCH_FND1 '','','','','','4','10';
2017-11-10 19:43:47 EXEC SPC_057_LIBRARY_MASTER_SEARCH_FND1 '','','','','','3','10';
2017-11-10 19:43:57 EXEC SPC_057_LIBRARY_MASTER_SEARCH_FND1 '','','','','','4','10';
2017-11-10 19:44:04 EXEC SPC_057_LIBRARY_MASTER_SEARCH_FND1 '','','','','','5','10';
2017-11-10 19:44:07 EXEC SPC_057_LIBRARY_MASTER_SEARCH_FND1 '','','','','','48','10';
2017-11-10 19:44:09 EXEC SPC_057_LIBRARY_MASTER_SEARCH_FND1 '','','','','','47','10';
2017-11-10 19:44:16 EXEC SPC_057_LIBRARY_MASTER_SEARCH_FND1 '','','','','','46','10';
2017-11-10 19:44:22 EXEC SPC_057_LIBRARY_MASTER_SEARCH_FND1 '','','','','','45','10';
2017-11-10 19:44:24 EXEC SPC_057_LIBRARY_MASTER_SEARCH_FND1 '','','','','','44','10';
2017-11-10 19:44:26 EXEC SPC_057_LIBRARY_MASTER_SEARCH_FND1 '','','','','','43','10';
2017-11-10 19:44:28 EXEC SPC_057_LIBRARY_MASTER_SEARCH_FND1 '','','','','','42','10';
2017-11-10 19:44:29 EXEC SPC_057_LIBRARY_MASTER_SEARCH_FND1 '','','','','','41','10';
2017-11-10 19:44:52 EXEC SPC_COM_GET_COMBOBOX 'possible_div';
2017-11-10 19:44:53 EXEC SPC_057_LIBRARY_MASTER_SEARCH_FND1 '','','','','','1','10';
2017-11-10 19:45:14 EXEC SPC_COM_GET_COMBOBOX 'possible_div';
2017-11-10 19:45:18 EXEC SPC_057_LIBRARY_MASTER_SEARCH_FND1 '','','','','','1','10';
2017-11-10 19:45:20 EXEC SPC_057_LIBRARY_MASTER_SEARCH_FND1 '','','','','','1','50';
2017-11-10 19:45:27 EXEC SPC_057_LIBRARY_MASTER_SEARCH_FND1 '','','','','','1','100';
2017-11-10 19:45:35 EXEC SPC_057_LIBRARY_MASTER_SEARCH_FND1 '','','','','','5','100';
2017-11-10 19:45:38 EXEC SPC_057_LIBRARY_MASTER_SEARCH_FND1 '','','','','','5','10';
2017-11-10 19:45:41 EXEC SPC_057_LIBRARY_MASTER_SEARCH_FND1 '','','','','','5','50';
2017-11-10 19:45:46 EXEC SPC_057_LIBRARY_MASTER_SEARCH_FND1 '','','','','','5','100';
2017-11-10 19:45:54 EXEC SPC_057_LIBRARY_MASTER_SEARCH_FND1 '','','','','','5','10';
2017-11-10 19:45:55 EXEC SPC_057_LIBRARY_MASTER_SEARCH_FND1 '','','','','','48','10';
2017-11-10 19:47:20 EXEC SPC_COM_GET_COMBOBOX 'possible_div';
2017-11-10 19:47:59 EXEC SPC_057_LIBRARY_MASTER_SEARCH_FND1 '','','','','','1','10';
2017-11-10 19:48:45 EXEC SPC_COM_GET_COMBOBOX 'possible_div';
2017-11-10 19:48:49 EXEC SPC_057_LIBRARY_MASTER_SEARCH_FND1 '','','','','','1','10';
2017-11-10 19:48:57 EXEC SPC_057_LIBRARY_MASTER_SEARCH_FND1 '','','','','','2','10';
2017-11-10 19:48:59 EXEC SPC_057_LIBRARY_MASTER_SEARCH_FND1 '','','','','','48','10';
2017-11-10 19:49:02 EXEC SPC_057_LIBRARY_MASTER_SEARCH_FND1 '','','','','','48','100';
2017-11-10 19:49:04 EXEC SPC_057_LIBRARY_MASTER_SEARCH_FND1 '','','','','','48','50';
2017-11-10 19:49:09 EXEC SPC_057_LIBRARY_MASTER_SEARCH_FND1 '','','','','','48','10';
2017-11-10 19:49:28 EXEC SPC_057_LIBRARY_MASTER_SEARCH_FND1 '','','','','','47','10';
2017-11-10 19:49:31 EXEC SPC_057_LIBRARY_MASTER_SEARCH_FND1 '','','','','','47','50';
2017-11-10 19:56:07 EXEC SPC_057_LIBRARY_MASTER_SEARCH_FND1 '','','','','','47','50';
2017-11-10 19:56:17 EXEC SPC_057_LIBRARY_MASTER_SEARCH_FND1 '','','','','','47','50';
2017-11-10 19:56:22 EXEC SPC_057_LIBRARY_MASTER_SEARCH_FND1 '','','','','','47','10';
2017-11-10 19:57:55 EXEC SPC_057_LIBRARY_MASTER_SEARCH_FND1 '','','','','','46','10';
2017-11-10 19:57:57 EXEC SPC_057_LIBRARY_MASTER_SEARCH_FND1 '','','','','','45','10';
2017-11-10 19:57:58 EXEC SPC_057_LIBRARY_MASTER_SEARCH_FND1 '','','','','','44','10';
2017-11-10 19:59:42 EXEC SPC_057_LIBRARY_MASTER_SEARCH_FND1 '','','','','','44','10';
2017-11-10 20:00:14 EXEC SPC_057_LIBRARY_MASTER_SEARCH_FND1 '','','','','','43','10';
2017-11-10 20:00:17 EXEC SPC_057_LIBRARY_MASTER_SEARCH_FND1 '','','','','','1','10';
2017-11-10 20:00:18 EXEC SPC_057_LIBRARY_MASTER_SEARCH_FND1 '','','','','','2','10';
2017-11-10 20:00:20 EXEC SPC_057_LIBRARY_MASTER_SEARCH_FND1 '','','','','','2','10';
2017-11-10 20:00:23 EXEC SPC_057_LIBRARY_MASTER_SEARCH_FND1 '','','','','','2','50';
2017-11-10 20:00:28 EXEC SPC_057_LIBRARY_MASTER_SEARCH_FND1 '','','','','','2','50';
2017-11-10 20:00:29 EXEC SPC_057_LIBRARY_MASTER_SEARCH_FND1 '','','','','','2','50';
2017-11-10 20:01:12 EXEC SPC_COM_GET_COMBOBOX 'possible_div';
2017-11-10 20:01:14 EXEC SPC_057_LIBRARY_MASTER_SEARCH_FND1 '','','','','','1','50';
2017-11-10 20:01:18 EXEC SPC_COM_GET_COMBOBOX 'possible_div';
