2017-11-13 10:13:46 EXEC SPC_COM_GET_COMBOBOX 'possible_div';
2017-11-13 10:27:31 EXEC SPC_COM_GET_COMBOBOX 'possible_div';
2017-11-13 10:28:34 EXEC SPC_057_LIBRARY_MASTER_SEARCH_FND1 '','','','','','1','50';
2017-11-13 10:29:17 EXEC SPC_057_LIBRARY_MASTER_SEARCH_FND1 '','','','','','1','100';
2017-11-13 10:29:49 EXEC SPC_COM_GET_COMBOBOX 'possible_div';
2017-11-13 10:29:52 EXEC SPC_057_LIBRARY_MASTER_SEARCH_FND1 '','','','','','1','10';
2017-11-13 10:30:02 EXEC SPC_057_LIBRARY_MASTER_SEARCH_FND1 '','','','','','1','50';
2017-11-13 10:30:11 EXEC SPC_057_LIBRARY_MASTER_SEARCH_FND1 '','','','','','1','10';
2017-11-13 10:30:14 EXEC SPC_057_LIBRARY_MASTER_SEARCH_FND1 '','','','','','48','50';
2017-11-13 10:30:28 EXEC SPC_057_LIBRARY_MASTER_SEARCH_FND1 '','','','','','48','50';
2017-11-13 10:30:32 EXEC SPC_057_LIBRARY_MASTER_SEARCH_FND1 '','','','','','48','10';
2017-11-13 10:30:37 EXEC SPC_057_LIBRARY_MASTER_SEARCH_FND1 '','','','','','48','50';
2017-11-13 10:30:40 EXEC SPC_057_LIBRARY_MASTER_SEARCH_FND1 '','','','','','9','50';
2017-11-13 10:30:42 EXEC SPC_057_LIBRARY_MASTER_SEARCH_FND1 '','','','','','10','50';
2017-11-13 10:30:46 EXEC SPC_057_LIBRARY_MASTER_SEARCH_FND1 '','','','','','9','50';
2017-11-13 10:30:48 EXEC SPC_057_LIBRARY_MASTER_SEARCH_FND1 '','','','','','10','50';
2017-11-13 10:30:56 EXEC SPC_057_LIBRARY_MASTER_SEARCH_FND1 '','','','','','10','50';
2017-11-13 10:30:59 EXEC SPC_057_LIBRARY_MASTER_SEARCH_FND1 '','','','','','10','10';
2017-11-13 10:31:04 EXEC SPC_057_LIBRARY_MASTER_SEARCH_FND1 '','','','','','10','50';
2017-11-13 10:31:10 EXEC SPC_057_LIBRARY_MASTER_SEARCH_FND1 '','','','','','10','10';
2017-11-13 10:31:14 EXEC SPC_057_LIBRARY_MASTER_SEARCH_FND1 '','','','','','48','50';
2017-11-13 10:31:16 EXEC SPC_057_LIBRARY_MASTER_SEARCH_FND1 '','','','','','48','50';
2017-11-13 10:32:31 EXEC SPC_057_LIBRARY_MASTER_SEARCH_FND1 '','','','','','48','50';
2017-11-13 10:32:36 EXEC SPC_057_LIBRARY_MASTER_SEARCH_FND1 '','','','','','9','50';
2017-11-13 10:32:38 EXEC SPC_057_LIBRARY_MASTER_SEARCH_FND1 '','','','','','10','50';
2017-11-13 10:32:41 EXEC SPC_057_LIBRARY_MASTER_SEARCH_FND1 '','','','','','10','50';
2017-11-13 10:32:47 EXEC SPC_057_LIBRARY_MASTER_SEARCH_FND1 '','','','','','10','50';
2017-11-13 10:32:49 EXEC SPC_057_LIBRARY_MASTER_SEARCH_FND1 '','','','','','9','50';
2017-11-13 10:32:54 EXEC SPC_COM_GET_COMBOBOX 'possible_div';
2017-11-13 10:33:01 EXEC SPC_057_LIBRARY_MASTER_SEARCH_FND1 '','','','','','1','10';
2017-11-13 10:33:06 EXEC SPC_057_LIBRARY_MASTER_SEARCH_FND1 '','','','','','48','50';
2017-11-13 10:33:33 EXEC SPC_057_LIBRARY_MASTER_SEARCH_FND1 '','','','','','9','50';
2017-11-13 10:33:34 EXEC SPC_057_LIBRARY_MASTER_SEARCH_FND1 '','','','','','10','50';
2017-11-13 10:33:42 EXEC SPC_057_LIBRARY_MASTER_SEARCH_FND1 '','','','','','10','50';
2017-11-13 10:33:45 EXEC SPC_057_LIBRARY_MASTER_SEARCH_FND1 '','','','','','10','10';
2017-11-13 10:33:47 EXEC SPC_057_LIBRARY_MASTER_SEARCH_FND1 '','','','','','48','10';
2017-11-13 10:33:52 EXEC SPC_057_LIBRARY_MASTER_SEARCH_FND1 '','','','','','47','50';
2017-11-13 10:36:05 EXEC SPC_057_LIBRARY_MASTER_SEARCH_FND1 '','','','','','47','10';
2017-11-13 10:36:08 EXEC SPC_057_LIBRARY_MASTER_SEARCH_FND1 '','','','','','48','10';
2017-11-13 10:39:48 EXEC SPC_COM_GET_COMBOBOX 'possible_div';
2017-11-13 10:39:50 EXEC SPC_057_LIBRARY_MASTER_SEARCH_FND1 '','','','','','1','10';
2017-11-13 10:39:56 EXEC SPC_057_LIBRARY_MASTER_SEARCH_FND1 '','','','','','48','50';
2017-11-13 10:40:41 EXEC SPC_057_LIBRARY_MASTER_SEARCH_FND1 '','','','','','48','50';
2017-11-13 10:40:59 EXEC SPC_057_LIBRARY_MASTER_SEARCH_FND1 '','','','','','48','50';
2017-11-13 10:41:41 EXEC SPC_057_LIBRARY_MASTER_SEARCH_FND1 '','','','','','48','50';
2017-11-13 10:42:21 EXEC SPC_057_LIBRARY_MASTER_SEARCH_FND1 '','','','','','48','10';
2017-11-13 10:42:34 EXEC SPC_057_LIBRARY_MASTER_SEARCH_FND1 '','','','','','48','10';
2017-11-13 10:42:56 EXEC SPC_COM_GET_COMBOBOX 'possible_div';
2017-11-13 10:42:58 EXEC SPC_057_LIBRARY_MASTER_SEARCH_FND1 '','','','','','1','10';
2017-11-13 10:43:04 EXEC SPC_057_LIBRARY_MASTER_SEARCH_FND1 '','','','','','1','50';
2017-11-13 10:46:41 EXEC SPC_COM_GET_COMBOBOX 'possible_div';
2017-11-13 10:50:13 EXEC SPC_057_LIBRARY_MASTER_SEARCH_FND1 '','','','','','1','10';
2017-11-13 10:50:22 EXEC SPC_057_LIBRARY_MASTER_SEARCH_FND1 '','','','','','48','50';
2017-11-13 10:50:35 EXEC SPC_057_LIBRARY_MASTER_SEARCH_FND1 '','','','','','1','10';
2017-11-13 10:50:37 EXEC SPC_057_LIBRARY_MASTER_SEARCH_FND1 '','','','','','2','10';
2017-11-13 10:50:43 EXEC SPC_057_LIBRARY_MASTER_SEARCH_FND1 '','','','','','2','10';
2017-11-13 10:50:46 EXEC SPC_057_LIBRARY_MASTER_SEARCH_FND1 '','','','','','48','50';
2017-11-13 10:50:49 EXEC SPC_057_LIBRARY_MASTER_SEARCH_FND1 '','','','','','9','50';
2017-11-13 10:54:41 EXEC SPC_057_LIBRARY_MASTER_SEARCH_FND1 '','','','','','10','50';
2017-11-13 10:57:33 EXEC SPC_COM_GET_COMBOBOX 'possible_div';
2017-11-13 11:06:14 EXEC SPC_057_LIBRARY_MASTER_SEARCH_FND1 '','','','','','1','10';
2017-11-13 11:06:17 EXEC SPC_COM_GET_COMBOBOX 'possible_div';
2017-11-13 11:06:18 EXEC SPC_057_LIBRARY_MASTER_SEARCH_FND1 '','','','','','1','10';
2017-11-13 11:06:26 EXEC SPC_057_LIBRARY_MASTER_SEARCH_FND1 '','','','','','1','10';
2017-11-13 11:06:56 EXEC SPC_057_LIBRARY_MASTER_SEARCH_FND1 '','','','','','1','10';
2017-11-13 11:10:02 EXEC SPC_057_LIBRARY_MASTER_SEARCH_FND1 '','','','','','1','10';
2017-11-13 11:11:10 EXEC SPC_057_LIBRARY_MASTER_SEARCH_FND1 '','','','','','1','10';
2017-11-13 11:11:31 EXEC SPC_COM_GET_COMBOBOX 'possible_div';
2017-11-13 11:11:34 EXEC SPC_057_LIBRARY_MASTER_SEARCH_FND1 '','','','','','1','10';
2017-11-13 11:11:52 EXEC SPC_COM_GET_COMBOBOX 'possible_div';
2017-11-13 11:11:55 EXEC SPC_057_LIBRARY_MASTER_SEARCH_FND1 '','','','','','1','10';
2017-11-13 11:12:07 EXEC SPC_057_LIBRARY_MASTER_SEARCH_FND1 '','','','','','1','10';
2017-11-13 11:12:09 EXEC SPC_COM_GET_COMBOBOX 'possible_div';
2017-11-13 11:12:11 EXEC SPC_057_LIBRARY_MASTER_SEARCH_FND1 '','','','','','1','10';
2017-11-13 11:12:58 EXEC SPC_057_LIBRARY_MASTER_SEARCH_FND1 '','','','','','48','50';
2017-11-13 11:13:15 EXEC SPC_057_LIBRARY_MASTER_SEARCH_FND1 '','','','','','9','10';
2017-11-13 11:13:25 EXEC SPC_057_LIBRARY_MASTER_SEARCH_FND1 '','','','','','8','10';
2017-11-13 11:13:27 EXEC SPC_057_LIBRARY_MASTER_SEARCH_FND1 '','','','','','7','10';
2017-11-13 11:13:29 EXEC SPC_057_LIBRARY_MASTER_SEARCH_FND1 '','','','','','6','10';
2017-11-13 11:13:30 EXEC SPC_057_LIBRARY_MASTER_SEARCH_FND1 '','','','','','5','10';
2017-11-13 11:13:32 EXEC SPC_057_LIBRARY_MASTER_SEARCH_FND1 '','','','','','4','10';
2017-11-13 11:13:33 EXEC SPC_057_LIBRARY_MASTER_SEARCH_FND1 '','','','','','3','10';
2017-11-13 11:13:37 EXEC SPC_057_LIBRARY_MASTER_SEARCH_FND1 '','','','','','2','10';
2017-11-13 11:13:38 EXEC SPC_057_LIBRARY_MASTER_SEARCH_FND1 '','','','','','1','10';
2017-11-13 11:13:52 EXEC SPC_057_LIBRARY_MASTER_SEARCH_FND1 'allocation[_]div','','','','','1','10';
2017-11-13 11:13:57 EXEC SPC_057_LIBRARY_MASTER_SEARCH_FND1 'allocation','','','','','1','10';
2017-11-13 11:14:01 EXEC SPC_057_LIBRARY_MASTER_SEARCH_FND1 '','','','','','1','10';
2017-11-13 11:14:11 EXEC SPC_057_LIBRARY_MASTER_SEARCH_FND1 '','','','','0','1','10';
2017-11-13 11:15:21 EXEC SPC_057_LIBRARY_MASTER_SEARCH_FND1 '','','','','0','1','10';
2017-11-13 11:15:24 EXEC SPC_057_LIBRARY_MASTER_SEARCH_FND1 '','','','','1','1','10';
2017-11-13 11:15:27 EXEC SPC_057_LIBRARY_MASTER_SEARCH_FND1 '','','','','1','2','10';
2017-11-13 11:15:28 EXEC SPC_057_LIBRARY_MASTER_SEARCH_FND1 '','','','','1','48','10';
2017-11-13 11:15:32 EXEC SPC_057_LIBRARY_MASTER_SEARCH_FND1 '','','','','','48','10';
2017-11-13 11:15:34 EXEC SPC_057_LIBRARY_MASTER_SEARCH_FND1 '','','','','','1','10';
2017-11-13 11:15:36 EXEC SPC_057_LIBRARY_MASTER_SEARCH_FND1 '','','','','','1','10';
2017-11-13 11:15:39 EXEC SPC_COM_GET_COMBOBOX 'possible_div';
2017-11-13 11:15:40 EXEC SPC_057_LIBRARY_MASTER_SEARCH_FND1 '','','','','','1','10';
2017-11-13 11:15:42 EXEC SPC_057_LIBRARY_MASTER_SEARCH_FND1 '','','','','','1','10';
2017-11-13 11:15:48 EXEC SPC_057_LIBRARY_MASTER_SEARCH_FND1 '','','','','','2','10';
2017-11-13 11:16:00 EXEC SPC_057_LIBRARY_MASTER_SEARCH_FND1 '','','','','','2','10';
2017-11-13 11:16:19 EXEC SPC_057_LIBRARY_MASTER_SEARCH_FND1 '','','','','','2','10';
2017-11-13 11:16:43 EXEC SPC_057_LIBRARY_MASTER_SEARCH_FND1 '','','','','','2','10';
2017-11-13 11:16:47 EXEC SPC_057_LIBRARY_MASTER_SEARCH_FND1 '','','','','','1','10';
2017-11-13 11:17:31 EXEC SPC_057_LIBRARY_MASTER_SEARCH_FND1 '','','','','','1','10';
2017-11-13 11:17:34 EXEC SPC_057_LIBRARY_MASTER_SEARCH_FND1 '','','','','0','1','10';
2017-11-13 11:17:37 EXEC SPC_057_LIBRARY_MASTER_SEARCH_FND1 '','','','','1','1','10';
2017-11-13 11:18:03 EXEC SPC_057_LIBRARY_MASTER_SEARCH_FND1 '','','','','1','1','10';
2017-11-13 11:19:44 EXEC SPC_057_LIBRARY_MASTER_SEARCH_FND1 '','','allocation div','','1','1','10';
2017-11-13 11:19:48 EXEC SPC_057_LIBRARY_MASTER_SEARCH_FND1 'allocation div','','','','1','1','10';
2017-11-13 11:20:09 EXEC SPC_057_LIBRARY_MASTER_SEARCH_FND1 'allocation div','','','','1','1','10';
2017-11-13 11:20:12 EXEC SPC_057_LIBRARY_MASTER_SEARCH_FND1 'allocation div','','','','0','1','10';
2017-11-13 11:20:14 EXEC SPC_057_LIBRARY_MASTER_SEARCH_FND1 'allocation div','','','','','1','10';
2017-11-13 11:20:16 EXEC SPC_057_LIBRARY_MASTER_SEARCH_FND1 'allocation div','','','','','1','10';
2017-11-13 11:20:20 EXEC SPC_COM_GET_COMBOBOX 'possible_div';
2017-11-13 11:20:22 EXEC SPC_057_LIBRARY_MASTER_SEARCH_FND1 '','','','','','1','10';
2017-11-13 11:22:01 EXEC SPC_057_LIBRARY_MASTER_SEARCH_FND1 '','','','','','1','10';
2017-11-13 11:22:03 EXEC SPC_057_LIBRARY_MASTER_SEARCH_FND1 '','','','','0','1','10';
2017-11-13 11:22:06 EXEC SPC_COM_GET_COMBOBOX 'possible_div';
2017-11-13 11:22:07 EXEC SPC_057_LIBRARY_MASTER_SEARCH_FND1 '','','','','','1','10';
2017-11-13 11:22:26 EXEC SPC_057_LIBRARY_MASTER_SEARCH_FND1 '','','','','','1','10';
2017-11-13 11:22:29 EXEC SPC_057_LIBRARY_MASTER_SEARCH_FND1 '','','','','0','1','10';
2017-11-13 11:22:30 EXEC SPC_057_LIBRARY_MASTER_SEARCH_FND1 '','','','','0','1','10';
2017-11-13 11:22:35 EXEC SPC_057_LIBRARY_MASTER_SEARCH_FND1 '','','','','1','1','10';
2017-11-13 11:22:59 EXEC SPC_057_LIBRARY_MASTER_SEARCH_FND1 '','','','','1','1','10';
2017-11-13 11:23:02 EXEC SPC_057_LIBRARY_MASTER_SEARCH_FND1 '','','','','0','1','10';
2017-11-13 11:23:05 EXEC SPC_057_LIBRARY_MASTER_SEARCH_FND1 '','','','','','1','10';
2017-11-13 11:23:06 EXEC SPC_057_LIBRARY_MASTER_SEARCH_FND1 '','','','','','1','10';
2017-11-13 11:23:09 EXEC SPC_COM_GET_COMBOBOX 'possible_div';
2017-11-13 11:23:30 EXEC SPC_057_LIBRARY_MASTER_SEARCH_FND1 '','','','','','1','10';
2017-11-13 11:23:34 EXEC SPC_057_LIBRARY_MASTER_SEARCH_FND1 '','','','','1','1','10';
2017-11-13 11:23:36 EXEC SPC_057_LIBRARY_MASTER_SEARCH_FND1 '','','','','','1','10';
2017-11-13 11:24:49 EXEC SPC_057_LIBRARY_MASTER_SEARCH_FND1 '','','','','0','1','10';
2017-11-13 11:24:51 EXEC SPC_057_LIBRARY_MASTER_SEARCH_FND1 '','','','','1','1','10';
2017-11-13 11:24:55 EXEC SPC_057_LIBRARY_MASTER_SEARCH_FND1 '','','','','','1','10';
2017-11-13 11:28:46 EXEC SPC_057_LIBRARY_MASTER_SEARCH_FND1 '','','','','','1','10';
2017-11-13 11:28:48 EXEC SPC_COM_GET_COMBOBOX 'possible_div';
2017-11-13 11:28:50 EXEC SPC_057_LIBRARY_MASTER_SEARCH_FND1 '','','','','','1','10';
2017-11-13 11:28:51 EXEC SPC_057_LIBRARY_MASTER_SEARCH_FND1 '','','','','','1','10';
2017-11-13 11:28:54 EXEC SPC_057_LIBRARY_MASTER_SEARCH_FND1 '','','','','0','1','10';
2017-11-13 11:28:56 EXEC SPC_057_LIBRARY_MASTER_SEARCH_FND1 '','','','','1','1','10';
2017-11-13 11:28:58 EXEC SPC_057_LIBRARY_MASTER_SEARCH_FND1 '','','','','1','2','10';
2017-11-13 11:29:00 EXEC SPC_057_LIBRARY_MASTER_SEARCH_FND1 '','','','','1','3','10';
2017-11-13 11:29:03 EXEC SPC_057_LIBRARY_MASTER_SEARCH_FND1 '','','','','0','3','10';
2017-11-13 11:29:06 EXEC SPC_057_LIBRARY_MASTER_SEARCH_FND1 '','','','','','3','10';
2017-11-13 11:35:00 EXEC SPC_COM_GET_COMBOBOX 'possible_div';
2017-11-13 11:45:33 EXEC SPC_COM_GET_COMBOBOX 'possible_div';
2017-11-13 11:45:44 EXEC SPC_COM_GET_COMBOBOX 'possible_div';
2017-11-13 11:45:50 EXEC SPC_057_LIBRARY_MASTER_SEARCH_FND1 '','','','','','1','10';
2017-11-13 11:45:54 EXEC SPC_057_LIBRARY_MASTER_SEARCH_FND1 '','','','','0','1','10';
2017-11-13 11:45:57 EXEC SPC_057_LIBRARY_MASTER_SEARCH_FND1 '','','','','1','1','10';
2017-11-13 11:48:29 EXEC SPC_057_LIBRARY_MASTER_SEARCH_FND1 '','','','','1','1','10';
2017-11-13 11:48:32 EXEC SPC_COM_GET_COMBOBOX 'possible_div';
2017-11-13 11:48:39 EXEC SPC_057_LIBRARY_MASTER_SEARCH_FND1 '','','','','','1','10';
2017-11-13 11:48:42 EXEC SPC_057_LIBRARY_MASTER_SEARCH_FND1 '','','','','0','1','10';
2017-11-13 11:48:45 EXEC SPC_057_LIBRARY_MASTER_SEARCH_FND1 '','','','','1','1','10';
2017-11-13 11:48:47 EXEC SPC_057_LIBRARY_MASTER_SEARCH_FND1 '','','','','1','28','10';
2017-11-13 11:48:49 EXEC SPC_057_LIBRARY_MASTER_SEARCH_FND1 '','','','','1','27','10';
2017-11-13 11:48:50 EXEC SPC_057_LIBRARY_MASTER_SEARCH_FND1 '','','','','1','28','10';
2017-11-13 11:48:53 EXEC SPC_057_LIBRARY_MASTER_SEARCH_FND1 '','','','','1','28','50';
2017-11-13 11:48:59 EXEC SPC_057_LIBRARY_MASTER_SEARCH_FND1 '','','','','1','28','10';
2017-11-13 11:49:03 EXEC SPC_057_LIBRARY_MASTER_SEARCH_FND1 '','','','','1','27','10';
2017-11-13 11:49:06 EXEC SPC_COM_GET_COMBOBOX 'possible_div';
2017-11-13 11:49:07 EXEC SPC_057_LIBRARY_MASTER_SEARCH_FND1 '','','','','','1','10';
2017-11-13 11:49:11 EXEC SPC_057_LIBRARY_MASTER_SEARCH_FND1 '','','','','','2','10';
2017-11-13 11:49:12 EXEC SPC_057_LIBRARY_MASTER_SEARCH_FND1 '','','','','','2','10';
2017-11-13 11:49:15 EXEC SPC_057_LIBRARY_MASTER_SEARCH_FND1 '','','','','','2','50';
2017-11-13 11:49:33 EXEC SPC_057_LIBRARY_MASTER_SEARCH_FND1 '','','','','','2','50';
2017-11-13 11:49:35 EXEC SPC_057_LIBRARY_MASTER_SEARCH_FND1 '','','','','','10','50';
2017-11-13 11:49:54 EXEC SPC_057_LIBRARY_MASTER_SEARCH_FND1 '','','','','','9','50';
2017-11-13 11:49:59 EXEC SPC_057_LIBRARY_MASTER_SEARCH_FND1 '','','','','','9','50';
2017-11-13 11:50:04 EXEC SPC_057_LIBRARY_MASTER_SEARCH_FND1 '','','','','1','9','10';
2017-11-13 11:50:08 EXEC SPC_057_LIBRARY_MASTER_SEARCH_FND1 '','','','','1','9','50';
2017-11-13 11:50:10 EXEC SPC_057_LIBRARY_MASTER_SEARCH_FND1 '','','','','1','1','50';
2017-11-13 11:50:13 EXEC SPC_COM_GET_COMBOBOX 'possible_div';
2017-11-13 11:50:16 EXEC SPC_057_LIBRARY_MASTER_SEARCH_FND1 '','','','','1','1','10';
2017-11-13 11:50:18 EXEC SPC_057_LIBRARY_MASTER_SEARCH_FND1 '','','','','1','2','10';
2017-11-13 11:50:21 EXEC SPC_057_LIBRARY_MASTER_SEARCH_FND1 '','','','','1','2','50';
2017-11-13 11:50:23 EXEC SPC_057_LIBRARY_MASTER_SEARCH_FND1 '','','','','1','6','50';
2017-11-13 11:50:50 EXEC SPC_057_LIBRARY_MASTER_SEARCH_FND1 '','','','','0','6','50';
2017-11-13 11:53:17 EXEC SPC_COM_GET_COMBOBOX 'possible_div';
2017-11-13 11:53:23 EXEC SPC_COM_GET_COMBOBOX 'possible_div';
2017-11-13 11:53:33 EXEC SPC_COM_GET_COMBOBOX 'possible_div';
2017-11-13 11:53:54 EXEC SPC_COM_GET_COMBOBOX 'possible_div';
2017-11-13 11:53:55 EXEC SPC_057_LIBRARY_MASTER_SEARCH_FND1 '','','','','','1','10';
2017-11-13 11:53:57 EXEC SPC_057_LIBRARY_MASTER_SEARCH_FND1 '','','','','','2','10';
2017-11-13 11:53:58 EXEC SPC_057_LIBRARY_MASTER_SEARCH_FND1 '','','','','','1','10';
2017-11-13 11:54:02 EXEC SPC_057_LIBRARY_MASTER_SEARCH_FND1 '','','','','0','1','10';
2017-11-13 11:54:05 EXEC SPC_057_LIBRARY_MASTER_SEARCH_FND1 '','','','','0','1','50';
2017-11-13 11:54:07 EXEC SPC_057_LIBRARY_MASTER_SEARCH_FND1 '','','','','0','2','50';
2017-11-13 11:54:11 EXEC SPC_057_LIBRARY_MASTER_SEARCH_FND1 '','','','','0','1','10';
2017-11-13 11:54:16 EXEC SPC_057_LIBRARY_MASTER_SEARCH_FND1 '','','','','0','20','50';
2017-11-13 11:55:50 EXEC SPC_COM_GET_COMBOBOX 'possible_div';
2017-11-13 11:56:28 EXEC SPC_057_LIBRARY_MASTER_SEARCH_FND1 '','','','','','1','10';
2017-11-13 11:56:32 EXEC SPC_057_LIBRARY_MASTER_SEARCH_FND1 '','','','','0','1','10';
2017-11-13 11:56:35 EXEC SPC_057_LIBRARY_MASTER_SEARCH_FND1 '','','','','1','1','10';
2017-11-13 15:31:27 EXEC SPC_COM_GET_COMBOBOX 'possible_div';
2017-11-13 15:53:41 EXEC SPC_COM_GET_COMBOBOX 'possible_div';
2017-11-13 15:53:46 EXEC SPC_057_LIBRARY_MASTER_SEARCH_FND1 '','','','','','1','50';
2017-11-13 15:54:24 EXEC SPC_057_LIBRARY_MASTER_SEARCH_FND1 '','','','','0','1','50';
2017-11-13 15:54:28 EXEC SPC_057_LIBRARY_MASTER_SEARCH_FND1 '','','','','0','4','50';
2017-11-13 15:54:32 EXEC SPC_057_LIBRARY_MASTER_SEARCH_FND1 '','','','','0','3','10';
2017-11-13 15:54:37 EXEC SPC_057_LIBRARY_MASTER_SEARCH_FND1 '','','','','0','20','50';
2017-11-13 15:54:54 EXEC SPC_057_LIBRARY_MASTER_SEARCH_FND1 '','','','','0','1','50';
2017-11-13 16:00:02 EXEC SPC_COM_GET_COMBOBOX 'possible_div';
2017-11-13 16:07:13 EXEC SPC_COM_GET_COMBOBOX 'possible_div';
2017-11-13 16:07:16 EXEC SPC_057_LIBRARY_MASTER_SEARCH_FND1 '','','','','','1','10';
2017-11-13 16:07:52 EXEC SPC_077_USER_MASTER_SEARCH_FND1 '','','','1','10';
2017-11-13 16:08:34 EXEC SPC_057_LIBRARY_MASTER_SEARCH_FND1 '','','','','','1','10';
2017-11-13 16:11:34 EXEC SPC_077_USER_MASTER_SEARCH_FND1 '','','','1','10';
2017-11-13 16:13:19 EXEC SPC_COM_GET_COMBOBOX 'possible_div';
2017-11-13 16:13:40 EXEC SPC_COM_GET_COMBOBOX 'possible_div';
2017-11-13 16:13:43 EXEC SPC_057_LIBRARY_MASTER_SEARCH_FND1 '','','','','','1','10';
2017-11-13 16:15:02 EXEC SPC_COM_GET_COMBOBOX 'possible_div';
2017-11-13 16:15:03 EXEC SPC_057_LIBRARY_MASTER_SEARCH_FND1 '','','','','','1','10';
2017-11-13 16:16:29 EXEC SPC_COM_GET_COMBOBOX 'possible_div';
2017-11-13 16:16:30 EXEC SPC_057_LIBRARY_MASTER_SEARCH_FND1 '','','','','','1','10';
2017-11-13 16:18:16 EXEC SPC_057_LIBRARY_MASTER_SEARCH_FND1 '','','','','','2','10';
2017-11-13 16:18:20 EXEC SPC_057_LIBRARY_MASTER_SEARCH_FND1 '','','','','','3','10';
2017-11-13 16:18:23 EXEC SPC_057_LIBRARY_MASTER_SEARCH_FND1 '','','','','','4','10';
2017-11-13 16:18:53 EXEC SPC_057_LIBRARY_MASTER_SEARCH_FND1 '','','','','','1','10';
2017-11-13 16:23:59 EXEC SPC_057_LIBRARY_MASTER_SEARCH_FND1 '','','','','','2','10';
2017-11-13 16:24:01 EXEC SPC_057_LIBRARY_MASTER_SEARCH_FND1 '','','','','','3','10';
2017-11-13 16:24:02 EXEC SPC_057_LIBRARY_MASTER_SEARCH_FND1 '','','','','','4','10';
2017-11-13 16:24:08 EXEC SPC_057_LIBRARY_MASTER_SEARCH_FND1 '','','','','','1','10';
2017-11-13 16:24:56 EXEC SPC_COM_GET_COMBOBOX 'possible_div';
2017-11-13 16:25:51 EXEC SPC_COM_GET_COMBOBOX 'possible_div';
2017-11-13 16:26:01 EXEC SPC_COM_GET_COMBOBOX 'possible_div';
2017-11-13 16:26:22 EXEC SPC_COM_GET_COMBOBOX 'possible_div';
2017-11-13 16:26:41 EXEC SPC_COM_GET_COMBOBOX 'possible_div';
2017-11-13 16:26:43 EXEC SPC_057_LIBRARY_MASTER_SEARCH_FND1 '','','','','','1','10';
2017-11-13 16:27:00 EXEC SPC_COM_GET_COMBOBOX 'possible_div';
2017-11-13 16:27:17 EXEC SPC_COM_GET_COMBOBOX 'possible_div';
2017-11-13 16:27:40 EXEC SPC_COM_GET_COMBOBOX 'possible_div';
2017-11-13 16:27:42 EXEC SPC_057_LIBRARY_MASTER_SEARCH_FND1 '','','','','','1','10';
2017-11-13 16:27:53 EXEC SPC_057_LIBRARY_MASTER_SEARCH_FND1 '','','','','','2','10';
2017-11-13 16:28:07 EXEC SPC_057_LIBRARY_MASTER_SEARCH_FND1 '','','','','','48','10';
2017-11-13 16:28:34 EXEC SPC_COM_GET_COMBOBOX 'possible_div';
2017-11-13 16:28:39 EXEC SPC_057_LIBRARY_MASTER_SEARCH_FND1 '','','','','','1','10';
2017-11-13 16:28:46 EXEC SPC_COM_GET_COMBOBOX 'possible_div';
2017-11-13 16:28:48 EXEC SPC_COM_GET_COMBOBOX 'possible_div';
2017-11-13 16:31:50 EXEC SPC_COM_GET_COMBOBOX 'possible_div';
2017-11-13 16:31:52 EXEC SPC_057_LIBRARY_MASTER_SEARCH_FND1 '','','','','','1','10';
2017-11-13 16:32:54 EXEC SPC_057_LIBRARY_MASTER_SEARCH_FND1 '','','','','','1','10';
2017-11-13 16:35:56 EXEC SPC_057_LIBRARY_MASTER_SEARCH_FND1 '','','','','','1','10';
2017-11-13 16:38:45 EXEC SPC_COM_GET_COMBOBOX 'possible_div';
2017-11-13 16:38:47 EXEC SPC_057_LIBRARY_MASTER_SEARCH_FND1 '','','','','','1','10';
2017-11-13 16:39:26 EXEC SPC_COM_GET_COMBOBOX 'possible_div';
2017-11-13 16:39:28 EXEC SPC_057_LIBRARY_MASTER_SEARCH_FND1 '','','','','','1','10';
2017-11-13 16:39:59 EXEC SPC_COM_GET_COMBOBOX 'possible_div';
2017-11-13 16:40:01 EXEC SPC_057_LIBRARY_MASTER_SEARCH_FND1 '','','','','','1','10';
2017-11-13 16:40:43 EXEC SPC_057_LIBRARY_MASTER_SEARCH_FND1 '','','','','','2','10';
2017-11-13 16:40:45 EXEC SPC_057_LIBRARY_MASTER_SEARCH_FND1 '','','','','','3','10';
2017-11-13 16:40:48 EXEC SPC_057_LIBRARY_MASTER_SEARCH_FND1 '','','','','','4','10';
2017-11-13 16:40:50 EXEC SPC_057_LIBRARY_MASTER_SEARCH_FND1 '','','','','','5','10';
2017-11-13 16:40:51 EXEC SPC_057_LIBRARY_MASTER_SEARCH_FND1 '','','','','','6','10';
2017-11-13 16:40:53 EXEC SPC_057_LIBRARY_MASTER_SEARCH_FND1 '','','','','','7','10';
2017-11-13 16:40:54 EXEC SPC_057_LIBRARY_MASTER_SEARCH_FND1 '','','','','','8','10';
2017-11-13 16:40:56 EXEC SPC_057_LIBRARY_MASTER_SEARCH_FND1 '','','','','','9','10';
2017-11-13 16:40:57 EXEC SPC_057_LIBRARY_MASTER_SEARCH_FND1 '','','','','','10','10';
2017-11-13 16:40:58 EXEC SPC_057_LIBRARY_MASTER_SEARCH_FND1 '','','','','','11','10';
2017-11-13 16:40:59 EXEC SPC_057_LIBRARY_MASTER_SEARCH_FND1 '','','','','','12','10';
2017-11-13 16:41:00 EXEC SPC_057_LIBRARY_MASTER_SEARCH_FND1 '','','','','','13','10';
2017-11-13 16:41:01 EXEC SPC_057_LIBRARY_MASTER_SEARCH_FND1 '','','','','','14','10';
2017-11-13 16:41:03 EXEC SPC_057_LIBRARY_MASTER_SEARCH_FND1 '','','','','','15','10';
2017-11-13 16:41:07 EXEC SPC_057_LIBRARY_MASTER_SEARCH_FND1 '','','','','','16','50';
2017-11-13 16:58:43 EXEC SPC_COM_GET_COMBOBOX 'possible_div';
2017-11-13 16:58:44 EXEC SPC_057_LIBRARY_MASTER_SEARCH_FND1 '','','','','','1','10';
2017-11-13 17:48:40 EXEC SPC_056_LIBRARY_MASTER_FND1 'allocation[_]div';
2017-11-13 17:48:54 EXEC SPC_COM_GET_COMBOBOX 'possible_div';
2017-11-13 17:48:57 EXEC SPC_057_LIBRARY_MASTER_SEARCH_FND1 '','','','','','1','10';
2017-11-13 17:48:59 EXEC SPC_056_LIBRARY_MASTER_FND1 'auth[_]role[_]div';
2017-11-13 17:50:21 EXEC SPC_056_LIBRARY_MASTER_FND1 'auth[_]role[_]div';
2017-11-13 17:52:50 EXEC SPC_056_LIBRARY_MASTER_FND1 'auth[_]role[_]div';
2017-11-13 17:53:24 EXEC SPC_056_LIBRARY_MASTER_FND1 'auth[_]role[_]div';
2017-11-13 17:55:09 EXEC SPC_056_LIBRARY_MASTER_FND1 'auth[_]role[_]div';
2017-11-13 17:55:21 EXEC SPC_057_LIBRARY_MASTER_SEARCH_FND1 '','','','','','1','10';
2017-11-13 17:55:25 EXEC SPC_056_LIBRARY_MASTER_FND1 'bank[_]div';
2017-11-13 17:59:30 EXEC SPC_COM_GET_COMBOBOX 'possible_div';
2017-11-13 17:59:31 EXEC SPC_057_LIBRARY_MASTER_SEARCH_FND1 '','','','','','1','10';
2017-11-13 17:59:37 EXEC SPC_COM_GET_COMBOBOX 'possible_div';
2017-11-13 17:59:40 EXEC SPC_057_LIBRARY_MASTER_SEARCH_FND1 '','','','','','1','10';
2017-11-13 18:03:14 EXEC SPC_COM_GET_COMBOBOX 'possible_div';
2017-11-13 18:03:16 EXEC SPC_057_LIBRARY_MASTER_SEARCH_FND1 '','','','','','1','10';
2017-11-13 18:06:08 EXEC SPC_COM_GET_COMBOBOX 'possible_div';
2017-11-13 18:06:09 EXEC SPC_057_LIBRARY_MASTER_SEARCH_FND1 '','','','','','1','10';
2017-11-13 18:12:20 EXEC SPC_056_LIBRARY_MASTER_FND1 'bank[_]div';
2017-11-13 18:12:48 EXEC SPC_056_LIBRARY_MASTER_FND1 'bank[_]div';
2017-11-13 18:14:00 EXEC SPC_056_LIBRARY_MASTER_FND1 'bank[_]div';
2017-11-13 18:14:41 EXEC SPC_056_LIBRARY_MASTER_FND1 'bank[_]div';
2017-11-13 18:15:32 EXEC SPC_056_LIBRARY_MASTER_FND1 'bank[_]div';
2017-11-13 18:16:03 EXEC SPC_056_LIBRARY_MASTER_FND1 'bank[_]div';
2017-11-13 18:17:16 EXEC SPC_056_LIBRARY_MASTER_FND1 'bank[_]div';
2017-11-13 18:19:15 EXEC SPC_056_LIBRARY_MASTER_FND1 'bank[_]div';
2017-11-13 18:19:23 EXEC SPC_056_LIBRARY_MASTER_FND1 'bank[_]div';
2017-11-13 18:20:14 EXEC SPC_056_LIBRARY_MASTER_FND1 'bank[_]div';
2017-11-13 18:20:37 EXEC SPC_COM_GET_COMBOBOX 'possible_div';
2017-11-13 18:20:38 EXEC SPC_057_LIBRARY_MASTER_SEARCH_FND1 '','','','','','1','10';
2017-11-13 18:20:41 EXEC SPC_057_LIBRARY_MASTER_SEARCH_FND1 '','','','','','2','10';
2017-11-13 18:21:01 EXEC SPC_056_LIBRARY_MASTER_FND1 'belong[_]div';
2017-11-13 18:21:38 EXEC SPC_COM_GET_COMBOBOX 'possible_div';
2017-11-13 18:21:40 EXEC SPC_056_LIBRARY_MASTER_FND1 '';
2017-11-13 18:21:57 EXEC SPC_056_LIBRARY_MASTER_FND1 '';
2017-11-13 18:22:04 EXEC SPC_056_LIBRARY_MASTER_FND1 '123';
2017-11-13 18:22:10 EXEC SPC_056_LIBRARY_MASTER_FND1 '123';
2017-11-13 18:22:22 EXEC SPC_056_LIBRARY_MASTER_FND1 '';
2017-11-13 18:31:10 EXEC SPC_COM_GET_COMBOBOX 'possible_div';
2017-11-13 18:31:41 EXEC SPC_COM_GET_COMBOBOX 'possible_div';
2017-11-13 18:31:44 EXEC SPC_057_LIBRARY_MASTER_SEARCH_FND1 '','','','','','1','10';
2017-11-13 18:31:47 EXEC SPC_057_LIBRARY_MASTER_SEARCH_FND1 '','','','','','2','10';
2017-11-13 18:31:50 EXEC SPC_056_LIBRARY_MASTER_FND1 'belong[_]div';
2017-11-13 18:33:16 EXEC SPC_056_LIBRARY_MASTER_FND1 'belong[_]div';
2017-11-13 18:38:08 EXEC SPC_056_LIBRARY_MASTER_FND1 'belong[_]div';
2017-11-13 18:40:27 EXEC SPC_056_LIBRARY_MASTER_FND1 'belong[_]div';
2017-11-13 18:44:13 EXEC SPC_056_LIBRARY_MASTER_FND1 'belong[_]div';
2017-11-13 18:44:27 EXEC SPC_056_LIBRARY_MASTER_FND1 'belong[_]div';
2017-11-13 18:48:06 EXEC SPC_056_LIBRARY_MASTER_FND1 'belong[_]div';
2017-11-13 18:48:12 EXEC SPC_COM_GET_COMBOBOX 'possible_div';
2017-11-13 18:48:16 EXEC SPC_057_LIBRARY_MASTER_SEARCH_FND1 '','','','','','1','10';
2017-11-13 18:48:19 EXEC SPC_056_LIBRARY_MASTER_FND1 'bank[_]div';
2017-11-13 19:00:09 EXEC SPC_056_LIBRARY_MASTER_FND1 'bank[_]div';
2017-11-13 19:05:44 EXEC SPC_056_LIBRARY_MASTER_FND1 'bank[_]div';
2017-11-13 19:35:14 EXEC SPC_056_LIBRARY_MASTER_FND1 'bank[_]div';
2017-11-13 19:35:32 EXEC SPC_056_LIBRARY_MASTER_FND1 'bank[_]div';
2017-11-13 19:48:59 EXEC SPC_056_LIBRARY_MASTER_FND1 'bank[_]div';
2017-11-13 19:50:49 EXEC SPC_056_LIBRARY_MASTER_FND1 'bank[_]div';
