2017-11-21 10:18:39 EXEC SPC_COM_GET_COMBOBOX 'possible_div';
2017-11-21 10:31:28 EXEC SPC_057_LIBRARY_MASTER_SEARCH_FND1 '','','','','','1','10';
2017-11-21 10:31:32 EXEC SPC_056_LIBRARY_MASTER_INQ1 'bank_div';
2017-11-21 10:54:10 EXEC SPC_COM_GET_COMBOBOX 'possible_div';
2017-11-21 10:54:11 EXEC SPC_057_LIBRARY_MASTER_SEARCH_FND1 '','','','','','1','10';
2017-11-21 11:11:11 EXEC SPC_056_LIBRARY_MASTER_INQ1 'allocation_div';
2017-11-21 11:40:30 EXEC SPC_COM_GET_COMBOBOX 'possible_div';
2017-11-21 11:40:31 EXEC SPC_057_LIBRARY_MASTER_SEARCH_FND1 '','','','','','1','10';
2017-11-21 11:40:33 EXEC SPC_057_LIBRARY_MASTER_SEARCH_FND1 '','','','','1','1','10';
2017-11-21 11:40:35 EXEC SPC_056_LIBRARY_MASTER_INQ1 'bank_div';
2017-11-21 11:58:37 EXEC SPC_056_LIBRARY_MASTER_INQ1 'bank_div';
2017-11-21 12:25:59 EXEC SPC_COM_GET_COMBOBOX 'port_country_div';
2017-11-21 12:25:59 EXEC SPC_COM_GET_COMBOBOX 'unit_q_div';
2017-11-21 12:25:59 EXEC SPC_COM_GET_COMBOBOX 'port_city_div';
2017-11-21 12:26:00 EXEC SPC_COM_GET_COMBOBOX 'shipment_div';
2017-11-21 12:26:00 EXEC SPC_COM_GET_COMBOBOX 'trade_terms_div';
2017-11-21 12:26:00 EXEC SPC_COM_GET_COMBOBOX 'payment_conditions_div';
2017-11-21 12:26:00 EXEC SPC_COM_GET_COMBOBOX 'currency_div';
2017-11-21 12:26:00 EXEC SPC_COM_GET_COMBOBOX 'sales_detail_div';
2017-11-21 12:26:00 EXEC SPC_COM_GET_COMBOBOX 'unit_m_div';
2017-11-21 12:26:00 EXEC SPC_COM_GET_COMBOBOX 'unit_w_div';
2017-11-21 12:26:00 EXEC SPC_COM_GET_COMBOBOX 'bank_div';
2017-11-21 12:26:08 EXEC SPC_COM_GET_COMBOBOX 'port_country_div';
2017-11-21 12:26:08 EXEC SPC_COM_GET_COMBOBOX 'shipment_div';
2017-11-21 12:26:08 EXEC SPC_COM_GET_COMBOBOX 'port_city_div';
2017-11-21 12:26:08 EXEC SPC_COM_GET_COMBOBOX 'payment_conditions_div';
2017-11-21 12:26:08 EXEC SPC_COM_GET_COMBOBOX 'trade_terms_div';
2017-11-21 12:26:08 EXEC SPC_COM_GET_COMBOBOX 'currency_div';
2017-11-21 12:26:08 EXEC SPC_COM_GET_COMBOBOX 'unit_q_div';
2017-11-21 12:26:08 EXEC SPC_COM_GET_COMBOBOX 'unit_m_div';
2017-11-21 12:26:08 EXEC SPC_COM_GET_COMBOBOX 'unit_w_div';
2017-11-21 12:26:08 EXEC SPC_COM_GET_COMBOBOX 'bank_div';
2017-11-21 12:26:09 EXEC SPC_COM_GET_COMBOBOX 'sales_detail_div';
2017-11-21 12:27:18 EXEC SPC_056_LIBRARY_MASTER_INQ1 'bank_div';
2017-11-21 15:13:19 EXEC SPC_COM_GET_COMBOBOX 'possible_div';
2017-11-21 15:13:19 EXEC SPC_057_LIBRARY_MASTER_SEARCH_FND1 '','','','','1','1','10';
