2017-12-04 11:37:34 EXEC SPC_COM_GET_COMBOBOX 'shipment_div';
2017-12-04 11:37:34 EXEC SPC_COM_GET_COMBOBOX 'trade_terms_div';
2017-12-04 11:37:34 EXEC SPC_COM_GET_COMBOBOX 'currency_div';
2017-12-04 11:37:34 EXEC SPC_COM_GET_COMBOBOX 'unit_q_div';
2017-12-04 11:37:34 EXEC SPC_COM_GET_COMBOBOX 'port_country_div';
2017-12-04 11:37:34 EXEC SPC_COM_GET_COMBOBOX 'unit_w_div';
2017-12-04 11:37:34 EXEC SPC_COM_GET_COMBOBOX 'unit_m_div';
2017-12-04 11:37:35 EXEC SPC_COM_GET_COMBOBOX 'bank_div';
2017-12-04 11:37:35 EXEC SPC_COM_GET_COMBOBOX 'sales_detail_div';
2017-12-04 11:37:35 EXEC SPC_COM_GET_COMBOBOX 'payment_conditions_div';
2017-12-04 11:37:35 EXEC SPC_COM_GET_COMBOBOX 'port_city_div';
2017-12-04 12:39:47 EXEC SPC_COM_GET_COMBOBOX 'port_city_div';
2017-12-04 12:39:48 EXEC SPC_COM_GET_COMBOBOX 'unit_q_div';
2017-12-04 12:39:48 EXEC SPC_COM_GET_COMBOBOX 'port_country_div';
2017-12-04 12:39:48 EXEC SPC_COM_GET_COMBOBOX 'shipment_div';
2017-12-04 12:39:48 EXEC SPC_COM_GET_COMBOBOX 'payment_conditions_div';
2017-12-04 12:39:48 EXEC SPC_COM_GET_COMBOBOX 'currency_div';
2017-12-04 12:39:49 EXEC SPC_COM_GET_COMBOBOX 'trade_terms_div';
2017-12-04 12:39:49 EXEC SPC_COM_GET_COMBOBOX 'unit_m_div';
2017-12-04 12:39:49 EXEC SPC_COM_GET_COMBOBOX 'sales_detail_div';
2017-12-04 12:39:49 EXEC SPC_COM_GET_COMBOBOX 'unit_w_div';
2017-12-04 12:39:49 EXEC SPC_COM_GET_COMBOBOX 'bank_div';
2017-12-04 14:31:47 EXEC SPC_COM_GET_COMBOBOX 'shipment_div';
2017-12-04 14:31:48 EXEC SPC_COM_GET_COMBOBOX 'unit_q_div';
2017-12-04 14:31:49 EXEC SPC_COM_GET_COMBOBOX 'payment_conditions_div';
2017-12-04 14:31:49 EXEC SPC_COM_GET_COMBOBOX 'trade_terms_div';
2017-12-04 14:31:49 EXEC SPC_COM_GET_COMBOBOX 'port_city_div';
2017-12-04 14:31:49 EXEC SPC_COM_GET_COMBOBOX 'unit_w_div';
2017-12-04 14:31:49 EXEC SPC_COM_GET_COMBOBOX 'currency_div';
2017-12-04 14:31:49 EXEC SPC_COM_GET_COMBOBOX 'port_country_div';
2017-12-04 14:31:49 EXEC SPC_COM_GET_COMBOBOX 'sales_detail_div';
2017-12-04 14:31:49 EXEC SPC_COM_GET_COMBOBOX 'bank_div';
2017-12-04 14:51:22 EXEC SPC_COM_GET_COMBOBOX 'port_country_div';
2017-12-04 14:51:23 EXEC SPC_COM_GET_COMBOBOX 'trade_terms_div';
2017-12-04 14:51:23 EXEC SPC_COM_GET_COMBOBOX 'unit_q_div';
2017-12-04 14:51:23 EXEC SPC_COM_GET_COMBOBOX 'shipment_div';
2017-12-04 14:51:23 EXEC SPC_COM_GET_COMBOBOX 'payment_conditions_div';
2017-12-04 14:51:23 EXEC SPC_COM_GET_COMBOBOX 'port_city_div';
2017-12-04 14:51:23 EXEC SPC_COM_GET_COMBOBOX 'currency_div';
2017-12-04 14:51:23 EXEC SPC_COM_GET_COMBOBOX 'sales_detail_div';
2017-12-04 14:51:23 EXEC SPC_COM_GET_COMBOBOX 'unit_w_div';
2017-12-04 14:51:23 EXEC SPC_COM_GET_COMBOBOX 'bank_div';
2017-12-04 15:11:48 EXEC SPC_COM_GET_COMBOBOX 'port_country_div';
2017-12-04 15:11:49 EXEC SPC_COM_GET_COMBOBOX 'currency_div';
2017-12-04 15:11:49 EXEC SPC_COM_GET_COMBOBOX 'shipment_div';
2017-12-04 15:11:49 EXEC SPC_COM_GET_COMBOBOX 'trade_terms_div';
2017-12-04 15:11:49 EXEC SPC_COM_GET_COMBOBOX 'unit_q_div';
2017-12-04 15:11:49 EXEC SPC_COM_GET_COMBOBOX 'port_city_div';
2017-12-04 15:11:49 EXEC SPC_COM_GET_COMBOBOX 'unit_m_div';
2017-12-04 15:11:49 EXEC SPC_COM_GET_COMBOBOX 'unit_w_div';
2017-12-04 15:11:50 EXEC SPC_COM_GET_COMBOBOX 'sales_detail_div';
2017-12-04 15:11:50 EXEC SPC_COM_GET_COMBOBOX 'payment_conditions_div';
2017-12-04 15:11:50 EXEC SPC_COM_GET_COMBOBOX 'bank_div';
2017-12-04 15:12:00 EXEC SPC_COM_GET_COMBOBOX 'payment_conditions_div';
2017-12-04 15:12:00 EXEC SPC_COM_GET_COMBOBOX 'trade_terms_div';
2017-12-04 15:12:00 EXEC SPC_COM_GET_COMBOBOX 'port_country_div';
2017-12-04 15:12:01 EXEC SPC_COM_GET_COMBOBOX 'shipment_div';
2017-12-04 15:12:01 EXEC SPC_COM_GET_COMBOBOX 'currency_div';
2017-12-04 15:12:01 EXEC SPC_COM_GET_COMBOBOX 'port_city_div';
2017-12-04 15:12:01 EXEC SPC_COM_GET_COMBOBOX 'unit_q_div';
2017-12-04 15:12:01 EXEC SPC_COM_GET_COMBOBOX 'sales_detail_div';
2017-12-04 15:12:01 EXEC SPC_COM_GET_COMBOBOX 'unit_m_div';
2017-12-04 15:12:01 EXEC SPC_COM_GET_COMBOBOX 'bank_div';
2017-12-04 15:12:01 EXEC SPC_COM_GET_COMBOBOX 'unit_w_div';
2017-12-04 15:12:06 EXEC SPC_COM_GET_COMBOBOX 'trade_terms_div';
2017-12-04 15:12:06 EXEC SPC_COM_GET_COMBOBOX 'port_country_div';
2017-12-04 15:12:06 EXEC SPC_COM_GET_COMBOBOX 'port_city_div';
2017-12-04 15:12:06 EXEC SPC_COM_GET_COMBOBOX 'payment_conditions_div';
2017-12-04 15:12:06 EXEC SPC_COM_GET_COMBOBOX 'currency_div';
2017-12-04 15:12:06 EXEC SPC_COM_GET_COMBOBOX 'shipment_div';
2017-12-04 15:12:07 EXEC SPC_COM_GET_COMBOBOX 'unit_w_div';
2017-12-04 15:12:07 EXEC SPC_COM_GET_COMBOBOX 'unit_q_div';
2017-12-04 15:12:07 EXEC SPC_COM_GET_COMBOBOX 'bank_div';
2017-12-04 15:12:07 EXEC SPC_COM_GET_COMBOBOX 'unit_m_div';
2017-12-04 15:12:07 EXEC SPC_COM_GET_COMBOBOX 'sales_detail_div';
2017-12-04 15:12:13 EXEC SPC_COM_GET_COMBOBOX 'port_city_div';
2017-12-04 15:12:13 EXEC SPC_COM_GET_COMBOBOX 'trade_terms_div';
2017-12-04 15:12:13 EXEC SPC_COM_GET_COMBOBOX 'currency_div';
2017-12-04 15:12:13 EXEC SPC_COM_GET_COMBOBOX 'port_country_div';
2017-12-04 15:12:13 EXEC SPC_COM_GET_COMBOBOX 'payment_conditions_div';
2017-12-04 15:12:13 EXEC SPC_COM_GET_COMBOBOX 'shipment_div';
2017-12-04 15:12:13 EXEC SPC_COM_GET_COMBOBOX 'unit_w_div';
2017-12-04 15:12:13 EXEC SPC_COM_GET_COMBOBOX 'unit_q_div';
2017-12-04 15:12:13 EXEC SPC_COM_GET_COMBOBOX 'unit_m_div';
2017-12-04 15:12:13 EXEC SPC_COM_GET_COMBOBOX 'sales_detail_div';
2017-12-04 15:12:14 EXEC SPC_COM_GET_COMBOBOX 'bank_div';
2017-12-04 15:15:03 EXEC SPC_COM_GET_COMBOBOX 'shipment_div';
2017-12-04 15:15:03 EXEC SPC_COM_GET_COMBOBOX 'port_country_div';
2017-12-04 15:15:03 EXEC SPC_COM_GET_COMBOBOX 'payment_conditions_div';
2017-12-04 15:15:03 EXEC SPC_COM_GET_COMBOBOX 'trade_terms_div';
2017-12-04 15:15:03 EXEC SPC_COM_GET_COMBOBOX 'port_city_div';
2017-12-04 15:15:03 EXEC SPC_COM_GET_COMBOBOX 'currency_div';
2017-12-04 15:15:03 EXEC SPC_COM_GET_COMBOBOX 'unit_q_div';
2017-12-04 15:15:04 EXEC SPC_COM_GET_COMBOBOX 'unit_w_div';
2017-12-04 15:15:04 EXEC SPC_COM_GET_COMBOBOX 'sales_detail_div';
2017-12-04 15:15:04 EXEC SPC_COM_GET_COMBOBOX 'bank_div';
2017-12-04 15:15:04 EXEC SPC_COM_GET_COMBOBOX 'unit_m_div';
2017-12-04 15:15:10 EXEC SPC_COM_GET_COMBOBOX 'shipment_div';
2017-12-04 15:15:10 EXEC SPC_COM_GET_COMBOBOX 'port_country_div';
2017-12-04 15:15:10 EXEC SPC_COM_GET_COMBOBOX 'trade_terms_div';
2017-12-04 15:15:10 EXEC SPC_COM_GET_COMBOBOX 'currency_div';
2017-12-04 15:15:10 EXEC SPC_COM_GET_COMBOBOX 'payment_conditions_div';
2017-12-04 15:15:10 EXEC SPC_COM_GET_COMBOBOX 'port_city_div';
2017-12-04 15:15:11 EXEC SPC_COM_GET_COMBOBOX 'unit_q_div';
2017-12-04 15:15:11 EXEC SPC_COM_GET_COMBOBOX 'unit_m_div';
2017-12-04 15:15:11 EXEC SPC_COM_GET_COMBOBOX 'unit_w_div';
2017-12-04 15:15:11 EXEC SPC_COM_GET_COMBOBOX 'bank_div';
2017-12-04 15:15:11 EXEC SPC_COM_GET_COMBOBOX 'sales_detail_div';
2017-12-04 15:15:17 EXEC SPC_COM_GET_COMBOBOX 'currency_div';
2017-12-04 15:15:17 EXEC SPC_COM_GET_COMBOBOX 'port_country_div';
2017-12-04 15:15:17 EXEC SPC_COM_GET_COMBOBOX 'trade_terms_div';
2017-12-04 15:15:17 EXEC SPC_COM_GET_COMBOBOX 'port_city_div';
2017-12-04 15:15:17 EXEC SPC_COM_GET_COMBOBOX 'shipment_div';
2017-12-04 15:15:17 EXEC SPC_COM_GET_COMBOBOX 'payment_conditions_div';
2017-12-04 15:15:17 EXEC SPC_COM_GET_COMBOBOX 'unit_q_div';
2017-12-04 15:15:17 EXEC SPC_COM_GET_COMBOBOX 'unit_m_div';
2017-12-04 15:15:18 EXEC SPC_COM_GET_COMBOBOX 'unit_w_div';
2017-12-04 15:15:18 EXEC SPC_COM_GET_COMBOBOX 'sales_detail_div';
2017-12-04 15:15:18 EXEC SPC_COM_GET_COMBOBOX 'bank_div';
2017-12-04 15:15:23 EXEC SPC_COM_GET_COMBOBOX 'port_country_div';
2017-12-04 15:15:23 EXEC SPC_COM_GET_COMBOBOX 'trade_terms_div';
2017-12-04 15:15:23 EXEC SPC_COM_GET_COMBOBOX 'currency_div';
2017-12-04 15:15:23 EXEC SPC_COM_GET_COMBOBOX 'port_city_div';
2017-12-04 15:15:23 EXEC SPC_COM_GET_COMBOBOX 'payment_conditions_div';
2017-12-04 15:15:23 EXEC SPC_COM_GET_COMBOBOX 'shipment_div';
2017-12-04 15:15:23 EXEC SPC_COM_GET_COMBOBOX 'unit_q_div';
2017-12-04 15:15:23 EXEC SPC_COM_GET_COMBOBOX 'unit_w_div';
2017-12-04 15:15:23 EXEC SPC_COM_GET_COMBOBOX 'unit_m_div';
2017-12-04 15:15:23 EXEC SPC_COM_GET_COMBOBOX 'sales_detail_div';
2017-12-04 15:15:23 EXEC SPC_COM_GET_COMBOBOX 'bank_div';
2017-12-04 15:16:17 EXEC SPC_COM_GET_COMBOBOX 'payment_conditions_div';
2017-12-04 15:16:17 EXEC SPC_COM_GET_COMBOBOX 'currency_div';

2017-12-04 15:16:17 EXEC SPC_COM_GET_COMBOBOX 'shipment_div';
2017-12-04 15:16:17 EXEC SPC_COM_GET_COMBOBOX 'trade_terms_div';
2017-12-04 15:16:17 EXEC SPC_COM_GET_COMBOBOX 'port_country_div';
2017-12-04 15:16:17 EXEC SPC_COM_GET_COMBOBOX 'unit_m_div';
2017-12-04 15:16:17 EXEC SPC_COM_GET_COMBOBOX 'unit_w_div';
2017-12-04 15:16:17 EXEC SPC_COM_GET_COMBOBOX 'unit_q_div';
2017-12-04 15:16:17 EXEC SPC_COM_GET_COMBOBOX 'sales_detail_div';
2017-12-04 15:16:17 EXEC SPC_COM_GET_COMBOBOX 'bank_div';
2017-12-04 15:16:25 EXEC SPC_COM_GET_COMBOBOX 'payment_conditions_div';
2017-12-04 15:16:25 EXEC SPC_COM_GET_COMBOBOX 'shipment_div';
2017-12-04 15:16:25 EXEC SPC_COM_GET_COMBOBOX 'port_country_div';
2017-12-04 15:16:25 EXEC SPC_COM_GET_COMBOBOX 'port_city_div';
2017-12-04 15:16:26 EXEC SPC_COM_GET_COMBOBOX 'currency_div';
2017-12-04 15:16:26 EXEC SPC_COM_GET_COMBOBOX 'unit_w_div';
2017-12-04 15:16:26 EXEC SPC_COM_GET_COMBOBOX 'unit_q_div';
2017-12-04 15:16:26 EXEC SPC_COM_GET_COMBOBOX 'sales_detail_div';
2017-12-04 15:16:26 EXEC SPC_COM_GET_COMBOBOX 'unit_m_div';
2017-12-04 15:16:26 EXEC SPC_COM_GET_COMBOBOX 'bank_div';
2017-12-04 15:20:15 EXEC SPC_COM_GET_COMBOBOX 'pi_status_div';
2017-12-04 15:20:30 EXEC SPC_COM_GET_COMBOBOX 'pi_status_div';
2017-12-04 15:21:21 EXEC SPC_COM_GET_COMBOBOX 'pi_status_div';
2017-12-04 15:22:47 EXEC SPC_COM_GET_COMBOBOX 'port_country_div';
2017-12-04 15:22:48 EXEC SPC_COM_GET_COMBOBOX 'unit_q_div';
2017-12-04 15:22:48 EXEC SPC_COM_GET_COMBOBOX 'unit_w_div';
2017-12-04 15:22:49 EXEC SPC_COM_GET_COMBOBOX 'unit_m_div';
2017-12-04 15:22:50 EXEC SPC_COM_GET_COMBOBOX 'sales_detail_div';
2017-12-04 15:22:50 EXEC SPC_COM_GET_COMBOBOX 'payment_conditions_div';
2017-12-04 15:22:50 EXEC SPC_COM_GET_COMBOBOX 'port_city_div';
2017-12-04 15:22:50 EXEC SPC_COM_GET_COMBOBOX 'currency_div';
2017-12-04 15:22:50 EXEC SPC_COM_GET_COMBOBOX 'trade_terms_div';
2017-12-04 15:22:50 EXEC SPC_COM_GET_COMBOBOX 'bank_div';
2017-12-04 15:22:50 EXEC SPC_COM_GET_COMBOBOX 'shipment_div';
2017-12-04 15:29:34 EXEC SPC_COM_GET_COMBOBOX 'port_country_div';
2017-12-04 15:29:35 EXEC SPC_COM_GET_COMBOBOX 'payment_conditions_div';
2017-12-04 15:29:35 EXEC SPC_COM_GET_COMBOBOX 'trade_terms_div';
2017-12-04 15:29:35 EXEC SPC_COM_GET_COMBOBOX 'unit_q_div';
2017-12-04 15:29:35 EXEC SPC_COM_GET_COMBOBOX 'currency_div';
2017-12-04 15:29:35 EXEC SPC_COM_GET_COMBOBOX 'shipment_div';
2017-12-04 15:29:35 EXEC SPC_COM_GET_COMBOBOX 'port_city_div';
2017-12-04 15:29:35 EXEC SPC_COM_GET_COMBOBOX 'unit_w_div';
2017-12-04 15:29:35 EXEC SPC_COM_GET_COMBOBOX 'unit_m_div';
2017-12-04 15:29:35 EXEC SPC_COM_GET_COMBOBOX 'sales_detail_div';
2017-12-04 15:29:35 EXEC SPC_COM_GET_COMBOBOX 'bank_div';
2017-12-04 15:30:42 EXEC SPC_COM_GET_COMBOBOX 'port_city_div';
2017-12-04 15:30:42 EXEC SPC_COM_GET_COMBOBOX 'payment_conditions_div';
2017-12-04 15:30:42 EXEC SPC_COM_GET_COMBOBOX 'trade_terms_div';
2017-12-04 15:30:42 EXEC SPC_COM_GET_COMBOBOX 'shipment_div';
2017-12-04 15:30:42 EXEC SPC_COM_GET_COMBOBOX 'currency_div';
2017-12-04 15:30:42 EXEC SPC_COM_GET_COMBOBOX 'port_country_div';
2017-12-04 15:30:43 EXEC SPC_COM_GET_COMBOBOX 'unit_m_div';
2017-12-04 15:30:43 EXEC SPC_COM_GET_COMBOBOX 'unit_q_div';
2017-12-04 15:30:43 EXEC SPC_COM_GET_COMBOBOX 'sales_detail_div';
2017-12-04 15:30:43 EXEC SPC_COM_GET_COMBOBOX 'unit_w_div';
2017-12-04 15:30:43 EXEC SPC_COM_GET_COMBOBOX 'bank_div';
2017-12-04 15:30:47 EXEC SPC_COM_GET_COMBOBOX 'pi_status_div';
2017-12-04 15:30:51 EXEC SPC_COM_GET_COMBOBOX 'port_country_div';
2017-12-04 15:30:51 EXEC SPC_COM_GET_COMBOBOX 'trade_terms_div';
2017-12-04 15:30:51 EXEC SPC_COM_GET_COMBOBOX 'shipment_div';
2017-12-04 15:30:51 EXEC SPC_COM_GET_COMBOBOX 'port_city_div';
2017-12-04 15:30:51 EXEC SPC_COM_GET_COMBOBOX 'currency_div';
2017-12-04 15:30:51 EXEC SPC_COM_GET_COMBOBOX 'payment_conditions_div';
2017-12-04 15:30:52 EXEC SPC_COM_GET_COMBOBOX 'unit_q_div';
2017-12-04 15:30:52 EXEC SPC_COM_GET_COMBOBOX 'unit_w_div';
2017-12-04 15:30:52 EXEC SPC_COM_GET_COMBOBOX 'unit_m_div';
2017-12-04 15:30:52 EXEC SPC_COM_GET_COMBOBOX 'sales_detail_div';
2017-12-04 15:30:52 EXEC SPC_COM_GET_COMBOBOX 'bank_div';
2017-12-04 15:32:20 EXEC SPC_COM_GET_COMBOBOX 'pi_status_div';
2017-12-04 15:32:23 EXEC SPC_COM_GET_COMBOBOX 'port_country_div';
2017-12-04 15:32:23 EXEC SPC_COM_GET_COMBOBOX 'currency_div';
2017-12-04 15:32:23 EXEC SPC_COM_GET_COMBOBOX 'trade_terms_div';
2017-12-04 15:32:23 EXEC SPC_COM_GET_COMBOBOX 'shipment_div';
2017-12-04 15:32:23 EXEC SPC_COM_GET_COMBOBOX 'payment_conditions_div';
2017-12-04 15:32:23 EXEC SPC_COM_GET_COMBOBOX 'port_city_div';
2017-12-04 15:32:24 EXEC SPC_COM_GET_COMBOBOX 'unit_q_div';
2017-12-04 15:32:24 EXEC SPC_COM_GET_COMBOBOX 'sales_detail_div';
2017-12-04 15:32:24 EXEC SPC_COM_GET_COMBOBOX 'unit_w_div';
2017-12-04 15:32:24 EXEC SPC_COM_GET_COMBOBOX 'bank_div';
2017-12-04 15:32:24 EXEC SPC_COM_GET_COMBOBOX 'unit_m_div';
2017-12-04 15:37:15 EXEC SPC_COM_GET_COMBOBOX 'pi_status_div';
2017-12-04 15:37:19 EXEC SPC_COM_GET_COMBOBOX 'port_country_div';
2017-12-04 15:37:19 EXEC SPC_COM_GET_COMBOBOX 'currency_div';
2017-12-04 15:37:19 EXEC SPC_COM_GET_COMBOBOX 'port_city_div';
2017-12-04 15:37:19 EXEC SPC_COM_GET_COMBOBOX 'shipment_div';
2017-12-04 15:37:19 EXEC SPC_COM_GET_COMBOBOX 'trade_terms_div';
2017-12-04 15:37:20 EXEC SPC_COM_GET_COMBOBOX 'payment_conditions_div';
2017-12-04 15:37:20 EXEC SPC_COM_GET_COMBOBOX 'unit_q_div';
2017-12-04 15:37:20 EXEC SPC_COM_GET_COMBOBOX 'bank_div';
2017-12-04 15:37:20 EXEC SPC_COM_GET_COMBOBOX 'sales_detail_div';
2017-12-04 15:37:20 EXEC SPC_COM_GET_COMBOBOX 'unit_w_div';
2017-12-04 15:37:20 EXEC SPC_COM_GET_COMBOBOX 'unit_m_div';
2017-12-04 15:37:23 EXEC SPC_COM_GET_COMBOBOX 'pi_status_div';
2017-12-04 15:37:27 EXEC SPC_COM_GET_COMBOBOX 'port_country_div';
2017-12-04 15:37:27 EXEC SPC_COM_GET_COMBOBOX 'currency_div';
2017-12-04 15:37:27 EXEC SPC_COM_GET_COMBOBOX 'shipment_div';
2017-12-04 15:37:27 EXEC SPC_COM_GET_COMBOBOX 'port_city_div';
2017-12-04 15:37:27 EXEC SPC_COM_GET_COMBOBOX 'payment_conditions_div';
2017-12-04 15:37:27 EXEC SPC_COM_GET_COMBOBOX 'trade_terms_div';
2017-12-04 15:37:27 EXEC SPC_COM_GET_COMBOBOX 'unit_q_div';
2017-12-04 15:37:28 EXEC SPC_COM_GET_COMBOBOX 'bank_div';
2017-12-04 15:37:28 EXEC SPC_COM_GET_COMBOBOX 'sales_detail_div';
2017-12-04 15:37:28 EXEC SPC_COM_GET_COMBOBOX 'unit_w_div';
2017-12-04 15:37:28 EXEC SPC_COM_GET_COMBOBOX 'unit_m_div';
2017-12-04 15:37:30 EXEC SPC_COM_GET_COMBOBOX 'pi_status_div';
2017-12-04 15:37:33 EXEC SPC_COM_GET_COMBOBOX 'port_city_div';
2017-12-04 15:37:33 EXEC SPC_COM_GET_COMBOBOX 'currency_div';
2017-12-04 15:37:33 EXEC SPC_COM_GET_COMBOBOX 'payment_conditions_div';
2017-12-04 15:37:33 EXEC SPC_COM_GET_COMBOBOX 'shipment_div';
2017-12-04 15:37:34 EXEC SPC_COM_GET_COMBOBOX 'port_country_div';
2017-12-04 15:37:34 EXEC SPC_COM_GET_COMBOBOX 'trade_terms_div';
2017-12-04 15:37:34 EXEC SPC_COM_GET_COMBOBOX 'unit_q_div';
2017-12-04 15:37:34 EXEC SPC_COM_GET_COMBOBOX 'unit_w_div';
2017-12-04 15:37:34 EXEC SPC_COM_GET_COMBOBOX 'unit_m_div';
2017-12-04 15:37:34 EXEC SPC_COM_GET_COMBOBOX 'sales_detail_div';
2017-12-04 15:37:34 EXEC SPC_COM_GET_COMBOBOX 'bank_div';
2017-12-04 15:37:36 EXEC SPC_COM_GET_COMBOBOX 'pi_status_div';
2017-12-04 15:45:51 EXEC SPC_COM_GET_COMBOBOX 'possible_div';
2017-12-04 15:45:59 EXEC SPC_COM_GET_COMBOBOX 'possible_div';
2017-12-04 15:46:01 EXEC SPC_057_LIBRARY_MASTER_SEARCH_FND1 '','','','','','1','10';
2017-12-04 15:46:05 EXEC SPC_056_LIBRARY_MASTER_INQ1 'auth_role_div';
2017-12-04 15:50:16 EXEC SPC_056_LIBRARY_MASTER_INQ1 'auth_role_div';
2017-12-04 15:57:42 EXEC SPC_COM_GET_COMBOBOX 'port_country_div';
2017-12-04 15:57:42 EXEC SPC_COM_GET_COMBOBOX 'trade_terms_div';
2017-12-04 15:57:42 EXEC SPC_COM_GET_COMBOBOX 'currency_div';
2017-12-04 15:57:42 EXEC SPC_COM_GET_COMBOBOX 'unit_q_div';
2017-12-04 15:57:42 EXEC SPC_COM_GET_COMBOBOX 'shipment_div';
2017-12-04 15:57:42 EXEC SPC_COM_GET_COMBOBOX 'payment_conditions_div';
2017-12-04 15:57:42 EXEC SPC_COM_GET_COMBOBOX 'port_city_div';
2017-12-04 15:57:43 EXEC SPC_COM_GET_COMBOBOX 'unit_w_div';
iv';
2017-12-04 15:57:43 EXEC SPC_COM_GET_COMBOBOX 'unit_m_div';
2017-12-04 15:57:43 EXEC SPC_COM_GET_COMBOBOX 'bank_div';
2017-12-04 16:01:38 EXEC SPC_COM_GET_COMBOBOX 'trade_terms_div';
2017-12-04 16:01:38 EXEC SPC_COM_GET_COMBOBOX 'port_city_div';
2017-12-04 16:01:38 EXEC SPC_COM_GET_COMBOBOX 'shipment_div';
2017-12-04 16:01:38 EXEC SPC_COM_GET_COMBOBOX 'currency_div';
2017-12-04 16:01:38 EXEC SPC_COM_GET_COMBOBOX 'payment_conditions_div';
2017-12-04 16:01:38 EXEC SPC_COM_GET_COMBOBOX 'port_country_div';
2017-12-04 16:01:38 EXEC SPC_COM_GET_COMBOBOX 'unit_q_div';
2017-12-04 16:01:38 EXEC SPC_COM_GET_COMBOBOX 'unit_w_div';
2017-12-04 16:01:38 EXEC SPC_COM_GET_COMBOBOX 'unit_m_div';
2017-12-04 16:01:39 EXEC SPC_COM_GET_COMBOBOX 'bank_div';
2017-12-04 16:01:39 EXEC SPC_COM_GET_COMBOBOX 'sales_detail_div';
2017-12-04 16:02:32 EXEC SPC_COM_GET_COMBOBOX 'position_div';
2017-12-04 16:02:32 EXEC SPC_COM_GET_COMBOBOX 'belong_div';
2017-12-04 16:02:32 EXEC SPC_COM_GET_COMBOBOX 'incumbent_div';
2017-12-04 16:02:32 EXEC SPC_COM_GET_COMBOBOX 'auth_role_div';
2017-12-04 16:02:42 EXEC SPC_077_USER_MASTER_SEARCH_FND1 '','','','1','10';
2017-12-04 16:02:44 EXEC SPC_076_USER_MASTER_DETAIL_INQ1 '0051';
2017-12-04 16:02:48 EXEC SPC_076_USER_MASTER_DETAIL_INQ1 '';
2017-12-04 16:03:05 EXEC SPC_073_LOGIN_ACT1 '001','123456';
2017-12-04 16:03:05 EXEC SPC_GET_CONSTANT '';
2017-12-04 16:03:12 EXEC SPC_COM_GET_COMBOBOX 'belong_div';
2017-12-04 16:03:12 EXEC SPC_COM_GET_COMBOBOX 'position_div';
2017-12-04 16:03:12 EXEC SPC_COM_GET_COMBOBOX 'incumbent_div';
2017-12-04 16:03:12 EXEC SPC_COM_GET_COMBOBOX 'auth_role_div';
2017-12-04 16:03:15 EXEC SPC_COM_GET_COMBOBOX 'incumbent_div';
2017-12-04 16:03:15 EXEC SPC_COM_GET_COMBOBOX 'position_div';
2017-12-04 16:03:15 EXEC SPC_COM_GET_COMBOBOX 'belong_div';
2017-12-04 16:03:29 EXEC SPC_COM_GET_COMBOBOX 'port_country_div';
2017-12-04 16:03:29 EXEC SPC_COM_GET_COMBOBOX 'port_city_div';
2017-12-04 16:03:29 EXEC SPC_COM_GET_COMBOBOX 'shipment_div';
2017-12-04 16:03:29 EXEC SPC_COM_GET_COMBOBOX 'currency_div';
2017-12-04 16:03:29 EXEC SPC_COM_GET_COMBOBOX 'payment_conditions_div';
2017-12-04 16:03:29 EXEC SPC_COM_GET_COMBOBOX 'trade_terms_div';
2017-12-04 16:03:29 EXEC SPC_COM_GET_COMBOBOX 'unit_q_div';
2017-12-04 16:03:29 EXEC SPC_COM_GET_COMBOBOX 'sales_detail_div';
2017-12-04 16:03:29 EXEC SPC_COM_GET_COMBOBOX 'unit_w_div';
2017-12-04 16:03:29 EXEC SPC_COM_GET_COMBOBOX 'bank_div';
2017-12-04 16:08:45 EXEC SPC_COM_GET_COMBOBOX 'pi_status_div';
2017-12-04 16:08:49 EXEC SPC_COM_GET_COMBOBOX 'port_city_div';
2017-12-04 16:08:49 EXEC SPC_COM_GET_COMBOBOX 'unit_q_div';
2017-12-04 16:08:50 EXEC SPC_COM_GET_COMBOBOX 'unit_w_div';
2017-12-04 16:08:50 EXEC SPC_COM_GET_COMBOBOX 'trade_terms_div';
2017-12-04 16:08:50 EXEC SPC_COM_GET_COMBOBOX 'shipment_div';
2017-12-04 16:08:50 EXEC SPC_COM_GET_COMBOBOX 'port_country_div';
2017-12-04 16:08:50 EXEC SPC_COM_GET_COMBOBOX 'payment_conditions_div';
2017-12-04 16:08:50 EXEC SPC_COM_GET_COMBOBOX 'currency_div';
2017-12-04 16:08:50 EXEC SPC_COM_GET_COMBOBOX 'unit_m_div';
2017-12-04 16:08:50 EXEC SPC_COM_GET_COMBOBOX 'bank_div';
2017-12-04 16:08:50 EXEC SPC_COM_GET_COMBOBOX 'sales_detail_div';
2017-12-04 16:08:52 EXEC SPC_COM_GET_COMBOBOX 'pi_status_div';
2017-12-04 16:08:56 EXEC SPC_COM_GET_COMBOBOX 'port_city_div';
2017-12-04 16:08:56 EXEC SPC_COM_GET_COMBOBOX 'currency_div';
2017-12-04 16:08:56 EXEC SPC_COM_GET_COMBOBOX 'port_country_div';
2017-12-04 16:08:56 EXEC SPC_COM_GET_COMBOBOX 'payment_conditions_div';
2017-12-04 16:08:56 EXEC SPC_COM_GET_COMBOBOX 'trade_terms_div';
2017-12-04 16:08:56 EXEC SPC_COM_GET_COMBOBOX 'shipment_div';
2017-12-04 16:08:56 EXEC SPC_COM_GET_COMBOBOX 'unit_q_div';
2017-12-04 16:08:56 EXEC SPC_COM_GET_COMBOBOX 'unit_w_div';
2017-12-04 16:08:56 EXEC SPC_COM_GET_COMBOBOX 'sales_detail_div';
2017-12-04 16:08:56 EXEC SPC_COM_GET_COMBOBOX 'unit_m_div';
2017-12-04 16:08:56 EXEC SPC_COM_GET_COMBOBOX 'bank_div';
2017-12-04 16:09:02 EXEC SPC_COM_GET_COMBOBOX 'pi_status_div';
2017-12-04 16:09:07 EXEC SPC_COM_GET_COMBOBOX 'port_city_div';
2017-12-04 16:09:07 EXEC SPC_COM_GET_COMBOBOX 'trade_terms_div';
2017-12-04 16:09:07 EXEC SPC_COM_GET_COMBOBOX 'currency_div';
2017-12-04 16:09:07 EXEC SPC_COM_GET_COMBOBOX 'payment_conditions_div';
2017-12-04 16:09:07 EXEC SPC_COM_GET_COMBOBOX 'shipment_div';
2017-12-04 16:09:07 EXEC SPC_COM_GET_COMBOBOX 'port_country_div';
2017-12-04 16:09:07 EXEC SPC_COM_GET_COMBOBOX 'sales_detail_div';
2017-12-04 16:09:07 EXEC SPC_COM_GET_COMBOBOX 'unit_m_div';
2017-12-04 16:09:07 EXEC SPC_COM_GET_COMBOBOX 'unit_w_div';
2017-12-04 16:09:07 EXEC SPC_COM_GET_COMBOBOX 'unit_q_div';
2017-12-04 16:09:07 EXEC SPC_COM_GET_COMBOBOX 'bank_div';
2017-12-04 16:09:09 EXEC SPC_COM_GET_COMBOBOX 'pi_status_div';
2017-12-04 16:09:27 EXEC SPC_COM_GET_COMBOBOX 'shipment_div';
2017-12-04 16:09:27 EXEC SPC_COM_GET_COMBOBOX 'currency_div';
;
2017-12-04 16:09:27 EXEC SPC_COM_GET_COMBOBOX 'port_city_div';
2017-12-04 16:09:27 EXEC SPC_COM_GET_COMBOBOX 'port_country_div';
2017-12-04 16:09:27 EXEC SPC_COM_GET_COMBOBOX 'payment_conditions_div';
2017-12-04 16:09:27 EXEC SPC_COM_GET_COMBOBOX 'bank_div';
2017-12-04 16:09:27 EXEC SPC_COM_GET_COMBOBOX 'unit_m_div';
2017-12-04 16:09:27 EXEC SPC_COM_GET_COMBOBOX 'sales_detail_div';
2017-12-04 16:09:27 EXEC SPC_COM_GET_COMBOBOX 'unit_q_div';
2017-12-04 16:09:27 EXEC SPC_COM_GET_COMBOBOX 'unit_w_div';
2017-12-04 16:41:24 EXEC SPC_COM_GET_COMBOBOX 'possible_div';
2017-12-04 16:41:26 EXEC SPC_057_LIBRARY_MASTER_SEARCH_FND1 '','','','','','1','10';
2017-12-04 16:41:29 EXEC SPC_056_LIBRARY_MASTER_INQ1 'allocation_div';
2017-12-04 16:53:23 EXEC SPC_COM_GET_COMBOBOX 'port_country_div';
2017-12-04 16:53:23 EXEC SPC_COM_GET_COMBOBOX 'payment_conditions_div';
2017-12-04 16:53:23 EXEC SPC_COM_GET_COMBOBOX 'trade_terms_div';
2017-12-04 16:53:23 EXEC SPC_COM_GET_COMBOBOX 'port_city_div';
2017-12-04 16:53:23 EXEC SPC_COM_GET_COMBOBOX 'currency_div';
2017-12-04 16:53:24 EXEC SPC_COM_GET_COMBOBOX 'unit_w_div';
2017-12-04 16:53:24 EXEC SPC_COM_GET_COMBOBOX 'unit_q_div';
2017-12-04 16:53:24 EXEC SPC_COM_GET_COMBOBOX 'shipment_div';
2017-12-04 16:53:24 EXEC SPC_COM_GET_COMBOBOX 'unit_m_div';
2017-12-04 16:53:24 EXEC SPC_COM_GET_COMBOBOX 'sales_detail_div';
2017-12-04 16:53:24 EXEC SPC_COM_GET_COMBOBOX 'bank_div';
2017-12-04 16:55:06 EXEC SPC_COM_GET_COMBOBOX 'pi_status_div';
2017-12-04 16:55:09 EXEC SPC_COM_GET_COMBOBOX 'port_city_div';
2017-12-04 16:55:09 EXEC SPC_COM_GET_COMBOBOX 'currency_div';
2017-12-04 16:55:09 EXEC SPC_COM_GET_COMBOBOX 'shipment_div';
2017-12-04 16:55:09 EXEC SPC_COM_GET_COMBOBOX 'port_country_div';
2017-12-04 16:55:09 EXEC SPC_COM_GET_COMBOBOX 'payment_conditions_div';
2017-12-04 16:55:09 EXEC SPC_COM_GET_COMBOBOX 'trade_terms_div';
2017-12-04 16:55:10 EXEC SPC_COM_GET_COMBOBOX 'unit_q_div';
2017-12-04 16:55:10 EXEC SPC_COM_GET_COMBOBOX 'unit_w_div';
2017-12-04 16:55:10 EXEC SPC_COM_GET_COMBOBOX 'sales_detail_div';
2017-12-04 16:55:10 EXEC SPC_COM_GET_COMBOBOX 'unit_m_div';
2017-12-04 16:55:10 EXEC SPC_COM_GET_COMBOBOX 'bank_div';
2017-12-04 17:13:59 EXEC SPC_COM_GET_COMBOBOX 'possible_div';
2017-12-04 17:14:01 EXEC SPC_057_LIBRARY_MASTER_SEARCH_FND1 '','','','','','1','10';
2017-12-04 17:14:04 EXEC SPC_056_LIBRARY_MASTER_INQ1 'bank_div';
2017-12-04 17:21:33 EXEC SPC_056_LIBRARY_MASTER_INQ1 'bank_div';
2017-12-04 17:30:59 EXEC SPC_056_LIBRARY_MASTER_INQ1 'bank_div';
2017-12-04 17:31:01 EXEC SPC_056_LIBRARY_MASTER_ACT1 'bank_div','[{"lib_val_cd":"008","lib_val_nm_j":"\u305d\u306e\u4ed6","lib_val_nm_e":"\u305d\u306e\u4ed6","lib_val_ab_j":"","lib_val_ab_e":"","lib_val_ctl1":"","lib_val_ctl2":"","lib_val_ctl3":"","lib_val_ctl4":"","lib_val_ctl5":"","lib_val_ctl6":"","lib_val_ctl7":"","lib_val_ctl8":"","lib_val_ctl9":"","lib_val_ctl10":"","ini_target_div":"0","disp_order":"1"}]','001','056_library-master','192.168.5.206';
2017-12-04 17:31:02 EXEC SPC_056_LIBRARY_MASTER_INQ1 'bank_div';
2017-12-04 17:42:02 EXEC SPC_056_LIBRARY_MASTER_INQ1 'bank_div';
2017-12-04 18:01:53 EXEC SPC_056_LIBRARY_MASTER_INQ1 'bank_div';
2017-12-04 20:44:33 EXEC SPC_COM_GET_COMBOBOX 'possible_div';
2017-12-04 20:44:38 EXEC SPC_057_LIBRARY_MASTER_SEARCH_FND1 '','','','','','1','10';
2017-12-04 20:44:41 EXEC SPC_056_LIBRARY_MASTER_INQ1 'allocation_div';
2017-12-04 20:45:58 EXEC SPC_056_LIBRARY_MASTER_INQ1 'allocation_div';
2017-12-04 20:46:55 EXEC SPC_056_LIBRARY_MASTER_INQ1 'allocation_div';
2017-12-04 20:46:59 EXEC SPC_COM_GET_COMBOBOX 'possible_div';
2017-12-04 20:47:00 EXEC SPC_057_LIBRARY_MASTER_SEARCH_FND1 '','','','','','1','10';
2017-12-04 20:47:03 EXEC SPC_056_LIBRARY_MASTER_INQ1 'auth_role_div';
2017-12-04 20:47:06 EXEC SPC_056_LIBRARY_MASTER_ACT1 'auth_role_div','[{"lib_val_cd":"000","lib_val_nm_j":"\u4e00\u822c","lib_val_nm_e":"\u4e00\u822c","lib_val_ab_j":"\u4e00\u822c","lib_val_ab_e":"\u4e00\u822c","lib_val_ctl1":"","lib_val_ctl2":"","lib_val_ctl3":"","lib_val_ctl4":"","lib_val_ctl5":"","lib_val_ctl6":"","lib_val_ctl7":"","lib_val_ctl8":"","lib_val_ctl9":"","lib_val_ctl10":"","ini_target_div":"0","disp_order":"1"},{"lib_val_cd":"100","lib_val_nm_j":"\u7ba1\u7406\u8005","lib_val_nm_e":"\u7ba1\u7406\u8005","lib_val_ab_j":"\u7ba1\u7406\u8005","lib_val_ab_e":"\u7ba1\u7406\u8005","lib_val_ctl1":"","lib_val_ctl2":"","lib_val_ctl3":"","lib_val_ctl4":"","lib_val_ctl5":"","lib_val_ctl6":"","lib_val_ctl7":"","lib_val_ctl8":"","lib_val_ctl9":"","lib_val_ctl10":"","ini_target_div":"0","disp_order":"2"},{"lib_val_cd":"999","lib_val_nm_j":"\u30b7\u30b9\u30c6\u30e0\u7ba1\u7406\u8005","lib_val_nm_e":"\u30b7\u30b9\u30c6\u30e0\u7ba1\u7406\u8005","lib_val_ab_j":"\u30b7\u30b9\u30c6\u30e0\u7ba1\u7406\u8005","lib_val_ab_e":"\u30b7\u30b9\u30c6\u30e0\u7ba1\u7406\u8005","lib_val_ctl1":"","lib_val_ctl2":"","lib_val_ctl3":"","lib_val_ctl4":"","lib_val_ctl5":"","lib_val_ctl6":"","lib_val_ctl7":"","lib_val_ctl8":"","lib_val_ctl9":"","lib_val_ctl10":"","ini_target_div":"0","disp_order":"3"},{"lib_val_cd":"111","lib_val_nm_j":"\u30b7\u30b9\u30c6\u30e0\u7ba1\u7406\u8005","lib_val_nm_e":"\u30b7\u30b9\u30c6\u30e0\u7ba1\u7406\u8005","lib_val_ab_j":"\u30b7\u30b9\u30c6\u30e0\u7ba1\u7406\u8005","lib_val_ab_e":"\u30b7\u30b9\u30c6\u30e0\u7ba1\u7406\u8005","lib_val_ctl1":"","lib_val_ctl2":"","lib_val_ctl3":"","lib_val_ctl4":"","lib_val_ctl5":"","lib_val_ctl6":"","lib_val_ctl7":"","lib_val_ctl8":"","lib_val_ctl9":"","lib_val_ctl10":"","ini_target_div":"0","disp_order":"4"}]','','056_library-master','';
2017-12-04 20:47:06 EXEC SPC_056_LIBRARY_MASTER_INQ1 'auth_role_div';
2017-12-04 20:47:08 EXEC SPC_056_LIBRARY_MASTER_INQ1 'auth_role_div';
2017-12-04 20:59:04 EXEC SPC_056_LIBRARY_MASTER_INQ1 'auth_role_div';
2017-12-04 21:06:41 EXEC SPC_056_LIBRARY_MASTER_INQ1 'auth_role_div';
