2017-12-19 10:41:00 EXEC SPC_COM_GET_COMBOBOX 'unit_q_div';
2017-12-19 10:47:49 EXEC SPC_COM_GET_COMBOBOX 'pi_status_div';
2017-12-19 10:47:51 EXEC SPC_002_PI_SEARCH_FND1 '','','','','','','','','1','10';
2017-12-19 10:47:55 EXEC SPC_COM_GET_COMBOBOX 'currency_div';
2017-12-19 10:47:55 EXEC SPC_COM_GET_COMBOBOX 'unit_q_div';
2017-12-19 10:47:56 EXEC SPC_COM_GET_COMBOBOX 'unit_w_div';
2017-12-19 10:47:56 EXEC SPC_COM_GET_COMBOBOX 'shipment_div';
2017-12-19 10:47:56 EXEC SPC_COM_GET_COMBOBOX 'payment_conditions_div';
2017-12-19 10:47:56 EXEC SPC_COM_GET_COMBOBOX 'port_country_div';
2017-12-19 10:47:56 EXEC SPC_COM_GET_COMBOBOX 'port_city_div';
2017-12-19 10:47:57 EXEC SPC_COM_GET_COMBOBOX 'unit_m_div';
2017-12-19 10:47:57 EXEC SPC_COM_GET_COMBOBOX 'bank_div';
2017-12-19 10:47:57 EXEC SPC_COM_GET_COMBOBOX 'sales_detail_div';
2017-12-19 10:47:57 EXEC SPC_GET_TAX_RATE '2017/12/19';
2017-12-19 10:47:57 EXEC SPC_COM_GET_COMBOBOX 'trade_terms_div';
2017-12-19 10:47:57 EXEC SPC_001_PI_DETAIL_INQ1 'RT-171212002';
2017-12-19 10:47:57 EXEC SPC_COM_GET_COMBOBOX 'sales_detail_div';
2017-12-19 10:47:57 EXEC SPC_COM_GET_COMBOBOX 'unit_m_div';
2017-12-19 10:47:57 EXEC SPC_COM_GET_COMBOBOX 'unit_w_div';
2017-12-19 10:48:03 EXEC SPC_001_PI_DETAIL_INQ2 'F0512','1';
2017-12-19 10:48:10 EXEC SPC_001_PI_DETAIL_INQ2 'F0511','1';
2017-12-19 11:00:33 EXEC SPC_COM_GET_COMBOBOX 'port_city_div';
2017-12-19 11:00:33 EXEC SPC_COM_GET_COMBOBOX 'unit_q_div';
2017-12-19 11:00:34 EXEC SPC_COM_GET_COMBOBOX 'currency_div';
2017-12-19 11:00:34 EXEC SPC_COM_GET_COMBOBOX 'shipment_div';
2017-12-19 11:00:34 EXEC SPC_COM_GET_COMBOBOX 'port_country_div';
2017-12-19 11:00:34 EXEC SPC_COM_GET_COMBOBOX 'payment_conditions_div';
2017-12-19 11:00:34 EXEC SPC_COM_GET_COMBOBOX 'unit_w_div';
2017-12-19 11:00:34 EXEC SPC_COM_GET_COMBOBOX 'trade_terms_div';
2017-12-19 11:00:34 EXEC SPC_COM_GET_COMBOBOX 'unit_m_div';
2017-12-19 11:00:34 EXEC SPC_COM_GET_COMBOBOX 'bank_div';
2017-12-19 11:00:34 EXEC SPC_COM_GET_COMBOBOX 'sales_detail_div';
2017-12-19 11:00:35 EXEC SPC_GET_TAX_RATE '2017/12/19';
2017-12-19 11:00:35 EXEC SPC_001_PI_DETAIL_INQ1 'RT-171212002';
2017-12-19 11:00:35 EXEC SPC_COM_GET_COMBOBOX 'unit_w_div';
2017-12-19 11:00:35 EXEC SPC_COM_GET_COMBOBOX 'sales_detail_div';
2017-12-19 11:00:35 EXEC SPC_COM_GET_COMBOBOX 'unit_q_div';
2017-12-19 11:00:35 EXEC SPC_COM_GET_COMBOBOX 'unit_m_div';
2017-12-19 11:00:40 EXEC SPC_001_PI_DETAIL_INQ3 '987497','2017/12/12','AF','USD';
2017-12-19 11:05:19 EXEC SPC_COM_GET_COMBOBOX 'port_country_div';
2017-12-19 11:05:19 EXEC SPC_COM_GET_COMBOBOX 'trade_terms_div';
2017-12-19 11:05:19 EXEC SPC_COM_GET_COMBOBOX 'currency_div';
2017-12-19 11:05:19 EXEC SPC_COM_GET_COMBOBOX 'payment_conditions_div';
2017-12-19 11:05:19 EXEC SPC_COM_GET_COMBOBOX 'port_city_div';
2017-12-19 11:05:19 EXEC SPC_COM_GET_COMBOBOX 'shipment_div';
2017-12-19 11:05:19 EXEC SPC_COM_GET_COMBOBOX 'unit_q_div';
2017-12-19 11:05:19 EXEC SPC_COM_GET_COMBOBOX 'unit_w_div';
2017-12-19 11:05:19 EXEC SPC_COM_GET_COMBOBOX 'unit_m_div';
2017-12-19 11:05:19 EXEC SPC_COM_GET_COMBOBOX 'sales_detail_div';
2017-12-19 11:05:19 EXEC SPC_COM_GET_COMBOBOX 'bank_div';
2017-12-19 11:05:20 EXEC SPC_GET_TAX_RATE '2017/12/19';
2017-12-19 11:05:20 EXEC SPC_001_PI_DETAIL_INQ1 'RT-171212002';
2017-12-19 11:05:20 EXEC SPC_COM_GET_COMBOBOX 'unit_q_div';
2017-12-19 11:05:20 EXEC SPC_COM_GET_COMBOBOX 'unit_w_div';
2017-12-19 11:05:20 EXEC SPC_COM_GET_COMBOBOX 'unit_m_div';
2017-12-19 11:05:21 EXEC SPC_COM_GET_COMBOBOX 'sales_detail_div';
2017-12-19 11:05:25 EXEC SPC_001_PI_DETAIL_INQ3 '945949','2017/12/12','AF','USD';
2017-12-19 11:05:59 EXEC SPC_COM_GET_COMBOBOX 'trade_terms_div';
2017-12-19 11:05:59 EXEC SPC_COM_GET_COMBOBOX 'currency_div';
2017-12-19 11:05:59 EXEC SPC_COM_GET_COMBOBOX 'port_city_div';
2017-12-19 11:05:59 EXEC SPC_COM_GET_COMBOBOX 'port_country_div';
2017-12-19 11:05:59 EXEC SPC_COM_GET_COMBOBOX 'payment_conditions_div';
2017-12-19 11:06:00 EXEC SPC_COM_GET_COMBOBOX 'shipment_div';
2017-12-19 11:06:00 EXEC SPC_COM_GET_COMBOBOX 'unit_m_div';
2017-12-19 11:06:00 EXEC SPC_COM_GET_COMBOBOX 'sales_detail_div';
2017-12-19 11:06:00 EXEC SPC_COM_GET_COMBOBOX 'unit_w_div';
2017-12-19 11:06:00 EXEC SPC_COM_GET_COMBOBOX 'unit_q_div';
2017-12-19 11:06:00 EXEC SPC_COM_GET_COMBOBOX 'bank_div';
2017-12-19 11:06:00 EXEC SPC_GET_TAX_RATE '2017/12/19';
2017-12-19 11:06:00 EXEC SPC_001_PI_DETAIL_INQ1 'RT-171212002';
2017-12-19 11:06:01 EXEC SPC_COM_GET_COMBOBOX 'unit_m_div';
2017-12-19 11:06:01 EXEC SPC_COM_GET_COMBOBOX 'unit_w_div';
2017-12-19 11:06:01 EXEC SPC_COM_GET_COMBOBOX 'unit_q_div';
2017-12-19 11:06:01 EXEC SPC_COM_GET_COMBOBOX 'sales_detail_div';
2017-12-19 11:06:04 EXEC SPC_001_PI_DETAIL_INQ3 '000002','2017/12/12','AF','USD';
2017-12-19 11:06:07 EXEC SPC_001_PI_DETAIL_INQ3 '959595','2017/12/12','AF','USD';
2017-12-19 11:06:42 EXEC SPC_COM_GET_COMBOBOX 'port_city_div';
2017-12-19 11:06:42 EXEC SPC_COM_GET_COMBOBOX 'currency_div';
2017-12-19 11:06:42 EXEC SPC_COM_GET_COMBOBOX 'shipment_div';
2017-12-19 11:06:42 EXEC SPC_COM_GET_COMBOBOX 'port_country_div';
2017-12-19 11:06:42 EXEC SPC_COM_GET_COMBOBOX 'payment_conditions_div';
2017-12-19 11:06:42 EXEC SPC_COM_GET_COMBOBOX 'trade_terms_div';
2017-12-19 11:06:43 EXEC SPC_COM_GET_COMBOBOX 'unit_q_div';
2017-12-19 11:06:43 EXEC SPC_COM_GET_COMBOBOX 'unit_w_div';
2017-12-19 11:06:43 EXEC SPC_COM_GET_COMBOBOX 'sales_detail_div';
2017-12-19 11:06:43 EXEC SPC_GET_TAX_RATE '2017/12/19';
2017-12-19 11:06:43 EXEC SPC_COM_GET_COMBOBOX 'unit_m_div';
2017-12-19 11:06:43 EXEC SPC_COM_GET_COMBOBOX 'bank_div';
2017-12-19 11:06:43 EXEC SPC_001_PI_DETAIL_INQ1 'RT-171212002';
2017-12-19 11:06:44 EXEC SPC_COM_GET_COMBOBOX 'unit_m_div';
2017-12-19 11:06:44 EXEC SPC_COM_GET_COMBOBOX 'unit_q_div';
2017-12-19 11:06:44 EXEC SPC_COM_GET_COMBOBOX 'sales_detail_div';
2017-12-19 11:06:44 EXEC SPC_COM_GET_COMBOBOX 'unit_w_div';
2017-12-19 11:06:47 EXEC SPC_001_PI_DETAIL_INQ3 '959595','2017/12/12','AF','USD';
2017-12-19 11:37:02 EXEC SPC_COM_GET_COMBOBOX 'port_city_div';
2017-12-19 11:37:02 EXEC SPC_COM_GET_COMBOBOX 'unit_q_div';
2017-12-19 11:37:03 EXEC SPC_COM_GET_COMBOBOX 'unit_w_div';
2017-12-19 11:37:03 EXEC SPC_COM_GET_COMBOBOX 'shipment_div';
2017-12-19 11:37:03 EXEC SPC_COM_GET_COMBOBOX 'currency_div';
2017-12-19 11:37:03 EXEC SPC_COM_GET_COMBOBOX 'payment_conditions_div';
2017-12-19 11:37:03 EXEC SPC_COM_GET_COMBOBOX 'trade_terms_div';
2017-12-19 11:37:03 EXEC SPC_COM_GET_COMBOBOX 'port_country_div';
2017-12-19 11:37:03 EXEC SPC_COM_GET_COMBOBOX 'unit_m_div';
2017-12-19 11:37:03 EXEC SPC_COM_GET_COMBOBOX 'sales_detail_div';
2017-12-19 11:37:03 EXEC SPC_COM_GET_COMBOBOX 'bank_div';
2017-12-19 11:37:03 EXEC SPC_GET_TAX_RATE '2017/12/19';
2017-12-19 11:37:04 EXEC SPC_001_PI_DETAIL_INQ1 'RT-171212002';
2017-12-19 11:37:04 EXEC SPC_COM_GET_COMBOBOX 'sales_detail_div';
2017-12-19 11:37:04 EXEC SPC_COM_GET_COMBOBOX 'unit_q_div';
2017-12-19 11:37:04 EXEC SPC_COM_GET_COMBOBOX 'unit_m_div';
2017-12-19 11:37:04 EXEC SPC_COM_GET_COMBOBOX 'unit_w_div';
2017-12-19 11:37:26 EXEC SPC_COM_GET_COMBOBOX 'shipment_div';
2017-12-19 11:37:26 EXEC SPC_COM_GET_COMBOBOX 'trade_terms_div';
2017-12-19 11:37:26 EXEC SPC_COM_GET_COMBOBOX 'port_city_div';
2017-12-19 11:37:26 EXEC SPC_COM_GET_COMBOBOX 'currency_div';
2017-12-19 11:37:26 EXEC SPC_COM_GET_COMBOBOX 'port_country_div';
2017-12-19 11:37:26 EXEC SPC_COM_GET_COMBOBOX 'payment_conditions_div';
2017-12-19 11:37:26 EXEC SPC_COM_GET_COMBOBOX 'unit_q_div';
2017-12-19 11:37:26 EXEC SPC_COM_GET_COMBOBOX 'sales_detail_div';
2017-12-19 11:37:26 EXEC SPC_COM_GET_COMBOBOX 'unit_m_div';
2017-12-19 11:37:26 EXEC SPC_COM_GET_COMBOBOX 'bank_div';
2017-12-19 11:37:26 EXEC SPC_COM_GET_COMBOBOX 'unit_w_div';
2017-12-19 11:37:27 EXEC SPC_GET_TAX_RATE '2017/12/19';
2017-12-19 11:37:27 EXEC SPC_001_PI_DETAIL_INQ1 'RT-171212002';
2017-12-19 11:37:28 EXEC SPC_COM_GET_COMBOBOX 'unit_q_div';
2017-12-19 11:37:28 EXEC SPC_COM_GET_COMBOBOX 'sales_detail_div';
2017-12-19 11:37:28 EXEC SPC_COM_GET_COMBOBOX 'unit_w_div';
2017-12-19 11:37:28 EXEC SPC_COM_GET_COMBOBOX 'unit_m_div';
2017-12-19 11:37:44 EXEC SPC_COM_GET_COMBOBOX 'trade_terms_div';
2017-12-19 11:37:44 EXEC SPC_COM_GET_COMBOBOX 'port_country_div';
2017-12-19 11:37:44 EXEC SPC_COM_GET_COMBOBOX 'shipment_div';
2017-12-19 11:37:44 EXEC SPC_COM_GET_COMBOBOX 'port_city_div';
2017-12-19 11:37:44 EXEC SPC_COM_GET_COMBOBOX 'payment_conditions_div';
2017-12-19 11:37:44 EXEC SPC_COM_GET_COMBOBOX 'currency_div';
2017-12-19 11:37:45 EXEC SPC_COM_GET_COMBOBOX 'unit_q_div';
2017-12-19 11:37:45 EXEC SPC_COM_GET_COMBOBOX 'sales_detail_div';
2017-12-19 11:37:45 EXEC SPC_COM_GET_COMBOBOX 'bank_div';
2017-12-19 11:37:45 EXEC SPC_COM_GET_COMBOBOX 'unit_w_div';
2017-12-19 11:37:45 EXEC SPC_001_PI_DETAIL_INQ1 'RT-171212002';
2017-12-19 11:37:46 EXEC SPC_COM_GET_COMBOBOX 'sales_detail_div';
2017-12-19 11:37:46 EXEC SPC_COM_GET_COMBOBOX 'unit_w_div';
2017-12-19 11:37:46 EXEC SPC_COM_GET_COMBOBOX 'unit_m_div';
2017-12-19 11:37:46 EXEC SPC_COM_GET_COMBOBOX 'unit_q_div';
2017-12-19 11:38:40 EXEC SPC_COM_GET_COMBOBOX 'port_city_div';
2017-12-19 11:38:40 EXEC SPC_COM_GET_COMBOBOX 'shipment_div';
2017-12-19 11:38:40 EXEC SPC_COM_GET_COMBOBOX 'trade_terms_div';
2017-12-19 11:38:40 EXEC SPC_COM_GET_COMBOBOX 'port_country_div';
2017-12-19 11:38:40 EXEC SPC_COM_GET_COMBOBOX 'currency_div';
2017-12-19 11:38:40 EXEC SPC_COM_GET_COMBOBOX 'payment_conditions_div';
2017-12-19 11:38:41 EXEC SPC_COM_GET_COMBOBOX 'unit_m_div';
2017-12-19 11:38:41 EXEC SPC_COM_GET_COMBOBOX 'unit_w_div';
2017-12-19 11:38:41 EXEC SPC_COM_GET_COMBOBOX 'sales_detail_div';
2017-12-19 11:38:41 EXEC SPC_COM_GET_COMBOBOX 'unit_q_div';
2017-12-19 11:38:41 EXEC SPC_COM_GET_COMBOBOX 'bank_div';
2017-12-19 11:38:41 EXEC SPC_GET_TAX_RATE '2017/12/19';
2017-12-19 11:38:41 EXEC SPC_001_PI_DETAIL_INQ1 'RT-171212002';
2017-12-19 11:38:42 EXEC SPC_COM_GET_COMBOBOX 'sales_detail_div';
2017-12-19 11:38:42 EXEC SPC_COM_GET_COMBOBOX 'unit_q_div';
2017-12-19 11:38:42 EXEC SPC_COM_GET_COMBOBOX 'unit_w_div';
2017-12-19 11:38:42 EXEC SPC_COM_GET_COMBOBOX 'unit_m_div';
2017-12-19 11:38:59 EXEC SPC_COM_GET_COMBOBOX 'port_country_div';
2017-12-19 11:38:59 EXEC SPC_COM_GET_COMBOBOX 'shipment_div';
2017-12-19 11:38:59 EXEC SPC_COM_GET_COMBOBOX 'port_city_div';
2017-12-19 11:38:59 EXEC SPC_COM_GET_COMBOBOX 'payment_conditions_div';
2017-12-19 11:38:59 EXEC SPC_COM_GET_COMBOBOX 'trade_terms_div';
2017-12-19 11:39:00 EXEC SPC_COM_GET_COMBOBOX 'currency_div';
2017-12-19 11:39:00 EXEC SPC_COM_GET_COMBOBOX 'unit_m_div';
2017-12-19 11:39:00 EXEC SPC_GET_TAX_RATE '2017/12/19';
2017-12-19 11:39:00 EXEC SPC_COM_GET_COMBOBOX 'bank_div';
2017-12-19 11:39:00 EXEC SPC_COM_GET_COMBOBOX 'unit_q_div';
2017-12-19 11:39:00 EXEC SPC_COM_GET_COMBOBOX 'sales_detail_div';
2017-12-19 11:39:00 EXEC SPC_COM_GET_COMBOBOX 'unit_w_div';
2017-12-19 11:39:01 EXEC SPC_001_PI_DETAIL_INQ1 'RT-171212002';
2017-12-19 11:39:01 EXEC SPC_COM_GET_COMBOBOX 'unit_w_div';
2017-12-19 11:39:01 EXEC SPC_COM_GET_COMBOBOX 'sales_detail_div';
2017-12-19 11:39:01 EXEC SPC_COM_GET_COMBOBOX 'unit_m_div';
2017-12-19 11:39:01 EXEC SPC_COM_GET_COMBOBOX 'unit_q_div';
2017-12-19 11:42:03 EXEC SPC_COM_GET_COMBOBOX 'shipment_div';
2017-12-19 11:42:03 EXEC SPC_COM_GET_COMBOBOX 'payment_conditions_div';
2017-12-19 11:42:03 EXEC SPC_COM_GET_COMBOBOX 'currency_div';
2017-12-19 11:42:03 EXEC SPC_COM_GET_COMBOBOX 'trade_terms_div';
2017-12-19 11:42:03 EXEC SPC_COM_GET_COMBOBOX 'port_country_div';
2017-12-19 11:42:03 EXEC SPC_COM_GET_COMBOBOX 'unit_w_div';
2017-12-19 11:42:03 EXEC SPC_COM_GET_COMBOBOX 'sales_detail_div';
2017-12-19 11:42:03 EXEC SPC_COM_GET_COMBOBOX 'unit_m_div';
2017-12-19 11:42:03 EXEC SPC_COM_GET_COMBOBOX 'unit_q_div';
2017-12-19 11:42:04 EXEC SPC_GET_TAX_RATE '2017/12/19';
2017-12-19 11:42:04 EXEC SPC_COM_GET_COMBOBOX 'bank_div';
2017-12-19 11:42:04 EXEC SPC_001_PI_DETAIL_INQ1 'RT-171212002';
2017-12-19 11:42:05 EXEC SPC_COM_GET_COMBOBOX 'unit_q_div';
2017-12-19 11:42:05 EXEC SPC_COM_GET_COMBOBOX 'unit_w_div';
2017-12-19 11:42:05 EXEC SPC_COM_GET_COMBOBOX 'sales_detail_div';
2017-12-19 11:42:05 EXEC SPC_COM_GET_COMBOBOX 'unit_m_div';
2017-12-19 11:50:26 EXEC SPC_COM_GET_COMBOBOX 'port_city_div';
2017-12-19 11:50:27 EXEC SPC_COM_GET_COMBOBOX 'unit_q_div';
2017-12-19 11:50:27 EXEC SPC_COM_GET_COMBOBOX 'shipment_div';
2017-12-19 11:50:27 EXEC SPC_COM_GET_COMBOBOX 'currency_div';
2017-12-19 11:50:27 EXEC SPC_COM_GET_COMBOBOX 'payment_conditions_div';
2017-12-19 11:50:27 EXEC SPC_COM_GET_COMBOBOX 'trade_terms_div';
2017-12-19 11:50:28 EXEC SPC_COM_GET_COMBOBOX 'port_country_div';
2017-12-19 11:50:28 EXEC SPC_COM_GET_COMBOBOX 'unit_w_div';
2017-12-19 11:50:28 EXEC SPC_COM_GET_COMBOBOX 'sales_detail_div';
2017-12-19 11:50:28 EXEC SPC_COM_GET_COMBOBOX 'unit_m_div';
2017-12-19 11:50:28 EXEC SPC_001_PI_DETAIL_INQ1 'RT-171212002';
2017-12-19 11:50:28 EXEC SPC_COM_GET_COMBOBOX 'bank_div';
2017-12-19 11:50:28 EXEC SPC_GET_TAX_RATE '2017/12/19';
2017-12-19 11:50:29 EXEC SPC_COM_GET_COMBOBOX 'unit_q_div';
2017-12-19 11:50:29 EXEC SPC_COM_GET_COMBOBOX 'unit_m_div';
2017-12-19 11:50:29 EXEC SPC_COM_GET_COMBOBOX 'sales_detail_div';
2017-12-19 11:50:43 EXEC SPC_COM_GET_COMBOBOX 'currency_div';
2017-12-19 11:50:43 EXEC SPC_COM_GET_COMBOBOX 'port_city_div';
2017-12-19 11:50:43 EXEC SPC_COM_GET_COMBOBOX 'shipment_div';
2017-12-19 11:50:44 EXEC SPC_COM_GET_COMBOBOX 'trade_terms_div';
2017-12-19 11:50:44 EXEC SPC_COM_GET_COMBOBOX 'port_country_div';
2017-12-19 11:50:44 EXEC SPC_COM_GET_COMBOBOX 'payment_conditions_div';
2017-12-19 11:50:44 EXEC SPC_COM_GET_COMBOBOX 'unit_q_div';
2017-12-19 11:50:44 EXEC SPC_COM_GET_COMBOBOX 'unit_m_div';
2017-12-19 11:50:44 EXEC SPC_COM_GET_COMBOBOX 'unit_w_div';
2017-12-19 11:50:44 EXEC SPC_COM_GET_COMBOBOX 'bank_div';
2017-12-19 11:50:44 EXEC SPC_COM_GET_COMBOBOX 'sales_detail_div';
2017-12-19 11:50:59 EXEC SPC_073_LOGIN_ACT1 '001','123456';
2017-12-19 11:50:59 EXEC SPC_GET_CONSTANT '';
2017-12-19 11:51:07 EXEC SPC_COM_GET_COMBOBOX 'currency_div';
2017-12-19 11:51:07 EXEC SPC_COM_GET_COMBOBOX 'port_country_div';
2017-12-19 11:51:07 EXEC SPC_COM_GET_COMBOBOX 'port_city_div';
2017-12-19 11:51:07 EXEC SPC_COM_GET_COMBOBOX 'payment_conditions_div';
2017-12-19 11:51:07 EXEC SPC_COM_GET_COMBOBOX 'trade_terms_div';
2017-12-19 11:51:07 EXEC SPC_COM_GET_COMBOBOX 'shipment_div';
2017-12-19 11:51:08 EXEC SPC_COM_GET_COMBOBOX 'bank_div';
2017-12-19 11:51:08 EXEC SPC_COM_GET_COMBOBOX 'unit_q_div';
2017-12-19 11:51:08 EXEC SPC_COM_GET_COMBOBOX 'unit_w_div';
2017-12-19 11:51:08 EXEC SPC_COM_GET_COMBOBOX 'unit_m_div';
2017-12-19 11:51:08 EXEC SPC_COM_GET_COMBOBOX 'sales_detail_div';
2017-12-19 11:51:08 EXEC SPC_GET_TAX_RATE '2017/12/19';
2017-12-19 11:51:08 EXEC SPC_001_PI_DETAIL_INQ1 '';
2017-12-19 11:51:15 EXEC SPC_001_PI_DETAIL_INQ2 'F0511','1';
2017-12-19 11:55:05 EXEC SPC_001_PI_DETAIL_ACT1 'I','','2017/12/19','F0511','client name 2','client address 1','client address 1','5555','001','AF','0905242555','0905242555','F0512','client name 1','client address 1','client address 1','5555','001','AE','0905242555','0905242555','shipping mark 1','shipping mark 2','shipping mark 3','shipping mark 4','Standard Export Carton','','USD','060','01','13','001','AE','15','Payment','[{"pi_detail_no":"1","sales_detail_div":"0","product_cd":"000001","description":"item name j 1","qty":"10","unit_of_m_div":"002","unit_price":"220","amount":"2200","detail_tax":"26.4","unit_measure_qty":"111","unit_measure_price":"001","outside_remarks":"","unit_net_weight":"111","unit_net_weight_div":"001","net_weight":"1110","unit_gross_weight":"111","gross_weight":"1110","measure":"1110"}]','10','002','1110','kg','1110','kg','1110','','2200','0','0','0','2200','Around 1 month after receipt of payment','008','Japan','APEL CO.,LTD.','This Proforma invoice is valid for 2 weeks from the date of  issue.','- If a consulate visa is required, the related fees should be paid by the buyer.','- In case of transport by air and/or container, FOB, C&F and CIF in this proforma invoice','shall be respectively equivalent to FCA, CPT and CIP stipulated in Incoterms 2000.','- In the event that the dollar (euro)falls against the Japanese yen by more than 5% from','the rate of proforma invoice date, the prices will not be effective.','* Remittance charge must be covered by sender.','*** Warranty period after shipment***','3 years: PD-303, BR-501','1 year: AP-120, AP-1000M, PD-303S, PD-3000UV, BR-5200, BR-5200P, HC-702, HG-220','*Our bank account is only Japanese one.(We have no bank account outside Japan)','0002','','','001_pi-detail','';
2017-12-19 11:55:07 EXEC SPC_001_PI_DETAIL_INQ1 'RT-171219001';
2017-12-19 11:55:07 EXEC SPC_COM_GET_COMBOBOX 'unit_w_div';
2017-12-19 11:55:08 EXEC SPC_COM_GET_COMBOBOX 'unit_q_div';
2017-12-19 11:55:08 EXEC SPC_COM_GET_COMBOBOX 'sales_detail_div';
2017-12-19 11:55:08 EXEC SPC_COM_GET_COMBOBOX 'unit_m_div';
2017-12-19 11:56:21 EXEC SPC_001_PI_DETAIL_INQ2 'F0511','1';
2017-12-19 11:56:23 EXEC SPC_001_PI_DETAIL_INQ2 '979798','1';
2017-12-19 11:56:27 EXEC SPC_001_PI_DETAIL_INQ2 '849879','1';
2017-12-19 11:56:32 EXEC SPC_001_PI_DETAIL_INQ2 'F0511','1';
2017-12-19 11:56:35 EXEC SPC_001_PI_DETAIL_INQ2 '965985','1';
2017-12-19 12:04:41 EXEC SPC_COM_GET_COMBOBOX 'unit_q_div';
2017-12-19 12:05:31 EXEC SPC_COM_GET_COMBOBOX 'unit_q_div';
2017-12-19 12:08:33 EXEC SPC_COM_GET_COMBOBOX 'port_country_div';
2017-12-19 12:08:34 EXEC SPC_COM_GET_COMBOBOX 'unit_q_div';
2017-12-19 12:08:34 EXEC SPC_COM_GET_COMBOBOX 'unit_w_div';
2017-12-19 12:08:35 EXEC SPC_COM_GET_COMBOBOX 'unit_m_div';
2017-12-19 12:08:35 EXEC SPC_COM_GET_COMBOBOX 'sales_detail_div';
2017-12-19 12:08:36 EXEC SPC_COM_GET_COMBOBOX 'bank_div';
2017-12-19 12:08:36 EXEC SPC_GET_TAX_RATE '2017/12/19';
2017-12-19 12:08:36 EXEC SPC_COM_GET_COMBOBOX 'shipment_div';
2017-12-19 12:08:36 EXEC SPC_COM_GET_COMBOBOX 'payment_conditions_div';
2017-12-19 12:08:36 EXEC SPC_COM_GET_COMBOBOX 'currency_div';
2017-12-19 12:08:36 EXEC SPC_COM_GET_COMBOBOX 'trade_terms_div';
2017-12-19 12:08:37 EXEC SPC_001_PI_DETAIL_INQ1 '';
2017-12-19 12:08:37 EXEC SPC_COM_GET_COMBOBOX 'port_city_div';
2017-12-19 12:10:13 EXEC SPC_COM_GET_COMBOBOX 'unit_q_div';
2017-12-19 12:24:55 EXEC SPC_COM_GET_COMBOBOX 'pi_status_div';
2017-12-19 12:24:56 EXEC SPC_002_PI_SEARCH_FND1 '','','','','','','','','1','10';
2017-12-19 12:26:13 EXEC SPC_COM_GET_COMBOBOX 'port_city_div';
2017-12-19 12:26:13 EXEC SPC_COM_GET_COMBOBOX 'unit_q_div';
2017-12-19 12:26:14 EXEC SPC_COM_GET_COMBOBOX 'unit_w_div';
2017-12-19 12:26:14 EXEC SPC_COM_GET_COMBOBOX 'shipment_div';
2017-12-19 12:26:14 EXEC SPC_COM_GET_COMBOBOX 'trade_terms_div';
2017-12-19 12:26:14 EXEC SPC_COM_GET_COMBOBOX 'payment_conditions_div';
2017-12-19 12:26:14 EXEC SPC_COM_GET_COMBOBOX 'port_country_div';
2017-12-19 12:26:14 EXEC SPC_COM_GET_COMBOBOX 'currency_div';
2017-12-19 12:26:14 EXEC SPC_COM_GET_COMBOBOX 'sales_detail_div';
2017-12-19 12:26:14 EXEC SPC_COM_GET_COMBOBOX 'bank_div';
2017-12-19 12:26:15 EXEC SPC_COM_GET_COMBOBOX 'unit_m_div';
2017-12-19 12:26:15 EXEC SPC_GET_TAX_RATE '2017/12/19';
2017-12-19 12:26:15 EXEC SPC_001_PI_DETAIL_INQ1 '';
2017-12-19 12:26:18 EXEC SPC_002_PI_SEARCH_FND1 '','','','','','','','','1','10';
2017-12-19 12:26:21 EXEC SPC_001_PI_DETAIL_INQ1 'RT-130827002';
2017-12-19 12:26:21 EXEC SPC_COM_GET_COMBOBOX 'sales_detail_div';
2017-12-19 12:26:21 EXEC SPC_COM_GET_COMBOBOX 'unit_q_div';
2017-12-19 12:26:21 EXEC SPC_COM_GET_COMBOBOX 'unit_w_div';
2017-12-19 12:26:22 EXEC SPC_COM_GET_COMBOBOX 'unit_m_div';
2017-12-19 12:30:45 EXEC SPC_COM_GET_COMBOBOX 'pi_status_div';
2017-12-19 12:30:47 EXEC SPC_002_PI_SEARCH_FND1 '','','','','','','','','1','10';
2017-12-19 12:31:33 EXEC SPC_COM_GET_COMBOBOX 'pi_status_div';
2017-12-19 12:31:34 EXEC SPC_002_PI_SEARCH_FND1 '','','','','','','','','1','10';
2017-12-19 12:33:19 EXEC SPC_COM_GET_COMBOBOX 'pi_status_div';
2017-12-19 12:33:20 EXEC SPC_002_PI_SEARCH_FND1 '','','','','','','','','1','10';
2017-12-19 12:33:53 EXEC SPC_COM_GET_COMBOBOX 'pi_status_div';
2017-12-19 12:33:54 EXEC SPC_002_PI_SEARCH_FND1 '','','','','','','','','1','10';
2017-12-19 12:34:26 EXEC SPC_COM_GET_COMBOBOX 'pi_status_div';
2017-12-19 12:34:31 EXEC SPC_COM_GET_COMBOBOX 'pi_status_div';
2017-12-19 12:34:32 EXEC SPC_002_PI_SEARCH_FND1 '','','','','','','','','1','10';
2017-12-19 12:36:36 EXEC SPC_002_PI_SEARCH_FND1 '','','','','','','','','1','10';
2017-12-19 12:36:46 EXEC SPC_002_PI_SEARCH_FND1 '','','','','','','','','1','10';
2017-12-19 12:37:17 EXEC SPC_002_PI_SEARCH_FND1 '','','','','','','','','1','10';
2017-12-19 12:37:25 EXEC SPC_COM_GET_COMBOBOX 'pi_status_div';
2017-12-19 12:38:14 EXEC SPC_COM_GET_COMBOBOX 'unit_q_div';
2017-12-19 12:42:17 EXEC SPC_002_PI_SEARCH_FND1 '','','','','','','','','1','10';
2017-12-19 13:46:53 EXEC SPC_COM_GET_COMBOBOX 'unit_q_div';
2017-12-19 13:48:29 EXEC SPC_COM_GET_COMBOBOX 'unit_q_div';
2017-12-19 13:49:02 EXEC SPC_COM_GET_COMBOBOX 'unit_q_div';
2017-12-19 14:53:38 EXEC SPC_COM_GET_COMBOBOX 'port_country_div';
2017-12-19 14:53:39 EXEC SPC_COM_GET_COMBOBOX 'payment_conditions_div';
2017-12-19 14:53:39 EXEC SPC_COM_GET_COMBOBOX 'shipment_div';
2017-12-19 14:53:39 EXEC SPC_COM_GET_COMBOBOX 'currency_div';
2017-12-19 14:53:39 EXEC SPC_COM_GET_COMBOBOX 'unit_q_div';
2017-12-19 14:53:39 EXEC SPC_COM_GET_COMBOBOX 'port_city_div';
2017-12-19 14:53:39 EXEC SPC_COM_GET_COMBOBOX 'trade_terms_div';
2017-12-19 14:53:39 EXEC SPC_COM_GET_COMBOBOX 'bank_div';
2017-12-19 14:53:39 EXEC SPC_COM_GET_COMBOBOX 'sales_detail_div';
2017-12-19 14:53:39 EXEC SPC_COM_GET_COMBOBOX 'unit_m_div';
2017-12-19 14:53:39 EXEC SPC_COM_GET_COMBOBOX 'unit_w_div';
2017-12-19 14:53:39 EXEC SPC_GET_TAX_RATE '2017/12/19';
2017-12-19 14:53:42 EXEC SPC_001_PI_DETAIL_INQ3 '000001','2017/12/19','','';
2017-12-19 14:53:50 EXEC SPC_001_PI_DETAIL_INQ3 '989797','2017/12/19','','';
2017-12-19 14:56:07 EXEC SPC_001_PI_DETAIL_INQ3 '000001','2017/12/19','','';
2017-12-19 15:15:08 EXEC SPC_COM_GET_COMBOBOX 'unit_q_div';
2017-12-19 15:15:25 EXEC SPC_COM_GET_COMBOBOX 'unit_q_div';
2017-12-19 15:19:52 EXEC SPC_COM_GET_COMBOBOX 'unit_q_div';
2017-12-19 15:20:24 EXEC SPC_COM_GET_COMBOBOX 'unit_q_div';
2017-12-19 15:33:03 EXEC SPC_070_COMPONENT_LIST_DETAIL_ACT1 '','','444,454','002','2017/12/12','2017/12/30','','','070_component-list-detail','';
2017-12-19 15:34:40 EXEC SPC_070_COMPONENT_LIST_DETAIL_ACT1 '','','444,454','002','2017/12/12','2017/12/30','','','070_component-list-detail','';
2017-12-19 15:34:58 EXEC SPC_COM_GET_COMBOBOX 'unit_q_div';
2017-12-19 15:35:08 EXEC SPC_070_COMPONENT_LIST_DETAIL_ACT1 '','','9999','002','2017/12/12','2017/12/20','','','070_component-list-detail','';
2017-12-19 15:36:26 EXEC SPC_COM_GET_COMBOBOX 'unit_q_div';
2017-12-19 15:36:57 EXEC SPC_COM_GET_COMBOBOX 'pi_status_div';
2017-12-19 15:37:47 EXEC SPC_070_COMPONENT_LIST_DETAIL_ACT1 '','','444444','','2017/12/20','2017/12/05','','','070_component-list-detail','';
2017-12-19 15:38:30 EXEC SPC_COM_GET_COMBOBOX 'unit_q_div';
2017-12-19 15:40:13 EXEC SPC_COM_GET_COMBOBOX 'unit_q_div';
2017-12-19 15:44:45 EXEC SPC_070_COMPONENT_LIST_DETAIL_ACT1 '0001','0002','1111','002','2017/12/01','2017/12/30','備考','','070_component-list-detail','';
2017-12-19 15:45:01 EXEC SPC_070_COMPONENT_LIST_DETAIL_ACT1 '1111','0002','1111','002','2017/12/01','2017/12/30','備考','','070_component-list-detail','';
2017-12-19 15:46:00 EXEC SPC_070_COMPONENT_LIST_DETAIL_ACT1 '11111','22222','1111','002','2017/12/01','2017/12/30','備考','','070_component-list-detail','';
2017-12-19 15:46:20 EXEC SPC_070_COMPONENT_LIST_DETAIL_ACT1 '121212','212121','1111','002','2017/12/01','2017/12/30','備考','','070_component-list-detail','';
2017-12-19 15:48:26 EXEC SPC_COM_GET_COMBOBOX 'unit_q_div';
2017-12-19 15:48:33 EXEC SPC_COM_GET_COMBOBOX 'unit_q_div';
2017-12-19 15:48:52 EXEC SPC_070_COMPONENT_LIST_DETAIL_ACT1 'I','121212','212121','11111','002','2017/12/08','2017/12/19','備考','','070_component-list-detail','';
2017-12-19 15:49:36 EXEC SPC_070_COMPONENT_LIST_DETAIL_ACT1 'I','121213','212121','11111','002','2017/12/08','2017/12/19','備考','','070_component-list-detail','';
2017-12-19 15:51:19 EXEC SPC_COM_GET_COMBOBOX 'unit_q_div';
2017-12-19 15:51:39 EXEC SPC_070_COMPONENT_LIST_DETAIL_ACT1 'I','313131','131313','33333','003','2017/12/06','2017/12/29','備考','','070_component-list-detail','';
2017-12-19 15:52:04 EXEC SPC_070_COMPONENT_LIST_DETAIL_ACT1 'U','313131','131313','33333','003','2017/12/06','2017/12/29','備考','','070_component-list-detail','';
2017-12-19 15:52:47 EXEC SPC_070_COMPONENT_LIST_DETAIL_ACT1 'U','313132','131313','33333','003','2017/12/06','2017/12/29','備考','','070_component-list-detail','';
2017-12-19 16:04:24 EXEC SPC_COM_GET_COMBOBOX 'port_country_div';
2017-12-19 16:04:25 EXEC SPC_COM_GET_COMBOBOX 'unit_q_div';
2017-12-19 16:04:25 EXEC SPC_COM_GET_COMBOBOX 'unit_w_div';
2017-12-19 16:04:25 EXEC SPC_COM_GET_COMBOBOX 'trade_terms_div';
2017-12-19 16:04:25 EXEC SPC_COM_GET_COMBOBOX 'payment_conditions_div';
2017-12-19 16:04:25 EXEC SPC_COM_GET_COMBOBOX 'port_city_div';
2017-12-19 16:04:25 EXEC SPC_COM_GET_COMBOBOX 'currency_div';
2017-12-19 16:04:26 EXEC SPC_COM_GET_COMBOBOX 'shipment_div';
2017-12-19 16:04:26 EXEC SPC_COM_GET_COMBOBOX 'unit_m_div';
2017-12-19 16:04:26 EXEC SPC_GET_TAX_RATE '2017/12/19';
il_div';
2017-12-19 16:04:26 EXEC SPC_COM_GET_COMBOBOX 'bank_div';
2017-12-19 16:11:01 EXEC SPC_COM_GET_COMBOBOX 'port_country_div';
2017-12-19 16:11:02 EXEC SPC_COM_GET_COMBOBOX 'unit_q_div';
2017-12-19 16:11:02 EXEC SPC_COM_GET_COMBOBOX 'trade_terms_div';
2017-12-19 16:11:02 EXEC SPC_COM_GET_COMBOBOX 'shipment_div';
2017-12-19 16:11:02 EXEC SPC_COM_GET_COMBOBOX 'unit_w_div';
2017-12-19 16:11:02 EXEC SPC_COM_GET_COMBOBOX 'payment_conditions_div';
2017-12-19 16:11:02 EXEC SPC_COM_GET_COMBOBOX 'port_city_div';
2017-12-19 16:11:03 EXEC SPC_COM_GET_COMBOBOX 'currency_div';
2017-12-19 16:11:03 EXEC SPC_COM_GET_COMBOBOX 'sales_detail_div';
2017-12-19 16:11:03 EXEC SPC_COM_GET_COMBOBOX 'unit_m_div';
2017-12-19 16:11:03 EXEC SPC_COM_GET_COMBOBOX 'bank_div';
2017-12-19 16:11:03 EXEC SPC_GET_TAX_RATE '2017/12/19';
2017-12-19 16:11:04 EXEC SPC_001_PI_DETAIL_INQ2 'F0511','1';
2017-12-19 16:11:11 EXEC SPC_001_PI_DETAIL_INQ2 'F0512','1';
2017-12-19 16:11:25 EXEC SPC_001_PI_DETAIL_INQ2 'client','1';
2017-12-19 16:11:31 EXEC SPC_001_PI_DETAIL_INQ2 'F0511','1';
2017-12-19 16:13:46 EXEC SPC_COM_GET_COMBOBOX 'port_country_div';
2017-12-19 16:13:46 EXEC SPC_COM_GET_COMBOBOX 'shipment_div';
2017-12-19 16:13:46 EXEC SPC_COM_GET_COMBOBOX 'port_city_div';
2017-12-19 16:13:46 EXEC SPC_COM_GET_COMBOBOX 'payment_conditions_div';
2017-12-19 16:13:46 EXEC SPC_COM_GET_COMBOBOX 'currency_div';
2017-12-19 16:13:46 EXEC SPC_COM_GET_COMBOBOX 'trade_terms_div';
2017-12-19 16:13:46 EXEC SPC_COM_GET_COMBOBOX 'unit_w_div';
2017-12-19 16:13:46 EXEC SPC_COM_GET_COMBOBOX 'unit_q_div';
2017-12-19 16:13:46 EXEC SPC_COM_GET_COMBOBOX 'unit_m_div';
2017-12-19 16:13:47 EXEC SPC_COM_GET_COMBOBOX 'bank_div';
2017-12-19 16:13:47 EXEC SPC_COM_GET_COMBOBOX 'sales_detail_div';
2017-12-19 16:13:47 EXEC SPC_GET_TAX_RATE '2017/12/19';
2017-12-19 16:13:59 EXEC SPC_COM_GET_COMBOBOX 'port_country_div';
2017-12-19 16:13:59 EXEC SPC_COM_GET_COMBOBOX 'port_city_div';
2017-12-19 16:13:59 EXEC SPC_COM_GET_COMBOBOX 'currency_div';
2017-12-19 16:13:59 EXEC SPC_COM_GET_COMBOBOX 'payment_conditions_div';
2017-12-19 16:13:59 EXEC SPC_COM_GET_COMBOBOX 'shipment_div';
2017-12-19 16:13:59 EXEC SPC_COM_GET_COMBOBOX 'trade_terms_div';
2017-12-19 16:13:59 EXEC SPC_COM_GET_COMBOBOX 'unit_q_div';
2017-12-19 16:14:00 EXEC SPC_COM_GET_COMBOBOX 'unit_w_div';
2017-12-19 16:14:00 EXEC SPC_COM_GET_COMBOBOX 'unit_m_div';
2017-12-19 16:14:00 EXEC SPC_COM_GET_COMBOBOX 'sales_detail_div';
2017-12-19 16:14:00 EXEC SPC_GET_TAX_RATE '2017/12/19';
2017-12-19 16:14:00 EXEC SPC_COM_GET_COMBOBOX 'bank_div';
2017-12-19 16:23:29 EXEC SPC_COM_GET_COMBOBOX 'port_country_div';
2017-12-19 16:23:30 EXEC SPC_COM_GET_COMBOBOX 'currency_div';
2017-12-19 16:23:30 EXEC SPC_COM_GET_COMBOBOX 'trade_terms_div';
2017-12-19 16:23:30 EXEC SPC_COM_GET_COMBOBOX 'port_city_div';
2017-12-19 16:23:30 EXEC SPC_COM_GET_COMBOBOX 'unit_q_div';
2017-12-19 16:23:30 EXEC SPC_COM_GET_COMBOBOX 'shipment_div';
2017-12-19 16:23:30 EXEC SPC_COM_GET_COMBOBOX 'payment_conditions_div';
2017-12-19 16:23:30 EXEC SPC_COM_GET_COMBOBOX 'unit_m_div';
2017-12-19 16:23:30 EXEC SPC_COM_GET_COMBOBOX 'sales_detail_div';
2017-12-19 16:23:30 EXEC SPC_COM_GET_COMBOBOX 'unit_w_div';
2017-12-19 16:23:31 EXEC SPC_COM_GET_COMBOBOX 'bank_div';
2017-12-19 16:23:31 EXEC SPC_GET_TAX_RATE '2017/12/19';
2017-12-19 16:25:18 EXEC SPC_001_PI_DETAIL_INQ2 'F0129','1';
2017-12-19 16:25:23 EXEC SPC_001_PI_DETAIL_INQ2 'F0130','1';
2017-12-19 16:26:31 EXEC SPC_001_PI_DETAIL_INQ2 'F0130','1';
2017-12-19 16:26:42 EXEC SPC_001_PI_DETAIL_INQ2 '@ALL V','1';
2017-12-19 16:26:48 EXEC SPC_001_PI_DETAIL_INQ2 'F0129','1';
2017-12-19 16:27:03 EXEC SPC_001_PI_DETAIL_INQ2 'F0129','1';
2017-12-19 16:35:51 EXEC SPC_COM_GET_COMBOBOX 'unit_q_div';
2017-12-19 17:06:02 EXEC SPC_COM_GET_COMBOBOX 'port_country_div';
2017-12-19 17:06:02 EXEC SPC_COM_GET_COMBOBOX 'unit_q_div';
2017-12-19 17:06:02 EXEC SPC_COM_GET_COMBOBOX 'currency_div';
2017-12-19 17:06:02 EXEC SPC_COM_GET_COMBOBOX 'trade_terms_div';
2017-12-19 17:06:02 EXEC SPC_COM_GET_COMBOBOX 'shipment_div';
2017-12-19 17:06:02 EXEC SPC_COM_GET_COMBOBOX 'port_city_div';
2017-12-19 17:06:02 EXEC SPC_COM_GET_COMBOBOX 'payment_conditions_div';
2017-12-19 17:06:03 EXEC SPC_COM_GET_COMBOBOX 'unit_w_div';
2017-12-19 17:06:03 EXEC SPC_COM_GET_COMBOBOX 'bank_div';
2017-12-19 17:06:03 EXEC SPC_COM_GET_COMBOBOX 'unit_m_div';
2017-12-19 17:06:03 EXEC SPC_COM_GET_COMBOBOX 'sales_detail_div';
2017-12-19 17:06:03 EXEC SPC_GET_TAX_RATE '2017/12/19';
2017-12-19 17:07:05 EXEC SPC_COM_GET_COMBOBOX 'pi_status_div';
2017-12-19 17:07:08 EXEC SPC_COM_GET_COMBOBOX 'port_city_div';
2017-12-19 17:07:08 EXEC SPC_COM_GET_COMBOBOX 'port_country_div';
2017-12-19 17:07:08 EXEC SPC_COM_GET_COMBOBOX 'currency_div';
2017-12-19 17:07:08 EXEC SPC_COM_GET_COMBOBOX 'payment_conditions_div';
2017-12-19 17:07:08 EXEC SPC_COM_GET_COMBOBOX 'shipment_div';
2017-12-19 17:07:08 EXEC SPC_COM_GET_COMBOBOX 'trade_terms_div';
2017-12-19 17:07:08 EXEC SPC_COM_GET_COMBOBOX 'sales_detail_div';
2017-12-19 17:07:08 EXEC SPC_COM_GET_COMBOBOX 'unit_w_div';
2017-12-19 17:07:08 EXEC SPC_COM_GET_COMBOBOX 'unit_q_div';
2017-12-19 17:07:08 EXEC SPC_COM_GET_COMBOBOX 'unit_m_div';
2017-12-19 17:07:08 EXEC SPC_COM_GET_COMBOBOX 'bank_div';
2017-12-19 17:07:08 EXEC SPC_GET_TAX_RATE '2017/12/19';
2017-12-19 17:07:13 EXEC SPC_COM_GET_COMBOBOX 'payment_conditions_div';
2017-12-19 17:07:13 EXEC SPC_COM_GET_COMBOBOX 'shipment_div';
2017-12-19 17:07:13 EXEC SPC_COM_GET_COMBOBOX 'port_city_div';
2017-12-19 17:07:13 EXEC SPC_COM_GET_COMBOBOX 'currency_div';
2017-12-19 17:07:13 EXEC SPC_COM_GET_COMBOBOX 'port_country_div';
2017-12-19 17:07:13 EXEC SPC_COM_GET_COMBOBOX 'trade_terms_div';
2017-12-19 17:07:14 EXEC SPC_COM_GET_COMBOBOX 'sales_detail_div';
2017-12-19 17:07:14 EXEC SPC_COM_GET_COMBOBOX 'unit_m_div';
2017-12-19 17:07:14 EXEC SPC_COM_GET_COMBOBOX 'unit_q_div';
2017-12-19 17:07:14 EXEC SPC_COM_GET_COMBOBOX 'unit_w_div';
2017-12-19 17:07:14 EXEC SPC_COM_GET_COMBOBOX 'bank_div';
2017-12-19 17:07:14 EXEC SPC_GET_TAX_RATE '2017/12/19';
2017-12-19 17:07:14 EXEC SPC_001_PI_DETAIL_INQ1 '';
2017-12-19 17:10:24 EXEC SPC_COM_GET_COMBOBOX 'port_country_div';
2017-12-19 17:10:24 EXEC SPC_COM_GET_COMBOBOX 'shipment_div';
2017-12-19 17:10:24 EXEC SPC_COM_GET_COMBOBOX 'payment_conditions_div';
2017-12-19 17:10:24 EXEC SPC_COM_GET_COMBOBOX 'trade_terms_div';
2017-12-19 17:10:24 EXEC SPC_COM_GET_COMBOBOX 'port_city_div';
2017-12-19 17:10:24 EXEC SPC_COM_GET_COMBOBOX 'currency_div';
2017-12-19 17:10:24 EXEC SPC_COM_GET_COMBOBOX 'sales_detail_div';
2017-12-19 17:10:24 EXEC SPC_COM_GET_COMBOBOX 'unit_m_div';
2017-12-19 17:10:24 EXEC SPC_COM_GET_COMBOBOX 'unit_w_div';
2017-12-19 17:10:24 EXEC SPC_COM_GET_COMBOBOX 'unit_q_div';
2017-12-19 17:10:24 EXEC SPC_COM_GET_COMBOBOX 'bank_div';
2017-12-19 17:10:25 EXEC SPC_GET_TAX_RATE '2017/12/19';
2017-12-19 17:10:33 EXEC SPC_COM_GET_COMBOBOX 'port_city_div';
2017-12-19 17:10:33 EXEC SPC_COM_GET_COMBOBOX 'port_country_div';
2017-12-19 17:10:33 EXEC SPC_COM_GET_COMBOBOX 'shipment_div';
2017-12-19 17:10:33 EXEC SPC_COM_GET_COMBOBOX 'trade_terms_div';
2017-12-19 17:10:33 EXEC SPC_COM_GET_COMBOBOX 'currency_div';
2017-12-19 17:10:33 EXEC SPC_COM_GET_COMBOBOX 'payment_conditions_div';
2017-12-19 17:10:33 EXEC SPC_COM_GET_COMBOBOX 'unit_q_div';
2017-12-19 17:10:33 EXEC SPC_COM_GET_COMBOBOX 'unit_w_div';
2017-12-19 17:10:33 EXEC SPC_COM_GET_COMBOBOX 'unit_m_div';
2017-12-19 17:10:33 EXEC SPC_GET_TAX_RATE '2017/12/19';
2017-12-19 17:10:33 EXEC SPC_COM_GET_COMBOBOX 'bank_div';
2017-12-19 17:10:34 EXEC SPC_COM_GET_COMBOBOX 'sales_detail_div';
2017-12-19 17:12:05 EXEC SPC_COM_GET_COMBOBOX 'port_city_div';
2017-12-19 17:12:05 EXEC SPC_COM_GET_COMBOBOX 'port_country_div';
2017-12-19 17:12:05 EXEC SPC_COM_GET_COMBOBOX 'currency_div';
2017-12-19 17:12:05 EXEC SPC_COM_GET_COMBOBOX 'shipment_div';
2017-12-19 17:12:05 EXEC SPC_COM_GET_COMBOBOX 'payment_conditions_div';
2017-12-19 17:12:05 EXEC SPC_COM_GET_COMBOBOX 'trade_terms_div';
2017-12-19 17:12:05 EXEC SPC_COM_GET_COMBOBOX 'sales_detail_div';
2017-12-19 17:12:05 EXEC SPC_COM_GET_COMBOBOX 'unit_w_div';
2017-12-19 17:12:05 EXEC SPC_COM_GET_COMBOBOX 'bank_div';
2017-12-19 17:12:05 EXEC SPC_COM_GET_COMBOBOX 'unit_q_div';
2017-12-19 17:12:05 EXEC SPC_GET_TAX_RATE '2017/12/19';
2017-12-19 17:12:05 EXEC SPC_COM_GET_COMBOBOX 'unit_m_div';
2017-12-19 17:12:06 EXEC SPC_001_PI_DETAIL_INQ1 '';
2017-12-19 17:12:14 EXEC SPC_COM_GET_COMBOBOX 'shipment_div';
2017-12-19 17:12:14 EXEC SPC_COM_GET_COMBOBOX 'port_country_div';
2017-12-19 17:12:14 EXEC SPC_COM_GET_COMBOBOX 'port_city_div';
2017-12-19 17:12:14 EXEC SPC_COM_GET_COMBOBOX 'trade_terms_div';
2017-12-19 17:12:14 EXEC SPC_COM_GET_COMBOBOX 'currency_div';
2017-12-19 17:12:14 EXEC SPC_COM_GET_COMBOBOX 'payment_conditions_div';
2017-12-19 17:12:15 EXEC SPC_COM_GET_COMBOBOX 'unit_q_div';
2017-12-19 17:12:15 EXEC SPC_COM_GET_COMBOBOX 'sales_detail_div';
2017-12-19 17:12:15 EXEC SPC_COM_GET_COMBOBOX 'unit_m_div';
2017-12-19 17:12:15 EXEC SPC_COM_GET_COMBOBOX 'bank_div';

2017-12-19 17:12:15 EXEC SPC_GET_TAX_RATE '2017/12/19';
2017-12-19 17:12:15 EXEC SPC_001_PI_DETAIL_INQ1 '';
2017-12-19 17:12:22 EXEC SPC_COM_GET_COMBOBOX 'port_city_div';
2017-12-19 17:12:22 EXEC SPC_COM_GET_COMBOBOX 'shipment_div';
2017-12-19 17:12:22 EXEC SPC_COM_GET_COMBOBOX 'port_country_div';
2017-12-19 17:12:23 EXEC SPC_COM_GET_COMBOBOX 'payment_conditions_div';
2017-12-19 17:12:23 EXEC SPC_COM_GET_COMBOBOX 'currency_div';
2017-12-19 17:12:23 EXEC SPC_COM_GET_COMBOBOX 'trade_terms_div';
2017-12-19 17:12:23 EXEC SPC_COM_GET_COMBOBOX 'unit_q_div';
2017-12-19 17:12:23 EXEC SPC_COM_GET_COMBOBOX 'unit_w_div';
2017-12-19 17:12:23 EXEC SPC_GET_TAX_RATE '2017/12/19';
2017-12-19 17:12:23 EXEC SPC_COM_GET_COMBOBOX 'unit_m_div';
2017-12-19 17:12:23 EXEC SPC_COM_GET_COMBOBOX 'bank_div';
2017-12-19 17:12:23 EXEC SPC_COM_GET_COMBOBOX 'sales_detail_div';
2017-12-19 17:12:23 EXEC SPC_001_PI_DETAIL_INQ1 '';
2017-12-19 17:12:39 EXEC SPC_COM_GET_COMBOBOX 'pi_status_div';
2017-12-19 17:12:42 EXEC SPC_COM_GET_COMBOBOX 'port_country_div';
2017-12-19 17:12:42 EXEC SPC_COM_GET_COMBOBOX 'shipment_div';
2017-12-19 17:12:42 EXEC SPC_COM_GET_COMBOBOX 'trade_terms_div';
2017-12-19 17:12:42 EXEC SPC_COM_GET_COMBOBOX 'port_city_div';
2017-12-19 17:12:42 EXEC SPC_COM_GET_COMBOBOX 'payment_conditions_div';
2017-12-19 17:12:42 EXEC SPC_COM_GET_COMBOBOX 'unit_w_div';
2017-12-19 17:12:42 EXEC SPC_COM_GET_COMBOBOX 'unit_q_div';
2017-12-19 17:12:42 EXEC SPC_COM_GET_COMBOBOX 'unit_m_div';
2017-12-19 17:12:42 EXEC SPC_COM_GET_COMBOBOX 'bank_div';
2017-12-19 17:12:42 EXEC SPC_COM_GET_COMBOBOX 'sales_detail_div';
2017-12-19 17:12:43 EXEC SPC_GET_TAX_RATE '2017/12/19';
2017-12-19 17:12:46 EXEC SPC_COM_GET_COMBOBOX 'pi_status_div';
2017-12-19 17:12:50 EXEC SPC_002_PI_SEARCH_FND1 '','','','','','','','','1','10';
2017-12-19 17:12:54 EXEC SPC_COM_GET_COMBOBOX 'shipment_div';
2017-12-19 17:12:54 EXEC SPC_COM_GET_COMBOBOX 'payment_conditions_div';
2017-12-19 17:12:54 EXEC SPC_COM_GET_COMBOBOX 'currency_div';
2017-12-19 17:12:54 EXEC SPC_COM_GET_COMBOBOX 'port_country_div';
2017-12-19 17:12:54 EXEC SPC_COM_GET_COMBOBOX 'trade_terms_div';
2017-12-19 17:12:54 EXEC SPC_COM_GET_COMBOBOX 'port_city_div';
2017-12-19 17:12:54 EXEC SPC_COM_GET_COMBOBOX 'unit_q_div';
2017-12-19 17:12:54 EXEC SPC_COM_GET_COMBOBOX 'unit_w_div';
2017-12-19 17:12:54 EXEC SPC_COM_GET_COMBOBOX 'sales_detail_div';
2017-12-19 17:12:54 EXEC SPC_COM_GET_COMBOBOX 'unit_m_div';
2017-12-19 17:12:55 EXEC SPC_COM_GET_COMBOBOX 'bank_div';
2017-12-19 17:12:55 EXEC SPC_GET_TAX_RATE '2017/12/19';
2017-12-19 17:12:55 EXEC SPC_001_PI_DETAIL_INQ1 'RT-130827001';
2017-12-19 17:12:55 EXEC SPC_COM_GET_COMBOBOX 'sales_detail_div';
2017-12-19 17:12:55 EXEC SPC_COM_GET_COMBOBOX 'unit_w_div';
2017-12-19 17:12:55 EXEC SPC_COM_GET_COMBOBOX 'unit_q_div';
2017-12-19 17:12:56 EXEC SPC_COM_GET_COMBOBOX 'unit_m_div';
2017-12-19 17:31:27 EXEC SPC_COM_GET_COMBOBOX 'unit_q_div';
2017-12-19 17:34:14 EXEC SPC_COM_GET_COMBOBOX 'unit_q_div';
2017-12-19 17:35:40 EXEC SPC_070_COMPONENT_LIST_DETAIL_INQ2 'textbox','textbox','1','1','10';
2017-12-19 17:36:04 EXEC SPC_070_COMPONENT_LIST_DETAIL_INQ2 'textbox','textbox','1','1','10';
2017-12-19 17:36:44 EXEC SPC_070_COMPONENT_LIST_DETAIL_INQ2 'textbox','textbox','1','1','10';
2017-12-19 17:38:17 EXEC SPC_COM_GET_COMBOBOX 'unit_q_div';
2017-12-19 17:38:26 EXEC SPC_070_COMPONENT_LIST_DETAIL_INQ2 '','','1','1','10';
2017-12-19 17:39:18 EXEC SPC_COM_GET_COMBOBOX 'unit_q_div';
2017-12-19 17:39:23 EXEC SPC_070_COMPONENT_LIST_DETAIL_INQ2 '','','1','1','10';
2017-12-19 17:39:28 EXEC SPC_070_COMPONENT_LIST_DETAIL_INQ2 '','','1','1','10';
2017-12-19 17:41:45 EXEC SPC_COM_GET_COMBOBOX 'port_country_div';
2017-12-19 17:41:46 EXEC SPC_COM_GET_COMBOBOX 'unit_q_div';
2017-12-19 17:41:47 EXEC SPC_COM_GET_COMBOBOX 'unit_w_div';
2017-12-19 17:41:47 EXEC SPC_COM_GET_COMBOBOX 'unit_m_div';
2017-12-19 17:41:47 EXEC SPC_COM_GET_COMBOBOX 'sales_detail_div';
2017-12-19 17:41:48 EXEC SPC_COM_GET_COMBOBOX 'bank_div';
2017-12-19 17:41:48 EXEC SPC_GET_TAX_RATE '2017/12/19';
2017-12-19 17:41:48 EXEC SPC_COM_GET_COMBOBOX 'trade_terms_div';
2017-12-19 17:41:48 EXEC SPC_COM_GET_COMBOBOX 'currency_div';
2017-12-19 17:41:48 EXEC SPC_COM_GET_COMBOBOX 'shipment_div';
2017-12-19 17:41:48 EXEC SPC_COM_GET_COMBOBOX 'payment_conditions_div';
2017-12-19 17:41:49 EXEC SPC_COM_GET_COMBOBOX 'port_city_div';
2017-12-19 17:56:51 EXEC SPC_COM_GET_COMBOBOX 'port_country_div';
2017-12-19 17:56:51 EXEC SPC_COM_GET_COMBOBOX 'shipment_div';
2017-12-19 17:56:51 EXEC SPC_COM_GET_COMBOBOX 'port_city_div';
2017-12-19 17:56:51 EXEC SPC_COM_GET_COMBOBOX 'currency_div';
2017-12-19 17:56:51 EXEC SPC_COM_GET_COMBOBOX 'trade_terms_div';
2017-12-19 17:56:51 EXEC SPC_COM_GET_COMBOBOX 'payment_conditions_div';
2017-12-19 17:56:51 EXEC SPC_COM_GET_COMBOBOX 'unit_q_div';
2017-12-19 17:56:52 EXEC SPC_COM_GET_COMBOBOX 'unit_m_div';
2017-12-19 17:56:52 EXEC SPC_COM_GET_COMBOBOX 'sales_detail_div';
2017-12-19 17:56:52 EXEC SPC_COM_GET_COMBOBOX 'bank_div';
2017-12-19 17:56:52 EXEC SPC_GET_TAX_RATE '2017/12/19';
2017-12-19 17:56:52 EXEC SPC_COM_GET_COMBOBOX 'unit_w_div';
2017-12-19 18:05:42 EXEC SPC_COM_GET_COMBOBOX 'port_country_div';
2017-12-19 18:05:43 EXEC SPC_COM_GET_COMBOBOX 'unit_q_div';
2017-12-19 18:05:43 EXEC SPC_COM_GET_COMBOBOX 'currency_div';
2017-12-19 18:05:43 EXEC SPC_COM_GET_COMBOBOX 'shipment_div';
2017-12-19 18:05:43 EXEC SPC_COM_GET_COMBOBOX 'unit_w_div';
2017-12-19 18:05:43 EXEC SPC_COM_GET_COMBOBOX 'trade_terms_div';
2017-12-19 18:05:44 EXEC SPC_COM_GET_COMBOBOX 'bank_div';
2017-12-19 18:05:44 EXEC SPC_COM_GET_COMBOBOX 'unit_m_div';
2017-12-19 18:05:44 EXEC SPC_COM_GET_COMBOBOX 'sales_detail_div';
2017-12-19 18:05:44 EXEC SPC_COM_GET_COMBOBOX 'port_city_div';
2017-12-19 18:05:44 EXEC SPC_COM_GET_COMBOBOX 'payment_conditions_div';
2017-12-19 18:05:44 EXEC SPC_GET_TAX_RATE '2017/12/19';
2017-12-19 18:05:44 EXEC SPC_001_PI_DETAIL_INQ1 '';
2017-12-19 18:05:48 EXEC SPC_002_PI_SEARCH_FND1 '','','','','','','','','1','10';
2017-12-19 18:07:23 EXEC SPC_001_PI_DETAIL_INQ1 'RT-130825001';
2017-12-19 18:07:24 EXEC SPC_GET_TAX_RATE '';
2017-12-19 18:07:24 EXEC SPC_COM_GET_COMBOBOX 'unit_m_div';
2017-12-19 18:07:24 EXEC SPC_COM_GET_COMBOBOX 'sales_detail_div';
2017-12-19 18:07:24 EXEC SPC_COM_GET_COMBOBOX 'unit_q_div';
2017-12-19 18:07:24 EXEC SPC_COM_GET_COMBOBOX 'unit_w_div';
2017-12-19 18:15:46 EXEC SPC_COM_GET_COMBOBOX 'pi_status_div';
2017-12-19 18:15:49 EXEC SPC_COM_GET_COMBOBOX 'port_country_div';
2017-12-19 18:15:50 EXEC SPC_COM_GET_COMBOBOX 'unit_q_div';
2017-12-19 18:15:50 EXEC SPC_COM_GET_COMBOBOX 'shipment_div';
2017-12-19 18:15:50 EXEC SPC_COM_GET_COMBOBOX 'trade_terms_div';
2017-12-19 18:15:50 EXEC SPC_COM_GET_COMBOBOX 'payment_conditions_div';
2017-12-19 18:15:50 EXEC SPC_COM_GET_COMBOBOX 'unit_w_div';
2017-12-19 18:15:50 EXEC SPC_COM_GET_COMBOBOX 'currency_div';
2017-12-19 18:15:50 EXEC SPC_COM_GET_COMBOBOX 'port_city_div';
2017-12-19 18:15:50 EXEC SPC_COM_GET_COMBOBOX 'bank_div';
2017-12-19 18:15:50 EXEC SPC_COM_GET_COMBOBOX 'unit_m_div';
2017-12-19 18:15:50 EXEC SPC_COM_GET_COMBOBOX 'sales_detail_div';
2017-12-19 18:15:50 EXEC SPC_GET_TAX_RATE '2017/12/19';
2017-12-19 18:15:54 EXEC SPC_001_PI_DETAIL_INQ2 'F0015','1';
2017-12-19 18:16:08 EXEC SPC_001_PI_DETAIL_INQ3 '1001','2017/12/19','SA','USD';
2017-12-19 18:16:11 EXEC SPC_001_PI_DETAIL_INQ3 '100012','2017/12/19','SA','USD';
2017-12-19 18:16:14 EXEC SPC_001_PI_DETAIL_INQ3 '10001','2017/12/19','SA','USD';
2017-12-19 18:16:33 EXEC SPC_077_USER_MASTER_SEARCH_FND1 '','','','1','10';
2017-12-19 18:16:35 EXEC SPC_GET_USER '0059';
2017-12-19 18:16:39 EXEC SPC_001_PI_DETAIL_ACT1 'I','','2017/12/19','F0015','AL-JEEL MEDICAL AND TRADING CO. LTD.','P.O. Box 5012 Riyadh 11422,','','','051','SA','966-1-4041717','966-1-4059052','','AL-JEEL MEDICAL AND TRADING CO. LTD.','P.O. Box 5012 Riyadh 11422,','','','051','SA','966-1-4041717','966-1-4059052','AL-JEEL','','','','','01','USD','060','01','01','','','02','Payment','[{"pi_detail_no":"1","sales_detail_div":"3","product_cd":"10001","description":"Mobile Photoelectric colorimeter Model AP-1000M with standard accessories","qty":"10","unit_of_m_div":"","unit_price":"12","amount":"120","detail_tax":"1.44","unit_measure_qty":"5","unit_measure_price":"001","outside_remarks":"","unit_net_weight":"0.8","unit_net_weight_div":"001","net_weight":"8","unit_gross_weight":"1.7","gross_weight":"17","measure":"50"}]','10','','17','kg','8','kg','50','M3','120','0','0','0','120','','','Origin','Manufacture','','','','','','','','','','','','0059','','','001_pi-detail','';
2017-12-19 18:16:48 EXEC SPC_001_PI_DETAIL_INQ1 'RT-171219002';
2017-12-19 18:16:49 EXEC SPC_COM_GET_COMBOBOX 'unit_m_div';
2017-12-19 18:16:49 EXEC SPC_GET_TAX_RATE '2017/12/19';
2017-12-19 18:16:49 EXEC SPC_COM_GET_COMBOBOX 'unit_q_div';
2017-12-19 18:16:49 EXEC SPC_COM_GET_COMBOBOX 'sales_detail_div';
2017-12-19 18:18:05 EXEC SPC_COM_GET_COMBOBOX 'currency_div';
2017-12-19 18:18:05 EXEC SPC_COM_GET_COMBOBOX 'shipment_div';
2017-12-19 18:18:05 EXEC SPC_COM_GET_COMBOBOX 'trade_terms_div';
2017-12-19 18:18:05 EXEC SPC_COM_GET_COMBOBOX 'port_country_div';
2017-12-19 18:18:05 EXEC SPC_COM_GET_COMBOBOX 'payment_conditions_div';
2017-12-19 18:18:05 EXEC SPC_COM_GET_COMBOBOX 'port_city_div';
2017-12-19 18:18:06 EXEC SPC_COM_GET_COMBOBOX 'sales_detail_div';
2017-12-19 18:18:06 EXEC SPC_COM_GET_COMBOBOX 'unit_q_div';
2017-12-19 18:18:06 EXEC SPC_COM_GET_COMBOBOX 'unit_m_div';
2017-12-19 18:18:06 EXEC SPC_COM_GET_COMBOBOX 'unit_w_div';
2017-12-19 18:18:06 EXEC SPC_GET_TAX_RATE '2017/12/19';
2017-12-19 18:18:06 EXEC SPC_COM_GET_COMBOBOX 'bank_div';
2017-12-19 18:18:06 EXEC SPC_001_PI_DETAIL_INQ1 'RT-171219002';
2017-12-19 18:18:14 EXEC SPC_073_LOGIN_ACT1 '001','123456';
2017-12-19 18:18:30 EXEC SPC_073_LOGIN_ACT1 '812','812';
2017-12-19 18:18:30 EXEC SPC_GET_CONSTANT '';
2017-12-19 18:18:38 EXEC SPC_COM_GET_COMBOBOX 'currency_div';
2017-12-19 18:18:38 EXEC SPC_COM_GET_COMBOBOX 'port_country_div';
2017-12-19 18:18:38 EXEC SPC_COM_GET_COMBOBOX 'payment_conditions_div';
2017-12-19 18:18:38 EXEC SPC_COM_GET_COMBOBOX 'shipment_div';
;
2017-12-19 18:18:38 EXEC SPC_COM_GET_COMBOBOX 'port_city_div';
2017-12-19 18:18:38 EXEC SPC_COM_GET_COMBOBOX 'unit_w_div';
2017-12-19 18:18:38 EXEC SPC_COM_GET_COMBOBOX 'unit_q_div';
2017-12-19 18:18:38 EXEC SPC_COM_GET_COMBOBOX 'sales_detail_div';
2017-12-19 18:18:38 EXEC SPC_COM_GET_COMBOBOX 'bank_div';
2017-12-19 18:18:38 EXEC SPC_GET_TAX_RATE '2017/12/19';
2017-12-19 18:18:38 EXEC SPC_COM_GET_COMBOBOX 'unit_m_div';
2017-12-19 18:18:39 EXEC SPC_001_PI_DETAIL_INQ1 '';
2017-12-19 18:18:54 EXEC SPC_COM_GET_COMBOBOX 'shipment_div';
2017-12-19 18:18:54 EXEC SPC_COM_GET_COMBOBOX 'currency_div';
2017-12-19 18:18:54 EXEC SPC_COM_GET_COMBOBOX 'trade_terms_div';
2017-12-19 18:18:54 EXEC SPC_COM_GET_COMBOBOX 'port_country_div';
2017-12-19 18:18:54 EXEC SPC_COM_GET_COMBOBOX 'payment_conditions_div';
2017-12-19 18:18:54 EXEC SPC_COM_GET_COMBOBOX 'port_city_div';
2017-12-19 18:18:54 EXEC SPC_COM_GET_COMBOBOX 'unit_w_div';
iv';
2017-12-19 18:18:54 EXEC SPC_COM_GET_COMBOBOX 'unit_m_div';
2017-12-19 18:18:55 EXEC SPC_COM_GET_COMBOBOX 'unit_q_div';
2017-12-19 18:18:55 EXEC SPC_GET_TAX_RATE '2017/12/19';
2017-12-19 18:18:55 EXEC SPC_COM_GET_COMBOBOX 'bank_div';
2017-12-19 18:18:55 EXEC SPC_001_PI_DETAIL_INQ1 '';
2017-12-19 18:18:59 EXEC SPC_COM_GET_COMBOBOX 'pi_status_div';
2017-12-19 18:19:02 EXEC SPC_COM_GET_COMBOBOX 'trade_terms_div';
2017-12-19 18:19:02 EXEC SPC_COM_GET_COMBOBOX 'port_country_div';
2017-12-19 18:19:02 EXEC SPC_COM_GET_COMBOBOX 'currency_div';
2017-12-19 18:19:02 EXEC SPC_COM_GET_COMBOBOX 'port_city_div';
2017-12-19 18:19:02 EXEC SPC_COM_GET_COMBOBOX 'shipment_div';
2017-12-19 18:19:03 EXEC SPC_COM_GET_COMBOBOX 'payment_conditions_div';
2017-12-19 18:19:03 EXEC SPC_COM_GET_COMBOBOX 'unit_q_div';
2017-12-19 18:19:03 EXEC SPC_COM_GET_COMBOBOX 'unit_w_div';
2017-12-19 18:19:03 EXEC SPC_COM_GET_COMBOBOX 'sales_detail_div';
2017-12-19 18:19:03 EXEC SPC_COM_GET_COMBOBOX 'unit_m_div';
2017-12-19 18:19:03 EXEC SPC_COM_GET_COMBOBOX 'bank_div';
2017-12-19 18:19:03 EXEC SPC_GET_TAX_RATE '2017/12/19';
2017-12-19 18:19:12 EXEC SPC_001_PI_DETAIL_INQ2 'F0015','1';
2017-12-19 18:19:19 EXEC SPC_GET_LIB_CITY_COUNTRY 'Des';
2017-12-19 18:19:24 EXEC SPC_GET_LIB_CITY_COUNTRY '001';
2017-12-19 18:19:27 EXEC SPC_GET_LIB_COUNTRY 'Jp';
2017-12-19 18:19:36 EXEC SPC_001_PI_DETAIL_INQ3 '1001','2017/12/19','SA','EUR';
2017-12-19 18:19:40 EXEC SPC_001_PI_DETAIL_INQ3 '10001','2017/12/19','SA','EUR';
2017-12-19 18:19:51 EXEC SPC_GET_USER '0042';
2017-12-19 18:25:04 EXEC SPC_001_PI_DETAIL_INQ3 '10002','2017/12/19','SA','EUR';
2017-12-19 18:25:08 EXEC SPC_001_PI_DETAIL_INQ3 '10001','2017/12/19','SA','EUR';
2017-12-19 18:26:20 EXEC SPC_COM_GET_COMBOBOX 'port_country_div';
2017-12-19 18:26:21 EXEC SPC_COM_GET_COMBOBOX 'unit_q_div';
2017-12-19 18:26:21 EXEC SPC_COM_GET_COMBOBOX 'unit_w_div';
2017-12-19 18:26:22 EXEC SPC_COM_GET_COMBOBOX 'unit_m_div';
2017-12-19 18:26:22 EXEC SPC_COM_GET_COMBOBOX 'sales_detail_div';
2017-12-19 18:26:23 EXEC SPC_COM_GET_COMBOBOX 'bank_div';
2017-12-19 18:26:24 EXEC SPC_GET_TAX_RATE '2017/12/19';
2017-12-19 18:26:24 EXEC SPC_COM_GET_COMBOBOX 'currency_div';
2017-12-19 18:26:24 EXEC SPC_COM_GET_COMBOBOX 'trade_terms_div';
2017-12-19 18:26:24 EXEC SPC_COM_GET_COMBOBOX 'shipment_div';
2017-12-19 18:26:24 EXEC SPC_COM_GET_COMBOBOX 'payment_conditions_div';
2017-12-19 18:26:25 EXEC SPC_COM_GET_COMBOBOX 'port_city_div';
2017-12-19 18:26:29 EXEC SPC_001_PI_DETAIL_INQ3 '10001','2017/12/19','','';
2017-12-19 18:26:47 EXEC SPC_GET_USER '042';
2017-12-19 18:26:50 EXEC SPC_GET_USER '0042';
2017-12-19 18:27:12 EXEC SPC_001_PI_DETAIL_INQ2 'F0012','1';
2017-12-19 18:27:15 EXEC SPC_001_PI_DETAIL_INQ2 'F0016','1';
2017-12-19 18:27:18 EXEC SPC_001_PI_DETAIL_INQ2 'F0512','1';
2017-12-19 18:28:03 EXEC SPC_001_PI_DETAIL_ACT1 'I','','2017/12/19','F0016','ALL EIGHTS（SINGAPORE）PTE LTD','6 Harper Road ♯03-02 & 06-07, Leong Huat Building,','Singapore 369674','','056','SG','65-6288-6388','65-6284-9805','F0512','3 MAX INTERNATIONAL','House: 92, Level: 2, Road No.4, Block No. D,','Niketon Housing. Gulshan Niketon, Dhaka-1212','','020','BD','880-1816863269','','ALLEIGHTS','Singapore','MADE IN AMERICAN','MADE IN JAPAN','','','USD','055','01','02','','','15','Payment','[{"pi_detail_no":"1","sales_detail_div":"3","product_cd":"10001","description":"Mobile Photoelectric colorimeter Model AP-1000M with standard accessories","qty":"10","unit_of_m_div":"002","unit_price":"10","amount":"100","detail_tax":"8","unit_measure_qty":"9","unit_measure_price":"001","outside_remarks":"","unit_net_weight":"10","unit_net_weight_div":"001","net_weight":"100","unit_gross_weight":"40","gross_weight":"400","measure":"90"}]','10','002','400','kg','100','kg','90','M3','100','10','20','0','130','','','Origin','Manufacture','','','','','','','','','','','','0042','','812','001_pi-detail','192.168.5.206';
2017-12-19 18:28:19 EXEC SPC_001_PI_DETAIL_ACT1 'I','','2017/12/19','F0016','ALL EIGHTS（SINGAPORE）PTE LTD','6 Harper Road ♯03-02 & 06-07, Leong Huat Building,','Singapore 369674','','056','SG','65-6288-6388','65-6284-9805','F0512','3 MAX INTERNATIONAL','House: 92, Level: 2, Road No.4, Block No. D,','Niketon Housing. Gulshan Niketon, Dhaka-1212','','020','BD','880-1816863269','','ALLEIGHTS','Singapore','MADE IN AMERICAN','MADE IN JAPAN','','','USD','055','01','02','','','15','Payment','[{"pi_detail_no":"1","sales_detail_div":"3","product_cd":"10001","description":"Mobile Photoelectric colorimeter Model AP-1000M with standard accessories","qty":"10","unit_of_m_div":"002","unit_price":"10","amount":"100","detail_tax":"8","unit_measure_qty":"9","unit_measure_price":"001","outside_remarks":"","unit_net_weight":"10","unit_net_weight_div":"001","net_weight":"100","unit_gross_weight":"40","gross_weight":"400","measure":"90"}]','10','002','400','kg','100','kg','90','M3','100','10','20','0','130','','','Origin','Manufacture','','','','','','','','','','','','0042','','812','001_pi-detail','192.168.5.206';
2017-12-19 18:28:36 EXEC SPC_001_PI_DETAIL_ACT1 'I','','2017/12/19','F0016','ALL EIGHTS（SINGAPORE）PTE LTD','6 Harper Road ♯03-02 & 06-07, Leong Huat Building,','Singapore 369674','','056','SG','65-6288-6388','65-6284-9805','F0512','3 MAX INTERNATIONAL','House: 92, Level: 2, Road No.4, Block No. D,','Niketon Housing. Gulshan Niketon, Dhaka-1212','','020','BD','880-1816863269','','ALLEIGHTS','Singapore','MADE IN AMERICAN','MADE IN JAPAN','','','USD','055','01','02','','','15','Payment','[{"pi_detail_no":"1","sales_detail_div":"3","product_cd":"10001","description":"Mobile Photoelectric colorimeter Model AP-1000M with standard accessories","qty":"10","unit_of_m_div":"002","unit_price":"10","amount":"100","detail_tax":"8","unit_measure_qty":"9","unit_measure_price":"001","outside_remarks":"","unit_net_weight":"10","unit_net_weight_div":"001","net_weight":"100","unit_gross_weight":"40","gross_weight":"400","measure":"90"}]','10','002','400','kg','100','kg','90','M3','100','10','20','0','130','','','Origin','Manufacture','','','','','','','','','','','','0042','','812','001_pi-detail','192.168.5.206';
2017-12-19 18:29:09 EXEC SPC_001_PI_DETAIL_ACT1 'I','','2017/12/19','F0016','ALL EIGHTS（SINGAPORE）PTE LTD','6 Harper Road ♯03-02 & 06-07, Leong Huat Building,','Singapore 369674','','056','SG','65-6288-6388','65-6284-9805','F0512','3 MAX INTERNATIONAL','House: 92, Level: 2, Road No.4, Block No. D,','Niketon Housing. Gulshan Niketon, Dhaka-1212','','020','BD','880-1816863269','','ALLEIGHTS','Singapore','MADE IN AMERICAN','MADE IN JAPAN','','','USD','055','01','02','','','15','Payment','[{"pi_detail_no":"1","sales_detail_div":"3","product_cd":"10001","description":"Mobile Photoelectric colorimeter Model AP-1000M with standard accessories","qty":"10","unit_of_m_div":"002","unit_price":"10","amount":"100","detail_tax":"8","unit_measure_qty":"9","unit_measure_price":"001","outside_remarks":"","unit_net_weight":"10","unit_net_weight_div":"001","net_weight":"100","unit_gross_weight":"40","gross_weight":"400","measure":"90"}]','10','002','400','kg','100','kg','90','M3','100','10','20','0','130','','','Origin','Manufacture','','','','','','','','','','','','0042','','812','001_pi-detail','192.168.5.206';
2017-12-19 18:29:11 EXEC SPC_001_PI_DETAIL_INQ1 'RT-171219002';
2017-12-19 18:29:12 EXEC SPC_COM_GET_COMBOBOX 'unit_q_div';
2017-12-19 18:29:12 EXEC SPC_COM_GET_COMBOBOX 'unit_m_div';
2017-12-19 18:29:12 EXEC SPC_COM_GET_COMBOBOX 'unit_w_div';
2017-12-19 18:29:12 EXEC SPC_COM_GET_COMBOBOX 'sales_detail_div';
2017-12-19 18:29:12 EXEC SPC_GET_TAX_RATE '2017/12/19';
2017-12-19 18:37:59 EXEC SPC_001_PI_DETAIL_INQ3 '10002','2017/12/19','SG','USD';
2017-12-19 18:38:02 EXEC SPC_001_PI_DETAIL_INQ3 '10001','2017/12/19','SG','USD';
2017-12-19 18:39:34 EXEC SPC_001_PI_DETAIL_ACT1 'I','RT-171219002','2017/12/19','F0016','ALL EIGHTS（SINGAPORE）PTE LTD','6 Harper Road ♯03-02 & 06-07, Leong Huat Building,','Singapore 369674','','056','SG','65-6288-6388','65-6284-9805','F0512','3 MAX INTERNATIONAL','House: 92, Level: 2, Road No.4, Block No. D,','Niketon Housing. Gulshan Niketon, Dhaka-1212','','020','BD','880-1816863269','','ALLEIGHTS','Singapore','MADE IN AMERICAN','MADE IN JAPAN','','','USD','055','01','02','','','15','Payment','[{"pi_detail_no":"1","sales_detail_div":"3","product_cd":"10001","description":"Mobile Photoelectric colorimeter Model AP-1000M with standard accessories","qty":"0","unit_of_m_div":"002","unit_price":"10","amount":"0","detail_tax":"0","unit_measure_qty":"0.5","unit_measure_price":"001","outside_remarks":"","unit_net_weight":"0.8","unit_net_weight_div":"001","net_weight":"0","unit_gross_weight":"0.7","gross_weight":"0","measure":"0"}]','0','002','0','kg','0','kg','0','M3','0','10','20','0','30','','','Origin','Manufacture','','','','','','','','','','','','0042','','812','001_pi-detail','192.168.5.206';
2017-12-19 18:39:35 EXEC SPC_001_PI_DETAIL_INQ1 'RT-171219003';
2017-12-19 18:39:36 EXEC SPC_GET_TAX_RATE '2017/12/19';
2017-12-19 18:39:37 EXEC SPC_COM_GET_COMBOBOX 'sales_detail_div';
2017-12-19 18:39:37 EXEC SPC_COM_GET_COMBOBOX 'unit_q_div';
2017-12-19 18:39:37 EXEC SPC_COM_GET_COMBOBOX 'unit_w_div';
2017-12-19 18:39:37 EXEC SPC_COM_GET_COMBOBOX 'unit_m_div';
2017-12-19 18:50:19 EXEC SPC_COM_GET_COMBOBOX 'unit_q_div';
2017-12-19 18:50:23 EXEC SPC_COM_GET_COMBOBOX 'port_city_div';
2017-12-19 18:50:24 EXEC SPC_COM_GET_COMBOBOX 'unit_q_div';
2017-12-19 18:50:24 EXEC SPC_COM_GET_COMBOBOX 'unit_w_div';
2017-12-19 18:50:25 EXEC SPC_COM_GET_COMBOBOX 'shipment_div';
2017-12-19 18:50:25 EXEC SPC_COM_GET_COMBOBOX 'unit_m_div';
2017-12-19 18:50:25 EXEC SPC_COM_GET_COMBOBOX 'trade_terms_div';
2017-12-19 18:50:25 EXEC SPC_COM_GET_COMBOBOX 'payment_conditions_div';
2017-12-19 18:50:25 EXEC SPC_COM_GET_COMBOBOX 'port_country_div';
2017-12-19 18:50:25 EXEC SPC_COM_GET_COMBOBOX 'currency_div';
2017-12-19 18:50:25 EXEC SPC_COM_GET_COMBOBOX 'sales_detail_div';
2017-12-19 18:50:25 EXEC SPC_COM_GET_COMBOBOX 'bank_div';
2017-12-19 18:50:25 EXEC SPC_001_PI_DETAIL_INQ1 '';
2017-12-19 18:50:25 EXEC SPC_GET_TAX_RATE '2017/12/19';
2017-12-19 18:55:35 EXEC SPC_001_PI_DETAIL_INQ1 'RT-171212007';
2017-12-19 18:57:58 EXEC SPC_COM_GET_COMBOBOX 'port_country_div';
2017-12-19 18:57:59 EXEC SPC_COM_GET_COMBOBOX 'unit_q_div';
2017-12-19 18:57:59 EXEC SPC_COM_GET_COMBOBOX 'unit_w_div';
2017-12-19 18:58:00 EXEC SPC_COM_GET_COMBOBOX 'unit_m_div';
2017-12-19 18:58:01 EXEC SPC_COM_GET_COMBOBOX 'sales_detail_div';
2017-12-19 18:58:01 EXEC SPC_COM_GET_COMBOBOX 'bank_div';
2017-12-19 18:58:01 EXEC SPC_COM_GET_COMBOBOX 'currency_div';
2017-12-19 18:58:01 EXEC SPC_COM_GET_COMBOBOX 'shipment_div';
2017-12-19 18:58:01 EXEC SPC_COM_GET_COMBOBOX 'trade_terms_div';
2017-12-19 18:58:01 EXEC SPC_COM_GET_COMBOBOX 'payment_conditions_div';
2017-12-19 18:58:02 EXEC SPC_GET_TAX_RATE '2017/12/19';
2017-12-19 18:58:02 EXEC SPC_001_PI_DETAIL_INQ1 '';
2017-12-19 18:58:02 EXEC SPC_COM_GET_COMBOBOX 'port_city_div';
2017-12-19 18:58:50 EXEC SPC_073_LOGIN_ACT1 '812','812';
2017-12-19 18:58:50 EXEC SPC_GET_CONSTANT '';
2017-12-19 18:58:58 EXEC SPC_COM_GET_COMBOBOX 'port_city_div';
2017-12-19 18:58:58 EXEC SPC_COM_GET_COMBOBOX 'currency_div';
2017-12-19 18:58:58 EXEC SPC_COM_GET_COMBOBOX 'shipment_div';
2017-12-19 18:58:58 EXEC SPC_COM_GET_COMBOBOX 'payment_conditions_div';
2017-12-19 18:58:58 EXEC SPC_COM_GET_COMBOBOX 'trade_terms_div';
2017-12-19 18:58:59 EXEC SPC_COM_GET_COMBOBOX 'port_country_div';
2017-12-19 18:58:59 EXEC SPC_COM_GET_COMBOBOX 'unit_m_div';
2017-12-19 18:58:59 EXEC SPC_COM_GET_COMBOBOX 'unit_q_div';
2017-12-19 18:58:59 EXEC SPC_COM_GET_COMBOBOX 'sales_detail_div';
2017-12-19 18:58:59 EXEC SPC_COM_GET_COMBOBOX 'unit_w_div';
2017-12-19 18:58:59 EXEC SPC_GET_TAX_RATE '2017/12/19';
2017-12-19 18:58:59 EXEC SPC_COM_GET_COMBOBOX 'bank_div';
2017-12-19 18:58:59 EXEC SPC_001_PI_DETAIL_INQ1 '';
2017-12-19 18:59:06 EXEC SPC_COM_GET_COMBOBOX 'shipment_div';
2017-12-19 18:59:06 EXEC SPC_COM_GET_COMBOBOX 'port_country_div';
2017-12-19 18:59:06 EXEC SPC_COM_GET_COMBOBOX 'currency_div';
2017-12-19 18:59:06 EXEC SPC_COM_GET_COMBOBOX 'port_city_div';
2017-12-19 18:59:07 EXEC SPC_COM_GET_COMBOBOX 'trade_terms_div';
2017-12-19 18:59:07 EXEC SPC_COM_GET_COMBOBOX 'payment_conditions_div';
2017-12-19 18:59:07 EXEC SPC_COM_GET_COMBOBOX 'sales_detail_div';
2017-12-19 18:59:07 EXEC SPC_COM_GET_COMBOBOX 'unit_q_div';
2017-12-19 18:59:07 EXEC SPC_COM_GET_COMBOBOX 'unit_m_div';
2017-12-19 18:59:07 EXEC SPC_COM_GET_COMBOBOX 'unit_w_div';
2017-12-19 18:59:07 EXEC SPC_COM_GET_COMBOBOX 'bank_div';
2017-12-19 18:59:07 EXEC SPC_GET_TAX_RATE '2017/12/19';
2017-12-19 18:59:08 EXEC SPC_001_PI_DETAIL_INQ1 '';
2017-12-19 19:03:05 EXEC SPC_002_PI_SEARCH_FND1 '','','','','','','','','1','10';
2017-12-19 19:03:10 EXEC SPC_002_PI_SEARCH_FND1 '','','','','','','','','1','10';
2017-12-19 19:03:49 EXEC SPC_COM_GET_COMBOBOX 'port_country_div';
2017-12-19 19:03:49 EXEC SPC_COM_GET_COMBOBOX 'port_city_div';
2017-12-19 19:03:49 EXEC SPC_COM_GET_COMBOBOX 'payment_conditions_div';
2017-12-19 19:03:49 EXEC SPC_COM_GET_COMBOBOX 'currency_div';
2017-12-19 19:03:49 EXEC SPC_COM_GET_COMBOBOX 'unit_q_div';
2017-12-19 19:03:49 EXEC SPC_COM_GET_COMBOBOX 'shipment_div';
2017-12-19 19:03:49 EXEC SPC_COM_GET_COMBOBOX 'trade_terms_div';
2017-12-19 19:03:50 EXEC SPC_COM_GET_COMBOBOX 'unit_m_div';
2017-12-19 19:03:50 EXEC SPC_COM_GET_COMBOBOX 'unit_w_div';
2017-12-19 19:03:50 EXEC SPC_COM_GET_COMBOBOX 'sales_detail_div';
2017-12-19 19:03:50 EXEC SPC_001_PI_DETAIL_INQ1 '';
2017-12-19 19:03:50 EXEC SPC_COM_GET_COMBOBOX 'bank_div';
2017-12-19 19:03:50 EXEC SPC_GET_TAX_RATE '2017/12/19';
2017-12-19 19:03:53 EXEC SPC_002_PI_SEARCH_FND1 '','','','','','','','','1','10';
2017-12-19 19:03:58 EXEC SPC_001_PI_DETAIL_INQ1 'RT-130825001';
2017-12-19 19:03:59 EXEC SPC_COM_GET_COMBOBOX 'unit_w_div';
2017-12-19 19:03:59 EXEC SPC_GET_TAX_RATE '2013/08/25';
2017-12-19 19:03:59 EXEC SPC_COM_GET_COMBOBOX 'unit_q_div';
2017-12-19 19:03:59 EXEC SPC_COM_GET_COMBOBOX 'sales_detail_div';
2017-12-19 19:03:59 EXEC SPC_COM_GET_COMBOBOX 'unit_m_div';
2017-12-19 19:05:55 EXEC SPC_COM_GET_COMBOBOX 'port_country_div';
2017-12-19 19:05:55 EXEC SPC_COM_GET_COMBOBOX 'currency_div';
2017-12-19 19:05:55 EXEC SPC_COM_GET_COMBOBOX 'port_city_div';
2017-12-19 19:05:55 EXEC SPC_COM_GET_COMBOBOX 'payment_conditions_div';
2017-12-19 19:05:55 EXEC SPC_COM_GET_COMBOBOX 'shipment_div';
2017-12-19 19:05:55 EXEC SPC_COM_GET_COMBOBOX 'trade_terms_div';
2017-12-19 19:05:55 EXEC SPC_COM_GET_COMBOBOX 'unit_q_div';
2017-12-19 19:05:55 EXEC SPC_COM_GET_COMBOBOX 'sales_detail_div';
2017-12-19 19:05:55 EXEC SPC_COM_GET_COMBOBOX 'unit_m_div';
2017-12-19 19:05:55 EXEC SPC_COM_GET_COMBOBOX 'bank_div';
2017-12-19 19:05:55 EXEC SPC_COM_GET_COMBOBOX 'unit_w_div';
2017-12-19 19:05:55 EXEC SPC_GET_TAX_RATE '2017/12/19';
2017-12-19 19:05:56 EXEC SPC_001_PI_DETAIL_INQ1 'RT-130825001';
2017-12-19 19:05:57 EXEC SPC_COM_GET_COMBOBOX 'sales_detail_div';
2017-12-19 19:05:57 EXEC SPC_GET_TAX_RATE '2013/08/25';
2017-12-19 19:05:57 EXEC SPC_COM_GET_COMBOBOX 'unit_w_div';
2017-12-19 19:05:57 EXEC SPC_COM_GET_COMBOBOX 'unit_q_div';
2017-12-19 19:05:57 EXEC SPC_COM_GET_COMBOBOX 'unit_m_div';
2017-12-19 19:06:25 EXEC SPC_COM_GET_COMBOBOX 'trade_terms_div';
2017-12-19 19:06:25 EXEC SPC_COM_GET_COMBOBOX 'payment_conditions_div';
2017-12-19 19:06:25 EXEC SPC_COM_GET_COMBOBOX 'currency_div';
2017-12-19 19:06:25 EXEC SPC_COM_GET_COMBOBOX 'shipment_div';
2017-12-19 19:06:25 EXEC SPC_COM_GET_COMBOBOX 'port_city_div';
2017-12-19 19:06:25 EXEC SPC_COM_GET_COMBOBOX 'port_country_div';
2017-12-19 19:06:25 EXEC SPC_COM_GET_COMBOBOX 'unit_m_div';
2017-12-19 19:06:25 EXEC SPC_COM_GET_COMBOBOX 'unit_q_div';
2017-12-19 19:06:25 EXEC SPC_GET_TAX_RATE '2017/12/19';
2017-12-19 19:06:25 EXEC SPC_COM_GET_COMBOBOX 'bank_div';
2017-12-19 19:06:25 EXEC SPC_COM_GET_COMBOBOX 'sales_detail_div';
2017-12-19 19:06:25 EXEC SPC_COM_GET_COMBOBOX 'unit_w_div';
2017-12-19 19:06:26 EXEC SPC_001_PI_DETAIL_INQ1 'RT-130825001';
2017-12-19 19:06:26 EXEC SPC_COM_GET_COMBOBOX 'unit_m_div';
2017-12-19 19:06:26 EXEC SPC_COM_GET_COMBOBOX 'unit_w_div';
2017-12-19 19:06:27 EXEC SPC_GET_TAX_RATE '2013/08/25';
2017-12-19 19:06:27 EXEC SPC_COM_GET_COMBOBOX 'unit_q_div';
2017-12-19 19:06:27 EXEC SPC_COM_GET_COMBOBOX 'sales_detail_div';
2017-12-19 19:08:18 EXEC SPC_COM_GET_COMBOBOX 'port_city_div';
2017-12-19 19:08:18 EXEC SPC_COM_GET_COMBOBOX 'port_country_div';
2017-12-19 19:08:18 EXEC SPC_COM_GET_COMBOBOX 'trade_terms_div';
2017-12-19 19:08:18 EXEC SPC_COM_GET_COMBOBOX 'shipment_div';
2017-12-19 19:08:18 EXEC SPC_COM_GET_COMBOBOX 'payment_conditions_div';
2017-12-19 19:08:18 EXEC SPC_COM_GET_COMBOBOX 'unit_q_div';
2017-12-19 19:08:18 EXEC SPC_COM_GET_COMBOBOX 'unit_w_div';
2017-12-19 19:08:19 EXEC SPC_COM_GET_COMBOBOX 'unit_m_div';
2017-12-19 19:08:19 EXEC SPC_COM_GET_COMBOBOX 'sales_detail_div';
2017-12-19 19:08:19 EXEC SPC_COM_GET_COMBOBOX 'bank_div';
2017-12-19 19:08:19 EXEC SPC_GET_TAX_RATE '2017/12/19';
2017-12-19 19:08:19 EXEC SPC_001_PI_DETAIL_INQ1 'RT-130825001';
2017-12-19 19:08:20 EXEC SPC_COM_GET_COMBOBOX 'unit_q_div';
2017-12-19 19:08:20 EXEC SPC_GET_TAX_RATE '2013/08/25';
2017-12-19 19:08:20 EXEC SPC_COM_GET_COMBOBOX 'sales_detail_div';
2017-12-19 19:08:20 EXEC SPC_COM_GET_COMBOBOX 'unit_w_div';
2017-12-19 19:08:20 EXEC SPC_COM_GET_COMBOBOX 'unit_m_div';
2017-12-19 19:08:27 EXEC SPC_001_PI_DETAIL_ACT1 'U','RT-130825001','2013/08/25','F0252','West Medica Produktions- and Handels-GmbH','Franz-Siegel-Gasse 1,','2380 Perchtoldsdorf,','','063','AT','43-1-804-81-84','43-1-804-81-85','','West Medica Produktions- and Handels-GmbH','Franz-Siegel-Gasse 1,','2380 Perchtoldsdorf,','','063','AT','43-1-804-81-84','43-1-804-81-85','','','','','Standard Export Carton','01','USD','055','01','01','063','AT','05','payment by T.T.','[{"pi_detail_no":"1","sales_detail_div":"0","product_cd":"10004","description":"Digital Spectrophotometer Model PD-303 with standard accessories","qty":"820","unit_of_m_div":"001","unit_price":"10","amount":"8200","detail_tax":"410","unit_measure_qty":"0","unit_measure_price":"001","outside_remarks":"","unit_net_weight":"4.7","unit_net_weight_div":"001","net_weight":"3854","unit_gross_weight":"6.4","gross_weight":"5248","measure":"0"},{"pi_detail_no":"2","sales_detail_div":"0","product_cd":"10005","description":"Digital Spectrophotometer Model PD-303S (5 parameters type) with micoprocessor and Standard accessories","qty":"1060","unit_of_m_div":"001","unit_price":"1","amount":"1060","detail_tax":"53","unit_measure_qty":"0","unit_measure_price":"001","outside_remarks":"","unit_net_weight":"4","unit_net_weight_div":"001","net_weight":"4240","unit_gross_weight":"6.4","gross_weight":"6784","measure":"0"}]','1880','001','12032','001','8094','001','0','001','9260','0','0','0','9260','Around 3 weeks after receipt of payment','001','Japan','APEL CO.,LTD.','This Proforma invoice is valid for 2 weeks from the date of  issue.','- If a consulate visa is required, the related fees should be paid by the buyer.','- In case of transport by air and/or container, FOB, C&F and CIF in this proforma invoice','shall be respectively equivalent to FCA, CPT and CIP stipulated in Incoterms 2000.','- In the even that the dollar (euro)falls against the Japanese yen by more than 5% from','the rate of proforma invoice date, the prices will not be effective.','','*** Warranty period after shipment***','3 years: PD-303, BR-501','1 year: AP-120, AP-1000M, PD-303S, PD-3000UV, BR-5200, BR-5200P, HC-702','','002','','812','001_pi-detail','192.168.5.206';
2017-12-19 19:08:42 EXEC SPC_002_PI_SEARCH_FND1 '','','','','','','','','1','10';
2017-12-19 19:08:44 EXEC SPC_001_PI_DETAIL_INQ1 'RT-130827003';
2017-12-19 19:08:45 EXEC SPC_COM_GET_COMBOBOX 'unit_w_div';
2017-12-19 19:08:45 EXEC SPC_COM_GET_COMBOBOX 'unit_m_div';
2017-12-19 19:08:45 EXEC SPC_GET_TAX_RATE '2013/08/27';
2017-12-19 19:08:45 EXEC SPC_COM_GET_COMBOBOX 'sales_detail_div';
2017-12-19 19:08:45 EXEC SPC_COM_GET_COMBOBOX 'unit_q_div';
2017-12-19 19:08:47 EXEC SPC_001_PI_DETAIL_ACT4 'RT-130827003','812','001_pi-detail','192.168.5.206';
2017-12-19 19:08:48 EXEC SPC_001_PI_DETAIL_INQ1 'RT-130827003';
2017-12-19 19:08:49 EXEC SPC_COM_GET_COMBOBOX 'sales_detail_div';
2017-12-19 19:08:49 EXEC SPC_COM_GET_COMBOBOX 'unit_q_div';
2017-12-19 19:08:49 EXEC SPC_COM_GET_COMBOBOX 'unit_w_div';
2017-12-19 19:08:49 EXEC SPC_GET_TAX_RATE '2013/08/27';
2017-12-19 19:08:49 EXEC SPC_COM_GET_COMBOBOX 'unit_m_div';
2017-12-19 19:09:03 EXEC SPC_001_PI_DETAIL_ACT1 'U','RT-130827003','2013/08/27','F0244','Unity Medical Supplies Est.','Jabal Al-Hussein-Al Razi Street-Al-Houtary','Building P.O.Box 1475 Amman 11953,','','002','JO','962-6-5669753','962-6-5669754','','Unity Medical Supplies Est.','Jabal Al-Hussein-Al Razi Street-Al-Houtary','Building P.O.Box 1475 Amman 11953,','','002','JO','962-6-5669753','962-6-5669754','UNIMED','','','','Standard Export Carton','03','USD','055','01','01','002','JO','01','Advance payment','[{"pi_detail_no":"1","sales_detail_div":"0","product_cd":"11001","description":"Digital Bilirubin meter Model BR-501(CE mark) auto-zero type with standard accessories","qty":"4","unit_of_m_div":"001","unit_price":"1120","amount":"4480","detail_tax":"224","unit_measure_qty":"0","unit_measure_price":"001","outside_remarks":"","unit_net_weight":"2.7","unit_net_weight_div":"001","net_weight":"10.8","unit_gross_weight":"4.6","gross_weight":"18.4","measure":"0"}]','4','001','18.4','001','10.8','001','0','001','4480','0','0','0','4480','Around 3weeks after receipt of payment','001','Japan','APEL CO.,LTD.','This Proforma invoice is valid for 2 weeks from the date of  issue.','- If a consulate visa is required, the related fees should be paid by the buyer.','- In case of transport by air and/or container, FOB, C&F and CIF in this proforma invoice','shall be respectively equivalent to FCA, CPT and CIP stipulated in Incoterms 2000.','- In the even that the dollar (euro)falls against the Japanese yen by more than 5% from','the rate of proforma invoice date, the prices will not be effective.','','*** Warranty period after shipment***','3 years: AP-101, HG-202, PD-303, BR-501','1 year: AP-1000M, HG-2000, PD-303S, PD-303UV, BR-5000N, BR-5100, BR-5100P, HC-702','','002','','812','001_pi-detail','192.168.5.206';
2017-12-19 19:09:04 EXEC SPC_001_PI_DETAIL_INQ1 'RT-130827003';
2017-12-19 19:09:05 EXEC SPC_COM_GET_COMBOBOX 'unit_w_div';
2017-12-19 19:09:05 EXEC SPC_GET_TAX_RATE '2013/08/27';
2017-12-19 19:09:05 EXEC SPC_COM_GET_COMBOBOX 'sales_detail_div';
2017-12-19 19:09:05 EXEC SPC_COM_GET_COMBOBOX 'unit_m_div';
2017-12-19 19:09:05 EXEC SPC_COM_GET_COMBOBOX 'unit_q_div';
2017-12-19 19:10:38 EXEC SPC_002_PI_SEARCH_FND1 '','','','','','','','','1','10';
2017-12-19 19:10:41 EXEC SPC_001_PI_DETAIL_INQ1 'RT-130827002';
2017-12-19 19:10:42 EXEC SPC_GET_TAX_RATE '2013/08/27';
2017-12-19 19:10:42 EXEC SPC_COM_GET_COMBOBOX 'sales_detail_div';
2017-12-19 19:10:42 EXEC SPC_COM_GET_COMBOBOX 'unit_q_div';
2017-12-19 19:10:42 EXEC SPC_COM_GET_COMBOBOX 'unit_m_div';
2017-12-19 19:10:42 EXEC SPC_COM_GET_COMBOBOX 'unit_w_div';
2017-12-19 19:10:47 EXEC SPC_001_PI_DETAIL_ACT1 'U','RT-130827002','2013/08/27','F0024','AMT & T','Unit 13, No. 112 Pray Road','Yangon,','','064','JP','95-1-666-802','95-1-667-609','','AMT & T','Unit 13, No. 112 Pray Road','Yangon,','','064','MM','95-1-666-802','95-1-667-609','ALBIZ','','','','(未定)pi_packing','01','USD','077','02','03','064','MM','01','Advance payment','[{"pi_detail_no":"1","sales_detail_div":"0","product_cd":"11001","description":"Digital Bilirubin meter Model BR-501(CE mark) auto-zero type with standard accessories","qty":"3","unit_of_m_div":"006","unit_price":"1120","amount":"3360","detail_tax":"168","unit_measure_qty":"0","unit_measure_price":"001","outside_remarks":"","unit_net_weight":"2.7","unit_net_weight_div":"001","net_weight":"8.1","unit_gross_weight":"4.6","gross_weight":"13.8","measure":"0"},{"pi_detail_no":"2","sales_detail_div":"0","product_cd":"11003","description":"Digital Bilirubin meter with microprocessor Model BR-5200 auto-zero type with standard accessories","qty":"1","unit_of_m_div":"006","unit_price":"1950","amount":"1950","detail_tax":"97.5","unit_measure_qty":"0","unit_measure_price":"001","outside_remarks":"","unit_net_weight":"0.8","unit_net_weight_div":"001","net_weight":"0.8","unit_gross_weight":"0","gross_weight":"0","measure":"0"},{"pi_detail_no":"3","sales_detail_div":"0","product_cd":"13001","description":"APEL Bilirubin Control <ABY> (5 vials\/box)","qty":"1","unit_of_m_div":"008","unit_price":"33","amount":"33","detail_tax":"1.65","unit_measure_qty":"0","unit_measure_price":"001","outside_remarks":"","unit_net_weight":"0","unit_net_weight_div":"001","net_weight":"0","unit_gross_weight":"0","gross_weight":"0","measure":"0"},{"pi_detail_no":"4","sales_detail_div":"0","product_cd":"10004","description":"Digital Spectrophotometer Model PD-303 with standard accessories","qty":"3","unit_of_m_div":"006","unit_price":"800","amount":"2400","detail_tax":"120","unit_measure_qty":"0","unit_measure_price":"001","outside_remarks":"","unit_net_weight":"4.7","unit_net_weight_div":"001","net_weight":"14.1","unit_gross_weight":"6.4","gross_weight":"19.2","measure":"0"}]','8','006','33','001','23','001','0','001','7743','0','0','387.15','8130.15','(未定)pi_time_of_shipment','001','(未定)pi_country_of_origin','(未定)pi_manufacture','(未定)pi_varidity','(未定)pi_other_conditions1','(未定)pi_other_conditions2','(未定)pi_other_conditions3','(未定)pi_other_conditions4','(未定)pi_other_conditions5','(未定)pi_other_conditions6','(未定)pi_other_conditions7','(未定)pi_other_conditions8','(未定)pi_other_conditions9','(未定)pi_other_conditions10','002','','812','001_pi-detail','192.168.5.206';
2017-12-19 19:10:48 EXEC SPC_001_PI_DETAIL_INQ1 'RT-130827002';
2017-12-19 19:10:49 EXEC SPC_COM_GET_COMBOBOX 'unit_w_div';
2017-12-19 19:10:49 EXEC SPC_GET_TAX_RATE '2013/08/27';
2017-12-19 19:10:49 EXEC SPC_COM_GET_COMBOBOX 'unit_m_div';
2017-12-19 19:10:49 EXEC SPC_COM_GET_COMBOBOX 'sales_detail_div';
2017-12-19 19:10:49 EXEC SPC_COM_GET_COMBOBOX 'unit_q_div';
2017-12-19 19:10:53 EXEC SPC_001_PI_DETAIL_ACT1 'U','RT-130827002','2013/08/27','F0024','AMT & T','Unit 13, No. 112 Pray Road','Yangon,','','064','JP','95-1-666-802','95-1-667-609','','AMT & T','Unit 13, No. 112 Pray Road','Yangon,','','064','MM','95-1-666-802','95-1-667-609','ALBIZ','','','','(未定)pi_packing','01','USD','077','02','03','064','MM','01','Advance payment','[{"pi_detail_no":"1","sales_detail_div":"0","product_cd":"11001","description":"Digital Bilirubin meter Model BR-501(CE mark) auto-zero type with standard accessories","qty":"3","unit_of_m_div":"006","unit_price":"1120","amount":"3360","detail_tax":"168","unit_measure_qty":"0","unit_measure_price":"001","outside_remarks":"","unit_net_weight":"2.7","unit_net_weight_div":"001","net_weight":"8.1","unit_gross_weight":"4.6","gross_weight":"13.8","measure":"0"},{"pi_detail_no":"2","sales_detail_div":"0","product_cd":"11003","description":"Digital Bilirubin meter with microprocessor Model BR-5200 auto-zero type with standard accessories","qty":"1","unit_of_m_div":"006","unit_price":"1950","amount":"1950","detail_tax":"97.5","unit_measure_qty":"0","unit_measure_price":"001","outside_remarks":"","unit_net_weight":"0.8","unit_net_weight_div":"001","net_weight":"0.8","unit_gross_weight":"0","gross_weight":"0","measure":"0"},{"pi_detail_no":"3","sales_detail_div":"0","product_cd":"13001","description":"APEL Bilirubin Control <ABY> (5 vials\/box)","qty":"1","unit_of_m_div":"008","unit_price":"33","amount":"33","detail_tax":"1.65","unit_measure_qty":"0","unit_measure_price":"001","outside_remarks":"","unit_net_weight":"0","unit_net_weight_div":"001","net_weight":"0","unit_gross_weight":"0","gross_weight":"0","measure":"0"},{"pi_detail_no":"4","sales_detail_div":"0","product_cd":"10004","description":"Digital Spectrophotometer Model PD-303 with standard accessories","qty":"3","unit_of_m_div":"006","unit_price":"800","amount":"2400","detail_tax":"120","unit_measure_qty":"0","unit_measure_price":"001","outside_remarks":"","unit_net_weight":"4.7","unit_net_weight_div":"001","net_weight":"14.1","unit_gross_weight":"6.4","gross_weight":"19.2","measure":"0"}]','8','006','33','001','23','001','0','001','7743','10','0','387.15','8140.15','(未定)pi_time_of_shipment','001','(未定)pi_country_of_origin','(未定)pi_manufacture','(未定)pi_varidity','(未定)pi_other_conditions1','(未定)pi_other_conditions2','(未定)pi_other_conditions3','(未定)pi_other_conditions4','(未定)pi_other_conditions5','(未定)pi_other_conditions6','(未定)pi_other_conditions7','(未定)pi_other_conditions8','(未定)pi_other_conditions9','(未定)pi_other_conditions10','002','','812','001_pi-detail','192.168.5.206';
2017-12-19 19:10:54 EXEC SPC_001_PI_DETAIL_INQ1 'RT-130827002';
2017-12-19 19:10:55 EXEC SPC_COM_GET_COMBOBOX 'unit_m_div';
2017-12-19 19:10:55 EXEC SPC_COM_GET_COMBOBOX 'sales_detail_div';
2017-12-19 19:10:55 EXEC SPC_COM_GET_COMBOBOX 'unit_w_div';
2017-12-19 19:10:55 EXEC SPC_GET_TAX_RATE '2013/08/27';
2017-12-19 19:10:55 EXEC SPC_COM_GET_COMBOBOX 'unit_q_div';
2017-12-19 19:11:22 EXEC SPC_070_COMPONENT_LIST_DETAIL_INQ2 '','','1','1','10';
2017-12-19 19:12:04 EXEC SPC_070_COMPONENT_LIST_DETAIL_INQ2 '','','1','1','10';
2017-12-19 19:12:44 EXEC SPC_070_COMPONENT_LIST_DETAIL_INQ2 '','','1','70','10';
2017-12-19 19:15:03 EXEC SPC_073_LOGIN_ACT1 '001','123456';
2017-12-19 19:15:03 EXEC SPC_GET_CONSTANT '';
2017-12-19 19:15:11 EXEC SPC_COM_GET_COMBOBOX 'unit_q_div';
2017-12-19 19:15:26 EXEC SPC_070_COMPONENT_LIST_DETAIL_INQ2 '','','1','1','10';
2017-12-19 19:15:31 EXEC SPC_070_COMPONENT_LIST_DETAIL_INQ2 '','','1','1','10';
2017-12-19 19:15:47 EXEC SPC_070_COMPONENT_LIST_DETAIL_ACT1 'I','000004','000009','1111','001','2017/12/01','2017/12/07','備考','001','070_component-list-detail','192.168.5.206';
2017-12-19 19:23:24 EXEC SPC_070_COMPONENT_LIST_DETAIL_ACT1 'U','000004','000009','1111','001','2017/12/01','2017/12/07','備考','001','070_component-list-detail','192.168.5.206';
2017-12-19 19:27:04 EXEC SPC_070_COMPONENT_LIST_DETAIL_ACT1 'U','000004','000009','1111','001','2017/12/01','2017/12/07','備考','001','070_component-list-detail','192.168.5.206';
2017-12-19 19:27:35 EXEC SPC_COM_GET_COMBOBOX 'unit_q_div';
2017-12-19 19:27:39 EXEC SPC_070_COMPONENT_LIST_DETAIL_INQ2 '','','1','1','10';
2017-12-19 19:27:43 EXEC SPC_070_COMPONENT_LIST_DETAIL_INQ2 '','','1','1','10';
2017-12-19 19:27:54 EXEC SPC_070_COMPONENT_LIST_DETAIL_ACT1 'I','000005','000008','111','001','2017/12/07','2017/12/29','備考','001','070_component-list-detail','192.168.5.206';
2017-12-19 19:28:18 EXEC SPC_COM_GET_COMBOBOX 'unit_q_div';
2017-12-19 19:28:23 EXEC SPC_070_COMPONENT_LIST_DETAIL_INQ2 '','','1','1','10';
2017-12-19 19:28:27 EXEC SPC_070_COMPONENT_LIST_DETAIL_INQ2 '','','1','1','10';
2017-12-19 19:28:39 EXEC SPC_070_COMPONENT_LIST_DETAIL_ACT1 'I','000001','000010','333','002','2017/12/06','2017/12/27','備考','001','070_component-list-detail','192.168.5.206';
2017-12-19 19:29:00 EXEC SPC_070_COMPONENT_LIST_DETAIL_ACT1 'U','000001','000010','333','002','2017/12/06','2017/12/27','備考','001','070_component-list-detail','192.168.5.206';
2017-12-19 19:36:00 EXEC SPC_COM_GET_COMBOBOX 'unit_q_div';
2017-12-19 19:37:07 EXEC SPC_COM_GET_COMBOBOX 'unit_q_div';
2017-12-19 19:38:36 EXEC SPC_070_COMPONENT_LIST_DETAIL_INQ2 '','','1','1','10';
2017-12-19 19:39:36 EXEC SPC_COM_GET_COMBOBOX 'unit_q_div';
2017-12-19 19:39:39 EXEC SPC_070_COMPONENT_LIST_DETAIL_INQ2 '','','1','1','10';
2017-12-19 19:39:42 EXEC SPC_070_COMPONENT_LIST_DETAIL_INQ2 '','','1','1','10';
2017-12-19 19:39:54 EXEC SPC_070_COMPONENT_LIST_DETAIL_ACT1 'I','000001','000007','999','003','2017/12/01','2017/12/07','備考','001','070_component-list-detail','192.168.5.206';
2017-12-19 19:39:57 EXEC SPC_070_COMPONENT_LIST_DETAIL_INQ1 '000001','000007';
2017-12-19 19:40:01 EXEC SPC_070_COMPONENT_LIST_DETAIL_ACT1 'U','000001','000007','999','003','2017/12/01','2017/12/07','備考','001','070_component-list-detail','192.168.5.206';
2017-12-19 19:40:05 EXEC SPC_070_COMPONENT_LIST_DETAIL_INQ1 '000001','000007';
2017-12-19 19:58:03 EXEC SPC_COM_GET_COMBOBOX 'unit_q_div';
2017-12-19 19:58:09 EXEC SPC_070_COMPONENT_LIST_DETAIL_INQ2 '','','1','1','10';
2017-12-19 19:58:14 EXEC SPC_070_COMPONENT_LIST_DETAIL_INQ2 '','','1','1','10';
2017-12-19 19:58:27 EXEC SPC_070_COMPONENT_LIST_DETAIL_ACT1 'I','000001','000007','9999','002','2017/12/07','2017/12/29','備考','001','070_component-list-detail','192.168.5.206';
2017-12-19 19:58:37 EXEC SPC_070_COMPONENT_LIST_DETAIL_ACT1 'I','000001','000007','9999','002','2017/12/07','2017/12/29','備考','001','070_component-list-detail','192.168.5.206';
2017-12-19 19:58:51 EXEC SPC_070_COMPONENT_LIST_DETAIL_INQ2 '','','1','1','10';
2017-12-19 19:58:55 EXEC SPC_070_COMPONENT_LIST_DETAIL_ACT1 'I','000001','000005','9999','002','2017/12/07','2017/12/29','備考','001','070_component-list-detail','192.168.5.206';
2017-12-19 19:58:56 EXEC SPC_070_COMPONENT_LIST_DETAIL_INQ1 '000001','000005';
2017-12-19 19:59:09 EXEC SPC_073_LOGIN_ACT1 '001','123456';
2017-12-19 19:59:09 EXEC SPC_GET_CONSTANT '';
2017-12-19 19:59:34 EXEC SPC_COM_GET_COMBOBOX 'unit_q_div';
2017-12-19 19:59:35 EXEC SPC_COM_GET_COMBOBOX 'parts_kind_div';
2017-12-19 19:59:35 EXEC SPC_COM_GET_COMBOBOX 'parts_order_div';
2017-12-19 19:59:35 EXEC SPC_COM_GET_COMBOBOX 'exists_div';
2017-12-19 19:59:35 EXEC SPC_COM_GET_COMBOBOX 'order_level_div';
2017-12-19 19:59:38 EXEC SPC_COM_GET_COMBOBOX 'unit_q_div';
2017-12-19 19:59:41 EXEC SPC_070_COMPONENT_LIST_DETAIL_INQ2 '','','1','1','10';
2017-12-19 19:59:47 EXEC SPC_070_COMPONENT_LIST_DETAIL_INQ2 '','','1','1','10';
2017-12-19 20:00:05 EXEC SPC_070_COMPONENT_LIST_DETAIL_ACT1 'I','000001','000008','777','002','2017/12/01','2017/12/28','備考','001','070_component-list-detail','192.168.5.206';
2017-12-19 20:00:06 EXEC SPC_070_COMPONENT_LIST_DETAIL_INQ1 '000001','000008';
2017-12-19 20:00:09 EXEC SPC_070_COMPONENT_LIST_DETAIL_ACT2 '000001','000008','001','070_component-list-detail','192.168.5.206';
2017-12-19 20:01:46 EXEC SPC_COM_GET_COMBOBOX 'unit_q_div';
2017-12-19 20:01:48 EXEC SPC_070_COMPONENT_LIST_DETAIL_INQ2 '','','1','1','10';
2017-12-19 20:01:52 EXEC SPC_070_COMPONENT_LIST_DETAIL_INQ2 '','','1','1','10';
2017-12-19 20:02:04 EXEC SPC_070_COMPONENT_LIST_DETAIL_ACT1 'I','000002','000007','444','002','2017/12/01','2017/12/23','備考','001','070_component-list-detail','192.168.5.206';
2017-12-19 20:02:04 EXEC SPC_070_COMPONENT_LIST_DETAIL_INQ1 '000002','000007';
2017-12-19 20:02:07 EXEC SPC_070_COMPONENT_LIST_DETAIL_ACT2 '000002','000007','001','070_component-list-detail','192.168.5.206';
2017-12-19 20:02:08 EXEC SPC_070_COMPONENT_LIST_DETAIL_INQ1 '000002','000007';
2017-12-19 20:02:17 EXEC SPC_070_COMPONENT_LIST_DETAIL_ACT2 '000002','000007','001','070_component-list-detail','192.168.5.206';
2017-12-19 20:02:29 EXEC SPC_070_COMPONENT_LIST_DETAIL_INQ2 '','','1','1','10';
2017-12-19 20:02:35 EXEC SPC_070_COMPONENT_LIST_DETAIL_INQ2 '','','1','1','10';
2017-12-19 20:02:38 EXEC SPC_070_COMPONENT_LIST_DETAIL_ACT2 '000001','000005','001','070_component-list-detail','192.168.5.206';
2017-12-19 20:02:41 EXEC SPC_070_COMPONENT_LIST_DETAIL_INQ1 '000001','000005';
