2017-12-25 10:30:37 EXEC SPC_COM_GET_COMBOBOX 'payment_conditions_div';
2017-12-25 10:30:37 EXEC SPC_COM_GET_COMBOBOX 'shipment_div';
';
2017-12-25 10:30:37 EXEC SPC_COM_GET_COMBOBOX 'currency_div';
2017-12-25 10:30:37 EXEC SPC_COM_GET_COMBOBOX 'trade_terms_div';
2017-12-25 10:30:37 EXEC SPC_COM_GET_COMBOBOX 'port_city_div';
2017-12-25 10:34:57 EXEC SPC_COM_GET_COMBOBOX 'unit_q_div';
2017-12-25 10:35:01 EXEC SPC_COMPONENT_PRODUCT_FNQ '','','0','0','1','10';
2017-12-25 10:35:04 EXEC SPC_COMPONENT_PRODUCT_FNQ '','','1','0','1','10';
2017-12-25 10:35:06 EXEC SPC_COMPONENT_PRODUCT_FNQ '','','1','1','1','10';
2017-12-25 10:35:08 EXEC SPC_COMPONENT_PRODUCT_FNQ '','','0','1','1','10';
2017-12-25 10:35:19 EXEC SPC_COM_GET_COMBOBOX 'port_country_div';
2017-12-25 10:35:19 EXEC SPC_COM_GET_COMBOBOX 'trade_terms_div';
2017-12-25 10:35:19 EXEC SPC_COM_GET_COMBOBOX 'payment_conditions_div';
2017-12-25 10:35:20 EXEC SPC_COM_GET_COMBOBOX 'port_city_div';
2017-12-25 10:35:20 EXEC SPC_COM_GET_COMBOBOX 'currency_div';
2017-12-25 10:35:20 EXEC SPC_COM_GET_COMBOBOX 'shipment_div';
2017-12-25 10:35:20 EXEC SPC_COM_GET_COMBOBOX 'sales_detail_div';
2017-12-25 10:35:20 EXEC SPC_COM_GET_COMBOBOX 'unit_q_div';
2017-12-25 10:35:20 EXEC SPC_GET_TAX_RATE '2017/12/25';
2017-12-25 10:35:20 EXEC SPC_COM_GET_COMBOBOX 'unit_m_div';
2017-12-25 10:35:20 EXEC SPC_COM_GET_COMBOBOX 'unit_w_div';
2017-12-25 10:35:20 EXEC SPC_COM_GET_COMBOBOX 'bank_div';
2017-12-25 10:36:11 EXEC SPC_COM_GET_COMBOBOX 'pi_status_div';
2017-12-25 10:36:12 EXEC SPC_002_PI_SEARCH_FND1 '','','','','','','','','1','10';
2017-12-25 10:36:21 EXEC SPC_002_PI_SEARCH_ACT1 '[{"pi_no":"RT-130301001","pi_status_div":"20"},{"pi_no":"RT-130825001","pi_status_div":"30"}]','','002_pi-search','';
2017-12-25 10:36:31 EXEC SPC_002_PI_SEARCH_ACT1 '[{"pi_no":"RT-130301001","pi_status_div":"20"},{"pi_no":"RT-130825001","pi_status_div":"30"},{"pi_no":"RT-130825001","pi_status_div":"30"},{"pi_no":"RT-130827001","pi_status_div":"30"},{"pi_no":"RT-130827001","pi_status_div":"30"},{"pi_no":"RT-130827003","pi_status_div":"10"}]','','002_pi-search','';
2017-12-25 10:36:32 EXEC SPC_002_PI_SEARCH_FND1 '','','','','','','','','1','10';
2017-12-25 10:37:27 EXEC SPC_002_PI_SEARCH_FND1 '','','','','','','','','1','10';
2017-12-25 10:38:00 EXEC SPC_002_PI_SEARCH_FND1 '','','','','','','','','2','10';
2017-12-25 10:38:01 EXEC SPC_002_PI_SEARCH_FND1 '','','','','','','','','3','10';
2017-12-25 10:38:03 EXEC SPC_002_PI_SEARCH_FND1 '','','','','','','','','4','10';
2017-12-25 10:38:05 EXEC SPC_002_PI_SEARCH_FND1 '','','','','','','','','5','10';
2017-12-25 10:38:06 EXEC SPC_002_PI_SEARCH_FND1 '','','','','','','','','101','10';
2017-12-25 10:38:11 EXEC SPC_002_PI_SEARCH_FND1 '','','','','','','','','1','10';
2017-12-25 10:38:16 EXEC SPC_002_PI_SEARCH_FND1 '','','','','','','','','2','10';
2017-12-25 10:38:17 EXEC SPC_002_PI_SEARCH_FND1 '','','','','','','','','3','10';
2017-12-25 10:38:21 EXEC SPC_002_PI_SEARCH_FND1 '','','','','','','','','4','10';
2017-12-25 10:38:22 EXEC SPC_002_PI_SEARCH_FND1 '','','','','','','','','5','10';
2017-12-25 10:38:23 EXEC SPC_002_PI_SEARCH_FND1 '','','','','','','','','6','10';
2017-12-25 10:38:24 EXEC SPC_002_PI_SEARCH_FND1 '','','','','','','','','7','10';
2017-12-25 10:38:25 EXEC SPC_002_PI_SEARCH_FND1 '','','','','','','','','8','10';
2017-12-25 10:38:26 EXEC SPC_002_PI_SEARCH_FND1 '','','','','','','','','9','10';
2017-12-25 10:38:27 EXEC SPC_002_PI_SEARCH_FND1 '','','','','','','','','10','10';
2017-12-25 10:38:29 EXEC SPC_002_PI_SEARCH_FND1 '','','','','','','','','11','10';
2017-12-25 10:38:30 EXEC SPC_002_PI_SEARCH_FND1 '','','','','','','','','10','10';
2017-12-25 10:38:31 EXEC SPC_002_PI_SEARCH_FND1 '','','','','','','','','9','10';
2017-12-25 10:38:33 EXEC SPC_002_PI_SEARCH_FND1 '','','','','','','','','8','10';
2017-12-25 10:38:34 EXEC SPC_002_PI_SEARCH_FND1 '','','','','','','','','7','10';
2017-12-25 10:38:36 EXEC SPC_002_PI_SEARCH_FND1 '','','','','','','','','6','10';
2017-12-25 10:38:37 EXEC SPC_002_PI_SEARCH_FND1 '','','','','','','','','5','10';
2017-12-25 10:38:38 EXEC SPC_002_PI_SEARCH_FND1 '','','','','','','','','4','10';
2017-12-25 10:38:39 EXEC SPC_002_PI_SEARCH_FND1 '','','','','','','','','3','10';
2017-12-25 10:38:40 EXEC SPC_002_PI_SEARCH_FND1 '','','','','','','','','2','10';
2017-12-25 10:38:44 EXEC SPC_002_PI_SEARCH_FND1 '','','','','','','','','1','10';
2017-12-25 10:38:55 EXEC SPC_002_PI_SEARCH_FND1 '','','','','','','','','2','10';
2017-12-25 10:38:58 EXEC SPC_002_PI_SEARCH_FND1 '','','','','','','','','1','10';
2017-12-25 10:39:04 EXEC SPC_002_PI_SEARCH_FND1 '','','','','','','','','2','10';
2017-12-25 10:39:05 EXEC SPC_002_PI_SEARCH_FND1 '','','','','','','','','3','10';
2017-12-25 10:39:13 EXEC SPC_002_PI_SEARCH_FND1 '','','','','','','','','4','10';
2017-12-25 10:39:15 EXEC SPC_002_PI_SEARCH_FND1 '','','','','','','','','1','10';
2017-12-25 10:40:46 EXEC SPC_002_PI_SEARCH_FND1 '','','','','','','','','2','10';
2017-12-25 10:40:47 EXEC SPC_002_PI_SEARCH_FND1 '','','','','','','','','3','10';
2017-12-25 10:40:49 EXEC SPC_002_PI_SEARCH_FND1 '','','','','','','','','4','10';
2017-12-25 10:40:51 EXEC SPC_002_PI_SEARCH_FND1 '','','','','','','','','1','10';
2017-12-25 10:40:56 EXEC SPC_002_PI_SEARCH_FND1 '','','','','','','','','2','10';
2017-12-25 10:40:57 EXEC SPC_002_PI_SEARCH_FND1 '','','','','','','','','3','10';
2017-12-25 10:40:59 EXEC SPC_002_PI_SEARCH_FND1 '','','','','','','','','4','10';
2017-12-25 10:41:00 EXEC SPC_002_PI_SEARCH_FND1 '','','','','','','','','5','10';
2017-12-25 10:41:01 EXEC SPC_002_PI_SEARCH_FND1 '','','','','','','','','1','10';
2017-12-25 10:41:11 EXEC SPC_002_PI_SEARCH_FND1 '','','','','','','','','2','10';
2017-12-25 10:43:29 EXEC SPC_002_PI_SEARCH_FND1 '','','','','','','','','1','10';
2017-12-25 10:43:32 EXEC SPC_002_PI_SEARCH_FND1 '','','','','','','','','2','10';
2017-12-25 10:43:47 EXEC SPC_002_PI_SEARCH_FND1 '','','','','','','','','1','10';
2017-12-25 10:44:06 EXEC SPC_002_PI_SEARCH_FND1 '','','','','','','','','2','10';
2017-12-25 10:44:08 EXEC SPC_002_PI_SEARCH_FND1 '','','','','','','','','3','10';
2017-12-25 10:44:17 EXEC SPC_002_PI_SEARCH_FND1 '','','','','','','','','1','10';
2017-12-25 10:44:22 EXEC SPC_002_PI_SEARCH_FND1 '','','','','','','','','2','10';
2017-12-25 10:44:24 EXEC SPC_002_PI_SEARCH_FND1 '','','','','','','','','3','10';
2017-12-25 10:44:25 EXEC SPC_002_PI_SEARCH_FND1 '','','','','','','','','4','10';
2017-12-25 10:44:26 EXEC SPC_002_PI_SEARCH_FND1 '','','','','','','','','5','10';
2017-12-25 10:44:27 EXEC SPC_002_PI_SEARCH_FND1 '','','','','','','','','6','10';
2017-12-25 10:44:28 EXEC SPC_002_PI_SEARCH_FND1 '','','','','','','','','7','10';
2017-12-25 10:44:29 EXEC SPC_002_PI_SEARCH_FND1 '','','','','','','','','8','10';
2017-12-25 10:44:30 EXEC SPC_002_PI_SEARCH_FND1 '','','','','','','','','9','10';
2017-12-25 10:44:31 EXEC SPC_002_PI_SEARCH_FND1 '','','','','','','','','10','10';
2017-12-25 10:44:33 EXEC SPC_002_PI_SEARCH_FND1 '','','','','','','','','11','10';
2017-12-25 10:44:34 EXEC SPC_002_PI_SEARCH_FND1 '','','','','','','','','12','10';
2017-12-25 10:45:32 EXEC SPC_002_PI_SEARCH_FND1 '','','','','','','','','1','10';
2017-12-25 10:45:37 EXEC SPC_002_PI_SEARCH_FND1 '','','','','','','','','2','10';
2017-12-25 10:45:39 EXEC SPC_002_PI_SEARCH_FND1 '','','','','','','','','1','10';
2017-12-25 10:45:42 EXEC SPC_002_PI_SEARCH_FND1 '','','','','','','','','2','10';
2017-12-25 10:46:07 EXEC SPC_002_PI_SEARCH_FND1 '','','','','','','','','1','10';
2017-12-25 10:46:12 EXEC SPC_002_PI_SEARCH_FND1 '','','','','','','','','2','10';
2017-12-25 10:46:13 EXEC SPC_002_PI_SEARCH_FND1 '','','','','','','','','3','10';
2017-12-25 10:46:15 EXEC SPC_002_PI_SEARCH_FND1 '','','','','','','','','4','10';
2017-12-25 10:47:02 EXEC SPC_002_PI_SEARCH_FND1 '','','','','','','','','1','10';
2017-12-25 10:47:04 EXEC SPC_002_PI_SEARCH_FND1 '','','','','','','','','2','10';
2017-12-25 11:05:26 EXEC SPC_COM_GET_COMBOBOX 'pi_status_div';
2017-12-25 11:05:29 EXEC SPC_002_PI_SEARCH_FND1 '','','','','','','','','1','10';
2017-12-25 11:05:34 EXEC SPC_002_PI_SEARCH_FND1 '','','','','','','','','2','10';
2017-12-25 11:05:35 EXEC SPC_002_PI_SEARCH_FND1 '','','','','','','','','1','10';
2017-12-25 11:05:37 EXEC SPC_002_PI_SEARCH_FND1 '','','','','','','','','2','10';
2017-12-25 11:05:39 EXEC SPC_COM_GET_COMBOBOX 'port_country_div';
2017-12-25 11:05:40 EXEC SPC_COM_GET_COMBOBOX 'unit_q_div';
2017-12-25 11:05:40 EXEC SPC_COM_GET_COMBOBOX 'shipment_div';
2017-12-25 11:05:40 EXEC SPC_COM_GET_COMBOBOX 'currency_div';
2017-12-25 11:05:40 EXEC SPC_COM_GET_COMBOBOX 'trade_terms_div';
2017-12-25 11:05:41 EXEC SPC_COM_GET_COMBOBOX 'unit_w_div';
2017-12-25 11:05:41 EXEC SPC_COM_GET_COMBOBOX 'payment_conditions_div';
2017-12-25 11:05:41 EXEC SPC_COM_GET_COMBOBOX 'port_city_div';
2017-12-25 11:05:41 EXEC SPC_COM_GET_COMBOBOX 'sales_detail_div';
2017-12-25 11:05:41 EXEC SPC_GET_TAX_RATE '2017/12/25';
2017-12-25 11:05:41 EXEC SPC_COM_GET_COMBOBOX 'bank_div';
2017-12-25 11:05:41 EXEC SPC_COM_GET_COMBOBOX 'unit_m_div';
2017-12-25 11:05:43 EXEC SPC_COM_GET_COMBOBOX 'pi_status_div';
2017-12-25 11:05:44 EXEC SPC_002_PI_SEARCH_FND1 '','','','','','','','','1','10';
2017-12-25 11:05:52 EXEC SPC_002_PI_SEARCH_FND1 '','','','','','','','','2','10';
2017-12-25 11:05:55 EXEC SPC_COM_GET_COMBOBOX 'port_city_div';
2017-12-25 11:05:55 EXEC SPC_COM_GET_COMBOBOX 'currency_div';
2017-12-25 11:05:55 EXEC SPC_COM_GET_COMBOBOX 'port_country_div';
2017-12-25 11:05:55 EXEC SPC_COM_GET_COMBOBOX 'shipment_div';
2017-12-25 11:05:55 EXEC SPC_COM_GET_COMBOBOX 'payment_conditions_div';
2017-12-25 11:05:55 EXEC SPC_COM_GET_COMBOBOX 'trade_terms_div';
2017-12-25 11:05:55 EXEC SPC_COM_GET_COMBOBOX 'unit_m_div';
2017-12-25 11:05:55 EXEC SPC_COM_GET_COMBOBOX 'sales_detail_div';
2017-12-25 11:05:55 EXEC SPC_COM_GET_COMBOBOX 'unit_w_div';
2017-12-25 11:05:55 EXEC SPC_GET_TAX_RATE '2017/12/25';
2017-12-25 11:05:55 EXEC SPC_COM_GET_COMBOBOX 'bank_div';
2017-12-25 11:05:55 EXEC SPC_COM_GET_COMBOBOX 'unit_q_div';
2017-12-25 11:05:56 EXEC SPC_001_PI_DETAIL_INQ1 'RT-130829002';
2017-12-25 11:05:56 EXEC SPC_COM_GET_COMBOBOX 'unit_q_div';
2017-12-25 11:05:56 EXEC SPC_COM_GET_COMBOBOX 'sales_detail_div';
2017-12-25 11:05:56 EXEC SPC_GET_TAX_RATE '2013/08/29';
2017-12-25 11:05:56 EXEC SPC_COM_GET_COMBOBOX 'unit_w_div';
2017-12-25 11:05:56 EXEC SPC_COM_GET_COMBOBOX 'unit_m_div';
2017-12-25 11:05:58 EXEC SPC_COM_GET_COMBOBOX 'pi_status_div';
2017-12-25 11:05:58 EXEC SPC_002_PI_SEARCH_FND1 '','','','','','','','','1','10';
2017-12-25 11:06:14 EXEC SPC_002_PI_SEARCH_FND1 '2017/12/25','','','','','','','','1','10';
2017-12-25 11:06:18 EXEC SPC_002_PI_SEARCH_FND1 '2017/12/01','','','','','','','','1','10';
2017-12-25 11:06:21 EXEC SPC_COM_GET_COMBOBOX 'currency_div';
2017-12-25 11:06:21 EXEC SPC_COM_GET_COMBOBOX 'trade_terms_div';
2017-12-25 11:06:21 EXEC SPC_COM_GET_COMBOBOX 'payment_conditions_div';
2017-12-25 11:06:21 EXEC SPC_COM_GET_COMBOBOX 'port_country_div';
2017-12-25 11:06:21 EXEC SPC_COM_GET_COMBOBOX 'port_city_div';
2017-12-25 11:06:21 EXEC SPC_COM_GET_COMBOBOX 'shipment_div';
2017-12-25 11:06:22 EXEC SPC_COM_GET_COMBOBOX 'unit_q_div';
2017-12-25 11:06:22 EXEC SPC_GET_TAX_RATE '2017/12/25';
2017-12-25 11:06:22 EXEC SPC_COM_GET_COMBOBOX 'unit_w_div';
2017-12-25 11:06:22 EXEC SPC_COM_GET_COMBOBOX 'sales_detail_div';
2017-12-25 11:06:22 EXEC SPC_COM_GET_COMBOBOX 'bank_div';
2017-12-25 11:06:22 EXEC SPC_001_PI_DETAIL_INQ1 'RT-171222003';
2017-12-25 11:06:23 EXEC SPC_COM_GET_COMBOBOX 'unit_m_div';
2017-12-25 11:06:23 EXEC SPC_COM_GET_COMBOBOX 'unit_q_div';
2017-12-25 11:06:23 EXEC SPC_GET_TAX_RATE '2017/12/22';
2017-12-25 11:06:23 EXEC SPC_COM_GET_COMBOBOX 'sales_detail_div';
2017-12-25 11:06:23 EXEC SPC_COM_GET_COMBOBOX 'unit_w_div';
2017-12-25 11:06:26 EXEC SPC_COM_GET_COMBOBOX 'pi_status_div';
2017-12-25 11:06:27 EXEC SPC_002_PI_SEARCH_FND1 '2017/12/01','','','','','','','','1','10';
2017-12-25 11:09:29 EXEC SPC_002_PI_SEARCH_FND1 '2017/12/01','','','','','','','','1','10';
2017-12-25 11:09:32 EXEC SPC_COM_GET_COMBOBOX 'pi_status_div';
2017-12-25 11:09:36 EXEC SPC_002_PI_SEARCH_FND1 '','','','','','','','','1','10';
2017-12-25 11:09:45 EXEC SPC_002_PI_SEARCH_FND1 '','','','','','','','','2','10';
2017-12-25 11:09:50 EXEC SPC_002_PI_SEARCH_FND1 '','','','','','','','','1','10';
2017-12-25 11:09:55 EXEC SPC_002_PI_SEARCH_FND1 '','','','','','','','','2','10';
2017-12-25 11:09:58 EXEC SPC_002_PI_SEARCH_FND1 '','','','','','','','','1','10';
2017-12-25 11:11:17 EXEC SPC_002_PI_SEARCH_FND1 '','','','','','','','','2','10';
2017-12-25 11:11:21 EXEC SPC_002_PI_SEARCH_FND1 '','','','','','','','','1','10';
2017-12-25 11:11:32 EXEC SPC_COM_GET_COMBOBOX 'port_city_div';
2017-12-25 11:11:32 EXEC SPC_COM_GET_COMBOBOX 'currency_div';
2017-12-25 11:11:33 EXEC SPC_COM_GET_COMBOBOX 'unit_q_div';
2017-12-25 11:11:33 EXEC SPC_COM_GET_COMBOBOX 'unit_w_div';
2017-12-25 11:11:33 EXEC SPC_COM_GET_COMBOBOX 'unit_m_div';
2017-12-25 11:11:33 EXEC SPC_COM_GET_COMBOBOX 'sales_detail_div';
2017-12-25 11:11:34 EXEC SPC_GET_TAX_RATE '2017/12/25';
2017-12-25 11:11:34 EXEC SPC_COM_GET_COMBOBOX 'bank_div';
2017-12-25 11:11:34 EXEC SPC_001_PI_DETAIL_INQ1 'RT-130301001';
2017-12-25 11:11:34 EXEC SPC_COM_GET_COMBOBOX 'payment_conditions_div';
2017-12-25 11:11:34 EXEC SPC_COM_GET_COMBOBOX 'trade_terms_div';
2017-12-25 11:11:34 EXEC SPC_COM_GET_COMBOBOX 'port_country_div';
2017-12-25 11:11:34 EXEC SPC_COM_GET_COMBOBOX 'shipment_div';
2017-12-25 11:11:35 EXEC SPC_COM_GET_COMBOBOX 'unit_q_div';
2017-12-25 11:11:35 EXEC SPC_COM_GET_COMBOBOX 'unit_m_div';
2017-12-25 11:11:35 EXEC SPC_COM_GET_COMBOBOX 'unit_w_div';
2017-12-25 11:11:35 EXEC SPC_COM_GET_COMBOBOX 'sales_detail_div';
2017-12-25 11:11:45 EXEC SPC_001_PI_DETAIL_INQ3 '000001','2013/03/01','F0256','NP','USD';
2017-12-25 11:11:48 EXEC SPC_001_PI_DETAIL_INQ3 '000004','2013/03/01','F0256','NP','USD';
2017-12-25 11:11:52 EXEC SPC_001_PI_DETAIL_INQ3 '000003','2013/03/01','F0256','NP','USD';
2017-12-25 11:11:57 EXEC SPC_001_PI_DETAIL_INQ2 'F0015','1';
2017-12-25 11:12:02 EXEC SPC_001_PI_DETAIL_INQ3 '000003','2013/03/01','F0015','SA','USD';
2017-12-25 11:12:07 EXEC SPC_001_PI_DETAIL_INQ3 '000004','2013/03/01','F0015','SA','USD';
2017-12-25 11:12:15 EXEC SPC_001_PI_DETAIL_INQ3 '000001','2013/03/01','F0015','SA','USD';
2017-12-25 11:13:27 EXEC SPC_COM_GET_COMBOBOX 'pi_status_div';
2017-12-25 11:13:27 EXEC SPC_002_PI_SEARCH_FND1 '','','','','','','','','1','10';
2017-12-25 11:15:34 EXEC SPC_COM_GET_COMBOBOX 'pi_status_div';
2017-12-25 11:15:37 EXEC SPC_002_PI_SEARCH_FND1 '','','','','','','','','1','10';
2017-12-25 11:15:53 EXEC SPC_002_PI_SEARCH_FND1 '','','','','','','','','2','10';
2017-12-25 11:16:01 EXEC SPC_002_PI_SEARCH_FND1 '','','','','','','','','101','10';
2017-12-25 11:16:04 EXEC SPC_002_PI_SEARCH_FND1 '','','','','','','','','100','10';
2017-12-25 11:16:06 EXEC SPC_002_PI_SEARCH_FND1 '','','','','','','','','99','10';
2017-12-25 11:16:07 EXEC SPC_002_PI_SEARCH_FND1 '','','','','','','','','1','10';
2017-12-25 11:16:28 EXEC SPC_002_PI_SEARCH_FND1 '','','','','','','','','1','50';
2017-12-25 11:16:44 EXEC SPC_002_PI_SEARCH_FND1 '','','','','','','','','1','100';
2017-12-25 11:16:55 EXEC SPC_COM_GET_COMBOBOX 'pi_status_div';
2017-12-25 11:16:56 EXEC SPC_002_PI_SEARCH_FND1 '','','','','','','','','1','10';
2017-12-25 11:18:19 EXEC SPC_002_PI_SEARCH_FND1 '','','','','','','','20','1','10';
2017-12-25 11:18:22 EXEC SPC_002_PI_SEARCH_FND1 '','','','','','','','20','2','10';
2017-12-25 11:18:25 EXEC SPC_002_PI_SEARCH_FND1 '','','','','','','','20','1','10';
2017-12-25 11:19:59 EXEC SPC_002_PI_SEARCH_FND1 '','','','','','','','20','2','10';
2017-12-25 11:20:02 EXEC SPC_002_PI_SEARCH_FND1 '','','','','','','','20','1','10';
2017-12-25 11:20:04 EXEC SPC_002_PI_SEARCH_FND1 '','','','','','','','20','2','10';
2017-12-25 11:20:07 EXEC SPC_002_PI_SEARCH_FND1 '','','','','','','','20','1','10';
2017-12-25 11:20:12 EXEC SPC_002_PI_SEARCH_FND1 '','','','','','','','20','2','10';
2017-12-25 11:20:14 EXEC SPC_002_PI_SEARCH_FND1 '','','','','','','','20','1','10';
2017-12-25 11:25:45 EXEC SPC_COM_GET_COMBOBOX 'port_country_div';
2017-12-25 11:25:45 EXEC SPC_COM_GET_COMBOBOX 'trade_terms_div';
2017-12-25 11:25:45 EXEC SPC_COM_GET_COMBOBOX 'shipment_div';
2017-12-25 11:25:45 EXEC SPC_COM_GET_COMBOBOX 'port_city_div';
2017-12-25 11:25:45 EXEC SPC_COM_GET_COMBOBOX 'payment_conditions_div';
2017-12-25 11:25:46 EXEC SPC_COM_GET_COMBOBOX 'unit_q_div';
2017-12-25 11:25:46 EXEC SPC_COM_GET_COMBOBOX 'unit_m_div';
2017-12-25 11:25:46 EXEC SPC_COM_GET_COMBOBOX 'unit_w_div';
2017-12-25 11:25:46 EXEC SPC_COM_GET_COMBOBOX 'sales_detail_div';
2017-12-25 11:25:46 EXEC SPC_COM_GET_COMBOBOX 'bank_div';
2017-12-25 11:25:46 EXEC SPC_COM_GET_COMBOBOX 'currency_div';
2017-12-25 11:25:46 EXEC SPC_GET_TAX_RATE '2017/12/25';
2017-12-25 11:25:46 EXEC SPC_001_PI_DETAIL_INQ1 'RT-130301001';
2017-12-25 11:25:47 EXEC SPC_GET_TAX_RATE '2013/03/01';
2017-12-25 11:25:47 EXEC SPC_COM_GET_COMBOBOX 'unit_w_div';
2017-12-25 11:25:47 EXEC SPC_COM_GET_COMBOBOX 'unit_q_div';
2017-12-25 11:25:47 EXEC SPC_COM_GET_COMBOBOX 'unit_m_div';
2017-12-25 11:25:47 EXEC SPC_COM_GET_COMBOBOX 'sales_detail_div';
2017-12-25 11:25:49 EXEC SPC_COM_GET_COMBOBOX 'pi_status_div';
2017-12-25 11:25:50 EXEC SPC_002_PI_SEARCH_FND1 '','','','','','','','20','1','10';
2017-12-25 11:25:51 EXEC SPC_002_PI_SEARCH_FND1 '','','','','','','','20','1','10';
2017-12-25 11:25:55 EXEC SPC_002_PI_SEARCH_FND1 '','','','','','','','20','2','10';
2017-12-25 11:25:59 EXEC SPC_002_PI_SEARCH_FND1 '','','','','','','','20','1','10';
2017-12-25 11:33:10 EXEC SPC_COM_GET_COMBOBOX 'port_country_div';
2017-12-25 11:33:10 EXEC SPC_COM_GET_COMBOBOX 'port_city_div';
2017-12-25 11:33:10 EXEC SPC_COM_GET_COMBOBOX 'currency_div';
2017-12-25 11:33:10 EXEC SPC_COM_GET_COMBOBOX 'shipment_div';
2017-12-25 11:33:10 EXEC SPC_COM_GET_COMBOBOX 'trade_terms_div';
2017-12-25 11:33:10 EXEC SPC_COM_GET_COMBOBOX 'payment_conditions_div';
2017-12-25 11:33:11 EXEC SPC_COM_GET_COMBOBOX 'unit_q_div';
2017-12-25 11:33:11 EXEC SPC_COM_GET_COMBOBOX 'unit_w_div';
2017-12-25 11:33:11 EXEC SPC_GET_TAX_RATE '2017/12/25';
2017-12-25 11:33:11 EXEC SPC_COM_GET_COMBOBOX 'unit_m_div';
2017-12-25 11:33:11 EXEC SPC_COM_GET_COMBOBOX 'bank_div';
2017-12-25 11:33:11 EXEC SPC_COM_GET_COMBOBOX 'sales_detail_div';
2017-12-25 11:33:16 EXEC SPC_COM_GET_COMBOBOX 'pi_status_div';
2017-12-25 11:34:49 EXEC SPC_002_PI_SEARCH_FND1 '','','','','','','','','1','10';
2017-12-25 11:34:52 EXEC SPC_COM_GET_COMBOBOX 'port_country_div';
2017-12-25 11:34:52 EXEC SPC_COM_GET_COMBOBOX 'trade_terms_div';
2017-12-25 11:34:52 EXEC SPC_COM_GET_COMBOBOX 'currency_div';
2017-12-25 11:34:52 EXEC SPC_COM_GET_COMBOBOX 'payment_conditions_div';
2017-12-25 11:34:53 EXEC SPC_COM_GET_COMBOBOX 'unit_w_div';
2017-12-25 11:34:53 EXEC SPC_COM_GET_COMBOBOX 'bank_div';
2017-12-25 11:34:53 EXEC SPC_COM_GET_COMBOBOX 'sales_detail_div';
2017-12-25 11:34:53 EXEC SPC_COM_GET_COMBOBOX 'unit_m_div';
2017-12-25 11:34:53 EXEC SPC_COM_GET_COMBOBOX 'unit_q_div';
2017-12-25 11:34:53 EXEC SPC_GET_TAX_RATE '2017/12/25';
2017-12-25 11:34:53 EXEC SPC_001_PI_DETAIL_INQ1 'RT-130301001';
2017-12-25 11:34:54 EXEC SPC_COM_GET_COMBOBOX 'sales_detail_div';
2017-12-25 11:34:54 EXEC SPC_COM_GET_COMBOBOX 'unit_m_div';
2017-12-25 11:34:54 EXEC SPC_COM_GET_COMBOBOX 'unit_w_div';
2017-12-25 11:34:54 EXEC SPC_GET_TAX_RATE '2013/03/01';
2017-12-25 11:34:54 EXEC SPC_COM_GET_COMBOBOX 'unit_q_div';
2017-12-25 11:36:50 EXEC SPC_001_PI_DETAIL_ACT5 'RT-130301001','','001_pi-detail','';
2017-12-25 11:39:35 EXEC SPC_COM_GET_COMBOBOX 'port_city_div';
2017-12-25 11:39:35 EXEC SPC_COM_GET_COMBOBOX 'currency_div';
2017-12-25 11:39:35 EXEC SPC_COM_GET_COMBOBOX 'port_country_div';
2017-12-25 11:39:35 EXEC SPC_COM_GET_COMBOBOX 'shipment_div';
2017-12-25 11:39:35 EXEC SPC_COM_GET_COMBOBOX 'trade_terms_div';
2017-12-25 11:39:35 EXEC SPC_COM_GET_COMBOBOX 'payment_conditions_div';
2017-12-25 11:39:35 EXEC SPC_COM_GET_COMBOBOX 'unit_m_div';
2017-12-25 11:39:35 EXEC SPC_COM_GET_COMBOBOX 'unit_q_div';
2017-12-25 11:39:35 EXEC SPC_COM_GET_COMBOBOX 'unit_w_div';
2017-12-25 11:39:35 EXEC SPC_COM_GET_COMBOBOX 'bank_div';
2017-12-25 11:39:35 EXEC SPC_COM_GET_COMBOBOX 'sales_detail_div';
2017-12-25 11:39:36 EXEC SPC_001_PI_DETAIL_INQ1 'RT-130301001';
2017-12-25 11:39:36 EXEC SPC_GET_TAX_RATE '2017/12/25';
2017-12-25 11:39:37 EXEC SPC_COM_GET_COMBOBOX 'unit_q_div';
2017-12-25 11:39:37 EXEC SPC_COM_GET_COMBOBOX 'sales_detail_div';
2017-12-25 11:39:37 EXEC SPC_GET_TAX_RATE '2013/03/01';
2017-12-25 11:39:37 EXEC SPC_COM_GET_COMBOBOX 'unit_m_div';
2017-12-25 11:39:37 EXEC SPC_COM_GET_COMBOBOX 'unit_w_div';
2017-12-25 11:44:23 EXEC SPC_COM_GET_COMBOBOX 'port_country_div';
2017-12-25 11:44:23 EXEC SPC_COM_GET_COMBOBOX 'currency_div';
2017-12-25 11:44:23 EXEC SPC_COM_GET_COMBOBOX 'payment_conditions_div';
2017-12-25 11:44:23 EXEC SPC_COM_GET_COMBOBOX 'trade_terms_div';
2017-12-25 11:44:23 EXEC SPC_COM_GET_COMBOBOX 'shipment_div';
2017-12-25 11:44:23 EXEC SPC_COM_GET_COMBOBOX 'bank_div';
2017-12-25 11:44:23 EXEC SPC_COM_GET_COMBOBOX 'unit_q_div';
2017-12-25 11:44:23 EXEC SPC_COM_GET_COMBOBOX 'unit_m_div';
2017-12-25 11:44:23 EXEC SPC_COM_GET_COMBOBOX 'sales_detail_div';
2017-12-25 11:44:23 EXEC SPC_COM_GET_COMBOBOX 'unit_w_div';
2017-12-25 11:44:23 EXEC SPC_GET_TAX_RATE '2017/12/25';
2017-12-25 11:44:24 EXEC SPC_001_PI_DETAIL_INQ1 'RT-130301001';
2017-12-25 11:44:25 EXEC SPC_COM_GET_COMBOBOX 'unit_w_div';
2017-12-25 11:44:25 EXEC SPC_COM_GET_COMBOBOX 'sales_detail_div';
2017-12-25 11:44:25 EXEC SPC_COM_GET_COMBOBOX 'unit_m_div';
2017-12-25 11:44:25 EXEC SPC_GET_TAX_RATE '2013/03/01';
2017-12-25 11:44:25 EXEC SPC_COM_GET_COMBOBOX 'unit_q_div';
2017-12-25 11:44:38 EXEC SPC_COM_GET_COMBOBOX 'payment_conditions_div';
2017-12-25 11:44:38 EXEC SPC_COM_GET_COMBOBOX 'currency_div';
2017-12-25 11:44:38 EXEC SPC_COM_GET_COMBOBOX 'port_city_div';
2017-12-25 11:44:38 EXEC SPC_COM_GET_COMBOBOX 'trade_terms_div';
2017-12-25 11:44:38 EXEC SPC_COM_GET_COMBOBOX 'port_country_div';
2017-12-25 11:44:38 EXEC SPC_COM_GET_COMBOBOX 'shipment_div';
2017-12-25 11:44:39 EXEC SPC_COM_GET_COMBOBOX 'sales_detail_div';
2017-12-25 11:44:39 EXEC SPC_COM_GET_COMBOBOX 'unit_m_div';
2017-12-25 11:44:39 EXEC SPC_COM_GET_COMBOBOX 'bank_div';
2017-12-25 11:44:39 EXEC SPC_GET_TAX_RATE '2013/03/01';
2017-12-25 11:44:39 EXEC SPC_COM_GET_COMBOBOX 'unit_q_div';
2017-12-25 11:44:39 EXEC SPC_COM_GET_COMBOBOX 'unit_w_div';
2017-12-25 12:20:44 EXEC SPC_COM_GET_COMBOBOX 'unit_q_div';
2017-12-25 12:21:58 EXEC SPC_071_COMPONENT_LIST_SEARCH_FND1 '','','1','10';
2017-12-25 12:22:01 EXEC SPC_COM_GET_COMBOBOX 'unit_q_div';
2017-12-25 12:22:01 EXEC SPC_070_COMPONENT_LIST_DETAIL_INQ1 '000004','000009';
2017-12-25 12:22:44 EXEC SPC_GET_ITEM '000003';
2017-12-25 12:22:45 EXEC SPC_070_COMPONENT_LIST_DETAIL_INQ1 '','000009';
2017-12-25 12:22:50 EXEC SPC_GET_ITEM '000003';
2017-12-25 12:22:50 EXEC SPC_070_COMPONENT_LIST_DETAIL_INQ1 '','000009';
2017-12-25 12:22:55 EXEC SPC_071_COMPONENT_LIST_SEARCH_FND1 '','','1','10';
2017-12-25 12:22:58 EXEC SPC_COM_GET_COMBOBOX 'unit_q_div';
2017-12-25 12:22:58 EXEC SPC_070_COMPONENT_LIST_DETAIL_INQ1 '000005','000006';
2017-12-25 12:23:01 EXEC SPC_GET_ITEM '000006';
2017-12-25 12:23:01 EXEC SPC_070_COMPONENT_LIST_DETAIL_INQ1 '000006','000006';
2017-12-25 12:23:05 EXEC SPC_GET_ITEM '000005';
2017-12-25 12:23:05 EXEC SPC_070_COMPONENT_LIST_DETAIL_INQ1 '000005','000006';
2017-12-25 12:23:10 EXEC SPC_GET_ITEM '000006';
2017-12-25 12:23:11 EXEC SPC_070_COMPONENT_LIST_DETAIL_INQ1 '000006','000006';
2017-12-25 12:23:16 EXEC SPC_GET_ITEM '000005';
2017-12-25 12:23:17 EXEC SPC_070_COMPONENT_LIST_DETAIL_INQ1 '000005','000006';
2017-12-25 12:23:24 EXEC SPC_GET_ITEM '000006';
2017-12-25 12:23:24 EXEC SPC_070_COMPONENT_LIST_DETAIL_INQ1 '000006','000006';
2017-12-25 12:23:29 EXEC SPC_GET_ITEM '000005';
2017-12-25 12:23:29 EXEC SPC_070_COMPONENT_LIST_DETAIL_INQ1 '000005','000006';
2017-12-25 12:23:36 EXEC SPC_GET_ITEM '000003';
2017-12-25 12:23:37 EXEC SPC_070_COMPONENT_LIST_DETAIL_INQ1 '','000006';
2017-12-25 12:23:41 EXEC SPC_GET_ITEM '000004';
2017-12-25 12:23:42 EXEC SPC_070_COMPONENT_LIST_DETAIL_INQ1 '000004','000006';
2017-12-25 12:23:54 EXEC SPC_071_COMPONENT_LIST_SEARCH_FND1 '','','1','10';
2017-12-25 12:23:59 EXEC SPC_070_COMPONENT_LIST_DETAIL_INQ1 '10002','2133';
2017-12-25 12:23:59 EXEC SPC_COM_GET_COMBOBOX 'unit_q_div';
2017-12-25 12:32:56 EXEC SPC_COM_GET_COMBOBOX 'unit_q_div';
2017-12-25 12:32:57 EXEC SPC_070_COMPONENT_LIST_DETAIL_INQ1 '10002','2133';
2017-12-25 12:32:57 EXEC SPC_GET_ITEM '2133';
2017-12-25 12:32:57 EXEC SPC_GET_ITEM '10002';
2017-12-25 12:33:05 EXEC SPC_071_COMPONENT_LIST_SEARCH_FND1 '','','1','10';
2017-12-25 12:33:10 EXEC SPC_COM_GET_COMBOBOX 'unit_q_div';
2017-12-25 12:33:10 EXEC SPC_GET_ITEM '000006';
2017-12-25 12:33:10 EXEC SPC_GET_ITEM '000005';
2017-12-25 12:33:10 EXEC SPC_070_COMPONENT_LIST_DETAIL_INQ1 '000005','000006';
2017-12-25 12:33:33 EXEC SPC_GET_ITEM '000005';
2017-12-25 12:33:33 EXEC SPC_COM_GET_COMBOBOX 'unit_q_div';
2017-12-25 12:33:33 EXEC SPC_GET_ITEM '000006';
2017-12-25 12:33:33 EXEC SPC_070_COMPONENT_LIST_DETAIL_INQ1 '000005','000006';
2017-12-25 12:33:37 EXEC SPC_071_COMPONENT_LIST_SEARCH_FND1 '','','1','10';
2017-12-25 12:33:44 EXEC SPC_GET_ITEM '10002';
2017-12-25 12:33:45 EXEC SPC_GET_ITEM '2160';
2017-12-25 12:33:45 EXEC SPC_COM_GET_COMBOBOX 'unit_q_div';
2017-12-25 12:33:45 EXEC SPC_070_COMPONENT_LIST_DETAIL_INQ1 '10002','2160';
2017-12-25 12:35:08 EXEC SPC_071_COMPONENT_LIST_SEARCH_FND1 '','','1','10';
2017-12-25 12:35:12 EXEC SPC_COM_GET_COMBOBOX 'unit_q_div';
2017-12-25 12:35:12 EXEC SPC_GET_ITEM '2182';
2017-12-25 12:35:12 EXEC SPC_070_COMPONENT_LIST_DETAIL_INQ1 '10002','2182';
2017-12-25 12:35:13 EXEC SPC_GET_ITEM '10002';
2017-12-25 12:35:13 EXEC SPC_070_COMPONENT_LIST_DETAIL_INQ1 '2182','2182';
2017-12-25 12:35:13 EXEC SPC_070_COMPONENT_LIST_DETAIL_INQ1 '2182','2182';
2017-12-25 12:35:19 EXEC SPC_071_COMPONENT_LIST_SEARCH_FND1 '','','1','10';
2017-12-25 12:35:21 EXEC SPC_071_COMPONENT_LIST_SEARCH_FND1 '','','1','10';
2017-12-25 12:35:26 EXEC SPC_COM_GET_COMBOBOX 'unit_q_div';
2017-12-25 12:36:56 EXEC SPC_COM_GET_COMBOBOX 'unit_q_div';
2017-12-25 12:37:47 EXEC SPC_COM_GET_COMBOBOX 'unit_q_div';
2017-12-25 12:37:51 EXEC SPC_071_COMPONENT_LIST_SEARCH_FND1 '','','1','10';
2017-12-25 12:37:55 EXEC SPC_COM_GET_COMBOBOX 'unit_q_div';
2017-12-25 12:37:55 EXEC SPC_GET_ITEM '2133';
2017-12-25 12:37:55 EXEC SPC_GET_ITEM '10002';
2017-12-25 12:37:55 EXEC SPC_070_COMPONENT_LIST_DETAIL_INQ1 '10002','2133';
2017-12-25 12:37:55 EXEC SPC_070_COMPONENT_LIST_DETAIL_INQ1 '2133','2133';
2017-12-25 12:37:56 EXEC SPC_070_COMPONENT_LIST_DETAIL_INQ1 '2133','2133';
2017-12-25 12:38:00 EXEC SPC_071_COMPONENT_LIST_SEARCH_FND1 '','','1','10';
2017-12-25 12:38:06 EXEC SPC_COM_GET_COMBOBOX 'unit_q_div';
2017-12-25 12:38:06 EXEC SPC_GET_ITEM '10002';
2017-12-25 12:38:06 EXEC SPC_GET_ITEM '2185';
2017-12-25 12:38:06 EXEC SPC_070_COMPONENT_LIST_DETAIL_INQ1 '10002','2185';
2017-12-25 12:38:07 EXEC SPC_070_COMPONENT_LIST_DETAIL_INQ1 '10002','10002';
2017-12-25 12:38:07 EXEC SPC_070_COMPONENT_LIST_DETAIL_INQ1 '10002','10002';
2017-12-25 12:38:16 EXEC SPC_071_COMPONENT_LIST_SEARCH_FND1 '','','1','10';
2017-12-25 12:38:35 EXEC SPC_COM_GET_COMBOBOX 'unit_q_div';
2017-12-25 12:38:45 EXEC SPC_COM_GET_COMBOBOX 'unit_q_div';
2017-12-25 12:41:00 EXEC SPC_071_COMPONENT_LIST_SEARCH_FND1 '','','1','10';
2017-12-25 12:41:03 EXEC SPC_COM_GET_COMBOBOX 'unit_q_div';
2017-12-25 12:41:04 EXEC SPC_GET_ITEM '000004';
2017-12-25 12:41:04 EXEC SPC_070_COMPONENT_LIST_DETAIL_INQ1 '000004','000009';
2017-12-25 12:41:04 EXEC SPC_GET_ITEM '000009';
2017-12-25 12:41:04 EXEC SPC_070_COMPONENT_LIST_DETAIL_INQ1 '000004','000004';
2017-12-25 12:41:04 EXEC SPC_070_COMPONENT_LIST_DETAIL_INQ1 '000004','000004';
2017-12-25 12:41:10 EXEC SPC_GET_ITEM '000006';
2017-12-25 12:41:11 EXEC SPC_070_COMPONENT_LIST_DETAIL_INQ1 '000004','000006';
2017-12-25 12:41:13 EXEC SPC_071_COMPONENT_LIST_SEARCH_FND1 '','','1','10';
2017-12-25 12:41:17 EXEC SPC_GET_ITEM '000004';
2017-12-25 12:41:17 EXEC SPC_COM_GET_COMBOBOX 'unit_q_div';
2017-12-25 12:41:17 EXEC SPC_070_COMPONENT_LIST_DETAIL_INQ1 '000004','000009';
2017-12-25 12:41:17 EXEC SPC_GET_ITEM '000009';
2017-12-25 12:41:17 EXEC SPC_070_COMPONENT_LIST_DETAIL_INQ1 '000004','000004';
2017-12-25 12:41:18 EXEC SPC_070_COMPONENT_LIST_DETAIL_INQ1 '000004','000004';
2017-12-25 12:41:57 EXEC SPC_071_COMPONENT_LIST_SEARCH_FND1 '','','1','10';
2017-12-25 12:42:03 EXEC SPC_COM_GET_COMBOBOX 'unit_q_div';
2017-12-25 12:42:03 EXEC SPC_GET_ITEM '000004';
2017-12-25 12:42:03 EXEC SPC_070_COMPONENT_LIST_DETAIL_INQ1 '000004','000009';
2017-12-25 12:42:03 EXEC SPC_GET_ITEM '000009';
2017-12-25 12:42:04 EXEC SPC_070_COMPONENT_LIST_DETAIL_INQ1 '000004','000004';
2017-12-25 12:42:04 EXEC SPC_070_COMPONENT_LIST_DETAIL_INQ1 '000004','000004';
2017-12-25 14:55:39 EXEC SPC_071_COMPONENT_LIST_SEARCH_FND1 '','','1','10';
2017-12-25 14:55:42 EXEC SPC_071_COMPONENT_LIST_SEARCH_FND1 '','','1','10';
2017-12-25 14:55:46 EXEC SPC_COM_GET_COMBOBOX 'unit_q_div';
2017-12-25 14:55:46 EXEC SPC_GET_ITEM '10002';
2017-12-25 14:55:46 EXEC SPC_GET_ITEM '4001';
2017-12-25 14:55:46 EXEC SPC_070_COMPONENT_LIST_DETAIL_INQ1 '10002','4001';
2017-12-25 14:55:49 EXEC SPC_071_COMPONENT_LIST_SEARCH_FND1 '','','1','10';
2017-12-25 14:55:52 EXEC SPC_GET_ITEM '000009';
2017-12-25 14:55:52 EXEC SPC_COM_GET_COMBOBOX 'unit_q_div';
2017-12-25 14:55:52 EXEC SPC_070_COMPONENT_LIST_DETAIL_INQ1 '000004','000009';
2017-12-25 14:55:52 EXEC SPC_GET_ITEM '000004';
2017-12-25 14:56:02 EXEC SPC_071_COMPONENT_LIST_SEARCH_FND1 '','','1','10';
2017-12-25 14:56:06 EXEC SPC_GET_ITEM '2066';
2017-12-25 14:56:06 EXEC SPC_COM_GET_COMBOBOX 'unit_q_div';
2017-12-25 14:56:06 EXEC SPC_GET_ITEM '10002';
2017-12-25 14:56:06 EXEC SPC_070_COMPONENT_LIST_DETAIL_INQ1 '10002','2066';
2017-12-25 14:57:28 EXEC SPC_GET_ITEM '2067';
2017-12-25 14:57:28 EXEC SPC_070_COMPONENT_LIST_DETAIL_INQ1 '10002','2067';
2017-12-25 14:57:32 EXEC SPC_GET_ITEM '2066';
2017-12-25 14:57:32 EXEC SPC_070_COMPONENT_LIST_DETAIL_INQ1 '10002','2066';
2017-12-25 14:58:58 EXEC SPC_071_COMPONENT_LIST_SEARCH_FND1 '','','1','10';
2017-12-25 14:59:02 EXEC SPC_COM_GET_COMBOBOX 'unit_q_div';
2017-12-25 14:59:03 EXEC SPC_GET_ITEM '10002';
2017-12-25 14:59:03 EXEC SPC_GET_ITEM '2133';
2017-12-25 14:59:03 EXEC SPC_070_COMPONENT_LIST_DETAIL_INQ1 '10002','2133';
2017-12-25 15:02:15 EXEC SPC_071_COMPONENT_LIST_SEARCH_FND1 '','','1','10';
2017-12-25 15:02:29 EXEC SPC_071_COMPONENT_LIST_SEARCH_FND1 '','','1','10';
2017-12-25 15:02:32 EXEC SPC_COM_GET_COMBOBOX 'unit_q_div';
2017-12-25 15:02:32 EXEC SPC_GET_ITEM '000009';
2017-12-25 15:02:32 EXEC SPC_GET_ITEM '000004';
2017-12-25 15:02:32 EXEC SPC_070_COMPONENT_LIST_DETAIL_INQ1 '000004','000009';
2017-12-25 15:02:35 EXEC SPC_070_COMPONENT_LIST_DETAIL_ACT2 '000004','000009','','070_component-list-detail','';
2017-12-25 15:02:36 EXEC SPC_070_COMPONENT_LIST_DETAIL_INQ1 '000004','000009';
2017-12-25 15:03:07 EXEC SPC_071_COMPONENT_LIST_SEARCH_FND1 '','','1','10';
2017-12-25 15:03:11 EXEC SPC_GET_ITEM '000005';
it_q_div';
2017-12-25 15:03:11 EXEC SPC_070_COMPONENT_LIST_DETAIL_INQ1 '000005','000006';
2017-12-25 15:03:11 EXEC SPC_GET_ITEM '000006';
2017-12-25 15:03:14 EXEC SPC_070_COMPONENT_LIST_DETAIL_ACT2 '000005','000006','','070_component-list-detail','';
2017-12-25 15:03:15 EXEC SPC_070_COMPONENT_LIST_DETAIL_INQ1 '000005','000006';
2017-12-25 15:03:18 EXEC SPC_071_COMPONENT_LIST_SEARCH_FND1 '','','1','10';
2017-12-25 15:03:23 EXEC SPC_GET_ITEM '10002';
2017-12-25 15:03:23 EXEC SPC_070_COMPONENT_LIST_DETAIL_INQ1 '10002','9018';
2017-12-25 15:03:23 EXEC SPC_GET_ITEM '9018';
2017-12-25 15:03:23 EXEC SPC_COM_GET_COMBOBOX 'unit_q_div';
2017-12-25 15:03:27 EXEC SPC_071_COMPONENT_LIST_SEARCH_FND1 '','','1','10';
2017-12-25 15:03:31 EXEC SPC_070_COMPONENT_LIST_DETAIL_INQ1 '10002','2066';
2017-12-25 15:03:31 EXEC SPC_GET_ITEM '2066';
2017-12-25 15:03:31 EXEC SPC_GET_ITEM '10002';
2017-12-25 15:03:31 EXEC SPC_COM_GET_COMBOBOX 'unit_q_div';
2017-12-25 15:03:34 EXEC SPC_071_COMPONENT_LIST_SEARCH_FND1 '','','1','10';
2017-12-25 15:03:37 EXEC SPC_COM_GET_COMBOBOX 'unit_q_div';
2017-12-25 15:03:57 EXEC SPC_GET_ITEM '000006';
2017-12-25 15:03:58 EXEC SPC_070_COMPONENT_LIST_DETAIL_INQ1 '000006','';
2017-12-25 15:05:22 EXEC SPC_COM_GET_COMBOBOX 'unit_q_div';
2017-12-25 15:05:25 EXEC SPC_071_COMPONENT_LIST_SEARCH_FND1 '','','1','10';
2017-12-25 15:05:29 EXEC SPC_COM_GET_COMBOBOX 'unit_q_div';
2017-12-25 15:05:29 EXEC SPC_070_COMPONENT_LIST_DETAIL_INQ1 '10002','2160';
2017-12-25 15:05:29 EXEC SPC_GET_ITEM '2160';
2017-12-25 15:05:29 EXEC SPC_GET_ITEM '10002';
2017-12-25 15:06:12 EXEC SPC_071_COMPONENT_LIST_SEARCH_FND1 '','','1','10';
2017-12-25 15:06:21 EXEC SPC_COM_GET_COMBOBOX 'unit_q_div';
2017-12-25 15:06:21 EXEC SPC_070_COMPONENT_LIST_DETAIL_INQ1 '10002','2066';
2017-12-25 15:06:21 EXEC SPC_GET_ITEM '2066';
2017-12-25 15:06:21 EXEC SPC_GET_ITEM '10002';
2017-12-25 15:08:40 EXEC SPC_COM_GET_COMBOBOX 'unit_q_div';
2017-12-25 15:08:40 EXEC SPC_070_COMPONENT_LIST_DETAIL_INQ1 '10002','2066';
2017-12-25 15:08:41 EXEC SPC_GET_ITEM '10002';
2017-12-25 15:08:41 EXEC SPC_GET_ITEM '2066';
2017-12-25 15:08:43 EXEC SPC_070_COMPONENT_LIST_DETAIL_ACT2 '10002','2066','','070_component-list-detail','';
2017-12-25 15:08:47 EXEC SPC_071_COMPONENT_LIST_SEARCH_FND1 '','','1','10';
2017-12-25 15:08:51 EXEC SPC_GET_ITEM '3080';
2017-12-25 15:08:51 EXEC SPC_070_COMPONENT_LIST_DETAIL_INQ1 '10002','3080';
2017-12-25 15:08:51 EXEC SPC_COM_GET_COMBOBOX 'unit_q_div';
2017-12-25 15:08:51 EXEC SPC_GET_ITEM '10002';
2017-12-25 15:08:53 EXEC SPC_070_COMPONENT_LIST_DETAIL_ACT1 'U','10002','3080','11111','','2017/12/01','2017/12/29','備考','','070_component-list-detail','';
2017-12-25 15:08:54 EXEC SPC_070_COMPONENT_LIST_DETAIL_INQ1 '10002','3080';
2017-12-25 15:08:59 EXEC SPC_070_COMPONENT_LIST_DETAIL_ACT1 'U','10002','3080','555','','2017/12/01','2017/12/29','備考','','070_component-list-detail','';
2017-12-25 15:09:00 EXEC SPC_070_COMPONENT_LIST_DETAIL_INQ1 '10002','3080';
2017-12-25 15:09:03 EXEC SPC_070_COMPONENT_LIST_DETAIL_ACT1 'U','10002','3080','555','002','2017/12/01','2017/12/29','備考','','070_component-list-detail','';
2017-12-25 15:09:04 EXEC SPC_070_COMPONENT_LIST_DETAIL_INQ1 '10002','3080';
2017-12-25 15:09:11 EXEC SPC_GET_ITEM '10001';
2017-12-25 15:09:11 EXEC SPC_070_COMPONENT_LIST_DETAIL_INQ1 '10001','3080';
2017-12-25 15:09:15 EXEC SPC_GET_ITEM '10002';
2017-12-25 15:09:15 EXEC SPC_070_COMPONENT_LIST_DETAIL_INQ1 '10002','3080';
2017-12-25 15:09:32 EXEC SPC_071_COMPONENT_LIST_SEARCH_FND1 '','','1','10';
2017-12-25 15:09:52 EXEC SPC_070_COMPONENT_LIST_DETAIL_INQ1 '000005','000008';
2017-12-25 15:09:52 EXEC SPC_COM_GET_COMBOBOX 'unit_q_div';
2017-12-25 15:14:20 EXEC SPC_070_COMPONENT_LIST_DETAIL_INQ1 '000005','000008';
2017-12-25 15:14:20 EXEC SPC_COM_GET_COMBOBOX 'unit_q_div';
2017-12-25 15:15:20 EXEC SPC_COM_GET_COMBOBOX 'unit_q_div';
2017-12-25 15:15:20 EXEC SPC_070_COMPONENT_LIST_DETAIL_INQ1 '000005','000008';
2017-12-25 15:15:33 EXEC SPC_GET_ITEM '000006';
2017-12-25 15:15:33 EXEC SPC_070_COMPONENT_LIST_DETAIL_INQ1 '000006','000008';
2017-12-25 15:15:37 EXEC SPC_GET_ITEM '000005';
2017-12-25 15:15:38 EXEC SPC_070_COMPONENT_LIST_DETAIL_INQ1 '000005','000008';
2017-12-25 15:17:35 EXEC SPC_COM_GET_COMBOBOX 'unit_q_div';
2017-12-25 15:17:35 EXEC SPC_070_COMPONENT_LIST_DETAIL_INQ1 '000005','000008';
2017-12-25 15:18:14 EXEC SPC_070_COMPONENT_LIST_DETAIL_INQ1 '000005','000008';
2017-12-25 15:18:14 EXEC SPC_COM_GET_COMBOBOX 'unit_q_div';
2017-12-25 15:18:21 EXEC SPC_COM_GET_COMBOBOX 'unit_q_div';
2017-12-25 15:18:21 EXEC SPC_070_COMPONENT_LIST_DETAIL_INQ1 '000005','000008';
2017-12-25 15:18:51 EXEC SPC_070_COMPONENT_LIST_DETAIL_INQ1 '000005','000008';
2017-12-25 15:18:51 EXEC SPC_COM_GET_COMBOBOX 'unit_q_div';
2017-12-25 15:19:38 EXEC SPC_COM_GET_COMBOBOX 'unit_q_div';
2017-12-25 15:19:38 EXEC SPC_070_COMPONENT_LIST_DETAIL_INQ1 '000005','000008';
2017-12-25 15:20:04 EXEC SPC_070_COMPONENT_LIST_DETAIL_INQ1 '000005','000008';
2017-12-25 15:20:04 EXEC SPC_COM_GET_COMBOBOX 'unit_q_div';
2017-12-25 15:22:43 EXEC SPC_070_COMPONENT_LIST_DETAIL_INQ1 '000005','000008';
2017-12-25 15:22:43 EXEC SPC_COM_GET_COMBOBOX 'unit_q_div';
2017-12-25 15:23:13 EXEC SPC_COM_GET_COMBOBOX 'unit_q_div';
000005','000008';
2017-12-25 15:23:34 EXEC SPC_COM_GET_COMBOBOX 'unit_q_div';
2017-12-25 15:23:34 EXEC SPC_070_COMPONENT_LIST_DETAIL_INQ1 '000005','000008';
2017-12-25 15:23:47 EXEC SPC_070_COMPONENT_LIST_DETAIL_INQ1 '000005','000008';
2017-12-25 15:23:47 EXEC SPC_COM_GET_COMBOBOX 'unit_q_div';
2017-12-25 15:23:53 EXEC SPC_COM_GET_COMBOBOX 'unit_q_div';
2017-12-25 15:23:53 EXEC SPC_070_COMPONENT_LIST_DETAIL_INQ1 '000005','000008';
2017-12-25 15:23:56 EXEC SPC_071_COMPONENT_LIST_SEARCH_FND1 '','','1','10';
2017-12-25 15:24:00 EXEC SPC_COM_GET_COMBOBOX 'unit_q_div';
2017-12-25 15:24:00 EXEC SPC_070_COMPONENT_LIST_DETAIL_INQ1 '10002','9028';
2017-12-25 15:24:10 EXEC SPC_COM_GET_COMBOBOX 'unit_q_div';
2017-12-25 15:24:10 EXEC SPC_070_COMPONENT_LIST_DETAIL_INQ1 '10002','9028';
2017-12-25 15:24:42 EXEC SPC_071_COMPONENT_LIST_SEARCH_FND1 '','','1','10';
2017-12-25 15:24:47 EXEC SPC_COM_GET_COMBOBOX 'unit_q_div';
2017-12-25 15:24:47 EXEC SPC_070_COMPONENT_LIST_DETAIL_INQ1 '000005','000008';
2017-12-25 15:24:49 EXEC SPC_GET_ITEM '000004';
2017-12-25 15:24:50 EXEC SPC_070_COMPONENT_LIST_DETAIL_INQ1 '000004','000008';
2017-12-25 15:24:59 EXEC SPC_070_COMPONENT_LIST_DETAIL_ACT1 'U','000004','000008','9999','003','2017/12/01','2017/12/06','','','070_component-list-detail','';
2017-12-25 15:25:02 EXEC SPC_071_COMPONENT_LIST_SEARCH_FND1 '','','1','10';
2017-12-25 15:25:04 EXEC SPC_071_COMPONENT_LIST_SEARCH_FND1 '','','1','10';
2017-12-25 15:25:08 EXEC SPC_070_COMPONENT_LIST_DETAIL_INQ1 '000005','000008';
2017-12-25 15:25:17 EXEC SPC_071_COMPONENT_LIST_SEARCH_FND1 '','','1','10';
2017-12-25 15:25:20 EXEC SPC_COM_GET_COMBOBOX 'unit_q_div';
2017-12-25 15:25:20 EXEC SPC_070_COMPONENT_LIST_DETAIL_INQ1 '000005','000008';
2017-12-25 15:25:37 EXEC SPC_COM_GET_COMBOBOX 'unit_q_div';
2017-12-25 15:25:37 EXEC SPC_070_COMPONENT_LIST_DETAIL_INQ1 '000005','000008';
2017-12-25 15:26:07 EXEC SPC_COM_GET_COMBOBOX 'unit_q_div';
2017-12-25 15:26:07 EXEC SPC_070_COMPONENT_LIST_DETAIL_INQ1 '000005','000008';
2017-12-25 15:26:18 EXEC SPC_071_COMPONENT_LIST_SEARCH_FND1 '','','1','10';
2017-12-25 15:26:21 EXEC SPC_COM_GET_COMBOBOX 'unit_q_div';
2017-12-25 15:26:21 EXEC SPC_070_COMPONENT_LIST_DETAIL_INQ1 '000005','000008';
2017-12-25 15:26:23 EXEC SPC_070_COMPONENT_LIST_DETAIL_ACT2 '000005','000008','','070_component-list-detail','';
2017-12-25 15:26:51 EXEC SPC_COM_GET_COMBOBOX 'unit_q_div';
2017-12-25 15:26:51 EXEC SPC_070_COMPONENT_LIST_DETAIL_INQ1 '000005','000008';
2017-12-25 15:26:56 EXEC SPC_071_COMPONENT_LIST_SEARCH_FND1 '','','1','10';
2017-12-25 15:26:59 EXEC SPC_070_COMPONENT_LIST_DETAIL_INQ1 '10002','2133';
2017-12-25 15:26:59 EXEC SPC_COM_GET_COMBOBOX 'unit_q_div';
2017-12-25 15:27:01 EXEC SPC_071_COMPONENT_LIST_SEARCH_FND1 '','','1','10';
2017-12-25 15:27:04 EXEC SPC_COM_GET_COMBOBOX 'unit_q_div';
10002','2160';
2017-12-25 15:27:06 EXEC SPC_070_COMPONENT_LIST_DETAIL_ACT2 '10002','2160','','070_component-list-detail','';
2017-12-25 15:27:09 EXEC SPC_071_COMPONENT_LIST_SEARCH_FND1 '','','1','10';
2017-12-25 15:27:14 EXEC SPC_COM_GET_COMBOBOX 'unit_q_div';
2017-12-25 15:27:14 EXEC SPC_070_COMPONENT_LIST_DETAIL_INQ1 '10002','2133';
2017-12-25 15:27:22 EXEC SPC_GET_ITEM '10003';
2017-12-25 15:27:23 EXEC SPC_070_COMPONENT_LIST_DETAIL_INQ1 '10003','2133';
2017-12-25 15:27:27 EXEC SPC_GET_ITEM '10002';
2017-12-25 15:27:28 EXEC SPC_070_COMPONENT_LIST_DETAIL_INQ1 '10002','2133';
2017-12-25 15:34:02 EXEC SPC_063_PRODUCT_MASTER_SEARCH_FND1 '','','1','10';
2017-12-25 15:34:04 EXEC SPC_063_PRODUCT_MASTER_SEARCH_FND1 '','','2','10';
2017-12-25 15:34:06 EXEC SPC_063_PRODUCT_MASTER_SEARCH_FND1 '','','2','50';
2017-12-25 15:34:08 EXEC SPC_063_PRODUCT_MASTER_SEARCH_FND1 '','','3','50';
2017-12-25 15:34:12 EXEC SPC_COM_GET_COMBOBOX 'exists_div';
2017-12-25 15:34:13 EXEC SPC_COM_GET_COMBOBOX 'unit_q_div';
2017-12-25 15:34:14 EXEC SPC_COM_GET_COMBOBOX 'outsourcing_div';
2017-12-25 15:34:14 EXEC SPC_COM_GET_COMBOBOX 'unit_m_div';
2017-12-25 15:34:14 EXEC SPC_COM_GET_COMBOBOX 'exists_div';
2017-12-25 15:34:14 EXEC SPC_COM_GET_COMBOBOX 'unit_w_div';
2017-12-25 15:34:14 EXEC SPC_062_PRODUCT_MASTER_DETAIL_INQ1 '13055';
2017-12-25 15:34:15 EXEC SPC_063_PRODUCT_MASTER_SEARCH_FND1 '','','3','50';
2017-12-25 15:34:46 EXEC SPC_063_PRODUCT_MASTER_SEARCH_FND1 '','','4','50';
2017-12-25 15:34:48 EXEC SPC_COM_GET_COMBOBOX 'exists_div';
2017-12-25 15:34:49 EXEC SPC_COM_GET_COMBOBOX 'unit_q_div';
2017-12-25 15:34:49 EXEC SPC_COM_GET_COMBOBOX 'outsourcing_div';
2017-12-25 15:34:49 EXEC SPC_COM_GET_COMBOBOX 'unit_m_div';
2017-12-25 15:34:49 EXEC SPC_COM_GET_COMBOBOX 'exists_div';
2017-12-25 15:34:49 EXEC SPC_COM_GET_COMBOBOX 'unit_w_div';
2017-12-25 15:34:51 EXEC SPC_063_PRODUCT_MASTER_SEARCH_FND1 '','','4','50';
2017-12-25 15:36:15 EXEC SPC_071_COMPONENT_LIST_SEARCH_FND1 '','','1','10';
2017-12-25 15:36:17 EXEC SPC_071_COMPONENT_LIST_SEARCH_FND1 '','','1','50';
2017-12-25 15:36:18 EXEC SPC_071_COMPONENT_LIST_SEARCH_FND1 '','','2','50';
2017-12-25 15:36:21 EXEC SPC_071_COMPONENT_LIST_SEARCH_FND1 '','','3','50';
2017-12-25 15:36:23 EXEC SPC_071_COMPONENT_LIST_SEARCH_FND1 '','','3','10';
2017-12-25 15:36:26 EXEC SPC_071_COMPONENT_LIST_SEARCH_FND1 '','','2','10';
2017-12-25 15:36:27 EXEC SPC_071_COMPONENT_LIST_SEARCH_FND1 '','','2','50';
2017-12-25 15:36:30 EXEC SPC_071_COMPONENT_LIST_SEARCH_FND1 '','','2','10';
2017-12-25 15:36:31 EXEC SPC_071_COMPONENT_LIST_SEARCH_FND1 '','','1','10';
2017-12-25 15:36:33 EXEC SPC_071_COMPONENT_LIST_SEARCH_FND1 '','','1','100';
2017-12-25 15:36:36 EXEC SPC_COM_GET_COMBOBOX 'unit_q_div';
2017-12-25 15:36:38 EXEC SPC_071_COMPONENT_LIST_SEARCH_FND1 '','','1','10';
2017-12-25 15:36:44 EXEC SPC_071_COMPONENT_LIST_SEARCH_FND1 '','','1','10';
2017-12-25 15:36:46 EXEC SPC_071_COMPONENT_LIST_SEARCH_FND1 '','','1','10';
2017-12-25 15:36:57 EXEC SPC_069_COMPONENT_MASTER_SEARCH_FND1 '','','','1','10';
2017-12-25 15:36:59 EXEC SPC_069_COMPONENT_MASTER_SEARCH_FND1 '','','','1','50';
2017-12-25 15:38:15 EXEC SPC_071_COMPONENT_LIST_SEARCH_FND1 '','','1','10';
2017-12-25 15:38:17 EXEC SPC_071_COMPONENT_LIST_SEARCH_FND1 '','','1','50';
2017-12-25 15:38:18 EXEC SPC_071_COMPONENT_LIST_SEARCH_FND1 '','','2','50';
2017-12-25 15:38:20 EXEC SPC_071_COMPONENT_LIST_SEARCH_FND1 '','','2','10';
2017-12-25 15:38:23 EXEC SPC_071_COMPONENT_LIST_SEARCH_FND1 '','','2','50';
2017-12-25 15:38:26 EXEC SPC_071_COMPONENT_LIST_SEARCH_FND1 '','','2','100';
2017-12-25 15:38:29 EXEC SPC_COM_GET_COMBOBOX 'unit_q_div';
2017-12-25 15:38:31 EXEC SPC_071_COMPONENT_LIST_SEARCH_FND1 '','','2','10';
2017-12-25 15:38:43 EXEC SPC_071_COMPONENT_LIST_SEARCH_FND1 '','','2','10';
2017-12-25 15:38:52 EXEC SPC_069_COMPONENT_MASTER_SEARCH_FND1 '','','','1','10';
2017-12-25 15:38:54 EXEC SPC_069_COMPONENT_MASTER_SEARCH_FND1 '','','','1','50';
2017-12-25 15:38:56 EXEC SPC_COM_GET_COMBOBOX 'unit_q_div';
2017-12-25 15:38:57 EXEC SPC_COM_GET_COMBOBOX 'order_level_div';
2017-12-25 15:38:57 EXEC SPC_COM_GET_COMBOBOX 'parts_kind_div';
2017-12-25 15:38:57 EXEC SPC_COM_GET_COMBOBOX 'exists_div';
2017-12-25 15:38:57 EXEC SPC_COM_GET_COMBOBOX 'parts_order_div';
2017-12-25 15:38:57 EXEC SPC_067_COMPONENT_MASTER_DETAIL_INQ1 '000121';
2017-12-25 15:38:59 EXEC SPC_069_COMPONENT_MASTER_SEARCH_FND1 '','','','1','50';
2017-12-25 15:39:05 EXEC SPC_069_COMPONENT_MASTER_SEARCH_FND1 '','','','2','50';
2017-12-25 15:39:09 EXEC SPC_COM_GET_COMBOBOX 'parts_kind_div';
2017-12-25 15:39:09 EXEC SPC_COM_GET_COMBOBOX 'parts_order_div';
2017-12-25 15:39:09 EXEC SPC_COM_GET_COMBOBOX 'order_level_div';
2017-12-25 15:39:10 EXEC SPC_COM_GET_COMBOBOX 'exists_div';
2017-12-25 15:39:10 EXEC SPC_COM_GET_COMBOBOX 'unit_q_div';
2017-12-25 15:39:10 EXEC SPC_067_COMPONENT_MASTER_DETAIL_INQ1 '20546';
2017-12-25 15:39:12 EXEC SPC_069_COMPONENT_MASTER_SEARCH_FND1 '','','','2','50';
2017-12-25 15:40:46 EXEC SPC_069_COMPONENT_MASTER_SEARCH_FND1 '','','','1','50';
2017-12-25 15:40:50 EXEC SPC_069_COMPONENT_MASTER_SEARCH_FND1 '','','','2','50';
2017-12-25 15:43:11 EXEC SPC_067_COMPONENT_MASTER_DETAIL_INQ1 '20546';
2017-12-25 15:43:13 EXEC SPC_067_COMPONENT_MASTER_DETAIL_INQ1 '20546';
2017-12-25 15:43:16 EXEC SPC_071_COMPONENT_LIST_SEARCH_FND1 '','','1','10';
2017-12-25 15:43:21 EXEC SPC_070_COMPONENT_LIST_DETAIL_INQ1 '10002','2133';
2017-12-25 15:43:21 EXEC SPC_COM_GET_COMBOBOX 'unit_q_div';
2017-12-25 15:43:34 EXEC SPC_GET_ITEM '';
2017-12-25 15:43:34 EXEC SPC_070_COMPONENT_LIST_DETAIL_INQ1 '','2133';
2017-12-25 15:43:53 EXEC SPC_GET_ITEM '';
2017-12-25 15:43:53 EXEC SPC_070_COMPONENT_LIST_DETAIL_INQ1 '','';
2017-12-25 15:58:45 EXEC SPC_072_COMPONENT_LIST_SEARCH_FND1 '','','1','10';
2017-12-25 15:58:48 EXEC SPC_COM_GET_COMBOBOX 'unit_q_div';
2017-12-25 15:58:48 EXEC SPC_070_COMPONENT_LIST_DETAIL_INQ1 '10002','2185';
2017-12-25 15:58:50 EXEC SPC_072_COMPONENT_LIST_SEARCH_FND1 '','','1','10';
2017-12-25 15:58:54 EXEC SPC_COMPONENT_PRODUCT_FNQ '','','0','0','1','10';
2017-12-25 15:58:56 EXEC SPC_GET_ITEM '000004';
2017-12-25 15:58:58 EXEC SPC_COMPONENT_PRODUCT_FNQ '','','0','0','1','10';
2017-12-25 15:59:00 EXEC SPC_GET_ITEM '000009';
2017-12-25 15:59:03 EXEC SPC_072_COMPONENT_LIST_SEARCH_FND1 '000004','000009','1','10';
2017-12-25 15:59:06 EXEC SPC_GET_ITEM '';
2017-12-25 15:59:09 EXEC SPC_GET_ITEM '';
2017-12-25 15:59:37 EXEC SPC_COMPONENT_PRODUCT_FNQ '','','0','0','1','10';
2017-12-25 15:59:39 EXEC SPC_GET_ITEM '000004';
2017-12-25 15:59:45 EXEC SPC_COMPONENT_PRODUCT_FNQ '','','0','0','1','10';
2017-12-25 15:59:47 EXEC SPC_GET_ITEM '000007';
2017-12-25 15:59:52 EXEC SPC_GET_ITEM '000008';
2017-12-25 16:00:04 EXEC SPC_GET_ITEM '000001';
2017-12-25 16:00:09 EXEC SPC_GET_ITEM '';
2017-12-25 16:01:16 EXEC SPC_GET_ITEM '689498';
2017-12-25 16:01:24 EXEC SPC_GET_ITEM '000004';
2017-12-25 16:01:32 EXEC SPC_GET_ITEM '';
2017-12-25 16:01:37 EXEC SPC_GET_ITEM '000000';
2017-12-25 16:01:44 EXEC SPC_GET_ITEM '000006';
2017-12-25 16:07:03 EXEC SPC_GET_ITEM '000006';
2017-12-25 16:07:08 EXEC SPC_GET_ITEM '000095';
2017-12-25 16:07:12 EXEC SPC_GET_ITEM '984984';
2017-12-25 16:07:15 EXEC SPC_GET_ITEM '000006';
2017-12-25 16:08:32 EXEC SPC_GET_ITEM '000006';
2017-12-25 16:08:34 EXEC SPC_GET_ITEM '894984';
2017-12-25 16:08:44 EXEC SPC_GET_ITEM '000006';
2017-12-25 16:08:46 EXEC SPC_GET_ITEM '959854';
2017-12-25 16:09:21 EXEC SPC_GET_ITEM '000006';
2017-12-25 16:09:24 EXEC SPC_GET_ITEM '';
2017-12-25 16:09:26 EXEC SPC_GET_ITEM '949849';
2017-12-25 16:09:32 EXEC SPC_COMPONENT_PRODUCT_FNQ '','','0','0','1','10';
2017-12-25 16:09:35 EXEC SPC_GET_ITEM '000013';
2017-12-25 16:09:39 EXEC SPC_GET_ITEM '985984';
2017-12-25 16:09:43 EXEC SPC_GET_ITEM '000005';
2017-12-25 16:09:47 EXEC SPC_GET_ITEM '';
2017-12-25 16:10:39 EXEC SPC_GET_ITEM '000006';
2017-12-25 16:10:51 EXEC SPC_GET_ITEM '000006';
2017-12-25 16:10:55 EXEC SPC_GET_ITEM '000005';
2017-12-25 16:10:57 EXEC SPC_GET_ITEM '';
2017-12-25 16:10:59 EXEC SPC_GET_ITEM '949848';
2017-12-25 16:11:42 EXEC SPC_GET_ITEM '000006';
2017-12-25 16:11:45 EXEC SPC_GET_ITEM '948984';
2017-12-25 16:13:11 EXEC SPC_072_COMPONENT_LIST_SEARCH_FND1 '','','1','10';
2017-12-25 16:13:14 EXEC SPC_GET_ITEM ' 製品コード';
2017-12-25 16:13:19 EXEC SPC_GET_ITEM '10002';
2017-12-25 16:13:20 EXEC SPC_072_COMPONENT_LIST_SEARCH_FND1 '10002','','1','10';
2017-12-25 16:13:22 EXEC SPC_COM_GET_COMBOBOX 'unit_q_div';
2017-12-25 16:13:24 EXEC SPC_GET_ITEM '10002';
2017-12-25 16:13:25 EXEC SPC_072_COMPONENT_LIST_SEARCH_FND1 '10002','','1','10';
2017-12-25 16:16:55 EXEC SPC_072_COMPONENT_LIST_SEARCH_FND1 '10002','','1','10';
2017-12-25 16:17:23 EXEC SPC_GET_ITEM '2133';
2017-12-25 16:17:25 EXEC SPC_072_COMPONENT_LIST_SEARCH_FND1 '10002','2133','1','10';
2017-12-25 16:17:28 EXEC SPC_COM_GET_COMBOBOX 'unit_q_div';
2017-12-25 16:17:30 EXEC SPC_GET_ITEM '10002';
2017-12-25 16:17:30 EXEC SPC_GET_ITEM '2133';
2017-12-25 16:17:30 EXEC SPC_072_COMPONENT_LIST_SEARCH_FND1 '10002','2133','1','10';
2017-12-25 16:17:59 EXEC SPC_GET_ITEM '';
2017-12-25 16:18:01 EXEC SPC_072_COMPONENT_LIST_SEARCH_FND1 '10002','','1','10';
2017-12-25 16:18:04 EXEC SPC_COM_GET_COMBOBOX 'unit_q_div';
2017-12-25 16:18:07 EXEC SPC_GET_ITEM '10002';
2017-12-25 16:18:07 EXEC SPC_072_COMPONENT_LIST_SEARCH_FND1 '10002','','1','10';
2017-12-25 16:19:19 EXEC SPC_GET_ITEM '984984';
2017-12-25 16:19:30 EXEC SPC_COMPONENT_PRODUCT_FNQ '','','0','0','1','10';
2017-12-25 16:19:32 EXEC SPC_GET_ITEM '000009';
2017-12-25 16:19:34 EXEC SPC_GET_ITEM '';
2017-12-25 16:22:55 EXEC SPC_COM_GET_COMBOBOX 'unit_q_div';
2017-12-25 16:22:58 EXEC SPC_GET_ITEM '10002';
2017-12-25 16:22:58 EXEC SPC_072_COMPONENT_LIST_SEARCH_FND1 '10002','','1','10';
2017-12-25 16:23:01 EXEC SPC_COM_GET_COMBOBOX 'unit_q_div';
2017-12-25 16:23:01 EXEC SPC_070_COMPONENT_LIST_DETAIL_INQ1 '10002','2182';
2017-12-25 16:23:08 EXEC SPC_GET_ITEM '10002';
2017-12-25 16:23:08 EXEC SPC_072_COMPONENT_LIST_SEARCH_FND1 '10002','','1','10';
2017-12-25 16:23:12 EXEC SPC_GET_ITEM '';
2017-12-25 16:23:13 EXEC SPC_072_COMPONENT_LIST_SEARCH_FND1 '','','1','10';
2017-12-25 16:23:16 EXEC SPC_COM_GET_COMBOBOX 'unit_q_div';
2017-12-25 16:23:16 EXEC SPC_070_COMPONENT_LIST_DETAIL_INQ1 '10002','2133';
2017-12-25 16:23:18 EXEC SPC_072_COMPONENT_LIST_SEARCH_FND1 '','','1','10';
2017-12-25 16:29:38 EXEC SPC_COMPONENT_PRODUCT_FNQ '','','0','0','1','10';
2017-12-25 16:29:39 EXEC SPC_GET_ITEM '000004';
2017-12-25 16:29:46 EXEC SPC_COMPONENT_PRODUCT_FNQ '','','0','0','1','10';
2017-12-25 16:29:48 EXEC SPC_GET_ITEM '000007';
2017-12-25 16:29:52 EXEC SPC_COM_GET_COMBOBOX 'unit_q_div';
2017-12-25 16:29:54 EXEC SPC_072_COMPONENT_LIST_SEARCH_FND1 '','','1','10';
2017-12-25 16:29:57 EXEC SPC_072_COMPONENT_LIST_SEARCH_FND1 '','','1','10';
2017-12-25 16:30:00 EXEC SPC_COMPONENT_PRODUCT_FNQ '','','0','0','1','10';
2017-12-25 16:30:02 EXEC SPC_GET_ITEM '000004';
2017-12-25 16:30:05 EXEC SPC_COMPONENT_PRODUCT_FNQ '','','0','0','1','10';
2017-12-25 16:30:07 EXEC SPC_GET_ITEM '000006';
2017-12-25 16:30:08 EXEC SPC_072_COMPONENT_LIST_SEARCH_FND1 '000004','000006','1','10';
2017-12-25 16:30:11 EXEC SPC_COM_GET_COMBOBOX 'unit_q_div';
2017-12-25 16:30:14 EXEC SPC_GET_ITEM '000004';
2017-12-25 16:30:14 EXEC SPC_072_COMPONENT_LIST_SEARCH_FND1 '000004','000006','1','10';
2017-12-25 16:30:14 EXEC SPC_GET_ITEM '000006';
2017-12-25 16:31:02 EXEC SPC_GET_ITEM '000006';
2017-12-25 16:31:04 EXEC SPC_072_COMPONENT_LIST_SEARCH_FND1 '000004','000006','1','10';
2017-12-25 16:32:06 EXEC SPC_COM_GET_COMBOBOX 'unit_q_div';
2017-12-25 16:32:09 EXEC SPC_GET_ITEM '000004';
2017-12-25 16:32:09 EXEC SPC_GET_ITEM '000006';
2017-12-25 16:32:09 EXEC SPC_072_COMPONENT_LIST_SEARCH_FND1 '000004','000006','1','10';
2017-12-25 16:35:05 EXEC SPC_GET_ITEM '000006';
2017-12-25 16:35:10 EXEC SPC_COM_GET_COMBOBOX 'unit_q_div';
2017-12-25 16:35:15 EXEC SPC_GET_ITEM '000004';
2017-12-25 16:35:15 EXEC SPC_072_COMPONENT_LIST_SEARCH_FND1 '000004','000004','1','10';
2017-12-25 16:35:15 EXEC SPC_GET_ITEM '000004';
2017-12-25 16:36:20 EXEC SPC_COMPONENT_PRODUCT_FNQ '','','0','0','1','10';
2017-12-25 16:36:22 EXEC SPC_GET_ITEM '000004';
2017-12-25 16:36:25 EXEC SPC_COMPONENT_PRODUCT_FNQ '','','0','0','1','10';
2017-12-25 16:36:27 EXEC SPC_GET_ITEM '000011';
2017-12-25 16:36:28 EXEC SPC_072_COMPONENT_LIST_SEARCH_FND1 '000004','000011','1','10';
2017-12-25 16:36:31 EXEC SPC_COM_GET_COMBOBOX 'unit_q_div';
2017-12-25 16:36:34 EXEC SPC_GET_ITEM '000004';
2017-12-25 16:36:34 EXEC SPC_GET_ITEM '000011';
2017-12-25 16:36:34 EXEC SPC_072_COMPONENT_LIST_SEARCH_FND1 '000004','000011','1','10';
2017-12-25 16:36:51 EXEC SPC_072_COMPONENT_LIST_SEARCH_FND1 '','','1','10';
2017-12-25 16:36:55 EXEC SPC_GET_ITEM '10002';
2017-12-25 16:36:57 EXEC SPC_GET_ITEM '2133';
2017-12-25 16:36:59 EXEC SPC_072_COMPONENT_LIST_SEARCH_FND1 '10002','2133','1','10';
2017-12-25 16:37:52 EXEC SPC_072_COMPONENT_LIST_SEARCH_FND1 '10002','2133','1','10';
2017-12-25 16:37:55 EXEC SPC_COM_GET_COMBOBOX 'unit_q_div';
2017-12-25 16:37:58 EXEC SPC_072_COMPONENT_LIST_SEARCH_FND1 '10002','2133','1','10';
2017-12-25 16:38:47 EXEC SPC_072_COMPONENT_LIST_SEARCH_FND1 '','','1','10';
2017-12-25 16:38:51 EXEC SPC_GET_ITEM ' 製品コード';
2017-12-25 16:38:55 EXEC SPC_GET_ITEM '10002';
2017-12-25 16:38:58 EXEC SPC_GET_ITEM '2133';
2017-12-25 16:39:00 EXEC SPC_072_COMPONENT_LIST_SEARCH_FND1 '10002','2133','1','10';
2017-12-25 16:39:02 EXEC SPC_COM_GET_COMBOBOX 'unit_q_div';
2017-12-25 16:39:06 EXEC SPC_072_COMPONENT_LIST_SEARCH_FND1 '10002','2133','1','10';
2017-12-25 16:40:51 EXEC SPC_GET_ITEM '1002';
2017-12-25 16:41:00 EXEC SPC_GET_ITEM '10002';
2017-12-25 16:41:02 EXEC SPC_GET_ITEM '2133';
2017-12-25 16:41:03 EXEC SPC_072_COMPONENT_LIST_SEARCH_FND1 '10002','2133','1','10';
2017-12-25 16:41:06 EXEC SPC_COM_GET_COMBOBOX 'unit_q_div';
2017-12-25 16:41:08 EXEC SPC_072_COMPONENT_LIST_SEARCH_FND1 '10002','2133','1','10';
2017-12-25 16:41:52 EXEC SPC_GET_ITEM '10002';
2017-12-25 16:41:57 EXEC SPC_GET_ITEM '2133';
2017-12-25 16:41:58 EXEC SPC_072_COMPONENT_LIST_SEARCH_FND1 '10002','2133','1','10';
2017-12-25 16:42:01 EXEC SPC_COM_GET_COMBOBOX 'unit_q_div';
2017-12-25 16:42:04 EXEC SPC_072_COMPONENT_LIST_SEARCH_FND1 '10002','2133','1','10';
2017-12-25 16:42:26 EXEC SPC_GET_ITEM '10003';
2017-12-25 16:42:29 EXEC SPC_GET_ITEM '2133';
2017-12-25 16:42:30 EXEC SPC_072_COMPONENT_LIST_SEARCH_FND1 '10003','2133','1','10';
2017-12-25 16:42:34 EXEC SPC_COM_GET_COMBOBOX 'unit_q_div';
2017-12-25 16:42:38 EXEC SPC_072_COMPONENT_LIST_SEARCH_FND1 '10003','2133','1','10';
2017-12-25 16:42:40 EXEC SPC_072_COMPONENT_LIST_SEARCH_FND1 '10003','2133','1','10';
2017-12-25 16:42:44 EXEC SPC_GET_ITEM '10002';
2017-12-25 16:42:45 EXEC SPC_072_COMPONENT_LIST_SEARCH_FND1 '10002','2133','1','10';
2017-12-25 16:42:59 EXEC SPC_COM_GET_COMBOBOX 'unit_q_div';
2017-12-25 16:43:01 EXEC SPC_072_COMPONENT_LIST_SEARCH_FND1 '10002','2133','1','10';
2017-12-25 16:46:03 EXEC SPC_GET_ITEM '10002';
2017-12-25 16:46:06 EXEC SPC_GET_ITEM '2133';
2017-12-25 16:46:08 EXEC SPC_072_COMPONENT_LIST_SEARCH_FND1 '10002','2133','1','10';
2017-12-25 16:46:10 EXEC SPC_COM_GET_COMBOBOX 'unit_q_div';
2017-12-25 16:46:13 EXEC SPC_GET_ITEM '10002';
2017-12-25 16:46:13 EXEC SPC_GET_ITEM '2133';
2017-12-25 16:46:13 EXEC SPC_072_COMPONENT_LIST_SEARCH_FND1 '10002','2133','1','10';
2017-12-25 16:47:35 EXEC SPC_GET_ITEM '2133';
2017-12-25 16:47:36 EXEC SPC_072_COMPONENT_LIST_SEARCH_FND1 '10002','2133','1','10';
2017-12-25 16:47:39 EXEC SPC_COM_GET_COMBOBOX 'unit_q_div';
2017-12-25 16:48:04 EXEC SPC_GET_ITEM '10002';
2017-12-25 16:48:04 EXEC SPC_GET_ITEM '2133';
2017-12-25 16:48:04 EXEC SPC_072_COMPONENT_LIST_SEARCH_FND1 '10002','2133','1','10';
2017-12-25 16:48:17 EXEC SPC_COM_GET_COMBOBOX 'unit_q_div';
2017-12-25 16:48:17 EXEC SPC_070_COMPONENT_LIST_DETAIL_INQ1 '10002','2133';
2017-12-25 16:48:41 EXEC SPC_COM_GET_COMBOBOX 'unit_q_div';
2017-12-25 16:48:41 EXEC SPC_070_COMPONENT_LIST_DETAIL_INQ1 '10002','2133';
2017-12-25 16:48:44 EXEC SPC_070_COMPONENT_LIST_DETAIL_ACT2 '10002','2133','','070_component-list-detail','';
2017-12-25 16:49:02 EXEC SPC_GET_ITEM '10002';
2017-12-25 16:49:02 EXEC SPC_072_COMPONENT_LIST_SEARCH_FND1 '10002','10002','1','10';
2017-12-25 16:49:03 EXEC SPC_GET_ITEM '10002';
2017-12-25 16:49:06 EXEC SPC_GET_ITEM '';
2017-12-25 16:49:07 EXEC SPC_072_COMPONENT_LIST_SEARCH_FND1 '','10002','1','10';
2017-12-25 16:49:09 EXEC SPC_GET_ITEM '';
2017-12-25 16:49:10 EXEC SPC_072_COMPONENT_LIST_SEARCH_FND1 '','','1','10';
2017-12-25 16:49:13 EXEC SPC_070_COMPONENT_LIST_DETAIL_INQ1 '10002','2182';
2017-12-25 16:49:13 EXEC SPC_COM_GET_COMBOBOX 'unit_q_div';
2017-12-25 16:49:15 EXEC SPC_070_COMPONENT_LIST_DETAIL_ACT2 '10002','2182','','070_component-list-detail','';
2017-12-25 16:53:52 EXEC SPC_072_COMPONENT_LIST_SEARCH_FND1 '','','1','10';
2017-12-25 16:53:54 EXEC SPC_072_COMPONENT_LIST_SEARCH_FND1 '','','1','10';
2017-12-25 16:54:05 EXEC SPC_072_COMPONENT_LIST_SEARCH_FND1 '','','1','10';
2017-12-25 16:54:08 EXEC SPC_GET_ITEM '987989';
2017-12-25 16:54:11 EXEC SPC_GET_ITEM '987494';
2017-12-25 16:55:25 EXEC SPC_072_COMPONENT_LIST_SEARCH_FND1 '','','1','10';
2017-12-25 16:56:07 EXEC SPC_072_COMPONENT_LIST_SEARCH_FND1 '','','1','10';
2017-12-25 16:59:15 EXEC SPC_COMPONENT_PRODUCT_FNQ '','','0','0','1','10';
2017-12-25 16:59:17 EXEC SPC_GET_ITEM '000006';
2017-12-25 17:01:43 EXEC SPC_072_COMPONENT_LIST_SEARCH_FND1 '','000006','1','10';
2017-12-25 17:01:46 EXEC SPC_GET_ITEM '';
2017-12-25 17:01:47 EXEC SPC_072_COMPONENT_LIST_SEARCH_FND1 '','','1','10';
2017-12-25 17:02:24 EXEC SPC_COMPONENT_PRODUCT_FNQ '','','0','0','1','10';
2017-12-25 17:06:34 EXEC SPC_COMPONENT_PRODUCT_FNQ '','','0','0','1','10';
2017-12-25 17:06:46 EXEC SPC_COMPONENT_PRODUCT_FNQ '','','0','0','1','10';
2017-12-25 17:07:04 EXEC SPC_072_COMPONENT_LIST_SEARCH_FND1 '000005','000007','1','10';
2017-12-25 17:09:45 EXEC SPC_COMPONENT_PRODUCT_FNQ '','','0','0','1','10';
2017-12-25 17:10:38 EXEC SPC_COMPONENT_PRODUCT_FNQ '','','0','0','1','10';
2017-12-25 17:10:42 EXEC SPC_COMPONENT_PRODUCT_FNQ '','','0','0','1','10';
2017-12-25 17:10:45 EXEC SPC_072_COMPONENT_LIST_SEARCH_FND1 '000004','000008','1','10';
2017-12-25 17:10:50 EXEC SPC_072_COMPONENT_LIST_SEARCH_FND1 '00','','1','10';
2017-12-25 17:10:59 EXEC SPC_072_COMPONENT_LIST_SEARCH_FND1 '2','','1','10';
2017-12-25 17:11:01 EXEC SPC_072_COMPONENT_LIST_SEARCH_FND1 '2','','5','10';
2017-12-25 17:11:03 EXEC SPC_072_COMPONENT_LIST_SEARCH_FND1 '2','','4','10';
2017-12-25 17:11:05 EXEC SPC_072_COMPONENT_LIST_SEARCH_FND1 '2','','3','10';
2017-12-25 17:11:06 EXEC SPC_072_COMPONENT_LIST_SEARCH_FND1 '2','','2','10';
2017-12-25 17:11:07 EXEC SPC_072_COMPONENT_LIST_SEARCH_FND1 '2','','1','10';
2017-12-25 17:11:10 EXEC SPC_072_COMPONENT_LIST_SEARCH_FND1 '2','3','1','10';
2017-12-25 17:13:28 EXEC SPC_COMPONENT_PRODUCT_FNQ '','','0','0','1','10';
2017-12-25 17:13:32 EXEC SPC_072_COMPONENT_LIST_SEARCH_FND1 '000005','3','1','10';
2017-12-25 17:14:34 EXEC SPC_COMPONENT_PRODUCT_FNQ '','','0','0','1','10';
2017-12-25 17:14:44 EXEC SPC_072_COMPONENT_LIST_SEARCH_FND1 '000005','000013','1','10';
2017-12-25 17:14:47 EXEC SPC_COMPONENT_PRODUCT_FNQ '','','0','0','1','10';
2017-12-25 17:16:34 EXEC SPC_072_COMPONENT_LIST_SEARCH_FND1 '','','1','10';
2017-12-25 17:16:42 EXEC SPC_072_COMPONENT_LIST_SEARCH_FND1 '10002','','1','10';
2017-12-25 17:16:45 EXEC SPC_072_COMPONENT_LIST_SEARCH_FND1 '10002','2185','1','10';
2017-12-25 17:16:48 EXEC SPC_072_COMPONENT_LIST_SEARCH_FND1 '10002','','1','10';
2017-12-25 17:16:52 EXEC SPC_072_COMPONENT_LIST_SEARCH_FND1 '','','1','10';
2017-12-25 17:16:56 EXEC SPC_072_COMPONENT_LIST_SEARCH_FND1 '','','1','50';
2017-12-25 17:16:57 EXEC SPC_072_COMPONENT_LIST_SEARCH_FND1 '','','1','50';
2017-12-25 17:17:01 EXEC SPC_COM_GET_COMBOBOX 'unit_q_div';
2017-12-25 17:17:02 EXEC SPC_070_COMPONENT_LIST_DETAIL_INQ1 '10002','2185';
2017-12-25 17:17:03 EXEC SPC_072_COMPONENT_LIST_SEARCH_FND1 '','','1','50';
2017-12-25 17:17:05 EXEC SPC_072_COMPONENT_LIST_SEARCH_FND1 '','','2','50';
2017-12-25 17:17:07 EXEC SPC_072_COMPONENT_LIST_SEARCH_FND1 '','','1','50';
2017-12-25 17:17:09 EXEC SPC_COM_GET_COMBOBOX 'unit_q_div';
2017-12-25 17:17:09 EXEC SPC_070_COMPONENT_LIST_DETAIL_INQ1 '10002','2185';
2017-12-25 17:17:11 EXEC SPC_072_COMPONENT_LIST_SEARCH_FND1 '','','1','50';
2017-12-25 17:17:12 EXEC SPC_072_COMPONENT_LIST_SEARCH_FND1 '','','2','50';
2017-12-25 17:17:15 EXEC SPC_070_COMPONENT_LIST_DETAIL_INQ1 '10005','4001';
2017-12-25 17:17:17 EXEC SPC_072_COMPONENT_LIST_SEARCH_FND1 '','','2','50';
2017-12-25 17:18:23 EXEC SPC_070_COMPONENT_LIST_DETAIL_INQ1 '10005','3080';
2017-12-25 17:18:23 EXEC SPC_COM_GET_COMBOBOX 'unit_q_div';
2017-12-25 17:18:27 EXEC SPC_GET_ITEM '989849';
2017-12-25 17:18:28 EXEC SPC_070_COMPONENT_LIST_DETAIL_INQ1 '10005','';
2017-12-25 17:18:36 EXEC SPC_COMPONENT_PRODUCT_FNQ '','','0','0','1','10';
2017-12-25 17:18:37 EXEC SPC_GET_ITEM '000004';
2017-12-25 17:18:38 EXEC SPC_070_COMPONENT_LIST_DETAIL_INQ1 '10005','000004';
2017-12-25 17:18:43 EXEC SPC_072_COMPONENT_LIST_SEARCH_FND1 '','','2','50';
2017-12-25 17:18:45 EXEC SPC_COM_GET_COMBOBOX 'unit_q_div';
2017-12-25 17:18:45 EXEC SPC_070_COMPONENT_LIST_DETAIL_INQ1 '10005','3078';
2017-12-25 17:18:48 EXEC SPC_GET_ITEM '';
2017-12-25 17:18:48 EXEC SPC_070_COMPONENT_LIST_DETAIL_INQ1 '10005','';
2017-12-25 17:18:55 EXEC SPC_GET_ITEM '';
2017-12-25 17:18:55 EXEC SPC_070_COMPONENT_LIST_DETAIL_INQ1 '','';
2017-12-25 17:19:02 EXEC SPC_072_COMPONENT_LIST_SEARCH_FND1 '','','2','50';
2017-12-25 17:19:20 EXEC SPC_072_COMPONENT_LIST_SEARCH_FND1 '','','1','50';
2017-12-25 17:19:29 EXEC SPC_COM_GET_COMBOBOX 'unit_q_div';
2017-12-25 17:19:29 EXEC SPC_070_COMPONENT_LIST_DETAIL_INQ1 '10005','3049';
2017-12-25 17:27:47 EXEC SPC_COM_GET_COMBOBOX 'port_country_div';
2017-12-25 17:27:47 EXEC SPC_COM_GET_COMBOBOX 'shipment_div';

2017-12-25 17:27:47 EXEC SPC_COM_GET_COMBOBOX 'currency_div';
2017-12-25 17:27:48 EXEC SPC_COM_GET_COMBOBOX 'trade_terms_div';
2017-12-25 17:27:48 EXEC SPC_COM_GET_COMBOBOX 'payment_conditions_div';
2017-12-25 17:27:48 EXEC SPC_COM_GET_COMBOBOX 'unit_q_div';
2017-12-25 17:27:48 EXEC SPC_COM_GET_COMBOBOX 'unit_w_div';
2017-12-25 17:27:48 EXEC SPC_COM_GET_COMBOBOX 'unit_m_div';
2017-12-25 17:27:48 EXEC SPC_COM_GET_COMBOBOX 'sales_detail_div';
2017-12-25 17:27:48 EXEC SPC_COM_GET_COMBOBOX 'bank_div';
2017-12-25 17:27:48 EXEC SPC_GET_TAX_RATE '2017/12/25';
2017-12-25 17:30:43 EXEC SPC_COM_GET_COMBOBOX 'unit_q_div';
2017-12-25 17:30:43 EXEC SPC_070_COMPONENT_LIST_DETAIL_INQ1 '10005','3049';
2017-12-25 17:36:25 EXEC SPC_COM_GET_COMBOBOX 'unit_q_div';
2017-12-25 17:36:25 EXEC SPC_070_COMPONENT_LIST_DETAIL_INQ1 '10005','3049';
2017-12-25 17:36:27 EXEC SPC_072_COMPONENT_LIST_SEARCH_FND1 '','','1','50';
2017-12-25 17:36:33 EXEC SPC_GET_ITEM '10002';
2017-12-25 17:36:37 EXEC SPC_GET_ITEM '2185';
2017-12-25 17:36:39 EXEC SPC_072_COMPONENT_LIST_SEARCH_FND1 '10002','2185','1','50';
2017-12-25 17:36:42 EXEC SPC_COM_GET_COMBOBOX 'unit_q_div';
2017-12-25 17:36:42 EXEC SPC_070_COMPONENT_LIST_DETAIL_INQ1 '10002','2185';
2017-12-25 17:36:45 EXEC SPC_GET_ITEM '2185';
2017-12-25 17:36:45 EXEC SPC_GET_ITEM '10002';
2017-12-25 17:36:46 EXEC SPC_072_COMPONENT_LIST_SEARCH_FND1 '10002','2185','1','50';
2017-12-25 17:36:59 EXEC SPC_GET_ITEM '543453';
2017-12-25 17:37:16 EXEC SPC_GET_ITEM '948984';
2017-12-25 17:37:21 EXEC SPC_GET_ITEM '10002';
2017-12-25 17:37:24 EXEC SPC_GET_ITEM '984984';
2017-12-25 17:37:36 EXEC SPC_GET_ITEM '10002';
2017-12-25 17:37:39 EXEC SPC_GET_ITEM '945949';
2017-12-25 17:37:41 EXEC SPC_072_COMPONENT_LIST_SEARCH_FND1 '984984','945949','1','10';
2017-12-25 17:37:45 EXEC SPC_GET_ITEM '10002';
2017-12-25 17:37:47 EXEC SPC_GET_ITEM '';
2017-12-25 17:37:49 EXEC SPC_072_COMPONENT_LIST_SEARCH_FND1 '','10002','1','10';
2017-12-25 17:37:50 EXEC SPC_072_COMPONENT_LIST_SEARCH_FND1 '','10002','1','10';
2017-12-25 17:37:52 EXEC SPC_GET_ITEM '10002';
2017-12-25 17:37:54 EXEC SPC_GET_ITEM '';
2017-12-25 17:37:55 EXEC SPC_072_COMPONENT_LIST_SEARCH_FND1 '10002','','1','10';
2017-12-25 17:37:59 EXEC SPC_GET_ITEM '3080';
2017-12-25 17:38:01 EXEC SPC_072_COMPONENT_LIST_SEARCH_FND1 '10002','3080','1','10';
2017-12-25 17:38:04 EXEC SPC_COM_GET_COMBOBOX 'unit_q_div';
2017-12-25 17:38:04 EXEC SPC_070_COMPONENT_LIST_DETAIL_INQ1 '10002','3080';
2017-12-25 17:38:06 EXEC SPC_GET_ITEM '10002';
2017-12-25 17:38:06 EXEC SPC_GET_ITEM '3080';
2017-12-25 17:38:06 EXEC SPC_072_COMPONENT_LIST_SEARCH_FND1 '10002','3080','1','10';
2017-12-25 17:38:13 EXEC SPC_GET_ITEM ' 製品コード';
2017-12-25 17:38:23 EXEC SPC_GET_ITEM '10002';
2017-12-25 17:38:24 EXEC SPC_072_COMPONENT_LIST_SEARCH_FND1 '10002','3080','1','10';
2017-12-25 17:38:27 EXEC SPC_COM_GET_COMBOBOX 'unit_q_div';
2017-12-25 17:38:27 EXEC SPC_070_COMPONENT_LIST_DETAIL_INQ1 '10002','3080';
2017-12-25 17:38:29 EXEC SPC_GET_ITEM '10002';
2017-12-25 17:38:29 EXEC SPC_GET_ITEM '3080';
2017-12-25 17:38:29 EXEC SPC_072_COMPONENT_LIST_SEARCH_FND1 '10002','3080','1','10';
2017-12-25 17:38:35 EXEC SPC_GET_ITEM '';
2017-12-25 17:38:37 EXEC SPC_072_COMPONENT_LIST_SEARCH_FND1 '','3080','1','10';
2017-12-25 17:38:40 EXEC SPC_COM_GET_COMBOBOX 'unit_q_div';
2017-12-25 17:38:40 EXEC SPC_070_COMPONENT_LIST_DETAIL_INQ1 '10002','3080';
2017-12-25 17:38:42 EXEC SPC_GET_ITEM '3080';
2017-12-25 17:38:42 EXEC SPC_072_COMPONENT_LIST_SEARCH_FND1 '','3080','1','10';
2017-12-25 17:38:44 EXEC SPC_GET_ITEM 'ghdgh';
2017-12-25 17:38:46 EXEC SPC_072_COMPONENT_LIST_SEARCH_FND1 'ghdgh','3080','1','10';
2017-12-25 17:38:49 EXEC SPC_COM_GET_COMBOBOX 'unit_q_div';
2017-12-25 17:38:51 EXEC SPC_GET_ITEM 'ghdgh';
2017-12-25 17:38:51 EXEC SPC_GET_ITEM '3080';
2017-12-25 17:38:51 EXEC SPC_072_COMPONENT_LIST_SEARCH_FND1 'ghdgh','3080','1','10';
2017-12-25 17:38:59 EXEC SPC_GET_ITEM '';
2017-12-25 17:39:02 EXEC SPC_GET_ITEM '0';
2017-12-25 17:39:04 EXEC SPC_072_COMPONENT_LIST_SEARCH_FND1 '0','','1','10';
2017-12-25 17:39:06 EXEC SPC_GET_ITEM '3';
2017-12-25 17:39:13 EXEC SPC_072_COMPONENT_LIST_SEARCH_FND1 '0','3','1','10';
2017-12-25 17:39:15 EXEC SPC_070_COMPONENT_LIST_DETAIL_INQ1 '10002','3080';
2017-12-25 17:39:15 EXEC SPC_COM_GET_COMBOBOX 'unit_q_div';
2017-12-25 17:39:17 EXEC SPC_GET_ITEM '0';
2017-12-25 17:39:17 EXEC SPC_GET_ITEM '3';
2017-12-25 17:39:17 EXEC SPC_072_COMPONENT_LIST_SEARCH_FND1 '0','3','1','10';
2017-12-25 17:39:24 EXEC SPC_072_COMPONENT_LIST_SEARCH_FND1 '0','3','1','10';
2017-12-25 17:39:31 EXEC SPC_COM_GET_COMBOBOX 'unit_q_div';
2017-12-25 17:39:34 EXEC SPC_GET_ITEM '3';
2017-12-25 17:39:34 EXEC SPC_GET_ITEM '0';
2017-12-25 17:39:34 EXEC SPC_072_COMPONENT_LIST_SEARCH_FND1 '0','3','1','10';
2017-12-25 17:39:39 EXEC SPC_COM_GET_COMBOBOX 'unit_q_div';
2017-12-25 17:39:42 EXEC SPC_GET_ITEM '0';
2017-12-25 17:39:42 EXEC SPC_GET_ITEM '3';
2017-12-25 17:39:42 EXEC SPC_072_COMPONENT_LIST_SEARCH_FND1 '0','3','1','10';
2017-12-25 17:39:47 EXEC SPC_070_COMPONENT_LIST_DETAIL_INQ1 '10004','2138';
2017-12-25 17:39:52 EXEC SPC_GET_ITEM '3';
2017-12-25 17:39:52 EXEC SPC_GET_ITEM '0';
2017-12-25 17:39:52 EXEC SPC_072_COMPONENT_LIST_SEARCH_FND1 '0','3','1','10';
2017-12-25 17:40:11 EXEC SPC_COM_GET_COMBOBOX 'unit_q_div';
2017-12-25 17:40:11 EXEC SPC_070_COMPONENT_LIST_DETAIL_INQ1 '10004','2133';
2017-12-25 17:40:14 EXEC SPC_GET_ITEM '3';
2017-12-25 17:40:14 EXEC SPC_GET_ITEM '0';
2017-12-25 17:40:14 EXEC SPC_072_COMPONENT_LIST_SEARCH_FND1 '0','3','1','10';
2017-12-25 17:40:46 EXEC SPC_GET_ITEM '10002';
2017-12-25 17:40:50 EXEC SPC_GET_ITEM '	3080';
2017-12-25 17:40:55 EXEC SPC_GET_ITEM '3080';
2017-12-25 17:41:00 EXEC SPC_072_COMPONENT_LIST_SEARCH_FND1 '10002','3080','1','10';
2017-12-25 17:41:04 EXEC SPC_070_COMPONENT_LIST_DETAIL_INQ1 '10002','3080';
2017-12-25 17:41:04 EXEC SPC_COM_GET_COMBOBOX 'unit_q_div';
2017-12-25 17:41:07 EXEC SPC_GET_ITEM '10002';
2017-12-25 17:41:07 EXEC SPC_GET_ITEM '3080';
2017-12-25 17:41:08 EXEC SPC_072_COMPONENT_LIST_SEARCH_FND1 '10002','3080','1','10';
2017-12-25 17:44:10 EXEC SPC_072_COMPONENT_LIST_SEARCH_FND1 '','','1','10';
2017-12-25 17:44:14 EXEC SPC_GET_ITEM '10002';
2017-12-25 17:44:17 EXEC SPC_GET_ITEM '2185';
2017-12-25 17:44:19 EXEC SPC_072_COMPONENT_LIST_SEARCH_FND1 '10002','2185','1','10';
2017-12-25 17:44:23 EXEC SPC_COM_GET_COMBOBOX 'unit_q_div';
2017-12-25 17:44:23 EXEC SPC_070_COMPONENT_LIST_DETAIL_INQ1 '10002','2185';
2017-12-25 17:44:26 EXEC SPC_GET_ITEM '2185';
2017-12-25 17:44:26 EXEC SPC_GET_ITEM '10002';
2017-12-25 17:44:26 EXEC SPC_072_COMPONENT_LIST_SEARCH_FND1 '10002','2185','1','10';
2017-12-25 17:48:49 EXEC SPC_072_COMPONENT_LIST_SEARCH_FND1 '','','1','10';
2017-12-25 17:48:53 EXEC SPC_GET_ITEM '10002';
2017-12-25 17:48:56 EXEC SPC_GET_ITEM '2185';
2017-12-25 17:48:57 EXEC SPC_072_COMPONENT_LIST_SEARCH_FND1 '10002','2185','1','10';
2017-12-25 17:49:01 EXEC SPC_COM_GET_COMBOBOX 'unit_q_div';
2017-12-25 17:49:01 EXEC SPC_070_COMPONENT_LIST_DETAIL_INQ1 '10002','2185';
2017-12-25 17:49:04 EXEC SPC_GET_ITEM '2185';
2017-12-25 17:49:04 EXEC SPC_GET_ITEM '10002';
2017-12-25 17:49:04 EXEC SPC_072_COMPONENT_LIST_SEARCH_FND1 '10002','2185','1','10';
2017-12-25 17:49:08 EXEC SPC_070_COMPONENT_LIST_DETAIL_INQ1 '10002','2185';
2017-12-25 17:49:08 EXEC SPC_COM_GET_COMBOBOX 'unit_q_div';
2017-12-25 17:49:11 EXEC SPC_GET_ITEM '949849';
2017-12-25 17:50:33 EXEC SPC_070_COMPONENT_LIST_DETAIL_INQ1 '10002','2185';
2017-12-25 17:50:33 EXEC SPC_COM_GET_COMBOBOX 'unit_q_div';
2017-12-25 17:50:36 EXEC SPC_GET_ITEM '984849';
2017-12-25 17:51:00 EXEC SPC_070_COMPONENT_LIST_DETAIL_INQ1 '10002','2185';
2017-12-25 17:51:00 EXEC SPC_COM_GET_COMBOBOX 'unit_q_div';
2017-12-25 17:51:08 EXEC SPC_GET_ITEM '949849';
2017-12-25 17:51:12 EXEC SPC_GET_ITEM '10002';
2017-12-25 17:51:12 EXEC SPC_GET_ITEM '2185';
2017-12-25 17:51:12 EXEC SPC_072_COMPONENT_LIST_SEARCH_FND1 '10002','2185','1','10';
2017-12-25 17:51:14 EXEC SPC_GET_ITEM '984984';
2017-12-25 17:51:41 EXEC SPC_072_COMPONENT_LIST_SEARCH_FND1 '','','1','10';
2017-12-25 17:51:44 EXEC SPC_COM_GET_COMBOBOX 'unit_q_div';
2017-12-25 17:51:44 EXEC SPC_070_COMPONENT_LIST_DETAIL_INQ1 '10002','2185';
2017-12-25 17:51:47 EXEC SPC_GET_ITEM '949848';
2017-12-25 17:52:35 EXEC SPC_070_COMPONENT_LIST_DETAIL_INQ1 '10002','2185';
2017-12-25 17:52:35 EXEC SPC_COM_GET_COMBOBOX 'unit_q_div';
2017-12-25 17:52:37 EXEC SPC_GET_ITEM '984984';
2017-12-25 17:52:38 EXEC SPC_070_COMPONENT_LIST_DETAIL_INQ1 '','2185';
2017-12-25 17:52:43 EXEC SPC_GET_ITEM '2185';
2017-12-25 17:52:43 EXEC SPC_070_COMPONENT_LIST_DETAIL_INQ1 '2185','2185';
2017-12-25 17:52:46 EXEC SPC_072_COMPONENT_LIST_SEARCH_FND1 '','','1','10';
2017-12-25 17:52:48 EXEC SPC_072_COMPONENT_LIST_SEARCH_FND1 '','','1','10';
2017-12-25 17:52:53 EXEC SPC_GET_ITEM '10002';
2017-12-25 17:53:01 EXEC SPC_GET_ITEM '3080';
2017-12-25 17:53:02 EXEC SPC_072_COMPONENT_LIST_SEARCH_FND1 '10002','3080','1','10';
2017-12-25 17:53:05 EXEC SPC_COM_GET_COMBOBOX 'unit_q_div';
2017-12-25 17:53:05 EXEC SPC_070_COMPONENT_LIST_DETAIL_INQ1 '10002','3080';
2017-12-25 17:53:08 EXEC SPC_GET_ITEM '10002';
2017-12-25 17:53:08 EXEC SPC_GET_ITEM '3080';
2017-12-25 17:53:08 EXEC SPC_072_COMPONENT_LIST_SEARCH_FND1 '10002','3080','1','10';
2017-12-25 17:58:15 EXEC SPC_072_COMPONENT_LIST_SEARCH_FND1 '10002','3080','1','10';
2017-12-25 17:58:17 EXEC SPC_GET_ITEM '';
2017-12-25 17:58:18 EXEC SPC_GET_ITEM '';
2017-12-25 17:58:19 EXEC SPC_072_COMPONENT_LIST_SEARCH_FND1 '','','1','10';
2017-12-25 18:00:17 EXEC SPC_COM_GET_COMBOBOX 'port_country_div';
2017-12-25 18:00:17 EXEC SPC_COM_GET_COMBOBOX 'unit_q_div';
2017-12-25 18:00:18 EXEC SPC_COM_GET_COMBOBOX 'unit_w_div';
2017-12-25 18:00:18 EXEC SPC_COM_GET_COMBOBOX 'unit_m_div';
2017-12-25 18:00:19 EXEC SPC_COM_GET_COMBOBOX 'sales_detail_div';
2017-12-25 18:00:19 EXEC SPC_COM_GET_COMBOBOX 'trade_terms_div';
2017-12-25 18:00:19 EXEC SPC_COM_GET_COMBOBOX 'port_city_div';
2017-12-25 18:00:19 EXEC SPC_COM_GET_COMBOBOX 'currency_div';
2017-12-25 18:00:19 EXEC SPC_COM_GET_COMBOBOX 'bank_div';
2017-12-25 18:00:19 EXEC SPC_COM_GET_COMBOBOX 'payment_conditions_div';
2017-12-25 18:00:20 EXEC SPC_GET_TAX_RATE '2017/12/25';
2017-12-25 18:00:20 EXEC SPC_COM_GET_COMBOBOX 'shipment_div';
2017-12-25 18:00:34 EXEC SPC_COM_GET_COMBOBOX 'unit_q_div';
2017-12-25 18:00:55 EXEC SPC_COM_GET_COMBOBOX 'unit_q_div';
2017-12-25 18:03:39 EXEC SPC_COM_GET_COMBOBOX 'pi_status_div';
2017-12-25 18:03:43 EXEC SPC_002_PI_SEARCH_FND1 '','','','','','','','','1','10';
2017-12-25 18:04:04 EXEC SPC_GET_PI_ACCEPT 'fg';
2017-12-25 18:04:13 EXEC SPC_COM_GET_COMBOBOX 'port_city_div';
2017-12-25 18:04:13 EXEC SPC_COM_GET_COMBOBOX 'shipment_div';
2017-12-25 18:04:13 EXEC SPC_COM_GET_COMBOBOX 'currency_div';
2017-12-25 18:04:13 EXEC SPC_COM_GET_COMBOBOX 'port_country_div';
2017-12-25 18:04:13 EXEC SPC_COM_GET_COMBOBOX 'payment_conditions_div';
2017-12-25 18:04:13 EXEC SPC_COM_GET_COMBOBOX 'trade_terms_div';
2017-12-25 18:04:14 EXEC SPC_COM_GET_COMBOBOX 'unit_q_div';
2017-12-25 18:04:14 EXEC SPC_GET_TAX_RATE '2017/12/25';
2017-12-25 18:04:14 EXEC SPC_COM_GET_COMBOBOX 'sales_detail_div';
2017-12-25 18:04:14 EXEC SPC_COM_GET_COMBOBOX 'unit_w_div';
2017-12-25 18:04:14 EXEC SPC_COM_GET_COMBOBOX 'bank_div';
2017-12-25 18:04:14 EXEC SPC_COM_GET_COMBOBOX 'unit_m_div';
2017-12-25 18:04:18 EXEC SPC_055_SUPPLIERS_MASTER_SEARCH_FND1 '','','','','','','0','0','0','1','10';
2017-12-25 18:04:20 EXEC SPC_001_PI_DETAIL_INQ2 '1111','1';
2017-12-25 18:04:20 EXEC SPC_001_PI_DETAIL_INQ2 '1111','1';
2017-12-25 18:04:20 EXEC SPC_001_PI_DETAIL_INQ2 '','1';
2017-12-25 18:29:50 EXEC SPC_GET_ITEM '001 02';
2017-12-25 18:29:50 EXEC SPC_070_COMPONENT_LIST_DETAIL_INQ1 '','';
2017-12-25 18:29:56 EXEC SPC_GET_ITEM '001 02';
2017-12-25 18:29:57 EXEC SPC_070_COMPONENT_LIST_DETAIL_INQ1 '','';
2017-12-25 18:29:59 EXEC SPC_072_COMPONENT_LIST_SEARCH_FND1 '','','1','10';
2017-12-25 18:30:06 EXEC SPC_GET_ITEM '001 00';
2017-12-25 18:31:26 EXEC SPC_GET_ITEM '001';
2017-12-25 18:31:30 EXEC SPC_GET_ITEM '001 00';
2017-12-25 18:37:02 EXEC SPC_REFER_CLIENT_CD '001 02';
2017-12-25 18:37:08 EXEC SPC_069_COMPONENT_MASTER_SEARCH_FND1 '','','','1','10';
2017-12-25 18:37:19 EXEC SPC_REFER_CLIENT_CD '000 12';
2017-12-25 18:37:30 EXEC SPC_069_COMPONENT_MASTER_SEARCH_FND1 '','001 01','','1','10';
2017-12-25 18:40:16 EXEC SPC_GET_ITEM '001 02';
2017-12-25 18:47:01 EXEC SPC_GET_ITEM '10002';
2017-12-25 18:47:09 EXEC SPC_GET_ITEM '10002';
2017-12-25 18:47:14 EXEC SPC_GET_ITEM '10003';
2017-12-25 18:47:17 EXEC SPC_GET_ITEM '10004';
2017-12-25 18:47:24 EXEC SPC_GET_ITEM '10002';
2017-12-25 18:47:50 EXEC SPC_GET_ITEM '100032';
2017-12-25 18:47:54 EXEC SPC_GET_ITEM '10002';
2017-12-25 18:47:59 EXEC SPC_GET_ITEM '10002';
2017-12-25 18:48:02 EXEC SPC_GET_ITEM '10004';
2017-12-25 18:48:04 EXEC SPC_GET_ITEM '';
2017-12-25 18:48:08 EXEC SPC_072_COMPONENT_LIST_SEARCH_FND1 '10002','','1','10';
2017-12-25 18:48:11 EXEC SPC_GET_ITEM '	2185';
2017-12-25 18:48:15 EXEC SPC_GET_ITEM '2185';
2017-12-25 18:48:22 EXEC SPC_072_COMPONENT_LIST_SEARCH_FND1 '10002','2185','1','10';
2017-12-25 18:48:28 EXEC SPC_COM_GET_COMBOBOX 'unit_q_div';
2017-12-25 18:48:29 EXEC SPC_070_COMPONENT_LIST_DETAIL_INQ1 '10002','2185';
2017-12-25 18:48:32 EXEC SPC_GET_ITEM '2185';
2017-12-25 18:48:32 EXEC SPC_GET_ITEM '10002';
2017-12-25 18:48:33 EXEC SPC_072_COMPONENT_LIST_SEARCH_FND1 '10002','2185','1','10';
2017-12-25 18:48:55 EXEC SPC_GET_ITEM '10002';
2017-12-25 18:48:57 EXEC SPC_072_COMPONENT_LIST_SEARCH_FND1 '10002','2185','1','10';
2017-12-25 18:49:01 EXEC SPC_070_COMPONENT_LIST_DETAIL_INQ1 '10002','2185';
2017-12-25 18:49:09 EXEC SPC_GET_ITEM '2185';
2017-12-25 18:49:09 EXEC SPC_GET_ITEM '10002';
2017-12-25 18:49:09 EXEC SPC_072_COMPONENT_LIST_SEARCH_FND1 '10002','2185','1','10';
2017-12-25 18:49:54 EXEC SPC_GET_ITEM '10002';
2017-12-25 18:49:55 EXEC SPC_072_COMPONENT_LIST_SEARCH_FND1 '10002','','1','10';
2017-12-25 18:49:59 EXEC SPC_GET_ITEM '2185';
2017-12-25 18:50:00 EXEC SPC_072_COMPONENT_LIST_SEARCH_FND1 '10002','2185','1','10';
2017-12-25 18:50:04 EXEC SPC_COM_GET_COMBOBOX 'unit_q_div';
2017-12-25 18:50:04 EXEC SPC_070_COMPONENT_LIST_DETAIL_INQ1 '10002','2185';
2017-12-25 18:50:07 EXEC SPC_GET_ITEM '2185';
2017-12-25 18:50:07 EXEC SPC_GET_ITEM '10002';
2017-12-25 18:50:07 EXEC SPC_072_COMPONENT_LIST_SEARCH_FND1 '10002','2185','1','10';
2017-12-25 18:50:43 EXEC SPC_GET_ITEM '10002';
2017-12-25 18:50:46 EXEC SPC_GET_ITEM '2185';
2017-12-25 18:50:58 EXEC SPC_GET_ITEM '10002';
2017-12-25 18:51:01 EXEC SPC_GET_ITEM '2185';
2017-12-25 18:51:02 EXEC SPC_072_COMPONENT_LIST_SEARCH_FND1 '10002','2185','1','10';
2017-12-25 18:51:06 EXEC SPC_COM_GET_COMBOBOX 'unit_q_div';
2017-12-25 18:51:06 EXEC SPC_070_COMPONENT_LIST_DETAIL_INQ1 '10002','2185';
2017-12-25 18:51:09 EXEC SPC_GET_ITEM '2185';
2017-12-25 18:51:09 EXEC SPC_GET_ITEM '10002';
2017-12-25 18:51:09 EXEC SPC_072_COMPONENT_LIST_SEARCH_FND1 '10002','2185','1','10';
2017-12-25 19:01:28 EXEC SPC_REFER_CLIENT_CD 'ádf';
2017-12-25 19:01:31 EXEC SPC_REFER_CLIENT_CD '001';
2017-12-25 19:01:34 EXEC SPC_REFER_CLIENT_CD '9595';
2017-12-25 19:02:12 EXEC SPC_GET_ITEM '001';
2017-12-25 19:02:43 EXEC SPC_GET_ITEM '001';
2017-12-25 19:03:16 EXEC SPC_GET_ITEM '001';
2017-12-25 19:03:22 EXEC SPC_GET_ITEM '10001';
2017-12-25 19:05:00 EXEC SPC_COM_GET_COMBOBOX 'unit_q_div';
2017-12-25 19:05:02 EXEC SPC_GET_ITEM '10002';
2017-12-25 19:05:03 EXEC SPC_070_COMPONENT_LIST_DETAIL_INQ1 '10002','';
2017-12-25 19:05:06 EXEC SPC_GET_ITEM '949849';
2017-12-25 19:05:07 EXEC SPC_070_COMPONENT_LIST_DETAIL_INQ1 '','';
2017-12-25 19:05:29 EXEC SPC_GET_ITEM '10002';
2017-12-25 19:05:29 EXEC SPC_070_COMPONENT_LIST_DETAIL_INQ1 '10002','';
2017-12-25 19:05:37 EXEC SPC_GET_ITEM '959595';
2017-12-25 19:05:37 EXEC SPC_070_COMPONENT_LIST_DETAIL_INQ1 '10002','';
2017-12-25 19:05:46 EXEC SPC_GET_ITEM '2185';
2017-12-25 19:05:46 EXEC SPC_070_COMPONENT_LIST_DETAIL_INQ1 '10002','2185';
2017-12-25 19:06:35 EXEC SPC_GET_ITEM '111';
2017-12-25 19:06:36 EXEC SPC_070_COMPONENT_LIST_DETAIL_INQ1 '10002','';
2017-12-25 19:10:22 EXEC SPC_GET_ITEM '10002';
2017-12-25 19:10:26 EXEC SPC_GET_ITEM '2185';
2017-12-25 19:10:27 EXEC SPC_072_COMPONENT_LIST_SEARCH_FND1 '10002','2185','1','10';
2017-12-25 19:10:32 EXEC SPC_COM_GET_COMBOBOX 'unit_q_div';
2017-12-25 19:10:33 EXEC SPC_070_COMPONENT_LIST_DETAIL_INQ1 '10002','2185';
2017-12-25 19:10:35 EXEC SPC_GET_ITEM '2185';
2017-12-25 19:10:35 EXEC SPC_GET_ITEM '10002';
2017-12-25 19:10:35 EXEC SPC_072_COMPONENT_LIST_SEARCH_FND1 '10002','2185','1','10';
2017-12-25 19:12:59 EXEC SPC_GET_ITEM '10002';
2017-12-25 19:13:03 EXEC SPC_GET_ITEM '2185';
2017-12-25 19:13:04 EXEC SPC_072_COMPONENT_LIST_SEARCH_FND1 '10002','2185','1','10';
2017-12-25 19:13:07 EXEC SPC_COM_GET_COMBOBOX 'unit_q_div';
2017-12-25 19:13:08 EXEC SPC_070_COMPONENT_LIST_DETAIL_INQ1 '10002','2185';
2017-12-25 19:13:10 EXEC SPC_GET_ITEM '10002';
2017-12-25 19:13:10 EXEC SPC_GET_ITEM '2185';
2017-12-25 19:13:11 EXEC SPC_072_COMPONENT_LIST_SEARCH_FND1 '10002','2185','1','10';
2017-12-25 19:13:20 EXEC SPC_GET_ITEM '1002';
2017-12-25 19:13:26 EXEC SPC_GET_ITEM '10002';
2017-12-25 19:13:28 EXEC SPC_GET_ITEM '2185';
2017-12-25 19:13:29 EXEC SPC_072_COMPONENT_LIST_SEARCH_FND1 '10002','2185','1','10';
2017-12-25 19:13:32 EXEC SPC_070_COMPONENT_LIST_DETAIL_INQ1 '10002','2185';
2017-12-25 19:13:32 EXEC SPC_COM_GET_COMBOBOX 'unit_q_div';
2017-12-25 19:13:35 EXEC SPC_GET_ITEM '10002';
2017-12-25 19:13:35 EXEC SPC_GET_ITEM '2185';
2017-12-25 19:13:35 EXEC SPC_072_COMPONENT_LIST_SEARCH_FND1 '10002','2185','1','10';
2017-12-25 19:13:41 EXEC SPC_COM_GET_COMBOBOX 'unit_q_div';
2017-12-25 19:13:41 EXEC SPC_070_COMPONENT_LIST_DETAIL_INQ1 '10002','2185';
2017-12-25 19:13:45 EXEC SPC_GET_ITEM '10002';
2017-12-25 19:13:45 EXEC SPC_GET_ITEM '2185';
2017-12-25 19:13:46 EXEC SPC_072_COMPONENT_LIST_SEARCH_FND1 '10002','2185','1','10';
2017-12-25 19:18:35 EXEC SPC_GET_ITEM '1002';
2017-12-25 19:18:51 EXEC SPC_GET_ITEM '10002';
2017-12-25 19:18:54 EXEC SPC_GET_ITEM '2185';
2017-12-25 19:18:55 EXEC SPC_072_COMPONENT_LIST_SEARCH_FND1 '10002','2185','1','10';
2017-12-25 19:18:59 EXEC SPC_070_COMPONENT_LIST_DETAIL_INQ1 '10002','2185';
2017-12-25 19:19:01 EXEC SPC_COM_GET_COMBOBOX 'unit_q_div';
2017-12-25 19:19:02 EXEC SPC_GET_ITEM '10002';
2017-12-25 19:19:02 EXEC SPC_GET_ITEM '2185';
2017-12-25 19:19:02 EXEC SPC_072_COMPONENT_LIST_SEARCH_FND1 '10002','2185','1','10';
2017-12-25 19:19:06 EXEC SPC_COM_GET_COMBOBOX 'unit_q_div';
2017-12-25 19:19:06 EXEC SPC_070_COMPONENT_LIST_DETAIL_INQ1 '10002','2185';
2017-12-25 19:19:09 EXEC SPC_GET_ITEM '10002';
2017-12-25 19:19:09 EXEC SPC_GET_ITEM '2185';
2017-12-25 19:19:09 EXEC SPC_072_COMPONENT_LIST_SEARCH_FND1 '10002','2185','1','10';
2017-12-25 19:19:39 EXEC SPC_GET_ITEM '10003';
2017-12-25 19:19:41 EXEC SPC_GET_ITEM '10002';
2017-12-25 19:20:49 EXEC SPC_GET_ITEM '10002';
2017-12-25 19:21:30 EXEC SPC_GET_ITEM '2185';
2017-12-25 19:22:25 EXEC SPC_072_COMPONENT_LIST_SEARCH_FND1 '10002','2185','1','10';
2017-12-25 19:22:30 EXEC SPC_070_COMPONENT_LIST_DETAIL_INQ1 '10002','2185';
2017-12-25 19:22:30 EXEC SPC_COM_GET_COMBOBOX 'unit_q_div';
2017-12-25 19:22:44 EXEC SPC_070_COMPONENT_LIST_DETAIL_ACT1 'U','10002','2185','11111','','2017/12/01','2017/12/09','備考','','070_component-list-detail','';
2017-12-25 19:22:45 EXEC SPC_070_COMPONENT_LIST_DETAIL_INQ1 '10002','2185';
2017-12-25 19:22:55 EXEC SPC_070_COMPONENT_LIST_DETAIL_ACT1 'U','10002','2185','11111','','2017/12/23','2017/12/30','備考','','070_component-list-detail','';
2017-12-25 19:22:56 EXEC SPC_070_COMPONENT_LIST_DETAIL_INQ1 '10002','2185';
2017-12-25 19:23:54 EXEC SPC_COM_GET_COMBOBOX 'unit_q_div';
2017-12-25 19:23:54 EXEC SPC_070_COMPONENT_LIST_DETAIL_INQ1 '10002','2185';
2017-12-25 19:24:02 EXEC SPC_GET_ITEM '2186';
2017-12-25 19:24:03 EXEC SPC_070_COMPONENT_LIST_DETAIL_INQ1 '10002','2186';
2017-12-25 19:24:06 EXEC SPC_GET_ITEM '2185';
2017-12-25 19:24:07 EXEC SPC_070_COMPONENT_LIST_DETAIL_INQ1 '10002','2185';
2017-12-25 19:24:49 EXEC SPC_GET_ITEM '10002';
2017-12-25 19:24:49 EXEC SPC_GET_ITEM '2185';
2017-12-25 19:24:50 EXEC SPC_072_COMPONENT_LIST_SEARCH_FND1 '10002','2185','1','10';
2017-12-25 19:26:15 EXEC SPC_GET_ITEM '10003';
2017-12-25 19:26:25 EXEC SPC_GET_ITEM '2186';
2017-12-25 19:26:31 EXEC SPC_GET_ITEM '2185';
2017-12-25 19:26:55 EXEC SPC_GET_ITEM '2186';
2017-12-25 19:26:58 EXEC SPC_GET_ITEM '2185';
2017-12-25 19:29:43 EXEC SPC_GET_ITEM '1002';
2017-12-25 19:29:46 EXEC SPC_GET_ITEM '10002';
2017-12-25 19:29:49 EXEC SPC_GET_ITEM '2185';
2017-12-25 19:29:50 EXEC SPC_072_COMPONENT_LIST_SEARCH_FND1 '10002','2185','1','10';
2017-12-25 19:29:53 EXEC SPC_COM_GET_COMBOBOX 'unit_q_div';
2017-12-25 19:29:54 EXEC SPC_070_COMPONENT_LIST_DETAIL_INQ1 '10002','2185';
2017-12-25 19:29:56 EXEC SPC_GET_ITEM '10002';
2017-12-25 19:29:56 EXEC SPC_GET_ITEM '2185';
2017-12-25 19:29:56 EXEC SPC_072_COMPONENT_LIST_SEARCH_FND1 '10002','2185','1','10';
2017-12-25 19:32:53 EXEC SPC_GET_ITEM '2185';
2017-12-25 19:33:05 EXEC SPC_GET_ITEM '3080';
2017-12-25 19:33:15 EXEC SPC_072_COMPONENT_LIST_SEARCH_FND1 '','3080','1','10';
2017-12-25 19:33:20 EXEC SPC_COM_GET_COMBOBOX 'unit_q_div';
2017-12-25 19:33:20 EXEC SPC_070_COMPONENT_LIST_DETAIL_INQ1 '10002','3080';
2017-12-25 19:39:58 EXEC SPC_070_COMPONENT_LIST_DETAIL_INQ1 '10002','3080';
2017-12-25 19:39:58 EXEC SPC_COM_GET_COMBOBOX 'unit_q_div';
2017-12-25 19:41:19 EXEC SPC_COM_GET_COMBOBOX 'unit_q_div';
2017-12-25 19:41:19 EXEC SPC_070_COMPONENT_LIST_DETAIL_INQ1 '10002','3080';
2017-12-25 19:41:39 EXEC SPC_COM_GET_COMBOBOX 'unit_q_div';
2017-12-25 19:41:39 EXEC SPC_070_COMPONENT_LIST_DETAIL_INQ1 '10002','3080';
2017-12-25 19:52:30 EXEC SPC_GET_ITEM '3080';
2017-12-25 19:52:30 EXEC SPC_072_COMPONENT_LIST_SEARCH_FND1 '','3080','1','10';
2017-12-25 19:52:33 EXEC SPC_COM_GET_COMBOBOX 'exists_div';
2017-12-25 19:52:36 EXEC SPC_063_PRODUCT_MASTER_SEARCH_FND1 '','','1','10';
2017-12-25 19:52:54 EXEC SPC_072_COMPONENT_LIST_SEARCH_FND1 '','3080','1','10';
2017-12-25 19:54:13 EXEC SPC_GET_ITEM '3081';
2017-12-25 19:54:14 EXEC SPC_GET_ITEM '3080';
2017-12-25 20:10:40 EXEC SPC_COM_GET_COMBOBOX 'pi_status_div';
2017-12-25 20:10:58 EXEC SPC_GET_PI_ACCEPT '565';
2017-12-25 20:12:21 EXEC SPC_GET_ITEM '3080';
2017-12-25 20:12:29 EXEC SPC_GET_ITEM '3081';
2017-12-25 20:12:29 EXEC SPC_070_COMPONENT_LIST_DETAIL_INQ1 '10002','';
2017-12-25 20:12:33 EXEC SPC_GET_ITEM '3080';
2017-12-25 20:12:33 EXEC SPC_070_COMPONENT_LIST_DETAIL_INQ1 '10002','3080';
2017-12-25 20:15:12 EXEC SPC_072_COMPONENT_LIST_SEARCH_FND1 '','','1','10';
2017-12-25 20:15:15 EXEC SPC_GET_ITEM '1002';
2017-12-25 20:15:20 EXEC SPC_GET_ITEM '10002';
2017-12-25 20:15:23 EXEC SPC_GET_ITEM '100022';
2017-12-25 20:15:27 EXEC SPC_GET_ITEM '10002';
2017-12-25 20:15:29 EXEC SPC_GET_ITEM '2185';
2017-12-25 20:15:31 EXEC SPC_072_COMPONENT_LIST_SEARCH_FND1 '10002','2185','1','10';
2017-12-25 20:15:33 EXEC SPC_COM_GET_COMBOBOX 'unit_q_div';
2017-12-25 20:15:34 EXEC SPC_070_COMPONENT_LIST_DETAIL_INQ1 '10002','2185';
2017-12-25 20:15:36 EXEC SPC_GET_ITEM '2185';
2017-12-25 20:15:36 EXEC SPC_GET_ITEM '10002';
2017-12-25 20:15:37 EXEC SPC_072_COMPONENT_LIST_SEARCH_FND1 '10002','2185','1','10';
2017-12-25 20:15:57 EXEC SPC_GET_ITEM '10002';
2017-12-25 20:16:01 EXEC SPC_GET_ITEM '2185';
2017-12-25 20:16:02 EXEC SPC_072_COMPONENT_LIST_SEARCH_FND1 '10002','2185','1','10';
2017-12-25 20:16:05 EXEC SPC_COM_GET_COMBOBOX 'unit_q_div';
2017-12-25 20:16:05 EXEC SPC_070_COMPONENT_LIST_DETAIL_INQ1 '10002','2185';
2017-12-25 20:16:07 EXEC SPC_GET_ITEM '10002';
2017-12-25 20:16:07 EXEC SPC_GET_ITEM '2185';
2017-12-25 20:16:07 EXEC SPC_072_COMPONENT_LIST_SEARCH_FND1 '10002','2185','1','10';
2017-12-25 20:16:49 EXEC SPC_GET_ITEM '3080';
2017-12-25 20:16:53 EXEC SPC_COM_GET_COMBOBOX 'unit_q_div';
2017-12-25 20:37:34 EXEC SPC_COM_GET_COMBOBOX 'unit_q_div';
2017-12-25 20:37:37 EXEC SPC_GET_ITEM '10002';
2017-12-25 20:37:37 EXEC SPC_070_COMPONENT_LIST_DETAIL_INQ1 '10002','';
2017-12-25 20:37:42 EXEC SPC_GET_ITEM '3080';
2017-12-25 20:37:42 EXEC SPC_070_COMPONENT_LIST_DETAIL_INQ1 '10002','3080';
