2017-11-23 10:14:44 EXEC SPC_COM_GET_COMBOBOX 'possible_div';
2017-11-23 10:20:36 EXEC SPC_COM_GET_COMBOBOX 'possible_div';
2017-11-23 10:22:24 EXEC SPC_COM_GET_COMBOBOX 'possible_div';
2017-11-23 10:22:26 EXEC SPC_057_LIBRARY_MASTER_SEARCH_FND1 '','','','','','1','10';
2017-11-23 10:22:48 EXEC SPC_056_LIBRARY_MASTER_INQ1 'bank_div';
2017-11-23 10:22:58 EXEC SPC_077_USER_MASTER_SEARCH_FND1 '','','','1','10';
2017-11-23 10:23:04 EXEC SPC_077_USER_MASTER_SEARCH_FND1 'ユー','','','1','10';
2017-11-23 10:23:07 EXEC SPC_COM_GET_COMBOBOX 'auth_role_div';
2017-11-23 10:23:07 EXEC SPC_COM_GET_COMBOBOX 'belong_div';
2017-11-23 10:23:07 EXEC SPC_COM_GET_COMBOBOX 'position_div';
2017-11-23 10:23:08 EXEC SPC_COM_GET_COMBOBOX 'incumbent_div';
2017-11-23 10:23:08 EXEC SPC_076_USER_MASTER_DETAIL_INQ1 'ユーザーコード0123';
2017-11-23 10:23:19 EXEC SPC_077_USER_MASTER_SEARCH_FND1 'ユー','','','1','10';
2017-11-23 10:23:24 EXEC SPC_COM_GET_COMBOBOX 'auth_role_div';
2017-11-23 10:23:24 EXEC SPC_COM_GET_COMBOBOX 'position_div';
2017-11-23 10:23:24 EXEC SPC_COM_GET_COMBOBOX 'incumbent_div';
2017-11-23 10:23:24 EXEC SPC_COM_GET_COMBOBOX 'belong_div';
2017-11-23 10:23:26 EXEC SPC_077_USER_MASTER_SEARCH_FND1 'ユー','','','1','10';
2017-11-23 10:26:43 EXEC SPC_077_USER_MASTER_SEARCH_FND1 'ユー','','','1','50';
2017-11-23 10:26:46 EXEC SPC_077_USER_MASTER_SEARCH_FND1 'ユー','','','1','50';
2017-11-23 11:00:56 EXEC SPC_077_USER_MASTER_SEARCH_FND1 '','','','1','10';
2017-11-23 11:01:00 EXEC SPC_COM_GET_COMBOBOX 'auth_role_div';
2017-11-23 11:01:00 EXEC SPC_COM_GET_COMBOBOX 'belong_div';
2017-11-23 11:01:01 EXEC SPC_COM_GET_COMBOBOX 'incumbent_div';
2017-11-23 11:01:01 EXEC SPC_COM_GET_COMBOBOX 'position_div';
2017-11-23 11:01:01 EXEC SPC_076_USER_MASTER_DETAIL_INQ1 '113';
2017-11-23 11:01:09 EXEC SPC_COM_GET_COMBOBOX 'possible_div';
2017-11-23 11:01:10 EXEC SPC_057_LIBRARY_MASTER_SEARCH_FND1 '','','','','','1','10';
2017-11-23 11:01:13 EXEC SPC_056_LIBRARY_MASTER_INQ1 'auth_role_div';
2017-11-23 11:01:20 EXEC SPC_COM_GET_COMBOBOX 'possible_div';
2017-11-23 11:01:20 EXEC SPC_057_LIBRARY_MASTER_SEARCH_FND1 '','','','','','1','10';
2017-11-23 11:01:23 EXEC SPC_056_LIBRARY_MASTER_INQ1 'bank_div';
2017-11-23 11:10:05 EXEC SPC_056_LIBRARY_MASTER_ACT1 'bank_div','[{"lib_val_cd":"001","lib_val_nm_j":"\u4e09\u4e95\u4f4f\u53cb\u9280\u884c\u5ddd\u53e3\u652f\u5e97","lib_val_nm_e":"Sumitomo Mitsui Banking Corporation","lib_val_ab_j":"\u4e09\u4e95\u4f4f\u53cb\u9280\u884c\u5ddd\u53e3\u652f\u5e97","lib_val_ab_e":"Sumitomo Mitsui Banking Corporation","lib_val_ctl1":"Sumitomo Mitsui Banking Corporation","lib_val_ctl2":"Sumitomo Mitsui Banking Corporation","lib_val_ctl3":"Sumitomo Mitsui Banking Corporation","lib_val_ctl4":"","lib_val_ctl5":"","lib_val_ctl6":"Sumitomo","lib_val_ctl7":"","lib_val_ctl8":"","lib_val_ctl9":"","lib_val_ctl10":"","ini_target_div":"1","disp_order":"1"},{"lib_val_cd":"002","lib_val_nm_j":"\u4e09\u83f1\u6771\u4eacUFJ\u9280\u884c","lib_val_nm_e":"The Bank of Tokyo-Mitsubishi UFJ","lib_val_ab_j":"\u4e09\u83f1\u6771\u4eacUFJ\u9280\u884c","lib_val_ab_e":"The Bank of Tokyo-Mitsubishi UFJ","lib_val_ctl1":"Sumitomo","lib_val_ctl2":"","lib_val_ctl3":"","lib_val_ctl4":"","lib_val_ctl5":"","lib_val_ctl6":"Sumitomo","lib_val_ctl7":"","lib_val_ctl8":"","lib_val_ctl9":"","lib_val_ctl10":"","ini_target_div":"0","disp_order":"2"},{"lib_val_cd":"003","lib_val_nm_j":"\u4e09\u4e95\u4f4f\u53cb\u9280\u884c\u5ddd\u53e3\u652f\u5e97\uff08\u5186\uff09","lib_val_nm_e":"Sumitomo Mitsui Banking Corporation(0009)","lib_val_ab_j":"\u4e09\u4e95\u4f4f\u53cb\u9280\u884c\u5ddd\u53e3\u652f\u5e97\uff08\u5186\uff09","lib_val_ab_e":"Sumitomo Mitsui Banking Corporation(0009)","lib_val_ctl1":"Sumitomo","lib_val_ctl2":"","lib_val_ctl3":"","lib_val_ctl4":"","lib_val_ctl5":"","lib_val_ctl6":"Sumitomo","lib_val_ctl7":"","lib_val_ctl8":"","lib_val_ctl9":"","lib_val_ctl10":"","ini_target_div":"1","disp_order":"3"},{"lib_val_cd":"004","lib_val_nm_j":"\u57ce\u5317\u4fe1\u7528\u91d1\u5eab\u524d\u5ddd\u652f\u5e97\uff08\u56fd\u5185\u7528\uff09","lib_val_nm_e":"NULL","lib_val_ab_j":"\u57ce\u5317\u4fe1\u7528\u91d1\u5eab\u524d\u5ddd\u652f\u5e97\uff08\u56fd\u5185\u7528\uff09","lib_val_ab_e":"NULL","lib_val_ctl1":"Sumitomo","lib_val_ctl2":"","lib_val_ctl3":"","lib_val_ctl4":"","lib_val_ctl5":"","lib_val_ctl6":"Sumitomo","lib_val_ctl7":"","lib_val_ctl8":"","lib_val_ctl9":"","lib_val_ctl10":"","ini_target_div":"0","disp_order":"4"},{"lib_val_cd":"005","lib_val_nm_j":"\u305d\u306e\u4ed6","lib_val_nm_e":"\u305d\u306e\u4ed6","lib_val_ab_j":"\u305d\u306e\u4ed6","lib_val_ab_e":"\u305d\u306e\u4ed6","lib_val_ctl1":"Sumitomo","lib_val_ctl2":"","lib_val_ctl3":"","lib_val_ctl4":"","lib_val_ctl5":"","lib_val_ctl6":"Sumitomo","lib_val_ctl7":"","lib_val_ctl8":"","lib_val_ctl9":"","lib_val_ctl10":"","ini_target_div":"0","disp_order":"5"}]','100','056_library-master','::1';
2017-11-23 11:10:07 EXEC SPC_056_LIBRARY_MASTER_INQ1 'bank_div';
2017-11-23 11:22:28 EXEC SPC_056_LIBRARY_MASTER_ACT1 'bank_div','[{"lib_val_cd":"001","lib_val_nm_j":"\u4e09\u4e95\u4f4f\u53cb\u9280\u884c\u5ddd\u53e3\u652f\u5e97","lib_val_nm_e":"Sumitomo Mitsui Banking Corporation","lib_val_ab_j":"\u4e09\u4e95\u4f4f\u53cb\u9280\u884c\u5ddd\u53e3\u652f\u5e97","lib_val_ab_e":"Sumitomo Mitsui Banking Corporation","lib_val_ctl1":"Sumitomo Mitsui Banking Corporation","lib_val_ctl2":"Sumitomo Mitsui Banking Corporation","lib_val_ctl3":"Sumitomo Mitsui Banking Corporation","lib_val_ctl4":"","lib_val_ctl5":"","lib_val_ctl6":"Sumitomo","lib_val_ctl7":"","lib_val_ctl8":"","lib_val_ctl9":"","lib_val_ctl10":"","ini_target_div":"1","disp_order":"1"},{"lib_val_cd":"002","lib_val_nm_j":"\u4e09\u83f1\u6771\u4eacUFJ\u9280\u884c","lib_val_nm_e":"The Bank of Tokyo-Mitsubishi UFJ","lib_val_ab_j":"\u4e09\u83f1\u6771\u4eacUFJ\u9280\u884c","lib_val_ab_e":"The Bank of Tokyo-Mitsubishi UFJ","lib_val_ctl1":"Sumitomo","lib_val_ctl2":"","lib_val_ctl3":"","lib_val_ctl4":"","lib_val_ctl5":"","lib_val_ctl6":"Sumitomo","lib_val_ctl7":"","lib_val_ctl8":"","lib_val_ctl9":"","lib_val_ctl10":"","ini_target_div":"0","disp_order":"2"},{"lib_val_cd":"003","lib_val_nm_j":"\u4e09\u4e95\u4f4f\u53cb\u9280\u884c\u5ddd\u53e3\u652f\u5e97\uff08\u5186\uff09","lib_val_nm_e":"Sumitomo Mitsui Banking Corporation(0009)","lib_val_ab_j":"\u4e09\u4e95\u4f4f\u53cb\u9280\u884c\u5ddd\u53e3\u652f\u5e97\uff08\u5186\uff09","lib_val_ab_e":"Sumitomo Mitsui Banking Corporation(0009)","lib_val_ctl1":"Sumitomo","lib_val_ctl2":"","lib_val_ctl3":"","lib_val_ctl4":"","lib_val_ctl5":"","lib_val_ctl6":"Sumitomo","lib_val_ctl7":"","lib_val_ctl8":"","lib_val_ctl9":"","lib_val_ctl10":"","ini_target_div":"1","disp_order":"3"},{"lib_val_cd":"004","lib_val_nm_j":"\u57ce\u5317\u4fe1\u7528\u91d1\u5eab\u524d\u5ddd\u652f\u5e97\uff08\u56fd\u5185\u7528\uff09","lib_val_nm_e":"NULL","lib_val_ab_j":"\u57ce\u5317\u4fe1\u7528\u91d1\u5eab\u524d\u5ddd\u652f\u5e97\uff08\u56fd\u5185\u7528\uff09","lib_val_ab_e":"NULL","lib_val_ctl1":"Sumitomo","lib_val_ctl2":"","lib_val_ctl3":"","lib_val_ctl4":"","lib_val_ctl5":"","lib_val_ctl6":"Sumitomo","lib_val_ctl7":"","lib_val_ctl8":"","lib_val_ctl9":"","lib_val_ctl10":"","ini_target_div":"0","disp_order":"4"},{"lib_val_cd":"005","lib_val_nm_j":"\u305d\u306e\u4ed6","lib_val_nm_e":"\u305d\u306e\u4ed6","lib_val_ab_j":"\u305d\u306e\u4ed6","lib_val_ab_e":"\u305d\u306e\u4ed6","lib_val_ctl1":"Sumitomo","lib_val_ctl2":"","lib_val_ctl3":"","lib_val_ctl4":"","lib_val_ctl5":"","lib_val_ctl6":"Sumitomo","lib_val_ctl7":"","lib_val_ctl8":"","lib_val_ctl9":"","lib_val_ctl10":"","ini_target_div":"0","disp_order":"5"}]','100','056_library-master','::1';
2017-11-23 11:22:29 EXEC SPC_056_LIBRARY_MASTER_INQ1 'bank_div';
2017-11-23 11:22:31 EXEC SPC_056_LIBRARY_MASTER_INQ1 'bank_div';
2017-11-23 11:25:25 EXEC SPC_056_LIBRARY_MASTER_INQ1 'bank_div';
2017-11-23 11:29:12 EXEC SPC_056_LIBRARY_MASTER_INQ1 'bank_div';
2017-11-23 11:29:19 EXEC SPC_COM_GET_COMBOBOX 'possible_div';
2017-11-23 11:29:20 EXEC SPC_057_LIBRARY_MASTER_SEARCH_FND1 '','','','','','1','10';
2017-11-23 11:56:57 EXEC SPC_COM_GET_COMBOBOX 'possible_div';
2017-11-23 11:59:41 EXEC SPC_057_LIBRARY_MASTER_SEARCH_FND1 '','','','','','1','10';
2017-11-23 11:59:45 EXEC SPC_057_LIBRARY_MASTER_SEARCH_FND1 '','','','','','1','50';
2017-11-23 11:59:48 EXEC SPC_057_LIBRARY_MASTER_SEARCH_FND1 '','','','','','9','50';
2017-11-23 11:59:51 EXEC SPC_057_LIBRARY_MASTER_SEARCH_FND1 '','','','','','9','10';
2017-11-23 12:00:29 EXEC SPC_COM_GET_COMBOBOX 'possible_div';
2017-11-23 12:00:30 EXEC SPC_057_LIBRARY_MASTER_SEARCH_FND1 '','','','','','1','10';
2017-11-23 12:00:34 EXEC SPC_056_LIBRARY_MASTER_INQ1 'bank_div';
2017-11-23 12:00:45 EXEC SPC_056_LIBRARY_MASTER_INQ1 '';
2017-11-23 12:24:12 EXEC SPC_COM_GET_COMBOBOX 'possible_div';
2017-11-23 12:25:40 EXEC SPC_057_LIBRARY_MASTER_SEARCH_FND1 '','','','','','1','10';
2017-11-23 12:25:42 EXEC SPC_057_LIBRARY_MASTER_SEARCH_FND1 '','','','','0','1','10';
2017-11-23 12:29:45 EXEC SPC_COM_GET_COMBOBOX 'possible_div';
2017-11-23 12:29:59 EXEC SPC_057_LIBRARY_MASTER_SEARCH_FND1 '','','','','','1','10';
2017-11-23 12:30:06 EXEC SPC_057_LIBRARY_MASTER_SEARCH_FND1 '','','','','1','1','10';
2017-11-23 12:30:12 EXEC SPC_056_LIBRARY_MASTER_INQ1 'bank_div';
2017-11-23 12:30:22 EXEC SPC_056_LIBRARY_MASTER_ACT1 'bank_div','[{"lib_val_cd":"001","lib_val_nm_j":"\u4e09\u4e95\u4f4f\u53cb\u9280\u884c\u5ddd\u53e3\u652f\u5e97","lib_val_nm_e":"Sumitomo Mitsui Banking Corporation","lib_val_ab_j":"\u4e09\u4e95\u4f4f\u53cb\u9280\u884c\u5ddd\u53e3\u652f\u5e97","lib_val_ab_e":"Sumitomo Mitsui Banking Corporation","lib_val_ctl1":"Sumitomo Mitsui Banking Corporation","lib_val_ctl2":"Sumitomo Mitsui Banking Corporation","lib_val_ctl3":"Sumitomo Mitsui Banking Corporation","lib_val_ctl4":"","lib_val_ctl5":"","lib_val_ctl6":"Sumitomo","lib_val_ctl7":"","lib_val_ctl8":"","lib_val_ctl9":"","lib_val_ctl10":"","ini_target_div":"1","disp_order":"1"},{"lib_val_cd":"002","lib_val_nm_j":"\u4e09\u83f1\u6771\u4eacUFJ\u9280\u884c","lib_val_nm_e":"The Bank of Tokyo-Mitsubishi UFJ","lib_val_ab_j":"\u4e09\u83f1\u6771\u4eacUFJ\u9280\u884c","lib_val_ab_e":"The Bank of Tokyo-Mitsubishi UFJ","lib_val_ctl1":"Sumitomo","lib_val_ctl2":"","lib_val_ctl3":"","lib_val_ctl4":"","lib_val_ctl5":"","lib_val_ctl6":"Sumitomo","lib_val_ctl7":"","lib_val_ctl8":"","lib_val_ctl9":"","lib_val_ctl10":"","ini_target_div":"0","disp_order":"2"},{"lib_val_cd":"003","lib_val_nm_j":"\u4e09\u4e95\u4f4f\u53cb\u9280\u884c\u5ddd\u53e3\u652f\u5e97\uff08\u5186\uff09","lib_val_nm_e":"Sumitomo Mitsui Banking Corporation(0009)","lib_val_ab_j":"\u4e09\u4e95\u4f4f\u53cb\u9280\u884c\u5ddd\u53e3\u652f\u5e97\uff08\u5186\uff09","lib_val_ab_e":"Sumitomo Mitsui Banking Corporation(0009)","lib_val_ctl1":"Sumitomo","lib_val_ctl2":"","lib_val_ctl3":"","lib_val_ctl4":"","lib_val_ctl5":"","lib_val_ctl6":"Sumitomo","lib_val_ctl7":"","lib_val_ctl8":"","lib_val_ctl9":"","lib_val_ctl10":"","ini_target_div":"1","disp_order":"3"},{"lib_val_cd":"004","lib_val_nm_j":"\u57ce\u5317\u4fe1\u7528\u91d1\u5eab\u524d\u5ddd\u652f\u5e97\uff08\u56fd\u5185\u7528\uff09","lib_val_nm_e":"NULL","lib_val_ab_j":"\u57ce\u5317\u4fe1\u7528\u91d1\u5eab\u524d\u5ddd\u652f\u5e97\uff08\u56fd\u5185\u7528\uff09","lib_val_ab_e":"NULL","lib_val_ctl1":"Sumitomo","lib_val_ctl2":"","lib_val_ctl3":"","lib_val_ctl4":"","lib_val_ctl5":"","lib_val_ctl6":"Sumitomo","lib_val_ctl7":"","lib_val_ctl8":"","lib_val_ctl9":"","lib_val_ctl10":"","ini_target_div":"0","disp_order":"4"},{"lib_val_cd":"005","lib_val_nm_j":"\u305d\u306e\u4ed6","lib_val_nm_e":"\u305d\u306e\u4ed6","lib_val_ab_j":"\u305d\u306e\u4ed6","lib_val_ab_e":"\u305d\u306e\u4ed6","lib_val_ctl1":"Sumitomo","lib_val_ctl2":"","lib_val_ctl3":"","lib_val_ctl4":"","lib_val_ctl5":"","lib_val_ctl6":"Sumitomo","lib_val_ctl7":"","lib_val_ctl8":"","lib_val_ctl9":"","lib_val_ctl10":"","ini_target_div":"0","disp_order":"5"},{"lib_val_cd":"666","lib_val_nm_j":"666","lib_val_nm_e":"666","lib_val_ab_j":"666","lib_val_ab_e":"666","lib_val_ctl1":"","lib_val_ctl2":"","lib_val_ctl3":"","lib_val_ctl4":"","lib_val_ctl5":"","lib_val_ctl6":"","lib_val_ctl7":"","lib_val_ctl8":"","lib_val_ctl9":"","lib_val_ctl10":"","ini_target_div":"0","disp_order":"6"}]','100','056_library-master','::1';
2017-11-23 12:30:23 EXEC SPC_056_LIBRARY_MASTER_INQ1 'bank_div';
2017-11-23 12:30:26 EXEC SPC_056_LIBRARY_MASTER_INQ1 'bank_div';
2017-11-23 12:30:31 EXEC SPC_056_LIBRARY_MASTER_ACT1 'bank_div','[{"lib_val_cd":"001","lib_val_nm_j":"\u4e09\u4e95\u4f4f\u53cb\u9280\u884c\u5ddd\u53e3\u652f\u5e97","lib_val_nm_e":"Sumitomo Mitsui Banking Corporation","lib_val_ab_j":"\u4e09\u4e95\u4f4f\u53cb\u9280\u884c\u5ddd\u53e3\u652f\u5e97","lib_val_ab_e":"Sumitomo Mitsui Banking Corporation","lib_val_ctl1":"Sumitomo Mitsui Banking Corporation","lib_val_ctl2":"Sumitomo Mitsui Banking Corporation","lib_val_ctl3":"Sumitomo Mitsui Banking Corporation","lib_val_ctl4":"","lib_val_ctl5":"","lib_val_ctl6":"Sumitomo","lib_val_ctl7":"","lib_val_ctl8":"","lib_val_ctl9":"","lib_val_ctl10":"","ini_target_div":"1","disp_order":"1"},{"lib_val_cd":"002","lib_val_nm_j":"\u4e09\u83f1\u6771\u4eacUFJ\u9280\u884c","lib_val_nm_e":"The Bank of Tokyo-Mitsubishi UFJ","lib_val_ab_j":"\u4e09\u83f1\u6771\u4eacUFJ\u9280\u884c","lib_val_ab_e":"The Bank of Tokyo-Mitsubishi UFJ","lib_val_ctl1":"Sumitomo","lib_val_ctl2":"","lib_val_ctl3":"","lib_val_ctl4":"","lib_val_ctl5":"","lib_val_ctl6":"Sumitomo","lib_val_ctl7":"","lib_val_ctl8":"","lib_val_ctl9":"","lib_val_ctl10":"","ini_target_div":"0","disp_order":"2"},{"lib_val_cd":"003","lib_val_nm_j":"\u4e09\u4e95\u4f4f\u53cb\u9280\u884c\u5ddd\u53e3\u652f\u5e97\uff08\u5186\uff09","lib_val_nm_e":"Sumitomo Mitsui Banking Corporation(0009)","lib_val_ab_j":"\u4e09\u4e95\u4f4f\u53cb\u9280\u884c\u5ddd\u53e3\u652f\u5e97\uff08\u5186\uff09","lib_val_ab_e":"Sumitomo Mitsui Banking Corporation(0009)","lib_val_ctl1":"Sumitomo","lib_val_ctl2":"","lib_val_ctl3":"","lib_val_ctl4":"","lib_val_ctl5":"","lib_val_ctl6":"Sumitomo","lib_val_ctl7":"","lib_val_ctl8":"","lib_val_ctl9":"","lib_val_ctl10":"","ini_target_div":"1","disp_order":"3"},{"lib_val_cd":"004","lib_val_nm_j":"\u57ce\u5317\u4fe1\u7528\u91d1\u5eab\u524d\u5ddd\u652f\u5e97\uff08\u56fd\u5185\u7528\uff09","lib_val_nm_e":"NULL","lib_val_ab_j":"\u57ce\u5317\u4fe1\u7528\u91d1\u5eab\u524d\u5ddd\u652f\u5e97\uff08\u56fd\u5185\u7528\uff09","lib_val_ab_e":"NULL","lib_val_ctl1":"Sumitomo","lib_val_ctl2":"","lib_val_ctl3":"","lib_val_ctl4":"","lib_val_ctl5":"","lib_val_ctl6":"Sumitomo","lib_val_ctl7":"","lib_val_ctl8":"","lib_val_ctl9":"","lib_val_ctl10":"","ini_target_div":"0","disp_order":"4"},{"lib_val_cd":"005","lib_val_nm_j":"\u305d\u306e\u4ed6","lib_val_nm_e":"\u305d\u306e\u4ed6","lib_val_ab_j":"\u305d\u306e\u4ed6","lib_val_ab_e":"\u305d\u306e\u4ed6","lib_val_ctl1":"Sumitomo","lib_val_ctl2":"","lib_val_ctl3":"","lib_val_ctl4":"","lib_val_ctl5":"","lib_val_ctl6":"Sumitomo","lib_val_ctl7":"","lib_val_ctl8":"","lib_val_ctl9":"","lib_val_ctl10":"","ini_target_div":"0","disp_order":"5"}]','100','056_library-master','::1';
2017-11-23 12:30:32 EXEC SPC_056_LIBRARY_MASTER_INQ1 'bank_div';
2017-11-23 12:30:35 EXEC SPC_COM_GET_COMBOBOX 'possible_div';
2017-11-23 12:30:35 EXEC SPC_057_LIBRARY_MASTER_SEARCH_FND1 '','','','','1','1','10';
2017-11-23 12:30:40 EXEC SPC_057_LIBRARY_MASTER_SEARCH_FND1 '','','','','1','2','10';
2017-11-23 12:30:41 EXEC SPC_057_LIBRARY_MASTER_SEARCH_FND1 '','','','','1','2','50';
2017-11-23 12:30:44 EXEC SPC_057_LIBRARY_MASTER_SEARCH_FND1 '','','','','1','2','100';
2017-11-23 12:30:46 EXEC SPC_057_LIBRARY_MASTER_SEARCH_FND1 '','','','','1','2','10';
2017-11-23 12:30:54 EXEC SPC_057_LIBRARY_MASTER_SEARCH_FND1 '','','','','1','2','100';
2017-11-23 12:30:56 EXEC SPC_057_LIBRARY_MASTER_SEARCH_FND1 '','','','','1','3','100';
2017-11-23 12:30:57 EXEC SPC_057_LIBRARY_MASTER_SEARCH_FND1 '','','','','1','2','100';
2017-11-23 12:31:00 EXEC SPC_057_LIBRARY_MASTER_SEARCH_FND1 '','','','','1','1','100';
2017-11-23 12:31:44 EXEC SPC_057_LIBRARY_MASTER_SEARCH_FND1 'city','','','','1','1','100';
2017-11-23 12:31:49 EXEC SPC_057_LIBRARY_MASTER_SEARCH_FND1 'city','','','','1','1','10';
2017-11-23 12:31:51 EXEC SPC_057_LIBRARY_MASTER_SEARCH_FND1 'city','','','','1','2','10';
2017-11-23 12:31:52 EXEC SPC_057_LIBRARY_MASTER_SEARCH_FND1 'city','','','','1','7','10';
2017-11-23 12:32:04 EXEC SPC_057_LIBRARY_MASTER_SEARCH_FND1 'city','','','','1','1','10';
2017-11-23 15:12:06 EXEC SPC_COM_GET_COMBOBOX 'possible_div';
2017-11-23 15:22:18 EXEC SPC_COM_GET_COMBOBOX 'port_country_div';
2017-11-23 15:22:18 EXEC SPC_COM_GET_COMBOBOX 'shipment_div';
2017-11-23 15:22:18 EXEC SPC_COM_GET_COMBOBOX 'payment_conditions_div';
2017-11-23 15:22:18 EXEC SPC_COM_GET_COMBOBOX 'trade_terms_div';
2017-11-23 15:22:18 EXEC SPC_COM_GET_COMBOBOX 'port_city_div';
2017-11-23 15:22:18 EXEC SPC_COM_GET_COMBOBOX 'currency_div';
2017-11-23 15:22:19 EXEC SPC_COM_GET_COMBOBOX 'unit_q_div';
2017-11-23 15:22:19 EXEC SPC_COM_GET_COMBOBOX 'bank_div';
2017-11-23 15:22:19 EXEC SPC_COM_GET_COMBOBOX 'sales_detail_div';
2017-11-23 15:22:19 EXEC SPC_COM_GET_COMBOBOX 'unit_w_div';
2017-11-23 15:22:19 EXEC SPC_COM_GET_COMBOBOX 'unit_m_div';
