2017-12-08 10:53:08 EXEC SPC_COM_GET_COMBOBOX 'port_country_div';
2017-12-08 10:53:09 EXEC SPC_COM_GET_COMBOBOX 'unit_q_div';
2017-12-08 10:53:09 EXEC SPC_COM_GET_COMBOBOX 'currency_div';
2017-12-08 10:53:09 EXEC SPC_COM_GET_COMBOBOX 'shipment_div';
2017-12-08 10:53:09 EXEC SPC_COM_GET_COMBOBOX 'trade_terms_div';
2017-12-08 10:53:09 EXEC SPC_COM_GET_COMBOBOX 'payment_conditions_div';
2017-12-08 10:53:09 EXEC SPC_COM_GET_COMBOBOX 'port_city_div';
2017-12-08 10:53:09 EXEC SPC_COM_GET_COMBOBOX 'unit_w_div';
2017-12-08 10:53:09 EXEC SPC_COM_GET_COMBOBOX 'sales_detail_div';
2017-12-08 10:53:09 EXEC SPC_COM_GET_COMBOBOX 'unit_m_div';
2017-12-08 10:53:10 EXEC SPC_GET_TAX_RATE '2017/12/08';
2017-12-08 10:53:10 EXEC SPC_COM_GET_COMBOBOX 'bank_div';
2017-12-08 10:53:59 EXEC SPC_COM_GET_COMBOBOX 'payment_conditions_div';
2017-12-08 10:53:59 EXEC SPC_COM_GET_COMBOBOX 'port_city_div';
2017-12-08 10:53:59 EXEC SPC_COM_GET_COMBOBOX 'shipment_div';
2017-12-08 10:53:59 EXEC SPC_COM_GET_COMBOBOX 'currency_div';
2017-12-08 10:53:59 EXEC SPC_COM_GET_COMBOBOX 'port_country_div';
2017-12-08 10:53:59 EXEC SPC_COM_GET_COMBOBOX 'trade_terms_div';
2017-12-08 10:54:00 EXEC SPC_COM_GET_COMBOBOX 'unit_w_div';
2017-12-08 10:54:00 EXEC SPC_COM_GET_COMBOBOX 'unit_q_div';
2017-12-08 10:54:00 EXEC SPC_COM_GET_COMBOBOX 'bank_div';
2017-12-08 10:54:00 EXEC SPC_COM_GET_COMBOBOX 'sales_detail_div';
2017-12-08 10:54:00 EXEC SPC_GET_TAX_RATE '2017/12/08';
2017-12-08 10:54:00 EXEC SPC_COM_GET_COMBOBOX 'unit_m_div';
2017-12-08 10:54:34 EXEC SPC_COM_GET_COMBOBOX 'currency_div';
2017-12-08 10:54:34 EXEC SPC_COM_GET_COMBOBOX 'port_country_div';
2017-12-08 10:54:34 EXEC SPC_COM_GET_COMBOBOX 'payment_conditions_div';
2017-12-08 10:54:34 EXEC SPC_COM_GET_COMBOBOX 'port_city_div';
2017-12-08 10:54:34 EXEC SPC_COM_GET_COMBOBOX 'shipment_div';
2017-12-08 10:54:34 EXEC SPC_COM_GET_COMBOBOX 'trade_terms_div';
2017-12-08 10:54:35 EXEC SPC_COM_GET_COMBOBOX 'unit_q_div';
2017-12-08 10:54:35 EXEC SPC_COM_GET_COMBOBOX 'unit_w_div';
2017-12-08 10:54:35 EXEC SPC_COM_GET_COMBOBOX 'unit_m_div';
2017-12-08 10:54:35 EXEC SPC_COM_GET_COMBOBOX 'bank_div';
2017-12-08 10:54:35 EXEC SPC_COM_GET_COMBOBOX 'sales_detail_div';
2017-12-08 10:54:35 EXEC SPC_GET_TAX_RATE '2017/12/08';
2017-12-08 10:55:03 EXEC SPC_COM_GET_COMBOBOX 'port_city_div';
2017-12-08 10:55:03 EXEC SPC_COM_GET_COMBOBOX 'trade_terms_div';
2017-12-08 10:55:03 EXEC SPC_GET_LIB_COUNTRY 'JP';
2017-12-08 10:55:03 EXEC SPC_COM_GET_COMBOBOX 'port_country_div';
2017-12-08 10:55:03 EXEC SPC_COM_GET_COMBOBOX 'currency_div';
2017-12-08 10:55:03 EXEC SPC_COM_GET_COMBOBOX 'shipment_div';
2017-12-08 10:55:04 EXEC SPC_COM_GET_COMBOBOX 'payment_conditions_div';
2017-12-08 10:55:04 EXEC SPC_COM_GET_COMBOBOX 'unit_q_div';
2017-12-08 10:55:04 EXEC SPC_COM_GET_COMBOBOX 'unit_m_div';
2017-12-08 10:55:04 EXEC SPC_COM_GET_COMBOBOX 'unit_w_div';
2017-12-08 10:55:04 EXEC SPC_COM_GET_COMBOBOX 'bank_div';
2017-12-08 10:55:04 EXEC SPC_COM_GET_COMBOBOX 'sales_detail_div';
2017-12-08 11:30:25 EXEC SPC_COM_GET_COMBOBOX 'port_country_div';
2017-12-08 11:30:26 EXEC SPC_COM_GET_COMBOBOX 'trade_terms_div';
2017-12-08 11:30:26 EXEC SPC_COM_GET_COMBOBOX 'shipment_div';
2017-12-08 11:30:26 EXEC SPC_COM_GET_COMBOBOX 'currency_div';
2017-12-08 11:30:26 EXEC SPC_COM_GET_COMBOBOX 'port_city_div';
2017-12-08 11:30:26 EXEC SPC_COM_GET_COMBOBOX 'unit_q_div';
2017-12-08 11:30:26 EXEC SPC_COM_GET_COMBOBOX 'unit_w_div';
2017-12-08 11:30:26 EXEC SPC_COM_GET_COMBOBOX 'unit_m_div';
2017-12-08 11:30:27 EXEC SPC_COM_GET_COMBOBOX 'sales_detail_div';
2017-12-08 11:30:27 EXEC SPC_GET_TAX_RATE '2017/12/08';
2017-12-08 11:30:27 EXEC SPC_COM_GET_COMBOBOX 'payment_conditions_div';
2017-12-08 11:30:27 EXEC SPC_COM_GET_COMBOBOX 'bank_div';
2017-12-08 11:53:37 EXEC SPC_COM_GET_COMBOBOX 'port_city_div';
2017-12-08 11:53:38 EXEC SPC_COM_GET_COMBOBOX 'unit_q_div';
2017-12-08 11:53:38 EXEC SPC_COM_GET_COMBOBOX 'payment_conditions_div';
2017-12-08 11:53:38 EXEC SPC_COM_GET_COMBOBOX 'currency_div';
2017-12-08 11:53:38 EXEC SPC_COM_GET_COMBOBOX 'trade_terms_div';
2017-12-08 11:53:38 EXEC SPC_COM_GET_COMBOBOX 'shipment_div';
2017-12-08 11:53:38 EXEC SPC_COM_GET_COMBOBOX 'port_country_div';
2017-12-08 11:53:38 EXEC SPC_COM_GET_COMBOBOX 'unit_w_div';
2017-12-08 11:53:39 EXEC SPC_COM_GET_COMBOBOX 'sales_detail_div';
2017-12-08 11:53:39 EXEC SPC_COM_GET_COMBOBOX 'unit_m_div';
2017-12-08 11:53:39 EXEC SPC_GET_TAX_RATE '2017/12/08';
2017-12-08 11:53:39 EXEC SPC_COM_GET_COMBOBOX 'bank_div';
2017-12-08 11:54:03 EXEC SPC_073_LOGIN_ACT1 '001','123456';
2017-12-08 11:54:03 EXEC SPC_GET_CONSTANT '';
2017-12-08 12:12:42 EXEC SPC_COM_GET_COMBOBOX 'port_country_div';
2017-12-08 12:12:42 EXEC SPC_COM_GET_COMBOBOX 'port_city_div';
2017-12-08 12:12:42 EXEC SPC_COM_GET_COMBOBOX 'shipment_div';
2017-12-08 12:12:42 EXEC SPC_COM_GET_COMBOBOX 'unit_q_div';
2017-12-08 12:12:43 EXEC SPC_COM_GET_COMBOBOX 'currency_div';
2017-12-08 12:12:43 EXEC SPC_COM_GET_COMBOBOX 'payment_conditions_div';
2017-12-08 12:12:43 EXEC SPC_COM_GET_COMBOBOX 'unit_w_div';
2017-12-08 12:12:43 EXEC SPC_COM_GET_COMBOBOX 'unit_m_div';
2017-12-08 12:12:43 EXEC SPC_COM_GET_COMBOBOX 'sales_detail_div';
2017-12-08 12:12:43 EXEC SPC_COM_GET_COMBOBOX 'trade_terms_div';
2017-12-08 12:12:43 EXEC SPC_COM_GET_COMBOBOX 'bank_div';
2017-12-08 12:12:43 EXEC SPC_GET_TAX_RATE '2017/12/08';
2017-12-08 12:14:04 EXEC SPC_COM_GET_COMBOBOX 'port_country_div';
2017-12-08 12:14:04 EXEC SPC_COM_GET_COMBOBOX 'port_city_div';
2017-12-08 12:14:04 EXEC SPC_COM_GET_COMBOBOX 'payment_conditions_div';
2017-12-08 12:14:04 EXEC SPC_COM_GET_COMBOBOX 'shipment_div';
2017-12-08 12:14:04 EXEC SPC_COM_GET_COMBOBOX 'trade_terms_div';
2017-12-08 12:14:05 EXEC SPC_GET_TAX_RATE '2017/12/08';
2017-12-08 12:14:05 EXEC SPC_COM_GET_COMBOBOX 'unit_q_div';
2017-12-08 12:14:05 EXEC SPC_COM_GET_COMBOBOX 'unit_w_div';
2017-12-08 12:14:05 EXEC SPC_COM_GET_COMBOBOX 'unit_m_div';
2017-12-08 12:14:05 EXEC SPC_COM_GET_COMBOBOX 'sales_detail_div';
2017-12-08 12:14:05 EXEC SPC_COM_GET_COMBOBOX 'bank_div';
2017-12-08 12:14:14 EXEC SPC_GET_PRODUCT '0001','','';
2017-12-08 12:14:45 EXEC SPC_GET_PRODUCT '002','','';
2017-12-08 12:15:05 EXEC SPC_GET_PRODUCT '003','','USD';
2017-12-08 12:16:26 EXEC SPC_COM_GET_COMBOBOX 'trade_terms_div';
2017-12-08 12:16:26 EXEC SPC_COM_GET_COMBOBOX 'payment_conditions_div';
2017-12-08 12:16:26 EXEC SPC_COM_GET_COMBOBOX 'port_country_div';
2017-12-08 12:16:26 EXEC SPC_COM_GET_COMBOBOX 'shipment_div';
2017-12-08 12:16:26 EXEC SPC_COM_GET_COMBOBOX 'currency_div';
2017-12-08 12:16:26 EXEC SPC_COM_GET_COMBOBOX 'port_city_div';
2017-12-08 12:16:27 EXEC SPC_COM_GET_COMBOBOX 'sales_detail_div';
2017-12-08 12:16:27 EXEC SPC_COM_GET_COMBOBOX 'unit_q_div';
2017-12-08 12:16:27 EXEC SPC_COM_GET_COMBOBOX 'unit_m_div';
2017-12-08 12:16:27 EXEC SPC_COM_GET_COMBOBOX 'bank_div';
2017-12-08 12:16:27 EXEC SPC_COM_GET_COMBOBOX 'unit_w_div';
2017-12-08 12:16:27 EXEC SPC_GET_TAX_RATE '2017/12/08';
2017-12-08 12:16:34 EXEC SPC_GET_PRODUCT '002','','';
2017-12-08 12:23:51 EXEC SPC_COM_GET_COMBOBOX 'port_country_div';
2017-12-08 12:23:52 EXEC SPC_COM_GET_COMBOBOX 'unit_q_div';
2017-12-08 12:23:52 EXEC SPC_COM_GET_COMBOBOX 'unit_w_div';
2017-12-08 12:23:53 EXEC SPC_COM_GET_COMBOBOX 'payment_conditions_div';
2017-12-08 12:23:53 EXEC SPC_COM_GET_COMBOBOX 'shipment_div';
2017-12-08 12:23:53 EXEC SPC_COM_GET_COMBOBOX 'trade_terms_div';
2017-12-08 12:23:53 EXEC SPC_COM_GET_COMBOBOX 'currency_div';
2017-12-08 12:23:53 EXEC SPC_COM_GET_COMBOBOX 'port_city_div';
2017-12-08 12:23:53 EXEC SPC_COM_GET_COMBOBOX 'unit_m_div';
2017-12-08 12:23:53 EXEC SPC_COM_GET_COMBOBOX 'sales_detail_div';
2017-12-08 12:23:53 EXEC SPC_GET_TAX_RATE '2017/12/08';
2017-12-08 12:23:53 EXEC SPC_COM_GET_COMBOBOX 'bank_div';
2017-12-08 12:24:13 EXEC SPC_COM_GET_COMBOBOX 'shipment_div';
2017-12-08 12:24:13 EXEC SPC_COM_GET_COMBOBOX 'port_country_div';
2017-12-08 12:24:13 EXEC SPC_COM_GET_COMBOBOX 'port_city_div';
2017-12-08 12:24:13 EXEC SPC_COM_GET_COMBOBOX 'trade_terms_div';
2017-12-08 12:24:13 EXEC SPC_COM_GET_COMBOBOX 'currency_div';
2017-12-08 12:24:13 EXEC SPC_COM_GET_COMBOBOX 'payment_conditions_div';
2017-12-08 12:24:13 EXEC SPC_COM_GET_COMBOBOX 'unit_q_div';
2017-12-08 12:24:13 EXEC SPC_COM_GET_COMBOBOX 'unit_w_div';
2017-12-08 12:24:13 EXEC SPC_COM_GET_COMBOBOX 'bank_div';
2017-12-08 12:24:13 EXEC SPC_COM_GET_COMBOBOX 'sales_detail_div';
2017-12-08 12:24:13 EXEC SPC_GET_TAX_RATE '2017/12/08';
2017-12-08 12:24:13 EXEC SPC_COM_GET_COMBOBOX 'unit_m_div';
2017-12-08 12:24:18 EXEC SPC_GET_PRODUCT '002','','';
2017-12-08 12:26:12 EXEC SPC_GET_PRODUCT '000001','','';
2017-12-08 12:26:22 EXEC SPC_GET_LIB_COUNTRY 'JP';
2017-12-08 12:26:22 EXEC SPC_COM_GET_COMBOBOX 'port_city_div';
2017-12-08 12:26:22 EXEC SPC_COM_GET_COMBOBOX 'trade_terms_div';
2017-12-08 12:26:22 EXEC SPC_COM_GET_COMBOBOX 'shipment_div';
2017-12-08 12:26:22 EXEC SPC_COM_GET_COMBOBOX 'port_country_div';
2017-12-08 12:26:23 EXEC SPC_COM_GET_COMBOBOX 'currency_div';
2017-12-08 12:26:23 EXEC SPC_COM_GET_COMBOBOX 'payment_conditions_div';
2017-12-08 12:26:23 EXEC SPC_COM_GET_COMBOBOX 'unit_q_div';
2017-12-08 12:26:23 EXEC SPC_COM_GET_COMBOBOX 'unit_w_div';
2017-12-08 12:26:23 EXEC SPC_COM_GET_COMBOBOX 'unit_m_div';
2017-12-08 12:26:23 EXEC SPC_COM_GET_COMBOBOX 'bank_div';
2017-12-08 12:26:23 EXEC SPC_COM_GET_COMBOBOX 'sales_detail_div';
2017-12-08 12:26:27 EXEC SPC_GET_PRODUCT '000002','JP','';
2017-12-08 12:26:29 EXEC SPC_GET_PRODUCT '000001','JP','';
2017-12-08 12:28:36 EXEC SPC_GET_PRODUCT '000002','JP','';
2017-12-08 12:28:41 EXEC SPC_GET_PRODUCT '000001','JP','';
2017-12-08 12:28:48 EXEC SPC_GET_PRODUCT '000002','JP','';
2017-12-08 12:29:46 EXEC SPC_GET_PRODUCT '000002','JP','';
2017-12-08 12:29:48 EXEC SPC_GET_PRODUCT '000001','JP','';
2017-12-08 12:31:37 EXEC SPC_COM_GET_COMBOBOX 'port_country_div';
2017-12-08 12:31:38 EXEC SPC_COM_GET_COMBOBOX 'unit_q_div';
2017-12-08 12:31:38 EXEC SPC_COM_GET_COMBOBOX 'unit_w_div';
2017-12-08 12:31:39 EXEC SPC_COM_GET_COMBOBOX 'unit_m_div';
2017-12-08 12:31:39 EXEC SPC_COM_GET_COMBOBOX 'currency_div';
2017-12-08 12:31:39 EXEC SPC_COM_GET_COMBOBOX 'shipment_div';
2017-12-08 12:31:39 EXEC SPC_COM_GET_COMBOBOX 'port_city_div';
s_div';
2017-12-08 12:31:39 EXEC SPC_COM_GET_COMBOBOX 'trade_terms_div';
2017-12-08 12:31:39 EXEC SPC_COM_GET_COMBOBOX 'bank_div';
2017-12-08 12:31:39 EXEC SPC_COM_GET_COMBOBOX 'sales_detail_div';
2017-12-08 12:31:39 EXEC SPC_GET_TAX_RATE '2017/12/08';
2017-12-08 12:31:46 EXEC SPC_GET_PRODUCT '000001','','';
2017-12-08 12:33:46 EXEC SPC_COM_GET_COMBOBOX 'port_country_div';
2017-12-08 12:33:46 EXEC SPC_COM_GET_COMBOBOX 'payment_conditions_div';
2017-12-08 12:33:46 EXEC SPC_COM_GET_COMBOBOX 'shipment_div';
2017-12-08 12:33:46 EXEC SPC_COM_GET_COMBOBOX 'trade_terms_div';
2017-12-08 12:33:46 EXEC SPC_COM_GET_COMBOBOX 'currency_div';
2017-12-08 12:33:46 EXEC SPC_COM_GET_COMBOBOX 'port_city_div';
2017-12-08 12:33:47 EXEC SPC_COM_GET_COMBOBOX 'unit_m_div';
2017-12-08 12:33:47 EXEC SPC_COM_GET_COMBOBOX 'unit_w_div';
2017-12-08 12:33:47 EXEC SPC_COM_GET_COMBOBOX 'bank_div';
2017-12-08 12:33:47 EXEC SPC_COM_GET_COMBOBOX 'sales_detail_div';
2017-12-08 12:33:47 EXEC SPC_COM_GET_COMBOBOX 'unit_q_div';
2017-12-08 12:33:47 EXEC SPC_GET_TAX_RATE '2017/12/08';
2017-12-08 12:33:51 EXEC SPC_GET_PRODUCT '000001','','';
2017-12-08 12:36:20 EXEC SPC_COM_GET_COMBOBOX 'port_country_div';
2017-12-08 12:36:20 EXEC SPC_COM_GET_COMBOBOX 'shipment_div';
2017-12-08 12:36:20 EXEC SPC_COM_GET_COMBOBOX 'trade_terms_div';
2017-12-08 12:36:20 EXEC SPC_COM_GET_COMBOBOX 'currency_div';
2017-12-08 12:36:20 EXEC SPC_COM_GET_COMBOBOX 'port_city_div';
2017-12-08 12:36:20 EXEC SPC_COM_GET_COMBOBOX 'payment_conditions_div';
2017-12-08 12:36:20 EXEC SPC_COM_GET_COMBOBOX 'sales_detail_div';
2017-12-08 12:36:20 EXEC SPC_COM_GET_COMBOBOX 'unit_m_div';
2017-12-08 12:36:20 EXEC SPC_COM_GET_COMBOBOX 'bank_div';
2017-12-08 12:36:20 EXEC SPC_COM_GET_COMBOBOX 'unit_q_div';
2017-12-08 12:36:20 EXEC SPC_COM_GET_COMBOBOX 'unit_w_div';
2017-12-08 12:36:21 EXEC SPC_GET_TAX_RATE '2017/12/08';
2017-12-08 12:36:28 EXEC SPC_GET_PRODUCT '000000','','';
2017-12-08 12:36:31 EXEC SPC_GET_PRODUCT '000001','','';
2017-12-08 12:36:44 EXEC SPC_GET_PRODUCT '000002','','';
2017-12-08 12:41:36 EXEC SPC_COM_GET_COMBOBOX 'port_country_div';
2017-12-08 12:41:37 EXEC SPC_COM_GET_COMBOBOX 'unit_q_div';
2017-12-08 12:41:37 EXEC SPC_COM_GET_COMBOBOX 'unit_w_div';
2017-12-08 12:41:37 EXEC SPC_COM_GET_COMBOBOX 'shipment_div';
2017-12-08 12:41:37 EXEC SPC_COM_GET_COMBOBOX 'currency_div';
2017-12-08 12:41:37 EXEC SPC_COM_GET_COMBOBOX 'payment_conditions_div';
2017-12-08 12:41:38 EXEC SPC_COM_GET_COMBOBOX 'port_city_div';
2017-12-08 12:41:38 EXEC SPC_COM_GET_COMBOBOX 'trade_terms_div';
2017-12-08 12:41:38 EXEC SPC_COM_GET_COMBOBOX 'unit_m_div';
2017-12-08 12:41:38 EXEC SPC_COM_GET_COMBOBOX 'sales_detail_div';
2017-12-08 12:41:38 EXEC SPC_COM_GET_COMBOBOX 'bank_div';
2017-12-08 12:41:38 EXEC SPC_GET_TAX_RATE '2017/12/08';
2017-12-08 12:43:46 EXEC SPC_COM_GET_COMBOBOX 'port_country_div';
2017-12-08 12:43:46 EXEC SPC_COM_GET_COMBOBOX 'payment_conditions_div';
2017-12-08 12:43:46 EXEC SPC_COM_GET_COMBOBOX 'trade_terms_div';
2017-12-08 12:43:46 EXEC SPC_COM_GET_COMBOBOX 'port_city_div';
2017-12-08 12:43:46 EXEC SPC_COM_GET_COMBOBOX 'shipment_div';
2017-12-08 12:43:46 EXEC SPC_COM_GET_COMBOBOX 'currency_div';
2017-12-08 12:43:46 EXEC SPC_COM_GET_COMBOBOX 'sales_detail_div';
2017-12-08 12:43:46 EXEC SPC_GET_TAX_RATE '2017/12/08';
2017-12-08 12:43:47 EXEC SPC_COM_GET_COMBOBOX 'bank_div';
2017-12-08 12:43:47 EXEC SPC_COM_GET_COMBOBOX 'unit_q_div';
2017-12-08 12:43:47 EXEC SPC_COM_GET_COMBOBOX 'unit_m_div';
2017-12-08 12:43:47 EXEC SPC_COM_GET_COMBOBOX 'unit_w_div';
2017-12-08 12:45:23 EXEC SPC_COM_GET_COMBOBOX 'payment_conditions_div';
2017-12-08 12:45:23 EXEC SPC_COM_GET_COMBOBOX 'port_country_div';
2017-12-08 12:45:23 EXEC SPC_COM_GET_COMBOBOX 'trade_terms_div';
2017-12-08 12:45:23 EXEC SPC_COM_GET_COMBOBOX 'currency_div';
2017-12-08 12:45:23 EXEC SPC_COM_GET_COMBOBOX 'port_city_div';
2017-12-08 12:45:23 EXEC SPC_COM_GET_COMBOBOX 'shipment_div';
2017-12-08 12:45:23 EXEC SPC_COM_GET_COMBOBOX 'unit_w_div';
2017-12-08 12:45:23 EXEC SPC_COM_GET_COMBOBOX 'unit_m_div';
2017-12-08 12:45:23 EXEC SPC_COM_GET_COMBOBOX 'unit_q_div';
2017-12-08 12:45:23 EXEC SPC_GET_TAX_RATE '2017/12/08';
2017-12-08 12:45:23 EXEC SPC_COM_GET_COMBOBOX 'sales_detail_div';
2017-12-08 12:45:24 EXEC SPC_COM_GET_COMBOBOX 'bank_div';
2017-12-08 12:48:27 EXEC SPC_COM_GET_COMBOBOX 'pi_status_div';
2017-12-08 15:45:17 EXEC SPC_COM_GET_COMBOBOX 'port_city_div';
2017-12-08 15:45:17 EXEC SPC_COM_GET_COMBOBOX 'port_country_div';
2017-12-08 15:45:17 EXEC SPC_COM_GET_COMBOBOX 'unit_w_div';
2017-12-08 15:45:17 EXEC SPC_COM_GET_COMBOBOX 'unit_q_div';
2017-12-08 15:45:18 EXEC SPC_COM_GET_COMBOBOX 'unit_m_div';
2017-12-08 15:45:18 EXEC SPC_COM_GET_COMBOBOX 'sales_detail_div';
2017-12-08 15:45:18 EXEC SPC_COM_GET_COMBOBOX 'trade_terms_div';
2017-12-08 15:45:18 EXEC SPC_COM_GET_COMBOBOX 'shipment_div';
2017-12-08 15:45:18 EXEC SPC_COM_GET_COMBOBOX 'currency_div';
2017-12-08 15:45:18 EXEC SPC_COM_GET_COMBOBOX 'payment_conditions_div';
2017-12-08 15:45:18 EXEC SPC_GET_TAX_RATE '2017/12/08';
2017-12-08 15:45:18 EXEC SPC_COM_GET_COMBOBOX 'bank_div';
2017-12-08 15:45:30 EXEC SPC_COM_GET_COMBOBOX 'port_city_div';
2017-12-08 15:45:30 EXEC SPC_GET_LIB_COUNTRY 'JP';
2017-12-08 15:45:30 EXEC SPC_COM_GET_COMBOBOX 'port_country_div';
2017-12-08 15:45:30 EXEC SPC_COM_GET_COMBOBOX 'trade_terms_div';
2017-12-08 15:45:30 EXEC SPC_COM_GET_COMBOBOX 'currency_div';
2017-12-08 15:45:30 EXEC SPC_COM_GET_COMBOBOX 'shipment_div';
2017-12-08 15:45:31 EXEC SPC_COM_GET_COMBOBOX 'payment_conditions_div';
2017-12-08 15:45:31 EXEC SPC_COM_GET_COMBOBOX 'unit_w_div';
2017-12-08 15:45:31 EXEC SPC_COM_GET_COMBOBOX 'sales_detail_div';
2017-12-08 15:45:31 EXEC SPC_COM_GET_COMBOBOX 'unit_m_div';
2017-12-08 15:45:31 EXEC SPC_COM_GET_COMBOBOX 'unit_q_div';
2017-12-08 15:45:31 EXEC SPC_COM_GET_COMBOBOX 'bank_div';
2017-12-08 16:00:19 EXEC SPC_GET_PRODUCT '000001','JP','';
2017-12-08 16:12:30 EXEC SPC_GET_PRODUCT '000002','JP','EUR';
2017-12-08 16:12:36 EXEC SPC_GET_PRODUCT '000001','JP','JPY';
2017-12-08 16:14:58 EXEC SPC_GET_PRODUCT '000002','JP','JPY';
2017-12-08 16:15:38 EXEC SPC_GET_PRODUCT '000001','JP','JPY';
2017-12-08 16:15:53 EXEC SPC_GET_PRODUCT '000002','JP','USD';
2017-12-08 16:15:56 EXEC SPC_GET_PRODUCT '000001','JP','USD';
2017-12-08 16:16:03 EXEC SPC_GET_PRODUCT '000002','JP','USD';
2017-12-08 16:16:05 EXEC SPC_GET_PRODUCT '000001','JP','USD';
2017-12-08 16:16:11 EXEC SPC_GET_PRODUCT '000002','JP','JPY';
2017-12-08 16:16:15 EXEC SPC_GET_PRODUCT '000001','JP','JPY';
2017-12-08 16:31:46 EXEC SPC_COM_GET_COMBOBOX 'port_country_div';
2017-12-08 16:31:47 EXEC SPC_COM_GET_COMBOBOX 'unit_q_div';
2017-12-08 16:31:47 EXEC SPC_COM_GET_COMBOBOX 'unit_w_div';
2017-12-08 16:31:47 EXEC SPC_COM_GET_COMBOBOX 'shipment_div';
2017-12-08 16:31:47 EXEC SPC_COM_GET_COMBOBOX 'currency_div';
ns_div';
2017-12-08 16:31:47 EXEC SPC_COM_GET_COMBOBOX 'trade_terms_div';
2017-12-08 16:31:47 EXEC SPC_COM_GET_COMBOBOX 'port_city_div';
2017-12-08 16:31:48 EXEC SPC_COM_GET_COMBOBOX 'bank_div';
2017-12-08 16:31:48 EXEC SPC_COM_GET_COMBOBOX 'unit_m_div';
2017-12-08 16:31:48 EXEC SPC_GET_TAX_RATE '2017/12/08';
2017-12-08 16:31:48 EXEC SPC_COM_GET_COMBOBOX 'sales_detail_div';
2017-12-08 16:31:54 EXEC SPC_GET_PRODUCT '000001','','';
2017-12-08 16:33:04 EXEC SPC_COM_GET_COMBOBOX 'port_city_div';
2017-12-08 16:33:04 EXEC SPC_COM_GET_COMBOBOX 'port_country_div';
2017-12-08 16:33:04 EXEC SPC_COM_GET_COMBOBOX 'currency_div';
2017-12-08 16:33:04 EXEC SPC_COM_GET_COMBOBOX 'payment_conditions_div';
2017-12-08 16:33:04 EXEC SPC_COM_GET_COMBOBOX 'shipment_div';
2017-12-08 16:33:04 EXEC SPC_COM_GET_COMBOBOX 'trade_terms_div';
2017-12-08 16:33:05 EXEC SPC_COM_GET_COMBOBOX 'unit_q_div';
2017-12-08 16:33:05 EXEC SPC_COM_GET_COMBOBOX 'unit_w_div';
2017-12-08 16:33:05 EXEC SPC_COM_GET_COMBOBOX 'sales_detail_div';
2017-12-08 16:33:05 EXEC SPC_COM_GET_COMBOBOX 'bank_div';
2017-12-08 16:33:05 EXEC SPC_COM_GET_COMBOBOX 'unit_m_div';
2017-12-08 16:33:05 EXEC SPC_GET_TAX_RATE '2017/12/08';
2017-12-08 16:33:26 EXEC SPC_GET_PRODUCT '000001','','';
2017-12-08 16:33:28 EXEC SPC_GET_PRODUCT '000001','','USD';
2017-12-08 16:33:36 EXEC SPC_GET_PRODUCT '000002','','USD';
2017-12-08 16:33:41 EXEC SPC_GET_PRODUCT '000002','','EUR';
2017-12-08 16:33:41 EXEC SPC_GET_PRODUCT '000001','','EUR';
2017-12-08 16:33:45 EXEC SPC_GET_PRODUCT '000001','','EUR';
2017-12-08 16:33:52 EXEC SPC_GET_PRODUCT '000001','','USD';
2017-12-08 16:33:53 EXEC SPC_GET_PRODUCT '000001','','USD';
2017-12-08 16:33:55 EXEC SPC_GET_PRODUCT '000001','','EUR';
2017-12-08 16:33:56 EXEC SPC_GET_PRODUCT '000001','','EUR';
2017-12-08 16:33:57 EXEC SPC_GET_PRODUCT '000001','','JPY';
2017-12-08 16:33:58 EXEC SPC_GET_PRODUCT '000001','','JPY';
2017-12-08 16:34:00 EXEC SPC_GET_PRODUCT '000002','','JPY';
2017-12-08 16:34:04 EXEC SPC_GET_PRODUCT '000002','','JPY';
2017-12-08 16:34:06 EXEC SPC_GET_PRODUCT '000001','','JPY';
2017-12-08 16:34:09 EXEC SPC_GET_PRODUCT '000001','','JPY';
2017-12-08 16:34:12 EXEC SPC_GET_PRODUCT '000001','','USD';
2017-12-08 16:34:12 EXEC SPC_GET_PRODUCT '000001','','USD';
2017-12-08 16:34:14 EXEC SPC_GET_PRODUCT '000001','','JPY';
2017-12-08 16:34:15 EXEC SPC_GET_PRODUCT '000001','','JPY';
2017-12-08 16:34:17 EXEC SPC_GET_PRODUCT '000001','','EUR';
2017-12-08 16:34:17 EXEC SPC_GET_PRODUCT '000001','','EUR';
2017-12-08 16:34:19 EXEC SPC_GET_PRODUCT '000001','','USD';
2017-12-08 16:34:19 EXEC SPC_GET_PRODUCT '000001','','USD';
2017-12-08 16:34:21 EXEC SPC_GET_PRODUCT '000001','','JPY';
2017-12-08 16:34:22 EXEC SPC_GET_PRODUCT '000001','','JPY';
2017-12-08 16:34:23 EXEC SPC_GET_PRODUCT '000001','','EUR';
2017-12-08 16:34:24 EXEC SPC_GET_PRODUCT '000001','','EUR';
2017-12-08 16:34:25 EXEC SPC_GET_PRODUCT '000001','','USD';
2017-12-08 16:34:25 EXEC SPC_GET_PRODUCT '000001','','USD';
2017-12-08 16:34:27 EXEC SPC_GET_PRODUCT '000001','','JPY';
2017-12-08 16:34:27 EXEC SPC_GET_PRODUCT '000001','','JPY';
2017-12-08 16:34:42 EXEC SPC_COM_GET_COMBOBOX 'port_country_div';
2017-12-08 16:34:42 EXEC SPC_GET_LIB_COUNTRY 'JP';
2017-12-08 16:34:42 EXEC SPC_COM_GET_COMBOBOX 'port_city_div';
2017-12-08 16:34:42 EXEC SPC_COM_GET_COMBOBOX 'currency_div';
2017-12-08 16:34:42 EXEC SPC_COM_GET_COMBOBOX 'shipment_div';
2017-12-08 16:34:43 EXEC SPC_COM_GET_COMBOBOX 'trade_terms_div';
2017-12-08 16:34:43 EXEC SPC_COM_GET_COMBOBOX 'unit_q_div';
2017-12-08 16:34:43 EXEC SPC_COM_GET_COMBOBOX 'payment_conditions_div';
2017-12-08 16:34:43 EXEC SPC_COM_GET_COMBOBOX 'unit_w_div';
2017-12-08 16:34:43 EXEC SPC_COM_GET_COMBOBOX 'unit_m_div';
2017-12-08 16:34:43 EXEC SPC_COM_GET_COMBOBOX 'sales_detail_div';
2017-12-08 16:34:43 EXEC SPC_COM_GET_COMBOBOX 'bank_div';
2017-12-08 16:34:57 EXEC SPC_GET_PRODUCT '002','JP','';
2017-12-08 16:35:03 EXEC SPC_GET_PRODUCT '000002','JP','';
2017-12-08 16:39:35 EXEC SPC_COM_GET_COMBOBOX 'currency_div';
2017-12-08 16:39:35 EXEC SPC_COM_GET_COMBOBOX 'port_country_div';
2017-12-08 16:39:35 EXEC SPC_COM_GET_COMBOBOX 'shipment_div';
2017-12-08 16:39:35 EXEC SPC_COM_GET_COMBOBOX 'payment_conditions_div';
2017-12-08 16:39:35 EXEC SPC_COM_GET_COMBOBOX 'port_city_div';
2017-12-08 16:39:35 EXEC SPC_COM_GET_COMBOBOX 'unit_w_div';
2017-12-08 16:39:35 EXEC SPC_COM_GET_COMBOBOX 'bank_div';
2017-12-08 16:39:35 EXEC SPC_COM_GET_COMBOBOX 'unit_m_div';
2017-12-08 16:39:35 EXEC SPC_COM_GET_COMBOBOX 'sales_detail_div';
2017-12-08 16:39:35 EXEC SPC_COM_GET_COMBOBOX 'unit_q_div';
2017-12-08 16:39:35 EXEC SPC_GET_TAX_RATE '2017/12/08';
2017-12-08 16:39:39 EXEC SPC_GET_PRODUCT '','','EUR';
2017-12-08 16:39:40 EXEC SPC_GET_PRODUCT '','','EUR';
2017-12-08 16:39:46 EXEC SPC_GET_PRODUCT '000000','','EUR';
2017-12-08 16:39:48 EXEC SPC_GET_PRODUCT '000001','','EUR';
2017-12-08 16:39:55 EXEC SPC_GET_PRODUCT '000002','','EUR';
2017-12-08 16:39:58 EXEC SPC_GET_PRODUCT '000001','','EUR';
2017-12-08 16:40:04 EXEC SPC_GET_PRODUCT '000001','','USD';
2017-12-08 16:40:04 EXEC SPC_GET_PRODUCT '000001','','USD';
2017-12-08 16:40:07 EXEC SPC_GET_PRODUCT '000001','','JPY';
2017-12-08 16:40:07 EXEC SPC_GET_PRODUCT '000001','','JPY';
2017-12-08 16:40:12 EXEC SPC_COM_GET_COMBOBOX 'port_country_div';
2017-12-08 16:40:12 EXEC SPC_COM_GET_COMBOBOX 'currency_div';
2017-12-08 16:40:12 EXEC SPC_COM_GET_COMBOBOX 'trade_terms_div';
2017-12-08 16:40:12 EXEC SPC_COM_GET_COMBOBOX 'payment_conditions_div';
2017-12-08 16:40:12 EXEC SPC_COM_GET_COMBOBOX 'port_city_div';
2017-12-08 16:40:12 EXEC SPC_COM_GET_COMBOBOX 'shipment_div';
2017-12-08 16:40:12 EXEC SPC_COM_GET_COMBOBOX 'unit_q_div';
2017-12-08 16:40:13 EXEC SPC_COM_GET_COMBOBOX 'bank_div';
2017-12-08 16:40:13 EXEC SPC_COM_GET_COMBOBOX 'sales_detail_div';
2017-12-08 16:40:13 EXEC SPC_COM_GET_COMBOBOX 'unit_m_div';
2017-12-08 16:40:13 EXEC SPC_COM_GET_COMBOBOX 'unit_w_div';
2017-12-08 16:40:13 EXEC SPC_GET_TAX_RATE '2017/12/08';
2017-12-08 16:40:16 EXEC SPC_GET_PRODUCT '','','USD';
2017-12-08 16:40:17 EXEC SPC_GET_PRODUCT '','','USD';
2017-12-08 16:40:20 EXEC SPC_GET_PRODUCT '000001','','USD';
2017-12-08 16:40:28 EXEC SPC_GET_PRODUCT '000005','','USD';
2017-12-08 16:40:32 EXEC SPC_GET_PRODUCT '000005','','EUR';
2017-12-08 16:40:32 EXEC SPC_GET_PRODUCT '000001','','EUR';
2017-12-08 16:40:39 EXEC SPC_GET_PRODUCT '000005','','JPY';
2017-12-08 16:40:39 EXEC SPC_GET_PRODUCT '000001','','JPY';
2017-12-08 16:40:41 EXEC SPC_GET_PRODUCT '000001','','USD';
2017-12-08 16:40:41 EXEC SPC_GET_PRODUCT '000005','','USD';
2017-12-08 16:40:46 EXEC SPC_GET_PRODUCT '000001','','EUR';
2017-12-08 16:40:46 EXEC SPC_GET_PRODUCT '000005','','EUR';
2017-12-08 16:40:56 EXEC SPC_GET_PRODUCT '000005','','USD';
2017-12-08 16:41:01 EXEC SPC_GET_PRODUCT '000001','','JPY';
2017-12-08 16:41:01 EXEC SPC_GET_PRODUCT '000005','','JPY';
2017-12-08 16:41:14 EXEC SPC_GET_PRODUCT '000002','','JPY';
2017-12-08 16:41:17 EXEC SPC_GET_PRODUCT '000001','','USD';
2017-12-08 16:41:17 EXEC SPC_GET_PRODUCT '000002','','USD';
2017-12-08 16:44:41 EXEC SPC_COM_GET_COMBOBOX 'pi_status_div';
2017-12-08 16:44:48 EXEC SPC_COM_GET_COMBOBOX 'port_country_div';
2017-12-08 16:44:48 EXEC SPC_COM_GET_COMBOBOX 'trade_terms_div';
2017-12-08 16:44:48 EXEC SPC_COM_GET_COMBOBOX 'currency_div';
2017-12-08 16:44:48 EXEC SPC_COM_GET_COMBOBOX 'shipment_div';
2017-12-08 16:44:49 EXEC SPC_COM_GET_COMBOBOX 'port_city_div';
2017-12-08 16:44:49 EXEC SPC_COM_GET_COMBOBOX 'payment_conditions_div';
2017-12-08 16:44:49 EXEC SPC_COM_GET_COMBOBOX 'unit_q_div';
2017-12-08 16:44:49 EXEC SPC_COM_GET_COMBOBOX 'unit_w_div';
2017-12-08 16:44:49 EXEC SPC_COM_GET_COMBOBOX 'sales_detail_div';
2017-12-08 16:44:49 EXEC SPC_COM_GET_COMBOBOX 'unit_m_div';
2017-12-08 16:44:49 EXEC SPC_COM_GET_COMBOBOX 'bank_div';
2017-12-08 16:44:50 EXEC SPC_GET_TAX_RATE '2017/12/08';
2017-12-08 16:48:52 EXEC SPC_COM_GET_COMBOBOX 'pi_status_div';
2017-12-08 16:49:03 EXEC SPC_COM_GET_COMBOBOX 'shipment_div';
2017-12-08 16:49:03 EXEC SPC_COM_GET_COMBOBOX 'trade_terms_div';
2017-12-08 16:49:03 EXEC SPC_COM_GET_COMBOBOX 'payment_conditions_div';
2017-12-08 16:49:03 EXEC SPC_COM_GET_COMBOBOX 'currency_div';
2017-12-08 16:49:03 EXEC SPC_COM_GET_COMBOBOX 'port_country_div';
2017-12-08 16:49:03 EXEC SPC_COM_GET_COMBOBOX 'port_city_div';
2017-12-08 16:49:03 EXEC SPC_COM_GET_COMBOBOX 'unit_q_div';
2017-12-08 16:49:04 EXEC SPC_GET_TAX_RATE '2017/12/08';
2017-12-08 16:49:04 EXEC SPC_COM_GET_COMBOBOX 'unit_m_div';
2017-12-08 16:49:04 EXEC SPC_COM_GET_COMBOBOX 'bank_div';
2017-12-08 16:49:04 EXEC SPC_COM_GET_COMBOBOX 'unit_w_div';
2017-12-08 16:49:04 EXEC SPC_COM_GET_COMBOBOX 'sales_detail_div';
2017-12-08 16:50:17 EXEC SPC_COM_GET_COMBOBOX 'trade_terms_div';
2017-12-08 16:50:17 EXEC SPC_COM_GET_COMBOBOX 'shipment_div';
2017-12-08 16:50:17 EXEC SPC_COM_GET_COMBOBOX 'port_country_div';
2017-12-08 16:50:17 EXEC SPC_COM_GET_COMBOBOX 'port_city_div';
2017-12-08 16:50:17 EXEC SPC_COM_GET_COMBOBOX 'payment_conditions_div';
2017-12-08 16:50:17 EXEC SPC_COM_GET_COMBOBOX 'currency_div';
2017-12-08 16:50:18 EXEC SPC_COM_GET_COMBOBOX 'unit_q_div';
2017-12-08 16:50:18 EXEC SPC_COM_GET_COMBOBOX 'bank_div';
2017-12-08 16:50:18 EXEC SPC_COM_GET_COMBOBOX 'unit_w_div';
2017-12-08 16:50:18 EXEC SPC_COM_GET_COMBOBOX 'sales_detail_div';
2017-12-08 16:50:18 EXEC SPC_GET_TAX_RATE '2017/12/08';
2017-12-08 16:50:48 EXEC SPC_COM_GET_COMBOBOX 'trade_terms_div';
2017-12-08 16:50:48 EXEC SPC_COM_GET_COMBOBOX 'currency_div';
2017-12-08 16:50:48 EXEC SPC_COM_GET_COMBOBOX 'payment_conditions_div';
2017-12-08 16:50:48 EXEC SPC_COM_GET_COMBOBOX 'port_city_div';
2017-12-08 16:50:48 EXEC SPC_COM_GET_COMBOBOX 'shipment_div';
2017-12-08 16:50:48 EXEC SPC_COM_GET_COMBOBOX 'port_country_div';
2017-12-08 16:50:49 EXEC SPC_COM_GET_COMBOBOX 'unit_w_div';
2017-12-08 16:50:49 EXEC SPC_COM_GET_COMBOBOX 'unit_m_div';
2017-12-08 16:50:49 EXEC SPC_COM_GET_COMBOBOX 'sales_detail_div';
2017-12-08 16:50:49 EXEC SPC_COM_GET_COMBOBOX 'bank_div';
2017-12-08 16:50:49 EXEC SPC_COM_GET_COMBOBOX 'unit_q_div';
2017-12-08 16:50:49 EXEC SPC_GET_TAX_RATE '2017/12/08';
2017-12-08 16:51:00 EXEC SPC_COM_GET_COMBOBOX 'pi_status_div';
2017-12-08 16:51:04 EXEC SPC_COM_GET_COMBOBOX 'shipment_div';

2017-12-08 16:51:04 EXEC SPC_COM_GET_COMBOBOX 'currency_div';
2017-12-08 16:51:04 EXEC SPC_COM_GET_COMBOBOX 'port_country_div';
2017-12-08 16:51:04 EXEC SPC_COM_GET_COMBOBOX 'trade_terms_div';
2017-12-08 16:51:04 EXEC SPC_COM_GET_COMBOBOX 'payment_conditions_div';
2017-12-08 16:51:04 EXEC SPC_COM_GET_COMBOBOX 'bank_div';
2017-12-08 16:51:04 EXEC SPC_COM_GET_COMBOBOX 'unit_w_div';
2017-12-08 16:51:04 EXEC SPC_COM_GET_COMBOBOX 'unit_q_div';
2017-12-08 16:51:04 EXEC SPC_COM_GET_COMBOBOX 'sales_detail_div';
2017-12-08 16:51:04 EXEC SPC_COM_GET_COMBOBOX 'unit_m_div';
2017-12-08 16:51:04 EXEC SPC_GET_TAX_RATE '2017/12/08';
2017-12-08 16:51:38 EXEC SPC_COM_GET_COMBOBOX 'port_country_div';
2017-12-08 16:51:38 EXEC SPC_COM_GET_COMBOBOX 'shipment_div';
2017-12-08 16:51:38 EXEC SPC_COM_GET_COMBOBOX 'payment_conditions_div';
2017-12-08 16:51:38 EXEC SPC_COM_GET_COMBOBOX 'trade_terms_div';
2017-12-08 16:51:38 EXEC SPC_COM_GET_COMBOBOX 'currency_div';
2017-12-08 16:51:38 EXEC SPC_COM_GET_COMBOBOX 'port_city_div';
2017-12-08 16:51:38 EXEC SPC_COM_GET_COMBOBOX 'unit_q_div';
2017-12-08 16:51:38 EXEC SPC_COM_GET_COMBOBOX 'unit_m_div';
2017-12-08 16:51:38 EXEC SPC_COM_GET_COMBOBOX 'unit_w_div';
2017-12-08 16:51:38 EXEC SPC_COM_GET_COMBOBOX 'sales_detail_div';
2017-12-08 16:51:38 EXEC SPC_GET_TAX_RATE '2017/12/08';
2017-12-08 16:51:38 EXEC SPC_COM_GET_COMBOBOX 'bank_div';
2017-12-08 16:52:27 EXEC SPC_COM_GET_COMBOBOX 'pi_status_div';
2017-12-08 16:52:48 EXEC SPC_COM_GET_COMBOBOX 'port_country_div';
2017-12-08 16:52:48 EXEC SPC_COM_GET_COMBOBOX 'trade_terms_div';
2017-12-08 16:52:48 EXEC SPC_COM_GET_COMBOBOX 'payment_conditions_div';
2017-12-08 16:52:48 EXEC SPC_COM_GET_COMBOBOX 'shipment_div';
2017-12-08 16:52:48 EXEC SPC_COM_GET_COMBOBOX 'currency_div';
2017-12-08 16:52:48 EXEC SPC_COM_GET_COMBOBOX 'port_city_div';
2017-12-08 16:52:49 EXEC SPC_COM_GET_COMBOBOX 'unit_q_div';
2017-12-08 16:52:49 EXEC SPC_COM_GET_COMBOBOX 'bank_div';
2017-12-08 16:52:49 EXEC SPC_COM_GET_COMBOBOX 'unit_w_div';
2017-12-08 16:52:49 EXEC SPC_COM_GET_COMBOBOX 'unit_m_div';
2017-12-08 16:52:49 EXEC SPC_GET_TAX_RATE '2017/12/08';
2017-12-08 16:52:49 EXEC SPC_COM_GET_COMBOBOX 'sales_detail_div';
2017-12-08 16:54:19 EXEC SPC_COM_GET_COMBOBOX 'port_city_div';
2017-12-08 16:54:19 EXEC SPC_COM_GET_COMBOBOX 'port_country_div';
2017-12-08 16:54:19 EXEC SPC_COM_GET_COMBOBOX 'payment_conditions_div';
2017-12-08 16:54:19 EXEC SPC_COM_GET_COMBOBOX 'shipment_div';
2017-12-08 16:54:19 EXEC SPC_COM_GET_COMBOBOX 'currency_div';
2017-12-08 16:54:20 EXEC SPC_COM_GET_COMBOBOX 'trade_terms_div';
2017-12-08 16:54:20 EXEC SPC_COM_GET_COMBOBOX 'unit_q_div';
2017-12-08 16:54:20 EXEC SPC_COM_GET_COMBOBOX 'sales_detail_div';
2017-12-08 16:54:20 EXEC SPC_COM_GET_COMBOBOX 'unit_w_div';
2017-12-08 16:54:20 EXEC SPC_COM_GET_COMBOBOX 'unit_m_div';
2017-12-08 16:54:20 EXEC SPC_COM_GET_COMBOBOX 'bank_div';
2017-12-08 16:54:20 EXEC SPC_GET_TAX_RATE '2017/12/08';
2017-12-08 16:56:26 EXEC SPC_COM_GET_COMBOBOX 'pi_status_div';
2017-12-08 16:56:29 EXEC SPC_COM_GET_COMBOBOX 'port_country_div';
2017-12-08 16:56:29 EXEC SPC_COM_GET_COMBOBOX 'trade_terms_div';
2017-12-08 16:56:29 EXEC SPC_COM_GET_COMBOBOX 'port_city_div';
2017-12-08 16:56:29 EXEC SPC_COM_GET_COMBOBOX 'payment_conditions_div';
2017-12-08 16:56:29 EXEC SPC_COM_GET_COMBOBOX 'unit_q_div';
2017-12-08 16:56:30 EXEC SPC_COM_GET_COMBOBOX 'bank_div';
2017-12-08 16:56:30 EXEC SPC_COM_GET_COMBOBOX 'sales_detail_div';
2017-12-08 16:56:30 EXEC SPC_COM_GET_COMBOBOX 'unit_w_div';
2017-12-08 16:56:30 EXEC SPC_GET_TAX_RATE '2017/12/08';
2017-12-08 16:56:30 EXEC SPC_COM_GET_COMBOBOX 'unit_m_div';
2017-12-08 16:56:34 EXEC SPC_COM_GET_COMBOBOX 'pi_status_div';
2017-12-08 16:56:38 EXEC SPC_COM_GET_COMBOBOX 'shipment_div';
2017-12-08 16:56:38 EXEC SPC_COM_GET_COMBOBOX 'port_city_div';
2017-12-08 16:56:38 EXEC SPC_COM_GET_COMBOBOX 'currency_div';
2017-12-08 16:56:38 EXEC SPC_COM_GET_COMBOBOX 'port_country_div';
2017-12-08 16:56:38 EXEC SPC_COM_GET_COMBOBOX 'trade_terms_div';
2017-12-08 16:56:38 EXEC SPC_COM_GET_COMBOBOX 'payment_conditions_div';
2017-12-08 16:56:38 EXEC SPC_COM_GET_COMBOBOX 'unit_m_div';
2017-12-08 16:56:39 EXEC SPC_COM_GET_COMBOBOX 'unit_q_div';
2017-12-08 16:56:39 EXEC SPC_COM_GET_COMBOBOX 'unit_w_div';
2017-12-08 16:56:39 EXEC SPC_COM_GET_COMBOBOX 'bank_div';
2017-12-08 16:56:39 EXEC SPC_COM_GET_COMBOBOX 'sales_detail_div';
2017-12-08 16:56:39 EXEC SPC_GET_TAX_RATE '2017/12/08';
2017-12-08 16:57:10 EXEC SPC_COM_GET_COMBOBOX 'payment_conditions_div';
2017-12-08 16:57:10 EXEC SPC_COM_GET_COMBOBOX 'shipment_div';
2017-12-08 16:57:10 EXEC SPC_COM_GET_COMBOBOX 'port_city_div';
2017-12-08 16:57:10 EXEC SPC_COM_GET_COMBOBOX 'currency_div';
2017-12-08 16:57:10 EXEC SPC_COM_GET_COMBOBOX 'trade_terms_div';
2017-12-08 16:57:10 EXEC SPC_COM_GET_COMBOBOX 'port_country_div';
2017-12-08 16:57:11 EXEC SPC_COM_GET_COMBOBOX 'sales_detail_div';
2017-12-08 16:57:11 EXEC SPC_COM_GET_COMBOBOX 'unit_q_div';
2017-12-08 16:57:11 EXEC SPC_COM_GET_COMBOBOX 'bank_div';
2017-12-08 16:57:11 EXEC SPC_COM_GET_COMBOBOX 'unit_m_div';
2017-12-08 16:57:11 EXEC SPC_COM_GET_COMBOBOX 'unit_w_div';
2017-12-08 16:57:11 EXEC SPC_GET_TAX_RATE '2017/12/08';
2017-12-08 16:59:29 EXEC SPC_COM_GET_COMBOBOX 'pi_status_div';
2017-12-08 17:01:40 EXEC SPC_COM_GET_COMBOBOX 'port_country_div';
2017-12-08 17:01:40 EXEC SPC_COM_GET_COMBOBOX 'currency_div';
2017-12-08 17:01:40 EXEC SPC_COM_GET_COMBOBOX 'shipment_div';
2017-12-08 17:01:41 EXEC SPC_COM_GET_COMBOBOX 'trade_terms_div';
2017-12-08 17:01:41 EXEC SPC_COM_GET_COMBOBOX 'payment_conditions_div';
2017-12-08 17:01:41 EXEC SPC_COM_GET_COMBOBOX 'port_city_div';
2017-12-08 17:01:41 EXEC SPC_COM_GET_COMBOBOX 'unit_q_div';
2017-12-08 17:01:41 EXEC SPC_COM_GET_COMBOBOX 'unit_w_div';
2017-12-08 17:01:41 EXEC SPC_COM_GET_COMBOBOX 'unit_m_div';
2017-12-08 17:01:41 EXEC SPC_COM_GET_COMBOBOX 'sales_detail_div';
2017-12-08 17:01:41 EXEC SPC_COM_GET_COMBOBOX 'bank_div';
2017-12-08 17:01:41 EXEC SPC_GET_TAX_RATE '2017/12/08';
2017-12-08 17:01:52 EXEC SPC_GET_PRODUCT '000001','','';
2017-12-08 17:02:04 EXEC SPC_GET_PRODUCT '000001','','EUR';
2017-12-08 17:02:04 EXEC SPC_GET_PRODUCT '','','EUR';
2017-12-08 17:36:34 EXEC SPC_GET_PRODUCT '000001','','USD';
2017-12-08 17:36:34 EXEC SPC_GET_PRODUCT '','','USD';
2017-12-08 17:36:42 EXEC SPC_GET_PRODUCT '','','JPY';
2017-12-08 17:36:42 EXEC SPC_GET_PRODUCT '000001','','JPY';
2017-12-08 17:36:55 EXEC SPC_GET_PRODUCT '','','EUR';
2017-12-08 17:36:55 EXEC SPC_GET_PRODUCT '000001','','EUR';
2017-12-08 17:37:10 EXEC SPC_GET_PRODUCT '000001','','USD';
2017-12-08 17:37:10 EXEC SPC_GET_PRODUCT '','','USD';
2017-12-08 17:37:18 EXEC SPC_GET_PRODUCT '000002','','USD';
2017-12-08 17:37:21 EXEC SPC_GET_PRODUCT '000002','','USD';
2017-12-08 17:37:24 EXEC SPC_GET_PRODUCT '000001','','USD';
2017-12-08 17:37:26 EXEC SPC_GET_PRODUCT '000002','','EUR';
2017-12-08 17:37:26 EXEC SPC_GET_PRODUCT '000001','','EUR';
2017-12-08 17:37:30 EXEC SPC_GET_PRODUCT '000002','','JPY';
2017-12-08 17:37:30 EXEC SPC_GET_PRODUCT '000001','','JPY';
2017-12-08 17:37:32 EXEC SPC_GET_PRODUCT '000001','','EUR';
2017-12-08 17:37:32 EXEC SPC_GET_PRODUCT '000002','','EUR';
2017-12-08 17:37:34 EXEC SPC_GET_PRODUCT '000001','','USD';
2017-12-08 17:38:09 EXEC SPC_COM_GET_COMBOBOX 'port_city_div';
2017-12-08 17:38:09 EXEC SPC_COM_GET_COMBOBOX 'port_country_div';
2017-12-08 17:38:09 EXEC SPC_COM_GET_COMBOBOX 'unit_w_div';
2017-12-08 17:38:09 EXEC SPC_COM_GET_COMBOBOX 'unit_q_div';
2017-12-08 17:38:10 EXEC SPC_COM_GET_COMBOBOX 'sales_detail_div';
2017-12-08 17:38:10 EXEC SPC_COM_GET_COMBOBOX 'unit_m_div';
2017-12-08 17:38:10 EXEC SPC_COM_GET_COMBOBOX 'bank_div';
2017-12-08 17:38:10 EXEC SPC_GET_TAX_RATE '2017/12/08';
2017-12-08 17:38:11 EXEC SPC_COM_GET_COMBOBOX 'currency_div';
2017-12-08 17:38:11 EXEC SPC_COM_GET_COMBOBOX 'shipment_div';
2017-12-08 17:38:11 EXEC SPC_COM_GET_COMBOBOX 'payment_conditions_div';
2017-12-08 17:38:11 EXEC SPC_COM_GET_COMBOBOX 'trade_terms_div';
2017-12-08 17:38:18 EXEC SPC_GET_PRODUCT '000001','','';
2017-12-08 17:38:23 EXEC SPC_GET_PRODUCT '000002','','';
2017-12-08 17:38:28 EXEC SPC_GET_PRODUCT '000002','','USD';
2017-12-08 17:38:35 EXEC SPC_GET_PRODUCT '000002','','EUR';
2017-12-08 17:38:39 EXEC SPC_COM_GET_COMBOBOX 'currency_div';
2017-12-08 17:38:39 EXEC SPC_COM_GET_COMBOBOX 'shipment_div';
2017-12-08 17:38:39 EXEC SPC_COM_GET_COMBOBOX 'port_city_div';
2017-12-08 17:38:39 EXEC SPC_COM_GET_COMBOBOX 'port_country_div';
2017-12-08 17:38:39 EXEC SPC_COM_GET_COMBOBOX 'trade_terms_div';
2017-12-08 17:38:39 EXEC SPC_COM_GET_COMBOBOX 'payment_conditions_div';
2017-12-08 17:38:40 EXEC SPC_COM_GET_COMBOBOX 'unit_w_div';
2017-12-08 17:38:40 EXEC SPC_COM_GET_COMBOBOX 'unit_m_div';
2017-12-08 17:38:40 EXEC SPC_COM_GET_COMBOBOX 'unit_q_div';
2017-12-08 17:38:40 EXEC SPC_COM_GET_COMBOBOX 'sales_detail_div';
2017-12-08 17:38:40 EXEC SPC_COM_GET_COMBOBOX 'bank_div';
2017-12-08 17:38:40 EXEC SPC_GET_TAX_RATE '2017/12/08';
2017-12-08 17:38:44 EXEC SPC_GET_PRODUCT '000001','','';
2017-12-08 17:38:48 EXEC SPC_GET_PRODUCT '000002','','';
2017-12-08 17:38:50 EXEC SPC_GET_PRODUCT '000001','','USD';
2017-12-08 17:38:50 EXEC SPC_GET_PRODUCT '000002','','USD';
2017-12-08 17:38:56 EXEC SPC_GET_PRODUCT '000001','','JPY';
2017-12-08 17:38:56 EXEC SPC_GET_PRODUCT '000002','','JPY';
2017-12-08 17:39:00 EXEC SPC_GET_PRODUCT '000002','','USD';
2017-12-08 17:39:00 EXEC SPC_GET_PRODUCT '000001','','USD';
2017-12-08 17:39:10 EXEC SPC_COM_GET_COMBOBOX 'payment_conditions_div';
2017-12-08 17:39:10 EXEC SPC_COM_GET_COMBOBOX 'shipment_div';
2017-12-08 17:39:10 EXEC SPC_COM_GET_COMBOBOX 'port_country_div';
2017-12-08 17:39:10 EXEC SPC_COM_GET_COMBOBOX 'port_city_div';
2017-12-08 17:39:10 EXEC SPC_COM_GET_COMBOBOX 'trade_terms_div';
2017-12-08 17:39:11 EXEC SPC_COM_GET_COMBOBOX 'sales_detail_div';
2017-12-08 17:39:11 EXEC SPC_COM_GET_COMBOBOX 'unit_m_div';
2017-12-08 17:39:11 EXEC SPC_COM_GET_COMBOBOX 'unit_q_div';
2017-12-08 17:39:11 EXEC SPC_COM_GET_COMBOBOX 'unit_w_div';
2017-12-08 17:39:11 EXEC SPC_COM_GET_COMBOBOX 'bank_div';
2017-12-08 17:39:11 EXEC SPC_GET_TAX_RATE '2017/12/08';
2017-12-08 17:39:16 EXEC SPC_GET_PRODUCT '000001','','';
2017-12-08 17:39:19 EXEC SPC_GET_PRODUCT '000001','','EUR';
2017-12-08 17:39:19 EXEC SPC_GET_PRODUCT '','','EUR';
2017-12-08 17:42:21 EXEC SPC_COM_GET_COMBOBOX 'port_country_div';
2017-12-08 17:42:21 EXEC SPC_COM_GET_COMBOBOX 'port_city_div';
2017-12-08 17:42:21 EXEC SPC_COM_GET_COMBOBOX 'trade_terms_div';
2017-12-08 17:42:21 EXEC SPC_COM_GET_COMBOBOX 'currency_div';
2017-12-08 17:42:21 EXEC SPC_COM_GET_COMBOBOX 'shipment_div';
2017-12-08 17:42:21 EXEC SPC_COM_GET_COMBOBOX 'payment_conditions_div';
2017-12-08 17:42:22 EXEC SPC_COM_GET_COMBOBOX 'sales_detail_div';
2017-12-08 17:42:22 EXEC SPC_COM_GET_COMBOBOX 'unit_m_div';
2017-12-08 17:42:22 EXEC SPC_COM_GET_COMBOBOX 'bank_div';
2017-12-08 17:42:22 EXEC SPC_COM_GET_COMBOBOX 'unit_q_div';
2017-12-08 17:42:22 EXEC SPC_COM_GET_COMBOBOX 'unit_w_div';
2017-12-08 17:42:22 EXEC SPC_GET_TAX_RATE '2017/12/08';
2017-12-08 17:42:26 EXEC SPC_GET_PRODUCT '000001','','';
2017-12-08 17:42:29 EXEC SPC_GET_PRODUCT '000001','','USD';
2017-12-08 17:42:29 EXEC SPC_GET_PRODUCT '','','USD';
2017-12-08 17:45:57 EXEC SPC_COM_GET_COMBOBOX 'port_country_div';
2017-12-08 17:45:57 EXEC SPC_COM_GET_COMBOBOX 'shipment_div';
2017-12-08 17:45:57 EXEC SPC_COM_GET_COMBOBOX 'payment_conditions_div';
2017-12-08 17:45:57 EXEC SPC_COM_GET_COMBOBOX 'currency_div';
2017-12-08 17:45:57 EXEC SPC_COM_GET_COMBOBOX 'trade_terms_div';
2017-12-08 17:45:57 EXEC SPC_COM_GET_COMBOBOX 'port_city_div';
2017-12-08 17:45:58 EXEC SPC_COM_GET_COMBOBOX 'unit_q_div';
2017-12-08 17:45:58 EXEC SPC_COM_GET_COMBOBOX 'sales_detail_div';
2017-12-08 17:45:58 EXEC SPC_COM_GET_COMBOBOX 'bank_div';
2017-12-08 17:45:58 EXEC SPC_COM_GET_COMBOBOX 'unit_w_div';
2017-12-08 17:45:58 EXEC SPC_COM_GET_COMBOBOX 'unit_m_div';
2017-12-08 17:45:58 EXEC SPC_GET_TAX_RATE '2017/12/08';
2017-12-08 17:46:02 EXEC SPC_GET_PRODUCT '000001','','';
2017-12-08 17:46:06 EXEC SPC_GET_PRODUCT '000002','','';
2017-12-08 17:48:12 EXEC SPC_COM_GET_COMBOBOX 'currency_div';
2017-12-08 17:48:12 EXEC SPC_COM_GET_COMBOBOX 'shipment_div';
2017-12-08 17:48:12 EXEC SPC_COM_GET_COMBOBOX 'payment_conditions_div';
2017-12-08 17:48:12 EXEC SPC_COM_GET_COMBOBOX 'port_city_div';
2017-12-08 17:48:12 EXEC SPC_COM_GET_COMBOBOX 'port_country_div';
2017-12-08 17:48:12 EXEC SPC_COM_GET_COMBOBOX 'trade_terms_div';
2017-12-08 17:48:13 EXEC SPC_COM_GET_COMBOBOX 'unit_m_div';
2017-12-08 17:48:13 EXEC SPC_COM_GET_COMBOBOX 'unit_w_div';
2017-12-08 17:48:13 EXEC SPC_COM_GET_COMBOBOX 'unit_q_div';
2017-12-08 17:48:13 EXEC SPC_COM_GET_COMBOBOX 'sales_detail_div';
2017-12-08 17:48:13 EXEC SPC_COM_GET_COMBOBOX 'bank_div';
2017-12-08 17:48:13 EXEC SPC_GET_TAX_RATE '2017/12/08';
2017-12-08 17:48:18 EXEC SPC_GET_PRODUCT '000001','','';
2017-12-08 17:48:21 EXEC SPC_GET_PRODUCT '000002','','';
2017-12-08 17:49:28 EXEC SPC_COM_GET_COMBOBOX 'port_country_div';
2017-12-08 17:49:28 EXEC SPC_COM_GET_COMBOBOX 'shipment_div';
2017-12-08 17:49:28 EXEC SPC_COM_GET_COMBOBOX 'payment_conditions_div';
2017-12-08 17:49:28 EXEC SPC_COM_GET_COMBOBOX 'port_city_div';
2017-12-08 17:49:28 EXEC SPC_COM_GET_COMBOBOX 'currency_div';
2017-12-08 17:49:28 EXEC SPC_COM_GET_COMBOBOX 'trade_terms_div';
2017-12-08 17:49:29 EXEC SPC_COM_GET_COMBOBOX 'sales_detail_div';
2017-12-08 17:49:29 EXEC SPC_COM_GET_COMBOBOX 'unit_m_div';
2017-12-08 17:49:29 EXEC SPC_COM_GET_COMBOBOX 'unit_q_div';
2017-12-08 17:49:29 EXEC SPC_COM_GET_COMBOBOX 'unit_w_div';
2017-12-08 17:49:29 EXEC SPC_COM_GET_COMBOBOX 'bank_div';
2017-12-08 17:49:29 EXEC SPC_GET_TAX_RATE '2017/12/08';
2017-12-08 17:49:32 EXEC SPC_GET_PRODUCT '1512722967523';
2017-12-08 17:49:39 EXEC SPC_GET_PRODUCT '1512722967524';
2017-12-08 17:49:42 EXEC SPC_GET_PRODUCT '1512722967526';
2017-12-08 17:49:42 EXEC SPC_GET_PRODUCT '1512722967525';
2017-12-08 17:50:24 EXEC SPC_COM_GET_COMBOBOX 'port_country_div';
2017-12-08 17:50:24 EXEC SPC_COM_GET_COMBOBOX 'trade_terms_div';
2017-12-08 17:50:24 EXEC SPC_COM_GET_COMBOBOX 'currency_div';
2017-12-08 17:50:24 EXEC SPC_COM_GET_COMBOBOX 'port_city_div';
2017-12-08 17:50:25 EXEC SPC_COM_GET_COMBOBOX 'shipment_div';
2017-12-08 17:50:25 EXEC SPC_COM_GET_COMBOBOX 'payment_conditions_div';
2017-12-08 17:50:25 EXEC SPC_COM_GET_COMBOBOX 'unit_w_div';
2017-12-08 17:50:25 EXEC SPC_COM_GET_COMBOBOX 'unit_q_div';
2017-12-08 17:50:25 EXEC SPC_COM_GET_COMBOBOX 'unit_m_div';
2017-12-08 17:50:25 EXEC SPC_COM_GET_COMBOBOX 'bank_div';
2017-12-08 17:50:25 EXEC SPC_GET_TAX_RATE '2017/12/08';
2017-12-08 17:50:25 EXEC SPC_COM_GET_COMBOBOX 'sales_detail_div';
2017-12-08 17:50:29 EXEC SPC_GET_PRODUCT '1512723023794';
2017-12-08 17:51:15 EXEC SPC_COM_GET_COMBOBOX 'port_city_div';
2017-12-08 17:51:15 EXEC SPC_COM_GET_COMBOBOX 'port_country_div';
2017-12-08 17:51:16 EXEC SPC_COM_GET_COMBOBOX 'trade_terms_div';
2017-12-08 17:51:16 EXEC SPC_COM_GET_COMBOBOX 'shipment_div';
2017-12-08 17:51:16 EXEC SPC_COM_GET_COMBOBOX 'payment_conditions_div';
2017-12-08 17:51:16 EXEC SPC_COM_GET_COMBOBOX 'currency_div';
2017-12-08 17:51:16 EXEC SPC_COM_GET_COMBOBOX 'unit_w_div';
2017-12-08 17:51:16 EXEC SPC_COM_GET_COMBOBOX 'bank_div';
2017-12-08 17:51:16 EXEC SPC_COM_GET_COMBOBOX 'unit_q_div';
2017-12-08 17:51:16 EXEC SPC_COM_GET_COMBOBOX 'unit_m_div';
2017-12-08 17:51:16 EXEC SPC_COM_GET_COMBOBOX 'sales_detail_div';
2017-12-08 17:51:16 EXEC SPC_GET_TAX_RATE '2017/12/08';
2017-12-08 17:51:23 EXEC SPC_GET_PRODUCT '000001','','';
2017-12-08 17:52:20 EXEC SPC_COM_GET_COMBOBOX 'payment_conditions_div';
2017-12-08 17:52:20 EXEC SPC_COM_GET_COMBOBOX 'trade_terms_div';
2017-12-08 17:52:20 EXEC SPC_COM_GET_COMBOBOX 'currency_div';
2017-12-08 17:52:20 EXEC SPC_COM_GET_COMBOBOX 'shipment_div';
2017-12-08 17:52:20 EXEC SPC_COM_GET_COMBOBOX 'port_city_div';
2017-12-08 17:52:20 EXEC SPC_COM_GET_COMBOBOX 'port_country_div';
2017-12-08 17:52:20 EXEC SPC_COM_GET_COMBOBOX 'sales_detail_div';
2017-12-08 17:52:20 EXEC SPC_COM_GET_COMBOBOX 'unit_w_div';
2017-12-08 17:52:20 EXEC SPC_COM_GET_COMBOBOX 'unit_m_div';
2017-12-08 17:52:21 EXEC SPC_COM_GET_COMBOBOX 'unit_q_div';
2017-12-08 17:52:21 EXEC SPC_GET_TAX_RATE '2017/12/08';
2017-12-08 17:52:21 EXEC SPC_COM_GET_COMBOBOX 'bank_div';
2017-12-08 17:52:27 EXEC SPC_GET_PRODUCT '000001','','';
2017-12-08 17:52:29 EXEC SPC_GET_PRODUCT '000002','','';
2017-12-08 17:53:11 EXEC SPC_COM_GET_COMBOBOX 'port_city_div';
2017-12-08 17:53:11 EXEC SPC_COM_GET_COMBOBOX 'port_country_div';
2017-12-08 17:53:11 EXEC SPC_COM_GET_COMBOBOX 'payment_conditions_div';
2017-12-08 17:53:11 EXEC SPC_COM_GET_COMBOBOX 'shipment_div';
;
2017-12-08 17:53:11 EXEC SPC_COM_GET_COMBOBOX 'currency_div';
2017-12-08 17:53:12 EXEC SPC_COM_GET_COMBOBOX 'unit_q_div';
2017-12-08 17:53:12 EXEC SPC_COM_GET_COMBOBOX 'unit_m_div';
2017-12-08 17:53:12 EXEC SPC_GET_TAX_RATE '2017/12/08';
2017-12-08 17:53:12 EXEC SPC_COM_GET_COMBOBOX 'sales_detail_div';
2017-12-08 17:53:12 EXEC SPC_COM_GET_COMBOBOX 'unit_w_div';
2017-12-08 17:53:12 EXEC SPC_COM_GET_COMBOBOX 'bank_div';
2017-12-08 17:53:17 EXEC SPC_GET_PRODUCT '000001','','';
2017-12-08 17:53:20 EXEC SPC_GET_PRODUCT '000002','','';
2017-12-08 17:53:59 EXEC SPC_COM_GET_COMBOBOX 'currency_div';
2017-12-08 17:53:59 EXEC SPC_COM_GET_COMBOBOX 'shipment_div';
2017-12-08 17:53:59 EXEC SPC_COM_GET_COMBOBOX 'port_city_div';
2017-12-08 17:53:59 EXEC SPC_COM_GET_COMBOBOX 'trade_terms_div';
2017-12-08 17:53:59 EXEC SPC_COM_GET_COMBOBOX 'payment_conditions_div';
2017-12-08 17:53:59 EXEC SPC_COM_GET_COMBOBOX 'port_country_div';
2017-12-08 17:54:00 EXEC SPC_COM_GET_COMBOBOX 'unit_q_div';
2017-12-08 17:54:00 EXEC SPC_COM_GET_COMBOBOX 'unit_w_div';
2017-12-08 17:54:00 EXEC SPC_COM_GET_COMBOBOX 'unit_m_div';
2017-12-08 17:54:00 EXEC SPC_COM_GET_COMBOBOX 'sales_detail_div';
2017-12-08 17:54:00 EXEC SPC_COM_GET_COMBOBOX 'bank_div';
2017-12-08 17:54:00 EXEC SPC_GET_TAX_RATE '2017/12/08';
2017-12-08 17:54:06 EXEC SPC_GET_PRODUCT '000001','','';
2017-12-08 17:54:09 EXEC SPC_GET_PRODUCT '000002','','';
2017-12-08 17:54:13 EXEC SPC_GET_PRODUCT '000002','','USD';
2017-12-08 17:54:13 EXEC SPC_GET_PRODUCT '000001','','USD';
2017-12-08 17:54:45 EXEC SPC_GET_PRODUCT '000001','','EUR';
2017-12-08 17:54:45 EXEC SPC_GET_PRODUCT '000002','','EUR';
2017-12-08 17:55:07 EXEC SPC_COM_GET_COMBOBOX 'port_city_div';
2017-12-08 17:55:07 EXEC SPC_COM_GET_COMBOBOX 'shipment_div';
2017-12-08 17:55:07 EXEC SPC_COM_GET_COMBOBOX 'trade_terms_div';
2017-12-08 17:55:07 EXEC SPC_COM_GET_COMBOBOX 'port_country_div';
2017-12-08 17:55:07 EXEC SPC_COM_GET_COMBOBOX 'currency_div';
2017-12-08 17:55:07 EXEC SPC_COM_GET_COMBOBOX 'payment_conditions_div';
2017-12-08 17:55:07 EXEC SPC_COM_GET_COMBOBOX 'unit_q_div';
2017-12-08 17:55:07 EXEC SPC_COM_GET_COMBOBOX 'unit_w_div';
2017-12-08 17:55:07 EXEC SPC_COM_GET_COMBOBOX 'unit_m_div';
2017-12-08 17:55:07 EXEC SPC_COM_GET_COMBOBOX 'sales_detail_div';
2017-12-08 17:55:07 EXEC SPC_GET_TAX_RATE '2017/12/08';
2017-12-08 17:55:07 EXEC SPC_COM_GET_COMBOBOX 'bank_div';
2017-12-08 17:55:15 EXEC SPC_GET_PRODUCT '000001','','';
2017-12-08 17:55:19 EXEC SPC_GET_PRODUCT '000002','','';
2017-12-08 17:55:22 EXEC SPC_GET_PRODUCT '000002','','USD';
2017-12-08 17:55:22 EXEC SPC_GET_PRODUCT '000001','','USD';
2017-12-08 17:56:01 EXEC SPC_GET_PRODUCT '000002','','JPY';
2017-12-08 17:56:01 EXEC SPC_GET_PRODUCT '000001','','JPY';
2017-12-08 17:56:25 EXEC SPC_GET_PRODUCT '000001','','EUR';
2017-12-08 17:56:25 EXEC SPC_GET_PRODUCT '000002','','EUR';
2017-12-08 17:57:23 EXEC SPC_COM_GET_COMBOBOX 'port_city_div';
2017-12-08 17:57:23 EXEC SPC_COM_GET_COMBOBOX 'shipment_div';
2017-12-08 17:57:23 EXEC SPC_COM_GET_COMBOBOX 'currency_div';
2017-12-08 17:57:23 EXEC SPC_COM_GET_COMBOBOX 'port_country_div';
2017-12-08 17:57:23 EXEC SPC_COM_GET_COMBOBOX 'trade_terms_div';
div';
2017-12-08 17:57:24 EXEC SPC_COM_GET_COMBOBOX 'unit_q_div';
2017-12-08 17:57:24 EXEC SPC_COM_GET_COMBOBOX 'unit_w_div';
2017-12-08 17:57:24 EXEC SPC_COM_GET_COMBOBOX 'unit_m_div';
2017-12-08 17:57:24 EXEC SPC_COM_GET_COMBOBOX 'sales_detail_div';
2017-12-08 17:57:24 EXEC SPC_COM_GET_COMBOBOX 'bank_div';
2017-12-08 17:57:24 EXEC SPC_GET_TAX_RATE '2017/12/08';
2017-12-08 17:57:31 EXEC SPC_GET_PRODUCT '000001','','';
2017-12-08 17:57:44 EXEC SPC_COM_GET_COMBOBOX 'port_city_div';
2017-12-08 17:57:44 EXEC SPC_COM_GET_COMBOBOX 'payment_conditions_div';
2017-12-08 17:57:44 EXEC SPC_COM_GET_COMBOBOX 'port_country_div';
2017-12-08 17:57:44 EXEC SPC_COM_GET_COMBOBOX 'trade_terms_div';
2017-12-08 17:57:44 EXEC SPC_COM_GET_COMBOBOX 'shipment_div';
2017-12-08 17:57:44 EXEC SPC_COM_GET_COMBOBOX 'currency_div';
2017-12-08 17:57:45 EXEC SPC_COM_GET_COMBOBOX 'unit_m_div';
2017-12-08 17:57:45 EXEC SPC_COM_GET_COMBOBOX 'unit_w_div';
2017-12-08 17:57:45 EXEC SPC_COM_GET_COMBOBOX 'bank_div';
2017-12-08 17:57:45 EXEC SPC_COM_GET_COMBOBOX 'unit_q_div';
2017-12-08 17:57:45 EXEC SPC_COM_GET_COMBOBOX 'sales_detail_div';
2017-12-08 17:57:45 EXEC SPC_GET_TAX_RATE '2017/12/08';
2017-12-08 17:57:49 EXEC SPC_GET_PRODUCT '000001','','';
2017-12-08 17:57:53 EXEC SPC_GET_PRODUCT '000002','','';
2017-12-08 17:59:55 EXEC SPC_COM_GET_COMBOBOX 'port_country_div';
2017-12-08 17:59:55 EXEC SPC_COM_GET_COMBOBOX 'payment_conditions_div';
2017-12-08 17:59:55 EXEC SPC_COM_GET_COMBOBOX 'trade_terms_div';
2017-12-08 17:59:55 EXEC SPC_COM_GET_COMBOBOX 'shipment_div';
2017-12-08 17:59:55 EXEC SPC_COM_GET_COMBOBOX 'port_city_div';
2017-12-08 17:59:56 EXEC SPC_COM_GET_COMBOBOX 'currency_div';
2017-12-08 17:59:56 EXEC SPC_COM_GET_COMBOBOX 'unit_m_div';
2017-12-08 17:59:56 EXEC SPC_COM_GET_COMBOBOX 'unit_w_div';
2017-12-08 17:59:56 EXEC SPC_COM_GET_COMBOBOX 'unit_q_div';
2017-12-08 17:59:56 EXEC SPC_COM_GET_COMBOBOX 'sales_detail_div';
2017-12-08 17:59:56 EXEC SPC_COM_GET_COMBOBOX 'bank_div';
2017-12-08 17:59:56 EXEC SPC_GET_TAX_RATE '2017/12/08';
2017-12-08 18:00:07 EXEC SPC_COM_GET_COMBOBOX 'shipment_div';
2017-12-08 18:00:07 EXEC SPC_COM_GET_COMBOBOX 'trade_terms_div';
2017-12-08 18:00:07 EXEC SPC_COM_GET_COMBOBOX 'currency_div';
2017-12-08 18:00:07 EXEC SPC_COM_GET_COMBOBOX 'port_city_div';
2017-12-08 18:00:07 EXEC SPC_COM_GET_COMBOBOX 'payment_conditions_div';
2017-12-08 18:00:07 EXEC SPC_COM_GET_COMBOBOX 'port_country_div';
2017-12-08 18:00:08 EXEC SPC_COM_GET_COMBOBOX 'unit_q_div';
2017-12-08 18:00:08 EXEC SPC_COM_GET_COMBOBOX 'unit_w_div';
2017-12-08 18:00:08 EXEC SPC_COM_GET_COMBOBOX 'unit_m_div';
2017-12-08 18:00:08 EXEC SPC_GET_TAX_RATE '2017/12/08';
2017-12-08 18:00:08 EXEC SPC_COM_GET_COMBOBOX 'sales_detail_div';
2017-12-08 18:00:08 EXEC SPC_COM_GET_COMBOBOX 'bank_div';
2017-12-08 18:00:12 EXEC SPC_GET_PRODUCT '000001','','';
2017-12-08 18:00:14 EXEC SPC_GET_PRODUCT '','','USD';
SD';
2017-12-08 18:00:21 EXEC SPC_GET_PRODUCT '','','EUR';
2017-12-08 18:00:21 EXEC SPC_GET_PRODUCT '000001','','EUR';
2017-12-08 18:00:33 EXEC SPC_GET_PRODUCT '000000','','EUR';
2017-12-08 18:00:52 EXEC SPC_GET_PRODUCT '000002','','EUR';
2017-12-08 18:00:56 EXEC SPC_GET_PRODUCT '000001','','EUR';
2017-12-08 18:00:59 EXEC SPC_GET_PRODUCT '000000','','JPY';
2017-12-08 18:00:59 EXEC SPC_GET_PRODUCT '000001','','JPY';
2017-12-08 18:01:30 EXEC SPC_GET_PRODUCT '000001','','USD';
2017-12-08 18:01:30 EXEC SPC_GET_PRODUCT '000000','','USD';
2017-12-08 18:02:02 EXEC SPC_COM_GET_COMBOBOX 'port_country_div';
2017-12-08 18:02:02 EXEC SPC_COM_GET_COMBOBOX 'currency_div';
2017-12-08 18:02:02 EXEC SPC_COM_GET_COMBOBOX 'payment_conditions_div';
2017-12-08 18:02:02 EXEC SPC_COM_GET_COMBOBOX 'shipment_div';
2017-12-08 18:02:02 EXEC SPC_COM_GET_COMBOBOX 'port_city_div';
2017-12-08 18:02:02 EXEC SPC_COM_GET_COMBOBOX 'trade_terms_div';
2017-12-08 18:02:03 EXEC SPC_COM_GET_COMBOBOX 'unit_w_div';
2017-12-08 18:02:03 EXEC SPC_COM_GET_COMBOBOX 'unit_q_div';
2017-12-08 18:02:03 EXEC SPC_COM_GET_COMBOBOX 'unit_m_div';
2017-12-08 18:02:03 EXEC SPC_COM_GET_COMBOBOX 'sales_detail_div';
2017-12-08 18:02:03 EXEC SPC_COM_GET_COMBOBOX 'bank_div';
2017-12-08 18:02:03 EXEC SPC_GET_TAX_RATE '2017/12/08';
2017-12-08 18:02:10 EXEC SPC_GET_PRODUCT '','','USD';
2017-12-08 18:02:11 EXEC SPC_GET_PRODUCT '','','USD';
2017-12-08 18:02:13 EXEC SPC_GET_PRODUCT '','','EUR';
2017-12-08 18:02:14 EXEC SPC_GET_PRODUCT '','','EUR';
2017-12-08 18:02:21 EXEC SPC_COM_GET_COMBOBOX 'shipment_div';
2017-12-08 18:02:21 EXEC SPC_COM_GET_COMBOBOX 'currency_div';
2017-12-08 18:02:21 EXEC SPC_COM_GET_COMBOBOX 'port_country_div';
2017-12-08 18:02:21 EXEC SPC_COM_GET_COMBOBOX 'payment_conditions_div';
2017-12-08 18:02:21 EXEC SPC_COM_GET_COMBOBOX 'port_city_div';
2017-12-08 18:02:21 EXEC SPC_COM_GET_COMBOBOX 'trade_terms_div';
2017-12-08 18:02:21 EXEC SPC_COM_GET_COMBOBOX 'bank_div';
2017-12-08 18:02:21 EXEC SPC_COM_GET_COMBOBOX 'unit_m_div';
2017-12-08 18:02:21 EXEC SPC_COM_GET_COMBOBOX 'sales_detail_div';
2017-12-08 18:02:21 EXEC SPC_COM_GET_COMBOBOX 'unit_q_div';
2017-12-08 18:02:22 EXEC SPC_COM_GET_COMBOBOX 'unit_w_div';
2017-12-08 18:02:22 EXEC SPC_GET_TAX_RATE '2017/12/08';
2017-12-08 18:02:28 EXEC SPC_GET_PRODUCT '000001','','';
2017-12-08 18:04:30 EXEC SPC_GET_PRODUCT '000002','','';
2017-12-08 18:04:37 EXEC SPC_GET_PRODUCT '000001','','JPY';
2017-12-08 18:04:37 EXEC SPC_GET_PRODUCT '000002','','JPY';
2017-12-08 18:06:32 EXEC SPC_GET_PRODUCT '000001','','EUR';
2017-12-08 18:06:32 EXEC SPC_GET_PRODUCT '000002','','EUR';
2017-12-08 18:09:16 EXEC SPC_COM_GET_COMBOBOX 'port_city_div';
2017-12-08 18:09:16 EXEC SPC_COM_GET_COMBOBOX 'trade_terms_div';
2017-12-08 18:09:16 EXEC SPC_COM_GET_COMBOBOX 'unit_q_div';
2017-12-08 18:09:16 EXEC SPC_COM_GET_COMBOBOX 'unit_w_div';
2017-12-08 18:09:17 EXEC SPC_COM_GET_COMBOBOX 'unit_m_div';
2017-12-08 18:09:17 EXEC SPC_COM_GET_COMBOBOX 'sales_detail_div';
2017-12-08 18:09:17 EXEC SPC_COM_GET_COMBOBOX 'bank_div';
2017-12-08 18:09:18 EXEC SPC_GET_TAX_RATE '2017/12/08';
2017-12-08 18:09:18 EXEC SPC_COM_GET_COMBOBOX 'shipment_div';
2017-12-08 18:09:18 EXEC SPC_COM_GET_COMBOBOX 'payment_conditions_div';
2017-12-08 18:09:18 EXEC SPC_COM_GET_COMBOBOX 'currency_div';
2017-12-08 18:09:18 EXEC SPC_COM_GET_COMBOBOX 'port_country_div';
2017-12-08 18:09:21 EXEC SPC_GET_PRODUCT '000001','','';
2017-12-08 18:09:24 EXEC SPC_GET_PRODUCT '000002','','';
2017-12-08 18:09:26 EXEC SPC_GET_PRODUCT '000001','','USD';
2017-12-08 18:09:26 EXEC SPC_GET_PRODUCT '000002','','USD';
2017-12-08 18:10:39 EXEC SPC_COM_GET_COMBOBOX 'port_country_div';
2017-12-08 18:10:39 EXEC SPC_COM_GET_COMBOBOX 'trade_terms_div';
2017-12-08 18:10:39 EXEC SPC_COM_GET_COMBOBOX 'shipment_div';
2017-12-08 18:10:39 EXEC SPC_COM_GET_COMBOBOX 'currency_div';
2017-12-08 18:10:39 EXEC SPC_COM_GET_COMBOBOX 'port_city_div';
2017-12-08 18:10:39 EXEC SPC_COM_GET_COMBOBOX 'payment_conditions_div';
2017-12-08 18:10:40 EXEC SPC_COM_GET_COMBOBOX 'unit_q_div';
2017-12-08 18:10:40 EXEC SPC_COM_GET_COMBOBOX 'unit_m_div';
2017-12-08 18:10:40 EXEC SPC_COM_GET_COMBOBOX 'sales_detail_div';
2017-12-08 18:10:40 EXEC SPC_COM_GET_COMBOBOX 'bank_div';
2017-12-08 18:10:40 EXEC SPC_COM_GET_COMBOBOX 'unit_w_div';
2017-12-08 18:10:40 EXEC SPC_GET_TAX_RATE '2017/12/08';
2017-12-08 18:10:46 EXEC SPC_GET_PRODUCT '0001','','';
2017-12-08 18:10:49 EXEC SPC_GET_PRODUCT '000001','','';
2017-12-08 18:10:53 EXEC SPC_GET_PRODUCT '000002','','';
2017-12-08 18:10:58 EXEC SPC_GET_PRODUCT '000002','','USD';
2017-12-08 18:10:58 EXEC SPC_GET_PRODUCT '000001','','USD';
2017-12-08 18:11:07 EXEC SPC_GET_PRODUCT '000002','','EUR';
2017-12-08 18:11:07 EXEC SPC_GET_PRODUCT '000001','','EUR';
2017-12-08 18:11:15 EXEC SPC_GET_PRODUCT '000002','','JPY';
2017-12-08 18:11:15 EXEC SPC_GET_PRODUCT '000001','','JPY';
2017-12-08 18:14:04 EXEC SPC_COM_GET_COMBOBOX 'port_country_div';
2017-12-08 18:14:04 EXEC SPC_COM_GET_COMBOBOX 'port_city_div';
2017-12-08 18:14:04 EXEC SPC_COM_GET_COMBOBOX 'shipment_div';
2017-12-08 18:14:05 EXEC SPC_COM_GET_COMBOBOX 'currency_div';
2017-12-08 18:14:05 EXEC SPC_COM_GET_COMBOBOX 'payment_conditions_div';
2017-12-08 18:14:05 EXEC SPC_COM_GET_COMBOBOX 'trade_terms_div';
2017-12-08 18:14:05 EXEC SPC_COM_GET_COMBOBOX 'unit_q_div';
2017-12-08 18:14:05 EXEC SPC_COM_GET_COMBOBOX 'unit_w_div';
2017-12-08 18:14:05 EXEC SPC_COM_GET_COMBOBOX 'unit_m_div';
2017-12-08 18:14:05 EXEC SPC_COM_GET_COMBOBOX 'sales_detail_div';
2017-12-08 18:14:05 EXEC SPC_COM_GET_COMBOBOX 'bank_div';
2017-12-08 18:14:05 EXEC SPC_GET_TAX_RATE '2017/12/08';
2017-12-08 18:14:13 EXEC SPC_GET_PRODUCT '000001','','';
2017-12-08 18:14:20 EXEC SPC_GET_PRODUCT '000002','','';
2017-12-08 18:14:42 EXEC SPC_GET_PRODUCT '000001','','USD';
2017-12-08 18:14:42 EXEC SPC_GET_PRODUCT '000002','','USD';
2017-12-08 18:14:45 EXEC SPC_GET_PRODUCT '000002','','EUR';
2017-12-08 18:14:47 EXEC SPC_GET_PRODUCT '000002','','JPY';
2017-12-08 18:14:47 EXEC SPC_GET_PRODUCT '000001','','JPY';
2017-12-08 18:14:55 EXEC SPC_GET_PRODUCT '000002','','USD';
2017-12-08 18:14:55 EXEC SPC_GET_PRODUCT '000001','','USD';
2017-12-08 18:15:02 EXEC SPC_GET_PRODUCT '000001','','USD';
2017-12-08 18:15:43 EXEC SPC_COM_GET_COMBOBOX 'port_city_div';
2017-12-08 18:15:43 EXEC SPC_COM_GET_COMBOBOX 'port_country_div';
2017-12-08 18:15:43 EXEC SPC_COM_GET_COMBOBOX 'shipment_div';
2017-12-08 18:15:43 EXEC SPC_COM_GET_COMBOBOX 'payment_conditions_div';
2017-12-08 18:15:43 EXEC SPC_COM_GET_COMBOBOX 'currency_div';
2017-12-08 18:15:43 EXEC SPC_COM_GET_COMBOBOX 'trade_terms_div';
2017-12-08 18:15:43 EXEC SPC_COM_GET_COMBOBOX 'unit_w_div';
2017-12-08 18:15:43 EXEC SPC_COM_GET_COMBOBOX 'unit_q_div';
2017-12-08 18:15:43 EXEC SPC_COM_GET_COMBOBOX 'unit_m_div';
2017-12-08 18:15:44 EXEC SPC_GET_TAX_RATE '2017/12/08';
2017-12-08 18:15:44 EXEC SPC_COM_GET_COMBOBOX 'sales_detail_div';
2017-12-08 18:15:44 EXEC SPC_COM_GET_COMBOBOX 'bank_div';
2017-12-08 18:15:51 EXEC SPC_GET_PRODUCT '000001','','';
2017-12-08 18:15:55 EXEC SPC_GET_PRODUCT '000002','','';
2017-12-08 18:16:00 EXEC SPC_GET_PRODUCT '000001','','USD';
2017-12-08 18:16:00 EXEC SPC_GET_PRODUCT '000002','','USD';
2017-12-08 18:16:04 EXEC SPC_GET_PRODUCT '000001','','USD';
2017-12-08 18:16:08 EXEC SPC_GET_PRODUCT '000001','','EUR';
2017-12-08 18:16:09 EXEC SPC_GET_PRODUCT '000001','','EUR';
2017-12-08 18:16:13 EXEC SPC_GET_PRODUCT '000001','','JPY';
2017-12-08 18:16:13 EXEC SPC_GET_PRODUCT '000001','','JPY';
2017-12-08 18:16:16 EXEC SPC_GET_PRODUCT '000001','','EUR';
2017-12-08 18:16:16 EXEC SPC_GET_PRODUCT '000001','','EUR';
2017-12-08 18:16:18 EXEC SPC_GET_PRODUCT '000001','','USD';
2017-12-08 18:16:19 EXEC SPC_GET_PRODUCT '000001','','USD';
2017-12-08 18:16:22 EXEC SPC_GET_PRODUCT '000002','','USD';
2017-12-08 18:16:26 EXEC SPC_GET_PRODUCT '000002','','EUR';
2017-12-08 18:16:26 EXEC SPC_GET_PRODUCT '000001','','EUR';
2017-12-08 18:16:30 EXEC SPC_GET_PRODUCT '000002','','JPY';
2017-12-08 18:16:30 EXEC SPC_GET_PRODUCT '000001','','JPY';
2017-12-08 18:16:32 EXEC SPC_GET_PRODUCT '000001','','USD';
2017-12-08 18:16:32 EXEC SPC_GET_PRODUCT '000002','','USD';
2017-12-08 18:16:33 EXEC SPC_GET_PRODUCT '000001','','EUR';
2017-12-08 18:16:33 EXEC SPC_GET_PRODUCT '000002','','EUR';
2017-12-08 18:19:47 EXEC SPC_COM_GET_COMBOBOX 'port_country_div';
2017-12-08 18:19:47 EXEC SPC_COM_GET_COMBOBOX 'shipment_div';
2017-12-08 18:19:47 EXEC SPC_COM_GET_COMBOBOX 'port_city_div';
2017-12-08 18:19:47 EXEC SPC_COM_GET_COMBOBOX 'payment_conditions_div';
2017-12-08 18:19:47 EXEC SPC_COM_GET_COMBOBOX 'trade_terms_div';
2017-12-08 18:19:47 EXEC SPC_COM_GET_COMBOBOX 'unit_q_div';
2017-12-08 18:19:47 EXEC SPC_COM_GET_COMBOBOX 'unit_m_div';
2017-12-08 18:19:47 EXEC SPC_COM_GET_COMBOBOX 'unit_w_div';
2017-12-08 18:19:47 EXEC SPC_COM_GET_COMBOBOX 'sales_detail_div';
2017-12-08 18:19:47 EXEC SPC_GET_TAX_RATE '2017/12/08';
2017-12-08 18:19:47 EXEC SPC_COM_GET_COMBOBOX 'bank_div';
2017-12-08 18:19:58 EXEC SPC_GET_PRODUCT '000000','','';
2017-12-08 18:20:01 EXEC SPC_GET_PRODUCT '000001','','';
2017-12-08 18:20:05 EXEC SPC_GET_PRODUCT '000000','','';
2017-12-08 18:20:07 EXEC SPC_GET_PRODUCT '000000','','USD';
2017-12-08 18:20:07 EXEC SPC_GET_PRODUCT '000001','','USD';
2017-12-08 18:33:59 EXEC SPC_COM_GET_COMBOBOX 'port_country_div';
2017-12-08 18:33:59 EXEC SPC_COM_GET_COMBOBOX 'unit_q_div';
2017-12-08 18:34:00 EXEC SPC_COM_GET_COMBOBOX 'shipment_div';
2017-12-08 18:34:00 EXEC SPC_COM_GET_COMBOBOX 'trade_terms_div';
2017-12-08 18:34:00 EXEC SPC_COM_GET_COMBOBOX 'payment_conditions_div';
2017-12-08 18:34:00 EXEC SPC_COM_GET_COMBOBOX 'currency_div';
2017-12-08 18:34:00 EXEC SPC_COM_GET_COMBOBOX 'unit_w_div';
2017-12-08 18:34:00 EXEC SPC_COM_GET_COMBOBOX 'port_city_div';
2017-12-08 18:34:00 EXEC SPC_COM_GET_COMBOBOX 'unit_m_div';
2017-12-08 18:34:01 EXEC SPC_COM_GET_COMBOBOX 'bank_div';
2017-12-08 18:34:01 EXEC SPC_COM_GET_COMBOBOX 'sales_detail_div';
2017-12-08 18:34:01 EXEC SPC_GET_TAX_RATE '2017/12/08';
2017-12-08 18:35:08 EXEC SPC_COM_GET_COMBOBOX 'port_city_div';
2017-12-08 18:35:08 EXEC SPC_COM_GET_COMBOBOX 'shipment_div';
2017-12-08 18:35:08 EXEC SPC_COM_GET_COMBOBOX 'payment_conditions_div';
2017-12-08 18:35:08 EXEC SPC_COM_GET_COMBOBOX 'trade_terms_div';
2017-12-08 18:35:08 EXEC SPC_COM_GET_COMBOBOX 'currency_div';
2017-12-08 18:35:08 EXEC SPC_COM_GET_COMBOBOX 'port_country_div';
2017-12-08 18:35:09 EXEC SPC_COM_GET_COMBOBOX 'unit_w_div';
2017-12-08 18:35:09 EXEC SPC_COM_GET_COMBOBOX 'unit_q_div';
2017-12-08 18:35:09 EXEC SPC_GET_TAX_RATE '2017/12/08';
2017-12-08 18:35:09 EXEC SPC_COM_GET_COMBOBOX 'unit_m_div';
2017-12-08 18:35:09 EXEC SPC_COM_GET_COMBOBOX 'sales_detail_div';
2017-12-08 18:35:09 EXEC SPC_COM_GET_COMBOBOX 'bank_div';
2017-12-08 18:35:48 EXEC SPC_COM_GET_COMBOBOX 'shipment_div';
2017-12-08 18:35:48 EXEC SPC_COM_GET_COMBOBOX 'port_city_div';
2017-12-08 18:35:48 EXEC SPC_COM_GET_COMBOBOX 'port_country_div';
2017-12-08 18:35:48 EXEC SPC_COM_GET_COMBOBOX 'payment_conditions_div';
2017-12-08 18:35:48 EXEC SPC_COM_GET_COMBOBOX 'trade_terms_div';
2017-12-08 18:35:48 EXEC SPC_COM_GET_COMBOBOX 'currency_div';
2017-12-08 18:35:48 EXEC SPC_COM_GET_COMBOBOX 'unit_m_div';
2017-12-08 18:35:49 EXEC SPC_COM_GET_COMBOBOX 'sales_detail_div';
2017-12-08 18:35:49 EXEC SPC_COM_GET_COMBOBOX 'unit_w_div';
2017-12-08 18:35:49 EXEC SPC_COM_GET_COMBOBOX 'bank_div';
2017-12-08 18:35:49 EXEC SPC_GET_TAX_RATE '2017/12/08';
2017-12-08 18:37:04 EXEC SPC_COM_GET_COMBOBOX 'trade_terms_div';
2017-12-08 18:37:04 EXEC SPC_COM_GET_COMBOBOX 'port_city_div';
2017-12-08 18:37:04 EXEC SPC_COM_GET_COMBOBOX 'port_country_div';
2017-12-08 18:37:04 EXEC SPC_COM_GET_COMBOBOX 'payment_conditions_div';
2017-12-08 18:37:04 EXEC SPC_COM_GET_COMBOBOX 'shipment_div';
2017-12-08 18:37:04 EXEC SPC_COM_GET_COMBOBOX 'currency_div';
2017-12-08 18:37:04 EXEC SPC_COM_GET_COMBOBOX 'unit_q_div';
2017-12-08 18:37:04 EXEC SPC_COM_GET_COMBOBOX 'bank_div';
2017-12-08 18:37:04 EXEC SPC_COM_GET_COMBOBOX 'sales_detail_div';
2017-12-08 18:37:04 EXEC SPC_COM_GET_COMBOBOX 'unit_m_div';
2017-12-08 18:37:04 EXEC SPC_COM_GET_COMBOBOX 'unit_w_div';
2017-12-08 18:37:05 EXEC SPC_GET_TAX_RATE '2017/12/08';
2017-12-08 18:38:19 EXEC SPC_COM_GET_COMBOBOX 'shipment_div';
2017-12-08 18:38:19 EXEC SPC_COM_GET_COMBOBOX 'payment_conditions_div';
2017-12-08 18:38:19 EXEC SPC_COM_GET_COMBOBOX 'port_country_div';
2017-12-08 18:38:19 EXEC SPC_COM_GET_COMBOBOX 'port_city_div';
2017-12-08 18:38:19 EXEC SPC_COM_GET_COMBOBOX 'trade_terms_div';
2017-12-08 18:38:19 EXEC SPC_COM_GET_COMBOBOX 'currency_div';
2017-12-08 18:38:20 EXEC SPC_COM_GET_COMBOBOX 'unit_q_div';
2017-12-08 18:38:20 EXEC SPC_GET_TAX_RATE '2017/12/08';
2017-12-08 18:38:20 EXEC SPC_COM_GET_COMBOBOX 'sales_detail_div';
2017-12-08 18:38:20 EXEC SPC_COM_GET_COMBOBOX 'unit_w_div';
2017-12-08 18:38:20 EXEC SPC_COM_GET_COMBOBOX 'bank_div';
2017-12-08 18:38:20 EXEC SPC_COM_GET_COMBOBOX 'unit_m_div';
2017-12-08 18:38:57 EXEC SPC_COM_GET_COMBOBOX 'trade_terms_div';
2017-12-08 18:38:57 EXEC SPC_COM_GET_COMBOBOX 'currency_div';
2017-12-08 18:38:57 EXEC SPC_COM_GET_COMBOBOX 'shipment_div';
2017-12-08 18:38:57 EXEC SPC_COM_GET_COMBOBOX 'payment_conditions_div';
2017-12-08 18:38:57 EXEC SPC_COM_GET_COMBOBOX 'port_city_div';
2017-12-08 18:38:57 EXEC SPC_COM_GET_COMBOBOX 'port_country_div';
2017-12-08 18:38:58 EXEC SPC_COM_GET_COMBOBOX 'unit_q_div';
2017-12-08 18:38:58 EXEC SPC_COM_GET_COMBOBOX 'sales_detail_div';
2017-12-08 18:38:58 EXEC SPC_COM_GET_COMBOBOX 'unit_w_div';
2017-12-08 18:38:58 EXEC SPC_COM_GET_COMBOBOX 'unit_m_div';
2017-12-08 18:38:58 EXEC SPC_COM_GET_COMBOBOX 'bank_div';
2017-12-08 18:38:58 EXEC SPC_GET_TAX_RATE '2017/12/08';
2017-12-08 18:41:41 EXEC SPC_COM_GET_COMBOBOX 'currency_div';
2017-12-08 18:41:41 EXEC SPC_COM_GET_COMBOBOX 'shipment_div';
2017-12-08 18:41:41 EXEC SPC_COM_GET_COMBOBOX 'port_city_div';
2017-12-08 18:41:41 EXEC SPC_COM_GET_COMBOBOX 'payment_conditions_div';
2017-12-08 18:41:41 EXEC SPC_COM_GET_COMBOBOX 'port_country_div';
2017-12-08 18:41:41 EXEC SPC_COM_GET_COMBOBOX 'trade_terms_div';
2017-12-08 18:41:42 EXEC SPC_COM_GET_COMBOBOX 'bank_div';
2017-12-08 18:41:42 EXEC SPC_COM_GET_COMBOBOX 'sales_detail_div';
2017-12-08 18:41:42 EXEC SPC_COM_GET_COMBOBOX 'unit_m_div';
2017-12-08 18:41:42 EXEC SPC_COM_GET_COMBOBOX 'unit_w_div';
2017-12-08 18:41:42 EXEC SPC_COM_GET_COMBOBOX 'unit_q_div';
2017-12-08 18:41:42 EXEC SPC_GET_TAX_RATE '2017/12/08';
2017-12-08 18:42:20 EXEC SPC_COM_GET_COMBOBOX 'port_country_div';
2017-12-08 18:42:20 EXEC SPC_COM_GET_COMBOBOX 'port_city_div';
2017-12-08 18:42:20 EXEC SPC_COM_GET_COMBOBOX 'payment_conditions_div';
2017-12-08 18:42:20 EXEC SPC_COM_GET_COMBOBOX 'currency_div';
2017-12-08 18:42:20 EXEC SPC_COM_GET_COMBOBOX 'trade_terms_div';
2017-12-08 18:42:20 EXEC SPC_COM_GET_COMBOBOX 'shipment_div';
2017-12-08 18:42:20 EXEC SPC_COM_GET_COMBOBOX 'unit_w_div';
2017-12-08 18:42:20 EXEC SPC_COM_GET_COMBOBOX 'bank_div';
2017-12-08 18:42:20 EXEC SPC_COM_GET_COMBOBOX 'sales_detail_div';
2017-12-08 18:42:20 EXEC SPC_COM_GET_COMBOBOX 'unit_q_div';
2017-12-08 18:42:20 EXEC SPC_COM_GET_COMBOBOX 'unit_m_div';
2017-12-08 18:42:21 EXEC SPC_GET_TAX_RATE '2017/12/08';
2017-12-08 18:43:17 EXEC SPC_COM_GET_COMBOBOX 'port_city_div';
2017-12-08 18:43:17 EXEC SPC_COM_GET_COMBOBOX 'port_country_div';
2017-12-08 18:43:17 EXEC SPC_COM_GET_COMBOBOX 'trade_terms_div';
2017-12-08 18:43:17 EXEC SPC_COM_GET_COMBOBOX 'payment_conditions_div';
2017-12-08 18:43:17 EXEC SPC_COM_GET_COMBOBOX 'currency_div';
2017-12-08 18:43:17 EXEC SPC_COM_GET_COMBOBOX 'shipment_div';
2017-12-08 18:43:18 EXEC SPC_COM_GET_COMBOBOX 'unit_m_div';
2017-12-08 18:43:18 EXEC SPC_GET_TAX_RATE '2017/12/08';
2017-12-08 18:43:18 EXEC SPC_COM_GET_COMBOBOX 'unit_q_div';
2017-12-08 18:43:18 EXEC SPC_COM_GET_COMBOBOX 'bank_div';
2017-12-08 18:43:18 EXEC SPC_COM_GET_COMBOBOX 'sales_detail_div';
2017-12-08 18:45:27 EXEC SPC_COM_GET_COMBOBOX 'port_country_div';
2017-12-08 18:45:28 EXEC SPC_COM_GET_COMBOBOX 'payment_conditions_div';
2017-12-08 18:45:28 EXEC SPC_COM_GET_COMBOBOX 'shipment_div';

2017-12-08 18:45:28 EXEC SPC_COM_GET_COMBOBOX 'trade_terms_div';
2017-12-08 18:45:28 EXEC SPC_COM_GET_COMBOBOX 'unit_q_div';
2017-12-08 18:45:28 EXEC SPC_COM_GET_COMBOBOX 'bank_div';
2017-12-08 18:45:28 EXEC SPC_COM_GET_COMBOBOX 'unit_w_div';
2017-12-08 18:45:28 EXEC SPC_COM_GET_COMBOBOX 'sales_detail_div';
2017-12-08 18:45:28 EXEC SPC_GET_TAX_RATE '2017/12/08';
2017-12-08 18:45:28 EXEC SPC_COM_GET_COMBOBOX 'unit_m_div';
2017-12-08 18:46:03 EXEC SPC_COM_GET_COMBOBOX 'payment_conditions_div';
2017-12-08 18:46:03 EXEC SPC_COM_GET_COMBOBOX 'shipment_div';
2017-12-08 18:46:03 EXEC SPC_COM_GET_COMBOBOX 'port_country_div';
2017-12-08 18:46:03 EXEC SPC_COM_GET_COMBOBOX 'trade_terms_div';
2017-12-08 18:46:03 EXEC SPC_COM_GET_COMBOBOX 'port_city_div';
2017-12-08 18:46:03 EXEC SPC_COM_GET_COMBOBOX 'currency_div';
2017-12-08 18:46:04 EXEC SPC_COM_GET_COMBOBOX 'unit_w_div';
2017-12-08 18:46:04 EXEC SPC_COM_GET_COMBOBOX 'unit_m_div';
2017-12-08 18:46:04 EXEC SPC_COM_GET_COMBOBOX 'unit_q_div';
2017-12-08 18:46:04 EXEC SPC_COM_GET_COMBOBOX 'bank_div';
2017-12-08 18:46:04 EXEC SPC_COM_GET_COMBOBOX 'sales_detail_div';
2017-12-08 18:46:04 EXEC SPC_GET_TAX_RATE '2017/12/08';
2017-12-08 18:51:30 EXEC SPC_COM_GET_COMBOBOX 'port_country_div';
2017-12-08 18:51:31 EXEC SPC_COM_GET_COMBOBOX 'unit_q_div';
2017-12-08 18:51:31 EXEC SPC_COM_GET_COMBOBOX 'unit_w_div';
2017-12-08 18:51:31 EXEC SPC_COM_GET_COMBOBOX 'shipment_div';
2017-12-08 18:51:32 EXEC SPC_COM_GET_COMBOBOX 'payment_conditions_div';
2017-12-08 18:51:32 EXEC SPC_COM_GET_COMBOBOX 'currency_div';
;
2017-12-08 18:51:32 EXEC SPC_COM_GET_COMBOBOX 'unit_m_div';
2017-12-08 18:51:32 EXEC SPC_COM_GET_COMBOBOX 'port_city_div';
2017-12-08 18:51:32 EXEC SPC_COM_GET_COMBOBOX 'sales_detail_div';
2017-12-08 18:51:32 EXEC SPC_COM_GET_COMBOBOX 'bank_div';
2017-12-08 18:51:32 EXEC SPC_GET_TAX_RATE '2017/12/08';
2017-12-08 18:53:25 EXEC SPC_COM_GET_COMBOBOX 'port_city_div';
2017-12-08 18:53:25 EXEC SPC_COM_GET_COMBOBOX 'shipment_div';
2017-12-08 18:53:25 EXEC SPC_COM_GET_COMBOBOX 'port_country_div';
2017-12-08 18:53:25 EXEC SPC_COM_GET_COMBOBOX 'payment_conditions_div';
2017-12-08 18:53:25 EXEC SPC_COM_GET_COMBOBOX 'trade_terms_div';
2017-12-08 18:53:26 EXEC SPC_COM_GET_COMBOBOX 'currency_div';
2017-12-08 18:53:26 EXEC SPC_COM_GET_COMBOBOX 'unit_w_div';
2017-12-08 18:53:26 EXEC SPC_COM_GET_COMBOBOX 'unit_q_div';
2017-12-08 18:53:26 EXEC SPC_COM_GET_COMBOBOX 'unit_m_div';
2017-12-08 18:53:26 EXEC SPC_GET_TAX_RATE '2017/12/08';
2017-12-08 18:53:26 EXEC SPC_COM_GET_COMBOBOX 'bank_div';
2017-12-08 18:53:26 EXEC SPC_COM_GET_COMBOBOX 'sales_detail_div';
2017-12-08 18:58:14 EXEC SPC_COM_GET_COMBOBOX 'port_country_div';
2017-12-08 18:58:14 EXEC SPC_COM_GET_COMBOBOX 'trade_terms_div';
2017-12-08 18:58:14 EXEC SPC_COM_GET_COMBOBOX 'currency_div';
2017-12-08 18:58:14 EXEC SPC_COM_GET_COMBOBOX 'shipment_div';
2017-12-08 18:58:14 EXEC SPC_COM_GET_COMBOBOX 'port_city_div';
2017-12-08 18:58:14 EXEC SPC_COM_GET_COMBOBOX 'payment_conditions_div';
2017-12-08 18:58:14 EXEC SPC_COM_GET_COMBOBOX 'unit_w_div';
2017-12-08 18:58:14 EXEC SPC_COM_GET_COMBOBOX 'sales_detail_div';
2017-12-08 18:58:14 EXEC SPC_COM_GET_COMBOBOX 'bank_div';
2017-12-08 18:58:14 EXEC SPC_COM_GET_COMBOBOX 'unit_m_div';
2017-12-08 18:58:14 EXEC SPC_GET_TAX_RATE '2017/12/08';
2017-12-08 18:58:14 EXEC SPC_COM_GET_COMBOBOX 'unit_q_div';
2017-12-08 18:58:55 EXEC SPC_GET_PRODUCT '000001','','';
2017-12-08 18:59:15 EXEC SPC_GET_PRODUCT '000002','','';
2017-12-08 18:59:18 EXEC SPC_GET_PRODUCT '000001','','';
2017-12-08 19:07:27 EXEC SPC_COM_GET_COMBOBOX 'port_country_div';
2017-12-08 19:07:27 EXEC SPC_COM_GET_COMBOBOX 'unit_q_div';
2017-12-08 19:07:28 EXEC SPC_COM_GET_COMBOBOX 'port_city_div';
2017-12-08 19:07:28 EXEC SPC_COM_GET_COMBOBOX 'shipment_div';
2017-12-08 19:07:28 EXEC SPC_COM_GET_COMBOBOX 'trade_terms_div';
2017-12-08 19:07:28 EXEC SPC_COM_GET_COMBOBOX 'payment_conditions_div';
2017-12-08 19:07:28 EXEC SPC_COM_GET_COMBOBOX 'currency_div';
2017-12-08 19:07:28 EXEC SPC_COM_GET_COMBOBOX 'unit_w_div';
2017-12-08 19:07:28 EXEC SPC_COM_GET_COMBOBOX 'unit_m_div';
2017-12-08 19:07:29 EXEC SPC_COM_GET_COMBOBOX 'bank_div';
2017-12-08 19:07:29 EXEC SPC_GET_TAX_RATE '2017/12/08';
2017-12-08 19:07:29 EXEC SPC_COM_GET_COMBOBOX 'sales_detail_div';
2017-12-08 19:07:37 EXEC SPC_COM_GET_COMBOBOX 'port_city_div';
2017-12-08 19:07:37 EXEC SPC_COM_GET_COMBOBOX 'trade_terms_div';
2017-12-08 19:07:37 EXEC SPC_COM_GET_COMBOBOX 'port_country_div';
2017-12-08 19:07:37 EXEC SPC_COM_GET_COMBOBOX 'shipment_div';
2017-12-08 19:07:37 EXEC SPC_COM_GET_COMBOBOX 'payment_conditions_div';
2017-12-08 19:07:37 EXEC SPC_COM_GET_COMBOBOX 'currency_div';
2017-12-08 19:07:38 EXEC SPC_COM_GET_COMBOBOX 'unit_q_div';
2017-12-08 19:07:38 EXEC SPC_COM_GET_COMBOBOX 'unit_m_div';
2017-12-08 19:07:38 EXEC SPC_COM_GET_COMBOBOX 'sales_detail_div';
2017-12-08 19:07:38 EXEC SPC_COM_GET_COMBOBOX 'unit_w_div';
2017-12-08 19:07:38 EXEC SPC_COM_GET_COMBOBOX 'bank_div';
2017-12-08 19:07:38 EXEC SPC_GET_TAX_RATE '2017/12/08';
2017-12-08 19:10:13 EXEC SPC_COM_GET_COMBOBOX 'port_city_div';
2017-12-08 19:10:13 EXEC SPC_COM_GET_COMBOBOX 'currency_div';
2017-12-08 19:10:13 EXEC SPC_COM_GET_COMBOBOX 'trade_terms_div';
2017-12-08 19:10:13 EXEC SPC_COM_GET_COMBOBOX 'shipment_div';
2017-12-08 19:10:13 EXEC SPC_COM_GET_COMBOBOX 'port_country_div';
2017-12-08 19:10:13 EXEC SPC_COM_GET_COMBOBOX 'payment_conditions_div';
2017-12-08 19:10:14 EXEC SPC_COM_GET_COMBOBOX 'sales_detail_div';
2017-12-08 19:10:14 EXEC SPC_COM_GET_COMBOBOX 'unit_m_div';
2017-12-08 19:10:14 EXEC SPC_COM_GET_COMBOBOX 'unit_q_div';
2017-12-08 19:10:14 EXEC SPC_COM_GET_COMBOBOX 'unit_w_div';
2017-12-08 19:10:14 EXEC SPC_COM_GET_COMBOBOX 'bank_div';
2017-12-08 19:10:14 EXEC SPC_GET_TAX_RATE '2017/12/08';
2017-12-08 19:13:19 EXEC SPC_COM_GET_COMBOBOX 'port_country_div';
2017-12-08 19:13:19 EXEC SPC_COM_GET_COMBOBOX 'shipment_div';
2017-12-08 19:13:19 EXEC SPC_COM_GET_COMBOBOX 'currency_div';
2017-12-08 19:13:19 EXEC SPC_COM_GET_COMBOBOX 'payment_conditions_div';
2017-12-08 19:13:19 EXEC SPC_COM_GET_COMBOBOX 'port_city_div';
2017-12-08 19:13:19 EXEC SPC_COM_GET_COMBOBOX 'trade_terms_div';
2017-12-08 19:13:19 EXEC SPC_COM_GET_COMBOBOX 'unit_q_div';
2017-12-08 19:13:19 EXEC SPC_COM_GET_COMBOBOX 'unit_w_div';
2017-12-08 19:13:19 EXEC SPC_COM_GET_COMBOBOX 'unit_m_div';
2017-12-08 19:13:20 EXEC SPC_COM_GET_COMBOBOX 'sales_detail_div';
2017-12-08 19:13:20 EXEC SPC_COM_GET_COMBOBOX 'bank_div';
2017-12-08 19:13:20 EXEC SPC_GET_TAX_RATE '2017/12/08';
2017-12-08 19:15:27 EXEC SPC_COM_GET_COMBOBOX 'port_country_div';
2017-12-08 19:15:27 EXEC SPC_COM_GET_COMBOBOX 'payment_conditions_div';
2017-12-08 19:15:27 EXEC SPC_COM_GET_COMBOBOX 'port_city_div';
2017-12-08 19:15:27 EXEC SPC_COM_GET_COMBOBOX 'trade_terms_div';
2017-12-08 19:15:27 EXEC SPC_COM_GET_COMBOBOX 'shipment_div';
2017-12-08 19:15:28 EXEC SPC_COM_GET_COMBOBOX 'unit_m_div';
2017-12-08 19:15:28 EXEC SPC_COM_GET_COMBOBOX 'unit_w_div';
2017-12-08 19:15:28 EXEC SPC_COM_GET_COMBOBOX 'unit_q_div';
2017-12-08 19:15:28 EXEC SPC_COM_GET_COMBOBOX 'bank_div';
2017-12-08 19:15:28 EXEC SPC_GET_TAX_RATE '2017/12/08';
2017-12-08 19:15:28 EXEC SPC_COM_GET_COMBOBOX 'sales_detail_div';
2017-12-08 19:16:37 EXEC SPC_COM_GET_COMBOBOX 'payment_conditions_div';
2017-12-08 19:16:37 EXEC SPC_COM_GET_COMBOBOX 'currency_div';
2017-12-08 19:16:37 EXEC SPC_COM_GET_COMBOBOX 'port_country_div';
2017-12-08 19:16:37 EXEC SPC_COM_GET_COMBOBOX 'shipment_div';
2017-12-08 19:16:37 EXEC SPC_COM_GET_COMBOBOX 'port_city_div';
2017-12-08 19:16:37 EXEC SPC_COM_GET_COMBOBOX 'unit_w_div';
2017-12-08 19:16:37 EXEC SPC_COM_GET_COMBOBOX 'unit_m_div';
2017-12-08 19:16:37 EXEC SPC_COM_GET_COMBOBOX 'unit_q_div';
2017-12-08 19:16:37 EXEC SPC_COM_GET_COMBOBOX 'sales_detail_div';
2017-12-08 19:16:37 EXEC SPC_COM_GET_COMBOBOX 'bank_div';
2017-12-08 19:16:37 EXEC SPC_GET_TAX_RATE '2017/12/08';
2017-12-08 19:34:08 EXEC SPC_COM_GET_COMBOBOX 'pi_status_div';
2017-12-08 19:39:53 EXEC SPC_COM_GET_COMBOBOX 'port_country_div';
2017-12-08 19:39:53 EXEC SPC_COM_GET_COMBOBOX 'trade_terms_div';
2017-12-08 19:39:53 EXEC SPC_COM_GET_COMBOBOX 'port_city_div';
2017-12-08 19:39:53 EXEC SPC_COM_GET_COMBOBOX 'shipment_div';
2017-12-08 19:39:54 EXEC SPC_COM_GET_COMBOBOX 'unit_q_div';
2017-12-08 19:39:54 EXEC SPC_COM_GET_COMBOBOX 'currency_div';
2017-12-08 19:39:54 EXEC SPC_COM_GET_COMBOBOX 'unit_m_div';
2017-12-08 19:39:54 EXEC SPC_COM_GET_COMBOBOX 'sales_detail_div';
2017-12-08 19:39:54 EXEC SPC_COM_GET_COMBOBOX 'unit_w_div';
2017-12-08 19:39:54 EXEC SPC_COM_GET_COMBOBOX 'payment_conditions_div';
2017-12-08 19:39:54 EXEC SPC_GET_TAX_RATE '2017/12/08';
2017-12-08 19:39:54 EXEC SPC_COM_GET_COMBOBOX 'bank_div';
2017-12-08 19:42:26 EXEC SPC_COM_GET_COMBOBOX 'port_country_div';
2017-12-08 19:42:26 EXEC SPC_COM_GET_COMBOBOX 'payment_conditions_div';
2017-12-08 19:42:26 EXEC SPC_COM_GET_COMBOBOX 'currency_div';
2017-12-08 19:42:26 EXEC SPC_COM_GET_COMBOBOX 'shipment_div';
2017-12-08 19:42:26 EXEC SPC_COM_GET_COMBOBOX 'port_city_div';
2017-12-08 19:42:26 EXEC SPC_COM_GET_COMBOBOX 'trade_terms_div';
2017-12-08 19:42:27 EXEC SPC_COM_GET_COMBOBOX 'bank_div';
2017-12-08 19:42:27 EXEC SPC_COM_GET_COMBOBOX 'unit_w_div';
2017-12-08 19:42:27 EXEC SPC_COM_GET_COMBOBOX 'unit_m_div';
2017-12-08 19:42:27 EXEC SPC_COM_GET_COMBOBOX 'sales_detail_div';
2017-12-08 19:42:27 EXEC SPC_COM_GET_COMBOBOX 'unit_q_div';
2017-12-08 19:42:27 EXEC SPC_GET_TAX_RATE '2017/12/08';
2017-12-08 19:42:56 EXEC SPC_COM_GET_COMBOBOX 'trade_terms_div';
2017-12-08 19:42:56 EXEC SPC_COM_GET_COMBOBOX 'port_city_div';
2017-12-08 19:42:56 EXEC SPC_COM_GET_COMBOBOX 'currency_div';
2017-12-08 19:42:56 EXEC SPC_COM_GET_COMBOBOX 'shipment_div';
ns_div';
2017-12-08 19:42:56 EXEC SPC_COM_GET_COMBOBOX 'port_country_div';
2017-12-08 19:42:57 EXEC SPC_COM_GET_COMBOBOX 'unit_q_div';
2017-12-08 19:42:57 EXEC SPC_COM_GET_COMBOBOX 'unit_w_div';
2017-12-08 19:42:57 EXEC SPC_COM_GET_COMBOBOX 'unit_m_div';
2017-12-08 19:42:57 EXEC SPC_GET_TAX_RATE '2017/12/08';
2017-12-08 19:42:57 EXEC SPC_COM_GET_COMBOBOX 'bank_div';
2017-12-08 19:42:57 EXEC SPC_COM_GET_COMBOBOX 'sales_detail_div';
2017-12-08 19:43:58 EXEC SPC_COM_GET_COMBOBOX 'payment_conditions_div';
2017-12-08 19:43:58 EXEC SPC_COM_GET_COMBOBOX 'trade_terms_div';
2017-12-08 19:43:58 EXEC SPC_COM_GET_COMBOBOX 'port_city_div';
2017-12-08 19:43:58 EXEC SPC_COM_GET_COMBOBOX 'shipment_div';
2017-12-08 19:43:58 EXEC SPC_COM_GET_COMBOBOX 'port_country_div';
2017-12-08 19:43:58 EXEC SPC_COM_GET_COMBOBOX 'currency_div';
2017-12-08 19:43:58 EXEC SPC_COM_GET_COMBOBOX 'unit_w_div';
2017-12-08 19:43:58 EXEC SPC_COM_GET_COMBOBOX 'bank_div';
2017-12-08 19:43:58 EXEC SPC_COM_GET_COMBOBOX 'sales_detail_div';
2017-12-08 19:43:58 EXEC SPC_GET_TAX_RATE '2017/12/08';
2017-12-08 19:43:58 EXEC SPC_COM_GET_COMBOBOX 'unit_m_div';
2017-12-08 19:43:58 EXEC SPC_COM_GET_COMBOBOX 'unit_q_div';
2017-12-08 19:47:00 EXEC SPC_GET_PRODUCT '000001','','';
2017-12-08 20:00:12 EXEC SPC_COM_GET_COMBOBOX 'port_country_div';
2017-12-08 20:00:13 EXEC SPC_COM_GET_COMBOBOX 'unit_q_div';
2017-12-08 20:00:13 EXEC SPC_COM_GET_COMBOBOX 'trade_terms_div';
2017-12-08 20:00:13 EXEC SPC_COM_GET_COMBOBOX 'currency_div';
2017-12-08 20:00:13 EXEC SPC_COM_GET_COMBOBOX 'payment_conditions_div';
2017-12-08 20:00:13 EXEC SPC_COM_GET_COMBOBOX 'port_city_div';
2017-12-08 20:00:13 EXEC SPC_COM_GET_COMBOBOX 'unit_w_div';
2017-12-08 20:00:14 EXEC SPC_COM_GET_COMBOBOX 'sales_detail_div';
2017-12-08 20:00:14 EXEC SPC_COM_GET_COMBOBOX 'unit_m_div';
2017-12-08 20:00:14 EXEC SPC_GET_TAX_RATE '2017/12/08';
2017-12-08 20:00:14 EXEC SPC_COM_GET_COMBOBOX 'bank_div';
2017-12-08 20:00:34 EXEC SPC_GET_PRODUCT '000001','','';
2017-12-08 20:00:47 EXEC SPC_GET_PRODUCT '000002','','';
2017-12-08 20:11:27 EXEC SPC_COM_GET_COMBOBOX 'payment_conditions_div';
2017-12-08 20:11:27 EXEC SPC_COM_GET_COMBOBOX 'shipment_div';
2017-12-08 20:11:27 EXEC SPC_COM_GET_COMBOBOX 'currency_div';
2017-12-08 20:11:27 EXEC SPC_COM_GET_COMBOBOX 'port_city_div';
2017-12-08 20:11:27 EXEC SPC_COM_GET_COMBOBOX 'port_country_div';
2017-12-08 20:11:29 EXEC SPC_COM_GET_COMBOBOX 'port_city_div';
2017-12-08 20:11:29 EXEC SPC_COM_GET_COMBOBOX 'payment_conditions_div';
2017-12-08 20:11:29 EXEC SPC_COM_GET_COMBOBOX 'port_country_div';
2017-12-08 20:11:29 EXEC SPC_COM_GET_COMBOBOX 'trade_terms_div';
2017-12-08 20:11:29 EXEC SPC_COM_GET_COMBOBOX 'currency_div';
2017-12-08 20:11:29 EXEC SPC_COM_GET_COMBOBOX 'shipment_div';
2017-12-08 20:11:29 EXEC SPC_COM_GET_COMBOBOX 'unit_q_div';
2017-12-08 20:11:29 EXEC SPC_COM_GET_COMBOBOX 'unit_w_div';
2017-12-08 20:11:29 EXEC SPC_COM_GET_COMBOBOX 'sales_detail_div';
2017-12-08 20:11:29 EXEC SPC_COM_GET_COMBOBOX 'unit_m_div';
2017-12-08 20:11:30 EXEC SPC_COM_GET_COMBOBOX 'bank_div';
2017-12-08 20:11:30 EXEC SPC_GET_TAX_RATE '2017/12/08';
2017-12-08 20:12:25 EXEC SPC_COM_GET_COMBOBOX 'trade_terms_div';
2017-12-08 20:12:25 EXEC SPC_COM_GET_COMBOBOX 'currency_div';
2017-12-08 20:12:25 EXEC SPC_COM_GET_COMBOBOX 'shipment_div';
2017-12-08 20:12:25 EXEC SPC_COM_GET_COMBOBOX 'port_city_div';
2017-12-08 20:12:25 EXEC SPC_COM_GET_COMBOBOX 'payment_conditions_div';
2017-12-08 20:12:25 EXEC SPC_COM_GET_COMBOBOX 'port_country_div';
2017-12-08 20:12:26 EXEC SPC_COM_GET_COMBOBOX 'bank_div';
2017-12-08 20:12:26 EXEC SPC_COM_GET_COMBOBOX 'unit_w_div';
2017-12-08 20:12:26 EXEC SPC_COM_GET_COMBOBOX 'unit_m_div';
2017-12-08 20:12:26 EXEC SPC_COM_GET_COMBOBOX 'sales_detail_div';
2017-12-08 20:12:26 EXEC SPC_COM_GET_COMBOBOX 'unit_q_div';
2017-12-08 20:12:26 EXEC SPC_GET_TAX_RATE '2017/12/08';
2017-12-08 20:13:20 EXEC SPC_COM_GET_COMBOBOX 'currency_div';
2017-12-08 20:13:20 EXEC SPC_COM_GET_COMBOBOX 'payment_conditions_div';
2017-12-08 20:13:20 EXEC SPC_COM_GET_COMBOBOX 'shipment_div';
2017-12-08 20:13:20 EXEC SPC_COM_GET_COMBOBOX 'port_country_div';
2017-12-08 20:13:20 EXEC SPC_COM_GET_COMBOBOX 'port_city_div';
2017-12-08 20:13:20 EXEC SPC_COM_GET_COMBOBOX 'trade_terms_div';
2017-12-08 20:13:21 EXEC SPC_COM_GET_COMBOBOX 'unit_q_div';
2017-12-08 20:13:21 EXEC SPC_GET_TAX_RATE '2017/12/08';
2017-12-08 20:13:21 EXEC SPC_COM_GET_COMBOBOX 'bank_div';
2017-12-08 20:13:21 EXEC SPC_COM_GET_COMBOBOX 'sales_detail_div';
2017-12-08 20:13:21 EXEC SPC_COM_GET_COMBOBOX 'unit_w_div';
2017-12-08 20:13:21 EXEC SPC_COM_GET_COMBOBOX 'unit_m_div';
2017-12-08 20:13:38 EXEC SPC_GET_PRODUCT '000000','','';
2017-12-08 20:13:40 EXEC SPC_GET_PRODUCT '000001','','';
2017-12-08 20:13:46 EXEC SPC_GET_PRODUCT '000002','','';
2017-12-08 20:13:50 EXEC SPC_GET_PRODUCT '000001','','';
2017-12-08 20:14:03 EXEC SPC_GET_PRODUCT '000002','','';
2017-12-08 20:14:05 EXEC SPC_GET_PRODUCT '000001','','';
2017-12-08 20:14:53 EXEC SPC_GET_PRODUCT '000001','','EUR';
2017-12-08 20:14:53 EXEC SPC_GET_PRODUCT '000001','','EUR';
2017-12-08 20:15:01 EXEC SPC_GET_PRODUCT '000001','','JPY';
2017-12-08 20:15:01 EXEC SPC_GET_PRODUCT '000001','','JPY';
2017-12-08 20:15:04 EXEC SPC_GET_PRODUCT '000001','','USD';
2017-12-08 20:15:04 EXEC SPC_GET_PRODUCT '000001','','USD';
2017-12-08 20:15:12 EXEC SPC_GET_PRODUCT '000001','','EUR';
2017-12-08 20:15:12 EXEC SPC_GET_PRODUCT '000001','','EUR';
2017-12-08 20:15:23 EXEC SPC_GET_PRODUCT '000001','','JPY';
2017-12-08 20:15:23 EXEC SPC_GET_PRODUCT '000001','','JPY';
2017-12-08 20:15:28 EXEC SPC_GET_PRODUCT '000002','','JPY';
2017-12-08 20:15:30 EXEC SPC_GET_PRODUCT '000001','','JPY';
2017-12-08 20:15:41 EXEC SPC_GET_PRODUCT '000002','','JPY';
2017-12-08 20:15:44 EXEC SPC_GET_PRODUCT '000001','','JPY';
2017-12-08 20:16:11 EXEC SPC_GET_PRODUCT '000002','','JPY';
2017-12-08 20:16:15 EXEC SPC_GET_PRODUCT '000002','','JPY';
2017-12-08 20:16:18 EXEC SPC_GET_PRODUCT '000001','','JPY';
2017-12-08 20:16:25 EXEC SPC_GET_PRODUCT '000002','','JPY';
2017-12-08 20:16:41 EXEC SPC_GET_PRODUCT '000002','','USD';
2017-12-08 20:16:42 EXEC SPC_GET_PRODUCT '000002','','USD';
2017-12-08 20:16:44 EXEC SPC_GET_PRODUCT '000001','','USD';
2017-12-08 20:16:47 EXEC SPC_GET_PRODUCT '000001','','EUR';
2017-12-08 20:16:47 EXEC SPC_GET_PRODUCT '000002','','EUR';
2017-12-08 20:16:51 EXEC SPC_GET_PRODUCT '000002','','JPY';
2017-12-08 20:16:51 EXEC SPC_GET_PRODUCT '000001','','JPY';
2017-12-08 20:17:02 EXEC SPC_GET_PRODUCT '000002','','EUR';
2017-12-08 20:17:02 EXEC SPC_GET_PRODUCT '000001','','EUR';
2017-12-08 20:17:04 EXEC SPC_GET_PRODUCT '000001','','USD';
2017-12-08 20:17:04 EXEC SPC_GET_PRODUCT '000002','','USD';
2017-12-08 20:17:06 EXEC SPC_GET_PRODUCT '000002','','JPY';
2017-12-08 20:17:06 EXEC SPC_GET_PRODUCT '000001','','JPY';
2017-12-08 20:18:31 EXEC SPC_COM_GET_COMBOBOX 'port_country_div';
2017-12-08 20:18:31 EXEC SPC_COM_GET_COMBOBOX 'port_city_div';
2017-12-08 20:18:31 EXEC SPC_COM_GET_COMBOBOX 'unit_q_div';
2017-12-08 20:18:31 EXEC SPC_COM_GET_COMBOBOX 'unit_w_div';
2017-12-08 20:18:32 EXEC SPC_COM_GET_COMBOBOX 'sales_detail_div';
2017-12-08 20:18:32 EXEC SPC_COM_GET_COMBOBOX 'unit_m_div';
2017-12-08 20:18:32 EXEC SPC_COM_GET_COMBOBOX 'trade_terms_div';
2017-12-08 20:18:32 EXEC SPC_COM_GET_COMBOBOX 'shipment_div';
2017-12-08 20:18:32 EXEC SPC_COM_GET_COMBOBOX 'currency_div';
2017-12-08 20:18:32 EXEC SPC_COM_GET_COMBOBOX 'payment_conditions_div';
2017-12-08 20:18:32 EXEC SPC_GET_TAX_RATE '2017/12/08';
2017-12-08 20:18:32 EXEC SPC_COM_GET_COMBOBOX 'bank_div';
2017-12-08 20:18:56 EXEC SPC_GET_PRODUCT '','','EUR';
2017-12-08 20:18:56 EXEC SPC_GET_PRODUCT '','','EUR';
2017-12-08 20:19:04 EXEC SPC_GET_PRODUCT '000001','','EUR';
2017-12-08 20:19:09 EXEC SPC_GET_PRODUCT '000001','','USD';
2017-12-08 20:19:09 EXEC SPC_GET_PRODUCT '','','USD';
2017-12-08 20:19:17 EXEC SPC_GET_PRODUCT '000002','','USD';
2017-12-08 20:19:20 EXEC SPC_GET_PRODUCT '000001','','USD';
2017-12-08 20:19:22 EXEC SPC_GET_PRODUCT '','','JPY';
PY';
2017-12-08 20:22:51 EXEC SPC_COM_GET_COMBOBOX 'port_country_div';
2017-12-08 20:22:51 EXEC SPC_COM_GET_COMBOBOX 'trade_terms_div';
2017-12-08 20:22:51 EXEC SPC_COM_GET_COMBOBOX 'currency_div';
2017-12-08 20:22:51 EXEC SPC_COM_GET_COMBOBOX 'port_city_div';
2017-12-08 20:22:51 EXEC SPC_GET_LIB_COUNTRY 'JP';
2017-12-08 20:22:51 EXEC SPC_COM_GET_COMBOBOX 'shipment_div';
2017-12-08 20:22:52 EXEC SPC_COM_GET_COMBOBOX 'unit_q_div';
2017-12-08 20:22:52 EXEC SPC_COM_GET_COMBOBOX 'sales_detail_div';
2017-12-08 20:22:52 EXEC SPC_COM_GET_COMBOBOX 'unit_m_div';
2017-12-08 20:22:52 EXEC SPC_COM_GET_COMBOBOX 'payment_conditions_div';
2017-12-08 20:22:52 EXEC SPC_COM_GET_COMBOBOX 'unit_w_div';
2017-12-08 20:22:52 EXEC SPC_COM_GET_COMBOBOX 'bank_div';
2017-12-08 20:23:48 EXEC SPC_GET_LIB_CITY_COUNTRY '000';
2017-12-08 20:23:50 EXEC SPC_GET_LIB_CITY_COUNTRY '000';
2017-12-08 20:23:52 EXEC SPC_GET_LIB_CITY_COUNTRY '001';
2017-12-08 20:23:54 EXEC SPC_GET_LIB_COUNTRY '56';
2017-12-08 20:23:57 EXEC SPC_GET_LIB_COUNTRY 'JP';
2017-12-08 20:25:57 EXEC SPC_GET_PRODUCT '000002','JP','';
2017-12-08 20:26:00 EXEC SPC_GET_PRODUCT '000001','JP','';
2017-12-08 20:26:04 EXEC SPC_GET_PRODUCT '000002','JP','';
2017-12-08 20:26:20 EXEC SPC_GET_PRODUCT '000001','JP','';
2017-12-08 20:26:25 EXEC SPC_GET_PRODUCT '','JP','USD';
2017-12-08 20:26:25 EXEC SPC_GET_PRODUCT '000001','JP','USD';
2017-12-08 20:26:25 EXEC SPC_GET_PRODUCT '','JP','USD';
2017-12-08 20:26:26 EXEC SPC_GET_PRODUCT '','JP','USD';
2017-12-08 20:26:31 EXEC SPC_GET_PRODUCT '','JP','EUR';
2017-12-08 20:26:31 EXEC SPC_GET_PRODUCT '000001','JP','EUR';
2017-12-08 20:26:32 EXEC SPC_GET_PRODUCT '','JP','EUR';
2017-12-08 20:26:32 EXEC SPC_GET_PRODUCT '','JP','EUR';
2017-12-08 20:26:34 EXEC SPC_GET_PRODUCT '','JP','JPY';
2017-12-08 20:26:34 EXEC SPC_GET_PRODUCT '000001','JP','JPY';
2017-12-08 20:26:34 EXEC SPC_GET_PRODUCT '','JP','JPY';
2017-12-08 20:26:35 EXEC SPC_GET_PRODUCT '','JP','JPY';
2017-12-08 20:26:36 EXEC SPC_GET_PRODUCT '','JP','USD';
2017-12-08 20:26:36 EXEC SPC_GET_PRODUCT '000001','JP','USD';
2017-12-08 20:26:36 EXEC SPC_GET_PRODUCT '','JP','USD';
2017-12-08 20:26:36 EXEC SPC_GET_PRODUCT '','JP','USD';
2017-12-08 20:28:08 EXEC SPC_COM_GET_COMBOBOX 'port_country_div';
2017-12-08 20:28:08 EXEC SPC_COM_GET_COMBOBOX 'currency_div';
2017-12-08 20:28:08 EXEC SPC_COM_GET_COMBOBOX 'payment_conditions_div';
2017-12-08 20:28:08 EXEC SPC_COM_GET_COMBOBOX 'port_city_div';
2017-12-08 20:28:08 EXEC SPC_COM_GET_COMBOBOX 'trade_terms_div';
2017-12-08 20:28:09 EXEC SPC_COM_GET_COMBOBOX 'shipment_div';
2017-12-08 20:28:09 EXEC SPC_COM_GET_COMBOBOX 'unit_q_div';
2017-12-08 20:28:09 EXEC SPC_COM_GET_COMBOBOX 'unit_w_div';
2017-12-08 20:28:09 EXEC SPC_COM_GET_COMBOBOX 'sales_detail_div';
2017-12-08 20:28:09 EXEC SPC_COM_GET_COMBOBOX 'unit_m_div';
2017-12-08 20:28:09 EXEC SPC_COM_GET_COMBOBOX 'bank_div';
2017-12-08 20:28:09 EXEC SPC_GET_TAX_RATE '2017/12/08';
2017-12-08 20:28:14 EXEC SPC_GET_PRODUCT '000000','','';
2017-12-08 20:28:17 EXEC SPC_GET_PRODUCT '000001','','';
2017-12-08 20:28:25 EXEC SPC_GET_PRODUCT '000002','','';
2017-12-08 20:28:34 EXEC SPC_GET_PRODUCT '000001','','';
2017-12-08 20:28:41 EXEC SPC_GET_PRODUCT '000002','','';
2017-12-08 20:28:44 EXEC SPC_GET_PRODUCT '000001','','';
2017-12-08 20:28:47 EXEC SPC_GET_PRODUCT '','','EUR';
2017-12-08 20:28:47 EXEC SPC_GET_PRODUCT '000001','','EUR';
2017-12-08 20:28:50 EXEC SPC_GET_PRODUCT '','','JPY';
PY';
2017-12-08 20:28:52 EXEC SPC_GET_PRODUCT '','','USD';
2017-12-08 20:28:52 EXEC SPC_GET_PRODUCT '000001','','USD';
2017-12-08 20:29:03 EXEC SPC_GET_PRODUCT '000002','','USD';
2017-12-08 20:31:05 EXEC SPC_GET_PRODUCT '000001','','USD';
2017-12-08 20:31:11 EXEC SPC_GET_PRODUCT '000001','','EUR';
2017-12-08 20:31:11 EXEC SPC_GET_PRODUCT '','','EUR';
2017-12-08 20:31:14 EXEC SPC_GET_PRODUCT '000001','','JPY';
2017-12-08 20:31:14 EXEC SPC_GET_PRODUCT '','','JPY';
2017-12-08 20:31:16 EXEC SPC_GET_PRODUCT '','','USD';
2017-12-08 20:31:16 EXEC SPC_GET_PRODUCT '000001','','USD';
2017-12-08 20:31:20 EXEC SPC_GET_PRODUCT '000002','','USD';
