2017-11-24 10:11:56 EXEC SPC_COM_GET_COMBOBOX 'shipment_div';
2017-11-24 10:11:57 EXEC SPC_COM_GET_COMBOBOX 'unit_q_div';
2017-11-24 10:11:57 EXEC SPC_COM_GET_COMBOBOX 'unit_w_div';
2017-11-24 10:11:58 EXEC SPC_COM_GET_COMBOBOX 'unit_m_div';
2017-11-24 10:11:58 EXEC SPC_COM_GET_COMBOBOX 'currency_div';
2017-11-24 10:11:58 EXEC SPC_COM_GET_COMBOBOX 'port_country_div';
2017-11-24 10:11:58 EXEC SPC_COM_GET_COMBOBOX 'port_city_div';
2017-11-24 10:11:58 EXEC SPC_COM_GET_COMBOBOX 'trade_terms_div';
2017-11-24 10:11:58 EXEC SPC_COM_GET_COMBOBOX 'payment_conditions_div';
2017-11-24 10:11:58 EXEC SPC_COM_GET_COMBOBOX 'sales_detail_div';
2017-11-24 10:11:59 EXEC SPC_COM_GET_COMBOBOX 'bank_div';
2017-11-24 10:16:52 EXEC SPC_COM_GET_COMBOBOX 'possible_div';
2017-11-24 10:17:08 EXEC SPC_057_LIBRARY_MASTER_SEARCH_FND1 '','','','','','1','10';
2017-11-24 10:17:11 EXEC SPC_056_LIBRARY_MASTER_INQ1 'bank_div';
2017-11-24 10:18:55 EXEC SPC_056_LIBRARY_MASTER_ACT1 'bank_div','[{"lib_val_cd":"001","lib_val_nm_j":"\u4e09\u4e95\u4f4f\u53cb\u9280\u884c\u5ddd\u53e3\u652f\u5e97","lib_val_nm_e":"Sumitomo Mitsui Banking Corporation","lib_val_ab_j":"\u4e09\u4e95\u4f4f\u53cb\u9280\u884c\u5ddd\u53e3\u652f\u5e97","lib_val_ab_e":"Sumitomo Mitsui Banking Corporation","lib_val_ctl1":"Sumitomo Mitsui Banking Corporation","lib_val_ctl2":"Sumitomo Mitsui Banking Corporation","lib_val_ctl3":"Sumitomo Mitsui Banking Corporation","lib_val_ctl4":"","lib_val_ctl5":"","lib_val_ctl6":"Sumitomo","lib_val_ctl7":"","lib_val_ctl8":"","lib_val_ctl9":"","lib_val_ctl10":"","ini_target_div":"1","disp_order":"1"},{"lib_val_cd":"002","lib_val_nm_j":"\u4e09\u83f1\u6771\u4eacUFJ\u9280\u884c","lib_val_nm_e":"The Bank of Tokyo-Mitsubishi UFJ","lib_val_ab_j":"\u4e09\u83f1\u6771\u4eacUFJ\u9280\u884c","lib_val_ab_e":"The Bank of Tokyo-Mitsubishi UFJ","lib_val_ctl1":"Sumitomo","lib_val_ctl2":"","lib_val_ctl3":"","lib_val_ctl4":"","lib_val_ctl5":"","lib_val_ctl6":"Sumitomo","lib_val_ctl7":"","lib_val_ctl8":"","lib_val_ctl9":"","lib_val_ctl10":"","ini_target_div":"0","disp_order":"2"},{"lib_val_cd":"003","lib_val_nm_j":"\u4e09\u4e95\u4f4f\u53cb\u9280\u884c\u5ddd\u53e3\u652f\u5e97\uff08\u5186\uff09","lib_val_nm_e":"Sumitomo Mitsui Banking Corporation(0009)","lib_val_ab_j":"\u4e09\u4e95\u4f4f\u53cb\u9280\u884c\u5ddd\u53e3\u652f\u5e97\uff08\u5186\uff09","lib_val_ab_e":"Sumitomo Mitsui Banking Corporation(0009)","lib_val_ctl1":"Sumitomo","lib_val_ctl2":"","lib_val_ctl3":"","lib_val_ctl4":"","lib_val_ctl5":"","lib_val_ctl6":"Sumitomo","lib_val_ctl7":"","lib_val_ctl8":"","lib_val_ctl9":"","lib_val_ctl10":"","ini_target_div":"1","disp_order":"3"},{"lib_val_cd":"004","lib_val_nm_j":"\u57ce\u5317\u4fe1\u7528\u91d1\u5eab\u524d\u5ddd\u652f\u5e97\uff08\u56fd\u5185\u7528\uff09","lib_val_nm_e":"NULL","lib_val_ab_j":"\u57ce\u5317\u4fe1\u7528\u91d1\u5eab\u524d\u5ddd\u652f\u5e97\uff08\u56fd\u5185\u7528\uff09","lib_val_ab_e":"NULL","lib_val_ctl1":"Sumitomo","lib_val_ctl2":"","lib_val_ctl3":"","lib_val_ctl4":"","lib_val_ctl5":"","lib_val_ctl6":"Sumitomo","lib_val_ctl7":"","lib_val_ctl8":"","lib_val_ctl9":"","lib_val_ctl10":"","ini_target_div":"0","disp_order":"4"},{"lib_val_cd":"005","lib_val_nm_j":"\u305d\u306e\u4ed6","lib_val_nm_e":"\u305d\u306e\u4ed6","lib_val_ab_j":"\u305d\u306e\u4ed6","lib_val_ab_e":"\u305d\u306e\u4ed6","lib_val_ctl1":"Sumitomo","lib_val_ctl2":"","lib_val_ctl3":"","lib_val_ctl4":"","lib_val_ctl5":"","lib_val_ctl6":"Sumitomo","lib_val_ctl7":"","lib_val_ctl8":"","lib_val_ctl9":"","lib_val_ctl10":"","ini_target_div":"0","disp_order":"5"}]','100','056_library-master','::1';
2017-11-24 10:21:24 EXEC SPC_056_LIBRARY_MASTER_INQ1 'bank_div';
2017-11-24 10:24:43 EXEC SPC_056_LIBRARY_MASTER_INQ1 'bank_div';
2017-11-24 10:25:08 EXEC SPC_056_LIBRARY_MASTER_INQ1 'bank_div';
2017-11-24 10:25:34 EXEC SPC_COM_GET_COMBOBOX 'auth_role_div';
2017-11-24 10:25:35 EXEC SPC_COM_GET_COMBOBOX 'incumbent_div';
2017-11-24 10:25:36 EXEC SPC_COM_GET_COMBOBOX 'belong_div';
2017-11-24 10:25:36 EXEC SPC_COM_GET_COMBOBOX 'position_div';
2017-11-24 10:25:49 EXEC SPC_056_LIBRARY_MASTER_INQ1 'bank_div';
2017-11-24 10:25:51 EXEC SPC_056_LIBRARY_MASTER_INQ1 'bank_div';
2017-11-24 10:25:57 EXEC SPC_COM_GET_COMBOBOX 'possible_div';
2017-11-24 10:26:00 EXEC SPC_057_LIBRARY_MASTER_SEARCH_FND1 '','','','','','1','10';
2017-11-24 10:26:03 EXEC SPC_056_LIBRARY_MASTER_INQ1 'bank_div';
2017-11-24 10:26:24 EXEC SPC_056_LIBRARY_MASTER_INQ1 'bank_div';
2017-11-24 10:27:03 EXEC SPC_056_LIBRARY_MASTER_INQ1 'bank_div';
2017-11-24 10:28:12 EXEC SPC_056_LIBRARY_MASTER_INQ1 'bank_div';
2017-11-24 10:28:28 EXEC SPC_056_LIBRARY_MASTER_INQ1 'bank_div';
2017-11-24 12:12:27 EXEC SPC_056_LIBRARY_MASTER_INQ1 'bank_div';
2017-11-24 12:33:27 EXEC SPC_COM_GET_COMBOBOX 'possible_div';
2017-11-24 12:52:31 EXEC SPC_057_LIBRARY_MASTER_SEARCH_FND1 '','','','','','1','10';
2017-11-24 12:52:35 EXEC SPC_056_LIBRARY_MASTER_INQ1 'bank_div';
2017-11-24 15:23:52 EXEC SPC_COM_GET_COMBOBOX 'possible_div';
2017-11-24 15:23:53 EXEC SPC_057_LIBRARY_MASTER_SEARCH_FND1 '','','','','','1','10';
2017-11-24 15:47:29 EXEC SPC_056_LIBRARY_MASTER_INQ1 'bank_div';
2017-11-24 16:05:23 EXEC SPC_COM_GET_COMBOBOX 'possible_div';
2017-11-24 16:05:24 EXEC SPC_057_LIBRARY_MASTER_SEARCH_FND1 '','','','','','1','10';
2017-11-24 16:30:13 EXEC SPC_COM_GET_COMBOBOX 'possible_div';
2017-11-24 17:04:17 EXEC SPC_COM_GET_COMBOBOX 'possible_div';
2017-11-24 17:04:22 EXEC SPC_057_LIBRARY_MASTER_SEARCH_FND1 '','','','','1','1','10';
2017-11-24 17:04:27 EXEC SPC_056_LIBRARY_MASTER_INQ1 'city_div';
2017-11-24 17:04:29 EXEC SPC_COM_GET_COMBOBOX 'possible_div';
2017-11-24 17:04:30 EXEC SPC_057_LIBRARY_MASTER_SEARCH_FND1 '','','','','1','1','10';
2017-11-24 17:22:56 EXEC SPC_COM_GET_COMBOBOX 'possible_div';
2017-11-24 17:24:32 EXEC SPC_057_LIBRARY_MASTER_SEARCH_FND1 '','','','','','1','10';
2017-11-24 17:24:36 EXEC SPC_056_LIBRARY_MASTER_INQ1 'bank_div';
2017-11-24 17:24:42 EXEC SPC_056_LIBRARY_MASTER_ACT1 'bank_div','[{"lib_val_cd":"001","lib_val_nm_j":"\u4e09\u4e95\u4f4f\u53cb\u9280\u884c\u5ddd\u53e3\u652f\u5e97","lib_val_nm_e":"Sumitomo Mitsui Banking Corporation","lib_val_ab_j":"\u4e09\u4e95\u4f4f\u53cb\u9280\u884c\u5ddd\u53e3\u652f\u5e97","lib_val_ab_e":"Sumitomo Mitsui Banking Corporation","lib_val_ctl1":"Sumitomo Mitsui Banking Corporation","lib_val_ctl2":"Sumitomo Mitsui Banking Corporation","lib_val_ctl3":"Sumitomo Mitsui Banking Corporation","lib_val_ctl4":"","lib_val_ctl5":"","lib_val_ctl6":"Sumitomo","lib_val_ctl7":"","lib_val_ctl8":"","lib_val_ctl9":"","lib_val_ctl10":"","ini_target_div":"1","disp_order":"1"},{"lib_val_cd":"002","lib_val_nm_j":"\u4e09\u83f1\u6771\u4eacUFJ\u9280\u884c","lib_val_nm_e":"The Bank of Tokyo-Mitsubishi UFJ","lib_val_ab_j":"\u4e09\u83f1\u6771\u4eacUFJ\u9280\u884c","lib_val_ab_e":"The Bank of Tokyo-Mitsubishi UFJ","lib_val_ctl1":"Sumitomo","lib_val_ctl2":"","lib_val_ctl3":"","lib_val_ctl4":"","lib_val_ctl5":"","lib_val_ctl6":"Sumitomo","lib_val_ctl7":"","lib_val_ctl8":"","lib_val_ctl9":"","lib_val_ctl10":"","ini_target_div":"0","disp_order":"2"},{"lib_val_cd":"003","lib_val_nm_j":"\u4e09\u4e95\u4f4f\u53cb\u9280\u884c\u5ddd\u53e3\u652f\u5e97\uff08\u5186\uff09","lib_val_nm_e":"Sumitomo Mitsui Banking Corporation(0009)","lib_val_ab_j":"\u4e09\u4e95\u4f4f\u53cb\u9280\u884c\u5ddd\u53e3\u652f\u5e97\uff08\u5186\uff09","lib_val_ab_e":"Sumitomo Mitsui Banking Corporation(0009)","lib_val_ctl1":"Sumitomo","lib_val_ctl2":"","lib_val_ctl3":"","lib_val_ctl4":"","lib_val_ctl5":"","lib_val_ctl6":"Sumitomo","lib_val_ctl7":"","lib_val_ctl8":"","lib_val_ctl9":"","lib_val_ctl10":"","ini_target_div":"1","disp_order":"3"},{"lib_val_cd":"004","lib_val_nm_j":"\u57ce\u5317\u4fe1\u7528\u91d1\u5eab\u524d\u5ddd\u652f\u5e97\uff08\u56fd\u5185\u7528\uff09","lib_val_nm_e":"NULL","lib_val_ab_j":"\u57ce\u5317\u4fe1\u7528\u91d1\u5eab\u524d\u5ddd\u652f\u5e97\uff08\u56fd\u5185\u7528\uff09","lib_val_ab_e":"NULL","lib_val_ctl1":"Sumitomo","lib_val_ctl2":"","lib_val_ctl3":"","lib_val_ctl4":"","lib_val_ctl5":"","lib_val_ctl6":"Sumitomo","lib_val_ctl7":"","lib_val_ctl8":"","lib_val_ctl9":"","lib_val_ctl10":"","ini_target_div":"0","disp_order":"4"},{"lib_val_cd":"005","lib_val_nm_j":"\u305d\u306e\u4ed6","lib_val_nm_e":"\u305d\u306e\u4ed6","lib_val_ab_j":"\u305d\u306e\u4ed6","lib_val_ab_e":"\u305d\u306e\u4ed6","lib_val_ctl1":"Sumitomo","lib_val_ctl2":"","lib_val_ctl3":"","lib_val_ctl4":"","lib_val_ctl5":"","lib_val_ctl6":"Sumitomo","lib_val_ctl7":"","lib_val_ctl8":"","lib_val_ctl9":"","lib_val_ctl10":"","ini_target_div":"0","disp_order":"5"}]','100','056_library-master','::1';
2017-11-24 17:24:43 EXEC SPC_056_LIBRARY_MASTER_INQ1 'bank_div';
2017-11-24 17:30:42 EXEC SPC_COM_GET_COMBOBOX 'possible_div';
2017-11-24 17:30:44 EXEC SPC_057_LIBRARY_MASTER_SEARCH_FND1 '','','','','','1','10';
2017-11-24 17:30:47 EXEC SPC_056_LIBRARY_MASTER_INQ1 'bank_div';
2017-11-24 17:31:04 EXEC SPC_COM_GET_COMBOBOX 'possible_div';
2017-11-24 17:31:06 EXEC SPC_057_LIBRARY_MASTER_SEARCH_FND1 '','','','','','1','10';
2017-11-24 17:31:11 EXEC SPC_056_LIBRARY_MASTER_INQ1 'auth_role_div';
2017-11-24 17:32:47 EXEC SPC_056_LIBRARY_MASTER_ACT1 'auth_role_div','[{"lib_val_cd":"000","lib_val_nm_j":"\u4e00\u822c","lib_val_nm_e":"\u4e00\u822c","lib_val_ab_j":"\u4e00\u822c","lib_val_ab_e":"\u4e00\u822c","lib_val_ctl1":"","lib_val_ctl2":"","lib_val_ctl3":"","lib_val_ctl4":"","lib_val_ctl5":"","lib_val_ctl6":"","lib_val_ctl7":"","lib_val_ctl8":"","lib_val_ctl9":"","lib_val_ctl10":"","ini_target_div":"0","disp_order":"1"},{"lib_val_cd":"100","lib_val_nm_j":"\u7ba1\u7406\u8005","lib_val_nm_e":"\u7ba1\u7406\u8005","lib_val_ab_j":"\u7ba1\u7406\u8005","lib_val_ab_e":"\u7ba1\u7406\u8005","lib_val_ctl1":"","lib_val_ctl2":"","lib_val_ctl3":"","lib_val_ctl4":"","lib_val_ctl5":"","lib_val_ctl6":"","lib_val_ctl7":"","lib_val_ctl8":"","lib_val_ctl9":"","lib_val_ctl10":"","ini_target_div":"0","disp_order":"2"},{"lib_val_cd":"999","lib_val_nm_j":"\u30b7\u30b9\u30c6\u30e0\u7ba1\u7406\u8005","lib_val_nm_e":"\u30b7\u30b9\u30c6\u30e0\u7ba1\u7406\u8005","lib_val_ab_j":"\u30b7\u30b9\u30c6\u30e0\u7ba1\u7406\u8005","lib_val_ab_e":"\u30b7\u30b9\u30c6\u30e0\u7ba1\u7406\u8005","lib_val_ctl1":"","lib_val_ctl2":"","lib_val_ctl3":"","lib_val_ctl4":"","lib_val_ctl5":"","lib_val_ctl6":"","lib_val_ctl7":"","lib_val_ctl8":"","lib_val_ctl9":"","lib_val_ctl10":"","ini_target_div":"0","disp_order":"3"},{"lib_val_cd":"999","lib_val_nm_j":"999","lib_val_nm_e":"999","lib_val_ab_j":"999","lib_val_ab_e":"999","lib_val_ctl1":"","lib_val_ctl2":"","lib_val_ctl3":"","lib_val_ctl4":"","lib_val_ctl5":"","lib_val_ctl6":"","lib_val_ctl7":"","lib_val_ctl8":"","lib_val_ctl9":"","lib_val_ctl10":"","ini_target_div":"0","disp_order":"4"}]','100','056_library-master','::1';
2017-11-24 17:36:41 EXEC SPC_056_LIBRARY_MASTER_INQ1 'auth_role_div';
2017-11-24 17:36:52 EXEC SPC_056_LIBRARY_MASTER_ACT1 'auth_role_div','[{"lib_val_cd":"000","lib_val_nm_j":"\u4e00\u822c","lib_val_nm_e":"\u4e00\u822c","lib_val_ab_j":"\u4e00\u822c","lib_val_ab_e":"\u4e00\u822c","lib_val_ctl1":"","lib_val_ctl2":"","lib_val_ctl3":"","lib_val_ctl4":"","lib_val_ctl5":"","lib_val_ctl6":"","lib_val_ctl7":"","lib_val_ctl8":"","lib_val_ctl9":"","lib_val_ctl10":"","ini_target_div":"0","disp_order":"1"},{"lib_val_cd":"100","lib_val_nm_j":"\u7ba1\u7406\u8005","lib_val_nm_e":"\u7ba1\u7406\u8005","lib_val_ab_j":"\u7ba1\u7406\u8005","lib_val_ab_e":"\u7ba1\u7406\u8005","lib_val_ctl1":"","lib_val_ctl2":"","lib_val_ctl3":"","lib_val_ctl4":"","lib_val_ctl5":"","lib_val_ctl6":"","lib_val_ctl7":"","lib_val_ctl8":"","lib_val_ctl9":"","lib_val_ctl10":"","ini_target_div":"0","disp_order":"2"},{"lib_val_cd":"999","lib_val_nm_j":"\u30b7\u30b9\u30c6\u30e0\u7ba1\u7406\u8005","lib_val_nm_e":"\u30b7\u30b9\u30c6\u30e0\u7ba1\u7406\u8005","lib_val_ab_j":"\u30b7\u30b9\u30c6\u30e0\u7ba1\u7406\u8005","lib_val_ab_e":"\u30b7\u30b9\u30c6\u30e0\u7ba1\u7406\u8005","lib_val_ctl1":"","lib_val_ctl2":"","lib_val_ctl3":"","lib_val_ctl4":"","lib_val_ctl5":"","lib_val_ctl6":"","lib_val_ctl7":"","lib_val_ctl8":"","lib_val_ctl9":"","lib_val_ctl10":"","ini_target_div":"0","disp_order":"3"},{"lib_val_cd":"999","lib_val_nm_j":"999","lib_val_nm_e":"999","lib_val_ab_j":"999","lib_val_ab_e":"999","lib_val_ctl1":"","lib_val_ctl2":"","lib_val_ctl3":"","lib_val_ctl4":"","lib_val_ctl5":"","lib_val_ctl6":"","lib_val_ctl7":"","lib_val_ctl8":"","lib_val_ctl9":"","lib_val_ctl10":"","ini_target_div":"0","disp_order":"4"}]','100','056_library-master','::1';
2017-11-24 17:37:14 EXEC SPC_056_LIBRARY_MASTER_ACT1 'auth_role_div','[{"lib_val_cd":"000","lib_val_nm_j":"\u4e00\u822c","lib_val_nm_e":"\u4e00\u822c","lib_val_ab_j":"\u4e00\u822c","lib_val_ab_e":"\u4e00\u822c","lib_val_ctl1":"","lib_val_ctl2":"","lib_val_ctl3":"","lib_val_ctl4":"","lib_val_ctl5":"","lib_val_ctl6":"","lib_val_ctl7":"","lib_val_ctl8":"","lib_val_ctl9":"","lib_val_ctl10":"","ini_target_div":"0","disp_order":"1"},{"lib_val_cd":"100","lib_val_nm_j":"\u7ba1\u7406\u8005","lib_val_nm_e":"\u7ba1\u7406\u8005","lib_val_ab_j":"\u7ba1\u7406\u8005","lib_val_ab_e":"\u7ba1\u7406\u8005","lib_val_ctl1":"","lib_val_ctl2":"","lib_val_ctl3":"","lib_val_ctl4":"","lib_val_ctl5":"","lib_val_ctl6":"","lib_val_ctl7":"","lib_val_ctl8":"","lib_val_ctl9":"","lib_val_ctl10":"","ini_target_div":"0","disp_order":"2"},{"lib_val_cd":"999","lib_val_nm_j":"\u30b7\u30b9\u30c6\u30e0\u7ba1\u7406\u8005","lib_val_nm_e":"\u30b7\u30b9\u30c6\u30e0\u7ba1\u7406\u8005","lib_val_ab_j":"\u30b7\u30b9\u30c6\u30e0\u7ba1\u7406\u8005","lib_val_ab_e":"\u30b7\u30b9\u30c6\u30e0\u7ba1\u7406\u8005","lib_val_ctl1":"","lib_val_ctl2":"","lib_val_ctl3":"","lib_val_ctl4":"","lib_val_ctl5":"","lib_val_ctl6":"","lib_val_ctl7":"","lib_val_ctl8":"","lib_val_ctl9":"","lib_val_ctl10":"","ini_target_div":"0","disp_order":"3"},{"lib_val_cd":"999","lib_val_nm_j":"999","lib_val_nm_e":"999","lib_val_ab_j":"999","lib_val_ab_e":"999","lib_val_ctl1":"","lib_val_ctl2":"","lib_val_ctl3":"","lib_val_ctl4":"","lib_val_ctl5":"","lib_val_ctl6":"","lib_val_ctl7":"","lib_val_ctl8":"","lib_val_ctl9":"","lib_val_ctl10":"","ini_target_div":"0","disp_order":"4"}]','100','056_library-master','::1';
2017-11-24 17:37:18 EXEC SPC_056_LIBRARY_MASTER_ACT1 'auth_role_div','[{"lib_val_cd":"000","lib_val_nm_j":"\u4e00\u822c","lib_val_nm_e":"\u4e00\u822c","lib_val_ab_j":"\u4e00\u822c","lib_val_ab_e":"\u4e00\u822c","lib_val_ctl1":"","lib_val_ctl2":"","lib_val_ctl3":"","lib_val_ctl4":"","lib_val_ctl5":"","lib_val_ctl6":"","lib_val_ctl7":"","lib_val_ctl8":"","lib_val_ctl9":"","lib_val_ctl10":"","ini_target_div":"0","disp_order":"1"},{"lib_val_cd":"100","lib_val_nm_j":"\u7ba1\u7406\u8005","lib_val_nm_e":"\u7ba1\u7406\u8005","lib_val_ab_j":"\u7ba1\u7406\u8005","lib_val_ab_e":"\u7ba1\u7406\u8005","lib_val_ctl1":"","lib_val_ctl2":"","lib_val_ctl3":"","lib_val_ctl4":"","lib_val_ctl5":"","lib_val_ctl6":"","lib_val_ctl7":"","lib_val_ctl8":"","lib_val_ctl9":"","lib_val_ctl10":"","ini_target_div":"0","disp_order":"2"},{"lib_val_cd":"999","lib_val_nm_j":"\u30b7\u30b9\u30c6\u30e0\u7ba1\u7406\u8005","lib_val_nm_e":"\u30b7\u30b9\u30c6\u30e0\u7ba1\u7406\u8005","lib_val_ab_j":"\u30b7\u30b9\u30c6\u30e0\u7ba1\u7406\u8005","lib_val_ab_e":"\u30b7\u30b9\u30c6\u30e0\u7ba1\u7406\u8005","lib_val_ctl1":"","lib_val_ctl2":"","lib_val_ctl3":"","lib_val_ctl4":"","lib_val_ctl5":"","lib_val_ctl6":"","lib_val_ctl7":"","lib_val_ctl8":"","lib_val_ctl9":"","lib_val_ctl10":"","ini_target_div":"0","disp_order":"3"},{"lib_val_cd":"999","lib_val_nm_j":"999","lib_val_nm_e":"999","lib_val_ab_j":"999","lib_val_ab_e":"999","lib_val_ctl1":"","lib_val_ctl2":"","lib_val_ctl3":"","lib_val_ctl4":"","lib_val_ctl5":"","lib_val_ctl6":"","lib_val_ctl7":"","lib_val_ctl8":"","lib_val_ctl9":"","lib_val_ctl10":"","ini_target_div":"0","disp_order":"4"}]','100','056_library-master','::1';
2017-11-24 17:48:46 EXEC SPC_056_LIBRARY_MASTER_INQ1 'auth_role_div';
2017-11-24 17:49:04 EXEC SPC_056_LIBRARY_MASTER_INQ1 'auth_role_div';
2017-11-24 17:49:08 EXEC SPC_056_LIBRARY_MASTER_INQ1 'auth_role_div';
2017-11-24 17:49:18 EXEC SPC_056_LIBRARY_MASTER_INQ1 'auth_role_div';
2017-11-24 17:52:00 EXEC SPC_056_LIBRARY_MASTER_INQ1 'auth_role_div';
2017-11-24 17:52:34 EXEC SPC_056_LIBRARY_MASTER_INQ1 'auth_role_div';
2017-11-24 17:52:47 EXEC SPC_056_LIBRARY_MASTER_INQ1 'auth_role_div';
2017-11-24 17:53:28 EXEC SPC_056_LIBRARY_MASTER_INQ1 'auth_role_div';
2017-11-24 17:54:36 EXEC SPC_056_LIBRARY_MASTER_INQ1 'auth_role_div';
2017-11-24 18:11:43 EXEC SPC_056_LIBRARY_MASTER_INQ1 'auth_role_div';
2017-11-24 18:12:07 EXEC SPC_056_LIBRARY_MASTER_INQ1 'auth_role_div';
2017-11-24 18:12:33 EXEC SPC_056_LIBRARY_MASTER_INQ1 'auth_role_div';
2017-11-24 18:15:46 EXEC SPC_056_LIBRARY_MASTER_INQ1 'auth_role_div';
2017-11-24 18:17:41 EXEC SPC_056_LIBRARY_MASTER_INQ1 'auth_role_div';
2017-11-24 18:17:49 EXEC SPC_056_LIBRARY_MASTER_INQ1 'auth_role_div';
2017-11-24 18:18:03 EXEC SPC_056_LIBRARY_MASTER_INQ1 'auth_role_div';
2017-11-24 18:18:44 EXEC SPC_056_LIBRARY_MASTER_INQ1 'auth_role_div';
2017-11-24 18:19:34 EXEC SPC_056_LIBRARY_MASTER_INQ1 'auth_role_div';
2017-11-24 18:22:24 EXEC SPC_056_LIBRARY_MASTER_INQ1 'auth_role_div';
2017-11-24 18:26:32 EXEC SPC_056_LIBRARY_MASTER_INQ1 'auth_role_div';
2017-11-24 18:27:06 EXEC SPC_056_LIBRARY_MASTER_INQ1 'auth_role_div';
2017-11-24 18:27:32 EXEC SPC_056_LIBRARY_MASTER_INQ1 'auth_role_div';
2017-11-24 18:27:43 EXEC SPC_056_LIBRARY_MASTER_INQ1 'auth_role_div';
2017-11-24 18:27:46 EXEC SPC_056_LIBRARY_MASTER_ACT1 'auth_role_div','[{"lib_val_cd":"000","lib_val_nm_j":"\u4e00\u822c","lib_val_nm_e":"\u4e00\u822c","lib_val_ab_j":"\u4e00\u822c","lib_val_ab_e":"\u4e00\u822c","lib_val_ctl1":"","lib_val_ctl2":"","lib_val_ctl3":"","lib_val_ctl4":"","lib_val_ctl5":"","lib_val_ctl6":"","lib_val_ctl7":"","lib_val_ctl8":"","lib_val_ctl9":"","lib_val_ctl10":"","ini_target_div":"0","disp_order":"1"},{"lib_val_cd":"100","lib_val_nm_j":"\u7ba1\u7406\u8005","lib_val_nm_e":"\u7ba1\u7406\u8005","lib_val_ab_j":"\u7ba1\u7406\u8005","lib_val_ab_e":"\u7ba1\u7406\u8005","lib_val_ctl1":"","lib_val_ctl2":"","lib_val_ctl3":"","lib_val_ctl4":"","lib_val_ctl5":"","lib_val_ctl6":"","lib_val_ctl7":"","lib_val_ctl8":"","lib_val_ctl9":"","lib_val_ctl10":"","ini_target_div":"0","disp_order":"2"},{"lib_val_cd":"999","lib_val_nm_j":"\u30b7\u30b9\u30c6\u30e0\u7ba1\u7406\u8005","lib_val_nm_e":"\u30b7\u30b9\u30c6\u30e0\u7ba1\u7406\u8005","lib_val_ab_j":"\u30b7\u30b9\u30c6\u30e0\u7ba1\u7406\u8005","lib_val_ab_e":"\u30b7\u30b9\u30c6\u30e0\u7ba1\u7406\u8005","lib_val_ctl1":"","lib_val_ctl2":"","lib_val_ctl3":"","lib_val_ctl4":"","lib_val_ctl5":"","lib_val_ctl6":"","lib_val_ctl7":"","lib_val_ctl8":"","lib_val_ctl9":"","lib_val_ctl10":"","ini_target_div":"0","disp_order":"3"}]','100','056_library-master','::1';
2017-11-24 18:27:46 EXEC SPC_056_LIBRARY_MASTER_INQ1 'auth_role_div';
2017-11-24 18:28:10 EXEC SPC_056_LIBRARY_MASTER_ACT1 'auth_role_div','[{"lib_val_cd":"000","lib_val_nm_j":"\u4e00\u822c","lib_val_nm_e":"\u4e00\u822c","lib_val_ab_j":"\u4e00\u822c","lib_val_ab_e":"\u4e00\u822c","lib_val_ctl1":"","lib_val_ctl2":"","lib_val_ctl3":"","lib_val_ctl4":"","lib_val_ctl5":"","lib_val_ctl6":"","lib_val_ctl7":"","lib_val_ctl8":"","lib_val_ctl9":"","lib_val_ctl10":"","ini_target_div":"0","disp_order":"1"},{"lib_val_cd":"100","lib_val_nm_j":"\u7ba1\u7406\u8005","lib_val_nm_e":"\u7ba1\u7406\u8005","lib_val_ab_j":"\u7ba1\u7406\u8005","lib_val_ab_e":"\u7ba1\u7406\u8005","lib_val_ctl1":"","lib_val_ctl2":"","lib_val_ctl3":"","lib_val_ctl4":"","lib_val_ctl5":"","lib_val_ctl6":"","lib_val_ctl7":"","lib_val_ctl8":"","lib_val_ctl9":"","lib_val_ctl10":"","ini_target_div":"0","disp_order":"2"},{"lib_val_cd":"999","lib_val_nm_j":"\u30b7\u30b9\u30c6\u30e0\u7ba1\u7406\u8005","lib_val_nm_e":"\u30b7\u30b9\u30c6\u30e0\u7ba1\u7406\u8005","lib_val_ab_j":"\u30b7\u30b9\u30c6\u30e0\u7ba1\u7406\u8005","lib_val_ab_e":"\u30b7\u30b9\u30c6\u30e0\u7ba1\u7406\u8005","lib_val_ctl1":"","lib_val_ctl2":"","lib_val_ctl3":"","lib_val_ctl4":"","lib_val_ctl5":"","lib_val_ctl6":"","lib_val_ctl7":"","lib_val_ctl8":"","lib_val_ctl9":"","lib_val_ctl10":"","ini_target_div":"0","disp_order":"3"},{"lib_val_cd":"998","lib_val_nm_j":"999","lib_val_nm_e":"999","lib_val_ab_j":"999","lib_val_ab_e":"999","lib_val_ctl1":"","lib_val_ctl2":"","lib_val_ctl3":"","lib_val_ctl4":"","lib_val_ctl5":"","lib_val_ctl6":"","lib_val_ctl7":"","lib_val_ctl8":"","lib_val_ctl9":"","lib_val_ctl10":"","ini_target_div":"0","disp_order":"4"},{"lib_val_cd":"888","lib_val_nm_j":"888","lib_val_nm_e":"888","lib_val_ab_j":"888","lib_val_ab_e":"888","lib_val_ctl1":"","lib_val_ctl2":"","lib_val_ctl3":"","lib_val_ctl4":"","lib_val_ctl5":"","lib_val_ctl6":"","lib_val_ctl7":"","lib_val_ctl8":"","lib_val_ctl9":"","lib_val_ctl10":"","ini_target_div":"0","disp_order":"5"}]','100','056_library-master','::1';
2017-11-24 18:28:11 EXEC SPC_056_LIBRARY_MASTER_INQ1 'auth_role_div';
2017-11-24 18:29:43 EXEC SPC_056_LIBRARY_MASTER_INQ1 'auth_role_div';
2017-11-24 18:29:48 EXEC SPC_056_LIBRARY_MASTER_ACT1 'auth_role_div','[{"lib_val_cd":"000","lib_val_nm_j":"\u4e00\u822c","lib_val_nm_e":"\u4e00\u822c","lib_val_ab_j":"\u4e00\u822c","lib_val_ab_e":"\u4e00\u822c","lib_val_ctl1":"","lib_val_ctl2":"","lib_val_ctl3":"","lib_val_ctl4":"","lib_val_ctl5":"","lib_val_ctl6":"","lib_val_ctl7":"","lib_val_ctl8":"","lib_val_ctl9":"","lib_val_ctl10":"","ini_target_div":"0","disp_order":"1"},{"lib_val_cd":"100","lib_val_nm_j":"\u7ba1\u7406\u8005","lib_val_nm_e":"\u7ba1\u7406\u8005","lib_val_ab_j":"\u7ba1\u7406\u8005","lib_val_ab_e":"\u7ba1\u7406\u8005","lib_val_ctl1":"","lib_val_ctl2":"","lib_val_ctl3":"","lib_val_ctl4":"","lib_val_ctl5":"","lib_val_ctl6":"","lib_val_ctl7":"","lib_val_ctl8":"","lib_val_ctl9":"","lib_val_ctl10":"","ini_target_div":"0","disp_order":"2"},{"lib_val_cd":"888","lib_val_nm_j":"888","lib_val_nm_e":"888","lib_val_ab_j":"888","lib_val_ab_e":"888","lib_val_ctl1":"","lib_val_ctl2":"","lib_val_ctl3":"","lib_val_ctl4":"","lib_val_ctl5":"","lib_val_ctl6":"","lib_val_ctl7":"","lib_val_ctl8":"","lib_val_ctl9":"","lib_val_ctl10":"","ini_target_div":"0","disp_order":"3"},{"lib_val_cd":"998","lib_val_nm_j":"999","lib_val_nm_e":"999","lib_val_ab_j":"999","lib_val_ab_e":"999","lib_val_ctl1":"","lib_val_ctl2":"","lib_val_ctl3":"","lib_val_ctl4":"","lib_val_ctl5":"","lib_val_ctl6":"","lib_val_ctl7":"","lib_val_ctl8":"","lib_val_ctl9":"","lib_val_ctl10":"","ini_target_div":"0","disp_order":"4"},{"lib_val_cd":"999","lib_val_nm_j":"\u30b7\u30b9\u30c6\u30e0\u7ba1\u7406\u8005","lib_val_nm_e":"\u30b7\u30b9\u30c6\u30e0\u7ba1\u7406\u8005","lib_val_ab_j":"\u30b7\u30b9\u30c6\u30e0\u7ba1\u7406\u8005","lib_val_ab_e":"\u30b7\u30b9\u30c6\u30e0\u7ba1\u7406\u8005","lib_val_ctl1":"","lib_val_ctl2":"","lib_val_ctl3":"","lib_val_ctl4":"","lib_val_ctl5":"","lib_val_ctl6":"","lib_val_ctl7":"","lib_val_ctl8":"","lib_val_ctl9":"","lib_val_ctl10":"","ini_target_div":"0","disp_order":"5"}]','100','056_library-master','::1';
2017-11-24 18:29:49 EXEC SPC_056_LIBRARY_MASTER_INQ1 'auth_role_div';
2017-11-24 18:32:34 EXEC SPC_056_LIBRARY_MASTER_INQ1 'auth_role_div';
2017-11-24 18:32:51 EXEC SPC_056_LIBRARY_MASTER_ACT1 'auth_role_div','[{"lib_val_cd":"000","lib_val_nm_j":"\u4e00\u822c","lib_val_nm_e":"\u4e00\u822c","lib_val_ab_j":"\u4e00\u822c","lib_val_ab_e":"\u4e00\u822c","lib_val_ctl1":"","lib_val_ctl2":"","lib_val_ctl3":"","lib_val_ctl4":"","lib_val_ctl5":"","lib_val_ctl6":"","lib_val_ctl7":"","lib_val_ctl8":"","lib_val_ctl9":"","lib_val_ctl10":"","ini_target_div":"0","disp_order":"1"},{"lib_val_cd":"100","lib_val_nm_j":"\u7ba1\u7406\u8005","lib_val_nm_e":"\u7ba1\u7406\u8005","lib_val_ab_j":"\u7ba1\u7406\u8005","lib_val_ab_e":"\u7ba1\u7406\u8005","lib_val_ctl1":"","lib_val_ctl2":"","lib_val_ctl3":"","lib_val_ctl4":"","lib_val_ctl5":"","lib_val_ctl6":"","lib_val_ctl7":"","lib_val_ctl8":"","lib_val_ctl9":"","lib_val_ctl10":"","ini_target_div":"0","disp_order":"2"},{"lib_val_cd":"999","lib_val_nm_j":"\u30b7\u30b9\u30c6\u30e0\u7ba1\u7406\u8005","lib_val_nm_e":"\u30b7\u30b9\u30c6\u30e0\u7ba1\u7406\u8005","lib_val_ab_j":"\u30b7\u30b9\u30c6\u30e0\u7ba1\u7406\u8005","lib_val_ab_e":"\u30b7\u30b9\u30c6\u30e0\u7ba1\u7406\u8005","lib_val_ctl1":"","lib_val_ctl2":"","lib_val_ctl3":"","lib_val_ctl4":"","lib_val_ctl5":"","lib_val_ctl6":"","lib_val_ctl7":"","lib_val_ctl8":"","lib_val_ctl9":"","lib_val_ctl10":"","ini_target_div":"0","disp_order":"3"}]','100','056_library-master','::1';
2017-11-24 18:32:54 EXEC SPC_056_LIBRARY_MASTER_INQ1 'auth_role_div';
2017-11-24 18:33:34 EXEC SPC_056_LIBRARY_MASTER_INQ1 'auth_role_div';
2017-11-24 18:33:37 EXEC SPC_056_LIBRARY_MASTER_ACT1 'auth_role_div','[{"lib_val_cd":"000","lib_val_nm_j":"\u4e00\u822c","lib_val_nm_e":"\u4e00\u822c","lib_val_ab_j":"\u4e00\u822c","lib_val_ab_e":"\u4e00\u822c","lib_val_ctl1":"","lib_val_ctl2":"","lib_val_ctl3":"","lib_val_ctl4":"","lib_val_ctl5":"","lib_val_ctl6":"","lib_val_ctl7":"","lib_val_ctl8":"","lib_val_ctl9":"","lib_val_ctl10":"","ini_target_div":"0","disp_order":"1"},{"lib_val_cd":"100","lib_val_nm_j":"\u7ba1\u7406\u8005","lib_val_nm_e":"\u7ba1\u7406\u8005","lib_val_ab_j":"\u7ba1\u7406\u8005","lib_val_ab_e":"\u7ba1\u7406\u8005","lib_val_ctl1":"","lib_val_ctl2":"","lib_val_ctl3":"","lib_val_ctl4":"","lib_val_ctl5":"","lib_val_ctl6":"","lib_val_ctl7":"","lib_val_ctl8":"","lib_val_ctl9":"","lib_val_ctl10":"","ini_target_div":"0","disp_order":"2"},{"lib_val_cd":"999","lib_val_nm_j":"\u30b7\u30b9\u30c6\u30e0\u7ba1\u7406\u8005","lib_val_nm_e":"\u30b7\u30b9\u30c6\u30e0\u7ba1\u7406\u8005","lib_val_ab_j":"\u30b7\u30b9\u30c6\u30e0\u7ba1\u7406\u8005","lib_val_ab_e":"\u30b7\u30b9\u30c6\u30e0\u7ba1\u7406\u8005","lib_val_ctl1":"","lib_val_ctl2":"","lib_val_ctl3":"","lib_val_ctl4":"","lib_val_ctl5":"","lib_val_ctl6":"","lib_val_ctl7":"","lib_val_ctl8":"","lib_val_ctl9":"","lib_val_ctl10":"","ini_target_div":"0","disp_order":"3"}]','100','056_library-master','::1';
2017-11-24 18:33:38 EXEC SPC_056_LIBRARY_MASTER_INQ1 'auth_role_div';
2017-11-24 18:33:53 EXEC SPC_056_LIBRARY_MASTER_ACT1 'auth_role_div','[{"lib_val_cd":"000","lib_val_nm_j":"\u4e00\u822c","lib_val_nm_e":"\u4e00\u822c","lib_val_ab_j":"\u4e00\u822c","lib_val_ab_e":"\u4e00\u822c","lib_val_ctl1":"","lib_val_ctl2":"","lib_val_ctl3":"","lib_val_ctl4":"","lib_val_ctl5":"","lib_val_ctl6":"","lib_val_ctl7":"","lib_val_ctl8":"","lib_val_ctl9":"","lib_val_ctl10":"","ini_target_div":"0","disp_order":"1"},{"lib_val_cd":"100","lib_val_nm_j":"\u7ba1\u7406\u8005","lib_val_nm_e":"\u7ba1\u7406\u8005","lib_val_ab_j":"\u7ba1\u7406\u8005","lib_val_ab_e":"\u7ba1\u7406\u8005","lib_val_ctl1":"","lib_val_ctl2":"","lib_val_ctl3":"","lib_val_ctl4":"","lib_val_ctl5":"","lib_val_ctl6":"","lib_val_ctl7":"","lib_val_ctl8":"","lib_val_ctl9":"","lib_val_ctl10":"","ini_target_div":"0","disp_order":"2"},{"lib_val_cd":"999","lib_val_nm_j":"\u30b7\u30b9\u30c6\u30e0\u7ba1\u7406\u8005","lib_val_nm_e":"\u30b7\u30b9\u30c6\u30e0\u7ba1\u7406\u8005","lib_val_ab_j":"\u30b7\u30b9\u30c6\u30e0\u7ba1\u7406\u8005","lib_val_ab_e":"\u30b7\u30b9\u30c6\u30e0\u7ba1\u7406\u8005","lib_val_ctl1":"","lib_val_ctl2":"","lib_val_ctl3":"","lib_val_ctl4":"","lib_val_ctl5":"","lib_val_ctl6":"","lib_val_ctl7":"","lib_val_ctl8":"","lib_val_ctl9":"","lib_val_ctl10":"","ini_target_div":"0","disp_order":"3"},{"lib_val_cd":"888","lib_val_nm_j":"","lib_val_nm_e":"","lib_val_ab_j":"","lib_val_ab_e":"","lib_val_ctl1":"","lib_val_ctl2":"","lib_val_ctl3":"","lib_val_ctl4":"","lib_val_ctl5":"","lib_val_ctl6":"","lib_val_ctl7":"","lib_val_ctl8":"","lib_val_ctl9":"","lib_val_ctl10":"","ini_target_div":"0","disp_order":"4"}]','100','056_library-master','::1';
2017-11-24 18:33:54 EXEC SPC_056_LIBRARY_MASTER_INQ1 'auth_role_div';
2017-11-24 18:34:01 EXEC SPC_056_LIBRARY_MASTER_ACT1 'auth_role_div','[{"lib_val_cd":"000","lib_val_nm_j":"\u4e00\u822c","lib_val_nm_e":"\u4e00\u822c","lib_val_ab_j":"\u4e00\u822c","lib_val_ab_e":"\u4e00\u822c","lib_val_ctl1":"","lib_val_ctl2":"","lib_val_ctl3":"","lib_val_ctl4":"","lib_val_ctl5":"","lib_val_ctl6":"","lib_val_ctl7":"","lib_val_ctl8":"","lib_val_ctl9":"","lib_val_ctl10":"","ini_target_div":"0","disp_order":"1"},{"lib_val_cd":"100","lib_val_nm_j":"\u7ba1\u7406\u8005","lib_val_nm_e":"\u7ba1\u7406\u8005","lib_val_ab_j":"\u7ba1\u7406\u8005","lib_val_ab_e":"\u7ba1\u7406\u8005","lib_val_ctl1":"","lib_val_ctl2":"","lib_val_ctl3":"","lib_val_ctl4":"","lib_val_ctl5":"","lib_val_ctl6":"","lib_val_ctl7":"","lib_val_ctl8":"","lib_val_ctl9":"","lib_val_ctl10":"","ini_target_div":"0","disp_order":"2"},{"lib_val_cd":"999","lib_val_nm_j":"\u30b7\u30b9\u30c6\u30e0\u7ba1\u7406\u8005","lib_val_nm_e":"\u30b7\u30b9\u30c6\u30e0\u7ba1\u7406\u8005","lib_val_ab_j":"\u30b7\u30b9\u30c6\u30e0\u7ba1\u7406\u8005","lib_val_ab_e":"\u30b7\u30b9\u30c6\u30e0\u7ba1\u7406\u8005","lib_val_ctl1":"","lib_val_ctl2":"","lib_val_ctl3":"","lib_val_ctl4":"","lib_val_ctl5":"","lib_val_ctl6":"","lib_val_ctl7":"","lib_val_ctl8":"","lib_val_ctl9":"","lib_val_ctl10":"","ini_target_div":"0","disp_order":"3"}]','100','056_library-master','::1';
2017-11-24 18:34:02 EXEC SPC_056_LIBRARY_MASTER_INQ1 'auth_role_div';
2017-11-24 18:34:43 EXEC SPC_COM_GET_COMBOBOX 'possible_div';
2017-11-24 18:34:44 EXEC SPC_057_LIBRARY_MASTER_SEARCH_FND1 '','','','','','1','10';
2017-11-24 18:34:49 EXEC SPC_056_LIBRARY_MASTER_INQ1 'bank_div';
2017-11-24 18:35:40 EXEC SPC_056_LIBRARY_MASTER_INQ1 'bank_div';
2017-11-24 18:35:58 EXEC SPC_056_LIBRARY_MASTER_ACT1 'bank_div','[{"lib_val_cd":"001","lib_val_nm_j":"\u4e09\u4e95\u4f4f\u53cb\u9280\u884c\u5ddd\u53e3\u652f\u5e97","lib_val_nm_e":"Sumitomo Mitsui Banking Corporation","lib_val_ab_j":"\u4e09\u4e95\u4f4f\u53cb\u9280\u884c\u5ddd\u53e3\u652f\u5e97","lib_val_ab_e":"Sumitomo Mitsui Banking Corporation","lib_val_ctl1":"Sumitomo Mitsui Banking Corporation","lib_val_ctl2":"Sumitomo Mitsui Banking Corporation","lib_val_ctl3":"Sumitomo Mitsui Banking Corporation","lib_val_ctl4":"","lib_val_ctl5":"","lib_val_ctl6":"Sumitomo","lib_val_ctl7":"","lib_val_ctl8":"","lib_val_ctl9":"","lib_val_ctl10":"","ini_target_div":"1","disp_order":"1"},{"lib_val_cd":"002","lib_val_nm_j":"\u4e09\u83f1\u6771\u4eacUFJ\u9280\u884c","lib_val_nm_e":"The Bank of Tokyo-Mitsubishi UFJ","lib_val_ab_j":"\u4e09\u83f1\u6771\u4eacUFJ\u9280\u884c","lib_val_ab_e":"The Bank of Tokyo-Mitsubishi UFJ","lib_val_ctl1":"Sumitomo","lib_val_ctl2":"","lib_val_ctl3":"","lib_val_ctl4":"","lib_val_ctl5":"","lib_val_ctl6":"Sumitomo","lib_val_ctl7":"","lib_val_ctl8":"","lib_val_ctl9":"","lib_val_ctl10":"","ini_target_div":"0","disp_order":"2"},{"lib_val_cd":"003","lib_val_nm_j":"\u4e09\u4e95\u4f4f\u53cb\u9280\u884c\u5ddd\u53e3\u652f\u5e97\uff08\u5186\uff09","lib_val_nm_e":"Sumitomo Mitsui Banking Corporation(0009)","lib_val_ab_j":"\u4e09\u4e95\u4f4f\u53cb\u9280\u884c\u5ddd\u53e3\u652f\u5e97\uff08\u5186\uff09","lib_val_ab_e":"Sumitomo Mitsui Banking Corporation(0009)","lib_val_ctl1":"Sumitomo","lib_val_ctl2":"","lib_val_ctl3":"","lib_val_ctl4":"","lib_val_ctl5":"","lib_val_ctl6":"Sumitomo","lib_val_ctl7":"","lib_val_ctl8":"","lib_val_ctl9":"","lib_val_ctl10":"","ini_target_div":"1","disp_order":"3"},{"lib_val_cd":"004","lib_val_nm_j":"\u57ce\u5317\u4fe1\u7528\u91d1\u5eab\u524d\u5ddd\u652f\u5e97\uff08\u56fd\u5185\u7528\uff09","lib_val_nm_e":"NULL","lib_val_ab_j":"\u57ce\u5317\u4fe1\u7528\u91d1\u5eab\u524d\u5ddd\u652f\u5e97\uff08\u56fd\u5185\u7528\uff09","lib_val_ab_e":"NULL","lib_val_ctl1":"Sumitomo","lib_val_ctl2":"","lib_val_ctl3":"","lib_val_ctl4":"","lib_val_ctl5":"","lib_val_ctl6":"Sumitomo","lib_val_ctl7":"","lib_val_ctl8":"","lib_val_ctl9":"","lib_val_ctl10":"","ini_target_div":"0","disp_order":"4"},{"lib_val_cd":"005","lib_val_nm_j":"\u305d\u306e\u4ed6","lib_val_nm_e":"\u305d\u306e\u4ed6","lib_val_ab_j":"\u305d\u306e\u4ed6","lib_val_ab_e":"\u305d\u306e\u4ed6","lib_val_ctl1":"Sumitomo","lib_val_ctl2":"","lib_val_ctl3":"","lib_val_ctl4":"","lib_val_ctl5":"","lib_val_ctl6":"Sumitomo","lib_val_ctl7":"","lib_val_ctl8":"","lib_val_ctl9":"","lib_val_ctl10":"","ini_target_div":"0","disp_order":"5"},{"lib_val_cd":"055","lib_val_nm_j":"","lib_val_nm_e":"","lib_val_ab_j":"","lib_val_ab_e":"","lib_val_ctl1":"","lib_val_ctl2":"","lib_val_ctl3":"","lib_val_ctl4":"","lib_val_ctl5":"","lib_val_ctl6":"","lib_val_ctl7":"","lib_val_ctl8":"","lib_val_ctl9":"","lib_val_ctl10":"","ini_target_div":"0","disp_order":"6"}]','100','056_library-master','::1';
2017-11-24 18:36:00 EXEC SPC_056_LIBRARY_MASTER_INQ1 'bank_div';
2017-11-24 18:36:21 EXEC SPC_056_LIBRARY_MASTER_ACT1 'bank_div','[{"lib_val_cd":"001","lib_val_nm_j":"\u4e09\u4e95\u4f4f\u53cb\u9280\u884c\u5ddd\u53e3\u652f\u5e97","lib_val_nm_e":"Sumitomo Mitsui Banking Corporation","lib_val_ab_j":"\u4e09\u4e95\u4f4f\u53cb\u9280\u884c\u5ddd\u53e3\u652f\u5e97","lib_val_ab_e":"Sumitomo Mitsui Banking Corporation","lib_val_ctl1":"Sumitomo Mitsui Banking Corporation","lib_val_ctl2":"Sumitomo Mitsui Banking Corporation","lib_val_ctl3":"Sumitomo Mitsui Banking Corporation","lib_val_ctl4":"","lib_val_ctl5":"","lib_val_ctl6":"Sumitomo","lib_val_ctl7":"","lib_val_ctl8":"","lib_val_ctl9":"","lib_val_ctl10":"","ini_target_div":"1","disp_order":"1"},{"lib_val_cd":"002","lib_val_nm_j":"\u4e09\u83f1\u6771\u4eacUFJ\u9280\u884c","lib_val_nm_e":"The Bank of Tokyo-Mitsubishi UFJ","lib_val_ab_j":"\u4e09\u83f1\u6771\u4eacUFJ\u9280\u884c","lib_val_ab_e":"The Bank of Tokyo-Mitsubishi UFJ","lib_val_ctl1":"Sumitomo","lib_val_ctl2":"","lib_val_ctl3":"","lib_val_ctl4":"","lib_val_ctl5":"","lib_val_ctl6":"Sumitomo","lib_val_ctl7":"","lib_val_ctl8":"","lib_val_ctl9":"","lib_val_ctl10":"","ini_target_div":"0","disp_order":"2"},{"lib_val_cd":"003","lib_val_nm_j":"\u4e09\u4e95\u4f4f\u53cb\u9280\u884c\u5ddd\u53e3\u652f\u5e97\uff08\u5186\uff09","lib_val_nm_e":"Sumitomo Mitsui Banking Corporation(0009)","lib_val_ab_j":"\u4e09\u4e95\u4f4f\u53cb\u9280\u884c\u5ddd\u53e3\u652f\u5e97\uff08\u5186\uff09","lib_val_ab_e":"Sumitomo Mitsui Banking Corporation(0009)","lib_val_ctl1":"Sumitomo","lib_val_ctl2":"","lib_val_ctl3":"","lib_val_ctl4":"","lib_val_ctl5":"","lib_val_ctl6":"Sumitomo","lib_val_ctl7":"","lib_val_ctl8":"","lib_val_ctl9":"","lib_val_ctl10":"","ini_target_div":"1","disp_order":"3"},{"lib_val_cd":"004","lib_val_nm_j":"\u57ce\u5317\u4fe1\u7528\u91d1\u5eab\u524d\u5ddd\u652f\u5e97\uff08\u56fd\u5185\u7528\uff09","lib_val_nm_e":"NULL","lib_val_ab_j":"\u57ce\u5317\u4fe1\u7528\u91d1\u5eab\u524d\u5ddd\u652f\u5e97\uff08\u56fd\u5185\u7528\uff09","lib_val_ab_e":"NULL","lib_val_ctl1":"Sumitomo","lib_val_ctl2":"","lib_val_ctl3":"","lib_val_ctl4":"","lib_val_ctl5":"","lib_val_ctl6":"Sumitomo","lib_val_ctl7":"","lib_val_ctl8":"","lib_val_ctl9":"","lib_val_ctl10":"","ini_target_div":"0","disp_order":"4"},{"lib_val_cd":"005","lib_val_nm_j":"\u305d\u306e\u4ed6","lib_val_nm_e":"\u305d\u306e\u4ed6","lib_val_ab_j":"\u305d\u306e\u4ed6","lib_val_ab_e":"\u305d\u306e\u4ed6","lib_val_ctl1":"Sumitomo","lib_val_ctl2":"","lib_val_ctl3":"","lib_val_ctl4":"","lib_val_ctl5":"","lib_val_ctl6":"Sumitomo","lib_val_ctl7":"","lib_val_ctl8":"","lib_val_ctl9":"","lib_val_ctl10":"","ini_target_div":"0","disp_order":"5"}]','100','056_library-master','::1';
2017-11-24 18:36:30 EXEC SPC_056_LIBRARY_MASTER_INQ1 'bank_div';
2017-11-24 18:45:37 EXEC SPC_COM_GET_COMBOBOX 'possible_div';
2017-11-24 18:45:38 EXEC SPC_057_LIBRARY_MASTER_SEARCH_FND1 '','','','','','1','10';
2017-11-24 18:45:42 EXEC SPC_056_LIBRARY_MASTER_INQ1 'bank_div';
2017-11-24 18:45:44 EXEC SPC_COM_GET_COMBOBOX 'possible_div';
2017-11-24 18:45:44 EXEC SPC_057_LIBRARY_MASTER_SEARCH_FND1 '','','','','','1','10';
2017-11-24 18:47:07 EXEC SPC_057_LIBRARY_MASTER_SEARCH_FND1 '','','','','','1','10';
2017-11-24 18:47:10 EXEC SPC_COM_GET_COMBOBOX 'possible_div';
2017-11-24 18:47:11 EXEC SPC_057_LIBRARY_MASTER_SEARCH_FND1 '','','','','','1','10';
2017-11-24 18:47:44 EXEC SPC_COM_GET_COMBOBOX 'possible_div';
2017-11-24 18:47:45 EXEC SPC_057_LIBRARY_MASTER_SEARCH_FND1 '','','','','','1','10';
2017-11-24 18:47:48 EXEC SPC_057_LIBRARY_MASTER_SEARCH_FND1 '','','','','1','1','10';
2017-11-24 19:37:24 EXEC SPC_COM_GET_COMBOBOX 'possible_div';
2017-11-24 19:37:28 EXEC SPC_COM_GET_COMBOBOX 'port_country_div';
2017-11-24 19:37:29 EXEC SPC_COM_GET_COMBOBOX 'unit_w_div';
2017-11-24 19:37:29 EXEC SPC_COM_GET_COMBOBOX 'currency_div';
2017-11-24 19:37:29 EXEC SPC_COM_GET_COMBOBOX 'unit_m_div';
2017-11-24 19:37:30 EXEC SPC_COM_GET_COMBOBOX 'sales_detail_div';
2017-11-24 19:37:30 EXEC SPC_COM_GET_COMBOBOX 'bank_div';
2017-11-24 19:37:30 EXEC SPC_COM_GET_COMBOBOX 'trade_terms_div';
2017-11-24 19:37:30 EXEC SPC_COM_GET_COMBOBOX 'port_city_div';
2017-11-24 19:37:30 EXEC SPC_COM_GET_COMBOBOX 'unit_q_div';
2017-11-24 19:37:30 EXEC SPC_COM_GET_COMBOBOX 'shipment_div';
2017-11-24 19:37:30 EXEC SPC_COM_GET_COMBOBOX 'payment_conditions_div';
2017-11-24 19:39:20 EXEC SPC_COM_GET_COMBOBOX 'payment_conditions_div';
2017-11-24 19:39:20 EXEC SPC_COM_GET_COMBOBOX 'shipment_div';
2017-11-24 19:39:20 EXEC SPC_COM_GET_COMBOBOX 'currency_div';
2017-11-24 19:39:20 EXEC SPC_COM_GET_COMBOBOX 'port_city_div';
2017-11-24 19:39:20 EXEC SPC_COM_GET_COMBOBOX 'port_country_div';
2017-11-24 19:39:20 EXEC SPC_COM_GET_COMBOBOX 'trade_terms_div';
2017-11-24 19:39:20 EXEC SPC_COM_GET_COMBOBOX 'sales_detail_div';
2017-11-24 19:39:20 EXEC SPC_COM_GET_COMBOBOX 'bank_div';
2017-11-24 19:39:20 EXEC SPC_COM_GET_COMBOBOX 'unit_w_div';
2017-11-24 19:39:20 EXEC SPC_COM_GET_COMBOBOX 'unit_q_div';
2017-11-24 19:39:20 EXEC SPC_COM_GET_COMBOBOX 'unit_m_div';
2017-11-24 19:42:56 EXEC SPC_COM_GET_COMBOBOX 'port_country_div';
2017-11-24 19:42:56 EXEC SPC_COM_GET_COMBOBOX 'shipment_div';
2017-11-24 19:42:56 EXEC SPC_COM_GET_COMBOBOX 'trade_terms_div';
2017-11-24 19:42:56 EXEC SPC_COM_GET_COMBOBOX 'payment_conditions_div';
2017-11-24 19:42:56 EXEC SPC_COM_GET_COMBOBOX 'port_city_div';
2017-11-24 19:42:56 EXEC SPC_COM_GET_COMBOBOX 'currency_div';
2017-11-24 19:42:57 EXEC SPC_COM_GET_COMBOBOX 'unit_m_div';
2017-11-24 19:42:57 EXEC SPC_COM_GET_COMBOBOX 'unit_q_div';
2017-11-24 19:42:57 EXEC SPC_COM_GET_COMBOBOX 'bank_div';
2017-11-24 19:42:57 EXEC SPC_COM_GET_COMBOBOX 'sales_detail_div';
2017-11-24 19:47:14 EXEC SPC_COM_GET_COMBOBOX 'port_country_div';
2017-11-24 19:47:14 EXEC SPC_COM_GET_COMBOBOX 'trade_terms_div';
2017-11-24 19:47:14 EXEC SPC_COM_GET_COMBOBOX 'port_city_div';
2017-11-24 19:47:14 EXEC SPC_COM_GET_COMBOBOX 'currency_div';
2017-11-24 19:47:14 EXEC SPC_COM_GET_COMBOBOX 'payment_conditions_div';
2017-11-24 19:47:15 EXEC SPC_COM_GET_COMBOBOX 'shipment_div';
2017-11-24 19:47:15 EXEC SPC_COM_GET_COMBOBOX 'sales_detail_div';
2017-11-24 19:47:15 EXEC SPC_COM_GET_COMBOBOX 'unit_w_div';
2017-11-24 19:47:15 EXEC SPC_COM_GET_COMBOBOX 'unit_q_div';
2017-11-24 19:47:15 EXEC SPC_COM_GET_COMBOBOX 'bank_div';
2017-11-24 19:47:15 EXEC SPC_COM_GET_COMBOBOX 'unit_m_div';
2017-11-24 19:49:03 EXEC SPC_COM_GET_COMBOBOX 'port_country_div';
2017-11-24 19:49:03 EXEC SPC_COM_GET_COMBOBOX 'currency_div';
2017-11-24 19:49:03 EXEC SPC_COM_GET_COMBOBOX 'port_city_div';
2017-11-24 19:49:03 EXEC SPC_COM_GET_COMBOBOX 'shipment_div';
2017-11-24 19:49:03 EXEC SPC_COM_GET_COMBOBOX 'payment_conditions_div';
2017-11-24 19:49:03 EXEC SPC_COM_GET_COMBOBOX 'trade_terms_div';
2017-11-24 19:49:03 EXEC SPC_COM_GET_COMBOBOX 'unit_q_div';
2017-11-24 19:49:03 EXEC SPC_COM_GET_COMBOBOX 'unit_w_div';
2017-11-24 19:49:03 EXEC SPC_COM_GET_COMBOBOX 'unit_m_div';
2017-11-24 19:49:03 EXEC SPC_COM_GET_COMBOBOX 'sales_detail_div';
2017-11-24 19:49:03 EXEC SPC_COM_GET_COMBOBOX 'bank_div';
2017-11-24 19:50:03 EXEC SPC_COM_GET_COMBOBOX 'port_country_div';
2017-11-24 19:50:03 EXEC SPC_COM_GET_COMBOBOX 'shipment_div';
2017-11-24 19:50:03 EXEC SPC_COM_GET_COMBOBOX 'currency_div';
2017-11-24 19:50:03 EXEC SPC_COM_GET_COMBOBOX 'payment_conditions_div';
2017-11-24 19:50:03 EXEC SPC_COM_GET_COMBOBOX 'port_city_div';
2017-11-24 19:50:03 EXEC SPC_COM_GET_COMBOBOX 'trade_terms_div';
2017-11-24 19:50:03 EXEC SPC_COM_GET_COMBOBOX 'unit_q_div';
2017-11-24 19:50:04 EXEC SPC_COM_GET_COMBOBOX 'unit_w_div';
2017-11-24 19:50:04 EXEC SPC_COM_GET_COMBOBOX 'unit_m_div';
2017-11-24 19:50:04 EXEC SPC_COM_GET_COMBOBOX 'sales_detail_div';
2017-11-24 19:50:04 EXEC SPC_COM_GET_COMBOBOX 'bank_div';
2017-11-24 19:51:29 EXEC SPC_COM_GET_COMBOBOX 'port_country_div';
2017-11-24 19:51:29 EXEC SPC_COM_GET_COMBOBOX 'shipment_div';
2017-11-24 19:51:29 EXEC SPC_COM_GET_COMBOBOX 'trade_terms_div';
2017-11-24 19:51:29 EXEC SPC_COM_GET_COMBOBOX 'currency_div';
2017-11-24 19:51:30 EXEC SPC_COM_GET_COMBOBOX 'port_city_div';
2017-11-24 19:51:30 EXEC SPC_COM_GET_COMBOBOX 'payment_conditions_div';
2017-11-24 19:51:30 EXEC SPC_COM_GET_COMBOBOX 'unit_m_div';
2017-11-24 19:51:30 EXEC SPC_COM_GET_COMBOBOX 'unit_q_div';
2017-11-24 19:51:30 EXEC SPC_COM_GET_COMBOBOX 'sales_detail_div';
2017-11-24 19:51:30 EXEC SPC_COM_GET_COMBOBOX 'unit_w_div';
2017-11-24 19:51:30 EXEC SPC_COM_GET_COMBOBOX 'bank_div';
2017-11-24 19:54:20 EXEC SPC_COM_GET_COMBOBOX 'payment_conditions_div';
2017-11-24 19:54:20 EXEC SPC_COM_GET_COMBOBOX 'shipment_div';
2017-11-24 19:54:20 EXEC SPC_COM_GET_COMBOBOX 'port_country_div';
2017-11-24 19:54:20 EXEC SPC_COM_GET_COMBOBOX 'port_city_div';
2017-11-24 19:54:20 EXEC SPC_COM_GET_COMBOBOX 'trade_terms_div';
2017-11-24 19:54:21 EXEC SPC_COM_GET_COMBOBOX 'unit_q_div';
2017-11-24 19:54:21 EXEC SPC_COM_GET_COMBOBOX 'sales_detail_div';
2017-11-24 19:54:21 EXEC SPC_COM_GET_COMBOBOX 'unit_m_div';
2017-11-24 19:54:21 EXEC SPC_COM_GET_COMBOBOX 'unit_w_div';
2017-11-24 19:54:21 EXEC SPC_COM_GET_COMBOBOX 'bank_div';
2017-11-24 19:55:52 EXEC SPC_COM_GET_COMBOBOX 'currency_div';
2017-11-24 19:55:52 EXEC SPC_COM_GET_COMBOBOX 'shipment_div';
2017-11-24 19:55:52 EXEC SPC_COM_GET_COMBOBOX 'port_country_div';
2017-11-24 19:55:52 EXEC SPC_COM_GET_COMBOBOX 'trade_terms_div';
2017-11-24 19:55:52 EXEC SPC_COM_GET_COMBOBOX 'port_city_div';
2017-11-24 19:55:52 EXEC SPC_COM_GET_COMBOBOX 'payment_conditions_div';
2017-11-24 19:55:53 EXEC SPC_COM_GET_COMBOBOX 'bank_div';
2017-11-24 19:55:53 EXEC SPC_COM_GET_COMBOBOX 'unit_q_div';
2017-11-24 19:55:53 EXEC SPC_COM_GET_COMBOBOX 'sales_detail_div';
2017-11-24 19:55:53 EXEC SPC_COM_GET_COMBOBOX 'unit_w_div';
2017-11-24 19:55:53 EXEC SPC_COM_GET_COMBOBOX 'unit_m_div';
2017-11-24 19:58:45 EXEC SPC_COM_GET_COMBOBOX 'port_city_div';
2017-11-24 19:58:45 EXEC SPC_COM_GET_COMBOBOX 'port_country_div';
2017-11-24 19:58:45 EXEC SPC_COM_GET_COMBOBOX 'trade_terms_div';
2017-11-24 19:58:45 EXEC SPC_COM_GET_COMBOBOX 'payment_conditions_div';
2017-11-24 19:58:45 EXEC SPC_COM_GET_COMBOBOX 'currency_div';
2017-11-24 19:58:46 EXEC SPC_COM_GET_COMBOBOX 'bank_div';
2017-11-24 19:58:46 EXEC SPC_COM_GET_COMBOBOX 'unit_w_div';
2017-11-24 19:58:46 EXEC SPC_COM_GET_COMBOBOX 'unit_q_div';
2017-11-24 19:58:46 EXEC SPC_COM_GET_COMBOBOX 'sales_detail_div';
2017-11-24 19:58:46 EXEC SPC_COM_GET_COMBOBOX 'unit_m_div';
2017-11-24 20:00:21 EXEC SPC_COM_GET_COMBOBOX 'port_city_div';
2017-11-24 20:00:21 EXEC SPC_COM_GET_COMBOBOX 'payment_conditions_div';
2017-11-24 20:00:21 EXEC SPC_COM_GET_COMBOBOX 'currency_div';
2017-11-24 20:00:21 EXEC SPC_COM_GET_COMBOBOX 'shipment_div';
2017-11-24 20:00:21 EXEC SPC_COM_GET_COMBOBOX 'trade_terms_div';
2017-11-24 20:00:21 EXEC SPC_COM_GET_COMBOBOX 'port_country_div';
2017-11-24 20:00:21 EXEC SPC_COM_GET_COMBOBOX 'unit_m_div';
2017-11-24 20:00:22 EXEC SPC_COM_GET_COMBOBOX 'unit_w_div';
2017-11-24 20:00:22 EXEC SPC_COM_GET_COMBOBOX 'unit_q_div';
2017-11-24 20:00:22 EXEC SPC_COM_GET_COMBOBOX 'sales_detail_div';
2017-11-24 20:00:22 EXEC SPC_COM_GET_COMBOBOX 'bank_div';
2017-11-24 20:01:48 EXEC SPC_COM_GET_COMBOBOX 'trade_terms_div';
2017-11-24 20:01:48 EXEC SPC_COM_GET_COMBOBOX 'currency_div';
2017-11-24 20:01:48 EXEC SPC_COM_GET_COMBOBOX 'port_city_div';
2017-11-24 20:01:48 EXEC SPC_COM_GET_COMBOBOX 'shipment_div';
2017-11-24 20:01:48 EXEC SPC_COM_GET_COMBOBOX 'payment_conditions_div';
2017-11-24 20:01:48 EXEC SPC_COM_GET_COMBOBOX 'port_country_div';
2017-11-24 20:01:48 EXEC SPC_COM_GET_COMBOBOX 'unit_w_div';
2017-11-24 20:01:48 EXEC SPC_COM_GET_COMBOBOX 'unit_q_div';
2017-11-24 20:01:49 EXEC SPC_COM_GET_COMBOBOX 'unit_m_div';
2017-11-24 20:01:49 EXEC SPC_COM_GET_COMBOBOX 'bank_div';
2017-11-24 20:01:49 EXEC SPC_COM_GET_COMBOBOX 'sales_detail_div';
2017-11-24 20:02:20 EXEC SPC_COM_GET_COMBOBOX 'trade_terms_div';
2017-11-24 20:02:20 EXEC SPC_COM_GET_COMBOBOX 'port_city_div';
2017-11-24 20:02:20 EXEC SPC_COM_GET_COMBOBOX 'shipment_div';
2017-11-24 20:02:20 EXEC SPC_COM_GET_COMBOBOX 'port_country_div';
2017-11-24 20:02:20 EXEC SPC_COM_GET_COMBOBOX 'payment_conditions_div';
2017-11-24 20:02:20 EXEC SPC_COM_GET_COMBOBOX 'currency_div';
2017-11-24 20:02:21 EXEC SPC_COM_GET_COMBOBOX 'unit_m_div';
2017-11-24 20:02:21 EXEC SPC_COM_GET_COMBOBOX 'unit_w_div';
2017-11-24 20:02:21 EXEC SPC_COM_GET_COMBOBOX 'bank_div';
2017-11-24 20:02:21 EXEC SPC_COM_GET_COMBOBOX 'unit_q_div';
2017-11-24 20:02:21 EXEC SPC_COM_GET_COMBOBOX 'sales_detail_div';
