2017-12-06 10:30:31 EXEC SPC_COM_GET_COMBOBOX 'port_country_div';
2017-12-06 10:30:31 EXEC SPC_COM_GET_COMBOBOX 'port_city_div';
2017-12-06 10:30:31 EXEC SPC_COM_GET_COMBOBOX 'shipment_div';
2017-12-06 10:30:31 EXEC SPC_COM_GET_COMBOBOX 'currency_div';
2017-12-06 10:30:31 EXEC SPC_COM_GET_COMBOBOX 'trade_terms_div';
2017-12-06 10:30:31 EXEC SPC_COM_GET_COMBOBOX 'payment_conditions_div';
2017-12-06 10:30:32 EXEC SPC_COM_GET_COMBOBOX 'unit_w_div';
2017-12-06 10:30:32 EXEC SPC_COM_GET_COMBOBOX 'unit_m_div';
2017-12-06 10:30:32 EXEC SPC_COM_GET_COMBOBOX 'unit_q_div';
2017-12-06 10:30:32 EXEC SPC_COM_GET_COMBOBOX 'sales_detail_div';
2017-12-06 10:30:33 EXEC SPC_COM_GET_COMBOBOX 'bank_div';
2017-12-06 10:32:30 EXEC SPC_COM_GET_COMBOBOX 'port_city_div';
2017-12-06 10:32:30 EXEC SPC_COM_GET_COMBOBOX 'shipment_div';
2017-12-06 10:32:30 EXEC SPC_COM_GET_COMBOBOX 'trade_terms_div';
2017-12-06 10:32:30 EXEC SPC_COM_GET_COMBOBOX 'port_country_div';
2017-12-06 10:32:30 EXEC SPC_COM_GET_COMBOBOX 'unit_m_div';
2017-12-06 10:32:30 EXEC SPC_COM_GET_COMBOBOX 'unit_q_div';
2017-12-06 10:32:30 EXEC SPC_COM_GET_COMBOBOX 'unit_w_div';
2017-12-06 10:32:30 EXEC SPC_COM_GET_COMBOBOX 'sales_detail_div';
2017-12-06 10:32:31 EXEC SPC_COM_GET_COMBOBOX 'bank_div';
2017-12-06 10:32:31 EXEC SPC_COM_GET_COMBOBOX 'payment_conditions_div';
2017-12-06 10:32:31 EXEC SPC_COM_GET_COMBOBOX 'currency_div';
2017-12-06 11:00:56 EXEC SPC_COM_GET_COMBOBOX 'port_country_div';
2017-12-06 11:00:57 EXEC SPC_COM_GET_COMBOBOX 'port_city_div';
2017-12-06 11:00:57 EXEC SPC_COM_GET_COMBOBOX 'shipment_div';
2017-12-06 11:00:57 EXEC SPC_COM_GET_COMBOBOX 'currency_div';
2017-12-06 11:00:57 EXEC SPC_COM_GET_COMBOBOX 'trade_terms_div';
2017-12-06 11:00:57 EXEC SPC_COM_GET_COMBOBOX 'payment_conditions_div';
2017-12-06 11:00:57 EXEC SPC_COM_GET_COMBOBOX 'unit_q_div';
2017-12-06 11:00:57 EXEC SPC_COM_GET_COMBOBOX 'unit_w_div';
2017-12-06 11:00:57 EXEC SPC_COM_GET_COMBOBOX 'unit_m_div';
2017-12-06 11:00:58 EXEC SPC_COM_GET_COMBOBOX 'bank_div';
2017-12-06 11:00:58 EXEC SPC_COM_GET_COMBOBOX 'sales_detail_div';
2017-12-06 11:33:10 EXEC SPC_COM_GET_COMBOBOX 'currency_div';
2017-12-06 11:33:11 EXEC SPC_COM_GET_COMBOBOX 'port_city_div';
2017-12-06 11:33:11 EXEC SPC_COM_GET_COMBOBOX 'trade_terms_div';
2017-12-06 11:33:11 EXEC SPC_COM_GET_COMBOBOX 'payment_conditions_div';
2017-12-06 11:33:11 EXEC SPC_COM_GET_COMBOBOX 'shipment_div';
2017-12-06 11:33:11 EXEC SPC_COM_GET_COMBOBOX 'unit_q_div';
2017-12-06 11:33:11 EXEC SPC_COM_GET_COMBOBOX 'unit_m_div';
2017-12-06 11:33:11 EXEC SPC_COM_GET_COMBOBOX 'unit_w_div';
2017-12-06 11:33:11 EXEC SPC_COM_GET_COMBOBOX 'bank_div';
2017-12-06 11:33:12 EXEC SPC_COM_GET_COMBOBOX 'sales_detail_div';
2017-12-06 11:33:12 EXEC SPC_COM_GET_COMBOBOX 'port_country_div';
2017-12-06 11:34:43 EXEC SPC_COM_GET_COMBOBOX 'port_country_div';
2017-12-06 11:34:43 EXEC SPC_COM_GET_COMBOBOX 'payment_conditions_div';
2017-12-06 11:34:43 EXEC SPC_COM_GET_COMBOBOX 'shipment_div';
2017-12-06 11:34:43 EXEC SPC_COM_GET_COMBOBOX 'port_city_div';
2017-12-06 11:34:43 EXEC SPC_COM_GET_COMBOBOX 'trade_terms_div';
2017-12-06 11:34:44 EXEC SPC_COM_GET_COMBOBOX 'unit_w_div';
2017-12-06 11:34:44 EXEC SPC_COM_GET_COMBOBOX 'bank_div';
2017-12-06 11:34:44 EXEC SPC_COM_GET_COMBOBOX 'sales_detail_div';
2017-12-06 11:34:44 EXEC SPC_COM_GET_COMBOBOX 'unit_m_div';
2017-12-06 11:34:44 EXEC SPC_COM_GET_COMBOBOX 'unit_q_div';
2017-12-06 11:36:17 EXEC SPC_COM_GET_COMBOBOX 'port_country_div';
2017-12-06 11:36:17 EXEC SPC_COM_GET_COMBOBOX 'payment_conditions_div';
2017-12-06 11:36:17 EXEC SPC_COM_GET_COMBOBOX 'trade_terms_div';
2017-12-06 11:36:17 EXEC SPC_COM_GET_COMBOBOX 'shipment_div';
2017-12-06 11:36:17 EXEC SPC_COM_GET_COMBOBOX 'currency_div';
2017-12-06 11:36:17 EXEC SPC_COM_GET_COMBOBOX 'port_city_div';
2017-12-06 11:36:18 EXEC SPC_COM_GET_COMBOBOX 'unit_w_div';
2017-12-06 11:36:18 EXEC SPC_COM_GET_COMBOBOX 'unit_q_div';
2017-12-06 11:36:18 EXEC SPC_COM_GET_COMBOBOX 'unit_m_div';
2017-12-06 11:36:18 EXEC SPC_COM_GET_COMBOBOX 'bank_div';
2017-12-06 11:36:18 EXEC SPC_COM_GET_COMBOBOX 'sales_detail_div';
2017-12-06 11:38:35 EXEC SPC_COM_GET_COMBOBOX 'port_country_div';
2017-12-06 11:38:35 EXEC SPC_COM_GET_COMBOBOX 'port_city_div';
2017-12-06 11:38:35 EXEC SPC_COM_GET_COMBOBOX 'shipment_div';
2017-12-06 11:38:35 EXEC SPC_COM_GET_COMBOBOX 'currency_div';
2017-12-06 11:38:35 EXEC SPC_COM_GET_COMBOBOX 'payment_conditions_div';
2017-12-06 11:38:35 EXEC SPC_COM_GET_COMBOBOX 'trade_terms_div';
2017-12-06 11:38:36 EXEC SPC_COM_GET_COMBOBOX 'unit_m_div';
2017-12-06 11:38:36 EXEC SPC_COM_GET_COMBOBOX 'bank_div';
2017-12-06 11:38:36 EXEC SPC_COM_GET_COMBOBOX 'unit_w_div';
2017-12-06 11:38:36 EXEC SPC_COM_GET_COMBOBOX 'unit_q_div';
2017-12-06 11:38:36 EXEC SPC_COM_GET_COMBOBOX 'sales_detail_div';
2017-12-06 11:38:50 EXEC SPC_COM_GET_COMBOBOX 'payment_conditions_div';
2017-12-06 11:38:50 EXEC SPC_COM_GET_COMBOBOX 'port_city_div';
2017-12-06 11:38:50 EXEC SPC_COM_GET_COMBOBOX 'shipment_div';
2017-12-06 11:38:50 EXEC SPC_COM_GET_COMBOBOX 'trade_terms_div';
2017-12-06 11:38:50 EXEC SPC_COM_GET_COMBOBOX 'currency_div';
2017-12-06 11:38:50 EXEC SPC_COM_GET_COMBOBOX 'port_country_div';
2017-12-06 11:38:50 EXEC SPC_COM_GET_COMBOBOX 'unit_w_div';
2017-12-06 11:38:50 EXEC SPC_COM_GET_COMBOBOX 'unit_q_div';
2017-12-06 11:38:50 EXEC SPC_COM_GET_COMBOBOX 'sales_detail_div';
2017-12-06 11:38:50 EXEC SPC_COM_GET_COMBOBOX 'unit_m_div';
2017-12-06 11:38:50 EXEC SPC_COM_GET_COMBOBOX 'bank_div';
2017-12-06 11:39:48 EXEC SPC_COM_GET_COMBOBOX 'shipment_div';
2017-12-06 11:39:48 EXEC SPC_COM_GET_COMBOBOX 'port_city_div';
2017-12-06 11:39:48 EXEC SPC_COM_GET_COMBOBOX 'payment_conditions_div';
2017-12-06 11:39:48 EXEC SPC_COM_GET_COMBOBOX 'trade_terms_div';
2017-12-06 11:39:48 EXEC SPC_COM_GET_COMBOBOX 'currency_div';
2017-12-06 11:39:48 EXEC SPC_COM_GET_COMBOBOX 'port_country_div';
2017-12-06 11:39:49 EXEC SPC_COM_GET_COMBOBOX 'unit_q_div';
2017-12-06 11:39:49 EXEC SPC_COM_GET_COMBOBOX 'sales_detail_div';
2017-12-06 11:39:49 EXEC SPC_COM_GET_COMBOBOX 'unit_m_div';
2017-12-06 11:39:49 EXEC SPC_COM_GET_COMBOBOX 'bank_div';
2017-12-06 11:39:49 EXEC SPC_COM_GET_COMBOBOX 'unit_w_div';
2017-12-06 11:42:18 EXEC SPC_COM_GET_COMBOBOX 'port_country_div';
2017-12-06 11:42:19 EXEC SPC_COM_GET_COMBOBOX 'port_city_div';
2017-12-06 11:42:19 EXEC SPC_COM_GET_COMBOBOX 'payment_conditions_div';
2017-12-06 11:42:19 EXEC SPC_COM_GET_COMBOBOX 'shipment_div';
2017-12-06 11:42:19 EXEC SPC_COM_GET_COMBOBOX 'currency_div';
2017-12-06 11:42:19 EXEC SPC_COM_GET_COMBOBOX 'trade_terms_div';
2017-12-06 11:42:19 EXEC SPC_COM_GET_COMBOBOX 'unit_q_div';
2017-12-06 11:42:19 EXEC SPC_COM_GET_COMBOBOX 'unit_m_div';
2017-12-06 11:42:19 EXEC SPC_COM_GET_COMBOBOX 'bank_div';
2017-12-06 11:42:19 EXEC SPC_COM_GET_COMBOBOX 'sales_detail_div';
2017-12-06 11:42:19 EXEC SPC_COM_GET_COMBOBOX 'unit_w_div';
2017-12-06 11:42:58 EXEC SPC_COM_GET_COMBOBOX 'port_city_div';
2017-12-06 11:42:58 EXEC SPC_COM_GET_COMBOBOX 'payment_conditions_div';
2017-12-06 11:42:58 EXEC SPC_COM_GET_COMBOBOX 'port_country_div';
2017-12-06 11:42:58 EXEC SPC_COM_GET_COMBOBOX 'trade_terms_div';
2017-12-06 11:42:58 EXEC SPC_COM_GET_COMBOBOX 'shipment_div';
2017-12-06 11:42:58 EXEC SPC_COM_GET_COMBOBOX 'currency_div';
2017-12-06 11:42:59 EXEC SPC_COM_GET_COMBOBOX 'unit_q_div';
2017-12-06 11:42:59 EXEC SPC_COM_GET_COMBOBOX 'unit_w_div';
2017-12-06 11:42:59 EXEC SPC_COM_GET_COMBOBOX 'sales_detail_div';
2017-12-06 11:42:59 EXEC SPC_COM_GET_COMBOBOX 'unit_m_div';
2017-12-06 11:42:59 EXEC SPC_COM_GET_COMBOBOX 'bank_div';
2017-12-06 11:44:08 EXEC SPC_COM_GET_COMBOBOX 'port_city_div';

2017-12-06 11:44:08 EXEC SPC_COM_GET_COMBOBOX 'currency_div';
2017-12-06 11:44:08 EXEC SPC_COM_GET_COMBOBOX 'port_country_div';
2017-12-06 11:44:08 EXEC SPC_COM_GET_COMBOBOX 'shipment_div';
2017-12-06 11:44:08 EXEC SPC_COM_GET_COMBOBOX 'payment_conditions_div';
2017-12-06 11:44:08 EXEC SPC_COM_GET_COMBOBOX 'unit_q_div';
2017-12-06 11:44:08 EXEC SPC_COM_GET_COMBOBOX 'bank_div';
2017-12-06 11:44:08 EXEC SPC_COM_GET_COMBOBOX 'unit_w_div';
2017-12-06 11:44:08 EXEC SPC_COM_GET_COMBOBOX 'sales_detail_div';
2017-12-06 11:44:08 EXEC SPC_COM_GET_COMBOBOX 'unit_m_div';
2017-12-06 11:44:51 EXEC SPC_COM_GET_COMBOBOX 'port_city_div';
2017-12-06 11:44:51 EXEC SPC_COM_GET_COMBOBOX 'port_country_div';
2017-12-06 11:44:51 EXEC SPC_COM_GET_COMBOBOX 'currency_div';
2017-12-06 11:44:52 EXEC SPC_COM_GET_COMBOBOX 'payment_conditions_div';
2017-12-06 11:44:52 EXEC SPC_COM_GET_COMBOBOX 'shipment_div';
2017-12-06 11:44:52 EXEC SPC_COM_GET_COMBOBOX 'trade_terms_div';
2017-12-06 11:44:52 EXEC SPC_COM_GET_COMBOBOX 'unit_q_div';
2017-12-06 11:44:52 EXEC SPC_COM_GET_COMBOBOX 'unit_w_div';
2017-12-06 11:44:52 EXEC SPC_COM_GET_COMBOBOX 'bank_div';
2017-12-06 11:44:52 EXEC SPC_COM_GET_COMBOBOX 'unit_m_div';
2017-12-06 11:44:52 EXEC SPC_COM_GET_COMBOBOX 'sales_detail_div';
2017-12-06 11:45:00 EXEC SPC_COM_GET_COMBOBOX 'port_country_div';
2017-12-06 11:45:00 EXEC SPC_COM_GET_COMBOBOX 'currency_div';
2017-12-06 11:45:00 EXEC SPC_COM_GET_COMBOBOX 'trade_terms_div';
2017-12-06 11:45:00 EXEC SPC_COM_GET_COMBOBOX 'port_city_div';
2017-12-06 11:45:00 EXEC SPC_COM_GET_COMBOBOX 'payment_conditions_div';
2017-12-06 11:45:00 EXEC SPC_COM_GET_COMBOBOX 'shipment_div';
2017-12-06 11:45:00 EXEC SPC_COM_GET_COMBOBOX 'unit_q_div';
2017-12-06 11:45:00 EXEC SPC_COM_GET_COMBOBOX 'unit_m_div';
2017-12-06 11:45:00 EXEC SPC_COM_GET_COMBOBOX 'unit_w_div';
2017-12-06 11:45:00 EXEC SPC_COM_GET_COMBOBOX 'sales_detail_div';
2017-12-06 11:45:00 EXEC SPC_COM_GET_COMBOBOX 'bank_div';
2017-12-06 11:46:05 EXEC SPC_COM_GET_COMBOBOX 'trade_terms_div';
2017-12-06 11:46:05 EXEC SPC_COM_GET_COMBOBOX 'currency_div';
2017-12-06 11:46:05 EXEC SPC_COM_GET_COMBOBOX 'payment_conditions_div';
2017-12-06 11:46:05 EXEC SPC_COM_GET_COMBOBOX 'shipment_div';
2017-12-06 11:46:05 EXEC SPC_COM_GET_COMBOBOX 'port_city_div';
2017-12-06 11:46:05 EXEC SPC_COM_GET_COMBOBOX 'port_country_div';
2017-12-06 11:46:06 EXEC SPC_COM_GET_COMBOBOX 'bank_div';
2017-12-06 11:46:06 EXEC SPC_COM_GET_COMBOBOX 'unit_q_div';
2017-12-06 11:46:06 EXEC SPC_COM_GET_COMBOBOX 'unit_w_div';
2017-12-06 11:46:06 EXEC SPC_COM_GET_COMBOBOX 'sales_detail_div';
2017-12-06 11:46:06 EXEC SPC_COM_GET_COMBOBOX 'unit_m_div';
2017-12-06 11:46:35 EXEC SPC_COM_GET_COMBOBOX 'port_city_div';
2017-12-06 11:46:35 EXEC SPC_COM_GET_COMBOBOX 'trade_terms_div';
2017-12-06 11:46:35 EXEC SPC_COM_GET_COMBOBOX 'port_country_div';
2017-12-06 11:46:35 EXEC SPC_COM_GET_COMBOBOX 'currency_div';
2017-12-06 11:46:35 EXEC SPC_COM_GET_COMBOBOX 'shipment_div';
2017-12-06 11:46:35 EXEC SPC_COM_GET_COMBOBOX 'payment_conditions_div';
2017-12-06 11:46:36 EXEC SPC_COM_GET_COMBOBOX 'sales_detail_div';
2017-12-06 11:46:36 EXEC SPC_COM_GET_COMBOBOX 'unit_q_div';
2017-12-06 11:46:36 EXEC SPC_COM_GET_COMBOBOX 'bank_div';
2017-12-06 11:46:36 EXEC SPC_COM_GET_COMBOBOX 'unit_m_div';
2017-12-06 11:46:58 EXEC SPC_COM_GET_COMBOBOX 'port_city_div';
2017-12-06 11:46:58 EXEC SPC_COM_GET_COMBOBOX 'trade_terms_div';
2017-12-06 11:46:58 EXEC SPC_COM_GET_COMBOBOX 'port_country_div';
2017-12-06 11:46:58 EXEC SPC_COM_GET_COMBOBOX 'shipment_div';
2017-12-06 11:46:58 EXEC SPC_COM_GET_COMBOBOX 'currency_div';
2017-12-06 11:46:58 EXEC SPC_COM_GET_COMBOBOX 'payment_conditions_div';
2017-12-06 11:46:58 EXEC SPC_COM_GET_COMBOBOX 'unit_m_div';
2017-12-06 11:46:58 EXEC SPC_COM_GET_COMBOBOX 'unit_q_div';
2017-12-06 11:46:59 EXEC SPC_COM_GET_COMBOBOX 'unit_w_div';
2017-12-06 11:46:59 EXEC SPC_COM_GET_COMBOBOX 'sales_detail_div';
2017-12-06 11:46:59 EXEC SPC_COM_GET_COMBOBOX 'bank_div';
2017-12-06 11:56:38 EXEC SPC_COM_GET_COMBOBOX 'port_country_div';
2017-12-06 11:56:38 EXEC SPC_COM_GET_COMBOBOX 'unit_q_div';
2017-12-06 11:56:39 EXEC SPC_COM_GET_COMBOBOX 'port_city_div';
2017-12-06 11:56:39 EXEC SPC_COM_GET_COMBOBOX 'currency_div';
2017-12-06 11:56:39 EXEC SPC_COM_GET_COMBOBOX 'shipment_div';
2017-12-06 11:56:39 EXEC SPC_COM_GET_COMBOBOX 'payment_conditions_div';
2017-12-06 11:56:39 EXEC SPC_COM_GET_COMBOBOX 'trade_terms_div';
2017-12-06 11:56:39 EXEC SPC_COM_GET_COMBOBOX 'unit_w_div';
2017-12-06 11:56:39 EXEC SPC_COM_GET_COMBOBOX 'bank_div';
2017-12-06 11:56:39 EXEC SPC_COM_GET_COMBOBOX 'unit_m_div';
2017-12-06 11:56:39 EXEC SPC_COM_GET_COMBOBOX 'sales_detail_div';
2017-12-06 12:20:19 EXEC SPC_COM_GET_COMBOBOX 'port_country_div';
2017-12-06 12:20:20 EXEC SPC_COM_GET_COMBOBOX 'shipment_div';
2017-12-06 12:20:20 EXEC SPC_COM_GET_COMBOBOX 'port_city_div';
2017-12-06 12:20:20 EXEC SPC_COM_GET_COMBOBOX 'unit_q_div';
2017-12-06 12:20:20 EXEC SPC_COM_GET_COMBOBOX 'payment_conditions_div';
2017-12-06 12:20:20 EXEC SPC_COM_GET_COMBOBOX 'currency_div';
2017-12-06 12:20:20 EXEC SPC_COM_GET_COMBOBOX 'unit_w_div';
2017-12-06 12:20:20 EXEC SPC_COM_GET_COMBOBOX 'trade_terms_div';
2017-12-06 12:20:21 EXEC SPC_COM_GET_COMBOBOX 'unit_m_div';
2017-12-06 12:20:21 EXEC SPC_COM_GET_COMBOBOX 'sales_detail_div';
2017-12-06 12:20:21 EXEC SPC_COM_GET_COMBOBOX 'bank_div';
2017-12-06 12:22:03 EXEC SPC_COM_GET_COMBOBOX 'trade_terms_div';
2017-12-06 12:22:03 EXEC SPC_COM_GET_COMBOBOX 'shipment_div';
2017-12-06 12:22:03 EXEC SPC_COM_GET_COMBOBOX 'port_country_div';
2017-12-06 12:22:03 EXEC SPC_COM_GET_COMBOBOX 'currency_div';
2017-12-06 12:22:03 EXEC SPC_COM_GET_COMBOBOX 'payment_conditions_div';
2017-12-06 12:22:03 EXEC SPC_COM_GET_COMBOBOX 'port_city_div';
2017-12-06 12:22:04 EXEC SPC_COM_GET_COMBOBOX 'unit_w_div';
2017-12-06 12:22:04 EXEC SPC_COM_GET_COMBOBOX 'bank_div';
2017-12-06 12:22:04 EXEC SPC_COM_GET_COMBOBOX 'unit_q_div';
2017-12-06 12:22:04 EXEC SPC_COM_GET_COMBOBOX 'sales_detail_div';
2017-12-06 12:23:24 EXEC SPC_COM_GET_COMBOBOX 'port_country_div';
2017-12-06 12:23:24 EXEC SPC_COM_GET_COMBOBOX 'shipment_div';
2017-12-06 12:23:25 EXEC SPC_COM_GET_COMBOBOX 'payment_conditions_div';
2017-12-06 12:23:25 EXEC SPC_COM_GET_COMBOBOX 'trade_terms_div';
2017-12-06 12:23:25 EXEC SPC_COM_GET_COMBOBOX 'currency_div';
2017-12-06 12:23:25 EXEC SPC_COM_GET_COMBOBOX 'port_city_div';
2017-12-06 12:23:25 EXEC SPC_COM_GET_COMBOBOX 'unit_w_div';
2017-12-06 12:23:25 EXEC SPC_COM_GET_COMBOBOX 'unit_q_div';
2017-12-06 12:23:25 EXEC SPC_COM_GET_COMBOBOX 'unit_m_div';
2017-12-06 12:23:25 EXEC SPC_COM_GET_COMBOBOX 'bank_div';
2017-12-06 12:23:25 EXEC SPC_COM_GET_COMBOBOX 'sales_detail_div';
2017-12-06 12:25:26 EXEC SPC_COM_GET_COMBOBOX 'shipment_div';
2017-12-06 12:25:26 EXEC SPC_COM_GET_COMBOBOX 'port_country_div';
2017-12-06 12:25:26 EXEC SPC_COM_GET_COMBOBOX 'port_city_div';
2017-12-06 12:25:26 EXEC SPC_COM_GET_COMBOBOX 'currency_div';
2017-12-06 12:25:27 EXEC SPC_COM_GET_COMBOBOX 'payment_conditions_div';
2017-12-06 12:25:27 EXEC SPC_COM_GET_COMBOBOX 'trade_terms_div';
2017-12-06 12:25:27 EXEC SPC_COM_GET_COMBOBOX 'sales_detail_div';
2017-12-06 12:25:27 EXEC SPC_COM_GET_COMBOBOX 'unit_w_div';
2017-12-06 12:25:27 EXEC SPC_COM_GET_COMBOBOX 'unit_q_div';
2017-12-06 12:25:27 EXEC SPC_COM_GET_COMBOBOX 'unit_m_div';
2017-12-06 12:25:27 EXEC SPC_COM_GET_COMBOBOX 'bank_div';
2017-12-06 15:04:05 EXEC SPC_COM_GET_COMBOBOX 'port_city_div';
2017-12-06 15:04:06 EXEC SPC_COM_GET_COMBOBOX 'shipment_div';
2017-12-06 15:04:06 EXEC SPC_COM_GET_COMBOBOX 'trade_terms_div';
2017-12-06 15:04:06 EXEC SPC_COM_GET_COMBOBOX 'port_country_div';
2017-12-06 15:04:06 EXEC SPC_COM_GET_COMBOBOX 'payment_conditions_div';
2017-12-06 15:04:06 EXEC SPC_COM_GET_COMBOBOX 'currency_div';
2017-12-06 15:04:06 EXEC SPC_COM_GET_COMBOBOX 'unit_q_div';
2017-12-06 15:04:06 EXEC SPC_COM_GET_COMBOBOX 'unit_m_div';
2017-12-06 15:04:06 EXEC SPC_COM_GET_COMBOBOX 'unit_w_div';
2017-12-06 15:04:06 EXEC SPC_COM_GET_COMBOBOX 'sales_detail_div';
2017-12-06 15:04:06 EXEC SPC_COM_GET_COMBOBOX 'bank_div';
2017-12-06 15:29:20 EXEC SPC_COM_GET_COMBOBOX 'port_country_div';
2017-12-06 15:29:20 EXEC SPC_COM_GET_COMBOBOX 'trade_terms_div';
2017-12-06 15:29:20 EXEC SPC_COM_GET_COMBOBOX 'payment_conditions_div';
2017-12-06 15:29:20 EXEC SPC_COM_GET_COMBOBOX 'port_city_div';
2017-12-06 15:29:20 EXEC SPC_COM_GET_COMBOBOX 'currency_div';
2017-12-06 15:29:20 EXEC SPC_COM_GET_COMBOBOX 'shipment_div';
2017-12-06 15:29:20 EXEC SPC_COM_GET_COMBOBOX 'unit_q_div';
2017-12-06 15:29:21 EXEC SPC_COM_GET_COMBOBOX 'unit_w_div';
2017-12-06 15:29:21 EXEC SPC_COM_GET_COMBOBOX 'sales_detail_div';
2017-12-06 15:29:21 EXEC SPC_COM_GET_COMBOBOX 'unit_m_div';
2017-12-06 15:29:21 EXEC SPC_COM_GET_COMBOBOX 'bank_div';
2017-12-06 15:29:34 EXEC SPC_073_LOGIN_ACT1 '001','123456';
2017-12-06 15:29:34 EXEC SPC_GET_CONSTANT '';
2017-12-06 15:29:41 EXEC SPC_COM_GET_COMBOBOX 'payment_conditions_div';
2017-12-06 15:29:41 EXEC SPC_COM_GET_COMBOBOX 'port_country_div';
2017-12-06 15:29:41 EXEC SPC_COM_GET_COMBOBOX 'currency_div';
2017-12-06 15:29:41 EXEC SPC_COM_GET_COMBOBOX 'port_city_div';
2017-12-06 15:29:41 EXEC SPC_COM_GET_COMBOBOX 'shipment_div';
2017-12-06 15:29:41 EXEC SPC_COM_GET_COMBOBOX 'trade_terms_div';
2017-12-06 15:29:42 EXEC SPC_COM_GET_COMBOBOX 'bank_div';
2017-12-06 15:29:42 EXEC SPC_COM_GET_COMBOBOX 'unit_q_div';
2017-12-06 15:29:42 EXEC SPC_COM_GET_COMBOBOX 'sales_detail_div';
2017-12-06 15:29:42 EXEC SPC_COM_GET_COMBOBOX 'unit_m_div';
2017-12-06 15:29:42 EXEC SPC_COM_GET_COMBOBOX 'unit_w_div';
2017-12-06 15:30:12 EXEC SPC_COM_GET_COMBOBOX 'currency_div';
2017-12-06 15:30:12 EXEC SPC_COM_GET_COMBOBOX 'port_city_div';
2017-12-06 15:30:12 EXEC SPC_COM_GET_COMBOBOX 'shipment_div';
2017-12-06 15:30:12 EXEC SPC_COM_GET_COMBOBOX 'trade_terms_div';
2017-12-06 15:30:12 EXEC SPC_COM_GET_COMBOBOX 'payment_conditions_div';
2017-12-06 15:30:12 EXEC SPC_COM_GET_COMBOBOX 'port_country_div';
2017-12-06 15:30:13 EXEC SPC_COM_GET_COMBOBOX 'unit_w_div';
2017-12-06 15:30:13 EXEC SPC_COM_GET_COMBOBOX 'unit_q_div';
2017-12-06 15:30:13 EXEC SPC_COM_GET_COMBOBOX 'bank_div';
2017-12-06 15:30:13 EXEC SPC_COM_GET_COMBOBOX 'sales_detail_div';
2017-12-06 15:30:13 EXEC SPC_COM_GET_COMBOBOX 'unit_m_div';
2017-12-06 15:46:57 EXEC SPC_COM_GET_COMBOBOX 'port_country_div';
2017-12-06 15:46:57 EXEC SPC_COM_GET_COMBOBOX 'shipment_div';
2017-12-06 15:46:57 EXEC SPC_COM_GET_COMBOBOX 'payment_conditions_div';
2017-12-06 15:46:58 EXEC SPC_COM_GET_COMBOBOX 'port_city_div';
2017-12-06 15:46:58 EXEC SPC_COM_GET_COMBOBOX 'trade_terms_div';
2017-12-06 15:46:58 EXEC SPC_COM_GET_COMBOBOX 'currency_div';
2017-12-06 15:46:58 EXEC SPC_COM_GET_COMBOBOX 'unit_q_div';
2017-12-06 15:46:58 EXEC SPC_COM_GET_COMBOBOX 'bank_div';
2017-12-06 15:46:58 EXEC SPC_COM_GET_COMBOBOX 'unit_m_div';
2017-12-06 15:46:58 EXEC SPC_COM_GET_COMBOBOX 'unit_w_div';
2017-12-06 15:46:58 EXEC SPC_COM_GET_COMBOBOX 'sales_detail_div';
2017-12-06 15:47:46 EXEC SPC_COM_GET_COMBOBOX 'shipment_div';
2017-12-06 15:47:46 EXEC SPC_COM_GET_COMBOBOX 'payment_conditions_div';
2017-12-06 15:47:46 EXEC SPC_COM_GET_COMBOBOX 'trade_terms_div';
2017-12-06 15:47:46 EXEC SPC_COM_GET_COMBOBOX 'port_country_div';
2017-12-06 15:47:46 EXEC SPC_COM_GET_COMBOBOX 'port_city_div';
2017-12-06 15:47:46 EXEC SPC_COM_GET_COMBOBOX 'currency_div';
2017-12-06 15:47:47 EXEC SPC_COM_GET_COMBOBOX 'unit_q_div';
2017-12-06 15:47:47 EXEC SPC_COM_GET_COMBOBOX 'unit_w_div';
2017-12-06 15:47:47 EXEC SPC_COM_GET_COMBOBOX 'unit_m_div';
2017-12-06 15:47:47 EXEC SPC_COM_GET_COMBOBOX 'bank_div';
2017-12-06 15:47:47 EXEC SPC_COM_GET_COMBOBOX 'sales_detail_div';
2017-12-06 15:47:47 EXEC SPC_GET_TAX_RATE '';
2017-12-06 15:48:16 EXEC SPC_COM_GET_COMBOBOX 'port_city_div';
2017-12-06 15:48:16 EXEC SPC_COM_GET_COMBOBOX 'port_country_div';
2017-12-06 15:48:16 EXEC SPC_COM_GET_COMBOBOX 'currency_div';
2017-12-06 15:48:16 EXEC SPC_COM_GET_COMBOBOX 'payment_conditions_div';
2017-12-06 15:48:16 EXEC SPC_COM_GET_COMBOBOX 'trade_terms_div';
2017-12-06 15:48:17 EXEC SPC_COM_GET_COMBOBOX 'unit_q_div';
2017-12-06 15:48:17 EXEC SPC_COM_GET_COMBOBOX 'sales_detail_div';
2017-12-06 15:48:17 EXEC SPC_COM_GET_COMBOBOX 'bank_div';
2017-12-06 15:48:17 EXEC SPC_COM_GET_COMBOBOX 'unit_m_div';
2017-12-06 15:48:17 EXEC SPC_COM_GET_COMBOBOX 'unit_w_div';
2017-12-06 15:48:17 EXEC SPC_GET_TAX_RATE '';
2017-12-06 15:48:41 EXEC SPC_COM_GET_COMBOBOX 'trade_terms_div';
2017-12-06 15:48:41 EXEC SPC_COM_GET_COMBOBOX 'port_country_div';
2017-12-06 15:48:41 EXEC SPC_COM_GET_COMBOBOX 'shipment_div';
2017-12-06 15:48:41 EXEC SPC_COM_GET_COMBOBOX 'port_city_div';
2017-12-06 15:48:41 EXEC SPC_COM_GET_COMBOBOX 'payment_conditions_div';
2017-12-06 15:48:41 EXEC SPC_COM_GET_COMBOBOX 'currency_div';
2017-12-06 15:48:42 EXEC SPC_COM_GET_COMBOBOX 'unit_w_div';
2017-12-06 15:48:42 EXEC SPC_COM_GET_COMBOBOX 'bank_div';
2017-12-06 15:48:42 EXEC SPC_COM_GET_COMBOBOX 'unit_q_div';
2017-12-06 15:48:42 EXEC SPC_GET_TAX_RATE '';
sales_detail_div';
2017-12-06 15:48:42 EXEC SPC_COM_GET_COMBOBOX 'unit_m_div';
2017-12-06 15:49:05 EXEC SPC_COM_GET_COMBOBOX 'port_city_div';
2017-12-06 15:49:05 EXEC SPC_COM_GET_COMBOBOX 'shipment_div';
2017-12-06 15:49:05 EXEC SPC_COM_GET_COMBOBOX 'currency_div';
2017-12-06 15:49:05 EXEC SPC_COM_GET_COMBOBOX 'trade_terms_div';
2017-12-06 15:49:05 EXEC SPC_COM_GET_COMBOBOX 'payment_conditions_div';
2017-12-06 15:49:05 EXEC SPC_COM_GET_COMBOBOX 'port_country_div';
2017-12-06 15:49:06 EXEC SPC_COM_GET_COMBOBOX 'unit_w_div';
2017-12-06 15:49:06 EXEC SPC_COM_GET_COMBOBOX 'unit_q_div';
2017-12-06 15:49:06 EXEC SPC_COM_GET_COMBOBOX 'unit_m_div';
2017-12-06 15:49:06 EXEC SPC_COM_GET_COMBOBOX 'sales_detail_div';
2017-12-06 15:49:06 EXEC SPC_COM_GET_COMBOBOX 'bank_div';
2017-12-06 15:49:06 EXEC SPC_GET_TAX_RATE '';
2017-12-06 15:49:11 EXEC SPC_COM_GET_COMBOBOX 'port_country_div';
2017-12-06 15:49:11 EXEC SPC_COM_GET_COMBOBOX 'shipment_div';
2017-12-06 15:49:11 EXEC SPC_COM_GET_COMBOBOX 'currency_div';
2017-12-06 15:49:11 EXEC SPC_COM_GET_COMBOBOX 'trade_terms_div';
2017-12-06 15:49:11 EXEC SPC_COM_GET_COMBOBOX 'port_city_div';
2017-12-06 15:49:11 EXEC SPC_COM_GET_COMBOBOX 'payment_conditions_div';
2017-12-06 15:49:11 EXEC SPC_COM_GET_COMBOBOX 'unit_w_div';
2017-12-06 15:49:11 EXEC SPC_COM_GET_COMBOBOX 'unit_m_div';
2017-12-06 15:49:11 EXEC SPC_COM_GET_COMBOBOX 'unit_q_div';
2017-12-06 15:49:12 EXEC SPC_COM_GET_COMBOBOX 'sales_detail_div';
2017-12-06 15:49:12 EXEC SPC_COM_GET_COMBOBOX 'bank_div';
2017-12-06 15:49:12 EXEC SPC_GET_TAX_RATE '';
2017-12-06 15:49:30 EXEC SPC_COM_GET_COMBOBOX 'currency_div';
2017-12-06 15:49:30 EXEC SPC_COM_GET_COMBOBOX 'shipment_div';
2017-12-06 15:49:30 EXEC SPC_COM_GET_COMBOBOX 'trade_terms_div';
2017-12-06 15:49:30 EXEC SPC_COM_GET_COMBOBOX 'payment_conditions_div';
2017-12-06 15:49:30 EXEC SPC_COM_GET_COMBOBOX 'port_country_div';
2017-12-06 15:49:30 EXEC SPC_COM_GET_COMBOBOX 'port_city_div';
2017-12-06 15:49:30 EXEC SPC_COM_GET_COMBOBOX 'unit_q_div';
2017-12-06 15:49:30 EXEC SPC_COM_GET_COMBOBOX 'unit_w_div';
2017-12-06 15:49:31 EXEC SPC_COM_GET_COMBOBOX 'sales_detail_div';
2017-12-06 15:49:31 EXEC SPC_COM_GET_COMBOBOX 'bank_div';
2017-12-06 15:49:31 EXEC SPC_COM_GET_COMBOBOX 'unit_m_div';
2017-12-06 15:49:31 EXEC SPC_GET_TAX_RATE '';
2017-12-06 15:50:03 EXEC SPC_COM_GET_COMBOBOX 'port_country_div';
2017-12-06 15:50:03 EXEC SPC_COM_GET_COMBOBOX 'shipment_div';
2017-12-06 15:50:03 EXEC SPC_COM_GET_COMBOBOX 'port_city_div';
2017-12-06 15:50:03 EXEC SPC_COM_GET_COMBOBOX 'currency_div';
2017-12-06 15:50:03 EXEC SPC_COM_GET_COMBOBOX 'payment_conditions_div';
2017-12-06 15:50:03 EXEC SPC_COM_GET_COMBOBOX 'trade_terms_div';
2017-12-06 15:50:03 EXEC SPC_COM_GET_COMBOBOX 'unit_w_div';
2017-12-06 15:50:04 EXEC SPC_GET_TAX_RATE '';
2017-12-06 15:50:04 EXEC SPC_COM_GET_COMBOBOX 'unit_q_div';
2017-12-06 15:50:04 EXEC SPC_COM_GET_COMBOBOX 'unit_m_div';
2017-12-06 15:50:04 EXEC SPC_COM_GET_COMBOBOX 'bank_div';
2017-12-06 15:50:04 EXEC SPC_COM_GET_COMBOBOX 'sales_detail_div';
2017-12-06 15:53:41 EXEC SPC_COM_GET_COMBOBOX 'port_country_div';
2017-12-06 15:53:41 EXEC SPC_COM_GET_COMBOBOX 'payment_conditions_div';
2017-12-06 15:53:41 EXEC SPC_COM_GET_COMBOBOX 'currency_div';
2017-12-06 15:53:41 EXEC SPC_COM_GET_COMBOBOX 'shipment_div';
2017-12-06 15:53:41 EXEC SPC_COM_GET_COMBOBOX 'trade_terms_div';
2017-12-06 15:53:41 EXEC SPC_COM_GET_COMBOBOX 'port_city_div';
2017-12-06 15:53:42 EXEC SPC_COM_GET_COMBOBOX 'unit_m_div';
2017-12-06 15:53:42 EXEC SPC_COM_GET_COMBOBOX 'unit_w_div';
2017-12-06 15:53:42 EXEC SPC_COM_GET_COMBOBOX 'sales_detail_div';
2017-12-06 15:53:42 EXEC SPC_COM_GET_COMBOBOX 'bank_div';
2017-12-06 15:53:42 EXEC SPC_GET_TAX_RATE '';
2017-12-06 15:53:47 EXEC SPC_COM_GET_COMBOBOX 'currency_div';
2017-12-06 15:53:47 EXEC SPC_COM_GET_COMBOBOX 'trade_terms_div';
2017-12-06 15:53:47 EXEC SPC_COM_GET_COMBOBOX 'port_country_div';
2017-12-06 15:53:47 EXEC SPC_COM_GET_COMBOBOX 'shipment_div';
2017-12-06 15:53:47 EXEC SPC_COM_GET_COMBOBOX 'port_city_div';
2017-12-06 15:53:47 EXEC SPC_COM_GET_COMBOBOX 'payment_conditions_div';
2017-12-06 15:53:48 EXEC SPC_COM_GET_COMBOBOX 'sales_detail_div';
2017-12-06 15:53:48 EXEC SPC_COM_GET_COMBOBOX 'bank_div';
2017-12-06 15:53:48 EXEC SPC_COM_GET_COMBOBOX 'unit_q_div';
2017-12-06 15:53:48 EXEC SPC_COM_GET_COMBOBOX 'unit_m_div';
2017-12-06 15:53:48 EXEC SPC_COM_GET_COMBOBOX 'unit_w_div';
2017-12-06 15:53:48 EXEC SPC_GET_TAX_RATE '';
2017-12-06 15:55:21 EXEC SPC_COM_GET_COMBOBOX 'payment_conditions_div';
2017-12-06 15:55:22 EXEC SPC_COM_GET_COMBOBOX 'port_city_div';
2017-12-06 15:55:22 EXEC SPC_COM_GET_COMBOBOX 'trade_terms_div';
2017-12-06 15:55:22 EXEC SPC_COM_GET_COMBOBOX 'port_country_div';
2017-12-06 15:55:22 EXEC SPC_COM_GET_COMBOBOX 'sales_detail_div';
2017-12-06 15:55:22 EXEC SPC_COM_GET_COMBOBOX 'unit_m_div';
2017-12-06 15:55:22 EXEC SPC_GET_TAX_RATE '';
2017-12-06 15:55:22 EXEC SPC_COM_GET_COMBOBOX 'unit_q_div';
2017-12-06 15:55:22 EXEC SPC_COM_GET_COMBOBOX 'bank_div';
2017-12-06 15:55:22 EXEC SPC_COM_GET_COMBOBOX 'unit_w_div';
2017-12-06 15:55:47 EXEC SPC_COM_GET_COMBOBOX 'currency_div';
2017-12-06 15:55:48 EXEC SPC_COM_GET_COMBOBOX 'payment_conditions_div';
2017-12-06 15:55:48 EXEC SPC_COM_GET_COMBOBOX 'port_city_div';
2017-12-06 15:55:48 EXEC SPC_COM_GET_COMBOBOX 'trade_terms_div';
2017-12-06 15:55:48 EXEC SPC_COM_GET_COMBOBOX 'shipment_div';
2017-12-06 15:55:48 EXEC SPC_COM_GET_COMBOBOX 'port_country_div';
2017-12-06 15:55:48 EXEC SPC_COM_GET_COMBOBOX 'unit_q_div';
2017-12-06 15:55:48 EXEC SPC_COM_GET_COMBOBOX 'unit_m_div';
2017-12-06 15:55:48 EXEC SPC_COM_GET_COMBOBOX 'unit_w_div';
2017-12-06 15:55:48 EXEC SPC_COM_GET_COMBOBOX 'bank_div';
2017-12-06 15:55:48 EXEC SPC_COM_GET_COMBOBOX 'sales_detail_div';
2017-12-06 15:55:48 EXEC SPC_GET_TAX_RATE '';
2017-12-06 15:56:44 EXEC SPC_COM_GET_COMBOBOX 'payment_conditions_div';
2017-12-06 15:56:44 EXEC SPC_COM_GET_COMBOBOX 'shipment_div';
2017-12-06 15:56:44 EXEC SPC_COM_GET_COMBOBOX 'currency_div';
2017-12-06 15:56:44 EXEC SPC_COM_GET_COMBOBOX 'trade_terms_div';
2017-12-06 15:56:44 EXEC SPC_COM_GET_COMBOBOX 'port_city_div';
2017-12-06 15:56:44 EXEC SPC_COM_GET_COMBOBOX 'port_country_div';
2017-12-06 15:56:44 EXEC SPC_COM_GET_COMBOBOX 'unit_m_div';
2017-12-06 15:56:44 EXEC SPC_COM_GET_COMBOBOX 'unit_w_div';
2017-12-06 15:56:44 EXEC SPC_COM_GET_COMBOBOX 'sales_detail_div';
2017-12-06 15:56:44 EXEC SPC_COM_GET_COMBOBOX 'unit_q_div';
2017-12-06 15:56:44 EXEC SPC_COM_GET_COMBOBOX 'bank_div';
2017-12-06 15:57:56 EXEC SPC_COM_GET_COMBOBOX 'port_country_div';
2017-12-06 15:57:56 EXEC SPC_COM_GET_COMBOBOX 'trade_terms_div';
div';
2017-12-06 15:57:56 EXEC SPC_COM_GET_COMBOBOX 'port_city_div';
2017-12-06 15:57:56 EXEC SPC_COM_GET_COMBOBOX 'currency_div';
2017-12-06 15:57:56 EXEC SPC_COM_GET_COMBOBOX 'shipment_div';
2017-12-06 15:57:57 EXEC SPC_COM_GET_COMBOBOX 'bank_div';
2017-12-06 15:57:57 EXEC SPC_COM_GET_COMBOBOX 'unit_q_div';
2017-12-06 15:57:57 EXEC SPC_GET_TAX_RATE '';
2017-12-06 15:57:57 EXEC SPC_COM_GET_COMBOBOX 'unit_w_div';
2017-12-06 15:57:57 EXEC SPC_COM_GET_COMBOBOX 'unit_m_div';
2017-12-06 15:57:57 EXEC SPC_COM_GET_COMBOBOX 'sales_detail_div';
2017-12-06 15:58:05 EXEC SPC_COM_GET_COMBOBOX 'trade_terms_div';
2017-12-06 15:58:05 EXEC SPC_COM_GET_COMBOBOX 'currency_div';
2017-12-06 15:58:05 EXEC SPC_COM_GET_COMBOBOX 'shipment_div';
2017-12-06 15:58:05 EXEC SPC_COM_GET_COMBOBOX 'payment_conditions_div';
2017-12-06 15:58:05 EXEC SPC_COM_GET_COMBOBOX 'port_city_div';
2017-12-06 15:58:05 EXEC SPC_COM_GET_COMBOBOX 'port_country_div';
2017-12-06 15:58:05 EXEC SPC_COM_GET_COMBOBOX 'unit_w_div';
2017-12-06 15:58:05 EXEC SPC_COM_GET_COMBOBOX 'sales_detail_div';
2017-12-06 15:58:05 EXEC SPC_COM_GET_COMBOBOX 'unit_m_div';
2017-12-06 15:58:05 EXEC SPC_COM_GET_COMBOBOX 'unit_q_div';
2017-12-06 15:58:05 EXEC SPC_COM_GET_COMBOBOX 'bank_div';
2017-12-06 15:58:40 EXEC SPC_COM_GET_COMBOBOX 'shipment_div';
2017-12-06 15:58:40 EXEC SPC_COM_GET_COMBOBOX 'trade_terms_div';
2017-12-06 15:58:40 EXEC SPC_COM_GET_COMBOBOX 'payment_conditions_div';
2017-12-06 15:58:40 EXEC SPC_COM_GET_COMBOBOX 'currency_div';
2017-12-06 15:58:40 EXEC SPC_COM_GET_COMBOBOX 'port_country_div';
2017-12-06 15:58:40 EXEC SPC_COM_GET_COMBOBOX 'port_city_div';
2017-12-06 15:58:40 EXEC SPC_COM_GET_COMBOBOX 'unit_q_div';
2017-12-06 15:58:40 EXEC SPC_COM_GET_COMBOBOX 'bank_div';
2017-12-06 15:58:40 EXEC SPC_COM_GET_COMBOBOX 'unit_w_div';
2017-12-06 15:58:40 EXEC SPC_COM_GET_COMBOBOX 'unit_m_div';
2017-12-06 15:58:40 EXEC SPC_GET_TAX_RATE '';
2017-12-06 15:58:40 EXEC SPC_COM_GET_COMBOBOX 'sales_detail_div';
2017-12-06 15:58:46 EXEC SPC_COM_GET_COMBOBOX 'port_country_div';
2017-12-06 15:58:47 EXEC SPC_COM_GET_COMBOBOX 'shipment_div';
2017-12-06 15:58:47 EXEC SPC_COM_GET_COMBOBOX 'port_city_div';
2017-12-06 15:58:47 EXEC SPC_COM_GET_COMBOBOX 'trade_terms_div';
2017-12-06 15:58:47 EXEC SPC_COM_GET_COMBOBOX 'currency_div';
2017-12-06 15:58:47 EXEC SPC_COM_GET_COMBOBOX 'payment_conditions_div';
2017-12-06 15:58:47 EXEC SPC_COM_GET_COMBOBOX 'sales_detail_div';
2017-12-06 15:58:47 EXEC SPC_COM_GET_COMBOBOX 'unit_q_div';
2017-12-06 15:58:47 EXEC SPC_COM_GET_COMBOBOX 'unit_m_div';
2017-12-06 15:58:47 EXEC SPC_COM_GET_COMBOBOX 'unit_w_div';
2017-12-06 15:58:47 EXEC SPC_COM_GET_COMBOBOX 'bank_div';
2017-12-06 16:16:07 EXEC SPC_COM_GET_COMBOBOX 'payment_conditions_div';
2017-12-06 16:16:07 EXEC SPC_COM_GET_COMBOBOX 'unit_q_div';
2017-12-06 16:16:08 EXEC SPC_COM_GET_COMBOBOX 'trade_terms_div';
2017-12-06 16:16:08 EXEC SPC_COM_GET_COMBOBOX 'currency_div';
2017-12-06 16:16:08 EXEC SPC_COM_GET_COMBOBOX 'port_country_div';
2017-12-06 16:16:08 EXEC SPC_COM_GET_COMBOBOX 'shipment_div';
2017-12-06 16:16:08 EXEC SPC_COM_GET_COMBOBOX 'port_city_div';
2017-12-06 16:16:08 EXEC SPC_COM_GET_COMBOBOX 'unit_w_div';
2017-12-06 16:16:08 EXEC SPC_COM_GET_COMBOBOX 'bank_div';
2017-12-06 16:16:08 EXEC SPC_COM_GET_COMBOBOX 'sales_detail_div';
2017-12-06 16:16:08 EXEC SPC_COM_GET_COMBOBOX 'unit_m_div';
2017-12-06 16:16:09 EXEC SPC_GET_TAX_RATE '';
2017-12-06 16:16:28 EXEC SPC_COM_GET_COMBOBOX 'port_country_div';
2017-12-06 16:16:28 EXEC SPC_COM_GET_COMBOBOX 'shipment_div';
2017-12-06 16:16:28 EXEC SPC_COM_GET_COMBOBOX 'port_city_div';
2017-12-06 16:16:28 EXEC SPC_COM_GET_COMBOBOX 'payment_conditions_div';
2017-12-06 16:16:28 EXEC SPC_COM_GET_COMBOBOX 'currency_div';
2017-12-06 16:16:28 EXEC SPC_COM_GET_COMBOBOX 'trade_terms_div';
2017-12-06 16:16:29 EXEC SPC_COM_GET_COMBOBOX 'unit_m_div';
2017-12-06 16:16:29 EXEC SPC_COM_GET_COMBOBOX 'unit_w_div';
2017-12-06 16:16:29 EXEC SPC_COM_GET_COMBOBOX 'sales_detail_div';
2017-12-06 16:16:29 EXEC SPC_GET_TAX_RATE '';
2017-12-06 16:16:29 EXEC SPC_COM_GET_COMBOBOX 'unit_q_div';
2017-12-06 16:16:29 EXEC SPC_COM_GET_COMBOBOX 'bank_div';
2017-12-06 16:25:21 EXEC SPC_COM_GET_COMBOBOX 'port_country_div';
2017-12-06 16:25:22 EXEC SPC_COM_GET_COMBOBOX 'unit_q_div';
2017-12-06 16:25:22 EXEC SPC_COM_GET_COMBOBOX 'unit_w_div';
2017-12-06 16:25:23 EXEC SPC_COM_GET_COMBOBOX 'shipment_div';
2017-12-06 16:25:23 EXEC SPC_COM_GET_COMBOBOX 'port_city_div';
2017-12-06 16:25:23 EXEC SPC_COM_GET_COMBOBOX 'payment_conditions_div';
2017-12-06 16:25:23 EXEC SPC_COM_GET_COMBOBOX 'currency_div';
2017-12-06 16:25:23 EXEC SPC_COM_GET_COMBOBOX 'trade_terms_div';
2017-12-06 16:25:23 EXEC SPC_COM_GET_COMBOBOX 'sales_detail_div';
2017-12-06 16:25:23 EXEC SPC_COM_GET_COMBOBOX 'unit_m_div';
2017-12-06 16:25:23 EXEC SPC_COM_GET_COMBOBOX 'bank_div';
2017-12-06 16:25:23 EXEC SPC_GET_TAX_RATE '';
2017-12-06 16:26:41 EXEC SPC_COM_GET_COMBOBOX 'shipment_div';
2017-12-06 16:26:41 EXEC SPC_COM_GET_COMBOBOX 'port_country_div';
2017-12-06 16:26:41 EXEC SPC_COM_GET_COMBOBOX 'currency_div';
2017-12-06 16:26:41 EXEC SPC_COM_GET_COMBOBOX 'trade_terms_div';
2017-12-06 16:26:41 EXEC SPC_COM_GET_COMBOBOX 'payment_conditions_div';
2017-12-06 16:26:41 EXEC SPC_COM_GET_COMBOBOX 'port_city_div';
2017-12-06 16:26:42 EXEC SPC_COM_GET_COMBOBOX 'unit_m_div';
2017-12-06 16:26:42 EXEC SPC_COM_GET_COMBOBOX 'bank_div';
2017-12-06 16:26:42 EXEC SPC_COM_GET_COMBOBOX 'sales_detail_div';
2017-12-06 16:26:42 EXEC SPC_COM_GET_COMBOBOX 'unit_w_div';
2017-12-06 16:26:42 EXEC SPC_COM_GET_COMBOBOX 'unit_q_div';
2017-12-06 16:28:42 EXEC SPC_COM_GET_COMBOBOX 'port_country_div';
2017-12-06 16:28:42 EXEC SPC_COM_GET_COMBOBOX 'payment_conditions_div';
2017-12-06 16:28:42 EXEC SPC_COM_GET_COMBOBOX 'port_city_div';
2017-12-06 16:28:42 EXEC SPC_COM_GET_COMBOBOX 'shipment_div';
2017-12-06 16:28:43 EXEC SPC_COM_GET_COMBOBOX 'trade_terms_div';
2017-12-06 16:28:43 EXEC SPC_COM_GET_COMBOBOX 'unit_m_div';
2017-12-06 16:28:43 EXEC SPC_COM_GET_COMBOBOX 'bank_div';
2017-12-06 16:28:43 EXEC SPC_COM_GET_COMBOBOX 'unit_w_div';
2017-12-06 16:28:43 EXEC SPC_COM_GET_COMBOBOX 'unit_q_div';
2017-12-06 16:28:43 EXEC SPC_COM_GET_COMBOBOX 'sales_detail_div';
2017-12-06 16:28:43 EXEC SPC_GET_TAX_RATE '';
2017-12-06 16:28:47 EXEC SPC_COM_GET_COMBOBOX 'trade_terms_div';
2017-12-06 16:28:47 EXEC SPC_COM_GET_COMBOBOX 'port_country_div';
2017-12-06 16:28:47 EXEC SPC_COM_GET_COMBOBOX 'shipment_div';
2017-12-06 16:28:47 EXEC SPC_COM_GET_COMBOBOX 'payment_conditions_div';
2017-12-06 16:28:47 EXEC SPC_COM_GET_COMBOBOX 'currency_div';
2017-12-06 16:28:47 EXEC SPC_COM_GET_COMBOBOX 'port_city_div';
2017-12-06 16:28:47 EXEC SPC_COM_GET_COMBOBOX 'unit_m_div';
2017-12-06 16:28:47 EXEC SPC_COM_GET_COMBOBOX 'unit_w_div';
2017-12-06 16:28:47 EXEC SPC_COM_GET_COMBOBOX 'unit_q_div';
2017-12-06 16:28:47 EXEC SPC_COM_GET_COMBOBOX 'bank_div';
2017-12-06 16:28:47 EXEC SPC_COM_GET_COMBOBOX 'sales_detail_div';
2017-12-06 16:29:27 EXEC SPC_COM_GET_COMBOBOX 'shipment_div';
2017-12-06 16:29:27 EXEC SPC_COM_GET_COMBOBOX 'port_city_div';
2017-12-06 16:29:27 EXEC SPC_COM_GET_COMBOBOX 'trade_terms_div';
2017-12-06 16:29:27 EXEC SPC_COM_GET_COMBOBOX 'currency_div';
2017-12-06 16:29:27 EXEC SPC_COM_GET_COMBOBOX 'port_country_div';
2017-12-06 16:29:27 EXEC SPC_COM_GET_COMBOBOX 'payment_conditions_div';
2017-12-06 16:29:28 EXEC SPC_COM_GET_COMBOBOX 'unit_m_div';
2017-12-06 16:29:28 EXEC SPC_COM_GET_COMBOBOX 'unit_q_div';
2017-12-06 16:29:28 EXEC SPC_COM_GET_COMBOBOX 'unit_w_div';
2017-12-06 16:29:28 EXEC SPC_COM_GET_COMBOBOX 'sales_detail_div';
2017-12-06 16:29:28 EXEC SPC_COM_GET_COMBOBOX 'bank_div';
2017-12-06 16:30:18 EXEC SPC_COM_GET_COMBOBOX 'port_city_div';
2017-12-06 16:30:18 EXEC SPC_COM_GET_COMBOBOX 'shipment_div';
2017-12-06 16:30:18 EXEC SPC_COM_GET_COMBOBOX 'port_country_div';
2017-12-06 16:30:19 EXEC SPC_COM_GET_COMBOBOX 'trade_terms_div';
2017-12-06 16:30:19 EXEC SPC_COM_GET_COMBOBOX 'currency_div';
2017-12-06 16:30:19 EXEC SPC_COM_GET_COMBOBOX 'payment_conditions_div';
2017-12-06 16:30:19 EXEC SPC_COM_GET_COMBOBOX 'sales_detail_div';
2017-12-06 16:30:19 EXEC SPC_COM_GET_COMBOBOX 'unit_w_div';
2017-12-06 16:30:19 EXEC SPC_COM_GET_COMBOBOX 'unit_q_div';
2017-12-06 16:30:19 EXEC SPC_COM_GET_COMBOBOX 'unit_m_div';
2017-12-06 16:30:19 EXEC SPC_COM_GET_COMBOBOX 'bank_div';
2017-12-06 16:31:19 EXEC SPC_COM_GET_COMBOBOX 'port_country_div';
2017-12-06 16:31:19 EXEC SPC_COM_GET_COMBOBOX 'trade_terms_div';
2017-12-06 16:31:19 EXEC SPC_COM_GET_COMBOBOX 'shipment_div';
2017-12-06 16:31:20 EXEC SPC_COM_GET_COMBOBOX 'port_city_div';
2017-12-06 16:31:20 EXEC SPC_COM_GET_COMBOBOX 'payment_conditions_div';
2017-12-06 16:31:20 EXEC SPC_COM_GET_COMBOBOX 'currency_div';
2017-12-06 16:31:20 EXEC SPC_COM_GET_COMBOBOX 'sales_detail_div';
2017-12-06 16:31:20 EXEC SPC_COM_GET_COMBOBOX 'unit_q_div';
2017-12-06 16:31:20 EXEC SPC_COM_GET_COMBOBOX 'bank_div';

2017-12-06 16:31:20 EXEC SPC_COM_GET_COMBOBOX 'unit_w_div';
2017-12-06 16:31:20 EXEC SPC_GET_TAX_RATE '';
2017-12-06 16:31:38 EXEC SPC_COM_GET_COMBOBOX 'trade_terms_div';
2017-12-06 16:31:38 EXEC SPC_COM_GET_COMBOBOX 'shipment_div';
2017-12-06 16:31:38 EXEC SPC_COM_GET_COMBOBOX 'currency_div';
2017-12-06 16:31:38 EXEC SPC_COM_GET_COMBOBOX 'payment_conditions_div';
2017-12-06 16:31:38 EXEC SPC_COM_GET_COMBOBOX 'port_country_div';
2017-12-06 16:31:38 EXEC SPC_COM_GET_COMBOBOX 'port_city_div';
2017-12-06 16:31:38 EXEC SPC_COM_GET_COMBOBOX 'unit_q_div';
2017-12-06 16:31:38 EXEC SPC_COM_GET_COMBOBOX 'sales_detail_div';
2017-12-06 16:31:38 EXEC SPC_COM_GET_COMBOBOX 'bank_div';
2017-12-06 16:31:38 EXEC SPC_COM_GET_COMBOBOX 'unit_w_div';
2017-12-06 16:31:38 EXEC SPC_COM_GET_COMBOBOX 'unit_m_div';
2017-12-06 16:35:49 EXEC SPC_COM_GET_COMBOBOX 'trade_terms_div';
2017-12-06 16:35:49 EXEC SPC_COM_GET_COMBOBOX 'shipment_div';
2017-12-06 16:35:49 EXEC SPC_COM_GET_COMBOBOX 'currency_div';

2017-12-06 16:35:49 EXEC SPC_COM_GET_COMBOBOX 'port_country_div';
2017-12-06 16:35:49 EXEC SPC_COM_GET_COMBOBOX 'payment_conditions_div';
2017-12-06 16:35:50 EXEC SPC_COM_GET_COMBOBOX 'unit_w_div';
2017-12-06 16:35:50 EXEC SPC_COM_GET_COMBOBOX 'unit_q_div';
2017-12-06 16:35:50 EXEC SPC_GET_TAX_RATE '';
2017-12-06 16:35:50 EXEC SPC_COM_GET_COMBOBOX 'unit_m_div';
2017-12-06 16:35:50 EXEC SPC_COM_GET_COMBOBOX 'sales_detail_div';
2017-12-06 16:35:50 EXEC SPC_COM_GET_COMBOBOX 'bank_div';
2017-12-06 16:39:04 EXEC SPC_COM_GET_COMBOBOX 'payment_conditions_div';
2017-12-06 16:39:04 EXEC SPC_COM_GET_COMBOBOX 'port_country_div';
2017-12-06 16:39:04 EXEC SPC_COM_GET_COMBOBOX 'currency_div';
2017-12-06 16:39:04 EXEC SPC_COM_GET_COMBOBOX 'shipment_div';
2017-12-06 16:39:04 EXEC SPC_COM_GET_COMBOBOX 'trade_terms_div';
2017-12-06 16:39:05 EXEC SPC_COM_GET_COMBOBOX 'unit_m_div';
2017-12-06 16:39:05 EXEC SPC_COM_GET_COMBOBOX 'unit_w_div';
2017-12-06 16:39:05 EXEC SPC_COM_GET_COMBOBOX 'unit_q_div';
2017-12-06 16:39:05 EXEC SPC_COM_GET_COMBOBOX 'bank_div';
2017-12-06 16:39:05 EXEC SPC_COM_GET_COMBOBOX 'sales_detail_div';
2017-12-06 16:40:56 EXEC SPC_COM_GET_COMBOBOX 'currency_div';
2017-12-06 16:40:56 EXEC SPC_COM_GET_COMBOBOX 'port_country_div';
2017-12-06 16:40:56 EXEC SPC_COM_GET_COMBOBOX 'shipment_div';
2017-12-06 16:40:56 EXEC SPC_COM_GET_COMBOBOX 'port_city_div';
2017-12-06 16:40:56 EXEC SPC_COM_GET_COMBOBOX 'trade_terms_div';
2017-12-06 16:40:56 EXEC SPC_COM_GET_COMBOBOX 'payment_conditions_div';
2017-12-06 16:40:56 EXEC SPC_COM_GET_COMBOBOX 'unit_q_div';
2017-12-06 16:40:56 EXEC SPC_COM_GET_COMBOBOX 'unit_w_div';
2017-12-06 16:40:56 EXEC SPC_COM_GET_COMBOBOX 'unit_m_div';
2017-12-06 16:40:56 EXEC SPC_COM_GET_COMBOBOX 'bank_div';
2017-12-06 16:40:56 EXEC SPC_COM_GET_COMBOBOX 'sales_detail_div';
2017-12-06 16:40:56 EXEC SPC_GET_TAX_RATE '';
2017-12-06 16:41:09 EXEC SPC_COM_GET_COMBOBOX 'port_country_div';
2017-12-06 16:41:09 EXEC SPC_COM_GET_COMBOBOX 'trade_terms_div';
2017-12-06 16:41:09 EXEC SPC_COM_GET_COMBOBOX 'shipment_div';
2017-12-06 16:41:09 EXEC SPC_COM_GET_COMBOBOX 'payment_conditions_div';
2017-12-06 16:41:09 EXEC SPC_COM_GET_COMBOBOX 'currency_div';
2017-12-06 16:41:09 EXEC SPC_COM_GET_COMBOBOX 'port_city_div';
2017-12-06 16:41:09 EXEC SPC_COM_GET_COMBOBOX 'unit_q_div';
2017-12-06 16:41:09 EXEC SPC_COM_GET_COMBOBOX 'unit_m_div';
2017-12-06 16:41:09 EXEC SPC_COM_GET_COMBOBOX 'unit_w_div';
2017-12-06 16:41:09 EXEC SPC_COM_GET_COMBOBOX 'sales_detail_div';
2017-12-06 16:41:09 EXEC SPC_COM_GET_COMBOBOX 'bank_div';
2017-12-06 16:42:36 EXEC SPC_COM_GET_COMBOBOX 'port_country_div';
2017-12-06 16:42:36 EXEC SPC_COM_GET_COMBOBOX 'shipment_div';
2017-12-06 16:42:36 EXEC SPC_COM_GET_COMBOBOX 'trade_terms_div';
2017-12-06 16:42:36 EXEC SPC_COM_GET_COMBOBOX 'payment_conditions_div';
2017-12-06 16:42:36 EXEC SPC_COM_GET_COMBOBOX 'port_city_div';
2017-12-06 16:42:36 EXEC SPC_COM_GET_COMBOBOX 'unit_m_div';
2017-12-06 16:42:36 EXEC SPC_COM_GET_COMBOBOX 'unit_w_div';
2017-12-06 16:42:36 EXEC SPC_COM_GET_COMBOBOX 'unit_q_div';
2017-12-06 16:42:36 EXEC SPC_COM_GET_COMBOBOX 'sales_detail_div';
2017-12-06 16:42:36 EXEC SPC_COM_GET_COMBOBOX 'bank_div';
2017-12-06 16:42:37 EXEC SPC_GET_TAX_RATE '';
2017-12-06 16:42:58 EXEC SPC_COM_GET_COMBOBOX 'currency_div';
2017-12-06 16:42:58 EXEC SPC_COM_GET_COMBOBOX 'port_city_div';
2017-12-06 16:42:58 EXEC SPC_COM_GET_COMBOBOX 'shipment_div';
2017-12-06 16:42:58 EXEC SPC_COM_GET_COMBOBOX 'payment_conditions_div';
2017-12-06 16:42:58 EXEC SPC_COM_GET_COMBOBOX 'trade_terms_div';
2017-12-06 16:42:58 EXEC SPC_COM_GET_COMBOBOX 'unit_m_div';
2017-12-06 16:42:58 EXEC SPC_COM_GET_COMBOBOX 'unit_q_div';
2017-12-06 16:42:58 EXEC SPC_COM_GET_COMBOBOX 'unit_w_div';
2017-12-06 16:42:59 EXEC SPC_COM_GET_COMBOBOX 'bank_div';
2017-12-06 16:42:59 EXEC SPC_COM_GET_COMBOBOX 'sales_detail_div';
2017-12-06 16:44:25 EXEC SPC_COM_GET_COMBOBOX 'port_country_div';
2017-12-06 16:44:25 EXEC SPC_COM_GET_COMBOBOX 'port_city_div';
2017-12-06 16:44:25 EXEC SPC_COM_GET_COMBOBOX 'payment_conditions_div';
2017-12-06 16:44:25 EXEC SPC_COM_GET_COMBOBOX 'trade_terms_div';
2017-12-06 16:44:25 EXEC SPC_COM_GET_COMBOBOX 'shipment_div';
2017-12-06 16:44:25 EXEC SPC_COM_GET_COMBOBOX 'currency_div';
2017-12-06 16:44:25 EXEC SPC_COM_GET_COMBOBOX 'unit_w_div';
2017-12-06 16:44:25 EXEC SPC_COM_GET_COMBOBOX 'sales_detail_div';
2017-12-06 16:44:25 EXEC SPC_COM_GET_COMBOBOX 'unit_m_div';
2017-12-06 16:44:25 EXEC SPC_GET_TAX_RATE '';
2017-12-06 16:44:25 EXEC SPC_COM_GET_COMBOBOX 'unit_q_div';
2017-12-06 16:44:25 EXEC SPC_COM_GET_COMBOBOX 'bank_div';
2017-12-06 16:44:40 EXEC SPC_COM_GET_COMBOBOX 'trade_terms_div';
2017-12-06 16:44:40 EXEC SPC_COM_GET_COMBOBOX 'currency_div';
2017-12-06 16:44:40 EXEC SPC_COM_GET_COMBOBOX 'shipment_div';
2017-12-06 16:44:40 EXEC SPC_COM_GET_COMBOBOX 'port_city_div';
2017-12-06 16:44:40 EXEC SPC_COM_GET_COMBOBOX 'payment_conditions_div';
2017-12-06 16:44:40 EXEC SPC_COM_GET_COMBOBOX 'port_country_div';
2017-12-06 16:44:40 EXEC SPC_COM_GET_COMBOBOX 'unit_m_div';
2017-12-06 16:44:40 EXEC SPC_COM_GET_COMBOBOX 'unit_w_div';
2017-12-06 16:44:40 EXEC SPC_COM_GET_COMBOBOX 'unit_q_div';
2017-12-06 16:44:40 EXEC SPC_COM_GET_COMBOBOX 'sales_detail_div';
2017-12-06 16:44:40 EXEC SPC_COM_GET_COMBOBOX 'bank_div';
2017-12-06 16:45:02 EXEC SPC_COM_GET_COMBOBOX 'trade_terms_div';
2017-12-06 16:45:02 EXEC SPC_COM_GET_COMBOBOX 'shipment_div';
2017-12-06 16:45:02 EXEC SPC_COM_GET_COMBOBOX 'currency_div';
2017-12-06 16:45:02 EXEC SPC_COM_GET_COMBOBOX 'payment_conditions_div';
2017-12-06 16:45:02 EXEC SPC_COM_GET_COMBOBOX 'port_country_div';
2017-12-06 16:45:02 EXEC SPC_COM_GET_COMBOBOX 'unit_w_div';
2017-12-06 16:45:02 EXEC SPC_COM_GET_COMBOBOX 'sales_detail_div';
2017-12-06 16:45:02 EXEC SPC_COM_GET_COMBOBOX 'unit_m_div';
2017-12-06 16:45:02 EXEC SPC_COM_GET_COMBOBOX 'unit_q_div';
2017-12-06 16:45:02 EXEC SPC_COM_GET_COMBOBOX 'bank_div';
2017-12-06 16:46:25 EXEC SPC_COM_GET_COMBOBOX 'trade_terms_div';
2017-12-06 16:46:25 EXEC SPC_COM_GET_COMBOBOX 'port_city_div';
2017-12-06 16:46:25 EXEC SPC_COM_GET_COMBOBOX 'port_country_div';
2017-12-06 16:46:25 EXEC SPC_COM_GET_COMBOBOX 'currency_div';
2017-12-06 16:46:25 EXEC SPC_COM_GET_COMBOBOX 'payment_conditions_div';
2017-12-06 16:46:25 EXEC SPC_COM_GET_COMBOBOX 'shipment_div';
2017-12-06 16:46:25 EXEC SPC_COM_GET_COMBOBOX 'bank_div';
2017-12-06 16:46:25 EXEC SPC_COM_GET_COMBOBOX 'unit_q_div';
2017-12-06 16:46:26 EXEC SPC_COM_GET_COMBOBOX 'unit_m_div';
2017-12-06 16:46:26 EXEC SPC_COM_GET_COMBOBOX 'unit_w_div';
2017-12-06 16:46:26 EXEC SPC_COM_GET_COMBOBOX 'sales_detail_div';
2017-12-06 16:46:26 EXEC SPC_GET_TAX_RATE '';
2017-12-06 16:46:31 EXEC SPC_COM_GET_COMBOBOX 'port_country_div';
2017-12-06 16:46:31 EXEC SPC_COM_GET_COMBOBOX 'currency_div';
2017-12-06 16:46:31 EXEC SPC_COM_GET_COMBOBOX 'shipment_div';
2017-12-06 16:46:31 EXEC SPC_COM_GET_COMBOBOX 'payment_conditions_div';
2017-12-06 16:46:31 EXEC SPC_COM_GET_COMBOBOX 'trade_terms_div';
2017-12-06 16:46:31 EXEC SPC_COM_GET_COMBOBOX 'port_city_div';
2017-12-06 16:46:31 EXEC SPC_COM_GET_COMBOBOX 'unit_m_div';
2017-12-06 16:46:31 EXEC SPC_COM_GET_COMBOBOX 'unit_q_div';
2017-12-06 16:46:31 EXEC SPC_COM_GET_COMBOBOX 'bank_div';
2017-12-06 16:46:31 EXEC SPC_COM_GET_COMBOBOX 'unit_w_div';
2017-12-06 16:46:31 EXEC SPC_COM_GET_COMBOBOX 'sales_detail_div';
2017-12-06 16:46:48 EXEC SPC_COM_GET_COMBOBOX 'currency_div';
2017-12-06 16:46:48 EXEC SPC_COM_GET_COMBOBOX 'port_city_div';
2017-12-06 16:46:48 EXEC SPC_COM_GET_COMBOBOX 'payment_conditions_div';
2017-12-06 16:46:48 EXEC SPC_COM_GET_COMBOBOX 'shipment_div';
2017-12-06 16:46:49 EXEC SPC_COM_GET_COMBOBOX 'port_country_div';
2017-12-06 16:46:49 EXEC SPC_COM_GET_COMBOBOX 'trade_terms_div';
2017-12-06 16:46:49 EXEC SPC_COM_GET_COMBOBOX 'unit_q_div';
2017-12-06 16:46:49 EXEC SPC_COM_GET_COMBOBOX 'unit_w_div';
2017-12-06 16:46:49 EXEC SPC_COM_GET_COMBOBOX 'unit_m_div';
2017-12-06 16:46:49 EXEC SPC_COM_GET_COMBOBOX 'sales_detail_div';
2017-12-06 16:46:49 EXEC SPC_COM_GET_COMBOBOX 'bank_div';
2017-12-06 16:46:52 EXEC SPC_COM_GET_COMBOBOX 'currency_div';
2017-12-06 16:46:52 EXEC SPC_COM_GET_COMBOBOX 'trade_terms_div';
2017-12-06 16:46:52 EXEC SPC_COM_GET_COMBOBOX 'payment_conditions_div';
2017-12-06 16:46:52 EXEC SPC_COM_GET_COMBOBOX 'port_country_div';
2017-12-06 16:46:52 EXEC SPC_COM_GET_COMBOBOX 'shipment_div';
2017-12-06 16:46:52 EXEC SPC_COM_GET_COMBOBOX 'port_city_div';
2017-12-06 16:46:53 EXEC SPC_COM_GET_COMBOBOX 'bank_div';
2017-12-06 16:46:53 EXEC SPC_COM_GET_COMBOBOX 'unit_q_div';
2017-12-06 16:46:53 EXEC SPC_COM_GET_COMBOBOX 'unit_m_div';
2017-12-06 16:46:53 EXEC SPC_COM_GET_COMBOBOX 'unit_w_div';
2017-12-06 16:46:53 EXEC SPC_COM_GET_COMBOBOX 'sales_detail_div';
2017-12-06 16:48:33 EXEC SPC_COM_GET_COMBOBOX 'port_city_div';
2017-12-06 16:48:33 EXEC SPC_COM_GET_COMBOBOX 'currency_div';
2017-12-06 16:48:33 EXEC SPC_COM_GET_COMBOBOX 'payment_conditions_div';
2017-12-06 16:48:33 EXEC SPC_COM_GET_COMBOBOX 'shipment_div';
2017-12-06 16:48:33 EXEC SPC_COM_GET_COMBOBOX 'port_country_div';
2017-12-06 16:48:33 EXEC SPC_COM_GET_COMBOBOX 'trade_terms_div';
2017-12-06 16:48:34 EXEC SPC_COM_GET_COMBOBOX 'unit_q_div';
2017-12-06 16:48:34 EXEC SPC_COM_GET_COMBOBOX 'sales_detail_div';
2017-12-06 16:48:34 EXEC SPC_COM_GET_COMBOBOX 'unit_w_div';
2017-12-06 16:48:34 EXEC SPC_COM_GET_COMBOBOX 'bank_div';
2017-12-06 16:48:34 EXEC SPC_COM_GET_COMBOBOX 'unit_m_div';
2017-12-06 16:48:34 EXEC SPC_GET_TAX_RATE '';
2017-12-06 16:48:38 EXEC SPC_COM_GET_COMBOBOX 'currency_div';
2017-12-06 16:48:38 EXEC SPC_COM_GET_COMBOBOX 'port_city_div';
2017-12-06 16:48:39 EXEC SPC_COM_GET_COMBOBOX 'trade_terms_div';
2017-12-06 16:48:39 EXEC SPC_COM_GET_COMBOBOX 'port_country_div';
2017-12-06 16:48:39 EXEC SPC_COM_GET_COMBOBOX 'payment_conditions_div';
2017-12-06 16:48:39 EXEC SPC_COM_GET_COMBOBOX 'unit_w_div';
2017-12-06 16:48:39 EXEC SPC_COM_GET_COMBOBOX 'unit_m_div';
2017-12-06 16:48:39 EXEC SPC_COM_GET_COMBOBOX 'unit_q_div';
2017-12-06 16:48:39 EXEC SPC_COM_GET_COMBOBOX 'sales_detail_div';
2017-12-06 16:48:39 EXEC SPC_COM_GET_COMBOBOX 'bank_div';
2017-12-06 16:49:33 EXEC SPC_COM_GET_COMBOBOX 'currency_div';
2017-12-06 16:49:33 EXEC SPC_COM_GET_COMBOBOX 'shipment_div';
2017-12-06 16:49:33 EXEC SPC_COM_GET_COMBOBOX 'payment_conditions_div';
2017-12-06 16:49:33 EXEC SPC_COM_GET_COMBOBOX 'trade_terms_div';
2017-12-06 16:49:33 EXEC SPC_COM_GET_COMBOBOX 'port_country_div';
2017-12-06 16:49:33 EXEC SPC_COM_GET_COMBOBOX 'port_city_div';
2017-12-06 16:49:33 EXEC SPC_COM_GET_COMBOBOX 'unit_w_div';
2017-12-06 16:49:33 EXEC SPC_COM_GET_COMBOBOX 'unit_q_div';
2017-12-06 16:49:33 EXEC SPC_COM_GET_COMBOBOX 'bank_div';
2017-12-06 16:49:33 EXEC SPC_COM_GET_COMBOBOX 'sales_detail_div';
2017-12-06 16:49:33 EXEC SPC_COM_GET_COMBOBOX 'unit_m_div';
2017-12-06 16:49:34 EXEC SPC_GET_TAX_RATE '';
2017-12-06 16:50:03 EXEC SPC_COM_GET_COMBOBOX 'shipment_div';
2017-12-06 16:50:03 EXEC SPC_COM_GET_COMBOBOX 'trade_terms_div';
2017-12-06 16:50:03 EXEC SPC_COM_GET_COMBOBOX 'port_country_div';
2017-12-06 16:50:03 EXEC SPC_COM_GET_COMBOBOX 'payment_conditions_div';
2017-12-06 16:50:03 EXEC SPC_COM_GET_COMBOBOX 'port_city_div';
2017-12-06 16:50:03 EXEC SPC_COM_GET_COMBOBOX 'currency_div';
2017-12-06 16:50:04 EXEC SPC_COM_GET_COMBOBOX 'unit_m_div';
2017-12-06 16:50:04 EXEC SPC_COM_GET_COMBOBOX 'unit_w_div';
2017-12-06 16:50:04 EXEC SPC_COM_GET_COMBOBOX 'unit_q_div';
2017-12-06 16:50:04 EXEC SPC_COM_GET_COMBOBOX 'sales_detail_div';
2017-12-06 16:50:04 EXEC SPC_COM_GET_COMBOBOX 'bank_div';
2017-12-06 16:50:04 EXEC SPC_GET_TAX_RATE '';
2017-12-06 16:50:08 EXEC SPC_COM_GET_COMBOBOX 'port_city_div';
2017-12-06 16:50:08 EXEC SPC_COM_GET_COMBOBOX 'payment_conditions_div';
2017-12-06 16:50:08 EXEC SPC_COM_GET_COMBOBOX 'port_country_div';
2017-12-06 16:50:08 EXEC SPC_COM_GET_COMBOBOX 'currency_div';
2017-12-06 16:50:08 EXEC SPC_COM_GET_COMBOBOX 'shipment_div';
2017-12-06 16:50:08 EXEC SPC_COM_GET_COMBOBOX 'trade_terms_div';
2017-12-06 16:50:08 EXEC SPC_COM_GET_COMBOBOX 'unit_q_div';
2017-12-06 16:50:08 EXEC SPC_COM_GET_COMBOBOX 'unit_m_div';
2017-12-06 16:50:08 EXEC SPC_COM_GET_COMBOBOX 'sales_detail_div';
2017-12-06 16:50:09 EXEC SPC_COM_GET_COMBOBOX 'bank_div';
2017-12-06 16:50:09 EXEC SPC_COM_GET_COMBOBOX 'unit_w_div';
2017-12-06 16:55:05 EXEC SPC_COM_GET_COMBOBOX 'port_city_div';
2017-12-06 16:55:05 EXEC SPC_COM_GET_COMBOBOX 'trade_terms_div';
2017-12-06 16:55:05 EXEC SPC_COM_GET_COMBOBOX 'currency_div';
2017-12-06 16:55:05 EXEC SPC_COM_GET_COMBOBOX 'shipment_div';
2017-12-06 16:55:05 EXEC SPC_COM_GET_COMBOBOX 'payment_conditions_div';
2017-12-06 16:55:06 EXEC SPC_COM_GET_COMBOBOX 'port_country_div';
2017-12-06 16:55:06 EXEC SPC_COM_GET_COMBOBOX 'unit_w_div';
2017-12-06 16:55:06 EXEC SPC_COM_GET_COMBOBOX 'unit_q_div';
2017-12-06 16:55:06 EXEC SPC_COM_GET_COMBOBOX 'unit_m_div';
2017-12-06 16:55:06 EXEC SPC_COM_GET_COMBOBOX 'sales_detail_div';
2017-12-06 16:55:06 EXEC SPC_COM_GET_COMBOBOX 'bank_div';
2017-12-06 16:55:06 EXEC SPC_GET_TAX_RATE '';
2017-12-06 16:55:15 EXEC SPC_COM_GET_COMBOBOX 'port_city_div';
2017-12-06 16:55:15 EXEC SPC_COM_GET_COMBOBOX 'trade_terms_div';
2017-12-06 16:55:15 EXEC SPC_COM_GET_COMBOBOX 'port_country_div';
2017-12-06 16:55:15 EXEC SPC_COM_GET_COMBOBOX 'currency_div';
2017-12-06 16:55:15 EXEC SPC_COM_GET_COMBOBOX 'shipment_div';
2017-12-06 16:55:15 EXEC SPC_COM_GET_COMBOBOX 'payment_conditions_div';
2017-12-06 16:55:16 EXEC SPC_COM_GET_COMBOBOX 'unit_w_div';
2017-12-06 16:55:16 EXEC SPC_COM_GET_COMBOBOX 'unit_m_div';
2017-12-06 16:55:16 EXEC SPC_COM_GET_COMBOBOX 'bank_div';
2017-12-06 16:55:16 EXEC SPC_GET_TAX_RATE '';
2017-12-06 16:55:16 EXEC SPC_COM_GET_COMBOBOX 'sales_detail_div';
2017-12-06 16:55:16 EXEC SPC_COM_GET_COMBOBOX 'unit_q_div';
2017-12-06 17:38:48 EXEC SPC_COM_GET_COMBOBOX 'currency_div';
2017-12-06 17:38:49 EXEC SPC_COM_GET_COMBOBOX 'unit_q_div';
2017-12-06 17:38:49 EXEC SPC_COM_GET_COMBOBOX 'port_country_div';
2017-12-06 17:38:49 EXEC SPC_COM_GET_COMBOBOX 'trade_terms_div';
2017-12-06 17:38:49 EXEC SPC_COM_GET_COMBOBOX 'port_city_div';
2017-12-06 17:38:49 EXEC SPC_COM_GET_COMBOBOX 'shipment_div';
2017-12-06 17:38:49 EXEC SPC_COM_GET_COMBOBOX 'payment_conditions_div';
2017-12-06 17:38:49 EXEC SPC_COM_GET_COMBOBOX 'unit_w_div';
2017-12-06 17:38:49 EXEC SPC_COM_GET_COMBOBOX 'unit_m_div';
2017-12-06 17:38:49 EXEC SPC_COM_GET_COMBOBOX 'bank_div';
2017-12-06 17:38:49 EXEC SPC_COM_GET_COMBOBOX 'sales_detail_div';
2017-12-06 17:38:49 EXEC SPC_GET_TAX_RATE '';
2017-12-06 17:39:33 EXEC SPC_COM_GET_COMBOBOX 'payment_conditions_div';
2017-12-06 17:39:33 EXEC SPC_COM_GET_COMBOBOX 'port_city_div';
2017-12-06 17:39:33 EXEC SPC_COM_GET_COMBOBOX 'currency_div';
2017-12-06 17:39:33 EXEC SPC_COM_GET_COMBOBOX 'shipment_div';
2017-12-06 17:39:33 EXEC SPC_COM_GET_COMBOBOX 'port_country_div';
2017-12-06 17:39:33 EXEC SPC_COM_GET_COMBOBOX 'trade_terms_div';
2017-12-06 17:39:33 EXEC SPC_COM_GET_COMBOBOX 'unit_q_div';
2017-12-06 17:39:33 EXEC SPC_COM_GET_COMBOBOX 'unit_m_div';
2017-12-06 17:39:33 EXEC SPC_COM_GET_COMBOBOX 'sales_detail_div';
2017-12-06 17:39:34 EXEC SPC_COM_GET_COMBOBOX 'bank_div';
2017-12-06 17:39:34 EXEC SPC_COM_GET_COMBOBOX 'unit_w_div';
2017-12-06 17:39:34 EXEC SPC_GET_TAX_RATE '';
2017-12-06 17:48:20 EXEC SPC_COM_GET_COMBOBOX 'port_city_div';
2017-12-06 17:48:21 EXEC SPC_COM_GET_COMBOBOX 'shipment_div';
2017-12-06 17:48:21 EXEC SPC_COM_GET_COMBOBOX 'currency_div';
2017-12-06 17:48:21 EXEC SPC_COM_GET_COMBOBOX 'port_country_div';
2017-12-06 17:48:21 EXEC SPC_COM_GET_COMBOBOX 'unit_q_div';
2017-12-06 17:48:21 EXEC SPC_COM_GET_COMBOBOX 'trade_terms_div';
2017-12-06 17:48:21 EXEC SPC_COM_GET_COMBOBOX 'payment_conditions_div';
2017-12-06 17:48:21 EXEC SPC_COM_GET_COMBOBOX 'unit_m_div';
2017-12-06 17:48:21 EXEC SPC_COM_GET_COMBOBOX 'unit_w_div';
2017-12-06 17:48:22 EXEC SPC_COM_GET_COMBOBOX 'sales_detail_div';
2017-12-06 17:48:22 EXEC SPC_COM_GET_COMBOBOX 'bank_div';
2017-12-06 17:48:22 EXEC SPC_GET_TAX_RATE '';
2017-12-06 17:49:00 EXEC SPC_COM_GET_COMBOBOX 'shipment_div';
2017-12-06 17:49:00 EXEC SPC_COM_GET_COMBOBOX 'trade_terms_div';
2017-12-06 17:49:00 EXEC SPC_COM_GET_COMBOBOX 'port_country_div';
2017-12-06 17:49:00 EXEC SPC_COM_GET_COMBOBOX 'payment_conditions_div';
2017-12-06 17:49:00 EXEC SPC_COM_GET_COMBOBOX 'port_city_div';
2017-12-06 17:49:00 EXEC SPC_COM_GET_COMBOBOX 'currency_div';
2017-12-06 17:49:00 EXEC SPC_COM_GET_COMBOBOX 'unit_w_div';
2017-12-06 17:49:00 EXEC SPC_COM_GET_COMBOBOX 'unit_m_div';
2017-12-06 17:49:00 EXEC SPC_COM_GET_COMBOBOX 'sales_detail_div';
2017-12-06 17:49:00 EXEC SPC_COM_GET_COMBOBOX 'unit_q_div';
2017-12-06 17:49:01 EXEC SPC_COM_GET_COMBOBOX 'bank_div';
2017-12-06 17:49:01 EXEC SPC_GET_TAX_RATE '';
2017-12-06 17:49:30 EXEC SPC_COM_GET_COMBOBOX 'port_country_div';
2017-12-06 17:49:30 EXEC SPC_COM_GET_COMBOBOX 'currency_div';
2017-12-06 17:49:30 EXEC SPC_COM_GET_COMBOBOX 'payment_conditions_div';
2017-12-06 17:49:30 EXEC SPC_COM_GET_COMBOBOX 'trade_terms_div';
2017-12-06 17:49:30 EXEC SPC_COM_GET_COMBOBOX 'port_city_div';
2017-12-06 17:49:30 EXEC SPC_COM_GET_COMBOBOX 'shipment_div';
2017-12-06 17:49:30 EXEC SPC_COM_GET_COMBOBOX 'unit_m_div';
2017-12-06 17:49:30 EXEC SPC_COM_GET_COMBOBOX 'bank_div';
2017-12-06 17:49:30 EXEC SPC_COM_GET_COMBOBOX 'unit_w_div';
2017-12-06 17:49:30 EXEC SPC_GET_TAX_RATE '';
2017-12-06 17:49:30 EXEC SPC_COM_GET_COMBOBOX 'sales_detail_div';
2017-12-06 17:49:30 EXEC SPC_COM_GET_COMBOBOX 'unit_q_div';
2017-12-06 17:49:58 EXEC SPC_COM_GET_COMBOBOX 'trade_terms_div';
2017-12-06 17:49:58 EXEC SPC_COM_GET_COMBOBOX 'shipment_div';
2017-12-06 17:49:58 EXEC SPC_COM_GET_COMBOBOX 'port_country_div';
2017-12-06 17:49:58 EXEC SPC_COM_GET_COMBOBOX 'port_city_div';
2017-12-06 17:49:58 EXEC SPC_COM_GET_COMBOBOX 'payment_conditions_div';
2017-12-06 17:49:58 EXEC SPC_COM_GET_COMBOBOX 'currency_div';
2017-12-06 17:49:58 EXEC SPC_COM_GET_COMBOBOX 'unit_q_div';
2017-12-06 17:49:58 EXEC SPC_COM_GET_COMBOBOX 'bank_div';
2017-12-06 17:49:58 EXEC SPC_COM_GET_COMBOBOX 'sales_detail_div';
2017-12-06 17:49:58 EXEC SPC_COM_GET_COMBOBOX 'unit_m_div';
2017-12-06 17:49:58 EXEC SPC_COM_GET_COMBOBOX 'unit_w_div';
2017-12-06 17:49:58 EXEC SPC_GET_TAX_RATE '';
2017-12-06 17:50:15 EXEC SPC_COM_GET_COMBOBOX 'port_country_div';
2017-12-06 17:50:15 EXEC SPC_COM_GET_COMBOBOX 'currency_div';
2017-12-06 17:50:15 EXEC SPC_COM_GET_COMBOBOX 'payment_conditions_div';
2017-12-06 17:50:15 EXEC SPC_COM_GET_COMBOBOX 'shipment_div';
2017-12-06 17:50:15 EXEC SPC_COM_GET_COMBOBOX 'port_city_div';
2017-12-06 17:50:15 EXEC SPC_COM_GET_COMBOBOX 'trade_terms_div';
2017-12-06 17:50:15 EXEC SPC_COM_GET_COMBOBOX 'unit_m_div';
2017-12-06 17:50:15 EXEC SPC_COM_GET_COMBOBOX 'unit_q_div';
2017-12-06 17:50:15 EXEC SPC_COM_GET_COMBOBOX 'bank_div';
2017-12-06 17:50:15 EXEC SPC_COM_GET_COMBOBOX 'sales_detail_div';
2017-12-06 17:50:15 EXEC SPC_COM_GET_COMBOBOX 'unit_w_div';
2017-12-06 17:50:15 EXEC SPC_GET_TAX_RATE '';
2017-12-06 17:50:57 EXEC SPC_COM_GET_COMBOBOX 'port_country_div';
2017-12-06 17:50:57 EXEC SPC_COM_GET_COMBOBOX 'trade_terms_div';
2017-12-06 17:50:57 EXEC SPC_COM_GET_COMBOBOX 'shipment_div';
2017-12-06 17:50:57 EXEC SPC_COM_GET_COMBOBOX 'payment_conditions_div';
2017-12-06 17:50:57 EXEC SPC_COM_GET_COMBOBOX 'port_city_div';
2017-12-06 17:50:57 EXEC SPC_COM_GET_COMBOBOX 'currency_div';
2017-12-06 17:50:58 EXEC SPC_COM_GET_COMBOBOX 'sales_detail_div';
2017-12-06 17:50:58 EXEC SPC_COM_GET_COMBOBOX 'unit_m_div';
2017-12-06 17:50:58 EXEC SPC_COM_GET_COMBOBOX 'unit_q_div';
2017-12-06 17:50:58 EXEC SPC_COM_GET_COMBOBOX 'unit_w_div';
2017-12-06 17:50:58 EXEC SPC_COM_GET_COMBOBOX 'bank_div';
2017-12-06 17:50:58 EXEC SPC_GET_TAX_RATE '';
2017-12-06 17:51:52 EXEC SPC_COM_GET_COMBOBOX 'currency_div';
2017-12-06 17:51:52 EXEC SPC_COM_GET_COMBOBOX 'payment_conditions_div';
2017-12-06 17:51:52 EXEC SPC_COM_GET_COMBOBOX 'port_city_div';
2017-12-06 17:51:52 EXEC SPC_COM_GET_COMBOBOX 'shipment_div';
2017-12-06 17:51:52 EXEC SPC_COM_GET_COMBOBOX 'trade_terms_div';

2017-12-06 17:51:53 EXEC SPC_COM_GET_COMBOBOX 'unit_q_div';
2017-12-06 17:51:53 EXEC SPC_COM_GET_COMBOBOX 'unit_w_div';
2017-12-06 17:51:53 EXEC SPC_COM_GET_COMBOBOX 'bank_div';
2017-12-06 17:51:53 EXEC SPC_COM_GET_COMBOBOX 'unit_m_div';
2017-12-06 17:51:53 EXEC SPC_GET_TAX_RATE '';
2017-12-06 17:51:53 EXEC SPC_COM_GET_COMBOBOX 'sales_detail_div';
2017-12-06 17:59:38 EXEC SPC_COM_GET_COMBOBOX 'port_city_div';
2017-12-06 17:59:38 EXEC SPC_COM_GET_COMBOBOX 'unit_q_div';
2017-12-06 17:59:39 EXEC SPC_COM_GET_COMBOBOX 'port_country_div';
2017-12-06 17:59:39 EXEC SPC_COM_GET_COMBOBOX 'shipment_div';
2017-12-06 17:59:39 EXEC SPC_COM_GET_COMBOBOX 'currency_div';
2017-12-06 17:59:39 EXEC SPC_COM_GET_COMBOBOX 'payment_conditions_div';
2017-12-06 17:59:39 EXEC SPC_COM_GET_COMBOBOX 'unit_w_div';
2017-12-06 17:59:39 EXEC SPC_COM_GET_COMBOBOX 'sales_detail_div';
2017-12-06 17:59:39 EXEC SPC_COM_GET_COMBOBOX 'trade_terms_div';
2017-12-06 17:59:39 EXEC SPC_COM_GET_COMBOBOX 'bank_div';
2017-12-06 17:59:39 EXEC SPC_GET_TAX_RATE '';
2017-12-06 18:00:05 EXEC SPC_COM_GET_COMBOBOX 'port_country_div';
2017-12-06 18:00:05 EXEC SPC_COM_GET_COMBOBOX 'trade_terms_div';
2017-12-06 18:00:05 EXEC SPC_COM_GET_COMBOBOX 'shipment_div';
2017-12-06 18:00:05 EXEC SPC_COM_GET_COMBOBOX 'currency_div';
2017-12-06 18:00:05 EXEC SPC_COM_GET_COMBOBOX 'port_city_div';
2017-12-06 18:00:05 EXEC SPC_COM_GET_COMBOBOX 'payment_conditions_div';
2017-12-06 18:00:06 EXEC SPC_COM_GET_COMBOBOX 'unit_w_div';
2017-12-06 18:00:06 EXEC SPC_COM_GET_COMBOBOX 'unit_m_div';
2017-12-06 18:00:06 EXEC SPC_COM_GET_COMBOBOX 'unit_q_div';
2017-12-06 18:00:06 EXEC SPC_GET_TAX_RATE '';
2017-12-06 18:00:06 EXEC SPC_COM_GET_COMBOBOX 'sales_detail_div';
2017-12-06 18:00:06 EXEC SPC_COM_GET_COMBOBOX 'bank_div';
2017-12-06 18:00:35 EXEC SPC_COM_GET_COMBOBOX 'payment_conditions_div';
2017-12-06 18:00:35 EXEC SPC_COM_GET_COMBOBOX 'port_country_div';
2017-12-06 18:00:35 EXEC SPC_COM_GET_COMBOBOX 'trade_terms_div';
2017-12-06 18:00:35 EXEC SPC_COM_GET_COMBOBOX 'port_city_div';
2017-12-06 18:00:35 EXEC SPC_COM_GET_COMBOBOX 'shipment_div';
2017-12-06 18:00:35 EXEC SPC_COM_GET_COMBOBOX 'currency_div';
2017-12-06 18:00:36 EXEC SPC_COM_GET_COMBOBOX 'unit_q_div';
2017-12-06 18:00:36 EXEC SPC_COM_GET_COMBOBOX 'sales_detail_div';
2017-12-06 18:00:36 EXEC SPC_COM_GET_COMBOBOX 'bank_div';
2017-12-06 18:00:36 EXEC SPC_COM_GET_COMBOBOX 'unit_w_div';
2017-12-06 18:00:36 EXEC SPC_COM_GET_COMBOBOX 'unit_m_div';
2017-12-06 18:00:36 EXEC SPC_GET_TAX_RATE '';
2017-12-06 18:01:17 EXEC SPC_COM_GET_COMBOBOX 'shipment_div';
2017-12-06 18:01:17 EXEC SPC_COM_GET_COMBOBOX 'port_city_div';
2017-12-06 18:01:17 EXEC SPC_COM_GET_COMBOBOX 'payment_conditions_div';
2017-12-06 18:01:17 EXEC SPC_COM_GET_COMBOBOX 'currency_div';
2017-12-06 18:01:17 EXEC SPC_COM_GET_COMBOBOX 'port_country_div';
2017-12-06 18:01:17 EXEC SPC_COM_GET_COMBOBOX 'trade_terms_div';
2017-12-06 18:01:18 EXEC SPC_COM_GET_COMBOBOX 'unit_w_div';
2017-12-06 18:01:18 EXEC SPC_COM_GET_COMBOBOX 'unit_q_div';
2017-12-06 18:01:18 EXEC SPC_COM_GET_COMBOBOX 'unit_m_div';
2017-12-06 18:01:18 EXEC SPC_COM_GET_COMBOBOX 'bank_div';
2017-12-06 18:01:18 EXEC SPC_COM_GET_COMBOBOX 'sales_detail_div';
2017-12-06 18:01:18 EXEC SPC_GET_TAX_RATE '';
2017-12-06 18:07:50 EXEC SPC_COM_GET_COMBOBOX 'port_city_div';
2017-12-06 18:07:50 EXEC SPC_COM_GET_COMBOBOX 'currency_div';
2017-12-06 18:07:50 EXEC SPC_COM_GET_COMBOBOX 'port_country_div';
2017-12-06 18:07:50 EXEC SPC_COM_GET_COMBOBOX 'payment_conditions_div';
2017-12-06 18:07:50 EXEC SPC_COM_GET_COMBOBOX 'shipment_div';
2017-12-06 18:07:50 EXEC SPC_COM_GET_COMBOBOX 'unit_q_div';
2017-12-06 18:07:50 EXEC SPC_COM_GET_COMBOBOX 'trade_terms_div';
2017-12-06 18:07:51 EXEC SPC_COM_GET_COMBOBOX 'unit_w_div';
2017-12-06 18:07:51 EXEC SPC_COM_GET_COMBOBOX 'sales_detail_div';
2017-12-06 18:07:51 EXEC SPC_COM_GET_COMBOBOX 'bank_div';
2017-12-06 18:07:51 EXEC SPC_COM_GET_COMBOBOX 'unit_m_div';
2017-12-06 18:07:51 EXEC SPC_GET_TAX_RATE '';
2017-12-06 18:11:13 EXEC SPC_COM_GET_COMBOBOX 'trade_terms_div';
2017-12-06 18:11:13 EXEC SPC_COM_GET_COMBOBOX 'currency_div';
2017-12-06 18:11:13 EXEC SPC_COM_GET_COMBOBOX 'port_country_div';
2017-12-06 18:11:13 EXEC SPC_COM_GET_COMBOBOX 'shipment_div';
2017-12-06 18:11:13 EXEC SPC_COM_GET_COMBOBOX 'payment_conditions_div';
2017-12-06 18:11:13 EXEC SPC_COM_GET_COMBOBOX 'port_city_div';
2017-12-06 18:11:14 EXEC SPC_COM_GET_COMBOBOX 'unit_q_div';
2017-12-06 18:11:14 EXEC SPC_COM_GET_COMBOBOX 'unit_w_div';
2017-12-06 18:11:14 EXEC SPC_COM_GET_COMBOBOX 'sales_detail_div';
2017-12-06 18:11:14 EXEC SPC_COM_GET_COMBOBOX 'unit_m_div';
2017-12-06 18:11:14 EXEC SPC_COM_GET_COMBOBOX 'bank_div';
2017-12-06 18:11:14 EXEC SPC_GET_TAX_RATE '';
2017-12-06 18:15:56 EXEC SPC_COM_GET_COMBOBOX 'port_country_div';
2017-12-06 18:15:56 EXEC SPC_COM_GET_COMBOBOX 'currency_div';
2017-12-06 18:15:56 EXEC SPC_COM_GET_COMBOBOX 'trade_terms_div';
2017-12-06 18:15:56 EXEC SPC_COM_GET_COMBOBOX 'shipment_div';
2017-12-06 18:15:56 EXEC SPC_COM_GET_COMBOBOX 'port_city_div';
2017-12-06 18:15:56 EXEC SPC_COM_GET_COMBOBOX 'payment_conditions_div';
2017-12-06 18:15:56 EXEC SPC_COM_GET_COMBOBOX 'sales_detail_div';
2017-12-06 18:15:57 EXEC SPC_COM_GET_COMBOBOX 'unit_m_div';
2017-12-06 18:15:57 EXEC SPC_COM_GET_COMBOBOX 'unit_q_div';
2017-12-06 18:15:57 EXEC SPC_GET_TAX_RATE '';
2017-12-06 18:15:57 EXEC SPC_COM_GET_COMBOBOX 'unit_w_div';
2017-12-06 18:15:57 EXEC SPC_COM_GET_COMBOBOX 'bank_div';
2017-12-06 18:16:09 EXEC SPC_COM_GET_COMBOBOX 'payment_conditions_div';
2017-12-06 18:16:09 EXEC SPC_COM_GET_COMBOBOX 'port_city_div';
2017-12-06 18:16:09 EXEC SPC_COM_GET_COMBOBOX 'currency_div';
2017-12-06 18:16:09 EXEC SPC_COM_GET_COMBOBOX 'port_country_div';
2017-12-06 18:16:09 EXEC SPC_COM_GET_COMBOBOX 'shipment_div';
2017-12-06 18:16:09 EXEC SPC_COM_GET_COMBOBOX 'trade_terms_div';
2017-12-06 18:16:10 EXEC SPC_COM_GET_COMBOBOX 'unit_w_div';
2017-12-06 18:16:10 EXEC SPC_COM_GET_COMBOBOX 'sales_detail_div';
2017-12-06 18:16:10 EXEC SPC_COM_GET_COMBOBOX 'unit_m_div';
2017-12-06 18:16:10 EXEC SPC_COM_GET_COMBOBOX 'bank_div';
2017-12-06 18:16:10 EXEC SPC_COM_GET_COMBOBOX 'unit_q_div';
2017-12-06 18:16:40 EXEC SPC_COM_GET_COMBOBOX 'port_city_div';
2017-12-06 18:16:40 EXEC SPC_COM_GET_COMBOBOX 'currency_div';
2017-12-06 18:16:40 EXEC SPC_COM_GET_COMBOBOX 'port_country_div';
2017-12-06 18:16:40 EXEC SPC_COM_GET_COMBOBOX 'shipment_div';
2017-12-06 18:16:41 EXEC SPC_COM_GET_COMBOBOX 'payment_conditions_div';
2017-12-06 18:16:41 EXEC SPC_COM_GET_COMBOBOX 'trade_terms_div';
2017-12-06 18:16:41 EXEC SPC_COM_GET_COMBOBOX 'unit_w_div';
2017-12-06 18:16:41 EXEC SPC_COM_GET_COMBOBOX 'sales_detail_div';
2017-12-06 18:16:41 EXEC SPC_COM_GET_COMBOBOX 'unit_q_div';
2017-12-06 18:16:41 EXEC SPC_COM_GET_COMBOBOX 'unit_m_div';
2017-12-06 18:16:41 EXEC SPC_GET_TAX_RATE '';
2017-12-06 18:16:41 EXEC SPC_COM_GET_COMBOBOX 'bank_div';
2017-12-06 18:17:03 EXEC SPC_COM_GET_COMBOBOX 'trade_terms_div';
2017-12-06 18:17:03 EXEC SPC_COM_GET_COMBOBOX 'port_city_div';
2017-12-06 18:17:03 EXEC SPC_COM_GET_COMBOBOX 'shipment_div';
2017-12-06 18:17:03 EXEC SPC_COM_GET_COMBOBOX 'currency_div';
2017-12-06 18:17:03 EXEC SPC_COM_GET_COMBOBOX 'payment_conditions_div';
2017-12-06 18:17:03 EXEC SPC_COM_GET_COMBOBOX 'port_country_div';
2017-12-06 18:17:04 EXEC SPC_COM_GET_COMBOBOX 'unit_q_div';
2017-12-06 18:17:04 EXEC SPC_COM_GET_COMBOBOX 'bank_div';
2017-12-06 18:17:04 EXEC SPC_COM_GET_COMBOBOX 'sales_detail_div';
2017-12-06 18:17:04 EXEC SPC_COM_GET_COMBOBOX 'unit_w_div';
2017-12-06 18:17:04 EXEC SPC_COM_GET_COMBOBOX 'unit_m_div';
2017-12-06 18:17:38 EXEC SPC_COM_GET_COMBOBOX 'trade_terms_div';
2017-12-06 18:17:38 EXEC SPC_COM_GET_COMBOBOX 'port_country_div';
2017-12-06 18:17:38 EXEC SPC_COM_GET_COMBOBOX 'shipment_div';
2017-12-06 18:17:38 EXEC SPC_COM_GET_COMBOBOX 'currency_div';
2017-12-06 18:17:38 EXEC SPC_COM_GET_COMBOBOX 'payment_conditions_div';
2017-12-06 18:17:38 EXEC SPC_COM_GET_COMBOBOX 'port_city_div';
2017-12-06 18:17:39 EXEC SPC_COM_GET_COMBOBOX 'unit_w_div';
2017-12-06 18:17:39 EXEC SPC_COM_GET_COMBOBOX 'sales_detail_div';
2017-12-06 18:17:39 EXEC SPC_COM_GET_COMBOBOX 'unit_m_div';
2017-12-06 18:17:39 EXEC SPC_GET_TAX_RATE '';
2017-12-06 18:17:39 EXEC SPC_COM_GET_COMBOBOX 'unit_q_div';
2017-12-06 18:17:39 EXEC SPC_COM_GET_COMBOBOX 'bank_div';
2017-12-06 18:17:45 EXEC SPC_COM_GET_COMBOBOX 'payment_conditions_div';
2017-12-06 18:17:45 EXEC SPC_COM_GET_COMBOBOX 'port_country_div';
2017-12-06 18:17:45 EXEC SPC_COM_GET_COMBOBOX 'shipment_div';
2017-12-06 18:17:45 EXEC SPC_COM_GET_COMBOBOX 'currency_div';
2017-12-06 18:17:45 EXEC SPC_COM_GET_COMBOBOX 'trade_terms_div';
2017-12-06 18:17:45 EXEC SPC_COM_GET_COMBOBOX 'port_city_div';
2017-12-06 18:17:46 EXEC SPC_COM_GET_COMBOBOX 'unit_q_div';
2017-12-06 18:17:46 EXEC SPC_COM_GET_COMBOBOX 'sales_detail_div';
2017-12-06 18:17:46 EXEC SPC_COM_GET_COMBOBOX 'unit_w_div';
2017-12-06 18:17:46 EXEC SPC_COM_GET_COMBOBOX 'unit_m_div';
2017-12-06 18:17:46 EXEC SPC_COM_GET_COMBOBOX 'bank_div';
2017-12-06 18:19:27 EXEC SPC_COM_GET_COMBOBOX 'port_country_div';
2017-12-06 18:19:27 EXEC SPC_COM_GET_COMBOBOX 'shipment_div';
2017-12-06 18:19:27 EXEC SPC_COM_GET_COMBOBOX 'currency_div';
2017-12-06 18:19:27 EXEC SPC_COM_GET_COMBOBOX 'payment_conditions_div';
2017-12-06 18:19:27 EXEC SPC_COM_GET_COMBOBOX 'port_city_div';
2017-12-06 18:19:27 EXEC SPC_COM_GET_COMBOBOX 'trade_terms_div';
2017-12-06 18:19:28 EXEC SPC_COM_GET_COMBOBOX 'unit_w_div';
2017-12-06 18:19:28 EXEC SPC_COM_GET_COMBOBOX 'unit_q_div';
2017-12-06 18:19:28 EXEC SPC_COM_GET_COMBOBOX 'unit_m_div';
2017-12-06 18:19:28 EXEC SPC_COM_GET_COMBOBOX 'sales_detail_div';
2017-12-06 18:19:28 EXEC SPC_COM_GET_COMBOBOX 'bank_div';
2017-12-06 18:19:28 EXEC SPC_GET_TAX_RATE '';
2017-12-06 18:19:35 EXEC SPC_COM_GET_COMBOBOX 'port_country_div';
2017-12-06 18:19:35 EXEC SPC_COM_GET_COMBOBOX 'trade_terms_div';
2017-12-06 18:19:35 EXEC SPC_COM_GET_COMBOBOX 'port_city_div';
2017-12-06 18:19:35 EXEC SPC_COM_GET_COMBOBOX 'payment_conditions_div';
2017-12-06 18:19:35 EXEC SPC_COM_GET_COMBOBOX 'currency_div';
2017-12-06 18:19:35 EXEC SPC_COM_GET_COMBOBOX 'shipment_div';
2017-12-06 18:19:35 EXEC SPC_COM_GET_COMBOBOX 'unit_q_div';
2017-12-06 18:19:35 EXEC SPC_COM_GET_COMBOBOX 'unit_w_div';
2017-12-06 18:19:35 EXEC SPC_COM_GET_COMBOBOX 'bank_div';
2017-12-06 18:19:35 EXEC SPC_COM_GET_COMBOBOX 'sales_detail_div';
2017-12-06 18:19:35 EXEC SPC_COM_GET_COMBOBOX 'unit_m_div';
2017-12-06 18:20:58 EXEC SPC_COM_GET_COMBOBOX 'port_city_div';
2017-12-06 18:20:58 EXEC SPC_COM_GET_COMBOBOX 'shipment_div';
2017-12-06 18:20:58 EXEC SPC_COM_GET_COMBOBOX 'payment_conditions_div';
2017-12-06 18:20:58 EXEC SPC_COM_GET_COMBOBOX 'trade_terms_div';
2017-12-06 18:20:58 EXEC SPC_COM_GET_COMBOBOX 'port_country_div';
2017-12-06 18:20:58 EXEC SPC_COM_GET_COMBOBOX 'currency_div';
2017-12-06 18:20:59 EXEC SPC_COM_GET_COMBOBOX 'unit_q_div';
2017-12-06 18:20:59 EXEC SPC_COM_GET_COMBOBOX 'bank_div';
2017-12-06 18:20:59 EXEC SPC_COM_GET_COMBOBOX 'unit_w_div';
2017-12-06 18:20:59 EXEC SPC_COM_GET_COMBOBOX 'sales_detail_div';
2017-12-06 18:20:59 EXEC SPC_GET_TAX_RATE '';
2017-12-06 18:20:59 EXEC SPC_COM_GET_COMBOBOX 'unit_m_div';
2017-12-06 18:21:06 EXEC SPC_COM_GET_COMBOBOX 'payment_conditions_div';
2017-12-06 18:21:06 EXEC SPC_COM_GET_COMBOBOX 'trade_terms_div';
2017-12-06 18:21:06 EXEC SPC_COM_GET_COMBOBOX 'port_country_div';
2017-12-06 18:21:06 EXEC SPC_COM_GET_COMBOBOX 'port_city_div';
2017-12-06 18:21:06 EXEC SPC_COM_GET_COMBOBOX 'currency_div';
2017-12-06 18:21:06 EXEC SPC_COM_GET_COMBOBOX 'shipment_div';
2017-12-06 18:21:06 EXEC SPC_COM_GET_COMBOBOX 'unit_q_div';
2017-12-06 18:21:06 EXEC SPC_COM_GET_COMBOBOX 'unit_m_div';
2017-12-06 18:21:06 EXEC SPC_COM_GET_COMBOBOX 'unit_w_div';
2017-12-06 18:21:06 EXEC SPC_COM_GET_COMBOBOX 'sales_detail_div';
2017-12-06 18:21:06 EXEC SPC_COM_GET_COMBOBOX 'bank_div';
2017-12-06 18:22:42 EXEC SPC_COM_GET_COMBOBOX 'port_city_div';
2017-12-06 18:22:42 EXEC SPC_COM_GET_COMBOBOX 'payment_conditions_div';
2017-12-06 18:22:42 EXEC SPC_COM_GET_COMBOBOX 'port_country_div';
2017-12-06 18:22:42 EXEC SPC_COM_GET_COMBOBOX 'trade_terms_div';
2017-12-06 18:22:43 EXEC SPC_COM_GET_COMBOBOX 'shipment_div';
2017-12-06 18:22:43 EXEC SPC_COM_GET_COMBOBOX 'currency_div';
2017-12-06 18:22:43 EXEC SPC_COM_GET_COMBOBOX 'unit_q_div';
2017-12-06 18:22:43 EXEC SPC_COM_GET_COMBOBOX 'unit_m_div';
2017-12-06 18:22:43 EXEC SPC_COM_GET_COMBOBOX 'unit_w_div';
2017-12-06 18:22:43 EXEC SPC_COM_GET_COMBOBOX 'sales_detail_div';
2017-12-06 18:22:43 EXEC SPC_COM_GET_COMBOBOX 'bank_div';
2017-12-06 18:22:43 EXEC SPC_GET_TAX_RATE '';
2017-12-06 18:22:49 EXEC SPC_COM_GET_COMBOBOX 'payment_conditions_div';
2017-12-06 18:22:49 EXEC SPC_COM_GET_COMBOBOX 'port_country_div';
2017-12-06 18:22:49 EXEC SPC_COM_GET_COMBOBOX 'port_city_div';
2017-12-06 18:22:49 EXEC SPC_COM_GET_COMBOBOX 'currency_div';
2017-12-06 18:22:49 EXEC SPC_COM_GET_COMBOBOX 'trade_terms_div';
2017-12-06 18:22:49 EXEC SPC_COM_GET_COMBOBOX 'shipment_div';
2017-12-06 18:22:49 EXEC SPC_COM_GET_COMBOBOX 'unit_q_div';
2017-12-06 18:22:50 EXEC SPC_COM_GET_COMBOBOX 'sales_detail_div';
2017-12-06 18:22:50 EXEC SPC_COM_GET_COMBOBOX 'unit_w_div';
2017-12-06 18:22:50 EXEC SPC_COM_GET_COMBOBOX 'unit_m_div';
2017-12-06 18:22:50 EXEC SPC_COM_GET_COMBOBOX 'bank_div';
2017-12-06 18:31:10 EXEC SPC_COM_GET_COMBOBOX 'port_country_div';
2017-12-06 18:31:11 EXEC SPC_COM_GET_COMBOBOX 'currency_div';
2017-12-06 18:31:11 EXEC SPC_COM_GET_COMBOBOX 'trade_terms_div';
2017-12-06 18:31:11 EXEC SPC_COM_GET_COMBOBOX 'shipment_div';
2017-12-06 18:31:11 EXEC SPC_COM_GET_COMBOBOX 'port_city_div';
s_div';
2017-12-06 18:31:11 EXEC SPC_COM_GET_COMBOBOX 'unit_q_div';
2017-12-06 18:31:11 EXEC SPC_COM_GET_COMBOBOX 'unit_m_div';
2017-12-06 18:31:11 EXEC SPC_COM_GET_COMBOBOX 'unit_w_div';
2017-12-06 18:31:11 EXEC SPC_GET_TAX_RATE '';
2017-12-06 18:31:11 EXEC SPC_COM_GET_COMBOBOX 'sales_detail_div';
2017-12-06 18:31:11 EXEC SPC_COM_GET_COMBOBOX 'bank_div';
2017-12-06 18:31:19 EXEC SPC_COM_GET_COMBOBOX 'currency_div';
2017-12-06 18:31:19 EXEC SPC_COM_GET_COMBOBOX 'port_city_div';
;
2017-12-06 18:31:19 EXEC SPC_COM_GET_COMBOBOX 'payment_conditions_div';
2017-12-06 18:31:19 EXEC SPC_COM_GET_COMBOBOX 'trade_terms_div';
2017-12-06 18:31:20 EXEC SPC_COM_GET_COMBOBOX 'shipment_div';
2017-12-06 18:31:20 EXEC SPC_COM_GET_COMBOBOX 'sales_detail_div';
2017-12-06 18:31:20 EXEC SPC_COM_GET_COMBOBOX 'unit_q_div';
2017-12-06 18:31:20 EXEC SPC_COM_GET_COMBOBOX 'unit_m_div';
2017-12-06 18:31:20 EXEC SPC_COM_GET_COMBOBOX 'bank_div';
2017-12-06 18:31:20 EXEC SPC_COM_GET_COMBOBOX 'unit_w_div';
2017-12-06 18:32:11 EXEC SPC_COM_GET_COMBOBOX 'currency_div';
2017-12-06 18:32:11 EXEC SPC_COM_GET_COMBOBOX 'port_city_div';
2017-12-06 18:32:11 EXEC SPC_COM_GET_COMBOBOX 'trade_terms_div';
2017-12-06 18:32:11 EXEC SPC_COM_GET_COMBOBOX 'port_country_div';
2017-12-06 18:32:11 EXEC SPC_COM_GET_COMBOBOX 'shipment_div';
2017-12-06 18:32:11 EXEC SPC_COM_GET_COMBOBOX 'payment_conditions_div';
2017-12-06 18:32:11 EXEC SPC_COM_GET_COMBOBOX 'unit_q_div';
2017-12-06 18:32:11 EXEC SPC_COM_GET_COMBOBOX 'bank_div';
2017-12-06 18:32:11 EXEC SPC_COM_GET_COMBOBOX 'unit_w_div';
2017-12-06 18:32:11 EXEC SPC_COM_GET_COMBOBOX 'sales_detail_div';
2017-12-06 18:32:11 EXEC SPC_COM_GET_COMBOBOX 'unit_m_div';
2017-12-06 18:32:11 EXEC SPC_GET_TAX_RATE '';
2017-12-06 18:32:17 EXEC SPC_COM_GET_COMBOBOX 'shipment_div';
2017-12-06 18:32:17 EXEC SPC_COM_GET_COMBOBOX 'port_city_div';
2017-12-06 18:32:17 EXEC SPC_COM_GET_COMBOBOX 'port_country_div';
2017-12-06 18:32:17 EXEC SPC_COM_GET_COMBOBOX 'currency_div';
2017-12-06 18:32:17 EXEC SPC_COM_GET_COMBOBOX 'payment_conditions_div';
2017-12-06 18:32:17 EXEC SPC_COM_GET_COMBOBOX 'trade_terms_div';
2017-12-06 18:32:17 EXEC SPC_COM_GET_COMBOBOX 'unit_w_div';
2017-12-06 18:32:17 EXEC SPC_COM_GET_COMBOBOX 'unit_m_div';
2017-12-06 18:32:17 EXEC SPC_COM_GET_COMBOBOX 'bank_div';
2017-12-06 18:32:17 EXEC SPC_COM_GET_COMBOBOX 'unit_q_div';
2017-12-06 18:32:18 EXEC SPC_COM_GET_COMBOBOX 'sales_detail_div';
2017-12-06 18:36:19 EXEC SPC_COM_GET_COMBOBOX 'port_country_div';
2017-12-06 18:36:19 EXEC SPC_COM_GET_COMBOBOX 'port_city_div';
2017-12-06 18:36:19 EXEC SPC_COM_GET_COMBOBOX 'trade_terms_div';
2017-12-06 18:36:19 EXEC SPC_COM_GET_COMBOBOX 'payment_conditions_div';
2017-12-06 18:36:19 EXEC SPC_COM_GET_COMBOBOX 'currency_div';
2017-12-06 18:36:19 EXEC SPC_COM_GET_COMBOBOX 'shipment_div';
2017-12-06 18:36:20 EXEC SPC_COM_GET_COMBOBOX 'unit_w_div';
2017-12-06 18:36:20 EXEC SPC_COM_GET_COMBOBOX 'unit_q_div';
2017-12-06 18:36:20 EXEC SPC_COM_GET_COMBOBOX 'sales_detail_div';
2017-12-06 18:36:20 EXEC SPC_COM_GET_COMBOBOX 'bank_div';
2017-12-06 18:36:20 EXEC SPC_GET_TAX_RATE '';
2017-12-06 18:36:20 EXEC SPC_COM_GET_COMBOBOX 'unit_m_div';
2017-12-06 18:36:25 EXEC SPC_COM_GET_COMBOBOX 'payment_conditions_div';
2017-12-06 18:36:25 EXEC SPC_COM_GET_COMBOBOX 'port_city_div';
2017-12-06 18:36:25 EXEC SPC_COM_GET_COMBOBOX 'port_country_div';
2017-12-06 18:36:25 EXEC SPC_COM_GET_COMBOBOX 'shipment_div';
2017-12-06 18:36:25 EXEC SPC_COM_GET_COMBOBOX 'trade_terms_div';
2017-12-06 18:36:25 EXEC SPC_COM_GET_COMBOBOX 'currency_div';
2017-12-06 18:36:26 EXEC SPC_COM_GET_COMBOBOX 'unit_q_div';
2017-12-06 18:36:26 EXEC SPC_COM_GET_COMBOBOX 'unit_m_div';
2017-12-06 18:36:26 EXEC SPC_COM_GET_COMBOBOX 'unit_w_div';
2017-12-06 18:36:26 EXEC SPC_COM_GET_COMBOBOX 'sales_detail_div';
2017-12-06 18:36:26 EXEC SPC_COM_GET_COMBOBOX 'bank_div';
2017-12-06 18:38:08 EXEC SPC_COM_GET_COMBOBOX 'port_country_div';
2017-12-06 18:38:08 EXEC SPC_COM_GET_COMBOBOX 'shipment_div';
2017-12-06 18:38:08 EXEC SPC_COM_GET_COMBOBOX 'currency_div';
2017-12-06 18:38:08 EXEC SPC_COM_GET_COMBOBOX 'payment_conditions_div';
2017-12-06 18:38:08 EXEC SPC_COM_GET_COMBOBOX 'trade_terms_div';
2017-12-06 18:38:08 EXEC SPC_GET_TAX_RATE '';
2017-12-06 18:38:08 EXEC SPC_COM_GET_COMBOBOX 'unit_w_div';
2017-12-06 18:38:08 EXEC SPC_COM_GET_COMBOBOX 'unit_m_div';
2017-12-06 18:38:08 EXEC SPC_COM_GET_COMBOBOX 'bank_div';
2017-12-06 18:38:08 EXEC SPC_COM_GET_COMBOBOX 'sales_detail_div';
2017-12-06 18:38:08 EXEC SPC_COM_GET_COMBOBOX 'unit_q_div';
2017-12-06 18:38:13 EXEC SPC_COM_GET_COMBOBOX 'port_city_div';
2017-12-06 18:38:13 EXEC SPC_COM_GET_COMBOBOX 'currency_div';
2017-12-06 18:38:13 EXEC SPC_COM_GET_COMBOBOX 'port_country_div';
2017-12-06 18:38:13 EXEC SPC_COM_GET_COMBOBOX 'shipment_div';
2017-12-06 18:38:13 EXEC SPC_COM_GET_COMBOBOX 'payment_conditions_div';
2017-12-06 18:38:13 EXEC SPC_COM_GET_COMBOBOX 'trade_terms_div';
2017-12-06 18:38:14 EXEC SPC_COM_GET_COMBOBOX 'sales_detail_div';
2017-12-06 18:38:14 EXEC SPC_COM_GET_COMBOBOX 'unit_w_div';
2017-12-06 18:38:14 EXEC SPC_COM_GET_COMBOBOX 'bank_div';
2017-12-06 18:38:14 EXEC SPC_COM_GET_COMBOBOX 'unit_m_div';
2017-12-06 18:38:14 EXEC SPC_COM_GET_COMBOBOX 'unit_q_div';
2017-12-06 18:38:53 EXEC SPC_COM_GET_COMBOBOX 'port_city_div';
2017-12-06 18:38:53 EXEC SPC_COM_GET_COMBOBOX 'port_country_div';
2017-12-06 18:38:53 EXEC SPC_COM_GET_COMBOBOX 'currency_div';
2017-12-06 18:38:53 EXEC SPC_COM_GET_COMBOBOX 'trade_terms_div';
2017-12-06 18:38:53 EXEC SPC_COM_GET_COMBOBOX 'payment_conditions_div';
2017-12-06 18:38:53 EXEC SPC_COM_GET_COMBOBOX 'shipment_div';
2017-12-06 18:38:54 EXEC SPC_COM_GET_COMBOBOX 'unit_m_div';
2017-12-06 18:38:54 EXEC SPC_COM_GET_COMBOBOX 'unit_w_div';
2017-12-06 18:38:54 EXEC SPC_COM_GET_COMBOBOX 'unit_q_div';
2017-12-06 18:38:54 EXEC SPC_GET_TAX_RATE '';
2017-12-06 18:38:54 EXEC SPC_COM_GET_COMBOBOX 'bank_div';
2017-12-06 18:38:54 EXEC SPC_COM_GET_COMBOBOX 'sales_detail_div';
2017-12-06 18:40:41 EXEC SPC_COM_GET_COMBOBOX 'currency_div';
2017-12-06 18:40:41 EXEC SPC_COM_GET_COMBOBOX 'port_country_div';
2017-12-06 18:40:41 EXEC SPC_COM_GET_COMBOBOX 'trade_terms_div';
2017-12-06 18:40:41 EXEC SPC_COM_GET_COMBOBOX 'shipment_div';
2017-12-06 18:40:41 EXEC SPC_COM_GET_COMBOBOX 'port_city_div';
2017-12-06 18:40:41 EXEC SPC_COM_GET_COMBOBOX 'payment_conditions_div';
2017-12-06 18:40:42 EXEC SPC_GET_TAX_RATE '';
sales_detail_div';
2017-12-06 18:40:42 EXEC SPC_COM_GET_COMBOBOX 'unit_m_div';
2017-12-06 18:40:42 EXEC SPC_COM_GET_COMBOBOX 'bank_div';
2017-12-06 18:40:42 EXEC SPC_COM_GET_COMBOBOX 'unit_w_div';
2017-12-06 18:40:42 EXEC SPC_COM_GET_COMBOBOX 'unit_q_div';
2017-12-06 18:40:46 EXEC SPC_COM_GET_COMBOBOX 'port_city_div';
2017-12-06 18:40:46 EXEC SPC_COM_GET_COMBOBOX 'shipment_div';
2017-12-06 18:40:46 EXEC SPC_COM_GET_COMBOBOX 'port_country_div';
2017-12-06 18:40:46 EXEC SPC_COM_GET_COMBOBOX 'payment_conditions_div';
2017-12-06 18:40:47 EXEC SPC_COM_GET_COMBOBOX 'currency_div';
2017-12-06 18:40:47 EXEC SPC_COM_GET_COMBOBOX 'trade_terms_div';
2017-12-06 18:40:47 EXEC SPC_COM_GET_COMBOBOX 'unit_w_div';
2017-12-06 18:40:47 EXEC SPC_COM_GET_COMBOBOX 'unit_q_div';
2017-12-06 18:40:47 EXEC SPC_COM_GET_COMBOBOX 'unit_m_div';
2017-12-06 18:40:47 EXEC SPC_COM_GET_COMBOBOX 'sales_detail_div';
2017-12-06 18:40:47 EXEC SPC_COM_GET_COMBOBOX 'bank_div';
2017-12-06 18:49:45 EXEC SPC_COM_GET_COMBOBOX 'shipment_div';
2017-12-06 18:49:45 EXEC SPC_COM_GET_COMBOBOX 'unit_q_div';
2017-12-06 18:49:45 EXEC SPC_COM_GET_COMBOBOX 'port_country_div';
2017-12-06 18:49:45 EXEC SPC_COM_GET_COMBOBOX 'currency_div';
2017-12-06 18:49:45 EXEC SPC_COM_GET_COMBOBOX 'trade_terms_div';
2017-12-06 18:49:45 EXEC SPC_COM_GET_COMBOBOX 'port_city_div';
2017-12-06 18:49:46 EXEC SPC_COM_GET_COMBOBOX 'unit_w_div';
2017-12-06 18:49:46 EXEC SPC_COM_GET_COMBOBOX 'payment_conditions_div';
2017-12-06 18:49:46 EXEC SPC_COM_GET_COMBOBOX 'sales_detail_div';
2017-12-06 18:49:46 EXEC SPC_COM_GET_COMBOBOX 'bank_div';
2017-12-06 18:49:46 EXEC SPC_COM_GET_COMBOBOX 'unit_m_div';
2017-12-06 18:49:46 EXEC SPC_GET_TAX_RATE '';
2017-12-06 18:49:50 EXEC SPC_COM_GET_COMBOBOX 'currency_div';
2017-12-06 18:49:50 EXEC SPC_COM_GET_COMBOBOX 'payment_conditions_div';
2017-12-06 18:49:50 EXEC SPC_COM_GET_COMBOBOX 'port_city_div';
2017-12-06 18:49:50 EXEC SPC_COM_GET_COMBOBOX 'trade_terms_div';
2017-12-06 18:49:50 EXEC SPC_COM_GET_COMBOBOX 'shipment_div';
2017-12-06 18:49:50 EXEC SPC_COM_GET_COMBOBOX 'port_country_div';
2017-12-06 18:49:51 EXEC SPC_COM_GET_COMBOBOX 'unit_q_div';
2017-12-06 18:49:51 EXEC SPC_COM_GET_COMBOBOX 'unit_m_div';
2017-12-06 18:49:51 EXEC SPC_COM_GET_COMBOBOX 'unit_w_div';
2017-12-06 18:49:51 EXEC SPC_COM_GET_COMBOBOX 'sales_detail_div';
2017-12-06 18:49:51 EXEC SPC_COM_GET_COMBOBOX 'bank_div';
2017-12-06 18:51:20 EXEC SPC_COM_GET_COMBOBOX 'port_country_div';
2017-12-06 18:51:20 EXEC SPC_COM_GET_COMBOBOX 'port_city_div';
2017-12-06 18:51:20 EXEC SPC_COM_GET_COMBOBOX 'currency_div';
2017-12-06 18:51:20 EXEC SPC_COM_GET_COMBOBOX 'trade_terms_div';
2017-12-06 18:51:20 EXEC SPC_COM_GET_COMBOBOX 'shipment_div';
2017-12-06 18:51:21 EXEC SPC_COM_GET_COMBOBOX 'payment_conditions_div';
2017-12-06 18:51:21 EXEC SPC_COM_GET_COMBOBOX 'unit_m_div';
2017-12-06 18:51:21 EXEC SPC_COM_GET_COMBOBOX 'bank_div';
2017-12-06 18:51:21 EXEC SPC_COM_GET_COMBOBOX 'unit_w_div';
2017-12-06 18:51:21 EXEC SPC_COM_GET_COMBOBOX 'unit_q_div';
2017-12-06 18:51:21 EXEC SPC_COM_GET_COMBOBOX 'sales_detail_div';
2017-12-06 18:51:21 EXEC SPC_GET_TAX_RATE '';
2017-12-06 18:51:36 EXEC SPC_COM_GET_COMBOBOX 'port_country_div';
2017-12-06 18:51:36 EXEC SPC_COM_GET_COMBOBOX 'shipment_div';
2017-12-06 18:51:36 EXEC SPC_COM_GET_COMBOBOX 'payment_conditions_div';
2017-12-06 18:51:36 EXEC SPC_COM_GET_COMBOBOX 'currency_div';
2017-12-06 18:51:36 EXEC SPC_COM_GET_COMBOBOX 'trade_terms_div';
2017-12-06 18:51:36 EXEC SPC_COM_GET_COMBOBOX 'port_city_div';
2017-12-06 18:51:37 EXEC SPC_COM_GET_COMBOBOX 'unit_q_div';
2017-12-06 18:51:37 EXEC SPC_COM_GET_COMBOBOX 'unit_m_div';
2017-12-06 18:51:37 EXEC SPC_COM_GET_COMBOBOX 'sales_detail_div';
2017-12-06 18:51:37 EXEC SPC_COM_GET_COMBOBOX 'unit_w_div';
2017-12-06 18:51:37 EXEC SPC_COM_GET_COMBOBOX 'bank_div';
2017-12-06 18:56:40 EXEC SPC_COM_GET_COMBOBOX 'shipment_div';
2017-12-06 18:56:40 EXEC SPC_COM_GET_COMBOBOX 'trade_terms_div';
2017-12-06 18:56:40 EXEC SPC_COM_GET_COMBOBOX 'currency_div';
2017-12-06 18:56:40 EXEC SPC_COM_GET_COMBOBOX 'payment_conditions_div';
2017-12-06 18:56:40 EXEC SPC_COM_GET_COMBOBOX 'port_country_div';
2017-12-06 18:56:40 EXEC SPC_COM_GET_COMBOBOX 'port_city_div';
2017-12-06 18:56:40 EXEC SPC_COM_GET_COMBOBOX 'sales_detail_div';
2017-12-06 18:56:40 EXEC SPC_COM_GET_COMBOBOX 'unit_m_div';
2017-12-06 18:56:40 EXEC SPC_COM_GET_COMBOBOX 'unit_q_div';
2017-12-06 18:56:40 EXEC SPC_COM_GET_COMBOBOX 'bank_div';
2017-12-06 18:56:40 EXEC SPC_GET_TAX_RATE '';
2017-12-06 18:56:40 EXEC SPC_COM_GET_COMBOBOX 'unit_w_div';
2017-12-06 18:57:36 EXEC SPC_COM_GET_COMBOBOX 'port_country_div';
2017-12-06 18:57:36 EXEC SPC_COM_GET_COMBOBOX 'currency_div';
2017-12-06 18:57:37 EXEC SPC_COM_GET_COMBOBOX 'port_city_div';
2017-12-06 18:57:37 EXEC SPC_COM_GET_COMBOBOX 'payment_conditions_div';
2017-12-06 18:57:37 EXEC SPC_COM_GET_COMBOBOX 'shipment_div';
2017-12-06 18:57:37 EXEC SPC_COM_GET_COMBOBOX 'trade_terms_div';
2017-12-06 18:57:37 EXEC SPC_COM_GET_COMBOBOX 'sales_detail_div';
2017-12-06 18:57:37 EXEC SPC_COM_GET_COMBOBOX 'unit_m_div';
2017-12-06 18:57:37 EXEC SPC_COM_GET_COMBOBOX 'bank_div';
2017-12-06 18:57:37 EXEC SPC_COM_GET_COMBOBOX 'unit_q_div';
2017-12-06 18:57:37 EXEC SPC_COM_GET_COMBOBOX 'unit_w_div';
2017-12-06 18:57:37 EXEC SPC_GET_TAX_RATE '';
2017-12-06 18:58:54 EXEC SPC_073_LOGIN_ACT1 '001','123456';
2017-12-06 18:58:55 EXEC SPC_GET_CONSTANT '';
2017-12-06 18:59:01 EXEC SPC_COM_GET_COMBOBOX 'port_country_div';
2017-12-06 18:59:01 EXEC SPC_COM_GET_COMBOBOX 'payment_conditions_div';
2017-12-06 18:59:01 EXEC SPC_COM_GET_COMBOBOX 'port_city_div';
2017-12-06 18:59:01 EXEC SPC_COM_GET_COMBOBOX 'currency_div';
2017-12-06 18:59:01 EXEC SPC_COM_GET_COMBOBOX 'trade_terms_div';
2017-12-06 18:59:01 EXEC SPC_COM_GET_COMBOBOX 'shipment_div';
2017-12-06 18:59:01 EXEC SPC_COM_GET_COMBOBOX 'unit_q_div';
2017-12-06 18:59:02 EXEC SPC_COM_GET_COMBOBOX 'unit_w_div';
iv';
2017-12-06 18:59:02 EXEC SPC_COM_GET_COMBOBOX 'bank_div';
2017-12-06 18:59:02 EXEC SPC_COM_GET_COMBOBOX 'unit_m_div';
2017-12-06 18:59:02 EXEC SPC_GET_TAX_RATE '';
2017-12-06 18:59:16 EXEC SPC_COM_GET_COMBOBOX 'port_country_div';
2017-12-06 18:59:16 EXEC SPC_COM_GET_COMBOBOX 'trade_terms_div';
2017-12-06 18:59:16 EXEC SPC_COM_GET_COMBOBOX 'shipment_div';
2017-12-06 18:59:16 EXEC SPC_COM_GET_COMBOBOX 'currency_div';
2017-12-06 18:59:16 EXEC SPC_COM_GET_COMBOBOX 'port_city_div';
2017-12-06 18:59:16 EXEC SPC_COM_GET_COMBOBOX 'payment_conditions_div';
2017-12-06 18:59:17 EXEC SPC_COM_GET_COMBOBOX 'unit_m_div';
2017-12-06 18:59:17 EXEC SPC_COM_GET_COMBOBOX 'unit_w_div';
2017-12-06 18:59:17 EXEC SPC_COM_GET_COMBOBOX 'unit_q_div';
2017-12-06 18:59:17 EXEC SPC_COM_GET_COMBOBOX 'sales_detail_div';
2017-12-06 18:59:17 EXEC SPC_COM_GET_COMBOBOX 'bank_div';
2017-12-06 18:59:35 EXEC SPC_COM_GET_COMBOBOX 'port_country_div';
2017-12-06 18:59:35 EXEC SPC_COM_GET_COMBOBOX 'port_city_div';
2017-12-06 18:59:35 EXEC SPC_COM_GET_COMBOBOX 'shipment_div';
2017-12-06 18:59:35 EXEC SPC_COM_GET_COMBOBOX 'trade_terms_div';
2017-12-06 18:59:35 EXEC SPC_COM_GET_COMBOBOX 'payment_conditions_div';
2017-12-06 18:59:35 EXEC SPC_COM_GET_COMBOBOX 'currency_div';
2017-12-06 18:59:36 EXEC SPC_COM_GET_COMBOBOX 'unit_w_div';
2017-12-06 18:59:36 EXEC SPC_COM_GET_COMBOBOX 'unit_m_div';
2017-12-06 18:59:36 EXEC SPC_COM_GET_COMBOBOX 'unit_q_div';
2017-12-06 18:59:36 EXEC SPC_COM_GET_COMBOBOX 'sales_detail_div';
2017-12-06 18:59:36 EXEC SPC_COM_GET_COMBOBOX 'bank_div';
2017-12-06 19:02:52 EXEC SPC_COM_GET_COMBOBOX 'port_country_div';
2017-12-06 19:02:52 EXEC SPC_COM_GET_COMBOBOX 'trade_terms_div';
2017-12-06 19:02:52 EXEC SPC_COM_GET_COMBOBOX 'payment_conditions_div';
2017-12-06 19:02:52 EXEC SPC_COM_GET_COMBOBOX 'port_city_div';
2017-12-06 19:02:52 EXEC SPC_COM_GET_COMBOBOX 'shipment_div';
2017-12-06 19:02:52 EXEC SPC_COM_GET_COMBOBOX 'currency_div';
2017-12-06 19:02:52 EXEC SPC_COM_GET_COMBOBOX 'unit_q_div';
2017-12-06 19:02:52 EXEC SPC_COM_GET_COMBOBOX 'sales_detail_div';
2017-12-06 19:02:53 EXEC SPC_COM_GET_COMBOBOX 'unit_w_div';
2017-12-06 19:02:53 EXEC SPC_COM_GET_COMBOBOX 'bank_div';
2017-12-06 19:02:53 EXEC SPC_COM_GET_COMBOBOX 'unit_m_div';
2017-12-06 19:02:53 EXEC SPC_GET_TAX_RATE '';
2017-12-06 19:03:38 EXEC SPC_COM_GET_COMBOBOX 'port_country_div';
2017-12-06 19:03:38 EXEC SPC_COM_GET_COMBOBOX 'port_city_div';
2017-12-06 19:03:38 EXEC SPC_COM_GET_COMBOBOX 'shipment_div';
2017-12-06 19:03:38 EXEC SPC_COM_GET_COMBOBOX 'payment_conditions_div';
2017-12-06 19:03:38 EXEC SPC_COM_GET_COMBOBOX 'currency_div';
2017-12-06 19:03:38 EXEC SPC_COM_GET_COMBOBOX 'trade_terms_div';
2017-12-06 19:03:39 EXEC SPC_COM_GET_COMBOBOX 'unit_w_div';
2017-12-06 19:03:39 EXEC SPC_COM_GET_COMBOBOX 'unit_q_div';
2017-12-06 19:03:39 EXEC SPC_COM_GET_COMBOBOX 'unit_m_div';
2017-12-06 19:03:39 EXEC SPC_COM_GET_COMBOBOX 'sales_detail_div';
2017-12-06 19:03:39 EXEC SPC_COM_GET_COMBOBOX 'bank_div';
2017-12-06 19:03:39 EXEC SPC_GET_TAX_RATE '';
2017-12-06 19:04:42 EXEC SPC_COM_GET_COMBOBOX 'port_country_div';
2017-12-06 19:04:42 EXEC SPC_COM_GET_COMBOBOX 'shipment_div';
2017-12-06 19:04:42 EXEC SPC_COM_GET_COMBOBOX 'payment_conditions_div';
2017-12-06 19:04:42 EXEC SPC_COM_GET_COMBOBOX 'trade_terms_div';
2017-12-06 19:04:42 EXEC SPC_COM_GET_COMBOBOX 'port_city_div';
2017-12-06 19:04:42 EXEC SPC_COM_GET_COMBOBOX 'currency_div';
2017-12-06 19:04:43 EXEC SPC_COM_GET_COMBOBOX 'bank_div';
2017-12-06 19:04:43 EXEC SPC_COM_GET_COMBOBOX 'unit_q_div';
2017-12-06 19:04:43 EXEC SPC_COM_GET_COMBOBOX 'unit_w_div';
2017-12-06 19:04:43 EXEC SPC_GET_TAX_RATE '';
2017-12-06 19:04:43 EXEC SPC_COM_GET_COMBOBOX 'unit_m_div';
2017-12-06 19:04:43 EXEC SPC_COM_GET_COMBOBOX 'sales_detail_div';
2017-12-06 19:06:08 EXEC SPC_COM_GET_COMBOBOX 'port_country_div';
2017-12-06 19:06:08 EXEC SPC_COM_GET_COMBOBOX 'shipment_div';
2017-12-06 19:06:08 EXEC SPC_COM_GET_COMBOBOX 'payment_conditions_div';
2017-12-06 19:06:08 EXEC SPC_COM_GET_COMBOBOX 'trade_terms_div';
2017-12-06 19:06:08 EXEC SPC_COM_GET_COMBOBOX 'currency_div';
2017-12-06 19:06:08 EXEC SPC_COM_GET_COMBOBOX 'port_city_div';
2017-12-06 19:06:09 EXEC SPC_COM_GET_COMBOBOX 'unit_m_div';
2017-12-06 19:06:09 EXEC SPC_COM_GET_COMBOBOX 'sales_detail_div';
2017-12-06 19:06:09 EXEC SPC_COM_GET_COMBOBOX 'unit_w_div';
2017-12-06 19:06:09 EXEC SPC_COM_GET_COMBOBOX 'unit_q_div';
2017-12-06 19:06:09 EXEC SPC_GET_TAX_RATE '';
2017-12-06 19:06:09 EXEC SPC_COM_GET_COMBOBOX 'bank_div';
2017-12-06 19:06:48 EXEC SPC_COM_GET_COMBOBOX 'port_country_div';
2017-12-06 19:06:48 EXEC SPC_COM_GET_COMBOBOX 'port_city_div';
2017-12-06 19:06:48 EXEC SPC_COM_GET_COMBOBOX 'currency_div';
2017-12-06 19:06:48 EXEC SPC_COM_GET_COMBOBOX 'trade_terms_div';
2017-12-06 19:06:48 EXEC SPC_COM_GET_COMBOBOX 'payment_conditions_div';
2017-12-06 19:06:49 EXEC SPC_COM_GET_COMBOBOX 'shipment_div';
2017-12-06 19:06:49 EXEC SPC_COM_GET_COMBOBOX 'unit_w_div';
2017-12-06 19:06:49 EXEC SPC_COM_GET_COMBOBOX 'unit_q_div';
2017-12-06 19:06:49 EXEC SPC_COM_GET_COMBOBOX 'unit_m_div';
2017-12-06 19:06:49 EXEC SPC_COM_GET_COMBOBOX 'sales_detail_div';
2017-12-06 19:06:49 EXEC SPC_COM_GET_COMBOBOX 'bank_div';
2017-12-06 19:06:49 EXEC SPC_GET_TAX_RATE '';
2017-12-06 19:08:24 EXEC SPC_COM_GET_COMBOBOX 'port_country_div';
2017-12-06 19:08:24 EXEC SPC_COM_GET_COMBOBOX 'port_city_div';
2017-12-06 19:08:24 EXEC SPC_COM_GET_COMBOBOX 'payment_conditions_div';
2017-12-06 19:08:24 EXEC SPC_COM_GET_COMBOBOX 'currency_div';
2017-12-06 19:08:24 EXEC SPC_COM_GET_COMBOBOX 'shipment_div';
2017-12-06 19:08:24 EXEC SPC_COM_GET_COMBOBOX 'trade_terms_div';
2017-12-06 19:08:25 EXEC SPC_COM_GET_COMBOBOX 'unit_w_div';
2017-12-06 19:08:25 EXEC SPC_COM_GET_COMBOBOX 'unit_m_div';
2017-12-06 19:08:25 EXEC SPC_COM_GET_COMBOBOX 'unit_q_div';
2017-12-06 19:08:25 EXEC SPC_COM_GET_COMBOBOX 'sales_detail_div';
2017-12-06 19:08:25 EXEC SPC_COM_GET_COMBOBOX 'bank_div';
2017-12-06 19:08:25 EXEC SPC_GET_TAX_RATE '';
2017-12-06 19:09:37 EXEC SPC_COM_GET_COMBOBOX 'payment_conditions_div';
2017-12-06 19:09:37 EXEC SPC_COM_GET_COMBOBOX 'shipment_div';
2017-12-06 19:09:37 EXEC SPC_COM_GET_COMBOBOX 'currency_div';
2017-12-06 19:09:37 EXEC SPC_COM_GET_COMBOBOX 'port_city_div';
2017-12-06 19:09:37 EXEC SPC_COM_GET_COMBOBOX 'trade_terms_div';
2017-12-06 19:09:37 EXEC SPC_COM_GET_COMBOBOX 'port_country_div';
2017-12-06 19:09:38 EXEC SPC_COM_GET_COMBOBOX 'unit_q_div';
2017-12-06 19:09:38 EXEC SPC_COM_GET_COMBOBOX 'unit_m_div';
2017-12-06 19:09:38 EXEC SPC_COM_GET_COMBOBOX 'sales_detail_div';
2017-12-06 19:09:38 EXEC SPC_COM_GET_COMBOBOX 'unit_w_div';
2017-12-06 19:09:38 EXEC SPC_COM_GET_COMBOBOX 'bank_div';
2017-12-06 19:09:38 EXEC SPC_GET_TAX_RATE '';
2017-12-06 19:10:37 EXEC SPC_COM_GET_COMBOBOX 'shipment_div';
2017-12-06 19:10:37 EXEC SPC_COM_GET_COMBOBOX 'port_country_div';
2017-12-06 19:10:37 EXEC SPC_COM_GET_COMBOBOX 'trade_terms_div';
2017-12-06 19:10:37 EXEC SPC_COM_GET_COMBOBOX 'currency_div';
2017-12-06 19:10:37 EXEC SPC_COM_GET_COMBOBOX 'payment_conditions_div';
2017-12-06 19:10:37 EXEC SPC_COM_GET_COMBOBOX 'port_city_div';
2017-12-06 19:10:37 EXEC SPC_COM_GET_COMBOBOX 'sales_detail_div';
2017-12-06 19:10:37 EXEC SPC_COM_GET_COMBOBOX 'unit_m_div';
2017-12-06 19:10:37 EXEC SPC_COM_GET_COMBOBOX 'unit_q_div';
2017-12-06 19:10:37 EXEC SPC_COM_GET_COMBOBOX 'bank_div';
2017-12-06 19:10:37 EXEC SPC_COM_GET_COMBOBOX 'unit_w_div';
2017-12-06 19:17:35 EXEC SPC_COM_GET_COMBOBOX 'port_country_div';
2017-12-06 19:17:36 EXEC SPC_COM_GET_COMBOBOX 'unit_q_div';
2017-12-06 19:17:36 EXEC SPC_COM_GET_COMBOBOX 'shipment_div';
2017-12-06 19:17:36 EXEC SPC_COM_GET_COMBOBOX 'port_city_div';
2017-12-06 19:17:36 EXEC SPC_COM_GET_COMBOBOX 'payment_conditions_div';
2017-12-06 19:17:36 EXEC SPC_COM_GET_COMBOBOX 'trade_terms_div';
2017-12-06 19:17:36 EXEC SPC_COM_GET_COMBOBOX 'currency_div';
2017-12-06 19:17:36 EXEC SPC_COM_GET_COMBOBOX 'unit_w_div';
2017-12-06 19:17:37 EXEC SPC_COM_GET_COMBOBOX 'sales_detail_div';
2017-12-06 19:17:37 EXEC SPC_COM_GET_COMBOBOX 'unit_m_div';
2017-12-06 19:17:37 EXEC SPC_COM_GET_COMBOBOX 'bank_div';
2017-12-06 19:17:37 EXEC SPC_GET_TAX_RATE '';
2017-12-06 19:17:48 EXEC SPC_COM_GET_COMBOBOX 'payment_conditions_div';
2017-12-06 19:17:48 EXEC SPC_COM_GET_COMBOBOX 'shipment_div';
2017-12-06 19:17:48 EXEC SPC_COM_GET_COMBOBOX 'port_country_div';
2017-12-06 19:17:48 EXEC SPC_COM_GET_COMBOBOX 'port_city_div';
2017-12-06 19:17:48 EXEC SPC_COM_GET_COMBOBOX 'currency_div';
2017-12-06 19:17:48 EXEC SPC_COM_GET_COMBOBOX 'trade_terms_div';
2017-12-06 19:17:49 EXEC SPC_COM_GET_COMBOBOX 'sales_detail_div';
2017-12-06 19:17:49 EXEC SPC_COM_GET_COMBOBOX 'unit_m_div';
2017-12-06 19:17:49 EXEC SPC_COM_GET_COMBOBOX 'unit_w_div';
2017-12-06 19:17:49 EXEC SPC_COM_GET_COMBOBOX 'unit_q_div';
2017-12-06 19:17:49 EXEC SPC_COM_GET_COMBOBOX 'bank_div';
2017-12-06 19:32:14 EXEC SPC_COM_GET_COMBOBOX 'port_country_div';
2017-12-06 19:32:15 EXEC SPC_COM_GET_COMBOBOX 'unit_q_div';
2017-12-06 19:32:15 EXEC SPC_COM_GET_COMBOBOX 'trade_terms_div';
2017-12-06 19:32:15 EXEC SPC_COM_GET_COMBOBOX 'currency_div';
2017-12-06 19:32:15 EXEC SPC_COM_GET_COMBOBOX 'port_city_div';
2017-12-06 19:32:15 EXEC SPC_COM_GET_COMBOBOX 'payment_conditions_div';
2017-12-06 19:32:15 EXEC SPC_COM_GET_COMBOBOX 'unit_w_div';
2017-12-06 19:32:16 EXEC SPC_COM_GET_COMBOBOX 'shipment_div';
2017-12-06 19:32:16 EXEC SPC_COM_GET_COMBOBOX 'unit_m_div';
2017-12-06 19:32:16 EXEC SPC_GET_TAX_RATE '';
2017-12-06 19:32:16 EXEC SPC_COM_GET_COMBOBOX 'sales_detail_div';
2017-12-06 19:32:16 EXEC SPC_COM_GET_COMBOBOX 'bank_div';
2017-12-06 19:32:25 EXEC SPC_COM_GET_COMBOBOX 'port_country_div';
2017-12-06 19:32:25 EXEC SPC_COM_GET_COMBOBOX 'shipment_div';
2017-12-06 19:32:25 EXEC SPC_COM_GET_COMBOBOX 'trade_terms_div';
2017-12-06 19:32:25 EXEC SPC_COM_GET_COMBOBOX 'port_city_div';
2017-12-06 19:32:25 EXEC SPC_COM_GET_COMBOBOX 'payment_conditions_div';
2017-12-06 19:32:25 EXEC SPC_COM_GET_COMBOBOX 'currency_div';
2017-12-06 19:32:25 EXEC SPC_COM_GET_COMBOBOX 'unit_q_div';
2017-12-06 19:32:25 EXEC SPC_COM_GET_COMBOBOX 'sales_detail_div';
2017-12-06 19:32:25 EXEC SPC_COM_GET_COMBOBOX 'unit_w_div';
2017-12-06 19:32:25 EXEC SPC_COM_GET_COMBOBOX 'unit_m_div';
2017-12-06 19:32:25 EXEC SPC_COM_GET_COMBOBOX 'bank_div';
2017-12-06 19:32:39 EXEC SPC_COM_GET_COMBOBOX 'shipment_div';
';
2017-12-06 19:32:39 EXEC SPC_COM_GET_COMBOBOX 'port_city_div';
2017-12-06 19:32:40 EXEC SPC_COM_GET_COMBOBOX 'currency_div';
2017-12-06 19:32:40 EXEC SPC_COM_GET_COMBOBOX 'payment_conditions_div';
2017-12-06 19:32:40 EXEC SPC_COM_GET_COMBOBOX 'trade_terms_div';
2017-12-06 19:32:40 EXEC SPC_COM_GET_COMBOBOX 'unit_m_div';
2017-12-06 19:32:40 EXEC SPC_COM_GET_COMBOBOX 'unit_q_div';
2017-12-06 19:32:40 EXEC SPC_COM_GET_COMBOBOX 'unit_w_div';
2017-12-06 19:32:40 EXEC SPC_COM_GET_COMBOBOX 'sales_detail_div';
2017-12-06 19:32:40 EXEC SPC_COM_GET_COMBOBOX 'bank_div';
2017-12-06 19:32:43 EXEC SPC_COM_GET_COMBOBOX 'trade_terms_div';
2017-12-06 19:32:43 EXEC SPC_COM_GET_COMBOBOX 'port_city_div';
2017-12-06 19:32:44 EXEC SPC_COM_GET_COMBOBOX 'shipment_div';
2017-12-06 19:32:44 EXEC SPC_COM_GET_COMBOBOX 'payment_conditions_div';
2017-12-06 19:32:44 EXEC SPC_COM_GET_COMBOBOX 'port_country_div';
2017-12-06 19:32:44 EXEC SPC_COM_GET_COMBOBOX 'currency_div';
2017-12-06 19:32:44 EXEC SPC_COM_GET_COMBOBOX 'unit_q_div';
2017-12-06 19:32:44 EXEC SPC_COM_GET_COMBOBOX 'sales_detail_div';
2017-12-06 19:32:44 EXEC SPC_COM_GET_COMBOBOX 'unit_w_div';
2017-12-06 19:32:44 EXEC SPC_COM_GET_COMBOBOX 'bank_div';
2017-12-06 19:32:44 EXEC SPC_COM_GET_COMBOBOX 'unit_m_div';
2017-12-06 19:55:12 EXEC SPC_COM_GET_COMBOBOX 'port_country_div';
2017-12-06 19:55:12 EXEC SPC_COM_GET_COMBOBOX 'unit_q_div';
2017-12-06 19:55:13 EXEC SPC_COM_GET_COMBOBOX 'shipment_div';
2017-12-06 19:55:13 EXEC SPC_COM_GET_COMBOBOX 'trade_terms_div';
2017-12-06 19:55:13 EXEC SPC_COM_GET_COMBOBOX 'currency_div';
2017-12-06 19:55:13 EXEC SPC_COM_GET_COMBOBOX 'port_city_div';
2017-12-06 19:55:13 EXEC SPC_COM_GET_COMBOBOX 'payment_conditions_div';
2017-12-06 19:55:13 EXEC SPC_COM_GET_COMBOBOX 'unit_w_div';
2017-12-06 19:55:13 EXEC SPC_COM_GET_COMBOBOX 'sales_detail_div';
2017-12-06 19:55:13 EXEC SPC_GET_TAX_RATE '';
2017-12-06 19:55:13 EXEC SPC_COM_GET_COMBOBOX 'unit_m_div';
2017-12-06 19:55:13 EXEC SPC_COM_GET_COMBOBOX 'bank_div';
2017-12-06 20:03:48 EXEC SPC_COM_GET_COMBOBOX 'port_country_div';
2017-12-06 20:03:49 EXEC SPC_COM_GET_COMBOBOX 'unit_q_div';
2017-12-06 20:03:49 EXEC SPC_COM_GET_COMBOBOX 'unit_w_div';
2017-12-06 20:03:50 EXEC SPC_COM_GET_COMBOBOX 'payment_conditions_div';
2017-12-06 20:03:50 EXEC SPC_COM_GET_COMBOBOX 'shipment_div';
2017-12-06 20:03:50 EXEC SPC_COM_GET_COMBOBOX 'currency_div';
2017-12-06 20:03:50 EXEC SPC_COM_GET_COMBOBOX 'port_city_div';
2017-12-06 20:03:50 EXEC SPC_COM_GET_COMBOBOX 'unit_m_div';
2017-12-06 20:03:50 EXEC SPC_COM_GET_COMBOBOX 'trade_terms_div';
2017-12-06 20:03:50 EXEC SPC_COM_GET_COMBOBOX 'sales_detail_div';
2017-12-06 20:03:50 EXEC SPC_COM_GET_COMBOBOX 'bank_div';
2017-12-06 20:03:50 EXEC SPC_GET_TAX_RATE '';
2017-12-06 20:05:20 EXEC SPC_077_USER_MASTER_SEARCH_FND1 '','','','1','10';
2017-12-06 20:07:03 EXEC SPC_COM_GET_COMBOBOX 'currency_div';
2017-12-06 20:07:03 EXEC SPC_COM_GET_COMBOBOX 'shipment_div';
2017-12-06 20:07:03 EXEC SPC_COM_GET_COMBOBOX 'payment_conditions_div';
2017-12-06 20:07:03 EXEC SPC_COM_GET_COMBOBOX 'port_city_div';
2017-12-06 20:07:04 EXEC SPC_COM_GET_COMBOBOX 'trade_terms_div';
2017-12-06 20:07:04 EXEC SPC_COM_GET_COMBOBOX 'unit_w_div';
2017-12-06 20:07:04 EXEC SPC_COM_GET_COMBOBOX 'bank_div';
2017-12-06 20:07:04 EXEC SPC_COM_GET_COMBOBOX 'unit_m_div';
2017-12-06 20:07:04 EXEC SPC_COM_GET_COMBOBOX 'unit_q_div';
2017-12-06 20:07:04 EXEC SPC_COM_GET_COMBOBOX 'sales_detail_div';
2017-12-06 20:07:12 EXEC SPC_COM_GET_COMBOBOX 'port_country_div';
2017-12-06 20:07:12 EXEC SPC_COM_GET_COMBOBOX 'port_city_div';
2017-12-06 20:07:12 EXEC SPC_COM_GET_COMBOBOX 'trade_terms_div';
2017-12-06 20:07:12 EXEC SPC_COM_GET_COMBOBOX 'shipment_div';
2017-12-06 20:07:12 EXEC SPC_COM_GET_COMBOBOX 'payment_conditions_div';
2017-12-06 20:07:12 EXEC SPC_COM_GET_COMBOBOX 'currency_div';
2017-12-06 20:07:13 EXEC SPC_COM_GET_COMBOBOX 'bank_div';
2017-12-06 20:07:13 EXEC SPC_COM_GET_COMBOBOX 'unit_w_div';
2017-12-06 20:07:13 EXEC SPC_COM_GET_COMBOBOX 'unit_m_div';
2017-12-06 20:07:13 EXEC SPC_COM_GET_COMBOBOX 'sales_detail_div';
2017-12-06 20:07:13 EXEC SPC_COM_GET_COMBOBOX 'unit_q_div';
