2017-12-20 10:28:28 EXEC SPC_COM_GET_COMBOBOX 'unit_q_div';
2017-12-20 10:28:37 EXEC SPC_COM_GET_COMBOBOX 'unit_q_div';
2017-12-20 11:06:01 EXEC SPC_070_COMPONENT_LIST_DETAIL_INQ2 '','','1','1','10';
2017-12-20 12:00:35 EXEC SPC_COM_GET_COMBOBOX 'port_country_div';
2017-12-20 12:00:35 EXEC SPC_COM_GET_COMBOBOX 'port_city_div';
2017-12-20 12:00:36 EXEC SPC_COM_GET_COMBOBOX 'trade_terms_div';
2017-12-20 12:00:36 EXEC SPC_COM_GET_COMBOBOX 'unit_q_div';
2017-12-20 12:00:37 EXEC SPC_COM_GET_COMBOBOX 'unit_m_div';
2017-12-20 12:00:37 EXEC SPC_COM_GET_COMBOBOX 'sales_detail_div';
2017-12-20 12:00:37 EXEC SPC_COM_GET_COMBOBOX 'unit_w_div';
2017-12-20 12:00:37 EXEC SPC_COM_GET_COMBOBOX 'payment_conditions_div';
2017-12-20 12:00:37 EXEC SPC_COM_GET_COMBOBOX 'bank_div';
2017-12-20 12:00:37 EXEC SPC_COM_GET_COMBOBOX 'shipment_div';
2017-12-20 12:00:37 EXEC SPC_COM_GET_COMBOBOX 'currency_div';
2017-12-20 12:00:37 EXEC SPC_GET_TAX_RATE '2017/12/20';
2017-12-20 12:00:38 EXEC SPC_001_PI_DETAIL_INQ1 '';
2017-12-20 12:01:05 EXEC SPC_001_PI_DETAIL_INQ1 'RT-171212007';
2017-12-20 12:01:06 EXEC SPC_COM_GET_COMBOBOX 'unit_w_div';
2017-12-20 12:01:06 EXEC SPC_COM_GET_COMBOBOX 'unit_q_div';
2017-12-20 12:01:06 EXEC SPC_COM_GET_COMBOBOX 'unit_m_div';
2017-12-20 12:01:06 EXEC SPC_COM_GET_COMBOBOX 'sales_detail_div';
2017-12-20 12:01:06 EXEC SPC_GET_TAX_RATE '2017/12/30';
2017-12-20 12:16:19 EXEC SPC_COM_GET_COMBOBOX 'unit_q_div';
2017-12-20 12:53:59 EXEC SPC_COM_GET_COMBOBOX 'currency_div';
2017-12-20 12:54:00 EXEC SPC_COM_GET_COMBOBOX 'unit_q_div';
2017-12-20 12:54:00 EXEC SPC_COM_GET_COMBOBOX 'payment_conditions_div';
2017-12-20 12:54:00 EXEC SPC_COM_GET_COMBOBOX 'port_city_div';
2017-12-20 12:54:00 EXEC SPC_COM_GET_COMBOBOX 'shipment_div';
2017-12-20 12:54:00 EXEC SPC_COM_GET_COMBOBOX 'port_country_div';
2017-12-20 12:54:00 EXEC SPC_COM_GET_COMBOBOX 'trade_terms_div';
2017-12-20 12:54:01 EXEC SPC_COM_GET_COMBOBOX 'unit_w_div';
2017-12-20 12:54:01 EXEC SPC_COM_GET_COMBOBOX 'unit_m_div';
2017-12-20 12:54:01 EXEC SPC_COM_GET_COMBOBOX 'bank_div';
2017-12-20 12:54:01 EXEC SPC_COM_GET_COMBOBOX 'sales_detail_div';
2017-12-20 12:54:01 EXEC SPC_GET_TAX_RATE '2017/12/20';
2017-12-20 12:54:01 EXEC SPC_001_PI_DETAIL_INQ1 'RT-171212007';
2017-12-20 12:54:02 EXEC SPC_COM_GET_COMBOBOX 'unit_q_div';
2017-12-20 12:54:02 EXEC SPC_COM_GET_COMBOBOX 'sales_detail_div';
2017-12-20 12:54:02 EXEC SPC_GET_TAX_RATE '2017/12/30';
2017-12-20 12:54:02 EXEC SPC_COM_GET_COMBOBOX 'unit_m_div';
2017-12-20 12:54:02 EXEC SPC_COM_GET_COMBOBOX 'unit_w_div';
2017-12-20 12:54:07 EXEC SPC_001_PI_DETAIL_INQ1 'RT-17121200';
2017-12-20 12:59:58 EXEC SPC_COM_GET_COMBOBOX 'shipment_div';
2017-12-20 12:59:58 EXEC SPC_COM_GET_COMBOBOX 'unit_q_div';
2017-12-20 12:59:59 EXEC SPC_COM_GET_COMBOBOX 'unit_w_div';
2017-12-20 12:59:59 EXEC SPC_COM_GET_COMBOBOX 'currency_div';
2017-12-20 12:59:59 EXEC SPC_COM_GET_COMBOBOX 'trade_terms_div';
2017-12-20 12:59:59 EXEC SPC_COM_GET_COMBOBOX 'port_city_div';
2017-12-20 12:59:59 EXEC SPC_COM_GET_COMBOBOX 'port_country_div';
2017-12-20 12:59:59 EXEC SPC_COM_GET_COMBOBOX 'payment_conditions_div';
2017-12-20 12:59:59 EXEC SPC_001_PI_DETAIL_INQ1 'RT-171212007';
2017-12-20 12:59:59 EXEC SPC_COM_GET_COMBOBOX 'unit_m_div';
2017-12-20 12:59:59 EXEC SPC_COM_GET_COMBOBOX 'sales_detail_div';
2017-12-20 12:59:59 EXEC SPC_COM_GET_COMBOBOX 'bank_div';
2017-12-20 12:59:59 EXEC SPC_GET_TAX_RATE '2017/12/20';
2017-12-20 13:00:00 EXEC SPC_COM_GET_COMBOBOX 'unit_w_div';
2017-12-20 13:00:00 EXEC SPC_COM_GET_COMBOBOX 'sales_detail_div';
2017-12-20 13:00:00 EXEC SPC_GET_TAX_RATE '2017/12/30';
2017-12-20 13:00:00 EXEC SPC_COM_GET_COMBOBOX 'unit_q_div';
2017-12-20 13:00:00 EXEC SPC_COM_GET_COMBOBOX 'unit_m_div';
2017-12-20 13:01:29 EXEC SPC_COM_GET_COMBOBOX 'shipment_div';
2017-12-20 13:01:29 EXEC SPC_COM_GET_COMBOBOX 'currency_div';
2017-12-20 13:01:29 EXEC SPC_COM_GET_COMBOBOX 'port_country_div';
2017-12-20 13:01:29 EXEC SPC_COM_GET_COMBOBOX 'trade_terms_div';
2017-12-20 13:01:29 EXEC SPC_COM_GET_COMBOBOX 'port_city_div';
2017-12-20 13:01:29 EXEC SPC_COM_GET_COMBOBOX 'payment_conditions_div';
2017-12-20 13:01:29 EXEC SPC_COM_GET_COMBOBOX 'unit_w_div';
2017-12-20 13:01:29 EXEC SPC_COM_GET_COMBOBOX 'unit_q_div';
2017-12-20 13:01:29 EXEC SPC_COM_GET_COMBOBOX 'unit_m_div';
2017-12-20 13:01:29 EXEC SPC_COM_GET_COMBOBOX 'bank_div';
2017-12-20 13:01:29 EXEC SPC_COM_GET_COMBOBOX 'sales_detail_div';
2017-12-20 13:01:29 EXEC SPC_GET_TAX_RATE '2017/12/20';
2017-12-20 13:01:30 EXEC SPC_001_PI_DETAIL_INQ1 'RT-171212007';
2017-12-20 13:01:31 EXEC SPC_COM_GET_COMBOBOX 'sales_detail_div';
2017-12-20 13:01:31 EXEC SPC_COM_GET_COMBOBOX 'unit_q_div';
2017-12-20 13:01:31 EXEC SPC_COM_GET_COMBOBOX 'unit_w_div';
2017-12-20 13:01:31 EXEC SPC_COM_GET_COMBOBOX 'unit_m_div';
2017-12-20 13:01:31 EXEC SPC_GET_TAX_RATE '2017/12/30';
2017-12-20 13:02:52 EXEC SPC_COM_GET_COMBOBOX 'currency_div';
2017-12-20 13:02:52 EXEC SPC_COM_GET_COMBOBOX 'port_country_div';
2017-12-20 13:02:52 EXEC SPC_COM_GET_COMBOBOX 'port_city_div';
2017-12-20 13:02:52 EXEC SPC_COM_GET_COMBOBOX 'shipment_div';
2017-12-20 13:02:52 EXEC SPC_COM_GET_COMBOBOX 'trade_terms_div';
2017-12-20 13:02:52 EXEC SPC_COM_GET_COMBOBOX 'payment_conditions_div';
2017-12-20 13:02:52 EXEC SPC_COM_GET_COMBOBOX 'unit_q_div';
2017-12-20 13:02:52 EXEC SPC_COM_GET_COMBOBOX 'unit_w_div';
2017-12-20 13:02:52 EXEC SPC_COM_GET_COMBOBOX 'unit_m_div';
2017-12-20 13:02:52 EXEC SPC_COM_GET_COMBOBOX 'bank_div';
2017-12-20 13:02:52 EXEC SPC_COM_GET_COMBOBOX 'sales_detail_div';
2017-12-20 13:02:52 EXEC SPC_GET_TAX_RATE '2017/12/20';
2017-12-20 13:02:53 EXEC SPC_001_PI_DETAIL_INQ1 'RT-171212007';
2017-12-20 13:02:53 EXEC SPC_COM_GET_COMBOBOX 'unit_q_div';
2017-12-20 13:02:53 EXEC SPC_COM_GET_COMBOBOX 'unit_m_div';
2017-12-20 13:02:53 EXEC SPC_COM_GET_COMBOBOX 'unit_w_div';
2017-12-20 13:02:53 EXEC SPC_GET_TAX_RATE '2017/12/30';
2017-12-20 13:02:53 EXEC SPC_COM_GET_COMBOBOX 'sales_detail_div';
2017-12-20 13:03:14 EXEC SPC_COM_GET_COMBOBOX 'currency_div';
2017-12-20 13:03:14 EXEC SPC_COM_GET_COMBOBOX 'port_city_div';
2017-12-20 13:03:14 EXEC SPC_COM_GET_COMBOBOX 'payment_conditions_div';
2017-12-20 13:03:14 EXEC SPC_COM_GET_COMBOBOX 'port_country_div';
2017-12-20 13:03:14 EXEC SPC_COM_GET_COMBOBOX 'trade_terms_div';
2017-12-20 13:03:14 EXEC SPC_COM_GET_COMBOBOX 'shipment_div';
2017-12-20 13:03:14 EXEC SPC_COM_GET_COMBOBOX 'unit_q_div';
2017-12-20 13:03:15 EXEC SPC_COM_GET_COMBOBOX 'unit_w_div';
2017-12-20 13:03:15 EXEC SPC_COM_GET_COMBOBOX 'sales_detail_div';
2017-12-20 13:03:15 EXEC SPC_COM_GET_COMBOBOX 'unit_m_div';
2017-12-20 13:03:15 EXEC SPC_GET_TAX_RATE '2017/12/20';
2017-12-20 13:03:15 EXEC SPC_COM_GET_COMBOBOX 'bank_div';
2017-12-20 13:03:15 EXEC SPC_001_PI_DETAIL_INQ1 'RT-171212007';
2017-12-20 13:03:16 EXEC SPC_GET_TAX_RATE '2017/12/30';
';
2017-12-20 13:03:16 EXEC SPC_COM_GET_COMBOBOX 'unit_m_div';
2017-12-20 13:03:16 EXEC SPC_COM_GET_COMBOBOX 'sales_detail_div';
2017-12-20 13:03:16 EXEC SPC_COM_GET_COMBOBOX 'unit_w_div';
2017-12-20 13:03:29 EXEC SPC_COM_GET_COMBOBOX 'port_city_div';
2017-12-20 13:03:29 EXEC SPC_COM_GET_COMBOBOX 'shipment_div';
2017-12-20 13:03:29 EXEC SPC_COM_GET_COMBOBOX 'payment_conditions_div';
2017-12-20 13:03:29 EXEC SPC_COM_GET_COMBOBOX 'port_country_div';
2017-12-20 13:03:29 EXEC SPC_COM_GET_COMBOBOX 'trade_terms_div';
2017-12-20 13:03:29 EXEC SPC_COM_GET_COMBOBOX 'currency_div';
2017-12-20 13:03:30 EXEC SPC_COM_GET_COMBOBOX 'unit_w_div';
2017-12-20 13:03:30 EXEC SPC_COM_GET_COMBOBOX 'unit_m_div';
2017-12-20 13:03:30 EXEC SPC_GET_TAX_RATE '2017/12/20';
2017-12-20 13:03:30 EXEC SPC_COM_GET_COMBOBOX 'bank_div';
2017-12-20 13:03:30 EXEC SPC_COM_GET_COMBOBOX 'sales_detail_div';
2017-12-20 13:03:30 EXEC SPC_COM_GET_COMBOBOX 'unit_q_div';
2017-12-20 13:03:30 EXEC SPC_001_PI_DETAIL_INQ1 'RT-171212007';
2017-12-20 13:03:31 EXEC SPC_GET_TAX_RATE '2017/12/30';
2017-12-20 13:03:31 EXEC SPC_COM_GET_COMBOBOX 'sales_detail_div';
2017-12-20 13:03:31 EXEC SPC_COM_GET_COMBOBOX 'unit_q_div';
2017-12-20 13:03:31 EXEC SPC_COM_GET_COMBOBOX 'unit_w_div';
2017-12-20 13:03:31 EXEC SPC_COM_GET_COMBOBOX 'unit_m_div';
2017-12-20 13:03:43 EXEC SPC_COM_GET_COMBOBOX 'shipment_div';
2017-12-20 13:03:43 EXEC SPC_COM_GET_COMBOBOX 'port_country_div';
2017-12-20 13:03:43 EXEC SPC_COM_GET_COMBOBOX 'trade_terms_div';
2017-12-20 13:03:43 EXEC SPC_COM_GET_COMBOBOX 'payment_conditions_div';
2017-12-20 13:03:43 EXEC SPC_COM_GET_COMBOBOX 'port_city_div';
2017-12-20 13:03:43 EXEC SPC_COM_GET_COMBOBOX 'currency_div';
2017-12-20 13:03:44 EXEC SPC_COM_GET_COMBOBOX 'unit_m_div';
2017-12-20 13:03:44 EXEC SPC_COM_GET_COMBOBOX 'unit_q_div';
2017-12-20 13:03:44 EXEC SPC_COM_GET_COMBOBOX 'unit_w_div';
2017-12-20 13:03:44 EXEC SPC_GET_TAX_RATE '2017/12/20';
2017-12-20 13:03:44 EXEC SPC_COM_GET_COMBOBOX 'sales_detail_div';
2017-12-20 13:03:44 EXEC SPC_COM_GET_COMBOBOX 'bank_div';
2017-12-20 13:03:44 EXEC SPC_001_PI_DETAIL_INQ1 'RT-171212007';
2017-12-20 13:03:45 EXEC SPC_COM_GET_COMBOBOX 'unit_w_div';
2017-12-20 13:03:45 EXEC SPC_COM_GET_COMBOBOX 'sales_detail_div';
2017-12-20 13:03:45 EXEC SPC_COM_GET_COMBOBOX 'unit_q_div';
2017-12-20 13:03:45 EXEC SPC_GET_TAX_RATE '2017/12/30';
2017-12-20 13:03:45 EXEC SPC_COM_GET_COMBOBOX 'unit_m_div';
2017-12-20 13:05:10 EXEC SPC_COM_GET_COMBOBOX 'port_country_div';
2017-12-20 13:05:10 EXEC SPC_COM_GET_COMBOBOX 'currency_div';
2017-12-20 13:05:10 EXEC SPC_COM_GET_COMBOBOX 'shipment_div';
2017-12-20 13:05:10 EXEC SPC_COM_GET_COMBOBOX 'port_city_div';
2017-12-20 13:05:10 EXEC SPC_COM_GET_COMBOBOX 'trade_terms_div';
2017-12-20 13:05:10 EXEC SPC_COM_GET_COMBOBOX 'payment_conditions_div';
2017-12-20 13:05:10 EXEC SPC_COM_GET_COMBOBOX 'unit_q_div';
2017-12-20 13:05:10 EXEC SPC_COM_GET_COMBOBOX 'unit_m_div';
2017-12-20 13:05:10 EXEC SPC_COM_GET_COMBOBOX 'bank_div';
2017-12-20 13:05:10 EXEC SPC_COM_GET_COMBOBOX 'unit_w_div';
2017-12-20 13:05:10 EXEC SPC_GET_TAX_RATE '2017/12/20';
2017-12-20 13:05:10 EXEC SPC_COM_GET_COMBOBOX 'sales_detail_div';
2017-12-20 13:05:11 EXEC SPC_001_PI_DETAIL_INQ1 'RT-171212007';
2017-12-20 13:05:12 EXEC SPC_COM_GET_COMBOBOX 'unit_m_div';
2017-12-20 13:05:12 EXEC SPC_GET_TAX_RATE '2017/12/30';
2017-12-20 13:05:12 EXEC SPC_COM_GET_COMBOBOX 'unit_w_div';
2017-12-20 13:05:12 EXEC SPC_COM_GET_COMBOBOX 'sales_detail_div';
2017-12-20 13:05:12 EXEC SPC_COM_GET_COMBOBOX 'unit_q_div';
2017-12-20 13:09:08 EXEC SPC_COM_GET_COMBOBOX 'port_city_div';
2017-12-20 13:09:08 EXEC SPC_COM_GET_COMBOBOX 'port_country_div';
2017-12-20 13:09:08 EXEC SPC_COM_GET_COMBOBOX 'currency_div';
2017-12-20 13:09:08 EXEC SPC_COM_GET_COMBOBOX 'trade_terms_div';
2017-12-20 13:09:09 EXEC SPC_COM_GET_COMBOBOX 'payment_conditions_div';
2017-12-20 13:09:09 EXEC SPC_COM_GET_COMBOBOX 'shipment_div';
2017-12-20 13:09:09 EXEC SPC_COM_GET_COMBOBOX 'unit_q_div';
2017-12-20 13:09:09 EXEC SPC_COM_GET_COMBOBOX 'unit_w_div';
2017-12-20 13:09:09 EXEC SPC_COM_GET_COMBOBOX 'sales_detail_div';
2017-12-20 13:09:09 EXEC SPC_COM_GET_COMBOBOX 'unit_m_div';
2017-12-20 13:09:09 EXEC SPC_COM_GET_COMBOBOX 'bank_div';
2017-12-20 13:09:09 EXEC SPC_GET_TAX_RATE '2017/12/20';
2017-12-20 13:09:10 EXEC SPC_001_PI_DETAIL_INQ1 'RT-171212007';
2017-12-20 13:09:10 EXEC SPC_COM_GET_COMBOBOX 'unit_w_div';
2017-12-20 13:09:10 EXEC SPC_COM_GET_COMBOBOX 'sales_detail_div';
2017-12-20 13:09:10 EXEC SPC_COM_GET_COMBOBOX 'unit_m_div';
2017-12-20 13:09:10 EXEC SPC_GET_TAX_RATE '2017/12/30';
2017-12-20 13:09:10 EXEC SPC_COM_GET_COMBOBOX 'unit_q_div';
2017-12-20 13:10:10 EXEC SPC_COM_GET_COMBOBOX 'trade_terms_div';
2017-12-20 13:10:10 EXEC SPC_COM_GET_COMBOBOX 'shipment_div';
2017-12-20 13:10:10 EXEC SPC_COM_GET_COMBOBOX 'port_city_div';
2017-12-20 13:10:10 EXEC SPC_COM_GET_COMBOBOX 'payment_conditions_div';
2017-12-20 13:10:10 EXEC SPC_COM_GET_COMBOBOX 'port_country_div';
2017-12-20 13:10:11 EXEC SPC_COM_GET_COMBOBOX 'unit_q_div';
2017-12-20 13:10:11 EXEC SPC_COM_GET_COMBOBOX 'unit_w_div';
2017-12-20 13:10:11 EXEC SPC_COM_GET_COMBOBOX 'sales_detail_div';
2017-12-20 13:10:11 EXEC SPC_COM_GET_COMBOBOX 'unit_m_div';
2017-12-20 13:10:11 EXEC SPC_GET_TAX_RATE '2017/12/20';
2017-12-20 13:10:11 EXEC SPC_COM_GET_COMBOBOX 'bank_div';
2017-12-20 13:10:11 EXEC SPC_001_PI_DETAIL_INQ1 'RT-171212007';
2017-12-20 13:10:12 EXEC SPC_COM_GET_COMBOBOX 'sales_detail_div';
2017-12-20 13:10:12 EXEC SPC_COM_GET_COMBOBOX 'unit_q_div';
2017-12-20 13:10:12 EXEC SPC_COM_GET_COMBOBOX 'unit_w_div';
2017-12-20 13:10:12 EXEC SPC_GET_TAX_RATE '2017/12/30';
2017-12-20 13:10:12 EXEC SPC_COM_GET_COMBOBOX 'unit_m_div';
2017-12-20 13:10:14 EXEC SPC_001_PI_DETAIL_ACT1 'U','RT-171212007','2017/12/30','F0511','client name 2','client address 1','client address 1','5555','001','JP','0905242555','0905242555','F0512','client name 1','client address 1','client address 1','5555','001','AE','0905242555','0905242555','shipping mark 1','shipping mark 2','shipping mark 3','shipping mark 4','(未定)pi_packing','','USD','060','01','02','001','JP','02','Payment','[{"pi_detail_no":"1","sales_detail_div":"0","product_cd":"000001","description":"item name j 1","qty":"9999","unit_of_m_div":"002","unit_price":"111","amount":"1109889","detail_tax":"13318.67","unit_measure_qty":"11","unit_measure_price":"001","outside_remarks":"","unit_net_weight":"7777","unit_net_weight_div":"001","net_weight":"77762223","unit_gross_weight":"999.99","gross_weight":"9998900.01","measure":"109989"},{"pi_detail_no":"2","sales_detail_div":"3","product_cd":"000002","description":"component 2 e","qty":"10","unit_of_m_div":"","unit_price":"2000","amount":"20000","detail_tax":"240","unit_measure_qty":"300","unit_measure_price":"001","outside_remarks":"","unit_net_weight":"100","unit_net_weight_div":"","net_weight":"1000","unit_gross_weight":"200","gross_weight":"2000","measure":"3000"}]','10009','002','10000900.01','kg','77763223','kg','112989','M3','1129889','0','0','13558.67','1143447.67','(未定)pi_time_of_shipment','008','(未定)pi_country_of_origin','(未定)pi_manufacture','(未定)pi_varidity','(未定)pi_other_conditions1','(未定)pi_other_conditions2','(未定)pi_other_conditions3','(未定)pi_other_conditions4','(未定)pi_other_conditions5','(未定)pi_other_conditions6','(未定)pi_other_conditions7','(未定)pi_other_conditions8','(未定)pi_other_conditions9','(未定)pi_other_conditions10','0002','社内用備考','','001_pi-detail','';
2017-12-20 13:10:15 EXEC SPC_001_PI_DETAIL_INQ1 'RT-171212007';
2017-12-20 13:10:16 EXEC SPC_GET_TAX_RATE '2017/12/30';
2017-12-20 13:10:16 EXEC SPC_COM_GET_COMBOBOX 'unit_m_div';
2017-12-20 13:10:16 EXEC SPC_COM_GET_COMBOBOX 'unit_w_div';
2017-12-20 13:10:16 EXEC SPC_COM_GET_COMBOBOX 'sales_detail_div';
2017-12-20 13:10:16 EXEC SPC_COM_GET_COMBOBOX 'unit_q_div';
2017-12-20 13:10:37 EXEC SPC_COM_GET_COMBOBOX 'pi_status_div';
2017-12-20 13:10:40 EXEC SPC_COM_GET_COMBOBOX 'port_city_div';
2017-12-20 13:10:40 EXEC SPC_COM_GET_COMBOBOX 'shipment_div';
2017-12-20 13:10:40 EXEC SPC_COM_GET_COMBOBOX 'trade_terms_div';
2017-12-20 13:10:40 EXEC SPC_COM_GET_COMBOBOX 'port_country_div';
2017-12-20 13:10:40 EXEC SPC_COM_GET_COMBOBOX 'currency_div';
2017-12-20 13:10:41 EXEC SPC_COM_GET_COMBOBOX 'payment_conditions_div';
2017-12-20 13:10:41 EXEC SPC_COM_GET_COMBOBOX 'unit_w_div';
2017-12-20 13:10:41 EXEC SPC_COM_GET_COMBOBOX 'unit_q_div';
2017-12-20 13:10:41 EXEC SPC_COM_GET_COMBOBOX 'unit_m_div';
2017-12-20 13:10:41 EXEC SPC_COM_GET_COMBOBOX 'sales_detail_div';
2017-12-20 13:10:41 EXEC SPC_COM_GET_COMBOBOX 'bank_div';
2017-12-20 13:10:41 EXEC SPC_GET_TAX_RATE '2017/12/20';
2017-12-20 13:10:49 EXEC SPC_001_PI_DETAIL_INQ2 'F0511','1';
2017-12-20 13:10:54 EXEC SPC_001_PI_DETAIL_INQ2 'F00129','1';
2017-12-20 13:11:01 EXEC SPC_001_PI_DETAIL_INQ2 'F00129','1';
2017-12-20 13:11:06 EXEC SPC_001_PI_DETAIL_INQ2 'F0511','1';
2017-12-20 13:11:11 EXEC SPC_001_PI_DETAIL_INQ2 'F0511','1';
2017-12-20 13:11:30 EXEC SPC_COM_GET_COMBOBOX 'shipment_div';
2017-12-20 13:11:30 EXEC SPC_COM_GET_COMBOBOX 'trade_terms_div';
2017-12-20 13:11:30 EXEC SPC_COM_GET_COMBOBOX 'payment_conditions_div';
2017-12-20 13:11:30 EXEC SPC_COM_GET_COMBOBOX 'port_country_div';
2017-12-20 13:11:30 EXEC SPC_COM_GET_COMBOBOX 'port_city_div';
2017-12-20 13:11:31 EXEC SPC_COM_GET_COMBOBOX 'currency_div';
2017-12-20 13:11:31 EXEC SPC_COM_GET_COMBOBOX 'unit_w_div';
2017-12-20 13:11:31 EXEC SPC_COM_GET_COMBOBOX 'unit_q_div';
2017-12-20 13:11:31 EXEC SPC_GET_TAX_RATE '2017/12/20';
2017-12-20 13:11:31 EXEC SPC_COM_GET_COMBOBOX 'bank_div';
2017-12-20 13:11:31 EXEC SPC_COM_GET_COMBOBOX 'unit_m_div';
2017-12-20 13:11:31 EXEC SPC_COM_GET_COMBOBOX 'sales_detail_div';
2017-12-20 13:11:31 EXEC SPC_001_PI_DETAIL_INQ1 '';
2017-12-20 13:11:33 EXEC SPC_001_PI_DETAIL_INQ1 'RT-171212007';
2017-12-20 13:11:34 EXEC SPC_COM_GET_COMBOBOX 'unit_q_div';
2017-12-20 13:11:34 EXEC SPC_COM_GET_COMBOBOX 'unit_w_div';
2017-12-20 13:11:34 EXEC SPC_COM_GET_COMBOBOX 'sales_detail_div';
2017-12-20 13:11:34 EXEC SPC_COM_GET_COMBOBOX 'unit_m_div';
2017-12-20 13:11:34 EXEC SPC_GET_TAX_RATE '2017/12/30';
2017-12-20 13:12:08 EXEC SPC_COM_GET_COMBOBOX 'port_city_div';
2017-12-20 13:12:08 EXEC SPC_COM_GET_COMBOBOX 'trade_terms_div';
2017-12-20 13:12:09 EXEC SPC_COM_GET_COMBOBOX 'payment_conditions_div';
2017-12-20 13:12:09 EXEC SPC_COM_GET_COMBOBOX 'currency_div';
2017-12-20 13:12:09 EXEC SPC_COM_GET_COMBOBOX 'port_country_div';
2017-12-20 13:12:09 EXEC SPC_COM_GET_COMBOBOX 'shipment_div';
2017-12-20 13:12:09 EXEC SPC_COM_GET_COMBOBOX 'sales_detail_div';
2017-12-20 13:12:09 EXEC SPC_COM_GET_COMBOBOX 'unit_q_div';
2017-12-20 13:12:09 EXEC SPC_COM_GET_COMBOBOX 'unit_w_div';
2017-12-20 13:12:09 EXEC SPC_COM_GET_COMBOBOX 'unit_m_div';
2017-12-20 13:12:09 EXEC SPC_COM_GET_COMBOBOX 'bank_div';
2017-12-20 13:12:09 EXEC SPC_GET_TAX_RATE '2017/12/20';
2017-12-20 13:12:10 EXEC SPC_001_PI_DETAIL_INQ1 'RT-171212007';
2017-12-20 13:12:10 EXEC SPC_GET_TAX_RATE '2017/12/30';
2017-12-20 13:12:10 EXEC SPC_COM_GET_COMBOBOX 'unit_w_div';
2017-12-20 13:12:10 EXEC SPC_COM_GET_COMBOBOX 'sales_detail_div';
2017-12-20 13:12:10 EXEC SPC_COM_GET_COMBOBOX 'unit_m_div';
2017-12-20 13:12:22 EXEC SPC_001_PI_DETAIL_ACT3 'RT-171212007','','001_pi-detail','';
2017-12-20 13:12:25 EXEC SPC_001_PI_DETAIL_INQ1 'RT-171212007';
2017-12-20 13:12:25 EXEC SPC_COM_GET_COMBOBOX 'unit_q_div';
2017-12-20 13:12:25 EXEC SPC_COM_GET_COMBOBOX 'unit_w_div';
2017-12-20 13:12:25 EXEC SPC_COM_GET_COMBOBOX 'sales_detail_div';
2017-12-20 13:12:26 EXEC SPC_GET_TAX_RATE '2017/12/30';
2017-12-20 13:12:26 EXEC SPC_COM_GET_COMBOBOX 'unit_m_div';
2017-12-20 13:18:36 EXEC SPC_001_PI_DETAIL_ACT1 'U','RT-171212007','2017/12/30','F0511','client name 2','client address 1','client address 1','5555','001','JP','0905242555','0905242555','F0512','client name 1','client address 1','client address 1','5555','001','AE','0905242555','0905242555','shipping mark 1','shipping mark 2','shipping mark 3','shipping mark 4','(未定)pi_packing','','USD','060','01','02','001','JP','02','Payment','[{"pi_detail_no":"1","sales_detail_div":"0","product_cd":"000001","description":"item name j 1","qty":"9999","unit_of_m_div":"002","unit_price":"111","amount":"1109889","detail_tax":"13318.67","unit_measure_qty":"11","unit_measure_price":"001","outside_remarks":"","unit_net_weight":"7777","unit_net_weight_div":"001","net_weight":"77762223","unit_gross_weight":"999.99","gross_weight":"9998900.01","measure":"109989"},{"pi_detail_no":"2","sales_detail_div":"3","product_cd":"000002","description":"component 2 e","qty":"10","unit_of_m_div":"","unit_price":"2000","amount":"20000","detail_tax":"240","unit_measure_qty":"300","unit_measure_price":"001","outside_remarks":"","unit_net_weight":"100","unit_net_weight_div":"","net_weight":"1000","unit_gross_weight":"200","gross_weight":"2000","measure":"3000"}]','10009','002','10000900.01','kg','77763223','kg','112989','M3','1129889','0','0','13558.67','1143447.67','(未定)pi_time_of_shipment','008','(未定)pi_country_of_origin','(未定)pi_manufacture','(未定)pi_varidity','(未定)pi_other_conditions1','(未定)pi_other_conditions2','(未定)pi_other_conditions3','(未定)pi_other_conditions4','(未定)pi_other_conditions5','(未定)pi_other_conditions6','(未定)pi_other_conditions7','(未定)pi_other_conditions8','(未定)pi_other_conditions9','(未定)pi_other_conditions10','0002','社内用備考','','001_pi-detail','';
2017-12-20 13:19:25 EXEC SPC_COM_GET_COMBOBOX 'unit_q_div';
2017-12-20 13:20:42 EXEC SPC_073_LOGIN_ACT1 '001','123456';
2017-12-20 13:20:42 EXEC SPC_GET_CONSTANT '';
2017-12-20 13:22:30 EXEC SPC_COM_GET_COMBOBOX 'unit_q_div';
2017-12-20 13:23:12 EXEC SPC_COM_GET_COMBOBOX 'unit_q_div';
2017-12-20 14:50:13 EXEC SPC_071_COMPONENT_LIST_SEARCH_FND1 '','','1','10';
2017-12-20 14:51:29 EXEC SPC_071_COMPONENT_LIST_SEARCH_FND1 '','','1','10';
2017-12-20 14:52:44 EXEC SPC_071_COMPONENT_LIST_SEARCH_FND1 '','','1','10';
2017-12-20 14:52:51 EXEC SPC_071_COMPONENT_LIST_SEARCH_FND1 '','','2','10';
2017-12-20 14:53:02 EXEC SPC_071_COMPONENT_LIST_SEARCH_FND1 '','','1','10';
2017-12-20 14:53:11 EXEC SPC_071_COMPONENT_LIST_SEARCH_FND1 '','','1','10';
2017-12-20 14:53:47 EXEC SPC_071_COMPONENT_LIST_SEARCH_FND1 '','','1','10';
2017-12-20 14:55:56 EXEC SPC_COM_GET_COMBOBOX 'pi_status_div';
2017-12-20 14:55:58 EXEC SPC_002_PI_SEARCH_FND1 '','','','','','','','','1','10';
2017-12-20 14:56:36 EXEC SPC_071_COMPONENT_LIST_SEARCH_FND1 '','','1','10';
2017-12-20 14:56:42 EXEC SPC_071_COMPONENT_LIST_SEARCH_FND1 '','','2','10';
2017-12-20 14:56:45 EXEC SPC_071_COMPONENT_LIST_SEARCH_FND1 '','','3','10';
2017-12-20 14:56:58 EXEC SPC_071_COMPONENT_LIST_SEARCH_FND1 '','','4','10';
2017-12-20 14:57:01 EXEC SPC_071_COMPONENT_LIST_SEARCH_FND1 '','','1','10';
2017-12-20 14:57:25 EXEC SPC_COM_GET_COMBOBOX 'unit_q_div';
2017-12-20 14:58:53 EXEC SPC_071_COMPONENT_LIST_SEARCH_FND1 '','','1','10';
2017-12-20 14:59:14 EXEC SPC_071_COMPONENT_LIST_SEARCH_FND1 '','','2','10';
2017-12-20 14:59:16 EXEC SPC_071_COMPONENT_LIST_SEARCH_FND1 '','','1','10';
2017-12-20 14:59:33 EXEC SPC_COM_GET_COMBOBOX 'unit_q_div';
2017-12-20 15:00:26 EXEC SPC_071_COMPONENT_LIST_SEARCH_FND1 '','','1','10';
2017-12-20 15:07:51 EXEC SPC_071_COMPONENT_LIST_SEARCH_FND1 '','','1','10';
2017-12-20 15:07:57 EXEC SPC_COM_GET_COMBOBOX 'unit_q_div';
2017-12-20 15:07:58 EXEC SPC_070_COMPONENT_LIST_DETAIL_INQ1 '000001','000001';
2017-12-20 15:08:18 EXEC SPC_071_COMPONENT_LIST_SEARCH_FND1 '','','1','10';
2017-12-20 15:08:20 EXEC SPC_071_COMPONENT_LIST_SEARCH_FND1 '','','1','10';
2017-12-20 15:08:28 EXEC SPC_COM_GET_COMBOBOX 'unit_q_div';
2017-12-20 15:08:28 EXEC SPC_070_COMPONENT_LIST_DETAIL_INQ1 '000001','000007';
2017-12-20 15:08:44 EXEC SPC_070_COMPONENT_LIST_DETAIL_ACT1 'U','000001','000007','999','003','2017/12/01','2017/12/07','備考','001','070_component-list-detail','192.168.5.206';
2017-12-20 15:08:45 EXEC SPC_070_COMPONENT_LIST_DETAIL_INQ1 '000001','000007';
2017-12-20 15:08:55 EXEC SPC_070_COMPONENT_LIST_DETAIL_ACT2 '000001','000007','001','070_component-list-detail','192.168.5.206';
2017-12-20 15:08:59 EXEC SPC_070_COMPONENT_LIST_DETAIL_INQ1 '000001','000007';
2017-12-20 15:09:02 EXEC SPC_070_COMPONENT_LIST_DETAIL_ACT2 '000001','000007','001','070_component-list-detail','192.168.5.206';
2017-12-20 15:09:35 EXEC SPC_070_COMPONENT_LIST_DETAIL_ACT1 'U','000001','000007','999','003','2017/12/01','2017/12/07','備考','001','070_component-list-detail','192.168.5.206';
2017-12-20 15:09:52 EXEC SPC_COM_GET_COMBOBOX 'unit_q_div';
2017-12-20 15:09:52 EXEC SPC_070_COMPONENT_LIST_DETAIL_INQ1 '000001','000007';
2017-12-20 15:09:57 EXEC SPC_071_COMPONENT_LIST_SEARCH_FND1 '','','1','10';
2017-12-20 15:10:00 EXEC SPC_071_COMPONENT_LIST_SEARCH_FND1 '','','1','10';
2017-12-20 15:10:03 EXEC SPC_COM_GET_COMBOBOX 'unit_q_div';
2017-12-20 15:10:03 EXEC SPC_070_COMPONENT_LIST_DETAIL_INQ1 '000001','000010';
2017-12-20 15:10:08 EXEC SPC_070_COMPONENT_LIST_DETAIL_ACT1 'U','000001','000007','999','003','2017/12/01','2017/12/07','備考','001','070_component-list-detail','192.168.5.206';
2017-12-20 15:10:23 EXEC SPC_COM_GET_COMBOBOX 'unit_q_div';
2017-12-20 15:10:27 EXEC SPC_070_COMPONENT_LIST_DETAIL_INQ1 '000001','000007';
2017-12-20 15:10:42 EXEC SPC_070_COMPONENT_LIST_DETAIL_ACT1 'I','000001','000007','44444','001','2017/12/01','2017/12/07','備考','001','070_component-list-detail','192.168.5.206';
2017-12-20 15:10:43 EXEC SPC_070_COMPONENT_LIST_DETAIL_INQ1 '000001','000007';
2017-12-20 15:10:46 EXEC SPC_COM_GET_COMBOBOX 'unit_q_div';
2017-12-20 15:10:50 EXEC SPC_071_COMPONENT_LIST_SEARCH_FND1 '','','1','10';
2017-12-20 15:10:52 EXEC SPC_COM_GET_COMBOBOX 'unit_q_div';
2017-12-20 15:10:52 EXEC SPC_070_COMPONENT_LIST_DETAIL_INQ1 '000001','000007';
2017-12-20 15:10:58 EXEC SPC_070_COMPONENT_LIST_DETAIL_ACT2 '000001','000007','001','070_component-list-detail','192.168.5.206';
2017-12-20 15:11:00 EXEC SPC_070_COMPONENT_LIST_DETAIL_INQ1 '000001','000007';
2017-12-20 15:11:26 EXEC SPC_070_COMPONENT_LIST_DETAIL_ACT1 'U','000001','000007','44444','001','2017/12/01','2017/12/07','備考','001','070_component-list-detail','192.168.5.206';
2017-12-20 15:11:35 EXEC SPC_071_COMPONENT_LIST_SEARCH_FND1 '','','1','10';
2017-12-20 15:11:38 EXEC SPC_COM_GET_COMBOBOX 'unit_q_div';
2017-12-20 15:11:41 EXEC SPC_070_COMPONENT_LIST_DETAIL_INQ1 '000001','000007';
2017-12-20 15:11:54 EXEC SPC_070_COMPONENT_LIST_DETAIL_ACT1 'I','000001','000007','1111','001','2017/12/06','2017/12/27','備考','001','070_component-list-detail','192.168.5.206';
2017-12-20 15:11:55 EXEC SPC_070_COMPONENT_LIST_DETAIL_INQ1 '000001','000007';
2017-12-20 15:12:00 EXEC SPC_070_COMPONENT_LIST_DETAIL_ACT1 'U','000001','000007','1111','001','2017/12/06','2017/12/27','備考','001','070_component-list-detail','192.168.5.206';
2017-12-20 15:12:01 EXEC SPC_070_COMPONENT_LIST_DETAIL_INQ1 '000001','000007';
2017-12-20 15:12:09 EXEC SPC_070_COMPONENT_LIST_DETAIL_ACT2 '000001','000007','001','070_component-list-detail','192.168.5.206';
2017-12-20 15:12:14 EXEC SPC_070_COMPONENT_LIST_DETAIL_INQ1 '000001','000007';
2017-12-20 15:12:34 EXEC SPC_COM_GET_COMBOBOX 'unit_q_div';
2017-12-20 15:12:42 EXEC SPC_071_COMPONENT_LIST_SEARCH_FND1 '','','1','10';
2017-12-20 15:12:49 EXEC SPC_COM_GET_COMBOBOX 'unit_q_div';
2017-12-20 15:12:51 EXEC SPC_070_COMPONENT_LIST_DETAIL_INQ1 ' 製品コード','';
2017-12-20 15:12:56 EXEC SPC_070_COMPONENT_LIST_DETAIL_INQ1 '000001','';
2017-12-20 15:13:17 EXEC SPC_070_COMPONENT_LIST_DETAIL_ACT1 'I','000001','000007','111','001','2017/12/13','2017/12/29','備考','001','070_component-list-detail','192.168.5.206';
2017-12-20 15:13:18 EXEC SPC_070_COMPONENT_LIST_DETAIL_INQ1 '000001','000007';
2017-12-20 15:13:22 EXEC SPC_070_COMPONENT_LIST_DETAIL_ACT2 '000001','000007','001','070_component-list-detail','192.168.5.206';
2017-12-20 15:13:23 EXEC SPC_070_COMPONENT_LIST_DETAIL_INQ1 '000001','000007';
2017-12-20 15:13:38 EXEC SPC_COM_GET_COMBOBOX 'unit_q_div';
2017-12-20 15:13:54 EXEC SPC_070_COMPONENT_LIST_DETAIL_INQ1 '00001','';
2017-12-20 15:13:59 EXEC SPC_070_COMPONENT_LIST_DETAIL_INQ1 '000001','000005';
2017-12-20 15:14:09 EXEC SPC_070_COMPONENT_LIST_DETAIL_ACT1 'I','000001','000005','1111','001','2017/12/07','2017/12/28','備考','001','070_component-list-detail','192.168.5.206';
2017-12-20 15:14:10 EXEC SPC_070_COMPONENT_LIST_DETAIL_INQ1 '000001','000005';
2017-12-20 15:14:12 EXEC SPC_070_COMPONENT_LIST_DETAIL_ACT2 '000001','000005','001','070_component-list-detail','192.168.5.206';
2017-12-20 15:14:14 EXEC SPC_070_COMPONENT_LIST_DETAIL_INQ1 '000001','000005';
2017-12-20 15:15:27 EXEC SPC_070_COMPONENT_LIST_DETAIL_ACT1 'U','000001','000005','1111','001','2017/12/07','2017/12/28','備考','001','070_component-list-detail','192.168.5.206';
2017-12-20 15:15:29 EXEC SPC_070_COMPONENT_LIST_DETAIL_ACT2 '000001','000005','001','070_component-list-detail','192.168.5.206';
2017-12-20 15:15:33 EXEC SPC_COM_GET_COMBOBOX 'unit_q_div';
2017-12-20 15:15:37 EXEC SPC_070_COMPONENT_LIST_DETAIL_INQ1 '000001','';
2017-12-20 15:15:51 EXEC SPC_070_COMPONENT_LIST_DETAIL_ACT1 'I','000001','000006','111','001','2017/12/01','2017/12/29','備考','001','070_component-list-detail','192.168.5.206';
2017-12-20 15:15:52 EXEC SPC_070_COMPONENT_LIST_DETAIL_INQ1 '000001','000006';
2017-12-20 15:15:56 EXEC SPC_070_COMPONENT_LIST_DETAIL_ACT2 '000001','000006','001','070_component-list-detail','192.168.5.206';
2017-12-20 15:15:57 EXEC SPC_070_COMPONENT_LIST_DETAIL_INQ1 '000001','000006';
2017-12-20 15:16:18 EXEC SPC_COM_GET_COMBOBOX 'unit_q_div';
2017-12-20 15:16:21 EXEC SPC_070_COMPONENT_LIST_DETAIL_INQ1 '00001','';
2017-12-20 15:16:33 EXEC SPC_070_COMPONENT_LIST_DETAIL_ACT1 'I','00001','00003','111','002','2017/12/06','2017/12/27','備考','001','070_component-list-detail','192.168.5.206';
2017-12-20 15:16:34 EXEC SPC_070_COMPONENT_LIST_DETAIL_INQ1 '00001','00003';
2017-12-20 15:16:36 EXEC SPC_070_COMPONENT_LIST_DETAIL_ACT2 '00001','00003','001','070_component-list-detail','192.168.5.206';
2017-12-20 15:16:37 EXEC SPC_070_COMPONENT_LIST_DETAIL_INQ1 '00001','00003';
2017-12-20 15:17:20 EXEC SPC_COM_GET_COMBOBOX 'unit_q_div';
2017-12-20 15:17:24 EXEC SPC_070_COMPONENT_LIST_DETAIL_INQ1 '00001','';
2017-12-20 15:17:37 EXEC SPC_070_COMPONENT_LIST_DETAIL_ACT1 'I','00001','00007','111','001','2017/12/01','2017/12/15','','001','070_component-list-detail','192.168.5.206';
2017-12-20 15:17:38 EXEC SPC_070_COMPONENT_LIST_DETAIL_INQ1 '00001','00007';
2017-12-20 15:17:40 EXEC SPC_070_COMPONENT_LIST_DETAIL_ACT2 '00001','00007','001','070_component-list-detail','192.168.5.206';
2017-12-20 15:17:41 EXEC SPC_070_COMPONENT_LIST_DETAIL_INQ1 '00001','00007';
2017-12-20 15:19:57 EXEC SPC_COM_GET_COMBOBOX 'unit_q_div';
2017-12-20 15:20:01 EXEC SPC_070_COMPONENT_LIST_DETAIL_INQ1 '00002','';
2017-12-20 15:20:04 EXEC SPC_070_COMPONENT_LIST_DETAIL_INQ1 '00001','0';
2017-12-20 15:20:08 EXEC SPC_070_COMPONENT_LIST_DETAIL_INQ1 '000001','';
2017-12-20 15:20:11 EXEC SPC_070_COMPONENT_LIST_DETAIL_INQ1 '000000','';
2017-12-20 15:20:19 EXEC SPC_070_COMPONENT_LIST_DETAIL_INQ1 '000000','';
2017-12-20 15:21:21 EXEC SPC_COM_GET_COMBOBOX 'unit_q_div';
2017-12-20 15:21:38 EXEC SPC_070_COMPONENT_LIST_DETAIL_ACT1 'I','000001','000005','1111','003','2017/12/05','2017/12/27','備考','001','070_component-list-detail','192.168.5.206';
2017-12-20 15:21:39 EXEC SPC_070_COMPONENT_LIST_DETAIL_INQ1 '000001','000005';
2017-12-20 15:21:44 EXEC SPC_070_COMPONENT_LIST_DETAIL_ACT2 '000001','000005','001','070_component-list-detail','192.168.5.206';
2017-12-20 15:21:46 EXEC SPC_070_COMPONENT_LIST_DETAIL_INQ1 '000001','000005';
2017-12-20 15:24:03 EXEC SPC_COM_GET_COMBOBOX 'unit_q_div';
2017-12-20 15:24:20 EXEC SPC_070_COMPONENT_LIST_DETAIL_ACT1 'I','00001','00005','111','002','2017/12/12','2017/12/27','備考','001','070_component-list-detail','192.168.5.206';
2017-12-20 15:24:22 EXEC SPC_070_COMPONENT_LIST_DETAIL_INQ1 '00001','00005';
2017-12-20 15:24:27 EXEC SPC_070_COMPONENT_LIST_DETAIL_ACT1 'U','00001','00005','111','002','2017/12/12','2017/12/27','備考','001','070_component-list-detail','192.168.5.206';
2017-12-20 15:24:28 EXEC SPC_070_COMPONENT_LIST_DETAIL_INQ1 '00001','00005';
2017-12-20 15:24:31 EXEC SPC_070_COMPONENT_LIST_DETAIL_ACT2 '00001','00005','001','070_component-list-detail','192.168.5.206';
2017-12-20 15:24:34 EXEC SPC_070_COMPONENT_LIST_DETAIL_INQ1 '00001','00005';
2017-12-20 15:25:03 EXEC SPC_COM_GET_COMBOBOX 'unit_q_div';
2017-12-20 15:25:50 EXEC SPC_COM_GET_COMBOBOX 'unit_q_div';
2017-12-20 15:26:04 EXEC SPC_070_COMPONENT_LIST_DETAIL_ACT1 'I','00001','00006','11111','002','2017/12/01','2017/12/20','','001','070_component-list-detail','192.168.5.206';
2017-12-20 15:26:05 EXEC SPC_070_COMPONENT_LIST_DETAIL_INQ1 '00001','00006';
2017-12-20 15:26:07 EXEC SPC_070_COMPONENT_LIST_DETAIL_ACT2 '00001','00006','001','070_component-list-detail','192.168.5.206';
2017-12-20 15:26:08 EXEC SPC_070_COMPONENT_LIST_DETAIL_INQ1 '00001','00006';
2017-12-20 15:27:39 EXEC SPC_COM_GET_COMBOBOX 'port_country_div';
2017-12-20 15:27:39 EXEC SPC_COM_GET_COMBOBOX 'unit_q_div';
2017-12-20 15:27:40 EXEC SPC_COM_GET_COMBOBOX 'unit_w_div';
2017-12-20 15:27:40 EXEC SPC_COM_GET_COMBOBOX 'shipment_div';
2017-12-20 15:27:40 EXEC SPC_COM_GET_COMBOBOX 'currency_div';
2017-12-20 15:27:40 EXEC SPC_COM_GET_COMBOBOX 'port_city_div';
2017-12-20 15:27:41 EXEC SPC_COM_GET_COMBOBOX 'trade_terms_div';
2017-12-20 15:27:41 EXEC SPC_COM_GET_COMBOBOX 'unit_m_div';
2017-12-20 15:27:41 EXEC SPC_COM_GET_COMBOBOX 'payment_conditions_div';
2017-12-20 15:27:41 EXEC SPC_COM_GET_COMBOBOX 'bank_div';
2017-12-20 15:27:41 EXEC SPC_COM_GET_COMBOBOX 'sales_detail_div';
2017-12-20 15:27:41 EXEC SPC_GET_TAX_RATE '2017/12/20';
2017-12-20 15:27:41 EXEC SPC_001_PI_DETAIL_INQ1 '';
2017-12-20 15:27:57 EXEC SPC_COM_GET_COMBOBOX 'shipment_div';
2017-12-20 15:27:57 EXEC SPC_COM_GET_COMBOBOX 'port_city_div';
2017-12-20 15:27:57 EXEC SPC_COM_GET_COMBOBOX 'payment_conditions_div';
2017-12-20 15:27:57 EXEC SPC_COM_GET_COMBOBOX 'trade_terms_div';
2017-12-20 15:27:57 EXEC SPC_COM_GET_COMBOBOX 'port_country_div';
2017-12-20 15:27:57 EXEC SPC_COM_GET_COMBOBOX 'currency_div';
2017-12-20 15:27:58 EXEC SPC_COM_GET_COMBOBOX 'unit_m_div';
2017-12-20 15:27:58 EXEC SPC_COM_GET_COMBOBOX 'unit_q_div';
2017-12-20 15:27:58 EXEC SPC_COM_GET_COMBOBOX 'unit_w_div';
2017-12-20 15:27:58 EXEC SPC_COM_GET_COMBOBOX 'sales_detail_div';
2017-12-20 15:27:58 EXEC SPC_COM_GET_COMBOBOX 'bank_div';
2017-12-20 15:27:58 EXEC SPC_GET_TAX_RATE '2017/12/20';
2017-12-20 15:27:58 EXEC SPC_001_PI_DETAIL_INQ1 '';
2017-12-20 15:28:03 EXEC SPC_001_PI_DETAIL_INQ1 'RT-171212007';
2017-12-20 15:28:04 EXEC SPC_COM_GET_COMBOBOX 'unit_w_div';
2017-12-20 15:28:04 EXEC SPC_COM_GET_COMBOBOX 'unit_m_div';
2017-12-20 15:28:04 EXEC SPC_COM_GET_COMBOBOX 'sales_detail_div';
2017-12-20 15:28:04 EXEC SPC_GET_TAX_RATE '2017/12/30';
2017-12-20 15:28:04 EXEC SPC_COM_GET_COMBOBOX 'unit_q_div';
2017-12-20 15:28:17 EXEC SPC_COM_GET_COMBOBOX 'pi_status_div';
2017-12-20 15:28:19 EXEC SPC_COM_GET_COMBOBOX 'payment_conditions_div';
2017-12-20 15:28:19 EXEC SPC_COM_GET_COMBOBOX 'port_country_div';
2017-12-20 15:28:19 EXEC SPC_COM_GET_COMBOBOX 'currency_div';
2017-12-20 15:28:19 EXEC SPC_COM_GET_COMBOBOX 'trade_terms_div';
2017-12-20 15:28:19 EXEC SPC_COM_GET_COMBOBOX 'shipment_div';
2017-12-20 15:28:19 EXEC SPC_COM_GET_COMBOBOX 'port_city_div';
2017-12-20 15:28:20 EXEC SPC_COM_GET_COMBOBOX 'unit_m_div';
2017-12-20 15:28:20 EXEC SPC_COM_GET_COMBOBOX 'unit_w_div';
2017-12-20 15:28:20 EXEC SPC_COM_GET_COMBOBOX 'unit_q_div';
2017-12-20 15:28:20 EXEC SPC_COM_GET_COMBOBOX 'sales_detail_div';
2017-12-20 15:28:20 EXEC SPC_COM_GET_COMBOBOX 'bank_div';
2017-12-20 15:28:20 EXEC SPC_GET_TAX_RATE '2017/12/20';
2017-12-20 15:33:44 EXEC SPC_COM_GET_COMBOBOX 'port_country_div';
2017-12-20 15:33:45 EXEC SPC_COM_GET_COMBOBOX 'unit_q_div';
2017-12-20 15:33:45 EXEC SPC_COM_GET_COMBOBOX 'port_city_div';
2017-12-20 15:33:45 EXEC SPC_COM_GET_COMBOBOX 'trade_terms_div';
2017-12-20 15:33:45 EXEC SPC_COM_GET_COMBOBOX 'payment_conditions_div';
2017-12-20 15:33:45 EXEC SPC_COM_GET_COMBOBOX 'shipment_div';
2017-12-20 15:33:45 EXEC SPC_COM_GET_COMBOBOX 'currency_div';
2017-12-20 15:33:45 EXEC SPC_COM_GET_COMBOBOX 'unit_w_div';
2017-12-20 15:33:45 EXEC SPC_COM_GET_COMBOBOX 'unit_m_div';
2017-12-20 15:33:45 EXEC SPC_COM_GET_COMBOBOX 'bank_div';
2017-12-20 15:33:45 EXEC SPC_GET_TAX_RATE '2017/12/20';
2017-12-20 15:33:45 EXEC SPC_COM_GET_COMBOBOX 'sales_detail_div';
2017-12-20 16:14:21 EXEC SPC_COM_GET_COMBOBOX 'unit_q_div';
2017-12-20 16:17:24 EXEC SPC_071_COMPONENT_LIST_SEARCH_FND1 '','','1','10';
2017-12-20 16:17:27 EXEC SPC_COM_GET_COMBOBOX 'unit_q_div';
2017-12-20 16:17:27 EXEC SPC_070_COMPONENT_LIST_DETAIL_INQ1 '10002','2133';
2017-12-20 16:26:16 EXEC SPC_COM_GET_COMBOBOX 'unit_q_div';
2017-12-20 16:26:16 EXEC SPC_070_COMPONENT_LIST_DETAIL_INQ1 '10002','2133';
2017-12-20 16:26:23 EXEC SPC_COM_GET_COMBOBOX 'unit_q_div';
2017-12-20 16:26:28 EXEC SPC_070_COMPONENT_LIST_DETAIL_INQ2 '','','1','1','10';
2017-12-20 16:26:33 EXEC SPC_070_COMPONENT_LIST_DETAIL_INQ2 '','','1','1','10';
2017-12-20 16:31:47 EXEC SPC_070_COMPONENT_LIST_DETAIL_ACT1 'I','000001','000010','111111','002','2017/12/01','2017/12/30','備考','001','070_component-list-detail','192.168.5.206';
2017-12-20 16:31:57 EXEC SPC_070_COMPONENT_LIST_DETAIL_ACT1 'I','000001','000011','111111','002','2017/12/01','2017/12/30','備考','001','070_component-list-detail','192.168.5.206';
2017-12-20 16:32:23 EXEC SPC_070_COMPONENT_LIST_DETAIL_INQ1 '000001','000011';
2017-12-20 16:36:07 EXEC SPC_070_COMPONENT_LIST_DETAIL_ACT1 'U','000001','000011','222222','002','2017/12/01','2017/12/30','備考','001','070_component-list-detail','192.168.5.206';
2017-12-20 16:36:14 EXEC SPC_070_COMPONENT_LIST_DETAIL_INQ1 '000001','000011';
2017-12-20 16:36:43 EXEC SPC_070_COMPONENT_LIST_DETAIL_ACT2 '000001','000011','001','070_component-list-detail','192.168.5.206';
2017-12-20 16:36:49 EXEC SPC_070_COMPONENT_LIST_DETAIL_INQ1 '000001','000011';
2017-12-20 16:43:09 EXEC SPC_071_COMPONENT_LIST_SEARCH_FND1 '','','1','10';
2017-12-20 16:44:46 EXEC SPC_070_COMPONENT_LIST_DETAIL_INQ1 '000001','000010';
2017-12-20 16:44:47 EXEC SPC_COM_GET_COMBOBOX 'unit_q_div';
2017-12-20 16:45:00 EXEC SPC_070_COMPONENT_LIST_DETAIL_INQ2 '','','1','1','10';
2017-12-20 16:47:01 EXEC SPC_070_COMPONENT_LIST_DETAIL_INQ2 '','','1','1','10';
2017-12-20 17:01:07 EXEC SPC_COM_GET_COMBOBOX 'unit_q_div';
2017-12-20 17:01:07 EXEC SPC_070_COMPONENT_LIST_DETAIL_INQ1 '000001','000010';
2017-12-20 17:01:23 EXEC SPC_GET_ITEM '000002';
2017-12-20 17:01:23 EXEC SPC_GET_ITEM '000010';
2017-12-20 17:01:55 EXEC SPC_COM_GET_COMBOBOX 'unit_q_div';
2017-12-20 17:01:55 EXEC SPC_070_COMPONENT_LIST_DETAIL_INQ1 '000001','000010';
2017-12-20 17:01:58 EXEC SPC_GET_ITEM '000002';
2017-12-20 17:02:02 EXEC SPC_GET_ITEM '000006';
2017-12-20 17:02:05 EXEC SPC_GET_ITEM '974987';
2017-12-20 17:02:07 EXEC SPC_GET_ITEM '000010';
2017-12-20 17:02:10 EXEC SPC_GET_ITEM '00002';
2017-12-20 17:02:14 EXEC SPC_GET_ITEM '000001';
2017-12-20 17:03:30 EXEC SPC_COM_GET_COMBOBOX 'unit_q_div';
2017-12-20 17:03:30 EXEC SPC_070_COMPONENT_LIST_DETAIL_INQ1 '000001','000010';
2017-12-20 17:03:32 EXEC SPC_GET_ITEM '000002';
2017-12-20 17:03:36 EXEC SPC_GET_ITEM '000003';
2017-12-20 17:04:01 EXEC SPC_070_COMPONENT_LIST_DETAIL_INQ2 '','','1','1','10';
2017-12-20 17:08:45 EXEC SPC_COM_GET_COMBOBOX 'unit_q_div';
2017-12-20 17:08:45 EXEC SPC_070_COMPONENT_LIST_DETAIL_INQ1 '000001','000010';
2017-12-20 17:09:45 EXEC SPC_COM_GET_COMBOBOX 'unit_q_div';
2017-12-20 17:09:45 EXEC SPC_070_COMPONENT_LIST_DETAIL_INQ1 '000001','000010';
2017-12-20 17:13:04 EXEC SPC_COM_GET_COMBOBOX 'unit_q_div';
2017-12-20 17:13:04 EXEC SPC_070_COMPONENT_LIST_DETAIL_INQ1 '000001','000010';
2017-12-20 17:13:16 EXEC SPC_070_COMPONENT_LIST_DETAIL_INQ2 '','','1','1','1','10';
2017-12-20 17:13:41 EXEC SPC_070_COMPONENT_LIST_DETAIL_INQ1 '000001','000010';
2017-12-20 17:13:41 EXEC SPC_COM_GET_COMBOBOX 'unit_q_div';
2017-12-20 17:13:46 EXEC SPC_070_COMPONENT_LIST_DETAIL_INQ2 '','','1','10';
2017-12-20 17:14:01 EXEC SPC_070_COMPONENT_LIST_DETAIL_INQ2 '','','1','1','1','50';
2017-12-20 17:14:12 EXEC SPC_070_COMPONENT_LIST_DETAIL_INQ2 '','','1','1','50';
2017-12-20 17:14:52 EXEC SPC_COM_GET_COMBOBOX 'unit_q_div';
2017-12-20 17:14:52 EXEC SPC_070_COMPONENT_LIST_DETAIL_INQ1 '000001','000010';
2017-12-20 17:14:57 EXEC SPC_070_COMPONENT_LIST_DETAIL_INQ2 '','','0','0','1','10';
2017-12-20 17:15:01 EXEC SPC_070_COMPONENT_LIST_DETAIL_INQ2 '','','1','0','1','10';
2017-12-20 17:15:07 EXEC SPC_070_COMPONENT_LIST_DETAIL_INQ2 '','','1','1','1','10';
2017-12-20 17:20:39 EXEC SPC_COM_GET_COMBOBOX 'unit_q_div';
2017-12-20 17:20:39 EXEC SPC_070_COMPONENT_LIST_DETAIL_INQ1 '000001','000010';
2017-12-20 17:20:44 EXEC SPC_070_COMPONENT_LIST_DETAIL_INQ2 '','','1','0','1','10';
2017-12-20 17:22:33 EXEC SPC_070_COMPONENT_LIST_DETAIL_INQ2 '','','1','1','1','10';
2017-12-20 17:22:41 EXEC SPC_070_COMPONENT_LIST_DETAIL_INQ2 '','','1','0','1','10';
2017-12-20 17:23:07 EXEC SPC_070_COMPONENT_LIST_DETAIL_INQ2 '','','1','0','1','10';
2017-12-20 17:23:16 EXEC SPC_070_COMPONENT_LIST_DETAIL_INQ2 '','','1','1','1','10';
2017-12-20 17:23:19 EXEC SPC_070_COMPONENT_LIST_DETAIL_INQ2 '','','1','1','80','10';
2017-12-20 17:23:21 EXEC SPC_070_COMPONENT_LIST_DETAIL_INQ2 '','','1','1','1','10';
2017-12-20 17:23:24 EXEC SPC_070_COMPONENT_LIST_DETAIL_INQ2 '','','1','0','1','10';
2017-12-20 17:23:46 EXEC SPC_070_COMPONENT_LIST_DETAIL_INQ2 '','','1','0','80','10';
2017-12-20 17:23:48 EXEC SPC_070_COMPONENT_LIST_DETAIL_INQ2 '','','1','0','79','10';
2017-12-20 17:23:51 EXEC SPC_070_COMPONENT_LIST_DETAIL_INQ2 '','','1','1','1','10';
2017-12-20 17:23:54 EXEC SPC_070_COMPONENT_LIST_DETAIL_INQ2 '','','1','1','80','10';
2017-12-20 17:27:59 EXEC SPC_070_COMPONENT_LIST_DETAIL_INQ2 '','','1','1','1','10';
2017-12-20 17:28:03 EXEC SPC_070_COMPONENT_LIST_DETAIL_INQ2 '','','1','0','1','10';
2017-12-20 17:32:39 EXEC SPC_070_COMPONENT_LIST_DETAIL_INQ2 '','','1','0','1','10';
2017-12-20 17:32:42 EXEC SPC_070_COMPONENT_LIST_DETAIL_INQ2 '','','1','1','1','10';
2017-12-20 17:32:45 EXEC SPC_070_COMPONENT_LIST_DETAIL_INQ2 '','','0','0','1','10';
2017-12-20 17:32:48 EXEC SPC_070_COMPONENT_LIST_DETAIL_INQ2 '','','0','1','1','10';
2017-12-20 17:32:53 EXEC SPC_070_COMPONENT_LIST_DETAIL_INQ2 '','','0','0','1','10';
2017-12-20 17:33:22 EXEC SPC_070_COMPONENT_LIST_DETAIL_INQ2 '','','1','0','1','10';
2017-12-20 17:33:30 EXEC SPC_070_COMPONENT_LIST_DETAIL_INQ2 '','','0','1','1','10';
2017-12-20 17:33:35 EXEC SPC_070_COMPONENT_LIST_DETAIL_INQ2 '','','0','1','64','10';
2017-12-20 17:33:51 EXEC SPC_070_COMPONENT_LIST_DETAIL_ACT1 'U','0001','9201','222222','002','2017/12/01','2017/12/30','備考','001','070_component-list-detail','192.168.5.206';
2017-12-20 17:34:24 EXEC SPC_070_COMPONENT_LIST_DETAIL_ACT2 '0001','9201','001','070_component-list-detail','192.168.5.206';
2017-12-20 17:35:56 EXEC SPC_070_COMPONENT_LIST_DETAIL_INQ2 '','','0','0','1','10';
2017-12-20 17:36:01 EXEC SPC_070_COMPONENT_LIST_DETAIL_INQ2 '','','1','0','1','10';
2017-12-20 17:36:04 EXEC SPC_070_COMPONENT_LIST_DETAIL_INQ2 '','','1','1','1','10';
2017-12-20 17:36:08 EXEC SPC_070_COMPONENT_LIST_DETAIL_INQ2 '','','0','0','1','10';
2017-12-20 17:38:45 EXEC SPC_COM_GET_COMBOBOX 'unit_q_div';
2017-12-20 17:40:58 EXEC SPC_COM_GET_COMBOBOX 'unit_q_div';
2017-12-20 17:41:07 EXEC SPC_COM_GET_COMBOBOX 'unit_q_div';
2017-12-20 17:41:48 EXEC SPC_COM_GET_COMBOBOX 'unit_q_div';
2017-12-20 17:41:50 EXEC SPC_070_COMPONENT_LIST_DETAIL_INQ1 '','';
2017-12-20 17:41:58 EXEC SPC_070_COMPONENT_LIST_DETAIL_INQ1 '','';
2017-12-20 17:41:58 EXEC SPC_COM_GET_COMBOBOX 'unit_q_div';
2017-12-20 17:42:05 EXEC SPC_COM_GET_COMBOBOX 'unit_q_div';
2017-12-20 17:42:12 EXEC SPC_COM_GET_COMBOBOX 'unit_q_div';
2017-12-20 17:42:12 EXEC SPC_070_COMPONENT_LIST_DETAIL_INQ1 '','';
2017-12-20 17:42:18 EXEC SPC_070_COMPONENT_LIST_DETAIL_INQ2 '','','0','0','1','10';
2017-12-20 17:42:24 EXEC SPC_070_COMPONENT_LIST_DETAIL_INQ2 '','','0','0','1','10';
2017-12-20 17:42:42 EXEC SPC_070_COMPONENT_LIST_DETAIL_ACT1 'U','000002','000006','999','002','2017/12/06','2017/12/29','備考','001','070_component-list-detail','192.168.5.206';
2017-12-20 17:43:09 EXEC SPC_COM_GET_COMBOBOX 'unit_q_div';
2017-12-20 17:43:09 EXEC SPC_070_COMPONENT_LIST_DETAIL_INQ1 '','';
2017-12-20 17:43:16 EXEC SPC_071_COMPONENT_LIST_SEARCH_FND1 '','','1','10';
2017-12-20 17:43:22 EXEC SPC_070_COMPONENT_LIST_DETAIL_INQ1 '000005','000008';
2017-12-20 17:43:22 EXEC SPC_COM_GET_COMBOBOX 'unit_q_div';
2017-12-20 17:43:30 EXEC SPC_070_COMPONENT_LIST_DETAIL_ACT1 'U','000005','000008','222222','002','2017/12/01','2017/12/30','備考','001','070_component-list-detail','192.168.5.206';
2017-12-20 17:43:31 EXEC SPC_070_COMPONENT_LIST_DETAIL_INQ1 '000005','000008';
2017-12-20 17:43:38 EXEC SPC_071_COMPONENT_LIST_SEARCH_FND1 '','','1','10';
2017-12-20 17:43:41 EXEC SPC_070_COMPONENT_LIST_DETAIL_INQ2 '','','0','0','1','10';
2017-12-20 17:43:46 EXEC SPC_070_COMPONENT_LIST_DETAIL_INQ2 '','','1','0','1','10';
2017-12-20 17:43:48 EXEC SPC_070_COMPONENT_LIST_DETAIL_INQ2 '','','1','1','1','10';
2017-12-20 17:43:53 EXEC SPC_070_COMPONENT_LIST_DETAIL_INQ2 '','','1','0','1','10';
2017-12-20 17:43:57 EXEC SPC_071_COMPONENT_LIST_SEARCH_FND1 '000001','','1','10';
2017-12-20 17:44:01 EXEC SPC_COM_GET_COMBOBOX 'unit_q_div';
2017-12-20 17:44:01 EXEC SPC_070_COMPONENT_LIST_DETAIL_INQ1 '000001','000010';
2017-12-20 17:44:05 EXEC SPC_070_COMPONENT_LIST_DETAIL_ACT1 'U','000001','000010','222222','002','2017/12/01','2017/12/30','備考','001','070_component-list-detail','192.168.5.206';
2017-12-20 17:44:06 EXEC SPC_070_COMPONENT_LIST_DETAIL_INQ1 '000001','000010';
2017-12-20 17:53:54 EXEC SPC_071_COMPONENT_LIST_SEARCH_FND1 '','','1','10';
2017-12-20 17:53:57 EXEC SPC_071_COMPONENT_LIST_SEARCH_FND1 '','','1','10';
2017-12-20 17:54:29 EXEC SPC_070_COMPONENT_LIST_DETAIL_INQ2 '','','0','0','1','10';
2017-12-20 17:54:57 EXEC SPC_GET_ITEM '0002';
2017-12-20 17:55:25 EXEC SPC_GET_ITEM '00002';
2017-12-20 17:56:07 EXEC SPC_GET_ITEM '00002';
2017-12-20 17:56:13 EXEC SPC_COM_GET_COMBOBOX 'unit_q_div';
2017-12-20 17:56:16 EXEC SPC_GET_ITEM '0002';
2017-12-20 17:56:23 EXEC SPC_GET_ITEM '00003';
2017-12-20 17:56:28 EXEC SPC_GET_ITEM '000002';
2017-12-20 17:56:55 EXEC SPC_GET_ITEM '000003';
2017-12-20 17:57:39 EXEC SPC_GET_ITEM '000004';
2017-12-20 17:57:47 EXEC SPC_GET_ITEM '000003';
2017-12-20 17:58:17 EXEC SPC_071_COMPONENT_LIST_SEARCH_FND1 '','','1','10';
2017-12-20 17:58:19 EXEC SPC_GET_ITEM '000003';
2017-12-20 17:59:09 EXEC SPC_GET_ITEM '00003';
2017-12-20 17:59:12 EXEC SPC_GET_ITEM '000003';
2017-12-20 17:59:22 EXEC SPC_071_COMPONENT_LIST_SEARCH_FND1 '000003','','1','10';
2017-12-20 17:59:26 EXEC SPC_071_COMPONENT_LIST_SEARCH_FND1 '000003','','1','10';
2017-12-20 17:59:32 EXEC SPC_071_COMPONENT_LIST_SEARCH_FND1 '000003','','1','10';
2017-12-20 18:00:33 EXEC SPC_GET_ITEM '';
2017-12-20 18:00:38 EXEC SPC_071_COMPONENT_LIST_SEARCH_FND1 '','','1','10';
2017-12-20 18:01:09 EXEC SPC_070_COMPONENT_LIST_DETAIL_INQ2 '','','0','0','1','10';
2017-12-20 18:01:14 EXEC SPC_070_COMPONENT_LIST_DETAIL_INQ2 '','','1','0','1','10';
2017-12-20 18:01:17 EXEC SPC_071_COMPONENT_LIST_SEARCH_FND1 '000001','','1','10';
2017-12-20 18:01:29 EXEC SPC_070_COMPONENT_LIST_DETAIL_INQ2 '','','1','0','1','10';
2017-12-20 18:01:48 EXEC SPC_070_COMPONENT_LIST_DETAIL_INQ2 '','','0','1','1','10';
2017-12-20 18:01:51 EXEC SPC_071_COMPONENT_LIST_SEARCH_FND1 '000001','000003','1','10';
2017-12-20 18:02:25 EXEC SPC_070_COMPONENT_LIST_DETAIL_INQ2 '','','0','0','1','10';
2017-12-20 18:02:31 EXEC SPC_GET_ITEM '';
2017-12-20 18:02:33 EXEC SPC_GET_ITEM '';
2017-12-20 18:02:35 EXEC SPC_071_COMPONENT_LIST_SEARCH_FND1 '','','1','10';
2017-12-20 18:02:51 EXEC SPC_GET_ITEM '10002';
2017-12-20 18:02:54 EXEC SPC_GET_ITEM '2133';
2017-12-20 18:02:56 EXEC SPC_071_COMPONENT_LIST_SEARCH_FND1 '10002','2133','1','10';
2017-12-20 18:02:59 EXEC SPC_GET_ITEM '';
2017-12-20 18:03:00 EXEC SPC_071_COMPONENT_LIST_SEARCH_FND1 '10002','','1','10';
2017-12-20 18:03:18 EXEC SPC_GET_ITEM '9028';
2017-12-20 18:03:21 EXEC SPC_GET_ITEM '';
2017-12-20 18:03:23 EXEC SPC_GET_ITEM '';
2017-12-20 18:03:26 EXEC SPC_071_COMPONENT_LIST_SEARCH_FND1 '','','1','10';
2017-12-20 18:03:40 EXEC SPC_071_COMPONENT_LIST_SEARCH_FND1 '','','2','10';
2017-12-20 18:03:41 EXEC SPC_071_COMPONENT_LIST_SEARCH_FND1 '','','3','10';
2017-12-20 18:03:42 EXEC SPC_071_COMPONENT_LIST_SEARCH_FND1 '','','32','10';
2017-12-20 18:04:39 EXEC SPC_COM_GET_COMBOBOX 'unit_q_div';
2017-12-20 18:04:48 EXEC SPC_GET_ITEM 'ddd';
2017-12-20 18:04:49 EXEC SPC_GET_ITEM 'd';
2017-12-20 18:04:52 EXEC SPC_070_COMPONENT_LIST_DETAIL_INQ2 '','','0','0','1','10';
2017-12-20 18:04:56 EXEC SPC_070_COMPONENT_LIST_DETAIL_INQ2 '','','0','0','1','10';
2017-12-20 18:05:10 EXEC SPC_070_COMPONENT_LIST_DETAIL_ACT1 'I','000001','000007','99999','002','2017/12/30','2017/12/30','','001','070_component-list-detail','192.168.5.206';
2017-12-20 18:05:12 EXEC SPC_070_COMPONENT_LIST_DETAIL_INQ1 '000001','000007';
2017-12-20 18:05:14 EXEC SPC_070_COMPONENT_LIST_DETAIL_ACT1 'U','000001','000007','99999','002','2017/12/30','2017/12/30','','001','070_component-list-detail','192.168.5.206';
2017-12-20 18:05:15 EXEC SPC_070_COMPONENT_LIST_DETAIL_INQ1 '000001','000007';
2017-12-20 18:05:21 EXEC SPC_070_COMPONENT_LIST_DETAIL_ACT1 'U','000001','000007','99999','002','2017/12/30','2017/12/30','備考','001','070_component-list-detail','192.168.5.206';
2017-12-20 18:05:21 EXEC SPC_070_COMPONENT_LIST_DETAIL_INQ1 '000001','000007';
2017-12-20 18:05:29 EXEC SPC_070_COMPONENT_LIST_DETAIL_INQ2 '','','0','0','1','10';
2017-12-20 18:05:31 EXEC SPC_070_COMPONENT_LIST_DETAIL_INQ2 '','','0','1','1','10';
2017-12-20 18:05:46 EXEC SPC_COM_GET_COMBOBOX 'unit_q_div';
2017-12-20 18:15:12 EXEC SPC_071_COMPONENT_LIST_SEARCH_FND1 '','','1','10';
2017-12-20 18:17:36 EXEC SPC_GET_ITEM '111111';
2017-12-20 18:17:39 EXEC SPC_070_COMPONENT_LIST_DETAIL_INQ2 '','','0','0','1','10';
2017-12-20 18:17:43 EXEC SPC_070_COMPONENT_LIST_DETAIL_INQ2 '','','0','0','1','10';
2017-12-20 18:20:35 EXEC SPC_071_COMPONENT_LIST_SEARCH_FND1 '','','1','10';
2017-12-20 18:21:27 EXEC SPC_070_COMPONENT_LIST_DETAIL_INQ2 '','','0','0','1','10';
2017-12-20 18:21:46 EXEC SPC_071_COMPONENT_LIST_SEARCH_FND1 '000001','','1','10';
2017-12-20 18:22:42 EXEC SPC_070_COMPONENT_LIST_DETAIL_INQ2 '','','0','1','1','10';
2017-12-20 18:22:47 EXEC SPC_071_COMPONENT_LIST_SEARCH_FND1 '000001','000003','1','10';
2017-12-20 18:22:51 EXEC SPC_GET_ITEM '';
2017-12-20 18:22:52 EXEC SPC_071_COMPONENT_LIST_SEARCH_FND1 '000001','','1','10';
2017-12-20 18:22:59 EXEC SPC_070_COMPONENT_LIST_DETAIL_INQ2 '','','0','0','1','10';
2017-12-20 18:23:12 EXEC SPC_071_COMPONENT_LIST_SEARCH_FND1 '000001','000007','1','10';
2017-12-20 18:23:59 EXEC SPC_070_COMPONENT_LIST_DETAIL_INQ2 '','','0','0','1','10';
2017-12-20 18:24:13 EXEC SPC_071_COMPONENT_LIST_SEARCH_FND1 '000001','000003','1','10';
2017-12-20 18:25:52 EXEC SPC_COM_GET_COMBOBOX 'unit_q_div';
2017-12-20 18:27:44 EXEC SPC_071_COMPONENT_LIST_SEARCH_FND1 '','','1','10';
2017-12-20 18:28:04 EXEC SPC_COM_GET_COMBOBOX 'unit_q_div';
2017-12-20 18:28:04 EXEC SPC_070_COMPONENT_LIST_DETAIL_INQ1 '000001','000007';
2017-12-20 18:29:44 EXEC SPC_070_COMPONENT_LIST_DETAIL_INQ2 '','','0','0','1','10';
2017-12-20 18:30:05 EXEC SPC_071_COMPONENT_LIST_SEARCH_FND1 '','','1','10';
2017-12-20 18:30:19 EXEC SPC_070_COMPONENT_LIST_DETAIL_INQ2 '','','0','0','1','10';
2017-12-20 18:30:57 EXEC SPC_070_COMPONENT_LIST_DETAIL_INQ2 '','','0','0','1','10';
2017-12-20 18:39:46 EXEC SPC_COM_GET_COMBOBOX 'port_country_div';
2017-12-20 18:39:47 EXEC SPC_001_PI_DETAIL_INQ1 '';
2017-12-20 18:39:47 EXEC SPC_COM_GET_COMBOBOX 'trade_terms_div';
2017-12-20 18:39:47 EXEC SPC_COM_GET_COMBOBOX 'unit_w_div';
2017-12-20 18:39:47 EXEC SPC_COM_GET_COMBOBOX 'bank_div';
2017-12-20 18:39:47 EXEC SPC_GET_TAX_RATE '2017/12/20';
2017-12-20 18:39:47 EXEC SPC_COM_GET_COMBOBOX 'sales_detail_div';
2017-12-20 18:39:47 EXEC SPC_COM_GET_COMBOBOX 'currency_div';
2017-12-20 18:39:47 EXEC SPC_COM_GET_COMBOBOX 'port_city_div';
2017-12-20 18:39:47 EXEC SPC_COM_GET_COMBOBOX 'shipment_div';
2017-12-20 18:39:47 EXEC SPC_COM_GET_COMBOBOX 'unit_q_div';
2017-12-20 18:39:47 EXEC SPC_COM_GET_COMBOBOX 'payment_conditions_div';
2017-12-20 18:39:48 EXEC SPC_COM_GET_COMBOBOX 'unit_m_div';
2017-12-20 18:46:35 EXEC SPC_COM_GET_COMBOBOX 'port_country_div';
2017-12-20 18:46:36 EXEC SPC_COM_GET_COMBOBOX 'unit_q_div';
2017-12-20 18:46:37 EXEC SPC_COM_GET_COMBOBOX 'trade_terms_div';
2017-12-20 18:46:37 EXEC SPC_COM_GET_COMBOBOX 'currency_div';
2017-12-20 18:46:37 EXEC SPC_COM_GET_COMBOBOX 'shipment_div';
2017-12-20 18:46:37 EXEC SPC_COM_GET_COMBOBOX 'unit_w_div';
2017-12-20 18:46:37 EXEC SPC_COM_GET_COMBOBOX 'port_city_div';
2017-12-20 18:46:37 EXEC SPC_COM_GET_COMBOBOX 'payment_conditions_div';
2017-12-20 18:46:37 EXEC SPC_COM_GET_COMBOBOX 'unit_m_div';
2017-12-20 18:46:37 EXEC SPC_GET_TAX_RATE '2017/12/20';
2017-12-20 18:46:37 EXEC SPC_COM_GET_COMBOBOX 'sales_detail_div';
2017-12-20 18:46:37 EXEC SPC_COM_GET_COMBOBOX 'bank_div';
2017-12-20 18:46:37 EXEC SPC_001_PI_DETAIL_INQ1 '';
2017-12-20 18:49:06 EXEC SPC_001_PI_DETAIL_INQ2 'F0511','1';
2017-12-20 18:49:11 EXEC SPC_001_PI_DETAIL_INQ2 'F00129','1';
2017-12-20 18:49:14 EXEC SPC_001_PI_DETAIL_INQ2 'F0512','1';
2017-12-20 18:51:56 EXEC SPC_001_PI_DETAIL_INQ2 'F0511','1';
2017-12-20 18:52:12 EXEC SPC_001_PI_DETAIL_INQ2 'F00130','1';
2017-12-20 18:52:16 EXEC SPC_001_PI_DETAIL_INQ2 'F0130','1';
2017-12-20 18:52:27 EXEC SPC_001_PI_DETAIL_INQ2 'F0129','1';
2017-12-20 18:52:30 EXEC SPC_001_PI_DETAIL_INQ3 '10001','','F0129','BR','USD';
2017-12-20 18:52:38 EXEC SPC_001_PI_DETAIL_INQ3 '10001','','F0129','BR','USD';
2017-12-20 18:52:41 EXEC SPC_001_PI_DETAIL_INQ3 '1001','','F0129','BR','USD';
2017-12-20 18:53:02 EXEC SPC_001_PI_DETAIL_INQ3 '10001','','F0129','BR','USD';
2017-12-20 18:53:13 EXEC SPC_001_PI_DETAIL_INQ3 '000001','','F0129','BR','USD';
2017-12-20 18:53:36 EXEC SPC_001_PI_DETAIL_INQ3 '1001','','F0129','BR','USD';
2017-12-20 18:53:44 EXEC SPC_001_PI_DETAIL_INQ2 '','1';
2017-12-20 19:00:37 EXEC SPC_COM_GET_COMBOBOX 'port_city_div';
2017-12-20 19:00:38 EXEC SPC_COM_GET_COMBOBOX 'unit_q_div';
2017-12-20 19:00:39 EXEC SPC_COM_GET_COMBOBOX 'unit_w_div';
2017-12-20 19:00:39 EXEC SPC_COM_GET_COMBOBOX 'shipment_div';
2017-12-20 19:00:39 EXEC SPC_COM_GET_COMBOBOX 'payment_conditions_div';
2017-12-20 19:00:39 EXEC SPC_COM_GET_COMBOBOX 'trade_terms_div';
2017-12-20 19:00:39 EXEC SPC_COM_GET_COMBOBOX 'port_country_div';
2017-12-20 19:00:39 EXEC SPC_COM_GET_COMBOBOX 'currency_div';
2017-12-20 19:00:39 EXEC SPC_COM_GET_COMBOBOX 'bank_div';
2017-12-20 19:00:39 EXEC SPC_COM_GET_COMBOBOX 'sales_detail_div';
2017-12-20 19:00:39 EXEC SPC_COM_GET_COMBOBOX 'unit_m_div';
2017-12-20 19:00:39 EXEC SPC_001_PI_DETAIL_INQ1 '';
2017-12-20 19:00:39 EXEC SPC_GET_TAX_RATE '2017/12/20';
2017-12-20 19:00:42 EXEC SPC_001_PI_DETAIL_INQ1 'RT-171212007';
2017-12-20 19:00:42 EXEC SPC_COM_GET_COMBOBOX 'unit_q_div';
2017-12-20 19:00:42 EXEC SPC_COM_GET_COMBOBOX 'sales_detail_div';
2017-12-20 19:00:42 EXEC SPC_COM_GET_COMBOBOX 'unit_w_div';
2017-12-20 19:00:42 EXEC SPC_COM_GET_COMBOBOX 'unit_m_div';
2017-12-20 19:00:42 EXEC SPC_GET_TAX_RATE '2017/12/30';
2017-12-20 19:00:47 EXEC SPC_001_PI_DETAIL_INQ2 '','1';
2017-12-20 19:02:23 EXEC SPC_COM_GET_COMBOBOX 'port_city_div';
2017-12-20 19:02:23 EXEC SPC_COM_GET_COMBOBOX 'currency_div';
2017-12-20 19:02:23 EXEC SPC_COM_GET_COMBOBOX 'trade_terms_div';
2017-12-20 19:02:23 EXEC SPC_COM_GET_COMBOBOX 'shipment_div';
2017-12-20 19:02:23 EXEC SPC_COM_GET_COMBOBOX 'port_country_div';
2017-12-20 19:02:23 EXEC SPC_COM_GET_COMBOBOX 'payment_conditions_div';
2017-12-20 19:02:23 EXEC SPC_COM_GET_COMBOBOX 'bank_div';
2017-12-20 19:02:23 EXEC SPC_COM_GET_COMBOBOX 'sales_detail_div';
2017-12-20 19:02:23 EXEC SPC_COM_GET_COMBOBOX 'unit_m_div';
2017-12-20 19:02:23 EXEC SPC_COM_GET_COMBOBOX 'unit_q_div';
2017-12-20 19:02:23 EXEC SPC_GET_TAX_RATE '2017/12/20';
2017-12-20 19:02:23 EXEC SPC_COM_GET_COMBOBOX 'unit_w_div';
2017-12-20 19:02:24 EXEC SPC_001_PI_DETAIL_INQ1 'RT-171212007';
2017-12-20 19:02:25 EXEC SPC_COM_GET_COMBOBOX 'unit_q_div';
2017-12-20 19:02:25 EXEC SPC_COM_GET_COMBOBOX 'sales_detail_div';
2017-12-20 19:02:25 EXEC SPC_GET_TAX_RATE '2017/12/30';
2017-12-20 19:02:25 EXEC SPC_COM_GET_COMBOBOX 'unit_w_div';
2017-12-20 19:02:25 EXEC SPC_COM_GET_COMBOBOX 'unit_m_div';
2017-12-20 19:02:27 EXEC SPC_001_PI_DETAIL_INQ2 '','1';
2017-12-20 19:02:39 EXEC SPC_COM_GET_COMBOBOX 'port_country_div';
2017-12-20 19:02:39 EXEC SPC_COM_GET_COMBOBOX 'trade_terms_div';
2017-12-20 19:02:39 EXEC SPC_COM_GET_COMBOBOX 'port_city_div';
2017-12-20 19:02:40 EXEC SPC_COM_GET_COMBOBOX 'payment_conditions_div';
2017-12-20 19:02:40 EXEC SPC_COM_GET_COMBOBOX 'currency_div';
2017-12-20 19:02:40 EXEC SPC_COM_GET_COMBOBOX 'shipment_div';
2017-12-20 19:02:40 EXEC SPC_COM_GET_COMBOBOX 'unit_m_div';
2017-12-20 19:02:40 EXEC SPC_COM_GET_COMBOBOX 'unit_w_div';
2017-12-20 19:02:40 EXEC SPC_COM_GET_COMBOBOX 'unit_q_div';
2017-12-20 19:02:40 EXEC SPC_COM_GET_COMBOBOX 'sales_detail_div';
2017-12-20 19:02:40 EXEC SPC_COM_GET_COMBOBOX 'bank_div';
2017-12-20 19:02:40 EXEC SPC_GET_TAX_RATE '2017/12/20';
2017-12-20 19:02:41 EXEC SPC_001_PI_DETAIL_INQ1 'RT-171212007';
2017-12-20 19:02:41 EXEC SPC_COM_GET_COMBOBOX 'unit_m_div';
2017-12-20 19:02:41 EXEC SPC_GET_TAX_RATE '2017/12/30';
2017-12-20 19:02:41 EXEC SPC_COM_GET_COMBOBOX 'unit_q_div';
2017-12-20 19:02:42 EXEC SPC_COM_GET_COMBOBOX 'sales_detail_div';
2017-12-20 19:02:42 EXEC SPC_COM_GET_COMBOBOX 'unit_w_div';
2017-12-20 19:03:01 EXEC SPC_001_PI_DETAIL_INQ3 '000001','2017/12/30','F0511','JP','USD';
2017-12-20 19:03:05 EXEC SPC_001_PI_DETAIL_INQ2 '','1';
2017-12-20 19:12:57 EXEC SPC_COM_GET_COMBOBOX 'port_country_div';
2017-12-20 19:12:58 EXEC SPC_COM_GET_COMBOBOX 'unit_q_div';
2017-12-20 19:12:58 EXEC SPC_COM_GET_COMBOBOX 'unit_w_div';
2017-12-20 19:12:58 EXEC SPC_COM_GET_COMBOBOX 'currency_div';
2017-12-20 19:12:58 EXEC SPC_COM_GET_COMBOBOX 'shipment_div';
2017-12-20 19:12:58 EXEC SPC_COM_GET_COMBOBOX 'port_city_div';
2017-12-20 19:12:58 EXEC SPC_COM_GET_COMBOBOX 'payment_conditions_div';
2017-12-20 19:12:59 EXEC SPC_COM_GET_COMBOBOX 'trade_terms_div';
2017-12-20 19:12:59 EXEC SPC_COM_GET_COMBOBOX 'unit_m_div';
2017-12-20 19:12:59 EXEC SPC_COM_GET_COMBOBOX 'sales_detail_div';
2017-12-20 19:12:59 EXEC SPC_GET_TAX_RATE '2017/12/20';
2017-12-20 19:12:59 EXEC SPC_001_PI_DETAIL_INQ1 'RT-171212007';
2017-12-20 19:13:00 EXEC SPC_COM_GET_COMBOBOX 'sales_detail_div';
2017-12-20 19:13:00 EXEC SPC_COM_GET_COMBOBOX 'unit_w_div';
2017-12-20 19:13:00 EXEC SPC_COM_GET_COMBOBOX 'unit_q_div';
2017-12-20 19:13:00 EXEC SPC_COM_GET_COMBOBOX 'unit_m_div';
2017-12-20 19:13:00 EXEC SPC_GET_TAX_RATE '2017/12/30';
2017-12-20 19:16:38 EXEC SPC_COM_GET_COMBOBOX 'port_country_div';
2017-12-20 19:16:38 EXEC SPC_COM_GET_COMBOBOX 'trade_terms_div';
2017-12-20 19:16:38 EXEC SPC_COM_GET_COMBOBOX 'payment_conditions_div';
2017-12-20 19:16:38 EXEC SPC_COM_GET_COMBOBOX 'shipment_div';
2017-12-20 19:16:38 EXEC SPC_COM_GET_COMBOBOX 'currency_div';
2017-12-20 19:16:38 EXEC SPC_COM_GET_COMBOBOX 'port_city_div';
2017-12-20 19:16:38 EXEC SPC_COM_GET_COMBOBOX 'unit_q_div';
2017-12-20 19:16:38 EXEC SPC_COM_GET_COMBOBOX 'unit_m_div';
2017-12-20 19:16:38 EXEC SPC_COM_GET_COMBOBOX 'unit_w_div';
2017-12-20 19:16:38 EXEC SPC_COM_GET_COMBOBOX 'bank_div';
2017-12-20 19:16:38 EXEC SPC_COM_GET_COMBOBOX 'sales_detail_div';
2017-12-20 19:16:39 EXEC SPC_001_PI_DETAIL_INQ1 'RT-171212007';
2017-12-20 19:16:39 EXEC SPC_GET_TAX_RATE '2017/12/20';
2017-12-20 19:16:40 EXEC SPC_COM_GET_COMBOBOX 'unit_m_div';
2017-12-20 19:16:40 EXEC SPC_COM_GET_COMBOBOX 'unit_w_div';
2017-12-20 19:16:40 EXEC SPC_COM_GET_COMBOBOX 'sales_detail_div';
2017-12-20 19:16:40 EXEC SPC_COM_GET_COMBOBOX 'unit_q_div';
2017-12-20 19:16:40 EXEC SPC_GET_TAX_RATE '2017/12/30';
2017-12-20 19:20:38 EXEC SPC_COM_GET_COMBOBOX 'port_country_div';
2017-12-20 19:20:38 EXEC SPC_COM_GET_COMBOBOX 'shipment_div';
2017-12-20 19:20:38 EXEC SPC_COM_GET_COMBOBOX 'trade_terms_div';
2017-12-20 19:20:38 EXEC SPC_COM_GET_COMBOBOX 'port_city_div';
2017-12-20 19:20:38 EXEC SPC_COM_GET_COMBOBOX 'currency_div';
2017-12-20 19:20:38 EXEC SPC_COM_GET_COMBOBOX 'payment_conditions_div';
2017-12-20 19:20:39 EXEC SPC_COM_GET_COMBOBOX 'unit_w_div';
2017-12-20 19:20:39 EXEC SPC_COM_GET_COMBOBOX 'bank_div';
2017-12-20 19:20:39 EXEC SPC_COM_GET_COMBOBOX 'unit_q_div';
2017-12-20 19:20:39 EXEC SPC_COM_GET_COMBOBOX 'unit_m_div';
2017-12-20 19:20:39 EXEC SPC_COM_GET_COMBOBOX 'sales_detail_div';
2017-12-20 19:20:39 EXEC SPC_GET_TAX_RATE '2017/12/20';
2017-12-20 19:20:39 EXEC SPC_001_PI_DETAIL_INQ1 'RT-171212007';
2017-12-20 19:20:40 EXEC SPC_COM_GET_COMBOBOX 'unit_q_div';
2017-12-20 19:20:40 EXEC SPC_GET_TAX_RATE '2017/12/30';
2017-12-20 19:20:40 EXEC SPC_COM_GET_COMBOBOX 'sales_detail_div';
2017-12-20 19:20:40 EXEC SPC_COM_GET_COMBOBOX 'unit_m_div';
2017-12-20 19:20:40 EXEC SPC_COM_GET_COMBOBOX 'unit_w_div';
2017-12-20 19:20:49 EXEC SPC_COM_GET_COMBOBOX 'port_city_div';
2017-12-20 19:20:49 EXEC SPC_COM_GET_COMBOBOX 'payment_conditions_div';
2017-12-20 19:20:49 EXEC SPC_COM_GET_COMBOBOX 'port_country_div';
2017-12-20 19:20:49 EXEC SPC_COM_GET_COMBOBOX 'currency_div';
2017-12-20 19:20:49 EXEC SPC_COM_GET_COMBOBOX 'shipment_div';
2017-12-20 19:20:49 EXEC SPC_COM_GET_COMBOBOX 'trade_terms_div';
2017-12-20 19:20:50 EXEC SPC_COM_GET_COMBOBOX 'unit_w_div';
2017-12-20 19:20:50 EXEC SPC_COM_GET_COMBOBOX 'unit_q_div';
2017-12-20 19:20:50 EXEC SPC_COM_GET_COMBOBOX 'unit_m_div';
2017-12-20 19:20:50 EXEC SPC_COM_GET_COMBOBOX 'sales_detail_div';
2017-12-20 19:20:50 EXEC SPC_COM_GET_COMBOBOX 'bank_div';
2017-12-20 19:20:50 EXEC SPC_GET_TAX_RATE '2017/12/20';
2017-12-20 19:20:50 EXEC SPC_001_PI_DETAIL_INQ1 'RT-171212007';
2017-12-20 19:20:51 EXEC SPC_COM_GET_COMBOBOX 'unit_q_div';
2017-12-20 19:20:51 EXEC SPC_COM_GET_COMBOBOX 'sales_detail_div';
2017-12-20 19:20:51 EXEC SPC_COM_GET_COMBOBOX 'unit_w_div';
2017-12-20 19:20:51 EXEC SPC_GET_TAX_RATE '2017/12/30';
2017-12-20 19:20:51 EXEC SPC_COM_GET_COMBOBOX 'unit_m_div';
2017-12-20 19:23:08 EXEC SPC_001_PI_DETAIL_ACT4 'RT-171212007','001','001_pi-detail','192.168.5.206';
2017-12-20 19:23:09 EXEC SPC_001_PI_DETAIL_INQ1 'RT-171212007';
2017-12-20 19:23:10 EXEC SPC_GET_TAX_RATE '2017/12/30';
2017-12-20 19:23:10 EXEC SPC_COM_GET_COMBOBOX 'sales_detail_div';
2017-12-20 19:23:10 EXEC SPC_COM_GET_COMBOBOX 'unit_q_div';
2017-12-20 19:23:10 EXEC SPC_COM_GET_COMBOBOX 'unit_w_div';
2017-12-20 19:23:10 EXEC SPC_COM_GET_COMBOBOX 'unit_m_div';
2017-12-20 19:29:03 EXEC SPC_COM_GET_COMBOBOX 'port_country_div';
2017-12-20 19:29:04 EXEC SPC_COM_GET_COMBOBOX 'unit_q_div';
2017-12-20 19:29:05 EXEC SPC_COM_GET_COMBOBOX 'trade_terms_div';
2017-12-20 19:29:05 EXEC SPC_COM_GET_COMBOBOX 'port_city_div';
2017-12-20 19:29:05 EXEC SPC_COM_GET_COMBOBOX 'currency_div';
2017-12-20 19:29:05 EXEC SPC_COM_GET_COMBOBOX 'unit_w_div';
2017-12-20 19:29:05 EXEC SPC_COM_GET_COMBOBOX 'payment_conditions_div';
2017-12-20 19:29:05 EXEC SPC_COM_GET_COMBOBOX 'sales_detail_div';
2017-12-20 19:29:05 EXEC SPC_COM_GET_COMBOBOX 'unit_m_div';
2017-12-20 19:29:05 EXEC SPC_COM_GET_COMBOBOX 'bank_div';
2017-12-20 19:29:05 EXEC SPC_GET_TAX_RATE '2017/12/20';
2017-12-20 19:29:05 EXEC SPC_001_PI_DETAIL_INQ1 'RT-171212007';
2017-12-20 19:29:06 EXEC SPC_GET_TAX_RATE '2017/12/30';
il_div';
2017-12-20 19:29:06 EXEC SPC_COM_GET_COMBOBOX 'unit_m_div';
2017-12-20 19:29:06 EXEC SPC_COM_GET_COMBOBOX 'unit_w_div';
2017-12-20 19:29:06 EXEC SPC_COM_GET_COMBOBOX 'unit_q_div';
2017-12-20 19:30:20 EXEC SPC_COM_GET_COMBOBOX 'currency_div';
2017-12-20 19:30:21 EXEC SPC_COM_GET_COMBOBOX 'payment_conditions_div';
2017-12-20 19:30:21 EXEC SPC_COM_GET_COMBOBOX 'shipment_div';
2017-12-20 19:30:21 EXEC SPC_COM_GET_COMBOBOX 'trade_terms_div';
2017-12-20 19:30:21 EXEC SPC_COM_GET_COMBOBOX 'port_country_div';
2017-12-20 19:30:21 EXEC SPC_COM_GET_COMBOBOX 'port_city_div';
2017-12-20 19:30:21 EXEC SPC_COM_GET_COMBOBOX 'unit_q_div';
2017-12-20 19:30:21 EXEC SPC_COM_GET_COMBOBOX 'unit_w_div';
2017-12-20 19:30:21 EXEC SPC_COM_GET_COMBOBOX 'unit_m_div';
2017-12-20 19:30:21 EXEC SPC_COM_GET_COMBOBOX 'sales_detail_div';
2017-12-20 19:30:21 EXEC SPC_COM_GET_COMBOBOX 'bank_div';
2017-12-20 19:30:22 EXEC SPC_GET_TAX_RATE '2017/12/20';
2017-12-20 19:30:22 EXEC SPC_001_PI_DETAIL_INQ1 'RT-171212007';
2017-12-20 19:30:23 EXEC SPC_COM_GET_COMBOBOX 'unit_w_div';
2017-12-20 19:30:23 EXEC SPC_GET_TAX_RATE '2017/12/30';
2017-12-20 19:30:23 EXEC SPC_COM_GET_COMBOBOX 'sales_detail_div';
2017-12-20 19:30:23 EXEC SPC_COM_GET_COMBOBOX 'unit_q_div';
2017-12-20 19:30:23 EXEC SPC_COM_GET_COMBOBOX 'unit_m_div';
2017-12-20 19:30:49 EXEC SPC_COM_GET_COMBOBOX 'shipment_div';
2017-12-20 19:30:49 EXEC SPC_COM_GET_COMBOBOX 'port_city_div';
2017-12-20 19:30:49 EXEC SPC_COM_GET_COMBOBOX 'currency_div';
2017-12-20 19:30:49 EXEC SPC_COM_GET_COMBOBOX 'payment_conditions_div';
2017-12-20 19:30:49 EXEC SPC_COM_GET_COMBOBOX 'trade_terms_div';
2017-12-20 19:30:49 EXEC SPC_COM_GET_COMBOBOX 'port_country_div';
2017-12-20 19:30:50 EXEC SPC_COM_GET_COMBOBOX 'unit_m_div';
2017-12-20 19:30:50 EXEC SPC_COM_GET_COMBOBOX 'unit_q_div';
2017-12-20 19:30:50 EXEC SPC_COM_GET_COMBOBOX 'sales_detail_div';
2017-12-20 19:30:50 EXEC SPC_COM_GET_COMBOBOX 'bank_div';
2017-12-20 19:30:50 EXEC SPC_COM_GET_COMBOBOX 'unit_w_div';
2017-12-20 19:30:50 EXEC SPC_GET_TAX_RATE '2017/12/20';
2017-12-20 19:30:50 EXEC SPC_001_PI_DETAIL_INQ1 'RT-171212007';
2017-12-20 19:30:51 EXEC SPC_COM_GET_COMBOBOX 'unit_m_div';
2017-12-20 19:30:51 EXEC SPC_COM_GET_COMBOBOX 'sales_detail_div';
2017-12-20 19:30:51 EXEC SPC_COM_GET_COMBOBOX 'unit_w_div';
2017-12-20 19:30:51 EXEC SPC_COM_GET_COMBOBOX 'unit_q_div';
2017-12-20 19:31:10 EXEC SPC_001_PI_DETAIL_ACT1 'U','RT-171212007','2017/12/30','F0511','client name 2','client address 1','client address 1','5555','001','JP','0905242555','0905242555','F0512','client name 1','client address 1','client address 1','5555','001','AE','0905242555','0905242555','shipping mark 1','shipping mark 2','shipping mark 3','shipping mark 4','(未定)pi_packing','','USD','060','01','02','001','JP','02','Payment','[{"pi_detail_no":"1","sales_detail_div":"0","product_cd":"000001","description":"item name j 1","qty":"9999","unit_of_m_div":"002","unit_price":"111","amount":"1109889","detail_tax":"13318.67","unit_measure_qty":"11","unit_measure_price":"001","outside_remarks":"","unit_net_weight":"7777","unit_net_weight_div":"001","net_weight":"77762223","unit_gross_weight":"999.99","gross_weight":"9998900.01","measure":"109989"},{"pi_detail_no":"2","sales_detail_div":"3","product_cd":"000002","description":"component 2 e","qty":"10","unit_of_m_div":"","unit_price":"2000","amount":"20000","detail_tax":"240","unit_measure_qty":"300","unit_measure_price":"001","outside_remarks":"","unit_net_weight":"100","unit_net_weight_div":"","net_weight":"1000","unit_gross_weight":"200","gross_weight":"2000","measure":"3000"}]','10009','002','10000900.01','kg','77763223','kg','112989','M3','1129889','0','0','13558.67','1143447.67','(未定)pi_time_of_shipment','008','(未定)pi_country_of_origin','(未定)pi_manufacture','(未定)pi_varidity','(未定)pi_other_conditions1','(未定)pi_other_conditions2','(未定)pi_other_conditions3','(未定)pi_other_conditions4','(未定)pi_other_conditions5','(未定)pi_other_conditions6','(未定)pi_other_conditions7','(未定)pi_other_conditions8','(未定)pi_other_conditions9','(未定)pi_other_conditions10','0002','社内用備考','001','001_pi-detail','192.168.5.206';
2017-12-20 19:31:11 EXEC SPC_001_PI_DETAIL_INQ1 'RT-171212007';
2017-12-20 19:31:12 EXEC SPC_COM_GET_COMBOBOX 'unit_m_div';
2017-12-20 19:31:12 EXEC SPC_COM_GET_COMBOBOX 'unit_w_div';
2017-12-20 19:31:12 EXEC SPC_COM_GET_COMBOBOX 'sales_detail_div';
2017-12-20 19:31:12 EXEC SPC_GET_TAX_RATE '2017/12/30';
2017-12-20 19:31:12 EXEC SPC_COM_GET_COMBOBOX 'unit_q_div';
2017-12-20 19:32:04 EXEC SPC_COM_GET_COMBOBOX 'trade_terms_div';
2017-12-20 19:32:04 EXEC SPC_COM_GET_COMBOBOX 'shipment_div';
2017-12-20 19:32:04 EXEC SPC_COM_GET_COMBOBOX 'port_city_div';
2017-12-20 19:32:04 EXEC SPC_COM_GET_COMBOBOX 'currency_div';
2017-12-20 19:32:04 EXEC SPC_COM_GET_COMBOBOX 'port_country_div';
2017-12-20 19:32:04 EXEC SPC_COM_GET_COMBOBOX 'payment_conditions_div';
2017-12-20 19:32:04 EXEC SPC_COM_GET_COMBOBOX 'bank_div';
2017-12-20 19:32:04 EXEC SPC_COM_GET_COMBOBOX 'sales_detail_div';
2017-12-20 19:32:04 EXEC SPC_COM_GET_COMBOBOX 'unit_m_div';
2017-12-20 19:32:04 EXEC SPC_COM_GET_COMBOBOX 'unit_q_div';
2017-12-20 19:32:04 EXEC SPC_COM_GET_COMBOBOX 'unit_w_div';
2017-12-20 19:32:04 EXEC SPC_GET_TAX_RATE '2017/12/20';
2017-12-20 19:32:05 EXEC SPC_001_PI_DETAIL_INQ1 'RT-171212007';
2017-12-20 19:32:05 EXEC SPC_GET_TAX_RATE '2017/12/30';
2017-12-20 19:32:05 EXEC SPC_COM_GET_COMBOBOX 'unit_w_div';
2017-12-20 19:32:05 EXEC SPC_COM_GET_COMBOBOX 'unit_q_div';
2017-12-20 19:32:05 EXEC SPC_COM_GET_COMBOBOX 'sales_detail_div';
2017-12-20 19:32:05 EXEC SPC_COM_GET_COMBOBOX 'unit_m_div';
2017-12-20 19:32:46 EXEC SPC_COM_GET_COMBOBOX 'trade_terms_div';
2017-12-20 19:32:46 EXEC SPC_COM_GET_COMBOBOX 'currency_div';
2017-12-20 19:32:46 EXEC SPC_COM_GET_COMBOBOX 'port_country_div';
2017-12-20 19:32:46 EXEC SPC_COM_GET_COMBOBOX 'shipment_div';
2017-12-20 19:32:46 EXEC SPC_COM_GET_COMBOBOX 'payment_conditions_div';
2017-12-20 19:32:46 EXEC SPC_COM_GET_COMBOBOX 'port_city_div';
2017-12-20 19:32:46 EXEC SPC_COM_GET_COMBOBOX 'unit_q_div';
2017-12-20 19:32:46 EXEC SPC_COM_GET_COMBOBOX 'unit_m_div';
2017-12-20 19:32:46 EXEC SPC_COM_GET_COMBOBOX 'unit_w_div';
2017-12-20 19:32:46 EXEC SPC_COM_GET_COMBOBOX 'sales_detail_div';
2017-12-20 19:32:46 EXEC SPC_GET_TAX_RATE '2017/12/20';
2017-12-20 19:32:46 EXEC SPC_COM_GET_COMBOBOX 'bank_div';
2017-12-20 19:32:47 EXEC SPC_001_PI_DETAIL_INQ1 'RT-171212007';
2017-12-20 19:32:48 EXEC SPC_COM_GET_COMBOBOX 'unit_w_div';
2017-12-20 19:32:48 EXEC SPC_GET_TAX_RATE '2017/12/30';
2017-12-20 19:32:48 EXEC SPC_COM_GET_COMBOBOX 'unit_q_div';
2017-12-20 19:32:48 EXEC SPC_COM_GET_COMBOBOX 'unit_m_div';
2017-12-20 19:32:48 EXEC SPC_COM_GET_COMBOBOX 'sales_detail_div';
2017-12-20 19:32:50 EXEC SPC_001_PI_DETAIL_ACT1 'U','RT-171212007','2017/12/30','F0511','client name 2','client address 1','client address 1','5555','001','JP','0905242555','0905242555','F0512','client name 1','client address 1','client address 1','5555','001','AE','0905242555','0905242555','shipping mark 1','shipping mark 2','shipping mark 3','shipping mark 4','(未定)pi_packing','','USD','060','01','02','001','JP','02','Payment','[{"pi_detail_no":"1","sales_detail_div":"0","product_cd":"000001","description":"item name j 1","qty":"9999","unit_of_m_div":"002","unit_price":"111","amount":"1109889","detail_tax":"13318.67","unit_measure_qty":"11","unit_measure_price":"001","outside_remarks":"","unit_net_weight":"7777","unit_net_weight_div":"001","net_weight":"77762223","unit_gross_weight":"999.99","gross_weight":"9998900.01","measure":"109989"},{"pi_detail_no":"2","sales_detail_div":"3","product_cd":"000002","description":"component 2 e","qty":"10","unit_of_m_div":"","unit_price":"2000","amount":"20000","detail_tax":"240","unit_measure_qty":"300","unit_measure_price":"001","outside_remarks":"","unit_net_weight":"100","unit_net_weight_div":"","net_weight":"1000","unit_gross_weight":"200","gross_weight":"2000","measure":"3000"}]','10009','002','10000900.01','kg','77763223','kg','112989','M3','1129889','0','0','13558.67','1143447.67','(未定)pi_time_of_shipment','008','(未定)pi_country_of_origin','(未定)pi_manufacture','(未定)pi_varidity','(未定)pi_other_conditions1','(未定)pi_other_conditions2','(未定)pi_other_conditions3','(未定)pi_other_conditions4','(未定)pi_other_conditions5','(未定)pi_other_conditions6','(未定)pi_other_conditions7','(未定)pi_other_conditions8','(未定)pi_other_conditions9','(未定)pi_other_conditions10','0002','社内用備考','001','001_pi-detail','192.168.5.206';
2017-12-20 19:32:51 EXEC SPC_001_PI_DETAIL_INQ1 'RT-171212007';
2017-12-20 19:32:52 EXEC SPC_COM_GET_COMBOBOX 'sales_detail_div';
2017-12-20 19:32:52 EXEC SPC_COM_GET_COMBOBOX 'unit_q_div';
2017-12-20 19:32:52 EXEC SPC_GET_TAX_RATE '2017/12/30';
2017-12-20 19:32:52 EXEC SPC_COM_GET_COMBOBOX 'unit_m_div';
2017-12-20 19:32:52 EXEC SPC_COM_GET_COMBOBOX 'unit_w_div';
2017-12-20 19:33:11 EXEC SPC_001_PI_DETAIL_ACT1 'U','RT-171212007','2017/12/30','F0511','client name 2','client address 1','client address 1','5555','001','JP','0905242555','0905242555','F0512','client name 1','client address 1','client address 1','5555','001','AE','0905242555','0905242555','shipping mark 1','shipping mark 2','shipping mark 3','shipping mark 4','(未定)pi_packing','','USD','060','01','02','001','JP','02','Payment','[{"pi_detail_no":"1","sales_detail_div":"0","product_cd":"000001","description":"item name j 1","qty":"9999","unit_of_m_div":"002","unit_price":"111","amount":"1109889","detail_tax":"13318.67","unit_measure_qty":"11","unit_measure_price":"001","outside_remarks":"","unit_net_weight":"7777","unit_net_weight_div":"001","net_weight":"77762223","unit_gross_weight":"999.99","gross_weight":"9998900.01","measure":"109989"},{"pi_detail_no":"2","sales_detail_div":"3","product_cd":"000002","description":"component 2 e","qty":"10","unit_of_m_div":"","unit_price":"2000","amount":"20000","detail_tax":"240","unit_measure_qty":"300","unit_measure_price":"001","outside_remarks":"","unit_net_weight":"100","unit_net_weight_div":"","net_weight":"1000","unit_gross_weight":"200","gross_weight":"2000","measure":"3000"}]','10009','002','10000900.01','kg','77763223','kg','112989','M3','1129889','0','0','13558.67','1143447.67','(未定)pi_time_of_shipment','008','(未定)pi_country_of_origin','(未定)pi_manufacture','(未定)pi_varidity','(未定)pi_other_conditions1','(未定)pi_other_conditions2','(未定)pi_other_conditions3','(未定)pi_other_conditions4','(未定)pi_other_conditions5','(未定)pi_other_conditions6','(未定)pi_other_conditions7','(未定)pi_other_conditions8','(未定)pi_other_conditions9','(未定)pi_other_conditions10','0002','社内用備考','001','001_pi-detail','192.168.5.206';
2017-12-20 19:36:12 EXEC SPC_001_PI_DETAIL_INQ1 'RT-171212007';
2017-12-20 19:36:12 EXEC SPC_GET_TAX_RATE '2017/12/30';
2017-12-20 19:36:12 EXEC SPC_COM_GET_COMBOBOX 'sales_detail_div';
2017-12-20 19:36:12 EXEC SPC_COM_GET_COMBOBOX 'unit_q_div';
2017-12-20 19:36:12 EXEC SPC_COM_GET_COMBOBOX 'unit_m_div';
2017-12-20 19:36:14 EXEC SPC_001_PI_DETAIL_ACT1 'U','RT-171212007','2017/12/30','F0511','client name 2','client address 1','client address 1','5555','001','JP','0905242555','0905242555','F0512','client name 1','client address 1','client address 1','5555','001','AE','0905242555','0905242555','shipping mark 1','shipping mark 2','shipping mark 3','shipping mark 4','(未定)pi_packing','','USD','060','01','02','001','JP','02','Payment','[{"pi_detail_no":"1","sales_detail_div":"0","product_cd":"000001","description":"item name j 1","qty":"9999","unit_of_m_div":"002","unit_price":"111","amount":"1109889","detail_tax":"13318.67","unit_measure_qty":"11","unit_measure_price":"001","outside_remarks":"","unit_net_weight":"7777","unit_net_weight_div":"001","net_weight":"77762223","unit_gross_weight":"999.99","gross_weight":"9998900.01","measure":"109989"},{"pi_detail_no":"2","sales_detail_div":"3","product_cd":"000002","description":"component 2 e","qty":"10","unit_of_m_div":"","unit_price":"2000","amount":"20000","detail_tax":"240","unit_measure_qty":"300","unit_measure_price":"001","outside_remarks":"","unit_net_weight":"100","unit_net_weight_div":"","net_weight":"1000","unit_gross_weight":"200","gross_weight":"2000","measure":"3000"}]','10009','002','10000900.01','kg','77763223','kg','112989','M3','1129889','0','0','13558.67','1143447.67','(未定)pi_time_of_shipment','008','(未定)pi_country_of_origin','(未定)pi_manufacture','(未定)pi_varidity','(未定)pi_other_conditions1','(未定)pi_other_conditions2','(未定)pi_other_conditions3','(未定)pi_other_conditions4','(未定)pi_other_conditions5','(未定)pi_other_conditions6','(未定)pi_other_conditions7','(未定)pi_other_conditions8','(未定)pi_other_conditions9','(未定)pi_other_conditions10','0002','社内用備考','001','001_pi-detail','192.168.5.206';
2017-12-20 19:36:15 EXEC SPC_001_PI_DETAIL_INQ1 'RT-171212007';
2017-12-20 19:36:16 EXEC SPC_COM_GET_COMBOBOX 'unit_m_div';
2017-12-20 19:36:16 EXEC SPC_COM_GET_COMBOBOX 'unit_w_div';
2017-12-20 19:36:16 EXEC SPC_GET_TAX_RATE '2017/12/30';
2017-12-20 19:36:16 EXEC SPC_COM_GET_COMBOBOX 'unit_q_div';
2017-12-20 19:36:16 EXEC SPC_COM_GET_COMBOBOX 'sales_detail_div';
2017-12-20 19:47:20 EXEC SPC_COM_GET_COMBOBOX 'port_country_div';
2017-12-20 19:47:20 EXEC SPC_COM_GET_COMBOBOX 'trade_terms_div';
2017-12-20 19:47:20 EXEC SPC_COM_GET_COMBOBOX 'unit_q_div';
2017-12-20 19:47:21 EXEC SPC_COM_GET_COMBOBOX 'shipment_div';
2017-12-20 19:47:21 EXEC SPC_COM_GET_COMBOBOX 'payment_conditions_div';
2017-12-20 19:47:21 EXEC SPC_COM_GET_COMBOBOX 'port_city_div';
2017-12-20 19:47:21 EXEC SPC_COM_GET_COMBOBOX 'currency_div';
2017-12-20 19:47:21 EXEC SPC_COM_GET_COMBOBOX 'unit_w_div';
2017-12-20 19:47:21 EXEC SPC_COM_GET_COMBOBOX 'unit_m_div';
2017-12-20 19:47:21 EXEC SPC_COM_GET_COMBOBOX 'bank_div';
2017-12-20 19:47:21 EXEC SPC_COM_GET_COMBOBOX 'sales_detail_div';
2017-12-20 19:47:21 EXEC SPC_GET_TAX_RATE '2017/12/20';
2017-12-20 19:47:22 EXEC SPC_001_PI_DETAIL_INQ1 'RT-171212007';
2017-12-20 19:47:22 EXEC SPC_COM_GET_COMBOBOX 'unit_m_div';
2017-12-20 19:47:22 EXEC SPC_COM_GET_COMBOBOX 'sales_detail_div';
2017-12-20 19:47:22 EXEC SPC_COM_GET_COMBOBOX 'unit_q_div';
2017-12-20 19:47:22 EXEC SPC_GET_TAX_RATE '2017/12/30';
2017-12-20 19:47:22 EXEC SPC_COM_GET_COMBOBOX 'unit_w_div';
2017-12-20 19:47:32 EXEC SPC_001_PI_DETAIL_ACT1 'U','RT-171212007','2017/12/30','F0511','client name 2','client address 1','client address 1','5555','001','JP','0905242555','0905242555','F0512','client name 1','client address 1','client address 1','5555','001','AE','0905242555','0905242555','shipping mark 1','shipping mark 2','shipping mark 3','shipping mark 4','(未定)pi_packing','','USD','060','01','02','001','JP','02','Payment','[{"pi_detail_no":"1","sales_detail_div":"0","product_cd":"000001","description":"item name j 1","qty":"9999","unit_of_m_div":"003","unit_price":"111","amount":"1109889","detail_tax":"13318.67","unit_measure_qty":"11","unit_measure_price":"001","outside_remarks":"","unit_net_weight":"7777","unit_net_weight_div":"001","net_weight":"77762223","unit_gross_weight":"999.99","gross_weight":"9998900.01","measure":"109989"},{"pi_detail_no":"2","sales_detail_div":"3","product_cd":"000002","description":"component 2 e","qty":"10","unit_of_m_div":"","unit_price":"2000","amount":"20000","detail_tax":"240","unit_measure_qty":"300","unit_measure_price":"001","outside_remarks":"","unit_net_weight":"100","unit_net_weight_div":"","net_weight":"1000","unit_gross_weight":"200","gross_weight":"2000","measure":"3000"}]','10009','003','10000900.01','kg','77763223','kg','112989','M3','1129889','0','0','13558.67','1143447.67','(未定)pi_time_of_shipment','008','(未定)pi_country_of_origin','(未定)pi_manufacture','(未定)pi_varidity','(未定)pi_other_conditions1','(未定)pi_other_conditions2','(未定)pi_other_conditions3','(未定)pi_other_conditions4','(未定)pi_other_conditions5','(未定)pi_other_conditions6','(未定)pi_other_conditions7','(未定)pi_other_conditions8','(未定)pi_other_conditions9','(未定)pi_other_conditions10','0002','社内用備考','001','001_pi-detail','192.168.5.206';
2017-12-20 19:47:33 EXEC SPC_001_PI_DETAIL_INQ1 'RT-171212007';
2017-12-20 19:47:34 EXEC SPC_COM_GET_COMBOBOX 'unit_m_div';
2017-12-20 19:47:34 EXEC SPC_COM_GET_COMBOBOX 'unit_q_div';
2017-12-20 19:47:34 EXEC SPC_GET_TAX_RATE '2017/12/30';
2017-12-20 19:47:34 EXEC SPC_COM_GET_COMBOBOX 'unit_w_div';
2017-12-20 19:47:34 EXEC SPC_COM_GET_COMBOBOX 'sales_detail_div';
2017-12-20 19:57:19 EXEC SPC_001_PI_DETAIL_ACT1 'U','RT-171212007','2017/12/30','F0511','client name 2','client address 1','client address 1','5555','001','JP','0905242555','0905242555','F0512','client name 1','client address 1','client address 1','5555','001','AE','0905242555','0905242555','shipping mark 1','shipping mark 2','shipping mark 3','shipping mark 4','(未定)pi_packing','','USD','060','01','02','001','JP','02','Payment','[{"pi_detail_no":"1","sales_detail_div":"0","product_cd":"000001","description":"item name j 1","qty":"999999","unit_of_m_div":"003","unit_price":"111","amount":"110999889","detail_tax":"1331998.67","unit_measure_qty":"11","unit_measure_price":"001","outside_remarks":"","unit_net_weight":"77777","unit_net_weight_div":"001","net_weight":"77699223","unit_gross_weight":"999.99","gross_weight":"999989000.01","measure":"10999989"},{"pi_detail_no":"2","sales_detail_div":"3","product_cd":"000002","description":"component 2 e","qty":"10","unit_of_m_div":"","unit_price":"2000","amount":"20000","detail_tax":"240","unit_measure_qty":"300","unit_measure_price":"001","outside_remarks":"","unit_net_weight":"100","unit_net_weight_div":"","net_weight":"1000","unit_gross_weight":"200","gross_weight":"2000","measure":"3000"}]','1000009','003','999991000.01','001','77700223','001','11002989','001','111019889','0','0','1332238.67','112352127.67','(未定)pi_time_of_shipment','008','(未定)pi_country_of_origin','(未定)pi_manufacture','(未定)pi_varidity','(未定)pi_other_conditions1','(未定)pi_other_conditions2','(未定)pi_other_conditions3','(未定)pi_other_conditions4','(未定)pi_other_conditions5','(未定)pi_other_conditions6','(未定)pi_other_conditions7','(未定)pi_other_conditions8','(未定)pi_other_conditions9','(未定)pi_other_conditions10','0002','社内用備考','001','001_pi-detail','192.168.5.206';
2017-12-20 19:57:20 EXEC SPC_001_PI_DETAIL_INQ1 'RT-171212007';
2017-12-20 19:57:20 EXEC SPC_GET_TAX_RATE '2017/12/30';
2017-12-20 19:57:22 EXEC SPC_COM_GET_COMBOBOX 'sales_detail_div';
2017-12-20 19:57:22 EXEC SPC_COM_GET_COMBOBOX 'unit_w_div';
2017-12-20 19:57:22 EXEC SPC_COM_GET_COMBOBOX 'unit_q_div';
2017-12-20 19:57:22 EXEC SPC_COM_GET_COMBOBOX 'unit_m_div';
2017-12-20 19:57:31 EXEC SPC_COM_GET_COMBOBOX 'port_country_div';
2017-12-20 19:57:31 EXEC SPC_COM_GET_COMBOBOX 'payment_conditions_div';
2017-12-20 19:57:31 EXEC SPC_COM_GET_COMBOBOX 'shipment_div';
2017-12-20 19:57:31 EXEC SPC_COM_GET_COMBOBOX 'port_city_div';
2017-12-20 19:57:31 EXEC SPC_COM_GET_COMBOBOX 'trade_terms_div';
2017-12-20 19:57:31 EXEC SPC_COM_GET_COMBOBOX 'unit_q_div';
2017-12-20 19:57:31 EXEC SPC_COM_GET_COMBOBOX 'unit_m_div';
2017-12-20 19:57:31 EXEC SPC_COM_GET_COMBOBOX 'sales_detail_div';
2017-12-20 19:57:31 EXEC SPC_COM_GET_COMBOBOX 'bank_div';
2017-12-20 19:57:32 EXEC SPC_COM_GET_COMBOBOX 'unit_w_div';
2017-12-20 19:57:32 EXEC SPC_GET_TAX_RATE '2017/12/20';
2017-12-20 19:57:32 EXEC SPC_001_PI_DETAIL_INQ1 'RT-171212007';
2017-12-20 19:57:32 EXEC SPC_COM_GET_COMBOBOX 'currency_div';
2017-12-20 19:57:33 EXEC SPC_GET_TAX_RATE '2017/12/30';
2017-12-20 19:57:33 EXEC SPC_COM_GET_COMBOBOX 'unit_w_div';
2017-12-20 19:57:33 EXEC SPC_COM_GET_COMBOBOX 'unit_q_div';
2017-12-20 19:57:33 EXEC SPC_COM_GET_COMBOBOX 'unit_m_div';
2017-12-20 19:57:33 EXEC SPC_COM_GET_COMBOBOX 'sales_detail_div';
2017-12-20 20:00:42 EXEC SPC_COM_GET_COMBOBOX 'port_country_div';
2017-12-20 20:00:42 EXEC SPC_COM_GET_COMBOBOX 'shipment_div';
2017-12-20 20:00:42 EXEC SPC_COM_GET_COMBOBOX 'trade_terms_div';
2017-12-20 20:00:42 EXEC SPC_COM_GET_COMBOBOX 'port_city_div';
2017-12-20 20:00:42 EXEC SPC_COM_GET_COMBOBOX 'payment_conditions_div';
2017-12-20 20:00:42 EXEC SPC_COM_GET_COMBOBOX 'currency_div';
2017-12-20 20:00:43 EXEC SPC_COM_GET_COMBOBOX 'unit_q_div';
2017-12-20 20:00:43 EXEC SPC_COM_GET_COMBOBOX 'unit_w_div';
2017-12-20 20:00:43 EXEC SPC_GET_TAX_RATE '2017/12/20';
2017-12-20 20:00:43 EXEC SPC_COM_GET_COMBOBOX 'bank_div';
2017-12-20 20:00:43 EXEC SPC_COM_GET_COMBOBOX 'unit_m_div';
2017-12-20 20:00:43 EXEC SPC_COM_GET_COMBOBOX 'sales_detail_div';
2017-12-20 20:00:44 EXEC SPC_001_PI_DETAIL_INQ1 'RT-171212007';
2017-12-20 20:00:44 EXEC SPC_GET_TAX_RATE '2017/12/30';
2017-12-20 20:00:44 EXEC SPC_COM_GET_COMBOBOX 'sales_detail_div';
2017-12-20 20:00:44 EXEC SPC_COM_GET_COMBOBOX 'unit_m_div';
2017-12-20 20:00:44 EXEC SPC_COM_GET_COMBOBOX 'unit_q_div';
2017-12-20 20:00:44 EXEC SPC_COM_GET_COMBOBOX 'unit_w_div';
2017-12-20 20:04:00 EXEC SPC_COM_GET_COMBOBOX 'port_country_div';
2017-12-20 20:04:00 EXEC SPC_COM_GET_COMBOBOX 'currency_div';
2017-12-20 20:04:00 EXEC SPC_COM_GET_COMBOBOX 'trade_terms_div';
2017-12-20 20:04:00 EXEC SPC_COM_GET_COMBOBOX 'port_city_div';
2017-12-20 20:04:00 EXEC SPC_COM_GET_COMBOBOX 'shipment_div';
2017-12-20 20:04:00 EXEC SPC_COM_GET_COMBOBOX 'payment_conditions_div';
2017-12-20 20:04:00 EXEC SPC_COM_GET_COMBOBOX 'unit_q_div';
2017-12-20 20:04:00 EXEC SPC_COM_GET_COMBOBOX 'unit_w_div';
2017-12-20 20:04:00 EXEC SPC_COM_GET_COMBOBOX 'unit_m_div';
2017-12-20 20:04:00 EXEC SPC_GET_TAX_RATE '2017/12/20';
2017-12-20 20:04:00 EXEC SPC_COM_GET_COMBOBOX 'bank_div';
2017-12-20 20:04:01 EXEC SPC_COM_GET_COMBOBOX 'sales_detail_div';
2017-12-20 20:04:01 EXEC SPC_001_PI_DETAIL_INQ1 'RT-171212007';
2017-12-20 20:04:02 EXEC SPC_COM_GET_COMBOBOX 'unit_q_div';
2017-12-20 20:04:02 EXEC SPC_COM_GET_COMBOBOX 'sales_detail_div';
2017-12-20 20:04:02 EXEC SPC_COM_GET_COMBOBOX 'unit_w_div';
2017-12-20 20:04:02 EXEC SPC_GET_TAX_RATE '2017/12/30';
2017-12-20 20:04:48 EXEC SPC_COM_GET_COMBOBOX 'trade_terms_div';
2017-12-20 20:04:48 EXEC SPC_COM_GET_COMBOBOX 'port_country_div';
2017-12-20 20:04:48 EXEC SPC_COM_GET_COMBOBOX 'payment_conditions_div';
2017-12-20 20:04:48 EXEC SPC_COM_GET_COMBOBOX 'shipment_div';
2017-12-20 20:04:48 EXEC SPC_COM_GET_COMBOBOX 'currency_div';
2017-12-20 20:04:48 EXEC SPC_COM_GET_COMBOBOX 'port_city_div';
2017-12-20 20:04:49 EXEC SPC_COM_GET_COMBOBOX 'unit_m_div';
2017-12-20 20:04:49 EXEC SPC_COM_GET_COMBOBOX 'bank_div';
2017-12-20 20:04:49 EXEC SPC_COM_GET_COMBOBOX 'unit_q_div';
2017-12-20 20:04:49 EXEC SPC_COM_GET_COMBOBOX 'unit_w_div';
2017-12-20 20:04:49 EXEC SPC_COM_GET_COMBOBOX 'sales_detail_div';
2017-12-20 20:04:49 EXEC SPC_GET_TAX_RATE '2017/12/20';
2017-12-20 20:04:49 EXEC SPC_001_PI_DETAIL_INQ1 'RT-171212007';
2017-12-20 20:04:50 EXEC SPC_COM_GET_COMBOBOX 'sales_detail_div';
2017-12-20 20:04:50 EXEC SPC_COM_GET_COMBOBOX 'unit_q_div';
2017-12-20 20:04:50 EXEC SPC_COM_GET_COMBOBOX 'unit_w_div';
2017-12-20 20:04:50 EXEC SPC_COM_GET_COMBOBOX 'unit_m_div';
2017-12-20 20:04:50 EXEC SPC_GET_TAX_RATE '2017/12/30';
2017-12-20 20:04:56 EXEC SPC_COM_GET_COMBOBOX 'port_city_div';
2017-12-20 20:04:56 EXEC SPC_COM_GET_COMBOBOX 'port_country_div';
2017-12-20 20:04:56 EXEC SPC_COM_GET_COMBOBOX 'trade_terms_div';
2017-12-20 20:04:56 EXEC SPC_COM_GET_COMBOBOX 'shipment_div';
2017-12-20 20:04:56 EXEC SPC_COM_GET_COMBOBOX 'payment_conditions_div';
2017-12-20 20:04:57 EXEC SPC_COM_GET_COMBOBOX 'unit_w_div';
2017-12-20 20:04:57 EXEC SPC_COM_GET_COMBOBOX 'unit_q_div';
2017-12-20 20:04:57 EXEC SPC_COM_GET_COMBOBOX 'unit_m_div';
2017-12-20 20:04:57 EXEC SPC_COM_GET_COMBOBOX 'bank_div';
2017-12-20 20:04:57 EXEC SPC_COM_GET_COMBOBOX 'sales_detail_div';
2017-12-20 20:04:57 EXEC SPC_GET_TAX_RATE '2017/12/20';
2017-12-20 20:04:57 EXEC SPC_001_PI_DETAIL_INQ1 'RT-171212007';
2017-12-20 20:04:58 EXEC SPC_COM_GET_COMBOBOX 'sales_detail_div';
2017-12-20 20:04:58 EXEC SPC_COM_GET_COMBOBOX 'unit_m_div';
2017-12-20 20:04:58 EXEC SPC_COM_GET_COMBOBOX 'unit_q_div';
2017-12-20 20:04:58 EXEC SPC_GET_TAX_RATE '2017/12/30';
2017-12-20 20:04:58 EXEC SPC_COM_GET_COMBOBOX 'unit_w_div';
2017-12-20 20:05:36 EXEC SPC_COM_GET_COMBOBOX 'port_city_div';
2017-12-20 20:05:36 EXEC SPC_COM_GET_COMBOBOX 'port_country_div';
2017-12-20 20:05:36 EXEC SPC_COM_GET_COMBOBOX 'currency_div';
2017-12-20 20:05:36 EXEC SPC_COM_GET_COMBOBOX 'payment_conditions_div';
2017-12-20 20:05:36 EXEC SPC_COM_GET_COMBOBOX 'shipment_div';
2017-12-20 20:05:36 EXEC SPC_COM_GET_COMBOBOX 'trade_terms_div';
2017-12-20 20:05:37 EXEC SPC_COM_GET_COMBOBOX 'unit_w_div';
2017-12-20 20:05:37 EXEC SPC_COM_GET_COMBOBOX 'bank_div';
2017-12-20 20:05:37 EXEC SPC_COM_GET_COMBOBOX 'unit_m_div';
2017-12-20 20:05:37 EXEC SPC_COM_GET_COMBOBOX 'unit_q_div';
2017-12-20 20:05:37 EXEC SPC_COM_GET_COMBOBOX 'sales_detail_div';
2017-12-20 20:05:37 EXEC SPC_GET_TAX_RATE '2017/12/20';
2017-12-20 20:05:37 EXEC SPC_001_PI_DETAIL_INQ1 'RT-171212007';
2017-12-20 20:05:38 EXEC SPC_GET_TAX_RATE '2017/12/30';
2017-12-20 20:05:38 EXEC SPC_COM_GET_COMBOBOX 'unit_m_div';
2017-12-20 20:05:38 EXEC SPC_COM_GET_COMBOBOX 'unit_q_div';
2017-12-20 20:05:38 EXEC SPC_COM_GET_COMBOBOX 'sales_detail_div';
2017-12-20 20:05:38 EXEC SPC_COM_GET_COMBOBOX 'unit_w_div';
2017-12-20 20:05:41 EXEC SPC_001_PI_DETAIL_ACT1 'U','RT-171212007','2017/12/30','F0511','client name 2','client address 1','client address 1','5555','001','JP','0905242555','0905242555','F0512','client name 1','client address 1','client address 1','5555','001','AE','0905242555','0905242555','shipping mark 1','shipping mark 2','shipping mark 3','shipping mark 4','(未定)pi_packing','','USD','060','01','02','001','JP','02','Payment','[{"pi_detail_no":"1","sales_detail_div":"0","product_cd":"000001","description":"item name j 1","qty":"999999","unit_of_m_div":"003","unit_price":"111","amount":"110999889","detail_tax":"1331998.67","unit_measure_qty":"11","unit_measure_price":"001","outside_remarks":"","unit_net_weight":"77777","unit_net_weight_div":"001","net_weight":"77699223","unit_gross_weight":"999.99","gross_weight":"999989000.01","measure":"10999989"},{"pi_detail_no":"2","sales_detail_div":"3","product_cd":"000002","description":"component 2 e","qty":"10","unit_of_m_div":"","unit_price":"2000","amount":"20000","detail_tax":"240","unit_measure_qty":"300","unit_measure_price":"001","outside_remarks":"","unit_net_weight":"100","unit_net_weight_div":"","net_weight":"1000","unit_gross_weight":"200","gross_weight":"2000","measure":"3000"}]','1000009','003','999991000.01','001','77700223','001','11002989','001','111019889','0','0','1332238.67','112352127.67','(未定)pi_time_of_shipment','008','(未定)pi_country_of_origin','(未定)pi_manufacture','(未定)pi_varidity','(未定)pi_other_conditions1','(未定)pi_other_conditions2','(未定)pi_other_conditions3','(未定)pi_other_conditions4','(未定)pi_other_conditions5','(未定)pi_other_conditions6','(未定)pi_other_conditions7','(未定)pi_other_conditions8','(未定)pi_other_conditions9','(未定)pi_other_conditions10','0002','社内用備考','001','001_pi-detail','192.168.5.206';
2017-12-20 20:05:42 EXEC SPC_001_PI_DETAIL_INQ1 'RT-171212007';
2017-12-20 20:05:42 EXEC SPC_COM_GET_COMBOBOX 'unit_m_div';
2017-12-20 20:05:42 EXEC SPC_COM_GET_COMBOBOX 'sales_detail_div';
2017-12-20 20:05:42 EXEC SPC_COM_GET_COMBOBOX 'unit_q_div';
2017-12-20 20:05:43 EXEC SPC_COM_GET_COMBOBOX 'unit_w_div';
