2017-11-17 10:41:37 EXEC SPC_077_USER_MASTER_SEARCH_FND1 '','','','1','10';
2017-11-17 10:41:41 EXEC SPC_COM_GET_COMBOBOX 'auth_role_div';
2017-11-17 10:41:41 EXEC SPC_COM_GET_COMBOBOX 'belong_div';
2017-11-17 10:41:41 EXEC SPC_COM_GET_COMBOBOX 'position_div';
2017-11-17 10:41:41 EXEC SPC_COM_GET_COMBOBOX 'incumbent_div';
2017-11-17 10:41:41 EXEC SPC_076_USER_MASTER_DETAIL_INQ1 '100';
2017-11-17 10:41:45 EXEC SPC_COM_GET_COMBOBOX 'position_div';
2017-11-17 10:41:45 EXEC SPC_COM_GET_COMBOBOX 'incumbent_div';
2017-11-17 10:41:45 EXEC SPC_COM_GET_COMBOBOX 'auth_role_div';
2017-11-17 10:41:45 EXEC SPC_076_USER_MASTER_DETAIL_INQ1 '100';
2017-11-17 10:41:45 EXEC SPC_COM_GET_COMBOBOX 'belong_div';
2017-11-17 10:41:51 EXEC SPC_COM_GET_COMBOBOX 'incumbent_div';
2017-11-17 10:41:51 EXEC SPC_076_USER_MASTER_DETAIL_INQ1 '100';
2017-11-17 10:41:51 EXEC SPC_COM_GET_COMBOBOX 'auth_role_div';
2017-11-17 10:41:51 EXEC SPC_COM_GET_COMBOBOX 'position_div';
2017-11-17 10:41:51 EXEC SPC_COM_GET_COMBOBOX 'belong_div';
2017-11-17 10:42:12 EXEC SPC_COM_GET_COMBOBOX 'possible_div';
2017-11-17 10:44:58 EXEC SPC_057_LIBRARY_MASTER_SEARCH_FND1 '','','','','','1','10';
2017-11-17 10:48:30 EXEC SPC_077_USER_MASTER_SEARCH_FND1 '','','','1','10';
2017-11-17 10:49:12 EXEC SPC_COM_GET_COMBOBOX 'possible_div';
2017-11-17 10:49:16 EXEC SPC_057_LIBRARY_MASTER_SEARCH_FND1 '','','','','','1','10';
2017-11-17 10:49:19 EXEC SPC_COM_GET_COMBOBOX 'possible_div';
2017-11-17 10:49:20 EXEC SPC_057_LIBRARY_MASTER_SEARCH_FND1 '','','','','','1','10';
2017-11-17 10:50:31 EXEC SPC_077_USER_MASTER_SEARCH_FND1 '','','','1','10';
2017-11-17 10:50:44 EXEC SPC_COM_GET_COMBOBOX 'possible_div';
2017-11-17 10:50:46 EXEC SPC_057_LIBRARY_MASTER_SEARCH_FND1 '','','','','','1','10';
2017-11-17 10:50:47 EXEC SPC_057_LIBRARY_MASTER_SEARCH_FND1 '','','','','','1','10';
2017-11-17 10:50:49 EXEC SPC_057_LIBRARY_MASTER_SEARCH_FND1 '','','','','','1','10';
2017-11-17 10:51:12 EXEC SPC_057_LIBRARY_MASTER_SEARCH_FND1 '','','','','','2','10';
2017-11-17 10:51:28 EXEC SPC_077_USER_MASTER_SEARCH_FND1 '','','','1','10';
2017-11-17 10:53:09 EXEC SPC_057_LIBRARY_MASTER_SEARCH_FND1 '','','','','','1','10';
2017-11-17 10:53:39 EXEC SPC_COM_GET_COMBOBOX 'possible_div';
2017-11-17 10:53:42 EXEC SPC_057_LIBRARY_MASTER_SEARCH_FND1 '','','','','','1','10';
2017-11-17 10:53:52 EXEC SPC_056_LIBRARY_MASTER_INQ1 'bank_div';
2017-11-17 10:54:03 EXEC SPC_056_LIBRARY_MASTER_INQ1 'bank_div';
2017-11-17 10:54:50 EXEC SPC_056_LIBRARY_MASTER_INQ1 'bank_div';
2017-11-17 10:55:01 EXEC SPC_COM_GET_COMBOBOX 'possible_div';
2017-11-17 10:55:03 EXEC SPC_057_LIBRARY_MASTER_SEARCH_FND1 '','','','','','1','10';
2017-11-17 10:55:24 EXEC SPC_057_LIBRARY_MASTER_SEARCH_FND1 '','','','','','1','10';
2017-11-17 10:55:47 EXEC SPC_057_LIBRARY_MASTER_SEARCH_FND1 '','','','','','1','10';
2017-11-17 10:55:57 EXEC SPC_057_LIBRARY_MASTER_SEARCH_FND1 '','','','','','2','10';
2017-11-17 10:56:06 EXEC SPC_057_LIBRARY_MASTER_SEARCH_FND1 '','','','','','1','10';
2017-11-17 10:56:23 EXEC SPC_057_LIBRARY_MASTER_SEARCH_FND1 '','','','','','1','10';
2017-11-17 10:56:28 EXEC SPC_057_LIBRARY_MASTER_SEARCH_FND1 '','','','','','1','10';
2017-11-17 10:57:00 EXEC SPC_COM_GET_COMBOBOX 'possible_div';
2017-11-17 10:57:01 EXEC SPC_057_LIBRARY_MASTER_SEARCH_FND1 '','','','','','1','10';
2017-11-17 10:58:21 EXEC SPC_COM_GET_COMBOBOX 'possible_div';
2017-11-17 10:59:25 EXEC SPC_COM_GET_COMBOBOX 'possible_div';
2017-11-17 10:59:27 EXEC SPC_057_LIBRARY_MASTER_SEARCH_FND1 '','','','','','1','10';
2017-11-17 10:59:34 EXEC SPC_057_LIBRARY_MASTER_SEARCH_FND1 '','','','','','1','10';
2017-11-17 11:13:16 EXEC SPC_056_LIBRARY_MASTER_INQ1 'allocation_div';
2017-11-17 11:14:21 EXEC SPC_COM_GET_COMBOBOX 'possible_div';
2017-11-17 11:14:22 EXEC SPC_057_LIBRARY_MASTER_SEARCH_FND1 '','','','','','1','10';
2017-11-17 11:14:28 EXEC SPC_056_LIBRARY_MASTER_INQ1 'bank_div';
2017-11-17 11:33:22 EXEC SPC_COM_GET_COMBOBOX 'possible_div';
2017-11-17 11:33:30 EXEC SPC_057_LIBRARY_MASTER_SEARCH_FND1 '','','','','','1','10';
2017-11-17 11:47:31 EXEC SPC_COM_GET_COMBOBOX 'possible_div';
2017-11-17 11:47:38 EXEC SPC_057_LIBRARY_MASTER_SEARCH_FND1 '','','','','0','1','10';
2017-11-17 11:48:28 EXEC SPC_COM_GET_COMBOBOX 'possible_div';
2017-11-17 11:48:30 EXEC SPC_057_LIBRARY_MASTER_SEARCH_FND1 '','','','','','1','10';
2017-11-17 11:48:34 EXEC SPC_057_LIBRARY_MASTER_SEARCH_FND1 '','','','','0','1','10';
2017-11-17 12:02:17 EXEC SPC_COM_GET_COMBOBOX 'possible_div';
2017-11-17 12:02:19 EXEC SPC_057_LIBRARY_MASTER_SEARCH_FND1 '','','','','','1','10';
2017-11-17 12:02:34 EXEC SPC_COM_GET_COMBOBOX 'possible_div';
2017-11-17 12:02:36 EXEC SPC_057_LIBRARY_MASTER_SEARCH_FND1 '','','','','','1','10';
2017-11-17 12:02:50 EXEC SPC_COM_GET_COMBOBOX 'possible_div';
2017-11-17 12:02:52 EXEC SPC_057_LIBRARY_MASTER_SEARCH_FND1 '','','','','','1','10';
2017-11-17 12:04:54 EXEC SPC_COM_GET_COMBOBOX 'possible_div';
2017-11-17 12:04:56 EXEC SPC_057_LIBRARY_MASTER_SEARCH_FND1 '','','','','','1','10';
2017-11-17 12:08:17 EXEC SPC_COM_GET_COMBOBOX 'possible_div';
2017-11-17 12:08:19 EXEC SPC_057_LIBRARY_MASTER_SEARCH_FND1 '','','','','','1','10';
2017-11-17 12:10:18 EXEC SPC_057_LIBRARY_MASTER_SEARCH_FND1 '','','','','','1','10';
2017-11-17 12:11:34 EXEC SPC_COM_GET_COMBOBOX 'possible_div';
2017-11-17 12:11:36 EXEC SPC_057_LIBRARY_MASTER_SEARCH_FND1 '','','','','','1','10';
2017-11-17 12:12:17 EXEC SPC_COM_GET_COMBOBOX 'possible_div';
2017-11-17 12:12:19 EXEC SPC_057_LIBRARY_MASTER_SEARCH_FND1 '','','','','','1','10';
2017-11-17 12:21:32 EXEC SPC_COM_GET_COMBOBOX 'possible_div';
2017-11-17 12:21:35 EXEC SPC_057_LIBRARY_MASTER_SEARCH_FND1 '','','','','','1','10';
2017-11-17 12:21:52 EXEC SPC_COM_GET_COMBOBOX 'possible_div';
2017-11-17 12:21:53 EXEC SPC_057_LIBRARY_MASTER_SEARCH_FND1 '','','','','','1','10';
2017-11-17 12:23:22 EXEC SPC_COM_GET_COMBOBOX 'possible_div';
2017-11-17 12:23:25 EXEC SPC_057_LIBRARY_MASTER_SEARCH_FND1 '','','','','','1','10';
2017-11-17 12:23:29 EXEC SPC_057_LIBRARY_MASTER_SEARCH_FND1 'tggggg','','','','','1','10';
2017-11-17 12:23:34 EXEC SPC_057_LIBRARY_MASTER_SEARCH_FND1 'tggggg','','hhhh','','','1','10';
2017-11-17 12:23:43 EXEC SPC_COM_GET_COMBOBOX 'possible_div';
2017-11-17 12:23:46 EXEC SPC_057_LIBRARY_MASTER_SEARCH_FND1 '','','','','','1','10';
2017-11-17 12:24:28 EXEC SPC_COM_GET_COMBOBOX 'possible_div';
2017-11-17 12:24:30 EXEC SPC_057_LIBRARY_MASTER_SEARCH_FND1 '','','','','','1','10';
2017-11-17 12:24:42 EXEC SPC_057_LIBRARY_MASTER_SEARCH_FND1 'gfsdgfds','','','','','1','10';
2017-11-17 12:25:17 EXEC SPC_057_LIBRARY_MASTER_SEARCH_FND1 'gfsdgfds','','','','0','1','10';
2017-11-17 12:25:21 EXEC SPC_057_LIBRARY_MASTER_SEARCH_FND1 'gfsdgfds','','','','1','1','10';
2017-11-17 12:26:41 EXEC SPC_COM_GET_COMBOBOX 'possible_div';
2017-11-17 12:26:45 EXEC SPC_COM_GET_COMBOBOX 'possible_div';
2017-11-17 12:27:03 EXEC SPC_COM_GET_COMBOBOX 'possible_div';
2017-11-17 12:28:09 EXEC SPC_COM_GET_COMBOBOX 'possible_div';
2017-11-17 12:28:32 EXEC SPC_COM_GET_COMBOBOX 'possible_div';
2017-11-17 12:28:53 EXEC SPC_COM_GET_COMBOBOX 'possible_div';
2017-11-17 12:29:14 EXEC SPC_COM_GET_COMBOBOX 'possible_div';
2017-11-17 12:29:19 EXEC SPC_057_LIBRARY_MASTER_SEARCH_FND1 '','','','','','1','10';
2017-11-17 12:30:07 EXEC SPC_COM_GET_COMBOBOX 'possible_div';
2017-11-17 12:30:09 EXEC SPC_057_LIBRARY_MASTER_SEARCH_FND1 '','','','','','1','10';
2017-11-17 12:30:42 EXEC SPC_COM_GET_COMBOBOX 'possible_div';
2017-11-17 12:30:44 EXEC SPC_057_LIBRARY_MASTER_SEARCH_FND1 '','','','','','1','10';
2017-11-17 12:30:57 EXEC SPC_057_LIBRARY_MASTER_SEARCH_FND1 'aaaa','cccc','bbbb','dddd','1','1','10';
2017-11-17 12:31:26 EXEC SPC_COM_GET_COMBOBOX 'possible_div';
2017-11-17 12:31:29 EXEC SPC_057_LIBRARY_MASTER_SEARCH_FND1 '','','','','','1','10';
2017-11-17 12:31:51 EXEC SPC_COM_GET_COMBOBOX 'possible_div';
2017-11-17 12:31:53 EXEC SPC_057_LIBRARY_MASTER_SEARCH_FND1 '','','','','','1','10';
2017-11-17 12:32:06 EXEC SPC_COM_GET_COMBOBOX 'possible_div';
2017-11-17 12:32:07 EXEC SPC_057_LIBRARY_MASTER_SEARCH_FND1 '','','','','','1','10';
2017-11-17 12:32:26 EXEC SPC_COM_GET_COMBOBOX 'possible_div';
2017-11-17 12:32:29 EXEC SPC_057_LIBRARY_MASTER_SEARCH_FND1 'yyyyyyyyyyy','','','','','1','10';
2017-11-17 12:32:56 EXEC SPC_COM_GET_COMBOBOX 'possible_div';
2017-11-17 12:32:58 EXEC SPC_057_LIBRARY_MASTER_SEARCH_FND1 '','','','','','1','10';
2017-11-17 12:34:28 EXEC SPC_057_LIBRARY_MASTER_SEARCH_FND1 '','','','','','1','10';
2017-11-17 12:36:24 EXEC SPC_COM_GET_COMBOBOX 'possible_div';
2017-11-17 12:36:26 EXEC SPC_057_LIBRARY_MASTER_SEARCH_FND1 '','','','','','1','10';
2017-11-17 12:36:57 EXEC SPC_COM_GET_COMBOBOX 'possible_div';
2017-11-17 12:37:00 EXEC SPC_057_LIBRARY_MASTER_SEARCH_FND1 '','','','','','1','10';
2017-11-17 12:37:18 EXEC SPC_057_LIBRARY_MASTER_SEARCH_FND1 'ghdfh','hdfgh','gdhdfgh','dhdfhdhd','0','1','10';
2017-11-17 12:38:28 EXEC SPC_COM_GET_COMBOBOX 'possible_div';
2017-11-17 12:38:34 EXEC SPC_057_LIBRARY_MASTER_SEARCH_FND1 '','','','','','1','10';
2017-11-17 12:38:42 EXEC SPC_057_LIBRARY_MASTER_SEARCH_FND1 'hjgf','gfjgfj','jgfhjgfhjh','ghfjghfjgh','1','1','10';
2017-11-17 12:39:22 EXEC SPC_COM_GET_COMBOBOX 'possible_div';
2017-11-17 12:39:25 EXEC SPC_057_LIBRARY_MASTER_SEARCH_FND1 '','','','','','1','10';
2017-11-17 12:39:42 EXEC SPC_COM_GET_COMBOBOX 'possible_div';
2017-11-17 12:39:44 EXEC SPC_057_LIBRARY_MASTER_SEARCH_FND1 '','','','','','1','10';
2017-11-17 12:40:26 EXEC SPC_COM_GET_COMBOBOX 'possible_div';
2017-11-17 12:40:28 EXEC SPC_057_LIBRARY_MASTER_SEARCH_FND1 '','','','','','1','10';
2017-11-17 12:41:43 EXEC SPC_COM_GET_COMBOBOX 'possible_div';
2017-11-17 12:41:59 EXEC SPC_057_LIBRARY_MASTER_SEARCH_FND1 '','','','','','1','10';
2017-11-17 12:42:12 EXEC SPC_057_LIBRARY_MASTER_SEARCH_FND1 '','','','','','1','10';
2017-11-17 12:42:23 EXEC SPC_COM_GET_COMBOBOX 'possible_div';
2017-11-17 12:42:32 EXEC SPC_COM_GET_COMBOBOX 'possible_div';
2017-11-17 12:42:36 EXEC SPC_COM_GET_COMBOBOX 'possible_div';
2017-11-17 12:42:38 EXEC SPC_057_LIBRARY_MASTER_SEARCH_FND1 '','','','','','1','10';
2017-11-17 12:43:07 EXEC SPC_COM_GET_COMBOBOX 'possible_div';
2017-11-17 12:43:08 EXEC SPC_057_LIBRARY_MASTER_SEARCH_FND1 '','','','','','1','10';
2017-11-17 12:43:29 EXEC SPC_COM_GET_COMBOBOX 'possible_div';
2017-11-17 12:43:31 EXEC SPC_057_LIBRARY_MASTER_SEARCH_FND1 '','','','','','1','10';
2017-11-17 12:44:27 EXEC SPC_COM_GET_COMBOBOX 'possible_div';
2017-11-17 12:44:29 EXEC SPC_057_LIBRARY_MASTER_SEARCH_FND1 '','','','','','1','10';
2017-11-17 12:45:43 EXEC SPC_057_LIBRARY_MASTER_SEARCH_FND1 'html','avc','','','','1','10';
2017-11-17 15:09:51 EXEC SPC_COM_GET_COMBOBOX 'possible_div';
2017-11-17 15:09:52 EXEC SPC_057_LIBRARY_MASTER_SEARCH_FND1 '','','','','','1','10';
2017-11-17 15:23:26 EXEC SPC_COM_GET_COMBOBOX 'possible_div';
2017-11-17 15:23:31 EXEC SPC_057_LIBRARY_MASTER_SEARCH_FND1 '','','','','','1','10';
2017-11-17 15:23:36 EXEC SPC_056_LIBRARY_MASTER_INQ1 'auth_role_div';
2017-11-17 15:25:53 EXEC SPC_COM_GET_COMBOBOX 'possible_div';
2017-11-17 15:25:58 EXEC SPC_057_LIBRARY_MASTER_SEARCH_FND1 '','','','','','1','10';
2017-11-17 15:26:01 EXEC SPC_057_LIBRARY_MASTER_SEARCH_FND1 'trsr','','gsgh','','','1','10';
2017-11-17 15:33:01 EXEC SPC_COM_GET_COMBOBOX 'possible_div';
2017-11-17 15:33:04 EXEC SPC_057_LIBRARY_MASTER_SEARCH_FND1 '','','','','','1','10';
2017-11-17 15:33:08 EXEC SPC_057_LIBRARY_MASTER_SEARCH_FND1 'fffff','ggggg','','','','1','10';
2017-11-17 15:33:13 EXEC SPC_COM_GET_COMBOBOX 'possible_div';
2017-11-17 15:33:33 EXEC SPC_COM_GET_COMBOBOX 'possible_div';
2017-11-17 15:33:40 EXEC SPC_COM_GET_COMBOBOX 'possible_div';
2017-11-17 15:34:08 EXEC SPC_COM_GET_COMBOBOX 'possible_div';
2017-11-17 15:34:09 EXEC SPC_057_LIBRARY_MASTER_SEARCH_FND1 '','','','','','1','10';
2017-11-17 15:34:17 EXEC SPC_COM_GET_COMBOBOX 'possible_div';
2017-11-17 15:34:57 EXEC SPC_COM_GET_COMBOBOX 'possible_div';
2017-11-17 15:35:04 EXEC SPC_COM_GET_COMBOBOX 'possible_div';
2017-11-17 15:35:08 EXEC SPC_057_LIBRARY_MASTER_SEARCH_FND1 'rtrew','','trêtwt','','','1','10';
2017-11-17 15:35:36 EXEC SPC_COM_GET_COMBOBOX 'possible_div';
2017-11-17 15:35:48 EXEC SPC_COM_GET_COMBOBOX 'possible_div';
2017-11-17 15:35:50 EXEC SPC_057_LIBRARY_MASTER_SEARCH_FND1 '','','','','','1','10';
2017-11-17 15:36:47 EXEC SPC_COM_GET_COMBOBOX 'possible_div';
2017-11-17 15:36:50 EXEC SPC_057_LIBRARY_MASTER_SEARCH_FND1 '','','','','','1','10';
2017-11-17 15:37:18 EXEC SPC_COM_GET_COMBOBOX 'possible_div';
2017-11-17 15:37:19 EXEC SPC_057_LIBRARY_MASTER_SEARCH_FND1 '','','','','','1','10';
2017-11-17 15:37:27 EXEC SPC_COM_GET_COMBOBOX 'possible_div';
2017-11-17 15:37:31 EXEC SPC_057_LIBRARY_MASTER_SEARCH_FND1 'ffffffffffffff','ffaaaaaaaaaaaa','','','','1','10';
2017-11-17 15:37:40 EXEC SPC_COM_GET_COMBOBOX 'possible_div';
2017-11-17 15:38:01 EXEC SPC_COM_GET_COMBOBOX 'possible_div';
2017-11-17 15:38:16 EXEC SPC_COM_GET_COMBOBOX 'possible_div';
2017-11-17 15:38:24 EXEC SPC_COM_GET_COMBOBOX 'possible_div';
2017-11-17 15:38:27 EXEC SPC_COM_GET_COMBOBOX 'possible_div';
2017-11-17 15:38:29 EXEC SPC_057_LIBRARY_MASTER_SEARCH_FND1 '','','','','','1','10';
2017-11-17 15:38:39 EXEC SPC_057_LIBRARY_MASTER_SEARCH_FND1 'hhhhh','hhhhhhhhhhhhhh','','','','1','10';
2017-11-17 15:38:42 EXEC SPC_057_LIBRARY_MASTER_SEARCH_FND1 'hhhhh','hhhhhhhhhhhhhh','','','','1','10';
2017-11-17 15:38:45 EXEC SPC_COM_GET_COMBOBOX 'possible_div';
2017-11-17 15:39:02 EXEC SPC_COM_GET_COMBOBOX 'possible_div';
2017-11-17 15:39:03 EXEC SPC_057_LIBRARY_MASTER_SEARCH_FND1 '','','','','','1','10';
2017-11-17 15:39:11 EXEC SPC_COM_GET_COMBOBOX 'possible_div';
2017-11-17 15:39:12 EXEC SPC_057_LIBRARY_MASTER_SEARCH_FND1 '','','','','','1','10';
2017-11-17 15:40:55 EXEC SPC_COM_GET_COMBOBOX 'possible_div';
2017-11-17 15:41:01 EXEC SPC_057_LIBRARY_MASTER_SEARCH_FND1 'fffffffffff','ffffffffffff','','','','1','10';
2017-11-17 15:41:51 EXEC SPC_COM_GET_COMBOBOX 'possible_div';
2017-11-17 15:41:54 EXEC SPC_057_LIBRARY_MASTER_SEARCH_FND1 'fffff','ffffffffffffffff','','','','1','10';
2017-11-17 15:42:07 EXEC SPC_057_LIBRARY_MASTER_SEARCH_FND1 'fffff','ffffffffffffffff','','','','1','10';
2017-11-17 15:44:00 EXEC SPC_COM_GET_COMBOBOX 'possible_div';
2017-11-17 15:44:03 EXEC SPC_057_LIBRARY_MASTER_SEARCH_FND1 'aaaaaaaaaaaaa','','','','','1','10';
2017-11-17 15:44:28 EXEC SPC_COM_GET_COMBOBOX 'possible_div';
2017-11-17 15:44:32 EXEC SPC_057_LIBRARY_MASTER_SEARCH_FND1 'ddddđ','daaaaaaaaaaa','','','','1','10';
2017-11-17 15:44:41 EXEC SPC_057_LIBRARY_MASTER_SEARCH_FND1 'ddddđ','daaaaaaaaaaa','','','','1','10';
2017-11-17 15:44:50 EXEC SPC_COM_GET_COMBOBOX 'possible_div';
2017-11-17 15:44:52 EXEC SPC_057_LIBRARY_MASTER_SEARCH_FND1 'hhhhhhhhhh','hhhhhhhhhhhhh','','','','1','10';
2017-11-17 15:44:58 EXEC SPC_COM_GET_COMBOBOX 'possible_div';
2017-11-17 15:45:17 EXEC SPC_COM_GET_COMBOBOX 'possible_div';
2017-11-17 15:45:27 EXEC SPC_COM_GET_COMBOBOX 'possible_div';
2017-11-17 15:45:39 EXEC SPC_057_LIBRARY_MASTER_SEARCH_FND1 '','','','','','1','10';
2017-11-17 15:45:43 EXEC SPC_057_LIBRARY_MASTER_SEARCH_FND1 'hhhhhh','hhhhhhhhhhh','','','','1','10';
2017-11-17 15:45:50 EXEC SPC_COM_GET_COMBOBOX 'possible_div';
2017-11-17 15:46:15 EXEC SPC_COM_GET_COMBOBOX 'possible_div';
2017-11-17 15:46:35 EXEC SPC_COM_GET_COMBOBOX 'possible_div';
2017-11-17 15:47:21 EXEC SPC_COM_GET_COMBOBOX 'possible_div';
2017-11-17 15:47:34 EXEC SPC_COM_GET_COMBOBOX 'possible_div';
2017-11-17 15:47:57 EXEC SPC_COM_GET_COMBOBOX 'possible_div';
2017-11-17 15:49:13 EXEC SPC_COM_GET_COMBOBOX 'possible_div';
2017-11-17 15:49:19 EXEC SPC_057_LIBRARY_MASTER_SEARCH_FND1 'fff','ffffffffffffff','','','','1','10';
2017-11-17 15:49:27 EXEC SPC_COM_GET_COMBOBOX 'possible_div';
2017-11-17 15:50:30 EXEC SPC_COM_GET_COMBOBOX 'possible_div';
2017-11-17 15:51:15 EXEC SPC_COM_GET_COMBOBOX 'possible_div';
2017-11-17 15:51:35 EXEC SPC_COM_GET_COMBOBOX 'possible_div';
2017-11-17 15:51:40 EXEC SPC_COM_GET_COMBOBOX 'possible_div';
2017-11-17 15:51:48 EXEC SPC_COM_GET_COMBOBOX 'possible_div';
2017-11-17 15:52:06 EXEC SPC_COM_GET_COMBOBOX 'possible_div';
2017-11-17 15:52:59 EXEC SPC_057_LIBRARY_MASTER_SEARCH_FND1 'aaaa','bbbb','cccc','dddd','','1','10';
2017-11-17 15:53:03 EXEC SPC_COM_GET_COMBOBOX 'possible_div';
2017-11-17 15:53:42 EXEC SPC_COM_GET_COMBOBOX 'possible_div';
2017-11-17 15:53:45 EXEC SPC_057_LIBRARY_MASTER_SEARCH_FND1 'aaaa','bbbb','cccc','dddd','','1','10';
2017-11-17 15:53:51 EXEC SPC_057_LIBRARY_MASTER_SEARCH_FND1 'aaaacccc','bbbbffffff','ccccggkkkk','ddddgggggggg','','1','10';
2017-11-17 15:53:53 EXEC SPC_COM_GET_COMBOBOX 'possible_div';
2017-11-17 15:56:22 EXEC SPC_COM_GET_COMBOBOX 'possible_div';
2017-11-17 15:56:28 EXEC SPC_057_LIBRARY_MASTER_SEARCH_FND1 '','','','','','1','10';
2017-11-17 15:56:33 EXEC SPC_056_LIBRARY_MASTER_INQ1 'bank_div';
2017-11-17 15:56:36 EXEC SPC_COM_GET_COMBOBOX 'possible_div';
2017-11-17 15:56:38 EXEC SPC_057_LIBRARY_MASTER_SEARCH_FND1 '','','','','','1','10';
2017-11-17 15:56:48 EXEC SPC_057_LIBRARY_MASTER_SEARCH_FND1 '','','','シス','','1','10';
2017-11-17 15:56:54 EXEC SPC_056_LIBRARY_MASTER_INQ1 'auth_role_div';
2017-11-17 15:56:57 EXEC SPC_COM_GET_COMBOBOX 'possible_div';
2017-11-17 16:00:03 EXEC SPC_057_LIBRARY_MASTER_SEARCH_FND1 '','','','シ','','1','10';
2017-11-17 16:00:08 EXEC SPC_056_LIBRARY_MASTER_INQ1 'position_div';
2017-11-17 16:00:10 EXEC SPC_COM_GET_COMBOBOX 'possible_div';
2017-11-17 16:02:05 EXEC SPC_COM_GET_COMBOBOX 'possible_div';
2017-11-17 16:02:10 EXEC SPC_057_LIBRARY_MASTER_SEARCH_FND1 '','','','シ','1','1','10';
2017-11-17 16:02:13 EXEC SPC_056_LIBRARY_MASTER_INQ1 'auth_role_div';
2017-11-17 16:02:15 EXEC SPC_COM_GET_COMBOBOX 'possible_div';
2017-11-17 16:03:58 EXEC SPC_COM_GET_COMBOBOX 'possible_div';
2017-11-17 16:05:00 EXEC SPC_COM_GET_COMBOBOX 'possible_div';
2017-11-17 16:05:27 EXEC SPC_COM_GET_COMBOBOX 'possible_div';
2017-11-17 16:05:56 EXEC SPC_COM_GET_COMBOBOX 'possible_div';
2017-11-17 16:06:45 EXEC SPC_COM_GET_COMBOBOX 'possible_div';
2017-11-17 16:06:50 EXEC SPC_057_LIBRARY_MASTER_SEARCH_FND1 'fffff','ggggg','','','1','1','10';
2017-11-17 16:06:58 EXEC SPC_COM_GET_COMBOBOX 'possible_div';
2017-11-17 16:07:15 EXEC SPC_COM_GET_COMBOBOX 'possible_div';
2017-11-17 16:08:16 EXEC SPC_COM_GET_COMBOBOX 'possible_div';
2017-11-17 16:08:36 EXEC SPC_COM_GET_COMBOBOX 'possible_div';
2017-11-17 16:08:42 EXEC SPC_COM_GET_COMBOBOX 'possible_div';
2017-11-17 16:09:31 EXEC SPC_COM_GET_COMBOBOX 'possible_div';
2017-11-17 16:09:38 EXEC SPC_057_LIBRARY_MASTER_SEARCH_FND1 'fffff','ggggg','','','1','1','10';
2017-11-17 16:09:41 EXEC SPC_COM_GET_COMBOBOX 'possible_div';
2017-11-17 16:10:16 EXEC SPC_COM_GET_COMBOBOX 'possible_div';
2017-11-17 16:10:29 EXEC SPC_057_LIBRARY_MASTER_SEARCH_FND1 'fffff','ggggg','','','1','1','10';
2017-11-17 16:10:33 EXEC SPC_COM_GET_COMBOBOX 'possible_div';
2017-11-17 16:11:25 EXEC SPC_COM_GET_COMBOBOX 'possible_div';
2017-11-17 16:11:32 EXEC SPC_COM_GET_COMBOBOX 'possible_div';
2017-11-17 16:12:05 EXEC SPC_COM_GET_COMBOBOX 'possible_div';
2017-11-17 16:12:15 EXEC SPC_COM_GET_COMBOBOX 'possible_div';
2017-11-17 16:12:37 EXEC SPC_COM_GET_COMBOBOX 'possible_div';
2017-11-17 16:13:58 EXEC SPC_COM_GET_COMBOBOX 'possible_div';
2017-11-17 16:14:13 EXEC SPC_COM_GET_COMBOBOX 'possible_div';
2017-11-17 16:14:18 EXEC SPC_COM_GET_COMBOBOX 'possible_div';
2017-11-17 16:14:24 EXEC SPC_057_LIBRARY_MASTER_SEARCH_FND1 'fffff','ggggg','','','1','1','10';
2017-11-17 16:14:29 EXEC SPC_057_LIBRARY_MASTER_SEARCH_FND1 'fffff','ggggg','','','1','1','10';
2017-11-17 16:14:34 EXEC SPC_COM_GET_COMBOBOX 'possible_div';
2017-11-17 16:15:09 EXEC SPC_COM_GET_COMBOBOX 'possible_div';
2017-11-17 16:16:19 EXEC SPC_COM_GET_COMBOBOX 'possible_div';
2017-11-17 16:16:37 EXEC SPC_COM_GET_COMBOBOX 'possible_div';
2017-11-17 16:19:45 EXEC SPC_COM_GET_COMBOBOX 'possible_div';
2017-11-17 16:20:00 EXEC SPC_COM_GET_COMBOBOX 'possible_div';
2017-11-17 16:23:34 EXEC SPC_COM_GET_COMBOBOX 'possible_div';
2017-11-17 16:23:45 EXEC SPC_COM_GET_COMBOBOX 'possible_div';
2017-11-17 16:24:45 EXEC SPC_COM_GET_COMBOBOX 'possible_div';
2017-11-17 16:27:48 EXEC SPC_COM_GET_COMBOBOX 'possible_div';
2017-11-17 16:27:54 EXEC SPC_057_LIBRARY_MASTER_SEARCH_FND1 'hhhhh','hhhhh','','','1','1','10';
2017-11-17 16:27:57 EXEC SPC_COM_GET_COMBOBOX 'possible_div';
2017-11-17 16:28:00 EXEC SPC_057_LIBRARY_MASTER_SEARCH_FND1 'hhhhh','hhhhh','','','0','1','10';
2017-11-17 16:28:02 EXEC SPC_COM_GET_COMBOBOX 'possible_div';
2017-11-17 16:28:05 EXEC SPC_057_LIBRARY_MASTER_SEARCH_FND1 'hhhhh','hhhhh','','','0','1','10';
2017-11-17 16:28:18 EXEC SPC_COM_GET_COMBOBOX 'possible_div';
2017-11-17 16:29:09 EXEC SPC_COM_GET_COMBOBOX 'possible_div';
2017-11-17 16:31:06 EXEC SPC_COM_GET_COMBOBOX 'possible_div';
2017-11-17 16:31:45 EXEC SPC_COM_GET_COMBOBOX 'possible_div';
2017-11-17 16:31:48 EXEC SPC_057_LIBRARY_MASTER_SEARCH_FND1 '','','','','1','1','10';
2017-11-17 16:31:51 EXEC SPC_COM_GET_COMBOBOX 'possible_div';
2017-11-17 16:32:12 EXEC SPC_COM_GET_COMBOBOX 'possible_div';
2017-11-17 16:32:21 EXEC SPC_057_LIBRARY_MASTER_SEARCH_FND1 '','','','','0','1','10';
2017-11-17 16:32:25 EXEC SPC_COM_GET_COMBOBOX 'possible_div';
2017-11-17 16:32:31 EXEC SPC_057_LIBRARY_MASTER_SEARCH_FND1 'ssss','dđ','cccc','bbbb','0','1','10';
2017-11-17 16:32:34 EXEC SPC_COM_GET_COMBOBOX 'possible_div';
2017-11-17 16:32:41 EXEC SPC_057_LIBRARY_MASTER_SEARCH_FND1 '','','','','0','1','10';
2017-11-17 16:32:44 EXEC SPC_056_LIBRARY_MASTER_INQ1 'belong_div';
2017-11-17 16:32:47 EXEC SPC_COM_GET_COMBOBOX 'possible_div';
2017-11-17 16:32:50 EXEC SPC_057_LIBRARY_MASTER_SEARCH_FND1 '','','','','1','1','10';
2017-11-17 16:32:55 EXEC SPC_057_LIBRARY_MASTER_SEARCH_FND1 '','','','三','1','1','10';
2017-11-17 16:32:59 EXEC SPC_056_LIBRARY_MASTER_INQ1 'bank_div';
2017-11-17 16:33:01 EXEC SPC_COM_GET_COMBOBOX 'possible_div';
2017-11-17 16:33:03 EXEC SPC_057_LIBRARY_MASTER_SEARCH_FND1 '','','','三','0','1','10';
2017-11-17 16:33:07 EXEC SPC_057_LIBRARY_MASTER_SEARCH_FND1 '','','','三','1','1','10';
2017-11-17 16:33:11 EXEC SPC_056_LIBRARY_MASTER_INQ1 'bank_div';
2017-11-17 16:33:15 EXEC SPC_COM_GET_COMBOBOX 'possible_div';
2017-11-17 16:33:18 EXEC SPC_057_LIBRARY_MASTER_SEARCH_FND1 '','','','三','','1','10';
2017-11-17 16:33:22 EXEC SPC_056_LIBRARY_MASTER_INQ1 'bank_div';
2017-11-17 16:33:24 EXEC SPC_COM_GET_COMBOBOX 'possible_div';
2017-11-17 16:34:21 EXEC SPC_COM_GET_COMBOBOX 'possible_div';
2017-11-17 16:34:39 EXEC SPC_COM_GET_COMBOBOX 'possible_div';
2017-11-17 16:34:55 EXEC SPC_COM_GET_COMBOBOX 'possible_div';
2017-11-17 16:35:28 EXEC SPC_COM_GET_COMBOBOX 'possible_div';
2017-11-17 16:35:32 EXEC SPC_057_LIBRARY_MASTER_SEARCH_FND1 '','','','三','1','1','10';
2017-11-17 16:35:35 EXEC SPC_056_LIBRARY_MASTER_INQ1 'bank_div';
2017-11-17 16:35:37 EXEC SPC_COM_GET_COMBOBOX 'possible_div';
2017-11-17 16:35:43 EXEC SPC_057_LIBRARY_MASTER_SEARCH_FND1 '','','','三','','1','10';
2017-11-17 16:35:46 EXEC SPC_056_LIBRARY_MASTER_INQ1 'forwarder_div';
2017-11-17 16:35:49 EXEC SPC_COM_GET_COMBOBOX 'possible_div';
2017-11-17 16:39:38 EXEC SPC_057_LIBRARY_MASTER_SEARCH_FND1 '','','','三','','1','10';
2017-11-17 16:41:59 EXEC SPC_077_USER_MASTER_SEARCH_FND1 'snvf','','','1','10';
2017-11-17 16:42:15 EXEC SPC_077_USER_MASTER_SEARCH_FND1 '','','','1','10';
2017-11-17 16:42:25 EXEC SPC_077_USER_MASTER_SEARCH_FND1 '','ユー','','1','10';
2017-11-17 16:42:28 EXEC SPC_COM_GET_COMBOBOX 'auth_role_div';
2017-11-17 16:42:29 EXEC SPC_COM_GET_COMBOBOX 'incumbent_div';
2017-11-17 16:42:29 EXEC SPC_COM_GET_COMBOBOX 'belong_div';
2017-11-17 16:42:29 EXEC SPC_COM_GET_COMBOBOX 'position_div';
2017-11-17 16:42:29 EXEC SPC_076_USER_MASTER_DETAIL_INQ1 '001';
2017-11-17 16:43:59 EXEC SPC_077_USER_MASTER_SEARCH_FND1 '','','','1','10';
2017-11-17 16:44:08 EXEC SPC_077_USER_MASTER_SEARCH_FND1 '','ユー','','1','10';
2017-11-17 16:44:10 EXEC SPC_077_USER_MASTER_SEARCH_FND1 '','ユー','','1','10';
2017-11-17 16:44:13 EXEC SPC_COM_GET_COMBOBOX 'auth_role_div';
2017-11-17 16:44:13 EXEC SPC_COM_GET_COMBOBOX 'position_div';
2017-11-17 16:44:13 EXEC SPC_COM_GET_COMBOBOX 'belong_div';
2017-11-17 16:44:13 EXEC SPC_COM_GET_COMBOBOX 'incumbent_div';
2017-11-17 16:44:13 EXEC SPC_076_USER_MASTER_DETAIL_INQ1 '110';
2017-11-17 16:44:31 EXEC SPC_COM_GET_COMBOBOX 'possible_div';
2017-11-17 16:44:35 EXEC SPC_057_LIBRARY_MASTER_SEARCH_FND1 '','','','','','1','10';
2017-11-17 16:44:37 EXEC SPC_057_LIBRARY_MASTER_SEARCH_FND1 '','','','','0','1','10';
2017-11-17 16:44:42 EXEC SPC_056_LIBRARY_MASTER_INQ1 'belong_div';
2017-11-17 16:44:44 EXEC SPC_COM_GET_COMBOBOX 'possible_div';
2017-11-17 16:44:56 EXEC SPC_COM_GET_COMBOBOX 'possible_div';
2017-11-17 16:47:18 EXEC SPC_COM_GET_COMBOBOX 'possible_div';
2017-11-17 16:47:21 EXEC SPC_057_LIBRARY_MASTER_SEARCH_FND1 '','','','','0','1','10';
2017-11-17 16:47:27 EXEC SPC_056_LIBRARY_MASTER_INQ1 'belong_div';
2017-11-17 16:47:29 EXEC SPC_COM_GET_COMBOBOX 'possible_div';
2017-11-17 16:48:49 EXEC SPC_COM_GET_COMBOBOX 'possible_div';
2017-11-17 16:51:06 EXEC SPC_057_LIBRARY_MASTER_SEARCH_FND1 '','','','','0','1','10';
2017-11-17 16:54:29 EXEC SPC_077_USER_MASTER_SEARCH_FND1 '','','','1','10';
2017-11-17 16:54:36 EXEC SPC_057_LIBRARY_MASTER_SEARCH_FND1 '','','','','0','1','10';
2017-11-17 16:54:44 EXEC SPC_057_LIBRARY_MASTER_SEARCH_FND1 '金','','','','0','1','10';
2017-11-17 16:54:48 EXEC SPC_COM_GET_COMBOBOX 'possible_div';
2017-11-17 17:01:11 EXEC SPC_COM_GET_COMBOBOX 'possible_div';
2017-11-17 17:05:04 EXEC SPC_COM_GET_COMBOBOX 'possible_div';
2017-11-17 17:05:30 EXEC SPC_COM_GET_COMBOBOX 'possible_div';
2017-11-17 17:05:33 EXEC SPC_057_LIBRARY_MASTER_SEARCH_FND1 '金','','','','0','1','10';
2017-11-17 17:05:43 EXEC SPC_COM_GET_COMBOBOX 'possible_div';
2017-11-17 17:06:27 EXEC SPC_COM_GET_COMBOBOX 'possible_div';
2017-11-17 17:06:33 EXEC SPC_057_LIBRARY_MASTER_SEARCH_FND1 '','','','','','1','10';
2017-11-17 17:06:38 EXEC SPC_057_LIBRARY_MASTER_SEARCH_FND1 '','','','シ','','1','10';
2017-11-17 17:06:40 EXEC SPC_056_LIBRARY_MASTER_INQ1 'position_div';
2017-11-17 17:06:43 EXEC SPC_COM_GET_COMBOBOX 'possible_div';
2017-11-17 17:06:45 EXEC SPC_COM_GET_COMBOBOX 'possible_div';
2017-11-17 17:12:06 EXEC SPC_057_LIBRARY_MASTER_SEARCH_FND1 '','','','','','1','10';
2017-11-17 17:12:17 EXEC SPC_057_LIBRARY_MASTER_SEARCH_FND1 '','','','一','','1','10';
2017-11-17 17:12:20 EXEC SPC_056_LIBRARY_MASTER_INQ1 'parts_order_div';
2017-11-17 17:12:23 EXEC SPC_COM_GET_COMBOBOX 'possible_div';
2017-11-17 17:12:25 EXEC SPC_COM_GET_COMBOBOX 'possible_div';
2017-11-17 17:12:32 EXEC SPC_057_LIBRARY_MASTER_SEARCH_FND1 '','','','','1','1','10';
2017-11-17 17:12:38 EXEC SPC_COM_GET_COMBOBOX 'possible_div';
2017-11-17 17:12:40 EXEC SPC_057_LIBRARY_MASTER_SEARCH_FND1 '','','','','','1','10';
2017-11-17 17:12:46 EXEC SPC_057_LIBRARY_MASTER_SEARCH_FND1 '','','','パ','','1','10';
2017-11-17 17:12:48 EXEC SPC_COM_GET_COMBOBOX 'possible_div';
2017-11-17 17:13:18 EXEC SPC_057_LIBRARY_MASTER_SEARCH_FND1 '','','','パ','','1','10';
2017-11-17 17:13:22 EXEC SPC_056_LIBRARY_MASTER_INQ1 'forwarder_div';
2017-11-17 17:13:24 EXEC SPC_COM_GET_COMBOBOX 'possible_div';
2017-11-17 17:13:45 EXEC SPC_COM_GET_COMBOBOX 'possible_div';
2017-11-17 17:13:48 EXEC SPC_057_LIBRARY_MASTER_SEARCH_FND1 '','','','','','1','10';
2017-11-17 17:13:52 EXEC SPC_057_LIBRARY_MASTER_SEARCH_FND1 '','','','一','','1','10';
2017-11-17 17:13:56 EXEC SPC_056_LIBRARY_MASTER_INQ1 'purchase_status';
2017-11-17 17:13:58 EXEC SPC_COM_GET_COMBOBOX 'possible_div';
2017-11-17 17:14:01 EXEC SPC_COM_GET_COMBOBOX 'possible_div';
2017-11-17 17:14:24 EXEC SPC_COM_GET_COMBOBOX 'possible_div';
2017-11-17 17:14:28 EXEC SPC_057_LIBRARY_MASTER_SEARCH_FND1 '','','','','','1','10';
2017-11-17 17:14:31 EXEC SPC_057_LIBRARY_MASTER_SEARCH_FND1 '','','','','1','1','10';
2017-11-17 17:14:33 EXEC SPC_COM_GET_COMBOBOX 'possible_div';
2017-11-17 17:14:35 EXEC SPC_057_LIBRARY_MASTER_SEARCH_FND1 '','','','','0','1','10';
2017-11-17 17:14:39 EXEC SPC_056_LIBRARY_MASTER_INQ1 'belong_div';
2017-11-17 17:14:41 EXEC SPC_COM_GET_COMBOBOX 'possible_div';
2017-11-17 17:18:14 EXEC SPC_COM_GET_COMBOBOX 'possible_div';
2017-11-17 17:18:17 EXEC SPC_057_LIBRARY_MASTER_SEARCH_FND1 '','','','','0','1','10';
2017-11-17 17:18:19 EXEC SPC_COM_GET_COMBOBOX 'possible_div';
2017-11-17 17:18:21 EXEC SPC_057_LIBRARY_MASTER_SEARCH_FND1 '','','','','0','1','10';
2017-11-17 17:18:24 EXEC SPC_056_LIBRARY_MASTER_INQ1 'allocation_div';
2017-11-17 17:18:26 EXEC SPC_COM_GET_COMBOBOX 'possible_div';
2017-11-17 17:18:29 EXEC SPC_057_LIBRARY_MASTER_SEARCH_FND1 '','','','','0','1','10';
2017-11-17 17:18:34 EXEC SPC_057_LIBRARY_MASTER_SEARCH_FND1 '','','','パ','0','1','10';
2017-11-17 17:18:37 EXEC SPC_COM_GET_COMBOBOX 'possible_div';
2017-11-17 17:18:40 EXEC SPC_057_LIBRARY_MASTER_SEARCH_FND1 '','','','パ','0','1','10';
2017-11-17 17:18:43 EXEC SPC_056_LIBRARY_MASTER_INQ1 'allocation_div';
2017-11-17 17:18:45 EXEC SPC_COM_GET_COMBOBOX 'possible_div';
2017-11-17 17:18:48 EXEC SPC_COM_GET_COMBOBOX 'possible_div';
2017-11-17 17:19:45 EXEC SPC_COM_GET_COMBOBOX 'possible_div';
2017-11-17 17:19:47 EXEC SPC_057_LIBRARY_MASTER_SEARCH_FND1 '','','','パ','1','10';
2017-11-17 17:19:49 EXEC SPC_COM_GET_COMBOBOX 'possible_div';
2017-11-17 17:19:52 EXEC SPC_057_LIBRARY_MASTER_SEARCH_FND1 '','','','パ','1','10';
2017-11-17 17:19:58 EXEC SPC_056_LIBRARY_MASTER_INQ1 'forwarder_div';
2017-11-17 17:20:01 EXEC SPC_COM_GET_COMBOBOX 'possible_div';
2017-11-17 17:20:03 EXEC SPC_057_LIBRARY_MASTER_SEARCH_FND1 '','','','パ','1','10';
2017-11-17 17:20:11 EXEC SPC_COM_GET_COMBOBOX 'possible_div';
2017-11-17 17:20:13 EXEC SPC_057_LIBRARY_MASTER_SEARCH_FND1 '','','','','1','10';
2017-11-17 17:20:15 EXEC SPC_057_LIBRARY_MASTER_SEARCH_FND1 '','','','','1','50';
2017-11-17 17:20:22 EXEC SPC_COM_GET_COMBOBOX 'possible_div';
2017-11-17 17:20:32 EXEC SPC_COM_GET_COMBOBOX 'possible_div';
2017-11-17 17:20:35 EXEC SPC_COM_GET_COMBOBOX 'possible_div';
2017-11-17 17:20:45 EXEC SPC_057_LIBRARY_MASTER_SEARCH_FND1 '','','','','1','10';
2017-11-17 17:20:50 EXEC SPC_057_LIBRARY_MASTER_SEARCH_FND1 '','','','前','1','50';
2017-11-17 17:20:55 EXEC SPC_056_LIBRARY_MASTER_INQ1 'payment_conditions_div';
2017-11-17 17:21:08 EXEC SPC_057_LIBRARY_MASTER_SEARCH_FND1 '','','','','1','10';
2017-11-17 17:21:11 EXEC SPC_057_LIBRARY_MASTER_SEARCH_FND1 '','','','前','1','50';
2017-11-17 17:21:23 EXEC SPC_056_LIBRARY_MASTER_INQ1 'payment_conditions_div';
2017-11-17 17:21:39 EXEC SPC_057_LIBRARY_MASTER_SEARCH_FND1 '','','','','1','10';
2017-11-17 17:21:42 EXEC SPC_057_LIBRARY_MASTER_SEARCH_FND1 '','','','前','1','50';
2017-11-17 17:21:45 EXEC SPC_056_LIBRARY_MASTER_INQ1 'payment_conditions_div';
2017-11-17 17:21:50 EXEC SPC_057_LIBRARY_MASTER_SEARCH_FND1 '','','','前','1','10';
2017-11-17 17:21:54 EXEC SPC_056_LIBRARY_MASTER_INQ1 'payment_conditions_div';
2017-11-17 17:21:57 EXEC SPC_057_LIBRARY_MASTER_SEARCH_FND1 '','','','前','1','10';
2017-11-17 17:22:07 EXEC SPC_057_LIBRARY_MASTER_SEARCH_FND1 'payment','','','前','1','50';
2017-11-17 17:22:09 EXEC SPC_056_LIBRARY_MASTER_INQ1 'payment_conditions_div';
2017-11-17 17:22:30 EXEC SPC_COM_GET_COMBOBOX 'possible_div';
2017-11-17 17:22:47 EXEC SPC_057_LIBRARY_MASTER_SEARCH_FND1 '','','','','1','10';
2017-11-17 17:22:55 EXEC SPC_057_LIBRARY_MASTER_SEARCH_FND1 'payment','','','前','1','50';
2017-11-17 17:22:58 EXEC SPC_056_LIBRARY_MASTER_INQ1 'payment_conditions_div';
2017-11-17 17:23:06 EXEC SPC_057_LIBRARY_MASTER_SEARCH_FND1 'payment','','','','1','10';
2017-11-17 17:23:18 EXEC SPC_COM_GET_COMBOBOX 'possible_div';
2017-11-17 17:23:20 EXEC SPC_057_LIBRARY_MASTER_SEARCH_FND1 '','','','','','1','10';
2017-11-17 17:23:23 EXEC SPC_057_LIBRARY_MASTER_SEARCH_FND1 'payment','','','','','1','10';
2017-11-17 17:23:27 EXEC SPC_COM_GET_COMBOBOX 'possible_div';
2017-11-17 17:23:31 EXEC SPC_057_LIBRARY_MASTER_SEARCH_FND1 'payment','','','','0','1','10';
2017-11-17 17:23:33 EXEC SPC_056_LIBRARY_MASTER_INQ1 'payment_nums_div';
2017-11-17 17:23:36 EXEC SPC_COM_GET_COMBOBOX 'possible_div';
2017-11-17 17:23:42 EXEC SPC_057_LIBRARY_MASTER_SEARCH_FND1 'payment','','','','0','1','10';
2017-11-17 17:24:00 EXEC SPC_057_LIBRARY_MASTER_SEARCH_FND1 'payment','','','','0','1','10';
2017-11-17 17:24:04 EXEC SPC_056_LIBRARY_MASTER_INQ1 'payment_nums_div';
2017-11-17 17:24:21 EXEC SPC_COM_GET_COMBOBOX 'possible_div';
2017-11-17 17:24:34 EXEC SPC_057_LIBRARY_MASTER_SEARCH_FND1 'payment','','','','','1','10';
2017-11-17 17:24:37 EXEC SPC_057_LIBRARY_MASTER_SEARCH_FND1 'payment','','','','1','1','10';
2017-11-17 17:24:41 EXEC SPC_056_LIBRARY_MASTER_INQ1 'payment_conditions_div';
2017-11-17 17:24:49 EXEC SPC_COM_GET_COMBOBOX 'possible_div';
2017-11-17 17:25:04 EXEC SPC_057_LIBRARY_MASTER_SEARCH_FND1 'payment','','','','1','1','10';
2017-11-17 17:25:08 EXEC SPC_056_LIBRARY_MASTER_INQ1 'payment_conditions_div';
2017-11-17 17:25:11 EXEC SPC_COM_GET_COMBOBOX 'possible_div';
2017-11-17 17:26:02 EXEC SPC_057_LIBRARY_MASTER_SEARCH_FND1 'payment','','','','1','1','10';
2017-11-17 17:26:06 EXEC SPC_056_LIBRARY_MASTER_INQ1 'payment_conditions_div';
2017-11-17 17:26:09 EXEC SPC_COM_GET_COMBOBOX 'possible_div';
2017-11-17 17:26:23 EXEC SPC_COM_GET_COMBOBOX 'possible_div';
2017-11-17 17:26:25 EXEC SPC_057_LIBRARY_MASTER_SEARCH_FND1 '','','','','','1','10';
2017-11-17 17:27:07 EXEC SPC_COM_GET_COMBOBOX 'possible_div';
2017-11-17 17:27:19 EXEC SPC_COM_GET_COMBOBOX 'possible_div';
2017-11-17 17:27:23 EXEC SPC_COM_GET_COMBOBOX 'possible_div';
2017-11-17 17:27:40 EXEC SPC_COM_GET_COMBOBOX 'possible_div';
2017-11-17 17:27:44 EXEC SPC_COM_GET_COMBOBOX 'possible_div';
2017-11-17 17:27:55 EXEC SPC_COM_GET_COMBOBOX 'possible_div';
2017-11-17 17:27:59 EXEC SPC_057_LIBRARY_MASTER_SEARCH_FND1 '','','','','1','1','10';
2017-11-17 17:28:04 EXEC SPC_057_LIBRARY_MASTER_SEARCH_FND1 '','','','一','1','1','10';
2017-11-17 17:28:07 EXEC SPC_056_LIBRARY_MASTER_INQ1 'auth_role_div';
2017-11-17 17:28:08 EXEC SPC_COM_GET_COMBOBOX 'possible_div';
2017-11-17 17:28:15 EXEC SPC_COM_GET_COMBOBOX 'possible_div';
2017-11-17 17:28:32 EXEC SPC_057_LIBRARY_MASTER_SEARCH_FND1 '','','','','1','1','10';
2017-11-17 17:28:34 EXEC SPC_COM_GET_COMBOBOX 'possible_div';
2017-11-17 17:28:41 EXEC SPC_057_LIBRARY_MASTER_SEARCH_FND1 '','','','一','','1','10';
2017-11-17 17:28:43 EXEC SPC_COM_GET_COMBOBOX 'possible_div';
2017-11-17 17:28:45 EXEC SPC_057_LIBRARY_MASTER_SEARCH_FND1 '','','','','0','1','10';
2017-11-17 17:28:47 EXEC SPC_COM_GET_COMBOBOX 'possible_div';
2017-11-17 17:28:49 EXEC SPC_057_LIBRARY_MASTER_SEARCH_FND1 '','','','','0','1','10';
2017-11-17 17:28:52 EXEC SPC_056_LIBRARY_MASTER_INQ1 'belong_div';
2017-11-17 17:28:53 EXEC SPC_COM_GET_COMBOBOX 'possible_div';
2017-11-17 17:29:11 EXEC SPC_057_LIBRARY_MASTER_SEARCH_FND1 '','','','一','1','10';
2017-11-17 17:29:14 EXEC SPC_057_LIBRARY_MASTER_SEARCH_FND1 '','','','一','1','10';
2017-11-17 17:29:17 EXEC SPC_056_LIBRARY_MASTER_INQ1 'auth_role_div';
2017-11-17 17:29:20 EXEC SPC_057_LIBRARY_MASTER_SEARCH_FND1 '','','','一','1','10';
2017-11-17 17:29:24 EXEC SPC_057_LIBRARY_MASTER_SEARCH_FND1 '','','','一','1','10';
2017-11-17 17:29:26 EXEC SPC_056_LIBRARY_MASTER_INQ1 'auth_role_div';
2017-11-17 17:29:32 EXEC SPC_057_LIBRARY_MASTER_SEARCH_FND1 '','','','一','1','10';
2017-11-17 17:29:40 EXEC SPC_057_LIBRARY_MASTER_SEARCH_FND1 'auth','','','一','1','50';
2017-11-17 17:29:43 EXEC SPC_056_LIBRARY_MASTER_INQ1 'auth_role_div';
2017-11-17 17:29:51 EXEC SPC_057_LIBRARY_MASTER_SEARCH_FND1 'auth','','','','1','10';
2017-11-17 17:30:45 EXEC SPC_COM_GET_COMBOBOX 'possible_div';
2017-11-17 17:30:47 EXEC SPC_057_LIBRARY_MASTER_SEARCH_FND1 '','','','','0','1','10';
2017-11-17 17:30:49 EXEC SPC_COM_GET_COMBOBOX 'possible_div';
2017-11-17 17:30:52 EXEC SPC_057_LIBRARY_MASTER_SEARCH_FND1 '','','','','1','1','10';
2017-11-17 17:30:54 EXEC SPC_057_LIBRARY_MASTER_SEARCH_FND1 '','','','','0','1','10';
2017-11-17 17:30:57 EXEC SPC_057_LIBRARY_MASTER_SEARCH_FND1 '','','','','1','1','10';
2017-11-17 17:30:59 EXEC SPC_057_LIBRARY_MASTER_SEARCH_FND1 '','','','','0','1','10';
2017-11-17 17:31:02 EXEC SPC_COM_GET_COMBOBOX 'possible_div';
2017-11-17 17:31:05 EXEC SPC_057_LIBRARY_MASTER_SEARCH_FND1 '','','','','1','1','10';
2017-11-17 17:31:09 EXEC SPC_056_LIBRARY_MASTER_INQ1 'bank_div';
2017-11-17 17:31:10 EXEC SPC_COM_GET_COMBOBOX 'possible_div';
2017-11-17 17:32:06 EXEC SPC_077_USER_MASTER_SEARCH_FND1 '','','','1','10';
2017-11-17 17:32:10 EXEC SPC_077_USER_MASTER_SEARCH_FND1 'ユー','','','1','10';
2017-11-17 17:32:13 EXEC SPC_COM_GET_COMBOBOX 'incumbent_div';
2017-11-17 17:32:13 EXEC SPC_COM_GET_COMBOBOX 'auth_role_div';
2017-11-17 17:32:14 EXEC SPC_COM_GET_COMBOBOX 'belong_div';
2017-11-17 17:32:14 EXEC SPC_COM_GET_COMBOBOX 'position_div';
2017-11-17 17:32:14 EXEC SPC_076_USER_MASTER_DETAIL_INQ1 '';
2017-11-17 17:32:28 EXEC SPC_077_USER_MASTER_SEARCH_FND1 '','','','1','10';
2017-11-17 17:32:32 EXEC SPC_077_USER_MASTER_SEARCH_FND1 'ユー','','','1','10';
2017-11-17 17:32:35 EXEC SPC_COM_GET_COMBOBOX 'auth_role_div';
2017-11-17 17:32:35 EXEC SPC_COM_GET_COMBOBOX 'belong_div';
2017-11-17 17:32:35 EXEC SPC_COM_GET_COMBOBOX 'incumbent_div';
2017-11-17 17:32:35 EXEC SPC_076_USER_MASTER_DETAIL_INQ1 'ユーザーコード0123';
2017-11-17 17:32:35 EXEC SPC_COM_GET_COMBOBOX 'position_div';
2017-11-17 17:33:04 EXEC SPC_077_USER_MASTER_SEARCH_FND1 '','','','1','10';
2017-11-17 17:33:08 EXEC SPC_077_USER_MASTER_SEARCH_FND1 'ユー','','','1','10';
2017-11-17 17:33:11 EXEC SPC_COM_GET_COMBOBOX 'belong_div';
2017-11-17 17:33:11 EXEC SPC_076_USER_MASTER_DETAIL_INQ1 'ユーザーコード0123';
2017-11-17 17:33:11 EXEC SPC_COM_GET_COMBOBOX 'incumbent_div';
2017-11-17 17:33:11 EXEC SPC_COM_GET_COMBOBOX 'auth_role_div';
2017-11-17 17:33:12 EXEC SPC_COM_GET_COMBOBOX 'position_div';
2017-11-17 17:33:35 EXEC SPC_077_USER_MASTER_SEARCH_FND1 '','','','1','10';
2017-11-17 17:33:41 EXEC SPC_077_USER_MASTER_SEARCH_FND1 '','ユー','','1','10';
2017-11-17 17:33:56 EXEC SPC_077_USER_MASTER_SEARCH_FND1 '','ユー','','1','10';
2017-11-17 17:34:41 EXEC SPC_077_USER_MASTER_SEARCH_FND1 '','','','1','10';
2017-11-17 17:34:45 EXEC SPC_077_USER_MASTER_SEARCH_FND1 '','ユー','','1','10';
2017-11-17 17:34:52 EXEC SPC_COM_GET_COMBOBOX 'incumbent_div';
2017-11-17 17:34:52 EXEC SPC_COM_GET_COMBOBOX 'belong_div';
2017-11-17 17:34:52 EXEC SPC_COM_GET_COMBOBOX 'position_div';
2017-11-17 17:34:52 EXEC SPC_COM_GET_COMBOBOX 'auth_role_div';
2017-11-17 17:34:52 EXEC SPC_076_USER_MASTER_DETAIL_INQ1 '102';
2017-11-17 17:34:57 EXEC SPC_COM_GET_COMBOBOX 'belong_div';
2017-11-17 17:34:57 EXEC SPC_COM_GET_COMBOBOX 'auth_role_div';
2017-11-17 17:34:57 EXEC SPC_COM_GET_COMBOBOX 'position_div';
2017-11-17 17:34:57 EXEC SPC_076_USER_MASTER_DETAIL_INQ1 '';
2017-11-17 17:34:57 EXEC SPC_COM_GET_COMBOBOX 'incumbent_div';
2017-11-17 17:35:07 EXEC SPC_077_USER_MASTER_SEARCH_FND1 '','ユー','','1','10';
2017-11-17 17:35:40 EXEC SPC_COM_GET_COMBOBOX 'possible_div';
2017-11-17 17:35:42 EXEC SPC_COM_GET_COMBOBOX 'possible_div';
2017-11-17 17:38:07 EXEC SPC_COM_GET_COMBOBOX 'possible_div';
2017-11-17 17:38:10 EXEC SPC_057_LIBRARY_MASTER_SEARCH_FND1 '','','','','','1','10';
2017-11-17 17:38:15 EXEC SPC_057_LIBRARY_MASTER_SEARCH_FND1 'allocation','','','','','1','10';
2017-11-17 17:38:18 EXEC SPC_056_LIBRARY_MASTER_INQ1 'allocation_div';
2017-11-17 17:38:20 EXEC SPC_COM_GET_COMBOBOX 'possible_div';
2017-11-17 17:39:30 EXEC SPC_COM_GET_COMBOBOX 'possible_div';
2017-11-17 17:39:31 EXEC SPC_057_LIBRARY_MASTER_SEARCH_FND1 '','','','','','1','10';
2017-11-17 17:39:35 EXEC SPC_057_LIBRARY_MASTER_SEARCH_FND1 '','','','','0','1','10';
2017-11-17 17:39:38 EXEC SPC_056_LIBRARY_MASTER_INQ1 'belong_div';
2017-11-17 17:39:40 EXEC SPC_COM_GET_COMBOBOX 'possible_div';
2017-11-17 17:39:40 EXEC SPC_057_LIBRARY_MASTER_SEARCH_FND1 '','','','','0','1','10';
2017-11-17 17:39:45 EXEC SPC_057_LIBRARY_MASTER_SEARCH_FND1 '','','','','1','1','10';
2017-11-17 17:39:49 EXEC SPC_COM_GET_COMBOBOX 'possible_div';
2017-11-17 17:40:09 EXEC SPC_COM_GET_COMBOBOX 'possible_div';
2017-11-17 17:40:11 EXEC SPC_057_LIBRARY_MASTER_SEARCH_FND1 '','','','','0','1','10';
2017-11-17 17:40:17 EXEC SPC_056_LIBRARY_MASTER_INQ1 'allocation_div';
2017-11-17 17:40:19 EXEC SPC_COM_GET_COMBOBOX 'possible_div';
2017-11-17 17:40:19 EXEC SPC_057_LIBRARY_MASTER_SEARCH_FND1 '','','','','0','1','10';
2017-11-17 17:40:31 EXEC SPC_057_LIBRARY_MASTER_SEARCH_FND1 'allocation','','','','0','1','10';
2017-11-17 17:40:35 EXEC SPC_056_LIBRARY_MASTER_INQ1 'allocation_div';
2017-11-17 17:40:38 EXEC SPC_COM_GET_COMBOBOX 'possible_div';
2017-11-17 17:40:38 EXEC SPC_057_LIBRARY_MASTER_SEARCH_FND1 'allocation','','','','0','1','10';
2017-11-17 17:40:43 EXEC SPC_COM_GET_COMBOBOX 'possible_div';
2017-11-17 17:40:44 EXEC SPC_057_LIBRARY_MASTER_SEARCH_FND1 '','','','','','1','10';
2017-11-17 17:40:47 EXEC SPC_COM_GET_COMBOBOX 'possible_div';
2017-11-17 17:40:50 EXEC SPC_057_LIBRARY_MASTER_SEARCH_FND1 'allocation','','','','','1','10';
2017-11-17 17:40:53 EXEC SPC_056_LIBRARY_MASTER_INQ1 'allocation_div';
2017-11-17 17:40:55 EXEC SPC_COM_GET_COMBOBOX 'possible_div';
2017-11-17 17:40:55 EXEC SPC_057_LIBRARY_MASTER_SEARCH_FND1 'allocation','','','','','1','10';
2017-11-17 17:41:01 EXEC SPC_COM_GET_COMBOBOX 'possible_div';
2017-11-17 17:43:30 EXEC SPC_057_LIBRARY_MASTER_SEARCH_FND1 '','','','','','1','10';
2017-11-17 17:43:35 EXEC SPC_057_LIBRARY_MASTER_SEARCH_FND1 '','','','','1','1','10';
2017-11-17 17:43:41 EXEC SPC_056_LIBRARY_MASTER_INQ1 'bank_div';
2017-11-17 17:43:47 EXEC SPC_COM_GET_COMBOBOX 'possible_div';
2017-11-17 17:43:47 EXEC SPC_057_LIBRARY_MASTER_SEARCH_FND1 '','','','','1','1','10';
2017-11-17 18:05:00 EXEC SPC_057_LIBRARY_MASTER_SEARCH_FND1 ';','','','','1','1','10';
2017-11-17 18:05:03 EXEC SPC_COM_GET_COMBOBOX 'possible_div';
2017-11-17 18:05:06 EXEC SPC_057_LIBRARY_MASTER_SEARCH_FND1 '','','','','0','1','10';
2017-11-17 18:05:09 EXEC SPC_056_LIBRARY_MASTER_INQ1 'allocation_div';
2017-11-17 18:05:10 EXEC SPC_COM_GET_COMBOBOX 'possible_div';
2017-11-17 18:05:11 EXEC SPC_057_LIBRARY_MASTER_SEARCH_FND1 '','','','','0','1','10';
2017-11-17 18:06:13 EXEC SPC_COM_GET_COMBOBOX 'possible_div';
2017-11-17 18:06:15 EXEC SPC_057_LIBRARY_MASTER_SEARCH_FND1 '','','','','1','1','10';
2017-11-17 18:06:19 EXEC SPC_057_LIBRARY_MASTER_SEARCH_FND1 '','','','','1','2','10';
2017-11-17 18:06:22 EXEC SPC_056_LIBRARY_MASTER_INQ1 'city_div';
2017-11-17 18:06:24 EXEC SPC_COM_GET_COMBOBOX 'possible_div';
2017-11-17 18:06:25 EXEC SPC_057_LIBRARY_MASTER_SEARCH_FND1 '','','','','1','1','10';
2017-11-17 18:09:39 EXEC SPC_057_LIBRARY_MASTER_SEARCH_FND1 '','','','','1','1','50';
2017-11-17 18:09:48 EXEC SPC_COM_GET_COMBOBOX 'possible_div';
2017-11-17 18:09:54 EXEC SPC_057_LIBRARY_MASTER_SEARCH_FND1 '','','','','','1','10';
2017-11-17 18:09:59 EXEC SPC_057_LIBRARY_MASTER_SEARCH_FND1 '','','','','','2','10';
2017-11-17 18:10:00 EXEC SPC_057_LIBRARY_MASTER_SEARCH_FND1 '','','','','','3','10';
2017-11-17 18:10:05 EXEC SPC_057_LIBRARY_MASTER_SEARCH_FND1 'belong','','','','','1','10';
2017-11-17 18:10:09 EXEC SPC_057_LIBRARY_MASTER_SEARCH_FND1 'belong','','','','1','1','10';
2017-11-17 18:10:11 EXEC SPC_057_LIBRARY_MASTER_SEARCH_FND1 'belong','','','','0','1','10';
2017-11-17 18:10:14 EXEC SPC_056_LIBRARY_MASTER_INQ1 'belong_div';
2017-11-17 18:10:24 EXEC SPC_056_LIBRARY_MASTER_ACT1 'belong_div','[{"lib_val_cd":"100","lib_val_nm_j":"\u88fd\u9020\u7ba1\u7406\u90e8","lib_val_nm_e":"\u88fd\u9020\u7ba1\u7406\u90e8","lib_val_ab_j":"\u88fd\u9020\u7ba1\u7406\u90e8","lib_val_ab_e":"\u88fd\u9020\u7ba1\u7406\u90e8","lib_val_ctl1":"","lib_val_ctl2":"","lib_val_ctl3":"","lib_val_ctl4":"","lib_val_ctl5":"","lib_val_ctl6":"","lib_val_ctl7":"","lib_val_ctl8":"","lib_val_ctl9":"","lib_val_ctl10":"","ini_target_div":"0"},{"lib_val_cd":"110","lib_val_nm_j":"\u691c\u67fb\u8ab2","lib_val_nm_e":"\u691c\u67fb\u8ab2","lib_val_ab_j":"\u691c\u67fb\u8ab2","lib_val_ab_e":"\u691c\u67fb\u8ab2","lib_val_ctl1":"","lib_val_ctl2":"","lib_val_ctl3":"","lib_val_ctl4":"","lib_val_ctl5":"","lib_val_ctl6":"","lib_val_ctl7":"","lib_val_ctl8":"","lib_val_ctl9":"","lib_val_ctl10":"","ini_target_div":"0"},{"lib_val_cd":"120","lib_val_nm_j":"\u8a66\u85ac\u7ba1\u7406\u8ab2","lib_val_nm_e":"\u8a66\u85ac\u7ba1\u7406\u8ab2","lib_val_ab_j":"\u8a66\u85ac\u7ba1\u7406\u8ab2","lib_val_ab_e":"\u8a66\u85ac\u7ba1\u7406\u8ab2","lib_val_ctl1":"","lib_val_ctl2":"","lib_val_ctl3":"","lib_val_ctl4":"","lib_val_ctl5":"","lib_val_ctl6":"","lib_val_ctl7":"","lib_val_ctl8":"","lib_val_ctl9":"","lib_val_ctl10":"","ini_target_div":"0"},{"lib_val_cd":"130","lib_val_nm_j":"\u88fd\u9020\u8ab2","lib_val_nm_e":"\u88fd\u9020\u8ab2","lib_val_ab_j":"\u88fd\u9020\u8ab2","lib_val_ab_e":"\u88fd\u9020\u8ab2","lib_val_ctl1":"","lib_val_ctl2":"","lib_val_ctl3":"","lib_val_ctl4":"","lib_val_ctl5":"","lib_val_ctl6":"","lib_val_ctl7":"","lib_val_ctl8":"","lib_val_ctl9":"","lib_val_ctl10":"","ini_target_div":"0"},{"lib_val_cd":"140","lib_val_nm_j":"\u8cc7\u6750\u8ab2","lib_val_nm_e":"\u8cc7\u6750\u8ab2","lib_val_ab_j":"\u8cc7\u6750\u8ab2","lib_val_ab_e":"\u8cc7\u6750\u8ab2","lib_val_ctl1":"","lib_val_ctl2":"","lib_val_ctl3":"","lib_val_ctl4":"","lib_val_ctl5":"","lib_val_ctl6":"","lib_val_ctl7":"","lib_val_ctl8":"","lib_val_ctl9":"","lib_val_ctl10":"","ini_target_div":"0"},{"lib_val_cd":"200","lib_val_nm_j":"\u6280\u8853\u90e8","lib_val_nm_e":"\u6280\u8853\u90e8","lib_val_ab_j":"\u6280\u8853\u90e8","lib_val_ab_e":"\u6280\u8853\u90e8","lib_val_ctl1":"","lib_val_ctl2":"","lib_val_ctl3":"","lib_val_ctl4":"","lib_val_ctl5":"","lib_val_ctl6":"","lib_val_ctl7":"","lib_val_ctl8":"","lib_val_ctl9":"","lib_val_ctl10":"","ini_target_div":"0"},{"lib_val_cd":"210","lib_val_nm_j":"\u8a2d\u8a08\u8ab2","lib_val_nm_e":"\u8a2d\u8a08\u8ab2","lib_val_ab_j":"\u8a2d\u8a08\u8ab2","lib_val_ab_e":"\u8a2d\u8a08\u8ab2","lib_val_ctl1":"","lib_val_ctl2":"","lib_val_ctl3":"","lib_val_ctl4":"","lib_val_ctl5":"","lib_val_ctl6":"","lib_val_ctl7":"","lib_val_ctl8":"","lib_val_ctl9":"","lib_val_ctl10":"","ini_target_div":"0"},{"lib_val_cd":"220","lib_val_nm_j":"\u8cfc\u8cb7\u8ab2","lib_val_nm_e":"\u8cfc\u8cb7\u8ab2","lib_val_ab_j":"\u8cfc\u8cb7\u8ab2","lib_val_ab_e":"\u8cfc\u8cb7\u8ab2","lib_val_ctl1":"","lib_val_ctl2":"","lib_val_ctl3":"","lib_val_ctl4":"","lib_val_ctl5":"","lib_val_ctl6":"","lib_val_ctl7":"","lib_val_ctl8":"","lib_val_ctl9":"","lib_val_ctl10":"","ini_target_div":"0"},{"lib_val_cd":"230","lib_val_nm_j":"\u5b66\u8853\u8ab2","lib_val_nm_e":"\u5b66\u8853\u8ab2","lib_val_ab_j":"\u5b66\u8853\u8ab2","lib_val_ab_e":"\u5b66\u8853\u8ab2","lib_val_ctl1":"","lib_val_ctl2":"","lib_val_ctl3":"","lib_val_ctl4":"","lib_val_ctl5":"","lib_val_ctl6":"","lib_val_ctl7":"","lib_val_ctl8":"","lib_val_ctl9":"","lib_val_ctl10":"","ini_target_div":"0"},{"lib_val_cd":"300","lib_val_nm_j":"\u7dcf\u52d9\u90e8","lib_val_nm_e":"\u7dcf\u52d9\u90e8","lib_val_ab_j":"\u7dcf\u52d9\u90e8","lib_val_ab_e":"\u7dcf\u52d9\u90e8","lib_val_ctl1":"","lib_val_ctl2":"","lib_val_ctl3":"","lib_val_ctl4":"","lib_val_ctl5":"","lib_val_ctl6":"","lib_val_ctl7":"","lib_val_ctl8":"","lib_val_ctl9":"","lib_val_ctl10":"","ini_target_div":"0"},{"lib_val_cd":"310","lib_val_nm_j":"\u7dcf\u52d9\u8ab2","lib_val_nm_e":"\u7dcf\u52d9\u8ab2","lib_val_ab_j":"\u7dcf\u52d9\u8ab2","lib_val_ab_e":"\u7dcf\u52d9\u8ab2","lib_val_ctl1":"","lib_val_ctl2":"","lib_val_ctl3":"","lib_val_ctl4":"","lib_val_ctl5":"","lib_val_ctl6":"","lib_val_ctl7":"","lib_val_ctl8":"","lib_val_ctl9":"","lib_val_ctl10":"","ini_target_div":"0"},{"lib_val_cd":"320","lib_val_nm_j":"\u7d4c\u7406\u8ab2","lib_val_nm_e":"\u7d4c\u7406\u8ab2","lib_val_ab_j":"\u7d4c\u7406\u8ab2","lib_val_ab_e":"\u7d4c\u7406\u8ab2","lib_val_ctl1":"","lib_val_ctl2":"","lib_val_ctl3":"","lib_val_ctl4":"","lib_val_ctl5":"","lib_val_ctl6":"","lib_val_ctl7":"","lib_val_ctl8":"","lib_val_ctl9":"","lib_val_ctl10":"","ini_target_div":"0"},{"lib_val_cd":"400","lib_val_nm_j":"\u56fd\u5185\u55b6\u696d\u90e8","lib_val_nm_e":"\u56fd\u5185\u55b6\u696d\u90e8","lib_val_ab_j":"\u56fd\u5185\u55b6\u696d\u90e8","lib_val_ab_e":"\u56fd\u5185\u55b6\u696d\u90e8","lib_val_ctl1":"","lib_val_ctl2":"","lib_val_ctl3":"","lib_val_ctl4":"","lib_val_ctl5":"","lib_val_ctl6":"","lib_val_ctl7":"","lib_val_ctl8":"","lib_val_ctl9":"","lib_val_ctl10":"","ini_target_div":"0"},{"lib_val_cd":"410","lib_val_nm_j":"\u56fd\u5185\u55b6\u696d\u8ab2","lib_val_nm_e":"\u56fd\u5185\u55b6\u696d\u8ab2","lib_val_ab_j":"\u56fd\u5185\u55b6\u696d\u8ab2","lib_val_ab_e":"\u56fd\u5185\u55b6\u696d\u8ab2","lib_val_ctl1":"","lib_val_ctl2":"","lib_val_ctl3":"","lib_val_ctl4":"","lib_val_ctl5":"","lib_val_ctl6":"","lib_val_ctl7":"","lib_val_ctl8":"","lib_val_ctl9":"","lib_val_ctl10":"","ini_target_div":"0"},{"lib_val_cd":"500","lib_val_nm_j":"\u6d77\u5916\u4e8b\u696d\u90e8","lib_val_nm_e":"\u6d77\u5916\u4e8b\u696d\u90e8","lib_val_ab_j":"\u6d77\u5916\u4e8b\u696d\u90e8","lib_val_ab_e":"\u6d77\u5916\u4e8b\u696d\u90e8","lib_val_ctl1":"","lib_val_ctl2":"","lib_val_ctl3":"","lib_val_ctl4":"","lib_val_ctl5":"","lib_val_ctl6":"","lib_val_ctl7":"","lib_val_ctl8":"","lib_val_ctl9":"","lib_val_ctl10":"","ini_target_div":"0"},{"lib_val_cd":"510","lib_val_nm_j":"\u6d77\u5916\u55b6\u696d\u8ab2","lib_val_nm_e":"\u6d77\u5916\u55b6\u696d\u8ab2","lib_val_ab_j":"\u6d77\u5916\u55b6\u696d\u8ab2","lib_val_ab_e":"\u6d77\u5916\u55b6\u696d\u8ab2","lib_val_ctl1":"","lib_val_ctl2":"","lib_val_ctl3":"","lib_val_ctl4":"","lib_val_ctl5":"","lib_val_ctl6":"\u6d77\u5916\u55b6\u696d\u8ab2","lib_val_ctl7":"","lib_val_ctl8":"","lib_val_ctl9":"","lib_val_ctl10":"","ini_target_div":"0"}]','999999','076_user-master-detail','::1';
2017-11-17 18:10:25 EXEC SPC_056_LIBRARY_MASTER_INQ1 'belong_div';
2017-11-17 18:10:29 EXEC SPC_056_LIBRARY_MASTER_INQ1 'belong_div';
2017-11-17 18:10:33 EXEC SPC_COM_GET_COMBOBOX 'possible_div';
2017-11-17 18:10:34 EXEC SPC_057_LIBRARY_MASTER_SEARCH_FND1 'belong','','','','0','1','10';
2017-11-17 18:10:37 EXEC SPC_056_LIBRARY_MASTER_INQ1 'belong_div';
2017-11-17 18:10:46 EXEC SPC_056_LIBRARY_MASTER_ACT1 'belong_div','[{"lib_val_cd":"100","lib_val_nm_j":"\u88fd\u9020\u7ba1\u7406\u90e8","lib_val_nm_e":"\u88fd\u9020\u7ba1\u7406\u90e8","lib_val_ab_j":"\u88fd\u9020\u7ba1\u7406\u90e8","lib_val_ab_e":"\u88fd\u9020\u7ba1\u7406\u90e8","lib_val_ctl1":"","lib_val_ctl2":"","lib_val_ctl3":"","lib_val_ctl4":"","lib_val_ctl5":"","lib_val_ctl6":"","lib_val_ctl7":"","lib_val_ctl8":"","lib_val_ctl9":"","lib_val_ctl10":"","ini_target_div":"0"},{"lib_val_cd":"110","lib_val_nm_j":"\u691c\u67fb\u8ab2","lib_val_nm_e":"\u691c\u67fb\u8ab2","lib_val_ab_j":"\u691c\u67fb\u8ab2","lib_val_ab_e":"\u691c\u67fb\u8ab2","lib_val_ctl1":"","lib_val_ctl2":"","lib_val_ctl3":"","lib_val_ctl4":"","lib_val_ctl5":"","lib_val_ctl6":"","lib_val_ctl7":"","lib_val_ctl8":"","lib_val_ctl9":"","lib_val_ctl10":"","ini_target_div":"0"},{"lib_val_cd":"120","lib_val_nm_j":"\u8a66\u85ac\u7ba1\u7406\u8ab2","lib_val_nm_e":"\u8a66\u85ac\u7ba1\u7406\u8ab2","lib_val_ab_j":"\u8a66\u85ac\u7ba1\u7406\u8ab2","lib_val_ab_e":"\u8a66\u85ac\u7ba1\u7406\u8ab2","lib_val_ctl1":"","lib_val_ctl2":"","lib_val_ctl3":"","lib_val_ctl4":"","lib_val_ctl5":"","lib_val_ctl6":"","lib_val_ctl7":"","lib_val_ctl8":"","lib_val_ctl9":"","lib_val_ctl10":"","ini_target_div":"0"},{"lib_val_cd":"130","lib_val_nm_j":"\u88fd\u9020\u8ab2","lib_val_nm_e":"\u88fd\u9020\u8ab2","lib_val_ab_j":"\u88fd\u9020\u8ab2","lib_val_ab_e":"\u88fd\u9020\u8ab2","lib_val_ctl1":"","lib_val_ctl2":"","lib_val_ctl3":"","lib_val_ctl4":"","lib_val_ctl5":"","lib_val_ctl6":"","lib_val_ctl7":"","lib_val_ctl8":"","lib_val_ctl9":"","lib_val_ctl10":"","ini_target_div":"0"},{"lib_val_cd":"140","lib_val_nm_j":"\u8cc7\u6750\u8ab2","lib_val_nm_e":"\u8cc7\u6750\u8ab2","lib_val_ab_j":"\u8cc7\u6750\u8ab2","lib_val_ab_e":"\u8cc7\u6750\u8ab2","lib_val_ctl1":"","lib_val_ctl2":"","lib_val_ctl3":"","lib_val_ctl4":"","lib_val_ctl5":"","lib_val_ctl6":"","lib_val_ctl7":"","lib_val_ctl8":"","lib_val_ctl9":"","lib_val_ctl10":"","ini_target_div":"0"},{"lib_val_cd":"200","lib_val_nm_j":"\u6280\u8853\u90e8","lib_val_nm_e":"\u6280\u8853\u90e8","lib_val_ab_j":"\u6280\u8853\u90e8","lib_val_ab_e":"\u6280\u8853\u90e8","lib_val_ctl1":"","lib_val_ctl2":"","lib_val_ctl3":"","lib_val_ctl4":"","lib_val_ctl5":"","lib_val_ctl6":"","lib_val_ctl7":"","lib_val_ctl8":"","lib_val_ctl9":"","lib_val_ctl10":"","ini_target_div":"0"},{"lib_val_cd":"210","lib_val_nm_j":"\u8a2d\u8a08\u8ab2","lib_val_nm_e":"\u8a2d\u8a08\u8ab2","lib_val_ab_j":"\u8a2d\u8a08\u8ab2","lib_val_ab_e":"\u8a2d\u8a08\u8ab2","lib_val_ctl1":"","lib_val_ctl2":"","lib_val_ctl3":"","lib_val_ctl4":"","lib_val_ctl5":"","lib_val_ctl6":"","lib_val_ctl7":"","lib_val_ctl8":"","lib_val_ctl9":"","lib_val_ctl10":"","ini_target_div":"0"},{"lib_val_cd":"220","lib_val_nm_j":"\u8cfc\u8cb7\u8ab2","lib_val_nm_e":"\u8cfc\u8cb7\u8ab2","lib_val_ab_j":"\u8cfc\u8cb7\u8ab2","lib_val_ab_e":"\u8cfc\u8cb7\u8ab2","lib_val_ctl1":"","lib_val_ctl2":"","lib_val_ctl3":"","lib_val_ctl4":"","lib_val_ctl5":"","lib_val_ctl6":"","lib_val_ctl7":"","lib_val_ctl8":"","lib_val_ctl9":"","lib_val_ctl10":"","ini_target_div":"0"},{"lib_val_cd":"230","lib_val_nm_j":"\u5b66\u8853\u8ab2","lib_val_nm_e":"\u5b66\u8853\u8ab2","lib_val_ab_j":"\u5b66\u8853\u8ab2","lib_val_ab_e":"\u5b66\u8853\u8ab2","lib_val_ctl1":"","lib_val_ctl2":"","lib_val_ctl3":"","lib_val_ctl4":"","lib_val_ctl5":"","lib_val_ctl6":"","lib_val_ctl7":"","lib_val_ctl8":"","lib_val_ctl9":"","lib_val_ctl10":"","ini_target_div":"0"},{"lib_val_cd":"300","lib_val_nm_j":"\u7dcf\u52d9\u90e8","lib_val_nm_e":"\u7dcf\u52d9\u90e8","lib_val_ab_j":"\u7dcf\u52d9\u90e8","lib_val_ab_e":"\u7dcf\u52d9\u90e8","lib_val_ctl1":"","lib_val_ctl2":"","lib_val_ctl3":"","lib_val_ctl4":"","lib_val_ctl5":"","lib_val_ctl6":"","lib_val_ctl7":"","lib_val_ctl8":"","lib_val_ctl9":"","lib_val_ctl10":"","ini_target_div":"0"},{"lib_val_cd":"310","lib_val_nm_j":"\u7dcf\u52d9\u8ab2","lib_val_nm_e":"\u7dcf\u52d9\u8ab2","lib_val_ab_j":"\u7dcf\u52d9\u8ab2","lib_val_ab_e":"\u7dcf\u52d9\u8ab2","lib_val_ctl1":"","lib_val_ctl2":"","lib_val_ctl3":"","lib_val_ctl4":"","lib_val_ctl5":"","lib_val_ctl6":"","lib_val_ctl7":"","lib_val_ctl8":"","lib_val_ctl9":"","lib_val_ctl10":"","ini_target_div":"0"},{"lib_val_cd":"320","lib_val_nm_j":"\u7d4c\u7406\u8ab2","lib_val_nm_e":"\u7d4c\u7406\u8ab2","lib_val_ab_j":"\u7d4c\u7406\u8ab2","lib_val_ab_e":"\u7d4c\u7406\u8ab2","lib_val_ctl1":"","lib_val_ctl2":"","lib_val_ctl3":"","lib_val_ctl4":"","lib_val_ctl5":"","lib_val_ctl6":"","lib_val_ctl7":"","lib_val_ctl8":"","lib_val_ctl9":"","lib_val_ctl10":"","ini_target_div":"0"},{"lib_val_cd":"400","lib_val_nm_j":"\u56fd\u5185\u55b6\u696d\u90e8","lib_val_nm_e":"\u56fd\u5185\u55b6\u696d\u90e8","lib_val_ab_j":"\u56fd\u5185\u55b6\u696d\u90e8","lib_val_ab_e":"\u56fd\u5185\u55b6\u696d\u90e8","lib_val_ctl1":"","lib_val_ctl2":"","lib_val_ctl3":"","lib_val_ctl4":"","lib_val_ctl5":"","lib_val_ctl6":"","lib_val_ctl7":"","lib_val_ctl8":"","lib_val_ctl9":"","lib_val_ctl10":"","ini_target_div":"0"},{"lib_val_cd":"410","lib_val_nm_j":"\u56fd\u5185\u55b6\u696d\u8ab2","lib_val_nm_e":"\u56fd\u5185\u55b6\u696d\u8ab2","lib_val_ab_j":"\u56fd\u5185\u55b6\u696d\u8ab2","lib_val_ab_e":"\u56fd\u5185\u55b6\u696d\u8ab2","lib_val_ctl1":"","lib_val_ctl2":"","lib_val_ctl3":"","lib_val_ctl4":"","lib_val_ctl5":"","lib_val_ctl6":"","lib_val_ctl7":"","lib_val_ctl8":"","lib_val_ctl9":"","lib_val_ctl10":"","ini_target_div":"0"},{"lib_val_cd":"500","lib_val_nm_j":"\u6d77\u5916\u4e8b\u696d\u90e8","lib_val_nm_e":"\u6d77\u5916\u4e8b\u696d\u90e8","lib_val_ab_j":"\u6d77\u5916\u4e8b\u696d\u90e8","lib_val_ab_e":"\u6d77\u5916\u4e8b\u696d\u90e8","lib_val_ctl1":"","lib_val_ctl2":"","lib_val_ctl3":"","lib_val_ctl4":"","lib_val_ctl5":"","lib_val_ctl6":"","lib_val_ctl7":"","lib_val_ctl8":"","lib_val_ctl9":"","lib_val_ctl10":"","ini_target_div":"0"},{"lib_val_cd":"510","lib_val_nm_j":"\u6d77\u5916\u55b6\u696d\u8ab2","lib_val_nm_e":"\u6d77\u5916\u55b6\u696d\u8ab2","lib_val_ab_j":"\u6d77\u5916\u55b6\u696d\u8ab2","lib_val_ab_e":"\u6d77\u5916\u55b6\u696d\u8ab2","lib_val_ctl1":"","lib_val_ctl2":"","lib_val_ctl3":"","lib_val_ctl4":"","lib_val_ctl5":"","lib_val_ctl6":"","lib_val_ctl7":"","lib_val_ctl8":"","lib_val_ctl9":"","lib_val_ctl10":"","ini_target_div":"0"}]','999999','076_user-master-detail','::1';
2017-11-17 18:10:47 EXEC SPC_056_LIBRARY_MASTER_INQ1 'belong_div';
2017-11-17 18:10:57 EXEC SPC_COM_GET_COMBOBOX 'possible_div';
2017-11-17 18:10:58 EXEC SPC_057_LIBRARY_MASTER_SEARCH_FND1 'belong','','','','0','1','10';
2017-11-17 18:11:08 EXEC SPC_057_LIBRARY_MASTER_SEARCH_FND1 'belong','','','検査課','0','1','10';
2017-11-17 18:11:11 EXEC SPC_056_LIBRARY_MASTER_INQ1 'belong_div';
2017-11-17 18:11:13 EXEC SPC_COM_GET_COMBOBOX 'possible_div';
2017-11-17 18:11:13 EXEC SPC_057_LIBRARY_MASTER_SEARCH_FND1 'belong','','','検査課','0','1','10';
2017-11-17 18:11:56 EXEC SPC_057_LIBRARY_MASTER_SEARCH_FND1 'belong','','','検査課','0','1','10';
2017-11-17 18:11:59 EXEC SPC_056_LIBRARY_MASTER_INQ1 'belong_div';
2017-11-17 18:12:01 EXEC SPC_COM_GET_COMBOBOX 'possible_div';
2017-11-17 18:12:02 EXEC SPC_057_LIBRARY_MASTER_SEARCH_FND1 'belong','','','検査課','0','1','10';
2017-11-17 18:12:54 EXEC SPC_057_LIBRARY_MASTER_SEARCH_FND1 'belong','','','検査課','0','1','10';
2017-11-17 18:12:58 EXEC SPC_056_LIBRARY_MASTER_INQ1 'belong_div';
2017-11-17 18:13:02 EXEC SPC_COM_GET_COMBOBOX 'possible_div';
2017-11-17 18:13:03 EXEC SPC_057_LIBRARY_MASTER_SEARCH_FND1 'belong','','','検査課','0','1','10';
2017-11-17 18:13:14 EXEC SPC_057_LIBRARY_MASTER_SEARCH_FND1 '','','','検査課','0','1','10';
2017-11-17 18:13:16 EXEC SPC_057_LIBRARY_MASTER_SEARCH_FND1 '','','','検査課','','1','10';
2017-11-17 18:13:22 EXEC SPC_COM_GET_COMBOBOX 'possible_div';
2017-11-17 18:13:24 EXEC SPC_057_LIBRARY_MASTER_SEARCH_FND1 '','','','','','1','10';
2017-11-17 18:13:32 EXEC SPC_057_LIBRARY_MASTER_SEARCH_FND1 '','','bank','','','1','10';
2017-11-17 18:13:35 EXEC SPC_057_LIBRARY_MASTER_SEARCH_FND1 'bank','','','','','1','10';
2017-11-17 18:13:43 EXEC SPC_056_LIBRARY_MASTER_INQ1 'bank_div';
2017-11-17 18:13:54 EXEC SPC_056_LIBRARY_MASTER_ACT1 'bank_div','[{"lib_val_cd":"001","lib_val_nm_j":"\u4e09\u4e95\u4f4f\u53cb\u9280\u884c\u5ddd\u53e3\u652f\u5e97","lib_val_nm_e":"Sumitomo Mitsui Banking Corporation","lib_val_ab_j":"\u4e09\u4e95\u4f4f\u53cb\u9280\u884c\u5ddd\u53e3\u652f\u5e97","lib_val_ab_e":"Sumitomo Mitsui Banking Corporation","lib_val_ctl1":"Sumitomo Mitsui Banking Corporation","lib_val_ctl2":"Sumitomo Mitsui Banking Corporation","lib_val_ctl3":"Sumitomo Mitsui Banking Corporation","lib_val_ctl4":"","lib_val_ctl5":"","lib_val_ctl6":"Sumitomo","lib_val_ctl7":"","lib_val_ctl8":"","lib_val_ctl9":"","lib_val_ctl10":"","ini_target_div":"1"},{"lib_val_cd":"002","lib_val_nm_j":"\u4e09\u83f1\u6771\u4eacUFJ\u9280\u884c","lib_val_nm_e":"The Bank of Tokyo-Mitsubishi UFJ","lib_val_ab_j":"\u4e09\u83f1\u6771\u4eacUFJ\u9280\u884c","lib_val_ab_e":"The Bank of Tokyo-Mitsubishi UFJ","lib_val_ctl1":"Sumitomo","lib_val_ctl2":"","lib_val_ctl3":"","lib_val_ctl4":"","lib_val_ctl5":"","lib_val_ctl6":"Sumitomo","lib_val_ctl7":"","lib_val_ctl8":"","lib_val_ctl9":"","lib_val_ctl10":"","ini_target_div":"0"},{"lib_val_cd":"003","lib_val_nm_j":"\u4e09\u4e95\u4f4f\u53cb\u9280\u884c\u5ddd\u53e3\u652f\u5e97\uff08\u5186\uff09","lib_val_nm_e":"Sumitomo Mitsui Banking Corporation(0009)","lib_val_ab_j":"\u4e09\u4e95\u4f4f\u53cb\u9280\u884c\u5ddd\u53e3\u652f\u5e97\uff08\u5186\uff09","lib_val_ab_e":"Sumitomo Mitsui Banking Corporation(0009)","lib_val_ctl1":"Sumitomo","lib_val_ctl2":"","lib_val_ctl3":"","lib_val_ctl4":"","lib_val_ctl5":"","lib_val_ctl6":"Sumitomo","lib_val_ctl7":"","lib_val_ctl8":"","lib_val_ctl9":"","lib_val_ctl10":"","ini_target_div":"0"},{"lib_val_cd":"004","lib_val_nm_j":"\u57ce\u5317\u4fe1\u7528\u91d1\u5eab\u524d\u5ddd\u652f\u5e97\uff08\u56fd\u5185\u7528\uff09","lib_val_nm_e":"NULL","lib_val_ab_j":"\u57ce\u5317\u4fe1\u7528\u91d1\u5eab\u524d\u5ddd\u652f\u5e97\uff08\u56fd\u5185\u7528\uff09","lib_val_ab_e":"NULL","lib_val_ctl1":"Sumitomo","lib_val_ctl2":"","lib_val_ctl3":"","lib_val_ctl4":"","lib_val_ctl5":"","lib_val_ctl6":"Sumitomo","lib_val_ctl7":"","lib_val_ctl8":"","lib_val_ctl9":"","lib_val_ctl10":"","ini_target_div":"0"},{"lib_val_cd":"005","lib_val_nm_j":"\u305d\u306e\u4ed6","lib_val_nm_e":"NULL","lib_val_ab_j":"\u305d\u306e\u4ed6","lib_val_ab_e":"NULL","lib_val_ctl1":"Sumitomo","lib_val_ctl2":"","lib_val_ctl3":"","lib_val_ctl4":"","lib_val_ctl5":"","lib_val_ctl6":"Sumitomo","lib_val_ctl7":"","lib_val_ctl8":"","lib_val_ctl9":"","lib_val_ctl10":"","ini_target_div":"0"},{"lib_val_cd":"555","lib_val_nm_j":"5555","lib_val_nm_e":"5555","lib_val_ab_j":"5555","lib_val_ab_e":"5555","lib_val_ctl1":"","lib_val_ctl2":"","lib_val_ctl3":"","lib_val_ctl4":"","lib_val_ctl5":"","lib_val_ctl6":"","lib_val_ctl7":"","lib_val_ctl8":"","lib_val_ctl9":"","lib_val_ctl10":"","ini_target_div":"0"},{"lib_val_cd":"666","lib_val_nm_j":"6666","lib_val_nm_e":"6666","lib_val_ab_j":"666","lib_val_ab_e":"666","lib_val_ctl1":"","lib_val_ctl2":"","lib_val_ctl3":"","lib_val_ctl4":"","lib_val_ctl5":"","lib_val_ctl6":"","lib_val_ctl7":"","lib_val_ctl8":"","lib_val_ctl9":"","lib_val_ctl10":"","ini_target_div":"0"},{"lib_val_cd":"777","lib_val_nm_j":"7777","lib_val_nm_e":"7777","lib_val_ab_j":"7777","lib_val_ab_e":"7777","lib_val_ctl1":"","lib_val_ctl2":"","lib_val_ctl3":"","lib_val_ctl4":"","lib_val_ctl5":"","lib_val_ctl6":"","lib_val_ctl7":"","lib_val_ctl8":"","lib_val_ctl9":"","lib_val_ctl10":"","ini_target_div":"0"}]','999999','076_user-master-detail','::1';
2017-11-17 18:13:55 EXEC SPC_056_LIBRARY_MASTER_INQ1 'bank_div';
2017-11-17 18:13:57 EXEC SPC_COM_GET_COMBOBOX 'possible_div';
2017-11-17 18:13:57 EXEC SPC_057_LIBRARY_MASTER_SEARCH_FND1 'bank','','','','','1','10';
2017-11-17 18:14:02 EXEC SPC_056_LIBRARY_MASTER_INQ1 'bank_div';
2017-11-17 18:14:10 EXEC SPC_COM_GET_COMBOBOX 'possible_div';
2017-11-17 18:14:10 EXEC SPC_057_LIBRARY_MASTER_SEARCH_FND1 'bank','','','','','1','10';
2017-11-17 18:14:23 EXEC SPC_057_LIBRARY_MASTER_SEARCH_FND1 '','','','','1','1','10';
2017-11-17 18:14:26 EXEC SPC_056_LIBRARY_MASTER_INQ1 'bank_div';
2017-11-17 18:14:28 EXEC SPC_COM_GET_COMBOBOX 'possible_div';
2017-11-17 18:14:29 EXEC SPC_057_LIBRARY_MASTER_SEARCH_FND1 '','','','','1','1','10';
2017-11-17 18:14:36 EXEC SPC_057_LIBRARY_MASTER_SEARCH_FND1 '','','','','1','1','10';
2017-11-17 18:14:45 EXEC SPC_057_LIBRARY_MASTER_SEARCH_FND1 '','','','','1','29','10';
2017-11-17 18:15:05 EXEC SPC_057_LIBRARY_MASTER_SEARCH_FND1 '','','','','1','1','10';
2017-11-17 18:15:12 EXEC SPC_057_LIBRARY_MASTER_SEARCH_FND1 '','','','','1','1','10';
2017-11-17 18:15:22 EXEC SPC_057_LIBRARY_MASTER_SEARCH_FND1 '','','','','1','2','10';
2017-11-17 18:15:53 EXEC SPC_057_LIBRARY_MASTER_SEARCH_FND1 '','','','','1','3','10';
2017-11-17 18:16:00 EXEC SPC_057_LIBRARY_MASTER_SEARCH_FND1 '','','','','1','29','10';
2017-11-17 18:56:39 EXEC SPC_COM_GET_COMBOBOX 'possible_div';
2017-11-17 18:56:41 EXEC SPC_057_LIBRARY_MASTER_SEARCH_FND1 '','','','','0','1','10';
2017-11-17 18:56:45 EXEC SPC_056_LIBRARY_MASTER_INQ1 'belong_div';
