2017-11-27 10:32:37 EXEC SPC_COM_GET_COMBOBOX 'port_country_div';
2017-11-27 10:32:37 EXEC SPC_COM_GET_COMBOBOX 'trade_terms_div';
2017-11-27 10:32:37 EXEC SPC_COM_GET_COMBOBOX 'shipment_div';
2017-11-27 10:32:37 EXEC SPC_COM_GET_COMBOBOX 'currency_div';
2017-11-27 10:32:37 EXEC SPC_COM_GET_COMBOBOX 'payment_conditions_div';
2017-11-27 10:32:37 EXEC SPC_COM_GET_COMBOBOX 'port_city_div';
2017-11-27 10:32:37 EXEC SPC_COM_GET_COMBOBOX 'unit_q_div';
2017-11-27 10:32:38 EXEC SPC_COM_GET_COMBOBOX 'sales_detail_div';
2017-11-27 10:32:38 EXEC SPC_COM_GET_COMBOBOX 'unit_w_div';
2017-11-27 10:32:38 EXEC SPC_COM_GET_COMBOBOX 'bank_div';
2017-11-27 10:37:44 EXEC SPC_COM_GET_COMBOBOX 'port_city_div';
2017-11-27 10:37:44 EXEC SPC_COM_GET_COMBOBOX 'shipment_div';
2017-11-27 10:37:44 EXEC SPC_COM_GET_COMBOBOX 'currency_div';
2017-11-27 10:37:44 EXEC SPC_COM_GET_COMBOBOX 'port_country_div';
2017-11-27 10:37:44 EXEC SPC_COM_GET_COMBOBOX 'trade_terms_div';
2017-11-27 10:37:44 EXEC SPC_COM_GET_COMBOBOX 'payment_conditions_div';
2017-11-27 10:37:44 EXEC SPC_COM_GET_COMBOBOX 'unit_q_div';
2017-11-27 10:37:44 EXEC SPC_COM_GET_COMBOBOX 'unit_w_div';
2017-11-27 10:37:44 EXEC SPC_COM_GET_COMBOBOX 'unit_m_div';
2017-11-27 10:37:44 EXEC SPC_COM_GET_COMBOBOX 'sales_detail_div';
2017-11-27 10:37:44 EXEC SPC_COM_GET_COMBOBOX 'bank_div';
2017-11-27 11:22:25 EXEC SPC_COM_GET_COMBOBOX 'port_country_div';
2017-11-27 11:22:25 EXEC SPC_COM_GET_COMBOBOX 'trade_terms_div';
2017-11-27 11:22:25 EXEC SPC_COM_GET_COMBOBOX 'payment_conditions_div';
2017-11-27 11:22:25 EXEC SPC_COM_GET_COMBOBOX 'currency_div';
2017-11-27 11:22:25 EXEC SPC_COM_GET_COMBOBOX 'port_city_div';
2017-11-27 11:22:25 EXEC SPC_COM_GET_COMBOBOX 'unit_q_div';
2017-11-27 11:22:25 EXEC SPC_COM_GET_COMBOBOX 'shipment_div';
2017-11-27 11:22:26 EXEC SPC_COM_GET_COMBOBOX 'unit_m_div';
2017-11-27 11:22:26 EXEC SPC_COM_GET_COMBOBOX 'unit_w_div';
2017-11-27 11:22:26 EXEC SPC_COM_GET_COMBOBOX 'sales_detail_div';
2017-11-27 11:22:26 EXEC SPC_COM_GET_COMBOBOX 'bank_div';
2017-11-27 11:23:04 EXEC SPC_073_LOGIN_ACT1 '','';
2017-11-27 11:23:11 EXEC SPC_073_LOGIN_ACT1 '001','123456';
2017-11-27 11:23:31 EXEC SPC_COM_GET_COMBOBOX 'possible_div';
2017-11-27 11:32:30 EXEC SPC_057_LIBRARY_MASTER_SEARCH_FND1 '','','','','','1','10';
2017-11-27 11:49:47 EXEC SPC_057_LIBRARY_MASTER_SEARCH_FND1 '','','','','1','1','10';
2017-11-27 11:50:09 EXEC SPC_057_LIBRARY_MASTER_SEARCH_FND1 '','','','','0','1','10';
2017-11-27 12:02:24 EXEC SPC_COM_GET_COMBOBOX 'possible_div';
2017-11-27 12:04:46 EXEC SPC_057_LIBRARY_MASTER_SEARCH_FND1 '','','','','','1','10';
2017-11-27 12:07:57 EXEC SPC_057_LIBRARY_MASTER_SEARCH_FND1 '','','','','','1','10';
2017-11-27 12:09:06 EXEC SPC_057_LIBRARY_MASTER_SEARCH_FND1 '','','','','','2','10';
2017-11-27 12:09:08 EXEC SPC_057_LIBRARY_MASTER_SEARCH_FND1 '','','','','','2','50';
2017-11-27 12:09:21 EXEC SPC_057_LIBRARY_MASTER_SEARCH_FND1 '','','','','','1','50';
2017-11-27 12:09:30 EXEC SPC_057_LIBRARY_MASTER_SEARCH_FND1 '','','','','','2','50';
2017-11-27 12:12:35 EXEC SPC_057_LIBRARY_MASTER_SEARCH_FND1 '','','','','','3','50';
2017-11-27 12:47:53 EXEC SPC_056_LIBRARY_MASTER_INQ1 'country_div';
2017-11-27 14:01:22 EXEC SPC_056_LIBRARY_MASTER_INQ1 'country_div';
2017-11-27 14:55:34 EXEC SPC_056_LIBRARY_MASTER_INQ1 'country_div';
2017-11-27 14:56:53 EXEC SPC_056_LIBRARY_MASTER_INQ1 'country_div';
2017-11-27 14:57:06 EXEC SPC_056_LIBRARY_MASTER_INQ1 'country_div';
2017-11-27 14:59:24 EXEC SPC_056_LIBRARY_MASTER_INQ1 'country_div';
2017-11-27 14:59:49 EXEC SPC_056_LIBRARY_MASTER_INQ1 'country_div';
2017-11-27 15:00:53 EXEC SPC_COM_GET_COMBOBOX 'port_country_div';
2017-11-27 15:00:53 EXEC SPC_COM_GET_COMBOBOX 'unit_q_div';
2017-11-27 15:00:54 EXEC SPC_COM_GET_COMBOBOX 'unit_w_div';
2017-11-27 15:00:55 EXEC SPC_COM_GET_COMBOBOX 'unit_m_div';
2017-11-27 15:00:55 EXEC SPC_COM_GET_COMBOBOX 'trade_terms_div';
2017-11-27 15:00:55 EXEC SPC_COM_GET_COMBOBOX 'port_city_div';
2017-11-27 15:00:55 EXEC SPC_COM_GET_COMBOBOX 'shipment_div';
2017-11-27 15:00:55 EXEC SPC_COM_GET_COMBOBOX 'currency_div';
2017-11-27 15:00:55 EXEC SPC_COM_GET_COMBOBOX 'payment_conditions_div';
2017-11-27 15:00:55 EXEC SPC_COM_GET_COMBOBOX 'sales_detail_div';
2017-11-27 15:00:55 EXEC SPC_COM_GET_COMBOBOX 'bank_div';
2017-11-27 15:01:17 EXEC SPC_056_LIBRARY_MASTER_INQ1 'country_div';
2017-11-27 15:03:06 EXEC SPC_COM_GET_COMBOBOX 'port_country_div';
2017-11-27 15:03:06 EXEC SPC_COM_GET_COMBOBOX 'trade_terms_div';
2017-11-27 15:03:06 EXEC SPC_COM_GET_COMBOBOX 'currency_div';
2017-11-27 15:03:06 EXEC SPC_COM_GET_COMBOBOX 'port_city_div';
2017-11-27 15:03:06 EXEC SPC_COM_GET_COMBOBOX 'shipment_div';
2017-11-27 15:03:06 EXEC SPC_COM_GET_COMBOBOX 'payment_conditions_div';
2017-11-27 15:03:06 EXEC SPC_COM_GET_COMBOBOX 'unit_m_div';
2017-11-27 15:03:06 EXEC SPC_COM_GET_COMBOBOX 'unit_w_div';
2017-11-27 15:03:06 EXEC SPC_COM_GET_COMBOBOX 'unit_q_div';
2017-11-27 15:03:06 EXEC SPC_COM_GET_COMBOBOX 'sales_detail_div';
2017-11-27 15:03:06 EXEC SPC_COM_GET_COMBOBOX 'bank_div';
2017-11-27 15:05:41 EXEC SPC_056_LIBRARY_MASTER_INQ1 'country_div';
2017-11-27 15:06:53 EXEC SPC_COM_GET_COMBOBOX 'possible_div';
2017-11-27 15:06:54 EXEC SPC_057_LIBRARY_MASTER_SEARCH_FND1 '','','','','','1','10';
2017-11-27 15:06:57 EXEC SPC_056_LIBRARY_MASTER_INQ1 'bank_div';
2017-11-27 16:31:10 EXEC SPC_056_LIBRARY_MASTER_INQ1 'bank_div';
2017-11-27 16:31:20 EXEC SPC_056_LIBRARY_MASTER_ACT1 'bank_div','[{"lib_val_cd":"003","lib_val_nm_j":"\u4e09\u4e95\u4f4f\u53cb\u9280\u884c\u5ddd\u53e3\u652f\u5e97\uff08\u5186\uff09","lib_val_nm_e":"Sumitomo Mitsui Banking Corporation(0009)","lib_val_ab_j":"\u4e09\u4e95\u4f4f\u53cb\u9280\u884c\u5ddd\u53e3\u652f\u5e97\uff08\u5186\uff09","lib_val_ab_e":"Sumitomo Mitsui Banking Corporation(0009)","lib_val_ctl1":"Sumitomo","lib_val_ctl2":"","lib_val_ctl3":"","lib_val_ctl4":"","lib_val_ctl5":"","lib_val_ctl6":"Sumitomo","lib_val_ctl7":"","lib_val_ctl8":"","lib_val_ctl9":"","lib_val_ctl10":"","ini_target_div":"1","disp_order":"1"},{"lib_val_cd":"001","lib_val_nm_j":"\u4e09\u4e95\u4f4f\u53cb\u9280\u884c\u5ddd\u53e3\u652f\u5e97","lib_val_nm_e":"Sumitomo Mitsui Banking Corporation","lib_val_ab_j":"\u4e09\u4e95\u4f4f\u53cb\u9280\u884c\u5ddd\u53e3\u652f\u5e97","lib_val_ab_e":"Sumitomo Mitsui Banking Corporation","lib_val_ctl1":"Sumitomo Mitsui Banking Corporation","lib_val_ctl2":"Sumitomo Mitsui Banking Corporation","lib_val_ctl3":"Sumitomo Mitsui Banking Corporation","lib_val_ctl4":"","lib_val_ctl5":"","lib_val_ctl6":"Sumitomo","lib_val_ctl7":"","lib_val_ctl8":"","lib_val_ctl9":"","lib_val_ctl10":"","ini_target_div":"1","disp_order":"2"},{"lib_val_cd":"002","lib_val_nm_j":"\u4e09\u83f1\u6771\u4eacUFJ\u9280\u884c","lib_val_nm_e":"The Bank of Tokyo-Mitsubishi UFJ","lib_val_ab_j":"\u4e09\u83f1\u6771\u4eacUFJ\u9280\u884c","lib_val_ab_e":"The Bank of Tokyo-Mitsubishi UFJ","lib_val_ctl1":"Sumitomo","lib_val_ctl2":"","lib_val_ctl3":"","lib_val_ctl4":"","lib_val_ctl5":"","lib_val_ctl6":"Sumitomo","lib_val_ctl7":"","lib_val_ctl8":"","lib_val_ctl9":"","lib_val_ctl10":"","ini_target_div":"0","disp_order":"3"},{"lib_val_cd":"004","lib_val_nm_j":"\u57ce\u5317\u4fe1\u7528\u91d1\u5eab\u524d\u5ddd\u652f\u5e97\uff08\u56fd\u5185\u7528\uff09","lib_val_nm_e":"NULL","lib_val_ab_j":"\u57ce\u5317\u4fe1\u7528\u91d1\u5eab\u524d\u5ddd\u652f\u5e97\uff08\u56fd\u5185\u7528\uff09","lib_val_ab_e":"NULL","lib_val_ctl1":"Sumitomo","lib_val_ctl2":"","lib_val_ctl3":"","lib_val_ctl4":"","lib_val_ctl5":"","lib_val_ctl6":"Sumitomo","lib_val_ctl7":"","lib_val_ctl8":"","lib_val_ctl9":"","lib_val_ctl10":"","ini_target_div":"0","disp_order":"4"},{"lib_val_cd":"005","lib_val_nm_j":"\u305d\u306e\u4ed6","lib_val_nm_e":"\u305d\u306e\u4ed6","lib_val_ab_j":"\u305d\u306e\u4ed6","lib_val_ab_e":"\u305d\u306e\u4ed6","lib_val_ctl1":"Sumitomo","lib_val_ctl2":"","lib_val_ctl3":"","lib_val_ctl4":"","lib_val_ctl5":"","lib_val_ctl6":"Sumitomo","lib_val_ctl7":"","lib_val_ctl8":"","lib_val_ctl9":"","lib_val_ctl10":"","ini_target_div":"0","disp_order":"5"}]','100','056_library-master','::1';
2017-11-27 16:31:22 EXEC SPC_056_LIBRARY_MASTER_INQ1 'bank_div';
2017-11-27 16:31:26 EXEC SPC_056_LIBRARY_MASTER_INQ1 'bank_div';
2017-11-27 16:31:33 EXEC SPC_056_LIBRARY_MASTER_ACT1 'bank_div','[{"lib_val_cd":"001","lib_val_nm_j":"\u4e09\u4e95\u4f4f\u53cb\u9280\u884c\u5ddd\u53e3\u652f\u5e97","lib_val_nm_e":"Sumitomo Mitsui Banking Corporation","lib_val_ab_j":"\u4e09\u4e95\u4f4f\u53cb\u9280\u884c\u5ddd\u53e3\u652f\u5e97","lib_val_ab_e":"Sumitomo Mitsui Banking Corporation","lib_val_ctl1":"Sumitomo Mitsui Banking Corporation","lib_val_ctl2":"Sumitomo Mitsui Banking Corporation","lib_val_ctl3":"Sumitomo Mitsui Banking Corporation","lib_val_ctl4":"","lib_val_ctl5":"","lib_val_ctl6":"Sumitomo","lib_val_ctl7":"","lib_val_ctl8":"","lib_val_ctl9":"","lib_val_ctl10":"","ini_target_div":"1","disp_order":"1"},{"lib_val_cd":"002","lib_val_nm_j":"\u4e09\u83f1\u6771\u4eacUFJ\u9280\u884c","lib_val_nm_e":"The Bank of Tokyo-Mitsubishi UFJ","lib_val_ab_j":"\u4e09\u83f1\u6771\u4eacUFJ\u9280\u884c","lib_val_ab_e":"The Bank of Tokyo-Mitsubishi UFJ","lib_val_ctl1":"Sumitomo","lib_val_ctl2":"","lib_val_ctl3":"","lib_val_ctl4":"","lib_val_ctl5":"","lib_val_ctl6":"Sumitomo","lib_val_ctl7":"","lib_val_ctl8":"","lib_val_ctl9":"","lib_val_ctl10":"","ini_target_div":"0","disp_order":"2"},{"lib_val_cd":"003","lib_val_nm_j":"\u4e09\u4e95\u4f4f\u53cb\u9280\u884c\u5ddd\u53e3\u652f\u5e97\uff08\u5186\uff09","lib_val_nm_e":"Sumitomo Mitsui Banking Corporation(0009)","lib_val_ab_j":"\u4e09\u4e95\u4f4f\u53cb\u9280\u884c\u5ddd\u53e3\u652f\u5e97\uff08\u5186\uff09","lib_val_ab_e":"Sumitomo Mitsui Banking Corporation(0009)","lib_val_ctl1":"Sumitomo","lib_val_ctl2":"","lib_val_ctl3":"","lib_val_ctl4":"","lib_val_ctl5":"","lib_val_ctl6":"Sumitomo","lib_val_ctl7":"","lib_val_ctl8":"","lib_val_ctl9":"","lib_val_ctl10":"","ini_target_div":"1","disp_order":"3"},{"lib_val_cd":"004","lib_val_nm_j":"\u57ce\u5317\u4fe1\u7528\u91d1\u5eab\u524d\u5ddd\u652f\u5e97\uff08\u56fd\u5185\u7528\uff09","lib_val_nm_e":"NULL","lib_val_ab_j":"\u57ce\u5317\u4fe1\u7528\u91d1\u5eab\u524d\u5ddd\u652f\u5e97\uff08\u56fd\u5185\u7528\uff09","lib_val_ab_e":"NULL","lib_val_ctl1":"Sumitomo","lib_val_ctl2":"","lib_val_ctl3":"","lib_val_ctl4":"","lib_val_ctl5":"","lib_val_ctl6":"Sumitomo","lib_val_ctl7":"","lib_val_ctl8":"","lib_val_ctl9":"","lib_val_ctl10":"","ini_target_div":"0","disp_order":"4"},{"lib_val_cd":"005","lib_val_nm_j":"\u305d\u306e\u4ed6","lib_val_nm_e":"\u305d\u306e\u4ed6","lib_val_ab_j":"\u305d\u306e\u4ed6","lib_val_ab_e":"\u305d\u306e\u4ed6","lib_val_ctl1":"Sumitomo","lib_val_ctl2":"","lib_val_ctl3":"","lib_val_ctl4":"","lib_val_ctl5":"","lib_val_ctl6":"Sumitomo","lib_val_ctl7":"","lib_val_ctl8":"","lib_val_ctl9":"","lib_val_ctl10":"","ini_target_div":"0","disp_order":"5"}]','100','056_library-master','::1';
2017-11-27 16:31:34 EXEC SPC_056_LIBRARY_MASTER_INQ1 'bank_div';
2017-11-27 16:31:37 EXEC SPC_056_LIBRARY_MASTER_INQ1 'bank_div';
2017-11-27 16:32:40 EXEC SPC_056_LIBRARY_MASTER_INQ1 'bank_div';
2017-11-27 16:33:04 EXEC SPC_COM_GET_COMBOBOX 'port_country_div';
2017-11-27 16:33:04 EXEC SPC_COM_GET_COMBOBOX 'unit_q_div';
2017-11-27 16:33:05 EXEC SPC_COM_GET_COMBOBOX 'unit_w_div';
2017-11-27 16:33:05 EXEC SPC_COM_GET_COMBOBOX 'unit_m_div';
2017-11-27 16:33:06 EXEC SPC_COM_GET_COMBOBOX 'shipment_div';
2017-11-27 16:33:06 EXEC SPC_COM_GET_COMBOBOX 'port_city_div';
2017-11-27 16:33:06 EXEC SPC_COM_GET_COMBOBOX 'payment_conditions_div';
2017-11-27 16:33:06 EXEC SPC_COM_GET_COMBOBOX 'trade_terms_div';
2017-11-27 16:33:06 EXEC SPC_COM_GET_COMBOBOX 'currency_div';
2017-11-27 16:33:06 EXEC SPC_COM_GET_COMBOBOX 'sales_detail_div';
2017-11-27 16:33:06 EXEC SPC_COM_GET_COMBOBOX 'bank_div';
2017-11-27 16:33:20 EXEC SPC_056_LIBRARY_MASTER_INQ1 'bank_div';
2017-11-27 16:33:28 EXEC SPC_056_LIBRARY_MASTER_INQ1 'bank_div';
2017-11-27 16:35:05 EXEC SPC_056_LIBRARY_MASTER_INQ1 'bank_div';
2017-11-27 16:35:28 EXEC SPC_056_LIBRARY_MASTER_INQ1 'bank_div';
2017-11-27 16:35:55 EXEC SPC_056_LIBRARY_MASTER_INQ1 'bank_div';
2017-11-27 16:36:02 EXEC SPC_056_LIBRARY_MASTER_INQ1 'bank_div';
2017-11-27 16:36:32 EXEC SPC_073_LOGIN_ACT1 '001','123456';
2017-11-27 16:36:38 EXEC SPC_COM_GET_COMBOBOX 'possible_div';
2017-11-27 16:36:40 EXEC SPC_057_LIBRARY_MASTER_SEARCH_FND1 '','','','','','1','10';
2017-11-27 16:36:43 EXEC SPC_056_LIBRARY_MASTER_INQ1 'bank_div';
2017-11-27 16:38:15 EXEC SPC_056_LIBRARY_MASTER_INQ1 'bank_div';
2017-11-27 18:17:01 EXEC SPC_COM_GET_COMBOBOX 'possible_div';
2017-11-27 18:17:01 EXEC SPC_057_LIBRARY_MASTER_SEARCH_FND1 '','','','','','1','10';
2017-11-27 18:48:47 EXEC SPC_056_LIBRARY_MASTER_INQ1 'bank_div';
2017-11-27 19:02:09 EXEC SPC_COM_GET_COMBOBOX 'possible_div';
2017-11-27 19:02:09 EXEC SPC_057_LIBRARY_MASTER_SEARCH_FND1 '','','','','','1','10';
2017-11-27 19:02:45 EXEC SPC_056_LIBRARY_MASTER_INQ1 'bank_div';
2017-11-27 19:24:34 EXEC SPC_COM_GET_COMBOBOX 'possible_div';
2017-11-27 19:24:35 EXEC SPC_057_LIBRARY_MASTER_SEARCH_FND1 '','','','','','1','10';
2017-11-27 20:12:45 EXEC SPC_056_LIBRARY_MASTER_INQ1 'bank_div';
2017-11-27 20:17:34 EXEC SPC_056_LIBRARY_MASTER_INQ1 'bank_div';
2017-11-27 20:18:11 EXEC SPC_056_LIBRARY_MASTER_INQ1 'bank_div';
2017-11-27 20:18:51 EXEC SPC_056_LIBRARY_MASTER_INQ1 'bank_div';
2017-11-27 20:19:04 EXEC SPC_056_LIBRARY_MASTER_INQ1 'bank_div';
2017-11-27 20:19:26 EXEC SPC_056_LIBRARY_MASTER_INQ1 'bank_div';
2017-11-27 20:19:40 EXEC SPC_056_LIBRARY_MASTER_INQ1 'bank_div';
2017-11-27 20:19:51 EXEC SPC_056_LIBRARY_MASTER_INQ1 'bank_div';
2017-11-27 20:22:20 EXEC SPC_056_LIBRARY_MASTER_INQ1 'bank_div';
2017-11-27 20:23:08 EXEC SPC_056_LIBRARY_MASTER_INQ1 'bank_div';
2017-11-27 20:24:14 EXEC SPC_056_LIBRARY_MASTER_INQ1 'bank_div';
2017-11-27 20:24:28 EXEC SPC_COM_GET_COMBOBOX 'port_country_div';
2017-11-27 20:24:28 EXEC SPC_COM_GET_COMBOBOX 'port_city_div';
2017-11-27 20:24:29 EXEC SPC_COM_GET_COMBOBOX 'trade_terms_div';
2017-11-27 20:24:29 EXEC SPC_COM_GET_COMBOBOX 'currency_div';
2017-11-27 20:24:30 EXEC SPC_COM_GET_COMBOBOX 'unit_w_div';
2017-11-27 20:24:30 EXEC SPC_COM_GET_COMBOBOX 'unit_m_div';
2017-11-27 20:24:30 EXEC SPC_COM_GET_COMBOBOX 'sales_detail_div';
2017-11-27 20:24:30 EXEC SPC_COM_GET_COMBOBOX 'unit_q_div';
2017-11-27 20:24:30 EXEC SPC_COM_GET_COMBOBOX 'bank_div';
2017-11-27 20:24:30 EXEC SPC_COM_GET_COMBOBOX 'shipment_div';
2017-11-27 20:24:30 EXEC SPC_COM_GET_COMBOBOX 'payment_conditions_div';
2017-11-27 20:24:36 EXEC SPC_056_LIBRARY_MASTER_INQ1 'bank_div';
2017-11-27 20:25:34 EXEC SPC_056_LIBRARY_MASTER_INQ1 'bank_div';
2017-11-27 20:26:57 EXEC SPC_056_LIBRARY_MASTER_INQ1 'bank_div';
2017-11-27 20:27:54 EXEC SPC_056_LIBRARY_MASTER_INQ1 'bank_div';
2017-11-27 20:28:24 EXEC SPC_056_LIBRARY_MASTER_INQ1 'bank_div';
2017-11-27 20:28:50 EXEC SPC_056_LIBRARY_MASTER_INQ1 'bank_div';
2017-11-27 20:29:29 EXEC SPC_056_LIBRARY_MASTER_INQ1 'bank_div';
2017-11-27 20:31:55 EXEC SPC_056_LIBRARY_MASTER_INQ1 'bank_div';
2017-11-27 20:32:22 EXEC SPC_056_LIBRARY_MASTER_INQ1 'bank_div';
2017-11-27 20:33:12 EXEC SPC_056_LIBRARY_MASTER_INQ1 'bank_div';
2017-11-27 20:35:10 EXEC SPC_056_LIBRARY_MASTER_INQ1 'bank_div';
2017-11-27 20:36:43 EXEC SPC_056_LIBRARY_MASTER_INQ1 'bank_div';
2017-11-27 20:37:45 EXEC SPC_056_LIBRARY_MASTER_INQ1 'bank_div';
2017-11-27 20:42:49 EXEC SPC_056_LIBRARY_MASTER_INQ1 'bank_div';
2017-11-27 20:43:33 EXEC SPC_056_LIBRARY_MASTER_INQ1 'bank_div';
2017-11-27 20:44:23 EXEC SPC_056_LIBRARY_MASTER_INQ1 'bank_div';
