2017-11-14 10:32:45 EXEC SPC_COM_GET_COMBOBOX 'possible_div';
2017-11-14 10:32:50 EXEC SPC_057_LIBRARY_MASTER_SEARCH_FND1 '','','','','','1','10';
2017-11-14 10:32:54 EXEC SPC_057_LIBRARY_MASTER_SEARCH_FND1 '','','','','','2','10';
2017-11-14 10:32:56 EXEC SPC_056_LIBRARY_MASTER_FND1 'belong[_]div';
2017-11-14 10:33:03 EXEC SPC_056_LIBRARY_MASTER_FND1 'belong[_]div';
2017-11-14 10:33:31 EXEC SPC_056_LIBRARY_MASTER_FND1 'belong[_]div';
2017-11-14 10:40:03 EXEC SPC_077_USER_MASTER_SEARCH_FND1 '','','','1','10';
2017-11-14 10:40:11 EXEC SPC_COM_GET_COMBOBOX 'possible_div';
2017-11-14 10:40:13 EXEC SPC_COM_GET_COMBOBOX 'possible_div';
2017-11-14 10:42:57 EXEC SPC_057_LIBRARY_MASTER_SEARCH_FND1 '','','','','','1','10';
2017-11-14 10:44:21 EXEC SPC_056_LIBRARY_MASTER_FND1 'bank[_]div';
2017-11-14 10:52:10 EXEC SPC_056_LIBRARY_MASTER_FND1 'bank[_]div';
2017-11-14 10:52:20 EXEC SPC_056_LIBRARY_MASTER_FND1 'bank[_]div';
2017-11-14 10:52:28 EXEC SPC_056_LIBRARY_MASTER_FND1 'bank[_]div';
2017-11-14 10:53:48 EXEC SPC_056_LIBRARY_MASTER_FND1 'bank[_]div';
2017-11-14 10:55:12 EXEC SPC_056_LIBRARY_MASTER_FND1 'bank[_]div';
2017-11-14 10:55:26 EXEC SPC_056_LIBRARY_MASTER_FND1 'bank[_]div';
2017-11-14 10:55:59 EXEC SPC_056_LIBRARY_MASTER_FND1 'bank[_]div';
2017-11-14 10:56:08 EXEC SPC_056_LIBRARY_MASTER_FND1 'bank[_]div';
2017-11-14 10:56:23 EXEC SPC_056_LIBRARY_MASTER_FND1 'bank[_]div';
2017-11-14 10:57:27 EXEC SPC_056_LIBRARY_MASTER_FND1 'bank[_]div';
2017-11-14 10:59:24 EXEC SPC_056_LIBRARY_MASTER_FND1 'bank[_]div';
2017-11-14 11:01:06 EXEC SPC_056_LIBRARY_MASTER_FND1 'bank-[_]div';
2017-11-14 11:15:19 EXEC SPC_056_LIBRARY_MASTER_FND1 'bank_div';
2017-11-14 11:15:34 EXEC SPC_056_LIBRARY_MASTER_FND1 'bank_div';
2017-11-14 11:15:44 EXEC SPC_056_LIBRARY_MASTER_FND1 'bank_div';
2017-11-14 11:15:56 EXEC SPC_056_LIBRARY_MASTER_FND1 'bank_div';
2017-11-14 11:16:13 EXEC SPC_056_LIBRARY_MASTER_FND1 'bank_div';
2017-11-14 11:16:34 EXEC SPC_056_LIBRARY_MASTER_FND1 'bank_div';
2017-11-14 11:17:31 EXEC SPC_056_LIBRARY_MASTER_FND1 'bank_div';
2017-11-14 11:17:39 EXEC SPC_056_LIBRARY_MASTER_FND1 'bank_div';
2017-11-14 11:17:48 EXEC SPC_056_LIBRARY_MASTER_FND1 'bank_div';
2017-11-14 11:18:06 EXEC SPC_056_LIBRARY_MASTER_FND1 'bank_div';
2017-11-14 11:18:48 EXEC SPC_056_LIBRARY_MASTER_FND1 'bank_div';
2017-11-14 11:18:55 EXEC SPC_056_LIBRARY_MASTER_FND1 'bank_div';
2017-11-14 11:19:46 EXEC SPC_056_LIBRARY_MASTER_FND1 'bank_div';
2017-11-14 11:19:55 EXEC SPC_056_LIBRARY_MASTER_FND1 'bank_div';
2017-11-14 11:34:33 EXEC SPC_COM_GET_COMBOBOX 'possible_div';
2017-11-14 11:34:36 EXEC SPC_057_LIBRARY_MASTER_SEARCH_FND1 '','','','','','1','10';
2017-11-14 11:37:01 EXEC SPC_056_LIBRARY_MASTER_LST 'auth_role_div';
2017-11-14 11:37:09 EXEC SPC_056_LIBRARY_MASTER_LST 'auth_role_div';
2017-11-14 11:38:22 EXEC SPC_056_LIBRARY_MASTER_LST 'auth_role_div';
2017-11-14 11:44:23 EXEC SPC_056_LIBRARY_MASTER_LST 'auth_role_div';
2017-11-14 11:44:30 EXEC SPC_COM_GET_COMBOBOX 'possible_div';
2017-11-14 11:44:31 EXEC SPC_057_LIBRARY_MASTER_SEARCH_FND1 '','','','','','1','10';
2017-11-14 11:44:35 EXEC SPC_056_LIBRARY_MASTER_LST 'allocation_div';
2017-11-14 11:45:07 EXEC SPC_056_LIBRARY_MASTER_LST 'allocation_div';
2017-11-14 11:45:13 EXEC SPC_056_LIBRARY_MASTER_LST 'allocation_div';
2017-11-14 11:46:12 EXEC SPC_056_LIBRARY_MASTER_LST 'allocation_div';
2017-11-14 11:46:41 EXEC SPC_056_LIBRARY_MASTER_LST 'allocation_div';
2017-11-14 11:47:55 EXEC SPC_056_LIBRARY_MASTER_LST 'allocation_div';
2017-11-14 11:48:07 EXEC SPC_056_LIBRARY_MASTER_LST 'allocation_div';
2017-11-14 11:48:45 EXEC SPC_056_LIBRARY_MASTER_LST 'allocation_div';
2017-11-14 11:48:56 EXEC SPC_056_LIBRARY_MASTER_LST 'allocation_div';
2017-11-14 11:49:11 EXEC SPC_056_LIBRARY_MASTER_LST 'allocation_div';
2017-11-14 11:50:23 EXEC SPC_056_LIBRARY_MASTER_LST 'allocation_div';
2017-11-14 11:52:10 EXEC SPC_056_LIBRARY_MASTER_LST 'allocation_div';
2017-11-14 11:55:23 EXEC SPC_056_LIBRARY_MASTER_LST 'allocation_div';
2017-11-14 11:57:03 EXEC SPC_056_LIBRARY_MASTER_LST 'allocation_div';
2017-11-14 11:57:58 EXEC SPC_056_LIBRARY_MASTER_LST 'allocation_div';
2017-11-14 11:58:27 EXEC SPC_056_LIBRARY_MASTER_LST 'allocation_div';
2017-11-14 11:58:48 EXEC SPC_056_LIBRARY_MASTER_LST 'allocation_div';
2017-11-14 12:00:04 EXEC SPC_056_LIBRARY_MASTER_LST 'allocation_div';
2017-11-14 12:00:48 EXEC SPC_056_LIBRARY_MASTER_LST 'allocation_div';
2017-11-14 12:01:18 EXEC SPC_056_LIBRARY_MASTER_LST 'allocation_div';
2017-11-14 12:03:28 EXEC SPC_056_LIBRARY_MASTER_LST 'allocation_div';
2017-11-14 12:03:33 EXEC SPC_056_LIBRARY_MASTER_LST 'allocation_div';
2017-11-14 12:03:45 EXEC SPC_056_LIBRARY_MASTER_LST 'allocation_div';
2017-11-14 12:03:49 EXEC SPC_056_LIBRARY_MASTER_LST 'allocation_div';
2017-11-14 12:04:29 EXEC SPC_COM_GET_COMBOBOX 'possible_div';
2017-11-14 12:04:30 EXEC SPC_057_LIBRARY_MASTER_SEARCH_FND1 '','','','','','1','10';
2017-11-14 12:04:33 EXEC SPC_057_LIBRARY_MASTER_SEARCH_FND1 '','','','','1','1','10';
2017-11-14 12:04:37 EXEC SPC_056_LIBRARY_MASTER_LST 'bank_div';
2017-11-14 12:06:31 EXEC SPC_056_LIBRARY_MASTER_LST 'bank_div';
2017-11-14 12:07:23 EXEC SPC_056_LIBRARY_MASTER_LST 'bank_div';
2017-11-14 12:10:38 EXEC SPC_056_LIBRARY_MASTER_LST 'bank_div';
2017-11-14 12:15:00 EXEC SPC_056_LIBRARY_MASTER_LST 'bank_div';
2017-11-14 12:16:15 EXEC SPC_COM_GET_COMBOBOX 'possible_div';
2017-11-14 12:16:18 EXEC SPC_057_LIBRARY_MASTER_SEARCH_FND1 '','','','','','1','10';
2017-11-14 12:16:23 EXEC SPC_057_LIBRARY_MASTER_SEARCH_FND1 '','','','','0','1','10';
2017-11-14 12:16:25 EXEC SPC_057_LIBRARY_MASTER_SEARCH_FND1 '','','','','0','2','10';
2017-11-14 12:16:28 EXEC SPC_056_LIBRARY_MASTER_LST 'belong_div';
2017-11-14 12:16:49 EXEC SPC_COM_GET_COMBOBOX 'possible_div';
2017-11-14 12:24:56 EXEC SPC_057_LIBRARY_MASTER_SEARCH_FND1 '','','','','','1','10';
2017-11-14 12:25:07 EXEC SPC_057_LIBRARY_MASTER_SEARCH_FND1 '','','','システム管理者','','1','10';
2017-11-14 12:25:12 EXEC SPC_057_LIBRARY_MASTER_SEARCH_FND1 '','','','システム管理者','','1','10';
2017-11-14 12:25:15 EXEC SPC_057_LIBRARY_MASTER_SEARCH_FND1 '','','','','','1','10';
2017-11-14 12:26:52 EXEC SPC_COM_GET_COMBOBOX 'possible_div';
2017-11-14 12:26:53 EXEC SPC_057_LIBRARY_MASTER_SEARCH_FND1 '','','','','','1','10';
2017-11-14 12:27:01 EXEC SPC_057_LIBRARY_MASTER_SEARCH_FND1 '','','','その他','','1','10';
2017-11-14 12:27:07 EXEC SPC_057_LIBRARY_MASTER_SEARCH_FND1 '','','','その他','','1','10';
2017-11-14 12:27:13 EXEC SPC_057_LIBRARY_MASTER_SEARCH_FND1 '','','','NULL','','1','10';
2017-11-14 12:30:04 EXEC SPC_057_LIBRARY_MASTER_SEARCH_FND1 '','','','NULL','','1','10';
2017-11-14 12:30:23 EXEC SPC_057_LIBRARY_MASTER_SEARCH_FND1 '','','','','','1','10';
2017-11-14 12:32:31 EXEC SPC_COM_GET_COMBOBOX 'possible_div';
2017-11-14 12:32:41 EXEC SPC_057_LIBRARY_MASTER_SEARCH_FND1 '','','','','','1','10';
2017-11-14 12:32:49 EXEC SPC_057_LIBRARY_MASTER_SEARCH_FND1 '','','','金額','','1','10';
2017-11-14 12:32:54 EXEC SPC_057_LIBRARY_MASTER_SEARCH_FND1 '','','','','','1','10';
2017-11-14 12:33:04 EXEC SPC_057_LIBRARY_MASTER_SEARCH_FND1 '','','','三井住友銀行川口支店','','1','10';
2017-11-14 12:33:13 EXEC SPC_057_LIBRARY_MASTER_SEARCH_FND1 '','','','Sumitomo Mitsui Banking Corporation','','1','10';
2017-11-14 12:33:15 EXEC SPC_057_LIBRARY_MASTER_SEARCH_FND1 '','','','Sumitomo Mitsui Banking Corporation','','1','10';
2017-11-14 12:33:35 EXEC SPC_057_LIBRARY_MASTER_SEARCH_FND1 '','','','Sumitomo Mitsui Banking Corporation(0009)','','1','10';
2017-11-14 12:34:12 EXEC SPC_057_LIBRARY_MASTER_SEARCH_FND1 '','','','','','1','10';
2017-11-14 12:34:14 EXEC SPC_057_LIBRARY_MASTER_SEARCH_FND1 '','','','','','1','10';
2017-11-14 12:34:24 EXEC SPC_COM_GET_COMBOBOX 'possible_div';
2017-11-14 12:34:25 EXEC SPC_057_LIBRARY_MASTER_SEARCH_FND1 '','','','','','1','10';
2017-11-14 12:34:33 EXEC SPC_057_LIBRARY_MASTER_SEARCH_FND1 '','','','','','1','10';
2017-11-14 12:34:50 EXEC SPC_057_LIBRARY_MASTER_SEARCH_FND1 '','','','','','1','10';
2017-11-14 12:34:56 EXEC SPC_057_LIBRARY_MASTER_SEARCH_FND1 '','','','','','1','10';
2017-11-14 12:35:47 EXEC SPC_057_LIBRARY_MASTER_SEARCH_FND1 '','','','','','1','10';
2017-11-14 12:35:58 EXEC SPC_056_LIBRARY_MASTER_LST 'bank_div';
2017-11-14 12:36:03 EXEC SPC_COM_GET_COMBOBOX 'possible_div';
2017-11-14 12:36:05 EXEC SPC_057_LIBRARY_MASTER_SEARCH_FND1 '','','','','','1','10';
2017-11-14 12:36:11 EXEC SPC_056_LIBRARY_MASTER_LST 'bank_div';
2017-11-14 12:36:14 EXEC SPC_COM_GET_COMBOBOX 'possible_div';
2017-11-14 12:36:16 EXEC SPC_057_LIBRARY_MASTER_SEARCH_FND1 '','','','','','1','10';
2017-11-14 12:37:38 EXEC SPC_057_LIBRARY_MASTER_SEARCH_FND1 '','','','','','1','10';
2017-11-14 12:37:40 EXEC SPC_COM_GET_COMBOBOX 'possible_div';
2017-11-14 12:37:42 EXEC SPC_057_LIBRARY_MASTER_SEARCH_FND1 '','','','','','1','10';
2017-11-14 12:38:41 EXEC SPC_057_LIBRARY_MASTER_SEARCH_FND1 '','','','','','1','10';
2017-11-14 12:40:17 EXEC SPC_057_LIBRARY_MASTER_SEARCH_FND1 '','','','','','1','10';
2017-11-14 12:40:34 EXEC SPC_057_LIBRARY_MASTER_SEARCH_FND1 '','','','','','1','10';
2017-11-14 12:45:50 EXEC SPC_COM_GET_COMBOBOX 'possible_div';
2017-11-14 12:46:14 EXEC SPC_057_LIBRARY_MASTER_SEARCH_FND1 '','','','','','1','10';
2017-11-14 12:47:00 EXEC SPC_COM_GET_COMBOBOX 'possible_div';
2017-11-14 12:47:01 EXEC SPC_057_LIBRARY_MASTER_SEARCH_FND1 '','','','','','1','10';
2017-11-14 14:55:45 EXEC SPC_COM_GET_COMBOBOX 'possible_div';
2017-11-14 14:57:08 EXEC SPC_COM_GET_COMBOBOX 'possible_div';
2017-11-14 14:57:15 EXEC SPC_057_LIBRARY_MASTER_SEARCH_FND1 '','','','','','1','10';
2017-11-14 14:57:20 EXEC SPC_057_LIBRARY_MASTER_SEARCH_FND1 '','','allocation','','','1','10';
2017-11-14 14:57:25 EXEC SPC_057_LIBRARY_MASTER_SEARCH_FND1 'allocation','','','','','1','10';
2017-11-14 14:57:29 EXEC SPC_057_LIBRARY_MASTER_SEARCH_FND1 'allocation_div','','','','','1','10';
2017-11-14 14:57:33 EXEC SPC_057_LIBRARY_MASTER_SEARCH_FND1 '','','','','','1','10';
2017-11-14 14:57:36 EXEC SPC_057_LIBRARY_MASTER_SEARCH_FND1 'allocation_div','','','','','1','10';
2017-11-14 15:01:20 EXEC SPC_COM_GET_COMBOBOX 'possible_div';
2017-11-14 15:02:24 EXEC SPC_057_LIBRARY_MASTER_SEARCH_FND1 '','','','','','1','10';
2017-11-14 15:03:14 EXEC SPC_057_LIBRARY_MASTER_SEARCH_FND1 '','','','システム管理者','','1','10';
2017-11-14 15:03:23 EXEC SPC_COM_GET_COMBOBOX 'possible_div';
2017-11-14 15:03:33 EXEC SPC_057_LIBRARY_MASTER_SEARCH_FND1 '','','','','','1','10';
2017-11-14 15:03:37 EXEC SPC_COM_GET_COMBOBOX 'possible_div';
2017-11-14 15:04:25 EXEC SPC_057_LIBRARY_MASTER_SEARCH_FND1 '','','','システム管理者','','1','10';
2017-11-14 15:05:00 EXEC SPC_057_LIBRARY_MASTER_SEARCH_FND1 '','','','システム管理者','','1','10';
2017-11-14 15:05:04 EXEC SPC_057_LIBRARY_MASTER_SEARCH_FND1 '','','','','','1','10';
2017-11-14 15:05:39 EXEC SPC_057_LIBRARY_MASTER_SEARCH_FND1 'allocation','配分方法','000','パーセント','0','1','10';
2017-11-14 15:05:54 EXEC SPC_COM_GET_COMBOBOX 'possible_div';
2017-11-14 15:08:14 EXEC SPC_057_LIBRARY_MASTER_SEARCH_FND1 'allocation','配分方法','000','パーセント','0','1','10';
2017-11-14 15:17:01 EXEC SPC_057_LIBRARY_MASTER_SEARCH_FND1 'allocation','配分方法','000','パーセント','0','1','10';
2017-11-14 16:22:57 EXEC SPC_COM_GET_COMBOBOX 'possible_div';
2017-11-14 16:23:26 EXEC SPC_COM_GET_COMBOBOX 'possible_div';
2017-11-14 16:35:02 EXEC SPC_057_LIBRARY_MASTER_SEARCH_FND1 '','','','','','1','10';
2017-11-14 16:35:06 EXEC SPC_057_LIBRARY_MASTER_SEARCH_FND1 '','','','金額','','1','10';
2017-11-14 16:35:10 EXEC SPC_057_LIBRARY_MASTER_SEARCH_FND1 '','','','金額','0','1','10';
2017-11-14 16:37:37 EXEC SPC_057_LIBRARY_MASTER_SEARCH_FND1 '','','','金額','0','1','10';
2017-11-14 16:38:03 EXEC SPC_057_LIBRARY_MASTER_SEARCH_FND1 '','','','金額','0','1','10';
2017-11-14 16:38:11 EXEC SPC_057_LIBRARY_MASTER_SEARCH_FND1 '','','','金額','1','1','10';
2017-11-14 16:38:24 EXEC SPC_057_LIBRARY_MASTER_SEARCH_FND1 '','','','','1','1','10';
2017-11-14 16:38:30 EXEC SPC_057_LIBRARY_MASTER_SEARCH_FND1 '','','','','1','28','50';
2017-11-14 16:39:22 EXEC SPC_057_LIBRARY_MASTER_SEARCH_FND1 '','','','','','1','50';
2017-11-14 16:39:27 EXEC SPC_057_LIBRARY_MASTER_SEARCH_FND1 '','','','','','1','10';
2017-11-14 16:43:02 EXEC SPC_057_LIBRARY_MASTER_SEARCH_FND1 '','','','','','2','10';
2017-11-14 16:44:18 EXEC SPC_056_LIBRARY_MASTER_INQ1 'belong_div';
2017-11-14 16:57:16 EXEC SPC_COM_GET_COMBOBOX 'possible_div';
2017-11-14 17:02:39 EXEC SPC_057_LIBRARY_MASTER_SEARCH_FND1 '','','','','','1','10';
2017-11-14 17:04:37 EXEC SPC_057_LIBRARY_MASTER_SEARCH_FND1 '','','','','','48','10';
2017-11-14 17:04:54 EXEC SPC_057_LIBRARY_MASTER_SEARCH_FND1 '','','','','','1','10';
2017-11-14 17:07:53 EXEC SPC_COM_GET_COMBOBOX 'possible_div';
2017-11-14 17:09:30 EXEC SPC_057_LIBRARY_MASTER_SEARCH_FND1 '','','','','','1','10';
2017-11-14 17:11:39 EXEC SPC_057_LIBRARY_MASTER_SEARCH_FND1 '','','','','','2','10';
2017-11-14 17:11:41 EXEC SPC_057_LIBRARY_MASTER_SEARCH_FND1 '','','','','','3','10';
2017-11-14 17:11:42 EXEC SPC_057_LIBRARY_MASTER_SEARCH_FND1 '','','','','','48','10';
2017-11-14 17:11:44 EXEC SPC_057_LIBRARY_MASTER_SEARCH_FND1 '','','','','','47','10';
2017-11-14 17:11:59 EXEC SPC_COM_GET_COMBOBOX 'possible_div';
2017-11-14 17:12:12 EXEC SPC_057_LIBRARY_MASTER_SEARCH_FND1 '','','','','','1','10';
2017-11-14 17:12:48 EXEC SPC_057_LIBRARY_MASTER_SEARCH_FND1 '','','','','','1','10';
2017-11-14 17:12:52 EXEC SPC_057_LIBRARY_MASTER_SEARCH_FND1 '','','','','1','1','10';
2017-11-14 17:12:54 EXEC SPC_057_LIBRARY_MASTER_SEARCH_FND1 '','','','','0','1','10';
2017-11-14 17:12:57 EXEC SPC_057_LIBRARY_MASTER_SEARCH_FND1 '','','','','','1','10';
2017-11-14 17:13:57 EXEC SPC_056_LIBRARY_MASTER_INQ1 'auth_role_div';
2017-11-14 18:33:49 EXEC SPC_056_LIBRARY_MASTER_INQ1 'auth_role_div';
2017-11-14 18:55:40 EXEC SPC_056_LIBRARY_MASTER_INQ1 'auth_role_div';
2017-11-14 18:59:13 EXEC SPC_056_LIBRARY_MASTER_INQ1 'auth_role_div';
2017-11-14 18:59:16 EXEC SPC_COM_GET_COMBOBOX 'possible_div';
2017-11-14 18:59:21 EXEC SPC_057_LIBRARY_MASTER_SEARCH_FND1 '','','','','','1','10';
2017-11-14 19:08:06 EXEC SPC_057_LIBRARY_MASTER_SEARCH_FND1 '','','','','0','1','10';
2017-11-14 19:09:07 EXEC SPC_057_LIBRARY_MASTER_SEARCH_FND1 '','','','','0','20','10';
2017-11-14 19:09:11 EXEC SPC_057_LIBRARY_MASTER_SEARCH_FND1 '','','','','0','19','50';
2017-11-14 19:09:38 EXEC SPC_056_LIBRARY_MASTER_INQ1 'shipment_div';
