2018-03-13 10:29:27 EXEC SPC_073_LOGIN_ACT1 '001','123456';
2018-03-13 10:29:27 EXEC SPC_GET_CONSTANT '';
2018-03-13 10:29:41 EXEC SPC_COM_GET_COMBOBOX 'buy_status_div';
2018-03-13 10:30:02 EXEC SPC_COM_GET_COMBOBOX 'forwarding_div';
2018-03-13 10:30:03 EXEC SPC_COM_GET_COMBOBOX 'packing_method_div';
2018-03-13 10:30:03 EXEC SPC_COM_GET_COMBOBOX 'forwarder_div';
2018-03-13 10:30:03 EXEC SPC_COM_GET_COMBOBOX 'forwarding_way_div';
2018-03-13 10:30:03 EXEC SPC_COM_GET_COMBOBOX 'forwarding_warehouse_div';
2018-03-13 10:30:07 EXEC SPC_010_SHIPMENT_DETAIL_INQ1 'J-18010007';
2018-03-13 10:30:11 EXEC SPC_010_SHIPMENT_DETAIL_INQ1 'J-18010018';
2018-03-13 10:30:14 EXEC SPC_COM_GET_COMBOBOX 'production_status_div';
2018-03-13 10:30:14 EXEC SPC_102_SHIPMENT_SERIAL_SEARCH_FND2 'J-18010018','000115';
2018-03-13 10:30:14 EXEC SPC_COM_GET_COMBOBOX 'serial_forward_div';
2018-03-13 10:30:38 EXEC SPC_COM_GET_COMBOBOX 'serial_forward_div';
2018-03-13 10:30:38 EXEC SPC_COM_GET_COMBOBOX 'production_status_div';
2018-03-13 10:30:38 EXEC SPC_102_SHIPMENT_SERIAL_SEARCH_FND2 'J-18010018','000115';
2018-03-13 10:30:47 EXEC SPC_102_SHIPMENT_SERIAL_SEARCH_FND1 '000115','','','','','';
2018-03-13 10:31:21 EXEC SPC_102_SHIPMENT_SERIAL_SEARCH_FND2 'J-18010018','000115';
2018-03-13 10:31:21 EXEC SPC_COM_GET_COMBOBOX 'serial_forward_div';
2018-03-13 10:31:21 EXEC SPC_COM_GET_COMBOBOX 'production_status_div';
2018-03-13 10:31:52 EXEC SPC_COM_GET_COMBOBOX 'forwarding_way_div';
2018-03-13 10:31:52 EXEC SPC_COM_GET_COMBOBOX 'forwarder_div';
2018-03-13 10:31:52 EXEC SPC_COM_GET_COMBOBOX 'forwarding_div';
2018-03-13 10:31:52 EXEC SPC_COM_GET_COMBOBOX 'forwarding_warehouse_div';
2018-03-13 10:31:52 EXEC SPC_COM_GET_COMBOBOX 'packing_method_div';
2018-03-13 10:31:55 EXEC SPC_010_SHIPMENT_DETAIL_INQ1 'J-18010007';
2018-03-13 10:32:03 EXEC SPC_010_SHIPMENT_DETAIL_INQ1 'J-18010018';
2018-03-13 10:32:06 EXEC SPC_COM_GET_COMBOBOX 'production_status_div';
2018-03-13 10:32:06 EXEC SPC_102_SHIPMENT_SERIAL_SEARCH_FND2 'J-18010018','000115';
2018-03-13 10:32:06 EXEC SPC_COM_GET_COMBOBOX 'serial_forward_div';
2018-03-13 10:32:36 EXEC SPC_COM_GET_COMBOBOX 'forwarding_way_div';
2018-03-13 10:32:36 EXEC SPC_COM_GET_COMBOBOX 'forwarding_warehouse_div';
2018-03-13 10:32:36 EXEC SPC_COM_GET_COMBOBOX 'forwarding_div';
2018-03-13 10:32:36 EXEC SPC_COM_GET_COMBOBOX 'packing_method_div';
2018-03-13 10:32:39 EXEC SPC_010_SHIPMENT_DETAIL_INQ1 'J-18010007';
2018-03-13 10:32:42 EXEC SPC_010_SHIPMENT_DETAIL_INQ1 'J-18010018';
2018-03-13 10:32:46 EXEC SPC_COM_GET_COMBOBOX 'serial_forward_div';
2018-03-13 10:32:46 EXEC SPC_COM_GET_COMBOBOX 'production_status_div';
2018-03-13 10:32:46 EXEC SPC_102_SHIPMENT_SERIAL_SEARCH_FND2 'J-18010018','000115';
2018-03-13 10:33:20 EXEC SPC_COM_GET_COMBOBOX 'serial_forward_div';
2018-03-13 10:33:20 EXEC SPC_COM_GET_COMBOBOX 'production_status_div';
2018-03-13 10:33:21 EXEC SPC_102_SHIPMENT_SERIAL_SEARCH_FND2 'J-18010018','000115';
2018-03-13 10:36:43 EXEC SPC_COM_GET_COMBOBOX 'forwarding_div';
2018-03-13 10:36:43 EXEC SPC_COM_GET_COMBOBOX 'forwarding_way_div';
2018-03-13 10:36:43 EXEC SPC_COM_GET_COMBOBOX 'forwarding_warehouse_div';
2018-03-13 10:36:43 EXEC SPC_COM_GET_COMBOBOX 'packing_method_div';
2018-03-13 10:36:43 EXEC SPC_COM_GET_COMBOBOX 'forwarder_div';
2018-03-13 10:36:45 EXEC SPC_010_SHIPMENT_DETAIL_INQ1 'J-18010007';
2018-03-13 10:36:49 EXEC SPC_010_SHIPMENT_DETAIL_INQ1 'J-18010018';
2018-03-13 10:36:52 EXEC SPC_COM_GET_COMBOBOX 'production_status_div';
2018-03-13 10:36:52 EXEC SPC_102_SHIPMENT_SERIAL_SEARCH_FND2 'J-18010018','000115';
2018-03-13 10:36:52 EXEC SPC_COM_GET_COMBOBOX 'serial_forward_div';
2018-03-13 10:36:52 EXEC SPC_102_SHIPMENT_SERIAL_SEARCH_FND3 '','4';
2018-03-13 10:37:13 EXEC SPC_COM_GET_COMBOBOX 'forwarding_div';
2018-03-13 10:37:13 EXEC SPC_COM_GET_COMBOBOX 'forwarding_way_div';
2018-03-13 10:37:13 EXEC SPC_COM_GET_COMBOBOX 'forwarder_div';
2018-03-13 10:37:13 EXEC SPC_COM_GET_COMBOBOX 'packing_method_div';
2018-03-13 10:37:13 EXEC SPC_COM_GET_COMBOBOX 'forwarding_warehouse_div';
2018-03-13 10:37:15 EXEC SPC_010_SHIPMENT_DETAIL_INQ1 'J-18010007';
2018-03-13 10:37:19 EXEC SPC_010_SHIPMENT_DETAIL_INQ1 'J-18010018';
2018-03-13 10:37:22 EXEC SPC_102_SHIPMENT_SERIAL_SEARCH_FND2 'J-18010018','000115';
2018-03-13 10:37:22 EXEC SPC_COM_GET_COMBOBOX 'production_status_div';
2018-03-13 10:37:22 EXEC SPC_102_SHIPMENT_SERIAL_SEARCH_FND3 '','3';
2018-03-13 10:37:22 EXEC SPC_COM_GET_COMBOBOX 'serial_forward_div';
2018-03-13 10:37:38 EXEC SPC_COM_GET_COMBOBOX 'forwarding_way_div';
2018-03-13 10:37:38 EXEC SPC_COM_GET_COMBOBOX 'packing_method_div';
2018-03-13 10:37:38 EXEC SPC_COM_GET_COMBOBOX 'forwarding_div';
2018-03-13 10:37:38 EXEC SPC_COM_GET_COMBOBOX 'forwarding_warehouse_div';
2018-03-13 10:37:38 EXEC SPC_COM_GET_COMBOBOX 'forwarder_div';
2018-03-13 10:38:28 EXEC SPC_010_SHIPMENT_DETAIL_INQ1 'J-18010007';
2018-03-13 10:38:32 EXEC SPC_010_SHIPMENT_DETAIL_INQ1 'J-18010018';
2018-03-13 10:38:34 EXEC SPC_COM_GET_COMBOBOX 'production_status_div';
2018-03-13 10:38:34 EXEC SPC_COM_GET_COMBOBOX 'serial_forward_div';
2018-03-13 10:38:35 EXEC SPC_102_SHIPMENT_SERIAL_SEARCH_FND2 'J-18010018','000115';
2018-03-13 10:38:35 EXEC SPC_102_SHIPMENT_SERIAL_SEARCH_FND3 '','3';
2018-03-13 10:39:14 EXEC SPC_102_SHIPMENT_SERIAL_SEARCH_FND1 '000115','','','','','';
2018-03-13 10:43:10 EXEC SPC_COM_GET_COMBOBOX 'inv_data_div';
2018-03-13 10:43:12 EXEC SPC_015_INVOICE_SEARCH_FND1 '','','','','','','','','1','10';
2018-03-13 10:43:19 EXEC SPC_015_INVOICE_SEARCH_FND1 '','','','','','','','0','1','10';
2018-03-13 10:43:22 EXEC SPC_015_INVOICE_SEARCH_FND1 '','','','','','','','1','1','10';
2018-03-13 10:44:10 EXEC SPC_015_INVOICE_SEARCH_FND1 '','','','','','','','1','1','10';
2018-03-13 10:44:14 EXEC SPC_COM_GET_COMBOBOX 'port_country_div';
2018-03-13 10:44:14 EXEC SPC_COM_GET_COMBOBOX 'sales_detail_div';
2018-03-13 10:44:15 EXEC SPC_COM_GET_COMBOBOX 'unit_q_div';
2018-03-13 10:44:15 EXEC SPC_COM_GET_COMBOBOX 'unit_w_div';
2018-03-13 10:44:16 EXEC SPC_COM_GET_COMBOBOX 'unit_m_div';
2018-03-13 10:44:16 EXEC SPC_COM_GET_COMBOBOX 'storage_manager_div';
2018-03-13 10:44:16 EXEC SPC_COM_GET_COMBOBOX 'trade_terms_div';
2018-03-13 10:44:16 EXEC SPC_COM_GET_COMBOBOX 'payment_conditions_div';
2018-03-13 10:44:16 EXEC SPC_COM_GET_COMBOBOX 'port_city_div';
2018-03-13 10:44:16 EXEC SPC_COM_GET_COMBOBOX 'currency_div';
2018-03-13 10:44:16 EXEC SPC_COM_GET_COMBOBOX 'shipment_div';
2018-03-13 10:44:19 EXEC SPC_COM_GET_COMBOBOX 'inv_data_div';
2018-03-13 10:44:23 EXEC SPC_015_INVOICE_SEARCH_FND1 '','','','','','','','','1','10';
2018-03-13 10:44:26 EXEC SPC_015_INVOICE_SEARCH_FND1 '','','','','','','','0','1','10';
2018-03-13 10:44:30 EXEC SPC_COM_GET_COMBOBOX 'shipment_div';
2018-03-13 10:44:30 EXEC SPC_COM_GET_COMBOBOX 'port_city_div';
2018-03-13 10:44:30 EXEC SPC_COM_GET_COMBOBOX 'trade_terms_div';
2018-03-13 10:44:30 EXEC SPC_COM_GET_COMBOBOX 'currency_div';
2018-03-13 10:44:30 EXEC SPC_COM_GET_COMBOBOX 'port_country_div';
2018-03-13 10:44:30 EXEC SPC_COM_GET_COMBOBOX 'payment_conditions_div';
2018-03-13 10:44:30 EXEC SPC_COM_GET_COMBOBOX 'unit_m_div';
2018-03-13 10:44:30 EXEC SPC_COM_GET_COMBOBOX 'unit_w_div';
2018-03-13 10:44:30 EXEC SPC_COM_GET_COMBOBOX 'unit_q_div';
2018-03-13 10:44:30 EXEC SPC_COM_GET_COMBOBOX 'sales_detail_div';
2018-03-13 10:44:30 EXEC SPC_COM_GET_COMBOBOX 'storage_manager_div';
2018-03-13 10:44:43 EXEC SPC_COM_GET_COMBOBOX 'inv_data_div';
2018-03-13 10:44:47 EXEC SPC_015_INVOICE_SEARCH_FND1 '','','','','','','','1','1','10';
2018-03-13 10:44:50 EXEC SPC_015_INVOICE_SEARCH_FND1 '','','','','','','','0','1','10';
2018-03-13 10:44:53 EXEC SPC_015_INVOICE_SEARCH_FND1 '','','','','','','','','1','10';
2018-03-13 10:45:20 EXEC SPC_015_INVOICE_SEARCH_FND1 '','','','','','','','','1','50';
2018-03-13 10:45:21 EXEC SPC_015_INVOICE_SEARCH_FND1 '','','','','','','','','1','50';
2018-03-13 10:45:25 EXEC SPC_015_INVOICE_SEARCH_FND1 '','','','','','','','','1','10';
2018-03-13 10:45:29 EXEC SPC_015_INVOICE_SEARCH_FND1 '','','','','','','','','1','10';
2018-03-13 10:49:34 EXEC SPC_COM_GET_COMBOBOX 'inv_data_div';
2018-03-13 10:49:35 EXEC SPC_015_INVOICE_SEARCH_FND1 '','','','','','','','','1','10';
2018-03-13 10:49:46 EXEC SPC_015_INVOICE_SEARCH_FND1 '2018/02/21','2018/03/03','E-180301001','','','','','','1','10';
2018-03-13 10:49:53 EXEC SPC_015_INVOICE_SEARCH_FND1 '','','E-180301001','','','','','','1','10';
2018-03-13 10:50:04 EXEC SPC_015_INVOICE_SEARCH_FND1 '','','E-180301001','','','','','','3','10';
2018-03-13 10:50:09 EXEC SPC_015_INVOICE_SEARCH_FND1 '','','E-180301002','','','','','','1','10';
2018-03-13 10:50:17 EXEC SPC_015_INVOICE_SEARCH_FND1 '','','E-180301354','','','','','','1','10';
2018-03-13 10:50:24 EXEC SPC_015_INVOICE_SEARCH_FND1 '','','','','','','','','1','10';
2018-03-13 10:52:18 EXEC SPC_COM_GET_COMBOBOX 'inv_data_div';
2018-03-13 10:52:19 EXEC SPC_015_INVOICE_SEARCH_FND1 '','','','','','','','','1','10';
2018-03-13 10:52:24 EXEC SPC_015_INVOICE_SEARCH_FND1 '','','E-180301','','','','','','1','10';
2018-03-13 10:52:29 EXEC SPC_015_INVOICE_SEARCH_FND1 '','','E-180301','','','','','','4','10';
2018-03-13 10:52:59 EXEC SPC_015_INVOICE_SEARCH_FND1 '','','E-180301 00','','','','','','1','10';
2018-03-13 10:53:07 EXEC SPC_015_INVOICE_SEARCH_FND1 '','','E-180301 01','','','','','','1','10';
2018-03-13 11:05:49 EXEC SPC_015_INVOICE_SEARCH_FND1 '','','','','','','','','1','10';
2018-03-13 11:26:55 EXEC SPC_015_INVOICE_SEARCH_FND1 '','','','','','','','','1','0';
2018-03-13 11:27:32 EXEC SPC_015_INVOICE_SEARCH_FND1 '','','','','','','','','4','10';
2018-03-13 11:33:44 EXEC SPC_015_INVOICE_SEARCH_FND1 '','','','','','','','1','1','10';
2018-03-13 11:33:48 EXEC SPC_015_INVOICE_SEARCH_FND1 '','','','','','','','0','1','10';
2018-03-13 11:33:50 EXEC SPC_015_INVOICE_SEARCH_FND1 '','','','','','','','0','3','10';
2018-03-13 11:33:58 EXEC SPC_015_INVOICE_SEARCH_FND1 '','','','','','AD','','0','1','10';
2018-03-13 11:34:02 EXEC SPC_015_INVOICE_SEARCH_FND1 '','','','','','AD','','0','3','10';
2018-03-13 11:34:07 EXEC SPC_015_INVOICE_SEARCH_FND1 '','','','','','ADD','','0','1','10';
2018-03-13 11:34:13 EXEC SPC_015_INVOICE_SEARCH_FND1 '','','','','','','','0','1','10';
2018-03-13 12:02:44 EXEC SPC_COM_GET_COMBOBOX 'forwarding_div';
2018-03-13 12:02:45 EXEC SPC_COM_GET_COMBOBOX 'forwarding_warehouse_div';
2018-03-13 12:02:45 EXEC SPC_COM_GET_COMBOBOX 'packing_method_div';
2018-03-13 12:02:45 EXEC SPC_COM_GET_COMBOBOX 'forwarder_div';
2018-03-13 12:02:45 EXEC SPC_COM_GET_COMBOBOX 'forwarding_way_div';
2018-03-13 12:16:09 EXEC SPC_COM_GET_COMBOBOX 'inv_data_div';
2018-03-13 12:16:38 EXEC SPC_COM_GET_COMBOBOX 'inv_data_div';
2018-03-13 12:16:39 EXEC SPC_015_INVOICE_SEARCH_FND1 '','','','','','','','','1','10';
2018-03-13 12:16:43 EXEC SPC_015_INVOICE_SEARCH_FND1 '','','E-180301001','','','','','','1','10';
2018-03-13 12:17:02 EXEC SPC_015_INVOICE_SEARCH_FND1 '','','E-180301 01','','','','','','1','10';
2018-03-13 12:17:10 EXEC SPC_015_INVOICE_SEARCH_FND1 '','','E-180301 02','','','','','','1','10';
2018-03-13 12:25:36 EXEC SPC_COM_GET_COMBOBOX 'forwarding_div';
2018-03-13 12:25:36 EXEC SPC_COM_GET_COMBOBOX 'forwarding_way_div';
2018-03-13 12:25:36 EXEC SPC_COM_GET_COMBOBOX 'forwarding_warehouse_div';
2018-03-13 12:25:36 EXEC SPC_COM_GET_COMBOBOX 'packing_method_div';
2018-03-13 12:25:36 EXEC SPC_COM_GET_COMBOBOX 'forwarder_div';
2018-03-13 12:31:05 EXEC SPC_103_CHECK_LIST_INQ1 '';
2018-03-13 15:09:30 EXEC SPC_COM_GET_COMBOBOX 'inv_data_div';
2018-03-13 15:09:32 EXEC SPC_015_INVOICE_SEARCH_FND1 '','','','','','','','','1','10';
2018-03-13 16:02:27 EXEC SPC_COM_GET_COMBOBOX 'inv_data_div';
2018-03-13 16:02:29 EXEC SPC_015_INVOICE_SEARCH_FND1 '','','','','','','','','1','10';
2018-03-13 16:02:48 EXEC SPC_COM_GET_COMBOBOX 'port_country_div';
2018-03-13 16:02:49 EXEC SPC_COM_GET_COMBOBOX 'sales_detail_div';
2018-03-13 16:02:49 EXEC SPC_COM_GET_COMBOBOX 'unit_q_div';
2018-03-13 16:02:49 EXEC SPC_COM_GET_COMBOBOX 'trade_terms_div';
2018-03-13 16:02:49 EXEC SPC_COM_GET_COMBOBOX 'shipment_div';

2018-03-13 16:02:50 EXEC SPC_COM_GET_COMBOBOX 'payment_conditions_div';
2018-03-13 16:02:50 EXEC SPC_COM_GET_COMBOBOX 'currency_div';
2018-03-13 16:02:50 EXEC SPC_COM_GET_COMBOBOX 'unit_w_div';
2018-03-13 16:02:50 EXEC SPC_COM_GET_COMBOBOX 'storage_manager_div';
2018-03-13 16:02:50 EXEC SPC_COM_GET_COMBOBOX 'unit_m_div';
2018-03-13 16:02:53 EXEC SPC_COM_GET_COMBOBOX 'inv_data_div';
2018-03-13 16:02:54 EXEC SPC_015_INVOICE_SEARCH_FND1 '','','','','','','','','1','10';
2018-03-13 16:04:00 EXEC SPC_COM_GET_COMBOBOX 'inv_data_div';
2018-03-13 16:04:06 EXEC SPC_015_INVOICE_SEARCH_FND1 '','','','','','','','','1','10';
2018-03-13 16:04:17 EXEC SPC_COM_GET_COMBOBOX 'inv_data_div';
2018-03-13 16:04:19 EXEC SPC_015_INVOICE_SEARCH_FND1 '','','','','','','','','1','10';
2018-03-13 16:04:23 EXEC SPC_GET_CONSTANT '';
2018-03-13 16:04:23 EXEC SPC_016_INVOICE_EXPORT_ACT1 '[{"inv_no":"E-180301001"}]','','015-invoice-search','';
2018-03-13 16:37:48 EXEC SPC_GET_CONSTANT '';
2018-03-13 16:37:48 EXEC SPC_016_INVOICE_EXPORT_ACT1 '[{"inv_no":"E-180301001"},{"inv_no":"E-180301001"},{"inv_no":"E-180301001"},{"inv_no":"E-180301001"},{"inv_no":"E-180301001"},{"inv_no":"E-180301001"},{"inv_no":"E-180301001"},{"inv_no":"E-180301001"},{"inv_no":"E-180301001"},{"inv_no":"E-180301001"}]','','015-invoice-search','';
2018-03-13 16:37:57 EXEC SPC_015_INVOICE_SEARCH_FND1 '','','','','','','','1','1','10';
2018-03-13 16:38:01 EXEC SPC_GET_CONSTANT '';
2018-03-13 16:38:01 EXEC SPC_016_INVOICE_EXPORT_ACT1 '[{"inv_no":"E-180301002"},{"inv_no":"E-180301003"}]','','015-invoice-search','';
2018-03-13 17:24:29 EXEC SPC_GET_CONSTANT '';
2018-03-13 17:24:29 EXEC SPC_016_INVOICE_EXPORT_ACT1 '[{"inv_no":"E-180301003"}]','','015-invoice-search','';
2018-03-13 17:37:49 EXEC SPC_015_INVOICE_SEARCH_FND1 '','','','','','','','','1','10';
2018-03-13 17:37:53 EXEC SPC_COM_GET_COMBOBOX 'port_city_div';
2018-03-13 17:37:54 EXEC SPC_COM_GET_COMBOBOX 'sales_detail_div';
2018-03-13 17:37:54 EXEC SPC_COM_GET_COMBOBOX 'unit_q_div';
2018-03-13 17:37:55 EXEC SPC_COM_GET_COMBOBOX 'trade_terms_div';
2018-03-13 17:37:55 EXEC SPC_COM_GET_COMBOBOX 'shipment_div';
2018-03-13 17:37:55 EXEC SPC_COM_GET_COMBOBOX 'unit_w_div';
2018-03-13 17:37:55 EXEC SPC_COM_GET_COMBOBOX 'port_country_div';
2018-03-13 17:37:55 EXEC SPC_COM_GET_COMBOBOX 'currency_div';
ns_div';
2018-03-13 17:37:55 EXEC SPC_COM_GET_COMBOBOX 'storage_manager_div';
2018-03-13 17:37:55 EXEC SPC_COM_GET_COMBOBOX 'unit_m_div';
2018-03-13 17:37:57 EXEC SPC_COM_GET_COMBOBOX 'inv_data_div';
2018-03-13 17:37:59 EXEC SPC_015_INVOICE_SEARCH_FND1 '','','','','','','','','1','10';
2018-03-13 17:38:04 EXEC SPC_GET_CONSTANT '';
2018-03-13 17:38:04 EXEC SPC_016_INVOICE_EXPORT_ACT1 '[{"inv_no":"E-180301001"}]','','015-invoice-search','';
2018-03-13 17:38:10 EXEC SPC_GET_CONSTANT '';
2018-03-13 17:38:10 EXEC SPC_016_INVOICE_EXPORT_ACT2 '[{"inv_no":"E-180301001"}]','','015-invoice-search','';
2018-03-13 17:39:46 EXEC SPC_GET_CONSTANT '';
2018-03-13 17:39:46 EXEC SPC_016_INVOICE_EXPORT_ACT1 '[{"inv_no":"E-180301001"}]','','015-invoice-search','';
2018-03-13 18:14:40 EXEC SPC_COM_GET_COMBOBOX 'inv_data_div';
2018-03-13 18:18:20 EXEC SPC_015_INVOICE_SEARCH_FND1 '','','','','','','','','1','10';
2018-03-13 18:18:31 EXEC SPC_GET_CONSTANT '';
2018-03-13 18:18:31 EXEC SPC_016_INVOICE_EXPORT_ACT1 '[{"inv_no":"E-180301001"}]','','015-invoice-search','';
2018-03-13 18:20:58 EXEC SPC_015_INVOICE_SEARCH_FND1 '','','','','','','','','1','10';
2018-03-13 18:21:02 EXEC SPC_COM_GET_COMBOBOX 'pi_status_div';
2018-03-13 18:21:16 EXEC SPC_002_PI_SEARCH_FND1 '','','','','','','','','1','10';
2018-03-13 18:21:21 EXEC SPC_002_PI_SEARCH_FND1 '','','','','','','','20','1','10';
2018-03-13 18:21:26 EXEC SPC_GET_CONSTANT '';
2018-03-13 18:21:26 EXEC SPC_003_PI_EXCEL_ACT1 '[{"pi_no":"RT-131017001","pi_status_div":"20"}]','','003_pi-excel','';
2018-03-13 18:22:07 EXEC SPC_002_PI_SEARCH_FND1 '','','','','','','','20','96','10';
2018-03-13 18:22:12 EXEC SPC_002_PI_SEARCH_FND1 '','','','','','','','20','95','10';
2018-03-13 18:22:19 EXEC SPC_002_PI_SEARCH_FND1 '','','','','','','','20','94','10';
2018-03-13 18:22:23 EXEC SPC_002_PI_SEARCH_FND1 '','','','','','','','20','93','10';
2018-03-13 18:22:25 EXEC SPC_002_PI_SEARCH_FND1 '','','','','','','','20','92','10';
2018-03-13 18:22:28 EXEC SPC_002_PI_SEARCH_FND1 '','','','','','','','20','91','10';
2018-03-13 18:22:34 EXEC SPC_002_PI_SEARCH_FND1 '','','','','','','','20','90','10';
2018-03-13 18:22:36 EXEC SPC_002_PI_SEARCH_FND1 '','','','','','','','20','1','10';
2018-03-13 18:22:38 EXEC SPC_002_PI_SEARCH_FND1 '','','','','','','','20','2','10';
2018-03-13 18:22:42 EXEC SPC_002_PI_SEARCH_FND1 '','','','','','','','20','3','10';
2018-03-13 18:22:46 EXEC SPC_002_PI_SEARCH_FND1 '','','','','','','','20','4','10';
2018-03-13 18:22:48 EXEC SPC_002_PI_SEARCH_FND1 '','','','','','','','20','5','10';
2018-03-13 18:22:53 EXEC SPC_002_PI_SEARCH_FND1 '','','','','','','','20','6','10';
2018-03-13 18:22:56 EXEC SPC_002_PI_SEARCH_FND1 '','','','','','','','20','7','10';
2018-03-13 18:22:58 EXEC SPC_002_PI_SEARCH_FND1 '','','','','','','','20','8','10';
2018-03-13 18:22:59 EXEC SPC_002_PI_SEARCH_FND1 '','','','','','','','20','9','10';
2018-03-13 18:23:01 EXEC SPC_002_PI_SEARCH_FND1 '','','','','','','','20','10','10';
2018-03-13 18:23:06 EXEC SPC_002_PI_SEARCH_FND1 '','','','','','','','20','9','10';
2018-03-13 18:23:08 EXEC SPC_002_PI_SEARCH_FND1 '','','','','','','','20','10','10';
2018-03-13 18:23:20 EXEC SPC_GET_CONSTANT '';
2018-03-13 18:23:20 EXEC SPC_003_PI_EXCEL_ACT1 '[{"pi_no":"RT-140218001","pi_status_div":"20"}]','','003_pi-excel','';
2018-03-13 18:23:53 EXEC SPC_COM_GET_COMBOBOX 'port_country_div';
2018-03-13 18:23:54 EXEC SPC_COM_GET_COMBOBOX 'unit_w_div';
2018-03-13 18:23:54 EXEC SPC_COM_GET_COMBOBOX 'unit_m_div';
2018-03-13 18:23:55 EXEC SPC_COM_GET_COMBOBOX 'currency_div';
2018-03-13 18:23:55 EXEC SPC_COM_GET_COMBOBOX 'unit_q_div';
2018-03-13 18:23:55 EXEC SPC_COM_GET_COMBOBOX 'port_city_div';
2018-03-13 18:23:55 EXEC SPC_COM_GET_COMBOBOX 'shipment_div';
2018-03-13 18:23:55 EXEC SPC_COM_GET_COMBOBOX 'sales_detail_div';
2018-03-13 18:23:55 EXEC SPC_COM_GET_COMBOBOX 'trade_terms_div';
2018-03-13 18:23:55 EXEC SPC_COM_GET_COMBOBOX 'bank_div';
2018-03-13 18:23:55 EXEC SPC_COM_GET_COMBOBOX 'payment_conditions_div';
2018-03-13 18:23:55 EXEC SPC_GET_TAX_RATE '2018/03/13';
2018-03-13 18:23:55 EXEC SPC_001_PI_DETAIL_INQ1 'RT-140218001';
2018-03-13 18:23:56 EXEC SPC_GET_TAX_RATE '2014/02/18';
2018-03-13 18:23:56 EXEC SPC_COM_GET_COMBOBOX 'unit_w_div';
2018-03-13 18:23:56 EXEC SPC_COM_GET_COMBOBOX 'unit_m_div';
2018-03-13 18:23:56 EXEC SPC_COM_GET_COMBOBOX 'unit_q_div';
2018-03-13 18:23:56 EXEC SPC_COM_GET_COMBOBOX 'sales_detail_div';
2018-03-13 18:23:58 EXEC SPC_COM_GET_COMBOBOX 'pi_status_div';
2018-03-13 18:23:59 EXEC SPC_002_PI_SEARCH_FND1 '','','','','','','','20','10','10';
2018-03-13 18:24:01 EXEC SPC_002_PI_SEARCH_FND1 '','','','','','','','10','1','10';
2018-03-13 18:24:07 EXEC SPC_002_PI_SEARCH_FND1 '','','','','','','','10','2','10';
2018-03-13 18:24:10 EXEC SPC_002_PI_SEARCH_FND1 '','','','','','','','10','1','10';
2018-03-13 18:24:23 EXEC SPC_COM_GET_COMBOBOX 'port_city_div';
2018-03-13 18:24:23 EXEC SPC_COM_GET_COMBOBOX 'trade_terms_div';
2018-03-13 18:24:23 EXEC SPC_COM_GET_COMBOBOX 'shipment_div';
2018-03-13 18:24:23 EXEC SPC_COM_GET_COMBOBOX 'payment_conditions_div';
2018-03-13 18:24:23 EXEC SPC_COM_GET_COMBOBOX 'currency_div';
2018-03-13 18:24:23 EXEC SPC_COM_GET_COMBOBOX 'port_country_div';
2018-03-13 18:24:24 EXEC SPC_COM_GET_COMBOBOX 'unit_q_div';
2018-03-13 18:24:24 EXEC SPC_COM_GET_COMBOBOX 'unit_w_div';
2018-03-13 18:24:24 EXEC SPC_COM_GET_COMBOBOX 'unit_m_div';
2018-03-13 18:24:24 EXEC SPC_COM_GET_COMBOBOX 'sales_detail_div';
2018-03-13 18:24:24 EXEC SPC_COM_GET_COMBOBOX 'bank_div';
2018-03-13 18:24:24 EXEC SPC_GET_TAX_RATE '2018/03/13';
2018-03-13 18:24:24 EXEC SPC_001_PI_DETAIL_INQ1 'RT-180112003';
2018-03-13 18:24:25 EXEC SPC_COM_GET_COMBOBOX 'unit_m_div';
2018-03-13 18:24:25 EXEC SPC_GET_TAX_RATE '2018/01/12';
2018-03-13 18:24:25 EXEC SPC_COM_GET_COMBOBOX 'unit_q_div';
2018-03-13 18:24:25 EXEC SPC_COM_GET_COMBOBOX 'sales_detail_div';
2018-03-13 18:24:25 EXEC SPC_COM_GET_COMBOBOX 'unit_w_div';
2018-03-13 18:24:33 EXEC SPC_063_PRODUCT_MASTER_SEARCH_FND1 '','','1','10';
2018-03-13 18:24:36 EXEC SPC_001_PI_DETAIL_INQ3 '000115','2018/01/12','ape76','JP','USD';
2018-03-13 18:25:04 EXEC SPC_063_PRODUCT_MASTER_SEARCH_FND1 '','','1','10';
2018-03-13 18:25:08 EXEC SPC_001_PI_DETAIL_INQ3 '0003','2018/01/12','ape76','JP','USD';
2018-03-13 18:25:19 EXEC SPC_001_PI_DETAIL_ACT1 'R','RT-180112003','10','2018/01/12','ape76','APEL CO.,LTD.','951 Angyouryou Negishi','Kawaguchi','333-0834','065','JP','+81-48-280-3055','+81-48-283-5045','','APEL CO.,LTD.','951 Angyouryou Negishi','Kawaguchi','333-0834','065','JP','+81-48-280-3055','+81-48-283-5045','APEL CO., LTD.','Saitama','mark 3','mark 4','(未定)pi_packing','','USD','060','01','02','001','SY','15','Payment','[{"pi_detail_no":"1","sales_detail_div":"3","product_cd":"000114","description":"\u793e\u5916\u7528\u5099\u8003 \u793e\u5916\u7528\u5099\u8003 \u793e\u5916\u7528\u5099\u8003 \u793e\u5916\u7528\u5099\u8003 \u793e\u5916\u7528\u5099\u8003 \u793e\u5916\u7528\u5099\u8003","qty":"10","unit_of_m_div":"010","unit_price":"10","amount":"100","detail_tax":"1.2","unit_measure_qty":"10","unit_measure_price":"001","outside_remarks":"","unit_net_weight":"10","unit_net_weight_div":"","net_weight":"100","unit_gross_weight":"10","gross_weight":"100","measure":"100"},{"pi_detail_no":"2","sales_detail_div":"0","product_cd":"000112","description":"\u793e\u5916\u7528\u5099\u8003 \u793e\u5916\u7528\u5099\u8003 \u793e\u5916\u7528\u5099\u8003 \u793e\u5916\u7528\u5099\u8003 \u793e\u5916\u7528\u5099\u8003 \u793e\u5916\u7528\u5099\u8003","qty":"20","unit_of_m_div":"002","unit_price":"20","amount":"400","detail_tax":"4.8","unit_measure_qty":"888","unit_measure_price":"001","outside_remarks":"","unit_net_weight":"11212.13","unit_net_weight_div":"001","net_weight":"224242.6","unit_gross_weight":"16543.5","gross_weight":"330870","measure":"17760"},{"pi_detail_no":"3","sales_detail_div":"3","product_cd":"0004","description":"\u793e\u5916\u7528\u5099\u8003 \u793e\u5916\u7528\u5099\u8003 \u793e\u5916\u7528\u5099\u8003 \u793e\u5916\u7528\u5099\u8003 \u793e\u5916\u7528\u5099\u8003 \u793e\u5916\u7528\u5099\u8003","qty":"20","unit_of_m_div":"001","unit_price":"20","amount":"400","detail_tax":"4.8","unit_measure_qty":"20","unit_measure_price":"001","outside_remarks":"","unit_net_weight":"20","unit_net_weight_div":"001","net_weight":"400","unit_gross_weight":"20","gross_weight":"400","measure":"400"},{"pi_detail_no":"4","sales_detail_div":"0","product_cd":"000115","description":"\u793e\u5916\u7528\u5099\u8003 \u793e\u5916\u7528\u5099\u8003 \u793e\u5916\u7528\u5099\u8003 \u793e\u5916\u7528\u5099\u8003 \u793e\u5916\u7528\u5099\u8003 \u793e\u5916\u7528\u5099\u8003","qty":"10","unit_of_m_div":"001","unit_price":"10","amount":"100","detail_tax":"1.2","unit_measure_qty":"999.99","unit_measure_price":"001","outside_remarks":"","unit_net_weight":"-99999.12","unit_net_weight_div":"001","net_weight":"-999991.2","unit_gross_weight":"28451.11","gross_weight":"284511.1","measure":"9999.9"},{"pi_detail_no":"5","sales_detail_div":"0","product_cd":"0003","description":"ACT\u6e2c\u5b9a\u6a5f \u793e\u5916\u7528\u5099\u8003 \u793e\u5916\u7528\u5099\u8003 \u793e\u5916\u7528\u5099\u8003 \u793e\u5916\u7528\u5099\u8003 \u793e\u5916\u7528\u5099\u8003 \u793e\u5916\u7528\u5099\u8003","qty":"10","unit_of_m_div":"001","unit_price":"10","amount":"100","detail_tax":"1.2","unit_measure_qty":"10","unit_measure_price":"001","outside_remarks":"","unit_net_weight":"10","unit_net_weight_div":"001","net_weight":"100","unit_gross_weight":"10","gross_weight":"100","measure":"100"}]','70','010','615981.1','','-775148.6','','28359.9','001','1100','0','0','13','1113','(未定)pi_time_of_shipment','008','(未定)pi_country_of_origin','(未定)pi_manufacture','(未定)pi_varidity','(未定)pi_other_conditions1','(未定)pi_other_conditions2','(未定)pi_other_conditions3','(未定)pi_other_conditions4','(未定)pi_other_conditions5','(未定)pi_other_conditions6','(未定)pi_other_conditions7','(未定)pi_other_conditions8','(未定)pi_other_conditions9','(未定)pi_other_conditions10','001','社内用備考','','001_pi-detail','';
2018-03-13 18:25:23 EXEC SPC_001_PI_DETAIL_ACT1 'R','RT-180112003','10','2018/01/12','ape76','APEL CO.,LTD.','951 Angyouryou Negishi','Kawaguchi','333-0834','065','JP','+81-48-280-3055','+81-48-283-5045','','APEL CO.,LTD.','951 Angyouryou Negishi','Kawaguchi','333-0834','065','JP','+81-48-280-3055','+81-48-283-5045','APEL CO., LTD.','Saitama','mark 3','mark 4','(未定)pi_packing','','USD','060','01','02','001','SY','15','Payment','[{"pi_detail_no":"1","sales_detail_div":"3","product_cd":"000114","description":"\u793e\u5916\u7528\u5099\u8003 \u793e\u5916\u7528\u5099\u8003 \u793e\u5916\u7528\u5099\u8003 \u793e\u5916\u7528\u5099\u8003 \u793e\u5916\u7528\u5099\u8003 \u793e\u5916\u7528\u5099\u8003","qty":"10","unit_of_m_div":"010","unit_price":"10","amount":"100","detail_tax":"1.2","unit_measure_qty":"10","unit_measure_price":"001","outside_remarks":"","unit_net_weight":"10","unit_net_weight_div":"","net_weight":"100","unit_gross_weight":"10","gross_weight":"100","measure":"100"},{"pi_detail_no":"2","sales_detail_div":"0","product_cd":"000112","description":"\u793e\u5916\u7528\u5099\u8003 \u793e\u5916\u7528\u5099\u8003 \u793e\u5916\u7528\u5099\u8003 \u793e\u5916\u7528\u5099\u8003 \u793e\u5916\u7528\u5099\u8003 \u793e\u5916\u7528\u5099\u8003","qty":"20","unit_of_m_div":"002","unit_price":"20","amount":"400","detail_tax":"4.8","unit_measure_qty":"888","unit_measure_price":"001","outside_remarks":"","unit_net_weight":"11212.13","unit_net_weight_div":"001","net_weight":"224242.6","unit_gross_weight":"16543.5","gross_weight":"330870","measure":"17760"},{"pi_detail_no":"3","sales_detail_div":"3","product_cd":"0004","description":"\u793e\u5916\u7528\u5099\u8003 \u793e\u5916\u7528\u5099\u8003 \u793e\u5916\u7528\u5099\u8003 \u793e\u5916\u7528\u5099\u8003 \u793e\u5916\u7528\u5099\u8003 \u793e\u5916\u7528\u5099\u8003","qty":"20","unit_of_m_div":"001","unit_price":"20","amount":"400","detail_tax":"4.8","unit_measure_qty":"20","unit_measure_price":"001","outside_remarks":"","unit_net_weight":"20","unit_net_weight_div":"001","net_weight":"400","unit_gross_weight":"20","gross_weight":"400","measure":"400"},{"pi_detail_no":"4","sales_detail_div":"0","product_cd":"000115","description":"\u793e\u5916\u7528\u5099\u8003 \u793e\u5916\u7528\u5099\u8003 \u793e\u5916\u7528\u5099\u8003 \u793e\u5916\u7528\u5099\u8003 \u793e\u5916\u7528\u5099\u8003 \u793e\u5916\u7528\u5099\u8003","qty":"10","unit_of_m_div":"001","unit_price":"10","amount":"100","detail_tax":"1.2","unit_measure_qty":"999.99","unit_measure_price":"001","outside_remarks":"","unit_net_weight":"-99999.12","unit_net_weight_div":"001","net_weight":"-999991.2","unit_gross_weight":"28451.11","gross_weight":"284511.1","measure":"9999.9"},{"pi_detail_no":"5","sales_detail_div":"0","product_cd":"0003","description":"ACT\u6e2c\u5b9a\u6a5f \u793e\u5916\u7528\u5099\u8003 \u793e\u5916\u7528\u5099\u8003 \u793e\u5916\u7528\u5099\u8003 \u793e\u5916\u7528\u5099\u8003 \u793e\u5916\u7528\u5099\u8003 \u793e\u5916\u7528\u5099\u8003","qty":"10","unit_of_m_div":"001","unit_price":"10","amount":"100","detail_tax":"1.2","unit_measure_qty":"10","unit_measure_price":"001","outside_remarks":"","unit_net_weight":"10","unit_net_weight_div":"001","net_weight":"100","unit_gross_weight":"10","gross_weight":"100","measure":"100"}]','70','010','615981.1','','-775148.6','','28359.9','001','1100','0','0','13','1113','(未定)pi_time_of_shipment','008','(未定)pi_country_of_origin','(未定)pi_manufacture','(未定)pi_varidity','(未定)pi_other_conditions1','(未定)pi_other_conditions2','(未定)pi_other_conditions3','(未定)pi_other_conditions4','(未定)pi_other_conditions5','(未定)pi_other_conditions6','(未定)pi_other_conditions7','(未定)pi_other_conditions8','(未定)pi_other_conditions9','(未定)pi_other_conditions10','001','社内用備考','','001_pi-detail','';
2018-03-13 18:25:33 EXEC SPC_001_PI_DETAIL_ACT1 'R','RT-180112003','10','2018/01/12','ape76','APEL CO.,LTD.','951 Angyouryou Negishi','Kawaguchi','333-0834','065','JP','+81-48-280-3055','+81-48-283-5045','','APEL CO.,LTD.','951 Angyouryou Negishi','Kawaguchi','333-0834','065','JP','+81-48-280-3055','+81-48-283-5045','APEL CO., LTD.','Saitama','mark 3','mark 4','(未定)pi_packing','','USD','060','01','02','001','SY','15','Payment','[{"pi_detail_no":"1","sales_detail_div":"3","product_cd":"000114","description":"\u793e\u5916\u7528\u5099\u8003 \u793e\u5916\u7528\u5099\u8003 \u793e\u5916\u7528\u5099\u8003 \u793e\u5916\u7528\u5099\u8003 \u793e\u5916\u7528\u5099\u8003 \u793e\u5916\u7528\u5099\u8003","qty":"10","unit_of_m_div":"010","unit_price":"10","amount":"100","detail_tax":"1.2","unit_measure_qty":"10","unit_measure_price":"001","outside_remarks":"","unit_net_weight":"10","unit_net_weight_div":"","net_weight":"100","unit_gross_weight":"10","gross_weight":"100","measure":"100"},{"pi_detail_no":"2","sales_detail_div":"0","product_cd":"000112","description":"\u793e\u5916\u7528\u5099\u8003 \u793e\u5916\u7528\u5099\u8003 \u793e\u5916\u7528\u5099\u8003 \u793e\u5916\u7528\u5099\u8003 \u793e\u5916\u7528\u5099\u8003 \u793e\u5916\u7528\u5099\u8003","qty":"20","unit_of_m_div":"002","unit_price":"20","amount":"400","detail_tax":"4.8","unit_measure_qty":"888","unit_measure_price":"001","outside_remarks":"","unit_net_weight":"11212.13","unit_net_weight_div":"001","net_weight":"224242.6","unit_gross_weight":"16543.5","gross_weight":"330870","measure":"17760"},{"pi_detail_no":"3","sales_detail_div":"3","product_cd":"0004","description":"\u793e\u5916\u7528\u5099\u8003 \u793e\u5916\u7528\u5099\u8003 \u793e\u5916\u7528\u5099\u8003 \u793e\u5916\u7528\u5099\u8003 \u793e\u5916\u7528\u5099\u8003 \u793e\u5916\u7528\u5099\u8003","qty":"20","unit_of_m_div":"001","unit_price":"20","amount":"400","detail_tax":"4.8","unit_measure_qty":"20","unit_measure_price":"001","outside_remarks":"","unit_net_weight":"20","unit_net_weight_div":"001","net_weight":"400","unit_gross_weight":"20","gross_weight":"400","measure":"400"},{"pi_detail_no":"4","sales_detail_div":"0","product_cd":"000115","description":"\u793e\u5916\u7528\u5099\u8003 \u793e\u5916\u7528\u5099\u8003 \u793e\u5916\u7528\u5099\u8003 \u793e\u5916\u7528\u5099\u8003 \u793e\u5916\u7528\u5099\u8003 \u793e\u5916\u7528\u5099\u8003","qty":"10","unit_of_m_div":"001","unit_price":"10","amount":"100","detail_tax":"1.2","unit_measure_qty":"999.99","unit_measure_price":"001","outside_remarks":"","unit_net_weight":"-99999.12","unit_net_weight_div":"001","net_weight":"-999991.2","unit_gross_weight":"28451.11","gross_weight":"284511.1","measure":"9999.9"},{"pi_detail_no":"5","sales_detail_div":"0","product_cd":"0003","description":"ACT\u6e2c\u5b9a\u6a5f \u793e\u5916\u7528\u5099\u8003 \u793e\u5916\u7528\u5099\u8003 \u793e\u5916\u7528\u5099\u8003 \u793e\u5916\u7528\u5099\u8003 \u793e\u5916\u7528\u5099\u8003 \u793e\u5916\u7528\u5099\u8003","qty":"10","unit_of_m_div":"001","unit_price":"10","amount":"100","detail_tax":"1.2","unit_measure_qty":"10","unit_measure_price":"001","outside_remarks":"","unit_net_weight":"10","unit_net_weight_div":"001","net_weight":"100","unit_gross_weight":"10","gross_weight":"100","measure":"100"}]','70','010','615981.1','','-775148.6','','28359.9','001','1100','0','0','13','1113','(未定)pi_time_of_shipment','008','(未定)pi_country_of_origin','(未定)pi_manufacture','(未定)pi_varidity','(未定)pi_other_conditions1','(未定)pi_other_conditions2','(未定)pi_other_conditions3','(未定)pi_other_conditions4','(未定)pi_other_conditions5','(未定)pi_other_conditions6','(未定)pi_other_conditions7','(未定)pi_other_conditions8','(未定)pi_other_conditions9','(未定)pi_other_conditions10','001','社内用備考','','001_pi-detail','';
2018-03-13 18:25:53 EXEC SPC_CITY_SEARCH '','','1','10';
2018-03-13 18:25:55 EXEC SPC_GET_LIB_CITY_COUNTRY '002';
2018-03-13 18:25:58 EXEC SPC_001_PI_DETAIL_ACT1 'R','RT-180112003','10','2018/01/12','ape76','APEL CO.,LTD.','951 Angyouryou Negishi','Kawaguchi','333-0834','002','JO','+81-48-280-3055','+81-48-283-5045','','APEL CO.,LTD.','951 Angyouryou Negishi','Kawaguchi','333-0834','065','JP','+81-48-280-3055','+81-48-283-5045','APEL CO., LTD.','Saitama','mark 3','mark 4','Standard Export Carton','','USD','060','01','02','001','SY','15','Payment','[{"pi_detail_no":"1","sales_detail_div":"3","product_cd":"000114","description":"\u793e\u5916\u7528\u5099\u8003 \u793e\u5916\u7528\u5099\u8003 \u793e\u5916\u7528\u5099\u8003 \u793e\u5916\u7528\u5099\u8003 \u793e\u5916\u7528\u5099\u8003 \u793e\u5916\u7528\u5099\u8003","qty":"10","unit_of_m_div":"010","unit_price":"10","amount":"100","detail_tax":"1.2","unit_measure_qty":"10","unit_measure_price":"001","outside_remarks":"","unit_net_weight":"10","unit_net_weight_div":"","net_weight":"100","unit_gross_weight":"10","gross_weight":"100","measure":"100"},{"pi_detail_no":"2","sales_detail_div":"0","product_cd":"000112","description":"\u793e\u5916\u7528\u5099\u8003 \u793e\u5916\u7528\u5099\u8003 \u793e\u5916\u7528\u5099\u8003 \u793e\u5916\u7528\u5099\u8003 \u793e\u5916\u7528\u5099\u8003 \u793e\u5916\u7528\u5099\u8003","qty":"20","unit_of_m_div":"002","unit_price":"20","amount":"400","detail_tax":"4.8","unit_measure_qty":"888","unit_measure_price":"001","outside_remarks":"","unit_net_weight":"11212.13","unit_net_weight_div":"001","net_weight":"224242.6","unit_gross_weight":"16543.5","gross_weight":"330870","measure":"17760"},{"pi_detail_no":"3","sales_detail_div":"3","product_cd":"0004","description":"\u793e\u5916\u7528\u5099\u8003 \u793e\u5916\u7528\u5099\u8003 \u793e\u5916\u7528\u5099\u8003 \u793e\u5916\u7528\u5099\u8003 \u793e\u5916\u7528\u5099\u8003 \u793e\u5916\u7528\u5099\u8003","qty":"20","unit_of_m_div":"001","unit_price":"20","amount":"400","detail_tax":"4.8","unit_measure_qty":"20","unit_measure_price":"001","outside_remarks":"","unit_net_weight":"20","unit_net_weight_div":"001","net_weight":"400","unit_gross_weight":"20","gross_weight":"400","measure":"400"},{"pi_detail_no":"4","sales_detail_div":"0","product_cd":"000115","description":"\u793e\u5916\u7528\u5099\u8003 \u793e\u5916\u7528\u5099\u8003 \u793e\u5916\u7528\u5099\u8003 \u793e\u5916\u7528\u5099\u8003 \u793e\u5916\u7528\u5099\u8003 \u793e\u5916\u7528\u5099\u8003","qty":"10","unit_of_m_div":"001","unit_price":"10","amount":"100","detail_tax":"1.2","unit_measure_qty":"999.99","unit_measure_price":"001","outside_remarks":"","unit_net_weight":"-99999.12","unit_net_weight_div":"001","net_weight":"-999991.2","unit_gross_weight":"28451.11","gross_weight":"284511.1","measure":"9999.9"},{"pi_detail_no":"5","sales_detail_div":"0","product_cd":"0003","description":"ACT\u6e2c\u5b9a\u6a5f \u793e\u5916\u7528\u5099\u8003 \u793e\u5916\u7528\u5099\u8003 \u793e\u5916\u7528\u5099\u8003 \u793e\u5916\u7528\u5099\u8003 \u793e\u5916\u7528\u5099\u8003 \u793e\u5916\u7528\u5099\u8003","qty":"10","unit_of_m_div":"001","unit_price":"10","amount":"100","detail_tax":"1.2","unit_measure_qty":"10","unit_measure_price":"001","outside_remarks":"","unit_net_weight":"10","unit_net_weight_div":"001","net_weight":"100","unit_gross_weight":"10","gross_weight":"100","measure":"100"}]','70','010','615981.1','','-775148.6','','28359.9','001','1100','0','0','0','1100','Around 1 month after receipt of payment','008','Japan','APEL CO.,LTD.','This Proforma invoice is valid for 2 weeks from the date of  issue.','- If a consulate visa is required, the related fees should be paid by the buyer.','- In case of transport by air and/or container, FOB, C&F and CIF in this proforma invoice','shall be respectively equivalent to FCA, CPT and CIP stipulated in Incoterms 2000.','- In the event that the dollar (euro)falls against the Japanese yen by more than 5% from','the rate of proforma invoice date, the prices will not be effective.','* Remittance charge must be covered by sender.','*** Warranty period after shipment***','3 years: PD-303, BR-501','1 year: AP-120, AP-1000M, PD-303S, PD-3000UV, BR-5200, BR-5200P, HC-702, HG-220','*Our bank account is only Japanese one.(We have no bank account outside Japan)','001','社内用備考','','001_pi-detail','';
2018-03-13 18:26:03 EXEC SPC_CITY_SEARCH '','','1','10';
2018-03-13 18:26:05 EXEC SPC_GET_LIB_CITY_COUNTRY '005';
2018-03-13 18:26:07 EXEC SPC_001_PI_DETAIL_ACT1 'R','RT-180112003','10','2018/01/12','ape76','APEL CO.,LTD.','951 Angyouryou Negishi','Kawaguchi','333-0834','002','JO','+81-48-280-3055','+81-48-283-5045','','APEL CO.,LTD.','951 Angyouryou Negishi','Kawaguchi','333-0834','005','IQ','+81-48-280-3055','+81-48-283-5045','APEL CO., LTD.','Saitama','mark 3','mark 4','Standard Export Carton','','USD','060','01','02','001','SY','15','Payment','[{"pi_detail_no":"1","sales_detail_div":"3","product_cd":"000114","description":"\u793e\u5916\u7528\u5099\u8003 \u793e\u5916\u7528\u5099\u8003 \u793e\u5916\u7528\u5099\u8003 \u793e\u5916\u7528\u5099\u8003 \u793e\u5916\u7528\u5099\u8003 \u793e\u5916\u7528\u5099\u8003","qty":"10","unit_of_m_div":"010","unit_price":"10","amount":"100","detail_tax":"1.2","unit_measure_qty":"10","unit_measure_price":"001","outside_remarks":"","unit_net_weight":"10","unit_net_weight_div":"","net_weight":"100","unit_gross_weight":"10","gross_weight":"100","measure":"100"},{"pi_detail_no":"2","sales_detail_div":"0","product_cd":"000112","description":"\u793e\u5916\u7528\u5099\u8003 \u793e\u5916\u7528\u5099\u8003 \u793e\u5916\u7528\u5099\u8003 \u793e\u5916\u7528\u5099\u8003 \u793e\u5916\u7528\u5099\u8003 \u793e\u5916\u7528\u5099\u8003","qty":"20","unit_of_m_div":"002","unit_price":"20","amount":"400","detail_tax":"4.8","unit_measure_qty":"888","unit_measure_price":"001","outside_remarks":"","unit_net_weight":"11212.13","unit_net_weight_div":"001","net_weight":"224242.6","unit_gross_weight":"16543.5","gross_weight":"330870","measure":"17760"},{"pi_detail_no":"3","sales_detail_div":"3","product_cd":"0004","description":"\u793e\u5916\u7528\u5099\u8003 \u793e\u5916\u7528\u5099\u8003 \u793e\u5916\u7528\u5099\u8003 \u793e\u5916\u7528\u5099\u8003 \u793e\u5916\u7528\u5099\u8003 \u793e\u5916\u7528\u5099\u8003","qty":"20","unit_of_m_div":"001","unit_price":"20","amount":"400","detail_tax":"4.8","unit_measure_qty":"20","unit_measure_price":"001","outside_remarks":"","unit_net_weight":"20","unit_net_weight_div":"001","net_weight":"400","unit_gross_weight":"20","gross_weight":"400","measure":"400"},{"pi_detail_no":"4","sales_detail_div":"0","product_cd":"000115","description":"\u793e\u5916\u7528\u5099\u8003 \u793e\u5916\u7528\u5099\u8003 \u793e\u5916\u7528\u5099\u8003 \u793e\u5916\u7528\u5099\u8003 \u793e\u5916\u7528\u5099\u8003 \u793e\u5916\u7528\u5099\u8003","qty":"10","unit_of_m_div":"001","unit_price":"10","amount":"100","detail_tax":"1.2","unit_measure_qty":"999.99","unit_measure_price":"001","outside_remarks":"","unit_net_weight":"-99999.12","unit_net_weight_div":"001","net_weight":"-999991.2","unit_gross_weight":"28451.11","gross_weight":"284511.1","measure":"9999.9"},{"pi_detail_no":"5","sales_detail_div":"0","product_cd":"0003","description":"ACT\u6e2c\u5b9a\u6a5f \u793e\u5916\u7528\u5099\u8003 \u793e\u5916\u7528\u5099\u8003 \u793e\u5916\u7528\u5099\u8003 \u793e\u5916\u7528\u5099\u8003 \u793e\u5916\u7528\u5099\u8003 \u793e\u5916\u7528\u5099\u8003","qty":"10","unit_of_m_div":"001","unit_price":"10","amount":"100","detail_tax":"1.2","unit_measure_qty":"10","unit_measure_price":"001","outside_remarks":"","unit_net_weight":"10","unit_net_weight_div":"001","net_weight":"100","unit_gross_weight":"10","gross_weight":"100","measure":"100"}]','70','010','615981.1','','-775148.6','','28359.9','001','1100','0','0','0','1100','Around 1 month after receipt of payment','008','Japan','APEL CO.,LTD.','This Proforma invoice is valid for 2 weeks from the date of  issue.','- If a consulate visa is required, the related fees should be paid by the buyer.','- In case of transport by air and/or container, FOB, C&F and CIF in this proforma invoice','shall be respectively equivalent to FCA, CPT and CIP stipulated in Incoterms 2000.','- In the event that the dollar (euro)falls against the Japanese yen by more than 5% from','the rate of proforma invoice date, the prices will not be effective.','* Remittance charge must be covered by sender.','*** Warranty period after shipment***','3 years: PD-303, BR-501','1 year: AP-120, AP-1000M, PD-303S, PD-3000UV, BR-5200, BR-5200P, HC-702, HG-220','*Our bank account is only Japanese one.(We have no bank account outside Japan)','001','社内用備考','','001_pi-detail','';
2018-03-13 18:26:08 EXEC SPC_001_PI_DETAIL_INQ1 'RT-180112003';
2018-03-13 18:26:09 EXEC SPC_COM_GET_COMBOBOX 'unit_q_div';
2018-03-13 18:26:09 EXEC SPC_COM_GET_COMBOBOX 'unit_m_div';
2018-03-13 18:26:09 EXEC SPC_COM_GET_COMBOBOX 'unit_w_div';
2018-03-13 18:26:09 EXEC SPC_GET_TAX_RATE '2018/01/12';
2018-03-13 18:26:09 EXEC SPC_COM_GET_COMBOBOX 'sales_detail_div';
2018-03-13 18:26:36 EXEC SPC_063_PRODUCT_MASTER_SEARCH_FND1 '','','1','10';
2018-03-13 18:26:37 EXEC SPC_063_PRODUCT_MASTER_SEARCH_FND1 '','','2','10';
2018-03-13 18:26:39 EXEC SPC_001_PI_DETAIL_INQ3 '0005','2018/01/12','ape76','JO','USD';
2018-03-13 18:26:56 EXEC SPC_063_PRODUCT_MASTER_SEARCH_FND1 '','','1','10';
2018-03-13 18:26:58 EXEC SPC_063_PRODUCT_MASTER_SEARCH_FND1 '','','18','10';
2018-03-13 18:27:00 EXEC SPC_063_PRODUCT_MASTER_SEARCH_FND1 '','','17','10';
2018-03-13 18:27:02 EXEC SPC_001_PI_DETAIL_INQ3 '6411','2018/01/12','ape76','JO','USD';
2018-03-13 18:27:11 EXEC SPC_001_PI_DETAIL_ACT1 'R','RT-180112003','10','2018/01/12','ape76','APEL CO.,LTD.','951 Angyouryou Negishi','Kawaguchi','333-0834','002','JO','+81-48-280-3055','+81-48-283-5045','','APEL CO.,LTD.','951 Angyouryou Negishi','Kawaguchi','333-0834','005','IQ','+81-48-280-3055','+81-48-283-5045','APEL CO., LTD.','Saitama','mark 3','mark 4','Standard Export Carton','','USD','060','01','02','001','SY','15','Payment','[{"pi_detail_no":"1","sales_detail_div":"3","product_cd":"000114","description":"\u793e\u5916\u7528\u5099\u8003 \u793e\u5916\u7528\u5099\u8003 \u793e\u5916\u7528\u5099\u8003 \u793e\u5916\u7528\u5099\u8003 \u793e\u5916\u7528\u5099\u8003 \u793e\u5916\u7528\u5099\u8003","qty":"10","unit_of_m_div":"010","unit_price":"10","amount":"100","detail_tax":"1.2","unit_measure_qty":"10","unit_measure_price":"001","outside_remarks":"","unit_net_weight":"10","unit_net_weight_div":"","net_weight":"100","unit_gross_weight":"10","gross_weight":"100","measure":"100"},{"pi_detail_no":"2","sales_detail_div":"0","product_cd":"000112","description":"\u793e\u5916\u7528\u5099\u8003 \u793e\u5916\u7528\u5099\u8003 \u793e\u5916\u7528\u5099\u8003 \u793e\u5916\u7528\u5099\u8003 \u793e\u5916\u7528\u5099\u8003 \u793e\u5916\u7528\u5099\u8003","qty":"20","unit_of_m_div":"002","unit_price":"20","amount":"400","detail_tax":"4.8","unit_measure_qty":"888","unit_measure_price":"001","outside_remarks":"","unit_net_weight":"11212.13","unit_net_weight_div":"001","net_weight":"224242.6","unit_gross_weight":"16543.5","gross_weight":"330870","measure":"17760"},{"pi_detail_no":"3","sales_detail_div":"3","product_cd":"0004","description":"\u793e\u5916\u7528\u5099\u8003 \u793e\u5916\u7528\u5099\u8003 \u793e\u5916\u7528\u5099\u8003 \u793e\u5916\u7528\u5099\u8003 \u793e\u5916\u7528\u5099\u8003 \u793e\u5916\u7528\u5099\u8003","qty":"20","unit_of_m_div":"001","unit_price":"20","amount":"400","detail_tax":"4.8","unit_measure_qty":"20","unit_measure_price":"001","outside_remarks":"","unit_net_weight":"20","unit_net_weight_div":"001","net_weight":"400","unit_gross_weight":"20","gross_weight":"400","measure":"400"},{"pi_detail_no":"4","sales_detail_div":"0","product_cd":"000115","description":"\u793e\u5916\u7528\u5099\u8003 \u793e\u5916\u7528\u5099\u8003 \u793e\u5916\u7528\u5099\u8003 \u793e\u5916\u7528\u5099\u8003 \u793e\u5916\u7528\u5099\u8003 \u793e\u5916\u7528\u5099\u8003","qty":"10","unit_of_m_div":"001","unit_price":"10","amount":"100","detail_tax":"1.2","unit_measure_qty":"999.99","unit_measure_price":"001","outside_remarks":"","unit_net_weight":"-99999.12","unit_net_weight_div":"001","net_weight":"-999991.2","unit_gross_weight":"28451.11","gross_weight":"284511.1","measure":"9999.9"},{"pi_detail_no":"5","sales_detail_div":"0","product_cd":"0003","description":"ACT\u6e2c\u5b9a\u6a5f \u793e\u5916\u7528\u5099\u8003 \u793e\u5916\u7528\u5099\u8003 \u793e\u5916\u7528\u5099\u8003 \u793e\u5916\u7528\u5099\u8003 \u793e\u5916\u7528\u5099\u8003 \u793e\u5916\u7528\u5099\u8003","qty":"10","unit_of_m_div":"001","unit_price":"10","amount":"100","detail_tax":"1.2","unit_measure_qty":"10","unit_measure_price":"001","outside_remarks":"","unit_net_weight":"10","unit_net_weight_div":"001","net_weight":"100","unit_gross_weight":"10","gross_weight":"100","measure":"100"},{"pi_detail_no":"6","sales_detail_div":"0","product_cd":"0005","description":"Digital Bilirubin meter with microprocessor Model BR-5200P printer type with standard accessories","qty":"10","unit_of_m_div":"001","unit_price":"10","amount":"100","detail_tax":"1.2","unit_measure_qty":"10","unit_measure_price":"001","outside_remarks":"","unit_net_weight":"1.8","unit_net_weight_div":"001","net_weight":"18","unit_gross_weight":"10","gross_weight":"100","measure":"100"},{"pi_detail_no":"7","sales_detail_div":"3","product_cd":"6411","description":"Detector unit(Hemoglobin) for BR-5200(P)","qty":"10","unit_of_m_div":"001","unit_price":"10","amount":"100","detail_tax":"1.2","unit_measure_qty":"10","unit_measure_price":"001","outside_remarks":"","unit_net_weight":"10","unit_net_weight_div":"001","net_weight":"100","unit_gross_weight":"10","gross_weight":"100","measure":"100"}]','90','010','616181.1','','-775030.6','','28559.9','001','1300','0','0','0','1300','Around 1 month after receipt of payment','008','Japan','APEL CO.,LTD.','This Proforma invoice is valid for 2 weeks from the date of  issue.','- If a consulate visa is required, the related fees should be paid by the buyer.','- In case of transport by air and/or container, FOB, C&F and CIF in this proforma invoice','shall be respectively equivalent to FCA, CPT and CIP stipulated in Incoterms 2000.','- In the event that the dollar (euro)falls against the Japanese yen by more than 5% from','the rate of proforma invoice date, the prices will not be effective.','* Remittance charge must be covered by sender.','*** Warranty period after shipment***','3 years: PD-303, BR-501','1 year: AP-120, AP-1000M, PD-303S, PD-3000UV, BR-5200, BR-5200P, HC-702, HG-220','*Our bank account is only Japanese one.(We have no bank account outside Japan)','001','社内用備考','','001_pi-detail','';
2018-03-13 18:27:12 EXEC SPC_001_PI_DETAIL_INQ1 'RT-180112003';
2018-03-13 18:27:12 EXEC SPC_GET_TAX_RATE '2018/01/12';
2018-03-13 18:27:13 EXEC SPC_COM_GET_COMBOBOX 'unit_m_div';
2018-03-13 18:27:13 EXEC SPC_COM_GET_COMBOBOX 'unit_q_div';
2018-03-13 18:27:13 EXEC SPC_COM_GET_COMBOBOX 'unit_w_div';
2018-03-13 18:27:13 EXEC SPC_COM_GET_COMBOBOX 'sales_detail_div';
2018-03-13 18:27:15 EXEC SPC_001_PI_DETAIL_ACT3 'RT-180112003','社内用備考','','001_pi-detail','';
2018-03-13 18:27:16 EXEC SPC_001_PI_DETAIL_INQ1 'RT-180112003';
2018-03-13 18:27:16 EXEC SPC_COM_GET_COMBOBOX 'sales_detail_div';
2018-03-13 18:27:17 EXEC SPC_COM_GET_COMBOBOX 'unit_q_div';
2018-03-13 18:27:17 EXEC SPC_COM_GET_COMBOBOX 'unit_m_div';
2018-03-13 18:27:17 EXEC SPC_GET_TAX_RATE '2018/01/12';
2018-03-13 18:27:17 EXEC SPC_COM_GET_COMBOBOX 'unit_w_div';
2018-03-13 18:27:20 EXEC SPC_GET_CONSTANT '';
2018-03-13 18:27:20 EXEC SPC_003_PI_EXCEL_ACT1 '{"pi_no":"RT-180112003","pi_status_div":"20"}','','003_pi-excel','';
2018-03-13 18:27:50 EXEC SPC_001_PI_DETAIL_ACT4 'RT-180112003','社内用備考','','001_pi-detail','';
2018-03-13 18:27:51 EXEC SPC_001_PI_DETAIL_INQ1 'RT-180112003';
2018-03-13 18:27:51 EXEC SPC_GET_TAX_RATE '2018/01/12';
2018-03-13 18:27:51 EXEC SPC_COM_GET_COMBOBOX 'unit_q_div';
2018-03-13 18:27:51 EXEC SPC_COM_GET_COMBOBOX 'unit_w_div';
2018-03-13 18:27:51 EXEC SPC_COM_GET_COMBOBOX 'unit_m_div';
2018-03-13 18:27:51 EXEC SPC_COM_GET_COMBOBOX 'sales_detail_div';
2018-03-13 18:28:00 EXEC SPC_063_PRODUCT_MASTER_SEARCH_FND1 '','','1','10';
2018-03-13 18:28:01 EXEC SPC_063_PRODUCT_MASTER_SEARCH_FND1 '','','2','10';
2018-03-13 18:28:03 EXEC SPC_063_PRODUCT_MASTER_SEARCH_FND1 '','','3','10';
2018-03-13 18:28:06 EXEC SPC_001_PI_DETAIL_INQ3 '10001','2018/01/12','ape76','JO','USD';
2018-03-13 18:28:17 EXEC SPC_063_PRODUCT_MASTER_SEARCH_FND1 '','','1','10';
2018-03-13 18:28:20 EXEC SPC_063_PRODUCT_MASTER_SEARCH_FND1 '','','2','10';
2018-03-13 18:28:21 EXEC SPC_063_PRODUCT_MASTER_SEARCH_FND1 '','','18','10';
2018-03-13 18:28:22 EXEC SPC_063_PRODUCT_MASTER_SEARCH_FND1 '','','17','10';
2018-03-13 18:28:31 EXEC SPC_063_PRODUCT_MASTER_SEARCH_FND1 '','','16','10';
2018-03-13 18:28:38 EXEC SPC_001_PI_DETAIL_INQ3 '19026','2018/01/12','ape76','JO','USD';
2018-03-13 18:28:50 EXEC SPC_001_PI_DETAIL_ACT1 'R','RT-180112003','10','2018/01/12','ape76','APEL CO.,LTD.','951 Angyouryou Negishi','Kawaguchi','333-0834','002','JO','+81-48-280-3055','+81-48-283-5045','','APEL CO.,LTD.','951 Angyouryou Negishi','Kawaguchi','333-0834','005','IQ','+81-48-280-3055','+81-48-283-5045','APEL CO., LTD.','Saitama','mark 3','mark 4','Standard Export Carton','','USD','060','01','02','001','SY','15','Payment','[{"pi_detail_no":"1","sales_detail_div":"3","product_cd":"000114","description":"\u793e\u5916\u7528\u5099\u8003 \u793e\u5916\u7528\u5099\u8003 \u793e\u5916\u7528\u5099\u8003 \u793e\u5916\u7528\u5099\u8003 \u793e\u5916\u7528\u5099\u8003 \u793e\u5916\u7528\u5099\u8003","qty":"10","unit_of_m_div":"010","unit_price":"10","amount":"100","detail_tax":"1.2","unit_measure_qty":"10","unit_measure_price":"001","outside_remarks":"","unit_net_weight":"10","unit_net_weight_div":"","net_weight":"100","unit_gross_weight":"10","gross_weight":"100","measure":"100"},{"pi_detail_no":"2","sales_detail_div":"0","product_cd":"000112","description":"\u793e\u5916\u7528\u5099\u8003 \u793e\u5916\u7528\u5099\u8003 \u793e\u5916\u7528\u5099\u8003 \u793e\u5916\u7528\u5099\u8003 \u793e\u5916\u7528\u5099\u8003 \u793e\u5916\u7528\u5099\u8003","qty":"20","unit_of_m_div":"002","unit_price":"20","amount":"400","detail_tax":"4.8","unit_measure_qty":"888","unit_measure_price":"001","outside_remarks":"","unit_net_weight":"11212.13","unit_net_weight_div":"001","net_weight":"224242.6","unit_gross_weight":"16543.5","gross_weight":"330870","measure":"17760"},{"pi_detail_no":"3","sales_detail_div":"3","product_cd":"0004","description":"\u793e\u5916\u7528\u5099\u8003 \u793e\u5916\u7528\u5099\u8003 \u793e\u5916\u7528\u5099\u8003 \u793e\u5916\u7528\u5099\u8003 \u793e\u5916\u7528\u5099\u8003 \u793e\u5916\u7528\u5099\u8003","qty":"20","unit_of_m_div":"001","unit_price":"20","amount":"400","detail_tax":"4.8","unit_measure_qty":"20","unit_measure_price":"001","outside_remarks":"","unit_net_weight":"20","unit_net_weight_div":"001","net_weight":"400","unit_gross_weight":"20","gross_weight":"400","measure":"400"},{"pi_detail_no":"4","sales_detail_div":"0","product_cd":"000115","description":"\u793e\u5916\u7528\u5099\u8003 \u793e\u5916\u7528\u5099\u8003 \u793e\u5916\u7528\u5099\u8003 \u793e\u5916\u7528\u5099\u8003 \u793e\u5916\u7528\u5099\u8003 \u793e\u5916\u7528\u5099\u8003","qty":"10","unit_of_m_div":"001","unit_price":"10","amount":"100","detail_tax":"1.2","unit_measure_qty":"999.99","unit_measure_price":"001","outside_remarks":"","unit_net_weight":"-99999.12","unit_net_weight_div":"001","net_weight":"-999991.2","unit_gross_weight":"28451.11","gross_weight":"284511.1","measure":"9999.9"},{"pi_detail_no":"5","sales_detail_div":"0","product_cd":"0003","description":"ACT\u6e2c\u5b9a\u6a5f \u793e\u5916\u7528\u5099\u8003 \u793e\u5916\u7528\u5099\u8003 \u793e\u5916\u7528\u5099\u8003 \u793e\u5916\u7528\u5099\u8003 \u793e\u5916\u7528\u5099\u8003 \u793e\u5916\u7528\u5099\u8003","qty":"10","unit_of_m_div":"001","unit_price":"10","amount":"100","detail_tax":"1.2","unit_measure_qty":"10","unit_measure_price":"001","outside_remarks":"","unit_net_weight":"10","unit_net_weight_div":"001","net_weight":"100","unit_gross_weight":"10","gross_weight":"100","measure":"100"},{"pi_detail_no":"6","sales_detail_div":"0","product_cd":"0005","description":"Digital Bilirubin meter with microprocessor Model BR-5200P printer type with standard accessories","qty":"10","unit_of_m_div":"001","unit_price":"10","amount":"100","detail_tax":"1.2","unit_measure_qty":"10","unit_measure_price":"001","outside_remarks":"","unit_net_weight":"1.8","unit_net_weight_div":"001","net_weight":"18","unit_gross_weight":"10","gross_weight":"100","measure":"100"},{"pi_detail_no":"7","sales_detail_div":"3","product_cd":"6411","description":"Detector unit(Hemoglobin) for BR-5200(P)","qty":"10","unit_of_m_div":"001","unit_price":"10","amount":"100","detail_tax":"1.2","unit_measure_qty":"10","unit_measure_price":"001","outside_remarks":"","unit_net_weight":"10","unit_net_weight_div":"001","net_weight":"100","unit_gross_weight":"10","gross_weight":"100","measure":"100"},{"pi_detail_no":"8","sales_detail_div":"0","product_cd":"10001","description":"Mobile Photoelectric colorimeter Model AP-1000M with standard accessories","qty":"10","unit_of_m_div":"001","unit_price":"10","amount":"100","detail_tax":"1.2","unit_measure_qty":"10","unit_measure_price":"001","outside_remarks":"","unit_net_weight":"0.8","unit_net_weight_div":"001","net_weight":"8","unit_gross_weight":"1.7","gross_weight":"17","measure":"100"},{"pi_detail_no":"9","sales_detail_div":"0","product_cd":"19026","description":"Calibration of PD-303 with certificate of calibration","qty":"10","unit_of_m_div":"001","unit_price":"10","amount":"100","detail_tax":"1.2","unit_measure_qty":"10","unit_measure_price":"001","outside_remarks":"","unit_net_weight":"10","unit_net_weight_div":"001","net_weight":"100","unit_gross_weight":"10","gross_weight":"100","measure":"100"}]','110','010','616298.1','','-774922.6','','28759.9','001','1500','0','0','0','1500','Around 1 month after receipt of payment','008','Japan','APEL CO.,LTD.','This Proforma invoice is valid for 2 weeks from the date of  issue.','- If a consulate visa is required, the related fees should be paid by the buyer.','- In case of transport by air and/or container, FOB, C&F and CIF in this proforma invoice','shall be respectively equivalent to FCA, CPT and CIP stipulated in Incoterms 2000.','- In the event that the dollar (euro)falls against the Japanese yen by more than 5% from','the rate of proforma invoice date, the prices will not be effective.','* Remittance charge must be covered by sender.','*** Warranty period after shipment***','3 years: PD-303, BR-501','1 year: AP-120, AP-1000M, PD-303S, PD-3000UV, BR-5200, BR-5200P, HC-702, HG-220','*Our bank account is only Japanese one.(We have no bank account outside Japan)','001','社内用備考','','001_pi-detail','';
2018-03-13 18:28:51 EXEC SPC_001_PI_DETAIL_INQ1 'RT-180112003';
2018-03-13 18:28:51 EXEC SPC_COM_GET_COMBOBOX 'unit_q_div';
2018-03-13 18:28:51 EXEC SPC_COM_GET_COMBOBOX 'unit_m_div';
2018-03-13 18:28:52 EXEC SPC_GET_TAX_RATE '2018/01/12';
2018-03-13 18:28:52 EXEC SPC_COM_GET_COMBOBOX 'sales_detail_div';
2018-03-13 18:28:52 EXEC SPC_COM_GET_COMBOBOX 'unit_w_div';
2018-03-13 18:28:59 EXEC SPC_063_PRODUCT_MASTER_SEARCH_FND1 '','','1','10';
2018-03-13 18:29:01 EXEC SPC_063_PRODUCT_MASTER_SEARCH_FND1 '','','2','10';
2018-03-13 18:29:02 EXEC SPC_063_PRODUCT_MASTER_SEARCH_FND1 '','','3','10';
2018-03-13 18:29:04 EXEC SPC_063_PRODUCT_MASTER_SEARCH_FND1 '','','4','10';
2018-03-13 18:29:09 EXEC SPC_001_PI_DETAIL_INQ3 '10002','2018/01/12','ape76','JO','USD';
2018-03-13 18:29:15 EXEC SPC_001_PI_DETAIL_ACT1 'R','RT-180112003','10','2018/01/12','ape76','APEL CO.,LTD.','951 Angyouryou Negishi','Kawaguchi','333-0834','002','JO','+81-48-280-3055','+81-48-283-5045','','APEL CO.,LTD.','951 Angyouryou Negishi','Kawaguchi','333-0834','005','IQ','+81-48-280-3055','+81-48-283-5045','APEL CO., LTD.','Saitama','mark 3','mark 4','Standard Export Carton','','USD','060','01','02','001','SY','15','Payment','[{"pi_detail_no":"1","sales_detail_div":"3","product_cd":"000114","description":"\u793e\u5916\u7528\u5099\u8003 \u793e\u5916\u7528\u5099\u8003 \u793e\u5916\u7528\u5099\u8003 \u793e\u5916\u7528\u5099\u8003 \u793e\u5916\u7528\u5099\u8003 \u793e\u5916\u7528\u5099\u8003","qty":"10","unit_of_m_div":"010","unit_price":"10","amount":"100","detail_tax":"1.2","unit_measure_qty":"10","unit_measure_price":"001","outside_remarks":"","unit_net_weight":"10","unit_net_weight_div":"","net_weight":"100","unit_gross_weight":"10","gross_weight":"100","measure":"100"},{"pi_detail_no":"2","sales_detail_div":"0","product_cd":"000112","description":"\u793e\u5916\u7528\u5099\u8003 \u793e\u5916\u7528\u5099\u8003 \u793e\u5916\u7528\u5099\u8003 \u793e\u5916\u7528\u5099\u8003 \u793e\u5916\u7528\u5099\u8003 \u793e\u5916\u7528\u5099\u8003","qty":"20","unit_of_m_div":"002","unit_price":"20","amount":"400","detail_tax":"4.8","unit_measure_qty":"888","unit_measure_price":"001","outside_remarks":"","unit_net_weight":"11212.13","unit_net_weight_div":"001","net_weight":"224242.6","unit_gross_weight":"16543.5","gross_weight":"330870","measure":"17760"},{"pi_detail_no":"3","sales_detail_div":"3","product_cd":"0004","description":"\u793e\u5916\u7528\u5099\u8003 \u793e\u5916\u7528\u5099\u8003 \u793e\u5916\u7528\u5099\u8003 \u793e\u5916\u7528\u5099\u8003 \u793e\u5916\u7528\u5099\u8003 \u793e\u5916\u7528\u5099\u8003","qty":"20","unit_of_m_div":"001","unit_price":"20","amount":"400","detail_tax":"4.8","unit_measure_qty":"20","unit_measure_price":"001","outside_remarks":"","unit_net_weight":"20","unit_net_weight_div":"001","net_weight":"400","unit_gross_weight":"20","gross_weight":"400","measure":"400"},{"pi_detail_no":"4","sales_detail_div":"0","product_cd":"000115","description":"\u793e\u5916\u7528\u5099\u8003 \u793e\u5916\u7528\u5099\u8003 \u793e\u5916\u7528\u5099\u8003 \u793e\u5916\u7528\u5099\u8003 \u793e\u5916\u7528\u5099\u8003 \u793e\u5916\u7528\u5099\u8003","qty":"10","unit_of_m_div":"001","unit_price":"10","amount":"100","detail_tax":"1.2","unit_measure_qty":"999.99","unit_measure_price":"001","outside_remarks":"","unit_net_weight":"-99999.12","unit_net_weight_div":"001","net_weight":"-999991.2","unit_gross_weight":"28451.11","gross_weight":"284511.1","measure":"9999.9"},{"pi_detail_no":"5","sales_detail_div":"0","product_cd":"0003","description":"ACT\u6e2c\u5b9a\u6a5f \u793e\u5916\u7528\u5099\u8003 \u793e\u5916\u7528\u5099\u8003 \u793e\u5916\u7528\u5099\u8003 \u793e\u5916\u7528\u5099\u8003 \u793e\u5916\u7528\u5099\u8003 \u793e\u5916\u7528\u5099\u8003","qty":"10","unit_of_m_div":"001","unit_price":"10","amount":"100","detail_tax":"1.2","unit_measure_qty":"10","unit_measure_price":"001","outside_remarks":"","unit_net_weight":"10","unit_net_weight_div":"001","net_weight":"100","unit_gross_weight":"10","gross_weight":"100","measure":"100"},{"pi_detail_no":"6","sales_detail_div":"0","product_cd":"0005","description":"Digital Bilirubin meter with microprocessor Model BR-5200P printer type with standard accessories","qty":"10","unit_of_m_div":"001","unit_price":"10","amount":"100","detail_tax":"1.2","unit_measure_qty":"10","unit_measure_price":"001","outside_remarks":"","unit_net_weight":"1.8","unit_net_weight_div":"001","net_weight":"18","unit_gross_weight":"10","gross_weight":"100","measure":"100"},{"pi_detail_no":"7","sales_detail_div":"3","product_cd":"6411","description":"Detector unit(Hemoglobin) for BR-5200(P)","qty":"10","unit_of_m_div":"001","unit_price":"10","amount":"100","detail_tax":"1.2","unit_measure_qty":"10","unit_measure_price":"001","outside_remarks":"","unit_net_weight":"10","unit_net_weight_div":"001","net_weight":"100","unit_gross_weight":"10","gross_weight":"100","measure":"100"},{"pi_detail_no":"8","sales_detail_div":"0","product_cd":"10001","description":"Mobile Photoelectric colorimeter Model AP-1000M with standard accessories","qty":"10","unit_of_m_div":"001","unit_price":"10","amount":"100","detail_tax":"1.2","unit_measure_qty":"10","unit_measure_price":"001","outside_remarks":"","unit_net_weight":"0.8","unit_net_weight_div":"001","net_weight":"8","unit_gross_weight":"1.7","gross_weight":"17","measure":"100"},{"pi_detail_no":"9","sales_detail_div":"0","product_cd":"19026","description":"Calibration of PD-303 with certificate of calibration","qty":"10","unit_of_m_div":"001","unit_price":"10","amount":"100","detail_tax":"1.2","unit_measure_qty":"10","unit_measure_price":"001","outside_remarks":"","unit_net_weight":"10","unit_net_weight_div":"001","net_weight":"100","unit_gross_weight":"10","gross_weight":"100","measure":"100"},{"pi_detail_no":"10","sales_detail_div":"0","product_cd":"10002","description":"Digital Photoelectric Colorimeter Model AP-101 with standard accessories","qty":"10","unit_of_m_div":"001","unit_price":"10","amount":"100","detail_tax":"1.2","unit_measure_qty":"10","unit_measure_price":"001","outside_remarks":"","unit_net_weight":"2","unit_net_weight_div":"001","net_weight":"20","unit_gross_weight":"2.8","gross_weight":"28","measure":"100"}]','120','010','616326.1','','-774902.6','','28859.9','001','1600','0','0','0','1600','Around 1 month after receipt of payment','008','Japan','APEL CO.,LTD.','This Proforma invoice is valid for 2 weeks from the date of  issue.','- If a consulate visa is required, the related fees should be paid by the buyer.','- In case of transport by air and/or container, FOB, C&F and CIF in this proforma invoice','shall be respectively equivalent to FCA, CPT and CIP stipulated in Incoterms 2000.','- In the event that the dollar (euro)falls against the Japanese yen by more than 5% from','the rate of proforma invoice date, the prices will not be effective.','* Remittance charge must be covered by sender.','*** Warranty period after shipment***','3 years: PD-303, BR-501','1 year: AP-120, AP-1000M, PD-303S, PD-3000UV, BR-5200, BR-5200P, HC-702, HG-220','*Our bank account is only Japanese one.(We have no bank account outside Japan)','001','社内用備考','','001_pi-detail','';
2018-03-13 18:29:16 EXEC SPC_001_PI_DETAIL_INQ1 'RT-180112003';
2018-03-13 18:29:17 EXEC SPC_COM_GET_COMBOBOX 'unit_m_div';
2018-03-13 18:29:17 EXEC SPC_GET_TAX_RATE '2018/01/12';
2018-03-13 18:29:17 EXEC SPC_COM_GET_COMBOBOX 'unit_q_div';
2018-03-13 18:29:17 EXEC SPC_COM_GET_COMBOBOX 'sales_detail_div';
2018-03-13 18:29:17 EXEC SPC_COM_GET_COMBOBOX 'unit_w_div';
2018-03-13 18:29:19 EXEC SPC_001_PI_DETAIL_ACT3 'RT-180112003','社内用備考','','001_pi-detail','';
2018-03-13 18:29:20 EXEC SPC_001_PI_DETAIL_INQ1 'RT-180112003';
2018-03-13 18:29:21 EXEC SPC_COM_GET_COMBOBOX 'sales_detail_div';
2018-03-13 18:29:21 EXEC SPC_COM_GET_COMBOBOX 'unit_q_div';
2018-03-13 18:29:21 EXEC SPC_COM_GET_COMBOBOX 'unit_m_div';
2018-03-13 18:29:21 EXEC SPC_GET_TAX_RATE '2018/01/12';
2018-03-13 18:29:21 EXEC SPC_COM_GET_COMBOBOX 'unit_w_div';
2018-03-13 18:29:23 EXEC SPC_GET_CONSTANT '';
2018-03-13 18:29:23 EXEC SPC_003_PI_EXCEL_ACT1 '{"pi_no":"RT-180112003","pi_status_div":"20"}','','003_pi-excel','';
2018-03-13 18:29:27 EXEC SPC_GET_CONSTANT '';
2018-03-13 18:29:27 EXEC SPC_003_PI_EXCEL_ACT1 '{"pi_no":"RT-180112003","pi_status_div":"20"}','','003_pi-excel','';
2018-03-13 18:29:37 EXEC SPC_001_PI_DETAIL_ACT4 'RT-180112003','社内用備考','','001_pi-detail','';
2018-03-13 18:29:38 EXEC SPC_001_PI_DETAIL_INQ1 'RT-180112003';
2018-03-13 18:29:38 EXEC SPC_GET_TAX_RATE '2018/01/12';
2018-03-13 18:29:38 EXEC SPC_COM_GET_COMBOBOX 'unit_m_div';
2018-03-13 18:29:38 EXEC SPC_COM_GET_COMBOBOX 'unit_w_div';
2018-03-13 18:29:38 EXEC SPC_COM_GET_COMBOBOX 'unit_q_div';
2018-03-13 18:29:38 EXEC SPC_COM_GET_COMBOBOX 'sales_detail_div';
2018-03-13 18:29:52 EXEC SPC_001_PI_DETAIL_ACT3 'RT-180112003','社内用備考','','001_pi-detail','';
2018-03-13 18:29:53 EXEC SPC_001_PI_DETAIL_INQ1 'RT-180112003';
2018-03-13 18:29:54 EXEC SPC_COM_GET_COMBOBOX 'unit_q_div';
2018-03-13 18:29:54 EXEC SPC_COM_GET_COMBOBOX 'sales_detail_div';
2018-03-13 18:29:54 EXEC SPC_GET_TAX_RATE '2018/01/12';
2018-03-13 18:29:54 EXEC SPC_COM_GET_COMBOBOX 'unit_w_div';
2018-03-13 18:29:54 EXEC SPC_COM_GET_COMBOBOX 'unit_m_div';
2018-03-13 18:30:00 EXEC SPC_GET_CONSTANT '';
2018-03-13 18:30:00 EXEC SPC_003_PI_EXCEL_ACT1 '{"pi_no":"RT-180112003","pi_status_div":"20"}','','003_pi-excel','';
2018-03-13 18:30:31 EXEC SPC_GET_CONSTANT '';
2018-03-13 18:30:31 EXEC SPC_003_PI_EXCEL_ACT1 '{"pi_no":"RT-180112003","pi_status_div":"20"}','','003_pi-excel','';
2018-03-13 18:31:26 EXEC SPC_GET_CONSTANT '';
2018-03-13 18:31:26 EXEC SPC_003_PI_EXCEL_ACT1 '{"pi_no":"RT-180112003","pi_status_div":"20"}','','003_pi-excel','';
2018-03-13 18:32:03 EXEC SPC_GET_CONSTANT '';
2018-03-13 18:32:03 EXEC SPC_003_PI_EXCEL_ACT1 '{"pi_no":"RT-180112003","pi_status_div":"20"}','','003_pi-excel','';
2018-03-13 18:32:12 EXEC SPC_GET_CONSTANT '';
2018-03-13 18:32:12 EXEC SPC_003_PI_EXCEL_ACT1 '{"pi_no":"RT-180112003","pi_status_div":"20"}','','003_pi-excel','';
2018-03-13 18:32:40 EXEC SPC_GET_CONSTANT '';
2018-03-13 18:32:40 EXEC SPC_003_PI_EXCEL_ACT1 '{"pi_no":"RT-180112003","pi_status_div":"20"}','','003_pi-excel','';
2018-03-13 18:34:04 EXEC SPC_GET_CONSTANT '';
2018-03-13 18:34:04 EXEC SPC_003_PI_EXCEL_ACT1 '{"pi_no":"RT-180112003","pi_status_div":"20"}','','003_pi-excel','';
2018-03-13 18:34:18 EXEC SPC_GET_CONSTANT '';
2018-03-13 18:34:18 EXEC SPC_003_PI_EXCEL_ACT1 '{"pi_no":"RT-180112003","pi_status_div":"20"}','','003_pi-excel','';
2018-03-13 18:34:30 EXEC SPC_GET_CONSTANT '';
2018-03-13 18:34:30 EXEC SPC_003_PI_EXCEL_ACT1 '{"pi_no":"RT-180112003","pi_status_div":"20"}','','003_pi-excel','';
2018-03-13 18:34:46 EXEC SPC_GET_CONSTANT '';
2018-03-13 18:34:46 EXEC SPC_003_PI_EXCEL_ACT1 '{"pi_no":"RT-180112003","pi_status_div":"20"}','','003_pi-excel','';
2018-03-13 18:35:06 EXEC SPC_001_PI_DETAIL_ACT4 'RT-180112003','社内用備考','','001_pi-detail','';
2018-03-13 18:35:07 EXEC SPC_001_PI_DETAIL_INQ1 'RT-180112003';
2018-03-13 18:35:08 EXEC SPC_GET_TAX_RATE '2018/01/12';
2018-03-13 18:35:09 EXEC SPC_COM_GET_COMBOBOX 'unit_m_div';
2018-03-13 18:35:09 EXEC SPC_COM_GET_COMBOBOX 'unit_q_div';
2018-03-13 18:35:09 EXEC SPC_COM_GET_COMBOBOX 'unit_w_div';
2018-03-13 18:35:09 EXEC SPC_COM_GET_COMBOBOX 'sales_detail_div';
2018-03-13 18:35:25 EXEC SPC_001_PI_DETAIL_ACT3 'RT-180112003','社内用備考','','001_pi-detail','';
2018-03-13 18:35:26 EXEC SPC_001_PI_DETAIL_INQ1 'RT-180112003';
2018-03-13 18:35:26 EXEC SPC_COM_GET_COMBOBOX 'unit_q_div';
2018-03-13 18:35:26 EXEC SPC_GET_TAX_RATE '2018/01/12';
2018-03-13 18:35:26 EXEC SPC_COM_GET_COMBOBOX 'sales_detail_div';
2018-03-13 18:35:26 EXEC SPC_COM_GET_COMBOBOX 'unit_w_div';
2018-03-13 18:35:26 EXEC SPC_COM_GET_COMBOBOX 'unit_m_div';
2018-03-13 18:36:37 EXEC SPC_COM_GET_COMBOBOX 'pi_status_div';
2018-03-13 18:36:37 EXEC SPC_002_PI_SEARCH_FND1 '','','','','','','','10','1','10';
2018-03-13 18:36:39 EXEC SPC_002_PI_SEARCH_FND1 '','','','','RT-180112003','','','10','1','10';
2018-03-13 18:36:44 EXEC SPC_GET_PI_ACCEPT 'RT-1801120';
2018-03-13 18:36:45 EXEC SPC_002_PI_SEARCH_FND1 '','','','','','RT-1801120','','10','1','10';
2018-03-13 18:36:47 EXEC SPC_002_PI_SEARCH_FND1 '','','','','','RT-1801120','','20','1','10';
2018-03-13 18:36:50 EXEC SPC_GET_PI_ACCEPT '';
2018-03-13 18:36:52 EXEC SPC_GET_PI_ACCEPT 'RT-1801120';
2018-03-13 18:36:55 EXEC SPC_002_PI_SEARCH_FND1 '','','','','','RT-1801120','','20','1','10';
2018-03-13 18:36:59 EXEC SPC_GET_PI_ACCEPT '';
2018-03-13 18:37:00 EXEC SPC_002_PI_SEARCH_FND1 '','','','','RT-1801120','','','20','1','10';
2018-03-13 18:37:04 EXEC SPC_GET_CONSTANT '';
2018-03-13 18:37:04 EXEC SPC_003_PI_EXCEL_ACT1 '[{"pi_no":"RT-180112003","pi_status_div":"20"}]','','003_pi-excel','';
2018-03-13 18:37:39 EXEC SPC_GET_CONSTANT '';
2018-03-13 18:37:39 EXEC SPC_003_PI_EXCEL_ACT1 '[{"pi_no":"RT-180112003","pi_status_div":"20"}]','','003_pi-excel','';
2018-03-13 18:38:05 EXEC SPC_GET_CONSTANT '';
2018-03-13 18:38:05 EXEC SPC_003_PI_EXCEL_ACT1 '[{"pi_no":"RT-180112003","pi_status_div":"20"}]','','003_pi-excel','';
2018-03-13 18:38:32 EXEC SPC_GET_CONSTANT '';
2018-03-13 18:38:32 EXEC SPC_003_PI_EXCEL_ACT1 '[{"pi_no":"RT-180112003","pi_status_div":"20"}]','','003_pi-excel','';
2018-03-13 18:38:51 EXEC SPC_GET_CONSTANT '';
2018-03-13 18:38:51 EXEC SPC_003_PI_EXCEL_ACT1 '[{"pi_no":"RT-180112003","pi_status_div":"20"}]','','003_pi-excel','';
2018-03-13 18:39:07 EXEC SPC_GET_CONSTANT '';
2018-03-13 18:39:07 EXEC SPC_003_PI_EXCEL_ACT1 '[{"pi_no":"RT-180112003","pi_status_div":"20"}]','','003_pi-excel','';
2018-03-13 18:39:55 EXEC SPC_GET_CONSTANT '';
2018-03-13 18:39:55 EXEC SPC_003_PI_EXCEL_ACT1 '[{"pi_no":"RT-180112003","pi_status_div":"20"}]','','003_pi-excel','';
2018-03-13 18:40:54 EXEC SPC_GET_CONSTANT '';
2018-03-13 18:40:54 EXEC SPC_003_PI_EXCEL_ACT1 '[{"pi_no":"RT-180112003","pi_status_div":"20"}]','','003_pi-excel','';
2018-03-13 18:41:00 EXEC SPC_GET_PI_ACCEPT 'RT-1801120';
2018-03-13 18:41:44 EXEC SPC_GET_CONSTANT '';
2018-03-13 18:41:44 EXEC SPC_003_PI_EXCEL_ACT1 '[{"pi_no":"RT-180112003","pi_status_div":"20"}]','','003_pi-excel','';
2018-03-13 18:42:32 EXEC SPC_GET_CONSTANT '';
2018-03-13 18:42:32 EXEC SPC_003_PI_EXCEL_ACT1 '[{"pi_no":"RT-180112003","pi_status_div":"20"}]','','003_pi-excel','';
2018-03-13 18:43:09 EXEC SPC_GET_CONSTANT '';
2018-03-13 18:43:09 EXEC SPC_003_PI_EXCEL_ACT1 '[{"pi_no":"RT-180112003","pi_status_div":"20"}]','','003_pi-excel','';
2018-03-13 18:44:03 EXEC SPC_GET_CONSTANT '';
2018-03-13 18:44:03 EXEC SPC_003_PI_EXCEL_ACT1 '[{"pi_no":"RT-180112003","pi_status_div":"20"}]','','003_pi-excel','';
2018-03-13 18:44:36 EXEC SPC_GET_CONSTANT '';
2018-03-13 18:44:36 EXEC SPC_003_PI_EXCEL_ACT1 '[{"pi_no":"RT-180112003","pi_status_div":"20"}]','','003_pi-excel','';
2018-03-13 18:45:44 EXEC SPC_GET_CONSTANT '';
2018-03-13 18:45:44 EXEC SPC_003_PI_EXCEL_ACT1 '[{"pi_no":"RT-180112003","pi_status_div":"20"}]','','003_pi-excel','';
2018-03-13 18:45:51 EXEC SPC_GET_CONSTANT '';
2018-03-13 18:45:51 EXEC SPC_003_PI_EXCEL_ACT1 '[{"pi_no":"RT-180112003","pi_status_div":"20"}]','','003_pi-excel','';
2018-03-13 18:46:11 EXEC SPC_GET_CONSTANT '';
2018-03-13 18:46:11 EXEC SPC_003_PI_EXCEL_ACT1 '[{"pi_no":"RT-180112003","pi_status_div":"20"}]','','003_pi-excel','';
2018-03-13 18:47:18 EXEC SPC_GET_CONSTANT '';
2018-03-13 18:47:18 EXEC SPC_003_PI_EXCEL_ACT1 '[{"pi_no":"RT-180112003","pi_status_div":"20"}]','','003_pi-excel','';
2018-03-13 18:47:37 EXEC SPC_GET_CONSTANT '';
2018-03-13 18:47:37 EXEC SPC_003_PI_EXCEL_ACT1 '[{"pi_no":"RT-180112003","pi_status_div":"20"}]','','003_pi-excel','';
2018-03-13 18:48:14 EXEC SPC_GET_CONSTANT '';
2018-03-13 18:48:14 EXEC SPC_003_PI_EXCEL_ACT1 '[{"pi_no":"RT-180112003","pi_status_div":"20"}]','','003_pi-excel','';
2018-03-13 18:48:36 EXEC SPC_GET_CONSTANT '';
2018-03-13 18:48:36 EXEC SPC_003_PI_EXCEL_ACT1 '[{"pi_no":"RT-180112003","pi_status_div":"20"}]','','003_pi-excel','';
2018-03-13 18:49:32 EXEC SPC_GET_CONSTANT '';
2018-03-13 18:49:32 EXEC SPC_003_PI_EXCEL_ACT1 '[{"pi_no":"RT-180112003","pi_status_div":"20"}]','','003_pi-excel','';
2018-03-13 18:50:06 EXEC SPC_GET_CONSTANT '';
2018-03-13 18:50:06 EXEC SPC_003_PI_EXCEL_ACT1 '[{"pi_no":"RT-180112003","pi_status_div":"20"}]','','003_pi-excel','';
2018-03-13 18:51:04 EXEC SPC_GET_CONSTANT '';
2018-03-13 18:51:04 EXEC SPC_003_PI_EXCEL_ACT1 '[{"pi_no":"RT-180112003","pi_status_div":"20"}]','','003_pi-excel','';
2018-03-13 18:51:13 EXEC SPC_GET_CONSTANT '';
2018-03-13 18:51:13 EXEC SPC_003_PI_EXCEL_ACT1 '[{"pi_no":"RT-180112003","pi_status_div":"20"}]','','003_pi-excel','';
2018-03-13 18:51:16 EXEC SPC_GET_PI_ACCEPT '';
2018-03-13 18:51:37 EXEC SPC_GET_CONSTANT '';
2018-03-13 18:51:37 EXEC SPC_003_PI_EXCEL_ACT1 '[{"pi_no":"RT-180112003","pi_status_div":"20"}]','','003_pi-excel','';
2018-03-13 18:51:46 EXEC SPC_GET_CONSTANT '';
2018-03-13 18:51:46 EXEC SPC_003_PI_EXCEL_ACT1 '[{"pi_no":"RT-180112003","pi_status_div":"20"}]','','003_pi-excel','';
2018-03-13 18:51:58 EXEC SPC_GET_CONSTANT '';
2018-03-13 18:51:58 EXEC SPC_003_PI_EXCEL_ACT1 '[{"pi_no":"RT-180112003","pi_status_div":"20"}]','','003_pi-excel','';
2018-03-13 18:52:33 EXEC SPC_GET_CONSTANT '';
2018-03-13 18:52:33 EXEC SPC_003_PI_EXCEL_ACT1 '[{"pi_no":"RT-180112003","pi_status_div":"20"}]','','003_pi-excel','';
2018-03-13 18:52:54 EXEC SPC_GET_CONSTANT '';
2018-03-13 18:52:54 EXEC SPC_003_PI_EXCEL_ACT1 '[{"pi_no":"RT-180112003","pi_status_div":"20"}]','','003_pi-excel','';
2018-03-13 18:53:09 EXEC SPC_GET_CONSTANT '';
2018-03-13 18:53:09 EXEC SPC_003_PI_EXCEL_ACT1 '[{"pi_no":"RT-180112003","pi_status_div":"20"}]','','003_pi-excel','';
2018-03-13 18:53:19 EXEC SPC_GET_CONSTANT '';
2018-03-13 18:53:19 EXEC SPC_003_PI_EXCEL_ACT1 '[{"pi_no":"RT-180112003","pi_status_div":"20"}]','','003_pi-excel','';
2018-03-13 18:53:27 EXEC SPC_GET_CONSTANT '';
2018-03-13 18:53:27 EXEC SPC_003_PI_EXCEL_ACT1 '[{"pi_no":"RT-180112003","pi_status_div":"20"}]','','003_pi-excel','';
2018-03-13 18:54:25 EXEC SPC_GET_CONSTANT '';
2018-03-13 18:54:25 EXEC SPC_003_PI_EXCEL_ACT1 '[{"pi_no":"RT-180112003","pi_status_div":"20"}]','','003_pi-excel','';
2018-03-13 18:54:34 EXEC SPC_GET_CONSTANT '';
2018-03-13 18:54:34 EXEC SPC_003_PI_EXCEL_ACT1 '[{"pi_no":"RT-180112003","pi_status_div":"20"}]','','003_pi-excel','';
2018-03-13 18:55:15 EXEC SPC_GET_CONSTANT '';
2018-03-13 18:55:15 EXEC SPC_003_PI_EXCEL_ACT1 '[{"pi_no":"RT-180112003","pi_status_div":"20"}]','','003_pi-excel','';
2018-03-13 18:55:57 EXEC SPC_GET_CONSTANT '';
2018-03-13 18:55:57 EXEC SPC_003_PI_EXCEL_ACT1 '[{"pi_no":"RT-180112003","pi_status_div":"20"}]','','003_pi-excel','';
2018-03-13 18:56:28 EXEC SPC_GET_CONSTANT '';
2018-03-13 18:56:28 EXEC SPC_003_PI_EXCEL_ACT1 '[{"pi_no":"RT-180112003","pi_status_div":"20"}]','','003_pi-excel','';
2018-03-13 18:58:11 EXEC SPC_GET_CONSTANT '';
2018-03-13 18:58:11 EXEC SPC_003_PI_EXCEL_ACT1 '[{"pi_no":"RT-180112003","pi_status_div":"20"}]','','003_pi-excel','';
2018-03-13 18:58:38 EXEC SPC_GET_CONSTANT '';
2018-03-13 18:58:38 EXEC SPC_003_PI_EXCEL_ACT1 '[{"pi_no":"RT-180112003","pi_status_div":"20"}]','','003_pi-excel','';
2018-03-13 18:58:49 EXEC SPC_GET_CONSTANT '';
2018-03-13 18:58:49 EXEC SPC_003_PI_EXCEL_ACT1 '[{"pi_no":"RT-180112003","pi_status_div":"20"}]','','003_pi-excel','';
2018-03-13 18:59:09 EXEC SPC_GET_CONSTANT '';
2018-03-13 18:59:09 EXEC SPC_003_PI_EXCEL_ACT1 '[{"pi_no":"RT-180112003","pi_status_div":"20"}]','','003_pi-excel','';
2018-03-13 19:00:02 EXEC SPC_GET_CONSTANT '';
2018-03-13 19:00:02 EXEC SPC_003_PI_EXCEL_ACT1 '[{"pi_no":"RT-180112003","pi_status_div":"20"}]','','003_pi-excel','';
2018-03-13 19:00:27 EXEC SPC_COM_GET_COMBOBOX 'pi_status_div';
2018-03-13 19:00:41 EXEC SPC_002_PI_SEARCH_FND1 '','','','','','','','','1','10';
2018-03-13 19:00:44 EXEC SPC_002_PI_SEARCH_FND1 '','','','','','','','20','1','10';
2018-03-13 19:00:55 EXEC SPC_002_PI_SEARCH_FND1 '','','','','','','','20','97','10';
2018-03-13 19:00:59 EXEC SPC_GET_CONSTANT '';
2018-03-13 19:00:59 EXEC SPC_003_PI_EXCEL_ACT1 '[{"pi_no":"RT-180112003","pi_status_div":"20"}]','','003_pi-excel','';
2018-03-13 19:02:13 EXEC SPC_COM_GET_COMBOBOX 'port_country_div';
2018-03-13 19:02:13 EXEC SPC_COM_GET_COMBOBOX 'unit_q_div';
2018-03-13 19:02:14 EXEC SPC_COM_GET_COMBOBOX 'unit_w_div';
2018-03-13 19:02:14 EXEC SPC_COM_GET_COMBOBOX 'trade_terms_div';
2018-03-13 19:02:14 EXEC SPC_COM_GET_COMBOBOX 'currency_div';
2018-03-13 19:02:14 EXEC SPC_COM_GET_COMBOBOX 'unit_m_div';
2018-03-13 19:02:14 EXEC SPC_COM_GET_COMBOBOX 'shipment_div';
2018-03-13 19:02:14 EXEC SPC_COM_GET_COMBOBOX 'port_city_div';
2018-03-13 19:02:15 EXEC SPC_COM_GET_COMBOBOX 'payment_conditions_div';
2018-03-13 19:02:15 EXEC SPC_GET_TAX_RATE '2018/03/13';
2018-03-13 19:02:15 EXEC SPC_COM_GET_COMBOBOX 'sales_detail_div';
2018-03-13 19:02:15 EXEC SPC_001_PI_DETAIL_INQ1 'RT-180112003';
2018-03-13 19:02:15 EXEC SPC_COM_GET_COMBOBOX 'bank_div';
2018-03-13 19:02:15 EXEC SPC_COM_GET_COMBOBOX 'unit_m_div';
2018-03-13 19:02:15 EXEC SPC_COM_GET_COMBOBOX 'sales_detail_div';
2018-03-13 19:02:15 EXEC SPC_COM_GET_COMBOBOX 'unit_q_div';
2018-03-13 19:02:15 EXEC SPC_GET_TAX_RATE '2018/01/12';
2018-03-13 19:02:15 EXEC SPC_COM_GET_COMBOBOX 'unit_w_div';
2018-03-13 19:02:17 EXEC SPC_001_PI_DETAIL_ACT4 'RT-180112003','社内用備考','','001_pi-detail','';
2018-03-13 19:02:18 EXEC SPC_001_PI_DETAIL_INQ1 'RT-180112003';
2018-03-13 19:02:19 EXEC SPC_COM_GET_COMBOBOX 'unit_w_div';
2018-03-13 19:02:19 EXEC SPC_COM_GET_COMBOBOX 'unit_q_div';
2018-03-13 19:02:19 EXEC SPC_COM_GET_COMBOBOX 'unit_m_div';
2018-03-13 19:02:19 EXEC SPC_GET_TAX_RATE '2018/01/12';
2018-03-13 19:02:19 EXEC SPC_COM_GET_COMBOBOX 'sales_detail_div';
2018-03-13 19:02:25 EXEC SPC_063_PRODUCT_MASTER_SEARCH_FND1 '','','1','10';
2018-03-13 19:02:27 EXEC SPC_063_PRODUCT_MASTER_SEARCH_FND1 '','','2','10';
2018-03-13 19:02:27 EXEC SPC_063_PRODUCT_MASTER_SEARCH_FND1 '','','3','10';
2018-03-13 19:02:29 EXEC SPC_063_PRODUCT_MASTER_SEARCH_FND1 '','','4','10';
2018-03-13 19:02:31 EXEC SPC_001_PI_DETAIL_INQ3 '10003','2018/01/12','ape76','JO','USD';
2018-03-13 19:03:45 EXEC SPC_001_PI_DETAIL_ACT1 'A','RT-180112003','10','2018/01/12','ape76','APEL CO.,LTD.','951 Angyouryou Negishi','Kawaguchi','333-0834','002','JO','+81-48-280-3055','+81-48-283-5045','','APEL CO.,LTD.','951 Angyouryou Negishi','Kawaguchi','333-0834','005','IQ','+81-48-280-3055','+81-48-283-5045','APEL CO., LTD.','Saitama','mark 3','mark 4','Standard Export Carton','','USD','060','01','02','001','SY','15','Payment','[{"pi_detail_no":"1","sales_detail_div":"3","product_cd":"000114","description":"\u793e\u5916\u7528\u5099\u8003 \u793e\u5916\u7528\u5099\u8003 \u793e\u5916\u7528\u5099\u8003 \u793e\u5916\u7528\u5099\u8003 \u793e\u5916\u7528\u5099\u8003 \u793e\u5916\u7528\u5099\u8003","qty":"10","unit_of_m_div":"010","unit_price":"10","amount":"100","detail_tax":"1.2","unit_measure_qty":"10","unit_measure_price":"001","outside_remarks":"","unit_net_weight":"10","unit_net_weight_div":"","net_weight":"100","unit_gross_weight":"10","gross_weight":"100","measure":"100"},{"pi_detail_no":"2","sales_detail_div":"0","product_cd":"000112","description":"\u793e\u5916\u7528\u5099\u8003 \u793e\u5916\u7528\u5099\u8003 \u793e\u5916\u7528\u5099\u8003 \u793e\u5916\u7528\u5099\u8003 \u793e\u5916\u7528\u5099\u8003 \u793e\u5916\u7528\u5099\u8003","qty":"20","unit_of_m_div":"002","unit_price":"20","amount":"400","detail_tax":"4.8","unit_measure_qty":"888","unit_measure_price":"001","outside_remarks":"","unit_net_weight":"11212.13","unit_net_weight_div":"001","net_weight":"224242.6","unit_gross_weight":"16543.5","gross_weight":"330870","measure":"17760"},{"pi_detail_no":"3","sales_detail_div":"3","product_cd":"0004","description":"\u793e\u5916\u7528\u5099\u8003 \u793e\u5916\u7528\u5099\u8003 \u793e\u5916\u7528\u5099\u8003 \u793e\u5916\u7528\u5099\u8003 \u793e\u5916\u7528\u5099\u8003 \u793e\u5916\u7528\u5099\u8003","qty":"20","unit_of_m_div":"001","unit_price":"20","amount":"400","detail_tax":"4.8","unit_measure_qty":"20","unit_measure_price":"001","outside_remarks":"","unit_net_weight":"20","unit_net_weight_div":"001","net_weight":"400","unit_gross_weight":"20","gross_weight":"400","measure":"400"},{"pi_detail_no":"4","sales_detail_div":"0","product_cd":"000115","description":"\u793e\u5916\u7528\u5099\u8003 \u793e\u5916\u7528\u5099\u8003 \u793e\u5916\u7528\u5099\u8003 \u793e\u5916\u7528\u5099\u8003 \u793e\u5916\u7528\u5099\u8003 \u793e\u5916\u7528\u5099\u8003","qty":"10","unit_of_m_div":"001","unit_price":"10","amount":"100","detail_tax":"1.2","unit_measure_qty":"999.99","unit_measure_price":"001","outside_remarks":"","unit_net_weight":"-99999.12","unit_net_weight_div":"001","net_weight":"-999991.2","unit_gross_weight":"28451.11","gross_weight":"284511.1","measure":"9999.9"},{"pi_detail_no":"5","sales_detail_div":"0","product_cd":"0003","description":"ACT\u6e2c\u5b9a\u6a5f \u793e\u5916\u7528\u5099\u8003 \u793e\u5916\u7528\u5099\u8003 \u793e\u5916\u7528\u5099\u8003 \u793e\u5916\u7528\u5099\u8003 \u793e\u5916\u7528\u5099\u8003 \u793e\u5916\u7528\u5099\u8003","qty":"10","unit_of_m_div":"001","unit_price":"10","amount":"100","detail_tax":"1.2","unit_measure_qty":"10","unit_measure_price":"001","outside_remarks":"","unit_net_weight":"10","unit_net_weight_div":"001","net_weight":"100","unit_gross_weight":"10","gross_weight":"100","measure":"100"},{"pi_detail_no":"6","sales_detail_div":"0","product_cd":"0005","description":"Digital Bilirubin meter with microprocessor Model BR-5200P printer type with standard accessories","qty":"10","unit_of_m_div":"001","unit_price":"10","amount":"100","detail_tax":"1.2","unit_measure_qty":"10","unit_measure_price":"001","outside_remarks":"","unit_net_weight":"1.8","unit_net_weight_div":"001","net_weight":"18","unit_gross_weight":"10","gross_weight":"100","measure":"100"},{"pi_detail_no":"7","sales_detail_div":"3","product_cd":"6411","description":"Detector unit(Hemoglobin) for BR-5200(P)","qty":"10","unit_of_m_div":"001","unit_price":"10","amount":"100","detail_tax":"1.2","unit_measure_qty":"10","unit_measure_price":"001","outside_remarks":"","unit_net_weight":"10","unit_net_weight_div":"001","net_weight":"100","unit_gross_weight":"10","gross_weight":"100","measure":"100"},{"pi_detail_no":"8","sales_detail_div":"0","product_cd":"10001","description":"Mobile Photoelectric colorimeter Model AP-1000M with standard accessories","qty":"10","unit_of_m_div":"001","unit_price":"10","amount":"100","detail_tax":"1.2","unit_measure_qty":"10","unit_measure_price":"001","outside_remarks":"","unit_net_weight":"0.8","unit_net_weight_div":"001","net_weight":"8","unit_gross_weight":"1.7","gross_weight":"17","measure":"100"},{"pi_detail_no":"9","sales_detail_div":"0","product_cd":"19026","description":"Calibration of PD-303 with certificate of calibration","qty":"10","unit_of_m_div":"001","unit_price":"10","amount":"100","detail_tax":"1.2","unit_measure_qty":"10","unit_measure_price":"001","outside_remarks":"","unit_net_weight":"10","unit_net_weight_div":"001","net_weight":"100","unit_gross_weight":"10","gross_weight":"100","measure":"100"},{"pi_detail_no":"10","sales_detail_div":"0","product_cd":"10002","description":"Digital Photoelectric Colorimeter Model AP-101 with standard accessories","qty":"10","unit_of_m_div":"001","unit_price":"10","amount":"100","detail_tax":"1.2","unit_measure_qty":"10","unit_measure_price":"001","outside_remarks":"","unit_net_weight":"2","unit_net_weight_div":"001","net_weight":"20","unit_gross_weight":"2.8","gross_weight":"28","measure":"100"},{"pi_detail_no":"11","sales_detail_div":"3","product_cd":"10003","description":"Digital Photoelectric Colorimeter Model AP-120 with standard accessories","qty":"10","unit_of_m_div":"001","unit_price":"10","amount":"100","detail_tax":"1.2","unit_measure_qty":"10","unit_measure_price":"001","outside_remarks":"","unit_net_weight":"1.5","unit_net_weight_div":"001","net_weight":"15","unit_gross_weight":"2.5","gross_weight":"25","measure":"100"}]','130','010','616351.1','','-774887.6','','28959.9','001','1700','0','0','0','1700','Around 1 month after receipt of payment','008','Japan','APEL CO.,LTD.','This Proforma invoice is valid for 2 weeks from the date of  issue.','- If a consulate visa is required, the related fees should be paid by the buyer.','- In case of transport by air and/or container, FOB, C&F and CIF in this proforma invoice','shall be respectively equivalent to FCA, CPT and CIP stipulated in Incoterms 2000.','- In the event that the dollar (euro)falls against the Japanese yen by more than 5% from','the rate of proforma invoice date, the prices will not be effective.','* Remittance charge must be covered by sender.','*** Warranty period after shipment***','3 years: PD-303, BR-501','1 year: AP-120, AP-1000M, PD-303S, PD-3000UV, BR-5200, BR-5200P, HC-702, HG-220','*Our bank account is only Japanese one.(We have no bank account outside Japan)','001','社内用備考','','001_pi-detail','';
2018-03-13 19:03:46 EXEC SPC_001_PI_DETAIL_INQ1 'RT-180112003';
2018-03-13 19:03:47 EXEC SPC_GET_TAX_RATE '2018/01/12';
2018-03-13 19:03:47 EXEC SPC_COM_GET_COMBOBOX 'unit_w_div';
2018-03-13 19:03:47 EXEC SPC_COM_GET_COMBOBOX 'sales_detail_div';
2018-03-13 19:03:47 EXEC SPC_COM_GET_COMBOBOX 'unit_q_div';
2018-03-13 19:03:47 EXEC SPC_COM_GET_COMBOBOX 'unit_m_div';
2018-03-13 19:03:49 EXEC SPC_001_PI_DETAIL_ACT3 'RT-180112003','社内用備考','','001_pi-detail','';
2018-03-13 19:03:50 EXEC SPC_001_PI_DETAIL_INQ1 'RT-180112003';
2018-03-13 19:03:51 EXEC SPC_COM_GET_COMBOBOX 'sales_detail_div';
2018-03-13 19:03:51 EXEC SPC_COM_GET_COMBOBOX 'unit_q_div';
2018-03-13 19:03:51 EXEC SPC_COM_GET_COMBOBOX 'unit_w_div';
2018-03-13 19:03:51 EXEC SPC_COM_GET_COMBOBOX 'unit_m_div';
2018-03-13 19:03:51 EXEC SPC_GET_TAX_RATE '2018/01/12';
2018-03-13 19:03:54 EXEC SPC_GET_CONSTANT '';
2018-03-13 19:03:54 EXEC SPC_003_PI_EXCEL_ACT1 '{"pi_no":"RT-180112003","pi_status_div":"20"}','','003_pi-excel','';
2018-03-13 19:05:36 EXEC SPC_GET_CONSTANT '';
2018-03-13 19:05:36 EXEC SPC_003_PI_EXCEL_ACT1 '{"pi_no":"RT-180112003","pi_status_div":"20"}','','003_pi-excel','';
2018-03-13 19:06:13 EXEC SPC_GET_CONSTANT '';
2018-03-13 19:06:13 EXEC SPC_003_PI_EXCEL_ACT1 '{"pi_no":"RT-180112003","pi_status_div":"20"}','','003_pi-excel','';
2018-03-13 19:08:35 EXEC SPC_GET_CONSTANT '';
2018-03-13 19:08:35 EXEC SPC_003_PI_EXCEL_ACT1 '{"pi_no":"RT-180112003","pi_status_div":"20"}','','003_pi-excel','';
2018-03-13 19:09:37 EXEC SPC_GET_CONSTANT '';
2018-03-13 19:09:37 EXEC SPC_003_PI_EXCEL_ACT1 '{"pi_no":"RT-180112003","pi_status_div":"20"}','','003_pi-excel','';
2018-03-13 19:13:13 EXEC SPC_001_PI_DETAIL_ACT4 'RT-180112003','社内用備考','','001_pi-detail','';
2018-03-13 19:13:15 EXEC SPC_001_PI_DETAIL_INQ1 'RT-180112003';
2018-03-13 19:13:15 EXEC SPC_GET_TAX_RATE '2018/01/12';
2018-03-13 19:13:16 EXEC SPC_COM_GET_COMBOBOX 'unit_w_div';
2018-03-13 19:13:16 EXEC SPC_COM_GET_COMBOBOX 'unit_q_div';
2018-03-13 19:13:16 EXEC SPC_COM_GET_COMBOBOX 'sales_detail_div';
2018-03-13 19:13:16 EXEC SPC_COM_GET_COMBOBOX 'unit_m_div';
2018-03-13 19:13:22 EXEC SPC_001_PI_DETAIL_ACT1 'A','RT-180112003','10','2018/01/12','ape76','APEL CO.,LTD.','951 Angyouryou Negishi','Kawaguchi','333-0834','002','JO','+81-48-280-3055','+81-48-283-5045','','APEL CO.,LTD.','951 Angyouryou Negishi','Kawaguchi','333-0834','005','IQ','+81-48-280-3055','+81-48-283-5045','APEL CO., LTD.','Saitama','mark 3','mark 4','Standard Export Carton','','USD','060','01','02','001','SY','15','Payment','[{"pi_detail_no":"1","sales_detail_div":"3","product_cd":"000114","description":"\u793e\u5916\u7528\u5099\u8003 \u793e\u5916\u7528\u5099\u8003 \u793e\u5916\u7528\u5099\u8003 \u793e\u5916\u7528\u5099\u8003 \u793e\u5916\u7528\u5099\u8003 \u793e\u5916\u7528\u5099\u8003","qty":"10","unit_of_m_div":"010","unit_price":"10","amount":"100","detail_tax":"1.2","unit_measure_qty":"10","unit_measure_price":"001","outside_remarks":"","unit_net_weight":"10","unit_net_weight_div":"","net_weight":"100","unit_gross_weight":"10","gross_weight":"100","measure":"100"},{"pi_detail_no":"2","sales_detail_div":"0","product_cd":"000112","description":"\u793e\u5916\u7528\u5099\u8003 \u793e\u5916\u7528\u5099\u8003 \u793e\u5916\u7528\u5099\u8003 \u793e\u5916\u7528\u5099\u8003 \u793e\u5916\u7528\u5099\u8003 \u793e\u5916\u7528\u5099\u8003","qty":"20","unit_of_m_div":"002","unit_price":"20","amount":"400","detail_tax":"4.8","unit_measure_qty":"888","unit_measure_price":"001","outside_remarks":"","unit_net_weight":"11212.13","unit_net_weight_div":"001","net_weight":"224242.6","unit_gross_weight":"16543.5","gross_weight":"330870","measure":"17760"},{"pi_detail_no":"3","sales_detail_div":"3","product_cd":"0004","description":"\u793e\u5916\u7528\u5099\u8003 \u793e\u5916\u7528\u5099\u8003 \u793e\u5916\u7528\u5099\u8003 \u793e\u5916\u7528\u5099\u8003 \u793e\u5916\u7528\u5099\u8003 \u793e\u5916\u7528\u5099\u8003","qty":"20","unit_of_m_div":"001","unit_price":"20","amount":"400","detail_tax":"4.8","unit_measure_qty":"20","unit_measure_price":"001","outside_remarks":"","unit_net_weight":"20","unit_net_weight_div":"001","net_weight":"400","unit_gross_weight":"20","gross_weight":"400","measure":"400"},{"pi_detail_no":"4","sales_detail_div":"0","product_cd":"000115","description":"\u793e\u5916\u7528\u5099\u8003 \u793e\u5916\u7528\u5099\u8003 \u793e\u5916\u7528\u5099\u8003 \u793e\u5916\u7528\u5099\u8003 \u793e\u5916\u7528\u5099\u8003 \u793e\u5916\u7528\u5099\u8003","qty":"10","unit_of_m_div":"001","unit_price":"10","amount":"100","detail_tax":"1.2","unit_measure_qty":"999.99","unit_measure_price":"001","outside_remarks":"","unit_net_weight":"-99999.12","unit_net_weight_div":"001","net_weight":"-999991.2","unit_gross_weight":"28451.11","gross_weight":"284511.1","measure":"9999.9"},{"pi_detail_no":"5","sales_detail_div":"0","product_cd":"0003","description":"ACT\u6e2c\u5b9a\u6a5f \u793e\u5916\u7528\u5099\u8003 \u793e\u5916\u7528\u5099\u8003 \u793e\u5916\u7528\u5099\u8003 \u793e\u5916\u7528\u5099\u8003 \u793e\u5916\u7528\u5099\u8003 \u793e\u5916\u7528\u5099\u8003","qty":"10","unit_of_m_div":"001","unit_price":"10","amount":"100","detail_tax":"1.2","unit_measure_qty":"10","unit_measure_price":"001","outside_remarks":"","unit_net_weight":"10","unit_net_weight_div":"001","net_weight":"100","unit_gross_weight":"10","gross_weight":"100","measure":"100"},{"pi_detail_no":"6","sales_detail_div":"0","product_cd":"0005","description":"Digital Bilirubin meter with microprocessor Model BR-5200P printer type with standard accessories","qty":"10","unit_of_m_div":"001","unit_price":"10","amount":"100","detail_tax":"1.2","unit_measure_qty":"10","unit_measure_price":"001","outside_remarks":"","unit_net_weight":"1.8","unit_net_weight_div":"001","net_weight":"18","unit_gross_weight":"10","gross_weight":"100","measure":"100"},{"pi_detail_no":"7","sales_detail_div":"3","product_cd":"6411","description":"Detector unit(Hemoglobin) for BR-5200(P)","qty":"10","unit_of_m_div":"001","unit_price":"10","amount":"100","detail_tax":"1.2","unit_measure_qty":"10","unit_measure_price":"001","outside_remarks":"","unit_net_weight":"10","unit_net_weight_div":"001","net_weight":"100","unit_gross_weight":"10","gross_weight":"100","measure":"100"},{"pi_detail_no":"8","sales_detail_div":"0","product_cd":"10001","description":"Mobile Photoelectric colorimeter Model AP-1000M with standard accessories","qty":"10","unit_of_m_div":"001","unit_price":"10","amount":"100","detail_tax":"1.2","unit_measure_qty":"10","unit_measure_price":"001","outside_remarks":"","unit_net_weight":"0.8","unit_net_weight_div":"001","net_weight":"8","unit_gross_weight":"1.7","gross_weight":"17","measure":"100"},{"pi_detail_no":"9","sales_detail_div":"0","product_cd":"19026","description":"Calibration of PD-303 with certificate of calibration","qty":"10","unit_of_m_div":"001","unit_price":"10","amount":"100","detail_tax":"1.2","unit_measure_qty":"10","unit_measure_price":"001","outside_remarks":"","unit_net_weight":"10","unit_net_weight_div":"001","net_weight":"100","unit_gross_weight":"10","gross_weight":"100","measure":"100"},{"pi_detail_no":"10","sales_detail_div":"0","product_cd":"10002","description":"Digital Photoelectric Colorimeter Model AP-101 with standard accessories","qty":"10","unit_of_m_div":"001","unit_price":"10","amount":"100","detail_tax":"1.2","unit_measure_qty":"10","unit_measure_price":"001","outside_remarks":"","unit_net_weight":"2","unit_net_weight_div":"001","net_weight":"20","unit_gross_weight":"2.8","gross_weight":"28","measure":"100"}]','120','010','616326.1','','-774902.6','','28859.9','001','1600','0','0','0','1600','Around 1 month after receipt of payment','008','Japan','APEL CO.,LTD.','This Proforma invoice is valid for 2 weeks from the date of  issue.','- If a consulate visa is required, the related fees should be paid by the buyer.','- In case of transport by air and/or container, FOB, C&F and CIF in this proforma invoice','shall be respectively equivalent to FCA, CPT and CIP stipulated in Incoterms 2000.','- In the event that the dollar (euro)falls against the Japanese yen by more than 5% from','the rate of proforma invoice date, the prices will not be effective.','* Remittance charge must be covered by sender.','*** Warranty period after shipment***','3 years: PD-303, BR-501','1 year: AP-120, AP-1000M, PD-303S, PD-3000UV, BR-5200, BR-5200P, HC-702, HG-220','*Our bank account is only Japanese one.(We have no bank account outside Japan)','001','社内用備考','','001_pi-detail','';
2018-03-13 19:13:23 EXEC SPC_001_PI_DETAIL_INQ1 'RT-180112003';
2018-03-13 19:13:24 EXEC SPC_GET_TAX_RATE '2018/01/12';
2018-03-13 19:13:24 EXEC SPC_COM_GET_COMBOBOX 'unit_w_div';
2018-03-13 19:13:24 EXEC SPC_COM_GET_COMBOBOX 'unit_m_div';
2018-03-13 19:13:24 EXEC SPC_COM_GET_COMBOBOX 'unit_q_div';
2018-03-13 19:13:24 EXEC SPC_COM_GET_COMBOBOX 'sales_detail_div';
2018-03-13 19:13:26 EXEC SPC_001_PI_DETAIL_ACT3 'RT-180112003','社内用備考','','001_pi-detail','';
2018-03-13 19:13:27 EXEC SPC_001_PI_DETAIL_INQ1 'RT-180112003';
2018-03-13 19:13:28 EXEC SPC_GET_TAX_RATE '2018/01/12';
2018-03-13 19:13:28 EXEC SPC_COM_GET_COMBOBOX 'unit_q_div';
2018-03-13 19:13:28 EXEC SPC_COM_GET_COMBOBOX 'unit_w_div';
2018-03-13 19:13:28 EXEC SPC_COM_GET_COMBOBOX 'sales_detail_div';
2018-03-13 19:13:28 EXEC SPC_COM_GET_COMBOBOX 'unit_m_div';
2018-03-13 19:13:30 EXEC SPC_GET_CONSTANT '';
2018-03-13 19:13:30 EXEC SPC_003_PI_EXCEL_ACT1 '{"pi_no":"RT-180112003","pi_status_div":"20"}','','003_pi-excel','';
2018-03-13 19:13:56 EXEC SPC_GET_CONSTANT '';
2018-03-13 19:13:56 EXEC SPC_003_PI_EXCEL_ACT1 '{"pi_no":"RT-180112003","pi_status_div":"20"}','','003_pi-excel','';
2018-03-13 19:15:52 EXEC SPC_GET_CONSTANT '';
2018-03-13 19:15:52 EXEC SPC_003_PI_EXCEL_ACT1 '{"pi_no":"RT-180112003","pi_status_div":"20"}','','003_pi-excel','';
2018-03-13 19:17:26 EXEC SPC_GET_CONSTANT '';
2018-03-13 19:17:26 EXEC SPC_003_PI_EXCEL_ACT1 '{"pi_no":"RT-180112003","pi_status_div":"20"}','','003_pi-excel','';
2018-03-13 19:18:33 EXEC SPC_GET_CONSTANT '';
2018-03-13 19:18:33 EXEC SPC_003_PI_EXCEL_ACT1 '{"pi_no":"RT-180112003","pi_status_div":"20"}','','003_pi-excel','';
2018-03-13 19:19:16 EXEC SPC_GET_CONSTANT '';
2018-03-13 19:19:16 EXEC SPC_003_PI_EXCEL_ACT1 '{"pi_no":"RT-180112003","pi_status_div":"20"}','','003_pi-excel','';
2018-03-13 19:19:57 EXEC SPC_GET_CONSTANT '';
2018-03-13 19:19:57 EXEC SPC_003_PI_EXCEL_ACT1 '{"pi_no":"RT-180112003","pi_status_div":"20"}','','003_pi-excel','';
2018-03-13 19:21:27 EXEC SPC_GET_CONSTANT '';
2018-03-13 19:21:27 EXEC SPC_003_PI_EXCEL_ACT1 '{"pi_no":"RT-180112003","pi_status_div":"20"}','','003_pi-excel','';
