2018-04-09 10:34:44 EXEC SPC_073_LOGIN_ACT1 '001','123456';
2018-04-09 10:34:44 EXEC SPC_GET_CONSTANT '';
2018-04-09 10:36:07 EXEC SPC_COM_GET_COMBOBOX 'port_country_div';
2018-04-09 10:36:08 EXEC SPC_COM_GET_COMBOBOX 'unit_q_div';
2018-04-09 10:36:08 EXEC SPC_COM_GET_COMBOBOX 'unit_w_div';
2018-04-09 10:36:08 EXEC SPC_COM_GET_COMBOBOX 'payment_conditions_div';
2018-04-09 10:36:09 EXEC SPC_COM_GET_COMBOBOX 'unit_m_div';
2018-04-09 10:36:09 EXEC SPC_COM_GET_COMBOBOX 'port_city_div';
2018-04-09 10:36:09 EXEC SPC_COM_GET_COMBOBOX 'shipment_div';
2018-04-09 10:36:09 EXEC SPC_COM_GET_COMBOBOX 'trade_terms_div';
2018-04-09 10:36:09 EXEC SPC_COM_GET_COMBOBOX 'sales_detail_div';
2018-04-09 10:36:09 EXEC SPC_COM_GET_COMBOBOX 'currency_div';
2018-04-09 10:36:09 EXEC SPC_COM_GET_COMBOBOX 'bank_div';
2018-04-09 10:36:10 EXEC SPC_GET_TAX_RATE '2018/04/09';
2018-04-09 10:36:16 EXEC SPC_COM_GET_COMBOBOX 'trade_terms_div';
2018-04-09 10:36:16 EXEC SPC_COM_GET_COMBOBOX 'port_country_div';
2018-04-09 10:36:16 EXEC SPC_COM_GET_COMBOBOX 'port_city_div';
2018-04-09 10:36:16 EXEC SPC_COM_GET_COMBOBOX 'shipment_div';
2018-04-09 10:36:16 EXEC SPC_COM_GET_COMBOBOX 'currency_div';
2018-04-09 10:36:16 EXEC SPC_COM_GET_COMBOBOX 'sales_detail_div';
2018-04-09 10:36:17 EXEC SPC_COM_GET_COMBOBOX 'unit_q_div';
2018-04-09 10:36:17 EXEC SPC_GET_TAX_RATE '2018/04/09';
2018-04-09 10:36:17 EXEC SPC_COM_GET_COMBOBOX 'unit_w_div';
2018-04-09 10:36:17 EXEC SPC_COM_GET_COMBOBOX 'unit_m_div';
2018-04-09 10:59:59 EXEC SPC_COM_GET_COMBOBOX 'port_city_div';
2018-04-09 11:00:00 EXEC SPC_COM_GET_COMBOBOX 'shipment_div';
2018-04-09 11:00:00 EXEC SPC_COM_GET_COMBOBOX 'unit_q_div';
2018-04-09 11:00:00 EXEC SPC_COM_GET_COMBOBOX 'unit_w_div';
2018-04-09 11:00:01 EXEC SPC_COM_GET_COMBOBOX 'trade_terms_div';
2018-04-09 11:00:01 EXEC SPC_COM_GET_COMBOBOX 'sales_detail_div';
2018-04-09 11:00:01 EXEC SPC_COM_GET_COMBOBOX 'port_country_div';
2018-04-09 11:00:01 EXEC SPC_COM_GET_COMBOBOX 'unit_m_div';
2018-04-09 11:00:01 EXEC SPC_COM_GET_COMBOBOX 'currency_div';
2018-04-09 11:00:01 EXEC SPC_GET_TAX_RATE '2018/04/09';
2018-04-09 11:00:22 EXEC SPC_COM_GET_COMBOBOX 'shipment_div';
2018-04-09 11:00:22 EXEC SPC_COM_GET_COMBOBOX 'port_country_div';
2018-04-09 11:00:22 EXEC SPC_COM_GET_COMBOBOX 'currency_div';
2018-04-09 11:00:22 EXEC SPC_COM_GET_COMBOBOX 'sales_detail_div';
2018-04-09 11:00:22 EXEC SPC_COM_GET_COMBOBOX 'port_city_div';
2018-04-09 11:00:23 EXEC SPC_COM_GET_COMBOBOX 'trade_terms_div';
2018-04-09 11:00:23 EXEC SPC_COM_GET_COMBOBOX 'unit_q_div';
2018-04-09 11:00:23 EXEC SPC_COM_GET_COMBOBOX 'unit_m_div';
2018-04-09 11:00:23 EXEC SPC_COM_GET_COMBOBOX 'unit_w_div';
2018-04-09 11:00:23 EXEC SPC_GET_TAX_RATE '2018/04/09';
2018-04-09 11:00:48 EXEC SPC_COM_GET_COMBOBOX 'trade_terms_div';
2018-04-09 11:00:48 EXEC SPC_COM_GET_COMBOBOX 'port_country_div';
2018-04-09 11:00:48 EXEC SPC_COM_GET_COMBOBOX 'currency_div';
2018-04-09 11:00:48 EXEC SPC_COM_GET_COMBOBOX 'port_city_div';
2018-04-09 11:00:48 EXEC SPC_COM_GET_COMBOBOX 'sales_detail_div';
2018-04-09 11:00:48 EXEC SPC_COM_GET_COMBOBOX 'shipment_div';
2018-04-09 11:00:49 EXEC SPC_COM_GET_COMBOBOX 'unit_w_div';
2018-04-09 11:00:49 EXEC SPC_COM_GET_COMBOBOX 'unit_q_div';
2018-04-09 11:00:49 EXEC SPC_COM_GET_COMBOBOX 'unit_m_div';
2018-04-09 11:00:49 EXEC SPC_GET_TAX_RATE '2018/04/09';
2018-04-09 11:02:36 EXEC SPC_COM_GET_COMBOBOX 'port_city_div';
2018-04-09 11:02:36 EXEC SPC_COM_GET_COMBOBOX 'trade_terms_div';
2018-04-09 11:02:36 EXEC SPC_COM_GET_COMBOBOX 'sales_detail_div';
2018-04-09 11:02:36 EXEC SPC_COM_GET_COMBOBOX 'port_country_div';
2018-04-09 11:02:36 EXEC SPC_COM_GET_COMBOBOX 'shipment_div';
2018-04-09 11:02:36 EXEC SPC_COM_GET_COMBOBOX 'currency_div';
2018-04-09 11:02:37 EXEC SPC_COM_GET_COMBOBOX 'unit_m_div';
2018-04-09 11:02:37 EXEC SPC_COM_GET_COMBOBOX 'unit_q_div';
2018-04-09 11:02:37 EXEC SPC_COM_GET_COMBOBOX 'unit_w_div';
2018-04-09 11:02:37 EXEC SPC_GET_TAX_RATE '2018/04/09';
2018-04-09 11:02:55 EXEC SPC_COM_GET_COMBOBOX 'currency_div';

2018-04-09 11:02:55 EXEC SPC_COM_GET_COMBOBOX 'port_country_div';
2018-04-09 11:02:55 EXEC SPC_COM_GET_COMBOBOX 'trade_terms_div';
2018-04-09 11:02:56 EXEC SPC_COM_GET_COMBOBOX 'sales_detail_div';
2018-04-09 11:02:56 EXEC SPC_COM_GET_COMBOBOX 'shipment_div';
2018-04-09 11:02:56 EXEC SPC_COM_GET_COMBOBOX 'unit_w_div';
2018-04-09 11:02:56 EXEC SPC_COM_GET_COMBOBOX 'payment_conditions_div';
2018-04-09 11:02:56 EXEC SPC_COM_GET_COMBOBOX 'unit_q_div';
2018-04-09 11:02:56 EXEC SPC_COM_GET_COMBOBOX 'unit_m_div';
2018-04-09 11:02:56 EXEC SPC_COM_GET_COMBOBOX 'storage_manager_div';
2018-04-09 11:03:00 EXEC SPC_COM_GET_COMBOBOX 'payment_conditions_div';
2018-04-09 11:03:00 EXEC SPC_COM_GET_COMBOBOX 'port_city_div';
2018-04-09 11:03:00 EXEC SPC_COM_GET_COMBOBOX 'shipment_div';
2018-04-09 11:03:00 EXEC SPC_COM_GET_COMBOBOX 'port_country_div';
2018-04-09 11:03:00 EXEC SPC_COM_GET_COMBOBOX 'trade_terms_div';
2018-04-09 11:03:00 EXEC SPC_COM_GET_COMBOBOX 'currency_div';
2018-04-09 11:03:01 EXEC SPC_COM_GET_COMBOBOX 'sales_detail_div';
2018-04-09 11:03:01 EXEC SPC_COM_GET_COMBOBOX 'unit_w_div';
2018-04-09 11:03:01 EXEC SPC_COM_GET_COMBOBOX 'unit_m_div';
2018-04-09 11:03:01 EXEC SPC_COM_GET_COMBOBOX 'unit_q_div';
2018-04-09 11:03:01 EXEC SPC_COM_GET_COMBOBOX 'storage_manager_div';
2018-04-09 11:03:14 EXEC SPC_COM_GET_COMBOBOX 'port_city_div';
2018-04-09 11:03:14 EXEC SPC_COM_GET_COMBOBOX 'currency_div';
2018-04-09 11:03:14 EXEC SPC_COM_GET_COMBOBOX 'port_country_div';
2018-04-09 11:03:14 EXEC SPC_COM_GET_COMBOBOX 'payment_conditions_div';
2018-04-09 11:03:14 EXEC SPC_COM_GET_COMBOBOX 'trade_terms_div';
2018-04-09 11:03:14 EXEC SPC_COM_GET_COMBOBOX 'shipment_div';
2018-04-09 11:03:14 EXEC SPC_COM_GET_COMBOBOX 'unit_w_div';
2018-04-09 11:03:14 EXEC SPC_COM_GET_COMBOBOX 'unit_q_div';
2018-04-09 11:03:14 EXEC SPC_COM_GET_COMBOBOX 'sales_detail_div';
2018-04-09 11:03:14 EXEC SPC_COM_GET_COMBOBOX 'storage_manager_div';
2018-04-09 11:03:14 EXEC SPC_COM_GET_COMBOBOX 'unit_m_div';
2018-04-09 11:03:41 EXEC SPC_COM_GET_COMBOBOX 'shipment_div';
2018-04-09 11:03:41 EXEC SPC_COM_GET_COMBOBOX 'payment_conditions_div';
2018-04-09 11:03:41 EXEC SPC_COM_GET_COMBOBOX 'currency_div';

2018-04-09 11:03:41 EXEC SPC_COM_GET_COMBOBOX 'port_country_div';
2018-04-09 11:03:41 EXEC SPC_COM_GET_COMBOBOX 'trade_terms_div';
2018-04-09 11:03:42 EXEC SPC_COM_GET_COMBOBOX 'unit_q_div';
2018-04-09 11:03:42 EXEC SPC_COM_GET_COMBOBOX 'storage_manager_div';
2018-04-09 11:03:42 EXEC SPC_COM_GET_COMBOBOX 'sales_detail_div';
2018-04-09 11:03:42 EXEC SPC_COM_GET_COMBOBOX 'unit_w_div';
2018-04-09 11:03:42 EXEC SPC_COM_GET_COMBOBOX 'unit_m_div';
2018-04-09 11:39:24 EXEC SPC_COM_GET_COMBOBOX 'shipment_div';
2018-04-09 11:39:24 EXEC SPC_COM_GET_COMBOBOX 'currency_div';
2018-04-09 11:39:25 EXEC SPC_COM_GET_COMBOBOX 'port_country_div';
2018-04-09 11:39:25 EXEC SPC_COM_GET_COMBOBOX 'trade_terms_div';
2018-04-09 11:39:25 EXEC SPC_COM_GET_COMBOBOX 'payment_conditions_div';
2018-04-09 11:39:25 EXEC SPC_COM_GET_COMBOBOX 'port_city_div';
2018-04-09 11:39:25 EXEC SPC_COM_GET_COMBOBOX 'sales_detail_div';
2018-04-09 11:39:25 EXEC SPC_COM_GET_COMBOBOX 'unit_q_div';
2018-04-09 11:39:25 EXEC SPC_COM_GET_COMBOBOX 'storage_manager_div';
2018-04-09 11:39:25 EXEC SPC_COM_GET_COMBOBOX 'unit_m_div';
2018-04-09 11:39:25 EXEC SPC_COM_GET_COMBOBOX 'unit_w_div';
2018-04-09 11:40:23 EXEC SPC_COM_GET_COMBOBOX 'currency_div';
2018-04-09 11:40:23 EXEC SPC_COM_GET_COMBOBOX 'trade_terms_div';
2018-04-09 11:40:23 EXEC SPC_COM_GET_COMBOBOX 'shipment_div';
2018-04-09 11:40:23 EXEC SPC_COM_GET_COMBOBOX 'port_country_div';
2018-04-09 11:40:23 EXEC SPC_COM_GET_COMBOBOX 'port_city_div';
s_div';
2018-04-09 11:40:24 EXEC SPC_COM_GET_COMBOBOX 'sales_detail_div';
2018-04-09 11:40:24 EXEC SPC_COM_GET_COMBOBOX 'unit_q_div';
2018-04-09 11:40:24 EXEC SPC_COM_GET_COMBOBOX 'storage_manager_div';
2018-04-09 11:40:24 EXEC SPC_COM_GET_COMBOBOX 'unit_m_div';
2018-04-09 11:40:24 EXEC SPC_COM_GET_COMBOBOX 'unit_w_div';
2018-04-09 11:47:11 EXEC SPC_COM_GET_COMBOBOX 'port_city_div';
2018-04-09 11:47:12 EXEC SPC_COM_GET_COMBOBOX 'sales_detail_div';
2018-04-09 11:47:12 EXEC SPC_COM_GET_COMBOBOX 'payment_conditions_div';
2018-04-09 11:47:12 EXEC SPC_COM_GET_COMBOBOX 'unit_q_div';
2018-04-09 11:47:12 EXEC SPC_COM_GET_COMBOBOX 'trade_terms_div';
2018-04-09 11:47:12 EXEC SPC_COM_GET_COMBOBOX 'port_country_div';
2018-04-09 11:47:12 EXEC SPC_COM_GET_COMBOBOX 'shipment_div';
2018-04-09 11:47:12 EXEC SPC_COM_GET_COMBOBOX 'currency_div';
2018-04-09 11:47:13 EXEC SPC_COM_GET_COMBOBOX 'unit_m_div';
2018-04-09 11:47:13 EXEC SPC_COM_GET_COMBOBOX 'unit_w_div';
2018-04-09 11:47:13 EXEC SPC_COM_GET_COMBOBOX 'storage_manager_div';
2018-04-09 11:50:35 EXEC SPC_COM_GET_COMBOBOX 'port_city_div';
2018-04-09 11:50:35 EXEC SPC_COM_GET_COMBOBOX 'shipment_div';
2018-04-09 11:50:35 EXEC SPC_COM_GET_COMBOBOX 'trade_terms_div';
2018-04-09 11:50:35 EXEC SPC_COM_GET_COMBOBOX 'currency_div';
2018-04-09 11:50:35 EXEC SPC_COM_GET_COMBOBOX 'port_country_div';
2018-04-09 11:50:35 EXEC SPC_COM_GET_COMBOBOX 'payment_conditions_div';
2018-04-09 11:50:36 EXEC SPC_COM_GET_COMBOBOX 'storage_manager_div';
2018-04-09 11:50:36 EXEC SPC_COM_GET_COMBOBOX 'unit_w_div';
2018-04-09 11:50:36 EXEC SPC_COM_GET_COMBOBOX 'sales_detail_div';
2018-04-09 11:50:36 EXEC SPC_COM_GET_COMBOBOX 'unit_m_div';
2018-04-09 11:50:36 EXEC SPC_COM_GET_COMBOBOX 'unit_q_div';
2018-04-09 11:58:53 EXEC SPC_COM_GET_COMBOBOX 'port_city_div';
2018-04-09 11:58:54 EXEC SPC_COM_GET_COMBOBOX 'sales_detail_div';
2018-04-09 11:58:54 EXEC SPC_COM_GET_COMBOBOX 'port_country_div';
2018-04-09 11:58:54 EXEC SPC_COM_GET_COMBOBOX 'currency_div';
2018-04-09 11:58:54 EXEC SPC_COM_GET_COMBOBOX 'shipment_div';
2018-04-09 11:58:55 EXEC SPC_COM_GET_COMBOBOX 'unit_q_div';
2018-04-09 11:58:55 EXEC SPC_COM_GET_COMBOBOX 'payment_conditions_div';
2018-04-09 11:58:55 EXEC SPC_COM_GET_COMBOBOX 'trade_terms_div';
2018-04-09 11:58:55 EXEC SPC_COM_GET_COMBOBOX 'unit_m_div';
2018-04-09 11:58:55 EXEC SPC_COM_GET_COMBOBOX 'unit_w_div';
2018-04-09 11:58:55 EXEC SPC_COM_GET_COMBOBOX 'storage_manager_div';
2018-04-09 14:57:43 EXEC SPC_COM_GET_COMBOBOX 'trade_terms_div';
2018-04-09 14:57:44 EXEC SPC_COM_GET_COMBOBOX 'currency_div';
2018-04-09 14:57:44 EXEC SPC_COM_GET_COMBOBOX 'unit_q_div';
2018-04-09 14:57:44 EXEC SPC_COM_GET_COMBOBOX 'payment_conditions_div';
2018-04-09 14:57:44 EXEC SPC_COM_GET_COMBOBOX 'port_country_div';
2018-04-09 14:57:44 EXEC SPC_COM_GET_COMBOBOX 'port_city_div';
2018-04-09 14:57:44 EXEC SPC_COM_GET_COMBOBOX 'storage_manager_div';
2018-04-09 14:57:45 EXEC SPC_COM_GET_COMBOBOX 'shipment_div';
2018-04-09 14:57:45 EXEC SPC_COM_GET_COMBOBOX 'sales_detail_div';
2018-04-09 14:57:45 EXEC SPC_COM_GET_COMBOBOX 'unit_m_div';
2018-04-09 14:57:45 EXEC SPC_COM_GET_COMBOBOX 'unit_w_div';
2018-04-09 15:02:08 EXEC SPC_COM_GET_COMBOBOX 'port_country_div';
2018-04-09 15:02:08 EXEC SPC_COM_GET_COMBOBOX 'port_city_div';
2018-04-09 15:02:08 EXEC SPC_COM_GET_COMBOBOX 'trade_terms_div';
2018-04-09 15:02:08 EXEC SPC_COM_GET_COMBOBOX 'payment_conditions_div';
2018-04-09 15:02:08 EXEC SPC_COM_GET_COMBOBOX 'currency_div';
2018-04-09 15:02:08 EXEC SPC_COM_GET_COMBOBOX 'shipment_div';
2018-04-09 15:02:09 EXEC SPC_COM_GET_COMBOBOX 'unit_q_div';
2018-04-09 15:02:09 EXEC SPC_COM_GET_COMBOBOX 'unit_w_div';
2018-04-09 15:02:09 EXEC SPC_COM_GET_COMBOBOX 'unit_m_div';
2018-04-09 15:02:09 EXEC SPC_COM_GET_COMBOBOX 'sales_detail_div';
2018-04-09 15:02:09 EXEC SPC_COM_GET_COMBOBOX 'storage_manager_div';
2018-04-09 15:02:20 EXEC SPC_COM_GET_COMBOBOX 'port_country_div';
2018-04-09 15:02:20 EXEC SPC_COM_GET_COMBOBOX 'currency_div';
2018-04-09 15:02:20 EXEC SPC_COM_GET_COMBOBOX 'shipment_div';
2018-04-09 15:02:20 EXEC SPC_COM_GET_COMBOBOX 'trade_terms_div';
2018-04-09 15:02:20 EXEC SPC_COM_GET_COMBOBOX 'port_city_div';
2018-04-09 15:02:20 EXEC SPC_COM_GET_COMBOBOX 'payment_conditions_div';
2018-04-09 15:02:21 EXEC SPC_COM_GET_COMBOBOX 'unit_q_div';
2018-04-09 15:02:21 EXEC SPC_COM_GET_COMBOBOX 'sales_detail_div';
2018-04-09 15:02:21 EXEC SPC_COM_GET_COMBOBOX 'unit_m_div';
2018-04-09 15:02:21 EXEC SPC_COM_GET_COMBOBOX 'storage_manager_div';
2018-04-09 15:02:32 EXEC SPC_COM_GET_COMBOBOX 'port_city_div';
2018-04-09 15:02:32 EXEC SPC_COM_GET_COMBOBOX 'currency_div';
2018-04-09 15:02:32 EXEC SPC_COM_GET_COMBOBOX 'trade_terms_div';
2018-04-09 15:02:32 EXEC SPC_COM_GET_COMBOBOX 'port_country_div';
2018-04-09 15:02:32 EXEC SPC_COM_GET_COMBOBOX 'shipment_div';
2018-04-09 15:02:32 EXEC SPC_COM_GET_COMBOBOX 'payment_conditions_div';
2018-04-09 15:02:32 EXEC SPC_COM_GET_COMBOBOX 'sales_detail_div';
2018-04-09 15:02:32 EXEC SPC_COM_GET_COMBOBOX 'unit_q_div';
2018-04-09 15:02:32 EXEC SPC_COM_GET_COMBOBOX 'storage_manager_div';
2018-04-09 15:02:32 EXEC SPC_COM_GET_COMBOBOX 'unit_w_div';
2018-04-09 15:02:32 EXEC SPC_COM_GET_COMBOBOX 'unit_m_div';
2018-04-09 15:02:59 EXEC SPC_COM_GET_COMBOBOX 'port_country_div';
2018-04-09 15:02:59 EXEC SPC_COM_GET_COMBOBOX 'port_city_div';
2018-04-09 15:02:59 EXEC SPC_COM_GET_COMBOBOX 'payment_conditions_div';
2018-04-09 15:02:59 EXEC SPC_COM_GET_COMBOBOX 'currency_div';
2018-04-09 15:02:59 EXEC SPC_COM_GET_COMBOBOX 'shipment_div';
2018-04-09 15:02:59 EXEC SPC_COM_GET_COMBOBOX 'trade_terms_div';
2018-04-09 15:02:59 EXEC SPC_COM_GET_COMBOBOX 'sales_detail_div';
2018-04-09 15:02:59 EXEC SPC_COM_GET_COMBOBOX 'unit_w_div';
2018-04-09 15:02:59 EXEC SPC_COM_GET_COMBOBOX 'unit_m_div';
2018-04-09 15:02:59 EXEC SPC_COM_GET_COMBOBOX 'storage_manager_div';
2018-04-09 15:02:59 EXEC SPC_COM_GET_COMBOBOX 'unit_q_div';
2018-04-09 15:03:37 EXEC SPC_COM_GET_COMBOBOX 'payment_conditions_div';
2018-04-09 15:03:37 EXEC SPC_COM_GET_COMBOBOX 'trade_terms_div';
2018-04-09 15:03:38 EXEC SPC_COM_GET_COMBOBOX 'shipment_div';
2018-04-09 15:03:38 EXEC SPC_COM_GET_COMBOBOX 'port_country_div';
2018-04-09 15:03:38 EXEC SPC_COM_GET_COMBOBOX 'currency_div';
2018-04-09 15:03:38 EXEC SPC_COM_GET_COMBOBOX 'unit_w_div';
2018-04-09 15:03:38 EXEC SPC_COM_GET_COMBOBOX 'unit_q_div';
2018-04-09 15:03:38 EXEC SPC_COM_GET_COMBOBOX 'sales_detail_div';
2018-04-09 15:03:38 EXEC SPC_COM_GET_COMBOBOX 'unit_m_div';
2018-04-09 15:03:38 EXEC SPC_COM_GET_COMBOBOX 'storage_manager_div';
2018-04-09 15:03:55 EXEC SPC_COM_GET_COMBOBOX 'currency_div';
2018-04-09 15:03:55 EXEC SPC_COM_GET_COMBOBOX 'port_city_div';
2018-04-09 15:03:55 EXEC SPC_COM_GET_COMBOBOX 'trade_terms_div';
2018-04-09 15:03:55 EXEC SPC_COM_GET_COMBOBOX 'port_country_div';
2018-04-09 15:03:55 EXEC SPC_COM_GET_COMBOBOX 'payment_conditions_div';
2018-04-09 15:03:55 EXEC SPC_COM_GET_COMBOBOX 'shipment_div';
2018-04-09 15:03:55 EXEC SPC_COM_GET_COMBOBOX 'sales_detail_div';
2018-04-09 15:03:55 EXEC SPC_COM_GET_COMBOBOX 'unit_w_div';
2018-04-09 15:03:55 EXEC SPC_COM_GET_COMBOBOX 'storage_manager_div';
2018-04-09 15:03:55 EXEC SPC_COM_GET_COMBOBOX 'unit_q_div';
2018-04-09 15:03:55 EXEC SPC_COM_GET_COMBOBOX 'unit_m_div';
2018-04-09 15:04:24 EXEC SPC_COM_GET_COMBOBOX 'port_city_div';
2018-04-09 15:04:24 EXEC SPC_COM_GET_COMBOBOX 'payment_conditions_div';
2018-04-09 15:04:24 EXEC SPC_COM_GET_COMBOBOX 'port_country_div';
2018-04-09 15:04:24 EXEC SPC_COM_GET_COMBOBOX 'trade_terms_div';
2018-04-09 15:04:24 EXEC SPC_COM_GET_COMBOBOX 'currency_div';
2018-04-09 15:04:25 EXEC SPC_COM_GET_COMBOBOX 'shipment_div';
2018-04-09 15:04:25 EXEC SPC_COM_GET_COMBOBOX 'sales_detail_div';
2018-04-09 15:04:25 EXEC SPC_COM_GET_COMBOBOX 'unit_q_div';
2018-04-09 15:04:25 EXEC SPC_COM_GET_COMBOBOX 'storage_manager_div';
2018-04-09 15:04:25 EXEC SPC_COM_GET_COMBOBOX 'unit_w_div';
2018-04-09 15:04:25 EXEC SPC_COM_GET_COMBOBOX 'unit_m_div';
2018-04-09 15:04:42 EXEC SPC_COM_GET_COMBOBOX 'port_country_div';
2018-04-09 15:04:42 EXEC SPC_COM_GET_COMBOBOX 'currency_div';
2018-04-09 15:04:42 EXEC SPC_COM_GET_COMBOBOX 'shipment_div';
2018-04-09 15:04:43 EXEC SPC_COM_GET_COMBOBOX 'port_city_div';
2018-04-09 15:04:43 EXEC SPC_COM_GET_COMBOBOX 'payment_conditions_div';
2018-04-09 15:04:43 EXEC SPC_COM_GET_COMBOBOX 'trade_terms_div';
2018-04-09 15:04:43 EXEC SPC_COM_GET_COMBOBOX 'sales_detail_div';
2018-04-09 15:04:43 EXEC SPC_COM_GET_COMBOBOX 'unit_m_div';
2018-04-09 15:04:43 EXEC SPC_COM_GET_COMBOBOX 'unit_q_div';
2018-04-09 15:04:43 EXEC SPC_COM_GET_COMBOBOX 'unit_w_div';
2018-04-09 15:04:43 EXEC SPC_COM_GET_COMBOBOX 'storage_manager_div';
2018-04-09 15:06:32 EXEC SPC_COM_GET_COMBOBOX 'port_city_div';
2018-04-09 15:06:32 EXEC SPC_COM_GET_COMBOBOX 'port_country_div';
2018-04-09 15:06:32 EXEC SPC_COM_GET_COMBOBOX 'currency_div';
2018-04-09 15:06:32 EXEC SPC_COM_GET_COMBOBOX 'shipment_div';
2018-04-09 15:06:32 EXEC SPC_COM_GET_COMBOBOX 'trade_terms_div';
2018-04-09 15:06:32 EXEC SPC_COM_GET_COMBOBOX 'payment_conditions_div';
2018-04-09 15:06:33 EXEC SPC_COM_GET_COMBOBOX 'sales_detail_div';
2018-04-09 15:06:33 EXEC SPC_COM_GET_COMBOBOX 'unit_w_div';
2018-04-09 15:06:33 EXEC SPC_COM_GET_COMBOBOX 'storage_manager_div';
2018-04-09 15:06:33 EXEC SPC_COM_GET_COMBOBOX 'unit_q_div';
2018-04-09 15:06:33 EXEC SPC_COM_GET_COMBOBOX 'unit_m_div';
2018-04-09 15:08:20 EXEC SPC_COM_GET_COMBOBOX 'payment_conditions_div';
2018-04-09 15:08:20 EXEC SPC_COM_GET_COMBOBOX 'currency_div';
2018-04-09 15:08:20 EXEC SPC_COM_GET_COMBOBOX 'shipment_div';
2018-04-09 15:08:20 EXEC SPC_COM_GET_COMBOBOX 'port_city_div';
2018-04-09 15:08:20 EXEC SPC_COM_GET_COMBOBOX 'trade_terms_div';
2018-04-09 15:08:20 EXEC SPC_COM_GET_COMBOBOX 'port_country_div';
2018-04-09 15:08:20 EXEC SPC_COM_GET_COMBOBOX 'unit_w_div';
2018-04-09 15:08:20 EXEC SPC_COM_GET_COMBOBOX 'storage_manager_div';
2018-04-09 15:08:20 EXEC SPC_COM_GET_COMBOBOX 'sales_detail_div';
2018-04-09 15:08:20 EXEC SPC_COM_GET_COMBOBOX 'unit_m_div';
2018-04-09 15:08:20 EXEC SPC_COM_GET_COMBOBOX 'unit_q_div';
2018-04-09 15:09:34 EXEC SPC_COM_GET_COMBOBOX 'currency_div';
2018-04-09 15:09:34 EXEC SPC_COM_GET_COMBOBOX 'port_city_div';
2018-04-09 15:09:34 EXEC SPC_COM_GET_COMBOBOX 'port_country_div';
2018-04-09 15:09:34 EXEC SPC_COM_GET_COMBOBOX 'shipment_div';
2018-04-09 15:09:34 EXEC SPC_COM_GET_COMBOBOX 'payment_conditions_div';
2018-04-09 15:09:34 EXEC SPC_COM_GET_COMBOBOX 'trade_terms_div';
2018-04-09 15:09:34 EXEC SPC_COM_GET_COMBOBOX 'sales_detail_div';
2018-04-09 15:09:35 EXEC SPC_COM_GET_COMBOBOX 'unit_w_div';
2018-04-09 15:09:35 EXEC SPC_COM_GET_COMBOBOX 'unit_q_div';
2018-04-09 15:09:35 EXEC SPC_COM_GET_COMBOBOX 'storage_manager_div';
2018-04-09 15:09:35 EXEC SPC_COM_GET_COMBOBOX 'unit_m_div';
2018-04-09 15:10:51 EXEC SPC_COM_GET_COMBOBOX 'currency_div';
2018-04-09 15:10:51 EXEC SPC_COM_GET_COMBOBOX 'port_city_div';
2018-04-09 15:10:51 EXEC SPC_COM_GET_COMBOBOX 'payment_conditions_div';
2018-04-09 15:10:51 EXEC SPC_COM_GET_COMBOBOX 'port_country_div';
2018-04-09 15:10:51 EXEC SPC_COM_GET_COMBOBOX 'shipment_div';
2018-04-09 15:10:51 EXEC SPC_COM_GET_COMBOBOX 'trade_terms_div';
2018-04-09 15:10:51 EXEC SPC_COM_GET_COMBOBOX 'unit_w_div';
2018-04-09 15:10:52 EXEC SPC_COM_GET_COMBOBOX 'sales_detail_div';
2018-04-09 15:10:52 EXEC SPC_COM_GET_COMBOBOX 'unit_q_div';
2018-04-09 15:10:52 EXEC SPC_COM_GET_COMBOBOX 'unit_m_div';
2018-04-09 15:10:52 EXEC SPC_COM_GET_COMBOBOX 'storage_manager_div';
2018-04-09 15:11:44 EXEC SPC_COM_GET_COMBOBOX 'inv_data_div';
2018-04-09 15:11:48 EXEC SPC_COM_GET_COMBOBOX 'port_country_div';
2018-04-09 15:11:48 EXEC SPC_COM_GET_COMBOBOX 'payment_conditions_div';
2018-04-09 15:11:49 EXEC SPC_COM_GET_COMBOBOX 'port_city_div';
2018-04-09 15:11:49 EXEC SPC_COM_GET_COMBOBOX 'shipment_div';
2018-04-09 15:11:49 EXEC SPC_COM_GET_COMBOBOX 'trade_terms_div';
2018-04-09 15:11:49 EXEC SPC_COM_GET_COMBOBOX 'currency_div';
2018-04-09 15:11:49 EXEC SPC_COM_GET_COMBOBOX 'sales_detail_div';
2018-04-09 15:11:49 EXEC SPC_COM_GET_COMBOBOX 'unit_q_div';
2018-04-09 15:11:49 EXEC SPC_COM_GET_COMBOBOX 'unit_w_div';
r_div';
2018-04-09 15:11:49 EXEC SPC_COM_GET_COMBOBOX 'unit_m_div';
2018-04-09 15:15:19 EXEC SPC_COM_GET_COMBOBOX 'port_country_div';
2018-04-09 15:15:19 EXEC SPC_COM_GET_COMBOBOX 'port_city_div';
2018-04-09 15:15:19 EXEC SPC_COM_GET_COMBOBOX 'currency_div';
2018-04-09 15:15:19 EXEC SPC_COM_GET_COMBOBOX 'shipment_div';
2018-04-09 15:15:19 EXEC SPC_COM_GET_COMBOBOX 'trade_terms_div';
2018-04-09 15:15:20 EXEC SPC_COM_GET_COMBOBOX 'payment_conditions_div';
2018-04-09 15:15:20 EXEC SPC_COM_GET_COMBOBOX 'unit_q_div';
2018-04-09 15:15:20 EXEC SPC_COM_GET_COMBOBOX 'unit_w_div';
2018-04-09 15:15:20 EXEC SPC_COM_GET_COMBOBOX 'sales_detail_div';
2018-04-09 15:15:20 EXEC SPC_COM_GET_COMBOBOX 'storage_manager_div';
2018-04-09 15:15:20 EXEC SPC_COM_GET_COMBOBOX 'unit_m_div';
2018-04-09 15:16:05 EXEC SPC_COM_GET_COMBOBOX 'port_country_div';
2018-04-09 15:16:05 EXEC SPC_COM_GET_COMBOBOX 'port_city_div';
2018-04-09 15:16:05 EXEC SPC_COM_GET_COMBOBOX 'currency_div';
2018-04-09 15:16:05 EXEC SPC_COM_GET_COMBOBOX 'payment_conditions_div';
2018-04-09 15:16:05 EXEC SPC_COM_GET_COMBOBOX 'shipment_div';
2018-04-09 15:16:06 EXEC SPC_COM_GET_COMBOBOX 'trade_terms_div';
2018-04-09 15:16:06 EXEC SPC_COM_GET_COMBOBOX 'unit_q_div';
2018-04-09 15:16:06 EXEC SPC_COM_GET_COMBOBOX 'sales_detail_div';
2018-04-09 15:16:06 EXEC SPC_COM_GET_COMBOBOX 'storage_manager_div';
2018-04-09 15:16:06 EXEC SPC_COM_GET_COMBOBOX 'unit_m_div';
2018-04-09 15:16:06 EXEC SPC_COM_GET_COMBOBOX 'unit_w_div';
2018-04-09 15:16:22 EXEC SPC_COM_GET_COMBOBOX 'port_country_div';
2018-04-09 15:16:22 EXEC SPC_COM_GET_COMBOBOX 'port_city_div';
2018-04-09 15:16:22 EXEC SPC_COM_GET_COMBOBOX 'currency_div';
2018-04-09 15:16:22 EXEC SPC_COM_GET_COMBOBOX 'shipment_div';
2018-04-09 15:16:22 EXEC SPC_COM_GET_COMBOBOX 'payment_conditions_div';
2018-04-09 15:16:22 EXEC SPC_COM_GET_COMBOBOX 'trade_terms_div';
2018-04-09 15:16:23 EXEC SPC_COM_GET_COMBOBOX 'sales_detail_div';
2018-04-09 15:16:23 EXEC SPC_COM_GET_COMBOBOX 'unit_q_div';
2018-04-09 15:16:23 EXEC SPC_COM_GET_COMBOBOX 'unit_w_div';
2018-04-09 15:16:23 EXEC SPC_COM_GET_COMBOBOX 'storage_manager_div';
2018-04-09 15:17:13 EXEC SPC_COM_GET_COMBOBOX 'port_country_div';
2018-04-09 15:17:13 EXEC SPC_COM_GET_COMBOBOX 'currency_div';
2018-04-09 15:17:13 EXEC SPC_COM_GET_COMBOBOX 'port_city_div';
2018-04-09 15:17:13 EXEC SPC_COM_GET_COMBOBOX 'payment_conditions_div';
2018-04-09 15:17:13 EXEC SPC_COM_GET_COMBOBOX 'trade_terms_div';
2018-04-09 15:17:14 EXEC SPC_COM_GET_COMBOBOX 'sales_detail_div';
2018-04-09 15:17:14 EXEC SPC_COM_GET_COMBOBOX 'unit_q_div';
2018-04-09 15:17:14 EXEC SPC_COM_GET_COMBOBOX 'unit_m_div';
2018-04-09 15:17:14 EXEC SPC_COM_GET_COMBOBOX 'unit_w_div';
2018-04-09 15:17:14 EXEC SPC_COM_GET_COMBOBOX 'storage_manager_div';
2018-04-09 15:17:38 EXEC SPC_COM_GET_COMBOBOX 'port_country_div';
2018-04-09 15:17:38 EXEC SPC_COM_GET_COMBOBOX 'payment_conditions_div';
2018-04-09 15:17:39 EXEC SPC_COM_GET_COMBOBOX 'currency_div';
2018-04-09 15:17:39 EXEC SPC_COM_GET_COMBOBOX 'shipment_div';
2018-04-09 15:17:39 EXEC SPC_COM_GET_COMBOBOX 'trade_terms_div';
2018-04-09 15:17:39 EXEC SPC_COM_GET_COMBOBOX 'port_city_div';
2018-04-09 15:17:39 EXEC SPC_COM_GET_COMBOBOX 'sales_detail_div';
2018-04-09 15:17:39 EXEC SPC_COM_GET_COMBOBOX 'unit_q_div';
2018-04-09 15:17:39 EXEC SPC_COM_GET_COMBOBOX 'unit_w_div';
2018-04-09 15:17:39 EXEC SPC_COM_GET_COMBOBOX 'unit_m_div';
2018-04-09 15:17:39 EXEC SPC_COM_GET_COMBOBOX 'storage_manager_div';
2018-04-09 15:18:13 EXEC SPC_COM_GET_COMBOBOX 'port_city_div';
2018-04-09 15:18:13 EXEC SPC_COM_GET_COMBOBOX 'shipment_div';
2018-04-09 15:18:13 EXEC SPC_COM_GET_COMBOBOX 'port_country_div';
2018-04-09 15:18:13 EXEC SPC_COM_GET_COMBOBOX 'trade_terms_div';
2018-04-09 15:18:14 EXEC SPC_COM_GET_COMBOBOX 'currency_div';
2018-04-09 15:18:14 EXEC SPC_COM_GET_COMBOBOX 'payment_conditions_div';
2018-04-09 15:18:14 EXEC SPC_COM_GET_COMBOBOX 'unit_q_div';
2018-04-09 15:18:14 EXEC SPC_COM_GET_COMBOBOX 'sales_detail_div';
2018-04-09 15:18:14 EXEC SPC_COM_GET_COMBOBOX 'unit_w_div';
2018-04-09 15:18:14 EXEC SPC_COM_GET_COMBOBOX 'unit_m_div';
2018-04-09 15:18:14 EXEC SPC_COM_GET_COMBOBOX 'storage_manager_div';
2018-04-09 15:18:28 EXEC SPC_COM_GET_COMBOBOX 'port_city_div';
2018-04-09 15:18:28 EXEC SPC_COM_GET_COMBOBOX 'port_country_div';
2018-04-09 15:18:28 EXEC SPC_COM_GET_COMBOBOX 'shipment_div';
2018-04-09 15:18:28 EXEC SPC_COM_GET_COMBOBOX 'currency_div';
2018-04-09 15:18:28 EXEC SPC_COM_GET_COMBOBOX 'payment_conditions_div';
2018-04-09 15:18:28 EXEC SPC_COM_GET_COMBOBOX 'trade_terms_div';
2018-04-09 15:18:29 EXEC SPC_COM_GET_COMBOBOX 'unit_q_div';
2018-04-09 15:18:29 EXEC SPC_COM_GET_COMBOBOX 'unit_m_div';
2018-04-09 15:18:29 EXEC SPC_COM_GET_COMBOBOX 'sales_detail_div';
2018-04-09 15:18:29 EXEC SPC_COM_GET_COMBOBOX 'unit_w_div';
2018-04-09 15:18:29 EXEC SPC_COM_GET_COMBOBOX 'storage_manager_div';
2018-04-09 15:18:46 EXEC SPC_COM_GET_COMBOBOX 'trade_terms_div';
2018-04-09 15:18:46 EXEC SPC_COM_GET_COMBOBOX 'currency_div';
2018-04-09 15:18:46 EXEC SPC_COM_GET_COMBOBOX 'port_country_div';
2018-04-09 15:18:46 EXEC SPC_COM_GET_COMBOBOX 'payment_conditions_div';
2018-04-09 15:18:46 EXEC SPC_COM_GET_COMBOBOX 'port_city_div';
2018-04-09 15:18:46 EXEC SPC_COM_GET_COMBOBOX 'shipment_div';
2018-04-09 15:18:46 EXEC SPC_COM_GET_COMBOBOX 'unit_q_div';
2018-04-09 15:18:46 EXEC SPC_COM_GET_COMBOBOX 'sales_detail_div';
2018-04-09 15:18:46 EXEC SPC_COM_GET_COMBOBOX 'unit_w_div';
2018-04-09 15:18:46 EXEC SPC_COM_GET_COMBOBOX 'unit_m_div';
2018-04-09 15:18:46 EXEC SPC_COM_GET_COMBOBOX 'storage_manager_div';
2018-04-09 15:19:03 EXEC SPC_COM_GET_COMBOBOX 'currency_div';
2018-04-09 15:19:03 EXEC SPC_COM_GET_COMBOBOX 'trade_terms_div';
2018-04-09 15:19:03 EXEC SPC_COM_GET_COMBOBOX 'port_country_div';
2018-04-09 15:19:03 EXEC SPC_COM_GET_COMBOBOX 'shipment_div';
2018-04-09 15:19:03 EXEC SPC_COM_GET_COMBOBOX 'port_city_div';
2018-04-09 15:19:03 EXEC SPC_COM_GET_COMBOBOX 'payment_conditions_div';
2018-04-09 15:19:03 EXEC SPC_COM_GET_COMBOBOX 'unit_m_div';
2018-04-09 15:19:03 EXEC SPC_COM_GET_COMBOBOX 'unit_w_div';
2018-04-09 15:19:03 EXEC SPC_COM_GET_COMBOBOX 'storage_manager_div';
2018-04-09 15:19:03 EXEC SPC_COM_GET_COMBOBOX 'unit_q_div';
2018-04-09 15:19:03 EXEC SPC_COM_GET_COMBOBOX 'sales_detail_div';
2018-04-09 15:19:21 EXEC SPC_COM_GET_COMBOBOX 'trade_terms_div';
2018-04-09 15:19:21 EXEC SPC_COM_GET_COMBOBOX 'shipment_div';
2018-04-09 15:19:21 EXEC SPC_COM_GET_COMBOBOX 'port_city_div';
2018-04-09 15:19:21 EXEC SPC_COM_GET_COMBOBOX 'currency_div';
2018-04-09 15:19:21 EXEC SPC_COM_GET_COMBOBOX 'port_country_div';
2018-04-09 15:19:21 EXEC SPC_COM_GET_COMBOBOX 'payment_conditions_div';
2018-04-09 15:19:22 EXEC SPC_COM_GET_COMBOBOX 'unit_m_div';
2018-04-09 15:19:22 EXEC SPC_COM_GET_COMBOBOX 'sales_detail_div';
2018-04-09 15:19:22 EXEC SPC_COM_GET_COMBOBOX 'unit_w_div';
2018-04-09 15:19:22 EXEC SPC_COM_GET_COMBOBOX 'unit_q_div';
2018-04-09 15:19:22 EXEC SPC_COM_GET_COMBOBOX 'storage_manager_div';
2018-04-09 15:19:46 EXEC SPC_COM_GET_COMBOBOX 'port_country_div';
2018-04-09 15:19:47 EXEC SPC_COM_GET_COMBOBOX 'trade_terms_div';
2018-04-09 15:19:47 EXEC SPC_COM_GET_COMBOBOX 'currency_div';
2018-04-09 15:19:47 EXEC SPC_COM_GET_COMBOBOX 'payment_conditions_div';
2018-04-09 15:19:47 EXEC SPC_COM_GET_COMBOBOX 'shipment_div';
2018-04-09 15:19:47 EXEC SPC_COM_GET_COMBOBOX 'port_city_div';
2018-04-09 15:19:47 EXEC SPC_COM_GET_COMBOBOX 'sales_detail_div';
2018-04-09 15:19:47 EXEC SPC_COM_GET_COMBOBOX 'unit_q_div';
2018-04-09 15:19:47 EXEC SPC_COM_GET_COMBOBOX 'unit_w_div';
2018-04-09 15:19:47 EXEC SPC_COM_GET_COMBOBOX 'storage_manager_div';
2018-04-09 15:19:48 EXEC SPC_COM_GET_COMBOBOX 'unit_m_div';
2018-04-09 15:20:13 EXEC SPC_COM_GET_COMBOBOX 'payment_conditions_div';
2018-04-09 15:20:13 EXEC SPC_COM_GET_COMBOBOX 'currency_div';
2018-04-09 15:20:13 EXEC SPC_COM_GET_COMBOBOX 'port_country_div';
2018-04-09 15:20:13 EXEC SPC_COM_GET_COMBOBOX 'shipment_div';
2018-04-09 15:20:13 EXEC SPC_COM_GET_COMBOBOX 'port_city_div';
2018-04-09 15:20:13 EXEC SPC_COM_GET_COMBOBOX 'trade_terms_div';
2018-04-09 15:20:13 EXEC SPC_COM_GET_COMBOBOX 'unit_w_div';
2018-04-09 15:20:13 EXEC SPC_COM_GET_COMBOBOX 'unit_q_div';
2018-04-09 15:20:13 EXEC SPC_COM_GET_COMBOBOX 'storage_manager_div';
2018-04-09 15:20:13 EXEC SPC_COM_GET_COMBOBOX 'unit_m_div';
2018-04-09 15:20:13 EXEC SPC_COM_GET_COMBOBOX 'sales_detail_div';
2018-04-09 15:20:29 EXEC SPC_COM_GET_COMBOBOX 'currency_div';
2018-04-09 15:20:29 EXEC SPC_COM_GET_COMBOBOX 'trade_terms_div';
2018-04-09 15:20:29 EXEC SPC_COM_GET_COMBOBOX 'payment_conditions_div';
2018-04-09 15:20:29 EXEC SPC_COM_GET_COMBOBOX 'shipment_div';
2018-04-09 15:20:29 EXEC SPC_COM_GET_COMBOBOX 'port_city_div';
2018-04-09 15:20:29 EXEC SPC_COM_GET_COMBOBOX 'port_country_div';
2018-04-09 15:20:29 EXEC SPC_COM_GET_COMBOBOX 'unit_w_div';
2018-04-09 15:20:29 EXEC SPC_COM_GET_COMBOBOX 'unit_q_div';
2018-04-09 15:20:29 EXEC SPC_COM_GET_COMBOBOX 'sales_detail_div';
2018-04-09 15:20:29 EXEC SPC_COM_GET_COMBOBOX 'unit_m_div';
2018-04-09 15:20:29 EXEC SPC_COM_GET_COMBOBOX 'storage_manager_div';
2018-04-09 15:20:52 EXEC SPC_COM_GET_COMBOBOX 'port_city_div';
2018-04-09 15:20:52 EXEC SPC_COM_GET_COMBOBOX 'port_country_div';
2018-04-09 15:20:52 EXEC SPC_COM_GET_COMBOBOX 'payment_conditions_div';
2018-04-09 15:20:52 EXEC SPC_COM_GET_COMBOBOX 'currency_div';
2018-04-09 15:20:53 EXEC SPC_COM_GET_COMBOBOX 'trade_terms_div';
2018-04-09 15:20:53 EXEC SPC_COM_GET_COMBOBOX 'shipment_div';
2018-04-09 15:20:53 EXEC SPC_COM_GET_COMBOBOX 'unit_w_div';
2018-04-09 15:20:53 EXEC SPC_COM_GET_COMBOBOX 'sales_detail_div';
2018-04-09 15:20:53 EXEC SPC_COM_GET_COMBOBOX 'unit_q_div';
2018-04-09 15:20:53 EXEC SPC_COM_GET_COMBOBOX 'unit_m_div';
2018-04-09 15:20:53 EXEC SPC_COM_GET_COMBOBOX 'storage_manager_div';
2018-04-09 15:21:07 EXEC SPC_COM_GET_COMBOBOX 'payment_conditions_div';
2018-04-09 15:21:07 EXEC SPC_COM_GET_COMBOBOX 'currency_div';
2018-04-09 15:21:08 EXEC SPC_COM_GET_COMBOBOX 'trade_terms_div';
2018-04-09 15:21:08 EXEC SPC_COM_GET_COMBOBOX 'port_city_div';
2018-04-09 15:21:08 EXEC SPC_COM_GET_COMBOBOX 'shipment_div';
2018-04-09 15:21:08 EXEC SPC_COM_GET_COMBOBOX 'port_country_div';
2018-04-09 15:21:08 EXEC SPC_COM_GET_COMBOBOX 'sales_detail_div';
2018-04-09 15:21:08 EXEC SPC_COM_GET_COMBOBOX 'unit_m_div';
2018-04-09 15:21:08 EXEC SPC_COM_GET_COMBOBOX 'storage_manager_div';
2018-04-09 15:21:08 EXEC SPC_COM_GET_COMBOBOX 'unit_q_div';
2018-04-09 15:21:08 EXEC SPC_COM_GET_COMBOBOX 'unit_w_div';
2018-04-09 15:21:24 EXEC SPC_COM_GET_COMBOBOX 'port_country_div';
2018-04-09 15:21:24 EXEC SPC_COM_GET_COMBOBOX 'payment_conditions_div';
2018-04-09 15:21:24 EXEC SPC_COM_GET_COMBOBOX 'currency_div';
2018-04-09 15:21:24 EXEC SPC_COM_GET_COMBOBOX 'shipment_div';
2018-04-09 15:21:24 EXEC SPC_COM_GET_COMBOBOX 'port_city_div';
2018-04-09 15:21:25 EXEC SPC_COM_GET_COMBOBOX 'trade_terms_div';
2018-04-09 15:21:25 EXEC SPC_COM_GET_COMBOBOX 'sales_detail_div';
2018-04-09 15:21:25 EXEC SPC_COM_GET_COMBOBOX 'unit_q_div';
2018-04-09 15:21:25 EXEC SPC_COM_GET_COMBOBOX 'unit_w_div';
2018-04-09 15:21:25 EXEC SPC_COM_GET_COMBOBOX 'unit_m_div';
2018-04-09 15:21:25 EXEC SPC_COM_GET_COMBOBOX 'storage_manager_div';
2018-04-09 15:22:07 EXEC SPC_COM_GET_COMBOBOX 'currency_div';
2018-04-09 15:22:07 EXEC SPC_COM_GET_COMBOBOX 'port_city_div';
2018-04-09 15:22:07 EXEC SPC_COM_GET_COMBOBOX 'port_country_div';
2018-04-09 15:22:07 EXEC SPC_COM_GET_COMBOBOX 'payment_conditions_div';
2018-04-09 15:22:07 EXEC SPC_COM_GET_COMBOBOX 'trade_terms_div';
2018-04-09 15:22:07 EXEC SPC_COM_GET_COMBOBOX 'shipment_div';
2018-04-09 15:22:08 EXEC SPC_COM_GET_COMBOBOX 'sales_detail_div';
2018-04-09 15:22:08 EXEC SPC_COM_GET_COMBOBOX 'unit_m_div';
2018-04-09 15:22:08 EXEC SPC_COM_GET_COMBOBOX 'unit_q_div';
2018-04-09 15:22:08 EXEC SPC_COM_GET_COMBOBOX 'unit_w_div';
2018-04-09 15:22:08 EXEC SPC_COM_GET_COMBOBOX 'storage_manager_div';
2018-04-09 15:26:43 EXEC SPC_COM_GET_COMBOBOX 'port_city_div';
2018-04-09 15:26:43 EXEC SPC_COM_GET_COMBOBOX 'port_country_div';
2018-04-09 15:26:43 EXEC SPC_COM_GET_COMBOBOX 'payment_conditions_div';
2018-04-09 15:26:43 EXEC SPC_COM_GET_COMBOBOX 'shipment_div';
2018-04-09 15:26:43 EXEC SPC_COM_GET_COMBOBOX 'trade_terms_div';
2018-04-09 15:26:43 EXEC SPC_COM_GET_COMBOBOX 'currency_div';
2018-04-09 15:26:44 EXEC SPC_COM_GET_COMBOBOX 'sales_detail_div';
2018-04-09 15:26:44 EXEC SPC_COM_GET_COMBOBOX 'unit_w_div';
2018-04-09 15:26:44 EXEC SPC_COM_GET_COMBOBOX 'storage_manager_div';
2018-04-09 15:26:44 EXEC SPC_COM_GET_COMBOBOX 'unit_q_div';
2018-04-09 15:26:44 EXEC SPC_COM_GET_COMBOBOX 'unit_m_div';
2018-04-09 15:27:52 EXEC SPC_COM_GET_COMBOBOX 'trade_terms_div';
2018-04-09 15:27:52 EXEC SPC_COM_GET_COMBOBOX 'shipment_div';
2018-04-09 15:27:52 EXEC SPC_COM_GET_COMBOBOX 'port_city_div';
;
2018-04-09 15:27:52 EXEC SPC_COM_GET_COMBOBOX 'currency_div';
2018-04-09 15:27:52 EXEC SPC_COM_GET_COMBOBOX 'payment_conditions_div';
2018-04-09 15:27:53 EXEC SPC_COM_GET_COMBOBOX 'unit_m_div';
2018-04-09 15:27:53 EXEC SPC_COM_GET_COMBOBOX 'sales_detail_div';
2018-04-09 15:27:53 EXEC SPC_COM_GET_COMBOBOX 'unit_w_div';
2018-04-09 15:27:53 EXEC SPC_COM_GET_COMBOBOX 'storage_manager_div';
2018-04-09 15:29:09 EXEC SPC_COM_GET_COMBOBOX 'port_country_div';
2018-04-09 15:29:09 EXEC SPC_COM_GET_COMBOBOX 'shipment_div';
2018-04-09 15:29:09 EXEC SPC_COM_GET_COMBOBOX 'port_city_div';
2018-04-09 15:29:09 EXEC SPC_COM_GET_COMBOBOX 'payment_conditions_div';
2018-04-09 15:29:09 EXEC SPC_COM_GET_COMBOBOX 'trade_terms_div';
2018-04-09 15:29:10 EXEC SPC_COM_GET_COMBOBOX 'currency_div';
2018-04-09 15:29:10 EXEC SPC_COM_GET_COMBOBOX 'unit_w_div';
2018-04-09 15:29:10 EXEC SPC_COM_GET_COMBOBOX 'sales_detail_div';
2018-04-09 15:29:10 EXEC SPC_COM_GET_COMBOBOX 'unit_q_div';
2018-04-09 15:29:10 EXEC SPC_COM_GET_COMBOBOX 'unit_m_div';
2018-04-09 15:29:10 EXEC SPC_COM_GET_COMBOBOX 'storage_manager_div';
2018-04-09 15:30:28 EXEC SPC_COM_GET_COMBOBOX 'shipment_div';
2018-04-09 15:30:28 EXEC SPC_COM_GET_COMBOBOX 'port_country_div';
2018-04-09 15:30:28 EXEC SPC_COM_GET_COMBOBOX 'trade_terms_div';
2018-04-09 15:30:28 EXEC SPC_COM_GET_COMBOBOX 'port_city_div';
2018-04-09 15:30:28 EXEC SPC_COM_GET_COMBOBOX 'payment_conditions_div';
2018-04-09 15:30:28 EXEC SPC_COM_GET_COMBOBOX 'currency_div';
2018-04-09 15:30:28 EXEC SPC_COM_GET_COMBOBOX 'unit_q_div';
2018-04-09 15:30:28 EXEC SPC_COM_GET_COMBOBOX 'unit_w_div';
2018-04-09 15:30:28 EXEC SPC_COM_GET_COMBOBOX 'sales_detail_div';
2018-04-09 15:30:28 EXEC SPC_COM_GET_COMBOBOX 'unit_m_div';
2018-04-09 15:30:28 EXEC SPC_COM_GET_COMBOBOX 'storage_manager_div';
2018-04-09 15:30:56 EXEC SPC_COM_GET_COMBOBOX 'inv_data_div';
2018-04-09 15:31:02 EXEC SPC_COM_GET_COMBOBOX 'port_country_div';
2018-04-09 15:31:02 EXEC SPC_COM_GET_COMBOBOX 'shipment_div';
2018-04-09 15:31:02 EXEC SPC_COM_GET_COMBOBOX 'trade_terms_div';
2018-04-09 15:31:03 EXEC SPC_COM_GET_COMBOBOX 'port_city_div';
2018-04-09 15:31:03 EXEC SPC_COM_GET_COMBOBOX 'currency_div';
2018-04-09 15:31:03 EXEC SPC_COM_GET_COMBOBOX 'payment_conditions_div';
2018-04-09 15:31:03 EXEC SPC_COM_GET_COMBOBOX 'sales_detail_div';
2018-04-09 15:31:03 EXEC SPC_COM_GET_COMBOBOX 'unit_q_div';
2018-04-09 15:31:03 EXEC SPC_COM_GET_COMBOBOX 'unit_w_div';
2018-04-09 15:31:03 EXEC SPC_COM_GET_COMBOBOX 'storage_manager_div';
2018-04-09 15:31:03 EXEC SPC_COM_GET_COMBOBOX 'unit_m_div';
2018-04-09 15:31:45 EXEC SPC_COM_GET_COMBOBOX 'port_city_div';
2018-04-09 15:31:45 EXEC SPC_COM_GET_COMBOBOX 'shipment_div';
2018-04-09 15:31:45 EXEC SPC_COM_GET_COMBOBOX 'port_country_div';
2018-04-09 15:31:45 EXEC SPC_COM_GET_COMBOBOX 'currency_div';
2018-04-09 15:31:45 EXEC SPC_COM_GET_COMBOBOX 'trade_terms_div';
2018-04-09 15:31:45 EXEC SPC_COM_GET_COMBOBOX 'payment_conditions_div';
2018-04-09 15:31:45 EXEC SPC_COM_GET_COMBOBOX 'sales_detail_div';
2018-04-09 15:31:45 EXEC SPC_COM_GET_COMBOBOX 'unit_q_div';
2018-04-09 15:31:45 EXEC SPC_COM_GET_COMBOBOX 'unit_m_div';
2018-04-09 15:31:45 EXEC SPC_COM_GET_COMBOBOX 'unit_w_div';
2018-04-09 15:31:46 EXEC SPC_COM_GET_COMBOBOX 'storage_manager_div';
2018-04-09 15:33:25 EXEC SPC_COM_GET_COMBOBOX 'port_city_div';
2018-04-09 15:33:25 EXEC SPC_COM_GET_COMBOBOX 'shipment_div';
2018-04-09 15:33:25 EXEC SPC_COM_GET_COMBOBOX 'port_country_div';
2018-04-09 15:33:25 EXEC SPC_COM_GET_COMBOBOX 'currency_div';
2018-04-09 15:33:25 EXEC SPC_COM_GET_COMBOBOX 'trade_terms_div';
2018-04-09 15:33:25 EXEC SPC_COM_GET_COMBOBOX 'payment_conditions_div';
2018-04-09 15:33:26 EXEC SPC_COM_GET_COMBOBOX 'unit_q_div';
2018-04-09 15:33:26 EXEC SPC_COM_GET_COMBOBOX 'sales_detail_div';
2018-04-09 15:33:26 EXEC SPC_COM_GET_COMBOBOX 'unit_w_div';
2018-04-09 15:33:26 EXEC SPC_COM_GET_COMBOBOX 'storage_manager_div';
2018-04-09 15:33:26 EXEC SPC_COM_GET_COMBOBOX 'unit_m_div';
2018-04-09 15:33:38 EXEC SPC_063_PRODUCT_MASTER_SEARCH_FND1 '','','1','10';
2018-04-09 15:34:19 EXEC SPC_COM_GET_COMBOBOX 'shipment_div';
2018-04-09 15:34:19 EXEC SPC_COM_GET_COMBOBOX 'payment_conditions_div';
2018-04-09 15:34:19 EXEC SPC_COM_GET_COMBOBOX 'port_country_div';
2018-04-09 15:34:20 EXEC SPC_COM_GET_COMBOBOX 'trade_terms_div';
2018-04-09 15:34:20 EXEC SPC_COM_GET_COMBOBOX 'port_city_div';
2018-04-09 15:34:20 EXEC SPC_COM_GET_COMBOBOX 'sales_detail_div';
2018-04-09 15:34:20 EXEC SPC_COM_GET_COMBOBOX 'unit_w_div';
2018-04-09 15:34:20 EXEC SPC_COM_GET_COMBOBOX 'unit_m_div';
2018-04-09 15:34:20 EXEC SPC_COM_GET_COMBOBOX 'unit_q_div';
2018-04-09 15:34:20 EXEC SPC_COM_GET_COMBOBOX 'storage_manager_div';
2018-04-09 15:36:04 EXEC SPC_COM_GET_COMBOBOX 'port_city_div';
2018-04-09 15:36:04 EXEC SPC_COM_GET_COMBOBOX 'shipment_div';
2018-04-09 15:36:04 EXEC SPC_COM_GET_COMBOBOX 'port_country_div';
2018-04-09 15:36:04 EXEC SPC_COM_GET_COMBOBOX 'currency_div';
2018-04-09 15:36:04 EXEC SPC_COM_GET_COMBOBOX 'payment_conditions_div';
2018-04-09 15:36:04 EXEC SPC_COM_GET_COMBOBOX 'trade_terms_div';
2018-04-09 15:36:04 EXEC SPC_COM_GET_COMBOBOX 'sales_detail_div';
2018-04-09 15:36:04 EXEC SPC_COM_GET_COMBOBOX 'unit_m_div';
2018-04-09 15:36:04 EXEC SPC_COM_GET_COMBOBOX 'unit_q_div';
2018-04-09 15:36:04 EXEC SPC_COM_GET_COMBOBOX 'unit_w_div';
2018-04-09 15:36:05 EXEC SPC_COM_GET_COMBOBOX 'storage_manager_div';
2018-04-09 15:37:09 EXEC SPC_073_LOGIN_ACT1 '001','123456';
2018-04-09 15:37:09 EXEC SPC_GET_CONSTANT '';
2018-04-09 15:37:17 EXEC SPC_COM_GET_COMBOBOX 'inv_data_div';
2018-04-09 15:37:22 EXEC SPC_COM_GET_COMBOBOX 'port_city_div';
2018-04-09 15:37:22 EXEC SPC_COM_GET_COMBOBOX 'currency_div';
2018-04-09 15:37:22 EXEC SPC_COM_GET_COMBOBOX 'shipment_div';
2018-04-09 15:37:22 EXEC SPC_COM_GET_COMBOBOX 'payment_conditions_div';
2018-04-09 15:37:22 EXEC SPC_COM_GET_COMBOBOX 'port_country_div';
2018-04-09 15:37:22 EXEC SPC_COM_GET_COMBOBOX 'trade_terms_div';
2018-04-09 15:37:23 EXEC SPC_COM_GET_COMBOBOX 'sales_detail_div';
2018-04-09 15:37:23 EXEC SPC_COM_GET_COMBOBOX 'unit_q_div';
2018-04-09 15:37:23 EXEC SPC_COM_GET_COMBOBOX 'unit_m_div';
2018-04-09 15:37:23 EXEC SPC_COM_GET_COMBOBOX 'unit_w_div';
r_div';
2018-04-09 15:43:19 EXEC SPC_COM_GET_COMBOBOX 'port_city_div';
2018-04-09 15:43:20 EXEC SPC_COM_GET_COMBOBOX 'sales_detail_div';
2018-04-09 15:43:21 EXEC SPC_COM_GET_COMBOBOX 'unit_q_div';
2018-04-09 15:43:21 EXEC SPC_COM_GET_COMBOBOX 'port_country_div';
2018-04-09 15:43:21 EXEC SPC_COM_GET_COMBOBOX 'shipment_div';
2018-04-09 15:43:21 EXEC SPC_COM_GET_COMBOBOX 'trade_terms_div';
2018-04-09 15:43:21 EXEC SPC_COM_GET_COMBOBOX 'currency_div';
2018-04-09 15:43:21 EXEC SPC_COM_GET_COMBOBOX 'payment_conditions_div';
2018-04-09 15:43:21 EXEC SPC_COM_GET_COMBOBOX 'unit_w_div';
2018-04-09 15:43:21 EXEC SPC_COM_GET_COMBOBOX 'unit_m_div';
2018-04-09 15:43:21 EXEC SPC_COM_GET_COMBOBOX 'storage_manager_div';
2018-04-09 15:47:15 EXEC SPC_COM_GET_COMBOBOX 'port_country_div';
2018-04-09 15:47:15 EXEC SPC_COM_GET_COMBOBOX 'payment_conditions_div';
2018-04-09 15:47:15 EXEC SPC_COM_GET_COMBOBOX 'shipment_div';
2018-04-09 15:47:15 EXEC SPC_COM_GET_COMBOBOX 'port_city_div';
2018-04-09 15:47:15 EXEC SPC_COM_GET_COMBOBOX 'trade_terms_div';
2018-04-09 15:47:15 EXEC SPC_COM_GET_COMBOBOX 'currency_div';
2018-04-09 15:47:15 EXEC SPC_COM_GET_COMBOBOX 'unit_q_div';
2018-04-09 15:47:15 EXEC SPC_COM_GET_COMBOBOX 'sales_detail_div';
2018-04-09 15:47:15 EXEC SPC_COM_GET_COMBOBOX 'unit_m_div';
2018-04-09 15:47:16 EXEC SPC_COM_GET_COMBOBOX 'unit_w_div';
2018-04-09 15:47:16 EXEC SPC_COM_GET_COMBOBOX 'bank_div';
2018-04-09 15:47:16 EXEC SPC_GET_TAX_RATE '2018/04/09';
2018-04-09 15:55:21 EXEC SPC_055_SUPPLIERS_MASTER_SEARCH_FND1 '','','','','','','0','0','0','1','10';
2018-04-09 15:55:23 EXEC SPC_001_PI_DETAIL_INQ2 '001','1';
2018-04-09 15:55:34 EXEC SPC_001_PI_DETAIL_INQ2 '001','1';
2018-04-09 15:57:23 EXEC SPC_COM_GET_COMBOBOX 'port_country_div';
2018-04-09 15:57:24 EXEC SPC_COM_GET_COMBOBOX 'unit_q_div';
2018-04-09 15:57:25 EXEC SPC_COM_GET_COMBOBOX 'unit_w_div';
2018-04-09 15:57:25 EXEC SPC_COM_GET_COMBOBOX 'trade_terms_div';
2018-04-09 15:57:25 EXEC SPC_COM_GET_COMBOBOX 'currency_div';
2018-04-09 15:57:25 EXEC SPC_COM_GET_COMBOBOX 'unit_m_div';
2018-04-09 15:57:25 EXEC SPC_COM_GET_COMBOBOX 'payment_conditions_div';
2018-04-09 15:57:25 EXEC SPC_COM_GET_COMBOBOX 'shipment_div';
2018-04-09 15:57:25 EXEC SPC_COM_GET_COMBOBOX 'port_city_div';
2018-04-09 15:57:26 EXEC SPC_COM_GET_COMBOBOX 'sales_detail_div';
2018-04-09 15:57:26 EXEC SPC_GET_TAX_RATE '2018/04/09';
2018-04-09 15:57:26 EXEC SPC_COM_GET_COMBOBOX 'bank_div';
2018-04-09 15:57:28 EXEC SPC_001_PI_DETAIL_INQ2 '001','1';
2018-04-09 16:00:06 EXEC SPC_055_SUPPLIERS_MASTER_SEARCH_FND1 '','','','','','','0','0','0','1','10';
2018-04-09 16:00:08 EXEC SPC_001_PI_DETAIL_INQ2 '1111','1';
2018-04-09 16:00:34 EXEC SPC_055_SUPPLIERS_MASTER_SEARCH_FND1 '','','','','','','0','0','0','1','10';
2018-04-09 16:00:35 EXEC SPC_001_PI_DETAIL_INQ2 '1111','1';
2018-04-09 16:01:21 EXEC SPC_COM_GET_COMBOBOX 'port_city_div';
2018-04-09 16:01:22 EXEC SPC_COM_GET_COMBOBOX 'shipment_div';
2018-04-09 16:01:22 EXEC SPC_COM_GET_COMBOBOX 'port_country_div';
iv';
2018-04-09 16:01:22 EXEC SPC_COM_GET_COMBOBOX 'trade_terms_div';
2018-04-09 16:01:22 EXEC SPC_COM_GET_COMBOBOX 'currency_div';
2018-04-09 16:01:22 EXEC SPC_COM_GET_COMBOBOX 'sales_detail_div';
2018-04-09 16:01:22 EXEC SPC_COM_GET_COMBOBOX 'unit_q_div';
2018-04-09 16:01:22 EXEC SPC_COM_GET_COMBOBOX 'storage_manager_div';
2018-04-09 16:01:22 EXEC SPC_COM_GET_COMBOBOX 'unit_w_div';
2018-04-09 16:01:22 EXEC SPC_COM_GET_COMBOBOX 'unit_m_div';
2018-04-09 16:01:23 EXEC SPC_GET_TAX_RATE '2018/04/09';
2018-04-09 16:01:32 EXEC SPC_055_SUPPLIERS_MASTER_SEARCH_FND1 '','','','','','','0','0','0','1','10';
2018-04-09 16:01:34 EXEC SPC_001_PI_DETAIL_INQ2 '666','1';
2018-04-09 16:01:41 EXEC SPC_055_SUPPLIERS_MASTER_SEARCH_FND1 '','','','','','','0','0','0','1','10';
2018-04-09 16:01:43 EXEC SPC_001_PI_DETAIL_INQ2 '444','1';
2018-04-09 16:01:47 EXEC SPC_055_SUPPLIERS_MASTER_SEARCH_FND1 '','','','','','','0','0','0','1','10';
2018-04-09 16:01:50 EXEC SPC_001_PI_DETAIL_INQ2 '444','1';
2018-04-09 16:02:06 EXEC SPC_055_SUPPLIERS_MASTER_SEARCH_FND1 '','','','','','','0','0','0','1','10';
2018-04-09 16:02:09 EXEC SPC_001_PI_DETAIL_INQ2 '444','1';
2018-04-09 16:02:22 EXEC SPC_055_SUPPLIERS_MASTER_SEARCH_FND1 '','','','','','','0','0','0','1','10';
2018-04-09 16:02:24 EXEC SPC_001_PI_DETAIL_INQ2 '1111','1';
2018-04-09 16:02:29 EXEC SPC_055_SUPPLIERS_MASTER_SEARCH_FND1 '','','','','','','0','0','0','1','10';
2018-04-09 16:02:31 EXEC SPC_001_PI_DETAIL_INQ2 'ape76b','1';
2018-04-09 16:03:33 EXEC SPC_COM_GET_COMBOBOX 'port_country_div';
2018-04-09 16:03:33 EXEC SPC_COM_GET_COMBOBOX 'trade_terms_div';
2018-04-09 16:03:33 EXEC SPC_COM_GET_COMBOBOX 'port_city_div';
2018-04-09 16:03:33 EXEC SPC_COM_GET_COMBOBOX 'payment_conditions_div';
2018-04-09 16:03:33 EXEC SPC_COM_GET_COMBOBOX 'shipment_div';
2018-04-09 16:03:33 EXEC SPC_COM_GET_COMBOBOX 'currency_div';
2018-04-09 16:03:34 EXEC SPC_COM_GET_COMBOBOX 'sales_detail_div';
2018-04-09 16:03:34 EXEC SPC_COM_GET_COMBOBOX 'unit_m_div';
2018-04-09 16:03:34 EXEC SPC_COM_GET_COMBOBOX 'unit_w_div';
2018-04-09 16:03:34 EXEC SPC_COM_GET_COMBOBOX 'storage_manager_div';
2018-04-09 16:03:34 EXEC SPC_COM_GET_COMBOBOX 'unit_q_div';
2018-04-09 16:03:34 EXEC SPC_GET_TAX_RATE '2018/04/09';
2018-04-09 16:03:38 EXEC SPC_055_SUPPLIERS_MASTER_SEARCH_FND1 '','','','','','','0','0','0','1','10';
2018-04-09 16:03:41 EXEC SPC_001_PI_DETAIL_INQ2 '555','1';
2018-04-09 16:03:45 EXEC SPC_COM_GET_COMBOBOX 'shipment_div';
2018-04-09 16:03:45 EXEC SPC_COM_GET_COMBOBOX 'port_city_div';
2018-04-09 16:03:45 EXEC SPC_COM_GET_COMBOBOX 'trade_terms_div';
2018-04-09 16:03:45 EXEC SPC_COM_GET_COMBOBOX 'port_country_div';
2018-04-09 16:03:45 EXEC SPC_COM_GET_COMBOBOX 'currency_div';
2018-04-09 16:03:45 EXEC SPC_COM_GET_COMBOBOX 'payment_conditions_div';
2018-04-09 16:03:46 EXEC SPC_COM_GET_COMBOBOX 'unit_w_div';
2018-04-09 16:03:46 EXEC SPC_GET_TAX_RATE '2018/04/09';
2018-04-09 16:03:46 EXEC SPC_COM_GET_COMBOBOX 'unit_m_div';
2018-04-09 16:03:46 EXEC SPC_COM_GET_COMBOBOX 'unit_q_div';
2018-04-09 16:03:46 EXEC SPC_COM_GET_COMBOBOX 'sales_detail_div';
2018-04-09 16:03:46 EXEC SPC_COM_GET_COMBOBOX 'bank_div';
2018-04-09 16:03:50 EXEC SPC_055_SUPPLIERS_MASTER_SEARCH_FND1 '','','','','','','0','0','0','1','10';
2018-04-09 16:03:53 EXEC SPC_001_PI_DETAIL_INQ2 '444','1';
2018-04-09 16:04:00 EXEC SPC_055_SUPPLIERS_MASTER_SEARCH_FND1 '','','','','','','0','0','0','1','10';
2018-04-09 16:04:03 EXEC SPC_001_PI_DETAIL_INQ2 '1111','1';
2018-04-09 16:04:08 EXEC SPC_055_SUPPLIERS_MASTER_SEARCH_FND1 '','','','','','','0','0','0','1','10';
2018-04-09 16:04:11 EXEC SPC_001_PI_DETAIL_INQ2 '444','1';
2018-04-09 16:04:16 EXEC SPC_055_SUPPLIERS_MASTER_SEARCH_FND1 '','','','','','','0','0','0','1','10';
2018-04-09 16:04:17 EXEC SPC_001_PI_DETAIL_INQ2 '1111','1';
2018-04-09 16:04:24 EXEC SPC_055_SUPPLIERS_MASTER_SEARCH_FND1 '','','','','','','0','0','0','1','10';
2018-04-09 16:04:27 EXEC SPC_001_PI_DETAIL_INQ2 '444','1';
2018-04-09 16:04:32 EXEC SPC_055_SUPPLIERS_MASTER_SEARCH_FND1 '','','','','','','0','0','0','1','10';
2018-04-09 16:04:34 EXEC SPC_001_PI_DETAIL_INQ2 '2222','1';
2018-04-09 16:04:39 EXEC SPC_055_SUPPLIERS_MASTER_SEARCH_FND1 '','','','','','','0','0','0','1','10';
2018-04-09 16:04:41 EXEC SPC_001_PI_DETAIL_INQ2 '1111','1';
2018-04-09 16:05:32 EXEC SPC_055_SUPPLIERS_MASTER_SEARCH_FND1 '','','','','','','0','0','0','1','10';
2018-04-09 16:05:34 EXEC SPC_001_PI_DETAIL_INQ2 '1111','1';
2018-04-09 16:05:52 EXEC SPC_055_SUPPLIERS_MASTER_SEARCH_FND1 '','','','','','','0','0','0','1','10';
2018-04-09 16:05:55 EXEC SPC_001_PI_DETAIL_INQ2 '1111','1';
2018-04-09 16:05:58 EXEC SPC_055_SUPPLIERS_MASTER_SEARCH_FND1 '','','','','','','0','0','0','1','10';
2018-04-09 16:06:00 EXEC SPC_001_PI_DETAIL_INQ2 '2222','1';
2018-04-09 16:16:20 EXEC SPC_COM_GET_COMBOBOX 'port_city_div';
2018-04-09 16:16:20 EXEC SPC_COM_GET_COMBOBOX 'sales_detail_div';
2018-04-09 16:16:21 EXEC SPC_COM_GET_COMBOBOX 'unit_q_div';
2018-04-09 16:16:21 EXEC SPC_COM_GET_COMBOBOX 'port_country_div';
2018-04-09 16:16:21 EXEC SPC_COM_GET_COMBOBOX 'currency_div';
2018-04-09 16:16:21 EXEC SPC_COM_GET_COMBOBOX 'trade_terms_div';
2018-04-09 16:16:21 EXEC SPC_COM_GET_COMBOBOX 'payment_conditions_div';
2018-04-09 16:16:21 EXEC SPC_COM_GET_COMBOBOX 'shipment_div';
2018-04-09 16:16:21 EXEC SPC_GET_TAX_RATE '2018/04/09';
2018-04-09 16:16:21 EXEC SPC_COM_GET_COMBOBOX 'storage_manager_div';
2018-04-09 16:16:21 EXEC SPC_COM_GET_COMBOBOX 'unit_m_div';
2018-04-09 16:16:21 EXEC SPC_COM_GET_COMBOBOX 'unit_w_div';
2018-04-09 16:16:30 EXEC SPC_055_SUPPLIERS_MASTER_SEARCH_FND1 '','','','','','','0','0','0','1','10';
2018-04-09 16:16:33 EXEC SPC_001_PI_DETAIL_INQ2 '1111','1';
2018-04-09 16:19:04 EXEC SPC_COM_GET_COMBOBOX 'port_city_div';
2018-04-09 16:19:04 EXEC SPC_COM_GET_COMBOBOX 'currency_div';
2018-04-09 16:19:04 EXEC SPC_COM_GET_COMBOBOX 'port_country_div';
2018-04-09 16:19:04 EXEC SPC_COM_GET_COMBOBOX 'trade_terms_div';
2018-04-09 16:19:04 EXEC SPC_COM_GET_COMBOBOX 'payment_conditions_div';
2018-04-09 16:19:04 EXEC SPC_COM_GET_COMBOBOX 'shipment_div';
2018-04-09 16:19:05 EXEC SPC_COM_GET_COMBOBOX 'unit_w_div';
2018-04-09 16:19:05 EXEC SPC_COM_GET_COMBOBOX 'storage_manager_div';
2018-04-09 16:19:05 EXEC SPC_COM_GET_COMBOBOX 'unit_m_div';
2018-04-09 16:19:05 EXEC SPC_COM_GET_COMBOBOX 'sales_detail_div';
2018-04-09 16:19:05 EXEC SPC_COM_GET_COMBOBOX 'unit_q_div';
2018-04-09 16:19:05 EXEC SPC_GET_TAX_RATE '2018/04/09';
2018-04-09 16:19:18 EXEC SPC_055_SUPPLIERS_MASTER_SEARCH_FND1 '','','','','','','0','0','0','1','10';
2018-04-09 16:19:21 EXEC SPC_001_PI_DETAIL_INQ2 '1111','1';
2018-04-09 16:19:35 EXEC SPC_055_SUPPLIERS_MASTER_SEARCH_FND1 '','','','','','','0','0','0','1','10';
2018-04-09 16:19:38 EXEC SPC_001_PI_DETAIL_INQ2 '2222','1';
2018-04-09 16:20:25 EXEC SPC_055_SUPPLIERS_MASTER_SEARCH_FND1 '','','','','','','0','0','0','1','10';
2018-04-09 16:20:27 EXEC SPC_001_PI_DETAIL_INQ2 '1111','1';
2018-04-09 16:20:57 EXEC SPC_055_SUPPLIERS_MASTER_SEARCH_FND1 '','','','','','','0','0','0','1','10';
2018-04-09 16:20:59 EXEC SPC_001_PI_DETAIL_INQ2 '2222','1';
2018-04-09 16:21:42 EXEC SPC_055_SUPPLIERS_MASTER_SEARCH_FND1 '','','','','','','0','0','0','1','10';
2018-04-09 16:21:44 EXEC SPC_001_PI_DETAIL_INQ2 '1111','1';
2018-04-09 16:22:09 EXEC SPC_055_SUPPLIERS_MASTER_SEARCH_FND1 '','','','','','','0','0','0','1','10';
2018-04-09 16:22:12 EXEC SPC_001_PI_DETAIL_INQ2 '001','1';
2018-04-09 16:23:28 EXEC SPC_COM_GET_COMBOBOX 'payment_conditions_div';
2018-04-09 16:23:28 EXEC SPC_COM_GET_COMBOBOX 'port_city_div';
2018-04-09 16:23:28 EXEC SPC_COM_GET_COMBOBOX 'shipment_div';
2018-04-09 16:23:28 EXEC SPC_COM_GET_COMBOBOX 'currency_div';
2018-04-09 16:23:28 EXEC SPC_COM_GET_COMBOBOX 'port_country_div';
2018-04-09 16:23:29 EXEC SPC_COM_GET_COMBOBOX 'trade_terms_div';
2018-04-09 16:23:29 EXEC SPC_COM_GET_COMBOBOX 'storage_manager_div';
2018-04-09 16:23:29 EXEC SPC_COM_GET_COMBOBOX 'sales_detail_div';
2018-04-09 16:23:29 EXEC SPC_COM_GET_COMBOBOX 'unit_w_div';
2018-04-09 16:23:29 EXEC SPC_COM_GET_COMBOBOX 'unit_m_div';
2018-04-09 16:23:29 EXEC SPC_GET_TAX_RATE '2018/04/09';
2018-04-09 16:23:35 EXEC SPC_055_SUPPLIERS_MASTER_SEARCH_FND1 '','','','','','','0','0','0','1','10';
2018-04-09 16:23:37 EXEC SPC_001_PI_DETAIL_INQ2 '1111','1';
2018-04-09 16:25:04 EXEC SPC_COM_GET_COMBOBOX 'currency_div';
2018-04-09 16:25:04 EXEC SPC_COM_GET_COMBOBOX 'shipment_div';
2018-04-09 16:25:04 EXEC SPC_COM_GET_COMBOBOX 'port_city_div';
2018-04-09 16:25:04 EXEC SPC_COM_GET_COMBOBOX 'port_country_div';
2018-04-09 16:25:04 EXEC SPC_COM_GET_COMBOBOX 'trade_terms_div';
2018-04-09 16:25:04 EXEC SPC_COM_GET_COMBOBOX 'payment_conditions_div';
2018-04-09 16:25:04 EXEC SPC_COM_GET_COMBOBOX 'unit_w_div';
2018-04-09 16:25:04 EXEC SPC_COM_GET_COMBOBOX 'unit_m_div';
2018-04-09 16:25:04 EXEC SPC_COM_GET_COMBOBOX 'sales_detail_div';
2018-04-09 16:25:04 EXEC SPC_COM_GET_COMBOBOX 'unit_q_div';
2018-04-09 16:25:04 EXEC SPC_COM_GET_COMBOBOX 'storage_manager_div';
2018-04-09 16:25:04 EXEC SPC_GET_TAX_RATE '2018/04/09';
2018-04-09 16:25:32 EXEC SPC_055_SUPPLIERS_MASTER_SEARCH_FND1 '','','','','','','0','0','0','1','10';
2018-04-09 16:25:34 EXEC SPC_001_PI_DETAIL_INQ2 '1111','1';
2018-04-09 16:26:51 EXEC SPC_055_SUPPLIERS_MASTER_SEARCH_FND1 '','','','','','','0','0','0','1','10';
2018-04-09 16:26:53 EXEC SPC_001_PI_DETAIL_INQ2 '001','1';
2018-04-09 16:36:28 EXEC SPC_COM_GET_COMBOBOX 'inv_data_div';
2018-04-09 16:36:31 EXEC SPC_015_INVOICE_SEARCH_FND1 '','','','','','','','','1','10';
2018-04-09 16:36:38 EXEC SPC_COM_GET_COMBOBOX 'port_country_div';
2018-04-09 16:36:39 EXEC SPC_COM_GET_COMBOBOX 'sales_detail_div';
2018-04-09 16:36:40 EXEC SPC_COM_GET_COMBOBOX 'unit_q_div';
2018-04-09 16:36:40 EXEC SPC_COM_GET_COMBOBOX 'unit_w_div';
2018-04-09 16:36:40 EXEC SPC_COM_GET_COMBOBOX 'trade_terms_div';
2018-04-09 16:36:40 EXEC SPC_COM_GET_COMBOBOX 'port_city_div';
2018-04-09 16:36:40 EXEC SPC_COM_GET_COMBOBOX 'payment_conditions_div';
2018-04-09 16:36:40 EXEC SPC_COM_GET_COMBOBOX 'shipment_div';
2018-04-09 16:36:40 EXEC SPC_COM_GET_COMBOBOX 'currency_div';
2018-04-09 16:36:40 EXEC SPC_GET_TAX_RATE '2018/04/09';
2018-04-09 16:36:40 EXEC SPC_COM_GET_COMBOBOX 'unit_m_div';
2018-04-09 16:36:41 EXEC SPC_COM_GET_COMBOBOX 'storage_manager_div';
2018-04-09 16:39:33 EXEC SPC_COM_GET_COMBOBOX 'currency_div';
2018-04-09 16:39:33 EXEC SPC_COM_GET_COMBOBOX 'port_city_div';
2018-04-09 16:39:33 EXEC SPC_COM_GET_COMBOBOX 'payment_conditions_div';
2018-04-09 16:39:33 EXEC SPC_COM_GET_COMBOBOX 'trade_terms_div';
2018-04-09 16:39:33 EXEC SPC_COM_GET_COMBOBOX 'port_country_div';
2018-04-09 16:39:33 EXEC SPC_COM_GET_COMBOBOX 'unit_w_div';
2018-04-09 16:39:33 EXEC SPC_GET_TAX_RATE '2018/04/09';
2018-04-09 16:39:33 EXEC SPC_COM_GET_COMBOBOX 'unit_m_div';
2018-04-09 16:39:33 EXEC SPC_COM_GET_COMBOBOX 'storage_manager_div';
2018-04-09 16:39:33 EXEC SPC_COM_GET_COMBOBOX 'unit_q_div';
2018-04-09 16:39:33 EXEC SPC_COM_GET_COMBOBOX 'sales_detail_div';
2018-04-09 16:42:31 EXEC SPC_COM_GET_COMBOBOX 'trade_terms_div';
2018-04-09 16:42:31 EXEC SPC_COM_GET_COMBOBOX 'port_city_div';
2018-04-09 16:42:31 EXEC SPC_COM_GET_COMBOBOX 'port_country_div';
2018-04-09 16:42:31 EXEC SPC_COM_GET_COMBOBOX 'payment_conditions_div';
2018-04-09 16:42:31 EXEC SPC_COM_GET_COMBOBOX 'currency_div';
2018-04-09 16:42:31 EXEC SPC_COM_GET_COMBOBOX 'shipment_div';
2018-04-09 16:42:31 EXEC SPC_COM_GET_COMBOBOX 'unit_w_div';
2018-04-09 16:42:31 EXEC SPC_COM_GET_COMBOBOX 'unit_q_div';
2018-04-09 16:42:31 EXEC SPC_COM_GET_COMBOBOX 'sales_detail_div';
2018-04-09 16:42:31 EXEC SPC_COM_GET_COMBOBOX 'unit_m_div';
2018-04-09 16:42:31 EXEC SPC_GET_TAX_RATE '2018/04/09';
2018-04-09 16:42:32 EXEC SPC_COM_GET_COMBOBOX 'storage_manager_div';
2018-04-09 16:47:02 EXEC SPC_COM_GET_COMBOBOX 'port_country_div';
2018-04-09 16:47:02 EXEC SPC_COM_GET_COMBOBOX 'shipment_div';
2018-04-09 16:47:02 EXEC SPC_COM_GET_COMBOBOX 'currency_div';
2018-04-09 16:47:02 EXEC SPC_COM_GET_COMBOBOX 'port_city_div';
2018-04-09 16:47:02 EXEC SPC_COM_GET_COMBOBOX 'payment_conditions_div';
2018-04-09 16:47:02 EXEC SPC_COM_GET_COMBOBOX 'trade_terms_div';
2018-04-09 16:47:03 EXEC SPC_COM_GET_COMBOBOX 'unit_w_div';
2018-04-09 16:47:03 EXEC SPC_COM_GET_COMBOBOX 'unit_q_div';
2018-04-09 16:47:03 EXEC SPC_COM_GET_COMBOBOX 'sales_detail_div';
2018-04-09 16:47:03 EXEC SPC_GET_TAX_RATE '2018/04/09';
nager_div';
2018-04-09 16:47:03 EXEC SPC_COM_GET_COMBOBOX 'unit_m_div';
2018-04-09 16:47:10 EXEC SPC_COM_GET_COMBOBOX 'pi_status_div';
2018-04-09 16:47:13 EXEC SPC_002_PI_SEARCH_FND1 '','','','','','','','','1','10';
2018-04-09 16:50:10 EXEC SPC_COM_GET_COMBOBOX 'pi_status_div';
2018-04-09 16:53:18 EXEC SPC_COM_GET_COMBOBOX 'port_country_div';
2018-04-09 16:53:18 EXEC SPC_COM_GET_COMBOBOX 'unit_q_div';
2018-04-09 16:53:19 EXEC SPC_COM_GET_COMBOBOX 'unit_w_div';
2018-04-09 16:53:20 EXEC SPC_COM_GET_COMBOBOX 'unit_m_div';
2018-04-09 16:53:21 EXEC SPC_COM_GET_COMBOBOX 'shipment_div';
2018-04-09 16:53:21 EXEC SPC_COM_GET_COMBOBOX 'sales_detail_div';
2018-04-09 16:53:21 EXEC SPC_COM_GET_COMBOBOX 'currency_div';
2018-04-09 16:53:21 EXEC SPC_COM_GET_COMBOBOX 'payment_conditions_div';
2018-04-09 16:53:21 EXEC SPC_COM_GET_COMBOBOX 'port_city_div';
2018-04-09 16:53:21 EXEC SPC_COM_GET_COMBOBOX 'trade_terms_div';
2018-04-09 16:53:21 EXEC SPC_GET_TAX_RATE '2018/04/09';
2018-04-09 16:53:21 EXEC SPC_COM_GET_COMBOBOX 'bank_div';
2018-04-09 16:54:38 EXEC SPC_COM_GET_COMBOBOX 'payment_conditions_div';
2018-04-09 16:54:38 EXEC SPC_COM_GET_COMBOBOX 'port_country_div';
2018-04-09 16:54:38 EXEC SPC_COM_GET_COMBOBOX 'port_city_div';
2018-04-09 16:54:38 EXEC SPC_COM_GET_COMBOBOX 'trade_terms_div';
2018-04-09 16:54:38 EXEC SPC_COM_GET_COMBOBOX 'shipment_div';
2018-04-09 16:54:38 EXEC SPC_COM_GET_COMBOBOX 'currency_div';
2018-04-09 16:54:39 EXEC SPC_COM_GET_COMBOBOX 'unit_w_div';
2018-04-09 16:54:39 EXEC SPC_COM_GET_COMBOBOX 'sales_detail_div';
2018-04-09 16:54:39 EXEC SPC_COM_GET_COMBOBOX 'bank_div';
2018-04-09 16:54:39 EXEC SPC_COM_GET_COMBOBOX 'unit_q_div';
2018-04-09 16:54:39 EXEC SPC_COM_GET_COMBOBOX 'unit_m_div';
2018-04-09 16:54:39 EXEC SPC_GET_TAX_RATE '2018/04/09';
2018-04-09 16:54:53 EXEC SPC_COM_GET_COMBOBOX 'trade_terms_div';
2018-04-09 16:54:53 EXEC SPC_COM_GET_COMBOBOX 'currency_div';
2018-04-09 16:54:53 EXEC SPC_COM_GET_COMBOBOX 'payment_conditions_div';
2018-04-09 16:54:53 EXEC SPC_COM_GET_COMBOBOX 'shipment_div';
2018-04-09 16:54:53 EXEC SPC_COM_GET_COMBOBOX 'port_city_div';
2018-04-09 16:54:53 EXEC SPC_COM_GET_COMBOBOX 'port_country_div';
2018-04-09 16:54:53 EXEC SPC_COM_GET_COMBOBOX 'unit_w_div';
2018-04-09 16:54:53 EXEC SPC_COM_GET_COMBOBOX 'unit_q_div';
2018-04-09 16:54:53 EXEC SPC_COM_GET_COMBOBOX 'unit_m_div';
2018-04-09 16:54:53 EXEC SPC_COM_GET_COMBOBOX 'sales_detail_div';
2018-04-09 16:54:53 EXEC SPC_COM_GET_COMBOBOX 'bank_div';
2018-04-09 16:54:54 EXEC SPC_GET_TAX_RATE '2018/04/09';
2018-04-09 16:55:42 EXEC SPC_COM_GET_COMBOBOX 'port_country_div';
2018-04-09 16:55:42 EXEC SPC_COM_GET_COMBOBOX 'shipment_div';
2018-04-09 16:55:42 EXEC SPC_COM_GET_COMBOBOX 'payment_conditions_div';
2018-04-09 16:55:42 EXEC SPC_COM_GET_COMBOBOX 'trade_terms_div';
2018-04-09 16:55:42 EXEC SPC_COM_GET_COMBOBOX 'port_city_div';
2018-04-09 16:55:42 EXEC SPC_COM_GET_COMBOBOX 'currency_div';
2018-04-09 16:55:42 EXEC SPC_COM_GET_COMBOBOX 'unit_q_div';
2018-04-09 16:55:43 EXEC SPC_COM_GET_COMBOBOX 'unit_w_div';
2018-04-09 16:55:43 EXEC SPC_COM_GET_COMBOBOX 'unit_m_div';
2018-04-09 16:55:43 EXEC SPC_COM_GET_COMBOBOX 'sales_detail_div';
2018-04-09 16:55:43 EXEC SPC_COM_GET_COMBOBOX 'bank_div';
2018-04-09 16:55:43 EXEC SPC_GET_TAX_RATE '2018/04/09';
2018-04-09 16:56:23 EXEC SPC_COM_GET_COMBOBOX 'payment_conditions_div';
2018-04-09 16:56:23 EXEC SPC_COM_GET_COMBOBOX 'currency_div';
2018-04-09 16:56:23 EXEC SPC_COM_GET_COMBOBOX 'port_city_div';
2018-04-09 16:56:23 EXEC SPC_COM_GET_COMBOBOX 'trade_terms_div';
2018-04-09 16:56:23 EXEC SPC_COM_GET_COMBOBOX 'shipment_div';
2018-04-09 16:56:23 EXEC SPC_COM_GET_COMBOBOX 'port_country_div';
2018-04-09 16:56:24 EXEC SPC_COM_GET_COMBOBOX 'unit_q_div';
2018-04-09 16:56:24 EXEC SPC_COM_GET_COMBOBOX 'unit_m_div';
2018-04-09 16:56:24 EXEC SPC_COM_GET_COMBOBOX 'unit_w_div';
2018-04-09 16:56:24 EXEC SPC_COM_GET_COMBOBOX 'bank_div';
2018-04-09 16:56:24 EXEC SPC_COM_GET_COMBOBOX 'sales_detail_div';
2018-04-09 16:56:24 EXEC SPC_GET_TAX_RATE '2018/04/09';
2018-04-09 16:59:11 EXEC SPC_CITY_SEARCH '','','1','10';
2018-04-09 16:59:12 EXEC SPC_GET_LIB_CITY_COUNTRY '001';
2018-04-09 16:59:20 EXEC SPC_COUNTRY_SEARCH '','','1','10';
2018-04-09 16:59:21 EXEC SPC_GET_LIB_COUNTRY 'BB';
2018-04-09 16:59:25 EXEC SPC_CITY_SEARCH '','','1','10';
2018-04-09 16:59:27 EXEC SPC_GET_LIB_CITY_COUNTRY '003';
2018-04-09 16:59:37 EXEC SPC_CITY_SEARCH '','','1','10';
2018-04-09 17:00:37 EXEC SPC_COM_GET_COMBOBOX 'port_country_div';
2018-04-09 17:00:38 EXEC SPC_COM_GET_COMBOBOX 'shipment_div';
2018-04-09 17:00:38 EXEC SPC_COM_GET_COMBOBOX 'trade_terms_div';
2018-04-09 17:00:38 EXEC SPC_COM_GET_COMBOBOX 'port_city_div';
2018-04-09 17:00:38 EXEC SPC_COM_GET_COMBOBOX 'payment_conditions_div';
2018-04-09 17:00:38 EXEC SPC_COM_GET_COMBOBOX 'currency_div';
2018-04-09 17:00:38 EXEC SPC_COM_GET_COMBOBOX 'sales_detail_div';
2018-04-09 17:00:38 EXEC SPC_COM_GET_COMBOBOX 'unit_q_div';
2018-04-09 17:00:38 EXEC SPC_COM_GET_COMBOBOX 'unit_m_div';
2018-04-09 17:00:38 EXEC SPC_COM_GET_COMBOBOX 'storage_manager_div';
2018-04-09 17:00:38 EXEC SPC_COM_GET_COMBOBOX 'unit_w_div';
2018-04-09 17:00:38 EXEC SPC_GET_TAX_RATE '2018/04/09';
2018-04-09 17:00:45 EXEC SPC_CITY_SEARCH '','','1','10';
2018-04-09 17:00:46 EXEC SPC_GET_LIB_CITY_COUNTRY '006';
2018-04-09 17:00:52 EXEC SPC_CITY_SEARCH '','','1','10';
2018-04-09 17:00:53 EXEC SPC_GET_LIB_CITY_COUNTRY '009';
2018-04-09 17:00:57 EXEC SPC_COUNTRY_SEARCH '','','1','10';
2018-04-09 17:01:18 EXEC SPC_COUNTRY_SEARCH '','','1','10';
2018-04-09 17:01:19 EXEC SPC_GET_LIB_COUNTRY 'AR';
2018-04-09 17:02:14 EXEC SPC_COM_GET_COMBOBOX 'port_country_div';
2018-04-09 17:02:15 EXEC SPC_COM_GET_COMBOBOX 'shipment_div';
2018-04-09 17:02:15 EXEC SPC_COM_GET_COMBOBOX 'port_city_div';
2018-04-09 17:02:15 EXEC SPC_COM_GET_COMBOBOX 'trade_terms_div';
2018-04-09 17:02:15 EXEC SPC_COM_GET_COMBOBOX 'currency_div';
2018-04-09 17:02:15 EXEC SPC_COM_GET_COMBOBOX 'payment_conditions_div';
2018-04-09 17:02:15 EXEC SPC_COM_GET_COMBOBOX 'sales_detail_div';
2018-04-09 17:02:15 EXEC SPC_COM_GET_COMBOBOX 'unit_m_div';
2018-04-09 17:02:15 EXEC SPC_COM_GET_COMBOBOX 'unit_q_div';
2018-04-09 17:02:15 EXEC SPC_COM_GET_COMBOBOX 'unit_w_div';
2018-04-09 17:02:15 EXEC SPC_COM_GET_COMBOBOX 'storage_manager_div';
2018-04-09 17:02:16 EXEC SPC_GET_TAX_RATE '2018/04/09';
2018-04-09 17:02:22 EXEC SPC_COUNTRY_SEARCH '','','1','10';
2018-04-09 17:02:23 EXEC SPC_GET_LIB_COUNTRY 'AT';
2018-04-09 17:02:26 EXEC SPC_CITY_SEARCH '','','1','10';
2018-04-09 17:02:28 EXEC SPC_GET_LIB_CITY_COUNTRY '003';
2018-04-09 17:02:31 EXEC SPC_COUNTRY_SEARCH '','','1','10';
2018-04-09 17:02:33 EXEC SPC_GET_LIB_COUNTRY 'BG';
2018-04-09 17:47:39 EXEC SPC_COM_GET_COMBOBOX 'port_city_div';
2018-04-09 17:47:40 EXEC SPC_COM_GET_COMBOBOX 'sales_detail_div';
2018-04-09 17:47:40 EXEC SPC_COM_GET_COMBOBOX 'payment_conditions_div';
2018-04-09 17:47:40 EXEC SPC_COM_GET_COMBOBOX 'port_country_div';
2018-04-09 17:47:40 EXEC SPC_COM_GET_COMBOBOX 'currency_div';
2018-04-09 17:47:40 EXEC SPC_COM_GET_COMBOBOX 'shipment_div';
2018-04-09 17:47:40 EXEC SPC_COM_GET_COMBOBOX 'trade_terms_div';
2018-04-09 17:47:40 EXEC SPC_COM_GET_COMBOBOX 'unit_q_div';
2018-04-09 17:47:40 EXEC SPC_COM_GET_COMBOBOX 'unit_w_div';
2018-04-09 17:47:40 EXEC SPC_COM_GET_COMBOBOX 'unit_m_div';
2018-04-09 17:47:40 EXEC SPC_COM_GET_COMBOBOX 'storage_manager_div';
2018-04-09 17:47:40 EXEC SPC_GET_TAX_RATE '2018/04/09';
2018-04-09 17:47:52 EXEC SPC_COUNTRY_SEARCH '','','1','10';
2018-04-09 17:47:54 EXEC SPC_GET_LIB_COUNTRY 'AE';
2018-04-09 17:47:58 EXEC SPC_CITY_SEARCH '','','1','10';
2018-04-09 17:47:59 EXEC SPC_GET_LIB_CITY_COUNTRY '004';
2018-04-09 17:48:02 EXEC SPC_COUNTRY_SEARCH '','','1','10';
2018-04-09 17:48:04 EXEC SPC_GET_LIB_COUNTRY 'BD';
2018-04-09 17:49:33 EXEC SPC_COM_GET_COMBOBOX 'port_country_div';
2018-04-09 17:49:33 EXEC SPC_COM_GET_COMBOBOX 'trade_terms_div';
2018-04-09 17:49:33 EXEC SPC_COM_GET_COMBOBOX 'currency_div';
2018-04-09 17:49:33 EXEC SPC_COM_GET_COMBOBOX 'port_city_div';
2018-04-09 17:49:34 EXEC SPC_COM_GET_COMBOBOX 'payment_conditions_div';
2018-04-09 17:49:34 EXEC SPC_COM_GET_COMBOBOX 'unit_w_div';
2018-04-09 17:49:34 EXEC SPC_COM_GET_COMBOBOX 'storage_manager_div';
2018-04-09 17:49:34 EXEC SPC_COM_GET_COMBOBOX 'sales_detail_div';
2018-04-09 17:49:34 EXEC SPC_COM_GET_COMBOBOX 'unit_m_div';
2018-04-09 17:49:34 EXEC SPC_COM_GET_COMBOBOX 'unit_q_div';
2018-04-09 17:49:34 EXEC SPC_GET_TAX_RATE '2018/04/09';
2018-04-09 17:49:48 EXEC SPC_CITY_SEARCH '','','1','10';
2018-04-09 17:49:50 EXEC SPC_GET_LIB_CITY_COUNTRY '006';
2018-04-09 17:49:54 EXEC SPC_COUNTRY_SEARCH '','','1','10';
2018-04-09 17:49:55 EXEC SPC_GET_LIB_COUNTRY 'AE';
2018-04-09 17:52:27 EXEC SPC_COM_GET_COMBOBOX 'payment_conditions_div';
2018-04-09 17:52:27 EXEC SPC_COM_GET_COMBOBOX 'port_country_div';
2018-04-09 17:52:27 EXEC SPC_COM_GET_COMBOBOX 'shipment_div';
2018-04-09 17:52:27 EXEC SPC_COM_GET_COMBOBOX 'currency_div';
2018-04-09 17:52:27 EXEC SPC_COM_GET_COMBOBOX 'trade_terms_div';
2018-04-09 17:52:27 EXEC SPC_COM_GET_COMBOBOX 'port_city_div';
2018-04-09 17:52:27 EXEC SPC_COM_GET_COMBOBOX 'unit_m_div';
2018-04-09 17:52:27 EXEC SPC_COM_GET_COMBOBOX 'storage_manager_div';
2018-04-09 17:52:27 EXEC SPC_COM_GET_COMBOBOX 'unit_q_div';
2018-04-09 17:52:28 EXEC SPC_COM_GET_COMBOBOX 'unit_w_div';
2018-04-09 17:52:28 EXEC SPC_COM_GET_COMBOBOX 'sales_detail_div';
2018-04-09 17:56:48 EXEC SPC_COM_GET_COMBOBOX 'port_city_div';
2018-04-09 17:56:48 EXEC SPC_COM_GET_COMBOBOX 'shipment_div';
2018-04-09 17:56:48 EXEC SPC_COM_GET_COMBOBOX 'port_country_div';
2018-04-09 17:56:48 EXEC SPC_COM_GET_COMBOBOX 'currency_div';
2018-04-09 17:56:48 EXEC SPC_COM_GET_COMBOBOX 'trade_terms_div';
2018-04-09 17:56:48 EXEC SPC_COM_GET_COMBOBOX 'payment_conditions_div';
2018-04-09 17:56:49 EXEC SPC_COM_GET_COMBOBOX 'storage_manager_div';
2018-04-09 17:56:49 EXEC SPC_COM_GET_COMBOBOX 'unit_w_div';
2018-04-09 17:56:49 EXEC SPC_COM_GET_COMBOBOX 'sales_detail_div';
2018-04-09 17:56:49 EXEC SPC_COM_GET_COMBOBOX 'unit_q_div';
2018-04-09 17:56:49 EXEC SPC_GET_TAX_RATE '2018/04/09';
2018-04-09 17:56:49 EXEC SPC_COM_GET_COMBOBOX 'unit_m_div';
2018-04-09 18:01:30 EXEC SPC_COM_GET_COMBOBOX 'payment_conditions_div';
2018-04-09 18:01:30 EXEC SPC_COM_GET_COMBOBOX 'port_city_div';
2018-04-09 18:01:30 EXEC SPC_COM_GET_COMBOBOX 'currency_div';
2018-04-09 18:01:30 EXEC SPC_COM_GET_COMBOBOX 'port_country_div';
2018-04-09 18:01:30 EXEC SPC_COM_GET_COMBOBOX 'shipment_div';
2018-04-09 18:01:30 EXEC SPC_COM_GET_COMBOBOX 'trade_terms_div';
2018-04-09 18:01:31 EXEC SPC_COM_GET_COMBOBOX 'sales_detail_div';
2018-04-09 18:01:31 EXEC SPC_COM_GET_COMBOBOX 'storage_manager_div';
2018-04-09 18:01:31 EXEC SPC_COM_GET_COMBOBOX 'unit_w_div';
2018-04-09 18:01:31 EXEC SPC_COM_GET_COMBOBOX 'unit_q_div';
2018-04-09 18:01:31 EXEC SPC_COM_GET_COMBOBOX 'unit_m_div';
2018-04-09 18:01:31 EXEC SPC_GET_TAX_RATE '2018/04/09';
2018-04-09 18:03:31 EXEC SPC_COM_GET_COMBOBOX 'currency_div';
2018-04-09 18:03:31 EXEC SPC_COM_GET_COMBOBOX 'shipment_div';
ns_div';
2018-04-09 18:03:31 EXEC SPC_COM_GET_COMBOBOX 'trade_terms_div';
2018-04-09 18:03:31 EXEC SPC_COM_GET_COMBOBOX 'port_country_div';
2018-04-09 18:03:31 EXEC SPC_COM_GET_COMBOBOX 'port_city_div';
2018-04-09 18:03:32 EXEC SPC_COM_GET_COMBOBOX 'sales_detail_div';
2018-04-09 18:03:32 EXEC SPC_COM_GET_COMBOBOX 'unit_q_div';
2018-04-09 18:03:32 EXEC SPC_COM_GET_COMBOBOX 'unit_w_div';
2018-04-09 18:03:32 EXEC SPC_COM_GET_COMBOBOX 'unit_m_div';
2018-04-09 18:03:32 EXEC SPC_GET_TAX_RATE '2018/04/09';
2018-04-09 18:03:32 EXEC SPC_COM_GET_COMBOBOX 'storage_manager_div';
2018-04-09 18:23:42 EXEC SPC_COM_GET_COMBOBOX 'possible_div';
2018-04-09 18:23:45 EXEC SPC_057_LIBRARY_MASTER_SEARCH_FND1 'storage_manager_div','','','','','1','10';
2018-04-09 18:25:27 EXEC SPC_COM_GET_COMBOBOX 'port_city_div';
2018-04-09 18:25:28 EXEC SPC_COM_GET_COMBOBOX 'sales_detail_div';
2018-04-09 18:25:29 EXEC SPC_COM_GET_COMBOBOX 'unit_q_div';
2018-04-09 18:25:29 EXEC SPC_COM_GET_COMBOBOX 'payment_conditions_div';
2018-04-09 18:25:29 EXEC SPC_COM_GET_COMBOBOX 'shipment_div';
2018-04-09 18:25:29 EXEC SPC_COM_GET_COMBOBOX 'unit_w_div';
2018-04-09 18:25:29 EXEC SPC_COM_GET_COMBOBOX 'port_country_div';
2018-04-09 18:25:29 EXEC SPC_COM_GET_COMBOBOX 'trade_terms_div';
2018-04-09 18:25:29 EXEC SPC_COM_GET_COMBOBOX 'currency_div';
2018-04-09 18:25:30 EXEC SPC_COM_GET_COMBOBOX 'unit_m_div';
2018-04-09 18:25:30 EXEC SPC_COM_GET_COMBOBOX 'storage_manager_div';
2018-04-09 18:25:30 EXEC SPC_GET_TAX_RATE '2018/04/09';
2018-04-09 18:29:08 EXEC SPC_COM_GET_COMBOBOX 'inv_data_div';
2018-04-09 18:29:13 EXEC SPC_COM_GET_COMBOBOX 'currency_div';
2018-04-09 18:29:13 EXEC SPC_COM_GET_COMBOBOX 'payment_conditions_div';
2018-04-09 18:29:13 EXEC SPC_COM_GET_COMBOBOX 'port_city_div';
2018-04-09 18:29:13 EXEC SPC_COM_GET_COMBOBOX 'trade_terms_div';
2018-04-09 18:29:13 EXEC SPC_COM_GET_COMBOBOX 'shipment_div';
2018-04-09 18:29:13 EXEC SPC_COM_GET_COMBOBOX 'port_country_div';
2018-04-09 18:29:14 EXEC SPC_COM_GET_COMBOBOX 'sales_detail_div';
2018-04-09 18:29:14 EXEC SPC_COM_GET_COMBOBOX 'unit_m_div';
2018-04-09 18:29:14 EXEC SPC_COM_GET_COMBOBOX 'unit_w_div';
2018-04-09 18:29:14 EXEC SPC_COM_GET_COMBOBOX 'unit_q_div';
2018-04-09 18:29:14 EXEC SPC_GET_TAX_RATE '2018/04/09';
2018-04-09 18:29:14 EXEC SPC_COM_GET_COMBOBOX 'storage_manager_div';
2018-04-09 18:29:28 EXEC SPC_077_USER_MASTER_SEARCH_FND1 '','','','1','10';
2018-04-09 18:34:32 EXEC SPC_COM_GET_COMBOBOX 'port_city_div';
2018-04-09 18:34:32 EXEC SPC_COM_GET_COMBOBOX 'shipment_div';
2018-04-09 18:34:32 EXEC SPC_COM_GET_COMBOBOX 'port_country_div';
2018-04-09 18:34:32 EXEC SPC_COM_GET_COMBOBOX 'currency_div';
2018-04-09 18:34:33 EXEC SPC_COM_GET_COMBOBOX 'payment_conditions_div';
2018-04-09 18:34:33 EXEC SPC_COM_GET_COMBOBOX 'trade_terms_div';
2018-04-09 18:34:33 EXEC SPC_COM_GET_COMBOBOX 'unit_q_div';
2018-04-09 18:34:33 EXEC SPC_COM_GET_COMBOBOX 'unit_w_div';
2018-04-09 18:34:33 EXEC SPC_COM_GET_COMBOBOX 'unit_m_div';
2018-04-09 18:34:33 EXEC SPC_COM_GET_COMBOBOX 'sales_detail_div';
2018-04-09 18:34:33 EXEC SPC_COM_GET_COMBOBOX 'storage_manager_div';
2018-04-09 18:34:33 EXEC SPC_GET_TAX_RATE '2018/04/09';
2018-04-09 18:34:40 EXEC SPC_077_USER_MASTER_SEARCH_FND1 '','','','1','10';
2018-04-09 18:34:43 EXEC SPC_GET_USER '0042';
2018-04-09 18:35:16 EXEC SPC_COM_GET_COMBOBOX 'currency_div';
2018-04-09 18:35:16 EXEC SPC_COM_GET_COMBOBOX 'port_city_div';
2018-04-09 18:35:16 EXEC SPC_COM_GET_COMBOBOX 'port_country_div';
2018-04-09 18:35:16 EXEC SPC_COM_GET_COMBOBOX 'payment_conditions_div';
2018-04-09 18:35:16 EXEC SPC_COM_GET_COMBOBOX 'trade_terms_div';
2018-04-09 18:35:16 EXEC SPC_COM_GET_COMBOBOX 'shipment_div';
2018-04-09 18:35:16 EXEC SPC_COM_GET_COMBOBOX 'unit_q_div';
2018-04-09 18:35:16 EXEC SPC_COM_GET_COMBOBOX 'sales_detail_div';
2018-04-09 18:35:16 EXEC SPC_COM_GET_COMBOBOX 'unit_w_div';
2018-04-09 18:35:16 EXEC SPC_GET_TAX_RATE '2018/04/09';
2018-04-09 18:35:16 EXEC SPC_COM_GET_COMBOBOX 'unit_m_div';
2018-04-09 18:35:17 EXEC SPC_COM_GET_COMBOBOX 'storage_manager_div';
2018-04-09 18:45:43 EXEC SPC_COM_GET_COMBOBOX 'port_city_div';
2018-04-09 18:45:44 EXEC SPC_COM_GET_COMBOBOX 'sales_detail_div';
2018-04-09 18:45:44 EXEC SPC_COM_GET_COMBOBOX 'currency_div';
2018-04-09 18:45:44 EXEC SPC_COM_GET_COMBOBOX 'trade_terms_div';
2018-04-09 18:45:44 EXEC SPC_COM_GET_COMBOBOX 'payment_conditions_div';
2018-04-09 18:45:44 EXEC SPC_COM_GET_COMBOBOX 'shipment_div';
2018-04-09 18:45:44 EXEC SPC_COM_GET_COMBOBOX 'unit_q_div';
2018-04-09 18:45:44 EXEC SPC_COM_GET_COMBOBOX 'port_country_div';
2018-04-09 18:45:45 EXEC SPC_COM_GET_COMBOBOX 'unit_m_div';
2018-04-09 18:45:45 EXEC SPC_GET_TAX_RATE '2018/04/09';
2018-04-09 18:45:45 EXEC SPC_COM_GET_COMBOBOX 'storage_manager_div';
2018-04-09 18:45:45 EXEC SPC_COM_GET_COMBOBOX 'unit_w_div';
2018-04-09 18:47:29 EXEC SPC_COM_GET_COMBOBOX 'port_country_div';
2018-04-09 18:47:29 EXEC SPC_COM_GET_COMBOBOX 'shipment_div';
2018-04-09 18:47:29 EXEC SPC_COM_GET_COMBOBOX 'currency_div';
2018-04-09 18:47:29 EXEC SPC_COM_GET_COMBOBOX 'port_city_div';
2018-04-09 18:47:29 EXEC SPC_COM_GET_COMBOBOX 'trade_terms_div';
2018-04-09 18:47:29 EXEC SPC_COM_GET_COMBOBOX 'payment_conditions_div';
2018-04-09 18:47:30 EXEC SPC_COM_GET_COMBOBOX 'unit_w_div';
2018-04-09 18:47:30 EXEC SPC_COM_GET_COMBOBOX 'sales_detail_div';
2018-04-09 18:47:30 EXEC SPC_COM_GET_COMBOBOX 'unit_m_div';
2018-04-09 18:47:30 EXEC SPC_COM_GET_COMBOBOX 'storage_manager_div';
2018-04-09 18:47:30 EXEC SPC_GET_TAX_RATE '2018/04/09';
2018-04-09 18:47:30 EXEC SPC_COM_GET_COMBOBOX 'unit_q_div';
2018-04-09 19:01:56 EXEC SPC_COM_GET_COMBOBOX 'port_city_div';
2018-04-09 19:01:56 EXEC SPC_COM_GET_COMBOBOX 'port_country_div';
2018-04-09 19:01:57 EXEC SPC_COM_GET_COMBOBOX 'unit_q_div';
2018-04-09 19:01:57 EXEC SPC_COM_GET_COMBOBOX 'unit_w_div';
2018-04-09 19:01:57 EXEC SPC_COM_GET_COMBOBOX 'shipment_div';
2018-04-09 19:01:57 EXEC SPC_COM_GET_COMBOBOX 'sales_detail_div';
2018-04-09 19:01:57 EXEC SPC_COM_GET_COMBOBOX 'trade_terms_div';
2018-04-09 19:01:57 EXEC SPC_COM_GET_COMBOBOX 'currency_div';
2018-04-09 19:01:57 EXEC SPC_COM_GET_COMBOBOX 'unit_m_div';
2018-04-09 19:01:57 EXEC SPC_GET_TAX_RATE '2018/04/09';
2018-04-09 19:50:56 EXEC SPC_COM_GET_COMBOBOX 'port_city_div';
2018-04-09 19:50:56 EXEC SPC_COM_GET_COMBOBOX 'unit_q_div';
v';

2018-04-09 19:50:56 EXEC SPC_COM_GET_COMBOBOX 'shipment_div';
2018-04-09 19:50:57 EXEC SPC_COM_GET_COMBOBOX 'payment_conditions_div';
2018-04-09 19:50:57 EXEC SPC_GET_TAX_RATE '2018/04/09';
2018-04-09 19:50:58 EXEC SPC_COM_GET_COMBOBOX 'unit_m_div';
2018-04-09 19:50:58 EXEC SPC_COM_GET_COMBOBOX 'storage_manager_div';
2018-04-09 19:50:58 EXEC SPC_COM_GET_COMBOBOX 'unit_w_div';
2018-04-09 19:50:58 EXEC SPC_COM_GET_COMBOBOX 'sales_detail_div';
2018-04-09 20:16:24 EXEC SPC_COM_GET_COMBOBOX 'trade_terms_div';

2018-04-09 20:16:24 EXEC SPC_COM_GET_COMBOBOX 'payment_conditions_div';
2018-04-09 20:16:24 EXEC SPC_COM_GET_COMBOBOX 'port_city_div';
2018-04-09 20:16:24 EXEC SPC_COM_GET_COMBOBOX 'currency_div';
2018-04-09 20:16:25 EXEC SPC_COM_GET_COMBOBOX 'unit_m_div';
2018-04-09 20:16:25 EXEC SPC_COM_GET_COMBOBOX 'port_country_div';
2018-04-09 20:16:25 EXEC SPC_COM_GET_COMBOBOX 'storage_manager_div';
2018-04-09 20:16:25 EXEC SPC_COM_GET_COMBOBOX 'unit_w_div';
2018-04-09 20:16:26 EXEC SPC_COM_GET_COMBOBOX 'shipment_div';
2018-04-09 20:16:26 EXEC SPC_GET_TAX_RATE '2018/04/09';
2018-04-09 20:16:29 EXEC SPC_COM_GET_COMBOBOX 'currency_div';
2018-04-09 20:16:29 EXEC SPC_COM_GET_COMBOBOX 'trade_terms_div';
2018-04-09 20:16:29 EXEC SPC_COM_GET_COMBOBOX 'shipment_div';
2018-04-09 20:16:29 EXEC SPC_COM_GET_COMBOBOX 'port_city_div';
2018-04-09 20:16:29 EXEC SPC_COM_GET_COMBOBOX 'payment_conditions_div';
2018-04-09 20:16:29 EXEC SPC_COM_GET_COMBOBOX 'port_country_div';
2018-04-09 20:16:29 EXEC SPC_COM_GET_COMBOBOX 'sales_detail_div';
2018-04-09 20:16:29 EXEC SPC_COM_GET_COMBOBOX 'unit_w_div';
2018-04-09 20:16:29 EXEC SPC_COM_GET_COMBOBOX 'unit_q_div';
2018-04-09 20:16:30 EXEC SPC_COM_GET_COMBOBOX 'unit_m_div';
2018-04-09 20:16:30 EXEC SPC_COM_GET_COMBOBOX 'storage_manager_div';
2018-04-09 20:16:30 EXEC SPC_GET_TAX_RATE '2018/04/09';
2018-04-09 20:16:35 EXEC SPC_COM_GET_COMBOBOX 'fwd_status_div';
2018-04-09 20:16:37 EXEC SPC_011_SHIPMENT_SEARCH_FND1 '','','','','','','1','10';
2018-04-09 20:16:51 EXEC SPC_073_LOGIN_ACT1 '001','123456';
2018-04-09 20:16:51 EXEC SPC_GET_CONSTANT '';
2018-04-09 20:17:28 EXEC SPC_COM_GET_COMBOBOX 'inv_data_div';
2018-04-09 20:17:32 EXEC SPC_COM_GET_COMBOBOX 'port_country_div';
2018-04-09 20:17:32 EXEC SPC_COM_GET_COMBOBOX 'shipment_div';
2018-04-09 20:17:32 EXEC SPC_COM_GET_COMBOBOX 'payment_conditions_div';
2018-04-09 20:17:32 EXEC SPC_COM_GET_COMBOBOX 'currency_div';
2018-04-09 20:17:33 EXEC SPC_COM_GET_COMBOBOX 'trade_terms_div';
2018-04-09 20:17:33 EXEC SPC_COM_GET_COMBOBOX 'sales_detail_div';
2018-04-09 20:17:33 EXEC SPC_COM_GET_COMBOBOX 'unit_w_div';
2018-04-09 20:17:33 EXEC SPC_COM_GET_COMBOBOX 'unit_m_div';
2018-04-09 20:17:33 EXEC SPC_COM_GET_COMBOBOX 'unit_q_div';
2018-04-09 20:17:33 EXEC SPC_GET_TAX_RATE '2018/04/09';
2018-04-09 20:17:33 EXEC SPC_COM_GET_COMBOBOX 'storage_manager_div';
2018-04-09 20:17:52 EXEC SPC_COM_GET_COMBOBOX 'fwd_status_div';
2018-04-09 20:17:53 EXEC SPC_011_SHIPMENT_SEARCH_FND1 '','','','','','','1','10';
2018-04-09 20:18:32 EXEC SPC_COM_GET_COMBOBOX 'port_city_div';
2018-04-09 20:18:32 EXEC SPC_COM_GET_COMBOBOX 'port_country_div';
2018-04-09 20:18:32 EXEC SPC_COM_GET_COMBOBOX 'shipment_div';
2018-04-09 20:18:33 EXEC SPC_COM_GET_COMBOBOX 'trade_terms_div';
2018-04-09 20:18:33 EXEC SPC_COM_GET_COMBOBOX 'currency_div';
2018-04-09 20:18:33 EXEC SPC_COM_GET_COMBOBOX 'payment_conditions_div';
2018-04-09 20:18:33 EXEC SPC_COM_GET_COMBOBOX 'unit_w_div';
2018-04-09 20:18:33 EXEC SPC_COM_GET_COMBOBOX 'sales_detail_div';
2018-04-09 20:18:33 EXEC SPC_COM_GET_COMBOBOX 'unit_m_div';
2018-04-09 20:18:33 EXEC SPC_COM_GET_COMBOBOX 'unit_q_div';
2018-04-09 20:18:33 EXEC SPC_COM_GET_COMBOBOX 'storage_manager_div';
2018-04-09 20:18:33 EXEC SPC_GET_TAX_RATE '2018/04/09';
2018-04-09 20:18:38 EXEC SPC_COM_GET_COMBOBOX 'fwd_status_div';
2018-04-09 20:18:39 EXEC SPC_011_SHIPMENT_SEARCH_FND1 '','','','','','','1','10';
2018-04-09 20:19:31 EXEC SPC_COM_GET_COMBOBOX 'fwd_status_div';
2018-04-09 20:19:32 EXEC SPC_011_SHIPMENT_SEARCH_FND1 '','','','','','','1','10';
2018-04-09 20:19:45 EXEC SPC_COM_GET_COMBOBOX 'port_city_div';
2018-04-09 20:19:46 EXEC SPC_COM_GET_COMBOBOX 'shipment_div';
2018-04-09 20:19:46 EXEC SPC_COM_GET_COMBOBOX 'port_country_div';
2018-04-09 20:19:46 EXEC SPC_COM_GET_COMBOBOX 'payment_conditions_div';
2018-04-09 20:19:46 EXEC SPC_COM_GET_COMBOBOX 'currency_div';
2018-04-09 20:19:46 EXEC SPC_COM_GET_COMBOBOX 'trade_terms_div';
2018-04-09 20:19:46 EXEC SPC_COM_GET_COMBOBOX 'unit_w_div';
2018-04-09 20:19:46 EXEC SPC_COM_GET_COMBOBOX 'sales_detail_div';
2018-04-09 20:19:46 EXEC SPC_COM_GET_COMBOBOX 'storage_manager_div';
2018-04-09 20:19:46 EXEC SPC_GET_TAX_RATE '2018/04/09';
';
2018-04-09 20:19:46 EXEC SPC_COM_GET_COMBOBOX 'unit_m_div';
2018-04-09 20:19:56 EXEC SPC_COM_GET_COMBOBOX 'fwd_status_div';
2018-04-09 20:19:57 EXEC SPC_011_SHIPMENT_SEARCH_FND1 '','','','','','','1','10';
2018-04-09 20:20:20 EXEC SPC_COM_GET_COMBOBOX 'port_country_div';
2018-04-09 20:20:20 EXEC SPC_COM_GET_COMBOBOX 'trade_terms_div';
2018-04-09 20:20:20 EXEC SPC_COM_GET_COMBOBOX 'currency_div';
2018-04-09 20:20:21 EXEC SPC_COM_GET_COMBOBOX 'payment_conditions_div';
2018-04-09 20:20:21 EXEC SPC_COM_GET_COMBOBOX 'port_city_div';
2018-04-09 20:20:21 EXEC SPC_COM_GET_COMBOBOX 'shipment_div';
2018-04-09 20:20:21 EXEC SPC_COM_GET_COMBOBOX 'unit_q_div';
2018-04-09 20:20:21 EXEC SPC_COM_GET_COMBOBOX 'unit_w_div';
2018-04-09 20:20:21 EXEC SPC_COM_GET_COMBOBOX 'sales_detail_div';
2018-04-09 20:20:21 EXEC SPC_COM_GET_COMBOBOX 'unit_m_div';
2018-04-09 20:20:21 EXEC SPC_COM_GET_COMBOBOX 'storage_manager_div';
2018-04-09 20:20:21 EXEC SPC_GET_TAX_RATE '2018/04/09';
2018-04-09 20:20:25 EXEC SPC_COM_GET_COMBOBOX 'fwd_status_div';
2018-04-09 20:20:26 EXEC SPC_011_SHIPMENT_SEARCH_FND1 '','','','','','','1','10';
2018-04-09 20:20:40 EXEC SPC_COM_GET_COMBOBOX 'fwd_status_div';
2018-04-09 20:20:42 EXEC SPC_011_SHIPMENT_SEARCH_FND1 '','','','','','','1','10';
2018-04-09 20:20:44 EXEC SPC_014_INVOICE_DETAIL_INQ2 'S-18030003';
2018-04-09 20:20:56 EXEC SPC_COM_GET_COMBOBOX 'fwd_status_div';
2018-04-09 20:20:58 EXEC SPC_011_SHIPMENT_SEARCH_FND1 '','','','','','','1','10';
2018-04-09 20:21:00 EXEC SPC_014_INVOICE_DETAIL_INQ2 'S-18030005';
2018-04-09 20:21:45 EXEC SPC_COM_GET_COMBOBOX 'port_city_div';
2018-04-09 20:21:46 EXEC SPC_COM_GET_COMBOBOX 'payment_conditions_div';
2018-04-09 20:21:46 EXEC SPC_COM_GET_COMBOBOX 'shipment_div';
2018-04-09 20:21:46 EXEC SPC_COM_GET_COMBOBOX 'currency_div';
2018-04-09 20:21:46 EXEC SPC_COM_GET_COMBOBOX 'trade_terms_div';
2018-04-09 20:21:46 EXEC SPC_COM_GET_COMBOBOX 'port_country_div';
2018-04-09 20:21:46 EXEC SPC_COM_GET_COMBOBOX 'sales_detail_div';
2018-04-09 20:21:46 EXEC SPC_COM_GET_COMBOBOX 'unit_q_div';
2018-04-09 20:21:46 EXEC SPC_COM_GET_COMBOBOX 'unit_m_div';
2018-04-09 20:21:46 EXEC SPC_COM_GET_COMBOBOX 'unit_w_div';
2018-04-09 20:21:46 EXEC SPC_GET_TAX_RATE '2018/04/09';
2018-04-09 20:21:46 EXEC SPC_COM_GET_COMBOBOX 'storage_manager_div';
2018-04-09 20:21:50 EXEC SPC_COM_GET_COMBOBOX 'fwd_status_div';
2018-04-09 20:21:52 EXEC SPC_011_SHIPMENT_SEARCH_FND1 '','','','','','','1','10';
2018-04-09 20:21:59 EXEC SPC_011_SHIPMENT_SEARCH_FND1 '','','','','','','18','10';
2018-04-09 20:22:18 EXEC SPC_011_SHIPMENT_SEARCH_FND1 '','','','','','','1','10';
2018-04-09 20:22:20 EXEC SPC_014_INVOICE_DETAIL_INQ2 'S-18030002';
2018-04-09 20:23:04 EXEC SPC_COM_GET_COMBOBOX 'port_country_div';
2018-04-09 20:23:05 EXEC SPC_COM_GET_COMBOBOX 'currency_div';
2018-04-09 20:23:05 EXEC SPC_COM_GET_COMBOBOX 'shipment_div';
2018-04-09 20:23:05 EXEC SPC_COM_GET_COMBOBOX 'trade_terms_div';
2018-04-09 20:23:05 EXEC SPC_COM_GET_COMBOBOX 'port_city_div';
2018-04-09 20:23:05 EXEC SPC_COM_GET_COMBOBOX 'payment_conditions_div';
2018-04-09 20:23:05 EXEC SPC_COM_GET_COMBOBOX 'sales_detail_div';
2018-04-09 20:23:05 EXEC SPC_COM_GET_COMBOBOX 'unit_w_div';
2018-04-09 20:23:05 EXEC SPC_COM_GET_COMBOBOX 'unit_q_div';
2018-04-09 20:23:05 EXEC SPC_COM_GET_COMBOBOX 'unit_m_div';
2018-04-09 20:23:05 EXEC SPC_COM_GET_COMBOBOX 'storage_manager_div';
2018-04-09 20:23:06 EXEC SPC_GET_TAX_RATE '2018/04/09';
2018-04-09 20:23:09 EXEC SPC_COM_GET_COMBOBOX 'fwd_status_div';
2018-04-09 20:23:11 EXEC SPC_011_SHIPMENT_SEARCH_FND1 '','','','','','','1','10';
2018-04-09 20:23:13 EXEC SPC_014_INVOICE_DETAIL_INQ2 'S-18030002';
