2018-05-31 10:30:33 EXEC SPC_073_LOGIN_ACT1 '111','111';
2018-05-31 10:30:33 EXEC SPC_GET_CONSTANT '';
2018-05-31 10:30:34 EXEC SPC_GET_PERMISSION_AUTH '999','component-list-detail','view';
2018-05-31 10:30:34 EXEC SPC_COM_GET_COMBOBOX 'unit_q_div';
2018-05-31 11:23:15 EXEC SPC_GET_PERMISSION_AUTH '999','invoice-detail','view';
2018-05-31 11:23:15 EXEC SPC_COM_GET_COMBOBOX 'port_country_div';
2018-05-31 11:23:15 EXEC SPC_COM_GET_COMBOBOX 'port_city_div';
2018-05-31 11:23:15 EXEC SPC_COM_GET_COMBOBOX 'shipment_div';
2018-05-31 11:23:15 EXEC SPC_COM_GET_COMBOBOX 'currency_div';
2018-05-31 11:23:15 EXEC SPC_COM_GET_COMBOBOX 'trade_terms_div';
2018-05-31 11:23:15 EXEC SPC_COM_GET_COMBOBOX 'payment_conditions_div';
2018-05-31 11:23:15 EXEC SPC_COM_GET_COMBOBOX 'unit_q_div';
2018-05-31 11:23:15 EXEC SPC_COM_GET_COMBOBOX 'unit_w_div';
2018-05-31 11:23:15 EXEC SPC_COM_GET_COMBOBOX 'unit_m_div';
2018-05-31 11:23:15 EXEC SPC_COM_GET_COMBOBOX 'sales_detail_div';
2018-05-31 11:23:15 EXEC SPC_COM_GET_COMBOBOX 'storage_manager_div';
2018-05-31 11:23:17 EXEC SPC_GET_PERMISSION_AUTH '999','invoice-detail','view';
2018-05-31 11:23:17 EXEC SPC_COM_GET_COMBOBOX 'port_country_div';
2018-05-31 11:23:17 EXEC SPC_COM_GET_COMBOBOX 'port_city_div';
2018-05-31 11:23:17 EXEC SPC_COM_GET_COMBOBOX 'shipment_div';
2018-05-31 11:23:17 EXEC SPC_COM_GET_COMBOBOX 'currency_div';
2018-05-31 11:23:17 EXEC SPC_COM_GET_COMBOBOX 'trade_terms_div';
2018-05-31 11:23:17 EXEC SPC_COM_GET_COMBOBOX 'payment_conditions_div';
2018-05-31 11:23:17 EXEC SPC_COM_GET_COMBOBOX 'unit_q_div';
2018-05-31 11:23:17 EXEC SPC_COM_GET_COMBOBOX 'unit_w_div';
2018-05-31 11:23:17 EXEC SPC_COM_GET_COMBOBOX 'unit_m_div';
2018-05-31 11:23:17 EXEC SPC_COM_GET_COMBOBOX 'sales_detail_div';
2018-05-31 11:23:17 EXEC SPC_COM_GET_COMBOBOX 'storage_manager_div';
2018-05-31 11:23:20 EXEC SPC_GET_TAX_RATE '2018/05/31';
2018-05-31 11:23:27 EXEC SPC_GET_PERMISSION_AUTH '999','invoice-search','view';
2018-05-31 11:23:27 EXEC SPC_COM_GET_COMBOBOX 'inv_data_div';
2018-05-31 11:23:29 EXEC SPC_GET_PERMISSION_AUTH '999','invoice-search','search';
2018-05-31 11:23:38 EXEC SPC_015_INVOICE_SEARCH_FND1 '','','','','','','','','1','10';
2018-05-31 11:26:18 EXEC SPC_GET_PERMISSION_AUTH '999','invoice-search','search';
2018-05-31 11:26:26 EXEC SPC_015_INVOICE_SEARCH_FND1 '','','','','','','','0','1','10';
2018-05-31 11:28:36 EXEC SPC_GET_PERMISSION_AUTH '999','invoice-search','search';
2018-05-31 11:28:36 EXEC SPC_015_INVOICE_SEARCH_FND1 '','','','','','','','1','1','10';
2018-05-31 11:30:25 EXEC SPC_GET_PERMISSION_AUTH '999','invoice-search','search';
2018-05-31 11:30:25 EXEC SPC_015_INVOICE_SEARCH_FND1 '','','','','','','','1','1','10';
2018-05-31 11:30:39 EXEC SPC_GET_PERMISSION_AUTH '999','invoice-search','search';
2018-05-31 11:30:47 EXEC SPC_015_INVOICE_SEARCH_FND1 '','','','','','','','0','1','10';
2018-05-31 11:31:20 EXEC SPC_GET_PERMISSION_AUTH '999','invoice-search','search';
2018-05-31 11:31:29 EXEC SPC_015_INVOICE_SEARCH_FND1 '','','','','','','','','1','10';
2018-05-31 11:45:07 EXEC SPC_GET_PERMISSION_AUTH '999','invoice-detail','view';
2018-05-31 11:45:07 EXEC SPC_COM_GET_COMBOBOX 'port_country_div';
2018-05-31 11:45:08 EXEC SPC_COM_GET_COMBOBOX 'port_city_div';
2018-05-31 11:45:08 EXEC SPC_COM_GET_COMBOBOX 'shipment_div';
2018-05-31 11:45:08 EXEC SPC_COM_GET_COMBOBOX 'currency_div';
2018-05-31 11:45:08 EXEC SPC_COM_GET_COMBOBOX 'trade_terms_div';
2018-05-31 11:45:08 EXEC SPC_COM_GET_COMBOBOX 'payment_conditions_div';
2018-05-31 11:45:08 EXEC SPC_COM_GET_COMBOBOX 'unit_q_div';
2018-05-31 11:45:08 EXEC SPC_COM_GET_COMBOBOX 'unit_w_div';
2018-05-31 11:45:08 EXEC SPC_COM_GET_COMBOBOX 'unit_m_div';
2018-05-31 11:45:08 EXEC SPC_COM_GET_COMBOBOX 'sales_detail_div';
2018-05-31 11:45:08 EXEC SPC_COM_GET_COMBOBOX 'storage_manager_div';
2018-05-31 11:45:09 EXEC SPC_GET_TAX_RATE '2018/05/31';
2018-05-31 11:45:13 EXEC SPC_GET_PERMISSION_AUTH '999','invoice-search','view';
2018-05-31 11:45:13 EXEC SPC_COM_GET_COMBOBOX 'inv_data_div';
2018-05-31 11:52:06 EXEC SPC_GET_PERMISSION_AUTH '999','invoice-search','search';
2018-05-31 11:52:14 EXEC SPC_015_INVOICE_SEARCH_FND1 '','','','','','','','','1','10';
2018-05-31 12:04:39 EXEC SPC_GET_PERMISSION_AUTH '999','invoice-search','search';
2018-05-31 12:04:39 EXEC SPC_015_INVOICE_SEARCH_FND1 '','','','','','','','','1','10';
2018-05-31 12:06:04 EXEC SPC_GET_PERMISSION_AUTH '999','invoice-search','search';
2018-05-31 12:06:04 EXEC SPC_015_INVOICE_SEARCH_FND1 '','','','','','','','','1','10';
2018-05-31 12:06:09 EXEC SPC_GET_PERMISSION_AUTH '999','invoice-search','search';
2018-05-31 12:06:09 EXEC SPC_015_INVOICE_SEARCH_FND1 '','','','','','','','','1','10';
2018-05-31 12:08:13 EXEC SPC_GET_PERMISSION_AUTH '999','invoice-search','search';
2018-05-31 12:08:13 EXEC SPC_015_INVOICE_SEARCH_FND1 '','','','','','','','','1','10';
2018-05-31 15:19:55 EXEC SPC_073_LOGIN_ACT1 '111','111';
2018-05-31 15:19:55 EXEC SPC_GET_CONSTANT '';
2018-05-31 15:19:55 EXEC SPC_GET_PERMISSION_AUTH '999','input-output-detail','view';
2018-05-31 15:19:55 EXEC SPC_COM_GET_COMBOBOX 'in_out_div';
2018-05-31 15:19:55 EXEC SPC_COM_GET_COMBOBOX 'in_out_data_div';
2018-05-31 15:20:00 EXEC SPC_GET_PERMISSION_AUTH '999','input-output-search','view';
2018-05-31 15:20:00 EXEC SPC_COM_GET_COMBOBOX 'in_out_div';
2018-05-31 15:20:00 EXEC SPC_COM_GET_COMBOBOX 'in_out_data_div';
2018-05-31 15:20:05 EXEC SPC_GET_PERMISSION_AUTH '999','input-output-search','output';
2018-05-31 15:20:05 EXEC SPC_049_INPUT_OUTPUT_EXPORT_FND2 '','','','','','','','1','10';
2018-05-31 15:20:31 EXEC SPC_GET_PERMISSION_AUTH '999','input-output-search','search';
2018-05-31 15:20:31 EXEC SPC_049_INPUT_OUTPUT_FND1 '','','','','','','10','1','10';
2018-05-31 15:20:34 EXEC SPC_GET_PERMISSION_AUTH '999','input-output-search','output';
2018-05-31 15:20:34 EXEC SPC_049_INPUT_OUTPUT_EXPORT_FND2 '','','','','','','10','1','10';
2018-05-31 15:20:44 EXEC SPC_GET_PERMISSION_AUTH '999','input-output-search','output';
2018-05-31 15:20:44 EXEC SPC_049_INPUT_OUTPUT_EXPORT_FND2 '','','','','','','10','1','10';
2018-05-31 15:26:02 EXEC SPC_GET_PERMISSION_AUTH '999','invoice-detail','view';
2018-05-31 15:26:02 EXEC SPC_COM_GET_COMBOBOX 'port_country_div';
2018-05-31 15:26:02 EXEC SPC_COM_GET_COMBOBOX 'port_city_div';
2018-05-31 15:26:02 EXEC SPC_COM_GET_COMBOBOX 'shipment_div';
2018-05-31 15:26:02 EXEC SPC_COM_GET_COMBOBOX 'currency_div';
2018-05-31 15:26:02 EXEC SPC_COM_GET_COMBOBOX 'trade_terms_div';
2018-05-31 15:26:02 EXEC SPC_COM_GET_COMBOBOX 'payment_conditions_div';
2018-05-31 15:26:02 EXEC SPC_COM_GET_COMBOBOX 'unit_q_div';
2018-05-31 15:26:02 EXEC SPC_COM_GET_COMBOBOX 'unit_w_div';
2018-05-31 15:26:02 EXEC SPC_COM_GET_COMBOBOX 'unit_m_div';
2018-05-31 15:26:02 EXEC SPC_COM_GET_COMBOBOX 'sales_detail_div';
2018-05-31 15:26:02 EXEC SPC_COM_GET_COMBOBOX 'storage_manager_div';
2018-05-31 15:26:04 EXEC SPC_GET_PERMISSION_AUTH '999','invoice-search','view';
2018-05-31 15:26:04 EXEC SPC_COM_GET_COMBOBOX 'inv_data_div';
2018-05-31 15:27:01 EXEC SPC_GET_PERMISSION_AUTH '999','invoice-search','output';
2018-05-31 15:27:01 EXEC SPC_015_INVOICE_SEARCH_FND1 '','','','','','','','','1','0';
2018-05-31 15:27:22 EXEC SPC_GET_PERMISSION_AUTH '999','invoice-search','search';
2018-05-31 15:27:23 EXEC SPC_015_INVOICE_SEARCH_FND1 '','','','','','','','0','1','10';
2018-05-31 15:27:27 EXEC SPC_GET_PERMISSION_AUTH '999','invoice-search','output';
2018-05-31 15:27:27 EXEC SPC_015_INVOICE_SEARCH_FND1 '','','','','','','','0','1','0';
2018-05-31 15:30:31 EXEC SPC_GET_PERMISSION_AUTH '999','working-time-search','view';
2018-05-31 15:30:36 EXEC SPC_GET_PERMISSION_AUTH '999','working-time-search','search';
2018-05-31 15:30:36 EXEC SPC_052_WORKING_TIME_SEARCH_FND1 '','','','','','','1','10';
2018-05-31 15:30:40 EXEC SPC_GET_PERMISSION_AUTH '999','working-time-search','output';
2018-05-31 15:30:40 EXEC SPC_052_WORKING_TIME_SEARCH_FND1 'fsgf','','','','','','1','0';
2018-05-31 15:30:45 EXEC SPC_GET_PERMISSION_AUTH '999','working-time-search','search';
2018-05-31 15:30:45 EXEC SPC_052_WORKING_TIME_SEARCH_FND1 '','','','','','','1','10';
2018-05-31 15:30:48 EXEC SPC_GET_PERMISSION_AUTH '999','working-time-search','output';
2018-05-31 15:30:48 EXEC SPC_052_WORKING_TIME_SEARCH_FND1 '','','','','','','1','0';
2018-05-31 15:30:59 EXEC SPC_GET_PERMISSION_AUTH '999','working-time-search','output';
2018-05-31 15:30:59 EXEC SPC_052_WORKING_TIME_SEARCH_FND1 'ukgkuy','','','','','','1','0';
2018-05-31 15:31:15 EXEC SPC_GET_PERMISSION_AUTH '999','component-master-search','view';
2018-05-31 15:31:18 EXEC SPC_GET_PERMISSION_AUTH '999','component-master-search','search';
2018-05-31 15:31:18 EXEC SPC_069_COMPONENT_MASTER_SEARCH_FND1 '','','','1','10';
2018-05-31 15:31:21 EXEC SPC_GET_PERMISSION_AUTH '999','','view';
2018-05-31 15:31:30 EXEC SPC_GET_PERMISSION_AUTH '999','pi-search','view';
2018-05-31 15:31:30 EXEC SPC_COM_GET_COMBOBOX 'pi_status_div';
2018-05-31 15:31:35 EXEC SPC_GET_PERMISSION_AUTH '999','pi-search','search';
2018-05-31 15:31:35 EXEC SPC_002_PI_SEARCH_FND1 '','','','','','','','','1','10';
2018-05-31 15:31:39 EXEC SPC_GET_PERMISSION_AUTH '999','','view';
2018-05-31 15:31:47 EXEC SPC_GET_PERMISSION_AUTH '999','','view';
2018-05-31 15:31:53 EXEC SPC_GET_PERMISSION_AUTH '999','product-master-search','view';
2018-05-31 15:31:57 EXEC SPC_GET_PERMISSION_AUTH '999','','view';
2018-05-31 15:31:57 EXEC SPC_063_PRODUCT_MASTER_SEARCH_FND1 '','','1','0';
2018-05-31 15:32:06 EXEC SPC_GET_PERMISSION_AUTH '999','order-confirm','view';
2018-05-31 15:32:12 EXEC SPC_GET_PERMISSION_AUTH '999','accept-search','view';
2018-05-31 15:32:12 EXEC SPC_COM_GET_COMBOBOX 'rcv_status_div';
2018-05-31 15:32:16 EXEC SPC_GET_PERMISSION_AUTH '999','accept-search','output';
2018-05-31 15:32:16 EXEC SPC_006_ACCEPT_SEARCH_FND1 '','','','','','1','0';
2018-05-31 15:32:44 EXEC SPC_GET_PERMISSION_AUTH '999','accept-search','output';
2018-05-31 15:32:44 EXEC SPC_006_ACCEPT_SEARCH_FND1 '','','gfdsgfv','','','1','0';
2018-05-31 15:32:50 EXEC SPC_GET_PERMISSION_AUTH '999','pi-search','view';
2018-05-31 15:32:50 EXEC SPC_COM_GET_COMBOBOX 'pi_status_div';
2018-05-31 15:32:53 EXEC SPC_GET_PERMISSION_AUTH '999','pi-search','search';
2018-05-31 15:32:53 EXEC SPC_002_PI_SEARCH_FND1 '','','','','','','','','1','10';
2018-05-31 15:33:00 EXEC SPC_GET_PERMISSION_AUTH '999','','view';
2018-05-31 15:33:08 EXEC SPC_GET_PERMISSION_AUTH '999','','view';
2018-05-31 15:33:25 EXEC SPC_GET_PERMISSION_AUTH '999','','view';
2018-05-31 15:33:38 EXEC SPC_GET_PERMISSION_AUTH '999','','view';
2018-05-31 15:33:42 EXEC SPC_GET_PERMISSION_AUTH '999','pi-search','search';
2018-05-31 15:33:42 EXEC SPC_002_PI_SEARCH_FND1 '','','','','','','','10','1','10';
2018-05-31 15:33:44 EXEC SPC_GET_PERMISSION_AUTH '999','','view';
2018-05-31 15:33:52 EXEC SPC_GET_PERMISSION_AUTH '999','pi-search','search';
2018-05-31 15:33:52 EXEC SPC_002_PI_SEARCH_FND1 '','','','','','','','10','1','10';
2018-05-31 15:34:01 EXEC SPC_GET_PERMISSION_AUTH '999','pi-search','view';
2018-05-31 15:34:01 EXEC SPC_COM_GET_COMBOBOX 'pi_status_div';
2018-05-31 15:34:09 EXEC SPC_GET_PERMISSION_AUTH '999','','view';
2018-05-31 15:34:42 EXEC SPC_GET_PERMISSION_AUTH '999','pi-search','search';
2018-05-31 15:34:42 EXEC SPC_002_PI_SEARCH_FND1 '','','','','','','','','1','10';
2018-05-31 15:34:45 EXEC SPC_GET_PERMISSION_AUTH '999','','view';
2018-05-31 15:36:57 EXEC SPC_GET_PERMISSION_AUTH '999','','view';
2018-05-31 15:36:57 EXEC SPC_002_PI_SEARCH_FND1 '','','','','','','','','1','0';
2018-05-31 15:37:52 EXEC SPC_GET_PERMISSION_AUTH '999','','view';
2018-05-31 15:37:52 EXEC SPC_002_PI_SEARCH_FND1 '','','','','','','','','1','0';
2018-05-31 15:38:15 EXEC SPC_GET_PERMISSION_AUTH '999','pi-search','search';
2018-05-31 15:38:15 EXEC SPC_002_PI_SEARCH_FND1 '','','','','gfsdgf','','','','1','10';
2018-05-31 15:42:21 EXEC SPC_GET_PERMISSION_AUTH '999','internalorder-search','view';
2018-05-31 15:42:21 EXEC SPC_COM_GET_COMBOBOX 'manufacture_status_div';
2018-05-31 15:42:45 EXEC SPC_COM_GET_COMBOBOX 'buy_status_div';
2018-05-31 15:42:50 EXEC SPC_032_PURCHASE_REQUEST_SEARCH_FND1 '','','','','rgfawsgfdqaedf','','','1','10';
2018-05-31 15:42:52 EXEC SPC_GET_PERMISSION_AUTH '999','purchase-request-search','output';
2018-05-31 15:42:52 EXEC SPC_032_PURCHASE_REQUEST_SEARCH_INQ1 '','','','','rgfawsgfdqaedf','','';
2018-05-31 15:44:48 EXEC SPC_032_PURCHASE_REQUEST_SEARCH_FND1 '','','','','','','','1','10';
2018-05-31 15:44:50 EXEC SPC_032_PURCHASE_REQUEST_SEARCH_FND1 '','','','','','','10','1','10';
2018-05-31 15:44:53 EXEC SPC_032_PURCHASE_REQUEST_SEARCH_FND1 '','','','','','','20','1','10';
2018-05-31 15:45:05 EXEC SPC_032_PURCHASE_REQUEST_SEARCH_FND1 '','','','','KI201802280001','','20','1','10';
2018-05-31 15:45:09 EXEC SPC_032_PURCHASE_REQUEST_SEARCH_FND1 '','','KI201802280001','','','','20','1','10';
2018-05-31 15:45:13 EXEC SPC_032_PURCHASE_REQUEST_SEARCH_FND1 '','','KI201802280001','KI201802280001','','','20','1','10';
2018-05-31 15:45:16 EXEC SPC_GET_PERMISSION_AUTH '999','purchase-request-search','output';
2018-05-31 15:45:16 EXEC SPC_032_PURCHASE_REQUEST_SEARCH_INQ1 '','','KI201802280001','KI201802280001','','','20';
2018-05-31 15:46:54 EXEC SPC_GET_PERMISSION_AUTH '999','input-output-detail','view';
2018-05-31 15:46:54 EXEC SPC_COM_GET_COMBOBOX 'in_out_div';
2018-05-31 15:46:54 EXEC SPC_COM_GET_COMBOBOX 'in_out_data_div';
2018-05-31 15:46:57 EXEC SPC_GET_PERMISSION_AUTH '999','provisional-shipment-detail','view';
2018-05-31 15:46:57 EXEC SPC_COM_GET_COMBOBOX 'forwarding_div';
2018-05-31 15:46:57 EXEC SPC_COM_GET_COMBOBOX 'forwarding_way_div';
2018-05-31 15:46:57 EXEC SPC_COM_GET_COMBOBOX 'forwarding_warehouse_div';
2018-05-31 15:46:57 EXEC SPC_COM_GET_COMBOBOX 'forwarder_div';
2018-05-31 15:46:57 EXEC SPC_COM_GET_COMBOBOX 'packing_method_div';
2018-05-31 15:47:04 EXEC SPC_GET_PERMISSION_AUTH '999','provisional-shipment-search','view';
2018-05-31 15:47:08 EXEC SPC_GET_PERMISSION_AUTH '999','provisional-shipment-search','search';
2018-05-31 15:47:08 EXEC SPC_008_PROVISIONAL_SHIPMENT_SEARCH_FND1 '','','rgswrges','','','1','10';
2018-05-31 15:47:16 EXEC SPC_GET_PERMISSION_AUTH '999','provisional-shipment-search','search';
2018-05-31 15:47:16 EXEC SPC_008_PROVISIONAL_SHIPMENT_SEARCH_FND1 '','','','','','1','10';
2018-05-31 15:47:23 EXEC SPC_GET_PERMISSION_AUTH '999','provisional-shipment-search','search';
2018-05-31 15:47:23 EXEC SPC_008_PROVISIONAL_SHIPMENT_SEARCH_FND1 '','','KS-18020022','','','1','10';
2018-05-31 15:47:37 EXEC SPC_GET_PERMISSION_AUTH '999','provisional-shipment-search','output';
2018-05-31 15:47:38 EXEC SPC_008_PROVISIONAL_SHIPMENT_SEARCH_FND1 '','','KS-18020022','','','1','0';
2018-05-31 16:14:59 EXEC SPC_GET_PERMISSION_AUTH '999','product-master-search','view';
2018-05-31 16:14:59 EXEC SPC_GET_PERMISSION_AUTH '999','product-master-search','view';
2018-05-31 16:15:00 EXEC SPC_GET_PERMISSION_AUTH '999','product-master-search','view';
2018-05-31 16:15:01 EXEC SPC_GET_PERMISSION_AUTH '999','product-master-search','view';
2018-05-31 16:15:04 EXEC SPC_GET_PERMISSION_AUTH '999','product-master-detail','view';
2018-05-31 16:15:04 EXEC SPC_COM_GET_COMBOBOX 'outsourcing_div';
2018-05-31 16:15:04 EXEC SPC_COM_GET_COMBOBOX 'exists_div';
2018-05-31 16:15:04 EXEC SPC_COM_GET_COMBOBOX 'unit_w_div';
2018-05-31 16:15:04 EXEC SPC_COM_GET_COMBOBOX 'unit_m_div';
2018-05-31 16:15:04 EXEC SPC_COM_GET_COMBOBOX 'exists_div';
2018-05-31 16:15:05 EXEC SPC_COM_GET_COMBOBOX 'unit_q_div';
2018-05-31 16:15:13 EXEC SPC_GET_PERMISSION_AUTH '999','popup-product-master-search','view';
2018-05-31 16:15:16 EXEC SPC_GET_PERMISSION_AUTH '999','popup-product-master-search','search';
2018-05-31 16:15:16 EXEC SPC_063_PRODUCT_MASTER_SEARCH_FND1 '','','1','10';
2018-05-31 16:15:18 EXEC SPC_GET_PERMISSION_AUTH '999','','view';
2018-05-31 16:15:18 EXEC SPC_062_PRODUCT_MASTER_DETAIL_INQ1 '0003';
2018-05-31 16:15:24 EXEC SPC_GET_PERMISSION_AUTH '999','product-master-search','view';
2018-05-31 16:15:28 EXEC SPC_GET_PERMISSION_AUTH '999','product-master-detail','view';
2018-05-31 16:15:28 EXEC SPC_COM_GET_COMBOBOX 'outsourcing_div';
2018-05-31 16:15:28 EXEC SPC_COM_GET_COMBOBOX 'exists_div';
2018-05-31 16:15:28 EXEC SPC_COM_GET_COMBOBOX 'unit_w_div';
2018-05-31 16:15:28 EXEC SPC_COM_GET_COMBOBOX 'unit_m_div';
2018-05-31 16:15:28 EXEC SPC_COM_GET_COMBOBOX 'exists_div';
2018-05-31 16:15:30 EXEC SPC_COM_GET_COMBOBOX 'unit_q_div';
2018-05-31 16:16:33 EXEC SPC_GET_PERMISSION_AUTH '999','component-master-search','view';
2018-05-31 16:16:37 EXEC SPC_GET_PERMISSION_AUTH '999','component-master-detail','view';
2018-05-31 16:16:37 EXEC SPC_COM_GET_COMBOBOX 'unit_q_div';
2018-05-31 16:16:37 EXEC SPC_COM_GET_COMBOBOX 'parts_kind_div';
2018-05-31 16:16:37 EXEC SPC_COM_GET_COMBOBOX 'exists_div';
2018-05-31 16:16:37 EXEC SPC_COM_GET_COMBOBOX 'parts_order_div';
2018-05-31 16:16:37 EXEC SPC_COM_GET_COMBOBOX 'order_level_div';
2018-05-31 16:17:19 EXEC SPC_GET_PERMISSION_AUTH '999','component-master-detail','view';
2018-05-31 16:17:19 EXEC SPC_COM_GET_COMBOBOX 'unit_q_div';
2018-05-31 16:17:19 EXEC SPC_COM_GET_COMBOBOX 'parts_kind_div';
2018-05-31 16:17:19 EXEC SPC_COM_GET_COMBOBOX 'exists_div';
2018-05-31 16:17:19 EXEC SPC_COM_GET_COMBOBOX 'parts_order_div';
2018-05-31 16:17:19 EXEC SPC_COM_GET_COMBOBOX 'order_level_div';
2018-05-31 16:17:48 EXEC SPC_GET_PERMISSION_AUTH '999','component-master-detail','view';
2018-05-31 16:17:48 EXEC SPC_COM_GET_COMBOBOX 'unit_q_div';
2018-05-31 16:17:48 EXEC SPC_COM_GET_COMBOBOX 'parts_kind_div';
2018-05-31 16:17:48 EXEC SPC_COM_GET_COMBOBOX 'exists_div';
2018-05-31 16:17:48 EXEC SPC_COM_GET_COMBOBOX 'parts_order_div';
2018-05-31 16:17:48 EXEC SPC_COM_GET_COMBOBOX 'order_level_div';
2018-05-31 16:18:53 EXEC SPC_GET_PERMISSION_AUTH '999','component-master-detail','view';
2018-05-31 16:18:53 EXEC SPC_COM_GET_COMBOBOX 'unit_q_div';
2018-05-31 16:18:53 EXEC SPC_COM_GET_COMBOBOX 'parts_kind_div';
2018-05-31 16:18:53 EXEC SPC_COM_GET_COMBOBOX 'exists_div';
2018-05-31 16:18:53 EXEC SPC_COM_GET_COMBOBOX 'parts_order_div';
2018-05-31 16:18:53 EXEC SPC_COM_GET_COMBOBOX 'order_level_div';
2018-05-31 16:24:23 EXEC SPC_GET_PERMISSION_AUTH '999','popup-product-master-search','view';
2018-05-31 16:24:26 EXEC SPC_GET_PERMISSION_AUTH '999','popup-product-master-search','search';
2018-05-31 16:24:26 EXEC SPC_063_PRODUCT_MASTER_SEARCH_FND1 '','','1','10';
2018-05-31 16:26:13 EXEC SPC_GET_PERMISSION_AUTH '999','component-master-detail','view';
2018-05-31 16:26:13 EXEC SPC_COM_GET_COMBOBOX 'unit_q_div';
2018-05-31 16:26:13 EXEC SPC_COM_GET_COMBOBOX 'parts_kind_div';
2018-05-31 16:26:13 EXEC SPC_COM_GET_COMBOBOX 'exists_div';
2018-05-31 16:26:13 EXEC SPC_COM_GET_COMBOBOX 'parts_order_div';
2018-05-31 16:26:13 EXEC SPC_COM_GET_COMBOBOX 'order_level_div';
2018-05-31 16:27:29 EXEC SPC_GET_PERMISSION_AUTH '999','component-master-detail','view';
2018-05-31 16:27:29 EXEC SPC_COM_GET_COMBOBOX 'unit_q_div';
2018-05-31 16:27:29 EXEC SPC_COM_GET_COMBOBOX 'parts_kind_div';
2018-05-31 16:27:30 EXEC SPC_COM_GET_COMBOBOX 'exists_div';
2018-05-31 16:27:30 EXEC SPC_COM_GET_COMBOBOX 'parts_order_div';
2018-05-31 16:27:30 EXEC SPC_COM_GET_COMBOBOX 'order_level_div';
2018-05-31 17:04:50 EXEC SPC_GET_PERMISSION_AUTH '999','popup-product-master-search','view';
2018-05-31 17:04:53 EXEC SPC_GET_PERMISSION_AUTH '999','popup-product-master-search','search';
2018-05-31 17:04:53 EXEC SPC_063_PRODUCT_MASTER_SEARCH_FND1 '','','1','10';
2018-05-31 17:05:09 EXEC SPC_GET_PERMISSION_AUTH '999','','view';
2018-05-31 17:05:09 EXEC SPC_062_PRODUCT_MASTER_DETAIL_INQ1 '0002';
2018-05-31 17:05:22 EXEC SPC_GET_PERMISSION_AUTH '999','component-master-search','view';
2018-05-31 17:05:25 EXEC SPC_GET_PERMISSION_AUTH '999','component-master-search','search';
2018-05-31 17:05:25 EXEC SPC_069_COMPONENT_MASTER_SEARCH_FND1 '','','','1','10';
2018-05-31 17:05:34 EXEC SPC_GET_PERMISSION_AUTH '999','','view';
2018-05-31 17:05:34 EXEC SPC_062_PRODUCT_MASTER_DETAIL_INQ1 '部品コード';
2018-05-31 17:05:43 EXEC SPC_GET_PERMISSION_AUTH '999','','view';
2018-05-31 17:05:43 EXEC SPC_062_PRODUCT_MASTER_DETAIL_INQ1 '00001';
2018-05-31 17:06:16 EXEC SPC_GET_PERMISSION_AUTH '999','popup-product-master-search','view';
2018-05-31 17:06:19 EXEC SPC_GET_PERMISSION_AUTH '999','popup-product-master-search','search';
2018-05-31 17:06:19 EXEC SPC_063_PRODUCT_MASTER_SEARCH_FND1 '00001','','1','10';
2018-05-31 17:06:23 EXEC SPC_GET_PERMISSION_AUTH '999','popup-product-master-search','search';
2018-05-31 17:06:23 EXEC SPC_063_PRODUCT_MASTER_SEARCH_FND1 '','00001','1','10';
2018-05-31 17:06:52 EXEC SPC_GET_PERMISSION_AUTH '999','product-master-detail','save';
2018-05-31 17:06:52 EXEC SPC_062_PRODUCT_MASTER_DETAIL_ACT1 'I','00001','fadf','ấd','00001','001','1','1','1','','đá','0','002','0','002','0','002','','111','062_product-master-detail','192.168.5.206';
2018-05-31 17:10:08 EXEC SPC_GET_PERMISSION_AUTH '999','','view';
2018-05-31 17:10:08 EXEC SPC_062_PRODUCT_MASTER_DETAIL_INQ1 '00001';
2018-05-31 17:11:44 EXEC SPC_GET_PERMISSION_AUTH '999','product-master-detail','view';
2018-05-31 17:11:44 EXEC SPC_COM_GET_COMBOBOX 'outsourcing_div';
2018-05-31 17:11:44 EXEC SPC_COM_GET_COMBOBOX 'exists_div';
2018-05-31 17:11:44 EXEC SPC_COM_GET_COMBOBOX 'unit_w_div';
2018-05-31 17:11:44 EXEC SPC_COM_GET_COMBOBOX 'unit_m_div';
2018-05-31 17:11:44 EXEC SPC_COM_GET_COMBOBOX 'exists_div';
2018-05-31 17:11:46 EXEC SPC_COM_GET_COMBOBOX 'unit_q_div';
2018-05-31 17:11:48 EXEC SPC_GET_PERMISSION_AUTH '999','','view';
2018-05-31 17:11:48 EXEC SPC_062_PRODUCT_MASTER_DETAIL_INQ1 '00001';
2018-05-31 17:11:51 EXEC SPC_GET_PERMISSION_AUTH '999','component-master-search','search';
2018-05-31 17:11:51 EXEC SPC_069_COMPONENT_MASTER_SEARCH_FND1 '','','','1','10';
2018-05-31 17:11:55 EXEC SPC_GET_PERMISSION_AUTH '999','','view';
2018-05-31 17:11:55 EXEC SPC_062_PRODUCT_MASTER_DETAIL_INQ1 '00005';
2018-05-31 17:12:23 EXEC SPC_GET_PERMISSION_AUTH '999','','view';
2018-05-31 17:12:23 EXEC SPC_062_PRODUCT_MASTER_DETAIL_INQ1 '00006';
2018-05-31 17:12:26 EXEC SPC_GET_PERMISSION_AUTH '999','','view';
2018-05-31 17:12:26 EXEC SPC_062_PRODUCT_MASTER_DETAIL_INQ1 '0006';
2018-05-31 17:12:29 EXEC SPC_GET_PERMISSION_AUTH '999','','view';
2018-05-31 17:12:29 EXEC SPC_062_PRODUCT_MASTER_DETAIL_INQ1 '0005';
2018-05-31 17:12:33 EXEC SPC_GET_PERMISSION_AUTH '999','','view';
2018-05-31 17:12:33 EXEC SPC_062_PRODUCT_MASTER_DETAIL_INQ1 '0006';
2018-05-31 17:13:58 EXEC SPC_GET_PERMISSION_AUTH '999','','view';
2018-05-31 17:13:58 EXEC SPC_062_PRODUCT_MASTER_DETAIL_INQ1 '00006';
2018-05-31 17:14:32 EXEC SPC_GET_PERMISSION_AUTH '999','','view';
2018-05-31 17:14:32 EXEC SPC_062_PRODUCT_MASTER_DETAIL_INQ1 'm_item';
2018-05-31 17:14:38 EXEC SPC_GET_PERMISSION_AUTH '999','','view';
2018-05-31 17:14:38 EXEC SPC_062_PRODUCT_MASTER_DETAIL_INQ1 '00006';
2018-05-31 17:14:43 EXEC SPC_GET_PERMISSION_AUTH '999','','view';
2018-05-31 17:14:43 EXEC SPC_062_PRODUCT_MASTER_DETAIL_INQ1 '00005';
2018-05-31 17:14:46 EXEC SPC_GET_PERMISSION_AUTH '999','','view';
2018-05-31 17:14:46 EXEC SPC_062_PRODUCT_MASTER_DETAIL_INQ1 '00006';
2018-05-31 17:15:21 EXEC SPC_GET_PERMISSION_AUTH '999','','view';
2018-05-31 17:15:21 EXEC SPC_062_PRODUCT_MASTER_DETAIL_INQ1 '00001';
2018-05-31 17:15:25 EXEC SPC_GET_PERMISSION_AUTH '999','','view';
2018-05-31 17:15:25 EXEC SPC_062_PRODUCT_MASTER_DETAIL_INQ1 '00006';
2018-05-31 17:15:29 EXEC SPC_GET_PERMISSION_AUTH '999','product-master-detail','view';
2018-05-31 17:15:29 EXEC SPC_COM_GET_COMBOBOX 'outsourcing_div';
2018-05-31 17:15:29 EXEC SPC_COM_GET_COMBOBOX 'exists_div';
2018-05-31 17:15:29 EXEC SPC_COM_GET_COMBOBOX 'unit_w_div';
2018-05-31 17:15:29 EXEC SPC_COM_GET_COMBOBOX 'unit_m_div';
2018-05-31 17:15:29 EXEC SPC_COM_GET_COMBOBOX 'exists_div';
2018-05-31 17:15:31 EXEC SPC_COM_GET_COMBOBOX 'unit_q_div';
2018-05-31 17:15:34 EXEC SPC_GET_PERMISSION_AUTH '999','','view';
2018-05-31 17:15:34 EXEC SPC_062_PRODUCT_MASTER_DETAIL_INQ1 '00001';
2018-05-31 17:15:38 EXEC SPC_GET_PERMISSION_AUTH '999','','view';
2018-05-31 17:15:38 EXEC SPC_062_PRODUCT_MASTER_DETAIL_INQ1 '00006';
2018-05-31 18:37:16 EXEC SPC_GET_PERMISSION_AUTH '999','','view';
2018-05-31 18:37:16 EXEC SPC_062_PRODUCT_MASTER_DETAIL_INQ1 '00001';
2018-05-31 18:37:17 EXEC SPC_GET_PERMISSION_AUTH '999','','view';
2018-05-31 18:37:17 EXEC SPC_062_PRODUCT_MASTER_DETAIL_INQ1 '00006';
2018-05-31 18:37:19 EXEC SPC_GET_PERMISSION_AUTH '999','','view';
2018-05-31 18:37:19 EXEC SPC_062_PRODUCT_MASTER_DETAIL_INQ1 '00005';
2018-05-31 18:37:22 EXEC SPC_GET_PERMISSION_AUTH '999','popup-product-master-search','view';
2018-05-31 18:37:25 EXEC SPC_GET_PERMISSION_AUTH '999','popup-product-master-search','search';
2018-05-31 18:37:25 EXEC SPC_063_PRODUCT_MASTER_SEARCH_FND1 '','','1','10';
2018-05-31 18:37:27 EXEC SPC_GET_PERMISSION_AUTH '999','','view';
2018-05-31 18:37:27 EXEC SPC_062_PRODUCT_MASTER_DETAIL_INQ1 '00001';
2018-05-31 18:37:30 EXEC SPC_GET_PERMISSION_AUTH '999','','view';
2018-05-31 18:37:30 EXEC SPC_062_PRODUCT_MASTER_DETAIL_INQ1 '00006';
2018-05-31 18:37:34 EXEC SPC_GET_PERMISSION_AUTH '999','component-master-detail','view';
2018-05-31 18:37:34 EXEC SPC_COM_GET_COMBOBOX 'unit_q_div';
2018-05-31 18:37:34 EXEC SPC_COM_GET_COMBOBOX 'parts_kind_div';
2018-05-31 18:37:35 EXEC SPC_COM_GET_COMBOBOX 'exists_div';
2018-05-31 18:37:35 EXEC SPC_COM_GET_COMBOBOX 'parts_order_div';
2018-05-31 18:37:35 EXEC SPC_COM_GET_COMBOBOX 'order_level_div';
2018-05-31 18:37:38 EXEC SPC_GET_PERMISSION_AUTH '999','popup-component-master-search','view';
2018-05-31 18:37:41 EXEC SPC_GET_PERMISSION_AUTH '999','popup-component-master-search','search';
2018-05-31 18:37:41 EXEC SPC_069_COMPONENT_MASTER_SEARCH_FND1 '','','','1','10';
2018-05-31 18:37:43 EXEC SPC_GET_PERMISSION_AUTH '999','','view';
2018-05-31 18:37:43 EXEC SPC_067_COMPONENT_MASTER_DETAIL_INQ1 '00001';
2018-05-31 18:37:50 EXEC SPC_GET_PERMISSION_AUTH '999','popup-component-master-search','view';
2018-05-31 18:37:53 EXEC SPC_GET_PERMISSION_AUTH '999','popup-component-master-search','search';
2018-05-31 18:37:53 EXEC SPC_069_COMPONENT_MASTER_SEARCH_FND1 '','','','1','10';
2018-05-31 18:37:55 EXEC SPC_GET_PERMISSION_AUTH '999','','view';
2018-05-31 18:37:55 EXEC SPC_067_COMPONENT_MASTER_DETAIL_INQ1 '00005';
2018-05-31 18:37:58 EXEC SPC_GET_PERMISSION_AUTH '999','','view';
2018-05-31 18:37:58 EXEC SPC_067_COMPONENT_MASTER_DETAIL_INQ1 '00006';
2018-05-31 18:38:03 EXEC SPC_GET_PERMISSION_AUTH '999','','view';
2018-05-31 18:38:03 EXEC SPC_067_COMPONENT_MASTER_DETAIL_INQ1 '00001';
2018-05-31 18:38:37 EXEC SPC_GET_PERMISSION_AUTH '999','','view';
2018-05-31 18:38:37 EXEC SPC_067_COMPONENT_MASTER_DETAIL_INQ1 '00005';
2018-05-31 18:38:48 EXEC SPC_GET_PERMISSION_AUTH '999','','view';
2018-05-31 18:38:48 EXEC SPC_067_COMPONENT_MASTER_DETAIL_INQ1 '00001';
2018-05-31 18:38:52 EXEC SPC_GET_PERMISSION_AUTH '999','','view';
2018-05-31 18:38:52 EXEC SPC_067_COMPONENT_MASTER_DETAIL_INQ1 '00005';
2018-05-31 18:39:15 EXEC SPC_GET_PERMISSION_AUTH '999','component-master-detail','view';
2018-05-31 18:39:15 EXEC SPC_COM_GET_COMBOBOX 'unit_q_div';
2018-05-31 18:39:15 EXEC SPC_COM_GET_COMBOBOX 'parts_kind_div';
2018-05-31 18:39:15 EXEC SPC_COM_GET_COMBOBOX 'exists_div';
2018-05-31 18:39:15 EXEC SPC_COM_GET_COMBOBOX 'parts_order_div';
2018-05-31 18:39:15 EXEC SPC_COM_GET_COMBOBOX 'order_level_div';
2018-05-31 18:39:19 EXEC SPC_GET_PERMISSION_AUTH '999','','view';
2018-05-31 18:39:19 EXEC SPC_067_COMPONENT_MASTER_DETAIL_INQ1 '00001';
2018-05-31 18:53:33 EXEC SPC_GET_PERMISSION_AUTH '999','','view';
2018-05-31 18:53:34 EXEC SPC_062_PRODUCT_MASTER_DETAIL_INQ1 '00001';
2018-05-31 18:57:57 EXEC SPC_GET_PERMISSION_AUTH '999','order-confirm','view';
2018-05-31 18:58:01 EXEC SPC_GET_PERMISSION_AUTH '999','order-confirm','search';
2018-05-31 18:58:01 EXEC SPC_004_PI_ORDER_CONFIRM_FND1 '','','','','1','10';
