2018-04-04 10:29:21 EXEC SPC_COM_GET_COMBOBOX 'currency_div';
2018-04-04 10:29:21 EXEC SPC_COM_GET_COMBOBOX 'port_country_div';
2018-04-04 10:29:21 EXEC SPC_COM_GET_COMBOBOX 'shipment_div';
2018-04-04 10:29:21 EXEC SPC_COM_GET_COMBOBOX 'trade_terms_div';
2018-04-04 10:29:21 EXEC SPC_COM_GET_COMBOBOX 'sales_detail_div';
2018-04-04 10:29:22 EXEC SPC_COM_GET_COMBOBOX 'unit_q_div';
2018-04-04 10:29:22 EXEC SPC_COM_GET_COMBOBOX 'unit_w_div';
2018-04-04 10:29:22 EXEC SPC_COM_GET_COMBOBOX 'unit_m_div';
2018-04-04 10:29:22 EXEC SPC_COM_GET_COMBOBOX 'storage_manager_div';
2018-04-04 10:29:22 EXEC SPC_COM_GET_COMBOBOX 'payment_conditions_div';
2018-04-04 10:32:19 EXEC SPC_073_LOGIN_ACT1 '001','123456';
2018-04-04 10:32:19 EXEC SPC_GET_CONSTANT '';
2018-04-04 10:32:29 EXEC SPC_COM_GET_COMBOBOX 'port_city_div';
2018-04-04 10:32:29 EXEC SPC_COM_GET_COMBOBOX 'shipment_div';
2018-04-04 10:32:29 EXEC SPC_COM_GET_COMBOBOX 'currency_div';
';
2018-04-04 10:32:29 EXEC SPC_COM_GET_COMBOBOX 'trade_terms_div';
2018-04-04 10:32:29 EXEC SPC_COM_GET_COMBOBOX 'payment_conditions_div';
2018-04-04 10:32:29 EXEC SPC_COM_GET_COMBOBOX 'sales_detail_div';
2018-04-04 10:32:30 EXEC SPC_COM_GET_COMBOBOX 'unit_q_div';
2018-04-04 10:32:30 EXEC SPC_COM_GET_COMBOBOX 'storage_manager_div';
2018-04-04 10:32:30 EXEC SPC_COM_GET_COMBOBOX 'unit_m_div';
2018-04-04 10:32:30 EXEC SPC_COM_GET_COMBOBOX 'unit_w_div';
2018-04-04 10:48:43 EXEC SPC_COM_GET_COMBOBOX 'forwarding_div';
2018-04-04 10:48:43 EXEC SPC_COM_GET_COMBOBOX 'packing_method_div';
2018-04-04 10:48:44 EXEC SPC_COM_GET_COMBOBOX 'forwarding_warehouse_div';
2018-04-04 10:48:44 EXEC SPC_COM_GET_COMBOBOX 'forwarder_div';
2018-04-04 10:48:44 EXEC SPC_COM_GET_COMBOBOX 'forwarding_way_div';
2018-04-04 10:48:48 EXEC SPC_COM_GET_COMBOBOX 'production_status_div';
2018-04-04 10:48:48 EXEC SPC_COM_GET_COMBOBOX 'serial_forward_div';
2018-04-04 10:48:48 EXEC SPC_102_SHIPMENT_SERIAL_SEARCH_FND3 '','1';
2018-04-04 10:48:48 EXEC SPC_102_SHIPMENT_SERIAL_SEARCH_FND2 '','';
2018-04-04 10:48:55 EXEC SPC_COM_GET_COMBOBOX 'production_status_div';
2018-04-04 10:48:55 EXEC SPC_COM_GET_COMBOBOX 'serial_forward_div';
2018-04-04 10:48:55 EXEC SPC_102_SHIPMENT_SERIAL_SEARCH_FND2 '','';
2018-04-04 10:48:55 EXEC SPC_102_SHIPMENT_SERIAL_SEARCH_FND3 '','1';
2018-04-04 10:49:02 EXEC SPC_COM_GET_COMBOBOX 'fwd_status_div';
2018-04-04 10:49:03 EXEC SPC_011_SHIPMENT_SEARCH_FND1 '','','','','','','1','10';
2018-04-04 10:49:07 EXEC SPC_COM_GET_COMBOBOX 'forwarding_warehouse_div';
2018-04-04 10:49:07 EXEC SPC_COM_GET_COMBOBOX 'forwarding_way_div';
2018-04-04 10:49:07 EXEC SPC_COM_GET_COMBOBOX 'packing_method_div';
2018-04-04 10:49:07 EXEC SPC_COM_GET_COMBOBOX 'forwarder_div';
2018-04-04 10:49:07 EXEC SPC_COM_GET_COMBOBOX 'forwarding_div';
2018-04-04 10:49:08 EXEC SPC_010_SHIPMENT_DETAIL_INQ3 'S-18030001';
2018-04-04 10:49:21 EXEC SPC_COM_GET_COMBOBOX 'production_status_div';
2018-04-04 10:49:21 EXEC SPC_102_SHIPMENT_SERIAL_SEARCH_FND2 'J-18010018','000115';
2018-04-04 10:49:21 EXEC SPC_102_SHIPMENT_SERIAL_SEARCH_FND3 'S-18030001','1';
2018-04-04 10:49:21 EXEC SPC_COM_GET_COMBOBOX 'serial_forward_div';
2018-04-04 10:53:20 EXEC SPC_COM_GET_COMBOBOX 'production_status_div';
2018-04-04 10:53:20 EXEC SPC_COM_GET_COMBOBOX 'serial_forward_div';
2018-04-04 10:53:20 EXEC SPC_102_SHIPMENT_SERIAL_SEARCH_FND2 'J-18010018','000115';
2018-04-04 10:53:20 EXEC SPC_102_SHIPMENT_SERIAL_SEARCH_FND3 'S-18030001','1';
2018-04-04 12:22:47 EXEC SPC_COM_GET_COMBOBOX 'trade_terms_div';
2018-04-04 12:22:47 EXEC SPC_COM_GET_COMBOBOX 'port_city_div';
2018-04-04 12:22:47 EXEC SPC_COM_GET_COMBOBOX 'sales_detail_div';
2018-04-04 12:22:47 EXEC SPC_COM_GET_COMBOBOX 'unit_q_div';
2018-04-04 12:22:48 EXEC SPC_COM_GET_COMBOBOX 'unit_w_div';
2018-04-04 12:22:48 EXEC SPC_COM_GET_COMBOBOX 'unit_m_div';
2018-04-04 12:22:49 EXEC SPC_COM_GET_COMBOBOX 'storage_manager_div';
2018-04-04 12:22:49 EXEC SPC_COM_GET_COMBOBOX 'port_country_div';
2018-04-04 12:22:49 EXEC SPC_COM_GET_COMBOBOX 'shipment_div';
2018-04-04 12:22:49 EXEC SPC_COM_GET_COMBOBOX 'payment_conditions_div';
2018-04-04 12:22:49 EXEC SPC_COM_GET_COMBOBOX 'currency_div';
2018-04-04 12:26:34 EXEC SPC_COM_GET_COMBOBOX 'port_city_div';
2018-04-04 12:26:34 EXEC SPC_COM_GET_COMBOBOX 'currency_div';
2018-04-04 12:26:34 EXEC SPC_COM_GET_COMBOBOX 'payment_conditions_div';
2018-04-04 12:26:34 EXEC SPC_COM_GET_COMBOBOX 'port_country_div';
2018-04-04 12:26:34 EXEC SPC_COM_GET_COMBOBOX 'shipment_div';
2018-04-04 12:26:34 EXEC SPC_COM_GET_COMBOBOX 'trade_terms_div';
2018-04-04 12:26:35 EXEC SPC_COM_GET_COMBOBOX 'sales_detail_div';
2018-04-04 12:26:35 EXEC SPC_COM_GET_COMBOBOX 'unit_w_div';
2018-04-04 12:26:35 EXEC SPC_COM_GET_COMBOBOX 'unit_q_div';
2018-04-04 12:26:35 EXEC SPC_COM_GET_COMBOBOX 'unit_m_div';
2018-04-04 12:26:35 EXEC SPC_COM_GET_COMBOBOX 'storage_manager_div';
2018-04-04 12:26:48 EXEC SPC_COM_GET_COMBOBOX 'payment_conditions_div';
2018-04-04 12:26:48 EXEC SPC_COM_GET_COMBOBOX 'port_country_div';
2018-04-04 12:26:48 EXEC SPC_COM_GET_COMBOBOX 'port_city_div';
2018-04-04 12:26:48 EXEC SPC_COM_GET_COMBOBOX 'trade_terms_div';
2018-04-04 12:26:48 EXEC SPC_COM_GET_COMBOBOX 'shipment_div';
2018-04-04 12:26:48 EXEC SPC_COM_GET_COMBOBOX 'currency_div';
2018-04-04 12:26:48 EXEC SPC_COM_GET_COMBOBOX 'sales_detail_div';
2018-04-04 12:26:48 EXEC SPC_COM_GET_COMBOBOX 'unit_m_div';
2018-04-04 12:26:48 EXEC SPC_COM_GET_COMBOBOX 'unit_q_div';
2018-04-04 12:26:49 EXEC SPC_COM_GET_COMBOBOX 'unit_w_div';
2018-04-04 12:26:49 EXEC SPC_COM_GET_COMBOBOX 'storage_manager_div';
2018-04-04 12:27:11 EXEC SPC_COM_GET_COMBOBOX 'shipment_div';
2018-04-04 12:27:11 EXEC SPC_COM_GET_COMBOBOX 'payment_conditions_div';
2018-04-04 12:27:12 EXEC SPC_COM_GET_COMBOBOX 'port_country_div';
2018-04-04 12:27:12 EXEC SPC_COM_GET_COMBOBOX 'port_city_div';
2018-04-04 12:27:12 EXEC SPC_COM_GET_COMBOBOX 'currency_div';
2018-04-04 12:27:12 EXEC SPC_COM_GET_COMBOBOX 'trade_terms_div';
2018-04-04 12:27:12 EXEC SPC_COM_GET_COMBOBOX 'unit_q_div';
2018-04-04 12:27:12 EXEC SPC_COM_GET_COMBOBOX 'unit_w_div';
2018-04-04 12:27:12 EXEC SPC_COM_GET_COMBOBOX 'sales_detail_div';
2018-04-04 12:27:12 EXEC SPC_COM_GET_COMBOBOX 'storage_manager_div';
2018-04-04 12:27:12 EXEC SPC_COM_GET_COMBOBOX 'unit_m_div';
2018-04-04 12:35:24 EXEC SPC_COM_GET_COMBOBOX 'move_status_div';
2018-04-04 12:35:26 EXEC SPC_042_SHIFTING_REQUEST_LIST_SEARCH_FND1 '','','','','','','','','','','1','10';
2018-04-04 12:35:33 EXEC SPC_043_SHIFTING_REQUEST_SEARCH_ACT1 '[{"move_no":"IR201803010001"}]','001','043_shiting-request-list-excel','192.168.5.206';
2018-04-04 12:35:41 EXEC SPC_043_SHIFTING_REQUEST_SEARCH_ACT1 '[{"move_no":"IR201803010001"},{"move_no":"IR201803010001"}]','001','043_shiting-request-list-excel','192.168.5.206';
2018-04-04 12:40:59 EXEC SPC_COM_GET_COMBOBOX 'port_country_div';
2018-04-04 12:41:00 EXEC SPC_COM_GET_COMBOBOX 'sales_detail_div';
2018-04-04 12:41:00 EXEC SPC_COM_GET_COMBOBOX 'unit_q_div';
2018-04-04 12:41:01 EXEC SPC_COM_GET_COMBOBOX 'unit_w_div';
2018-04-04 12:41:01 EXEC SPC_COM_GET_COMBOBOX 'port_city_div';
2018-04-04 12:41:01 EXEC SPC_COM_GET_COMBOBOX 'payment_conditions_div';
2018-04-04 12:41:01 EXEC SPC_COM_GET_COMBOBOX 'unit_m_div';
2018-04-04 12:41:01 EXEC SPC_COM_GET_COMBOBOX 'shipment_div';
2018-04-04 12:41:02 EXEC SPC_COM_GET_COMBOBOX 'trade_terms_div';
2018-04-04 12:41:02 EXEC SPC_COM_GET_COMBOBOX 'currency_div';
2018-04-04 12:41:02 EXEC SPC_COM_GET_COMBOBOX 'storage_manager_div';
2018-04-04 12:55:18 EXEC SPC_COM_GET_COMBOBOX 'port_city_div';
2018-04-04 12:55:18 EXEC SPC_COM_GET_COMBOBOX 'sales_detail_div';
2018-04-04 12:55:19 EXEC SPC_COM_GET_COMBOBOX 'payment_conditions_div';
2018-04-04 12:55:19 EXEC SPC_COM_GET_COMBOBOX 'port_country_div';
2018-04-04 12:55:19 EXEC SPC_COM_GET_COMBOBOX 'trade_terms_div';
2018-04-04 12:55:19 EXEC SPC_COM_GET_COMBOBOX 'currency_div';
2018-04-04 12:55:19 EXEC SPC_COM_GET_COMBOBOX 'unit_q_div';
2018-04-04 12:55:19 EXEC SPC_COM_GET_COMBOBOX 'shipment_div';
2018-04-04 12:55:19 EXEC SPC_COM_GET_COMBOBOX 'unit_w_div';
2018-04-04 12:55:19 EXEC SPC_COM_GET_COMBOBOX 'unit_m_div';
2018-04-04 12:55:19 EXEC SPC_COM_GET_COMBOBOX 'storage_manager_div';
2018-04-04 12:55:36 EXEC SPC_COM_GET_COMBOBOX 'shipment_div';
2018-04-04 12:55:36 EXEC SPC_COM_GET_COMBOBOX 'currency_div';
2018-04-04 12:55:36 EXEC SPC_COM_GET_COMBOBOX 'payment_conditions_div';
2018-04-04 12:55:36 EXEC SPC_COM_GET_COMBOBOX 'port_city_div';
2018-04-04 12:55:36 EXEC SPC_COM_GET_COMBOBOX 'port_country_div';
2018-04-04 12:55:36 EXEC SPC_COM_GET_COMBOBOX 'trade_terms_div';
2018-04-04 12:55:37 EXEC SPC_COM_GET_COMBOBOX 'unit_w_div';
2018-04-04 12:55:37 EXEC SPC_COM_GET_COMBOBOX 'unit_q_div';
2018-04-04 12:55:37 EXEC SPC_COM_GET_COMBOBOX 'sales_detail_div';
2018-04-04 12:55:37 EXEC SPC_COM_GET_COMBOBOX 'storage_manager_div';
2018-04-04 12:55:37 EXEC SPC_COM_GET_COMBOBOX 'unit_m_div';
2018-04-04 12:57:46 EXEC SPC_COM_GET_COMBOBOX 'port_country_div';
2018-04-04 12:57:46 EXEC SPC_COM_GET_COMBOBOX 'shipment_div';
2018-04-04 12:57:46 EXEC SPC_COM_GET_COMBOBOX 'payment_conditions_div';
2018-04-04 12:57:46 EXEC SPC_COM_GET_COMBOBOX 'currency_div';
2018-04-04 12:57:46 EXEC SPC_COM_GET_COMBOBOX 'port_city_div';
2018-04-04 12:57:46 EXEC SPC_COM_GET_COMBOBOX 'trade_terms_div';
2018-04-04 12:57:46 EXEC SPC_COM_GET_COMBOBOX 'sales_detail_div';
2018-04-04 12:57:46 EXEC SPC_COM_GET_COMBOBOX 'unit_m_div';
2018-04-04 12:57:47 EXEC SPC_COM_GET_COMBOBOX 'bank_div';
2018-04-04 12:57:47 EXEC SPC_COM_GET_COMBOBOX 'unit_w_div';
2018-04-04 12:57:47 EXEC SPC_GET_TAX_RATE '2018/04/04';
2018-04-04 12:58:00 EXEC SPC_COM_GET_COMBOBOX 'port_city_div';
2018-04-04 12:58:00 EXEC SPC_COM_GET_COMBOBOX 'currency_div';
2018-04-04 12:58:00 EXEC SPC_COM_GET_COMBOBOX 'shipment_div';
2018-04-04 12:58:00 EXEC SPC_COM_GET_COMBOBOX 'trade_terms_div';
2018-04-04 12:58:00 EXEC SPC_COM_GET_COMBOBOX 'payment_conditions_div';
2018-04-04 12:58:00 EXEC SPC_COM_GET_COMBOBOX 'port_country_div';
2018-04-04 12:58:00 EXEC SPC_COM_GET_COMBOBOX 'unit_w_div';
2018-04-04 12:58:00 EXEC SPC_COM_GET_COMBOBOX 'unit_q_div';
2018-04-04 12:58:00 EXEC SPC_COM_GET_COMBOBOX 'sales_detail_div';
2018-04-04 12:58:01 EXEC SPC_COM_GET_COMBOBOX 'storage_manager_div';
2018-04-04 12:58:01 EXEC SPC_COM_GET_COMBOBOX 'unit_m_div';
2018-04-04 12:58:23 EXEC SPC_COM_GET_COMBOBOX 'inv_data_div';
2018-04-04 12:58:25 EXEC SPC_015_INVOICE_SEARCH_FND1 '','','','','','','','','1','10';
2018-04-04 12:58:28 EXEC SPC_COM_GET_COMBOBOX 'port_country_div';
2018-04-04 12:58:28 EXEC SPC_COM_GET_COMBOBOX 'currency_div';
2018-04-04 12:58:28 EXEC SPC_COM_GET_COMBOBOX 'trade_terms_div';
2018-04-04 12:58:28 EXEC SPC_COM_GET_COMBOBOX 'port_city_div';
s_div';
2018-04-04 12:58:28 EXEC SPC_COM_GET_COMBOBOX 'shipment_div';
2018-04-04 12:58:29 EXEC SPC_COM_GET_COMBOBOX 'sales_detail_div';
2018-04-04 12:58:29 EXEC SPC_COM_GET_COMBOBOX 'unit_w_div';
2018-04-04 12:58:29 EXEC SPC_COM_GET_COMBOBOX 'unit_q_div';
2018-04-04 12:58:29 EXEC SPC_COM_GET_COMBOBOX 'unit_m_div';
2018-04-04 12:58:29 EXEC SPC_COM_GET_COMBOBOX 'storage_manager_div';
2018-04-04 12:58:39 EXEC SPC_COM_GET_COMBOBOX 'inv_data_div';
2018-04-04 12:58:46 EXEC SPC_COM_GET_COMBOBOX 'currency_div';
2018-04-04 12:58:46 EXEC SPC_COM_GET_COMBOBOX 'trade_terms_div';
2018-04-04 12:58:46 EXEC SPC_COM_GET_COMBOBOX 'port_country_div';
2018-04-04 12:58:46 EXEC SPC_COM_GET_COMBOBOX 'payment_conditions_div';
2018-04-04 12:58:46 EXEC SPC_COM_GET_COMBOBOX 'port_city_div';
2018-04-04 12:58:47 EXEC SPC_COM_GET_COMBOBOX 'sales_detail_div';
2018-04-04 12:58:47 EXEC SPC_COM_GET_COMBOBOX 'storage_manager_div';
2018-04-04 12:58:47 EXEC SPC_COM_GET_COMBOBOX 'unit_m_div';
2018-04-04 12:58:47 EXEC SPC_COM_GET_COMBOBOX 'unit_w_div';
2018-04-04 12:58:47 EXEC SPC_COM_GET_COMBOBOX 'unit_q_div';
2018-04-04 13:18:13 EXEC SPC_COM_GET_COMBOBOX 'port_city_div';
2018-04-04 13:18:13 EXEC SPC_COM_GET_COMBOBOX 'sales_detail_div';
2018-04-04 13:18:14 EXEC SPC_COM_GET_COMBOBOX 'unit_q_div';
2018-04-04 13:18:15 EXEC SPC_COM_GET_COMBOBOX 'unit_w_div';
2018-04-04 13:18:15 EXEC SPC_COM_GET_COMBOBOX 'port_country_div';
2018-04-04 13:18:15 EXEC SPC_COM_GET_COMBOBOX 'unit_m_div';
2018-04-04 13:18:15 EXEC SPC_COM_GET_COMBOBOX 'shipment_div';
2018-04-04 13:18:15 EXEC SPC_COM_GET_COMBOBOX 'trade_terms_div';
2018-04-04 13:18:15 EXEC SPC_COM_GET_COMBOBOX 'currency_div';
ns_div';
2018-04-04 13:18:15 EXEC SPC_COM_GET_COMBOBOX 'storage_manager_div';
2018-04-04 13:18:56 EXEC SPC_COM_GET_COMBOBOX 'port_country_div';
2018-04-04 13:18:56 EXEC SPC_COM_GET_COMBOBOX 'shipment_div';
2018-04-04 13:18:56 EXEC SPC_COM_GET_COMBOBOX 'port_city_div';
2018-04-04 13:18:56 EXEC SPC_COM_GET_COMBOBOX 'trade_terms_div';
2018-04-04 13:18:57 EXEC SPC_COM_GET_COMBOBOX 'payment_conditions_div';
2018-04-04 13:18:57 EXEC SPC_COM_GET_COMBOBOX 'currency_div';
2018-04-04 13:18:57 EXEC SPC_COM_GET_COMBOBOX 'unit_q_div';
2018-04-04 13:18:57 EXEC SPC_COM_GET_COMBOBOX 'sales_detail_div';
2018-04-04 13:18:57 EXEC SPC_COM_GET_COMBOBOX 'storage_manager_div';
2018-04-04 13:18:57 EXEC SPC_COM_GET_COMBOBOX 'unit_m_div';
2018-04-04 13:18:57 EXEC SPC_COM_GET_COMBOBOX 'unit_w_div';
2018-04-04 13:23:32 EXEC SPC_COM_GET_COMBOBOX 'port_city_div';
2018-04-04 13:23:32 EXEC SPC_COM_GET_COMBOBOX 'shipment_div';
2018-04-04 13:23:32 EXEC SPC_COM_GET_COMBOBOX 'currency_div';
2018-04-04 13:23:32 EXEC SPC_COM_GET_COMBOBOX 'port_country_div';
2018-04-04 13:23:32 EXEC SPC_COM_GET_COMBOBOX 'payment_conditions_div';
2018-04-04 13:23:32 EXEC SPC_COM_GET_COMBOBOX 'trade_terms_div';
2018-04-04 13:23:33 EXEC SPC_COM_GET_COMBOBOX 'unit_m_div';
2018-04-04 13:23:33 EXEC SPC_COM_GET_COMBOBOX 'storage_manager_div';
2018-04-04 13:23:33 EXEC SPC_COM_GET_COMBOBOX 'unit_q_div';
2018-04-04 13:23:33 EXEC SPC_COM_GET_COMBOBOX 'sales_detail_div';
2018-04-04 13:23:33 EXEC SPC_COM_GET_COMBOBOX 'unit_w_div';
2018-04-04 13:24:54 EXEC SPC_COM_GET_COMBOBOX 'currency_div';
2018-04-04 13:24:54 EXEC SPC_COM_GET_COMBOBOX 'payment_conditions_div';
2018-04-04 13:24:54 EXEC SPC_COM_GET_COMBOBOX 'trade_terms_div';
2018-04-04 13:24:54 EXEC SPC_COM_GET_COMBOBOX 'port_country_div';
2018-04-04 13:24:54 EXEC SPC_COM_GET_COMBOBOX 'shipment_div';
2018-04-04 13:24:54 EXEC SPC_COM_GET_COMBOBOX 'port_city_div';
2018-04-04 13:24:54 EXEC SPC_COM_GET_COMBOBOX 'unit_m_div';
2018-04-04 13:24:54 EXEC SPC_COM_GET_COMBOBOX 'bank_div';
2018-04-04 13:24:54 EXEC SPC_COM_GET_COMBOBOX 'sales_detail_div';
2018-04-04 13:24:54 EXEC SPC_COM_GET_COMBOBOX 'unit_q_div';
2018-04-04 13:24:55 EXEC SPC_GET_TAX_RATE '2018/04/04';
2018-04-04 13:27:37 EXEC SPC_CITY_SEARCH '','','1','10';
2018-04-04 13:27:39 EXEC SPC_GET_LIB_CITY_COUNTRY '003';
2018-04-04 13:27:43 EXEC SPC_COUNTRY_SEARCH '','','1','10';
2018-04-04 13:27:45 EXEC SPC_GET_LIB_COUNTRY 'AE';
2018-04-04 13:28:00 EXEC SPC_CITY_SEARCH '','','1','10';
2018-04-04 13:28:03 EXEC SPC_GET_LIB_CITY_COUNTRY '001';
2018-04-04 13:28:07 EXEC SPC_COUNTRY_SEARCH '','','1','10';
2018-04-04 13:28:09 EXEC SPC_GET_LIB_COUNTRY 'AE';
2018-04-04 13:31:20 EXEC SPC_COM_GET_COMBOBOX 'shipment_div';
2018-04-04 13:31:21 EXEC SPC_COM_GET_COMBOBOX 'sales_detail_div';
2018-04-04 13:31:21 EXEC SPC_COM_GET_COMBOBOX 'unit_q_div';
2018-04-04 13:31:22 EXEC SPC_COM_GET_COMBOBOX 'unit_w_div';
2018-04-04 13:31:23 EXEC SPC_COM_GET_COMBOBOX 'unit_m_div';
2018-04-04 13:31:23 EXEC SPC_COM_GET_COMBOBOX 'trade_terms_div';
2018-04-04 13:31:23 EXEC SPC_COM_GET_COMBOBOX 'port_country_div';
2018-04-04 13:31:23 EXEC SPC_COM_GET_COMBOBOX 'payment_conditions_div';
2018-04-04 13:31:23 EXEC SPC_COM_GET_COMBOBOX 'currency_div';
2018-04-04 13:31:23 EXEC SPC_COM_GET_COMBOBOX 'port_city_div';
2018-04-04 13:31:23 EXEC SPC_COM_GET_COMBOBOX 'storage_manager_div';
2018-04-04 13:32:08 EXEC SPC_COM_GET_COMBOBOX 'currency_div';
2018-04-04 13:32:08 EXEC SPC_COM_GET_COMBOBOX 'port_city_div';
2018-04-04 13:32:08 EXEC SPC_COM_GET_COMBOBOX 'payment_conditions_div';
2018-04-04 13:32:08 EXEC SPC_COM_GET_COMBOBOX 'port_country_div';
2018-04-04 13:32:08 EXEC SPC_COM_GET_COMBOBOX 'shipment_div';
2018-04-04 13:32:08 EXEC SPC_COM_GET_COMBOBOX 'trade_terms_div';
2018-04-04 13:32:08 EXEC SPC_COM_GET_COMBOBOX 'unit_q_div';
2018-04-04 13:32:08 EXEC SPC_COM_GET_COMBOBOX 'storage_manager_div';
2018-04-04 13:32:09 EXEC SPC_COM_GET_COMBOBOX 'sales_detail_div';
2018-04-04 13:32:09 EXEC SPC_COM_GET_COMBOBOX 'unit_w_div';
2018-04-04 13:32:09 EXEC SPC_COM_GET_COMBOBOX 'unit_m_div';
2018-04-04 13:34:29 EXEC SPC_COM_GET_COMBOBOX 'payment_conditions_div';
2018-04-04 13:34:29 EXEC SPC_COM_GET_COMBOBOX 'port_country_div';
2018-04-04 13:34:29 EXEC SPC_COM_GET_COMBOBOX 'port_city_div';
2018-04-04 13:34:29 EXEC SPC_COM_GET_COMBOBOX 'currency_div';
2018-04-04 13:34:29 EXEC SPC_COM_GET_COMBOBOX 'trade_terms_div';
2018-04-04 13:34:29 EXEC SPC_COM_GET_COMBOBOX 'shipment_div';
2018-04-04 13:34:30 EXEC SPC_COM_GET_COMBOBOX 'unit_w_div';
2018-04-04 13:34:30 EXEC SPC_COM_GET_COMBOBOX 'sales_detail_div';
2018-04-04 13:34:30 EXEC SPC_COM_GET_COMBOBOX 'unit_m_div';
2018-04-04 13:34:30 EXEC SPC_COM_GET_COMBOBOX 'storage_manager_div';
2018-04-04 13:34:30 EXEC SPC_COM_GET_COMBOBOX 'unit_q_div';
2018-04-04 13:54:56 EXEC SPC_COM_GET_COMBOBOX 'port_city_div';
2018-04-04 13:54:57 EXEC SPC_COM_GET_COMBOBOX 'sales_detail_div';
2018-04-04 13:54:57 EXEC SPC_COM_GET_COMBOBOX 'unit_q_div';
2018-04-04 13:54:58 EXEC SPC_COM_GET_COMBOBOX 'port_country_div';
2018-04-04 13:54:58 EXEC SPC_COM_GET_COMBOBOX 'currency_div';
2018-04-04 13:54:58 EXEC SPC_COM_GET_COMBOBOX 'shipment_div';
2018-04-04 13:54:58 EXEC SPC_COM_GET_COMBOBOX 'payment_conditions_div';
2018-04-04 13:54:58 EXEC SPC_COM_GET_COMBOBOX 'trade_terms_div';
2018-04-04 13:54:58 EXEC SPC_COM_GET_COMBOBOX 'unit_w_div';
2018-04-04 13:54:58 EXEC SPC_COM_GET_COMBOBOX 'unit_m_div';
2018-04-04 13:54:58 EXEC SPC_COM_GET_COMBOBOX 'storage_manager_div';
2018-04-04 13:55:30 EXEC SPC_COM_GET_COMBOBOX 'shipment_div';
2018-04-04 13:55:30 EXEC SPC_COM_GET_COMBOBOX 'port_country_div';
2018-04-04 13:55:30 EXEC SPC_COM_GET_COMBOBOX 'currency_div';
2018-04-04 13:55:30 EXEC SPC_COM_GET_COMBOBOX 'payment_conditions_div';
2018-04-04 13:55:30 EXEC SPC_COM_GET_COMBOBOX 'trade_terms_div';
2018-04-04 13:55:30 EXEC SPC_COM_GET_COMBOBOX 'port_city_div';
2018-04-04 13:55:31 EXEC SPC_COM_GET_COMBOBOX 'storage_manager_div';
2018-04-04 13:55:31 EXEC SPC_COM_GET_COMBOBOX 'unit_w_div';
2018-04-04 13:55:31 EXEC SPC_COM_GET_COMBOBOX 'unit_m_div';
2018-04-04 13:55:31 EXEC SPC_COM_GET_COMBOBOX 'sales_detail_div';
2018-04-04 13:55:31 EXEC SPC_COM_GET_COMBOBOX 'unit_q_div';
2018-04-04 15:22:31 EXEC SPC_COM_GET_COMBOBOX 'port_country_div';
2018-04-04 15:22:31 EXEC SPC_COM_GET_COMBOBOX 'port_city_div';
2018-04-04 15:22:32 EXEC SPC_COM_GET_COMBOBOX 'unit_q_div';
2018-04-04 15:22:32 EXEC SPC_COM_GET_COMBOBOX 'sales_detail_div';
2018-04-04 15:22:32 EXEC SPC_COM_GET_COMBOBOX 'unit_m_div';
2018-04-04 15:22:32 EXEC SPC_COM_GET_COMBOBOX 'unit_w_div';
2018-04-04 15:22:33 EXEC SPC_COM_GET_COMBOBOX 'currency_div';
2018-04-04 15:22:33 EXEC SPC_COM_GET_COMBOBOX 'shipment_div';
2018-04-04 15:22:33 EXEC SPC_COM_GET_COMBOBOX 'storage_manager_div';
2018-04-04 15:22:33 EXEC SPC_COM_GET_COMBOBOX 'trade_terms_div';
2018-04-04 15:22:33 EXEC SPC_COM_GET_COMBOBOX 'payment_conditions_div';
2018-04-04 15:22:38 EXEC SPC_COM_GET_COMBOBOX 'inv_data_div';
2018-04-04 15:22:41 EXEC SPC_015_INVOICE_SEARCH_FND1 '','','','','','','','','1','10';
2018-04-04 15:22:44 EXEC SPC_COM_GET_COMBOBOX 'currency_div';
2018-04-04 15:22:44 EXEC SPC_COM_GET_COMBOBOX 'port_city_div';
2018-04-04 15:22:44 EXEC SPC_COM_GET_COMBOBOX 'port_country_div';
2018-04-04 15:22:44 EXEC SPC_COM_GET_COMBOBOX 'trade_terms_div';
2018-04-04 15:22:44 EXEC SPC_COM_GET_COMBOBOX 'shipment_div';
2018-04-04 15:22:44 EXEC SPC_COM_GET_COMBOBOX 'payment_conditions_div';
2018-04-04 15:22:45 EXEC SPC_COM_GET_COMBOBOX 'sales_detail_div';
2018-04-04 15:22:45 EXEC SPC_COM_GET_COMBOBOX 'unit_q_div';
2018-04-04 15:22:45 EXEC SPC_COM_GET_COMBOBOX 'storage_manager_div';
2018-04-04 15:22:45 EXEC SPC_COM_GET_COMBOBOX 'unit_w_div';
2018-04-04 15:23:53 EXEC SPC_COM_GET_COMBOBOX 'inv_data_div';
2018-04-04 15:23:56 EXEC SPC_015_INVOICE_SEARCH_FND1 '','','','','','','','','1','10';
2018-04-04 15:24:04 EXEC SPC_GET_CONSTANT '';
2018-04-04 15:24:04 EXEC SPC_016_INVOICE_EXPORT_ACT1 '[{"inv_no":"E-180301001"}]','t_inv_print','001','015-invoice-search','192.168.5.206';
2018-04-04 15:24:28 EXEC SPC_GET_CONSTANT '';
2018-04-04 15:24:28 EXEC SPC_016_INVOICE_EXPORT_ACT1 '[{"inv_no":"E-180301001"}]','t_inv_delivery_print','001','015-invoice-search','192.168.5.206';
2018-04-04 15:25:30 EXEC SPC_COM_GET_COMBOBOX 'port_city_div';
2018-04-04 15:25:30 EXEC SPC_COM_GET_COMBOBOX 'trade_terms_div';
2018-04-04 15:25:30 EXEC SPC_COM_GET_COMBOBOX 'port_country_div';
2018-04-04 15:25:30 EXEC SPC_COM_GET_COMBOBOX 'currency_div';
2018-04-04 15:25:30 EXEC SPC_COM_GET_COMBOBOX 'shipment_div';
2018-04-04 15:25:30 EXEC SPC_COM_GET_COMBOBOX 'payment_conditions_div';
2018-04-04 15:25:31 EXEC SPC_COM_GET_COMBOBOX 'sales_detail_div';
2018-04-04 15:25:31 EXEC SPC_COM_GET_COMBOBOX 'unit_q_div';
2018-04-04 15:25:31 EXEC SPC_COM_GET_COMBOBOX 'unit_m_div';
2018-04-04 15:25:31 EXEC SPC_COM_GET_COMBOBOX 'unit_w_div';
2018-04-04 15:25:31 EXEC SPC_COM_GET_COMBOBOX 'storage_manager_div';
2018-04-04 15:27:51 EXEC SPC_COM_GET_COMBOBOX 'inv_data_div';
2018-04-04 15:27:53 EXEC SPC_015_INVOICE_SEARCH_FND1 '','','','','','','','','1','10';
2018-04-04 15:27:57 EXEC SPC_019_SHIPPING_MARK_EXPORT_FND1 'E-180301001';
2018-04-04 15:59:50 EXEC SPC_COM_GET_COMBOBOX 'inv_data_div';
2018-04-04 16:04:25 EXEC SPC_COM_GET_COMBOBOX 'port_country_div';
2018-04-04 16:04:26 EXEC SPC_COM_GET_COMBOBOX 'sales_detail_div';
2018-04-04 16:04:26 EXEC SPC_COM_GET_COMBOBOX 'unit_q_div';
2018-04-04 16:04:27 EXEC SPC_COM_GET_COMBOBOX 'unit_w_div';
2018-04-04 16:04:27 EXEC SPC_COM_GET_COMBOBOX 'shipment_div';
2018-04-04 16:04:27 EXEC SPC_COM_GET_COMBOBOX 'unit_m_div';
2018-04-04 16:04:27 EXEC SPC_COM_GET_COMBOBOX 'currency_div';
2018-04-04 16:04:27 EXEC SPC_COM_GET_COMBOBOX 'trade_terms_div';
2018-04-04 16:04:27 EXEC SPC_COM_GET_COMBOBOX 'payment_conditions_div';
2018-04-04 16:04:27 EXEC SPC_COM_GET_COMBOBOX 'port_city_div';
2018-04-04 16:04:27 EXEC SPC_COM_GET_COMBOBOX 'storage_manager_div';
2018-04-04 16:27:44 EXEC SPC_COM_GET_COMBOBOX 'port_city_div';
2018-04-04 16:27:45 EXEC SPC_COM_GET_COMBOBOX 'sales_detail_div';
2018-04-04 16:27:45 EXEC SPC_COM_GET_COMBOBOX 'unit_q_div';
2018-04-04 16:27:45 EXEC SPC_COM_GET_COMBOBOX 'port_country_div';
2018-04-04 16:27:45 EXEC SPC_COM_GET_COMBOBOX 'trade_terms_div';
2018-04-04 16:27:46 EXEC SPC_COM_GET_COMBOBOX 'unit_w_div';
2018-04-04 16:27:46 EXEC SPC_COM_GET_COMBOBOX 'payment_conditions_div';
2018-04-04 16:27:46 EXEC SPC_COM_GET_COMBOBOX 'unit_m_div';
2018-04-04 16:27:46 EXEC SPC_COM_GET_COMBOBOX 'shipment_div';
2018-04-04 16:27:46 EXEC SPC_COM_GET_COMBOBOX 'currency_div';
2018-04-04 16:27:46 EXEC SPC_COM_GET_COMBOBOX 'storage_manager_div';
2018-04-04 17:49:43 EXEC SPC_COM_GET_COMBOBOX 'port_country_div';
2018-04-04 17:49:43 EXEC SPC_COM_GET_COMBOBOX 'sales_detail_div';
2018-04-04 17:49:44 EXEC SPC_COM_GET_COMBOBOX 'unit_q_div';
2018-04-04 17:49:44 EXEC SPC_COM_GET_COMBOBOX 'shipment_div';
2018-04-04 17:49:44 EXEC SPC_COM_GET_COMBOBOX 'trade_terms_div';
2018-04-04 17:49:44 EXEC SPC_COM_GET_COMBOBOX 'port_city_div';
2018-04-04 17:49:44 EXEC SPC_COM_GET_COMBOBOX 'currency_div';
2018-04-04 17:49:44 EXEC SPC_COM_GET_COMBOBOX 'payment_conditions_div';
2018-04-04 17:49:44 EXEC SPC_COM_GET_COMBOBOX 'unit_w_div';
2018-04-04 17:49:44 EXEC SPC_COM_GET_COMBOBOX 'storage_manager_div';
2018-04-04 17:49:44 EXEC SPC_COM_GET_COMBOBOX 'unit_m_div';
