2018-04-11 10:27:26 EXEC SPC_COM_GET_COMBOBOX 'bank_div';
2018-04-11 10:32:19 EXEC SPC_073_LOGIN_ACT1 '001','123456';
2018-04-11 10:32:19 EXEC SPC_GET_CONSTANT '';
2018-04-11 10:32:46 EXEC SPC_COM_GET_COMBOBOX 'inv_data_div';
2018-04-11 10:50:12 EXEC SPC_COM_GET_COMBOBOX 'port_city_div';
2018-04-11 10:50:12 EXEC SPC_COM_GET_COMBOBOX 'sales_detail_div';
2018-04-11 10:50:13 EXEC SPC_COM_GET_COMBOBOX 'unit_q_div';
2018-04-11 10:50:13 EXEC SPC_COM_GET_COMBOBOX 'currency_div';
2018-04-11 10:50:13 EXEC SPC_COM_GET_COMBOBOX 'shipment_div';
2018-04-11 10:50:13 EXEC SPC_COM_GET_COMBOBOX 'port_country_div';
2018-04-11 10:50:13 EXEC SPC_COM_GET_COMBOBOX 'payment_conditions_div';
2018-04-11 10:50:13 EXEC SPC_COM_GET_COMBOBOX 'trade_terms_div';
2018-04-11 10:50:13 EXEC SPC_COM_GET_COMBOBOX 'unit_w_div';
2018-04-11 10:50:13 EXEC SPC_COM_GET_COMBOBOX 'storage_manager_div';
2018-04-11 10:50:13 EXEC SPC_GET_TAX_RATE '2018/04/11';
2018-04-11 10:50:14 EXEC SPC_COM_GET_COMBOBOX 'unit_m_div';
2018-04-11 10:52:18 EXEC SPC_COM_GET_COMBOBOX 'fwd_status_div';
2018-04-11 10:52:19 EXEC SPC_011_SHIPMENT_SEARCH_FND1 '','','','','','','1','10';
2018-04-11 10:52:22 EXEC SPC_014_INVOICE_DETAIL_INQ2 'S-18030005';
2018-04-11 10:52:22 EXEC SPC_COM_GET_COMBOBOX 'unit_q_div';
2018-04-11 10:52:22 EXEC SPC_COM_GET_COMBOBOX 'unit_m_div';
2018-04-11 10:52:22 EXEC SPC_COM_GET_COMBOBOX 'unit_w_div';
2018-04-11 10:52:22 EXEC SPC_COM_GET_COMBOBOX 'sales_detail_div';
2018-04-11 11:10:39 EXEC SPC_COM_GET_COMBOBOX 'port_city_div';
2018-04-11 11:10:39 EXEC SPC_COM_GET_COMBOBOX 'port_country_div';
2018-04-11 11:10:39 EXEC SPC_COM_GET_COMBOBOX 'trade_terms_div';
2018-04-11 11:10:39 EXEC SPC_COM_GET_COMBOBOX 'shipment_div';
2018-04-11 11:10:39 EXEC SPC_COM_GET_COMBOBOX 'currency_div';
2018-04-11 11:10:39 EXEC SPC_COM_GET_COMBOBOX 'payment_conditions_div';
2018-04-11 11:10:39 EXEC SPC_COM_GET_COMBOBOX 'sales_detail_div';
2018-04-11 11:10:40 EXEC SPC_COM_GET_COMBOBOX 'unit_q_div';
2018-04-11 11:10:40 EXEC SPC_COM_GET_COMBOBOX 'unit_w_div';
2018-04-11 11:10:40 EXEC SPC_COM_GET_COMBOBOX 'storage_manager_div';
2018-04-11 11:10:40 EXEC SPC_COM_GET_COMBOBOX 'unit_m_div';
2018-04-11 11:10:40 EXEC SPC_GET_TAX_RATE '2018/04/11';
2018-04-11 11:10:43 EXEC SPC_COM_GET_COMBOBOX 'fwd_status_div';
2018-04-11 11:10:44 EXEC SPC_011_SHIPMENT_SEARCH_FND1 '','','','','','','1','10';
2018-04-11 11:10:46 EXEC SPC_014_INVOICE_DETAIL_INQ2 'S-18030004';
2018-04-11 11:10:47 EXEC SPC_COM_GET_COMBOBOX 'sales_detail_div';
2018-04-11 11:10:47 EXEC SPC_COM_GET_COMBOBOX 'unit_w_div';
2018-04-11 11:10:47 EXEC SPC_COM_GET_COMBOBOX 'unit_m_div';
2018-04-11 11:10:47 EXEC SPC_COM_GET_COMBOBOX 'unit_q_div';
2018-04-11 11:43:11 EXEC SPC_COM_GET_COMBOBOX 'port_city_div';
2018-04-11 11:43:11 EXEC SPC_COM_GET_COMBOBOX 'sales_detail_div';
2018-04-11 11:43:12 EXEC SPC_COM_GET_COMBOBOX 'unit_q_div';
2018-04-11 11:43:12 EXEC SPC_COM_GET_COMBOBOX 'payment_conditions_div';
2018-04-11 11:43:12 EXEC SPC_COM_GET_COMBOBOX 'port_country_div';
2018-04-11 11:43:12 EXEC SPC_COM_GET_COMBOBOX 'currency_div';
2018-04-11 11:43:12 EXEC SPC_COM_GET_COMBOBOX 'trade_terms_div';
2018-04-11 11:43:13 EXEC SPC_COM_GET_COMBOBOX 'shipment_div';
2018-04-11 11:43:13 EXEC SPC_COM_GET_COMBOBOX 'unit_w_div';
2018-04-11 11:43:13 EXEC SPC_GET_TAX_RATE '2018/04/11';
2018-04-11 11:43:13 EXEC SPC_COM_GET_COMBOBOX 'storage_manager_div';
2018-04-11 11:43:13 EXEC SPC_COM_GET_COMBOBOX 'unit_m_div';
2018-04-11 11:43:25 EXEC SPC_COM_GET_COMBOBOX 'fwd_status_div';
2018-04-11 11:43:26 EXEC SPC_011_SHIPMENT_SEARCH_FND1 '','','','','','','1','10';
2018-04-11 11:43:29 EXEC SPC_014_INVOICE_DETAIL_INQ2 'S-18030005';
2018-04-11 11:43:30 EXEC SPC_COM_GET_COMBOBOX 'unit_q_div';
2018-04-11 11:43:30 EXEC SPC_COM_GET_COMBOBOX 'unit_m_div';
2018-04-11 11:43:30 EXEC SPC_COM_GET_COMBOBOX 'sales_detail_div';
2018-04-11 11:55:30 EXEC SPC_COM_GET_COMBOBOX 'port_city_div';
2018-04-11 11:55:31 EXEC SPC_COM_GET_COMBOBOX 'sales_detail_div';
2018-04-11 11:55:31 EXEC SPC_COM_GET_COMBOBOX 'unit_q_div';
2018-04-11 11:55:31 EXEC SPC_COM_GET_COMBOBOX 'payment_conditions_div';
2018-04-11 11:55:31 EXEC SPC_COM_GET_COMBOBOX 'port_country_div';
2018-04-11 11:55:31 EXEC SPC_COM_GET_COMBOBOX 'currency_div';
2018-04-11 11:55:32 EXEC SPC_COM_GET_COMBOBOX 'shipment_div';
2018-04-11 11:55:32 EXEC SPC_COM_GET_COMBOBOX 'trade_terms_div';
2018-04-11 11:55:32 EXEC SPC_COM_GET_COMBOBOX 'unit_w_div';
2018-04-11 11:55:32 EXEC SPC_COM_GET_COMBOBOX 'storage_manager_div';
2018-04-11 11:55:32 EXEC SPC_COM_GET_COMBOBOX 'unit_m_div';
2018-04-11 11:55:32 EXEC SPC_GET_TAX_RATE '2018/04/11';
2018-04-11 11:55:53 EXEC SPC_COM_GET_COMBOBOX 'payment_conditions_div';
2018-04-11 11:55:53 EXEC SPC_COM_GET_COMBOBOX 'currency_div';
2018-04-11 11:55:53 EXEC SPC_COM_GET_COMBOBOX 'port_country_div';
2018-04-11 11:55:53 EXEC SPC_COM_GET_COMBOBOX 'shipment_div';
2018-04-11 11:55:53 EXEC SPC_COM_GET_COMBOBOX 'port_city_div';
2018-04-11 11:55:54 EXEC SPC_COM_GET_COMBOBOX 'unit_q_div';
2018-04-11 11:55:54 EXEC SPC_COM_GET_COMBOBOX 'unit_m_div';
2018-04-11 11:55:54 EXEC SPC_COM_GET_COMBOBOX 'sales_detail_div';
2018-04-11 11:55:54 EXEC SPC_COM_GET_COMBOBOX 'unit_w_div';
2018-04-11 11:55:54 EXEC SPC_COM_GET_COMBOBOX 'storage_manager_div';
2018-04-11 11:55:54 EXEC SPC_GET_TAX_RATE '2018/04/11';
2018-04-11 11:58:07 EXEC SPC_COM_GET_COMBOBOX 'fwd_status_div';
2018-04-11 11:58:09 EXEC SPC_011_SHIPMENT_SEARCH_FND1 '','','','','','','1','10';
2018-04-11 11:58:11 EXEC SPC_014_INVOICE_DETAIL_INQ2 'S-18030005';
2018-04-11 11:58:12 EXEC SPC_COM_GET_COMBOBOX 'unit_q_div';
2018-04-11 11:58:12 EXEC SPC_COM_GET_COMBOBOX 'sales_detail_div';
2018-04-11 11:58:12 EXEC SPC_COM_GET_COMBOBOX 'unit_w_div';
2018-04-11 11:58:12 EXEC SPC_COM_GET_COMBOBOX 'unit_m_div';
2018-04-11 12:04:46 EXEC SPC_COM_GET_COMBOBOX 'port_city_div';
2018-04-11 12:04:47 EXEC SPC_COM_GET_COMBOBOX 'sales_detail_div';
2018-04-11 12:04:47 EXEC SPC_COM_GET_COMBOBOX 'payment_conditions_div';
2018-04-11 12:04:48 EXEC SPC_COM_GET_COMBOBOX 'currency_div';
2018-04-11 12:04:48 EXEC SPC_COM_GET_COMBOBOX 'unit_q_div';
2018-04-11 12:04:48 EXEC SPC_COM_GET_COMBOBOX 'port_country_div';
2018-04-11 12:04:48 EXEC SPC_COM_GET_COMBOBOX 'shipment_div';
2018-04-11 12:04:48 EXEC SPC_COM_GET_COMBOBOX 'trade_terms_div';
2018-04-11 12:04:48 EXEC SPC_COM_GET_COMBOBOX 'unit_w_div';
2018-04-11 12:04:48 EXEC SPC_COM_GET_COMBOBOX 'unit_m_div';
2018-04-11 12:04:48 EXEC SPC_COM_GET_COMBOBOX 'storage_manager_div';
2018-04-11 12:04:48 EXEC SPC_GET_TAX_RATE '2018/04/11';
2018-04-11 12:06:15 EXEC SPC_COM_GET_COMBOBOX 'currency_div';
2018-04-11 12:06:15 EXEC SPC_COM_GET_COMBOBOX 'port_country_div';
2018-04-11 12:06:15 EXEC SPC_COM_GET_COMBOBOX 'port_city_div';
2018-04-11 12:06:15 EXEC SPC_COM_GET_COMBOBOX 'trade_terms_div';
2018-04-11 12:06:15 EXEC SPC_COM_GET_COMBOBOX 'payment_conditions_div';
2018-04-11 12:06:15 EXEC SPC_COM_GET_COMBOBOX 'shipment_div';
2018-04-11 12:06:16 EXEC SPC_COM_GET_COMBOBOX 'unit_m_div';
2018-04-11 12:06:16 EXEC SPC_COM_GET_COMBOBOX 'sales_detail_div';
2018-04-11 12:06:16 EXEC SPC_COM_GET_COMBOBOX 'unit_q_div';
2018-04-11 12:06:16 EXEC SPC_COM_GET_COMBOBOX 'storage_manager_div';
2018-04-11 12:06:16 EXEC SPC_COM_GET_COMBOBOX 'unit_w_div';
2018-04-11 12:06:16 EXEC SPC_GET_TAX_RATE '2018/04/11';
2018-04-11 12:06:22 EXEC SPC_COM_GET_COMBOBOX 'fwd_status_div';
2018-04-11 12:06:23 EXEC SPC_011_SHIPMENT_SEARCH_FND1 '','','','','','','1','10';
2018-04-11 12:06:26 EXEC SPC_014_INVOICE_DETAIL_INQ2 'S-18030005';
2018-04-11 12:06:27 EXEC SPC_COM_GET_COMBOBOX 'unit_q_div';
2018-04-11 12:06:27 EXEC SPC_COM_GET_COMBOBOX 'unit_m_div';
2018-04-11 12:06:27 EXEC SPC_COM_GET_COMBOBOX 'sales_detail_div';
2018-04-11 12:06:27 EXEC SPC_COM_GET_COMBOBOX 'unit_w_div';
2018-04-11 12:07:27 EXEC SPC_COM_GET_COMBOBOX 'port_country_div';
2018-04-11 12:07:27 EXEC SPC_COM_GET_COMBOBOX 'shipment_div';
2018-04-11 12:07:27 EXEC SPC_COM_GET_COMBOBOX 'port_city_div';
2018-04-11 12:07:27 EXEC SPC_COM_GET_COMBOBOX 'currency_div';
2018-04-11 12:07:27 EXEC SPC_COM_GET_COMBOBOX 'payment_conditions_div';
2018-04-11 12:07:27 EXEC SPC_COM_GET_COMBOBOX 'trade_terms_div';
2018-04-11 12:07:27 EXEC SPC_COM_GET_COMBOBOX 'sales_detail_div';
2018-04-11 12:07:27 EXEC SPC_COM_GET_COMBOBOX 'unit_q_div';
2018-04-11 12:07:27 EXEC SPC_COM_GET_COMBOBOX 'unit_m_div';
2018-04-11 12:07:27 EXEC SPC_COM_GET_COMBOBOX 'unit_w_div';
2018-04-11 12:07:28 EXEC SPC_COM_GET_COMBOBOX 'storage_manager_div';
2018-04-11 12:07:28 EXEC SPC_GET_TAX_RATE '2018/04/11';
2018-04-11 12:07:33 EXEC SPC_COM_GET_COMBOBOX 'fwd_status_div';
2018-04-11 12:07:34 EXEC SPC_011_SHIPMENT_SEARCH_FND1 '','','','','','','1','10';
2018-04-11 12:07:36 EXEC SPC_014_INVOICE_DETAIL_INQ2 'S-18030004';
2018-04-11 12:07:37 EXEC SPC_COM_GET_COMBOBOX 'sales_detail_div';
2018-04-11 12:07:37 EXEC SPC_COM_GET_COMBOBOX 'unit_w_div';
2018-04-11 12:07:37 EXEC SPC_COM_GET_COMBOBOX 'unit_m_div';
2018-04-11 12:07:37 EXEC SPC_COM_GET_COMBOBOX 'unit_q_div';
2018-04-11 12:08:17 EXEC SPC_COM_GET_COMBOBOX 'payment_conditions_div';
2018-04-11 12:08:17 EXEC SPC_COM_GET_COMBOBOX 'trade_terms_div';
2018-04-11 12:08:17 EXEC SPC_COM_GET_COMBOBOX 'port_city_div';
2018-04-11 12:08:17 EXEC SPC_COM_GET_COMBOBOX 'currency_div';
2018-04-11 12:08:17 EXEC SPC_COM_GET_COMBOBOX 'port_country_div';
2018-04-11 12:08:17 EXEC SPC_COM_GET_COMBOBOX 'shipment_div';
2018-04-11 12:08:18 EXEC SPC_COM_GET_COMBOBOX 'storage_manager_div';
2018-04-11 12:08:18 EXEC SPC_COM_GET_COMBOBOX 'unit_m_div';
2018-04-11 12:08:18 EXEC SPC_COM_GET_COMBOBOX 'unit_q_div';
2018-04-11 12:08:18 EXEC SPC_COM_GET_COMBOBOX 'sales_detail_div';
2018-04-11 12:08:18 EXEC SPC_COM_GET_COMBOBOX 'unit_w_div';
2018-04-11 12:08:18 EXEC SPC_GET_TAX_RATE '2018/04/11';
2018-04-11 12:08:22 EXEC SPC_COM_GET_COMBOBOX 'fwd_status_div';
2018-04-11 12:08:24 EXEC SPC_011_SHIPMENT_SEARCH_FND1 '','','','','','','1','10';
2018-04-11 12:08:26 EXEC SPC_014_INVOICE_DETAIL_INQ2 'S-18030005';
2018-04-11 12:08:27 EXEC SPC_COM_GET_COMBOBOX 'unit_w_div';
2018-04-11 12:08:27 EXEC SPC_COM_GET_COMBOBOX 'unit_q_div';
2018-04-11 12:08:27 EXEC SPC_COM_GET_COMBOBOX 'unit_m_div';
2018-04-11 12:08:27 EXEC SPC_COM_GET_COMBOBOX 'sales_detail_div';
2018-04-11 12:10:28 EXEC SPC_COM_GET_COMBOBOX 'port_country_div';
2018-04-11 12:10:28 EXEC SPC_COM_GET_COMBOBOX 'payment_conditions_div';
2018-04-11 12:10:28 EXEC SPC_COM_GET_COMBOBOX 'port_city_div';
2018-04-11 12:10:28 EXEC SPC_COM_GET_COMBOBOX 'currency_div';
2018-04-11 12:10:28 EXEC SPC_COM_GET_COMBOBOX 'trade_terms_div';
2018-04-11 12:10:29 EXEC SPC_COM_GET_COMBOBOX 'unit_w_div';
2018-04-11 12:10:29 EXEC SPC_COM_GET_COMBOBOX 'sales_detail_div';
2018-04-11 12:10:29 EXEC SPC_COM_GET_COMBOBOX 'unit_m_div';
2018-04-11 12:10:29 EXEC SPC_COM_GET_COMBOBOX 'unit_q_div';
2018-04-11 12:10:29 EXEC SPC_GET_TAX_RATE '2018/04/11';
2018-04-11 12:10:29 EXEC SPC_COM_GET_COMBOBOX 'storage_manager_div';
2018-04-11 12:10:33 EXEC SPC_COM_GET_COMBOBOX 'fwd_status_div';
2018-04-11 12:10:34 EXEC SPC_011_SHIPMENT_SEARCH_FND1 '','','','','','','1','10';
2018-04-11 12:10:37 EXEC SPC_014_INVOICE_DETAIL_INQ2 'S-18030004';
2018-04-11 12:10:37 EXEC SPC_COM_GET_COMBOBOX 'unit_w_div';
2018-04-11 12:10:37 EXEC SPC_COM_GET_COMBOBOX 'unit_q_div';
2018-04-11 12:10:37 EXEC SPC_COM_GET_COMBOBOX 'unit_m_div';
2018-04-11 12:10:37 EXEC SPC_COM_GET_COMBOBOX 'sales_detail_div';
2018-04-11 12:12:08 EXEC SPC_COM_GET_COMBOBOX 'port_city_div';
2018-04-11 12:12:08 EXEC SPC_COM_GET_COMBOBOX 'shipment_div';
2018-04-11 12:12:08 EXEC SPC_COM_GET_COMBOBOX 'port_country_div';
2018-04-11 12:12:08 EXEC SPC_COM_GET_COMBOBOX 'currency_div';
2018-04-11 12:12:08 EXEC SPC_COM_GET_COMBOBOX 'payment_conditions_div';
2018-04-11 12:12:08 EXEC SPC_COM_GET_COMBOBOX 'trade_terms_div';
2018-04-11 12:12:09 EXEC SPC_COM_GET_COMBOBOX 'unit_q_div';
2018-04-11 12:12:09 EXEC SPC_COM_GET_COMBOBOX 'sales_detail_div';
2018-04-11 12:12:09 EXEC SPC_COM_GET_COMBOBOX 'unit_m_div';
2018-04-11 12:12:09 EXEC SPC_COM_GET_COMBOBOX 'storage_manager_div';
2018-04-11 12:12:09 EXEC SPC_GET_TAX_RATE '2018/04/11';
2018-04-11 12:12:13 EXEC SPC_COM_GET_COMBOBOX 'fwd_status_div';
2018-04-11 12:12:14 EXEC SPC_011_SHIPMENT_SEARCH_FND1 '','','','','','','1','10';
2018-04-11 12:12:16 EXEC SPC_014_INVOICE_DETAIL_INQ2 'S-18030005';
2018-04-11 12:12:17 EXEC SPC_COM_GET_COMBOBOX 'sales_detail_div';
2018-04-11 12:12:17 EXEC SPC_COM_GET_COMBOBOX 'unit_m_div';
2018-04-11 12:12:17 EXEC SPC_COM_GET_COMBOBOX 'unit_q_div';
2018-04-11 12:12:17 EXEC SPC_COM_GET_COMBOBOX 'unit_w_div';
2018-04-11 12:50:58 EXEC SPC_COM_GET_COMBOBOX 'port_city_div';
2018-04-11 12:50:59 EXEC SPC_COM_GET_COMBOBOX 'sales_detail_div';
2018-04-11 12:50:59 EXEC SPC_COM_GET_COMBOBOX 'port_country_div';
2018-04-11 12:50:59 EXEC SPC_COM_GET_COMBOBOX 'shipment_div';
2018-04-11 12:50:59 EXEC SPC_COM_GET_COMBOBOX 'unit_q_div';
2018-04-11 12:50:59 EXEC SPC_COM_GET_COMBOBOX 'trade_terms_div';
2018-04-11 12:50:59 EXEC SPC_COM_GET_COMBOBOX 'currency_div';
2018-04-11 12:50:59 EXEC SPC_COM_GET_COMBOBOX 'payment_conditions_div';
2018-04-11 12:51:00 EXEC SPC_COM_GET_COMBOBOX 'unit_w_div';
2018-04-11 12:51:00 EXEC SPC_COM_GET_COMBOBOX 'unit_m_div';
2018-04-11 12:51:00 EXEC SPC_COM_GET_COMBOBOX 'storage_manager_div';
2018-04-11 12:51:00 EXEC SPC_GET_TAX_RATE '2018/04/11';
2018-04-11 12:51:16 EXEC SPC_COM_GET_COMBOBOX 'payment_conditions_div';
2018-04-11 12:51:16 EXEC SPC_COM_GET_COMBOBOX 'shipment_div';
2018-04-11 12:51:16 EXEC SPC_COM_GET_COMBOBOX 'port_country_div';
2018-04-11 12:51:16 EXEC SPC_COM_GET_COMBOBOX 'trade_terms_div';
2018-04-11 12:51:16 EXEC SPC_COM_GET_COMBOBOX 'port_city_div';
2018-04-11 12:51:16 EXEC SPC_COM_GET_COMBOBOX 'currency_div';
2018-04-11 12:51:16 EXEC SPC_COM_GET_COMBOBOX 'sales_detail_div';
2018-04-11 12:51:16 EXEC SPC_COM_GET_COMBOBOX 'unit_w_div';
2018-04-11 12:51:16 EXEC SPC_COM_GET_COMBOBOX 'storage_manager_div';
2018-04-11 12:51:17 EXEC SPC_COM_GET_COMBOBOX 'unit_q_div';
2018-04-11 12:51:17 EXEC SPC_COM_GET_COMBOBOX 'unit_m_div';
2018-04-11 12:51:17 EXEC SPC_GET_TAX_RATE '2018/04/11';
2018-04-11 12:52:39 EXEC SPC_COM_GET_COMBOBOX 'fwd_status_div';
2018-04-11 12:52:41 EXEC SPC_011_SHIPMENT_SEARCH_FND1 '','','','','','','1','10';
2018-04-11 12:52:43 EXEC SPC_014_INVOICE_DETAIL_INQ2 'S-18030005';
2018-04-11 12:52:44 EXEC SPC_COM_GET_COMBOBOX 'unit_q_div';
2018-04-11 12:52:44 EXEC SPC_COM_GET_COMBOBOX 'unit_m_div';
2018-04-11 12:52:44 EXEC SPC_COM_GET_COMBOBOX 'sales_detail_div';
2018-04-11 12:52:44 EXEC SPC_COM_GET_COMBOBOX 'unit_w_div';
2018-04-11 13:02:46 EXEC SPC_COM_GET_COMBOBOX 'port_city_div';
2018-04-11 13:02:46 EXEC SPC_COM_GET_COMBOBOX 'sales_detail_div';
2018-04-11 13:02:47 EXEC SPC_COM_GET_COMBOBOX 'unit_q_div';
2018-04-11 13:02:47 EXEC SPC_COM_GET_COMBOBOX 'currency_div';
2018-04-11 13:02:47 EXEC SPC_COM_GET_COMBOBOX 'shipment_div';
2018-04-11 13:02:47 EXEC SPC_COM_GET_COMBOBOX 'payment_conditions_div';
2018-04-11 13:02:47 EXEC SPC_COM_GET_COMBOBOX 'trade_terms_div';
2018-04-11 13:02:48 EXEC SPC_COM_GET_COMBOBOX 'port_country_div';
2018-04-11 13:02:48 EXEC SPC_COM_GET_COMBOBOX 'unit_w_div';
2018-04-11 13:02:48 EXEC SPC_COM_GET_COMBOBOX 'unit_m_div';
2018-04-11 13:02:48 EXEC SPC_COM_GET_COMBOBOX 'storage_manager_div';
2018-04-11 13:02:48 EXEC SPC_GET_TAX_RATE '2018/04/11';
2018-04-11 13:03:13 EXEC SPC_COM_GET_COMBOBOX 'fwd_status_div';
2018-04-11 13:03:14 EXEC SPC_011_SHIPMENT_SEARCH_FND1 '','','','','','','1','10';
2018-04-11 13:03:15 EXEC SPC_011_SHIPMENT_SEARCH_FND1 '','','','','','','18','10';
2018-04-11 13:03:17 EXEC SPC_014_INVOICE_DETAIL_INQ2 'S-18040009';
2018-04-11 13:03:17 EXEC SPC_COM_GET_COMBOBOX 'unit_w_div';
2018-04-11 13:03:17 EXEC SPC_COM_GET_COMBOBOX 'unit_m_div';
2018-04-11 13:03:17 EXEC SPC_COM_GET_COMBOBOX 'sales_detail_div';
2018-04-11 13:03:17 EXEC SPC_COM_GET_COMBOBOX 'unit_q_div';
2018-04-11 13:20:16 EXEC SPC_COM_GET_COMBOBOX 'port_city_div';
2018-04-11 13:20:17 EXEC SPC_COM_GET_COMBOBOX 'sales_detail_div';
2018-04-11 13:20:18 EXEC SPC_COM_GET_COMBOBOX 'port_country_div';
2018-04-11 13:20:18 EXEC SPC_COM_GET_COMBOBOX 'unit_q_div';
2018-04-11 13:20:18 EXEC SPC_COM_GET_COMBOBOX 'currency_div';
2018-04-11 13:20:18 EXEC SPC_COM_GET_COMBOBOX 'trade_terms_div';
2018-04-11 13:20:18 EXEC SPC_COM_GET_COMBOBOX 'shipment_div';
2018-04-11 13:20:18 EXEC SPC_COM_GET_COMBOBOX 'payment_conditions_div';
2018-04-11 13:20:18 EXEC SPC_COM_GET_COMBOBOX 'unit_m_div';
2018-04-11 13:20:18 EXEC SPC_COM_GET_COMBOBOX 'unit_w_div';
2018-04-11 13:20:18 EXEC SPC_COM_GET_COMBOBOX 'storage_manager_div';
2018-04-11 13:20:18 EXEC SPC_GET_TAX_RATE '2018/04/11';
2018-04-11 13:20:23 EXEC SPC_COM_GET_COMBOBOX 'fwd_status_div';
2018-04-11 13:20:24 EXEC SPC_011_SHIPMENT_SEARCH_FND1 '','','','','','','1','10';
2018-04-11 13:20:28 EXEC SPC_014_INVOICE_DETAIL_INQ2 'S-18030005';
2018-04-11 13:20:28 EXEC SPC_COM_GET_COMBOBOX 'unit_m_div';
2018-04-11 13:20:28 EXEC SPC_COM_GET_COMBOBOX 'unit_q_div';
2018-04-11 13:20:28 EXEC SPC_COM_GET_COMBOBOX 'sales_detail_div';
2018-04-11 13:21:34 EXEC SPC_COM_GET_COMBOBOX 'port_country_div';
2018-04-11 13:21:34 EXEC SPC_COM_GET_COMBOBOX 'trade_terms_div';
2018-04-11 13:21:34 EXEC SPC_COM_GET_COMBOBOX 'shipment_div';
2018-04-11 13:21:34 EXEC SPC_COM_GET_COMBOBOX 'currency_div';
2018-04-11 13:21:35 EXEC SPC_COM_GET_COMBOBOX 'payment_conditions_div';
2018-04-11 13:21:35 EXEC SPC_COM_GET_COMBOBOX 'port_city_div';
2018-04-11 13:21:35 EXEC SPC_COM_GET_COMBOBOX 'sales_detail_div';
2018-04-11 13:21:35 EXEC SPC_COM_GET_COMBOBOX 'unit_q_div';
2018-04-11 13:21:35 EXEC SPC_COM_GET_COMBOBOX 'unit_w_div';
2018-04-11 13:21:35 EXEC SPC_COM_GET_COMBOBOX 'unit_m_div';
2018-04-11 13:21:35 EXEC SPC_COM_GET_COMBOBOX 'storage_manager_div';
2018-04-11 13:21:35 EXEC SPC_GET_TAX_RATE '2018/04/11';
2018-04-11 13:22:19 EXEC SPC_COM_GET_COMBOBOX 'port_country_div';
2018-04-11 13:22:19 EXEC SPC_COM_GET_COMBOBOX 'trade_terms_div';
2018-04-11 13:22:19 EXEC SPC_COM_GET_COMBOBOX 'shipment_div';
2018-04-11 13:22:19 EXEC SPC_COM_GET_COMBOBOX 'payment_conditions_div';
2018-04-11 13:22:19 EXEC SPC_COM_GET_COMBOBOX 'port_city_div';
2018-04-11 13:22:19 EXEC SPC_COM_GET_COMBOBOX 'currency_div';
2018-04-11 13:22:20 EXEC SPC_COM_GET_COMBOBOX 'sales_detail_div';
2018-04-11 13:22:20 EXEC SPC_COM_GET_COMBOBOX 'unit_m_div';
2018-04-11 13:22:20 EXEC SPC_COM_GET_COMBOBOX 'unit_w_div';
2018-04-11 13:22:20 EXEC SPC_COM_GET_COMBOBOX 'unit_q_div';
2018-04-11 13:22:20 EXEC SPC_COM_GET_COMBOBOX 'storage_manager_div';
2018-04-11 13:22:20 EXEC SPC_GET_TAX_RATE '2018/04/11';
2018-04-11 13:24:49 EXEC SPC_COM_GET_COMBOBOX 'port_city_div';
2018-04-11 13:24:49 EXEC SPC_COM_GET_COMBOBOX 'currency_div';
2018-04-11 13:24:49 EXEC SPC_COM_GET_COMBOBOX 'port_country_div';
2018-04-11 13:24:49 EXEC SPC_COM_GET_COMBOBOX 'payment_conditions_div';
2018-04-11 13:24:49 EXEC SPC_COM_GET_COMBOBOX 'trade_terms_div';
2018-04-11 13:24:49 EXEC SPC_COM_GET_COMBOBOX 'shipment_div';
2018-04-11 13:24:50 EXEC SPC_COM_GET_COMBOBOX 'sales_detail_div';
2018-04-11 13:24:50 EXEC SPC_COM_GET_COMBOBOX 'unit_w_div';
2018-04-11 13:24:50 EXEC SPC_COM_GET_COMBOBOX 'unit_q_div';
2018-04-11 13:24:50 EXEC SPC_COM_GET_COMBOBOX 'unit_m_div';
2018-04-11 13:24:50 EXEC SPC_COM_GET_COMBOBOX 'storage_manager_div';
2018-04-11 13:24:50 EXEC SPC_GET_TAX_RATE '2018/04/11';
2018-04-11 13:27:21 EXEC SPC_COM_GET_COMBOBOX 'port_city_div';
2018-04-11 13:27:21 EXEC SPC_COM_GET_COMBOBOX 'port_country_div';
2018-04-11 13:27:21 EXEC SPC_COM_GET_COMBOBOX 'shipment_div';
2018-04-11 13:27:21 EXEC SPC_COM_GET_COMBOBOX 'currency_div';
2018-04-11 13:27:21 EXEC SPC_COM_GET_COMBOBOX 'trade_terms_div';
2018-04-11 13:27:21 EXEC SPC_COM_GET_COMBOBOX 'payment_conditions_div';
2018-04-11 13:27:21 EXEC SPC_COM_GET_COMBOBOX 'sales_detail_div';
2018-04-11 13:27:21 EXEC SPC_COM_GET_COMBOBOX 'unit_w_div';
2018-04-11 13:27:21 EXEC SPC_COM_GET_COMBOBOX 'unit_q_div';
2018-04-11 13:27:21 EXEC SPC_GET_TAX_RATE '2018/04/11';
2018-04-11 13:27:21 EXEC SPC_COM_GET_COMBOBOX 'storage_manager_div';
2018-04-11 13:27:21 EXEC SPC_COM_GET_COMBOBOX 'unit_m_div';
2018-04-11 13:27:30 EXEC SPC_COM_GET_COMBOBOX 'trade_terms_div';
2018-04-11 13:27:30 EXEC SPC_COM_GET_COMBOBOX 'shipment_div';
2018-04-11 13:27:30 EXEC SPC_COM_GET_COMBOBOX 'port_country_div';
2018-04-11 13:27:30 EXEC SPC_COM_GET_COMBOBOX 'currency_div';
2018-04-11 13:27:30 EXEC SPC_COM_GET_COMBOBOX 'port_city_div';
2018-04-11 13:27:30 EXEC SPC_COM_GET_COMBOBOX 'payment_conditions_div';
2018-04-11 13:27:31 EXEC SPC_COM_GET_COMBOBOX 'unit_m_div';
2018-04-11 13:27:31 EXEC SPC_COM_GET_COMBOBOX 'unit_q_div';
2018-04-11 13:27:31 EXEC SPC_COM_GET_COMBOBOX 'unit_w_div';
2018-04-11 13:27:31 EXEC SPC_COM_GET_COMBOBOX 'sales_detail_div';
2018-04-11 13:27:31 EXEC SPC_COM_GET_COMBOBOX 'storage_manager_div';
2018-04-11 13:27:31 EXEC SPC_GET_TAX_RATE '2018/04/11';
2018-04-11 13:28:52 EXEC SPC_COM_GET_COMBOBOX 'port_country_div';
2018-04-11 13:28:52 EXEC SPC_COM_GET_COMBOBOX 'payment_conditions_div';
2018-04-11 13:28:52 EXEC SPC_COM_GET_COMBOBOX 'port_city_div';
2018-04-11 13:28:52 EXEC SPC_COM_GET_COMBOBOX 'shipment_div';
2018-04-11 13:28:52 EXEC SPC_COM_GET_COMBOBOX 'trade_terms_div';
2018-04-11 13:28:52 EXEC SPC_COM_GET_COMBOBOX 'currency_div';
2018-04-11 13:28:53 EXEC SPC_COM_GET_COMBOBOX 'storage_manager_div';
2018-04-11 13:28:53 EXEC SPC_COM_GET_COMBOBOX 'unit_m_div';
2018-04-11 13:28:53 EXEC SPC_COM_GET_COMBOBOX 'unit_q_div';
2018-04-11 13:28:53 EXEC SPC_GET_TAX_RATE '2018/04/11';
2018-04-11 13:28:53 EXEC SPC_COM_GET_COMBOBOX 'unit_w_div';
2018-04-11 13:28:53 EXEC SPC_COM_GET_COMBOBOX 'sales_detail_div';
2018-04-11 13:29:04 EXEC SPC_COM_GET_COMBOBOX 'port_city_div';
2018-04-11 13:29:04 EXEC SPC_COM_GET_COMBOBOX 'port_country_div';
2018-04-11 13:29:04 EXEC SPC_COM_GET_COMBOBOX 'shipment_div';
2018-04-11 13:29:04 EXEC SPC_COM_GET_COMBOBOX 'trade_terms_div';
2018-04-11 13:29:05 EXEC SPC_COM_GET_COMBOBOX 'payment_conditions_div';
2018-04-11 13:29:05 EXEC SPC_COM_GET_COMBOBOX 'currency_div';
2018-04-11 13:29:05 EXEC SPC_COM_GET_COMBOBOX 'sales_detail_div';
2018-04-11 13:29:05 EXEC SPC_COM_GET_COMBOBOX 'unit_q_div';
2018-04-11 13:29:05 EXEC SPC_COM_GET_COMBOBOX 'unit_m_div';
2018-04-11 13:29:05 EXEC SPC_COM_GET_COMBOBOX 'unit_w_div';
2018-04-11 13:29:05 EXEC SPC_GET_TAX_RATE '2018/04/11';
2018-04-11 13:29:05 EXEC SPC_COM_GET_COMBOBOX 'storage_manager_div';
2018-04-11 13:30:43 EXEC SPC_COM_GET_COMBOBOX 'port_country_div';
2018-04-11 13:30:43 EXEC SPC_COM_GET_COMBOBOX 'port_city_div';
2018-04-11 13:30:43 EXEC SPC_COM_GET_COMBOBOX 'currency_div';
2018-04-11 13:30:43 EXEC SPC_COM_GET_COMBOBOX 'payment_conditions_div';
2018-04-11 13:30:43 EXEC SPC_COM_GET_COMBOBOX 'shipment_div';
2018-04-11 13:30:43 EXEC SPC_COM_GET_COMBOBOX 'trade_terms_div';
2018-04-11 13:30:44 EXEC SPC_COM_GET_COMBOBOX 'unit_q_div';
2018-04-11 13:30:44 EXEC SPC_COM_GET_COMBOBOX 'sales_detail_div';
2018-04-11 13:30:44 EXEC SPC_COM_GET_COMBOBOX 'unit_w_div';
2018-04-11 13:30:44 EXEC SPC_COM_GET_COMBOBOX 'unit_m_div';
2018-04-11 13:30:44 EXEC SPC_GET_TAX_RATE '2018/04/11';
2018-04-11 13:30:44 EXEC SPC_COM_GET_COMBOBOX 'storage_manager_div';
2018-04-11 13:58:24 EXEC SPC_COM_GET_COMBOBOX 'port_city_div';
2018-04-11 13:58:24 EXEC SPC_COM_GET_COMBOBOX 'sales_detail_div';
2018-04-11 13:58:25 EXEC SPC_COM_GET_COMBOBOX 'shipment_div';
2018-04-11 13:58:25 EXEC SPC_COM_GET_COMBOBOX 'currency_div';
2018-04-11 13:58:25 EXEC SPC_COM_GET_COMBOBOX 'payment_conditions_div';
2018-04-11 13:58:25 EXEC SPC_COM_GET_COMBOBOX 'port_country_div';
2018-04-11 13:58:25 EXEC SPC_COM_GET_COMBOBOX 'trade_terms_div';
2018-04-11 13:58:25 EXEC SPC_COM_GET_COMBOBOX 'unit_w_div';
2018-04-11 13:58:25 EXEC SPC_COM_GET_COMBOBOX 'unit_q_div';
2018-04-11 13:58:25 EXEC SPC_COM_GET_COMBOBOX 'unit_m_div';
2018-04-11 13:58:25 EXEC SPC_COM_GET_COMBOBOX 'storage_manager_div';
2018-04-11 13:58:25 EXEC SPC_GET_TAX_RATE '2018/04/11';
2018-04-11 13:58:36 EXEC SPC_COM_GET_COMBOBOX 'currency_div';
2018-04-11 13:58:36 EXEC SPC_COM_GET_COMBOBOX 'port_country_div';
2018-04-11 13:58:36 EXEC SPC_COM_GET_COMBOBOX 'payment_conditions_div';
2018-04-11 13:58:36 EXEC SPC_COM_GET_COMBOBOX 'shipment_div';
2018-04-11 13:58:36 EXEC SPC_COM_GET_COMBOBOX 'trade_terms_div';
2018-04-11 13:58:36 EXEC SPC_COM_GET_COMBOBOX 'port_city_div';
2018-04-11 13:58:37 EXEC SPC_COM_GET_COMBOBOX 'sales_detail_div';
2018-04-11 13:58:37 EXEC SPC_COM_GET_COMBOBOX 'unit_q_div';
2018-04-11 13:58:37 EXEC SPC_COM_GET_COMBOBOX 'unit_w_div';
2018-04-11 13:58:37 EXEC SPC_COM_GET_COMBOBOX 'unit_m_div';
2018-04-11 13:58:37 EXEC SPC_COM_GET_COMBOBOX 'storage_manager_div';
2018-04-11 13:58:37 EXEC SPC_GET_TAX_RATE '2018/04/11';
2018-04-11 13:59:03 EXEC SPC_COM_GET_COMBOBOX 'port_city_div';
2018-04-11 13:59:03 EXEC SPC_COM_GET_COMBOBOX 'payment_conditions_div';
2018-04-11 13:59:03 EXEC SPC_COM_GET_COMBOBOX 'trade_terms_div';
2018-04-11 13:59:03 EXEC SPC_COM_GET_COMBOBOX 'shipment_div';
2018-04-11 13:59:03 EXEC SPC_COM_GET_COMBOBOX 'currency_div';
2018-04-11 13:59:03 EXEC SPC_COM_GET_COMBOBOX 'port_country_div';
2018-04-11 13:59:04 EXEC SPC_COM_GET_COMBOBOX 'unit_q_div';
2018-04-11 13:59:04 EXEC SPC_COM_GET_COMBOBOX 'sales_detail_div';
2018-04-11 13:59:04 EXEC SPC_COM_GET_COMBOBOX 'unit_w_div';
2018-04-11 13:59:04 EXEC SPC_GET_TAX_RATE '2018/04/11';
2018-04-11 13:59:04 EXEC SPC_COM_GET_COMBOBOX 'storage_manager_div';
2018-04-11 13:59:04 EXEC SPC_COM_GET_COMBOBOX 'unit_m_div';
2018-04-11 13:59:47 EXEC SPC_COM_GET_COMBOBOX 'currency_div';
2018-04-11 13:59:47 EXEC SPC_COM_GET_COMBOBOX 'port_country_div';
2018-04-11 13:59:47 EXEC SPC_COM_GET_COMBOBOX 'port_city_div';
2018-04-11 13:59:47 EXEC SPC_COM_GET_COMBOBOX 'trade_terms_div';
2018-04-11 13:59:47 EXEC SPC_COM_GET_COMBOBOX 'shipment_div';
2018-04-11 13:59:47 EXEC SPC_COM_GET_COMBOBOX 'payment_conditions_div';
2018-04-11 13:59:48 EXEC SPC_COM_GET_COMBOBOX 'sales_detail_div';
2018-04-11 13:59:48 EXEC SPC_COM_GET_COMBOBOX 'unit_q_div';
2018-04-11 13:59:48 EXEC SPC_COM_GET_COMBOBOX 'unit_w_div';
2018-04-11 13:59:48 EXEC SPC_GET_TAX_RATE '2018/04/11';
2018-04-11 13:59:48 EXEC SPC_COM_GET_COMBOBOX 'unit_m_div';
2018-04-11 13:59:48 EXEC SPC_COM_GET_COMBOBOX 'storage_manager_div';
2018-04-11 13:59:52 EXEC SPC_COM_GET_COMBOBOX 'fwd_status_div';
2018-04-11 14:00:50 EXEC SPC_COM_GET_COMBOBOX 'port_city_div';
2018-04-11 14:00:50 EXEC SPC_COM_GET_COMBOBOX 'shipment_div';
2018-04-11 14:00:50 EXEC SPC_COM_GET_COMBOBOX 'trade_terms_div';
2018-04-11 14:00:50 EXEC SPC_COM_GET_COMBOBOX 'currency_div';
2018-04-11 14:00:50 EXEC SPC_COM_GET_COMBOBOX 'port_country_div';
2018-04-11 14:00:50 EXEC SPC_COM_GET_COMBOBOX 'payment_conditions_div';
2018-04-11 14:00:50 EXEC SPC_COM_GET_COMBOBOX 'sales_detail_div';
2018-04-11 14:00:50 EXEC SPC_COM_GET_COMBOBOX 'unit_w_div';
2018-04-11 14:00:50 EXEC SPC_COM_GET_COMBOBOX 'unit_m_div';
2018-04-11 14:00:50 EXEC SPC_COM_GET_COMBOBOX 'storage_manager_div';
2018-04-11 14:00:50 EXEC SPC_COM_GET_COMBOBOX 'unit_q_div';
2018-04-11 14:00:50 EXEC SPC_GET_TAX_RATE '2018/04/11';
2018-04-11 15:09:27 EXEC SPC_COM_GET_COMBOBOX 'port_city_div';
2018-04-11 15:09:28 EXEC SPC_COM_GET_COMBOBOX 'sales_detail_div';
2018-04-11 15:09:28 EXEC SPC_COM_GET_COMBOBOX 'trade_terms_div';
2018-04-11 15:09:28 EXEC SPC_COM_GET_COMBOBOX 'payment_conditions_div';
2018-04-11 15:09:28 EXEC SPC_COM_GET_COMBOBOX 'unit_q_div';
2018-04-11 15:09:28 EXEC SPC_COM_GET_COMBOBOX 'shipment_div';
2018-04-11 15:09:28 EXEC SPC_COM_GET_COMBOBOX 'port_country_div';
2018-04-11 15:09:29 EXEC SPC_COM_GET_COMBOBOX 'currency_div';
2018-04-11 15:09:29 EXEC SPC_COM_GET_COMBOBOX 'unit_w_div';
2018-04-11 15:09:29 EXEC SPC_GET_TAX_RATE '2018/04/11';
2018-04-11 15:09:29 EXEC SPC_COM_GET_COMBOBOX 'unit_m_div';
2018-04-11 15:09:29 EXEC SPC_COM_GET_COMBOBOX 'storage_manager_div';
2018-04-11 15:16:19 EXEC SPC_COM_GET_COMBOBOX 'port_city_div';
2018-04-11 15:16:20 EXEC SPC_COM_GET_COMBOBOX 'sales_detail_div';
2018-04-11 15:16:21 EXEC SPC_COM_GET_COMBOBOX 'unit_q_div';
2018-04-11 15:16:21 EXEC SPC_COM_GET_COMBOBOX 'trade_terms_div';
2018-04-11 15:16:21 EXEC SPC_COM_GET_COMBOBOX 'currency_div';
2018-04-11 15:16:21 EXEC SPC_COM_GET_COMBOBOX 'payment_conditions_div';
2018-04-11 15:16:21 EXEC SPC_COM_GET_COMBOBOX 'port_country_div';
2018-04-11 15:16:21 EXEC SPC_COM_GET_COMBOBOX 'shipment_div';
2018-04-11 15:16:21 EXEC SPC_COM_GET_COMBOBOX 'unit_w_div';
2018-04-11 15:16:21 EXEC SPC_COM_GET_COMBOBOX 'unit_m_div';
2018-04-11 15:16:21 EXEC SPC_COM_GET_COMBOBOX 'storage_manager_div';
2018-04-11 15:16:21 EXEC SPC_GET_TAX_RATE '2018/04/11';
2018-04-11 15:22:09 EXEC SPC_COM_GET_COMBOBOX 'port_city_div';
2018-04-11 15:22:10 EXEC SPC_COM_GET_COMBOBOX 'sales_detail_div';
2018-04-11 15:22:11 EXEC SPC_COM_GET_COMBOBOX 'unit_q_div';
2018-04-11 15:22:11 EXEC SPC_COM_GET_COMBOBOX 'payment_conditions_div';
2018-04-11 15:22:11 EXEC SPC_COM_GET_COMBOBOX 'currency_div';
2018-04-11 15:22:11 EXEC SPC_COM_GET_COMBOBOX 'trade_terms_div';
2018-04-11 15:22:11 EXEC SPC_COM_GET_COMBOBOX 'unit_w_div';
2018-04-11 15:22:11 EXEC SPC_COM_GET_COMBOBOX 'port_country_div';
2018-04-11 15:22:11 EXEC SPC_COM_GET_COMBOBOX 'shipment_div';
2018-04-11 15:22:11 EXEC SPC_COM_GET_COMBOBOX 'unit_m_div';
2018-04-11 15:22:11 EXEC SPC_COM_GET_COMBOBOX 'storage_manager_div';
2018-04-11 15:22:11 EXEC SPC_GET_TAX_RATE '2018/04/11';
2018-04-11 15:28:01 EXEC SPC_COM_GET_COMBOBOX 'port_city_div';
2018-04-11 15:28:02 EXEC SPC_COM_GET_COMBOBOX 'sales_detail_div';
2018-04-11 15:28:02 EXEC SPC_COM_GET_COMBOBOX 'port_country_div';
2018-04-11 15:28:02 EXEC SPC_COM_GET_COMBOBOX 'unit_q_div';
2018-04-11 15:28:02 EXEC SPC_COM_GET_COMBOBOX 'shipment_div';
2018-04-11 15:28:02 EXEC SPC_COM_GET_COMBOBOX 'payment_conditions_div';
2018-04-11 15:28:02 EXEC SPC_COM_GET_COMBOBOX 'currency_div';
2018-04-11 15:28:03 EXEC SPC_COM_GET_COMBOBOX 'trade_terms_div';
2018-04-11 15:28:03 EXEC SPC_COM_GET_COMBOBOX 'unit_w_div';
2018-04-11 15:28:03 EXEC SPC_COM_GET_COMBOBOX 'unit_m_div';
2018-04-11 15:28:03 EXEC SPC_COM_GET_COMBOBOX 'storage_manager_div';
2018-04-11 15:28:03 EXEC SPC_GET_TAX_RATE '2018/04/11';
2018-04-11 15:28:57 EXEC SPC_COM_GET_COMBOBOX 'shipment_div';
2018-04-11 15:28:57 EXEC SPC_COM_GET_COMBOBOX 'port_country_div';
2018-04-11 15:28:57 EXEC SPC_COM_GET_COMBOBOX 'trade_terms_div';
2018-04-11 15:28:58 EXEC SPC_COM_GET_COMBOBOX 'currency_div';
2018-04-11 15:28:58 EXEC SPC_COM_GET_COMBOBOX 'port_city_div';
2018-04-11 15:28:58 EXEC SPC_COM_GET_COMBOBOX 'payment_conditions_div';
2018-04-11 15:28:58 EXEC SPC_COM_GET_COMBOBOX 'unit_q_div';
2018-04-11 15:28:58 EXEC SPC_COM_GET_COMBOBOX 'storage_manager_div';
2018-04-11 15:28:58 EXEC SPC_COM_GET_COMBOBOX 'unit_m_div';
2018-04-11 15:28:58 EXEC SPC_COM_GET_COMBOBOX 'sales_detail_div';
2018-04-11 15:28:58 EXEC SPC_COM_GET_COMBOBOX 'unit_w_div';
2018-04-11 15:28:58 EXEC SPC_GET_TAX_RATE '2018/04/11';
2018-04-11 15:31:07 EXEC SPC_COM_GET_COMBOBOX 'port_city_div';
2018-04-11 15:31:07 EXEC SPC_COM_GET_COMBOBOX 'currency_div';
2018-04-11 15:31:07 EXEC SPC_COM_GET_COMBOBOX 'shipment_div';
2018-04-11 15:31:07 EXEC SPC_COM_GET_COMBOBOX 'payment_conditions_div';
2018-04-11 15:31:07 EXEC SPC_COM_GET_COMBOBOX 'trade_terms_div';
2018-04-11 15:31:08 EXEC SPC_COM_GET_COMBOBOX 'port_country_div';
2018-04-11 15:31:08 EXEC SPC_COM_GET_COMBOBOX 'unit_w_div';
2018-04-11 15:31:08 EXEC SPC_COM_GET_COMBOBOX 'unit_q_div';
2018-04-11 15:31:08 EXEC SPC_COM_GET_COMBOBOX 'sales_detail_div';
2018-04-11 15:31:08 EXEC SPC_COM_GET_COMBOBOX 'unit_m_div';
2018-04-11 15:31:08 EXEC SPC_COM_GET_COMBOBOX 'storage_manager_div';
2018-04-11 15:31:08 EXEC SPC_GET_TAX_RATE '2018/04/11';
2018-04-11 15:32:09 EXEC SPC_COM_GET_COMBOBOX 'fwd_status_div';
2018-04-11 15:32:10 EXEC SPC_011_SHIPMENT_SEARCH_FND1 '','','','','','','1','10';
2018-04-11 15:32:12 EXEC SPC_014_INVOICE_DETAIL_INQ2 'S-18030005';
2018-04-11 15:32:13 EXEC SPC_COM_GET_COMBOBOX 'unit_m_div';
2018-04-11 15:32:13 EXEC SPC_COM_GET_COMBOBOX 'sales_detail_div';
2018-04-11 15:32:13 EXEC SPC_COM_GET_COMBOBOX 'unit_w_div';
2018-04-11 15:32:13 EXEC SPC_COM_GET_COMBOBOX 'unit_q_div';
2018-04-11 15:55:21 EXEC SPC_COM_GET_COMBOBOX 'port_country_div';
2018-04-11 15:55:22 EXEC SPC_COM_GET_COMBOBOX 'sales_detail_div';
2018-04-11 15:55:22 EXEC SPC_COM_GET_COMBOBOX 'unit_q_div';
2018-04-11 15:55:23 EXEC SPC_COM_GET_COMBOBOX 'trade_terms_div';
2018-04-11 15:55:23 EXEC SPC_COM_GET_COMBOBOX 'port_city_div';
2018-04-11 15:55:23 EXEC SPC_COM_GET_COMBOBOX 'unit_w_div';
2018-04-11 15:55:23 EXEC SPC_COM_GET_COMBOBOX 'payment_conditions_div';
2018-04-11 15:55:23 EXEC SPC_COM_GET_COMBOBOX 'shipment_div';
2018-04-11 15:55:23 EXEC SPC_COM_GET_COMBOBOX 'currency_div';
2018-04-11 15:55:23 EXEC SPC_COM_GET_COMBOBOX 'unit_m_div';
2018-04-11 15:55:23 EXEC SPC_COM_GET_COMBOBOX 'storage_manager_div';
2018-04-11 15:55:23 EXEC SPC_GET_TAX_RATE '2018/04/11';
2018-04-11 15:55:26 EXEC SPC_COM_GET_COMBOBOX 'fwd_status_div';
2018-04-11 15:55:28 EXEC SPC_011_SHIPMENT_SEARCH_FND1 '','','','','','','1','10';
2018-04-11 15:55:30 EXEC SPC_014_INVOICE_DETAIL_INQ2 'S-18030005';
2018-04-11 15:55:30 EXEC SPC_COM_GET_COMBOBOX 'unit_w_div';
2018-04-11 15:55:30 EXEC SPC_COM_GET_COMBOBOX 'unit_q_div';
2018-04-11 15:55:30 EXEC SPC_COM_GET_COMBOBOX 'unit_m_div';
2018-04-11 15:55:30 EXEC SPC_COM_GET_COMBOBOX 'sales_detail_div';
2018-04-11 15:56:20 EXEC SPC_COM_GET_COMBOBOX 'trade_terms_div';
2018-04-11 15:56:20 EXEC SPC_COM_GET_COMBOBOX 'currency_div';
2018-04-11 15:56:20 EXEC SPC_COM_GET_COMBOBOX 'port_country_div';
2018-04-11 15:56:20 EXEC SPC_COM_GET_COMBOBOX 'shipment_div';
2018-04-11 15:56:20 EXEC SPC_COM_GET_COMBOBOX 'port_city_div';
2018-04-11 15:56:20 EXEC SPC_COM_GET_COMBOBOX 'payment_conditions_div';
2018-04-11 15:56:21 EXEC SPC_COM_GET_COMBOBOX 'sales_detail_div';
2018-04-11 15:56:21 EXEC SPC_COM_GET_COMBOBOX 'unit_m_div';
2018-04-11 15:56:21 EXEC SPC_COM_GET_COMBOBOX 'unit_q_div';
2018-04-11 15:56:21 EXEC SPC_COM_GET_COMBOBOX 'storage_manager_div';
2018-04-11 15:56:21 EXEC SPC_COM_GET_COMBOBOX 'unit_w_div';
2018-04-11 15:56:21 EXEC SPC_GET_TAX_RATE '2018/04/11';
2018-04-11 15:57:32 EXEC SPC_COM_GET_COMBOBOX 'port_country_div';
2018-04-11 15:57:32 EXEC SPC_COM_GET_COMBOBOX 'port_city_div';
2018-04-11 15:57:32 EXEC SPC_COM_GET_COMBOBOX 'shipment_div';
2018-04-11 15:57:32 EXEC SPC_COM_GET_COMBOBOX 'currency_div';
2018-04-11 15:57:32 EXEC SPC_COM_GET_COMBOBOX 'trade_terms_div';
2018-04-11 15:57:32 EXEC SPC_COM_GET_COMBOBOX 'payment_conditions_div';
2018-04-11 15:57:33 EXEC SPC_COM_GET_COMBOBOX 'unit_q_div';
2018-04-11 15:57:33 EXEC SPC_COM_GET_COMBOBOX 'storage_manager_div';
2018-04-11 15:57:33 EXEC SPC_COM_GET_COMBOBOX 'sales_detail_div';
2018-04-11 15:57:33 EXEC SPC_COM_GET_COMBOBOX 'unit_w_div';
2018-04-11 15:57:33 EXEC SPC_GET_TAX_RATE '2018/04/11';
2018-04-11 15:57:33 EXEC SPC_COM_GET_COMBOBOX 'unit_m_div';
2018-04-11 15:57:59 EXEC SPC_COM_GET_COMBOBOX 'shipment_div';
2018-04-11 15:57:59 EXEC SPC_COM_GET_COMBOBOX 'port_city_div';
2018-04-11 15:58:00 EXEC SPC_COM_GET_COMBOBOX 'currency_div';
2018-04-11 15:58:00 EXEC SPC_COM_GET_COMBOBOX 'port_country_div';
2018-04-11 15:58:00 EXEC SPC_COM_GET_COMBOBOX 'payment_conditions_div';
2018-04-11 15:58:00 EXEC SPC_COM_GET_COMBOBOX 'trade_terms_div';
2018-04-11 15:58:00 EXEC SPC_COM_GET_COMBOBOX 'sales_detail_div';
2018-04-11 15:58:00 EXEC SPC_COM_GET_COMBOBOX 'unit_q_div';
2018-04-11 15:58:00 EXEC SPC_COM_GET_COMBOBOX 'unit_w_div';
2018-04-11 15:58:00 EXEC SPC_COM_GET_COMBOBOX 'unit_m_div';
2018-04-11 15:58:00 EXEC SPC_COM_GET_COMBOBOX 'storage_manager_div';
2018-04-11 15:58:00 EXEC SPC_GET_TAX_RATE '2018/04/11';
2018-04-11 15:58:28 EXEC SPC_COM_GET_COMBOBOX 'fwd_status_div';
2018-04-11 15:58:29 EXEC SPC_011_SHIPMENT_SEARCH_FND1 '','','','','','','1','10';
2018-04-11 15:58:31 EXEC SPC_014_INVOICE_DETAIL_INQ2 'S-18030004';
2018-04-11 15:58:32 EXEC SPC_COM_GET_COMBOBOX 'unit_w_div';
2018-04-11 15:58:32 EXEC SPC_COM_GET_COMBOBOX 'unit_q_div';
2018-04-11 15:58:32 EXEC SPC_COM_GET_COMBOBOX 'unit_m_div';
2018-04-11 15:58:32 EXEC SPC_COM_GET_COMBOBOX 'sales_detail_div';
2018-04-11 16:00:20 EXEC SPC_COM_GET_COMBOBOX 'port_country_div';
2018-04-11 16:00:20 EXEC SPC_COM_GET_COMBOBOX 'port_city_div';
2018-04-11 16:00:20 EXEC SPC_COM_GET_COMBOBOX 'trade_terms_div';
2018-04-11 16:00:20 EXEC SPC_COM_GET_COMBOBOX 'shipment_div';
2018-04-11 16:00:20 EXEC SPC_COM_GET_COMBOBOX 'payment_conditions_div';
2018-04-11 16:00:20 EXEC SPC_COM_GET_COMBOBOX 'currency_div';
2018-04-11 16:00:21 EXEC SPC_COM_GET_COMBOBOX 'sales_detail_div';
2018-04-11 16:00:21 EXEC SPC_COM_GET_COMBOBOX 'unit_q_div';
2018-04-11 16:00:21 EXEC SPC_COM_GET_COMBOBOX 'unit_w_div';
2018-04-11 16:00:21 EXEC SPC_GET_TAX_RATE '2018/04/11';
2018-04-11 16:00:21 EXEC SPC_COM_GET_COMBOBOX 'storage_manager_div';
2018-04-11 16:00:21 EXEC SPC_COM_GET_COMBOBOX 'unit_m_div';
2018-04-11 16:01:55 EXEC SPC_COM_GET_COMBOBOX 'fwd_status_div';
2018-04-11 16:01:56 EXEC SPC_011_SHIPMENT_SEARCH_FND1 '','','','','','','1','10';
2018-04-11 16:01:59 EXEC SPC_014_INVOICE_DETAIL_INQ2 'S-18030004';
2018-04-11 16:02:00 EXEC SPC_COM_GET_COMBOBOX 'unit_q_div';
2018-04-11 16:02:00 EXEC SPC_COM_GET_COMBOBOX 'unit_w_div';
2018-04-11 16:02:00 EXEC SPC_COM_GET_COMBOBOX 'sales_detail_div';
2018-04-11 16:02:00 EXEC SPC_COM_GET_COMBOBOX 'unit_m_div';
2018-04-11 16:03:52 EXEC SPC_COM_GET_COMBOBOX 'port_city_div';
2018-04-11 16:03:52 EXEC SPC_COM_GET_COMBOBOX 'currency_div';
2018-04-11 16:03:53 EXEC SPC_COM_GET_COMBOBOX 'shipment_div';
2018-04-11 16:03:53 EXEC SPC_COM_GET_COMBOBOX 'port_country_div';
2018-04-11 16:03:53 EXEC SPC_COM_GET_COMBOBOX 'payment_conditions_div';
2018-04-11 16:03:53 EXEC SPC_COM_GET_COMBOBOX 'trade_terms_div';
2018-04-11 16:03:53 EXEC SPC_COM_GET_COMBOBOX 'sales_detail_div';
2018-04-11 16:03:53 EXEC SPC_COM_GET_COMBOBOX 'unit_q_div';
2018-04-11 16:03:53 EXEC SPC_COM_GET_COMBOBOX 'unit_w_div';
2018-04-11 16:03:53 EXEC SPC_COM_GET_COMBOBOX 'unit_m_div';
2018-04-11 16:03:53 EXEC SPC_COM_GET_COMBOBOX 'storage_manager_div';
2018-04-11 16:03:53 EXEC SPC_GET_TAX_RATE '2018/04/11';
2018-04-11 16:03:57 EXEC SPC_COM_GET_COMBOBOX 'fwd_status_div';
2018-04-11 16:03:59 EXEC SPC_011_SHIPMENT_SEARCH_FND1 '','','','','','','1','10';
2018-04-11 16:04:01 EXEC SPC_014_INVOICE_DETAIL_INQ2 'S-18030004';
2018-04-11 16:04:02 EXEC SPC_COM_GET_COMBOBOX 'unit_m_div';
2018-04-11 16:04:02 EXEC SPC_COM_GET_COMBOBOX 'sales_detail_div';
2018-04-11 16:04:02 EXEC SPC_COM_GET_COMBOBOX 'unit_w_div';
2018-04-11 16:04:02 EXEC SPC_COM_GET_COMBOBOX 'unit_q_div';
2018-04-11 16:05:17 EXEC SPC_COM_GET_COMBOBOX 'port_city_div';
2018-04-11 16:05:17 EXEC SPC_COM_GET_COMBOBOX 'port_country_div';
2018-04-11 16:05:17 EXEC SPC_COM_GET_COMBOBOX 'shipment_div';
2018-04-11 16:05:17 EXEC SPC_COM_GET_COMBOBOX 'currency_div';
2018-04-11 16:05:17 EXEC SPC_COM_GET_COMBOBOX 'payment_conditions_div';
2018-04-11 16:05:17 EXEC SPC_COM_GET_COMBOBOX 'trade_terms_div';
2018-04-11 16:05:18 EXEC SPC_COM_GET_COMBOBOX 'sales_detail_div';
2018-04-11 16:05:18 EXEC SPC_COM_GET_COMBOBOX 'unit_q_div';
2018-04-11 16:05:18 EXEC SPC_COM_GET_COMBOBOX 'unit_m_div';
2018-04-11 16:05:18 EXEC SPC_COM_GET_COMBOBOX 'unit_w_div';
2018-04-11 16:05:18 EXEC SPC_GET_TAX_RATE '2018/04/11';
2018-04-11 16:05:18 EXEC SPC_COM_GET_COMBOBOX 'storage_manager_div';
2018-04-11 16:05:22 EXEC SPC_COM_GET_COMBOBOX 'fwd_status_div';
2018-04-11 16:05:23 EXEC SPC_011_SHIPMENT_SEARCH_FND1 '','','','','','','1','10';
2018-04-11 16:05:25 EXEC SPC_014_INVOICE_DETAIL_INQ2 'S-18030004';
2018-04-11 16:05:26 EXEC SPC_COM_GET_COMBOBOX 'sales_detail_div';
2018-04-11 16:05:26 EXEC SPC_COM_GET_COMBOBOX 'unit_m_div';
2018-04-11 16:05:26 EXEC SPC_COM_GET_COMBOBOX 'unit_q_div';
2018-04-11 16:05:26 EXEC SPC_COM_GET_COMBOBOX 'unit_w_div';
2018-04-11 16:11:44 EXEC SPC_COM_GET_COMBOBOX 'port_city_div';
2018-04-11 16:11:44 EXEC SPC_COM_GET_COMBOBOX 'sales_detail_div';
2018-04-11 16:11:45 EXEC SPC_COM_GET_COMBOBOX 'unit_q_div';
2018-04-11 16:11:46 EXEC SPC_COM_GET_COMBOBOX 'unit_w_div';
2018-04-11 16:11:46 EXEC SPC_COM_GET_COMBOBOX 'shipment_div';
2018-04-11 16:11:46 EXEC SPC_COM_GET_COMBOBOX 'port_country_div';
2018-04-11 16:11:46 EXEC SPC_COM_GET_COMBOBOX 'payment_conditions_div';
2018-04-11 16:11:46 EXEC SPC_COM_GET_COMBOBOX 'trade_terms_div';
2018-04-11 16:11:46 EXEC SPC_COM_GET_COMBOBOX 'currency_div';
2018-04-11 16:11:46 EXEC SPC_COM_GET_COMBOBOX 'unit_m_div';
2018-04-11 16:11:46 EXEC SPC_COM_GET_COMBOBOX 'storage_manager_div';
2018-04-11 16:11:46 EXEC SPC_GET_TAX_RATE '2018/04/11';
2018-04-11 16:11:51 EXEC SPC_COM_GET_COMBOBOX 'fwd_status_div';
2018-04-11 16:11:52 EXEC SPC_011_SHIPMENT_SEARCH_FND1 '','','','','','','1','10';
2018-04-11 16:11:54 EXEC SPC_014_INVOICE_DETAIL_INQ2 'S-18030004';
2018-04-11 16:11:55 EXEC SPC_COM_GET_COMBOBOX 'unit_m_div';
2018-04-11 16:11:55 EXEC SPC_COM_GET_COMBOBOX 'sales_detail_div';
2018-04-11 16:11:55 EXEC SPC_COM_GET_COMBOBOX 'unit_w_div';
2018-04-11 16:11:55 EXEC SPC_COM_GET_COMBOBOX 'unit_q_div';
2018-04-11 16:13:23 EXEC SPC_COM_GET_COMBOBOX 'port_city_div';
2018-04-11 16:13:23 EXEC SPC_COM_GET_COMBOBOX 'port_country_div';
2018-04-11 16:13:23 EXEC SPC_COM_GET_COMBOBOX 'currency_div';
2018-04-11 16:13:23 EXEC SPC_COM_GET_COMBOBOX 'shipment_div';
2018-04-11 16:13:23 EXEC SPC_COM_GET_COMBOBOX 'trade_terms_div';
2018-04-11 16:13:24 EXEC SPC_COM_GET_COMBOBOX 'payment_conditions_div';
2018-04-11 16:13:24 EXEC SPC_COM_GET_COMBOBOX 'unit_w_div';
2018-04-11 16:13:24 EXEC SPC_COM_GET_COMBOBOX 'sales_detail_div';
2018-04-11 16:13:24 EXEC SPC_COM_GET_COMBOBOX 'unit_q_div';
2018-04-11 16:13:24 EXEC SPC_COM_GET_COMBOBOX 'unit_m_div';
2018-04-11 16:13:24 EXEC SPC_COM_GET_COMBOBOX 'storage_manager_div';
2018-04-11 16:13:24 EXEC SPC_GET_TAX_RATE '2018/04/11';
2018-04-11 16:13:30 EXEC SPC_COM_GET_COMBOBOX 'fwd_status_div';
2018-04-11 16:13:32 EXEC SPC_011_SHIPMENT_SEARCH_FND1 '','','','','','','1','10';
2018-04-11 16:13:34 EXEC SPC_014_INVOICE_DETAIL_INQ2 'S-18030004';
2018-04-11 16:13:34 EXEC SPC_COM_GET_COMBOBOX 'sales_detail_div';
2018-04-11 16:13:34 EXEC SPC_COM_GET_COMBOBOX 'unit_q_div';
2018-04-11 16:13:34 EXEC SPC_COM_GET_COMBOBOX 'unit_m_div';
2018-04-11 16:13:34 EXEC SPC_COM_GET_COMBOBOX 'unit_w_div';
2018-04-11 16:23:44 EXEC SPC_COM_GET_COMBOBOX 'port_city_div';
2018-04-11 16:23:44 EXEC SPC_COM_GET_COMBOBOX 'sales_detail_div';
2018-04-11 16:23:45 EXEC SPC_COM_GET_COMBOBOX 'unit_q_div';
2018-04-11 16:23:45 EXEC SPC_COM_GET_COMBOBOX 'port_country_div';
2018-04-11 16:23:45 EXEC SPC_COM_GET_COMBOBOX 'currency_div';
2018-04-11 16:23:45 EXEC SPC_COM_GET_COMBOBOX 'shipment_div';
2018-04-11 16:23:45 EXEC SPC_COM_GET_COMBOBOX 'payment_conditions_div';
2018-04-11 16:23:45 EXEC SPC_COM_GET_COMBOBOX 'trade_terms_div';
2018-04-11 16:23:45 EXEC SPC_COM_GET_COMBOBOX 'unit_w_div';
2018-04-11 16:23:46 EXEC SPC_COM_GET_COMBOBOX 'unit_m_div';
2018-04-11 16:23:46 EXEC SPC_COM_GET_COMBOBOX 'storage_manager_div';
2018-04-11 16:23:46 EXEC SPC_GET_TAX_RATE '2018/04/11';
2018-04-11 16:23:49 EXEC SPC_COM_GET_COMBOBOX 'fwd_status_div';
2018-04-11 16:23:51 EXEC SPC_011_SHIPMENT_SEARCH_FND1 '','','','','','','1','10';
2018-04-11 16:23:53 EXEC SPC_014_INVOICE_DETAIL_INQ2 'S-18030005';
2018-04-11 16:23:54 EXEC SPC_COM_GET_COMBOBOX 'unit_q_div';
2018-04-11 16:23:54 EXEC SPC_COM_GET_COMBOBOX 'sales_detail_div';
2018-04-11 16:23:54 EXEC SPC_COM_GET_COMBOBOX 'unit_m_div';
2018-04-11 16:23:54 EXEC SPC_COM_GET_COMBOBOX 'unit_w_div';
2018-04-11 16:26:14 EXEC SPC_COM_GET_COMBOBOX 'port_country_div';
2018-04-11 16:26:14 EXEC SPC_COM_GET_COMBOBOX 'port_city_div';
2018-04-11 16:26:14 EXEC SPC_COM_GET_COMBOBOX 'currency_div';
2018-04-11 16:26:14 EXEC SPC_COM_GET_COMBOBOX 'payment_conditions_div';
2018-04-11 16:26:14 EXEC SPC_COM_GET_COMBOBOX 'shipment_div';
2018-04-11 16:26:15 EXEC SPC_COM_GET_COMBOBOX 'unit_m_div';
2018-04-11 16:26:15 EXEC SPC_GET_TAX_RATE '2018/04/11';
2018-04-11 16:26:15 EXEC SPC_COM_GET_COMBOBOX 'unit_w_div';
2018-04-11 16:26:15 EXEC SPC_COM_GET_COMBOBOX 'sales_detail_div';
2018-04-11 16:26:15 EXEC SPC_COM_GET_COMBOBOX 'unit_q_div';
2018-04-11 16:26:15 EXEC SPC_COM_GET_COMBOBOX 'storage_manager_div';
2018-04-11 16:26:19 EXEC SPC_COM_GET_COMBOBOX 'fwd_status_div';
2018-04-11 16:26:21 EXEC SPC_011_SHIPMENT_SEARCH_FND1 '','','','','','','1','10';
2018-04-11 16:26:23 EXEC SPC_014_INVOICE_DETAIL_INQ2 'S-18030005';
2018-04-11 16:26:24 EXEC SPC_COM_GET_COMBOBOX 'unit_w_div';
2018-04-11 16:26:24 EXEC SPC_COM_GET_COMBOBOX 'unit_q_div';
2018-04-11 16:26:24 EXEC SPC_COM_GET_COMBOBOX 'sales_detail_div';
2018-04-11 16:26:24 EXEC SPC_COM_GET_COMBOBOX 'unit_m_div';
2018-04-11 16:33:42 EXEC SPC_COM_GET_COMBOBOX 'port_city_div';
2018-04-11 16:33:43 EXEC SPC_COM_GET_COMBOBOX 'sales_detail_div';
2018-04-11 16:33:43 EXEC SPC_COM_GET_COMBOBOX 'trade_terms_div';
2018-04-11 16:33:43 EXEC SPC_COM_GET_COMBOBOX 'payment_conditions_div';
2018-04-11 16:33:43 EXEC SPC_COM_GET_COMBOBOX 'shipment_div';
2018-04-11 16:33:43 EXEC SPC_COM_GET_COMBOBOX 'unit_q_div';
2018-04-11 16:33:43 EXEC SPC_COM_GET_COMBOBOX 'port_country_div';
2018-04-11 16:33:43 EXEC SPC_COM_GET_COMBOBOX 'currency_div';
2018-04-11 16:33:44 EXEC SPC_COM_GET_COMBOBOX 'unit_m_div';
2018-04-11 16:33:44 EXEC SPC_COM_GET_COMBOBOX 'storage_manager_div';
2018-04-11 16:33:44 EXEC SPC_COM_GET_COMBOBOX 'unit_w_div';
2018-04-11 16:33:44 EXEC SPC_GET_TAX_RATE '2018/04/11';
2018-04-11 16:33:49 EXEC SPC_COM_GET_COMBOBOX 'fwd_status_div';
2018-04-11 16:33:53 EXEC SPC_011_SHIPMENT_SEARCH_FND1 '','','','','','','1','10';
2018-04-11 16:33:55 EXEC SPC_014_INVOICE_DETAIL_INQ2 'S-18030005';
2018-04-11 16:33:56 EXEC SPC_COM_GET_COMBOBOX 'unit_q_div';
2018-04-11 16:33:56 EXEC SPC_COM_GET_COMBOBOX 'sales_detail_div';
2018-04-11 16:33:56 EXEC SPC_COM_GET_COMBOBOX 'unit_w_div';
2018-04-11 16:33:56 EXEC SPC_COM_GET_COMBOBOX 'unit_m_div';
2018-04-11 16:37:17 EXEC SPC_COM_GET_COMBOBOX 'payment_conditions_div';
2018-04-11 16:37:17 EXEC SPC_COM_GET_COMBOBOX 'port_city_div';
2018-04-11 16:37:17 EXEC SPC_COM_GET_COMBOBOX 'currency_div';
2018-04-11 16:37:17 EXEC SPC_COM_GET_COMBOBOX 'trade_terms_div';
2018-04-11 16:37:17 EXEC SPC_COM_GET_COMBOBOX 'shipment_div';
2018-04-11 16:37:17 EXEC SPC_COM_GET_COMBOBOX 'port_country_div';
2018-04-11 16:37:18 EXEC SPC_COM_GET_COMBOBOX 'sales_detail_div';
2018-04-11 16:37:18 EXEC SPC_COM_GET_COMBOBOX 'unit_q_div';
2018-04-11 16:37:18 EXEC SPC_COM_GET_COMBOBOX 'unit_m_div';
2018-04-11 16:37:18 EXEC SPC_COM_GET_COMBOBOX 'unit_w_div';
2018-04-11 16:37:18 EXEC SPC_COM_GET_COMBOBOX 'storage_manager_div';
2018-04-11 16:37:18 EXEC SPC_GET_TAX_RATE '2018/04/11';
2018-04-11 16:37:22 EXEC SPC_COM_GET_COMBOBOX 'fwd_status_div';
2018-04-11 16:37:23 EXEC SPC_011_SHIPMENT_SEARCH_FND1 '','','','','','','1','10';
2018-04-11 16:37:25 EXEC SPC_014_INVOICE_DETAIL_INQ2 'S-18030005';
2018-04-11 16:37:26 EXEC SPC_COM_GET_COMBOBOX 'unit_w_div';
2018-04-11 16:37:26 EXEC SPC_COM_GET_COMBOBOX 'unit_m_div';
2018-04-11 16:37:26 EXEC SPC_COM_GET_COMBOBOX 'unit_q_div';
2018-04-11 16:37:26 EXEC SPC_COM_GET_COMBOBOX 'sales_detail_div';
2018-04-11 16:40:58 EXEC SPC_COM_GET_COMBOBOX 'port_city_div';
2018-04-11 16:40:58 EXEC SPC_COM_GET_COMBOBOX 'shipment_div';
2018-04-11 16:40:58 EXEC SPC_COM_GET_COMBOBOX 'currency_div';
2018-04-11 16:40:58 EXEC SPC_COM_GET_COMBOBOX 'port_country_div';
2018-04-11 16:40:58 EXEC SPC_COM_GET_COMBOBOX 'payment_conditions_div';
2018-04-11 16:40:58 EXEC SPC_COM_GET_COMBOBOX 'trade_terms_div';
2018-04-11 16:40:58 EXEC SPC_COM_GET_COMBOBOX 'sales_detail_div';
2018-04-11 16:40:58 EXEC SPC_COM_GET_COMBOBOX 'unit_q_div';
2018-04-11 16:40:58 EXEC SPC_COM_GET_COMBOBOX 'unit_w_div';
2018-04-11 16:40:58 EXEC SPC_COM_GET_COMBOBOX 'unit_m_div';
2018-04-11 16:40:58 EXEC SPC_COM_GET_COMBOBOX 'storage_manager_div';
2018-04-11 16:40:58 EXEC SPC_GET_TAX_RATE '2018/04/11';
2018-04-11 16:41:05 EXEC SPC_COM_GET_COMBOBOX 'fwd_status_div';
2018-04-11 16:41:06 EXEC SPC_011_SHIPMENT_SEARCH_FND1 '','','','','','','1','10';
2018-04-11 16:41:08 EXEC SPC_014_INVOICE_DETAIL_INQ2 'S-18030005';
2018-04-11 16:41:08 EXEC SPC_COM_GET_COMBOBOX 'sales_detail_div';
2018-04-11 16:41:08 EXEC SPC_COM_GET_COMBOBOX 'unit_m_div';
2018-04-11 16:41:08 EXEC SPC_COM_GET_COMBOBOX 'unit_q_div';
2018-04-11 16:41:08 EXEC SPC_COM_GET_COMBOBOX 'unit_w_div';
2018-04-11 16:57:03 EXEC SPC_COM_GET_COMBOBOX 'port_city_div';
2018-04-11 16:57:03 EXEC SPC_COM_GET_COMBOBOX 'sales_detail_div';
2018-04-11 16:57:04 EXEC SPC_COM_GET_COMBOBOX 'unit_q_div';
2018-04-11 16:57:04 EXEC SPC_COM_GET_COMBOBOX 'trade_terms_div';
2018-04-11 16:57:04 EXEC SPC_COM_GET_COMBOBOX 'currency_div';
2018-04-11 16:57:04 EXEC SPC_COM_GET_COMBOBOX 'shipment_div';
2018-04-11 16:57:04 EXEC SPC_COM_GET_COMBOBOX 'payment_conditions_div';
2018-04-11 16:57:04 EXEC SPC_COM_GET_COMBOBOX 'unit_w_div';
2018-04-11 16:57:05 EXEC SPC_COM_GET_COMBOBOX 'unit_m_div';
2018-04-11 16:57:05 EXEC SPC_COM_GET_COMBOBOX 'storage_manager_div';
2018-04-11 16:57:05 EXEC SPC_GET_TAX_RATE '2018/04/11';
2018-04-11 16:57:05 EXEC SPC_COM_GET_COMBOBOX 'port_country_div';
2018-04-11 16:57:07 EXEC SPC_COM_GET_COMBOBOX 'fwd_status_div';
2018-04-11 16:57:09 EXEC SPC_011_SHIPMENT_SEARCH_FND1 '','','','','','','1','10';
2018-04-11 16:57:11 EXEC SPC_014_INVOICE_DETAIL_INQ2 'S-18030004';
2018-04-11 16:57:11 EXEC SPC_COM_GET_COMBOBOX 'sales_detail_div';
2018-04-11 16:57:11 EXEC SPC_COM_GET_COMBOBOX 'unit_q_div';
2018-04-11 16:57:11 EXEC SPC_COM_GET_COMBOBOX 'unit_m_div';
2018-04-11 16:57:11 EXEC SPC_COM_GET_COMBOBOX 'unit_w_div';
2018-04-11 17:33:10 EXEC SPC_014_INVOICE_DETAIL_INQ2 'S-18030005';
2018-04-11 17:33:11 EXEC SPC_COM_GET_COMBOBOX 'unit_m_div';
2018-04-11 17:33:12 EXEC SPC_COM_GET_COMBOBOX 'unit_w_div';
2018-04-11 17:33:12 EXEC SPC_COM_GET_COMBOBOX 'sales_detail_div';
2018-04-11 17:33:12 EXEC SPC_COM_GET_COMBOBOX 'unit_q_div';
2018-04-11 17:35:08 EXEC SPC_COM_GET_COMBOBOX 'port_country_div';
2018-04-11 17:35:08 EXEC SPC_COM_GET_COMBOBOX 'currency_div';
2018-04-11 17:35:08 EXEC SPC_COM_GET_COMBOBOX 'port_city_div';
2018-04-11 17:35:09 EXEC SPC_COM_GET_COMBOBOX 'sales_detail_div';
2018-04-11 17:35:09 EXEC SPC_COM_GET_COMBOBOX 'unit_q_div';
2018-04-11 17:35:09 EXEC SPC_COM_GET_COMBOBOX 'unit_w_div';
2018-04-11 17:35:09 EXEC SPC_COM_GET_COMBOBOX 'storage_manager_div';
2018-04-11 17:35:09 EXEC SPC_GET_TAX_RATE '2018/04/11';
2018-04-11 17:35:10 EXEC SPC_COM_GET_COMBOBOX 'trade_terms_div';
2018-04-11 17:35:10 EXEC SPC_COM_GET_COMBOBOX 'payment_conditions_div';
2018-04-11 17:35:15 EXEC SPC_COM_GET_COMBOBOX 'fwd_status_div';
2018-04-11 17:35:17 EXEC SPC_011_SHIPMENT_SEARCH_FND1 '','','','','','','1','10';
2018-04-11 17:35:20 EXEC SPC_014_INVOICE_DETAIL_INQ2 'S-18030004';
2018-04-11 17:35:21 EXEC SPC_COM_GET_COMBOBOX 'unit_w_div';
2018-04-11 17:35:21 EXEC SPC_COM_GET_COMBOBOX 'unit_m_div';
2018-04-11 17:35:21 EXEC SPC_COM_GET_COMBOBOX 'sales_detail_div';
2018-04-11 17:35:21 EXEC SPC_COM_GET_COMBOBOX 'unit_q_div';
2018-04-11 18:06:42 EXEC SPC_014_INVOICE_DETAIL_INQ2 'KS-171122345';
2018-04-11 18:15:39 EXEC SPC_014_INVOICE_DETAIL_INQ2 'S-18030005';
2018-04-11 18:15:40 EXEC SPC_COM_GET_COMBOBOX 'sales_detail_div';
2018-04-11 18:15:41 EXEC SPC_COM_GET_COMBOBOX 'unit_q_div';
2018-04-11 18:15:41 EXEC SPC_COM_GET_COMBOBOX 'unit_m_div';
2018-04-11 18:15:41 EXEC SPC_COM_GET_COMBOBOX 'unit_w_div';
2018-04-11 19:01:56 EXEC SPC_COM_GET_COMBOBOX 'fwd_status_div';
2018-04-11 19:02:11 EXEC SPC_011_SHIPMENT_SEARCH_FND1 '','','','','','','1','10';
2018-04-11 19:02:16 EXEC SPC_COM_GET_COMBOBOX 'forwarding_div';
2018-04-11 19:02:17 EXEC SPC_COM_GET_COMBOBOX 'forwarding_way_div';
2018-04-11 19:02:17 EXEC SPC_COM_GET_COMBOBOX 'forwarding_warehouse_div';
2018-04-11 19:02:17 EXEC SPC_COM_GET_COMBOBOX 'packing_method_div';
2018-04-11 19:02:18 EXEC SPC_010_SHIPMENT_DETAIL_INQ3 'S-18030001';
2018-04-11 19:02:24 EXEC SPC_COM_GET_COMBOBOX 'serial_forward_div';
2018-04-11 19:02:24 EXEC SPC_COM_GET_COMBOBOX 'production_status_div';
2018-04-11 19:02:45 EXEC SPC_COM_GET_COMBOBOX 'production_status_div';
2018-04-11 19:02:45 EXEC SPC_COM_GET_COMBOBOX 'serial_forward_div';
2018-04-11 19:02:51 EXEC SPC_102_SHIPMENT_SERIAL_SEARCH_FND1 '000115','15','','','','','999999';
2018-04-11 19:03:21 EXEC SPC_COM_GET_COMBOBOX 'serial_forward_div';
2018-04-11 19:03:21 EXEC SPC_COM_GET_COMBOBOX 'production_status_div';
2018-04-11 19:03:24 EXEC SPC_102_SHIPMENT_SERIAL_SEARCH_FND1 '000115','15','','','','','999999';
2018-04-11 19:04:19 EXEC SPC_COM_GET_COMBOBOX 'serial_forward_div';
2018-04-11 19:04:19 EXEC SPC_COM_GET_COMBOBOX 'production_status_div';
2018-04-11 19:04:21 EXEC SPC_102_SHIPMENT_SERIAL_SEARCH_FND1 '000115','28','','','','','999999';
2018-04-11 19:21:09 EXEC SPC_COM_GET_COMBOBOX 'inv_data_div';
2018-04-11 19:21:14 EXEC SPC_COM_GET_COMBOBOX 'port_city_div';
2018-04-11 19:21:14 EXEC SPC_COM_GET_COMBOBOX 'sales_detail_div';
2018-04-11 19:21:15 EXEC SPC_COM_GET_COMBOBOX 'unit_q_div';
2018-04-11 19:21:16 EXEC SPC_COM_GET_COMBOBOX 'unit_w_div';
2018-04-11 19:21:16 EXEC SPC_COM_GET_COMBOBOX 'shipment_div';
2018-04-11 19:21:16 EXEC SPC_COM_GET_COMBOBOX 'trade_terms_div';
2018-04-11 19:21:16 EXEC SPC_COM_GET_COMBOBOX 'payment_conditions_div';
2018-04-11 19:21:16 EXEC SPC_COM_GET_COMBOBOX 'unit_m_div';
2018-04-11 19:21:16 EXEC SPC_COM_GET_COMBOBOX 'currency_div';
2018-04-11 19:21:16 EXEC SPC_COM_GET_COMBOBOX 'port_country_div';
2018-04-11 19:21:17 EXEC SPC_COM_GET_COMBOBOX 'storage_manager_div';
2018-04-11 19:21:17 EXEC SPC_GET_TAX_RATE '2018/04/11';
2018-04-11 19:59:45 EXEC SPC_COM_GET_COMBOBOX 'port_city_div';
2018-04-11 19:59:46 EXEC SPC_COM_GET_COMBOBOX 'sales_detail_div';
2018-04-11 19:59:47 EXEC SPC_COM_GET_COMBOBOX 'unit_q_div';
2018-04-11 19:59:47 EXEC SPC_COM_GET_COMBOBOX 'unit_w_div';
2018-04-11 19:59:47 EXEC SPC_COM_GET_COMBOBOX 'port_country_div';
2018-04-11 19:59:47 EXEC SPC_COM_GET_COMBOBOX 'shipment_div';
2018-04-11 19:59:48 EXEC SPC_COM_GET_COMBOBOX 'payment_conditions_div';
2018-04-11 19:59:48 EXEC SPC_COM_GET_COMBOBOX 'unit_m_div';
2018-04-11 19:59:48 EXEC SPC_COM_GET_COMBOBOX 'currency_div';
2018-04-11 19:59:48 EXEC SPC_COM_GET_COMBOBOX 'trade_terms_div';
2018-04-11 19:59:48 EXEC SPC_GET_TAX_RATE '2018/04/11';
2018-04-11 19:59:48 EXEC SPC_COM_GET_COMBOBOX 'storage_manager_div';
