2018-02-08 10:43:53 EXEC SPC_073_LOGIN_ACT1 '812','812';
2018-02-08 10:43:53 EXEC SPC_GET_CONSTANT '';
2018-02-08 10:44:47 EXEC SPC_077_USER_MASTER_SEARCH_FND1 '','','','1','10';
2018-02-08 10:49:04 EXEC SPC_GET_TAX_RATE '';
2018-02-08 10:57:11 EXEC SPC_GET_TAX_RATE '2018/02/24';
2018-02-08 10:57:44 EXEC SPC_GET_TAX_RATE '';
2018-02-08 10:58:11 EXEC SPC_GET_TAX_RATE '';
2018-02-08 11:18:48 EXEC SPC_COM_GET_COMBOBOX 'pi_status_div';
2018-02-08 11:18:51 EXEC SPC_002_PI_SEARCH_FND1 '','','','','','','','20','1','10';
2018-02-08 11:18:56 EXEC SPC_COM_GET_COMBOBOX 'port_country_div';
2018-02-08 11:18:56 EXEC SPC_COM_GET_COMBOBOX 'unit_w_div';
2018-02-08 11:18:56 EXEC SPC_COM_GET_COMBOBOX 'port_city_div';
2018-02-08 11:18:57 EXEC SPC_COM_GET_COMBOBOX 'unit_m_div';
2018-02-08 11:18:57 EXEC SPC_COM_GET_COMBOBOX 'sales_detail_div';
2018-02-08 11:18:57 EXEC SPC_GET_TAX_RATE '2018/02/08';
2018-02-08 11:18:57 EXEC SPC_COM_GET_COMBOBOX 'unit_q_div';
2018-02-08 11:18:57 EXEC SPC_COM_GET_COMBOBOX 'currency_div';
2018-02-08 11:18:57 EXEC SPC_COM_GET_COMBOBOX 'trade_terms_div';
2018-02-08 11:18:57 EXEC SPC_COM_GET_COMBOBOX 'shipment_div';
2018-02-08 11:18:57 EXEC SPC_001_PI_DETAIL_INQ1 'RT-131001001';
2018-02-08 11:18:57 EXEC SPC_COM_GET_COMBOBOX 'payment_conditions_div';
2018-02-08 11:18:57 EXEC SPC_COM_GET_COMBOBOX 'bank_div';
2018-02-08 11:18:58 EXEC SPC_GET_TAX_RATE '2013/10/01';
2018-02-08 11:18:58 EXEC SPC_COM_GET_COMBOBOX 'unit_w_div';
2018-02-08 11:18:58 EXEC SPC_COM_GET_COMBOBOX 'unit_m_div';
2018-02-08 11:18:58 EXEC SPC_COM_GET_COMBOBOX 'unit_q_div';
2018-02-08 11:18:58 EXEC SPC_COM_GET_COMBOBOX 'sales_detail_div';
2018-02-08 11:19:01 EXEC SPC_GET_CONSTANT '';
2018-02-08 11:19:01 EXEC SPC_003_PI_EXCEL_INQ1 'RT-131001001','812','003_pi-excel','192.168.5.206';
2018-02-08 11:22:32 EXEC SPC_GET_TAX_RATE '';
2018-02-08 11:53:13 EXEC SPC_GET_TAX_RATE '';
2018-02-08 11:53:43 EXEC SPC_073_LOGIN_ACT1 '001','123456';
2018-02-08 11:53:43 EXEC SPC_GET_CONSTANT '';
2018-02-08 11:53:53 EXEC SPC_GET_TAX_RATE '';
2018-02-08 11:57:54 EXEC SPC_GET_TAX_RATE '2018/02/24';
2018-02-08 12:28:19 EXEC SPC_GET_TAX_RATE '';
2018-02-08 12:28:25 EXEC SPC_GET_TAX_RATE '2018/02/09';
2018-02-08 12:30:35 EXEC SPC_GET_TAX_RATE '';
