2018-01-17 10:37:55 EXEC SPC_073_LOGIN_ACT1 '001','123456';
2018-01-17 10:37:55 EXEC SPC_GET_CONSTANT '';
2018-01-17 10:38:35 EXEC SPC_COM_GET_COMBOBOX 'in_out_data_div';
2018-01-17 10:38:36 EXEC SPC_COM_GET_COMBOBOX 'in_out_div';
2018-01-17 10:57:27 EXEC SPC_COM_GET_COMBOBOX 'in_out_div';
2018-01-17 10:57:36 EXEC SPC_COM_GET_COMBOBOX 'in_out_div';
2018-01-17 10:57:36 EXEC SPC_COM_GET_COMBOBOX 'in_out_data_div';
2018-01-17 10:57:40 EXEC SPC_COM_GET_COMBOBOX 'in_out_div';
2018-01-17 10:57:46 EXEC SPC_COM_GET_COMBOBOX 'in_out_div';
2018-01-17 10:57:46 EXEC SPC_COM_GET_COMBOBOX 'in_out_data_div';
2018-01-17 10:58:21 EXEC SPC_049_INPUT_OUTPUT_FND1 '','','','','','','','1','10';
2018-01-17 11:01:00 EXEC SPC_049_INPUT_OUTPUT_FND1 '','','','','','','','1','10';
2018-01-17 11:01:05 EXEC SPC_049_INPUT_OUTPUT_FND1 '','','','','','','','1','10';
2018-01-17 11:02:44 EXEC SPC_049_INPUT_OUTPUT_FND1 '','','','','','','','1','10';
2018-01-17 11:03:42 EXEC SPC_049_INPUT_OUTPUT_FND1 '','','','','','','','1','10';
2018-01-17 11:05:30 EXEC SPC_004_PI_ORDER_CONFIRM_FND1 '','','','','1','10';
2018-01-17 11:05:33 EXEC SPC_COM_GET_COMBOBOX 'port_city_div';
2018-01-17 11:05:34 EXEC SPC_COM_GET_COMBOBOX 'unit_q_div';
2018-01-17 11:05:34 EXEC SPC_COM_GET_COMBOBOX 'unit_w_div';
2018-01-17 11:05:34 EXEC SPC_COM_GET_COMBOBOX 'payment_conditions_div';
2018-01-17 11:05:34 EXEC SPC_COM_GET_COMBOBOX 'currency_div';
2018-01-17 11:05:34 EXEC SPC_COM_GET_COMBOBOX 'shipment_div';
2018-01-17 11:05:34 EXEC SPC_COM_GET_COMBOBOX 'port_country_div';
2018-01-17 11:05:34 EXEC SPC_COM_GET_COMBOBOX 'trade_terms_div';
2018-01-17 11:05:34 EXEC SPC_COM_GET_COMBOBOX 'unit_m_div';
2018-01-17 11:05:35 EXEC SPC_COM_GET_COMBOBOX 'sales_detail_div';
2018-01-17 11:05:35 EXEC SPC_COM_GET_COMBOBOX 'bank_div';
2018-01-17 11:05:35 EXEC SPC_GET_TAX_RATE '2018/01/17';
2018-01-17 11:05:35 EXEC SPC_001_PI_DETAIL_INQ1 'RT-131011003';
2018-01-17 11:05:35 EXEC SPC_COM_GET_COMBOBOX 'sales_detail_div';
2018-01-17 11:05:35 EXEC SPC_COM_GET_COMBOBOX 'unit_q_div';
2018-01-17 11:05:35 EXEC SPC_COM_GET_COMBOBOX 'unit_m_div';
2018-01-17 11:05:35 EXEC SPC_GET_TAX_RATE '2013/10/11';
2018-01-17 11:05:35 EXEC SPC_COM_GET_COMBOBOX 'unit_w_div';
2018-01-17 11:05:42 EXEC SPC_004_PI_ORDER_CONFIRM_FND1 '','','','','1','10';
2018-01-17 11:05:45 EXEC SPC_COM_GET_COMBOBOX 'pi_status_div';
2018-01-17 11:05:47 EXEC SPC_002_PI_SEARCH_FND1 '','','','','','','','','1','10';
2018-01-17 11:05:50 EXEC SPC_002_PI_SEARCH_FND1 '','','','','','','','10','1','10';
2018-01-17 11:05:53 EXEC SPC_COM_GET_COMBOBOX 'payment_conditions_div';
2018-01-17 11:05:53 EXEC SPC_COM_GET_COMBOBOX 'trade_terms_div';
2018-01-17 11:05:53 EXEC SPC_COM_GET_COMBOBOX 'shipment_div';
2018-01-17 11:05:53 EXEC SPC_COM_GET_COMBOBOX 'port_country_div';
2018-01-17 11:05:53 EXEC SPC_COM_GET_COMBOBOX 'port_city_div';
2018-01-17 11:05:53 EXEC SPC_COM_GET_COMBOBOX 'currency_div';
2018-01-17 11:05:54 EXEC SPC_COM_GET_COMBOBOX 'unit_q_div';
2018-01-17 11:05:54 EXEC SPC_COM_GET_COMBOBOX 'unit_m_div';
2018-01-17 11:05:54 EXEC SPC_COM_GET_COMBOBOX 'bank_div';
2018-01-17 11:05:54 EXEC SPC_COM_GET_COMBOBOX 'sales_detail_div';
2018-01-17 11:05:54 EXEC SPC_COM_GET_COMBOBOX 'unit_w_div';
2018-01-17 11:05:54 EXEC SPC_GET_TAX_RATE '2018/01/17';
2018-01-17 11:05:54 EXEC SPC_001_PI_DETAIL_INQ1 'RT-131001001';
2018-01-17 11:05:55 EXEC SPC_GET_TAX_RATE '2013/10/01';
2018-01-17 11:05:55 EXEC SPC_COM_GET_COMBOBOX 'sales_detail_div';
2018-01-17 11:05:55 EXEC SPC_COM_GET_COMBOBOX 'unit_w_div';
2018-01-17 11:05:55 EXEC SPC_COM_GET_COMBOBOX 'unit_q_div';
2018-01-17 11:05:55 EXEC SPC_COM_GET_COMBOBOX 'unit_m_div';
2018-01-17 11:05:59 EXEC SPC_001_PI_DETAIL_ACT3 'RT-131001001','','001','001_pi-detail','192.168.5.206';
2018-01-17 11:06:01 EXEC SPC_001_PI_DETAIL_INQ1 'RT-131001001';
2018-01-17 11:06:01 EXEC SPC_COM_GET_COMBOBOX 'unit_w_div';
2018-01-17 11:06:01 EXEC SPC_COM_GET_COMBOBOX 'sales_detail_div';
2018-01-17 11:06:01 EXEC SPC_GET_TAX_RATE '2013/10/01';
2018-01-17 11:06:02 EXEC SPC_COM_GET_COMBOBOX 'unit_m_div';
2018-01-17 11:06:02 EXEC SPC_COM_GET_COMBOBOX 'unit_q_div';
2018-01-17 11:06:13 EXEC SPC_COM_GET_COMBOBOX 'pi_status_div';
2018-01-17 11:06:14 EXEC SPC_002_PI_SEARCH_FND1 '','','','','','','','10','1','10';
2018-01-17 11:07:06 EXEC SPC_COM_GET_COMBOBOX 'in_out_data_div';
2018-01-17 11:07:06 EXEC SPC_COM_GET_COMBOBOX 'in_out_div';
2018-01-17 11:14:35 EXEC SPC_050_STOCK_SEARCH_FND1 '','','1','0';
2018-01-17 11:22:51 EXEC SPC_COM_GET_COMBOBOX 'pi_status_div';
2018-01-17 11:22:54 EXEC SPC_002_PI_SEARCH_FND1 '','','','','','','','10','1','10';
2018-01-17 11:22:56 EXEC SPC_COM_GET_COMBOBOX 'port_country_div';
2018-01-17 11:22:57 EXEC SPC_COM_GET_COMBOBOX 'unit_q_div';
2018-01-17 11:22:58 EXEC SPC_COM_GET_COMBOBOX 'unit_w_div';
2018-01-17 11:22:58 EXEC SPC_COM_GET_COMBOBOX 'currency_div';
2018-01-17 11:22:58 EXEC SPC_COM_GET_COMBOBOX 'trade_terms_div';
2018-01-17 11:22:58 EXEC SPC_COM_GET_COMBOBOX 'payment_conditions_div';
2018-01-17 11:22:58 EXEC SPC_COM_GET_COMBOBOX 'port_city_div';
2018-01-17 11:22:58 EXEC SPC_COM_GET_COMBOBOX 'shipment_div';
2018-01-17 11:22:58 EXEC SPC_COM_GET_COMBOBOX 'bank_div';
2018-01-17 11:22:58 EXEC SPC_COM_GET_COMBOBOX 'unit_m_div';
2018-01-17 11:22:58 EXEC SPC_COM_GET_COMBOBOX 'sales_detail_div';
2018-01-17 11:22:58 EXEC SPC_GET_TAX_RATE '2018/01/17';
2018-01-17 11:22:58 EXEC SPC_001_PI_DETAIL_INQ1 'RT-131011001';
2018-01-17 11:22:59 EXEC SPC_COM_GET_COMBOBOX 'unit_m_div';
2018-01-17 11:22:59 EXEC SPC_GET_TAX_RATE '2013/10/11';
2018-01-17 11:22:59 EXEC SPC_COM_GET_COMBOBOX 'sales_detail_div';
2018-01-17 11:22:59 EXEC SPC_COM_GET_COMBOBOX 'unit_q_div';
2018-01-17 11:22:59 EXEC SPC_COM_GET_COMBOBOX 'unit_w_div';
2018-01-17 11:23:03 EXEC SPC_001_PI_DETAIL_ACT1 'R','RT-131011001','10','2013/10/11','F0264','IMPERIAL TECHNOLOGIES','66/1 Naya Paltan (2Nd Floor),','Dhaka -1000,','1000','020','BD','880-2-7219744','','','IMPERIAL TECHNOLOGIES','66/1 Naya Paltan (2Nd Floor),','Dhaka -1000,','1000','020','BD','880-2-7219744','','','Dhaka','','MADE IN JAPAN','Standard Export Carton','03','USD','060','01','03','020','BD','01','Advance payment','[{"pi_detail_no":"1","sales_detail_div":"0","product_cd":"10007","description":"Digital UV-VIS Spectrophotometer Model PD-3000UV with standard accessories (110\/220VAC 50\/60Hz)","qty":"1","unit_of_m_div":"001","unit_price":"3100","amount":"3100","detail_tax":"155","unit_measure_qty":"0","unit_measure_price":"001","outside_remarks":"","unit_net_weight":"0","unit_net_weight_div":"001","net_weight":"0","unit_gross_weight":"0","gross_weight":"0","measure":"0"}]','1','001','0','001','0','001','0','001','3100','220','0','0','3320','Around 2 weeks after receipt of payment','','Japan','APEL CO.,LTD.','This Proforma invoice is valid for 2 weeks from the date of  issue.','- If a consulate visa is required, the related fees should be paid by the buyer.','- In case of transport by air and/or container, FOB, C&F and CIF in this proforma invoice','shall be respectively equivalent to FCA, CPT and CIP stipulated in Incoterms 2000.','- In the even that the dollar (euro)falls against the Japanese yen by more than 5% from','the rate of proforma invoice date, the prices will not be effective.','','*** Warranty period after shipment***','3 years: PD-303, BR-501','1 year: AP-120, AP-1000M, PD-303S, PD-3000UV, BR-5200, BR-5200P, HC-702','','002','','001','001_pi-detail','192.168.5.206';
2018-01-17 11:23:05 EXEC SPC_001_PI_DETAIL_INQ1 'RT-131011001';
2018-01-17 11:23:05 EXEC SPC_COM_GET_COMBOBOX 'unit_q_div';
2018-01-17 11:23:05 EXEC SPC_COM_GET_COMBOBOX 'sales_detail_div';
2018-01-17 11:23:05 EXEC SPC_COM_GET_COMBOBOX 'unit_w_div';
2018-01-17 11:23:05 EXEC SPC_COM_GET_COMBOBOX 'unit_m_div';
2018-01-17 11:23:05 EXEC SPC_GET_TAX_RATE '2013/10/11';
2018-01-17 11:27:28 EXEC SPC_COM_GET_COMBOBOX 'currency_div';
2018-01-17 11:27:28 EXEC SPC_COM_GET_COMBOBOX 'port_country_div';
2018-01-17 11:27:28 EXEC SPC_COM_GET_COMBOBOX 'payment_conditions_div';
2018-01-17 11:27:28 EXEC SPC_COM_GET_COMBOBOX 'shipment_div';
2018-01-17 11:27:28 EXEC SPC_COM_GET_COMBOBOX 'trade_terms_div';
2018-01-17 11:27:28 EXEC SPC_COM_GET_COMBOBOX 'port_city_div';
2018-01-17 11:27:29 EXEC SPC_COM_GET_COMBOBOX 'unit_w_div';
2018-01-17 11:27:29 EXEC SPC_COM_GET_COMBOBOX 'unit_q_div';
2018-01-17 11:27:29 EXEC SPC_COM_GET_COMBOBOX 'sales_detail_div';
2018-01-17 11:27:29 EXEC SPC_COM_GET_COMBOBOX 'unit_m_div';
2018-01-17 11:27:29 EXEC SPC_COM_GET_COMBOBOX 'bank_div';
2018-01-17 11:27:29 EXEC SPC_GET_TAX_RATE '2018/01/17';
2018-01-17 11:27:29 EXEC SPC_001_PI_DETAIL_INQ1 'RT-131011001';
2018-01-17 11:27:30 EXEC SPC_COM_GET_COMBOBOX 'unit_w_div';
2018-01-17 11:27:30 EXEC SPC_COM_GET_COMBOBOX 'sales_detail_div';
2018-01-17 11:27:30 EXEC SPC_GET_TAX_RATE '2013/10/11';
2018-01-17 11:27:30 EXEC SPC_COM_GET_COMBOBOX 'unit_m_div';
2018-01-17 11:27:30 EXEC SPC_COM_GET_COMBOBOX 'unit_q_div';
2018-01-17 11:28:25 EXEC SPC_COM_GET_COMBOBOX 'port_city_div';
2018-01-17 11:28:25 EXEC SPC_COM_GET_COMBOBOX 'trade_terms_div';
2018-01-17 11:28:26 EXEC SPC_COM_GET_COMBOBOX 'payment_conditions_div';
2018-01-17 11:28:26 EXEC SPC_COM_GET_COMBOBOX 'port_country_div';
2018-01-17 11:28:26 EXEC SPC_COM_GET_COMBOBOX 'currency_div';
2018-01-17 11:28:26 EXEC SPC_COM_GET_COMBOBOX 'shipment_div';
2018-01-17 11:28:26 EXEC SPC_COM_GET_COMBOBOX 'sales_detail_div';
2018-01-17 11:28:26 EXEC SPC_COM_GET_COMBOBOX 'unit_m_div';
2018-01-17 11:28:26 EXEC SPC_COM_GET_COMBOBOX 'unit_q_div';
2018-01-17 11:28:26 EXEC SPC_COM_GET_COMBOBOX 'unit_w_div';
2018-01-17 11:28:26 EXEC SPC_GET_TAX_RATE '2018/01/17';
2018-01-17 11:28:26 EXEC SPC_COM_GET_COMBOBOX 'bank_div';
2018-01-17 11:28:26 EXEC SPC_001_PI_DETAIL_INQ1 'RT-131011001';
2018-01-17 11:28:27 EXEC SPC_COM_GET_COMBOBOX 'unit_m_div';
2018-01-17 11:28:27 EXEC SPC_COM_GET_COMBOBOX 'unit_w_div';
2018-01-17 11:28:27 EXEC SPC_GET_TAX_RATE '2013/10/11';
2018-01-17 11:28:27 EXEC SPC_COM_GET_COMBOBOX 'sales_detail_div';
2018-01-17 11:28:40 EXEC SPC_COM_GET_COMBOBOX 'shipment_div';
2018-01-17 11:28:40 EXEC SPC_COM_GET_COMBOBOX 'port_country_div';
2018-01-17 11:28:40 EXEC SPC_COM_GET_COMBOBOX 'payment_conditions_div';
2018-01-17 11:28:40 EXEC SPC_COM_GET_COMBOBOX 'port_city_div';
2018-01-17 11:28:40 EXEC SPC_COM_GET_COMBOBOX 'trade_terms_div';
2018-01-17 11:28:40 EXEC SPC_COM_GET_COMBOBOX 'unit_q_div';
2018-01-17 11:28:40 EXEC SPC_COM_GET_COMBOBOX 'bank_div';
2018-01-17 11:28:40 EXEC SPC_COM_GET_COMBOBOX 'sales_detail_div';
2018-01-17 11:28:40 EXEC SPC_COM_GET_COMBOBOX 'unit_m_div';
2018-01-17 11:28:40 EXEC SPC_COM_GET_COMBOBOX 'unit_w_div';
2018-01-17 11:28:40 EXEC SPC_GET_TAX_RATE '2018/01/17';
2018-01-17 11:28:41 EXEC SPC_001_PI_DETAIL_INQ1 'RT-131011001';
2018-01-17 11:28:41 EXEC SPC_GET_TAX_RATE '2013/10/11';
2018-01-17 11:28:41 EXEC SPC_COM_GET_COMBOBOX 'unit_w_div';
2018-01-17 11:28:41 EXEC SPC_COM_GET_COMBOBOX 'unit_q_div';
2018-01-17 11:28:41 EXEC SPC_COM_GET_COMBOBOX 'sales_detail_div';
2018-01-17 11:28:41 EXEC SPC_COM_GET_COMBOBOX 'unit_m_div';
2018-01-17 11:33:16 EXEC SPC_COM_GET_COMBOBOX 'port_country_div';
2018-01-17 11:33:16 EXEC SPC_COM_GET_COMBOBOX 'trade_terms_div';
2018-01-17 11:33:16 EXEC SPC_COM_GET_COMBOBOX 'port_city_div';
2018-01-17 11:33:16 EXEC SPC_COM_GET_COMBOBOX 'shipment_div';
2018-01-17 11:33:16 EXEC SPC_COM_GET_COMBOBOX 'payment_conditions_div';
2018-01-17 11:33:16 EXEC SPC_COM_GET_COMBOBOX 'currency_div';
2018-01-17 11:33:16 EXEC SPC_COM_GET_COMBOBOX 'bank_div';
2018-01-17 11:33:16 EXEC SPC_COM_GET_COMBOBOX 'unit_w_div';
2018-01-17 11:33:16 EXEC SPC_COM_GET_COMBOBOX 'sales_detail_div';
2018-01-17 11:33:16 EXEC SPC_COM_GET_COMBOBOX 'unit_m_div';
2018-01-17 11:33:16 EXEC SPC_COM_GET_COMBOBOX 'unit_q_div';
2018-01-17 11:33:17 EXEC SPC_GET_TAX_RATE '2018/01/17';
2018-01-17 11:33:17 EXEC SPC_001_PI_DETAIL_INQ1 'RT-131011001';
2018-01-17 11:33:17 EXEC SPC_COM_GET_COMBOBOX 'unit_m_div';
2018-01-17 11:33:17 EXEC SPC_COM_GET_COMBOBOX 'unit_q_div';
2018-01-17 11:33:17 EXEC SPC_COM_GET_COMBOBOX 'unit_w_div';
2018-01-17 11:33:17 EXEC SPC_GET_TAX_RATE '2013/10/11';
2018-01-17 11:33:17 EXEC SPC_COM_GET_COMBOBOX 'sales_detail_div';
2018-01-17 11:33:41 EXEC SPC_001_PI_DETAIL_ACT1 'R','RT-131011001','10','2013/10/11','F0264','IMPERIAL TECHNOLOGIES','66/1 Naya Paltan (2Nd Floor),','Dhaka -1000,','1000','020','BD','880-2-7219744','','','IMPERIAL TECHNOLOGIES','66/1 Naya Paltan (2Nd Floor),','Dhaka -1000,','1000','020','BD','880-2-7219744','','','Dhaka','','MADE IN JAPAN','Standard Export Carton','03','USD','060','01','03','020','BD','01','Advance payment','[{"pi_detail_no":"1","sales_detail_div":"0","product_cd":"10007","description":"Digital UV-VIS Spectrophotometer Model PD-3000UV with standard accessories (110\/220VAC 50\/60Hz)","qty":"1","unit_of_m_div":"001","unit_price":"3100","amount":"3100","detail_tax":"155","unit_measure_qty":"0","unit_measure_price":"001","outside_remarks":"","unit_net_weight":"0","unit_net_weight_div":"001","net_weight":"0","unit_gross_weight":"0","gross_weight":"0","measure":"0"}]','1','001','0','001','0','001','0','001','3100','220','0','0','3320','Around 2 weeks after receipt of payment','','Japan','APEL CO.,LTD.','This Proforma invoice is valid for 2 weeks from the date of  issue.','- If a consulate visa is required, the related fees should be paid by the buyer.','- In case of transport by air and/or container, FOB, C&F and CIF in this proforma invoice','shall be respectively equivalent to FCA, CPT and CIP stipulated in Incoterms 2000.','- In the even that the dollar (euro)falls against the Japanese yen by more than 5% from','the rate of proforma invoice date, the prices will not be effective.','','*** Warranty period after shipment***','3 years: PD-303, BR-501','1 year: AP-120, AP-1000M, PD-303S, PD-3000UV, BR-5200, BR-5200P, HC-702','','002','','001','001_pi-detail','192.168.5.206';
2018-01-17 11:33:42 EXEC SPC_001_PI_DETAIL_INQ1 'RT-131011001';
2018-01-17 11:33:43 EXEC SPC_COM_GET_COMBOBOX 'unit_w_div';
2018-01-17 11:33:43 EXEC SPC_COM_GET_COMBOBOX 'sales_detail_div';
2018-01-17 11:33:43 EXEC SPC_GET_TAX_RATE '2013/10/11';
2018-01-17 11:33:43 EXEC SPC_COM_GET_COMBOBOX 'unit_m_div';
2018-01-17 11:33:43 EXEC SPC_COM_GET_COMBOBOX 'unit_q_div';
2018-01-17 12:07:46 EXEC SPC_COM_GET_COMBOBOX 'port_country_div';
2018-01-17 12:07:47 EXEC SPC_COM_GET_COMBOBOX 'unit_q_div';
2018-01-17 12:07:47 EXEC SPC_COM_GET_COMBOBOX 'payment_conditions_div';
2018-01-17 12:07:47 EXEC SPC_COM_GET_COMBOBOX 'trade_terms_div';
2018-01-17 12:07:47 EXEC SPC_COM_GET_COMBOBOX 'shipment_div';
2018-01-17 12:07:47 EXEC SPC_COM_GET_COMBOBOX 'currency_div';
2018-01-17 12:07:47 EXEC SPC_COM_GET_COMBOBOX 'port_city_div';
2018-01-17 12:07:47 EXEC SPC_COM_GET_COMBOBOX 'unit_w_div';
2018-01-17 12:07:48 EXEC SPC_COM_GET_COMBOBOX 'unit_m_div';
2018-01-17 12:07:48 EXEC SPC_COM_GET_COMBOBOX 'bank_div';
2018-01-17 12:07:48 EXEC SPC_COM_GET_COMBOBOX 'sales_detail_div';
2018-01-17 12:07:48 EXEC SPC_001_PI_DETAIL_INQ1 'RT-131011001';
2018-01-17 12:07:48 EXEC SPC_GET_TAX_RATE '2018/01/17';
2018-01-17 12:07:48 EXEC SPC_COM_GET_COMBOBOX 'unit_q_div';
2018-01-17 12:07:48 EXEC SPC_COM_GET_COMBOBOX 'unit_w_div';
2018-01-17 12:07:48 EXEC SPC_COM_GET_COMBOBOX 'sales_detail_div';
2018-01-17 12:07:48 EXEC SPC_GET_TAX_RATE '2013/10/11';
2018-01-17 12:07:48 EXEC SPC_COM_GET_COMBOBOX 'unit_m_div';
2018-01-17 12:07:55 EXEC SPC_063_PRODUCT_MASTER_SEARCH_FND1 '','','1','10';
2018-01-17 12:07:57 EXEC SPC_001_PI_DETAIL_INQ3 '000111','2013/10/11','F0264','BD','USD';
2018-01-17 12:08:09 EXEC SPC_063_PRODUCT_MASTER_SEARCH_FND1 '','','1','10';
2018-01-17 12:08:11 EXEC SPC_001_PI_DETAIL_INQ3 '0004','2013/10/11','F0264','BD','USD';
2018-01-17 12:27:52 EXEC SPC_050_STOCK_SEARCH_FND1 '','','1','0';
2018-01-17 12:28:07 EXEC SPC_050_STOCK_SEARCH_FND1 '','','1','10';
2018-01-17 12:28:48 EXEC SPC_COM_GET_COMBOBOX 'in_out_data_div';
2018-01-17 12:28:49 EXEC SPC_COM_GET_COMBOBOX 'in_out_div';
2018-01-17 12:37:32 EXEC SPC_COM_GET_COMBOBOX 'in_out_div';
2018-01-17 12:37:33 EXEC SPC_COM_GET_COMBOBOX 'in_out_data_div';
2018-01-17 12:47:32 EXEC SPC_GET_ITEM 'rwsreg';
2018-01-17 12:47:34 EXEC SPC_050_STOCK_SEARCH_FND1 'rwsreg','','1','0';
2018-01-17 12:49:29 EXEC SPC_COM_GET_COMBOBOX 'in_out_div';
2018-01-17 12:49:30 EXEC SPC_COM_GET_COMBOBOX 'in_out_data_div';
2018-01-17 12:49:31 EXEC SPC_COM_GET_COMBOBOX 'in_out_div';
2018-01-17 12:49:31 EXEC SPC_COM_GET_COMBOBOX 'in_out_data_div';
2018-01-17 12:49:41 EXEC SPC_073_LOGIN_ACT1 '001','123456';
2018-01-17 12:49:41 EXEC SPC_GET_CONSTANT '';
2018-01-17 12:50:01 EXEC SPC_COM_GET_COMBOBOX 'in_out_div';
2018-01-17 12:50:01 EXEC SPC_COM_GET_COMBOBOX 'in_out_data_div';
2018-01-17 12:50:27 EXEC SPC_073_LOGIN_ACT1 '001','123456';
2018-01-17 12:50:27 EXEC SPC_GET_CONSTANT '';
2018-01-17 12:50:47 EXEC SPC_COM_GET_COMBOBOX 'in_out_div';
2018-01-17 12:50:47 EXEC SPC_COM_GET_COMBOBOX 'in_out_data_div';
2018-01-17 12:51:20 EXEC SPC_073_LOGIN_ACT1 '001','123456';
2018-01-17 12:51:20 EXEC SPC_GET_CONSTANT '';
2018-01-17 12:51:42 EXEC SPC_COM_GET_COMBOBOX 'in_out_data_div';
2018-01-17 12:51:42 EXEC SPC_COM_GET_COMBOBOX 'in_out_div';
2018-01-17 12:51:50 EXEC SPC_COM_GET_COMBOBOX 'in_out_div';
2018-01-17 12:51:50 EXEC SPC_COM_GET_COMBOBOX 'in_out_data_div';
2018-01-17 12:51:52 EXEC SPC_049_INPUT_OUTPUT_FND1 '','','','','','','','1','10';
2018-01-17 12:52:00 EXEC SPC_049_INPUT_OUTPUT_EXPORT_FND2 '','','','','','','','1','10';
2018-01-17 12:52:34 EXEC SPC_COMPONENT_PRODUCT_FND '','','','','1','10';
2018-01-17 12:52:36 EXEC SPC_GET_ITEM '000004';
2018-01-17 12:52:37 EXEC SPC_050_STOCK_SEARCH_FND1 '000004','','1','10';
2018-01-17 12:52:39 EXEC SPC_050_STOCK_SEARCH_FND1 '000004','','1','0';
2018-01-17 12:54:21 EXEC SPC_COM_GET_COMBOBOX 'in_out_data_div';
2018-01-17 12:54:21 EXEC SPC_COM_GET_COMBOBOX 'in_out_div';
2018-01-17 12:54:48 EXEC SPC_049_INPUT_OUTPUT_FND1 '','','','','','','','1','10';
2018-01-17 12:57:02 EXEC SPC_COM_GET_COMBOBOX 'in_out_data_div';
2018-01-17 12:57:02 EXEC SPC_COM_GET_COMBOBOX 'in_out_div';
2018-01-17 12:57:09 EXEC SPC_049_INPUT_OUTPUT_EXPORT_FND2 '','','','','','','','1','10';
2018-01-17 12:57:42 EXEC SPC_073_LOGIN_ACT1 '001','123456';
2018-01-17 12:57:42 EXEC SPC_GET_CONSTANT '';
2018-01-17 12:57:54 EXEC SPC_COM_GET_COMBOBOX 'in_out_div';
2018-01-17 12:57:54 EXEC SPC_COM_GET_COMBOBOX 'in_out_data_div';
2018-01-17 12:58:05 EXEC SPC_049_INPUT_OUTPUT_EXPORT_FND2 '','','','','','','','1','10';
2018-01-17 12:59:10 EXEC SPC_COM_GET_COMBOBOX 'in_out_div';
2018-01-17 12:59:10 EXEC SPC_COM_GET_COMBOBOX 'in_out_data_div';
2018-01-17 13:00:00 EXEC SPC_049_INPUT_OUTPUT_EXPORT_FND2 '','','','','','','','1','10';
2018-01-17 13:00:16 EXEC SPC_073_LOGIN_ACT1 '001','123456';
2018-01-17 13:00:16 EXEC SPC_GET_CONSTANT '';
2018-01-17 13:00:26 EXEC SPC_COM_GET_COMBOBOX 'in_out_data_div';
2018-01-17 13:00:26 EXEC SPC_COM_GET_COMBOBOX 'in_out_div';
2018-01-17 13:00:35 EXEC SPC_049_INPUT_OUTPUT_EXPORT_FND2 '','','','','','','','1','10';
2018-01-17 13:03:25 EXEC SPC_COM_GET_COMBOBOX 'pi_status_div';
2018-01-17 13:03:27 EXEC SPC_002_PI_SEARCH_FND1 '','','','','','','','','1','10';
2018-01-17 13:03:33 EXEC SPC_COM_GET_COMBOBOX 'port_city_div';
2018-01-17 13:03:33 EXEC SPC_COM_GET_COMBOBOX 'port_country_div';
2018-01-17 13:03:33 EXEC SPC_COM_GET_COMBOBOX 'unit_q_div';
2018-01-17 13:03:34 EXEC SPC_COM_GET_COMBOBOX 'unit_w_div';
2018-01-17 13:03:34 EXEC SPC_COM_GET_COMBOBOX 'unit_m_div';
2018-01-17 13:03:34 EXEC SPC_COM_GET_COMBOBOX 'sales_detail_div';
2018-01-17 13:03:35 EXEC SPC_GET_TAX_RATE '2018/01/17';
2018-01-17 13:03:35 EXEC SPC_COM_GET_COMBOBOX 'bank_div';
2018-01-17 13:03:35 EXEC SPC_COM_GET_COMBOBOX 'trade_terms_div';
2018-01-17 13:03:35 EXEC SPC_COM_GET_COMBOBOX 'shipment_div';
2018-01-17 13:03:35 EXEC SPC_COM_GET_COMBOBOX 'payment_conditions_div';
2018-01-17 13:03:35 EXEC SPC_COM_GET_COMBOBOX 'currency_div';
2018-01-17 13:03:43 EXEC SPC_COM_GET_COMBOBOX 'pi_status_div';
2018-01-17 13:03:43 EXEC SPC_002_PI_SEARCH_FND1 '','','','','','','','','1','10';
2018-01-17 13:03:47 EXEC SPC_COM_GET_COMBOBOX 'port_country_div';
2018-01-17 13:03:47 EXEC SPC_COM_GET_COMBOBOX 'payment_conditions_div';
2018-01-17 13:03:47 EXEC SPC_COM_GET_COMBOBOX 'shipment_div';
2018-01-17 13:03:47 EXEC SPC_COM_GET_COMBOBOX 'trade_terms_div';
2018-01-17 13:03:47 EXEC SPC_COM_GET_COMBOBOX 'port_city_div';
2018-01-17 13:03:47 EXEC SPC_COM_GET_COMBOBOX 'currency_div';
2018-01-17 13:03:48 EXEC SPC_COM_GET_COMBOBOX 'unit_w_div';
2018-01-17 13:03:48 EXEC SPC_COM_GET_COMBOBOX 'unit_q_div';
2018-01-17 13:03:48 EXEC SPC_COM_GET_COMBOBOX 'sales_detail_div';
2018-01-17 13:03:48 EXEC SPC_COM_GET_COMBOBOX 'bank_div';
2018-01-17 13:03:48 EXEC SPC_COM_GET_COMBOBOX 'unit_m_div';
2018-01-17 13:03:48 EXEC SPC_GET_TAX_RATE '2018/01/17';
2018-01-17 13:04:07 EXEC SPC_COM_GET_COMBOBOX 'pi_status_div';
2018-01-17 13:04:08 EXEC SPC_002_PI_SEARCH_FND1 '','','','','','','','','1','10';
2018-01-17 13:04:09 EXEC SPC_002_PI_SEARCH_FND1 '','','','','','','','','1','10';
2018-01-17 13:04:12 EXEC SPC_COM_GET_COMBOBOX 'port_city_div';
2018-01-17 13:04:12 EXEC SPC_COM_GET_COMBOBOX 'port_country_div';
2018-01-17 13:04:12 EXEC SPC_COM_GET_COMBOBOX 'payment_conditions_div';
2018-01-17 13:04:12 EXEC SPC_COM_GET_COMBOBOX 'trade_terms_div';
2018-01-17 13:04:12 EXEC SPC_COM_GET_COMBOBOX 'currency_div';
2018-01-17 13:04:13 EXEC SPC_COM_GET_COMBOBOX 'unit_w_div';
2018-01-17 13:04:13 EXEC SPC_COM_GET_COMBOBOX 'unit_q_div';
2018-01-17 13:04:13 EXEC SPC_COM_GET_COMBOBOX 'sales_detail_div';
2018-01-17 13:04:13 EXEC SPC_GET_TAX_RATE '2018/01/17';
2018-01-17 13:04:13 EXEC SPC_COM_GET_COMBOBOX 'bank_div';
2018-01-17 13:04:13 EXEC SPC_COM_GET_COMBOBOX 'unit_m_div';
2018-01-17 13:04:13 EXEC SPC_001_PI_DETAIL_INQ1 'RT-131001001';
2018-01-17 13:04:14 EXEC SPC_COM_GET_COMBOBOX 'unit_w_div';
2018-01-17 13:04:14 EXEC SPC_COM_GET_COMBOBOX 'unit_q_div';
2018-01-17 13:04:14 EXEC SPC_COM_GET_COMBOBOX 'sales_detail_div';
2018-01-17 13:04:14 EXEC SPC_COM_GET_COMBOBOX 'unit_m_div';
2018-01-17 13:04:14 EXEC SPC_GET_TAX_RATE '2013/10/01';
2018-01-17 13:04:16 EXEC SPC_COM_GET_COMBOBOX 'pi_status_div';
2018-01-17 13:04:17 EXEC SPC_002_PI_SEARCH_FND1 '','','','','','','','','1','10';
2018-01-17 13:04:19 EXEC SPC_002_PI_SEARCH_FND1 '','','','','','','','10','1','10';
2018-01-17 13:04:22 EXEC SPC_COM_GET_COMBOBOX 'trade_terms_div';
2018-01-17 13:04:22 EXEC SPC_COM_GET_COMBOBOX 'shipment_div';
2018-01-17 13:04:22 EXEC SPC_COM_GET_COMBOBOX 'payment_conditions_div';
2018-01-17 13:04:22 EXEC SPC_COM_GET_COMBOBOX 'port_country_div';
2018-01-17 13:04:22 EXEC SPC_COM_GET_COMBOBOX 'currency_div';
2018-01-17 13:04:23 EXEC SPC_COM_GET_COMBOBOX 'unit_q_div';
2018-01-17 13:04:23 EXEC SPC_COM_GET_COMBOBOX 'unit_w_div';
2018-01-17 13:04:23 EXEC SPC_COM_GET_COMBOBOX 'unit_m_div';
2018-01-17 13:04:23 EXEC SPC_COM_GET_COMBOBOX 'sales_detail_div';
2018-01-17 13:04:23 EXEC SPC_COM_GET_COMBOBOX 'bank_div';
2018-01-17 13:04:23 EXEC SPC_GET_TAX_RATE '2018/01/17';
2018-01-17 13:04:23 EXEC SPC_001_PI_DETAIL_INQ1 'RT-131011001';
2018-01-17 13:04:24 EXEC SPC_COM_GET_COMBOBOX 'sales_detail_div';
2018-01-17 13:04:24 EXEC SPC_COM_GET_COMBOBOX 'unit_m_div';
2018-01-17 13:04:24 EXEC SPC_COM_GET_COMBOBOX 'unit_w_div';
2018-01-17 13:04:24 EXEC SPC_COM_GET_COMBOBOX 'unit_q_div';
2018-01-17 13:07:42 EXEC SPC_COM_GET_COMBOBOX 'port_country_div';
2018-01-17 13:07:42 EXEC SPC_COM_GET_COMBOBOX 'port_city_div';
2018-01-17 13:07:42 EXEC SPC_COM_GET_COMBOBOX 'payment_conditions_div';
2018-01-17 13:07:42 EXEC SPC_COM_GET_COMBOBOX 'shipment_div';
2018-01-17 13:07:42 EXEC SPC_COM_GET_COMBOBOX 'trade_terms_div';
2018-01-17 13:07:42 EXEC SPC_COM_GET_COMBOBOX 'currency_div';
2018-01-17 13:07:42 EXEC SPC_COM_GET_COMBOBOX 'unit_m_div';
2018-01-17 13:07:42 EXEC SPC_COM_GET_COMBOBOX 'unit_q_div';
2018-01-17 13:07:42 EXEC SPC_COM_GET_COMBOBOX 'bank_div';
2018-01-17 13:07:42 EXEC SPC_COM_GET_COMBOBOX 'unit_w_div';
2018-01-17 13:07:42 EXEC SPC_COM_GET_COMBOBOX 'sales_detail_div';
2018-01-17 13:07:42 EXEC SPC_GET_TAX_RATE '2018/01/17';
2018-01-17 13:07:43 EXEC SPC_001_PI_DETAIL_INQ1 'RT-131011001';
2018-01-17 13:07:43 EXEC SPC_COM_GET_COMBOBOX 'unit_w_div';
2018-01-17 13:07:43 EXEC SPC_COM_GET_COMBOBOX 'sales_detail_div';
2018-01-17 13:07:43 EXEC SPC_COM_GET_COMBOBOX 'unit_q_div';
2018-01-17 13:07:43 EXEC SPC_GET_TAX_RATE '2013/10/11';
2018-01-17 13:07:43 EXEC SPC_COM_GET_COMBOBOX 'unit_m_div';
2018-01-17 13:07:48 EXEC SPC_001_PI_DETAIL_ACT2 'RT-131011001','001','001_pi-detail','192.168.5.206';
2018-01-17 13:08:06 EXEC SPC_COM_GET_COMBOBOX 'pi_status_div';
2018-01-17 13:08:07 EXEC SPC_002_PI_SEARCH_FND1 '','','','','','','','','1','10';
2018-01-17 13:08:09 EXEC SPC_001_PI_DETAIL_INQ1 'RT-130827001';
2018-01-17 13:08:09 EXEC SPC_COM_GET_COMBOBOX 'unit_q_div';
2018-01-17 13:08:09 EXEC SPC_COM_GET_COMBOBOX 'unit_w_div';
2018-01-17 13:08:09 EXEC SPC_GET_TAX_RATE '2013/08/27';
2018-01-17 13:08:09 EXEC SPC_COM_GET_COMBOBOX 'sales_detail_div';
2018-01-17 13:08:09 EXEC SPC_COM_GET_COMBOBOX 'unit_m_div';
2018-01-17 13:08:20 EXEC SPC_001_PI_DETAIL_ACT1 'R','RT-130827001','90','2013/08/27','F0252','West Medica Produktions- and Handels-GmbH','Franz-Siegel-Gasse 1,','2380 Perchtoldsdorf,','','063','AT','43-1-804-81-84','43-1-804-81-85','','West Medica Produktions- and Handels-GmbH','Franz-Siegel-Gasse 1,','2380 Perchtoldsdorf,','','063','AT','43-1-804-81-84','43-1-804-81-85','MEDICA','','','','Standard Export Carton','01','USD','060','01','02','063','AT','05','payment by T.T.','[{"pi_detail_no":"1","sales_detail_div":"0","product_cd":"10004","description":"Digital Spectrophotometer Model PD-303 with standard accessories","qty":"10","unit_of_m_div":"006","unit_price":"820","amount":"8200","detail_tax":"410","unit_measure_qty":"0","unit_measure_price":"001","outside_remarks":"","unit_net_weight":"4.7","unit_net_weight_div":"001","net_weight":"47","unit_gross_weight":"6.4","gross_weight":"64","measure":"0"},{"pi_detail_no":"2","sales_detail_div":"0","product_cd":"10005","description":"Digital Spectrophotometer Model PD-303S (5 parameters type) with micoprocessor and Standard accessories","qty":"1","unit_of_m_div":"006","unit_price":"1060","amount":"1060","detail_tax":"53","unit_measure_qty":"0","unit_measure_price":"001","outside_remarks":"","unit_net_weight":"4","unit_net_weight_div":"001","net_weight":"4","unit_gross_weight":"6.4","gross_weight":"6.4","measure":"0"}]','11','006','70.4','001','51','001','0','001','9260','0','0','0','9260','Around 3weeks after receipt of payment','','Japan','APEL CO.,LTD.','This Proforma invoice is valid for 2 weeks from the date of  issue.','- If a consulate visa is required, the related fees should be paid by the buyer.','- In case of transport by air and/or container, FOB, C&F and CIF in this proforma invoice','shall be respectively equivalent to FCA, CPT and CIP stipulated in Incoterms 2000.','- In the even that the dollar (euro)falls against the Japanese yen by more than 5% from','the rate of proforma invoice date, the prices will not be effective.','','*** Warranty period after shipment***','3 years: AP-101, HG-202, PD-303, BR-501','1 year: AP-1000M, HG-2000, PD-303S, PD-303UV, BR-5000N, BR-5100, BR-5100P, HC-702','','002','','001','001_pi-detail','192.168.5.206';
2018-01-17 13:08:21 EXEC SPC_001_PI_DETAIL_INQ1 'RT-130827001';
2018-01-17 13:08:22 EXEC SPC_GET_TAX_RATE '2013/08/27';
2018-01-17 13:08:22 EXEC SPC_COM_GET_COMBOBOX 'sales_detail_div';
2018-01-17 13:08:22 EXEC SPC_COM_GET_COMBOBOX 'unit_m_div';
2018-01-17 13:08:22 EXEC SPC_COM_GET_COMBOBOX 'unit_w_div';
2018-01-17 13:08:22 EXEC SPC_COM_GET_COMBOBOX 'unit_q_div';
2018-01-17 13:08:42 EXEC SPC_001_PI_DETAIL_ACT1 'R','RT-130827001','90','2013/08/27','F0252','West Medica Produktions- and Handels-GmbH','Franz-Siegel-Gasse 1,','2380 Perchtoldsdorf,','','063','AT','43-1-804-81-84','43-1-804-81-85','','West Medica Produktions- and Handels-GmbH','Franz-Siegel-Gasse 1,','2380 Perchtoldsdorf,','','063','AT','43-1-804-81-84','43-1-804-81-85','MEDICA','','','','Standard Export Carton','01','USD','060','01','02','063','AT','05','payment by T.T.','[{"pi_detail_no":"1","sales_detail_div":"0","product_cd":"10004","description":"Digital Spectrophotometer Model PD-303 with standard accessories","qty":"10","unit_of_m_div":"006","unit_price":"820","amount":"8200","detail_tax":"410","unit_measure_qty":"0","unit_measure_price":"001","outside_remarks":"","unit_net_weight":"4.7","unit_net_weight_div":"001","net_weight":"47","unit_gross_weight":"6.4","gross_weight":"64","measure":"0"},{"pi_detail_no":"2","sales_detail_div":"0","product_cd":"10005","description":"Digital Spectrophotometer Model PD-303S (5 parameters type) with micoprocessor and Standard accessories","qty":"1","unit_of_m_div":"006","unit_price":"1060","amount":"1060","detail_tax":"53","unit_measure_qty":"0","unit_measure_price":"001","outside_remarks":"","unit_net_weight":"4","unit_net_weight_div":"001","net_weight":"4","unit_gross_weight":"6.4","gross_weight":"6.4","measure":"0"}]','11','006','70.4','001','51','001','0','001','9260','0','0','0','9260','Around 3weeks after receipt of payment','','Japan','APEL CO.,LTD.','This Proforma invoice is valid for 2 weeks from the date of  issue.','- If a consulate visa is required, the related fees should be paid by the buyer.','- In case of transport by air and/or container, FOB, C&F and CIF in this proforma invoice','shall be respectively equivalent to FCA, CPT and CIP stipulated in Incoterms 2000.','- In the even that the dollar (euro)falls against the Japanese yen by more than 5% from','the rate of proforma invoice date, the prices will not be effective.','','*** Warranty period after shipment***','3 years: AP-101, HG-202, PD-303, BR-501','1 year: AP-1000M, HG-2000, PD-303S, PD-303UV, BR-5000N, BR-5100, BR-5100P, HC-702','','002','','001','001_pi-detail','192.168.5.206';
2018-01-17 13:08:43 EXEC SPC_001_PI_DETAIL_INQ1 'RT-130827001';
2018-01-17 13:08:43 EXEC SPC_COM_GET_COMBOBOX 'unit_m_div';
2018-01-17 13:08:43 EXEC SPC_COM_GET_COMBOBOX 'unit_w_div';
2018-01-17 13:08:43 EXEC SPC_GET_TAX_RATE '2013/08/27';
il_div';
2018-01-17 13:08:55 EXEC SPC_001_PI_DETAIL_INQ1 'RT-130827003';
2018-01-17 13:09:01 EXEC SPC_001_PI_DETAIL_INQ1 'RT-171212007';
2018-01-17 13:09:03 EXEC SPC_001_PI_DETAIL_INQ1 'RT-131003002';
2018-01-17 13:09:06 EXEC SPC_001_PI_DETAIL_INQ1 'RT-130827002';
2018-01-17 13:09:06 EXEC SPC_COM_GET_COMBOBOX 'sales_detail_div';
2018-01-17 13:09:06 EXEC SPC_COM_GET_COMBOBOX 'unit_m_div';
2018-01-17 13:09:06 EXEC SPC_COM_GET_COMBOBOX 'unit_q_div';
2018-01-17 13:09:06 EXEC SPC_GET_TAX_RATE '2013/08/27';
2018-01-17 13:09:06 EXEC SPC_COM_GET_COMBOBOX 'unit_w_div';
2018-01-17 13:09:29 EXEC SPC_COM_GET_COMBOBOX 'pi_status_div';
2018-01-17 13:09:32 EXEC SPC_002_PI_SEARCH_FND1 '','','','','','','','30','1','10';
2018-01-17 13:09:35 EXEC SPC_COM_GET_COMBOBOX 'trade_terms_div';
2018-01-17 13:09:35 EXEC SPC_COM_GET_COMBOBOX 'shipment_div';
2018-01-17 13:09:35 EXEC SPC_COM_GET_COMBOBOX 'currency_div';
2018-01-17 13:09:35 EXEC SPC_COM_GET_COMBOBOX 'port_city_div';
2018-01-17 13:09:35 EXEC SPC_COM_GET_COMBOBOX 'payment_conditions_div';
2018-01-17 13:09:35 EXEC SPC_COM_GET_COMBOBOX 'port_country_div';
2018-01-17 13:09:36 EXEC SPC_COM_GET_COMBOBOX 'unit_m_div';
2018-01-17 13:09:36 EXEC SPC_COM_GET_COMBOBOX 'unit_w_div';
2018-01-17 13:09:36 EXEC SPC_COM_GET_COMBOBOX 'sales_detail_div';
2018-01-17 13:09:36 EXEC SPC_COM_GET_COMBOBOX 'unit_q_div';
2018-01-17 13:09:36 EXEC SPC_COM_GET_COMBOBOX 'bank_div';
2018-01-17 13:09:36 EXEC SPC_GET_TAX_RATE '2018/01/17';
2018-01-17 13:09:36 EXEC SPC_001_PI_DETAIL_INQ1 'RT-130827002';
2018-01-17 13:09:37 EXEC SPC_COM_GET_COMBOBOX 'unit_q_div';
2018-01-17 13:09:37 EXEC SPC_COM_GET_COMBOBOX 'unit_m_div';
2018-01-17 13:09:37 EXEC SPC_GET_TAX_RATE '2013/08/27';
2018-01-17 13:09:37 EXEC SPC_COM_GET_COMBOBOX 'sales_detail_div';
2018-01-17 13:09:37 EXEC SPC_COM_GET_COMBOBOX 'unit_w_div';
2018-01-17 13:09:40 EXEC SPC_COM_GET_COMBOBOX 'pi_status_div';
2018-01-17 13:09:40 EXEC SPC_002_PI_SEARCH_FND1 '','','','','','','','30','1','10';
2018-01-17 13:09:42 EXEC SPC_002_PI_SEARCH_FND1 '','','','','RT-130827002','','','30','1','10';
2018-01-17 13:09:46 EXEC SPC_002_PI_SEARCH_FND1 '','','','','RT-130827002','','','10','1','10';
2018-01-17 13:09:50 EXEC SPC_002_PI_SEARCH_FND1 '','','','','','','','10','1','10';
2018-01-17 13:09:54 EXEC SPC_COM_GET_COMBOBOX 'port_country_div';
2018-01-17 13:09:54 EXEC SPC_COM_GET_COMBOBOX 'shipment_div';
2018-01-17 13:09:54 EXEC SPC_COM_GET_COMBOBOX 'port_city_div';
2018-01-17 13:09:54 EXEC SPC_COM_GET_COMBOBOX 'payment_conditions_div';
2018-01-17 13:09:54 EXEC SPC_COM_GET_COMBOBOX 'trade_terms_div';
2018-01-17 13:09:54 EXEC SPC_COM_GET_COMBOBOX 'currency_div';
2018-01-17 13:09:54 EXEC SPC_COM_GET_COMBOBOX 'unit_m_div';
2018-01-17 13:09:54 EXEC SPC_COM_GET_COMBOBOX 'unit_q_div';
2018-01-17 13:09:54 EXEC SPC_COM_GET_COMBOBOX 'unit_w_div';
2018-01-17 13:09:55 EXEC SPC_COM_GET_COMBOBOX 'bank_div';
2018-01-17 13:09:55 EXEC SPC_COM_GET_COMBOBOX 'sales_detail_div';
2018-01-17 13:09:55 EXEC SPC_GET_TAX_RATE '2018/01/17';
2018-01-17 13:09:55 EXEC SPC_001_PI_DETAIL_INQ1 'RT-180112001';
2018-01-17 13:09:56 EXEC SPC_COM_GET_COMBOBOX 'unit_w_div';
2018-01-17 13:09:56 EXEC SPC_COM_GET_COMBOBOX 'unit_q_div';
2018-01-17 13:09:56 EXEC SPC_COM_GET_COMBOBOX 'unit_m_div';
2018-01-17 13:09:56 EXEC SPC_COM_GET_COMBOBOX 'sales_detail_div';
2018-01-17 13:09:56 EXEC SPC_GET_TAX_RATE '2018/01/12';
2018-01-17 13:10:12 EXEC SPC_001_PI_DETAIL_ACT1 'R','RT-180112001','10','2018/01/12','ape76','APEL CO.,LTD.','951 Angyouryou Negishi','Kawaguchi','333-0834','065','JP','+81-48-280-3055','+81-48-283-5045','','APEL CO.,LTD.','951 Angyouryou Negishi','Kawaguchi','333-0834','065','JP','+81-48-280-3055','+81-48-283-5045','APEL CO., LTD.','Saitama','mark 3','mark 4','(未定)pi_packing','','USD','060','01','02','001','SY','15','Payment','[{"pi_detail_no":"1","sales_detail_div":"3","product_cd":"000114","description":"abc","qty":"10","unit_of_m_div":"010","unit_price":"10","amount":"100","detail_tax":"1.2","unit_measure_qty":"10","unit_measure_price":"001","outside_remarks":"","unit_net_weight":"10","unit_net_weight_div":"","net_weight":"100","unit_gross_weight":"10","gross_weight":"100","measure":"100"},{"pi_detail_no":"2","sales_detail_div":"0","product_cd":"000112","description":"adag","qty":"20","unit_of_m_div":"002","unit_price":"20","amount":"400","detail_tax":"4.8","unit_measure_qty":"888","unit_measure_price":"001","outside_remarks":"","unit_net_weight":"11212.13","unit_net_weight_div":"001","net_weight":"224242.6","unit_gross_weight":"16543.5","gross_weight":"330870","measure":"17760"}]','30','010','330970','','224342.6','','17860','001','500','0','0','6','506','(未定)pi_time_of_shipment','008','(未定)pi_country_of_origin','(未定)pi_manufacture','(未定)pi_varidity','(未定)pi_other_conditions1','(未定)pi_other_conditions2','(未定)pi_other_conditions3','(未定)pi_other_conditions4','(未定)pi_other_conditions5','(未定)pi_other_conditions6','(未定)pi_other_conditions7','(未定)pi_other_conditions8','(未定)pi_other_conditions9','(未定)pi_other_conditions10','001','社内用備考','001','001_pi-detail','192.168.5.206';
2018-01-17 13:10:13 EXEC SPC_001_PI_DETAIL_INQ1 'RT-180112001';
2018-01-17 13:10:14 EXEC SPC_GET_TAX_RATE '2018/01/12';
2018-01-17 13:10:14 EXEC SPC_COM_GET_COMBOBOX 'unit_m_div';
2018-01-17 13:10:14 EXEC SPC_COM_GET_COMBOBOX 'sales_detail_div';
2018-01-17 13:10:14 EXEC SPC_COM_GET_COMBOBOX 'unit_q_div';
2018-01-17 13:10:14 EXEC SPC_COM_GET_COMBOBOX 'unit_w_div';
2018-01-17 13:10:23 EXEC SPC_001_PI_DETAIL_ACT2 'RT-180112001','001','001_pi-detail','192.168.5.206';
2018-01-17 13:10:45 EXEC SPC_001_PI_DETAIL_INQ1 'RT-130827002';
2018-01-17 13:10:45 EXEC SPC_COM_GET_COMBOBOX 'unit_w_div';
2018-01-17 13:10:45 EXEC SPC_COM_GET_COMBOBOX 'unit_q_div';
2018-01-17 13:10:45 EXEC SPC_COM_GET_COMBOBOX 'unit_m_div';
2018-01-17 13:10:45 EXEC SPC_GET_TAX_RATE '2013/08/27';
2018-01-17 13:10:45 EXEC SPC_COM_GET_COMBOBOX 'sales_detail_div';
2018-01-17 13:10:50 EXEC SPC_COM_GET_COMBOBOX 'pi_status_div';
2018-01-17 13:10:51 EXEC SPC_002_PI_SEARCH_FND1 '','','','','','','','10','1','10';
2018-01-17 13:10:54 EXEC SPC_COM_GET_COMBOBOX 'currency_div';
2018-01-17 13:10:54 EXEC SPC_COM_GET_COMBOBOX 'trade_terms_div';
2018-01-17 13:10:54 EXEC SPC_COM_GET_COMBOBOX 'port_city_div';
2018-01-17 13:10:54 EXEC SPC_COM_GET_COMBOBOX 'shipment_div';
2018-01-17 13:10:54 EXEC SPC_COM_GET_COMBOBOX 'payment_conditions_div';
2018-01-17 13:10:54 EXEC SPC_COM_GET_COMBOBOX 'port_country_div';
2018-01-17 13:10:55 EXEC SPC_COM_GET_COMBOBOX 'unit_q_div';
2018-01-17 13:10:55 EXEC SPC_COM_GET_COMBOBOX 'unit_w_div';
2018-01-17 13:10:55 EXEC SPC_COM_GET_COMBOBOX 'unit_m_div';
2018-01-17 13:10:55 EXEC SPC_COM_GET_COMBOBOX 'bank_div';
2018-01-17 13:10:55 EXEC SPC_COM_GET_COMBOBOX 'sales_detail_div';
2018-01-17 13:10:55 EXEC SPC_GET_TAX_RATE '2018/01/17';
2018-01-17 13:10:55 EXEC SPC_001_PI_DETAIL_INQ1 'RT-180112002';
2018-01-17 13:10:56 EXEC SPC_COM_GET_COMBOBOX 'unit_m_div';
2018-01-17 13:10:56 EXEC SPC_COM_GET_COMBOBOX 'unit_q_div';
2018-01-17 13:10:56 EXEC SPC_COM_GET_COMBOBOX 'unit_w_div';
2018-01-17 13:10:56 EXEC SPC_COM_GET_COMBOBOX 'sales_detail_div';
2018-01-17 13:10:56 EXEC SPC_GET_TAX_RATE '2018/01/12';
2018-01-17 13:10:57 EXEC SPC_001_PI_DETAIL_ACT3 'RT-180112002','社内用備考','001','001_pi-detail','192.168.5.206';
2018-01-17 13:10:59 EXEC SPC_001_PI_DETAIL_INQ1 'RT-180112002';
2018-01-17 13:10:59 EXEC SPC_COM_GET_COMBOBOX 'unit_m_div';
2018-01-17 13:10:59 EXEC SPC_COM_GET_COMBOBOX 'sales_detail_div';
2018-01-17 13:10:59 EXEC SPC_COM_GET_COMBOBOX 'unit_q_div';
2018-01-17 13:10:59 EXEC SPC_GET_TAX_RATE '2018/01/12';
2018-01-17 13:10:59 EXEC SPC_COM_GET_COMBOBOX 'unit_w_div';
2018-01-17 13:11:02 EXEC SPC_001_PI_DETAIL_ACT4 'RT-180112002','社内用備考','001','001_pi-detail','192.168.5.206';
2018-01-17 13:11:03 EXEC SPC_001_PI_DETAIL_INQ1 'RT-180112002';
2018-01-17 13:11:03 EXEC SPC_COM_GET_COMBOBOX 'unit_m_div';
2018-01-17 13:11:03 EXEC SPC_COM_GET_COMBOBOX 'unit_q_div';
2018-01-17 13:11:03 EXEC SPC_COM_GET_COMBOBOX 'unit_w_div';
2018-01-17 13:11:03 EXEC SPC_GET_TAX_RATE '2018/01/12';
2018-01-17 13:11:03 EXEC SPC_COM_GET_COMBOBOX 'sales_detail_div';
2018-01-17 13:15:46 EXEC SPC_COM_GET_COMBOBOX 'in_out_div';
2018-01-17 13:18:04 EXEC SPC_COM_GET_COMBOBOX 'in_out_div';
2018-01-17 13:18:04 EXEC SPC_COM_GET_COMBOBOX 'in_out_data_div';
2018-01-17 13:18:05 EXEC SPC_049_INPUT_OUTPUT_FND1 '','','','','','','','1','10';
2018-01-17 13:19:42 EXEC SPC_049_INPUT_OUTPUT_FND1 '','','','','','','','1','10';
2018-01-17 13:19:47 EXEC SPC_049_INPUT_OUTPUT_EXPORT_FND2 '','','','','','','','1','10';
2018-01-17 13:21:16 EXEC SPC_COM_GET_COMBOBOX 'in_out_div';
2018-01-17 13:21:16 EXEC SPC_COM_GET_COMBOBOX 'in_out_data_div';
2018-01-17 13:21:18 EXEC SPC_049_INPUT_OUTPUT_FND1 '','','','','','','','1','10';
2018-01-17 13:21:20 EXEC SPC_049_INPUT_OUTPUT_EXPORT_FND2 '','','','','','','','1','10';
2018-01-17 13:23:02 EXEC SPC_049_INPUT_OUTPUT_FND1 '','','','','','','','1','10';
2018-01-17 13:23:08 EXEC SPC_049_INPUT_OUTPUT_FND1 '','','','','','','','1','10';
2018-01-17 13:24:05 EXEC SPC_049_INPUT_OUTPUT_FND1 '','','','','','','','1','10';
2018-01-17 13:24:12 EXEC SPC_049_INPUT_OUTPUT_EXPORT_FND2 '','','','','','','','1','10';
2018-01-17 13:26:21 EXEC SPC_049_INPUT_OUTPUT_EXPORT_FND2 '','','','','','','','1','10';
2018-01-17 13:33:32 EXEC SPC_049_INPUT_OUTPUT_EXPORT_FND2 '','','','','','','','1','10';
2018-01-17 13:33:58 EXEC SPC_049_INPUT_OUTPUT_EXPORT_FND2 '','','','','','','','1','10';
2018-01-17 13:34:11 EXEC SPC_049_INPUT_OUTPUT_EXPORT_FND2 '','','','','','','','1','10';
2018-01-17 13:36:44 EXEC SPC_049_INPUT_OUTPUT_EXPORT_FND2 '','','','','','','','1','10';
2018-01-17 13:36:55 EXEC SPC_049_INPUT_OUTPUT_EXPORT_FND2 '','','','','','','','1','10';
2018-01-17 13:38:19 EXEC SPC_049_INPUT_OUTPUT_EXPORT_FND2 '','','','','','','','1','10';
2018-01-17 13:39:07 EXEC SPC_049_INPUT_OUTPUT_EXPORT_FND2 '','','','','','','','1','10';
2018-01-17 13:40:44 EXEC SPC_049_INPUT_OUTPUT_EXPORT_FND2 '','','','','','','','1','10';
2018-01-17 13:45:11 EXEC SPC_073_LOGIN_ACT1 '812','812';
2018-01-17 13:45:12 EXEC SPC_GET_CONSTANT '';
2018-01-17 13:45:18 EXEC SPC_COM_GET_COMBOBOX 'port_country_div';
2018-01-17 13:45:18 EXEC SPC_COM_GET_COMBOBOX 'unit_q_div';
2018-01-17 13:45:19 EXEC SPC_COM_GET_COMBOBOX 'unit_w_div';
2018-01-17 13:45:19 EXEC SPC_COM_GET_COMBOBOX 'port_city_div';
2018-01-17 13:45:19 EXEC SPC_COM_GET_COMBOBOX 'shipment_div';
2018-01-17 13:45:19 EXEC SPC_COM_GET_COMBOBOX 'trade_terms_div';
2018-01-17 13:45:19 EXEC SPC_COM_GET_COMBOBOX 'unit_m_div';
2018-01-17 13:45:20 EXEC SPC_COM_GET_COMBOBOX 'payment_conditions_div';
2018-01-17 13:45:20 EXEC SPC_COM_GET_COMBOBOX 'currency_div';
2018-01-17 13:45:20 EXEC SPC_COM_GET_COMBOBOX 'sales_detail_div';
2018-01-17 13:45:20 EXEC SPC_COM_GET_COMBOBOX 'bank_div';
2018-01-17 13:45:20 EXEC SPC_GET_TAX_RATE '2018/01/17';
2018-01-17 13:45:21 EXEC SPC_001_PI_DETAIL_INQ1 'RT-180117008';
2018-01-17 13:45:22 EXEC SPC_COM_GET_COMBOBOX 'unit_w_div';
2018-01-17 13:45:22 EXEC SPC_COM_GET_COMBOBOX 'unit_m_div';
2018-01-17 13:45:22 EXEC SPC_COM_GET_COMBOBOX 'unit_q_div';
2018-01-17 13:45:22 EXEC SPC_COM_GET_COMBOBOX 'sales_detail_div';
2018-01-17 13:45:22 EXEC SPC_GET_TAX_RATE '2018/01/17';
2018-01-17 13:46:46 EXEC SPC_COM_GET_COMBOBOX 'port_country_div';
2018-01-17 13:46:46 EXEC SPC_COM_GET_COMBOBOX 'payment_conditions_div';
2018-01-17 13:46:46 EXEC SPC_COM_GET_COMBOBOX 'shipment_div';
2018-01-17 13:46:46 EXEC SPC_COM_GET_COMBOBOX 'port_city_div';
2018-01-17 13:46:46 EXEC SPC_COM_GET_COMBOBOX 'currency_div';
2018-01-17 13:46:46 EXEC SPC_COM_GET_COMBOBOX 'trade_terms_div';
2018-01-17 13:46:47 EXEC SPC_COM_GET_COMBOBOX 'unit_w_div';
2018-01-17 13:46:47 EXEC SPC_COM_GET_COMBOBOX 'unit_m_div';
2018-01-17 13:46:47 EXEC SPC_COM_GET_COMBOBOX 'bank_div';
2018-01-17 13:46:47 EXEC SPC_COM_GET_COMBOBOX 'unit_q_div';
2018-01-17 13:46:47 EXEC SPC_GET_TAX_RATE '2018/01/17';
2018-01-17 13:46:47 EXEC SPC_COM_GET_COMBOBOX 'sales_detail_div';
2018-01-17 13:46:47 EXEC SPC_001_PI_DETAIL_INQ1 'RT-180117008';
2018-01-17 13:46:48 EXEC SPC_GET_TAX_RATE '2018/01/17';
2018-01-17 13:46:48 EXEC SPC_COM_GET_COMBOBOX 'unit_w_div';
2018-01-17 13:46:48 EXEC SPC_COM_GET_COMBOBOX 'unit_m_div';
2018-01-17 13:46:48 EXEC SPC_COM_GET_COMBOBOX 'unit_q_div';
2018-01-17 13:46:48 EXEC SPC_COM_GET_COMBOBOX 'sales_detail_div';
2018-01-17 13:48:24 EXEC SPC_COM_GET_COMBOBOX 'port_country_div';
2018-01-17 13:48:24 EXEC SPC_COM_GET_COMBOBOX 'port_city_div';
2018-01-17 13:48:24 EXEC SPC_COM_GET_COMBOBOX 'currency_div';
2018-01-17 13:48:24 EXEC SPC_COM_GET_COMBOBOX 'trade_terms_div';
2018-01-17 13:48:25 EXEC SPC_COM_GET_COMBOBOX 'shipment_div';
2018-01-17 13:48:25 EXEC SPC_COM_GET_COMBOBOX 'payment_conditions_div';
2018-01-17 13:48:25 EXEC SPC_COM_GET_COMBOBOX 'unit_q_div';
2018-01-17 13:48:25 EXEC SPC_COM_GET_COMBOBOX 'unit_w_div';
2018-01-17 13:48:25 EXEC SPC_COM_GET_COMBOBOX 'unit_m_div';
2018-01-17 13:48:25 EXEC SPC_COM_GET_COMBOBOX 'sales_detail_div';
2018-01-17 13:48:25 EXEC SPC_GET_TAX_RATE '2018/01/17';
2018-01-17 13:48:25 EXEC SPC_COM_GET_COMBOBOX 'bank_div';
2018-01-17 13:48:30 EXEC SPC_001_PI_DETAIL_INQ1 'RT-180117008';
2018-01-17 13:48:31 EXEC SPC_COM_GET_COMBOBOX 'sales_detail_div';
2018-01-17 13:48:31 EXEC SPC_GET_TAX_RATE '2018/01/17';
2018-01-17 13:48:31 EXEC SPC_COM_GET_COMBOBOX 'unit_q_div';
2018-01-17 13:48:31 EXEC SPC_COM_GET_COMBOBOX 'unit_m_div';
2018-01-17 13:48:31 EXEC SPC_COM_GET_COMBOBOX 'unit_w_div';
2018-01-17 13:48:40 EXEC SPC_COM_GET_COMBOBOX 'port_country_div';
2018-01-17 13:48:40 EXEC SPC_COM_GET_COMBOBOX 'shipment_div';
2018-01-17 13:48:40 EXEC SPC_COM_GET_COMBOBOX 'trade_terms_div';
2018-01-17 13:48:40 EXEC SPC_COM_GET_COMBOBOX 'currency_div';
2018-01-17 13:48:40 EXEC SPC_COM_GET_COMBOBOX 'port_city_div';
2018-01-17 13:48:40 EXEC SPC_COM_GET_COMBOBOX 'payment_conditions_div';
2018-01-17 13:48:41 EXEC SPC_COM_GET_COMBOBOX 'unit_m_div';
2018-01-17 13:48:41 EXEC SPC_COM_GET_COMBOBOX 'sales_detail_div';
2018-01-17 13:48:41 EXEC SPC_COM_GET_COMBOBOX 'unit_q_div';
2018-01-17 13:48:41 EXEC SPC_GET_TAX_RATE '2018/01/17';
2018-01-17 13:48:41 EXEC SPC_COM_GET_COMBOBOX 'bank_div';
2018-01-17 13:48:41 EXEC SPC_COM_GET_COMBOBOX 'unit_w_div';
2018-01-17 13:48:45 EXEC SPC_001_PI_DETAIL_INQ1 'RT-180117008';
2018-01-17 13:48:45 EXEC SPC_COM_GET_COMBOBOX 'unit_q_div';
2018-01-17 13:48:45 EXEC SPC_COM_GET_COMBOBOX 'unit_m_div';
2018-01-17 13:48:45 EXEC SPC_COM_GET_COMBOBOX 'sales_detail_div';
2018-01-17 13:48:45 EXEC SPC_COM_GET_COMBOBOX 'unit_w_div';
2018-01-17 13:48:45 EXEC SPC_GET_TAX_RATE '2018/01/17';
2018-01-17 13:49:10 EXEC SPC_COM_GET_COMBOBOX 'port_country_div';
2018-01-17 13:49:10 EXEC SPC_COM_GET_COMBOBOX 'shipment_div';
2018-01-17 13:49:11 EXEC SPC_COM_GET_COMBOBOX 'port_city_div';
2018-01-17 13:49:11 EXEC SPC_COM_GET_COMBOBOX 'currency_div';
2018-01-17 13:49:11 EXEC SPC_COM_GET_COMBOBOX 'payment_conditions_div';
2018-01-17 13:49:11 EXEC SPC_COM_GET_COMBOBOX 'trade_terms_div';
2018-01-17 13:49:11 EXEC SPC_COM_GET_COMBOBOX 'unit_m_div';
2018-01-17 13:49:11 EXEC SPC_COM_GET_COMBOBOX 'unit_w_div';
2018-01-17 13:49:11 EXEC SPC_COM_GET_COMBOBOX 'sales_detail_div';
2018-01-17 13:49:11 EXEC SPC_GET_TAX_RATE '2018/01/17';
2018-01-17 13:49:11 EXEC SPC_COM_GET_COMBOBOX 'unit_q_div';
2018-01-17 13:49:11 EXEC SPC_COM_GET_COMBOBOX 'bank_div';
2018-01-17 13:49:12 EXEC SPC_001_PI_DETAIL_INQ1 'RT-180117008';
2018-01-17 13:49:12 EXEC SPC_COM_GET_COMBOBOX 'unit_w_div';
2018-01-17 13:49:12 EXEC SPC_GET_TAX_RATE '2018/01/17';
2018-01-17 13:49:12 EXEC SPC_COM_GET_COMBOBOX 'sales_detail_div';
2018-01-17 13:49:12 EXEC SPC_COM_GET_COMBOBOX 'unit_q_div';
2018-01-17 13:49:13 EXEC SPC_COM_GET_COMBOBOX 'unit_m_div';
2018-01-17 13:49:39 EXEC SPC_001_PI_DETAIL_INQ1 'RT-180117009';
2018-01-17 13:49:42 EXEC SPC_001_PI_DETAIL_INQ1 'RT-180117008';
2018-01-17 13:49:43 EXEC SPC_COM_GET_COMBOBOX 'sales_detail_div';
2018-01-17 13:49:43 EXEC SPC_COM_GET_COMBOBOX 'unit_w_div';
2018-01-17 13:49:43 EXEC SPC_COM_GET_COMBOBOX 'unit_m_div';
2018-01-17 13:49:43 EXEC SPC_GET_TAX_RATE '2018/01/17';
2018-01-17 13:49:43 EXEC SPC_COM_GET_COMBOBOX 'unit_q_div';
2018-01-17 13:50:02 EXEC SPC_001_PI_DETAIL_INQ1 'RT-180117009';
2018-01-17 13:50:08 EXEC SPC_001_PI_DETAIL_INQ1 'RT-180117008';
2018-01-17 13:50:09 EXEC SPC_COM_GET_COMBOBOX 'unit_w_div';
2018-01-17 13:50:09 EXEC SPC_COM_GET_COMBOBOX 'unit_q_div';
2018-01-17 13:50:09 EXEC SPC_COM_GET_COMBOBOX 'unit_m_div';
2018-01-17 13:50:09 EXEC SPC_COM_GET_COMBOBOX 'sales_detail_div';
2018-01-17 13:50:09 EXEC SPC_GET_TAX_RATE '2018/01/17';
2018-01-17 13:50:14 EXEC SPC_COM_GET_COMBOBOX 'port_country_div';
2018-01-17 13:50:14 EXEC SPC_COM_GET_COMBOBOX 'shipment_div';
2018-01-17 13:50:14 EXEC SPC_COM_GET_COMBOBOX 'trade_terms_div';
2018-01-17 13:50:14 EXEC SPC_COM_GET_COMBOBOX 'port_city_div';
2018-01-17 13:50:14 EXEC SPC_COM_GET_COMBOBOX 'currency_div';
2018-01-17 13:50:15 EXEC SPC_COM_GET_COMBOBOX 'payment_conditions_div';
2018-01-17 13:50:15 EXEC SPC_COM_GET_COMBOBOX 'bank_div';
2018-01-17 13:50:15 EXEC SPC_COM_GET_COMBOBOX 'sales_detail_div';
2018-01-17 13:50:15 EXEC SPC_COM_GET_COMBOBOX 'unit_m_div';
2018-01-17 13:50:15 EXEC SPC_COM_GET_COMBOBOX 'unit_q_div';
2018-01-17 13:50:15 EXEC SPC_COM_GET_COMBOBOX 'unit_w_div';
2018-01-17 13:50:15 EXEC SPC_GET_TAX_RATE '2018/01/17';
2018-01-17 13:50:16 EXEC SPC_001_PI_DETAIL_INQ1 'RT-180117008';
2018-01-17 13:50:16 EXEC SPC_COM_GET_COMBOBOX 'unit_w_div';
iv';
2018-01-17 13:50:16 EXEC SPC_GET_TAX_RATE '2018/01/17';
2018-01-17 13:50:16 EXEC SPC_COM_GET_COMBOBOX 'unit_q_div';
2018-01-17 13:50:16 EXEC SPC_COM_GET_COMBOBOX 'unit_m_div';
2018-01-17 13:50:23 EXEC SPC_COM_GET_COMBOBOX 'currency_div';
2018-01-17 13:50:23 EXEC SPC_COM_GET_COMBOBOX 'shipment_div';
2018-01-17 13:50:23 EXEC SPC_COM_GET_COMBOBOX 'port_country_div';
2018-01-17 13:50:23 EXEC SPC_COM_GET_COMBOBOX 'trade_terms_div';
2018-01-17 13:50:24 EXEC SPC_COM_GET_COMBOBOX 'port_city_div';
2018-01-17 13:50:24 EXEC SPC_COM_GET_COMBOBOX 'payment_conditions_div';
2018-01-17 13:50:24 EXEC SPC_COM_GET_COMBOBOX 'unit_w_div';
2018-01-17 13:50:24 EXEC SPC_COM_GET_COMBOBOX 'bank_div';
2018-01-17 13:50:24 EXEC SPC_COM_GET_COMBOBOX 'unit_m_div';
2018-01-17 13:50:24 EXEC SPC_COM_GET_COMBOBOX 'unit_q_div';
2018-01-17 13:50:24 EXEC SPC_COM_GET_COMBOBOX 'sales_detail_div';
2018-01-17 13:50:24 EXEC SPC_GET_TAX_RATE '2018/01/17';
2018-01-17 13:50:26 EXEC SPC_001_PI_DETAIL_INQ1 'RT-180117008';
2018-01-17 13:50:27 EXEC SPC_GET_TAX_RATE '2018/01/17';
2018-01-17 13:50:27 EXEC SPC_COM_GET_COMBOBOX 'unit_q_div';
2018-01-17 13:50:27 EXEC SPC_COM_GET_COMBOBOX 'unit_m_div';
2018-01-17 13:50:27 EXEC SPC_COM_GET_COMBOBOX 'sales_detail_div';
2018-01-17 13:50:27 EXEC SPC_COM_GET_COMBOBOX 'unit_w_div';
2018-01-17 13:51:24 EXEC SPC_COM_GET_COMBOBOX 'shipment_div';
ns_div';
2018-01-17 13:51:24 EXEC SPC_COM_GET_COMBOBOX 'trade_terms_div';
2018-01-17 13:51:24 EXEC SPC_COM_GET_COMBOBOX 'currency_div';
2018-01-17 13:51:24 EXEC SPC_COM_GET_COMBOBOX 'port_country_div';
2018-01-17 13:51:24 EXEC SPC_COM_GET_COMBOBOX 'port_city_div';
2018-01-17 13:51:25 EXEC SPC_COM_GET_COMBOBOX 'unit_w_div';
2018-01-17 13:51:25 EXEC SPC_COM_GET_COMBOBOX 'unit_m_div';
2018-01-17 13:51:25 EXEC SPC_COM_GET_COMBOBOX 'unit_q_div';
2018-01-17 13:51:25 EXEC SPC_COM_GET_COMBOBOX 'sales_detail_div';
2018-01-17 13:51:25 EXEC SPC_COM_GET_COMBOBOX 'bank_div';
2018-01-17 13:51:25 EXEC SPC_GET_TAX_RATE '2018/01/17';
2018-01-17 13:51:25 EXEC SPC_001_PI_DETAIL_INQ1 'RT-180117008';
2018-01-17 13:51:26 EXEC SPC_COM_GET_COMBOBOX 'unit_w_div';
2018-01-17 13:51:26 EXEC SPC_GET_TAX_RATE '2018/01/17';
2018-01-17 13:51:26 EXEC SPC_COM_GET_COMBOBOX 'unit_m_div';
2018-01-17 13:51:26 EXEC SPC_COM_GET_COMBOBOX 'unit_q_div';
2018-01-17 13:51:26 EXEC SPC_COM_GET_COMBOBOX 'sales_detail_div';
2018-01-17 13:53:46 EXEC SPC_COM_GET_COMBOBOX 'payment_conditions_div';
2018-01-17 13:53:46 EXEC SPC_COM_GET_COMBOBOX 'currency_div';
2018-01-17 13:53:46 EXEC SPC_COM_GET_COMBOBOX 'trade_terms_div';
2018-01-17 13:53:46 EXEC SPC_COM_GET_COMBOBOX 'shipment_div';
2018-01-17 13:53:46 EXEC SPC_COM_GET_COMBOBOX 'port_country_div';
2018-01-17 13:53:46 EXEC SPC_COM_GET_COMBOBOX 'port_city_div';
2018-01-17 13:53:46 EXEC SPC_COM_GET_COMBOBOX 'bank_div';
2018-01-17 13:53:47 EXEC SPC_COM_GET_COMBOBOX 'unit_m_div';
2018-01-17 13:53:47 EXEC SPC_COM_GET_COMBOBOX 'unit_w_div';
2018-01-17 13:53:47 EXEC SPC_COM_GET_COMBOBOX 'sales_detail_div';
2018-01-17 13:53:47 EXEC SPC_COM_GET_COMBOBOX 'unit_q_div';
2018-01-17 13:53:47 EXEC SPC_GET_TAX_RATE '2018/01/17';
2018-01-17 13:53:47 EXEC SPC_001_PI_DETAIL_INQ1 'RT-180117008';
2018-01-17 13:53:48 EXEC SPC_COM_GET_COMBOBOX 'unit_q_div';
2018-01-17 13:53:48 EXEC SPC_GET_TAX_RATE '2018/01/17';
2018-01-17 13:53:48 EXEC SPC_COM_GET_COMBOBOX 'unit_m_div';
2018-01-17 13:53:48 EXEC SPC_COM_GET_COMBOBOX 'unit_w_div';
2018-01-17 13:53:48 EXEC SPC_COM_GET_COMBOBOX 'sales_detail_div';
2018-01-17 13:53:52 EXEC SPC_001_PI_DETAIL_INQ1 'RT-180117009';
2018-01-17 13:53:57 EXEC SPC_001_PI_DETAIL_INQ1 'disableInput';
2018-01-17 13:54:03 EXEC SPC_001_PI_DETAIL_INQ1 'disableInput';
2018-01-17 13:54:07 EXEC SPC_001_PI_DETAIL_INQ1 'RT-180117008';
2018-01-17 13:54:08 EXEC SPC_COM_GET_COMBOBOX 'sales_detail_div';
2018-01-17 13:54:08 EXEC SPC_COM_GET_COMBOBOX 'unit_m_div';
2018-01-17 13:54:08 EXEC SPC_COM_GET_COMBOBOX 'unit_w_div';
2018-01-17 13:54:08 EXEC SPC_GET_TAX_RATE '2018/01/17';
2018-01-17 13:54:08 EXEC SPC_COM_GET_COMBOBOX 'unit_q_div';
2018-01-17 13:54:24 EXEC SPC_COM_GET_COMBOBOX 'shipment_div';
2018-01-17 13:54:24 EXEC SPC_COM_GET_COMBOBOX 'currency_div';
2018-01-17 13:54:24 EXEC SPC_COM_GET_COMBOBOX 'port_country_div';
2018-01-17 13:54:24 EXEC SPC_COM_GET_COMBOBOX 'port_city_div';
2018-01-17 13:54:24 EXEC SPC_COM_GET_COMBOBOX 'trade_terms_div';
2018-01-17 13:54:24 EXEC SPC_COM_GET_COMBOBOX 'payment_conditions_div';
2018-01-17 13:54:25 EXEC SPC_COM_GET_COMBOBOX 'unit_w_div';
2018-01-17 13:54:25 EXEC SPC_COM_GET_COMBOBOX 'unit_m_div';
2018-01-17 13:54:25 EXEC SPC_GET_TAX_RATE '2018/01/17';
2018-01-17 13:54:25 EXEC SPC_COM_GET_COMBOBOX 'unit_q_div';
2018-01-17 13:54:25 EXEC SPC_COM_GET_COMBOBOX 'sales_detail_div';
2018-01-17 13:54:25 EXEC SPC_COM_GET_COMBOBOX 'bank_div';
2018-01-17 13:54:25 EXEC SPC_001_PI_DETAIL_INQ1 'RT-180117008';
2018-01-17 13:54:26 EXEC SPC_GET_TAX_RATE '2018/01/17';
2018-01-17 13:54:26 EXEC SPC_COM_GET_COMBOBOX 'unit_q_div';
2018-01-17 13:54:26 EXEC SPC_COM_GET_COMBOBOX 'unit_w_div';
2018-01-17 13:54:26 EXEC SPC_COM_GET_COMBOBOX 'unit_m_div';
2018-01-17 13:54:26 EXEC SPC_COM_GET_COMBOBOX 'sales_detail_div';
2018-01-17 13:54:31 EXEC SPC_001_PI_DETAIL_INQ1 'RT-180117009';
2018-01-17 13:54:43 EXEC SPC_COM_GET_COMBOBOX 'shipment_div';
2018-01-17 13:54:43 EXEC SPC_COM_GET_COMBOBOX 'port_country_div';
2018-01-17 13:54:43 EXEC SPC_COM_GET_COMBOBOX 'port_city_div';
2018-01-17 13:54:43 EXEC SPC_COM_GET_COMBOBOX 'trade_terms_div';
2018-01-17 13:54:43 EXEC SPC_COM_GET_COMBOBOX 'currency_div';
2018-01-17 13:54:43 EXEC SPC_COM_GET_COMBOBOX 'payment_conditions_div';
2018-01-17 13:54:44 EXEC SPC_COM_GET_COMBOBOX 'unit_w_div';
2018-01-17 13:54:44 EXEC SPC_COM_GET_COMBOBOX 'unit_q_div';
2018-01-17 13:54:44 EXEC SPC_COM_GET_COMBOBOX 'unit_m_div';
2018-01-17 13:54:44 EXEC SPC_COM_GET_COMBOBOX 'sales_detail_div';
2018-01-17 13:54:44 EXEC SPC_COM_GET_COMBOBOX 'bank_div';
2018-01-17 13:54:44 EXEC SPC_GET_TAX_RATE '2018/01/17';
2018-01-17 13:54:51 EXEC SPC_001_PI_DETAIL_INQ1 'RT-180117008';
2018-01-17 13:54:52 EXEC SPC_COM_GET_COMBOBOX 'sales_detail_div';
2018-01-17 13:54:52 EXEC SPC_COM_GET_COMBOBOX 'unit_w_div';
2018-01-17 13:54:52 EXEC SPC_COM_GET_COMBOBOX 'unit_m_div';
2018-01-17 13:54:52 EXEC SPC_COM_GET_COMBOBOX 'unit_q_div';
2018-01-17 13:54:52 EXEC SPC_GET_TAX_RATE '2018/01/17';
2018-01-17 13:58:16 EXEC SPC_COM_GET_COMBOBOX 'port_country_div';
2018-01-17 13:58:16 EXEC SPC_COM_GET_COMBOBOX 'currency_div';
2018-01-17 13:58:16 EXEC SPC_COM_GET_COMBOBOX 'shipment_div';
2018-01-17 13:58:16 EXEC SPC_COM_GET_COMBOBOX 'port_city_div';
2018-01-17 13:58:16 EXEC SPC_COM_GET_COMBOBOX 'payment_conditions_div';
2018-01-17 13:58:16 EXEC SPC_COM_GET_COMBOBOX 'trade_terms_div';
2018-01-17 13:58:16 EXEC SPC_COM_GET_COMBOBOX 'sales_detail_div';
2018-01-17 13:58:16 EXEC SPC_COM_GET_COMBOBOX 'unit_q_div';
2018-01-17 13:58:16 EXEC SPC_COM_GET_COMBOBOX 'unit_m_div';
2018-01-17 13:58:17 EXEC SPC_COM_GET_COMBOBOX 'unit_w_div';
2018-01-17 13:58:17 EXEC SPC_COM_GET_COMBOBOX 'bank_div';
2018-01-17 13:58:17 EXEC SPC_GET_TAX_RATE '2018/01/17';
2018-01-17 13:58:17 EXEC SPC_001_PI_DETAIL_INQ1 'RT-180117008';
2018-01-17 13:58:18 EXEC SPC_COM_GET_COMBOBOX 'unit_q_div';
2018-01-17 13:58:18 EXEC SPC_COM_GET_COMBOBOX 'unit_w_div';
2018-01-17 13:58:18 EXEC SPC_COM_GET_COMBOBOX 'sales_detail_div';
2018-01-17 13:58:18 EXEC SPC_GET_TAX_RATE '2018/01/17';
2018-01-17 13:58:18 EXEC SPC_COM_GET_COMBOBOX 'unit_m_div';
2018-01-17 13:58:30 EXEC SPC_COM_GET_COMBOBOX 'payment_conditions_div';
2018-01-17 13:58:30 EXEC SPC_COM_GET_COMBOBOX 'port_city_div';
2018-01-17 13:58:30 EXEC SPC_COM_GET_COMBOBOX 'shipment_div';
2018-01-17 13:58:30 EXEC SPC_COM_GET_COMBOBOX 'trade_terms_div';
2018-01-17 13:58:30 EXEC SPC_COM_GET_COMBOBOX 'port_country_div';
2018-01-17 13:58:31 EXEC SPC_COM_GET_COMBOBOX 'unit_w_div';
2018-01-17 13:58:31 EXEC SPC_COM_GET_COMBOBOX 'unit_q_div';
2018-01-17 13:58:31 EXEC SPC_GET_TAX_RATE '2018/01/17';
2018-01-17 13:58:31 EXEC SPC_COM_GET_COMBOBOX 'sales_detail_div';
2018-01-17 13:58:31 EXEC SPC_COM_GET_COMBOBOX 'bank_div';

2018-01-17 13:58:34 EXEC SPC_001_PI_DETAIL_INQ1 'RT-180117008';
2018-01-17 13:58:35 EXEC SPC_COM_GET_COMBOBOX 'sales_detail_div';
2018-01-17 13:58:35 EXEC SPC_COM_GET_COMBOBOX 'unit_m_div';
2018-01-17 13:58:35 EXEC SPC_COM_GET_COMBOBOX 'unit_q_div';
2018-01-17 13:58:35 EXEC SPC_COM_GET_COMBOBOX 'unit_w_div';
2018-01-17 13:58:35 EXEC SPC_GET_TAX_RATE '2018/01/17';
2018-01-17 13:58:41 EXEC SPC_001_PI_DETAIL_INQ1 'RT-180117009';
2018-01-17 13:58:51 EXEC SPC_001_PI_DETAIL_INQ1 'RT-180117008';
2018-01-17 13:58:51 EXEC SPC_COM_GET_COMBOBOX 'unit_q_div';
2018-01-17 13:58:51 EXEC SPC_COM_GET_COMBOBOX 'sales_detail_div';
2018-01-17 13:58:51 EXEC SPC_COM_GET_COMBOBOX 'unit_m_div';
2018-01-17 13:58:52 EXEC SPC_GET_TAX_RATE '2018/01/17';
2018-01-17 13:58:52 EXEC SPC_COM_GET_COMBOBOX 'unit_w_div';
2018-01-17 13:58:55 EXEC SPC_COM_GET_COMBOBOX 'pi_status_div';
2018-01-17 13:58:57 EXEC SPC_002_PI_SEARCH_FND1 '','','','','','','','','1','10';
2018-01-17 13:58:59 EXEC SPC_001_PI_DETAIL_INQ1 'RT-130829002';
2018-01-17 13:59:00 EXEC SPC_COM_GET_COMBOBOX 'unit_w_div';
2018-01-17 13:59:00 EXEC SPC_COM_GET_COMBOBOX 'unit_m_div';
2018-01-17 13:59:00 EXEC SPC_GET_TAX_RATE '2013/08/29';
2018-01-17 13:59:00 EXEC SPC_COM_GET_COMBOBOX 'sales_detail_div';
2018-01-17 13:59:00 EXEC SPC_COM_GET_COMBOBOX 'unit_q_div';
2018-01-17 14:59:55 EXEC SPC_COM_GET_COMBOBOX 'in_out_div';
2018-01-17 14:59:55 EXEC SPC_COM_GET_COMBOBOX 'in_out_data_div';
2018-01-17 15:00:39 EXEC SPC_COM_GET_COMBOBOX 'in_out_div';
2018-01-17 15:00:39 EXEC SPC_COM_GET_COMBOBOX 'in_out_data_div';
2018-01-17 15:06:23 EXEC SPC_COM_GET_COMBOBOX 'manufacture_status_div';
2018-01-17 15:06:39 EXEC SPC_026_INTERNAL_ORDER_SEARCH_FND1 '','','','','','','1','10';
2018-01-17 15:06:43 EXEC SPC_COM_GET_COMBOBOX 'manufacture_kind_div';
2018-01-17 15:10:37 EXEC SPC_COM_GET_COMBOBOX 'manufacture_status_div';
2018-01-17 15:10:37 EXEC SPC_026_INTERNAL_ORDER_SEARCH_FND1 '','','','','','','1','10';
2018-01-17 16:08:32 EXEC SPC_073_LOGIN_ACT1 '001','123456';
2018-01-17 16:08:32 EXEC SPC_GET_CONSTANT '';
2018-01-17 16:29:57 EXEC SPC_COM_GET_COMBOBOX 'shipment_div';
2018-01-17 16:29:57 EXEC SPC_COM_GET_COMBOBOX 'payment_conditions_div';
2018-01-17 16:29:57 EXEC SPC_COM_GET_COMBOBOX 'currency_div';
2018-01-17 16:29:57 EXEC SPC_COM_GET_COMBOBOX 'trade_terms_div';
2018-01-17 16:29:57 EXEC SPC_COM_GET_COMBOBOX 'unit_w_div';
2018-01-17 16:29:57 EXEC SPC_COM_GET_COMBOBOX 'port_city_div';
2018-01-17 16:29:57 EXEC SPC_COM_GET_COMBOBOX 'port_country_div';
2018-01-17 16:29:58 EXEC SPC_COM_GET_COMBOBOX 'unit_m_div';
2018-01-17 16:29:58 EXEC SPC_COM_GET_COMBOBOX 'sales_detail_div';
2018-01-17 16:29:58 EXEC SPC_GET_TAX_RATE '2018/01/17';
2018-01-17 16:29:58 EXEC SPC_COM_GET_COMBOBOX 'bank_div';
2018-01-17 16:29:58 EXEC SPC_COM_GET_COMBOBOX 'unit_q_div';
2018-01-17 16:29:58 EXEC SPC_001_PI_DETAIL_INQ1 'RT-130829002';
2018-01-17 16:29:59 EXEC SPC_GET_TAX_RATE '2013/08/29';
2018-01-17 16:29:59 EXEC SPC_COM_GET_COMBOBOX 'unit_m_div';
2018-01-17 16:29:59 EXEC SPC_COM_GET_COMBOBOX 'sales_detail_div';
2018-01-17 16:29:59 EXEC SPC_COM_GET_COMBOBOX 'unit_w_div';
2018-01-17 16:29:59 EXEC SPC_COM_GET_COMBOBOX 'unit_q_div';
2018-01-17 16:50:36 EXEC SPC_COM_GET_COMBOBOX 'payment_nums_div';
2018-01-17 16:50:37 EXEC SPC_COM_GET_COMBOBOX 'payday_condition_div';
2018-01-17 16:50:37 EXEC SPC_COM_GET_COMBOBOX 'paydate_condition_div';
2018-01-17 16:50:37 EXEC SPC_COM_GET_COMBOBOX 'payment_conditions_div';
2018-01-17 16:50:37 EXEC SPC_COM_GET_COMBOBOX 'exists_div';
2018-01-17 16:50:37 EXEC SPC_COM_GET_COMBOBOX 'allocation_div';
2018-01-17 16:50:37 EXEC SPC_COM_GET_COMBOBOX 'postpay_date_div';
2018-01-17 16:50:38 EXEC SPC_COM_GET_COMBOBOX 'bank_div';
2018-01-17 16:50:38 EXEC SPC_COM_GET_COMBOBOX 'round_div';
2018-01-17 16:50:38 EXEC SPC_COM_GET_COMBOBOX 'currency_div';
2018-01-17 17:13:06 EXEC SPC_COM_GET_COMBOBOX 'currency_div';
2018-01-17 17:13:06 EXEC SPC_COM_GET_COMBOBOX 'port_country_div';
2018-01-17 17:13:07 EXEC SPC_COM_GET_COMBOBOX 'unit_w_div';
2018-01-17 17:13:07 EXEC SPC_COM_GET_COMBOBOX 'unit_q_div';
2018-01-17 17:13:08 EXEC SPC_COM_GET_COMBOBOX 'sales_detail_div';
2018-01-17 17:13:08 EXEC SPC_COM_GET_COMBOBOX 'unit_m_div';
2018-01-17 17:13:08 EXEC SPC_COM_GET_COMBOBOX 'bank_div';
2018-01-17 17:13:08 EXEC SPC_GET_TAX_RATE '2018/01/17';
2018-01-17 17:13:08 EXEC SPC_COM_GET_COMBOBOX 'payment_conditions_div';
2018-01-17 17:13:08 EXEC SPC_COM_GET_COMBOBOX 'trade_terms_div';
2018-01-17 17:13:08 EXEC SPC_COM_GET_COMBOBOX 'port_city_div';
2018-01-17 17:13:08 EXEC SPC_COM_GET_COMBOBOX 'shipment_div';
2018-01-17 17:17:38 EXEC SPC_004_PI_ORDER_CONFIRM_FND1 '','','','','1','10';
2018-01-17 17:17:42 EXEC SPC_COM_GET_COMBOBOX 'port_country_div';
2018-01-17 17:17:43 EXEC SPC_COM_GET_COMBOBOX 'port_city_div';
2018-01-17 17:17:43 EXEC SPC_COM_GET_COMBOBOX 'payment_conditions_div';
2018-01-17 17:17:43 EXEC SPC_COM_GET_COMBOBOX 'trade_terms_div';
2018-01-17 17:17:43 EXEC SPC_COM_GET_COMBOBOX 'shipment_div';
2018-01-17 17:17:43 EXEC SPC_COM_GET_COMBOBOX 'currency_div';
2018-01-17 17:17:43 EXEC SPC_COM_GET_COMBOBOX 'unit_q_div';
2018-01-17 17:17:43 EXEC SPC_COM_GET_COMBOBOX 'unit_w_div';
2018-01-17 17:17:43 EXEC SPC_COM_GET_COMBOBOX 'unit_m_div';
2018-01-17 17:17:43 EXEC SPC_COM_GET_COMBOBOX 'bank_div';
2018-01-17 17:17:43 EXEC SPC_COM_GET_COMBOBOX 'sales_detail_div';
2018-01-17 17:17:43 EXEC SPC_GET_TAX_RATE '2018/01/17';
2018-01-17 17:17:44 EXEC SPC_001_PI_DETAIL_INQ1 'RT-131001001';
2018-01-17 17:17:44 EXEC SPC_GET_TAX_RATE '2013/10/01';
2018-01-17 17:17:44 EXEC SPC_COM_GET_COMBOBOX 'sales_detail_div';
2018-01-17 17:17:44 EXEC SPC_COM_GET_COMBOBOX 'unit_w_div';
2018-01-17 17:17:44 EXEC SPC_COM_GET_COMBOBOX 'unit_q_div';
2018-01-17 17:17:44 EXEC SPC_COM_GET_COMBOBOX 'unit_m_div';
2018-01-17 17:17:48 EXEC SPC_001_PI_DETAIL_ACT4 'RT-131001001','','001','001_pi-detail','192.168.5.206';
2018-01-17 17:17:49 EXEC SPC_001_PI_DETAIL_INQ1 'RT-131001001';
2018-01-17 17:17:50 EXEC SPC_COM_GET_COMBOBOX 'unit_w_div';
2018-01-17 17:17:50 EXEC SPC_COM_GET_COMBOBOX 'unit_q_div';
2018-01-17 17:17:50 EXEC SPC_GET_TAX_RATE '2013/10/01';
2018-01-17 17:17:50 EXEC SPC_COM_GET_COMBOBOX 'unit_m_div';
2018-01-17 17:17:50 EXEC SPC_COM_GET_COMBOBOX 'sales_detail_div';
2018-01-17 17:17:59 EXEC SPC_001_PI_DETAIL_ACT1 'A','RT-131001001','10','2013/10/01','F0192','PT. BESHA ANALITIKA','Komplek Perkantoran Gading Bukit Indah Blok N-23,','Jl. Bukit Gading Raya, Kelapa Gading Permai, Jakarta 14240','','031','ID','62-21-45856666','62-21-45857600','','Sampai Express Service Agencies Pte. LTD. QQ PT. Besha Analitika','No 625 Lorong Toa Payoh, Blok A General Magnetic Building,','Singapore 319519','319519','056','SG','65-67435051','65-67435211','PT. BESHA','Singapore','','','Standard Export Carton','01','USD','060','01','03','056','SG','01','Advance payment','[{"pi_detail_no":"1","sales_detail_div":"0","product_cd":"10007","description":"Digital UV-VIS Spectrophotometer Model PD-3000UV with standard accessories (110\/220VAC 50\/60Hz) Digital UV-VIS Spectroph","qty":"1","unit_of_m_div":"006","unit_price":"3100","amount":"3100","detail_tax":"155","unit_measure_qty":"0","unit_measure_price":"001","outside_remarks":"","unit_net_weight":"0","unit_net_weight_div":"001","net_weight":"0","unit_gross_weight":"0","gross_weight":"0","measure":"0"}]','1','006','0','001','0','001','0','001','3100','55','0','0','3155','Around 1 week after receipt of payment','','Japan','APEL CO.,LTD.','This Proforma invoice is valid for 2 weeks from the date of  issue.','- If a consulate visa is required, the related fees should be paid by the buyer.','- In case of transport by air and/or container, FOB, C&F and CIF in this proforma invoice','shall be respectively equivalent to FCA, CPT and CIP stipulated in Incoterms 2000.','- In the even that the dollar (euro)falls against the Japanese yen by more than 5% from','the rate of proforma invoice date, the prices will not be effective.','','*** Warranty period after shipment***','3 years: AP-120, HG-202, PD-303, BR-501','1 year: AP-1000M,PD-303S, PD-303UV, BR-5000N, BR-5200, BR-5200P, HC-702','','002','','001','001_pi-detail','192.168.5.206';
2018-01-17 17:18:00 EXEC SPC_001_PI_DETAIL_INQ1 'RT-131001001';
2018-01-17 17:18:01 EXEC SPC_COM_GET_COMBOBOX 'unit_w_div';
2018-01-17 17:18:01 EXEC SPC_COM_GET_COMBOBOX 'unit_m_div';
2018-01-17 17:18:01 EXEC SPC_GET_TAX_RATE '2013/10/01';
2018-01-17 17:18:01 EXEC SPC_COM_GET_COMBOBOX 'unit_q_div';
2018-01-17 17:18:01 EXEC SPC_COM_GET_COMBOBOX 'sales_detail_div';
2018-01-17 17:18:04 EXEC SPC_001_PI_DETAIL_ACT3 'RT-131001001','','001','001_pi-detail','192.168.5.206';
2018-01-17 17:18:05 EXEC SPC_001_PI_DETAIL_INQ1 'RT-131001001';
2018-01-17 17:18:05 EXEC SPC_COM_GET_COMBOBOX 'unit_m_div';
2018-01-17 17:18:05 EXEC SPC_COM_GET_COMBOBOX 'sales_detail_div';
2018-01-17 17:18:05 EXEC SPC_GET_TAX_RATE '2013/10/01';
2018-01-17 17:18:05 EXEC SPC_COM_GET_COMBOBOX 'unit_w_div';
2018-01-17 17:18:05 EXEC SPC_COM_GET_COMBOBOX 'unit_q_div';
2018-01-17 17:18:08 EXEC SPC_GET_CONSTANT '';
2018-01-17 17:18:08 EXEC SPC_003_PI_EXCEL_INQ1 'RT-131001001','001','003_pi-excel','192.168.5.206';
2018-01-17 17:19:30 EXEC SPC_GET_CONSTANT '';
2018-01-17 17:19:30 EXEC SPC_003_PI_EXCEL_INQ1 'RT-131001001','001','003_pi-excel','192.168.5.206';
2018-01-17 17:24:59 EXEC SPC_GET_CONSTANT '';
2018-01-17 17:24:59 EXEC SPC_003_PI_EXCEL_INQ1 'RT-131001001','001','003_pi-excel','192.168.5.206';
2018-01-17 17:41:37 EXEC SPC_COM_GET_COMBOBOX 'port_country_div';
2018-01-17 17:41:37 EXEC SPC_COM_GET_COMBOBOX 'unit_q_div';
2018-01-17 17:41:38 EXEC SPC_COM_GET_COMBOBOX 'unit_w_div';
2018-01-17 17:41:38 EXEC SPC_COM_GET_COMBOBOX 'trade_terms_div';
2018-01-17 17:41:38 EXEC SPC_COM_GET_COMBOBOX 'currency_div';
2018-01-17 17:41:38 EXEC SPC_COM_GET_COMBOBOX 'payment_conditions_div';
2018-01-17 17:41:38 EXEC SPC_COM_GET_COMBOBOX 'shipment_div';
2018-01-17 17:41:38 EXEC SPC_COM_GET_COMBOBOX 'port_city_div';
2018-01-17 17:41:39 EXEC SPC_COM_GET_COMBOBOX 'unit_m_div';
2018-01-17 17:41:39 EXEC SPC_COM_GET_COMBOBOX 'sales_detail_div';
2018-01-17 17:41:39 EXEC SPC_GET_TAX_RATE '2018/01/17';
2018-01-17 17:41:39 EXEC SPC_COM_GET_COMBOBOX 'bank_div';
2018-01-17 17:41:39 EXEC SPC_001_PI_DETAIL_INQ1 'RT-131001001';
2018-01-17 17:41:40 EXEC SPC_GET_TAX_RATE '2013/10/01';
2018-01-17 17:41:40 EXEC SPC_COM_GET_COMBOBOX 'sales_detail_div';
2018-01-17 17:41:40 EXEC SPC_COM_GET_COMBOBOX 'unit_w_div';
2018-01-17 17:41:40 EXEC SPC_COM_GET_COMBOBOX 'unit_m_div';
2018-01-17 17:41:40 EXEC SPC_COM_GET_COMBOBOX 'unit_q_div';
2018-01-17 17:41:42 EXEC SPC_GET_CONSTANT '';
2018-01-17 17:41:42 EXEC SPC_003_PI_EXCEL_INQ1 'RT-131001001','001','003_pi-excel','192.168.5.206';
2018-01-17 17:42:22 EXEC SPC_COM_GET_COMBOBOX 'unit_m_div';
2018-01-17 17:42:22 EXEC SPC_COM_GET_COMBOBOX 'unit_w_div';
2018-01-17 17:42:22 EXEC SPC_COM_GET_COMBOBOX 'sales_detail_div';
2018-01-17 17:42:22 EXEC SPC_COM_GET_COMBOBOX 'unit_q_div';
2018-01-17 17:42:22 EXEC SPC_GET_TAX_RATE '2013/10/01';
2018-01-17 17:42:25 EXEC SPC_GET_CONSTANT '';
2018-01-17 17:42:25 EXEC SPC_003_PI_EXCEL_INQ1 'RT-131001001','001','003_pi-excel','192.168.5.206';
2018-01-17 17:42:43 EXEC SPC_COM_GET_COMBOBOX 'unit_m_div';
2018-01-17 17:42:43 EXEC SPC_COM_GET_COMBOBOX 'sales_detail_div';
2018-01-17 17:42:43 EXEC SPC_GET_TAX_RATE '2013/10/01';
2018-01-17 17:42:44 EXEC SPC_COM_GET_COMBOBOX 'unit_w_div';
2018-01-17 17:42:45 EXEC SPC_GET_CONSTANT '';
2018-01-17 17:42:45 EXEC SPC_003_PI_EXCEL_INQ1 'RT-131001001','001','003_pi-excel','192.168.5.206';
2018-01-17 17:42:57 EXEC SPC_GET_CONSTANT '';
2018-01-17 17:43:31 EXEC SPC_GET_CONSTANT '';
2018-01-17 17:44:04 EXEC SPC_GET_TAX_RATE '2013/10/01';
2018-01-17 17:44:04 EXEC SPC_COM_GET_COMBOBOX 'sales_detail_div';
2018-01-17 17:44:04 EXEC SPC_COM_GET_COMBOBOX 'unit_q_div';
2018-01-17 17:44:04 EXEC SPC_COM_GET_COMBOBOX 'unit_w_div';
2018-01-17 17:44:05 EXEC SPC_GET_CONSTANT '';
2018-01-17 17:44:06 EXEC SPC_003_PI_EXCEL_INQ1 'RT-131001001','001','003_pi-excel','192.168.5.206';
2018-01-17 17:44:30 EXEC SPC_COM_GET_COMBOBOX 'unit_q_div';
2018-01-17 17:44:30 EXEC SPC_COM_GET_COMBOBOX 'unit_m_div';
2018-01-17 17:44:30 EXEC SPC_COM_GET_COMBOBOX 'unit_w_div';
2018-01-17 17:44:30 EXEC SPC_GET_TAX_RATE '2013/10/01';
2018-01-17 17:44:30 EXEC SPC_COM_GET_COMBOBOX 'sales_detail_div';
2018-01-17 17:44:32 EXEC SPC_GET_CONSTANT '';
2018-01-17 17:44:32 EXEC SPC_003_PI_EXCEL_INQ1 'RT-131001001','001','003_pi-excel','192.168.5.206';
2018-01-17 17:45:05 EXEC SPC_GET_CONSTANT '';
2018-01-17 17:45:11 EXEC SPC_GET_TAX_RATE '2013/10/01';
2018-01-17 17:45:11 EXEC SPC_COM_GET_COMBOBOX 'unit_w_div';
2018-01-17 17:45:11 EXEC SPC_COM_GET_COMBOBOX 'sales_detail_div';
2018-01-17 17:45:11 EXEC SPC_COM_GET_COMBOBOX 'unit_m_div';
2018-01-17 17:45:11 EXEC SPC_COM_GET_COMBOBOX 'unit_q_div';
2018-01-17 17:45:12 EXEC SPC_GET_CONSTANT '';
2018-01-17 17:45:12 EXEC SPC_003_PI_EXCEL_INQ1 'RT-131001001','001','003_pi-excel','192.168.5.206';
2018-01-17 17:45:27 EXEC SPC_COM_GET_COMBOBOX 'unit_m_div';
2018-01-17 17:45:27 EXEC SPC_COM_GET_COMBOBOX 'unit_w_div';
2018-01-17 17:45:27 EXEC SPC_COM_GET_COMBOBOX 'unit_q_div';
2018-01-17 17:45:27 EXEC SPC_GET_TAX_RATE '2013/10/01';
2018-01-17 17:45:27 EXEC SPC_COM_GET_COMBOBOX 'sales_detail_div';
2018-01-17 17:45:28 EXEC SPC_GET_CONSTANT '';
2018-01-17 17:45:28 EXEC SPC_003_PI_EXCEL_INQ1 'RT-131001001','001','003_pi-excel','192.168.5.206';
2018-01-17 17:45:40 EXEC SPC_GET_TAX_RATE '2013/10/01';
2018-01-17 17:45:40 EXEC SPC_COM_GET_COMBOBOX 'sales_detail_div';
2018-01-17 17:45:40 EXEC SPC_COM_GET_COMBOBOX 'unit_w_div';
2018-01-17 17:45:40 EXEC SPC_COM_GET_COMBOBOX 'unit_m_div';
2018-01-17 17:45:41 EXEC SPC_COM_GET_COMBOBOX 'unit_q_div';
2018-01-17 17:45:42 EXEC SPC_GET_CONSTANT '';
2018-01-17 17:45:42 EXEC SPC_003_PI_EXCEL_INQ1 'RT-131001001','001','003_pi-excel','192.168.5.206';
2018-01-17 17:49:01 EXEC SPC_GET_CONSTANT '';
2018-01-17 17:49:01 EXEC SPC_003_PI_EXCEL_INQ1 'RT-131001001','001','003_pi-excel','192.168.5.206';
2018-01-17 17:51:31 EXEC SPC_GET_CONSTANT '';
2018-01-17 17:51:31 EXEC SPC_003_PI_EXCEL_INQ1 'RT-131001001','001','003_pi-excel','192.168.5.206';
2018-01-17 17:53:47 EXEC SPC_GET_CONSTANT '';
2018-01-17 17:53:47 EXEC SPC_003_PI_EXCEL_INQ1 'RT-131001001','001','003_pi-excel','192.168.5.206';
2018-01-17 17:54:03 EXEC SPC_GET_CONSTANT '';
2018-01-17 17:54:03 EXEC SPC_003_PI_EXCEL_INQ1 'RT-131001001','001','003_pi-excel','192.168.5.206';
2018-01-17 17:59:22 EXEC SPC_GET_CONSTANT '';
2018-01-17 17:59:22 EXEC SPC_003_PI_EXCEL_INQ1 'RT-131001001','001','003_pi-excel','192.168.5.206';
2018-01-17 17:59:25 EXEC SPC_GET_TAX_RATE '2013/10/01';
2018-01-17 17:59:26 EXEC SPC_COM_GET_COMBOBOX 'unit_w_div';
2018-01-17 17:59:26 EXEC SPC_COM_GET_COMBOBOX 'sales_detail_div';
2018-01-17 17:59:26 EXEC SPC_COM_GET_COMBOBOX 'unit_q_div';
2018-01-17 17:59:26 EXEC SPC_COM_GET_COMBOBOX 'unit_m_div';
2018-01-17 17:59:38 EXEC SPC_GET_CONSTANT '';
2018-01-17 17:59:38 EXEC SPC_003_PI_EXCEL_INQ1 'RT-131001001','001','003_pi-excel','192.168.5.206';
2018-01-17 18:01:20 EXEC SPC_GET_CONSTANT '';
2018-01-17 18:01:20 EXEC SPC_003_PI_EXCEL_INQ1 'RT-131001001','001','003_pi-excel','192.168.5.206';
2018-01-17 18:04:16 EXEC SPC_GET_CONSTANT '';
2018-01-17 18:04:16 EXEC SPC_003_PI_EXCEL_INQ1 'RT-131001001','001','003_pi-excel','192.168.5.206';
2018-01-17 18:09:07 EXEC SPC_GET_CONSTANT '';
2018-01-17 18:09:07 EXEC SPC_003_PI_EXCEL_INQ1 'RT-131001001','001','003_pi-excel','192.168.5.206';
2018-01-17 18:14:31 EXEC SPC_GET_CONSTANT '';
2018-01-17 18:14:31 EXEC SPC_003_PI_EXCEL_INQ1 'RT-131001001','001','003_pi-excel','192.168.5.206';
2018-01-17 18:15:34 EXEC SPC_GET_CONSTANT '';
2018-01-17 18:15:34 EXEC SPC_003_PI_EXCEL_INQ1 'RT-131001001','001','003_pi-excel','192.168.5.206';
2018-01-17 18:15:59 EXEC SPC_GET_CONSTANT '';
2018-01-17 18:15:59 EXEC SPC_003_PI_EXCEL_INQ1 'RT-131001001','001','003_pi-excel','192.168.5.206';
2018-01-17 18:31:20 EXEC SPC_GET_CONSTANT '';
2018-01-17 18:31:20 EXEC SPC_003_PI_EXCEL_INQ1 'RT-131001001','001','003_pi-excel','192.168.5.206';
2018-01-17 18:31:48 EXEC SPC_GET_CONSTANT '';
2018-01-17 18:31:48 EXEC SPC_003_PI_EXCEL_INQ1 'RT-131001001','001','003_pi-excel','192.168.5.206';
2018-01-17 18:32:18 EXEC SPC_GET_TAX_RATE '2013/10/01';
2018-01-17 18:32:19 EXEC SPC_COM_GET_COMBOBOX 'unit_q_div';
2018-01-17 18:32:19 EXEC SPC_COM_GET_COMBOBOX 'sales_detail_div';
2018-01-17 18:32:19 EXEC SPC_COM_GET_COMBOBOX 'unit_w_div';
2018-01-17 18:32:19 EXEC SPC_COM_GET_COMBOBOX 'unit_m_div';
2018-01-17 18:32:20 EXEC SPC_GET_CONSTANT '';
2018-01-17 18:32:20 EXEC SPC_003_PI_EXCEL_INQ1 'RT-131001001','001','003_pi-excel','192.168.5.206';
2018-01-17 18:37:29 EXEC SPC_GET_CONSTANT '';
2018-01-17 18:37:29 EXEC SPC_003_PI_EXCEL_INQ1 'RT-131001001','001','003_pi-excel','192.168.5.206';
2018-01-17 18:37:41 EXEC SPC_GET_TAX_RATE '2013/10/01';
2018-01-17 18:37:41 EXEC SPC_COM_GET_COMBOBOX 'unit_q_div';
2018-01-17 18:37:43 EXEC SPC_GET_CONSTANT '';
2018-01-17 18:37:43 EXEC SPC_003_PI_EXCEL_INQ1 'RT-131001001','001','003_pi-excel','192.168.5.206';
2018-01-17 18:37:43 EXEC SPC_COM_GET_COMBOBOX 'sales_detail_div';
2018-01-17 18:37:43 EXEC SPC_COM_GET_COMBOBOX 'unit_w_div';
2018-01-17 18:37:44 EXEC SPC_COM_GET_COMBOBOX 'unit_m_div';
2018-01-17 18:38:38 EXEC SPC_GET_CONSTANT '';
2018-01-17 18:38:38 EXEC SPC_003_PI_EXCEL_INQ1 'RT-131001001','001','003_pi-excel','192.168.5.206';
2018-01-17 18:39:35 EXEC SPC_GET_CONSTANT '';
2018-01-17 18:39:35 EXEC SPC_003_PI_EXCEL_INQ1 'RT-131001001','001','003_pi-excel','192.168.5.206';
2018-01-17 18:39:45 EXEC SPC_GET_CONSTANT '';
2018-01-17 18:39:45 EXEC SPC_003_PI_EXCEL_INQ1 'RT-131001001','001','003_pi-excel','192.168.5.206';
2018-01-17 18:41:00 EXEC SPC_COM_GET_COMBOBOX 'unit_w_div';
2018-01-17 18:41:00 EXEC SPC_COM_GET_COMBOBOX 'sales_detail_div';
2018-01-17 18:41:00 EXEC SPC_COM_GET_COMBOBOX 'unit_m_div';
2018-01-17 18:41:01 EXEC SPC_COM_GET_COMBOBOX 'unit_w_div';
2018-01-17 18:41:01 EXEC SPC_COM_GET_COMBOBOX 'unit_q_div';
2018-01-17 18:41:01 EXEC SPC_GET_TAX_RATE '2013/10/01';
2018-01-17 18:41:01 EXEC SPC_COM_GET_COMBOBOX 'sales_detail_div';
2018-01-17 18:41:01 EXEC SPC_COM_GET_COMBOBOX 'unit_m_div';
2018-01-17 18:41:03 EXEC SPC_GET_CONSTANT '';
2018-01-17 18:41:03 EXEC SPC_003_PI_EXCEL_INQ1 'RT-131001001','001','003_pi-excel','192.168.5.206';
2018-01-17 18:41:18 EXEC SPC_GET_CONSTANT '';
2018-01-17 18:41:18 EXEC SPC_003_PI_EXCEL_INQ1 'RT-131001001','001','003_pi-excel','192.168.5.206';
2018-01-17 18:41:34 EXEC SPC_GET_CONSTANT '';
2018-01-17 18:41:34 EXEC SPC_003_PI_EXCEL_INQ1 'RT-131001001','001','003_pi-excel','192.168.5.206';
2018-01-17 18:41:36 EXEC SPC_GET_CONSTANT '';
2018-01-17 18:41:36 EXEC SPC_003_PI_EXCEL_INQ1 'RT-131001001','001','003_pi-excel','192.168.5.206';
2018-01-17 18:41:42 EXEC SPC_GET_CONSTANT '';
2018-01-17 18:41:42 EXEC SPC_003_PI_EXCEL_INQ1 'RT-131001001','001','003_pi-excel','192.168.5.206';
2018-01-17 18:41:48 EXEC SPC_GET_CONSTANT '';
2018-01-17 18:41:48 EXEC SPC_003_PI_EXCEL_INQ1 'RT-131001001','001','003_pi-excel','192.168.5.206';
2018-01-17 18:42:19 EXEC SPC_GET_CONSTANT '';
2018-01-17 18:42:19 EXEC SPC_003_PI_EXCEL_INQ1 'RT-131001001','001','003_pi-excel','192.168.5.206';
2018-01-17 18:42:55 EXEC SPC_GET_TAX_RATE '2013/10/01';
2018-01-17 18:42:56 EXEC SPC_COM_GET_COMBOBOX 'unit_w_div';
2018-01-17 18:42:56 EXEC SPC_COM_GET_COMBOBOX 'unit_q_div';
2018-01-17 18:42:56 EXEC SPC_COM_GET_COMBOBOX 'unit_m_div';
2018-01-17 18:42:56 EXEC SPC_COM_GET_COMBOBOX 'sales_detail_div';
2018-01-17 18:42:57 EXEC SPC_GET_CONSTANT '';
2018-01-17 18:42:57 EXEC SPC_003_PI_EXCEL_INQ1 'RT-131001001','001','003_pi-excel','192.168.5.206';
2018-01-17 18:43:44 EXEC SPC_GET_CONSTANT '';
2018-01-17 18:43:44 EXEC SPC_003_PI_EXCEL_INQ1 'RT-131001001','001','003_pi-excel','192.168.5.206';
2018-01-17 18:44:16 EXEC SPC_GET_CONSTANT '';
2018-01-17 18:44:16 EXEC SPC_003_PI_EXCEL_INQ1 'RT-131001001','001','003_pi-excel','192.168.5.206';
2018-01-17 18:46:11 EXEC SPC_GET_CONSTANT '';
2018-01-17 18:46:11 EXEC SPC_003_PI_EXCEL_INQ1 'RT-131001001','001','003_pi-excel','192.168.5.206';
2018-01-17 18:47:24 EXEC SPC_GET_CONSTANT '';
2018-01-17 18:47:24 EXEC SPC_003_PI_EXCEL_INQ1 'RT-131001001','001','003_pi-excel','192.168.5.206';
2018-01-17 18:54:08 EXEC SPC_GET_CONSTANT '';
2018-01-17 18:54:08 EXEC SPC_003_PI_EXCEL_INQ1 'RT-131001001','001','003_pi-excel','192.168.5.206';
2018-01-17 18:54:52 EXEC SPC_GET_CONSTANT '';
2018-01-17 18:54:52 EXEC SPC_003_PI_EXCEL_INQ1 'RT-131001001','001','003_pi-excel','192.168.5.206';
2018-01-17 19:02:30 EXEC SPC_GET_CONSTANT '';
2018-01-17 19:02:30 EXEC SPC_003_PI_EXCEL_INQ1 'RT-131001001','001','003_pi-excel','192.168.5.206';
2018-01-17 19:03:50 EXEC SPC_GET_CONSTANT '';
2018-01-17 19:03:50 EXEC SPC_003_PI_EXCEL_INQ1 'RT-131001001','001','003_pi-excel','192.168.5.206';
