2018-02-23 10:10:54 EXEC SPC_COM_GET_COMBOBOX 'buy_status_div';
2018-02-23 10:48:46 EXEC SPC_032_PURCHASE_REQUEST_SEARCH_FND1 '','','','','','','10','1','10';
2018-02-23 10:48:49 EXEC SPC_032_PURCHASE_REQUEST_SEARCH_FND1 '','','','','','','20','1','10';
2018-02-23 11:00:27 EXEC SPC_032_PURCHASE_REQUEST_SEARCH_FND1 '','','','','','','20','1','10';
2018-02-23 11:03:44 EXEC SPC_032_PURCHASE_REQUEST_SEARCH_FND1 '','','','','','','20','1','10';
2018-02-23 11:09:50 EXEC SPC_032_PURCHASE_REQUEST_SEARCH_FND1 '','','','','','','20','1','10';
2018-02-23 11:14:40 EXEC SPC_GET_TAX_RATE '2018/02/23';
2018-02-23 11:14:41 EXEC SPC_031_PURCHASE_REQUEST_DETAIL_INQ1 'KI201802120006';
2018-02-23 11:14:41 EXEC SPC_GET_TAX_RATE '2018/02/22';
2018-02-23 11:14:45 EXEC SPC_COM_GET_COMBOBOX 'buy_status_div';
2018-02-23 11:14:46 EXEC SPC_032_PURCHASE_REQUEST_SEARCH_FND1 '','','','','','','20','1','10';
2018-02-23 11:15:35 EXEC SPC_COM_GET_COMBOBOX 'in_out_div';
v';
2018-02-23 11:15:38 EXEC SPC_049_INPUT_OUTPUT_FND1 '','','','','','','','1','10';
2018-02-23 11:15:40 EXEC SPC_049_INPUT_OUTPUT_EXPORT_FND2 '','','','','','','','1','10';
2018-02-23 11:28:48 EXEC SPC_COM_GET_COMBOBOX 'in_out_div';
2018-02-23 11:28:48 EXEC SPC_COM_GET_COMBOBOX 'in_out_data_div';
2018-02-23 11:30:33 EXEC SPC_COM_GET_COMBOBOX 'in_out_data_div';
2018-02-23 11:30:33 EXEC SPC_COM_GET_COMBOBOX 'in_out_div';
2018-02-23 11:30:36 EXEC SPC_049_INPUT_OUTPUT_EXPORT_FND2 '','','','','','','','1','10';
2018-02-23 11:30:50 EXEC SPC_COM_GET_COMBOBOX 'buy_status_div';
2018-02-23 11:30:53 EXEC SPC_032_PURCHASE_REQUEST_SEARCH_FND1 '','','','','','','','1','10';
2018-02-23 11:33:24 EXEC SPC_032_PURCHASE_REQUEST_SEARCH_FND1 '','','','','','','','1','10';
2018-02-23 11:36:15 EXEC SPC_032_PURCHASE_REQUEST_SEARCH_FND1 '','','','','','','','1','10';
2018-02-23 11:37:40 EXEC SPC_032_PURCHASE_REQUEST_SEARCH_FND1 '','','','','','','','1','10';
2018-02-23 11:40:38 EXEC SPC_032_PURCHASE_REQUEST_SEARCH_FND1 '','','','','','','','1','10';
2018-02-23 11:42:03 EXEC SPC_032_PURCHASE_REQUEST_SEARCH_FND1 '','','','','','','','1','10';
2018-02-23 11:43:54 EXEC SPC_032_PURCHASE_REQUEST_SEARCH_FND1 '','','','','','','','1','10';
2018-02-23 11:47:30 EXEC SPC_032_PURCHASE_REQUEST_SEARCH_FND1 '','','','','','','','1','10';
2018-02-23 11:48:00 EXEC SPC_032_PURCHASE_REQUEST_SEARCH_FND1 '','','','','','','','1','10';
2018-02-23 11:48:35 EXEC SPC_032_PURCHASE_REQUEST_SEARCH_FND1 '','','','','','','','1','10';
2018-02-23 11:49:51 EXEC SPC_032_PURCHASE_REQUEST_SEARCH_FND1 '','','','','','','','1','10';
2018-02-23 11:50:51 EXEC SPC_032_PURCHASE_REQUEST_SEARCH_FND1 '','','','','','','','1','10';
2018-02-23 11:51:54 EXEC SPC_049_INPUT_OUTPUT_EXPORT_FND2 '','','','','','','','1','10';
2018-02-23 11:52:24 EXEC SPC_049_INPUT_OUTPUT_FND1 '','','','','','','','1','10';
2018-02-23 11:52:30 EXEC SPC_032_PURCHASE_REQUEST_SEARCH_FND1 '','','','','','','','1','10';
2018-02-23 11:55:32 EXEC SPC_032_PURCHASE_REQUEST_SEARCH_FND1 '','','','','','','','1','10';
2018-02-23 11:56:46 EXEC SPC_032_PURCHASE_REQUEST_SEARCH_FND1 '','','','','','','','1','10';
2018-02-23 11:57:30 EXEC SPC_032_PURCHASE_REQUEST_SEARCH_FND1 '','','','','','','','1','10';
2018-02-23 12:02:55 EXEC SPC_032_PURCHASE_REQUEST_SEARCH_FND1 '','','','','','','','1','10';
2018-02-23 12:03:17 EXEC SPC_032_PURCHASE_REQUEST_SEARCH_FND1 '','','','','','','10','1','10';
2018-02-23 12:03:20 EXEC SPC_032_PURCHASE_REQUEST_SEARCH_FND1 '','','','','','','20','1','10';
2018-02-23 12:03:23 EXEC SPC_032_PURCHASE_REQUEST_SEARCH_FND1 '','','','','','','','1','10';
2018-02-23 12:03:47 EXEC SPC_032_PURCHASE_REQUEST_SEARCH_FND1 '','','','','','','20','1','10';
2018-02-23 12:04:30 EXEC SPC_032_PURCHASE_REQUEST_SEARCH_ACT1 '[{"buy_no":"KI201802120006","buy_status_div":"20"}]','','032_purchase_request-search','';
2018-02-23 12:04:43 EXEC SPC_032_PURCHASE_REQUEST_SEARCH_FND1 '','','','','','','','1','10';
2018-02-23 12:04:49 EXEC SPC_032_PURCHASE_REQUEST_SEARCH_ACT1 '[{"buy_no":"KI201802120003","buy_status_div":"10"},{"buy_no":"KI201802120006","buy_status_div":"20"}]','','032_purchase_request-search','';
2018-02-23 12:05:09 EXEC SPC_032_PURCHASE_REQUEST_SEARCH_ACT1 '[{"buy_no":"KI201802120003","buy_status_div":"10"}]','','032_purchase_request-search','';
2018-02-23 12:11:21 EXEC SPC_032_PURCHASE_REQUEST_SEARCH_ACT1 '[{"buy_no":"KI201802120003","buy_status_div":"10"}]','','032_purchase_request-search','';
2018-02-23 12:11:27 EXEC SPC_032_PURCHASE_REQUEST_SEARCH_FND1 '','','','','','','','1','10';
2018-02-23 12:15:40 EXEC SPC_032_PURCHASE_REQUEST_SEARCH_ACT1 '[{"buy_no":"KI201802120003","buy_status_div":"10"},{"buy_no":"KI201802120006","buy_status_div":"20"}]','','032_purchase_request-search','';
2018-02-23 12:15:42 EXEC SPC_032_PURCHASE_REQUEST_SEARCH_FND1 '','','','','','','','1','10';
2018-02-23 12:15:45 EXEC SPC_032_PURCHASE_REQUEST_SEARCH_FND1 '','','','','','','','1','10';
2018-02-23 12:16:23 EXEC SPC_032_PURCHASE_REQUEST_SEARCH_FND1 '','','','','','','','1','10';
2018-02-23 12:16:30 EXEC SPC_032_PURCHASE_REQUEST_SEARCH_ACT1 '[{"buy_no":"KI201802120006","buy_status_div":"10"}]','','032_purchase_request-search','';
2018-02-23 12:16:34 EXEC SPC_032_PURCHASE_REQUEST_SEARCH_FND1 '','','','','','','','1','10';
2018-02-23 12:16:37 EXEC SPC_032_PURCHASE_REQUEST_SEARCH_ACT1 '[{"buy_no":"KI201802120006","buy_status_div":"20"}]','','032_purchase_request-search','';
2018-02-23 12:33:22 EXEC SPC_032_PURCHASE_REQUEST_SEARCH_FND1 '','','','','','','','1','10';
2018-02-23 12:39:40 EXEC SPC_032_PURCHASE_REQUEST_SEARCH_FND1 '','','','','','','','1','10';
2018-02-23 15:22:18 EXEC SPC_COM_GET_COMBOBOX 'buy_status_div';
2018-02-23 15:22:20 EXEC SPC_032_PURCHASE_REQUEST_SEARCH_FND1 '','','','','','','','1','10';
2018-02-23 15:23:54 EXEC SPC_GET_TAX_RATE '2018/02/23';
2018-02-23 15:23:59 EXEC SPC_GET_TAX_RATE '2018/02/23';
2018-02-23 15:25:01 EXEC SPC_GET_TAX_RATE '2018/02/23';
2018-02-23 15:25:36 EXEC SPC_GET_TAX_RATE '2018/02/23';
2018-02-23 15:26:04 EXEC SPC_GET_TAX_RATE '2018/02/23';
2018-02-23 15:26:14 EXEC SPC_069_COMPONENT_MASTER_SEARCH_FND1 '','','','1','10';
2018-02-23 15:30:07 EXEC SPC_GET_TAX_RATE '2018/02/23';
2018-02-23 15:30:09 EXEC SPC_COM_GET_COMBOBOX 'buy_status_div';
2018-02-23 15:30:24 EXEC SPC_GET_TAX_RATE '2018/02/23';
2018-02-23 15:30:26 EXEC SPC_COM_GET_COMBOBOX 'buy_status_div';
2018-02-23 15:30:28 EXEC SPC_032_PURCHASE_REQUEST_SEARCH_FND1 '','','','','','','','1','10';
2018-02-23 15:31:15 EXEC SPC_GET_TAX_RATE '2018/02/23';
2018-02-23 15:31:17 EXEC SPC_COM_GET_COMBOBOX 'buy_status_div';
2018-02-23 15:31:19 EXEC SPC_032_PURCHASE_REQUEST_SEARCH_FND1 '','','','','','','','1','10';
2018-02-23 15:31:53 EXEC SPC_GET_TAX_RATE '2018/02/23';
2018-02-23 15:32:06 EXEC SPC_GET_TAX_RATE '2018/02/23';
2018-02-23 15:32:11 EXEC SPC_COM_GET_COMBOBOX 'buy_status_div';
2018-02-23 15:32:12 EXEC SPC_032_PURCHASE_REQUEST_SEARCH_FND1 '','','','','','','','1','10';
2018-02-23 15:36:34 EXEC SPC_GET_TAX_RATE '2018/02/23';
2018-02-23 15:36:38 EXEC SPC_COM_GET_COMBOBOX 'buy_status_div';
2018-02-23 15:37:05 EXEC SPC_032_PURCHASE_REQUEST_SEARCH_FND1 '','','','','','','','1','10';
2018-02-23 15:37:07 EXEC SPC_GET_TAX_RATE '2018/02/23';
2018-02-23 15:37:11 EXEC SPC_COM_GET_COMBOBOX 'buy_status_div';
2018-02-23 15:37:27 EXEC SPC_COM_GET_COMBOBOX 'buy_status_div';
2018-02-23 15:38:26 EXEC SPC_032_PURCHASE_REQUEST_SEARCH_FND1 '','','','','','','','1','10';
2018-02-23 15:39:07 EXEC SPC_GET_TAX_RATE '2018/02/23';
2018-02-23 15:39:12 EXEC SPC_COM_GET_COMBOBOX 'buy_status_div';
2018-02-23 15:39:13 EXEC SPC_032_PURCHASE_REQUEST_SEARCH_FND1 '','','','','','','','1','10';
2018-02-23 15:39:16 EXEC SPC_031_PURCHASE_REQUEST_DETAIL_INQ1 'KI201802120003';
2018-02-23 15:39:17 EXEC SPC_GET_TAX_RATE '2018/02/24';
2018-02-23 15:39:20 EXEC SPC_COM_GET_COMBOBOX 'buy_status_div';
2018-02-23 15:39:22 EXEC SPC_032_PURCHASE_REQUEST_SEARCH_FND1 '','','','','','','','1','10';
2018-02-23 15:39:24 EXEC SPC_031_PURCHASE_REQUEST_DETAIL_INQ1 'KI201802120006';
2018-02-23 15:39:24 EXEC SPC_GET_TAX_RATE '2018/02/22';
2018-02-23 15:41:20 EXEC SPC_COM_GET_COMBOBOX 'buy_status_div';
2018-02-23 15:41:25 EXEC SPC_032_PURCHASE_REQUEST_SEARCH_FND1 '','','','','ffff','','','1','10';
2018-02-23 15:41:28 EXEC SPC_GET_TAX_RATE '2018/02/23';
2018-02-23 15:41:30 EXEC SPC_COM_GET_COMBOBOX 'buy_status_div';
2018-02-23 15:41:32 EXEC SPC_GET_TAX_RATE '2018/02/23';
2018-02-23 15:41:34 EXEC SPC_COM_GET_COMBOBOX 'buy_status_div';
2018-02-23 15:41:37 EXEC SPC_032_PURCHASE_REQUEST_SEARCH_FND1 '','','','','','','','1','10';
2018-02-23 15:41:40 EXEC SPC_032_PURCHASE_REQUEST_SEARCH_FND1 '','','','','ththdt','','','1','10';
2018-02-23 15:43:10 EXEC SPC_COM_GET_COMBOBOX 'buy_status_div';
2018-02-23 15:43:12 EXEC SPC_032_PURCHASE_REQUEST_SEARCH_FND1 '','','','','','','','1','10';
2018-02-23 15:43:14 EXEC SPC_032_PURCHASE_REQUEST_SEARCH_FND1 '','','','','hhh','','','1','10';
2018-02-23 15:43:18 EXEC SPC_GET_TAX_RATE '2018/02/23';
2018-02-23 15:44:20 EXEC SPC_GET_TAX_RATE '2018/02/23';
2018-02-23 15:44:22 EXEC SPC_COM_GET_COMBOBOX 'buy_status_div';
2018-02-23 15:44:25 EXEC SPC_032_PURCHASE_REQUEST_SEARCH_FND1 '','','','','','','','1','10';
2018-02-23 15:44:27 EXEC SPC_031_PURCHASE_REQUEST_DETAIL_INQ1 'KI201802120003';
2018-02-23 15:44:27 EXEC SPC_GET_TAX_RATE '2018/02/24';
2018-02-23 15:44:34 EXEC SPC_COM_GET_COMBOBOX 'buy_status_div';
2018-02-23 15:44:34 EXEC SPC_032_PURCHASE_REQUEST_SEARCH_FND1 '','','','','hhh','','','1','10';
2018-02-23 15:44:36 EXEC SPC_032_PURCHASE_REQUEST_SEARCH_FND1 '','','','','hhh','','','1','10';
2018-02-23 15:44:38 EXEC SPC_032_PURCHASE_REQUEST_SEARCH_FND1 '','','','','hhh','','','1','10';
2018-02-23 15:44:43 EXEC SPC_032_PURCHASE_REQUEST_SEARCH_FND1 '','','','','','','','1','10';
2018-02-23 15:44:47 EXEC SPC_GET_TAX_RATE '2018/02/23';
2018-02-23 15:44:47 EXEC SPC_031_PURCHASE_REQUEST_DETAIL_INQ1 'KI201802120006';
2018-02-23 15:44:48 EXEC SPC_GET_TAX_RATE '2018/02/22';
2018-02-23 15:48:38 EXEC SPC_COM_GET_COMBOBOX 'buy_status_div';
2018-02-23 15:48:39 EXEC SPC_032_PURCHASE_REQUEST_SEARCH_FND1 '','','','','','','','1','10';
2018-02-23 15:50:23 EXEC SPC_032_PURCHASE_REQUEST_SEARCH_FND1 '','','','','','','','1','10';
2018-02-23 15:55:28 EXEC SPC_032_PURCHASE_REQUEST_SEARCH_FND1 '','','','','','','','1','10';
2018-02-23 15:56:12 EXEC SPC_032_PURCHASE_REQUEST_SEARCH_FND1 '','','','','','','','1','10';
2018-02-23 15:56:15 EXEC SPC_032_PURCHASE_REQUEST_SEARCH_FND1 '','','','','','','10','1','10';
2018-02-23 15:56:19 EXEC SPC_032_PURCHASE_REQUEST_SEARCH_FND1 '','','','','','','20','1','10';
2018-02-23 15:57:53 EXEC SPC_COM_GET_COMBOBOX 'buy_status_div';
2018-02-23 15:58:36 EXEC SPC_COM_GET_COMBOBOX 'buy_status_div';
2018-02-23 16:02:12 EXEC SPC_GET_TAX_RATE '2018/02/23';
2018-02-23 16:02:18 EXEC SPC_GET_TAX_RATE '2018/02/23';
2018-02-23 16:02:21 EXEC SPC_COM_GET_COMBOBOX 'buy_status_div';
2018-02-23 16:02:23 EXEC SPC_032_PURCHASE_REQUEST_SEARCH_FND1 '','','','','','','','1','10';
2018-02-23 16:02:25 EXEC SPC_031_PURCHASE_REQUEST_DETAIL_INQ1 'KI201802120006';
2018-02-23 16:02:25 EXEC SPC_GET_TAX_RATE '2018/02/22';
2018-02-23 16:03:24 EXEC SPC_COM_GET_COMBOBOX 'trade_terms_div';
2018-02-23 16:03:25 EXEC SPC_COM_GET_COMBOBOX 'unit_q_div';
2018-02-23 16:03:25 EXEC SPC_COM_GET_COMBOBOX 'port_city_div';
2018-02-23 16:03:25 EXEC SPC_COM_GET_COMBOBOX 'unit_w_div';
2018-02-23 16:03:25 EXEC SPC_COM_GET_COMBOBOX 'unit_m_div';
2018-02-23 16:03:26 EXEC SPC_COM_GET_COMBOBOX 'sales_detail_div';
2018-02-23 16:03:26 EXEC SPC_COM_GET_COMBOBOX 'bank_div';
2018-02-23 16:03:27 EXEC SPC_GET_TAX_RATE '2018/02/23';
2018-02-23 16:03:27 EXEC SPC_COM_GET_COMBOBOX 'port_country_div';
2018-02-23 16:03:27 EXEC SPC_COM_GET_COMBOBOX 'currency_div';
2018-02-23 16:03:27 EXEC SPC_COM_GET_COMBOBOX 'payment_conditions_div';
2018-02-23 16:03:27 EXEC SPC_COM_GET_COMBOBOX 'shipment_div';
2018-02-23 16:03:28 EXEC SPC_COM_GET_COMBOBOX 'pi_status_div';
2018-02-23 16:03:30 EXEC SPC_002_PI_SEARCH_FND1 '','','','','','','','','1','10';
2018-02-23 16:03:32 EXEC SPC_001_PI_DETAIL_INQ1 'RT-130827001';
2018-02-23 16:03:33 EXEC SPC_GET_TAX_RATE '2013/08/27';
2018-02-23 16:03:33 EXEC SPC_COM_GET_COMBOBOX 'unit_w_div';
2018-02-23 16:03:33 EXEC SPC_COM_GET_COMBOBOX 'unit_q_div';
2018-02-23 16:03:33 EXEC SPC_COM_GET_COMBOBOX 'sales_detail_div';
2018-02-23 16:03:33 EXEC SPC_COM_GET_COMBOBOX 'unit_m_div';
2018-02-23 16:03:41 EXEC SPC_001_PI_DETAIL_ACT1 'U','RT-130827001','10','2013/08/27','1111','APEL CO.,LTD','951 Angyouryou Negishi','Kawaguchi','333-0834','001','SY','+81-48-280-3055','','','APEL CO.,LTD','951 Angyouryou Negishi','Kawaguchi','333-0834','001','SY','+81-48-280-3055','','111111','','','','Standard Export Carton','01','USD','060','01','02','003','NL','05','payment by T.T.','[{"pi_detail_no":"1","sales_detail_div":"0","product_cd":"10004","description":"Digital Spectrophotometer Model PD-303 with standard accessories","qty":"10","unit_of_m_div":"006","unit_price":"820","amount":"8022","detail_tax":"401.1","unit_measure_qty":"0","unit_measure_price":"001","outside_remarks":"","unit_net_weight":"4.7","unit_net_weight_div":"001","net_weight":"47","unit_gross_weight":"6.4","gross_weight":"64","measure":"0"},{"pi_detail_no":"2","sales_detail_div":"0","product_cd":"10005","description":"Digital Spectrophotometer Model PD-303S (5 parameters type) with micoprocessor and Standard accessories","qty":"1","unit_of_m_div":"006","unit_price":"1060","amount":"1060","detail_tax":"53","unit_measure_qty":"0","unit_measure_price":"001","outside_remarks":"","unit_net_weight":"4","unit_net_weight_div":"001","net_weight":"4","unit_gross_weight":"6.4","gross_weight":"6.4","measure":"0"}]','11','006','70.4','001','51','001','0','001','9260','0','0','0','9260','Around 1 month after receipt of payment','','Japan','APEL CO.,LTD.','This Proforma invoice is valid for 2 weeks from the date of  issue.','- If a consulate visa is required, the related fees should be paid by the buyer.','- In case of transport by air and/or container, FOB, C&F and CIF in this proforma invoice','shall be respectively equivalent to FCA, CPT and CIP stipulated in Incoterms 2000.','- In the event that the dollar (euro)falls against the Japanese yen by more than 5% from','the rate of proforma invoice date, the prices will not be effective.','* Remittance charge must be covered by sender.','*** Warranty period after shipment***','3 years: PD-303, BR-501','1 year: AP-120, AP-1000M, PD-303S, PD-3000UV, BR-5200, BR-5200P, HC-702, HG-220','*Our bank account is only Japanese one.(We have no bank account outside Japan)','001','社内用備考 社内用備考','','001_pi-detail','';
2018-02-23 16:03:43 EXEC SPC_001_PI_DETAIL_INQ1 'RT-130827001';
2018-02-23 16:03:44 EXEC SPC_COM_GET_COMBOBOX 'unit_m_div';
2018-02-23 16:03:44 EXEC SPC_COM_GET_COMBOBOX 'sales_detail_div';
2018-02-23 16:03:44 EXEC SPC_GET_TAX_RATE '2013/08/27';
2018-02-23 16:03:44 EXEC SPC_COM_GET_COMBOBOX 'unit_w_div';
2018-02-23 16:03:50 EXEC SPC_COM_GET_COMBOBOX 'pi_status_div';
2018-02-23 16:03:59 EXEC SPC_COM_GET_COMBOBOX 'buy_status_div';
2018-02-23 16:04:02 EXEC SPC_GET_TAX_RATE '2018/02/23';
2018-02-23 16:04:11 EXEC SPC_GET_TAX_RATE '2018/02/23';
2018-02-23 16:04:15 EXEC SPC_COM_GET_COMBOBOX 'buy_status_div';
2018-02-23 16:04:19 EXEC SPC_032_PURCHASE_REQUEST_SEARCH_FND1 '','','','','','','10','1','10';
2018-02-23 16:04:23 EXEC SPC_032_PURCHASE_REQUEST_SEARCH_FND1 '','','','','','','20','1','10';
2018-02-23 16:04:27 EXEC SPC_032_PURCHASE_REQUEST_SEARCH_FND1 '','','','','','','10','1','10';
2018-02-23 16:04:29 EXEC SPC_032_PURCHASE_REQUEST_SEARCH_FND1 '','','','','','','','1','10';
2018-02-23 16:06:54 EXEC SPC_GET_TAX_RATE '2018/02/28';
2018-02-23 16:07:10 EXEC SPC_073_LOGIN_ACT1 '001','123456';
2018-02-23 16:07:10 EXEC SPC_GET_CONSTANT '';
2018-02-23 16:07:22 EXEC SPC_COM_GET_COMBOBOX 'buy_status_div';
2018-02-23 16:08:19 EXEC SPC_032_PURCHASE_REQUEST_SEARCH_FND1 '','','','','','','','1','10';
2018-02-23 16:09:22 EXEC SPC_COM_GET_COMBOBOX 'buy_status_div';
2018-02-23 16:09:24 EXEC SPC_032_PURCHASE_REQUEST_SEARCH_FND1 '','','','','','','','1','10';
2018-02-23 16:11:13 EXEC SPC_032_PURCHASE_REQUEST_SEARCH_FND1 '','','','','','','','1','10';
2018-02-23 16:11:26 EXEC SPC_032_PURCHASE_REQUEST_SEARCH_FND1 '','','','','','','','1','10';
2018-02-23 16:11:58 EXEC SPC_032_PURCHASE_REQUEST_SEARCH_FND1 '','','','','','','','1','10';
2018-02-23 16:13:40 EXEC SPC_032_PURCHASE_REQUEST_SEARCH_FND1 '','','','','','','','1','10';
2018-02-23 16:27:50 EXEC SPC_032_PURCHASE_REQUEST_SEARCH_FND1 '','','','','','','','1','10';
2018-02-23 16:27:56 EXEC SPC_032_PURCHASE_REQUEST_SEARCH_FND1 '','','','','','','','1','10';
2018-02-23 16:28:15 EXEC SPC_GET_TAX_RATE '2018/02/23';
2018-02-23 16:28:19 EXEC SPC_055_SUPPLIERS_MASTER_SEARCH_FND1 '','','','','','','0','0','0','1','10';
2018-02-23 16:28:22 EXEC SPC_REFER_CLIENT_CD '2222';
2018-02-23 16:28:35 EXEC SPC_069_COMPONENT_MASTER_SEARCH_FND1 '','','','1','10';
2018-02-23 16:28:37 EXEC SPC_031_PURCHASE_REQUEST_DETAIL_INQ2 '000123','2222';
2018-02-23 16:28:42 EXEC SPC_069_COMPONENT_MASTER_SEARCH_FND1 '','','','1','10';
2018-02-23 16:28:43 EXEC SPC_031_PURCHASE_REQUEST_DETAIL_INQ2 '20503','2222';
2018-02-23 16:28:50 EXEC SPC_069_COMPONENT_MASTER_SEARCH_FND1 '','','','1','10';
2018-02-23 16:28:53 EXEC SPC_031_PURCHASE_REQUEST_DETAIL_INQ2 '20501','2222';
2018-02-23 16:29:16 EXEC SPC_069_COMPONENT_MASTER_SEARCH_FND1 '','','','1','10';
2018-02-23 16:29:19 EXEC SPC_031_PURCHASE_REQUEST_DETAIL_INQ2 '20504','2222';
2018-02-23 16:29:36 EXEC SPC_031_PURCHASE_REQUEST_DETAIL_INQ2 '20501','2222';
2018-02-23 16:29:47 EXEC SPC_055_SUPPLIERS_MASTER_SEARCH_FND1 '','','','','','','0','0','0','1','10';
2018-02-23 16:29:50 EXEC SPC_REFER_CLIENT_CD 'ape76';
2018-02-23 16:29:53 EXEC SPC_069_COMPONENT_MASTER_SEARCH_FND1 '','','','1','10';
2018-02-23 16:29:55 EXEC SPC_031_PURCHASE_REQUEST_DETAIL_INQ2 '20504','ape76';
2018-02-23 16:30:33 EXEC SPC_031_PURCHASE_REQUEST_DETAIL_INQ2 '20502','ape76';
2018-02-23 16:32:01 EXEC SPC_031_PURCHASE_REQUEST_DETAIL_INQ2 '20501','ape76';
2018-02-23 16:32:07 EXEC SPC_031_PURCHASE_REQUEST_DETAIL_INQ2 '20502','ape76';
2018-02-23 16:38:17 EXEC SPC_031_PURCHASE_REQUEST_DETAIL_ACT1 'I','','10','2018/02/23','ape76','仕入先担当者名','件名','2018/02/23','備考','[{"buy_detail_no":"1","parts_cd":"20502","buy_qty":"10","buy_unit_price":"10","buy_detail_amt":"100","buy_detail_tax":"1.2","detail_remarks":"0"}]','1.2','1.2','1.2','2.4','001','031_purchase_request-detail','192.168.5.206';
2018-02-23 16:38:18 EXEC SPC_031_PURCHASE_REQUEST_DETAIL_INQ1 'KI201802230001';
2018-02-23 16:38:19 EXEC SPC_GET_TAX_RATE '2018/02/23';
2018-02-23 16:38:23 EXEC SPC_COM_GET_COMBOBOX 'buy_status_div';
2018-02-23 16:38:24 EXEC SPC_032_PURCHASE_REQUEST_SEARCH_FND1 '','','','','','','','1','10';
2018-02-23 16:38:24 EXEC SPC_032_PURCHASE_REQUEST_SEARCH_FND1 '','','','','','','','1','10';
2018-02-23 16:39:50 EXEC SPC_032_PURCHASE_REQUEST_SEARCH_ACT1 '[{"buy_no":"KI201802230001","buy_status_div":"10"}]','001','032_purchase_request-search','192.168.5.206';
2018-02-23 16:39:52 EXEC SPC_032_PURCHASE_REQUEST_SEARCH_FND1 '','','','','','','','1','10';
2018-02-23 16:40:30 EXEC SPC_032_PURCHASE_REQUEST_SEARCH_FND1 '','','','','','','','1','10';
2018-02-23 16:40:33 EXEC SPC_032_PURCHASE_REQUEST_SEARCH_ACT1 '[{"buy_no":"KI201802230001","buy_status_div":"20"}]','001','032_purchase_request-search','192.168.5.206';
2018-02-23 17:00:22 EXEC SPC_032_PURCHASE_REQUEST_SEARCH_FND1 '','','','','','','','1','10';
2018-02-23 17:02:30 EXEC SPC_032_PURCHASE_REQUEST_SEARCH_FND1 '','','','','','','','1','10';
2018-02-23 17:04:41 EXEC SPC_073_LOGIN_ACT1 '001','123456';
2018-02-23 17:04:41 EXEC SPC_GET_CONSTANT '';
2018-02-23 17:05:59 EXEC SPC_COM_GET_COMBOBOX 'buy_status_div';
2018-02-23 17:06:01 EXEC SPC_032_PURCHASE_REQUEST_SEARCH_FND1 '','','','','','','','1','10';
2018-02-23 17:06:04 EXEC SPC_GET_CONSTANT '';
2018-02-23 17:06:20 EXEC SPC_GET_CONSTANT '';
2018-02-23 17:11:54 EXEC SPC_GET_CONSTANT '';
2018-02-23 17:12:40 EXEC SPC_GET_TAX_RATE '2018/02/23';
2018-02-23 17:12:44 EXEC SPC_055_SUPPLIERS_MASTER_SEARCH_FND1 '','','','','','','0','0','0','1','10';
2018-02-23 17:12:46 EXEC SPC_REFER_CLIENT_CD 'ape76b';
2018-02-23 17:12:57 EXEC SPC_069_COMPONENT_MASTER_SEARCH_FND1 '','','','1','10';
2018-02-23 17:13:00 EXEC SPC_031_PURCHASE_REQUEST_DETAIL_INQ2 '20504','ape76b';
2018-02-23 17:13:11 EXEC SPC_031_PURCHASE_REQUEST_DETAIL_INQ2 '20501','ape76b';
2018-02-23 17:13:20 EXEC SPC_031_PURCHASE_REQUEST_DETAIL_ACT1 'I','','10','2018/02/23','ape76b','仕入先担当者名','件名','2018/02/10','備考','[{"buy_detail_no":"1","parts_cd":"20504","buy_qty":"22","buy_unit_price":"3.33","buy_detail_amt":"73.26","buy_detail_tax":"0.88","detail_remarks":"\u5099\u8003"},{"buy_detail_no":"2","parts_cd":"20501","buy_qty":"10","buy_unit_price":"3.45","buy_detail_amt":"34.5","buy_detail_tax":"0.41","detail_remarks":"\u5099\u8003"}]','0.42','0.88','1.29','1.71','001','031_purchase_request-detail','192.168.5.206';
2018-02-23 17:13:21 EXEC SPC_031_PURCHASE_REQUEST_DETAIL_INQ1 'KI201802230002';
2018-02-23 17:13:21 EXEC SPC_GET_TAX_RATE '2018/02/23';
2018-02-23 17:13:23 EXEC SPC_031_PURCHASE_REQUEST_DETAIL_ACT1 'I','KI201802230002','10','2018/02/23','ape76b','仕入先担当者名','件名','2018/02/10','備考','[{"buy_detail_no":"1","parts_cd":"20504","buy_qty":"22","buy_unit_price":"3.33","buy_detail_amt":"73.26","buy_detail_tax":"0.88","detail_remarks":"\u5099\u8003"},{"buy_detail_no":"2","parts_cd":"20501","buy_qty":"10","buy_unit_price":"3.45","buy_detail_amt":"34.5","buy_detail_tax":"0.41","detail_remarks":"\u5099\u8003"}]','0.42','0.88','1.29','1.71','001','031_purchase_request-detail','192.168.5.206';
2018-02-23 17:13:24 EXEC SPC_031_PURCHASE_REQUEST_DETAIL_INQ1 'KI201802230003';
2018-02-23 17:13:25 EXEC SPC_GET_TAX_RATE '2018/02/23';
2018-02-23 17:13:26 EXEC SPC_031_PURCHASE_REQUEST_DETAIL_ACT1 'I','KI201802230003','10','2018/02/23','ape76b','仕入先担当者名','件名','2018/02/10','備考','[{"buy_detail_no":"1","parts_cd":"20504","buy_qty":"22","buy_unit_price":"3.33","buy_detail_amt":"73.26","buy_detail_tax":"0.88","detail_remarks":"\u5099\u8003"},{"buy_detail_no":"2","parts_cd":"20501","buy_qty":"10","buy_unit_price":"3.45","buy_detail_amt":"34.5","buy_detail_tax":"0.41","detail_remarks":"\u5099\u8003"}]','0.42','0.88','1.29','1.71','001','031_purchase_request-detail','192.168.5.206';
2018-02-23 17:13:27 EXEC SPC_031_PURCHASE_REQUEST_DETAIL_INQ1 'KI201802230004';
2018-02-23 17:13:28 EXEC SPC_GET_TAX_RATE '2018/02/23';
2018-02-23 17:13:30 EXEC SPC_031_PURCHASE_REQUEST_DETAIL_ACT1 'I','KI201802230004','10','2018/02/23','ape76b','仕入先担当者名','件名','2018/02/10','備考','[{"buy_detail_no":"1","parts_cd":"20504","buy_qty":"22","buy_unit_price":"3.33","buy_detail_amt":"73.26","buy_detail_tax":"0.88","detail_remarks":"\u5099\u8003"},{"buy_detail_no":"2","parts_cd":"20501","buy_qty":"10","buy_unit_price":"3.45","buy_detail_amt":"34.5","buy_detail_tax":"0.41","detail_remarks":"\u5099\u8003"}]','0.42','0.88','1.29','1.71','001','031_purchase_request-detail','192.168.5.206';
2018-02-23 17:13:31 EXEC SPC_031_PURCHASE_REQUEST_DETAIL_INQ1 'KI201802230005';
2018-02-23 17:13:32 EXEC SPC_GET_TAX_RATE '2018/02/23';
2018-02-23 17:13:34 EXEC SPC_031_PURCHASE_REQUEST_DETAIL_ACT1 'I','KI201802230005','10','2018/02/23','ape76b','仕入先担当者名','件名','2018/02/10','備考','[{"buy_detail_no":"1","parts_cd":"20504","buy_qty":"22","buy_unit_price":"3.33","buy_detail_amt":"73.26","buy_detail_tax":"0.88","detail_remarks":"\u5099\u8003"},{"buy_detail_no":"2","parts_cd":"20501","buy_qty":"10","buy_unit_price":"3.45","buy_detail_amt":"34.5","buy_detail_tax":"0.41","detail_remarks":"\u5099\u8003"}]','0.42','0.88','1.29','1.71','001','031_purchase_request-detail','192.168.5.206';
2018-02-23 17:13:35 EXEC SPC_031_PURCHASE_REQUEST_DETAIL_INQ1 'KI201802230006';
2018-02-23 17:13:35 EXEC SPC_GET_TAX_RATE '2018/02/23';
2018-02-23 17:13:37 EXEC SPC_031_PURCHASE_REQUEST_DETAIL_ACT1 'I','KI201802230006','10','2018/02/23','ape76b','仕入先担当者名','件名','2018/02/10','備考','[{"buy_detail_no":"1","parts_cd":"20504","buy_qty":"22","buy_unit_price":"3.33","buy_detail_amt":"73.26","buy_detail_tax":"0.88","detail_remarks":"\u5099\u8003"},{"buy_detail_no":"2","parts_cd":"20501","buy_qty":"10","buy_unit_price":"3.45","buy_detail_amt":"34.5","buy_detail_tax":"0.41","detail_remarks":"\u5099\u8003"}]','0.42','0.88','1.29','1.71','001','031_purchase_request-detail','192.168.5.206';
2018-02-23 17:13:39 EXEC SPC_031_PURCHASE_REQUEST_DETAIL_INQ1 'KI201802230007';
2018-02-23 17:13:40 EXEC SPC_GET_TAX_RATE '2018/02/23';
2018-02-23 17:13:42 EXEC SPC_COM_GET_COMBOBOX 'buy_status_div';
2018-02-23 17:13:43 EXEC SPC_032_PURCHASE_REQUEST_SEARCH_FND1 '','','','','','','','1','10';
2018-02-23 17:13:43 EXEC SPC_032_PURCHASE_REQUEST_SEARCH_FND1 '','','','','','','','1','10';
2018-02-23 17:14:00 EXEC SPC_032_PURCHASE_REQUEST_SEARCH_FND1 '','','','','','','','1','10';
2018-02-23 17:14:26 EXEC SPC_GET_CONSTANT '';
2018-02-23 17:15:37 EXEC SPC_COM_GET_COMBOBOX 'buy_status_div';
2018-02-23 17:15:39 EXEC SPC_032_PURCHASE_REQUEST_SEARCH_FND1 '','','','','','','','1','10';
2018-02-23 17:15:46 EXEC SPC_GET_CONSTANT '';
2018-02-23 17:18:53 EXEC SPC_GET_CONSTANT '';
2018-02-23 17:19:31 EXEC SPC_GET_CONSTANT '';
2018-02-23 17:20:08 EXEC SPC_GET_CONSTANT '';
2018-02-23 17:21:12 EXEC SPC_GET_CONSTANT '';
2018-02-23 17:21:41 EXEC SPC_GET_CONSTANT '';
2018-02-23 17:23:41 EXEC SPC_GET_CONSTANT '';
2018-02-23 17:26:26 EXEC SPC_GET_CONSTANT '';
2018-02-23 17:40:26 EXEC SPC_032_PURCHASE_REQUEST_SEARCH_FND1 '','','','','','','','1','10';
2018-02-23 17:40:41 EXEC SPC_032_PURCHASE_REQUEST_SEARCH_FND1 '','','','','','','','2','10';
2018-02-23 17:40:47 EXEC SPC_032_PURCHASE_REQUEST_SEARCH_FND1 '','','','','','','','1','10';
2018-02-23 17:45:07 EXEC SPC_032_PURCHASE_REQUEST_SEARCH_FND1 '','','','','','','','1','10';
2018-02-23 17:45:12 EXEC SPC_GET_CONSTANT '';
2018-02-23 17:45:25 EXEC SPC_GET_CONSTANT '';
2018-02-23 17:46:19 EXEC SPC_GET_CONSTANT '';
2018-02-23 17:46:55 EXEC SPC_GET_CONSTANT '';
2018-02-23 17:47:52 EXEC SPC_GET_CONSTANT '';
2018-02-23 17:48:24 EXEC SPC_GET_CONSTANT '';
2018-02-23 17:48:41 EXEC SPC_COM_GET_COMBOBOX 'buy_status_div';
2018-02-23 17:48:43 EXEC SPC_032_PURCHASE_REQUEST_SEARCH_FND1 '','','','','','','','1','10';
2018-02-23 17:48:48 EXEC SPC_GET_CONSTANT '';
2018-02-23 17:49:25 EXEC SPC_GET_CONSTANT '';
2018-02-23 17:50:00 EXEC SPC_GET_CONSTANT '';
2018-02-23 17:52:30 EXEC SPC_GET_CONSTANT '';
2018-02-23 17:52:52 EXEC SPC_GET_CONSTANT '';
2018-02-23 17:54:27 EXEC SPC_COM_GET_COMBOBOX 'buy_status_div';
2018-02-23 17:54:31 EXEC SPC_032_PURCHASE_REQUEST_SEARCH_FND1 '','','','','','','','1','10';
2018-02-23 17:54:33 EXEC SPC_GET_CONSTANT '';
2018-02-23 17:56:32 EXEC SPC_GET_CONSTANT '';
2018-02-23 17:59:08 EXEC SPC_GET_CONSTANT '';
2018-02-23 17:59:28 EXEC SPC_GET_CONSTANT '';
2018-02-23 18:00:05 EXEC SPC_GET_CONSTANT '';
2018-02-23 18:00:56 EXEC SPC_032_PURCHASE_REQUEST_SEARCH_FND1 '','','','','','','','1','10';
2018-02-23 18:01:13 EXEC SPC_GET_CONSTANT '';
2018-02-23 18:01:13 EXEC SPC_033_PURCHASE_REQUEST_EXPORT_INQ1 '[{"buy_no":"KI201802230001","buy_status_div":"20"},{"buy_no":"KI201802230002","buy_status_div":"10"},{"buy_no":"KI201802230002","buy_status_div":"10"},{"buy_no":"KI201802230003","buy_status_div":"10"},{"buy_no":"KI201802230003","buy_status_div":"10"},{"buy_no":"KI201802230004","buy_status_div":"10"},{"buy_no":"KI201802230004","buy_status_div":"10"},{"buy_no":"KI201802230005","buy_status_div":"10"},{"buy_no":"KI201802230005","buy_status_div":"10"},{"buy_no":"KI201802230006","buy_status_div":"10"}]','001','033_purchase_request_export','192.168.5.206';
2018-02-23 18:02:46 EXEC SPC_GET_CONSTANT '';
2018-02-23 18:03:04 EXEC SPC_GET_CONSTANT '';
2018-02-23 18:03:04 EXEC SPC_033_PURCHASE_REQUEST_EXPORT_ACT1 '[{"buy_no":"KI201802230001","buy_status_div":"20"},{"buy_no":"KI201802230002","buy_status_div":"10"},{"buy_no":"KI201802230002","buy_status_div":"10"},{"buy_no":"KI201802230003","buy_status_div":"10"},{"buy_no":"KI201802230003","buy_status_div":"10"},{"buy_no":"KI201802230004","buy_status_div":"10"},{"buy_no":"KI201802230004","buy_status_div":"10"},{"buy_no":"KI201802230005","buy_status_div":"10"},{"buy_no":"KI201802230005","buy_status_div":"10"},{"buy_no":"KI201802230006","buy_status_div":"10"}]','001','033_purchase_request_export','192.168.5.206';
2018-02-23 18:07:53 EXEC SPC_GET_CONSTANT '';
2018-02-23 18:07:53 EXEC SPC_033_PURCHASE_REQUEST_EXPORT_ACT1 '[{"buy_no":"KI201802230001","buy_status_div":"20"},{"buy_no":"KI201802230002","buy_status_div":"10"},{"buy_no":"KI201802230002","buy_status_div":"10"},{"buy_no":"KI201802230003","buy_status_div":"10"},{"buy_no":"KI201802230003","buy_status_div":"10"},{"buy_no":"KI201802230004","buy_status_div":"10"},{"buy_no":"KI201802230004","buy_status_div":"10"},{"buy_no":"KI201802230005","buy_status_div":"10"},{"buy_no":"KI201802230005","buy_status_div":"10"},{"buy_no":"KI201802230006","buy_status_div":"10"}]','001','033_purchase_request_export','192.168.5.206';
2018-02-23 18:09:50 EXEC SPC_COM_GET_COMBOBOX 'buy_status_div';
2018-02-23 18:17:20 EXEC SPC_COM_GET_COMBOBOX 'buy_status_div';
2018-02-23 18:18:28 EXEC SPC_032_PURCHASE_REQUEST_SEARCH_FND1 '2018/03/05','2018/03/15','','','','','','1','10';
2018-02-23 18:24:31 EXEC SPC_032_PURCHASE_REQUEST_SEARCH_FND1 '2018/03/05','2018/03/15','KI20180223002','KI20180223006','仕入先名','部品名','10','1','10';
2018-02-23 18:24:37 EXEC SPC_COM_GET_COMBOBOX 'buy_status_div';
2018-02-23 18:24:39 EXEC SPC_032_PURCHASE_REQUEST_SEARCH_FND1 '','','','','','','','1','10';
2018-02-23 18:24:41 EXEC SPC_032_PURCHASE_REQUEST_SEARCH_FND1 '','','','','','','','1','10';
2018-02-23 18:25:20 EXEC SPC_GET_TAX_RATE '2018/02/23';
2018-02-23 18:25:25 EXEC SPC_055_SUPPLIERS_MASTER_SEARCH_FND1 '','','','','','','0','0','0','1','10';
2018-02-23 18:25:28 EXEC SPC_REFER_CLIENT_CD 'ape76';
2018-02-23 18:25:39 EXEC SPC_069_COMPONENT_MASTER_SEARCH_FND1 '','','','1','10';
2018-02-23 18:25:43 EXEC SPC_031_PURCHASE_REQUEST_DETAIL_INQ2 '20502','ape76';
2018-02-23 18:25:52 EXEC SPC_031_PURCHASE_REQUEST_DETAIL_INQ2 '20504','ape76';
2018-02-23 18:26:01 EXEC SPC_031_PURCHASE_REQUEST_DETAIL_ACT1 'I','','10','2018/02/23','ape76','仕入先担当者名','件名','2018/02/23','備考','[{"buy_detail_no":"1","parts_cd":"20502","buy_qty":"10","buy_unit_price":"10","buy_detail_amt":"100","buy_detail_tax":"1.2","detail_remarks":"0"},{"buy_detail_no":"2","parts_cd":"20504","buy_qty":"10","buy_unit_price":"3.33","buy_detail_amt":"33.3","buy_detail_tax":"0.4","detail_remarks":"\u5099\u8003"}]','0.41','1.2','1.6','2.0100000000000002','001','031_purchase_request-detail','192.168.5.206';
2018-02-23 18:26:02 EXEC SPC_031_PURCHASE_REQUEST_DETAIL_INQ1 'KI201802230001';
2018-02-23 18:26:03 EXEC SPC_GET_TAX_RATE '2018/02/23';
2018-02-23 18:26:05 EXEC SPC_031_PURCHASE_REQUEST_DETAIL_ACT1 'I','KI201802230001','10','2018/02/23','ape76','仕入先担当者名','件名','2018/02/23','備考','[{"buy_detail_no":"1","parts_cd":"20502","buy_qty":"10","buy_unit_price":"10","buy_detail_amt":"100","buy_detail_tax":"1.2","detail_remarks":"0"},{"buy_detail_no":"2","parts_cd":"20504","buy_qty":"10","buy_unit_price":"3.33","buy_detail_amt":"33.3","buy_detail_tax":"0.4","detail_remarks":"\u5099\u8003"}]','0.41','1.2','1.6','2.01','001','031_purchase_request-detail','192.168.5.206';
2018-02-23 18:26:06 EXEC SPC_031_PURCHASE_REQUEST_DETAIL_INQ1 'KI201802230002';
2018-02-23 18:26:06 EXEC SPC_GET_TAX_RATE '2018/02/23';
2018-02-23 18:26:08 EXEC SPC_031_PURCHASE_REQUEST_DETAIL_ACT1 'I','KI201802230002','10','2018/02/23','ape76','仕入先担当者名','件名','2018/02/23','備考','[{"buy_detail_no":"1","parts_cd":"20502","buy_qty":"10","buy_unit_price":"10","buy_detail_amt":"100","buy_detail_tax":"1.2","detail_remarks":"0"},{"buy_detail_no":"2","parts_cd":"20504","buy_qty":"10","buy_unit_price":"3.33","buy_detail_amt":"33.3","buy_detail_tax":"0.4","detail_remarks":"\u5099\u8003"}]','0.41','1.2','1.6','2.01','001','031_purchase_request-detail','192.168.5.206';
2018-02-23 18:26:09 EXEC SPC_031_PURCHASE_REQUEST_DETAIL_INQ1 'KI201802230003';
2018-02-23 18:26:10 EXEC SPC_GET_TAX_RATE '2018/02/23';
2018-02-23 18:26:11 EXEC SPC_031_PURCHASE_REQUEST_DETAIL_ACT1 'I','KI201802230003','10','2018/02/23','ape76','仕入先担当者名','件名','2018/02/23','備考','[{"buy_detail_no":"1","parts_cd":"20502","buy_qty":"10","buy_unit_price":"10","buy_detail_amt":"100","buy_detail_tax":"1.2","detail_remarks":"0"},{"buy_detail_no":"2","parts_cd":"20504","buy_qty":"10","buy_unit_price":"3.33","buy_detail_amt":"33.3","buy_detail_tax":"0.4","detail_remarks":"\u5099\u8003"}]','0.41','1.2','1.6','2.01','001','031_purchase_request-detail','192.168.5.206';
2018-02-23 18:26:13 EXEC SPC_031_PURCHASE_REQUEST_DETAIL_INQ1 'KI201802230004';
2018-02-23 18:26:13 EXEC SPC_GET_TAX_RATE '2018/02/23';
2018-02-23 18:26:15 EXEC SPC_031_PURCHASE_REQUEST_DETAIL_ACT1 'I','KI201802230004','10','2018/02/23','ape76','仕入先担当者名','件名','2018/02/23','備考','[{"buy_detail_no":"1","parts_cd":"20502","buy_qty":"10","buy_unit_price":"10","buy_detail_amt":"100","buy_detail_tax":"1.2","detail_remarks":"0"},{"buy_detail_no":"2","parts_cd":"20504","buy_qty":"10","buy_unit_price":"3.33","buy_detail_amt":"33.3","buy_detail_tax":"0.4","detail_remarks":"\u5099\u8003"}]','0.41','1.2','1.6','2.01','001','031_purchase_request-detail','192.168.5.206';
2018-02-23 18:26:17 EXEC SPC_031_PURCHASE_REQUEST_DETAIL_INQ1 'KI201802230005';
2018-02-23 18:26:18 EXEC SPC_GET_TAX_RATE '2018/02/23';
2018-02-23 18:26:20 EXEC SPC_031_PURCHASE_REQUEST_DETAIL_ACT1 'I','KI201802230005','10','2018/02/23','ape76','仕入先担当者名','件名','2018/02/23','備考','[{"buy_detail_no":"1","parts_cd":"20502","buy_qty":"10","buy_unit_price":"10","buy_detail_amt":"100","buy_detail_tax":"1.2","detail_remarks":"0"},{"buy_detail_no":"2","parts_cd":"20504","buy_qty":"10","buy_unit_price":"3.33","buy_detail_amt":"33.3","buy_detail_tax":"0.4","detail_remarks":"\u5099\u8003"}]','0.41','1.2','1.6','2.01','001','031_purchase_request-detail','192.168.5.206';
2018-02-23 18:26:21 EXEC SPC_031_PURCHASE_REQUEST_DETAIL_INQ1 'KI201802230006';
2018-02-23 18:26:21 EXEC SPC_GET_TAX_RATE '2018/02/23';
2018-02-23 18:26:24 EXEC SPC_031_PURCHASE_REQUEST_DETAIL_ACT1 'I','KI201802230006','10','2018/02/23','ape76','仕入先担当者名','件名','2018/02/23','備考','[{"buy_detail_no":"1","parts_cd":"20502","buy_qty":"10","buy_unit_price":"10","buy_detail_amt":"100","buy_detail_tax":"1.2","detail_remarks":"0"},{"buy_detail_no":"2","parts_cd":"20504","buy_qty":"10","buy_unit_price":"3.33","buy_detail_amt":"33.3","buy_detail_tax":"0.4","detail_remarks":"\u5099\u8003"}]','0.41','1.2','1.6','2.01','001','031_purchase_request-detail','192.168.5.206';
2018-02-23 18:26:25 EXEC SPC_031_PURCHASE_REQUEST_DETAIL_INQ1 'KI201802230007';
2018-02-23 18:26:25 EXEC SPC_GET_TAX_RATE '2018/02/23';
2018-02-23 18:26:47 EXEC SPC_031_PURCHASE_REQUEST_DETAIL_ACT1 'I','KI201802230007','10','2018/02/23','ape76','仕入先担当者名','件名','2018/02/23','備考','[{"buy_detail_no":"1","parts_cd":"20502","buy_qty":"10","buy_unit_price":"10","buy_detail_amt":"100","buy_detail_tax":"1.2","detail_remarks":"0"},{"buy_detail_no":"2","parts_cd":"20504","buy_qty":"10","buy_unit_price":"3.33","buy_detail_amt":"33.3","buy_detail_tax":"0.4","detail_remarks":"\u5099\u8003"}]','0.41','1.2','1.6','2.01','001','031_purchase_request-detail','192.168.5.206';
2018-02-23 18:26:48 EXEC SPC_031_PURCHASE_REQUEST_DETAIL_INQ1 'KI201802230008';
2018-02-23 18:26:49 EXEC SPC_GET_TAX_RATE '2018/02/23';
2018-02-23 18:26:50 EXEC SPC_031_PURCHASE_REQUEST_DETAIL_ACT1 'I','KI201802230008','10','2018/02/23','ape76','仕入先担当者名','件名','2018/02/23','備考','[{"buy_detail_no":"1","parts_cd":"20502","buy_qty":"10","buy_unit_price":"10","buy_detail_amt":"100","buy_detail_tax":"1.2","detail_remarks":"0"},{"buy_detail_no":"2","parts_cd":"20504","buy_qty":"10","buy_unit_price":"3.33","buy_detail_amt":"33.3","buy_detail_tax":"0.4","detail_remarks":"\u5099\u8003"}]','0.41','1.2','1.6','2.01','001','031_purchase_request-detail','192.168.5.206';
2018-02-23 18:26:52 EXEC SPC_031_PURCHASE_REQUEST_DETAIL_INQ1 'KI201802230009';
2018-02-23 18:26:53 EXEC SPC_GET_TAX_RATE '2018/02/23';
2018-02-23 18:26:55 EXEC SPC_031_PURCHASE_REQUEST_DETAIL_ACT1 'I','KI201802230009','10','2018/02/23','ape76','仕入先担当者名','件名','2018/02/23','備考','[{"buy_detail_no":"1","parts_cd":"20502","buy_qty":"10","buy_unit_price":"10","buy_detail_amt":"100","buy_detail_tax":"1.2","detail_remarks":"0"},{"buy_detail_no":"2","parts_cd":"20504","buy_qty":"10","buy_unit_price":"3.33","buy_detail_amt":"33.3","buy_detail_tax":"0.4","detail_remarks":"\u5099\u8003"}]','0.41','1.2','1.6','2.01','001','031_purchase_request-detail','192.168.5.206';
2018-02-23 18:26:56 EXEC SPC_031_PURCHASE_REQUEST_DETAIL_INQ1 'KI201802230010';
2018-02-23 18:26:56 EXEC SPC_GET_TAX_RATE '2018/02/23';
2018-02-23 18:26:58 EXEC SPC_031_PURCHASE_REQUEST_DETAIL_ACT1 'I','KI201802230010','10','2018/02/23','ape76','仕入先担当者名','件名','2018/02/23','備考','[{"buy_detail_no":"1","parts_cd":"20502","buy_qty":"10","buy_unit_price":"10","buy_detail_amt":"100","buy_detail_tax":"1.2","detail_remarks":"0"},{"buy_detail_no":"2","parts_cd":"20504","buy_qty":"10","buy_unit_price":"3.33","buy_detail_amt":"33.3","buy_detail_tax":"0.4","detail_remarks":"\u5099\u8003"}]','0.41','1.2','1.6','2.01','001','031_purchase_request-detail','192.168.5.206';
2018-02-23 18:26:59 EXEC SPC_031_PURCHASE_REQUEST_DETAIL_INQ1 'KI201802230011';
2018-02-23 18:27:00 EXEC SPC_GET_TAX_RATE '2018/02/23';
2018-02-23 18:27:05 EXEC SPC_031_PURCHASE_REQUEST_DETAIL_INQ2 '20501','ape76';
2018-02-23 18:27:34 EXEC SPC_031_PURCHASE_REQUEST_DETAIL_ACT1 'I','KI201802230011','10','2018/02/23','ape76','仕入先担当者名','件名','2018/02/23','備考','[{"buy_detail_no":"1","parts_cd":"20502","buy_qty":"10","buy_unit_price":"10","buy_detail_amt":"100","buy_detail_tax":"1.2","detail_remarks":"0"},{"buy_detail_no":"2","parts_cd":"20504","buy_qty":"10","buy_unit_price":"3.33","buy_detail_amt":"33.3","buy_detail_tax":"0.4","detail_remarks":"\u5099\u8003"},{"buy_detail_no":"3","parts_cd":"20501","buy_qty":"20","buy_unit_price":"2.35","buy_detail_amt":"47","buy_detail_tax":"0.56","detail_remarks":"\u5099\u8003"}]','0.57','1.2','2.16','2.73','001','031_purchase_request-detail','192.168.5.206';
2018-02-23 18:27:35 EXEC SPC_031_PURCHASE_REQUEST_DETAIL_INQ1 'KI201802230012';
2018-02-23 18:27:36 EXEC SPC_GET_TAX_RATE '2018/02/23';
2018-02-23 18:28:58 EXEC SPC_031_PURCHASE_REQUEST_DETAIL_ACT1 'I','KI201802230012','10','2018/02/23','ape76','仕入先担当者名','件名','2018/02/23','備考','[{"buy_detail_no":"1","parts_cd":"20502","buy_qty":"10","buy_unit_price":"10","buy_detail_amt":"100","buy_detail_tax":"1.2","detail_remarks":"0"},{"buy_detail_no":"2","parts_cd":"20504","buy_qty":"10","buy_unit_price":"3.33","buy_detail_amt":"33.3","buy_detail_tax":"0.4","detail_remarks":"\u5099\u8003"},{"buy_detail_no":"3","parts_cd":"20501","buy_qty":"20","buy_unit_price":"2.35","buy_detail_amt":"47","buy_detail_tax":"0.56","detail_remarks":"\u5099\u8003"}]','0.57','1.2','2.16','2.73','001','031_purchase_request-detail','192.168.5.206';
2018-02-23 18:28:59 EXEC SPC_031_PURCHASE_REQUEST_DETAIL_INQ1 'KI201802230013';
2018-02-23 18:28:59 EXEC SPC_GET_TAX_RATE '2018/02/23';
2018-02-23 18:29:01 EXEC SPC_031_PURCHASE_REQUEST_DETAIL_ACT1 'I','KI201802230013','10','2018/02/23','ape76','仕入先担当者名','件名','2018/02/23','備考','[{"buy_detail_no":"1","parts_cd":"20502","buy_qty":"10","buy_unit_price":"10","buy_detail_amt":"100","buy_detail_tax":"1.2","detail_remarks":"0"},{"buy_detail_no":"2","parts_cd":"20504","buy_qty":"10","buy_unit_price":"3.33","buy_detail_amt":"33.3","buy_detail_tax":"0.4","detail_remarks":"\u5099\u8003"},{"buy_detail_no":"3","parts_cd":"20501","buy_qty":"20","buy_unit_price":"2.35","buy_detail_amt":"47","buy_detail_tax":"0.56","detail_remarks":"\u5099\u8003"}]','0.57','1.2','2.16','2.73','001','031_purchase_request-detail','192.168.5.206';
2018-02-23 18:29:02 EXEC SPC_031_PURCHASE_REQUEST_DETAIL_INQ1 'KI201802230014';
2018-02-23 18:29:03 EXEC SPC_GET_TAX_RATE '2018/02/23';
2018-02-23 18:29:05 EXEC SPC_031_PURCHASE_REQUEST_DETAIL_ACT1 'I','KI201802230014','10','2018/02/23','ape76','仕入先担当者名','件名','2018/02/23','備考','[{"buy_detail_no":"1","parts_cd":"20502","buy_qty":"10","buy_unit_price":"10","buy_detail_amt":"100","buy_detail_tax":"1.2","detail_remarks":"0"},{"buy_detail_no":"2","parts_cd":"20504","buy_qty":"10","buy_unit_price":"3.33","buy_detail_amt":"33.3","buy_detail_tax":"0.4","detail_remarks":"\u5099\u8003"},{"buy_detail_no":"3","parts_cd":"20501","buy_qty":"20","buy_unit_price":"2.35","buy_detail_amt":"47","buy_detail_tax":"0.56","detail_remarks":"\u5099\u8003"}]','0.57','1.2','2.16','2.73','001','031_purchase_request-detail','192.168.5.206';
2018-02-23 18:29:06 EXEC SPC_031_PURCHASE_REQUEST_DETAIL_INQ1 'KI201802230015';
2018-02-23 18:29:07 EXEC SPC_GET_TAX_RATE '2018/02/23';
2018-02-23 18:31:15 EXEC SPC_031_PURCHASE_REQUEST_DETAIL_ACT1 'I','KI201802230015','10','2018/02/23','ape76','仕入先担当者名','件名','2018/02/23','備考','[{"buy_detail_no":"1","parts_cd":"20502","buy_qty":"10","buy_unit_price":"10","buy_detail_amt":"100","buy_detail_tax":"1.2","detail_remarks":"0"},{"buy_detail_no":"2","parts_cd":"20504","buy_qty":"10","buy_unit_price":"3.33","buy_detail_amt":"33.3","buy_detail_tax":"0.4","detail_remarks":"\u5099\u8003"},{"buy_detail_no":"3","parts_cd":"20501","buy_qty":"20","buy_unit_price":"2.35","buy_detail_amt":"47","buy_detail_tax":"0.56","detail_remarks":"\u5099\u8003"}]','0.57','1.2','2.16','2.73','001','031_purchase_request-detail','192.168.5.206';
2018-02-23 18:31:16 EXEC SPC_031_PURCHASE_REQUEST_DETAIL_INQ1 'KI201802230016';
2018-02-23 18:31:16 EXEC SPC_GET_TAX_RATE '2018/02/23';
