2018-03-23 10:26:04 EXEC SPC_COM_GET_COMBOBOX 'forwarding_warehouse_div';
2018-03-23 10:26:04 EXEC SPC_COM_GET_COMBOBOX 'forwarding_way_div';
2018-03-23 10:26:04 EXEC SPC_COM_GET_COMBOBOX 'in_out_div';
2018-03-23 10:26:05 EXEC SPC_COM_GET_COMBOBOX 'packing_method_div';
2018-03-23 10:26:05 EXEC SPC_COM_GET_COMBOBOX 'in_out_data_div';
2018-03-23 10:26:07 EXEC SPC_COM_GET_COMBOBOX 'forwarding_div';
2018-03-23 10:26:08 EXEC SPC_COM_GET_COMBOBOX 'forwarder_div';
2018-03-23 10:28:14 EXEC SPC_073_LOGIN_ACT1 '001','123456';
2018-03-23 10:28:14 EXEC SPC_GET_CONSTANT '';
2018-03-23 10:30:38 EXEC SPC_COM_GET_COMBOBOX 'in_out_div';
2018-03-23 10:30:38 EXEC SPC_COM_GET_COMBOBOX 'in_out_data_div';
2018-03-23 10:48:34 EXEC SPC_COM_GET_COMBOBOX 'in_out_div';
2018-03-23 10:48:35 EXEC SPC_COM_GET_COMBOBOX 'in_out_data_div';
2018-03-23 10:48:37 EXEC SPC_049_INPUT_OUTPUT_FND1 '','','','','','','','1','10';
2018-03-23 10:48:39 EXEC SPC_049_INPUT_OUTPUT_FND1 '','','','','','','00','1','10';
2018-03-23 10:48:42 EXEC SPC_COM_GET_COMBOBOX 'in_out_data_div';
2018-03-23 10:48:42 EXEC SPC_COM_GET_COMBOBOX 'in_out_div';
2018-03-23 10:48:43 EXEC SPC_048_INPUT_OUTPUT_DETAIL_INQ1 'NY201803220001';
2018-03-23 10:48:45 EXEC SPC_COM_GET_COMBOBOX 'in_out_data_div';
2018-03-23 10:48:45 EXEC SPC_COM_GET_COMBOBOX 'in_out_div';
2018-03-23 10:48:46 EXEC SPC_049_INPUT_OUTPUT_FND1 '','','','','','','00','1','10';
2018-03-23 10:48:46 EXEC SPC_049_INPUT_OUTPUT_FND1 '','','','','','','00','1','10';
2018-03-23 10:48:48 EXEC SPC_049_INPUT_OUTPUT_FND1 '','','','','','2','00','1','10';
2018-03-23 10:48:51 EXEC SPC_048_INPUT_OUTPUT_DETAIL_INQ1 'NY201803220001';
2018-03-23 10:48:51 EXEC SPC_COM_GET_COMBOBOX 'in_out_div';
2018-03-23 10:48:51 EXEC SPC_COM_GET_COMBOBOX 'in_out_data_div';
2018-03-23 10:48:54 EXEC SPC_COM_GET_COMBOBOX 'in_out_data_div';
2018-03-23 10:48:54 EXEC SPC_COM_GET_COMBOBOX 'in_out_div';
2018-03-23 10:48:54 EXEC SPC_049_INPUT_OUTPUT_FND1 '','','','','','','00','1','10';
2018-03-23 10:48:54 EXEC SPC_049_INPUT_OUTPUT_FND1 '','','','','','2','00','1','10';
2018-03-23 10:48:56 EXEC SPC_049_INPUT_OUTPUT_FND1 '','','','','','5','00','1','10';
2018-03-23 10:49:05 EXEC SPC_COM_GET_COMBOBOX 'in_out_data_div';
2018-03-23 10:49:05 EXEC SPC_COM_GET_COMBOBOX 'in_out_div';
2018-03-23 10:49:05 EXEC SPC_048_INPUT_OUTPUT_DETAIL_INQ1 'SY201803220003';
2018-03-23 10:49:08 EXEC SPC_COM_GET_COMBOBOX 'in_out_div';
2018-03-23 10:49:08 EXEC SPC_COM_GET_COMBOBOX 'in_out_data_div';
2018-03-23 10:49:08 EXEC SPC_049_INPUT_OUTPUT_FND1 '','','','','','5','','1','10';
2018-03-23 10:49:08 EXEC SPC_049_INPUT_OUTPUT_FND1 '','','','','','5','00','1','10';
2018-03-23 11:47:50 EXEC SPC_049_INPUT_OUTPUT_FND1 '','','','','','','00','1','10';
2018-03-23 11:49:39 EXEC SPC_049_INPUT_OUTPUT_FND1 '','','','','','2','00','1','10';
2018-03-23 11:49:44 EXEC SPC_049_INPUT_OUTPUT_FND1 '','','','','','5','00','1','10';
2018-03-23 12:13:41 EXEC SPC_COM_GET_COMBOBOX 'in_out_div';
2018-03-23 12:13:41 EXEC SPC_COM_GET_COMBOBOX 'in_out_data_div';
2018-03-23 12:13:48 EXEC SPC_WAREHOUSE_SEARCH '','','1','10';
2018-03-23 12:13:53 EXEC SPC_COMPONENT_PRODUCT_FND '','','','','1','10';
2018-03-23 12:13:55 EXEC SPC_048_INPUT_OUTPUT_DETAIL_INQ2 '000115';
2018-03-23 12:14:03 EXEC SPC_COMPONENT_PRODUCT_FND '','','','','1','10';
2018-03-23 12:14:06 EXEC SPC_048_INPUT_OUTPUT_DETAIL_INQ2 '000115';
2018-03-23 12:14:46 EXEC SPC_048_INPUT_OUTPUT_DETAIL_ACT1 'I','','2','2018/03/23','00','so0004','備考','[{"in_out_detail_no":"1","item_cd":"000115","serial_no":"10","in_out_qty":"10","remarks":"10"},{"in_out_detail_no":"2","item_cd":"000115","serial_no":"20","in_out_qty":"20","remarks":"20"}]','001','048_input_output_detail','192.168.5.206';
2018-03-23 12:16:39 EXEC SPC_048_INPUT_OUTPUT_DETAIL_ACT1 'I','','2','2018/03/23','00','so0004','備考','[{"in_out_detail_no":"1","item_cd":"000115","serial_no":"10","in_out_qty":"10","remarks":"10"},{"in_out_detail_no":"2","item_cd":"000115","serial_no":"20","in_out_qty":"20","remarks":"20"}]','001','048_input_output_detail','192.168.5.206';
2018-03-23 12:17:22 EXEC SPC_048_INPUT_OUTPUT_DETAIL_ACT1 'I','','2','2018/03/23','00','so0004','備考','[{"in_out_detail_no":"1","item_cd":"000115","serial_no":"10","in_out_qty":"10","remarks":"10"},{"in_out_detail_no":"2","item_cd":"000115","serial_no":"20","in_out_qty":"20","remarks":"20"}]','001','048_input_output_detail','192.168.5.206';
2018-03-23 12:17:30 EXEC SPC_048_INPUT_OUTPUT_DETAIL_ACT1 'I','','2','2018/03/23','00','so0004','備考','[{"in_out_detail_no":"1","item_cd":"000115","serial_no":"10","in_out_qty":"10","remarks":"10"},{"in_out_detail_no":"2","item_cd":"000115","serial_no":"20","in_out_qty":"20","remarks":"20"}]','001','048_input_output_detail','192.168.5.206';
2018-03-23 12:17:31 EXEC SPC_048_INPUT_OUTPUT_DETAIL_INQ1 'NY201803230001';
2018-03-23 12:37:52 EXEC SPC_048_INPUT_OUTPUT_DETAIL_ACT1 'I','NY201803230001','2','2018/03/23','00','so0004','備考','[{"in_out_detail_no":"1","item_cd":"000115","serial_no":"10","in_out_qty":"10","remarks":"10"},{"in_out_detail_no":"2","item_cd":"000115","serial_no":"20","in_out_qty":"20","remarks":"20"}]','001','048_input_output_detail','192.168.5.206';
2018-03-23 12:37:53 EXEC SPC_048_INPUT_OUTPUT_DETAIL_INQ1 'NY201803230002';
2018-03-23 12:39:50 EXEC SPC_COM_GET_COMBOBOX 'in_out_div';
2018-03-23 12:39:51 EXEC SPC_COM_GET_COMBOBOX 'in_out_data_div';
2018-03-23 12:39:53 EXEC SPC_GET_ITEM 'rẻw';
2018-03-23 12:40:05 EXEC SPC_COM_GET_COMBOBOX 'in_out_data_div';
2018-03-23 12:40:05 EXEC SPC_COM_GET_COMBOBOX 'in_out_div';
2018-03-23 12:41:58 EXEC SPC_WAREHOUSE_SEARCH '','','1','10';
2018-03-23 12:42:05 EXEC SPC_COMPONENT_PRODUCT_FND '','','','','1','10';
2018-03-23 12:42:06 EXEC SPC_048_INPUT_OUTPUT_DETAIL_INQ2 '000115';
2018-03-23 12:42:18 EXEC SPC_048_INPUT_OUTPUT_DETAIL_INQ2 '000115';
2018-03-23 12:42:29 EXEC SPC_048_INPUT_OUTPUT_DETAIL_ACT1 'I','','5','','00','so0004','備考','[{"in_out_detail_no":"1","item_cd":"000115","serial_no":"20","in_out_qty":"20","remarks":"20"}]','001','048_input_output_detail','192.168.5.206';
2018-03-23 12:42:30 EXEC SPC_048_INPUT_OUTPUT_DETAIL_INQ1 'SY201803230001';
2018-03-23 12:43:20 EXEC SPC_048_INPUT_OUTPUT_DETAIL_ACT1 'I','SY201803230001','5','2018/03/23','00','so0004','備考','[{"in_out_detail_no":"1","item_cd":"000115","serial_no":"20","in_out_qty":"20","remarks":"20"}]','001','048_input_output_detail','192.168.5.206';
2018-03-23 12:43:21 EXEC SPC_048_INPUT_OUTPUT_DETAIL_INQ1 'SY201803230002';
2018-03-23 12:43:25 EXEC SPC_COM_GET_COMBOBOX 'in_out_div';
2018-03-23 12:43:25 EXEC SPC_COM_GET_COMBOBOX 'in_out_data_div';
2018-03-23 12:43:42 EXEC SPC_WAREHOUSE_SEARCH '','','1','10';
2018-03-23 12:43:47 EXEC SPC_COMPONENT_PRODUCT_FND '','','','','1','10';
2018-03-23 12:43:50 EXEC SPC_048_INPUT_OUTPUT_DETAIL_INQ2 '000115';
2018-03-23 12:43:56 EXEC SPC_048_INPUT_OUTPUT_DETAIL_ACT1 'I','','2','','00','so0004','','[{"in_out_detail_no":"1","item_cd":"000115","serial_no":"10","in_out_qty":"10","remarks":"10"}]','001','048_input_output_detail','192.168.5.206';
2018-03-23 12:43:57 EXEC SPC_048_INPUT_OUTPUT_DETAIL_INQ1 'NY201803230003';
2018-03-23 12:44:21 EXEC SPC_COMPONENT_PRODUCT_FND '','','','','1','10';
2018-03-23 12:44:23 EXEC SPC_048_INPUT_OUTPUT_DETAIL_INQ2 '000115';
2018-03-23 12:44:32 EXEC SPC_048_INPUT_OUTPUT_DETAIL_ACT1 'I','NY201803230003','2','2018/03/23','00','so0004','','[{"in_out_detail_no":"1","item_cd":"000115","serial_no":"10","in_out_qty":"10","remarks":"10"},{"in_out_detail_no":"2","item_cd":"000115","serial_no":"20","in_out_qty":"20","remarks":"20"}]','001','048_input_output_detail','192.168.5.206';
2018-03-23 12:44:33 EXEC SPC_048_INPUT_OUTPUT_DETAIL_INQ1 'NY201803230004';
2018-03-23 15:36:52 EXEC SPC_COM_GET_COMBOBOX 'in_out_div';
2018-03-23 15:36:52 EXEC SPC_COM_GET_COMBOBOX 'in_out_data_div';
2018-03-23 15:37:08 EXEC SPC_COM_GET_COMBOBOX 'in_out_div';
v';
2018-03-23 15:37:11 EXEC SPC_COM_GET_COMBOBOX 'in_out_div';
2018-03-23 15:37:11 EXEC SPC_COM_GET_COMBOBOX 'in_out_data_div';
2018-03-23 15:37:20 EXEC SPC_WAREHOUSE_SEARCH '','','1','10';
2018-03-23 15:37:26 EXEC SPC_COMPONENT_PRODUCT_FND '','','','','1','10';
2018-03-23 15:37:27 EXEC SPC_048_INPUT_OUTPUT_DETAIL_INQ2 '000115';
2018-03-23 15:37:43 EXEC SPC_048_INPUT_OUTPUT_DETAIL_ACT1 'I','','2','2018/03/23','00','so0004','備考','[{"in_out_detail_no":"1","item_cd":"000115","serial_no":"10","in_out_qty":"10","remarks":"10"}]','','048_input_output_detail','';
2018-03-23 15:38:08 EXEC SPC_048_INPUT_OUTPUT_DETAIL_ACT1 'I','','2','2018/03/23','00','so0004','備考','[{"in_out_detail_no":"1","item_cd":"000115","serial_no":"10","in_out_qty":"10","remarks":"10"}]','','048_input_output_detail','';
2018-03-23 15:38:30 EXEC SPC_048_INPUT_OUTPUT_DETAIL_ACT1 'I','','2','2018/03/23','00','so0004','備考','[{"in_out_detail_no":"1","item_cd":"000115","serial_no":"10","in_out_qty":"10","remarks":"10"}]','','048_input_output_detail','';
2018-03-23 15:38:40 EXEC SPC_048_INPUT_OUTPUT_DETAIL_INQ1 'NY201803230005';
2018-03-23 15:38:58 EXEC SPC_048_INPUT_OUTPUT_DETAIL_INQ2 '000115';
2018-03-23 15:39:05 EXEC SPC_048_INPUT_OUTPUT_DETAIL_ACT1 'I','NY201803230005','2','2018/03/23','00','so0004','備考','[{"in_out_detail_no":"1","item_cd":"000115","serial_no":"10","in_out_qty":"10","remarks":"10"},{"in_out_detail_no":"2","item_cd":"000115","serial_no":"20","in_out_qty":"20","remarks":"20"}]','','048_input_output_detail','';
2018-03-23 15:39:06 EXEC SPC_048_INPUT_OUTPUT_DETAIL_INQ1 'NY201803230006';
2018-03-23 16:07:37 EXEC SPC_COM_GET_COMBOBOX 'in_out_data_div';
2018-03-23 16:07:41 EXEC SPC_COM_GET_COMBOBOX 'in_out_data_div';
2018-03-23 16:07:41 EXEC SPC_COM_GET_COMBOBOX 'in_out_div';
2018-03-23 16:08:22 EXEC SPC_COM_GET_COMBOBOX 'in_out_div';
2018-03-23 16:08:22 EXEC SPC_COM_GET_COMBOBOX 'in_out_data_div';
2018-03-23 16:09:12 EXEC SPC_COM_GET_COMBOBOX 'in_out_data_div';
2018-03-23 16:09:12 EXEC SPC_COM_GET_COMBOBOX 'in_out_div';
2018-03-23 16:09:18 EXEC SPC_COM_GET_COMBOBOX 'in_out_data_div';
2018-03-23 16:09:18 EXEC SPC_COM_GET_COMBOBOX 'in_out_div';
2018-03-23 16:10:15 EXEC SPC_COM_GET_COMBOBOX 'in_out_div';
2018-03-23 16:10:15 EXEC SPC_COM_GET_COMBOBOX 'in_out_data_div';
2018-03-23 16:13:05 EXEC SPC_COM_GET_COMBOBOX 'in_out_data_div';
2018-03-23 16:15:25 EXEC SPC_COM_GET_COMBOBOX 'in_out_div';
2018-03-23 16:15:25 EXEC SPC_COM_GET_COMBOBOX 'in_out_data_div';
2018-03-23 16:15:28 EXEC SPC_COM_GET_COMBOBOX 'in_out_div';
2018-03-23 16:15:28 EXEC SPC_COM_GET_COMBOBOX 'in_out_data_div';
2018-03-23 16:16:32 EXEC SPC_COMPONENT_PRODUCT_FND '','','','','1','10';
2018-03-23 16:16:35 EXEC SPC_048_INPUT_OUTPUT_DETAIL_INQ2 '000115';
2018-03-23 16:18:34 EXEC SPC_COM_GET_COMBOBOX 'in_out_div';
2018-03-23 16:18:34 EXEC SPC_COM_GET_COMBOBOX 'in_out_data_div';
2018-03-23 16:18:37 EXEC SPC_COMPONENT_PRODUCT_FND '','','','','1','10';
2018-03-23 16:18:39 EXEC SPC_048_INPUT_OUTPUT_DETAIL_INQ2 '000115';
2018-03-23 16:18:43 EXEC SPC_COMPONENT_PRODUCT_FND '','','','','1','10';
2018-03-23 16:18:44 EXEC SPC_048_INPUT_OUTPUT_DETAIL_INQ2 '000004';
2018-03-23 16:18:54 EXEC SPC_COM_GET_COMBOBOX 'in_out_data_div';
2018-03-23 16:18:54 EXEC SPC_COM_GET_COMBOBOX 'in_out_div';
2018-03-23 16:18:57 EXEC SPC_COMPONENT_PRODUCT_FND '','','','','1','10';
2018-03-23 16:18:59 EXEC SPC_048_INPUT_OUTPUT_DETAIL_INQ2 '000110';
2018-03-23 16:19:02 EXEC SPC_COMPONENT_PRODUCT_FND '','','','','1','10';
2018-03-23 16:19:04 EXEC SPC_048_INPUT_OUTPUT_DETAIL_INQ2 '000115';
2018-03-23 16:19:09 EXEC SPC_COMPONENT_PRODUCT_FND '','','1','','1','10';
2018-03-23 16:19:11 EXEC SPC_048_INPUT_OUTPUT_DETAIL_INQ2 '000110';
2018-03-23 16:21:04 EXEC SPC_COM_GET_COMBOBOX 'in_out_div';
2018-03-23 16:21:04 EXEC SPC_COM_GET_COMBOBOX 'in_out_data_div';
2018-03-23 16:21:06 EXEC SPC_049_INPUT_OUTPUT_FND1 '','','','','','','','1','10';
2018-03-23 16:21:10 EXEC SPC_COM_GET_COMBOBOX 'in_out_div';
2018-03-23 16:21:10 EXEC SPC_COM_GET_COMBOBOX 'in_out_data_div';
2018-03-23 16:21:12 EXEC SPC_048_INPUT_OUTPUT_DETAIL_INQ1 'NY201803220001';
2018-03-23 16:21:39 EXEC SPC_COM_GET_COMBOBOX 'in_out_div';
2018-03-23 16:21:39 EXEC SPC_COM_GET_COMBOBOX 'in_out_data_div';
2018-03-23 16:21:44 EXEC SPC_COM_GET_COMBOBOX 'in_out_data_div';
2018-03-23 16:21:44 EXEC SPC_COM_GET_COMBOBOX 'in_out_div';
2018-03-23 16:22:29 EXEC SPC_COM_GET_COMBOBOX 'in_out_data_div';
2018-03-23 16:22:29 EXEC SPC_COM_GET_COMBOBOX 'in_out_div';
2018-03-23 16:22:33 EXEC SPC_049_INPUT_OUTPUT_FND1 '','','','','','','','1','10';
2018-03-23 16:22:36 EXEC SPC_COM_GET_COMBOBOX 'in_out_data_div';
2018-03-23 16:22:36 EXEC SPC_COM_GET_COMBOBOX 'in_out_div';
2018-03-23 16:22:36 EXEC SPC_048_INPUT_OUTPUT_DETAIL_INQ1 'NY201803220002';
2018-03-23 16:22:37 EXEC SPC_048_INPUT_OUTPUT_DETAIL_INQ1 'NY201803220002';
2018-03-23 16:22:37 EXEC SPC_048_INPUT_OUTPUT_DETAIL_INQ1 'NY201803220002';
2018-03-23 16:22:38 EXEC SPC_048_INPUT_OUTPUT_DETAIL_INQ1 'NY201803220002';
2018-03-23 16:22:38 EXEC SPC_048_INPUT_OUTPUT_DETAIL_INQ1 'NY201803220002';
2018-03-23 16:22:39 EXEC SPC_048_INPUT_OUTPUT_DETAIL_INQ1 'NY201803220002';
2018-03-23 16:22:39 EXEC SPC_048_INPUT_OUTPUT_DETAIL_INQ1 'NY201803220002';
2018-03-23 16:22:39 EXEC SPC_048_INPUT_OUTPUT_DETAIL_INQ1 'NY201803220002';
2018-03-23 16:22:40 EXEC SPC_048_INPUT_OUTPUT_DETAIL_INQ1 'NY201803220002';
2018-03-23 16:22:40 EXEC SPC_048_INPUT_OUTPUT_DETAIL_INQ1 'NY201803220002';
2018-03-23 16:22:40 EXEC SPC_048_INPUT_OUTPUT_DETAIL_INQ1 'NY201803220002';
2018-03-23 16:22:41 EXEC SPC_048_INPUT_OUTPUT_DETAIL_INQ1 'NY201803220002';
2018-03-23 16:22:41 EXEC SPC_048_INPUT_OUTPUT_DETAIL_INQ1 'NY201803220002';
2018-03-23 16:22:41 EXEC SPC_048_INPUT_OUTPUT_DETAIL_INQ1 'NY201803220002';
2018-03-23 16:22:42 EXEC SPC_048_INPUT_OUTPUT_DETAIL_INQ1 'NY201803220002';
2018-03-23 16:22:42 EXEC SPC_048_INPUT_OUTPUT_DETAIL_INQ1 'NY201803220002';
2018-03-23 16:22:42 EXEC SPC_048_INPUT_OUTPUT_DETAIL_INQ1 'NY201803220002';
2018-03-23 16:22:43 EXEC SPC_048_INPUT_OUTPUT_DETAIL_INQ1 'NY201803220002';
2018-03-23 16:22:43 EXEC SPC_048_INPUT_OUTPUT_DETAIL_INQ1 'NY201803220002';
2018-03-23 16:22:43 EXEC SPC_048_INPUT_OUTPUT_DETAIL_INQ1 'NY201803220002';
2018-03-23 16:22:44 EXEC SPC_COM_GET_COMBOBOX 'in_out_data_div';
2018-03-23 16:22:44 EXEC SPC_COM_GET_COMBOBOX 'in_out_div';
2018-03-23 16:22:45 EXEC SPC_049_INPUT_OUTPUT_FND1 '','','','','','','','1','10';
2018-03-23 16:22:45 EXEC SPC_049_INPUT_OUTPUT_FND1 '','','','','','','','1','10';
2018-03-23 16:22:47 EXEC SPC_COM_GET_COMBOBOX 'in_out_div';
2018-03-23 16:22:47 EXEC SPC_COM_GET_COMBOBOX 'in_out_data_div';
2018-03-23 16:22:51 EXEC SPC_COMPONENT_PRODUCT_FND '','','','','1','10';
2018-03-23 16:22:53 EXEC SPC_COMPONENT_PRODUCT_FND '','','1','','1','10';
2018-03-23 16:22:57 EXEC SPC_048_INPUT_OUTPUT_DETAIL_INQ2 '000115';
2018-03-23 16:23:03 EXEC SPC_COMPONENT_PRODUCT_FND '','','','','1','10';
2018-03-23 16:23:06 EXEC SPC_048_INPUT_OUTPUT_DETAIL_INQ2 '000113';
2018-03-23 16:23:12 EXEC SPC_COMPONENT_PRODUCT_FND '','','','','1','10';
2018-03-23 16:23:15 EXEC SPC_048_INPUT_OUTPUT_DETAIL_INQ2 '000115';
2018-03-23 16:23:22 EXEC SPC_COMPONENT_PRODUCT_FND '','','1','','1','10';
2018-03-23 16:23:23 EXEC SPC_048_INPUT_OUTPUT_DETAIL_INQ2 '000004';
2018-03-23 16:23:59 EXEC SPC_COM_GET_COMBOBOX 'in_out_data_div';
2018-03-23 16:23:59 EXEC SPC_COM_GET_COMBOBOX 'in_out_div';
2018-03-23 16:24:00 EXEC SPC_049_INPUT_OUTPUT_FND1 '','','','','','','','1','10';
2018-03-23 16:24:00 EXEC SPC_049_INPUT_OUTPUT_FND1 '','','','','','','','1','10';
2018-03-23 16:24:06 EXEC SPC_COM_GET_COMBOBOX 'in_out_div';
2018-03-23 16:24:06 EXEC SPC_COM_GET_COMBOBOX 'in_out_data_div';
2018-03-23 16:24:06 EXEC SPC_048_INPUT_OUTPUT_DETAIL_INQ1 'NY201803220002';
2018-03-23 16:24:06 EXEC SPC_048_INPUT_OUTPUT_DETAIL_INQ1 'NY201803220002';
2018-03-23 16:24:07 EXEC SPC_048_INPUT_OUTPUT_DETAIL_INQ1 'NY201803220002';
2018-03-23 16:24:07 EXEC SPC_048_INPUT_OUTPUT_DETAIL_INQ1 'NY201803220002';
2018-03-23 16:24:08 EXEC SPC_048_INPUT_OUTPUT_DETAIL_INQ1 'NY201803220002';
2018-03-23 16:24:08 EXEC SPC_048_INPUT_OUTPUT_DETAIL_INQ1 'NY201803220002';
2018-03-23 16:24:08 EXEC SPC_048_INPUT_OUTPUT_DETAIL_INQ1 'NY201803220002';
2018-03-23 16:24:09 EXEC SPC_048_INPUT_OUTPUT_DETAIL_INQ1 'NY201803220002';
2018-03-23 16:24:09 EXEC SPC_048_INPUT_OUTPUT_DETAIL_INQ1 'NY201803220002';
2018-03-23 16:24:09 EXEC SPC_048_INPUT_OUTPUT_DETAIL_INQ1 'NY201803220002';
2018-03-23 16:24:09 EXEC SPC_048_INPUT_OUTPUT_DETAIL_INQ1 'NY201803220002';
2018-03-23 16:24:10 EXEC SPC_048_INPUT_OUTPUT_DETAIL_INQ1 'NY201803220002';
2018-03-23 16:24:10 EXEC SPC_048_INPUT_OUTPUT_DETAIL_INQ1 'NY201803220002';
2018-03-23 16:24:10 EXEC SPC_048_INPUT_OUTPUT_DETAIL_INQ1 'NY201803220002';
2018-03-23 16:24:11 EXEC SPC_048_INPUT_OUTPUT_DETAIL_INQ1 'NY201803220002';
2018-03-23 16:24:11 EXEC SPC_048_INPUT_OUTPUT_DETAIL_INQ1 'NY201803220002';
2018-03-23 16:24:11 EXEC SPC_048_INPUT_OUTPUT_DETAIL_INQ1 'NY201803220002';
2018-03-23 16:24:12 EXEC SPC_048_INPUT_OUTPUT_DETAIL_INQ1 'NY201803220002';
2018-03-23 16:24:12 EXEC SPC_048_INPUT_OUTPUT_DETAIL_INQ1 'NY201803220002';
2018-03-23 16:24:12 EXEC SPC_048_INPUT_OUTPUT_DETAIL_INQ1 'NY201803220002';
2018-03-23 16:24:12 EXEC SPC_048_INPUT_OUTPUT_DETAIL_INQ1 'NY201803220002';
2018-03-23 16:24:13 EXEC SPC_048_INPUT_OUTPUT_DETAIL_INQ1 'NY201803220002';
2018-03-23 16:24:13 EXEC SPC_048_INPUT_OUTPUT_DETAIL_INQ1 'NY201803220002';
2018-03-23 16:24:13 EXEC SPC_048_INPUT_OUTPUT_DETAIL_INQ1 'NY201803220002';
2018-03-23 16:24:14 EXEC SPC_048_INPUT_OUTPUT_DETAIL_INQ1 'NY201803220002';
2018-03-23 16:24:14 EXEC SPC_048_INPUT_OUTPUT_DETAIL_INQ1 'NY201803220002';
2018-03-23 16:24:14 EXEC SPC_048_INPUT_OUTPUT_DETAIL_INQ1 'NY201803220002';
2018-03-23 16:24:15 EXEC SPC_048_INPUT_OUTPUT_DETAIL_INQ1 'NY201803220002';
2018-03-23 16:24:15 EXEC SPC_048_INPUT_OUTPUT_DETAIL_INQ1 'NY201803220002';
2018-03-23 16:24:15 EXEC SPC_048_INPUT_OUTPUT_DETAIL_INQ1 'NY201803220002';
2018-03-23 16:24:16 EXEC SPC_048_INPUT_OUTPUT_DETAIL_INQ1 'NY201803220002';
2018-03-23 16:24:16 EXEC SPC_048_INPUT_OUTPUT_DETAIL_INQ1 'NY201803220002';
2018-03-23 16:24:16 EXEC SPC_048_INPUT_OUTPUT_DETAIL_INQ1 'NY201803220002';
2018-03-23 16:24:17 EXEC SPC_048_INPUT_OUTPUT_DETAIL_INQ1 'NY201803220002';
2018-03-23 16:24:17 EXEC SPC_048_INPUT_OUTPUT_DETAIL_INQ1 'NY201803220002';
2018-03-23 16:24:17 EXEC SPC_048_INPUT_OUTPUT_DETAIL_INQ1 'NY201803220002';
2018-03-23 16:24:17 EXEC SPC_048_INPUT_OUTPUT_DETAIL_INQ1 'NY201803220002';
2018-03-23 16:24:18 EXEC SPC_048_INPUT_OUTPUT_DETAIL_INQ1 'NY201803220002';
2018-03-23 16:24:18 EXEC SPC_048_INPUT_OUTPUT_DETAIL_INQ1 'NY201803220002';
2018-03-23 16:24:18 EXEC SPC_048_INPUT_OUTPUT_DETAIL_INQ1 'NY201803220002';
2018-03-23 16:24:19 EXEC SPC_048_INPUT_OUTPUT_DETAIL_INQ1 'NY201803220002';
2018-03-23 16:24:19 EXEC SPC_048_INPUT_OUTPUT_DETAIL_INQ1 'NY201803220002';
2018-03-23 16:24:19 EXEC SPC_048_INPUT_OUTPUT_DETAIL_INQ1 'NY201803220002';
2018-03-23 16:24:20 EXEC SPC_048_INPUT_OUTPUT_DETAIL_INQ1 'NY201803220002';
2018-03-23 16:24:20 EXEC SPC_048_INPUT_OUTPUT_DETAIL_INQ1 'NY201803220002';
2018-03-23 16:24:20 EXEC SPC_048_INPUT_OUTPUT_DETAIL_INQ1 'NY201803220002';
2018-03-23 16:24:20 EXEC SPC_048_INPUT_OUTPUT_DETAIL_INQ1 'NY201803220002';
2018-03-23 16:24:21 EXEC SPC_048_INPUT_OUTPUT_DETAIL_INQ1 'NY201803220002';
2018-03-23 16:24:21 EXEC SPC_048_INPUT_OUTPUT_DETAIL_INQ1 'NY201803220002';
2018-03-23 16:24:21 EXEC SPC_048_INPUT_OUTPUT_DETAIL_INQ1 'NY201803220002';
2018-03-23 16:24:22 EXEC SPC_048_INPUT_OUTPUT_DETAIL_INQ1 'NY201803220002';
2018-03-23 16:24:22 EXEC SPC_048_INPUT_OUTPUT_DETAIL_INQ1 'NY201803220002';
2018-03-23 16:24:22 EXEC SPC_048_INPUT_OUTPUT_DETAIL_INQ1 'NY201803220002';
2018-03-23 16:24:23 EXEC SPC_048_INPUT_OUTPUT_DETAIL_INQ1 'NY201803220002';
2018-03-23 16:24:23 EXEC SPC_048_INPUT_OUTPUT_DETAIL_INQ1 'NY201803220002';
2018-03-23 16:24:23 EXEC SPC_048_INPUT_OUTPUT_DETAIL_INQ1 'NY201803220002';
2018-03-23 16:24:24 EXEC SPC_048_INPUT_OUTPUT_DETAIL_INQ1 'NY201803220002';
2018-03-23 16:24:24 EXEC SPC_048_INPUT_OUTPUT_DETAIL_INQ1 'NY201803220002';
2018-03-23 16:24:24 EXEC SPC_048_INPUT_OUTPUT_DETAIL_INQ1 'NY201803220002';
2018-03-23 16:24:24 EXEC SPC_048_INPUT_OUTPUT_DETAIL_INQ1 'NY201803220002';
2018-03-23 16:24:25 EXEC SPC_048_INPUT_OUTPUT_DETAIL_INQ1 'NY201803220002';
2018-03-23 16:24:25 EXEC SPC_048_INPUT_OUTPUT_DETAIL_INQ1 'NY201803220002';
2018-03-23 16:24:25 EXEC SPC_048_INPUT_OUTPUT_DETAIL_INQ1 'NY201803220002';
2018-03-23 16:24:26 EXEC SPC_048_INPUT_OUTPUT_DETAIL_INQ1 'NY201803220002';
2018-03-23 16:24:26 EXEC SPC_048_INPUT_OUTPUT_DETAIL_INQ1 'NY201803220002';
2018-03-23 16:24:26 EXEC SPC_048_INPUT_OUTPUT_DETAIL_INQ1 'NY201803220002';
2018-03-23 16:24:27 EXEC SPC_048_INPUT_OUTPUT_DETAIL_INQ1 'NY201803220002';
2018-03-23 16:24:27 EXEC SPC_048_INPUT_OUTPUT_DETAIL_INQ1 'NY201803220002';
2018-03-23 16:24:27 EXEC SPC_048_INPUT_OUTPUT_DETAIL_INQ1 'NY201803220002';
2018-03-23 16:24:28 EXEC SPC_048_INPUT_OUTPUT_DETAIL_INQ1 'NY201803220002';
2018-03-23 16:24:28 EXEC SPC_048_INPUT_OUTPUT_DETAIL_INQ1 'NY201803220002';
2018-03-23 16:24:28 EXEC SPC_048_INPUT_OUTPUT_DETAIL_INQ1 'NY201803220002';
2018-03-23 16:24:28 EXEC SPC_048_INPUT_OUTPUT_DETAIL_INQ1 'NY201803220002';
2018-03-23 16:24:29 EXEC SPC_048_INPUT_OUTPUT_DETAIL_INQ1 'NY201803220002';
2018-03-23 16:24:29 EXEC SPC_048_INPUT_OUTPUT_DETAIL_INQ1 'NY201803220002';
2018-03-23 16:24:29 EXEC SPC_048_INPUT_OUTPUT_DETAIL_INQ1 'NY201803220002';
2018-03-23 16:24:30 EXEC SPC_048_INPUT_OUTPUT_DETAIL_INQ1 'NY201803220002';
2018-03-23 16:24:30 EXEC SPC_048_INPUT_OUTPUT_DETAIL_INQ1 'NY201803220002';
2018-03-23 16:24:30 EXEC SPC_048_INPUT_OUTPUT_DETAIL_INQ1 'NY201803220002';
2018-03-23 16:24:31 EXEC SPC_048_INPUT_OUTPUT_DETAIL_INQ1 'NY201803220002';
2018-03-23 16:24:31 EXEC SPC_048_INPUT_OUTPUT_DETAIL_INQ1 'NY201803220002';
2018-03-23 16:24:31 EXEC SPC_048_INPUT_OUTPUT_DETAIL_INQ1 'NY201803220002';
2018-03-23 16:24:31 EXEC SPC_048_INPUT_OUTPUT_DETAIL_INQ1 'NY201803220002';
2018-03-23 16:24:32 EXEC SPC_048_INPUT_OUTPUT_DETAIL_INQ1 'NY201803220002';
2018-03-23 16:24:32 EXEC SPC_048_INPUT_OUTPUT_DETAIL_INQ1 'NY201803220002';
2018-03-23 16:24:32 EXEC SPC_048_INPUT_OUTPUT_DETAIL_INQ1 'NY201803220002';
2018-03-23 16:24:33 EXEC SPC_048_INPUT_OUTPUT_DETAIL_INQ1 'NY201803220002';
2018-03-23 16:24:33 EXEC SPC_048_INPUT_OUTPUT_DETAIL_INQ1 'NY201803220002';
2018-03-23 16:24:33 EXEC SPC_048_INPUT_OUTPUT_DETAIL_INQ1 'NY201803220002';
2018-03-23 16:24:34 EXEC SPC_048_INPUT_OUTPUT_DETAIL_INQ1 'NY201803220002';
2018-03-23 16:24:34 EXEC SPC_048_INPUT_OUTPUT_DETAIL_INQ1 'NY201803220002';
2018-03-23 16:24:34 EXEC SPC_048_INPUT_OUTPUT_DETAIL_INQ1 'NY201803220002';
2018-03-23 16:24:34 EXEC SPC_048_INPUT_OUTPUT_DETAIL_INQ1 'NY201803220002';
2018-03-23 16:24:35 EXEC SPC_048_INPUT_OUTPUT_DETAIL_INQ1 'NY201803220002';
2018-03-23 16:24:35 EXEC SPC_048_INPUT_OUTPUT_DETAIL_INQ1 'NY201803220002';
2018-03-23 16:24:35 EXEC SPC_048_INPUT_OUTPUT_DETAIL_INQ1 'NY201803220002';
2018-03-23 16:24:36 EXEC SPC_048_INPUT_OUTPUT_DETAIL_INQ1 'NY201803220002';
2018-03-23 16:24:36 EXEC SPC_048_INPUT_OUTPUT_DETAIL_INQ1 'NY201803220002';
2018-03-23 16:24:36 EXEC SPC_048_INPUT_OUTPUT_DETAIL_INQ1 'NY201803220002';
2018-03-23 16:24:37 EXEC SPC_048_INPUT_OUTPUT_DETAIL_INQ1 'NY201803220002';
2018-03-23 16:24:37 EXEC SPC_048_INPUT_OUTPUT_DETAIL_INQ1 'NY201803220002';
2018-03-23 16:24:37 EXEC SPC_048_INPUT_OUTPUT_DETAIL_INQ1 'NY201803220002';
2018-03-23 16:24:38 EXEC SPC_048_INPUT_OUTPUT_DETAIL_INQ1 'NY201803220002';
2018-03-23 16:24:38 EXEC SPC_048_INPUT_OUTPUT_DETAIL_INQ1 'NY201803220002';
2018-03-23 16:24:38 EXEC SPC_048_INPUT_OUTPUT_DETAIL_INQ1 'NY201803220002';
2018-03-23 16:24:38 EXEC SPC_048_INPUT_OUTPUT_DETAIL_INQ1 'NY201803220002';
2018-03-23 16:24:39 EXEC SPC_048_INPUT_OUTPUT_DETAIL_INQ1 'NY201803220002';
2018-03-23 16:24:39 EXEC SPC_048_INPUT_OUTPUT_DETAIL_INQ1 'NY201803220002';
2018-03-23 16:24:39 EXEC SPC_048_INPUT_OUTPUT_DETAIL_INQ1 'NY201803220002';
2018-03-23 16:24:40 EXEC SPC_048_INPUT_OUTPUT_DETAIL_INQ1 'NY201803220002';
2018-03-23 16:24:40 EXEC SPC_048_INPUT_OUTPUT_DETAIL_INQ1 'NY201803220002';
2018-03-23 16:24:40 EXEC SPC_048_INPUT_OUTPUT_DETAIL_INQ1 'NY201803220002';
2018-03-23 16:24:41 EXEC SPC_048_INPUT_OUTPUT_DETAIL_INQ1 'NY201803220002';
2018-03-23 16:24:41 EXEC SPC_048_INPUT_OUTPUT_DETAIL_INQ1 'NY201803220002';
2018-03-23 16:24:41 EXEC SPC_048_INPUT_OUTPUT_DETAIL_INQ1 'NY201803220002';
2018-03-23 16:24:41 EXEC SPC_048_INPUT_OUTPUT_DETAIL_INQ1 'NY201803220002';
2018-03-23 16:24:42 EXEC SPC_048_INPUT_OUTPUT_DETAIL_INQ1 'NY201803220002';
2018-03-23 16:24:42 EXEC SPC_048_INPUT_OUTPUT_DETAIL_INQ1 'NY201803220002';
2018-03-23 16:24:42 EXEC SPC_048_INPUT_OUTPUT_DETAIL_INQ1 'NY201803220002';
2018-03-23 16:24:43 EXEC SPC_048_INPUT_OUTPUT_DETAIL_INQ1 'NY201803220002';
2018-03-23 16:24:43 EXEC SPC_048_INPUT_OUTPUT_DETAIL_INQ1 'NY201803220002';
2018-03-23 16:24:43 EXEC SPC_048_INPUT_OUTPUT_DETAIL_INQ1 'NY201803220002';
2018-03-23 16:24:44 EXEC SPC_048_INPUT_OUTPUT_DETAIL_INQ1 'NY201803220002';
2018-03-23 16:24:44 EXEC SPC_048_INPUT_OUTPUT_DETAIL_INQ1 'NY201803220002';
2018-03-23 16:24:44 EXEC SPC_048_INPUT_OUTPUT_DETAIL_INQ1 'NY201803220002';
2018-03-23 16:24:45 EXEC SPC_048_INPUT_OUTPUT_DETAIL_INQ1 'NY201803220002';
2018-03-23 16:24:45 EXEC SPC_048_INPUT_OUTPUT_DETAIL_INQ1 'NY201803220002';
2018-03-23 16:24:45 EXEC SPC_048_INPUT_OUTPUT_DETAIL_INQ1 'NY201803220002';
2018-03-23 16:24:45 EXEC SPC_048_INPUT_OUTPUT_DETAIL_INQ1 'NY201803220002';
2018-03-23 16:24:46 EXEC SPC_048_INPUT_OUTPUT_DETAIL_INQ1 'NY201803220002';
2018-03-23 16:24:46 EXEC SPC_048_INPUT_OUTPUT_DETAIL_INQ1 'NY201803220002';
2018-03-23 16:24:46 EXEC SPC_048_INPUT_OUTPUT_DETAIL_INQ1 'NY201803220002';
2018-03-23 16:24:47 EXEC SPC_048_INPUT_OUTPUT_DETAIL_INQ1 'NY201803220002';
2018-03-23 16:24:47 EXEC SPC_048_INPUT_OUTPUT_DETAIL_INQ1 'NY201803220002';
2018-03-23 16:24:47 EXEC SPC_048_INPUT_OUTPUT_DETAIL_INQ1 'NY201803220002';
2018-03-23 16:24:48 EXEC SPC_048_INPUT_OUTPUT_DETAIL_INQ1 'NY201803220002';
2018-03-23 16:24:48 EXEC SPC_048_INPUT_OUTPUT_DETAIL_INQ1 'NY201803220002';
2018-03-23 16:24:48 EXEC SPC_048_INPUT_OUTPUT_DETAIL_INQ1 'NY201803220002';
2018-03-23 16:24:49 EXEC SPC_048_INPUT_OUTPUT_DETAIL_INQ1 'NY201803220002';
2018-03-23 16:24:49 EXEC SPC_048_INPUT_OUTPUT_DETAIL_INQ1 'NY201803220002';
2018-03-23 16:24:49 EXEC SPC_048_INPUT_OUTPUT_DETAIL_INQ1 'NY201803220002';
2018-03-23 16:24:49 EXEC SPC_048_INPUT_OUTPUT_DETAIL_INQ1 'NY201803220002';
2018-03-23 16:24:50 EXEC SPC_048_INPUT_OUTPUT_DETAIL_INQ1 'NY201803220002';
2018-03-23 16:24:50 EXEC SPC_048_INPUT_OUTPUT_DETAIL_INQ1 'NY201803220002';
2018-03-23 16:24:50 EXEC SPC_048_INPUT_OUTPUT_DETAIL_INQ1 'NY201803220002';
2018-03-23 16:24:51 EXEC SPC_048_INPUT_OUTPUT_DETAIL_INQ1 'NY201803220002';
2018-03-23 16:24:51 EXEC SPC_048_INPUT_OUTPUT_DETAIL_INQ1 'NY201803220002';
2018-03-23 16:24:52 EXEC SPC_048_INPUT_OUTPUT_DETAIL_INQ1 'NY201803220002';
2018-03-23 16:24:52 EXEC SPC_048_INPUT_OUTPUT_DETAIL_INQ1 'NY201803220002';
2018-03-23 16:24:52 EXEC SPC_048_INPUT_OUTPUT_DETAIL_INQ1 'NY201803220002';
2018-03-23 16:24:53 EXEC SPC_048_INPUT_OUTPUT_DETAIL_INQ1 'NY201803220002';
2018-03-23 16:24:53 EXEC SPC_048_INPUT_OUTPUT_DETAIL_INQ1 'NY201803220002';
2018-03-23 16:24:53 EXEC SPC_048_INPUT_OUTPUT_DETAIL_INQ1 'NY201803220002';
2018-03-23 16:24:53 EXEC SPC_048_INPUT_OUTPUT_DETAIL_INQ1 'NY201803220002';
2018-03-23 16:24:54 EXEC SPC_048_INPUT_OUTPUT_DETAIL_INQ1 'NY201803220002';
2018-03-23 16:24:54 EXEC SPC_048_INPUT_OUTPUT_DETAIL_INQ1 'NY201803220002';
2018-03-23 16:24:54 EXEC SPC_048_INPUT_OUTPUT_DETAIL_INQ1 'NY201803220002';
2018-03-23 16:24:55 EXEC SPC_048_INPUT_OUTPUT_DETAIL_INQ1 'NY201803220002';
2018-03-23 16:24:55 EXEC SPC_048_INPUT_OUTPUT_DETAIL_INQ1 'NY201803220002';
2018-03-23 16:24:55 EXEC SPC_048_INPUT_OUTPUT_DETAIL_INQ1 'NY201803220002';
2018-03-23 16:24:56 EXEC SPC_048_INPUT_OUTPUT_DETAIL_INQ1 'NY201803220002';
2018-03-23 16:24:56 EXEC SPC_048_INPUT_OUTPUT_DETAIL_INQ1 'NY201803220002';
2018-03-23 16:24:56 EXEC SPC_048_INPUT_OUTPUT_DETAIL_INQ1 'NY201803220002';
2018-03-23 16:24:56 EXEC SPC_048_INPUT_OUTPUT_DETAIL_INQ1 'NY201803220002';
2018-03-23 16:24:57 EXEC SPC_048_INPUT_OUTPUT_DETAIL_INQ1 'NY201803220002';
2018-03-23 16:24:57 EXEC SPC_048_INPUT_OUTPUT_DETAIL_INQ1 'NY201803220002';
2018-03-23 16:24:57 EXEC SPC_048_INPUT_OUTPUT_DETAIL_INQ1 'NY201803220002';
2018-03-23 16:24:58 EXEC SPC_048_INPUT_OUTPUT_DETAIL_INQ1 'NY201803220002';
2018-03-23 16:24:58 EXEC SPC_048_INPUT_OUTPUT_DETAIL_INQ1 'NY201803220002';
2018-03-23 16:24:58 EXEC SPC_048_INPUT_OUTPUT_DETAIL_INQ1 'NY201803220002';
2018-03-23 16:24:59 EXEC SPC_048_INPUT_OUTPUT_DETAIL_INQ1 'NY201803220002';
2018-03-23 16:24:59 EXEC SPC_048_INPUT_OUTPUT_DETAIL_INQ1 'NY201803220002';
2018-03-23 16:24:59 EXEC SPC_048_INPUT_OUTPUT_DETAIL_INQ1 'NY201803220002';
2018-03-23 16:24:59 EXEC SPC_048_INPUT_OUTPUT_DETAIL_INQ1 'NY201803220002';
2018-03-23 16:25:00 EXEC SPC_048_INPUT_OUTPUT_DETAIL_INQ1 'NY201803220002';
2018-03-23 16:25:00 EXEC SPC_048_INPUT_OUTPUT_DETAIL_INQ1 'NY201803220002';
2018-03-23 16:25:00 EXEC SPC_048_INPUT_OUTPUT_DETAIL_INQ1 'NY201803220002';
2018-03-23 16:25:01 EXEC SPC_048_INPUT_OUTPUT_DETAIL_INQ1 'NY201803220002';
2018-03-23 16:25:01 EXEC SPC_048_INPUT_OUTPUT_DETAIL_INQ1 'NY201803220002';
2018-03-23 16:25:01 EXEC SPC_048_INPUT_OUTPUT_DETAIL_INQ1 'NY201803220002';
2018-03-23 16:25:02 EXEC SPC_048_INPUT_OUTPUT_DETAIL_INQ1 'NY201803220002';
2018-03-23 16:25:02 EXEC SPC_048_INPUT_OUTPUT_DETAIL_INQ1 'NY201803220002';
2018-03-23 16:25:02 EXEC SPC_048_INPUT_OUTPUT_DETAIL_INQ1 'NY201803220002';
2018-03-23 16:25:03 EXEC SPC_048_INPUT_OUTPUT_DETAIL_INQ1 'NY201803220002';
2018-03-23 16:25:03 EXEC SPC_048_INPUT_OUTPUT_DETAIL_INQ1 'NY201803220002';
2018-03-23 16:25:03 EXEC SPC_048_INPUT_OUTPUT_DETAIL_INQ1 'NY201803220002';
2018-03-23 16:25:04 EXEC SPC_048_INPUT_OUTPUT_DETAIL_INQ1 'NY201803220002';
2018-03-23 16:25:04 EXEC SPC_048_INPUT_OUTPUT_DETAIL_INQ1 'NY201803220002';
2018-03-23 16:25:05 EXEC SPC_048_INPUT_OUTPUT_DETAIL_INQ1 'NY201803220002';
2018-03-23 16:25:05 EXEC SPC_048_INPUT_OUTPUT_DETAIL_INQ1 'NY201803220002';
2018-03-23 16:25:05 EXEC SPC_048_INPUT_OUTPUT_DETAIL_INQ1 'NY201803220002';
2018-03-23 16:25:06 EXEC SPC_048_INPUT_OUTPUT_DETAIL_INQ1 'NY201803220002';
2018-03-23 16:25:06 EXEC SPC_048_INPUT_OUTPUT_DETAIL_INQ1 'NY201803220002';
2018-03-23 16:25:06 EXEC SPC_048_INPUT_OUTPUT_DETAIL_INQ1 'NY201803220002';
2018-03-23 16:25:07 EXEC SPC_048_INPUT_OUTPUT_DETAIL_INQ1 'NY201803220002';
2018-03-23 16:25:07 EXEC SPC_048_INPUT_OUTPUT_DETAIL_INQ1 'NY201803220002';
2018-03-23 16:25:07 EXEC SPC_048_INPUT_OUTPUT_DETAIL_INQ1 'NY201803220002';
2018-03-23 16:25:08 EXEC SPC_048_INPUT_OUTPUT_DETAIL_INQ1 'NY201803220002';
2018-03-23 16:25:08 EXEC SPC_048_INPUT_OUTPUT_DETAIL_INQ1 'NY201803220002';
2018-03-23 16:25:09 EXEC SPC_048_INPUT_OUTPUT_DETAIL_INQ1 'NY201803220002';
2018-03-23 16:25:09 EXEC SPC_048_INPUT_OUTPUT_DETAIL_INQ1 'NY201803220002';
2018-03-23 16:25:10 EXEC SPC_048_INPUT_OUTPUT_DETAIL_INQ1 'NY201803220002';
2018-03-23 16:25:10 EXEC SPC_048_INPUT_OUTPUT_DETAIL_INQ1 'NY201803220002';
2018-03-23 16:25:11 EXEC SPC_048_INPUT_OUTPUT_DETAIL_INQ1 'NY201803220002';
2018-03-23 16:25:11 EXEC SPC_048_INPUT_OUTPUT_DETAIL_INQ1 'NY201803220002';
2018-03-23 16:25:11 EXEC SPC_048_INPUT_OUTPUT_DETAIL_INQ1 'NY201803220002';
2018-03-23 16:25:12 EXEC SPC_048_INPUT_OUTPUT_DETAIL_INQ1 'NY201803220002';
2018-03-23 16:25:12 EXEC SPC_048_INPUT_OUTPUT_DETAIL_INQ1 'NY201803220002';
2018-03-23 16:25:13 EXEC SPC_048_INPUT_OUTPUT_DETAIL_INQ1 'NY201803220002';
2018-03-23 16:25:13 EXEC SPC_048_INPUT_OUTPUT_DETAIL_INQ1 'NY201803220002';
2018-03-23 16:25:14 EXEC SPC_048_INPUT_OUTPUT_DETAIL_INQ1 'NY201803220002';
2018-03-23 16:25:14 EXEC SPC_048_INPUT_OUTPUT_DETAIL_INQ1 'NY201803220002';
2018-03-23 16:25:15 EXEC SPC_048_INPUT_OUTPUT_DETAIL_INQ1 'NY201803220002';
2018-03-23 16:25:15 EXEC SPC_048_INPUT_OUTPUT_DETAIL_INQ1 'NY201803220002';
2018-03-23 16:25:16 EXEC SPC_048_INPUT_OUTPUT_DETAIL_INQ1 'NY201803220002';
2018-03-23 16:25:17 EXEC SPC_048_INPUT_OUTPUT_DETAIL_INQ1 'NY201803220002';
2018-03-23 16:25:17 EXEC SPC_048_INPUT_OUTPUT_DETAIL_INQ1 'NY201803220002';
2018-03-23 16:25:17 EXEC SPC_048_INPUT_OUTPUT_DETAIL_INQ1 'NY201803220002';
2018-03-23 16:25:18 EXEC SPC_048_INPUT_OUTPUT_DETAIL_INQ1 'NY201803220002';
2018-03-23 16:25:18 EXEC SPC_048_INPUT_OUTPUT_DETAIL_INQ1 'NY201803220002';
2018-03-23 16:25:19 EXEC SPC_048_INPUT_OUTPUT_DETAIL_INQ1 'NY201803220002';
2018-03-23 16:25:19 EXEC SPC_048_INPUT_OUTPUT_DETAIL_INQ1 'NY201803220002';
2018-03-23 16:25:20 EXEC SPC_048_INPUT_OUTPUT_DETAIL_INQ1 'NY201803220002';
2018-03-23 16:25:20 EXEC SPC_048_INPUT_OUTPUT_DETAIL_INQ1 'NY201803220002';
2018-03-23 16:25:21 EXEC SPC_048_INPUT_OUTPUT_DETAIL_INQ1 'NY201803220002';
2018-03-23 16:25:21 EXEC SPC_048_INPUT_OUTPUT_DETAIL_INQ1 'NY201803220002';
2018-03-23 16:25:22 EXEC SPC_048_INPUT_OUTPUT_DETAIL_INQ1 'NY201803220002';
2018-03-23 16:25:22 EXEC SPC_048_INPUT_OUTPUT_DETAIL_INQ1 'NY201803220002';
2018-03-23 16:25:23 EXEC SPC_048_INPUT_OUTPUT_DETAIL_INQ1 'NY201803220002';
2018-03-23 16:25:23 EXEC SPC_048_INPUT_OUTPUT_DETAIL_INQ1 'NY201803220002';
2018-03-23 16:25:24 EXEC SPC_048_INPUT_OUTPUT_DETAIL_INQ1 'NY201803220002';
2018-03-23 16:25:24 EXEC SPC_048_INPUT_OUTPUT_DETAIL_INQ1 'NY201803220002';
2018-03-23 16:25:25 EXEC SPC_048_INPUT_OUTPUT_DETAIL_INQ1 'NY201803220002';
2018-03-23 16:25:25 EXEC SPC_048_INPUT_OUTPUT_DETAIL_INQ1 'NY201803220002';
2018-03-23 16:25:25 EXEC SPC_048_INPUT_OUTPUT_DETAIL_INQ1 'NY201803220002';
2018-03-23 16:25:26 EXEC SPC_048_INPUT_OUTPUT_DETAIL_INQ1 'NY201803220002';
2018-03-23 16:25:26 EXEC SPC_048_INPUT_OUTPUT_DETAIL_INQ1 'NY201803220002';
2018-03-23 16:25:27 EXEC SPC_048_INPUT_OUTPUT_DETAIL_INQ1 'NY201803220002';
2018-03-23 16:25:27 EXEC SPC_048_INPUT_OUTPUT_DETAIL_INQ1 'NY201803220002';
2018-03-23 16:25:28 EXEC SPC_048_INPUT_OUTPUT_DETAIL_INQ1 'NY201803220002';
2018-03-23 16:25:28 EXEC SPC_048_INPUT_OUTPUT_DETAIL_INQ1 'NY201803220002';
2018-03-23 16:25:29 EXEC SPC_048_INPUT_OUTPUT_DETAIL_INQ1 'NY201803220002';
2018-03-23 16:25:29 EXEC SPC_048_INPUT_OUTPUT_DETAIL_INQ1 'NY201803220002';
2018-03-23 16:25:30 EXEC SPC_048_INPUT_OUTPUT_DETAIL_INQ1 'NY201803220002';
2018-03-23 16:25:30 EXEC SPC_048_INPUT_OUTPUT_DETAIL_INQ1 'NY201803220002';
2018-03-23 16:25:30 EXEC SPC_048_INPUT_OUTPUT_DETAIL_INQ1 'NY201803220002';
2018-03-23 16:25:31 EXEC SPC_048_INPUT_OUTPUT_DETAIL_INQ1 'NY201803220002';
2018-03-23 16:25:31 EXEC SPC_048_INPUT_OUTPUT_DETAIL_INQ1 'NY201803220002';
2018-03-23 16:25:32 EXEC SPC_048_INPUT_OUTPUT_DETAIL_INQ1 'NY201803220002';
2018-03-23 16:25:33 EXEC SPC_048_INPUT_OUTPUT_DETAIL_INQ1 'NY201803220002';
2018-03-23 16:25:33 EXEC SPC_048_INPUT_OUTPUT_DETAIL_INQ1 'NY201803220002';
2018-03-23 16:25:34 EXEC SPC_048_INPUT_OUTPUT_DETAIL_INQ1 'NY201803220002';
2018-03-23 16:25:34 EXEC SPC_048_INPUT_OUTPUT_DETAIL_INQ1 'NY201803220002';
2018-03-23 16:25:35 EXEC SPC_048_INPUT_OUTPUT_DETAIL_INQ1 'NY201803220002';
2018-03-23 16:25:35 EXEC SPC_048_INPUT_OUTPUT_DETAIL_INQ1 'NY201803220002';
2018-03-23 16:25:36 EXEC SPC_048_INPUT_OUTPUT_DETAIL_INQ1 'NY201803220002';
2018-03-23 16:25:36 EXEC SPC_048_INPUT_OUTPUT_DETAIL_INQ1 'NY201803220002';
2018-03-23 16:25:37 EXEC SPC_048_INPUT_OUTPUT_DETAIL_INQ1 'NY201803220002';
2018-03-23 16:25:37 EXEC SPC_048_INPUT_OUTPUT_DETAIL_INQ1 'NY201803220002';
2018-03-23 16:25:38 EXEC SPC_048_INPUT_OUTPUT_DETAIL_INQ1 'NY201803220002';
2018-03-23 16:25:38 EXEC SPC_048_INPUT_OUTPUT_DETAIL_INQ1 'NY201803220002';
2018-03-23 16:25:39 EXEC SPC_048_INPUT_OUTPUT_DETAIL_INQ1 'NY201803220002';
2018-03-23 16:25:39 EXEC SPC_048_INPUT_OUTPUT_DETAIL_INQ1 'NY201803220002';
2018-03-23 16:25:40 EXEC SPC_048_INPUT_OUTPUT_DETAIL_INQ1 'NY201803220002';
2018-03-23 16:25:40 EXEC SPC_048_INPUT_OUTPUT_DETAIL_INQ1 'NY201803220002';
2018-03-23 16:25:41 EXEC SPC_048_INPUT_OUTPUT_DETAIL_INQ1 'NY201803220002';
2018-03-23 16:25:41 EXEC SPC_048_INPUT_OUTPUT_DETAIL_INQ1 'NY201803220002';
2018-03-23 16:25:42 EXEC SPC_048_INPUT_OUTPUT_DETAIL_INQ1 'NY201803220002';
2018-03-23 16:25:42 EXEC SPC_048_INPUT_OUTPUT_DETAIL_INQ1 'NY201803220002';
2018-03-23 16:25:43 EXEC SPC_048_INPUT_OUTPUT_DETAIL_INQ1 'NY201803220002';
2018-03-23 16:25:43 EXEC SPC_048_INPUT_OUTPUT_DETAIL_INQ1 'NY201803220002';
2018-03-23 16:25:44 EXEC SPC_048_INPUT_OUTPUT_DETAIL_INQ1 'NY201803220002';
2018-03-23 16:25:44 EXEC SPC_048_INPUT_OUTPUT_DETAIL_INQ1 'NY201803220002';
2018-03-23 16:25:44 EXEC SPC_048_INPUT_OUTPUT_DETAIL_INQ1 'NY201803220002';
2018-03-23 16:25:45 EXEC SPC_048_INPUT_OUTPUT_DETAIL_INQ1 'NY201803220002';
2018-03-23 16:25:45 EXEC SPC_048_INPUT_OUTPUT_DETAIL_INQ1 'NY201803220002';
2018-03-23 16:25:46 EXEC SPC_048_INPUT_OUTPUT_DETAIL_INQ1 'NY201803220002';
2018-03-23 16:25:46 EXEC SPC_048_INPUT_OUTPUT_DETAIL_INQ1 'NY201803220002';
2018-03-23 16:25:47 EXEC SPC_048_INPUT_OUTPUT_DETAIL_INQ1 'NY201803220002';
2018-03-23 16:25:47 EXEC SPC_048_INPUT_OUTPUT_DETAIL_INQ1 'NY201803220002';
2018-03-23 16:25:48 EXEC SPC_048_INPUT_OUTPUT_DETAIL_INQ1 'NY201803220002';
2018-03-23 16:25:48 EXEC SPC_048_INPUT_OUTPUT_DETAIL_INQ1 'NY201803220002';
2018-03-23 16:25:48 EXEC SPC_048_INPUT_OUTPUT_DETAIL_INQ1 'NY201803220002';
2018-03-23 16:25:49 EXEC SPC_048_INPUT_OUTPUT_DETAIL_INQ1 'NY201803220002';
2018-03-23 16:25:49 EXEC SPC_048_INPUT_OUTPUT_DETAIL_INQ1 'NY201803220002';
2018-03-23 16:25:50 EXEC SPC_048_INPUT_OUTPUT_DETAIL_INQ1 'NY201803220002';
2018-03-23 16:25:50 EXEC SPC_048_INPUT_OUTPUT_DETAIL_INQ1 'NY201803220002';
2018-03-23 16:25:51 EXEC SPC_048_INPUT_OUTPUT_DETAIL_INQ1 'NY201803220002';
2018-03-23 16:25:51 EXEC SPC_048_INPUT_OUTPUT_DETAIL_INQ1 'NY201803220002';
2018-03-23 16:25:51 EXEC SPC_048_INPUT_OUTPUT_DETAIL_INQ1 'NY201803220002';
2018-03-23 16:25:52 EXEC SPC_048_INPUT_OUTPUT_DETAIL_INQ1 'NY201803220002';
2018-03-23 16:25:52 EXEC SPC_048_INPUT_OUTPUT_DETAIL_INQ1 'NY201803220002';
2018-03-23 16:25:53 EXEC SPC_048_INPUT_OUTPUT_DETAIL_INQ1 'NY201803220002';
2018-03-23 16:25:53 EXEC SPC_048_INPUT_OUTPUT_DETAIL_INQ1 'NY201803220002';
2018-03-23 16:25:54 EXEC SPC_048_INPUT_OUTPUT_DETAIL_INQ1 'NY201803220002';
2018-03-23 16:25:54 EXEC SPC_048_INPUT_OUTPUT_DETAIL_INQ1 'NY201803220002';
2018-03-23 16:25:54 EXEC SPC_048_INPUT_OUTPUT_DETAIL_INQ1 'NY201803220002';
2018-03-23 16:25:55 EXEC SPC_048_INPUT_OUTPUT_DETAIL_INQ1 'NY201803220002';
2018-03-23 16:25:56 EXEC SPC_048_INPUT_OUTPUT_DETAIL_INQ1 'NY201803220002';
2018-03-23 16:25:56 EXEC SPC_048_INPUT_OUTPUT_DETAIL_INQ1 'NY201803220002';
2018-03-23 16:25:56 EXEC SPC_048_INPUT_OUTPUT_DETAIL_INQ1 'NY201803220002';
2018-03-23 16:25:57 EXEC SPC_048_INPUT_OUTPUT_DETAIL_INQ1 'NY201803220002';
2018-03-23 16:25:57 EXEC SPC_048_INPUT_OUTPUT_DETAIL_INQ1 'NY201803220002';
2018-03-23 16:25:58 EXEC SPC_048_INPUT_OUTPUT_DETAIL_INQ1 'NY201803220002';
2018-03-23 16:25:58 EXEC SPC_048_INPUT_OUTPUT_DETAIL_INQ1 'NY201803220002';
2018-03-23 16:25:59 EXEC SPC_048_INPUT_OUTPUT_DETAIL_INQ1 'NY201803220002';
2018-03-23 16:25:59 EXEC SPC_048_INPUT_OUTPUT_DETAIL_INQ1 'NY201803220002';
2018-03-23 16:26:00 EXEC SPC_048_INPUT_OUTPUT_DETAIL_INQ1 'NY201803220002';
2018-03-23 16:26:00 EXEC SPC_048_INPUT_OUTPUT_DETAIL_INQ1 'NY201803220002';
2018-03-23 16:26:00 EXEC SPC_048_INPUT_OUTPUT_DETAIL_INQ1 'NY201803220002';
2018-03-23 16:26:01 EXEC SPC_048_INPUT_OUTPUT_DETAIL_INQ1 'NY201803220002';
2018-03-23 16:26:02 EXEC SPC_048_INPUT_OUTPUT_DETAIL_INQ1 'NY201803220002';
2018-03-23 16:26:02 EXEC SPC_048_INPUT_OUTPUT_DETAIL_INQ1 'NY201803220002';
2018-03-23 16:26:02 EXEC SPC_048_INPUT_OUTPUT_DETAIL_INQ1 'NY201803220002';
2018-03-23 16:26:03 EXEC SPC_048_INPUT_OUTPUT_DETAIL_INQ1 'NY201803220002';
2018-03-23 16:26:03 EXEC SPC_048_INPUT_OUTPUT_DETAIL_INQ1 'NY201803220002';
2018-03-23 16:26:04 EXEC SPC_048_INPUT_OUTPUT_DETAIL_INQ1 'NY201803220002';
2018-03-23 16:26:04 EXEC SPC_048_INPUT_OUTPUT_DETAIL_INQ1 'NY201803220002';
2018-03-23 16:26:05 EXEC SPC_048_INPUT_OUTPUT_DETAIL_INQ1 'NY201803220002';
2018-03-23 16:26:05 EXEC SPC_048_INPUT_OUTPUT_DETAIL_INQ1 'NY201803220002';
2018-03-23 16:26:05 EXEC SPC_048_INPUT_OUTPUT_DETAIL_INQ1 'NY201803220002';
2018-03-23 16:26:06 EXEC SPC_048_INPUT_OUTPUT_DETAIL_INQ1 'NY201803220002';
2018-03-23 16:26:06 EXEC SPC_048_INPUT_OUTPUT_DETAIL_INQ1 'NY201803220002';
2018-03-23 16:26:07 EXEC SPC_048_INPUT_OUTPUT_DETAIL_INQ1 'NY201803220002';
2018-03-23 16:26:07 EXEC SPC_048_INPUT_OUTPUT_DETAIL_INQ1 'NY201803220002';
2018-03-23 16:26:08 EXEC SPC_048_INPUT_OUTPUT_DETAIL_INQ1 'NY201803220002';
2018-03-23 16:26:08 EXEC SPC_048_INPUT_OUTPUT_DETAIL_INQ1 'NY201803220002';
2018-03-23 16:26:09 EXEC SPC_048_INPUT_OUTPUT_DETAIL_INQ1 'NY201803220002';
2018-03-23 16:26:09 EXEC SPC_048_INPUT_OUTPUT_DETAIL_INQ1 'NY201803220002';
2018-03-23 16:26:09 EXEC SPC_048_INPUT_OUTPUT_DETAIL_INQ1 'NY201803220002';
2018-03-23 16:26:10 EXEC SPC_048_INPUT_OUTPUT_DETAIL_INQ1 'NY201803220002';
2018-03-23 16:26:10 EXEC SPC_048_INPUT_OUTPUT_DETAIL_INQ1 'NY201803220002';
2018-03-23 16:26:11 EXEC SPC_048_INPUT_OUTPUT_DETAIL_INQ1 'NY201803220002';
2018-03-23 16:26:11 EXEC SPC_048_INPUT_OUTPUT_DETAIL_INQ1 'NY201803220002';
2018-03-23 16:26:12 EXEC SPC_048_INPUT_OUTPUT_DETAIL_INQ1 'NY201803220002';
2018-03-23 16:26:12 EXEC SPC_048_INPUT_OUTPUT_DETAIL_INQ1 'NY201803220002';
2018-03-23 16:26:13 EXEC SPC_048_INPUT_OUTPUT_DETAIL_INQ1 'NY201803220002';
2018-03-23 16:26:13 EXEC SPC_048_INPUT_OUTPUT_DETAIL_INQ1 'NY201803220002';
2018-03-23 16:26:13 EXEC SPC_048_INPUT_OUTPUT_DETAIL_INQ1 'NY201803220002';
2018-03-23 16:26:14 EXEC SPC_048_INPUT_OUTPUT_DETAIL_INQ1 'NY201803220002';
2018-03-23 16:26:14 EXEC SPC_048_INPUT_OUTPUT_DETAIL_INQ1 'NY201803220002';
2018-03-23 16:26:15 EXEC SPC_048_INPUT_OUTPUT_DETAIL_INQ1 'NY201803220002';
2018-03-23 16:26:15 EXEC SPC_048_INPUT_OUTPUT_DETAIL_INQ1 'NY201803220002';
2018-03-23 16:26:16 EXEC SPC_048_INPUT_OUTPUT_DETAIL_INQ1 'NY201803220002';
2018-03-23 16:26:16 EXEC SPC_048_INPUT_OUTPUT_DETAIL_INQ1 'NY201803220002';
2018-03-23 16:26:17 EXEC SPC_048_INPUT_OUTPUT_DETAIL_INQ1 'NY201803220002';
2018-03-23 16:26:17 EXEC SPC_048_INPUT_OUTPUT_DETAIL_INQ1 'NY201803220002';
2018-03-23 16:26:18 EXEC SPC_048_INPUT_OUTPUT_DETAIL_INQ1 'NY201803220002';
2018-03-23 16:26:18 EXEC SPC_048_INPUT_OUTPUT_DETAIL_INQ1 'NY201803220002';
2018-03-23 16:26:19 EXEC SPC_048_INPUT_OUTPUT_DETAIL_INQ1 'NY201803220002';
2018-03-23 16:26:19 EXEC SPC_048_INPUT_OUTPUT_DETAIL_INQ1 'NY201803220002';
2018-03-23 16:26:19 EXEC SPC_048_INPUT_OUTPUT_DETAIL_INQ1 'NY201803220002';
2018-03-23 16:26:20 EXEC SPC_048_INPUT_OUTPUT_DETAIL_INQ1 'NY201803220002';
2018-03-23 16:26:20 EXEC SPC_048_INPUT_OUTPUT_DETAIL_INQ1 'NY201803220002';
2018-03-23 16:26:21 EXEC SPC_048_INPUT_OUTPUT_DETAIL_INQ1 'NY201803220002';
2018-03-23 16:26:21 EXEC SPC_048_INPUT_OUTPUT_DETAIL_INQ1 'NY201803220002';
2018-03-23 16:26:22 EXEC SPC_048_INPUT_OUTPUT_DETAIL_INQ1 'NY201803220002';
2018-03-23 16:26:22 EXEC SPC_048_INPUT_OUTPUT_DETAIL_INQ1 'NY201803220002';
2018-03-23 16:26:22 EXEC SPC_048_INPUT_OUTPUT_DETAIL_INQ1 'NY201803220002';
2018-03-23 16:26:23 EXEC SPC_048_INPUT_OUTPUT_DETAIL_INQ1 'NY201803220002';
2018-03-23 16:26:23 EXEC SPC_048_INPUT_OUTPUT_DETAIL_INQ1 'NY201803220002';
2018-03-23 16:26:24 EXEC SPC_048_INPUT_OUTPUT_DETAIL_INQ1 'NY201803220002';
2018-03-23 16:26:24 EXEC SPC_048_INPUT_OUTPUT_DETAIL_INQ1 'NY201803220002';
2018-03-23 16:26:25 EXEC SPC_048_INPUT_OUTPUT_DETAIL_INQ1 'NY201803220002';
2018-03-23 16:26:25 EXEC SPC_048_INPUT_OUTPUT_DETAIL_INQ1 'NY201803220002';
2018-03-23 16:26:26 EXEC SPC_048_INPUT_OUTPUT_DETAIL_INQ1 'NY201803220002';
2018-03-23 16:26:26 EXEC SPC_048_INPUT_OUTPUT_DETAIL_INQ1 'NY201803220002';
2018-03-23 16:26:27 EXEC SPC_048_INPUT_OUTPUT_DETAIL_INQ1 'NY201803220002';
2018-03-23 16:26:27 EXEC SPC_048_INPUT_OUTPUT_DETAIL_INQ1 'NY201803220002';
2018-03-23 16:26:27 EXEC SPC_048_INPUT_OUTPUT_DETAIL_INQ1 'NY201803220002';
2018-03-23 16:26:28 EXEC SPC_048_INPUT_OUTPUT_DETAIL_INQ1 'NY201803220002';
2018-03-23 16:26:28 EXEC SPC_048_INPUT_OUTPUT_DETAIL_INQ1 'NY201803220002';
2018-03-23 16:26:29 EXEC SPC_048_INPUT_OUTPUT_DETAIL_INQ1 'NY201803220002';
2018-03-23 16:26:29 EXEC SPC_048_INPUT_OUTPUT_DETAIL_INQ1 'NY201803220002';
2018-03-23 16:26:30 EXEC SPC_048_INPUT_OUTPUT_DETAIL_INQ1 'NY201803220002';
2018-03-23 16:26:30 EXEC SPC_048_INPUT_OUTPUT_DETAIL_INQ1 'NY201803220002';
2018-03-23 16:26:30 EXEC SPC_048_INPUT_OUTPUT_DETAIL_INQ1 'NY201803220002';
2018-03-23 16:26:31 EXEC SPC_048_INPUT_OUTPUT_DETAIL_INQ1 'NY201803220002';
2018-03-23 16:26:31 EXEC SPC_048_INPUT_OUTPUT_DETAIL_INQ1 'NY201803220002';
2018-03-23 16:26:32 EXEC SPC_048_INPUT_OUTPUT_DETAIL_INQ1 'NY201803220002';
2018-03-23 16:26:32 EXEC SPC_048_INPUT_OUTPUT_DETAIL_INQ1 'NY201803220002';
2018-03-23 16:26:33 EXEC SPC_048_INPUT_OUTPUT_DETAIL_INQ1 'NY201803220002';
2018-03-23 16:26:33 EXEC SPC_048_INPUT_OUTPUT_DETAIL_INQ1 'NY201803220002';
2018-03-23 16:26:34 EXEC SPC_048_INPUT_OUTPUT_DETAIL_INQ1 'NY201803220002';
2018-03-23 16:26:35 EXEC SPC_COM_GET_COMBOBOX 'in_out_data_div';
2018-03-23 16:26:35 EXEC SPC_COM_GET_COMBOBOX 'in_out_div';
2018-03-23 16:26:36 EXEC SPC_048_INPUT_OUTPUT_DETAIL_INQ1 'NY201803220002';
2018-03-23 16:26:36 EXEC SPC_048_INPUT_OUTPUT_DETAIL_INQ1 'NY201803220002';
2018-03-23 16:26:37 EXEC SPC_048_INPUT_OUTPUT_DETAIL_INQ1 'NY201803220002';
2018-03-23 16:26:37 EXEC SPC_048_INPUT_OUTPUT_DETAIL_INQ1 'NY201803220002';
2018-03-23 16:26:37 EXEC SPC_048_INPUT_OUTPUT_DETAIL_INQ1 'NY201803220002';
2018-03-23 16:26:38 EXEC SPC_048_INPUT_OUTPUT_DETAIL_INQ1 'NY201803220002';
2018-03-23 16:26:38 EXEC SPC_048_INPUT_OUTPUT_DETAIL_INQ1 'NY201803220002';
2018-03-23 16:26:38 EXEC SPC_048_INPUT_OUTPUT_DETAIL_INQ1 'NY201803220002';
2018-03-23 16:26:38 EXEC SPC_048_INPUT_OUTPUT_DETAIL_INQ1 'NY201803220002';
2018-03-23 16:26:39 EXEC SPC_048_INPUT_OUTPUT_DETAIL_INQ1 'NY201803220002';
2018-03-23 16:26:39 EXEC SPC_048_INPUT_OUTPUT_DETAIL_INQ1 'NY201803220002';
2018-03-23 16:26:40 EXEC SPC_048_INPUT_OUTPUT_DETAIL_INQ1 'NY201803220002';
2018-03-23 16:26:40 EXEC SPC_048_INPUT_OUTPUT_DETAIL_INQ1 'NY201803220002';
2018-03-23 16:26:40 EXEC SPC_048_INPUT_OUTPUT_DETAIL_INQ1 'NY201803220002';
2018-03-23 16:26:40 EXEC SPC_048_INPUT_OUTPUT_DETAIL_INQ1 'NY201803220002';
2018-03-23 16:26:41 EXEC SPC_048_INPUT_OUTPUT_DETAIL_INQ1 'NY201803220002';
2018-03-23 16:26:41 EXEC SPC_048_INPUT_OUTPUT_DETAIL_INQ1 'NY201803220002';
2018-03-23 16:26:41 EXEC SPC_048_INPUT_OUTPUT_DETAIL_INQ1 'NY201803220002';
2018-03-23 16:26:42 EXEC SPC_048_INPUT_OUTPUT_DETAIL_INQ1 'NY201803220002';
2018-03-23 16:26:42 EXEC SPC_048_INPUT_OUTPUT_DETAIL_INQ1 'NY201803220002';
2018-03-23 16:26:42 EXEC SPC_048_INPUT_OUTPUT_DETAIL_INQ1 'NY201803220002';
2018-03-23 16:26:43 EXEC SPC_048_INPUT_OUTPUT_DETAIL_INQ1 'NY201803220002';
2018-03-23 16:26:43 EXEC SPC_048_INPUT_OUTPUT_DETAIL_INQ1 'NY201803220002';
2018-03-23 16:26:43 EXEC SPC_048_INPUT_OUTPUT_DETAIL_INQ1 'NY201803220002';
2018-03-23 16:26:44 EXEC SPC_048_INPUT_OUTPUT_DETAIL_INQ1 'NY201803220002';
2018-03-23 16:26:44 EXEC SPC_048_INPUT_OUTPUT_DETAIL_INQ1 'NY201803220002';
2018-03-23 16:26:44 EXEC SPC_048_INPUT_OUTPUT_DETAIL_INQ1 'NY201803220002';
2018-03-23 16:26:45 EXEC SPC_048_INPUT_OUTPUT_DETAIL_INQ1 'NY201803220002';
2018-03-23 16:26:45 EXEC SPC_048_INPUT_OUTPUT_DETAIL_INQ1 'NY201803220002';
2018-03-23 16:26:45 EXEC SPC_048_INPUT_OUTPUT_DETAIL_INQ1 'NY201803220002';
2018-03-23 16:26:45 EXEC SPC_048_INPUT_OUTPUT_DETAIL_INQ1 'NY201803220002';
2018-03-23 16:26:46 EXEC SPC_048_INPUT_OUTPUT_DETAIL_INQ1 'NY201803220002';
2018-03-23 16:26:46 EXEC SPC_048_INPUT_OUTPUT_DETAIL_INQ1 'NY201803220002';
2018-03-23 16:26:46 EXEC SPC_048_INPUT_OUTPUT_DETAIL_INQ1 'NY201803220002';
2018-03-23 16:26:47 EXEC SPC_048_INPUT_OUTPUT_DETAIL_INQ1 'NY201803220002';
2018-03-23 16:26:47 EXEC SPC_048_INPUT_OUTPUT_DETAIL_INQ1 'NY201803220002';
2018-03-23 16:26:47 EXEC SPC_048_INPUT_OUTPUT_DETAIL_INQ1 'NY201803220002';
2018-03-23 16:26:48 EXEC SPC_048_INPUT_OUTPUT_DETAIL_INQ1 'NY201803220002';
2018-03-23 16:26:48 EXEC SPC_048_INPUT_OUTPUT_DETAIL_INQ1 'NY201803220002';
2018-03-23 16:26:49 EXEC SPC_048_INPUT_OUTPUT_DETAIL_INQ1 'NY201803220002';
2018-03-23 16:26:49 EXEC SPC_048_INPUT_OUTPUT_DETAIL_INQ1 'NY201803220002';
2018-03-23 16:26:49 EXEC SPC_048_INPUT_OUTPUT_DETAIL_INQ1 'NY201803220002';
2018-03-23 16:26:50 EXEC SPC_048_INPUT_OUTPUT_DETAIL_INQ1 'NY201803220002';
2018-03-23 16:26:50 EXEC SPC_048_INPUT_OUTPUT_DETAIL_INQ1 'NY201803220002';
2018-03-23 16:26:50 EXEC SPC_048_INPUT_OUTPUT_DETAIL_INQ1 'NY201803220002';
2018-03-23 16:26:51 EXEC SPC_048_INPUT_OUTPUT_DETAIL_INQ1 'NY201803220002';
2018-03-23 16:26:51 EXEC SPC_048_INPUT_OUTPUT_DETAIL_INQ1 'NY201803220002';
2018-03-23 16:26:51 EXEC SPC_048_INPUT_OUTPUT_DETAIL_INQ1 'NY201803220002';
2018-03-23 16:26:52 EXEC SPC_048_INPUT_OUTPUT_DETAIL_INQ1 'NY201803220002';
2018-03-23 16:26:52 EXEC SPC_048_INPUT_OUTPUT_DETAIL_INQ1 'NY201803220002';
2018-03-23 16:26:52 EXEC SPC_048_INPUT_OUTPUT_DETAIL_INQ1 'NY201803220002';
2018-03-23 16:26:53 EXEC SPC_048_INPUT_OUTPUT_DETAIL_INQ1 'NY201803220002';
2018-03-23 16:26:53 EXEC SPC_048_INPUT_OUTPUT_DETAIL_INQ1 'NY201803220002';
2018-03-23 16:26:53 EXEC SPC_048_INPUT_OUTPUT_DETAIL_INQ1 'NY201803220002';
2018-03-23 16:26:54 EXEC SPC_048_INPUT_OUTPUT_DETAIL_INQ1 'NY201803220002';
2018-03-23 16:26:54 EXEC SPC_048_INPUT_OUTPUT_DETAIL_INQ1 'NY201803220002';
2018-03-23 16:26:54 EXEC SPC_048_INPUT_OUTPUT_DETAIL_INQ1 'NY201803220002';
2018-03-23 16:26:54 EXEC SPC_048_INPUT_OUTPUT_DETAIL_INQ1 'NY201803220002';
2018-03-23 16:26:55 EXEC SPC_048_INPUT_OUTPUT_DETAIL_INQ1 'NY201803220002';
2018-03-23 16:26:55 EXEC SPC_048_INPUT_OUTPUT_DETAIL_INQ1 'NY201803220002';
2018-03-23 16:26:56 EXEC SPC_048_INPUT_OUTPUT_DETAIL_INQ1 'NY201803220002';
2018-03-23 16:26:56 EXEC SPC_048_INPUT_OUTPUT_DETAIL_INQ1 'NY201803220002';
2018-03-23 16:26:57 EXEC SPC_048_INPUT_OUTPUT_DETAIL_INQ1 'NY201803220002';
2018-03-23 16:26:57 EXEC SPC_048_INPUT_OUTPUT_DETAIL_INQ1 'NY201803220002';
2018-03-23 16:26:58 EXEC SPC_048_INPUT_OUTPUT_DETAIL_INQ1 'NY201803220002';
2018-03-23 16:26:58 EXEC SPC_048_INPUT_OUTPUT_DETAIL_INQ1 'NY201803220002';
2018-03-23 16:26:58 EXEC SPC_048_INPUT_OUTPUT_DETAIL_INQ1 'NY201803220002';
2018-03-23 16:26:59 EXEC SPC_048_INPUT_OUTPUT_DETAIL_INQ1 'NY201803220002';
2018-03-23 16:26:59 EXEC SPC_048_INPUT_OUTPUT_DETAIL_INQ1 'NY201803220002';
2018-03-23 16:27:00 EXEC SPC_048_INPUT_OUTPUT_DETAIL_INQ1 'NY201803220002';
2018-03-23 16:27:00 EXEC SPC_048_INPUT_OUTPUT_DETAIL_INQ1 'NY201803220002';
2018-03-23 16:27:01 EXEC SPC_048_INPUT_OUTPUT_DETAIL_INQ1 'NY201803220002';
2018-03-23 16:27:01 EXEC SPC_048_INPUT_OUTPUT_DETAIL_INQ1 'NY201803220002';
2018-03-23 16:27:01 EXEC SPC_048_INPUT_OUTPUT_DETAIL_INQ1 'NY201803220002';
2018-03-23 16:27:02 EXEC SPC_048_INPUT_OUTPUT_DETAIL_INQ1 'NY201803220002';
2018-03-23 16:27:02 EXEC SPC_048_INPUT_OUTPUT_DETAIL_INQ1 'NY201803220002';
2018-03-23 16:27:02 EXEC SPC_048_INPUT_OUTPUT_DETAIL_INQ1 'NY201803220002';
2018-03-23 16:27:03 EXEC SPC_048_INPUT_OUTPUT_DETAIL_INQ1 'NY201803220002';
2018-03-23 16:27:03 EXEC SPC_048_INPUT_OUTPUT_DETAIL_INQ1 'NY201803220002';
2018-03-23 16:27:04 EXEC SPC_048_INPUT_OUTPUT_DETAIL_INQ1 'NY201803220002';
2018-03-23 16:27:04 EXEC SPC_048_INPUT_OUTPUT_DETAIL_INQ1 'NY201803220002';
2018-03-23 16:27:04 EXEC SPC_048_INPUT_OUTPUT_DETAIL_INQ1 'NY201803220002';
2018-03-23 16:27:05 EXEC SPC_048_INPUT_OUTPUT_DETAIL_INQ1 'NY201803220002';
2018-03-23 16:27:05 EXEC SPC_048_INPUT_OUTPUT_DETAIL_INQ1 'NY201803220002';
2018-03-23 16:27:05 EXEC SPC_048_INPUT_OUTPUT_DETAIL_INQ1 'NY201803220002';
2018-03-23 16:27:06 EXEC SPC_048_INPUT_OUTPUT_DETAIL_INQ1 'NY201803220002';
2018-03-23 16:27:06 EXEC SPC_048_INPUT_OUTPUT_DETAIL_INQ1 'NY201803220002';
2018-03-23 16:27:07 EXEC SPC_048_INPUT_OUTPUT_DETAIL_INQ1 'NY201803220002';
2018-03-23 16:27:07 EXEC SPC_048_INPUT_OUTPUT_DETAIL_INQ1 'NY201803220002';
2018-03-23 16:27:07 EXEC SPC_048_INPUT_OUTPUT_DETAIL_INQ1 'NY201803220002';
2018-03-23 16:27:08 EXEC SPC_048_INPUT_OUTPUT_DETAIL_INQ1 'NY201803220002';
2018-03-23 16:27:08 EXEC SPC_048_INPUT_OUTPUT_DETAIL_INQ1 'NY201803220002';
2018-03-23 16:27:08 EXEC SPC_048_INPUT_OUTPUT_DETAIL_INQ1 'NY201803220002';
2018-03-23 16:27:09 EXEC SPC_048_INPUT_OUTPUT_DETAIL_INQ1 'NY201803220002';
2018-03-23 16:27:09 EXEC SPC_048_INPUT_OUTPUT_DETAIL_INQ1 'NY201803220002';
2018-03-23 16:27:10 EXEC SPC_048_INPUT_OUTPUT_DETAIL_INQ1 'NY201803220002';
2018-03-23 16:27:10 EXEC SPC_048_INPUT_OUTPUT_DETAIL_INQ1 'NY201803220002';
2018-03-23 16:27:10 EXEC SPC_048_INPUT_OUTPUT_DETAIL_INQ1 'NY201803220002';
2018-03-23 16:27:11 EXEC SPC_048_INPUT_OUTPUT_DETAIL_INQ1 'NY201803220002';
2018-03-23 16:27:11 EXEC SPC_048_INPUT_OUTPUT_DETAIL_INQ1 'NY201803220002';
2018-03-23 16:27:11 EXEC SPC_048_INPUT_OUTPUT_DETAIL_INQ1 'NY201803220002';
2018-03-23 16:27:12 EXEC SPC_048_INPUT_OUTPUT_DETAIL_INQ1 'NY201803220002';
2018-03-23 16:27:12 EXEC SPC_048_INPUT_OUTPUT_DETAIL_INQ1 'NY201803220002';
2018-03-23 16:27:12 EXEC SPC_048_INPUT_OUTPUT_DETAIL_INQ1 'NY201803220002';
2018-03-23 16:27:13 EXEC SPC_048_INPUT_OUTPUT_DETAIL_INQ1 'NY201803220002';
2018-03-23 16:27:13 EXEC SPC_048_INPUT_OUTPUT_DETAIL_INQ1 'NY201803220002';
2018-03-23 16:27:14 EXEC SPC_048_INPUT_OUTPUT_DETAIL_INQ1 'NY201803220002';
2018-03-23 16:27:14 EXEC SPC_048_INPUT_OUTPUT_DETAIL_INQ1 'NY201803220002';
2018-03-23 16:27:14 EXEC SPC_048_INPUT_OUTPUT_DETAIL_INQ1 'NY201803220002';
2018-03-23 16:27:15 EXEC SPC_048_INPUT_OUTPUT_DETAIL_INQ1 'NY201803220002';
2018-03-23 16:27:15 EXEC SPC_048_INPUT_OUTPUT_DETAIL_INQ1 'NY201803220002';
2018-03-23 16:27:15 EXEC SPC_048_INPUT_OUTPUT_DETAIL_INQ1 'NY201803220002';
2018-03-23 16:27:16 EXEC SPC_048_INPUT_OUTPUT_DETAIL_INQ1 'NY201803220002';
2018-03-23 16:27:16 EXEC SPC_048_INPUT_OUTPUT_DETAIL_INQ1 'NY201803220002';
2018-03-23 16:27:17 EXEC SPC_048_INPUT_OUTPUT_DETAIL_INQ1 'NY201803220002';
2018-03-23 16:27:17 EXEC SPC_048_INPUT_OUTPUT_DETAIL_INQ1 'NY201803220002';
2018-03-23 16:27:17 EXEC SPC_048_INPUT_OUTPUT_DETAIL_INQ1 'NY201803220002';
2018-03-23 16:27:18 EXEC SPC_048_INPUT_OUTPUT_DETAIL_INQ1 'NY201803220002';
2018-03-23 16:27:18 EXEC SPC_048_INPUT_OUTPUT_DETAIL_INQ1 'NY201803220002';
2018-03-23 16:27:18 EXEC SPC_048_INPUT_OUTPUT_DETAIL_INQ1 'NY201803220002';
2018-03-23 16:27:19 EXEC SPC_048_INPUT_OUTPUT_DETAIL_INQ1 'NY201803220002';
2018-03-23 16:27:19 EXEC SPC_048_INPUT_OUTPUT_DETAIL_INQ1 'NY201803220002';
2018-03-23 16:27:19 EXEC SPC_048_INPUT_OUTPUT_DETAIL_INQ1 'NY201803220002';
2018-03-23 16:27:20 EXEC SPC_048_INPUT_OUTPUT_DETAIL_INQ1 'NY201803220002';
2018-03-23 16:27:20 EXEC SPC_048_INPUT_OUTPUT_DETAIL_INQ1 'NY201803220002';
2018-03-23 16:27:20 EXEC SPC_048_INPUT_OUTPUT_DETAIL_INQ1 'NY201803220002';
2018-03-23 16:27:21 EXEC SPC_048_INPUT_OUTPUT_DETAIL_INQ1 'NY201803220002';
2018-03-23 16:27:21 EXEC SPC_048_INPUT_OUTPUT_DETAIL_INQ1 'NY201803220002';
2018-03-23 16:27:21 EXEC SPC_048_INPUT_OUTPUT_DETAIL_INQ1 'NY201803220002';
2018-03-23 16:27:22 EXEC SPC_048_INPUT_OUTPUT_DETAIL_INQ1 'NY201803220002';
2018-03-23 16:27:22 EXEC SPC_048_INPUT_OUTPUT_DETAIL_INQ1 'NY201803220002';
2018-03-23 16:27:22 EXEC SPC_048_INPUT_OUTPUT_DETAIL_INQ1 'NY201803220002';
2018-03-23 16:27:22 EXEC SPC_048_INPUT_OUTPUT_DETAIL_INQ1 'NY201803220002';
2018-03-23 16:27:23 EXEC SPC_048_INPUT_OUTPUT_DETAIL_INQ1 'NY201803220002';
2018-03-23 16:27:23 EXEC SPC_048_INPUT_OUTPUT_DETAIL_INQ1 'NY201803220002';
2018-03-23 16:27:23 EXEC SPC_048_INPUT_OUTPUT_DETAIL_INQ1 'NY201803220002';
2018-03-23 16:27:24 EXEC SPC_048_INPUT_OUTPUT_DETAIL_INQ1 'NY201803220002';
2018-03-23 16:27:24 EXEC SPC_048_INPUT_OUTPUT_DETAIL_INQ1 'NY201803220002';
2018-03-23 16:27:24 EXEC SPC_048_INPUT_OUTPUT_DETAIL_INQ1 'NY201803220002';
2018-03-23 16:27:24 EXEC SPC_048_INPUT_OUTPUT_DETAIL_INQ1 'NY201803220002';
2018-03-23 16:27:25 EXEC SPC_048_INPUT_OUTPUT_DETAIL_INQ1 'NY201803220002';
2018-03-23 16:27:25 EXEC SPC_048_INPUT_OUTPUT_DETAIL_INQ1 'NY201803220002';
2018-03-23 16:27:25 EXEC SPC_048_INPUT_OUTPUT_DETAIL_INQ1 'NY201803220002';
2018-03-23 16:27:26 EXEC SPC_048_INPUT_OUTPUT_DETAIL_INQ1 'NY201803220002';
2018-03-23 16:27:26 EXEC SPC_048_INPUT_OUTPUT_DETAIL_INQ1 'NY201803220002';
2018-03-23 16:27:26 EXEC SPC_048_INPUT_OUTPUT_DETAIL_INQ1 'NY201803220002';
2018-03-23 16:27:27 EXEC SPC_048_INPUT_OUTPUT_DETAIL_INQ1 'NY201803220002';
2018-03-23 16:27:27 EXEC SPC_048_INPUT_OUTPUT_DETAIL_INQ1 'NY201803220002';
2018-03-23 16:27:27 EXEC SPC_048_INPUT_OUTPUT_DETAIL_INQ1 'NY201803220002';
2018-03-23 16:27:27 EXEC SPC_048_INPUT_OUTPUT_DETAIL_INQ1 'NY201803220002';
2018-03-23 16:27:28 EXEC SPC_048_INPUT_OUTPUT_DETAIL_INQ1 'NY201803220002';
2018-03-23 16:27:28 EXEC SPC_048_INPUT_OUTPUT_DETAIL_INQ1 'NY201803220002';
2018-03-23 16:27:28 EXEC SPC_048_INPUT_OUTPUT_DETAIL_INQ1 'NY201803220002';
2018-03-23 16:27:29 EXEC SPC_048_INPUT_OUTPUT_DETAIL_INQ1 'NY201803220002';
2018-03-23 16:27:29 EXEC SPC_048_INPUT_OUTPUT_DETAIL_INQ1 'NY201803220002';
2018-03-23 16:27:29 EXEC SPC_048_INPUT_OUTPUT_DETAIL_INQ1 'NY201803220002';
2018-03-23 16:27:30 EXEC SPC_048_INPUT_OUTPUT_DETAIL_INQ1 'NY201803220002';
2018-03-23 16:27:30 EXEC SPC_048_INPUT_OUTPUT_DETAIL_INQ1 'NY201803220002';
2018-03-23 16:27:30 EXEC SPC_048_INPUT_OUTPUT_DETAIL_INQ1 'NY201803220002';
2018-03-23 16:27:30 EXEC SPC_048_INPUT_OUTPUT_DETAIL_INQ1 'NY201803220002';
2018-03-23 16:27:31 EXEC SPC_048_INPUT_OUTPUT_DETAIL_INQ1 'NY201803220002';
2018-03-23 16:27:31 EXEC SPC_048_INPUT_OUTPUT_DETAIL_INQ1 'NY201803220002';
2018-03-23 16:27:31 EXEC SPC_048_INPUT_OUTPUT_DETAIL_INQ1 'NY201803220002';
2018-03-23 16:27:32 EXEC SPC_048_INPUT_OUTPUT_DETAIL_INQ1 'NY201803220002';
2018-03-23 16:27:32 EXEC SPC_048_INPUT_OUTPUT_DETAIL_INQ1 'NY201803220002';
2018-03-23 16:27:32 EXEC SPC_048_INPUT_OUTPUT_DETAIL_INQ1 'NY201803220002';
2018-03-23 16:27:32 EXEC SPC_048_INPUT_OUTPUT_DETAIL_INQ1 'NY201803220002';
2018-03-23 16:27:33 EXEC SPC_048_INPUT_OUTPUT_DETAIL_INQ1 'NY201803220002';
2018-03-23 16:27:33 EXEC SPC_048_INPUT_OUTPUT_DETAIL_INQ1 'NY201803220002';
2018-03-23 16:27:33 EXEC SPC_048_INPUT_OUTPUT_DETAIL_INQ1 'NY201803220002';
2018-03-23 16:27:34 EXEC SPC_048_INPUT_OUTPUT_DETAIL_INQ1 'NY201803220002';
2018-03-23 16:27:34 EXEC SPC_048_INPUT_OUTPUT_DETAIL_INQ1 'NY201803220002';
2018-03-23 16:27:34 EXEC SPC_048_INPUT_OUTPUT_DETAIL_INQ1 'NY201803220002';
2018-03-23 16:27:35 EXEC SPC_048_INPUT_OUTPUT_DETAIL_INQ1 'NY201803220002';
2018-03-23 16:27:35 EXEC SPC_048_INPUT_OUTPUT_DETAIL_INQ1 'NY201803220002';
2018-03-23 16:27:35 EXEC SPC_048_INPUT_OUTPUT_DETAIL_INQ1 'NY201803220002';
2018-03-23 16:27:35 EXEC SPC_048_INPUT_OUTPUT_DETAIL_INQ1 'NY201803220002';
2018-03-23 16:27:36 EXEC SPC_048_INPUT_OUTPUT_DETAIL_INQ1 'NY201803220002';
2018-03-23 16:27:36 EXEC SPC_048_INPUT_OUTPUT_DETAIL_INQ1 'NY201803220002';
2018-03-23 16:27:36 EXEC SPC_048_INPUT_OUTPUT_DETAIL_INQ1 'NY201803220002';
2018-03-23 16:27:37 EXEC SPC_048_INPUT_OUTPUT_DETAIL_INQ1 'NY201803220002';
2018-03-23 16:27:37 EXEC SPC_048_INPUT_OUTPUT_DETAIL_INQ1 'NY201803220002';
2018-03-23 16:27:37 EXEC SPC_048_INPUT_OUTPUT_DETAIL_INQ1 'NY201803220002';
2018-03-23 16:27:38 EXEC SPC_048_INPUT_OUTPUT_DETAIL_INQ1 'NY201803220002';
2018-03-23 16:27:38 EXEC SPC_048_INPUT_OUTPUT_DETAIL_INQ1 'NY201803220002';
2018-03-23 16:27:38 EXEC SPC_048_INPUT_OUTPUT_DETAIL_INQ1 'NY201803220002';
2018-03-23 16:27:39 EXEC SPC_048_INPUT_OUTPUT_DETAIL_INQ1 'NY201803220002';
2018-03-23 16:27:39 EXEC SPC_048_INPUT_OUTPUT_DETAIL_INQ1 'NY201803220002';
2018-03-23 16:27:39 EXEC SPC_048_INPUT_OUTPUT_DETAIL_INQ1 'NY201803220002';
2018-03-23 16:27:40 EXEC SPC_048_INPUT_OUTPUT_DETAIL_INQ1 'NY201803220002';
2018-03-23 16:27:40 EXEC SPC_048_INPUT_OUTPUT_DETAIL_INQ1 'NY201803220002';
2018-03-23 16:27:40 EXEC SPC_048_INPUT_OUTPUT_DETAIL_INQ1 'NY201803220002';
2018-03-23 16:27:41 EXEC SPC_COM_GET_COMBOBOX 'in_out_div';
2018-03-23 16:27:41 EXEC SPC_COM_GET_COMBOBOX 'in_out_data_div';
2018-03-23 16:27:42 EXEC SPC_048_INPUT_OUTPUT_DETAIL_INQ1 'NY201803220002';
2018-03-23 16:29:01 EXEC SPC_COM_GET_COMBOBOX 'in_out_div';
2018-03-23 16:29:01 EXEC SPC_COM_GET_COMBOBOX 'in_out_data_div';
2018-03-23 16:29:38 EXEC SPC_COM_GET_COMBOBOX 'in_out_data_div';
2018-03-23 16:29:38 EXEC SPC_COM_GET_COMBOBOX 'in_out_div';
2018-03-23 16:29:39 EXEC SPC_048_INPUT_OUTPUT_DETAIL_INQ1 'NY201803220002';
2018-03-23 16:30:27 EXEC SPC_048_INPUT_OUTPUT_DETAIL_INQ1 'NY201803220002';
2018-03-23 16:30:27 EXEC SPC_COM_GET_COMBOBOX 'in_out_div';
2018-03-23 16:30:28 EXEC SPC_COM_GET_COMBOBOX 'in_out_data_div';
2018-03-23 16:30:33 EXEC SPC_COM_GET_COMBOBOX 'in_out_div';
2018-03-23 16:30:33 EXEC SPC_COM_GET_COMBOBOX 'in_out_data_div';
2018-03-23 16:30:36 EXEC SPC_COM_GET_COMBOBOX 'in_out_div';
2018-03-23 16:30:36 EXEC SPC_COM_GET_COMBOBOX 'in_out_data_div';
2018-03-23 16:30:43 EXEC SPC_WAREHOUSE_SEARCH '','','1','10';
2018-03-23 16:30:48 EXEC SPC_COMPONENT_PRODUCT_FND '','','','','1','10';
2018-03-23 16:30:51 EXEC SPC_COMPONENT_PRODUCT_FND '','','1','','1','10';
2018-03-23 16:30:52 EXEC SPC_048_INPUT_OUTPUT_DETAIL_INQ2 '000004';
2018-03-23 16:31:02 EXEC SPC_COMPONENT_PRODUCT_FND '','','1','','1','10';
2018-03-23 16:31:03 EXEC SPC_048_INPUT_OUTPUT_DETAIL_INQ2 '000115';
2018-03-23 16:31:11 EXEC SPC_048_INPUT_OUTPUT_DETAIL_ACT1 'I','','5','2018/03/23','00','so0002','備考','[{"in_out_detail_no":"1","item_cd":"000004","serial_no":"","in_out_qty":"10","remarks":"10"},{"in_out_detail_no":"2","item_cd":"000115","serial_no":"100","in_out_qty":"1","remarks":"10"}]','','048_input_output_detail','';
2018-03-23 16:31:12 EXEC SPC_048_INPUT_OUTPUT_DETAIL_INQ1 'SY201803230003';
2018-03-23 16:32:06 EXEC SPC_048_INPUT_OUTPUT_DETAIL_ACT1 'I','','5','2018/03/23','00','so0002','備考','[{"in_out_detail_no":"2","item_cd":"000115","serial_no":"100","in_out_qty":"1","remarks":"10"}]','','048_input_output_detail','';
2018-03-23 16:32:07 EXEC SPC_048_INPUT_OUTPUT_DETAIL_INQ1 'SY201803230004';
2018-03-23 16:36:43 EXEC SPC_COMPONENT_PRODUCT_FND '','','','','1','10';
2018-03-23 16:36:45 EXEC SPC_COMPONENT_PRODUCT_FND '','','1','','1','10';
2018-03-23 16:36:46 EXEC SPC_048_INPUT_OUTPUT_DETAIL_INQ2 '000004';
2018-03-23 16:36:51 EXEC SPC_COMPONENT_PRODUCT_FND '','','1','','1','10';
2018-03-23 16:36:52 EXEC SPC_048_INPUT_OUTPUT_DETAIL_INQ2 '000112';
2018-03-23 16:36:59 EXEC SPC_048_INPUT_OUTPUT_DETAIL_ACT1 'I','','5','2018/03/23','00','so0002','備考','[{"in_out_detail_no":"1","item_cd":"000004","serial_no":"100","in_out_qty":"0","remarks":"10"},{"in_out_detail_no":"2","item_cd":"000112","serial_no":"","in_out_qty":"0","remarks":""}]','','048_input_output_detail','';
2018-03-23 16:37:00 EXEC SPC_048_INPUT_OUTPUT_DETAIL_INQ1 'SY201803230005';
2018-03-23 16:40:00 EXEC SPC_COM_GET_COMBOBOX 'in_out_div';
2018-03-23 16:40:01 EXEC SPC_COM_GET_COMBOBOX 'in_out_data_div';
2018-03-23 16:51:46 EXEC SPC_073_LOGIN_ACT1 '001','123456';
2018-03-23 16:51:46 EXEC SPC_GET_CONSTANT '';
2018-03-23 16:51:54 EXEC SPC_COM_GET_COMBOBOX 'in_out_div';
2018-03-23 16:51:55 EXEC SPC_COM_GET_COMBOBOX 'in_out_data_div';
2018-03-23 16:51:59 EXEC SPC_COM_GET_COMBOBOX 'in_out_div';
2018-03-23 16:51:59 EXEC SPC_COM_GET_COMBOBOX 'in_out_data_div';
2018-03-23 16:52:02 EXEC SPC_COM_GET_COMBOBOX 'in_out_div';
2018-03-23 16:52:02 EXEC SPC_COM_GET_COMBOBOX 'in_out_data_div';
2018-03-23 17:19:36 EXEC SPC_COMPONENT_PRODUCT_FND '','','','','1','10';
2018-03-23 17:19:37 EXEC SPC_048_INPUT_OUTPUT_DETAIL_INQ2 '000115';
2018-03-23 17:21:15 EXEC SPC_COMPONENT_PRODUCT_FND '','','','','1','10';
2018-03-23 17:21:17 EXEC SPC_048_INPUT_OUTPUT_DETAIL_INQ2 '000115';
2018-03-23 17:23:25 EXEC SPC_COM_GET_COMBOBOX 'in_out_div';
2018-03-23 17:23:26 EXEC SPC_COM_GET_COMBOBOX 'in_out_data_div';
2018-03-23 17:26:13 EXEC SPC_COMPONENT_PRODUCT_FND '','','','','1','10';
2018-03-23 17:26:15 EXEC SPC_048_INPUT_OUTPUT_DETAIL_INQ2 '000115';
2018-03-23 17:27:05 EXEC SPC_COM_GET_COMBOBOX 'in_out_div';
2018-03-23 17:27:05 EXEC SPC_COM_GET_COMBOBOX 'in_out_data_div';
2018-03-23 17:27:12 EXEC SPC_COMPONENT_PRODUCT_FND '','','','','1','10';
2018-03-23 17:27:14 EXEC SPC_048_INPUT_OUTPUT_DETAIL_INQ2 '000115';
2018-03-23 17:29:29 EXEC SPC_COM_GET_COMBOBOX 'in_out_div';
2018-03-23 17:29:29 EXEC SPC_COM_GET_COMBOBOX 'in_out_data_div';
2018-03-23 17:29:33 EXEC SPC_COMPONENT_PRODUCT_FND '','','','','1','10';
2018-03-23 17:29:35 EXEC SPC_048_INPUT_OUTPUT_DETAIL_INQ2 '000115';
2018-03-23 17:30:14 EXEC SPC_COM_GET_COMBOBOX 'in_out_div';
2018-03-23 17:30:14 EXEC SPC_COM_GET_COMBOBOX 'in_out_data_div';
2018-03-23 17:30:47 EXEC SPC_COMPONENT_PRODUCT_FND '','','','','1','10';
2018-03-23 17:30:49 EXEC SPC_048_INPUT_OUTPUT_DETAIL_INQ2 '000115';
2018-03-23 17:36:48 EXEC SPC_COM_GET_COMBOBOX 'in_out_div';
2018-03-23 17:36:49 EXEC SPC_COM_GET_COMBOBOX 'in_out_data_div';
2018-03-23 17:36:53 EXEC SPC_COMPONENT_PRODUCT_FND '','','','','1','10';
2018-03-23 17:36:55 EXEC SPC_COMPONENT_PRODUCT_FND '','','1','','1','10';
2018-03-23 17:36:56 EXEC SPC_048_INPUT_OUTPUT_DETAIL_INQ2 '000004';
2018-03-23 17:37:01 EXEC SPC_COMPONENT_PRODUCT_FND '','','1','','1','10';
2018-03-23 17:37:03 EXEC SPC_048_INPUT_OUTPUT_DETAIL_INQ2 '000115';
2018-03-23 17:37:12 EXEC SPC_048_INPUT_OUTPUT_DETAIL_INQ2 '';
2018-03-23 17:37:18 EXEC SPC_COMPONENT_PRODUCT_FND '','','','','1','10';
2018-03-23 17:37:20 EXEC SPC_048_INPUT_OUTPUT_DETAIL_INQ2 '000113';
2018-03-23 17:37:24 EXEC SPC_COMPONENT_PRODUCT_FND '','','','','1','10';
2018-03-23 17:37:25 EXEC SPC_048_INPUT_OUTPUT_DETAIL_INQ2 '000004';
2018-03-23 17:38:26 EXEC SPC_COM_GET_COMBOBOX 'in_out_data_div';
2018-03-23 17:38:26 EXEC SPC_COM_GET_COMBOBOX 'in_out_div';
2018-03-23 17:38:40 EXEC SPC_COMPONENT_PRODUCT_FND '','','','','1','10';
2018-03-23 17:38:41 EXEC SPC_048_INPUT_OUTPUT_DETAIL_INQ2 '000110';
2018-03-23 17:41:03 EXEC SPC_COM_GET_COMBOBOX 'in_out_data_div';
2018-03-23 17:41:09 EXEC SPC_COMPONENT_PRODUCT_FND '','','1','','1','10';
2018-03-23 17:41:11 EXEC SPC_048_INPUT_OUTPUT_DETAIL_INQ2 '000004';
2018-03-23 17:41:22 EXEC SPC_COMPONENT_PRODUCT_FND '','','1','','1','10';
2018-03-23 17:41:23 EXEC SPC_048_INPUT_OUTPUT_DETAIL_INQ2 '000114';
2018-03-23 17:41:34 EXEC SPC_048_INPUT_OUTPUT_DETAIL_INQ2 '';
2018-03-23 17:43:08 EXEC SPC_COM_GET_COMBOBOX 'in_out_div';
2018-03-23 17:43:08 EXEC SPC_COM_GET_COMBOBOX 'in_out_data_div';
2018-03-23 17:44:19 EXEC SPC_COM_GET_COMBOBOX 'in_out_div';
2018-03-23 17:44:19 EXEC SPC_COM_GET_COMBOBOX 'in_out_data_div';
2018-03-23 17:44:30 EXEC SPC_COM_GET_COMBOBOX 'in_out_div';
2018-03-23 17:44:30 EXEC SPC_COM_GET_COMBOBOX 'in_out_data_div';
2018-03-23 17:47:17 EXEC SPC_COM_GET_COMBOBOX 'in_out_div';
2018-03-23 17:47:18 EXEC SPC_COM_GET_COMBOBOX 'in_out_data_div';
2018-03-23 17:47:37 EXEC SPC_COM_GET_COMBOBOX 'in_out_data_div';
2018-03-23 17:47:37 EXEC SPC_COM_GET_COMBOBOX 'in_out_div';
2018-03-23 17:56:36 EXEC SPC_COM_GET_COMBOBOX 'in_out_div';
2018-03-23 17:56:36 EXEC SPC_COM_GET_COMBOBOX 'in_out_data_div';
2018-03-23 17:58:57 EXEC SPC_COM_GET_COMBOBOX 'in_out_div';
2018-03-23 17:58:57 EXEC SPC_COM_GET_COMBOBOX 'in_out_data_div';
2018-03-23 17:59:58 EXEC SPC_GET_TAX_RATE '2018/03/23';
2018-03-23 18:02:22 EXEC SPC_COM_GET_COMBOBOX 'in_out_div';
2018-03-23 18:02:22 EXEC SPC_COM_GET_COMBOBOX 'in_out_data_div';
2018-03-23 18:03:13 EXEC SPC_COM_GET_COMBOBOX 'in_out_div';
2018-03-23 18:03:13 EXEC SPC_COM_GET_COMBOBOX 'in_out_data_div';
2018-03-23 18:05:26 EXEC SPC_COM_GET_COMBOBOX 'in_out_div';
2018-03-23 18:05:26 EXEC SPC_COM_GET_COMBOBOX 'in_out_data_div';
2018-03-23 18:06:01 EXEC SPC_COM_GET_COMBOBOX 'in_out_data_div';
2018-03-23 18:06:01 EXEC SPC_COM_GET_COMBOBOX 'in_out_div';
2018-03-23 18:06:15 EXEC SPC_COM_GET_COMBOBOX 'in_out_div';
2018-03-23 18:06:15 EXEC SPC_COM_GET_COMBOBOX 'in_out_data_div';
2018-03-23 18:08:55 EXEC SPC_COM_GET_COMBOBOX 'in_out_div';
2018-03-23 18:08:56 EXEC SPC_COM_GET_COMBOBOX 'in_out_data_div';
2018-03-23 18:09:13 EXEC SPC_COMPONENT_PRODUCT_FND '','','','','1','10';
2018-03-23 18:09:17 EXEC SPC_048_INPUT_OUTPUT_DETAIL_INQ2 '000115';
2018-03-23 18:10:31 EXEC SPC_COM_GET_COMBOBOX 'in_out_div';
2018-03-23 18:10:31 EXEC SPC_COM_GET_COMBOBOX 'in_out_data_div';
2018-03-23 18:10:44 EXEC SPC_WAREHOUSE_SEARCH '','','1','10';
2018-03-23 18:10:51 EXEC SPC_GET_LIB_WAREHOUSE 'gfsxbg';
2018-03-23 18:11:14 EXEC SPC_COMPONENT_PRODUCT_FND '','','','','1','10';
2018-03-23 18:11:16 EXEC SPC_048_INPUT_OUTPUT_DETAIL_INQ2 '000115';
2018-03-23 18:12:52 EXEC SPC_COM_GET_COMBOBOX 'in_out_div';
2018-03-23 18:12:52 EXEC SPC_COM_GET_COMBOBOX 'in_out_data_div';
2018-03-23 18:12:59 EXEC SPC_GET_LIB_WAREHOUSE 'fgsdzg';
2018-03-23 18:13:04 EXEC SPC_COMPONENT_PRODUCT_FND '','','','','1','10';
2018-03-23 18:13:06 EXEC SPC_048_INPUT_OUTPUT_DETAIL_INQ2 '000115';
2018-03-23 18:15:30 EXEC SPC_COM_GET_COMBOBOX 'in_out_div';
2018-03-23 18:15:30 EXEC SPC_COM_GET_COMBOBOX 'in_out_data_div';
2018-03-23 18:15:43 EXEC SPC_GET_LIB_WAREHOUSE 'dfgasf';
2018-03-23 18:16:37 EXEC SPC_COMPONENT_PRODUCT_FND '','','','','1','10';
2018-03-23 18:16:39 EXEC SPC_048_INPUT_OUTPUT_DETAIL_INQ2 '000115';
2018-03-23 18:17:49 EXEC SPC_COM_GET_COMBOBOX 'in_out_div';
2018-03-23 18:17:49 EXEC SPC_COM_GET_COMBOBOX 'in_out_data_div';
2018-03-23 18:17:56 EXEC SPC_GET_LIB_WAREHOUSE 'dsasd';
2018-03-23 18:18:02 EXEC SPC_COMPONENT_PRODUCT_FND '','','','','1','10';
2018-03-23 18:18:04 EXEC SPC_048_INPUT_OUTPUT_DETAIL_INQ2 '000115';
2018-03-23 18:18:51 EXEC SPC_COM_GET_COMBOBOX 'in_out_data_div';
2018-03-23 18:18:51 EXEC SPC_COM_GET_COMBOBOX 'in_out_div';
2018-03-23 18:18:59 EXEC SPC_COM_GET_COMBOBOX 'in_out_data_div';
2018-03-23 18:18:59 EXEC SPC_COM_GET_COMBOBOX 'in_out_div';
2018-03-23 18:19:00 EXEC SPC_049_INPUT_OUTPUT_FND1 '','','','','','','','1','10';
2018-03-23 18:19:00 EXEC SPC_049_INPUT_OUTPUT_FND1 '','','','','','','','1','10';
2018-03-23 18:19:02 EXEC SPC_COM_GET_COMBOBOX 'in_out_div';
2018-03-23 18:19:02 EXEC SPC_COM_GET_COMBOBOX 'in_out_data_div';
2018-03-23 18:19:09 EXEC SPC_GET_LIB_WAREHOUSE 'hhhh';
2018-03-23 18:19:13 EXEC SPC_COMPONENT_PRODUCT_FND '','','','','1','10';
2018-03-23 18:19:15 EXEC SPC_048_INPUT_OUTPUT_DETAIL_INQ2 '000115';
2018-03-23 18:20:48 EXEC SPC_COM_GET_COMBOBOX 'in_out_div';
2018-03-23 18:20:48 EXEC SPC_COM_GET_COMBOBOX 'in_out_data_div';
2018-03-23 18:20:59 EXEC SPC_GET_LIB_WAREHOUSE 'hhhh';
2018-03-23 18:21:06 EXEC SPC_COMPONENT_PRODUCT_FND '','','','','1','10';
2018-03-23 18:21:08 EXEC SPC_048_INPUT_OUTPUT_DETAIL_INQ2 '000115';
2018-03-23 18:22:08 EXEC SPC_COM_GET_COMBOBOX 'in_out_div';
2018-03-23 18:22:08 EXEC SPC_COM_GET_COMBOBOX 'in_out_data_div';
2018-03-23 18:22:16 EXEC SPC_GET_LIB_WAREHOUSE 'jjjj';
2018-03-23 18:22:24 EXEC SPC_COMPONENT_PRODUCT_FND '','','','','1','10';
2018-03-23 18:22:25 EXEC SPC_048_INPUT_OUTPUT_DETAIL_INQ2 '000115';
2018-03-23 18:22:51 EXEC SPC_048_INPUT_OUTPUT_DETAIL_ACT1 'I','','2','2018/03/22','00','jjjj','備考','[{"in_out_detail_no":"1","item_cd":"000115","serial_no":"20","in_out_qty":"1","remarks":""}]','001','048_input_output_detail','192.168.5.206';
2018-03-23 18:23:30 EXEC SPC_048_INPUT_OUTPUT_DETAIL_ACT1 'I','','2','2018/03/22','00','jjjj','備考','[{"in_out_detail_no":"1","item_cd":"000115","serial_no":"20","in_out_qty":"1","remarks":""}]','001','048_input_output_detail','192.168.5.206';
2018-03-23 18:24:32 EXEC SPC_COMPONENT_PRODUCT_FND '','','','','1','10';
2018-03-23 18:24:34 EXEC SPC_048_INPUT_OUTPUT_DETAIL_INQ2 '000115';
2018-03-23 18:25:06 EXEC SPC_048_INPUT_OUTPUT_DETAIL_ACT1 'I','','2','2018/03/22','00','jjjj','備考','[{"in_out_detail_no":"1","item_cd":"000115","serial_no":"20","in_out_qty":"1","remarks":""},{"in_out_detail_no":"2","item_cd":"000115","serial_no":"30","in_out_qty":"1","remarks":""}]','001','048_input_output_detail','192.168.5.206';
2018-03-23 18:26:47 EXEC SPC_COM_GET_COMBOBOX 'in_out_div';
2018-03-23 18:26:47 EXEC SPC_COM_GET_COMBOBOX 'in_out_data_div';
2018-03-23 18:26:56 EXEC SPC_GET_LIB_WAREHOUSE 'hhhhh';
2018-03-23 18:27:03 EXEC SPC_COMPONENT_PRODUCT_FND '','','','','1','10';
2018-03-23 18:27:05 EXEC SPC_048_INPUT_OUTPUT_DETAIL_INQ2 '000115';
2018-03-23 18:27:14 EXEC SPC_048_INPUT_OUTPUT_DETAIL_ACT1 'I','','5','2018/03/22','00','hhhhh','備考','[{"in_out_detail_no":"1","item_cd":"000115","serial_no":"10","in_out_qty":"1","remarks":""}]','001','048_input_output_detail','192.168.5.206';
2018-03-23 18:27:19 EXEC SPC_WAREHOUSE_SEARCH '','','1','10';
2018-03-23 18:27:42 EXEC SPC_048_INPUT_OUTPUT_DETAIL_ACT1 'I','','5','2018/03/23','00','so0004','備考','[{"in_out_detail_no":"1","item_cd":"000115","serial_no":"10","in_out_qty":"1","remarks":""}]','001','048_input_output_detail','192.168.5.206';
2018-03-23 18:27:43 EXEC SPC_048_INPUT_OUTPUT_DETAIL_INQ1 'SY201803230006';
2018-03-23 18:30:38 EXEC SPC_COM_GET_COMBOBOX 'in_out_div';
2018-03-23 18:30:38 EXEC SPC_COM_GET_COMBOBOX 'in_out_data_div';
2018-03-23 18:30:47 EXEC SPC_GET_LIB_WAREHOUSE 'ffff';
2018-03-23 18:30:50 EXEC SPC_COMPONENT_PRODUCT_FND '','','','','1','10';
2018-03-23 18:30:52 EXEC SPC_048_INPUT_OUTPUT_DETAIL_INQ2 '000115';
2018-03-23 18:30:58 EXEC SPC_048_INPUT_OUTPUT_DETAIL_ACT1 'I','','5','2018/03/23','00','ffff','','[{"in_out_detail_no":"1","item_cd":"000115","serial_no":"20","in_out_qty":"1","remarks":"20"}]','001','048_input_output_detail','192.168.5.206';
2018-03-23 18:31:02 EXEC SPC_WAREHOUSE_SEARCH '','','1','10';
2018-03-23 18:31:07 EXEC SPC_048_INPUT_OUTPUT_DETAIL_ACT1 'I','','5','2018/03/23','00','so0004','','[{"in_out_detail_no":"1","item_cd":"000115","serial_no":"20","in_out_qty":"1","remarks":"20"}]','001','048_input_output_detail','192.168.5.206';
2018-03-23 18:31:09 EXEC SPC_048_INPUT_OUTPUT_DETAIL_INQ1 'SY201803230007';
2018-03-23 18:33:44 EXEC SPC_048_INPUT_OUTPUT_DETAIL_ACT1 'I','','2','2018/03/23','00','so0004','','[{"in_out_detail_no":"1","item_cd":"000115","serial_no":"20","in_out_qty":"1","remarks":"20"}]','001','048_input_output_detail','192.168.5.206';
2018-03-23 18:33:45 EXEC SPC_048_INPUT_OUTPUT_DETAIL_INQ1 'NY201803230007';
2018-03-23 18:34:58 EXEC SPC_048_INPUT_OUTPUT_DETAIL_ACT1 'I','','2','2018/03/23','00','so0004','','[{"in_out_detail_no":"1","item_cd":"000115","serial_no":"20","in_out_qty":"1","remarks":"20"}]','001','048_input_output_detail','192.168.5.206';
2018-03-23 18:34:59 EXEC SPC_048_INPUT_OUTPUT_DETAIL_INQ1 'NY201803230008';
2018-03-23 18:35:31 EXEC SPC_COM_GET_COMBOBOX 'in_out_div';
2018-03-23 18:35:31 EXEC SPC_COM_GET_COMBOBOX 'in_out_data_div';
2018-03-23 18:35:41 EXEC SPC_WAREHOUSE_SEARCH '','','1','10';
2018-03-23 18:35:48 EXEC SPC_COMPONENT_PRODUCT_FND '','','1','','1','10';
2018-03-23 18:35:50 EXEC SPC_048_INPUT_OUTPUT_DETAIL_INQ2 '000115';
2018-03-23 18:35:54 EXEC SPC_048_INPUT_OUTPUT_DETAIL_ACT1 'I','','2','2018/03/23','00','so0004','備考','[{"in_out_detail_no":"1","item_cd":"000115","serial_no":"300","in_out_qty":"1","remarks":""}]','001','048_input_output_detail','192.168.5.206';
2018-03-23 18:35:56 EXEC SPC_048_INPUT_OUTPUT_DETAIL_INQ1 'NY201803230009';
2018-03-23 18:38:03 EXEC SPC_COM_GET_COMBOBOX 'in_out_div';
2018-03-23 18:38:03 EXEC SPC_COM_GET_COMBOBOX 'in_out_data_div';
2018-03-23 18:38:11 EXEC SPC_WAREHOUSE_SEARCH '','','1','10';
2018-03-23 18:38:18 EXEC SPC_COMPONENT_PRODUCT_FND '','','1','','1','10';
2018-03-23 18:38:19 EXEC SPC_048_INPUT_OUTPUT_DETAIL_INQ2 '000115';
2018-03-23 18:38:27 EXEC SPC_048_INPUT_OUTPUT_DETAIL_ACT1 'I','','2','2018/03/23','00','so0004','','[{"in_out_detail_no":"1","item_cd":"000115","serial_no":"20","in_out_qty":"1","remarks":"20"}]','001','048_input_output_detail','192.168.5.206';
2018-03-23 18:38:28 EXEC SPC_048_INPUT_OUTPUT_DETAIL_INQ1 'NY201803230010';
2018-03-23 18:39:02 EXEC SPC_048_INPUT_OUTPUT_DETAIL_ACT1 'I','','2','2018/03/23','00','so0004','','[{"in_out_detail_no":"1","item_cd":"000115","serial_no":"20","in_out_qty":"1","remarks":"20"}]','001','048_input_output_detail','192.168.5.206';
2018-03-23 18:39:03 EXEC SPC_048_INPUT_OUTPUT_DETAIL_INQ1 'NY201803230011';
2018-03-23 18:40:21 EXEC SPC_COM_GET_COMBOBOX 'in_out_div';
2018-03-23 18:40:21 EXEC SPC_COM_GET_COMBOBOX 'in_out_data_div';
2018-03-23 18:40:33 EXEC SPC_WAREHOUSE_SEARCH '','','1','10';
2018-03-23 18:40:39 EXEC SPC_COMPONENT_PRODUCT_FND '','','1','','1','10';
2018-03-23 18:40:41 EXEC SPC_048_INPUT_OUTPUT_DETAIL_INQ2 '000115';
2018-03-23 18:40:44 EXEC SPC_048_INPUT_OUTPUT_DETAIL_ACT1 'I','','2','2018/03/23','00','so0002','','[{"in_out_detail_no":"1","item_cd":"000115","serial_no":"20","in_out_qty":"1","remarks":""}]','001','048_input_output_detail','192.168.5.206';
2018-03-23 18:40:45 EXEC SPC_048_INPUT_OUTPUT_DETAIL_INQ1 'NY201803230012';
2018-03-23 18:41:44 EXEC SPC_COM_GET_COMBOBOX 'in_out_div';
2018-03-23 18:41:44 EXEC SPC_COM_GET_COMBOBOX 'in_out_data_div';
2018-03-23 18:41:53 EXEC SPC_WAREHOUSE_SEARCH '','','1','10';
2018-03-23 18:41:58 EXEC SPC_COMPONENT_PRODUCT_FND '','','','','1','10';
2018-03-23 18:42:00 EXEC SPC_048_INPUT_OUTPUT_DETAIL_INQ2 '000115';
2018-03-23 18:42:05 EXEC SPC_048_INPUT_OUTPUT_DETAIL_ACT1 'I','','2','2018/03/23','00','so0004','','[{"in_out_detail_no":"1","item_cd":"000115","serial_no":"20","in_out_qty":"1","remarks":"20"}]','001','048_input_output_detail','192.168.5.206';
2018-03-23 18:42:05 EXEC SPC_048_INPUT_OUTPUT_DETAIL_INQ1 'NY201803230013';
2018-03-23 18:42:27 EXEC SPC_COM_GET_COMBOBOX 'in_out_div';
2018-03-23 18:42:27 EXEC SPC_COM_GET_COMBOBOX 'in_out_data_div';
2018-03-23 18:42:36 EXEC SPC_WAREHOUSE_SEARCH '','','1','10';
2018-03-23 18:42:40 EXEC SPC_COMPONENT_PRODUCT_FND '','','','','1','10';
2018-03-23 18:42:42 EXEC SPC_048_INPUT_OUTPUT_DETAIL_INQ2 '000115';
2018-03-23 18:42:46 EXEC SPC_048_INPUT_OUTPUT_DETAIL_ACT1 'I','','2','2018/03/23','00','so0004','','[{"in_out_detail_no":"1","item_cd":"000115","serial_no":"20","in_out_qty":"1","remarks":""}]','001','048_input_output_detail','192.168.5.206';
2018-03-23 18:42:47 EXEC SPC_048_INPUT_OUTPUT_DETAIL_INQ1 'NY201803230014';
2018-03-23 18:44:29 EXEC SPC_COM_GET_COMBOBOX 'in_out_div';
2018-03-23 18:44:29 EXEC SPC_COM_GET_COMBOBOX 'in_out_data_div';
2018-03-23 18:44:40 EXEC SPC_WAREHOUSE_SEARCH '','','1','10';
2018-03-23 18:44:48 EXEC SPC_COMPONENT_PRODUCT_FND '','','','','1','10';
2018-03-23 18:44:50 EXEC SPC_048_INPUT_OUTPUT_DETAIL_INQ2 '000115';
2018-03-23 18:44:54 EXEC SPC_048_INPUT_OUTPUT_DETAIL_ACT1 'I','','2','2018/03/23','00','so0004','備考','[{"in_out_detail_no":"1","item_cd":"000115","serial_no":"20","in_out_qty":"1","remarks":""}]','001','048_input_output_detail','192.168.5.206';
2018-03-23 18:44:55 EXEC SPC_048_INPUT_OUTPUT_DETAIL_INQ1 'NY201803230015';
2018-03-23 18:44:59 EXEC SPC_COM_GET_COMBOBOX 'in_out_data_div';
2018-03-23 18:44:59 EXEC SPC_COM_GET_COMBOBOX 'in_out_div';
2018-03-23 18:45:02 EXEC SPC_049_INPUT_OUTPUT_FND1 '','','','','','','','1','10';
2018-03-23 18:45:04 EXEC SPC_COM_GET_COMBOBOX 'in_out_div';
2018-03-23 18:45:04 EXEC SPC_COM_GET_COMBOBOX 'in_out_data_div';
2018-03-23 18:45:07 EXEC SPC_048_INPUT_OUTPUT_DETAIL_INQ1 'NY201803220002';
2018-03-23 18:45:08 EXEC SPC_COM_GET_COMBOBOX 'in_out_data_div';
2018-03-23 18:45:08 EXEC SPC_COM_GET_COMBOBOX 'in_out_div';
2018-03-23 18:45:08 EXEC SPC_049_INPUT_OUTPUT_FND1 '','','','','','','','1','10';
2018-03-23 18:45:08 EXEC SPC_049_INPUT_OUTPUT_FND1 '','','','','','','','1','10';
2018-03-23 18:45:10 EXEC SPC_COM_GET_COMBOBOX 'in_out_data_div';
2018-03-23 18:45:10 EXEC SPC_COM_GET_COMBOBOX 'in_out_div';
2018-03-23 18:45:17 EXEC SPC_WAREHOUSE_SEARCH '','','1','10';
2018-03-23 18:45:22 EXEC SPC_COMPONENT_PRODUCT_FND '','','','','1','10';
2018-03-23 18:45:23 EXEC SPC_048_INPUT_OUTPUT_DETAIL_INQ2 '000115';
2018-03-23 18:45:27 EXEC SPC_048_INPUT_OUTPUT_DETAIL_ACT1 'I','','5','2018/03/23','00','so0004','','[{"in_out_detail_no":"1","item_cd":"000115","serial_no":"20","in_out_qty":"1","remarks":""}]','001','048_input_output_detail','192.168.5.206';
2018-03-23 18:45:28 EXEC SPC_048_INPUT_OUTPUT_DETAIL_INQ1 'SY201803230008';
2018-03-23 18:46:03 EXEC SPC_048_INPUT_OUTPUT_DETAIL_ACT1 'I','','2','2018/03/23','00','so0004','','[{"in_out_detail_no":"1","item_cd":"000115","serial_no":"20","in_out_qty":"1","remarks":""}]','001','048_input_output_detail','192.168.5.206';
2018-03-23 18:46:05 EXEC SPC_048_INPUT_OUTPUT_DETAIL_INQ1 'NY201803230016';
2018-03-23 18:47:17 EXEC SPC_COM_GET_COMBOBOX 'in_out_div';
2018-03-23 18:47:17 EXEC SPC_COM_GET_COMBOBOX 'in_out_data_div';
2018-03-23 18:47:25 EXEC SPC_WAREHOUSE_SEARCH '','','1','10';
2018-03-23 18:47:30 EXEC SPC_COMPONENT_PRODUCT_FND '','','','','1','10';
2018-03-23 18:47:32 EXEC SPC_048_INPUT_OUTPUT_DETAIL_INQ2 '000115';
2018-03-23 18:47:37 EXEC SPC_048_INPUT_OUTPUT_DETAIL_ACT1 'I','','2','2018/03/23','00','so0004','','[{"in_out_detail_no":"1","item_cd":"000115","serial_no":"20","in_out_qty":"1","remarks":"10"}]','001','048_input_output_detail','192.168.5.206';
2018-03-23 18:47:38 EXEC SPC_048_INPUT_OUTPUT_DETAIL_INQ1 'NY201803230017';
2018-03-23 18:47:52 EXEC SPC_COM_GET_COMBOBOX 'in_out_div';
2018-03-23 18:47:52 EXEC SPC_COM_GET_COMBOBOX 'in_out_data_div';
2018-03-23 18:47:53 EXEC SPC_049_INPUT_OUTPUT_FND1 '','','','','','','','1','10';
2018-03-23 18:47:53 EXEC SPC_049_INPUT_OUTPUT_FND1 '','','','','','','','1','10';
2018-03-23 18:47:57 EXEC SPC_COM_GET_COMBOBOX 'in_out_div';
2018-03-23 18:47:57 EXEC SPC_COM_GET_COMBOBOX 'in_out_data_div';
2018-03-23 18:47:57 EXEC SPC_048_INPUT_OUTPUT_DETAIL_INQ1 'NY201803230004';
2018-03-23 18:49:30 EXEC SPC_COM_GET_COMBOBOX 'in_out_div';
2018-03-23 18:49:30 EXEC SPC_COM_GET_COMBOBOX 'in_out_data_div';
2018-03-23 18:49:30 EXEC SPC_048_INPUT_OUTPUT_DETAIL_INQ1 'NY201803230004';
2018-03-23 18:50:49 EXEC SPC_COM_GET_COMBOBOX 'in_out_data_div';
2018-03-23 18:50:49 EXEC SPC_COM_GET_COMBOBOX 'in_out_div';
2018-03-23 18:50:49 EXEC SPC_048_INPUT_OUTPUT_DETAIL_INQ1 'NY201803230004';
2018-03-23 18:57:17 EXEC SPC_COM_GET_COMBOBOX 'in_out_div';
2018-03-23 18:57:17 EXEC SPC_COM_GET_COMBOBOX 'in_out_data_div';
2018-03-23 18:57:17 EXEC SPC_048_INPUT_OUTPUT_DETAIL_INQ1 'NY201803230004';
2018-03-23 18:57:37 EXEC SPC_COM_GET_COMBOBOX 'in_out_div';
2018-03-23 18:57:37 EXEC SPC_048_INPUT_OUTPUT_DETAIL_INQ1 'NY201803230004';
2018-03-23 18:57:37 EXEC SPC_COM_GET_COMBOBOX 'in_out_data_div';
2018-03-23 18:58:22 EXEC SPC_COM_GET_COMBOBOX 'in_out_div';
2018-03-23 18:58:22 EXEC SPC_COM_GET_COMBOBOX 'in_out_data_div';
2018-03-23 18:58:22 EXEC SPC_048_INPUT_OUTPUT_DETAIL_INQ1 'NY201803230004';
2018-03-23 19:00:26 EXEC SPC_COM_GET_COMBOBOX 'in_out_div';
2018-03-23 19:00:26 EXEC SPC_COM_GET_COMBOBOX 'in_out_data_div';
2018-03-23 19:00:26 EXEC SPC_048_INPUT_OUTPUT_DETAIL_INQ1 'NY201803230004';
