2018-03-20 10:30:43 EXEC SPC_COM_GET_COMBOBOX 'buy_status_div';
2018-03-20 10:31:45 EXEC SPC_073_LOGIN_ACT1 '001','123456';
2018-03-20 10:32:04 EXEC SPC_073_LOGIN_ACT1 '001','123456';
2018-03-20 10:32:04 EXEC SPC_GET_CONSTANT '';
2018-03-20 10:32:09 EXEC SPC_077_USER_MASTER_SEARCH_FND1 '','','','1','10';
2018-03-20 10:33:14 EXEC SPC_COM_GET_COMBOBOX 'in_out_div';
2018-03-20 10:33:14 EXEC SPC_COM_GET_COMBOBOX 'in_out_data_div';
2018-03-20 10:53:35 EXEC SPC_COM_GET_COMBOBOX 'fwd_status_div';
2018-03-20 10:53:37 EXEC SPC_011_SHIPMENT_SEARCH_FND1 '','','','','','','1','10';
2018-03-20 10:53:41 EXEC SPC_011_SHIPMENT_SEARCH_FND1 '','','','','','10','1','10';
2018-03-20 10:56:09 EXEC SPC_011_SHIPMENT_SEARCH_FND1 '','','','','','10','1','10';
2018-03-20 11:03:59 EXEC SPC_GET_TAX_RATE '2018/03/20';
2018-03-20 11:04:06 EXEC SPC_COM_GET_COMBOBOX 'buy_status_div';
2018-03-20 11:04:08 EXEC SPC_032_PURCHASE_REQUEST_SEARCH_FND1 '','','','','','','','1','10';
2018-03-20 11:04:12 EXEC SPC_GET_TAX_RATE '2018/03/20';
2018-03-20 11:04:12 EXEC SPC_031_PURCHASE_REQUEST_DETAIL_INQ1 'KI201803010001';
2018-03-20 11:04:13 EXEC SPC_GET_TAX_RATE '2018/03/01';
2018-03-20 11:04:18 EXEC SPC_REFER_CLIENT_CD '';
2018-03-20 11:04:25 EXEC SPC_031_PURCHASE_REQUEST_DETAIL_ACT1 'U','KI201803010001','20','2018/03/01','','仕入先担当者名','仕入先担当者名','','備考','[{"buy_detail_no":"1","parts_cd":"000123","buy_qty":"9999","buy_unit_price":"999999","buy_detail_amt":"9998990001","buy_detail_tax":"119987880.01","detail_remarks":""},{"buy_detail_no":"2","parts_cd":"20502","buy_qty":"9999","buy_unit_price":"9999999","buy_detail_amt":"99989990001","buy_detail_tax":"1199879880.01","detail_remarks":""}]','109988980002','1319867760.02','1319867760','111308847762','001','031_purchase_request-detail','192.168.5.206';
2018-03-20 11:04:27 EXEC SPC_031_PURCHASE_REQUEST_DETAIL_INQ1 'KI201803010001';
2018-03-20 11:04:27 EXEC SPC_GET_TAX_RATE '2018/03/01';
2018-03-20 11:05:16 EXEC SPC_COM_GET_COMBOBOX 'buy_status_div';
2018-03-20 11:05:17 EXEC SPC_032_PURCHASE_REQUEST_SEARCH_FND1 '','','','','','','','1','10';
2018-03-20 11:05:18 EXEC SPC_032_PURCHASE_REQUEST_SEARCH_FND1 '','','','','','','','1','10';
2018-03-20 11:07:06 EXEC SPC_GET_TAX_RATE '2018/03/20';
2018-03-20 11:07:06 EXEC SPC_031_PURCHASE_REQUEST_DETAIL_INQ1 'KI201803010001';
2018-03-20 11:07:07 EXEC SPC_GET_TAX_RATE '2018/03/01';
2018-03-20 11:08:03 EXEC SPC_COM_GET_COMBOBOX 'buy_status_div';
2018-03-20 11:08:03 EXEC SPC_032_PURCHASE_REQUEST_SEARCH_FND1 '','','','','','','','1','10';
2018-03-20 11:08:07 EXEC SPC_032_PURCHASE_REQUEST_SEARCH_ACT1 '[{"buy_no":"KI201803010001","buy_status_div":"20"}]','001','032_purchase_request-search','192.168.5.206';
2018-03-20 11:08:58 EXEC SPC_032_PURCHASE_REQUEST_SEARCH_ACT1 '[{"buy_no":"KI201803010001","buy_status_div":"20"},{"buy_no":"KI201803010002","buy_status_div":"20"}]','001','032_purchase_request-search','192.168.5.206';
2018-03-20 11:09:02 EXEC SPC_GET_TAX_RATE '2018/03/20';
2018-03-20 11:09:02 EXEC SPC_031_PURCHASE_REQUEST_DETAIL_INQ1 'KI201803010002';
2018-03-20 11:09:03 EXEC SPC_GET_TAX_RATE '2018/03/01';
2018-03-20 11:09:06 EXEC SPC_COM_GET_COMBOBOX 'buy_status_div';
2018-03-20 11:09:07 EXEC SPC_032_PURCHASE_REQUEST_SEARCH_FND1 '','','','','','','','1','10';
2018-03-20 11:09:10 EXEC SPC_GET_TAX_RATE '2018/03/20';
2018-03-20 11:09:11 EXEC SPC_031_PURCHASE_REQUEST_DETAIL_INQ1 'KI201803010002';
2018-03-20 11:09:11 EXEC SPC_GET_TAX_RATE '2018/03/01';
2018-03-20 11:09:14 EXEC SPC_REFER_CLIENT_CD '001';
2018-03-20 11:09:16 EXEC SPC_031_PURCHASE_REQUEST_DETAIL_ACT1 'U','KI201803010002','20','2018/03/01','001','仕入先担当者名','仕入先担当者名','','備考','[{"buy_detail_no":"1","parts_cd":"000123","buy_qty":"20","buy_unit_price":"20","buy_detail_amt":"400","buy_detail_tax":"4.8","detail_remarks":""}]','400','4.8','456','405','001','031_purchase_request-detail','192.168.5.206';
2018-03-20 11:09:17 EXEC SPC_031_PURCHASE_REQUEST_DETAIL_INQ1 'KI201803010002';
2018-03-20 11:09:18 EXEC SPC_GET_TAX_RATE '2018/03/01';
2018-03-20 11:09:21 EXEC SPC_COM_GET_COMBOBOX 'buy_status_div';
2018-03-20 11:09:22 EXEC SPC_032_PURCHASE_REQUEST_SEARCH_FND1 '','','','','','','','1','10';
2018-03-20 11:09:27 EXEC SPC_032_PURCHASE_REQUEST_SEARCH_ACT1 '[{"buy_no":"KI201803010001","buy_status_div":"20"},{"buy_no":"KI201803010002","buy_status_div":"20"}]','001','032_purchase_request-search','192.168.5.206';
2018-03-20 11:09:36 EXEC SPC_GET_TAX_RATE '2018/03/20';
2018-03-20 11:09:36 EXEC SPC_031_PURCHASE_REQUEST_DETAIL_INQ1 'KI201803010002';
2018-03-20 11:09:37 EXEC SPC_GET_TAX_RATE '2018/03/01';
2018-03-20 11:09:40 EXEC SPC_031_PURCHASE_REQUEST_DETAIL_ACT1 'U','KI201803010002','20','2018/03/01','001','仕入先担当者名','仕入先担当者名','','備考','[{"buy_detail_no":"1","parts_cd":"000123","buy_qty":"20","buy_unit_price":"20","buy_detail_amt":"400","buy_detail_tax":"4.8","detail_remarks":""}]','400','4.8','456','405','001','031_purchase_request-detail','192.168.5.206';
2018-03-20 11:09:41 EXEC SPC_031_PURCHASE_REQUEST_DETAIL_INQ1 'KI201803010002';
2018-03-20 11:09:42 EXEC SPC_GET_TAX_RATE '2018/03/01';
2018-03-20 11:10:02 EXEC SPC_COM_GET_COMBOBOX 'buy_status_div';
2018-03-20 11:10:03 EXEC SPC_032_PURCHASE_REQUEST_SEARCH_FND1 '','','','','','','','1','10';
2018-03-20 11:10:08 EXEC SPC_032_PURCHASE_REQUEST_SEARCH_FND1 '','','','','','','10','1','10';
2018-03-20 11:10:13 EXEC SPC_032_PURCHASE_REQUEST_SEARCH_FND1 '','','','','','','20','1','10';
2018-03-20 11:14:59 EXEC SPC_032_PURCHASE_REQUEST_SEARCH_FND1 '','','','','','','20','1','10';
2018-03-20 11:15:02 EXEC SPC_032_PURCHASE_REQUEST_SEARCH_FND1 '','','','','','','10','1','10';
2018-03-20 11:17:40 EXEC SPC_032_PURCHASE_REQUEST_SEARCH_FND1 '','','','','','','10','1','10';
2018-03-20 11:19:55 EXEC SPC_032_PURCHASE_REQUEST_SEARCH_FND1 '','','','','','','10','1','10';
2018-03-20 11:20:07 EXEC SPC_COM_GET_COMBOBOX 'forwarding_way_div';
2018-03-20 11:20:08 EXEC SPC_COM_GET_COMBOBOX 'forwarding_div';
2018-03-20 11:20:08 EXEC SPC_COM_GET_COMBOBOX 'forwarder_div';
2018-03-20 11:20:08 EXEC SPC_COM_GET_COMBOBOX 'forwarding_warehouse_div';
2018-03-20 11:20:08 EXEC SPC_COM_GET_COMBOBOX 'packing_method_div';
2018-03-20 11:20:15 EXEC SPC_COM_GET_COMBOBOX 'fwd_status_div';
2018-03-20 11:20:16 EXEC SPC_011_SHIPMENT_SEARCH_FND1 '','','','','','','1','10';
2018-03-20 11:20:20 EXEC SPC_COM_GET_COMBOBOX 'forwarding_way_div';
2018-03-20 11:20:20 EXEC SPC_COM_GET_COMBOBOX 'packing_method_div';
2018-03-20 11:20:20 EXEC SPC_COM_GET_COMBOBOX 'forwarder_div';
2018-03-20 11:20:20 EXEC SPC_COM_GET_COMBOBOX 'forwarding_div';
2018-03-20 11:20:20 EXEC SPC_COM_GET_COMBOBOX 'forwarding_warehouse_div';
2018-03-20 11:20:27 EXEC SPC_COM_GET_COMBOBOX 'fwd_status_div';
2018-03-20 11:20:29 EXEC SPC_011_SHIPMENT_SEARCH_FND1 '','','','','','','1','10';
2018-03-20 11:20:30 EXEC SPC_010_SHIPMENT_DETAIL_INQ3 'S-18030001';
2018-03-20 11:25:06 EXEC SPC_COM_GET_COMBOBOX 'fwd_status_div';
2018-03-20 11:25:08 EXEC SPC_011_SHIPMENT_SEARCH_FND1 '','','','','','','1','10';
2018-03-20 11:25:14 EXEC SPC_011_SHIPMENT_SEARCH_FND1 '','','','','','20','1','10';
2018-03-20 11:25:16 EXEC SPC_010_SHIPMENT_DETAIL_INQ3 'S-18030002';
2018-03-20 11:25:23 EXEC SPC_010_SHIPMENT_DETAIL_INQ3 'S-18030001';
2018-03-20 11:25:27 EXEC SPC_COM_GET_COMBOBOX 'fwd_status_div';
2018-03-20 11:25:28 EXEC SPC_011_SHIPMENT_SEARCH_FND1 '','','','','','','1','10';
2018-03-20 11:25:31 EXEC SPC_011_SHIPMENT_SEARCH_FND1 '','','','','','','7','10';
2018-03-20 11:25:33 EXEC SPC_010_SHIPMENT_DETAIL_INQ3 'S-18030016';
2018-03-20 11:30:00 EXEC SPC_COM_GET_COMBOBOX 'buy_status_div';
2018-03-20 11:30:01 EXEC SPC_032_PURCHASE_REQUEST_SEARCH_FND1 '','','','','','','','1','10';
2018-03-20 11:30:07 EXEC SPC_GET_TAX_RATE '2018/03/20';
2018-03-20 11:30:08 EXEC SPC_031_PURCHASE_REQUEST_DETAIL_INQ1 'KI201802280001';
2018-03-20 11:30:08 EXEC SPC_GET_TAX_RATE '2018/02/28';
2018-03-20 11:30:12 EXEC SPC_COM_GET_COMBOBOX 'buy_status_div';
2018-03-20 11:30:12 EXEC SPC_032_PURCHASE_REQUEST_SEARCH_FND1 '','','','','','','','1','10';
2018-03-20 11:30:17 EXEC SPC_032_PURCHASE_REQUEST_SEARCH_FND1 '','','','','','','','2','10';
2018-03-20 11:30:18 EXEC SPC_032_PURCHASE_REQUEST_SEARCH_FND1 '','','','','','','','3','10';
2018-03-20 11:30:20 EXEC SPC_032_PURCHASE_REQUEST_SEARCH_FND1 '','','','','','','','4','10';
2018-03-20 11:30:22 EXEC SPC_032_PURCHASE_REQUEST_SEARCH_FND1 '','','','','','','','5','10';
2018-03-20 11:30:23 EXEC SPC_032_PURCHASE_REQUEST_SEARCH_FND1 '','','','','','','','6','10';
2018-03-20 11:30:24 EXEC SPC_032_PURCHASE_REQUEST_SEARCH_FND1 '','','','','','','','7','10';
2018-03-20 11:30:25 EXEC SPC_032_PURCHASE_REQUEST_SEARCH_FND1 '','','','','','','','8','10';
2018-03-20 11:30:27 EXEC SPC_032_PURCHASE_REQUEST_SEARCH_FND1 '','','','','','','','66','10';
2018-03-20 11:30:30 EXEC SPC_032_PURCHASE_REQUEST_SEARCH_FND1 '','','','','','','','1','10';
2018-03-20 11:30:33 EXEC SPC_GET_TAX_RATE '2018/03/20';
2018-03-20 11:30:33 EXEC SPC_031_PURCHASE_REQUEST_DETAIL_INQ1 'KI201802280001';
2018-03-20 11:30:34 EXEC SPC_GET_TAX_RATE '2018/02/28';
2018-03-20 11:30:36 EXEC SPC_COM_GET_COMBOBOX 'buy_status_div';
2018-03-20 11:30:37 EXEC SPC_032_PURCHASE_REQUEST_SEARCH_FND1 '','','','','','','','1','10';
2018-03-20 11:30:40 EXEC SPC_032_PURCHASE_REQUEST_SEARCH_FND1 '','','','','','','10','1','10';
2018-03-20 11:30:44 EXEC SPC_GET_TAX_RATE '2018/03/20';
2018-03-20 11:30:45 EXEC SPC_031_PURCHASE_REQUEST_DETAIL_INQ1 'KI201803010019';
2018-03-20 11:30:45 EXEC SPC_GET_TAX_RATE '1997/03/01';
2018-03-20 11:30:47 EXEC SPC_REFER_CLIENT_CD '';
2018-03-20 11:30:50 EXEC SPC_031_PURCHASE_REQUEST_DETAIL_ACT1 'U','KI201803010019','10','1997/03/01','','株式会社アペレ','株式会社アペレ','2018/03/22','備考備考備考備考v備考備考','[{"buy_detail_no":"1","parts_cd":"00022","buy_qty":"654","buy_unit_price":"785","buy_detail_amt":"513390","buy_detail_tax":"41071.2","detail_remarks":"\u5099\u80031"},{"buy_detail_no":"2","parts_cd":"00023","buy_qty":"654","buy_unit_price":"765","buy_detail_amt":"500310","buy_detail_tax":"40024.8","detail_remarks":"\u5099\u80032"},{"buy_detail_no":"3","parts_cd":"00024","buy_qty":"64","buy_unit_price":"45","buy_detail_amt":"2880","buy_detail_tax":"230.4","detail_remarks":"\u5099\u80033"},{"buy_detail_no":"4","parts_cd":"00025","buy_qty":"74","buy_unit_price":"74","buy_detail_amt":"5476","buy_detail_tax":"438.08","detail_remarks":"\u5099\u80034"},{"buy_detail_no":"5","parts_cd":"00021","buy_qty":"74","buy_unit_price":"64","buy_detail_amt":"4736","buy_detail_tax":"378.88","detail_remarks":"\u5099\u80035"},{"buy_detail_no":"6","parts_cd":"00021","buy_qty":"534","buy_unit_price":"53","buy_detail_amt":"28302","buy_detail_tax":"2264.16","detail_remarks":""},{"buy_detail_no":"7","parts_cd":"00021","buy_qty":"53","buy_unit_price":"64","buy_detail_amt":"3392","buy_detail_tax":"271.36","detail_remarks":""},{"buy_detail_no":"8","parts_cd":"00021","buy_qty":"5","buy_unit_price":"456","buy_detail_amt":"2280","buy_detail_tax":"182.4","detail_remarks":""},{"buy_detail_no":"9","parts_cd":"00021","buy_qty":"64","buy_unit_price":"76","buy_detail_amt":"4864","buy_detail_tax":"389.12","detail_remarks":""},{"buy_detail_no":"10","parts_cd":"00021","buy_qty":"54","buy_unit_price":"4356","buy_detail_amt":"235224","buy_detail_tax":"18817.92","detail_remarks":""},{"buy_detail_no":"11","parts_cd":"00021","buy_qty":"6546","buy_unit_price":"564645","buy_detail_amt":"3696166170","buy_detail_tax":"295693293.6","detail_remarks":""},{"buy_detail_no":"12","parts_cd":"00025","buy_qty":"54","buy_unit_price":"654","buy_detail_amt":"35316","buy_detail_tax":"2825.28","detail_remarks":""},{"buy_detail_no":"13","parts_cd":"00025","buy_qty":"65","buy_unit_price":"65465","buy_detail_amt":"4255225","buy_detail_tax":"340418","detail_remarks":""},{"buy_detail_no":"14","parts_cd":"00025","buy_qty":"54","buy_unit_price":"65476","buy_detail_amt":"3535704","buy_detail_tax":"282856.32","detail_remarks":""},{"buy_detail_no":"15","parts_cd":"00022","buy_qty":"54","buy_unit_price":"65476","buy_detail_amt":"3535704","buy_detail_tax":"282856.32","detail_remarks":""},{"buy_detail_no":"16","parts_cd":"00022","buy_qty":"45","buy_unit_price":"645","buy_detail_amt":"29025","buy_detail_tax":"2322","detail_remarks":""},{"buy_detail_no":"17","parts_cd":"00022","buy_qty":"5","buy_unit_price":"6546","buy_detail_amt":"30","buy_detail_tax":"2.4","detail_remarks":""}]','3708858028','296708642.23999995','111265741','3820123769','001','031_purchase_request-detail','192.168.5.206';
2018-03-20 11:30:51 EXEC SPC_031_PURCHASE_REQUEST_DETAIL_INQ1 'KI201803010019';
2018-03-20 11:30:51 EXEC SPC_GET_TAX_RATE '1997/03/01';
2018-03-20 11:30:53 EXEC SPC_COM_GET_COMBOBOX 'buy_status_div';
2018-03-20 11:30:54 EXEC SPC_032_PURCHASE_REQUEST_SEARCH_FND1 '','','','','','','10','1','10';
2018-03-20 11:31:04 EXEC SPC_032_PURCHASE_REQUEST_SEARCH_ACT1 '[{"buy_no":"KI201803010019","buy_status_div":"10"}]','001','032_purchase_request-search','192.168.5.206';
2018-03-20 11:31:05 EXEC SPC_032_PURCHASE_REQUEST_SEARCH_FND1 '','','','','','','10','1','10';
2018-03-20 11:31:11 EXEC SPC_032_PURCHASE_REQUEST_SEARCH_FND1 '','','','','','','10','1','10';
2018-03-20 11:32:15 EXEC SPC_032_PURCHASE_REQUEST_SEARCH_FND1 '','','','','','','10','1','10';
2018-03-20 11:32:32 EXEC SPC_GET_TAX_RATE '2018/03/20';
2018-03-20 11:32:33 EXEC SPC_031_PURCHASE_REQUEST_DETAIL_INQ1 'KI201803020003';
2018-03-20 11:32:33 EXEC SPC_GET_TAX_RATE '2018/03/02';
2018-03-20 11:32:35 EXEC SPC_REFER_CLIENT_CD '';
2018-03-20 11:32:36 EXEC SPC_031_PURCHASE_REQUEST_DETAIL_ACT1 'U','KI201803020003','10','2018/03/02','','','','','','[{"buy_detail_no":"1","parts_cd":"00022","buy_qty":"4365","buy_unit_price":"6567.74","buy_detail_amt":"28668185.1","buy_detail_tax":"2293455","detail_remarks":""}]','28668185.1','2293455','2293454','30961639.1','001','031_purchase_request-detail','192.168.5.206';
2018-03-20 11:32:38 EXEC SPC_031_PURCHASE_REQUEST_DETAIL_INQ1 'KI201803020003';
2018-03-20 11:32:38 EXEC SPC_GET_TAX_RATE '2018/03/02';
2018-03-20 11:32:39 EXEC SPC_COM_GET_COMBOBOX 'buy_status_div';
2018-03-20 11:32:40 EXEC SPC_032_PURCHASE_REQUEST_SEARCH_FND1 '','','','','','','10','1','10';
2018-03-20 11:33:08 EXEC SPC_032_PURCHASE_REQUEST_SEARCH_ACT1 '[{"buy_no":"KI201803020003","buy_status_div":"10"}]','001','032_purchase_request-search','192.168.5.206';
2018-03-20 11:33:54 EXEC SPC_COM_GET_COMBOBOX 'fwd_status_div';
2018-03-20 11:33:55 EXEC SPC_011_SHIPMENT_SEARCH_FND1 '','','','','','','1','10';
2018-03-20 11:33:57 EXEC SPC_010_SHIPMENT_DETAIL_INQ3 'S-18030001';
2018-03-20 11:43:11 EXEC SPC_COM_GET_COMBOBOX 'forwarding_div';
2018-03-20 11:43:11 EXEC SPC_COM_GET_COMBOBOX 'forwarder_div';
2018-03-20 11:43:11 EXEC SPC_COM_GET_COMBOBOX 'packing_method_div';
2018-03-20 11:43:11 EXEC SPC_COM_GET_COMBOBOX 'forwarding_way_div';
2018-03-20 11:43:11 EXEC SPC_COM_GET_COMBOBOX 'forwarding_warehouse_div';
2018-03-20 11:43:13 EXEC SPC_COM_GET_COMBOBOX 'fwd_status_div';
2018-03-20 11:43:14 EXEC SPC_011_SHIPMENT_SEARCH_FND1 '','','','','','','1','10';
2018-03-20 11:43:16 EXEC SPC_010_SHIPMENT_DETAIL_INQ3 'S-18030001';
2018-03-20 11:52:53 EXEC SPC_COM_GET_COMBOBOX 'fwd_status_div';
2018-03-20 11:52:53 EXEC SPC_011_SHIPMENT_SEARCH_FND1 '','','','','','','1','10';
2018-03-20 11:52:55 EXEC SPC_COM_GET_COMBOBOX 'forwarding_div';
2018-03-20 11:52:56 EXEC SPC_COM_GET_COMBOBOX 'forwarding_way_div';
2018-03-20 11:52:56 EXEC SPC_COM_GET_COMBOBOX 'packing_method_div';
2018-03-20 11:52:56 EXEC SPC_COM_GET_COMBOBOX 'forwarding_warehouse_div';
2018-03-20 11:52:56 EXEC SPC_COM_GET_COMBOBOX 'forwarder_div';
2018-03-20 11:56:54 EXEC SPC_COM_GET_COMBOBOX 'rcv_status_div';
2018-03-20 11:56:55 EXEC SPC_006_ACCEPT_SEARCH_FND1 '','','','','','1','10';
2018-03-20 11:56:56 EXEC SPC_010_SHIPMENT_DETAIL_INQ1 'J-18010004';
2018-03-20 11:57:09 EXEC SPC_COM_GET_COMBOBOX 'rcv_status_div';
2018-03-20 11:57:10 EXEC SPC_006_ACCEPT_SEARCH_FND1 '','','','','','1','10';
2018-03-20 11:57:13 EXEC SPC_010_SHIPMENT_DETAIL_INQ1 'J-18010014';
2018-03-20 11:57:27 EXEC SPC_COM_GET_COMBOBOX 'rcv_status_div';
2018-03-20 11:57:29 EXEC SPC_006_ACCEPT_SEARCH_FND1 '','','','','','1','10';
2018-03-20 11:57:32 EXEC SPC_010_SHIPMENT_DETAIL_INQ1 'J-18010004';
2018-03-20 11:57:34 EXEC SPC_COM_GET_COMBOBOX 'rcv_status_div';
2018-03-20 11:57:35 EXEC SPC_006_ACCEPT_SEARCH_FND1 '','','','','','1','10';
2018-03-20 11:57:40 EXEC SPC_010_SHIPMENT_DETAIL_INQ1 'J-18010011';
2018-03-20 11:57:42 EXEC SPC_COM_GET_COMBOBOX 'rcv_status_div';
2018-03-20 11:57:43 EXEC SPC_006_ACCEPT_SEARCH_FND1 '','','','','','1','10';
2018-03-20 11:57:45 EXEC SPC_010_SHIPMENT_DETAIL_INQ1 'J-18010004';
2018-03-20 11:57:48 EXEC SPC_COM_GET_COMBOBOX 'rcv_status_div';
2018-03-20 11:57:49 EXEC SPC_006_ACCEPT_SEARCH_FND1 '','','','','','1','10';
2018-03-20 11:57:51 EXEC SPC_010_SHIPMENT_DETAIL_INQ1 'J-18010010';
2018-03-20 11:57:55 EXEC SPC_COM_GET_COMBOBOX 'rcv_status_div';
2018-03-20 11:57:57 EXEC SPC_006_ACCEPT_SEARCH_FND1 '','','','','','1','10';
2018-03-20 11:57:59 EXEC SPC_010_SHIPMENT_DETAIL_INQ1 'J-18010014';
2018-03-20 11:58:09 EXEC SPC_COM_GET_COMBOBOX 'rcv_status_div';
2018-03-20 11:58:11 EXEC SPC_006_ACCEPT_SEARCH_FND1 '','','','','','1','10';
2018-03-20 11:58:13 EXEC SPC_010_SHIPMENT_DETAIL_INQ1 'J-18010013';
2018-03-20 11:58:16 EXEC SPC_COM_GET_COMBOBOX 'rcv_status_div';
2018-03-20 11:58:17 EXEC SPC_006_ACCEPT_SEARCH_FND1 '','','','','','1','10';
2018-03-20 11:58:19 EXEC SPC_010_SHIPMENT_DETAIL_INQ1 'J-18010014';
2018-03-20 12:01:28 EXEC SPC_COM_GET_COMBOBOX 'rcv_status_div';
2018-03-20 12:01:31 EXEC SPC_006_ACCEPT_SEARCH_FND1 '','','','','','1','10';
2018-03-20 12:01:33 EXEC SPC_010_SHIPMENT_DETAIL_INQ1 'J-18010004';
2018-03-20 12:01:37 EXEC SPC_COM_GET_COMBOBOX 'rcv_status_div';
2018-03-20 12:01:38 EXEC SPC_006_ACCEPT_SEARCH_FND1 '','','','','','1','10';
2018-03-20 12:01:40 EXEC SPC_010_SHIPMENT_DETAIL_INQ1 'J-18010010';
2018-03-20 12:04:13 EXEC SPC_COM_GET_COMBOBOX 'pi_status_div';
2018-03-20 12:04:14 EXEC SPC_002_PI_SEARCH_FND1 '','','','','','','','','1','10';
2018-03-20 12:04:16 EXEC SPC_010_SHIPMENT_DETAIL_INQ2 'RT-130827001';
2018-03-20 12:04:21 EXEC SPC_COM_GET_COMBOBOX 'forwarding_div';
2018-03-20 12:04:23 EXEC SPC_COM_GET_COMBOBOX 'forwarder_div';
2018-03-20 12:04:23 EXEC SPC_COM_GET_COMBOBOX 'packing_method_div';
2018-03-20 12:04:23 EXEC SPC_COM_GET_COMBOBOX 'forwarding_warehouse_div';
2018-03-20 12:04:23 EXEC SPC_COM_GET_COMBOBOX 'forwarding_way_div';
2018-03-20 12:04:27 EXEC SPC_010_SHIPMENT_DETAIL_INQ1 'J-18010092';
2018-03-20 12:06:27 EXEC SPC_COM_GET_COMBOBOX 'pi_status_div';
2018-03-20 12:06:28 EXEC SPC_002_PI_SEARCH_FND1 '','','','','','','','','1','10';
2018-03-20 12:06:30 EXEC SPC_010_SHIPMENT_DETAIL_INQ2 'RT-130827001';
2018-03-20 12:06:36 EXEC SPC_COM_GET_COMBOBOX 'forwarding_div';
2018-03-20 12:06:36 EXEC SPC_COM_GET_COMBOBOX 'forwarding_warehouse_div';
2018-03-20 12:06:36 EXEC SPC_COM_GET_COMBOBOX 'packing_method_div';
2018-03-20 12:06:36 EXEC SPC_COM_GET_COMBOBOX 'forwarder_div';
2018-03-20 12:06:36 EXEC SPC_COM_GET_COMBOBOX 'forwarding_way_div';
2018-03-20 12:06:38 EXEC SPC_COM_GET_COMBOBOX 'pi_status_div';
2018-03-20 12:06:39 EXEC SPC_002_PI_SEARCH_FND1 '','','','','','','','','1','10';
2018-03-20 12:06:42 EXEC SPC_010_SHIPMENT_DETAIL_INQ2 'RT-130827002';
2018-03-20 12:06:49 EXEC SPC_COM_GET_COMBOBOX 'forwarder_div';
2018-03-20 12:06:49 EXEC SPC_COM_GET_COMBOBOX 'forwarding_div';
2018-03-20 12:06:49 EXEC SPC_COM_GET_COMBOBOX 'forwarding_warehouse_div';
2018-03-20 12:06:49 EXEC SPC_COM_GET_COMBOBOX 'forwarding_way_div';
2018-03-20 12:06:49 EXEC SPC_COM_GET_COMBOBOX 'packing_method_div';
2018-03-20 12:06:51 EXEC SPC_010_SHIPMENT_DETAIL_INQ1 'J-18010093';
2018-03-20 12:09:36 EXEC SPC_COM_GET_COMBOBOX 'rcv_status_div';
2018-03-20 12:09:37 EXEC SPC_006_ACCEPT_SEARCH_FND1 '','','','','','1','10';
2018-03-20 12:09:39 EXEC SPC_010_SHIPMENT_DETAIL_INQ1 'J-18010014';
2018-03-20 12:12:29 EXEC SPC_COM_GET_COMBOBOX 'rcv_status_div';
2018-03-20 12:12:31 EXEC SPC_006_ACCEPT_SEARCH_FND1 '','','','','','1','10';
2018-03-20 12:12:34 EXEC SPC_010_SHIPMENT_DETAIL_INQ1 'J-18010013';
2018-03-20 12:12:45 EXEC SPC_COM_GET_COMBOBOX 'rcv_status_div';
2018-03-20 12:12:46 EXEC SPC_006_ACCEPT_SEARCH_FND1 '','','','','','1','10';
2018-03-20 12:12:49 EXEC SPC_010_SHIPMENT_DETAIL_INQ1 'J-18010013';
2018-03-20 12:12:53 EXEC SPC_COM_GET_COMBOBOX 'rcv_status_div';
2018-03-20 12:12:54 EXEC SPC_006_ACCEPT_SEARCH_FND1 '','','','','','1','10';
2018-03-20 12:12:57 EXEC SPC_006_ACCEPT_SEARCH_FND1 '','','','','','2','10';
2018-03-20 12:12:59 EXEC SPC_010_SHIPMENT_DETAIL_INQ1 'J-18010015';
2018-03-20 12:13:09 EXEC SPC_COM_GET_COMBOBOX 'forwarding_div';
2018-03-20 12:13:10 EXEC SPC_COM_GET_COMBOBOX 'forwarding_way_div';
2018-03-20 12:13:10 EXEC SPC_COM_GET_COMBOBOX 'forwarder_div';
2018-03-20 12:13:10 EXEC SPC_COM_GET_COMBOBOX 'forwarding_warehouse_div';
2018-03-20 12:13:10 EXEC SPC_COM_GET_COMBOBOX 'packing_method_div';
2018-03-20 12:13:11 EXEC SPC_COM_GET_COMBOBOX 'rcv_status_div';
2018-03-20 12:13:12 EXEC SPC_006_ACCEPT_SEARCH_FND1 '','','','','','1','10';
2018-03-20 12:13:14 EXEC SPC_006_ACCEPT_SEARCH_FND1 '','','','','','2','10';
2018-03-20 12:13:16 EXEC SPC_010_SHIPMENT_DETAIL_INQ1 'J-18010015';
2018-03-20 12:13:22 EXEC SPC_COM_GET_COMBOBOX 'rcv_status_div';
2018-03-20 12:13:23 EXEC SPC_006_ACCEPT_SEARCH_FND1 '','','','','','1','10';
2018-03-20 12:13:27 EXEC SPC_010_SHIPMENT_DETAIL_INQ1 'J-18010011';
2018-03-20 12:13:33 EXEC SPC_COM_GET_COMBOBOX 'forwarder_div';
2018-03-20 12:13:33 EXEC SPC_COM_GET_COMBOBOX 'forwarding_warehouse_div';
2018-03-20 12:13:33 EXEC SPC_COM_GET_COMBOBOX 'forwarding_way_div';
2018-03-20 12:13:33 EXEC SPC_COM_GET_COMBOBOX 'forwarding_div';
2018-03-20 12:13:33 EXEC SPC_COM_GET_COMBOBOX 'packing_method_div';
2018-03-20 12:13:36 EXEC SPC_COM_GET_COMBOBOX 'rcv_status_div';
2018-03-20 12:13:37 EXEC SPC_006_ACCEPT_SEARCH_FND1 '','','','','','1','10';
2018-03-20 12:13:39 EXEC SPC_010_SHIPMENT_DETAIL_INQ1 'J-18010004';
2018-03-20 12:13:46 EXEC SPC_COM_GET_COMBOBOX 'forwarder_div';
2018-03-20 12:13:46 EXEC SPC_COM_GET_COMBOBOX 'forwarding_warehouse_div';
2018-03-20 12:13:46 EXEC SPC_COM_GET_COMBOBOX 'packing_method_div';
2018-03-20 12:13:46 EXEC SPC_COM_GET_COMBOBOX 'forwarding_div';
2018-03-20 12:13:46 EXEC SPC_COM_GET_COMBOBOX 'forwarding_way_div';
2018-03-20 12:13:48 EXEC SPC_COM_GET_COMBOBOX 'rcv_status_div';
2018-03-20 12:13:49 EXEC SPC_006_ACCEPT_SEARCH_FND1 '','','','','','1','10';
2018-03-20 12:13:52 EXEC SPC_010_SHIPMENT_DETAIL_INQ1 'J-18010010';
2018-03-20 12:13:58 EXEC SPC_COM_GET_COMBOBOX 'forwarder_div';
2018-03-20 12:13:58 EXEC SPC_COM_GET_COMBOBOX 'forwarding_way_div';
2018-03-20 12:13:58 EXEC SPC_COM_GET_COMBOBOX 'forwarding_warehouse_div';
2018-03-20 12:13:58 EXEC SPC_COM_GET_COMBOBOX 'packing_method_div';
2018-03-20 12:13:58 EXEC SPC_COM_GET_COMBOBOX 'forwarding_div';
2018-03-20 12:14:00 EXEC SPC_COM_GET_COMBOBOX 'rcv_status_div';
2018-03-20 12:14:01 EXEC SPC_006_ACCEPT_SEARCH_FND1 '','','','','','1','10';
2018-03-20 12:14:07 EXEC SPC_010_SHIPMENT_DETAIL_INQ1 'J-18010014';
2018-03-20 12:14:10 EXEC SPC_COM_GET_COMBOBOX 'rcv_status_div';
2018-03-20 12:14:11 EXEC SPC_006_ACCEPT_SEARCH_FND1 '','','','','','1','10';
2018-03-20 12:14:14 EXEC SPC_006_ACCEPT_SEARCH_FND1 '','','','','','2','10';
2018-03-20 12:14:16 EXEC SPC_010_SHIPMENT_DETAIL_INQ1 'J-18010015';
2018-03-20 12:14:25 EXEC SPC_COM_GET_COMBOBOX 'rcv_status_div';
2018-03-20 12:14:26 EXEC SPC_006_ACCEPT_SEARCH_FND1 '','','','','','1','10';
2018-03-20 12:14:28 EXEC SPC_006_ACCEPT_SEARCH_FND1 '','','','','','2','10';
2018-03-20 12:14:30 EXEC SPC_010_SHIPMENT_DETAIL_INQ1 'J-18010017';
2018-03-20 12:14:41 EXEC SPC_COM_GET_COMBOBOX 'rcv_status_div';
2018-03-20 12:14:42 EXEC SPC_006_ACCEPT_SEARCH_FND1 '','','','','','1','10';
2018-03-20 12:14:43 EXEC SPC_006_ACCEPT_SEARCH_FND1 '','','','','','12','10';
2018-03-20 12:14:45 EXEC SPC_010_SHIPMENT_DETAIL_INQ1 'J-18030001';
2018-03-20 12:14:53 EXEC SPC_COM_GET_COMBOBOX 'forwarding_div';
2018-03-20 12:14:53 EXEC SPC_COM_GET_COMBOBOX 'packing_method_div';
2018-03-20 12:14:53 EXEC SPC_COM_GET_COMBOBOX 'forwarder_div';
2018-03-20 12:14:53 EXEC SPC_COM_GET_COMBOBOX 'forwarding_warehouse_div';
2018-03-20 12:14:53 EXEC SPC_COM_GET_COMBOBOX 'forwarding_way_div';
2018-03-20 12:14:55 EXEC SPC_010_SHIPMENT_DETAIL_INQ1 'J-18030001';
2018-03-20 12:17:58 EXEC SPC_COM_GET_COMBOBOX 'forwarding_div';
2018-03-20 12:17:58 EXEC SPC_COM_GET_COMBOBOX 'forwarder_div';
2018-03-20 12:17:58 EXEC SPC_COM_GET_COMBOBOX 'forwarding_warehouse_div';
2018-03-20 12:17:58 EXEC SPC_COM_GET_COMBOBOX 'forwarding_way_div';
2018-03-20 12:17:58 EXEC SPC_COM_GET_COMBOBOX 'packing_method_div';
2018-03-20 12:18:12 EXEC SPC_COM_GET_COMBOBOX 'rcv_status_div';
2018-03-20 12:18:14 EXEC SPC_006_ACCEPT_SEARCH_FND1 '','','','','','1','10';
2018-03-20 12:18:16 EXEC SPC_006_ACCEPT_SEARCH_FND1 '','','','','','2','10';
2018-03-20 12:18:18 EXEC SPC_010_SHIPMENT_DETAIL_INQ1 'J-18010016';
2018-03-20 12:18:21 EXEC SPC_COM_GET_COMBOBOX 'rcv_status_div';
2018-03-20 12:18:22 EXEC SPC_006_ACCEPT_SEARCH_FND1 '','','','','','1','10';
2018-03-20 12:18:26 EXEC SPC_010_SHIPMENT_DETAIL_INQ1 'J-18010012';
2018-03-20 12:19:57 EXEC SPC_COM_GET_COMBOBOX 'pi_status_div';
2018-03-20 12:19:59 EXEC SPC_002_PI_SEARCH_FND1 '','','','','','','','','1','10';
2018-03-20 12:20:01 EXEC SPC_010_SHIPMENT_DETAIL_INQ2 'RT-130827004';
2018-03-20 12:20:07 EXEC SPC_COM_GET_COMBOBOX 'pi_status_div';
2018-03-20 12:20:08 EXEC SPC_002_PI_SEARCH_FND1 '','','','','','','','','1','10';
2018-03-20 12:20:11 EXEC SPC_010_SHIPMENT_DETAIL_INQ2 'RT-130829002';
2018-03-20 12:20:14 EXEC SPC_COM_GET_COMBOBOX 'pi_status_div';
2018-03-20 12:20:15 EXEC SPC_002_PI_SEARCH_FND1 '','','','','','','','','1','10';
2018-03-20 12:20:17 EXEC SPC_010_SHIPMENT_DETAIL_INQ2 'RT-130827001';
2018-03-20 12:20:41 EXEC SPC_COM_GET_COMBOBOX 'rcv_status_div';
2018-03-20 12:20:42 EXEC SPC_006_ACCEPT_SEARCH_FND1 '','','','','','1','10';
2018-03-20 12:20:44 EXEC SPC_010_SHIPMENT_DETAIL_INQ1 'J-18010014';
2018-03-20 12:22:47 EXEC SPC_COM_GET_COMBOBOX 'rcv_status_div';
2018-03-20 12:22:49 EXEC SPC_006_ACCEPT_SEARCH_FND1 '','','','','','1','10';
2018-03-20 12:22:51 EXEC SPC_010_SHIPMENT_DETAIL_INQ1 'J-18010013';
2018-03-20 12:26:29 EXEC SPC_COM_GET_COMBOBOX 'fwd_status_div';
2018-03-20 12:26:30 EXEC SPC_011_SHIPMENT_SEARCH_FND1 '','','','','','','1','10';
2018-03-20 12:26:31 EXEC SPC_011_SHIPMENT_SEARCH_FND1 '','','','','','','1','10';
2018-03-20 12:26:33 EXEC SPC_011_SHIPMENT_SEARCH_FND1 '','','','','','','7','10';
2018-03-20 15:28:07 EXEC SPC_COM_GET_COMBOBOX 'fwd_status_div';
2018-03-20 15:28:58 EXEC SPC_COM_GET_COMBOBOX 'forwarding_way_div';
2018-03-20 15:28:58 EXEC SPC_COM_GET_COMBOBOX 'forwarding_div';
2018-03-20 15:28:59 EXEC SPC_COM_GET_COMBOBOX 'forwarding_warehouse_div';
2018-03-20 15:28:59 EXEC SPC_COM_GET_COMBOBOX 'forwarder_div';
2018-03-20 15:28:59 EXEC SPC_COM_GET_COMBOBOX 'packing_method_div';
2018-03-20 15:30:34 EXEC SPC_COM_GET_COMBOBOX 'fwd_status_div';
2018-03-20 15:30:35 EXEC SPC_011_SHIPMENT_SEARCH_FND1 '','','','','','','7','10';
2018-03-20 15:30:38 EXEC SPC_011_SHIPMENT_SEARCH_FND1 '','','','','','10','1','10';
2018-03-20 15:30:43 EXEC SPC_COM_GET_COMBOBOX 'forwarding_way_div';
2018-03-20 15:30:43 EXEC SPC_COM_GET_COMBOBOX 'forwarding_warehouse_div';
2018-03-20 15:30:43 EXEC SPC_COM_GET_COMBOBOX 'forwarding_div';
2018-03-20 15:30:43 EXEC SPC_COM_GET_COMBOBOX 'packing_method_div';
2018-03-20 15:30:43 EXEC SPC_COM_GET_COMBOBOX 'forwarder_div';
2018-03-20 15:30:49 EXEC SPC_COM_GET_COMBOBOX 'fwd_status_div';
2018-03-20 15:30:50 EXEC SPC_011_SHIPMENT_SEARCH_FND1 '','','','','','10','1','10';
2018-03-20 15:30:55 EXEC SPC_COM_GET_COMBOBOX 'forwarding_warehouse_div';
2018-03-20 15:30:55 EXEC SPC_COM_GET_COMBOBOX 'forwarding_div';
2018-03-20 15:30:55 EXEC SPC_COM_GET_COMBOBOX 'forwarder_div';
2018-03-20 15:30:55 EXEC SPC_COM_GET_COMBOBOX 'forwarding_way_div';
2018-03-20 15:30:55 EXEC SPC_COM_GET_COMBOBOX 'packing_method_div';
2018-03-20 15:30:59 EXEC SPC_COM_GET_COMBOBOX 'fwd_status_div';
2018-03-20 15:31:00 EXEC SPC_011_SHIPMENT_SEARCH_FND1 '','','','','','','1','10';
2018-03-20 15:31:04 EXEC SPC_011_SHIPMENT_SEARCH_FND1 '','','','','','20','1','10';
2018-03-20 15:31:05 EXEC SPC_010_SHIPMENT_DETAIL_INQ3 'S-18030001';
2018-03-20 15:31:09 EXEC SPC_010_SHIPMENT_DETAIL_ACT3 'S-18030001','','010-shipment-detail','';
2018-03-20 15:31:42 EXEC SPC_COM_GET_COMBOBOX 'fwd_status_div';
2018-03-20 15:31:45 EXEC SPC_011_SHIPMENT_SEARCH_FND1 '','','','','','10','1','10';
2018-03-20 15:31:47 EXEC SPC_010_SHIPMENT_DETAIL_INQ3 'S-18030003';
2018-03-20 15:31:50 EXEC SPC_010_SHIPMENT_DETAIL_ACT4 'S-18030003','','010-shipment-detail','';
2018-03-20 15:33:45 EXEC SPC_010_SHIPMENT_DETAIL_INQ2 'gggggggggg';
2018-03-20 15:33:59 EXEC SPC_COM_GET_COMBOBOX 'rcv_status_div';
2018-03-20 15:34:02 EXEC SPC_COM_GET_COMBOBOX 'pi_status_div';
2018-03-20 15:34:03 EXEC SPC_002_PI_SEARCH_FND1 '','','','','','','','','1','10';
2018-03-20 15:34:05 EXEC SPC_010_SHIPMENT_DETAIL_INQ2 'RT-130827001';
2018-03-20 15:34:10 EXEC SPC_010_SHIPMENT_DETAIL_INQ2 'RT-130827002';
2018-03-20 15:34:44 EXEC SPC_COM_GET_COMBOBOX 'fwd_status_div';
2018-03-20 15:34:47 EXEC SPC_010_SHIPMENT_DETAIL_INQ3 'S-18030003';
2018-03-20 15:35:04 EXEC SPC_COM_GET_COMBOBOX 'forwarding_div';
2018-03-20 15:35:04 EXEC SPC_COM_GET_COMBOBOX 'forwarding_way_div';
2018-03-20 15:35:04 EXEC SPC_COM_GET_COMBOBOX 'packing_method_div';
2018-03-20 15:35:04 EXEC SPC_COM_GET_COMBOBOX 'forwarding_warehouse_div';
2018-03-20 15:35:04 EXEC SPC_COM_GET_COMBOBOX 'forwarder_div';
2018-03-20 15:40:03 EXEC SPC_COM_GET_COMBOBOX 'rcv_status_div';
2018-03-20 15:40:08 EXEC SPC_006_ACCEPT_SEARCH_FND1 '','','','','10','1','10';
2018-03-20 15:40:09 EXEC SPC_010_SHIPMENT_DETAIL_INQ1 'J-18010104';
2018-03-20 15:40:15 EXEC SPC_COM_GET_COMBOBOX 'rcv_status_div';
2018-03-20 15:40:18 EXEC SPC_006_ACCEPT_SEARCH_FND1 '','','','','20','1','10';
2018-03-20 15:40:19 EXEC SPC_010_SHIPMENT_DETAIL_INQ1 'J-18010010';
2018-03-20 15:41:00 EXEC SPC_COM_GET_COMBOBOX 'pi_status_div';
2018-03-20 15:41:05 EXEC SPC_002_PI_SEARCH_FND1 '','','','','','','','30','1','10';
2018-03-20 15:41:07 EXEC SPC_010_SHIPMENT_DETAIL_INQ2 'RT-130827002';
2018-03-20 15:41:09 EXEC SPC_COM_GET_COMBOBOX 'pi_status_div';
2018-03-20 15:41:13 EXEC SPC_002_PI_SEARCH_FND1 '','','','','','','','20','1','10';
2018-03-20 15:41:14 EXEC SPC_010_SHIPMENT_DETAIL_INQ2 'RT-131011003';
2018-03-20 15:42:04 EXEC SPC_COM_GET_COMBOBOX 'rcv_status_div';
2018-03-20 15:42:05 EXEC SPC_006_ACCEPT_SEARCH_FND1 '','','','','','1','10';
2018-03-20 15:42:10 EXEC SPC_006_ACCEPT_SEARCH_FND1 '','','','','10','1','10';
2018-03-20 15:42:12 EXEC SPC_010_SHIPMENT_DETAIL_INQ1 'J-18010106';
2018-03-20 15:42:15 EXEC SPC_COM_GET_COMBOBOX 'rcv_status_div';
2018-03-20 15:42:17 EXEC SPC_006_ACCEPT_SEARCH_FND1 '','','','','20','1','10';
2018-03-20 15:42:19 EXEC SPC_010_SHIPMENT_DETAIL_INQ1 'J-18010014';
2018-03-20 15:44:49 EXEC SPC_COM_GET_COMBOBOX 'fwd_status_div';
2018-03-20 15:44:50 EXEC SPC_011_SHIPMENT_SEARCH_FND1 '','','','','','','1','10';
2018-03-20 15:44:52 EXEC SPC_010_SHIPMENT_DETAIL_INQ3 'S-18030001';
2018-03-20 15:45:07 EXEC SPC_COM_GET_COMBOBOX 'fwd_status_div';
2018-03-20 15:45:09 EXEC SPC_COM_GET_COMBOBOX 'forwarding_div';
2018-03-20 15:45:10 EXEC SPC_COM_GET_COMBOBOX 'packing_method_div';
2018-03-20 15:45:10 EXEC SPC_COM_GET_COMBOBOX 'forwarding_way_div';
2018-03-20 15:45:11 EXEC SPC_COM_GET_COMBOBOX 'forwarding_warehouse_div';
2018-03-20 15:45:11 EXEC SPC_COM_GET_COMBOBOX 'forwarder_div';
2018-03-20 15:45:15 EXEC SPC_COM_GET_COMBOBOX 'rcv_status_div';
2018-03-20 15:45:16 EXEC SPC_006_ACCEPT_SEARCH_FND1 '','','','','','1','10';
2018-03-20 15:45:18 EXEC SPC_010_SHIPMENT_DETAIL_INQ1 'J-18010004';
2018-03-20 15:45:55 EXEC SPC_COM_GET_COMBOBOX 'rcv_status_div';
2018-03-20 15:45:56 EXEC SPC_006_ACCEPT_SEARCH_FND1 '','','','','','1','10';
2018-03-20 15:45:59 EXEC SPC_006_ACCEPT_SEARCH_FND1 '','','','','20','1','10';
2018-03-20 15:46:00 EXEC SPC_010_SHIPMENT_DETAIL_INQ1 'J-18010004';
2018-03-20 15:49:55 EXEC SPC_COM_GET_COMBOBOX 'rcv_status_div';
2018-03-20 15:49:56 EXEC SPC_006_ACCEPT_SEARCH_FND1 '','','','','','1','10';
2018-03-20 15:50:00 EXEC SPC_010_SHIPMENT_DETAIL_INQ1 'J-18010013';
2018-03-20 15:56:27 EXEC SPC_COM_GET_COMBOBOX 'in_out_data_div';
2018-03-20 15:56:28 EXEC SPC_COM_GET_COMBOBOX 'in_out_div';
2018-03-20 16:04:05 EXEC SPC_COM_GET_COMBOBOX 'in_out_div';
2018-03-20 16:04:05 EXEC SPC_COM_GET_COMBOBOX 'in_out_data_div';
2018-03-20 16:05:22 EXEC SPC_COM_GET_COMBOBOX 'in_out_data_div';
2018-03-20 16:05:22 EXEC SPC_COM_GET_COMBOBOX 'in_out_div';
2018-03-20 16:34:24 EXEC SPC_COM_GET_COMBOBOX 'forwarding_div';
2018-03-20 16:34:24 EXEC SPC_COM_GET_COMBOBOX 'forwarding_warehouse_div';
2018-03-20 16:34:24 EXEC SPC_COM_GET_COMBOBOX 'forwarding_way_div';
2018-03-20 16:34:24 EXEC SPC_COM_GET_COMBOBOX 'packing_method_div';
2018-03-20 16:34:24 EXEC SPC_COM_GET_COMBOBOX 'forwarder_div';
2018-03-20 16:34:27 EXEC SPC_COM_GET_COMBOBOX 'rcv_status_div';
2018-03-20 16:34:28 EXEC SPC_006_ACCEPT_SEARCH_FND1 '','','','','','1','10';
2018-03-20 16:34:31 EXEC SPC_006_ACCEPT_SEARCH_FND1 '','','','','20','1','10';
2018-03-20 16:34:32 EXEC SPC_010_SHIPMENT_DETAIL_INQ1 'J-18010011';
2018-03-20 16:36:15 EXEC SPC_COM_GET_COMBOBOX 'forwarder_div';
2018-03-20 16:36:15 EXEC SPC_COM_GET_COMBOBOX 'forwarding_warehouse_div';
2018-03-20 16:36:15 EXEC SPC_COM_GET_COMBOBOX 'forwarding_way_div';
2018-03-20 16:36:15 EXEC SPC_COM_GET_COMBOBOX 'forwarding_div';
2018-03-20 16:36:15 EXEC SPC_COM_GET_COMBOBOX 'packing_method_div';
2018-03-20 16:36:19 EXEC SPC_COM_GET_COMBOBOX 'forwarding_div';
2018-03-20 16:36:19 EXEC SPC_COM_GET_COMBOBOX 'packing_method_div';
2018-03-20 16:36:19 EXEC SPC_COM_GET_COMBOBOX 'forwarding_way_div';
2018-03-20 16:36:19 EXEC SPC_COM_GET_COMBOBOX 'forwarding_warehouse_div';
2018-03-20 16:36:19 EXEC SPC_COM_GET_COMBOBOX 'forwarder_div';
2018-03-20 16:36:22 EXEC SPC_COM_GET_COMBOBOX 'rcv_status_div';
2018-03-20 16:36:23 EXEC SPC_006_ACCEPT_SEARCH_FND1 '','','','','','1','10';
2018-03-20 16:36:26 EXEC SPC_010_SHIPMENT_DETAIL_INQ1 'J-18010010';
2018-03-20 16:36:44 EXEC SPC_COM_GET_COMBOBOX 'forwarding_div';
2018-03-20 16:36:44 EXEC SPC_COM_GET_COMBOBOX 'forwarding_way_div';
2018-03-20 16:36:44 EXEC SPC_COM_GET_COMBOBOX 'forwarder_div';
2018-03-20 16:36:44 EXEC SPC_COM_GET_COMBOBOX 'packing_method_div';
2018-03-20 16:36:44 EXEC SPC_COM_GET_COMBOBOX 'forwarding_warehouse_div';
2018-03-20 16:36:47 EXEC SPC_COM_GET_COMBOBOX 'rcv_status_div';
2018-03-20 16:36:49 EXEC SPC_006_ACCEPT_SEARCH_FND1 '','','','','','1','10';
2018-03-20 16:36:52 EXEC SPC_006_ACCEPT_SEARCH_FND1 '','','','','20','1','10';
2018-03-20 16:36:57 EXEC SPC_010_SHIPMENT_DETAIL_INQ1 'J-18010010';
2018-03-20 16:38:09 EXEC SPC_COM_GET_COMBOBOX 'forwarding_div';
2018-03-20 16:38:09 EXEC SPC_COM_GET_COMBOBOX 'forwarding_way_div';
2018-03-20 16:38:09 EXEC SPC_COM_GET_COMBOBOX 'forwarding_warehouse_div';
2018-03-20 16:38:09 EXEC SPC_COM_GET_COMBOBOX 'packing_method_div';
2018-03-20 16:38:09 EXEC SPC_COM_GET_COMBOBOX 'forwarder_div';
2018-03-20 16:38:12 EXEC SPC_COM_GET_COMBOBOX 'rcv_status_div';
2018-03-20 16:38:13 EXEC SPC_006_ACCEPT_SEARCH_FND1 '','','','','','1','10';
2018-03-20 16:38:16 EXEC SPC_010_SHIPMENT_DETAIL_INQ1 'J-18010010';
2018-03-20 16:38:47 EXEC SPC_COM_GET_COMBOBOX 'forwarding_way_div';
2018-03-20 16:38:47 EXEC SPC_COM_GET_COMBOBOX 'forwarding_warehouse_div';
2018-03-20 16:38:47 EXEC SPC_COM_GET_COMBOBOX 'forwarder_div';
2018-03-20 16:38:47 EXEC SPC_COM_GET_COMBOBOX 'forwarding_div';
2018-03-20 16:38:47 EXEC SPC_COM_GET_COMBOBOX 'packing_method_div';
2018-03-20 16:38:56 EXEC SPC_COM_GET_COMBOBOX 'packing_method_div';
2018-03-20 16:38:56 EXEC SPC_COM_GET_COMBOBOX 'forwarding_div';
2018-03-20 16:38:56 EXEC SPC_COM_GET_COMBOBOX 'forwarding_warehouse_div';
2018-03-20 16:38:56 EXEC SPC_COM_GET_COMBOBOX 'forwarding_way_div';
2018-03-20 16:38:56 EXEC SPC_COM_GET_COMBOBOX 'forwarder_div';
2018-03-20 16:39:01 EXEC SPC_COM_GET_COMBOBOX 'rcv_status_div';
2018-03-20 16:39:02 EXEC SPC_006_ACCEPT_SEARCH_FND1 '','','','','','1','10';
2018-03-20 16:39:06 EXEC SPC_006_ACCEPT_SEARCH_FND1 '','','','','20','1','10';
2018-03-20 16:39:07 EXEC SPC_010_SHIPMENT_DETAIL_INQ1 'J-18010014';
2018-03-20 16:39:11 EXEC SPC_COM_GET_COMBOBOX 'rcv_status_div';
2018-03-20 16:39:12 EXEC SPC_006_ACCEPT_SEARCH_FND1 '','','','','','1','10';
2018-03-20 16:39:15 EXEC SPC_010_SHIPMENT_DETAIL_INQ1 'J-18010014';
2018-03-20 16:39:26 EXEC SPC_COM_GET_COMBOBOX 'rcv_status_div';
2018-03-20 16:39:28 EXEC SPC_006_ACCEPT_SEARCH_FND1 '','','','','','1','10';
2018-03-20 16:39:33 EXEC SPC_006_ACCEPT_SEARCH_FND1 '','','','','20','1','10';
2018-03-20 16:39:39 EXEC SPC_010_SHIPMENT_DETAIL_INQ1 'J-18010013';
2018-03-20 16:42:28 EXEC SPC_COM_GET_COMBOBOX 'forwarding_div';
2018-03-20 16:42:28 EXEC SPC_COM_GET_COMBOBOX 'packing_method_div';
2018-03-20 16:42:28 EXEC SPC_COM_GET_COMBOBOX 'forwarding_way_div';
2018-03-20 16:42:28 EXEC SPC_COM_GET_COMBOBOX 'forwarder_div';
2018-03-20 16:42:28 EXEC SPC_COM_GET_COMBOBOX 'forwarding_warehouse_div';
2018-03-20 16:42:30 EXEC SPC_COM_GET_COMBOBOX 'rcv_status_div';
2018-03-20 16:42:31 EXEC SPC_006_ACCEPT_SEARCH_FND1 '','','','','','1','10';
2018-03-20 16:42:34 EXEC SPC_006_ACCEPT_SEARCH_FND1 '','','','','20','1','10';
2018-03-20 16:42:36 EXEC SPC_010_SHIPMENT_DETAIL_INQ1 'J-18010010';
2018-03-20 16:52:37 EXEC SPC_GET_TAX_RATE '2018/03/20';
2018-03-20 16:52:41 EXEC SPC_031_PURCHASE_REQUEST_DETAIL_INQ1 '2222';
2018-03-20 16:52:41 EXEC SPC_031_PURCHASE_REQUEST_DETAIL_INQ1 '2222';
2018-03-20 16:53:26 EXEC SPC_GET_TAX_RATE '2018/03/20';
2018-03-20 16:53:30 EXEC SPC_031_PURCHASE_REQUEST_DETAIL_INQ1 '2222';
2018-03-20 16:53:30 EXEC SPC_031_PURCHASE_REQUEST_DETAIL_INQ1 '2222';
2018-03-20 16:58:00 EXEC SPC_COM_GET_COMBOBOX 'in_out_div';
2018-03-20 16:58:01 EXEC SPC_COM_GET_COMBOBOX 'in_out_data_div';
2018-03-20 16:58:02 EXEC SPC_COM_GET_COMBOBOX 'in_out_data_div';
2018-03-20 16:58:02 EXEC SPC_COM_GET_COMBOBOX 'in_out_div';
2018-03-20 17:00:45 EXEC SPC_COMPONENT_PRODUCT_FND '','','','','1','10';
2018-03-20 17:01:39 EXEC SPC_COM_GET_COMBOBOX 'unit_q_div';
2018-03-20 17:02:22 EXEC SPC_COM_GET_COMBOBOX 'in_out_div';
2018-03-20 17:02:22 EXEC SPC_COM_GET_COMBOBOX 'in_out_data_div';
2018-03-20 17:02:29 EXEC SPC_COMPONENT_PRODUCT_FND '','','','','1','10';
2018-03-20 17:02:50 EXEC SPC_COMPONENT_PRODUCT_FND '','','','','1','10';
2018-03-20 17:04:21 EXEC SPC_COM_GET_COMBOBOX 'in_out_div';
2018-03-20 17:04:21 EXEC SPC_COM_GET_COMBOBOX 'in_out_data_div';
2018-03-20 17:04:29 EXEC SPC_COMPONENT_PRODUCT_FND '','','','','1','10';
2018-03-20 17:04:53 EXEC SPC_COM_GET_COMBOBOX 'unit_q_div';
2018-03-20 17:04:56 EXEC SPC_COMPONENT_PRODUCT_FND '','','','','1','10';
2018-03-20 17:04:58 EXEC SPC_GET_ITEM '000110';
2018-03-20 17:04:58 EXEC SPC_070_COMPONENT_LIST_DETAIL_INQ1 '000110','';
2018-03-20 17:05:20 EXEC SPC_COMPONENT_PRODUCT_FND '','','','','1','10';
2018-03-20 17:05:56 EXEC SPC_COM_GET_COMBOBOX 'in_out_div';
2018-03-20 17:05:56 EXEC SPC_COM_GET_COMBOBOX 'in_out_data_div';
2018-03-20 17:05:59 EXEC SPC_COMPONENT_PRODUCT_FND '','','','','1','10';
2018-03-20 17:09:00 EXEC SPC_COM_GET_COMBOBOX 'trade_terms_div';
2018-03-20 17:09:00 EXEC SPC_COM_GET_COMBOBOX 'payment_conditions_div';
2018-03-20 17:09:00 EXEC SPC_COM_GET_COMBOBOX 'unit_w_div';
2018-03-20 17:09:00 EXEC SPC_COM_GET_COMBOBOX 'unit_q_div';
2018-03-20 17:09:01 EXEC SPC_COM_GET_COMBOBOX 'sales_detail_div';
2018-03-20 17:09:01 EXEC SPC_COM_GET_COMBOBOX 'unit_m_div';
2018-03-20 17:09:01 EXEC SPC_COM_GET_COMBOBOX 'bank_div';
2018-03-20 17:09:01 EXEC SPC_GET_TAX_RATE '2018/03/20';
2018-03-20 17:09:02 EXEC SPC_COM_GET_COMBOBOX 'port_city_div';
2018-03-20 17:09:02 EXEC SPC_COM_GET_COMBOBOX 'port_country_div';
2018-03-20 17:09:02 EXEC SPC_COM_GET_COMBOBOX 'currency_div';
2018-03-20 17:09:02 EXEC SPC_COM_GET_COMBOBOX 'shipment_div';
2018-03-20 17:09:20 EXEC SPC_063_PRODUCT_MASTER_SEARCH_FND1 '','','1','10';
2018-03-20 17:09:22 EXEC SPC_001_PI_DETAIL_INQ3 '000110','2018/03/20','','','';
2018-03-20 17:09:39 EXEC SPC_GET_TAX_RATE '2018/03/20';
2018-03-20 17:09:44 EXEC SPC_069_COMPONENT_MASTER_SEARCH_FND1 '','','','1','10';
2018-03-20 17:09:45 EXEC SPC_031_PURCHASE_REQUEST_DETAIL_INQ2 '000122','';
2018-03-20 17:11:25 EXEC SPC_069_COMPONENT_MASTER_SEARCH_FND1 '','','','1','10';
2018-03-20 17:11:27 EXEC SPC_031_PURCHASE_REQUEST_DETAIL_INQ2 '000121','';
2018-03-20 17:11:39 EXEC SPC_031_PURCHASE_REQUEST_DETAIL_INQ2 '000121','';
2018-03-20 17:11:47 EXEC SPC_031_PURCHASE_REQUEST_DETAIL_INQ2 '000121','';
2018-03-20 17:32:39 EXEC SPC_COM_GET_COMBOBOX 'in_out_div';
2018-03-20 17:32:39 EXEC SPC_COM_GET_COMBOBOX 'in_out_data_div';
2018-03-20 17:32:59 EXEC SPC_COM_GET_COMBOBOX 'in_out_div';
2018-03-20 17:32:59 EXEC SPC_COM_GET_COMBOBOX 'in_out_data_div';
2018-03-20 17:33:20 EXEC SPC_COM_GET_COMBOBOX 'in_out_div';
2018-03-20 17:33:21 EXEC SPC_COM_GET_COMBOBOX 'in_out_data_div';
2018-03-20 17:33:24 EXEC SPC_COMPONENT_PRODUCT_FND '','','','','1','10';
2018-03-20 17:33:26 EXEC SPC_048_INPUT_OUTPUT_DETAIL_INQ2 '000110';
2018-03-20 17:33:31 EXEC SPC_COMPONENT_PRODUCT_FND '','','','','1','10';
2018-03-20 17:33:35 EXEC SPC_048_INPUT_OUTPUT_DETAIL_INQ2 '000113';
2018-03-20 17:33:37 EXEC SPC_048_INPUT_OUTPUT_DETAIL_INQ2 '000112';
2018-03-20 17:33:56 EXEC SPC_COMPONENT_PRODUCT_FND '','','','','1','10';
2018-03-20 17:33:58 EXEC SPC_048_INPUT_OUTPUT_DETAIL_INQ2 '000004';
2018-03-20 17:34:32 EXEC SPC_COM_GET_COMBOBOX 'in_out_div';
2018-03-20 17:34:32 EXEC SPC_COM_GET_COMBOBOX 'in_out_data_div';
2018-03-20 17:34:35 EXEC SPC_COMPONENT_PRODUCT_FND '','','','','1','10';
2018-03-20 17:34:37 EXEC SPC_048_INPUT_OUTPUT_DETAIL_INQ2 '000123';
2018-03-20 17:35:26 EXEC SPC_COMPONENT_PRODUCT_FND '','','','','1','10';
2018-03-20 17:35:28 EXEC SPC_048_INPUT_OUTPUT_DETAIL_INQ2 '000004';
2018-03-20 17:35:40 EXEC SPC_COMPONENT_PRODUCT_FND '','','','','1','10';
2018-03-20 17:35:42 EXEC SPC_048_INPUT_OUTPUT_DETAIL_INQ2 '000110';
2018-03-20 17:35:50 EXEC SPC_COMPONENT_PRODUCT_FND '','','','','1','10';
2018-03-20 17:35:54 EXEC SPC_048_INPUT_OUTPUT_DETAIL_INQ2 '000123';
2018-03-20 17:36:01 EXEC SPC_COMPONENT_PRODUCT_FND '','','','','1','10';
2018-03-20 17:36:05 EXEC SPC_048_INPUT_OUTPUT_DETAIL_INQ2 '000004';
2018-03-20 17:36:35 EXEC SPC_COM_GET_COMBOBOX 'in_out_div';
2018-03-20 17:36:35 EXEC SPC_COM_GET_COMBOBOX 'in_out_data_div';
2018-03-20 17:36:42 EXEC SPC_COMPONENT_PRODUCT_FND '','','','','1','10';
2018-03-20 17:36:44 EXEC SPC_048_INPUT_OUTPUT_DETAIL_INQ2 '000004';
2018-03-20 17:36:47 EXEC SPC_COMPONENT_PRODUCT_FND '','','','','1','10';
2018-03-20 17:36:49 EXEC SPC_048_INPUT_OUTPUT_DETAIL_INQ2 '000122';
2018-03-20 17:36:52 EXEC SPC_COMPONENT_PRODUCT_FND '','','','','1','10';
2018-03-20 17:36:54 EXEC SPC_048_INPUT_OUTPUT_DETAIL_INQ2 '000123';
2018-03-20 17:37:16 EXEC SPC_COM_GET_COMBOBOX 'possible_div';
2018-03-20 17:37:18 EXEC SPC_057_LIBRARY_MASTER_SEARCH_FND1 'dest_city_div','','','','','1','10';
2018-03-20 17:37:20 EXEC SPC_057_LIBRARY_MASTER_SEARCH_FND1 'dest_city_div','','','','','1','10';
2018-03-20 17:37:27 EXEC SPC_057_LIBRARY_MASTER_SEARCH_FND1 'dest','','','','','1','10';
2018-03-20 17:37:48 EXEC SPC_057_LIBRARY_MASTER_SEARCH_FND1 'city','','','','','1','10';
2018-03-20 17:37:50 EXEC SPC_057_LIBRARY_MASTER_SEARCH_FND1 'city','','','','','2','10';
2018-03-20 17:37:51 EXEC SPC_057_LIBRARY_MASTER_SEARCH_FND1 'city','','','','','7','10';
2018-03-20 17:37:55 EXEC SPC_057_LIBRARY_MASTER_SEARCH_FND1 'city','','','','','6','10';
2018-03-20 17:37:57 EXEC SPC_057_LIBRARY_MASTER_SEARCH_FND1 'city','','','','','5','10';
2018-03-20 17:37:59 EXEC SPC_057_LIBRARY_MASTER_SEARCH_FND1 'city','','','','','7','10';
2018-03-20 17:44:32 EXEC SPC_COM_GET_COMBOBOX 'in_out_div';
2018-03-20 17:44:33 EXEC SPC_COM_GET_COMBOBOX 'in_out_data_div';
2018-03-20 17:44:47 EXEC SPC_COMPONENT_PRODUCT_FND '','','','','1','10';
2018-03-20 17:44:53 EXEC SPC_048_INPUT_OUTPUT_DETAIL_INQ2 '000122';
2018-03-20 17:45:24 EXEC SPC_COMPONENT_PRODUCT_FND '','','','','1','10';
2018-03-20 17:45:26 EXEC SPC_048_INPUT_OUTPUT_DETAIL_INQ2 '000112';
2018-03-20 17:45:40 EXEC SPC_COMPONENT_PRODUCT_FND '','','','','1','10';
2018-03-20 17:45:42 EXEC SPC_048_INPUT_OUTPUT_DETAIL_INQ2 '000112';
2018-03-20 17:45:49 EXEC SPC_COMPONENT_PRODUCT_FND '','','','','1','10';
2018-03-20 17:45:52 EXEC SPC_048_INPUT_OUTPUT_DETAIL_INQ2 '000123';
2018-03-20 17:46:21 EXEC SPC_COMPONENT_PRODUCT_FND '','','','','1','10';
2018-03-20 17:46:22 EXEC SPC_048_INPUT_OUTPUT_DETAIL_INQ2 '000112';
2018-03-20 17:46:34 EXEC SPC_COMPONENT_PRODUCT_FND '','','','','1','10';
2018-03-20 17:46:36 EXEC SPC_048_INPUT_OUTPUT_DETAIL_INQ2 '000122';
2018-03-20 17:46:58 EXEC SPC_COMPONENT_PRODUCT_FND '','','','','1','10';
2018-03-20 17:46:59 EXEC SPC_048_INPUT_OUTPUT_DETAIL_INQ2 '000004';
2018-03-20 17:47:39 EXEC SPC_COMPONENT_PRODUCT_FND '','','','','1','10';
2018-03-20 17:47:40 EXEC SPC_048_INPUT_OUTPUT_DETAIL_INQ2 '000004';
2018-03-20 17:47:45 EXEC SPC_COMPONENT_PRODUCT_FND '','','','','1','10';
2018-03-20 17:47:46 EXEC SPC_048_INPUT_OUTPUT_DETAIL_INQ2 '000113';
2018-03-20 17:47:49 EXEC SPC_COMPONENT_PRODUCT_FND '','','','','1','10';
2018-03-20 17:47:50 EXEC SPC_048_INPUT_OUTPUT_DETAIL_INQ2 '000004';
2018-03-20 17:48:24 EXEC SPC_COM_GET_COMBOBOX 'in_out_div';
2018-03-20 17:48:24 EXEC SPC_COM_GET_COMBOBOX 'in_out_data_div';
2018-03-20 17:48:26 EXEC SPC_049_INPUT_OUTPUT_FND1 '','','','','','','','1','10';
2018-03-20 17:48:30 EXEC SPC_COM_GET_COMBOBOX 'in_out_div';
2018-03-20 17:48:30 EXEC SPC_COM_GET_COMBOBOX 'in_out_data_div';
2018-03-20 17:48:35 EXEC SPC_COM_GET_COMBOBOX 'in_out_data_div';
2018-03-20 17:48:35 EXEC SPC_COM_GET_COMBOBOX 'in_out_div';
2018-03-20 17:48:36 EXEC SPC_049_INPUT_OUTPUT_FND1 '','','','','','','','1','10';
2018-03-20 17:48:36 EXEC SPC_049_INPUT_OUTPUT_FND1 '','','','','','','','1','10';
2018-03-20 17:48:48 EXEC SPC_COM_GET_COMBOBOX 'in_out_data_div';
2018-03-20 17:48:48 EXEC SPC_COM_GET_COMBOBOX 'in_out_div';
2018-03-20 17:49:38 EXEC SPC_COM_GET_COMBOBOX 'in_out_data_div';
2018-03-20 17:49:42 EXEC SPC_COMPONENT_PRODUCT_FND '','','','','1','10';
2018-03-20 17:49:43 EXEC SPC_048_INPUT_OUTPUT_DETAIL_INQ2 '000004';
2018-03-20 17:49:51 EXEC SPC_COMPONENT_PRODUCT_FND '','','','','1','10';
2018-03-20 17:49:54 EXEC SPC_048_INPUT_OUTPUT_DETAIL_INQ2 '000111';
2018-03-20 17:50:19 EXEC SPC_COM_GET_COMBOBOX 'in_out_div';
2018-03-20 17:50:19 EXEC SPC_COM_GET_COMBOBOX 'in_out_data_div';
2018-03-20 17:50:24 EXEC SPC_COMPONENT_PRODUCT_FND '','','','','1','10';
2018-03-20 17:50:27 EXEC SPC_048_INPUT_OUTPUT_DETAIL_INQ2 '000004';
2018-03-20 17:50:30 EXEC SPC_COMPONENT_PRODUCT_FND '','','','','1','10';
2018-03-20 17:50:32 EXEC SPC_048_INPUT_OUTPUT_DETAIL_INQ2 '000114';
2018-03-20 17:50:49 EXEC SPC_COMPONENT_PRODUCT_FND '','','','','1','10';
2018-03-20 17:50:51 EXEC SPC_048_INPUT_OUTPUT_DETAIL_INQ2 '000114';
2018-03-20 17:51:18 EXEC SPC_COMPONENT_PRODUCT_FND '','','','','1','10';
2018-03-20 17:51:19 EXEC SPC_048_INPUT_OUTPUT_DETAIL_INQ2 '000111';
2018-03-20 17:51:23 EXEC SPC_COMPONENT_PRODUCT_FND '','','','','1','10';
2018-03-20 17:51:24 EXEC SPC_048_INPUT_OUTPUT_DETAIL_INQ2 '000004';
2018-03-20 17:51:32 EXEC SPC_COMPONENT_PRODUCT_FND '','','','','1','10';
2018-03-20 17:51:33 EXEC SPC_048_INPUT_OUTPUT_DETAIL_INQ2 '000115';
2018-03-20 17:51:38 EXEC SPC_COMPONENT_PRODUCT_FND '','','','','1','10';
2018-03-20 17:51:40 EXEC SPC_048_INPUT_OUTPUT_DETAIL_INQ2 '000004';
2018-03-20 17:52:46 EXEC SPC_COM_GET_COMBOBOX 'in_out_div';
2018-03-20 17:52:46 EXEC SPC_COM_GET_COMBOBOX 'in_out_data_div';
2018-03-20 17:52:49 EXEC SPC_COMPONENT_PRODUCT_FND '','','','','1','10';
2018-03-20 17:52:50 EXEC SPC_048_INPUT_OUTPUT_DETAIL_INQ2 '000004';
2018-03-20 17:52:54 EXEC SPC_COMPONENT_PRODUCT_FND '','','','','1','10';
2018-03-20 17:52:56 EXEC SPC_048_INPUT_OUTPUT_DETAIL_INQ2 '000112';
2018-03-20 17:53:04 EXEC SPC_COMPONENT_PRODUCT_FND '','','','','1','10';
2018-03-20 17:53:06 EXEC SPC_048_INPUT_OUTPUT_DETAIL_INQ2 '000115';
2018-03-20 17:53:18 EXEC SPC_COMPONENT_PRODUCT_FND '','','','','1','10';
2018-03-20 17:53:20 EXEC SPC_048_INPUT_OUTPUT_DETAIL_INQ2 '000004';
2018-03-20 17:53:29 EXEC SPC_COMPONENT_PRODUCT_FND '','','','','1','10';
2018-03-20 17:53:31 EXEC SPC_048_INPUT_OUTPUT_DETAIL_INQ2 '000004';
2018-03-20 17:53:35 EXEC SPC_COM_GET_COMBOBOX 'in_out_div';
2018-03-20 17:53:35 EXEC SPC_COM_GET_COMBOBOX 'in_out_data_div';
2018-03-20 17:53:58 EXEC SPC_COMPONENT_PRODUCT_FND '','','','','1','10';
2018-03-20 17:53:59 EXEC SPC_048_INPUT_OUTPUT_DETAIL_INQ2 '000004';
2018-03-20 17:54:03 EXEC SPC_COMPONENT_PRODUCT_FND '','','','','1','10';
2018-03-20 17:54:04 EXEC SPC_048_INPUT_OUTPUT_DETAIL_INQ2 '000112';
2018-03-20 17:54:15 EXEC SPC_COMPONENT_PRODUCT_FND '','','','','1','10';
2018-03-20 17:54:17 EXEC SPC_048_INPUT_OUTPUT_DETAIL_INQ2 '000004';
2018-03-20 17:54:47 EXEC SPC_048_INPUT_OUTPUT_DETAIL_INQ2 '000113';
2018-03-20 17:54:57 EXEC SPC_048_INPUT_OUTPUT_DETAIL_INQ2 '000111';
2018-03-20 17:55:01 EXEC SPC_048_INPUT_OUTPUT_DETAIL_INQ2 '000115';
2018-03-20 17:55:09 EXEC SPC_048_INPUT_OUTPUT_DETAIL_INQ2 '0003';
2018-03-20 17:55:45 EXEC SPC_048_INPUT_OUTPUT_DETAIL_INQ2 '000114';
2018-03-20 17:55:49 EXEC SPC_048_INPUT_OUTPUT_DETAIL_INQ2 '0002';
2018-03-20 18:48:20 EXEC SPC_COM_GET_COMBOBOX 'in_out_div';
2018-03-20 18:48:20 EXEC SPC_COM_GET_COMBOBOX 'in_out_data_div';
2018-03-20 18:48:42 EXEC SPC_COM_GET_COMBOBOX 'in_out_div';
2018-03-20 18:48:42 EXEC SPC_COM_GET_COMBOBOX 'in_out_data_div';
2018-03-20 18:50:06 EXEC SPC_COM_GET_COMBOBOX 'in_out_div';
2018-03-20 18:50:06 EXEC SPC_COM_GET_COMBOBOX 'in_out_data_div';
2018-03-20 18:50:09 EXEC SPC_COM_GET_COMBOBOX 'in_out_data_div';
2018-03-20 18:50:09 EXEC SPC_COM_GET_COMBOBOX 'in_out_div';
2018-03-20 18:50:53 EXEC SPC_COM_GET_COMBOBOX 'in_out_div';
2018-03-20 18:50:53 EXEC SPC_COM_GET_COMBOBOX 'in_out_data_div';
2018-03-20 18:52:17 EXEC SPC_COM_GET_COMBOBOX 'in_out_data_div';
2018-03-20 18:55:33 EXEC SPC_COM_GET_COMBOBOX 'in_out_div';
2018-03-20 18:55:33 EXEC SPC_COM_GET_COMBOBOX 'in_out_data_div';
2018-03-20 18:55:50 EXEC SPC_049_INPUT_OUTPUT_FND1 '','','','','','','','1','10';
2018-03-20 18:56:17 EXEC SPC_COM_GET_COMBOBOX 'in_out_data_div';
2018-03-20 18:56:17 EXEC SPC_COM_GET_COMBOBOX 'in_out_div';
2018-03-20 18:56:20 EXEC SPC_COM_GET_COMBOBOX 'in_out_data_div';
2018-03-20 18:56:21 EXEC SPC_COM_GET_COMBOBOX 'in_out_div';
2018-03-20 18:56:22 EXEC SPC_049_INPUT_OUTPUT_FND1 '','','','','','','','1','10';
2018-03-20 18:56:29 EXEC SPC_COM_GET_COMBOBOX 'in_out_div';
2018-03-20 18:56:29 EXEC SPC_COM_GET_COMBOBOX 'in_out_data_div';
2018-03-20 18:56:31 EXEC SPC_049_INPUT_OUTPUT_FND1 '','','','','','','','1','10';
2018-03-20 18:57:51 EXEC SPC_COM_GET_COMBOBOX 'in_out_div';
2018-03-20 18:57:52 EXEC SPC_COM_GET_COMBOBOX 'in_out_data_div';
2018-03-20 18:57:54 EXEC SPC_COM_GET_COMBOBOX 'in_out_div';
2018-03-20 18:57:54 EXEC SPC_COM_GET_COMBOBOX 'in_out_data_div';
2018-03-20 18:57:55 EXEC SPC_049_INPUT_OUTPUT_FND1 '','','','','','','','1','10';
2018-03-20 18:58:07 EXEC SPC_COM_GET_COMBOBOX 'in_out_data_div';
2018-03-20 18:58:07 EXEC SPC_COM_GET_COMBOBOX 'in_out_div';
2018-03-20 18:58:09 EXEC SPC_049_INPUT_OUTPUT_FND1 '','','','','','','','1','10';
2018-03-20 18:58:17 EXEC SPC_COM_GET_COMBOBOX 'in_out_div';
2018-03-20 18:58:17 EXEC SPC_COM_GET_COMBOBOX 'in_out_data_div';
2018-03-20 18:58:22 EXEC SPC_COM_GET_COMBOBOX 'in_out_div';
2018-03-20 18:58:22 EXEC SPC_COM_GET_COMBOBOX 'in_out_data_div';
2018-03-20 18:58:23 EXEC SPC_049_INPUT_OUTPUT_FND1 '','','','','','','','1','10';
2018-03-20 18:58:48 EXEC SPC_COM_GET_COMBOBOX 'in_out_data_div';
2018-03-20 18:58:48 EXEC SPC_COM_GET_COMBOBOX 'in_out_div';
2018-03-20 18:58:49 EXEC SPC_049_INPUT_OUTPUT_FND1 '','','','','','','','1','10';
2018-03-20 18:58:54 EXEC SPC_COM_GET_COMBOBOX 'in_out_div';
2018-03-20 18:58:54 EXEC SPC_COM_GET_COMBOBOX 'in_out_data_div';
2018-03-20 18:58:56 EXEC SPC_049_INPUT_OUTPUT_FND1 '','','','','','','','1','10';
2018-03-20 19:02:15 EXEC SPC_COM_GET_COMBOBOX 'in_out_div';
2018-03-20 19:02:15 EXEC SPC_COM_GET_COMBOBOX 'in_out_data_div';
2018-03-20 19:02:26 EXEC SPC_COM_GET_COMBOBOX 'in_out_div';
2018-03-20 19:02:26 EXEC SPC_COM_GET_COMBOBOX 'in_out_data_div';
2018-03-20 19:02:28 EXEC SPC_COM_GET_COMBOBOX 'in_out_div';
2018-03-20 19:02:28 EXEC SPC_COM_GET_COMBOBOX 'in_out_data_div';
2018-03-20 19:02:30 EXEC SPC_049_INPUT_OUTPUT_FND1 '','','','','','','','1','10';
2018-03-20 19:02:41 EXEC SPC_COM_GET_COMBOBOX 'in_out_div';
v';
2018-03-20 19:02:52 EXEC SPC_049_INPUT_OUTPUT_FND1 '','','','','','','','1','10';
2018-03-20 19:14:07 EXEC SPC_GET_TAX_RATE '2018/03/20';
2018-03-20 19:14:12 EXEC SPC_COM_GET_COMBOBOX 'in_out_div';
2018-03-20 19:14:12 EXEC SPC_COM_GET_COMBOBOX 'in_out_data_div';
2018-03-20 19:14:39 EXEC SPC_COM_GET_COMBOBOX 'in_out_div';
2018-03-20 19:14:39 EXEC SPC_COM_GET_COMBOBOX 'in_out_data_div';
2018-03-20 19:16:00 EXEC SPC_COM_GET_COMBOBOX 'in_out_data_div';
2018-03-20 19:16:00 EXEC SPC_COM_GET_COMBOBOX 'in_out_div';
2018-03-20 19:16:07 EXEC SPC_COM_GET_COMBOBOX 'in_out_div';
2018-03-20 19:16:07 EXEC SPC_COM_GET_COMBOBOX 'in_out_data_div';
2018-03-20 19:16:08 EXEC SPC_049_INPUT_OUTPUT_FND1 '','','','','','','','1','10';
2018-03-20 19:16:08 EXEC SPC_049_INPUT_OUTPUT_FND1 '','','','','','','','1','10';
2018-03-20 19:16:08 EXEC SPC_049_INPUT_OUTPUT_FND1 '','','','','','','','1','10';
2018-03-20 19:16:11 EXEC SPC_COM_GET_COMBOBOX 'in_out_data_div';
2018-03-20 19:16:11 EXEC SPC_COM_GET_COMBOBOX 'in_out_div';
2018-03-20 19:16:33 EXEC SPC_COM_GET_COMBOBOX 'in_out_div';
2018-03-20 19:16:33 EXEC SPC_COM_GET_COMBOBOX 'in_out_data_div';
2018-03-20 19:16:34 EXEC SPC_049_INPUT_OUTPUT_FND1 '','','','','','','','1','10';
2018-03-20 19:16:34 EXEC SPC_049_INPUT_OUTPUT_FND1 '','','','','','','','1','10';
2018-03-20 19:16:52 EXEC SPC_049_INPUT_OUTPUT_FND1 '','','','','','','','1','10';
2018-03-20 19:16:55 EXEC SPC_COM_GET_COMBOBOX 'in_out_data_div';
2018-03-20 19:16:55 EXEC SPC_COM_GET_COMBOBOX 'in_out_div';
2018-03-20 19:18:21 EXEC SPC_COM_GET_COMBOBOX 'in_out_data_div';
2018-03-20 19:18:21 EXEC SPC_COM_GET_COMBOBOX 'in_out_div';
2018-03-20 19:18:34 EXEC SPC_049_INPUT_OUTPUT_FND1 '','','','','','','','1','10';
2018-03-20 19:18:37 EXEC SPC_COM_GET_COMBOBOX 'in_out_div';
2018-03-20 19:18:37 EXEC SPC_COM_GET_COMBOBOX 'in_out_data_div';
2018-03-20 19:20:54 EXEC SPC_COM_GET_COMBOBOX 'buy_status_div';
2018-03-20 19:20:55 EXEC SPC_032_PURCHASE_REQUEST_SEARCH_FND1 '','','','','','','','1','10';
2018-03-20 19:20:57 EXEC SPC_031_PURCHASE_REQUEST_DETAIL_INQ1 'KI201803010001';
2018-03-20 19:20:58 EXEC SPC_GET_TAX_RATE '2018/03/01';
2018-03-20 19:26:41 EXEC SPC_COM_GET_COMBOBOX 'in_out_div';
2018-03-20 19:26:41 EXEC SPC_COM_GET_COMBOBOX 'in_out_data_div';
2018-03-20 19:26:41 EXEC SPC_048_INPUT_OUTPUT_DETAIL_INQ1 '';
2018-03-20 19:26:46 EXEC SPC_048_INPUT_OUTPUT_DETAIL_INQ1 '';
2018-03-20 19:26:49 EXEC SPC_048_INPUT_OUTPUT_DETAIL_INQ1 '';
2018-03-20 19:28:01 EXEC SPC_COM_GET_COMBOBOX 'in_out_data_div';
2018-03-20 19:28:01 EXEC SPC_048_INPUT_OUTPUT_DETAIL_INQ1 'SY201701050003';
2018-03-20 19:28:04 EXEC SPC_048_INPUT_OUTPUT_DETAIL_INQ1 'SY201701050004';
2018-03-20 19:28:07 EXEC SPC_048_INPUT_OUTPUT_DETAIL_INQ1 'SY201701050003';
2018-03-20 19:28:19 EXEC SPC_COM_GET_COMBOBOX 'in_out_div';
2018-03-20 19:28:19 EXEC SPC_COM_GET_COMBOBOX 'in_out_data_div';
2018-03-20 19:28:19 EXEC SPC_048_INPUT_OUTPUT_DETAIL_INQ1 'SY201701050003';
2018-03-20 19:28:22 EXEC SPC_048_INPUT_OUTPUT_DETAIL_INQ1 'SY201701050001';
2018-03-20 19:28:25 EXEC SPC_048_INPUT_OUTPUT_DETAIL_INQ1 'SY201701050003';
2018-03-20 19:28:42 EXEC SPC_048_INPUT_OUTPUT_DETAIL_INQ1 'SY201701050002';
2018-03-20 19:29:06 EXEC SPC_048_INPUT_OUTPUT_DETAIL_INQ1 'SY201701050003';
2018-03-20 19:29:29 EXEC SPC_048_INPUT_OUTPUT_DETAIL_INQ1 'SY201701050002';
2018-03-20 19:33:23 EXEC SPC_COM_GET_COMBOBOX 'in_out_div';
2018-03-20 19:33:23 EXEC SPC_COM_GET_COMBOBOX 'in_out_data_div';
2018-03-20 19:33:23 EXEC SPC_048_INPUT_OUTPUT_DETAIL_INQ1 'SY201701050003';
2018-03-20 19:33:34 EXEC SPC_048_INPUT_OUTPUT_DETAIL_INQ1 'SY201701050002';
2018-03-20 19:34:03 EXEC SPC_COM_GET_COMBOBOX 'in_out_data_div';
2018-03-20 19:34:03 EXEC SPC_COM_GET_COMBOBOX 'in_out_div';
2018-03-20 19:34:03 EXEC SPC_048_INPUT_OUTPUT_DETAIL_INQ1 'SY201701050003';
2018-03-20 19:34:25 EXEC SPC_048_INPUT_OUTPUT_DETAIL_INQ1 'SY201701050002';
2018-03-20 19:35:40 EXEC SPC_048_INPUT_OUTPUT_DETAIL_INQ1 'SY201701050003';
2018-03-20 19:35:50 EXEC SPC_048_INPUT_OUTPUT_DETAIL_INQ1 'SY201701050002';
2018-03-20 19:36:27 EXEC SPC_048_INPUT_OUTPUT_DETAIL_INQ1 'SY201701050003';
2018-03-20 19:38:12 EXEC SPC_048_INPUT_OUTPUT_DETAIL_INQ1 'SY201701050002';
2018-03-20 19:39:40 EXEC SPC_COM_GET_COMBOBOX 'in_out_div';
2018-03-20 19:39:41 EXEC SPC_COM_GET_COMBOBOX 'in_out_data_div';
2018-03-20 19:39:41 EXEC SPC_048_INPUT_OUTPUT_DETAIL_INQ1 'SY201701050003';
2018-03-20 19:39:43 EXEC SPC_048_INPUT_OUTPUT_DETAIL_INQ1 'SY201701050002';
2018-03-20 19:39:46 EXEC SPC_048_INPUT_OUTPUT_DETAIL_INQ1 'SY201701050003';
2018-03-20 19:39:55 EXEC SPC_048_INPUT_OUTPUT_DETAIL_INQ1 'SY201701050002';
2018-03-20 19:40:00 EXEC SPC_048_INPUT_OUTPUT_DETAIL_INQ1 'SY201701050003';
2018-03-20 19:40:25 EXEC SPC_048_INPUT_OUTPUT_DETAIL_INQ1 'SY201701050002';
2018-03-20 19:40:53 EXEC SPC_COM_GET_COMBOBOX 'in_out_div';
2018-03-20 19:40:53 EXEC SPC_COM_GET_COMBOBOX 'in_out_data_div';
2018-03-20 19:40:54 EXEC SPC_048_INPUT_OUTPUT_DETAIL_INQ1 'SY201701050002';
2018-03-20 19:40:57 EXEC SPC_048_INPUT_OUTPUT_DETAIL_INQ1 'SY201701050003';
2018-03-20 19:41:01 EXEC SPC_048_INPUT_OUTPUT_DETAIL_INQ1 'SY201701050001';
