2018-06-01 10:35:38 EXEC SPC_073_LOGIN_ACT1 '111','111';
2018-06-01 10:35:38 EXEC SPC_GET_CONSTANT '';
2018-06-01 10:35:38 EXEC SPC_GET_PERMISSION_AUTH '999','input-output-detail','view';
2018-06-01 10:35:38 EXEC SPC_COM_GET_COMBOBOX 'in_out_div';
2018-06-01 10:35:38 EXEC SPC_COM_GET_COMBOBOX 'in_out_data_div';
2018-06-01 10:35:41 EXEC SPC_073_LOGIN_ACT1 '111','111';
2018-06-01 10:35:41 EXEC SPC_GET_CONSTANT '';
2018-06-01 10:36:41 EXEC SPC_GET_PERMISSION_AUTH '999','input-output-search','view';
2018-06-01 10:36:41 EXEC SPC_COM_GET_COMBOBOX 'in_out_div';
2018-06-01 10:36:41 EXEC SPC_COM_GET_COMBOBOX 'in_out_data_div';
2018-06-01 10:36:44 EXEC SPC_GET_PERMISSION_AUTH '999','input-output-detail','view';
2018-06-01 10:36:44 EXEC SPC_COM_GET_COMBOBOX 'in_out_div';
2018-06-01 10:36:44 EXEC SPC_COM_GET_COMBOBOX 'in_out_data_div';
2018-06-01 10:37:03 EXEC SPC_GET_PERMISSION_AUTH '999','popup-warehouse-search','view';
2018-06-01 10:37:05 EXEC SPC_GET_PERMISSION_AUTH '999','popup-warehouse-search','search';
2018-06-01 10:37:05 EXEC SPC_WAREHOUSE_SEARCH '','','1','10';
2018-06-01 10:37:08 EXEC SPC_GET_PERMISSION_AUTH '999','popup-component-product-search','view';
2018-06-01 10:37:10 EXEC SPC_GET_PERMISSION_AUTH '999','popup-component-product-search','search';
2018-06-01 10:37:10 EXEC SPC_COMPONENT_PRODUCT_FND '','','','','1','10';
2018-06-01 10:37:12 EXEC SPC_GET_PERMISSION_AUTH '999','','view';
2018-06-01 10:37:12 EXEC SPC_048_INPUT_OUTPUT_DETAIL_INQ2 '00006';
2018-06-01 10:37:17 EXEC SPC_GET_PERMISSION_AUTH '999','','view';
2018-06-01 10:37:20 EXEC SPC_GET_PERMISSION_AUTH '999','','view';
2018-06-01 10:40:20 EXEC SPC_GET_PERMISSION_AUTH '999','','view';
2018-06-01 10:42:11 EXEC SPC_GET_PERMISSION_AUTH '999','input-output-detail','view';
2018-06-01 10:42:11 EXEC SPC_COM_GET_COMBOBOX 'in_out_div';
2018-06-01 10:42:11 EXEC SPC_COM_GET_COMBOBOX 'in_out_data_div';
2018-06-01 10:42:21 EXEC SPC_GET_PERMISSION_AUTH '999','popup-warehouse-search','view';
2018-06-01 10:42:24 EXEC SPC_GET_PERMISSION_AUTH '999','popup-warehouse-search','search';
2018-06-01 10:42:24 EXEC SPC_WAREHOUSE_SEARCH '','','1','10';
2018-06-01 10:42:26 EXEC SPC_GET_PERMISSION_AUTH '999','popup-component-product-search','view';
2018-06-01 10:42:28 EXEC SPC_GET_PERMISSION_AUTH '999','popup-component-product-search','search';
2018-06-01 10:42:28 EXEC SPC_COMPONENT_PRODUCT_FND '','','','','1','10';
2018-06-01 10:42:30 EXEC SPC_GET_PERMISSION_AUTH '999','','view';
2018-06-01 10:42:30 EXEC SPC_048_INPUT_OUTPUT_DETAIL_INQ2 '00001';
2018-06-01 10:42:37 EXEC SPC_GET_PERMISSION_AUTH '999','','view';
2018-06-01 10:42:37 EXEC SPC_048_INPUT_OUTPUT_DETAIL_ACT2 '[{"in_out_detail_no":"1","item_cd":"00001","serial_no":"1111111","in_out_qty":"1","detail_remarks":"","serial_management_div":"1"}]';
2018-06-01 10:42:38 EXEC SPC_GET_PERMISSION_AUTH '999','','view';
2018-06-01 10:42:38 EXEC SPC_048_INPUT_OUTPUT_DETAIL_ACT2 '[{"in_out_detail_no":"1","item_cd":"00001","serial_no":"1111111","in_out_qty":"1","detail_remarks":"","serial_management_div":"1"}]';
2018-06-01 10:43:20 EXEC SPC_GET_PERMISSION_AUTH '999','input-output-detail','view';
2018-06-01 10:43:20 EXEC SPC_COM_GET_COMBOBOX 'in_out_div';
2018-06-01 10:43:20 EXEC SPC_COM_GET_COMBOBOX 'in_out_data_div';
2018-06-01 10:43:25 EXEC SPC_GET_PERMISSION_AUTH '999','popup-warehouse-search','view';
2018-06-01 10:43:27 EXEC SPC_GET_PERMISSION_AUTH '999','popup-warehouse-search','search';
2018-06-01 10:43:27 EXEC SPC_WAREHOUSE_SEARCH '','','1','10';
2018-06-01 10:43:37 EXEC SPC_GET_PERMISSION_AUTH '999','popup-component-product-search','view';
2018-06-01 10:43:40 EXEC SPC_GET_PERMISSION_AUTH '999','popup-component-product-search','search';
2018-06-01 10:43:40 EXEC SPC_COMPONENT_PRODUCT_FND '','','','','1','10';
2018-06-01 10:43:42 EXEC SPC_GET_PERMISSION_AUTH '999','','view';
2018-06-01 10:43:42 EXEC SPC_048_INPUT_OUTPUT_DETAIL_INQ2 '00007';
2018-06-01 10:43:47 EXEC SPC_GET_PERMISSION_AUTH '999','','view';
2018-06-01 10:44:07 EXEC SPC_GET_PERMISSION_AUTH '999','','view';
2018-06-01 10:44:29 EXEC SPC_GET_PERMISSION_AUTH '999','input-output-detail','view';
2018-06-01 10:44:29 EXEC SPC_COM_GET_COMBOBOX 'in_out_div';
2018-06-01 10:44:29 EXEC SPC_COM_GET_COMBOBOX 'in_out_data_div';
2018-06-01 10:44:32 EXEC SPC_GET_PERMISSION_AUTH '999','popup-warehouse-search','view';
2018-06-01 10:44:34 EXEC SPC_GET_PERMISSION_AUTH '999','popup-warehouse-search','search';
2018-06-01 10:44:34 EXEC SPC_WAREHOUSE_SEARCH '','','1','10';
2018-06-01 10:44:36 EXEC SPC_GET_PERMISSION_AUTH '999','popup-component-product-search','view';
2018-06-01 10:44:38 EXEC SPC_GET_PERMISSION_AUTH '999','popup-component-product-search','search';
2018-06-01 10:44:38 EXEC SPC_COMPONENT_PRODUCT_FND '','','','','1','10';
2018-06-01 10:44:39 EXEC SPC_GET_PERMISSION_AUTH '999','','view';
2018-06-01 10:44:39 EXEC SPC_048_INPUT_OUTPUT_DETAIL_INQ2 '00007';
2018-06-01 10:44:42 EXEC SPC_GET_PERMISSION_AUTH '999','','view';
2018-06-01 10:45:48 EXEC SPC_GET_PERMISSION_AUTH '999','input-output-detail','view';
2018-06-01 10:45:48 EXEC SPC_COM_GET_COMBOBOX 'in_out_div';
2018-06-01 10:45:48 EXEC SPC_COM_GET_COMBOBOX 'in_out_data_div';
2018-06-01 10:45:56 EXEC SPC_GET_PERMISSION_AUTH '999','popup-warehouse-search','view';
2018-06-01 10:45:58 EXEC SPC_GET_PERMISSION_AUTH '999','popup-warehouse-search','search';
2018-06-01 10:45:58 EXEC SPC_WAREHOUSE_SEARCH '','','1','10';
2018-06-01 10:46:09 EXEC SPC_GET_PERMISSION_AUTH '999','popup-component-product-search','view';
2018-06-01 10:47:24 EXEC SPC_GET_PERMISSION_AUTH '999','input-output-detail','view';
2018-06-01 10:47:24 EXEC SPC_COM_GET_COMBOBOX 'in_out_div';
2018-06-01 10:47:24 EXEC SPC_COM_GET_COMBOBOX 'in_out_data_div';
2018-06-01 10:47:28 EXEC SPC_GET_PERMISSION_AUTH '999','popup-warehouse-search','view';
2018-06-01 10:47:30 EXEC SPC_GET_PERMISSION_AUTH '999','popup-warehouse-search','search';
2018-06-01 10:47:30 EXEC SPC_WAREHOUSE_SEARCH '','','1','10';
2018-06-01 10:47:35 EXEC SPC_GET_PERMISSION_AUTH '999','popup-component-product-search','view';
2018-06-01 10:47:36 EXEC SPC_GET_PERMISSION_AUTH '999','popup-component-product-search','search';
2018-06-01 10:47:36 EXEC SPC_COMPONENT_PRODUCT_FND '','','','','1','10';
2018-06-01 10:47:37 EXEC SPC_GET_PERMISSION_AUTH '999','','view';
2018-06-01 10:47:37 EXEC SPC_048_INPUT_OUTPUT_DETAIL_INQ2 '00007';
2018-06-01 10:47:42 EXEC SPC_GET_PERMISSION_AUTH '999','','view';
2018-06-01 10:48:13 EXEC SPC_GET_PERMISSION_AUTH '999','','view';
2018-06-01 10:48:46 EXEC SPC_GET_PERMISSION_AUTH '999','','view';
2018-06-01 10:49:35 EXEC SPC_GET_PERMISSION_AUTH '999','input-output-detail','view';
2018-06-01 10:49:35 EXEC SPC_COM_GET_COMBOBOX 'in_out_div';
2018-06-01 10:49:35 EXEC SPC_COM_GET_COMBOBOX 'in_out_data_div';
2018-06-01 10:49:39 EXEC SPC_GET_PERMISSION_AUTH '999','popup-warehouse-search','view';
2018-06-01 10:49:41 EXEC SPC_GET_PERMISSION_AUTH '999','popup-warehouse-search','search';
2018-06-01 10:49:41 EXEC SPC_WAREHOUSE_SEARCH '','','1','10';
2018-06-01 10:49:44 EXEC SPC_GET_PERMISSION_AUTH '999','popup-component-product-search','view';
2018-06-01 10:49:45 EXEC SPC_GET_PERMISSION_AUTH '999','popup-component-product-search','search';
2018-06-01 10:49:45 EXEC SPC_COMPONENT_PRODUCT_FND '','','','','1','10';
2018-06-01 10:49:46 EXEC SPC_GET_PERMISSION_AUTH '999','','view';
2018-06-01 10:49:46 EXEC SPC_048_INPUT_OUTPUT_DETAIL_INQ2 '00011';
2018-06-01 10:49:53 EXEC SPC_GET_PERMISSION_AUTH '999','popup-component-product-search','view';
2018-06-01 10:49:55 EXEC SPC_GET_PERMISSION_AUTH '999','popup-component-product-search','search';
2018-06-01 10:49:55 EXEC SPC_COMPONENT_PRODUCT_FND '','','','','1','10';
2018-06-01 10:49:57 EXEC SPC_GET_PERMISSION_AUTH '999','','view';
2018-06-01 10:49:57 EXEC SPC_048_INPUT_OUTPUT_DETAIL_INQ2 '00006';
2018-06-01 10:50:00 EXEC SPC_GET_PERMISSION_AUTH '999','','view';
2018-06-01 10:52:04 EXEC SPC_GET_PERMISSION_AUTH '999','','view';
2018-06-01 10:52:26 EXEC SPC_GET_PERMISSION_AUTH '999','','view';
2018-06-01 10:53:16 EXEC SPC_GET_PERMISSION_AUTH '999','popup-component-product-search','view';
2018-06-01 10:53:19 EXEC SPC_GET_PERMISSION_AUTH '999','popup-component-product-search','search';
2018-06-01 10:53:19 EXEC SPC_COMPONENT_PRODUCT_FND '','','','1','1','10';
2018-06-01 10:53:21 EXEC SPC_GET_PERMISSION_AUTH '999','','view';
2018-06-01 10:53:21 EXEC SPC_048_INPUT_OUTPUT_DETAIL_INQ2 '00001';
2018-06-01 10:53:24 EXEC SPC_GET_PERMISSION_AUTH '999','','view';
2018-06-01 10:54:23 EXEC SPC_GET_PERMISSION_AUTH '999','','view';
2018-06-01 10:54:29 EXEC SPC_GET_PERMISSION_AUTH '999','','view';
2018-06-01 10:54:55 EXEC SPC_GET_PERMISSION_AUTH '999','','view';
2018-06-01 10:55:16 EXEC SPC_GET_PERMISSION_AUTH '999','','view';
2018-06-01 10:55:16 EXEC SPC_048_INPUT_OUTPUT_DETAIL_ACT2 '{"t_in_out_d":[{"in_out_detail_no":"1","item_cd":"00001","serial_no":"111","in_out_qty":"1","detail_remarks":"","serial_management_div":"1"}]}';
2018-06-01 10:55:56 EXEC SPC_GET_PERMISSION_AUTH '999','','view';
2018-06-01 10:55:56 EXEC SPC_048_INPUT_OUTPUT_DETAIL_INQ2 '00005';
2018-06-01 10:56:00 EXEC SPC_GET_PERMISSION_AUTH '999','','view';
2018-06-01 10:56:00 EXEC SPC_048_INPUT_OUTPUT_DETAIL_ACT2 '[]';
2018-06-01 10:56:01 EXEC SPC_GET_PERMISSION_AUTH '999','','view';
2018-06-01 10:56:01 EXEC SPC_048_INPUT_OUTPUT_DETAIL_ACT2 '[]';
2018-06-01 10:56:17 EXEC SPC_GET_PERMISSION_AUTH '999','input-output-detail','view';
2018-06-01 10:56:17 EXEC SPC_COM_GET_COMBOBOX 'in_out_div';
2018-06-01 10:56:17 EXEC SPC_COM_GET_COMBOBOX 'in_out_data_div';
2018-06-01 10:56:21 EXEC SPC_GET_PERMISSION_AUTH '999','popup-warehouse-search','view';
2018-06-01 10:56:23 EXEC SPC_GET_PERMISSION_AUTH '999','popup-warehouse-search','search';
2018-06-01 10:56:23 EXEC SPC_WAREHOUSE_SEARCH '','','1','10';
2018-06-01 10:56:27 EXEC SPC_GET_PERMISSION_AUTH '999','popup-component-product-search','view';
2018-06-01 10:56:29 EXEC SPC_GET_PERMISSION_AUTH '999','popup-component-product-search','search';
2018-06-01 10:56:29 EXEC SPC_COMPONENT_PRODUCT_FND '','','','','1','10';
2018-06-01 10:56:31 EXEC SPC_GET_PERMISSION_AUTH '999','','view';
2018-06-01 10:56:31 EXEC SPC_048_INPUT_OUTPUT_DETAIL_INQ2 '00001';
2018-06-01 10:56:33 EXEC SPC_GET_PERMISSION_AUTH '999','popup-component-product-search','view';
2018-06-01 10:56:35 EXEC SPC_GET_PERMISSION_AUTH '999','popup-component-product-search','search';
2018-06-01 10:56:35 EXEC SPC_COMPONENT_PRODUCT_FND '','','','','1','10';
2018-06-01 10:56:37 EXEC SPC_GET_PERMISSION_AUTH '999','','view';
2018-06-01 10:56:37 EXEC SPC_048_INPUT_OUTPUT_DETAIL_INQ2 '00005';
2018-06-01 10:56:41 EXEC SPC_GET_PERMISSION_AUTH '999','','view';
2018-06-01 10:56:41 EXEC SPC_048_INPUT_OUTPUT_DETAIL_ACT2 '[]';
2018-06-01 10:56:41 EXEC SPC_GET_PERMISSION_AUTH '999','','view';
2018-06-01 10:56:41 EXEC SPC_048_INPUT_OUTPUT_DETAIL_ACT2 '[]';
2018-06-01 10:56:42 EXEC SPC_GET_PERMISSION_AUTH '999','input-output-detail','save';
2018-06-01 10:59:19 EXEC SPC_GET_PERMISSION_AUTH '999','input-output-detail','view';
2018-06-01 10:59:19 EXEC SPC_COM_GET_COMBOBOX 'in_out_div';
2018-06-01 10:59:19 EXEC SPC_COM_GET_COMBOBOX 'in_out_data_div';
2018-06-01 10:59:24 EXEC SPC_GET_PERMISSION_AUTH '999','popup-component-product-search','view';
2018-06-01 10:59:26 EXEC SPC_GET_PERMISSION_AUTH '999','popup-component-product-search','search';
2018-06-01 10:59:26 EXEC SPC_COMPONENT_PRODUCT_FND '','','','','1','10';
2018-06-01 10:59:27 EXEC SPC_GET_PERMISSION_AUTH '999','','view';
2018-06-01 10:59:27 EXEC SPC_048_INPUT_OUTPUT_DETAIL_INQ2 '00001';
2018-06-01 10:59:32 EXEC SPC_GET_PERMISSION_AUTH '999','popup-warehouse-search','view';
2018-06-01 10:59:34 EXEC SPC_GET_PERMISSION_AUTH '999','popup-warehouse-search','search';
2018-06-01 10:59:34 EXEC SPC_WAREHOUSE_SEARCH '','','1','10';
2018-06-01 10:59:41 EXEC SPC_GET_PERMISSION_AUTH '999','input-output-detail','view';
2018-06-01 10:59:41 EXEC SPC_COM_GET_COMBOBOX 'in_out_div';
2018-06-01 10:59:41 EXEC SPC_COM_GET_COMBOBOX 'in_out_data_div';
2018-06-01 10:59:53 EXEC SPC_GET_PERMISSION_AUTH '999','input-output-detail','view';
2018-06-01 10:59:53 EXEC SPC_COM_GET_COMBOBOX 'in_out_div';
2018-06-01 10:59:53 EXEC SPC_COM_GET_COMBOBOX 'in_out_data_div';
2018-06-01 10:59:57 EXEC SPC_GET_PERMISSION_AUTH '999','popup-warehouse-search','view';
2018-06-01 10:59:59 EXEC SPC_GET_PERMISSION_AUTH '999','popup-warehouse-search','search';
2018-06-01 10:59:59 EXEC SPC_WAREHOUSE_SEARCH '','','1','10';
2018-06-01 11:00:02 EXEC SPC_GET_PERMISSION_AUTH '999','popup-component-product-search','view';
2018-06-01 11:00:03 EXEC SPC_GET_PERMISSION_AUTH '999','popup-component-product-search','search';
2018-06-01 11:00:04 EXEC SPC_COMPONENT_PRODUCT_FND '','','','','1','10';
2018-06-01 11:00:05 EXEC SPC_GET_PERMISSION_AUTH '999','','view';
2018-06-01 11:00:05 EXEC SPC_048_INPUT_OUTPUT_DETAIL_INQ2 '00006';
2018-06-01 11:00:10 EXEC SPC_GET_PERMISSION_AUTH '999','','view';
2018-06-01 11:00:10 EXEC SPC_048_INPUT_OUTPUT_DETAIL_ACT2 '{"t_in_out_d":[{"in_out_detail_no":"1","item_cd":"00006","serial_no":"","in_out_qty":"11111","detail_remarks":"","serial_management_div":""}]}';
2018-06-01 11:00:11 EXEC SPC_GET_PERMISSION_AUTH '999','input-output-detail','save';
2018-06-01 11:00:11 EXEC SPC_048_INPUT_OUTPUT_DETAIL_ACT1 'I','','2','2018/06/01','00','so0002','','[{"in_out_detail_no":"1","item_cd":"00006","serial_no":"","in_out_qty":"11111","detail_remarks":"","serial_management_div":""}]','111','048_input_output_detail','192.168.5.206';
2018-06-01 11:00:12 EXEC SPC_GET_PERMISSION_AUTH '999','','view';
2018-06-01 11:00:12 EXEC SPC_048_INPUT_OUTPUT_DETAIL_INQ1 'NY201806010001';
2018-06-01 11:02:01 EXEC SPC_GET_PERMISSION_AUTH '999','input-output-detail','view';
2018-06-01 11:02:01 EXEC SPC_COM_GET_COMBOBOX 'in_out_div';
2018-06-01 11:02:01 EXEC SPC_COM_GET_COMBOBOX 'in_out_data_div';
2018-06-01 11:02:06 EXEC SPC_GET_PERMISSION_AUTH '999','popup-warehouse-search','view';
2018-06-01 11:02:08 EXEC SPC_GET_PERMISSION_AUTH '999','popup-warehouse-search','search';
2018-06-01 11:02:08 EXEC SPC_WAREHOUSE_SEARCH '','','1','10';
2018-06-01 11:02:52 EXEC SPC_GET_PERMISSION_AUTH '999','input-output-detail','view';
2018-06-01 11:02:52 EXEC SPC_COM_GET_COMBOBOX 'in_out_div';
2018-06-01 11:02:52 EXEC SPC_COM_GET_COMBOBOX 'in_out_data_div';
2018-06-01 11:07:06 EXEC SPC_GET_PERMISSION_AUTH '999','input-output-detail','view';
2018-06-01 11:07:06 EXEC SPC_COM_GET_COMBOBOX 'in_out_div';
2018-06-01 11:07:06 EXEC SPC_COM_GET_COMBOBOX 'in_out_data_div';
2018-06-01 11:07:10 EXEC SPC_GET_PERMISSION_AUTH '999','popup-warehouse-search','view';
2018-06-01 11:07:12 EXEC SPC_GET_PERMISSION_AUTH '999','popup-warehouse-search','search';
2018-06-01 11:07:12 EXEC SPC_WAREHOUSE_SEARCH '','','1','10';
2018-06-01 11:07:14 EXEC SPC_GET_PERMISSION_AUTH '999','popup-component-product-search','view';
2018-06-01 11:07:16 EXEC SPC_GET_PERMISSION_AUTH '999','popup-component-product-search','search';
2018-06-01 11:07:16 EXEC SPC_COMPONENT_PRODUCT_FND '','','','','1','10';
2018-06-01 11:07:17 EXEC SPC_GET_PERMISSION_AUTH '999','','view';
2018-06-01 11:07:17 EXEC SPC_048_INPUT_OUTPUT_DETAIL_INQ2 '00005';
2018-06-01 11:07:21 EXEC SPC_GET_PERMISSION_AUTH '999','','view';
2018-06-01 11:07:21 EXEC SPC_048_INPUT_OUTPUT_DETAIL_ACT2 '[]';
2018-06-01 11:07:22 EXEC SPC_GET_PERMISSION_AUTH '999','input-output-detail','save';
2018-06-01 11:09:40 EXEC SPC_GET_PERMISSION_AUTH '999','input-output-detail','view';
2018-06-01 11:09:40 EXEC SPC_COM_GET_COMBOBOX 'in_out_div';
2018-06-01 11:09:40 EXEC SPC_COM_GET_COMBOBOX 'in_out_data_div';
2018-06-01 11:09:44 EXEC SPC_GET_PERMISSION_AUTH '999','popup-warehouse-search','view';
2018-06-01 11:09:45 EXEC SPC_GET_PERMISSION_AUTH '999','popup-warehouse-search','search';
2018-06-01 11:09:45 EXEC SPC_WAREHOUSE_SEARCH '','','1','10';
2018-06-01 11:09:49 EXEC SPC_GET_PERMISSION_AUTH '999','','view';
2018-06-01 11:09:49 EXEC SPC_048_INPUT_OUTPUT_DETAIL_INQ2 '00005';
2018-06-01 11:09:54 EXEC SPC_GET_PERMISSION_AUTH '999','input-output-detail','view';
2018-06-01 11:09:54 EXEC SPC_COM_GET_COMBOBOX 'in_out_div';
2018-06-01 11:09:54 EXEC SPC_COM_GET_COMBOBOX 'in_out_data_div';
2018-06-01 11:09:57 EXEC SPC_GET_PERMISSION_AUTH '999','popup-warehouse-search','view';
2018-06-01 11:10:00 EXEC SPC_GET_PERMISSION_AUTH '999','popup-warehouse-search','search';
2018-06-01 11:10:00 EXEC SPC_WAREHOUSE_SEARCH '','','1','10';
2018-06-01 11:10:02 EXEC SPC_GET_PERMISSION_AUTH '999','popup-component-product-search','view';
2018-06-01 11:10:03 EXEC SPC_GET_PERMISSION_AUTH '999','popup-component-product-search','search';
2018-06-01 11:10:03 EXEC SPC_COMPONENT_PRODUCT_FND '','','','','1','10';
2018-06-01 11:10:05 EXEC SPC_GET_PERMISSION_AUTH '999','','view';
2018-06-01 11:10:05 EXEC SPC_048_INPUT_OUTPUT_DETAIL_INQ2 '00005';
2018-06-01 11:10:28 EXEC SPC_GET_PERMISSION_AUTH '999','input-output-detail','view';
2018-06-01 11:10:28 EXEC SPC_COM_GET_COMBOBOX 'in_out_div';
2018-06-01 11:10:28 EXEC SPC_COM_GET_COMBOBOX 'in_out_data_div';
2018-06-01 11:10:31 EXEC SPC_GET_PERMISSION_AUTH '999','popup-warehouse-search','view';
2018-06-01 11:10:33 EXEC SPC_GET_PERMISSION_AUTH '999','popup-warehouse-search','search';
2018-06-01 11:10:33 EXEC SPC_WAREHOUSE_SEARCH '','','1','10';
2018-06-01 11:10:37 EXEC SPC_GET_PERMISSION_AUTH '999','','view';
2018-06-01 11:10:37 EXEC SPC_048_INPUT_OUTPUT_DETAIL_INQ2 '00005';
2018-06-01 11:10:40 EXEC SPC_GET_PERMISSION_AUTH '999','','view';
2018-06-01 11:10:40 EXEC SPC_048_INPUT_OUTPUT_DETAIL_ACT2 '{"t_in_out_d":[{"in_out_detail_no":"1","item_cd":"00005","serial_no":"","in_out_qty":"4","detail_remarks":"","serial_management_div":""}]}';
2018-06-01 11:10:41 EXEC SPC_GET_PERMISSION_AUTH '999','input-output-detail','save';
2018-06-01 11:10:41 EXEC SPC_048_INPUT_OUTPUT_DETAIL_ACT1 'I','','5','2018/06/01','00','999999','','[{"in_out_detail_no":"1","item_cd":"00005","serial_no":"","in_out_qty":"4","detail_remarks":"","serial_management_div":""}]','111','048_input_output_detail','192.168.5.206';
2018-06-01 11:10:42 EXEC SPC_GET_PERMISSION_AUTH '999','','view';
2018-06-01 11:10:42 EXEC SPC_048_INPUT_OUTPUT_DETAIL_INQ1 'SY201806010001';
2018-06-01 11:10:55 EXEC SPC_GET_PERMISSION_AUTH '999','input-output-detail','view';
2018-06-01 11:10:55 EXEC SPC_COM_GET_COMBOBOX 'in_out_div';
2018-06-01 11:10:55 EXEC SPC_COM_GET_COMBOBOX 'in_out_data_div';
2018-06-01 11:10:59 EXEC SPC_GET_PERMISSION_AUTH '999','popup-warehouse-search','view';
2018-06-01 11:11:00 EXEC SPC_GET_PERMISSION_AUTH '999','popup-warehouse-search','search';
2018-06-01 11:11:00 EXEC SPC_WAREHOUSE_SEARCH '','','1','10';
2018-06-01 11:11:03 EXEC SPC_GET_PERMISSION_AUTH '999','popup-component-product-search','view';
2018-06-01 11:11:04 EXEC SPC_GET_PERMISSION_AUTH '999','popup-component-product-search','search';
2018-06-01 11:11:04 EXEC SPC_COMPONENT_PRODUCT_FND '','','','','1','10';
2018-06-01 11:11:06 EXEC SPC_GET_PERMISSION_AUTH '999','','view';
2018-06-01 11:11:06 EXEC SPC_048_INPUT_OUTPUT_DETAIL_INQ2 '00006';
2018-06-01 11:11:11 EXEC SPC_GET_PERMISSION_AUTH '999','','view';
2018-06-01 11:11:11 EXEC SPC_048_INPUT_OUTPUT_DETAIL_INQ2 '00006';
2018-06-01 11:11:19 EXEC SPC_GET_PERMISSION_AUTH '999','','view';
2018-06-01 11:11:19 EXEC SPC_048_INPUT_OUTPUT_DETAIL_ACT2 '{"t_in_out_d":[{"in_out_detail_no":"1","item_cd":"00006","serial_no":"","in_out_qty":"333","detail_remarks":"111","serial_management_div":""}]}';
2018-06-01 11:11:21 EXEC SPC_GET_PERMISSION_AUTH '999','popup-component-product-search','view';
2018-06-01 11:11:25 EXEC SPC_GET_PERMISSION_AUTH '999','popup-component-product-search','search';
2018-06-01 11:11:25 EXEC SPC_COMPONENT_PRODUCT_FND '','','','','1','10';
2018-06-01 11:11:26 EXEC SPC_GET_PERMISSION_AUTH '999','','view';
2018-06-01 11:11:26 EXEC SPC_048_INPUT_OUTPUT_DETAIL_INQ2 '00001';
2018-06-01 11:11:29 EXEC SPC_GET_PERMISSION_AUTH '999','','view';
2018-06-01 11:11:29 EXEC SPC_048_INPUT_OUTPUT_DETAIL_ACT2 '{"t_in_out_d":[{"in_out_detail_no":"1","item_cd":"00006","serial_no":"","in_out_qty":"333","detail_remarks":"111","serial_management_div":""},{"in_out_detail_no":"3","item_cd":"00001","serial_no":"111","in_out_qty":"1","detail_remarks":"","serial_management_div":"1"}]}';
2018-06-01 11:11:30 EXEC SPC_GET_PERMISSION_AUTH '999','input-output-detail','save';
2018-06-01 11:11:30 EXEC SPC_048_INPUT_OUTPUT_DETAIL_ACT1 'I','','5','2018/06/01','00','999999','','[{"in_out_detail_no":"1","item_cd":"00006","serial_no":"","in_out_qty":"333","detail_remarks":"111","serial_management_div":""},{"in_out_detail_no":"3","item_cd":"00001","serial_no":"111","in_out_qty":"1","detail_remarks":"","serial_management_div":"1"}]','111','048_input_output_detail','192.168.5.206';
2018-06-01 11:11:31 EXEC SPC_GET_PERMISSION_AUTH '999','','view';
2018-06-01 11:11:31 EXEC SPC_048_INPUT_OUTPUT_DETAIL_INQ1 'SY201806010002';
2018-06-01 11:11:56 EXEC SPC_GET_PERMISSION_AUTH '999','input-output-detail','view';
2018-06-01 11:11:56 EXEC SPC_COM_GET_COMBOBOX 'in_out_div';
2018-06-01 11:11:56 EXEC SPC_COM_GET_COMBOBOX 'in_out_data_div';
2018-06-01 11:11:59 EXEC SPC_GET_PERMISSION_AUTH '999','popup-warehouse-search','view';
2018-06-01 11:12:01 EXEC SPC_GET_PERMISSION_AUTH '999','popup-warehouse-search','search';
2018-06-01 11:12:01 EXEC SPC_WAREHOUSE_SEARCH '','','1','10';
2018-06-01 11:12:04 EXEC SPC_GET_PERMISSION_AUTH '999','popup-component-product-search','view';
2018-06-01 11:12:06 EXEC SPC_GET_PERMISSION_AUTH '999','popup-component-product-search','search';
2018-06-01 11:12:06 EXEC SPC_COMPONENT_PRODUCT_FND '','','','','1','10';
2018-06-01 11:12:07 EXEC SPC_GET_PERMISSION_AUTH '999','','view';
2018-06-01 11:12:07 EXEC SPC_048_INPUT_OUTPUT_DETAIL_INQ2 '00001';
2018-06-01 11:12:11 EXEC SPC_GET_PERMISSION_AUTH '999','','view';
2018-06-01 11:12:11 EXEC SPC_048_INPUT_OUTPUT_DETAIL_INQ2 '00001';
2018-06-01 11:12:14 EXEC SPC_GET_PERMISSION_AUTH '999','','view';
2018-06-01 11:12:14 EXEC SPC_048_INPUT_OUTPUT_DETAIL_ACT2 '{"t_in_out_d":[{"in_out_detail_no":"1","item_cd":"00001","serial_no":"111","in_out_qty":"1","detail_remarks":"","serial_management_div":"1"},{"in_out_detail_no":"2","item_cd":"00001","serial_no":"22","in_out_qty":"1","detail_remarks":"","serial_management_div":"1"}]}';
2018-06-01 11:12:19 EXEC SPC_GET_PERMISSION_AUTH '999','input-output-detail','save';
2018-06-01 11:12:19 EXEC SPC_048_INPUT_OUTPUT_DETAIL_ACT1 'I','','5','2018/06/01','00','so0004','','[{"in_out_detail_no":"1","item_cd":"00001","serial_no":"111","in_out_qty":"1","detail_remarks":"","serial_management_div":"1"},{"in_out_detail_no":"2","item_cd":"00001","serial_no":"22","in_out_qty":"1","detail_remarks":"","serial_management_div":"1"}]','111','048_input_output_detail','192.168.5.206';
2018-06-01 11:12:54 EXEC SPC_GET_PERMISSION_AUTH '999','','view';
2018-06-01 11:12:54 EXEC SPC_048_INPUT_OUTPUT_DETAIL_ACT2 '{"t_in_out_d":[{"in_out_detail_no":"1","item_cd":"00001","serial_no":"111","in_out_qty":"1","detail_remarks":"","serial_management_div":"1"},{"in_out_detail_no":"2","item_cd":"00001","serial_no":"222","in_out_qty":"1","detail_remarks":"","serial_management_div":"1"}]}';
2018-06-01 11:12:55 EXEC SPC_GET_PERMISSION_AUTH '999','input-output-detail','save';
2018-06-01 11:12:55 EXEC SPC_048_INPUT_OUTPUT_DETAIL_ACT1 'I','','5','2018/06/01','00','so0004','','[{"in_out_detail_no":"1","item_cd":"00001","serial_no":"111","in_out_qty":"1","detail_remarks":"","serial_management_div":"1"},{"in_out_detail_no":"2","item_cd":"00001","serial_no":"222","in_out_qty":"1","detail_remarks":"","serial_management_div":"1"}]','111','048_input_output_detail','192.168.5.206';
2018-06-01 11:15:05 EXEC SPC_GET_PERMISSION_AUTH '999','','view';
2018-06-01 11:15:05 EXEC SPC_048_INPUT_OUTPUT_DETAIL_INQ2 '00005';
2018-06-01 11:15:07 EXEC SPC_GET_PERMISSION_AUTH '999','','view';
2018-06-01 11:15:07 EXEC SPC_048_INPUT_OUTPUT_DETAIL_ACT2 '{"t_in_out_d":[{"in_out_detail_no":"1","item_cd":"00001","serial_no":"111","in_out_qty":"1","detail_remarks":"","serial_management_div":"1"},{"in_out_detail_no":"2","item_cd":"00001","serial_no":"222","in_out_qty":"1","detail_remarks":"","serial_management_div":"1"}]}';
2018-06-01 11:15:08 EXEC SPC_GET_PERMISSION_AUTH '999','input-output-detail','save';
2018-06-01 11:15:08 EXEC SPC_048_INPUT_OUTPUT_DETAIL_ACT1 'I','','5','2018/06/01','00','so0004','','[{"in_out_detail_no":"1","item_cd":"00001","serial_no":"111","in_out_qty":"1","detail_remarks":"","serial_management_div":"1"},{"in_out_detail_no":"2","item_cd":"00001","serial_no":"222","in_out_qty":"1","detail_remarks":"","serial_management_div":"1"}]','111','048_input_output_detail','192.168.5.206';
2018-06-01 11:15:10 EXEC SPC_GET_PERMISSION_AUTH '999','','view';
2018-06-01 11:15:10 EXEC SPC_048_INPUT_OUTPUT_DETAIL_INQ1 'SY201806010003';
2018-06-01 11:15:32 EXEC SPC_GET_PERMISSION_AUTH '999','input-output-detail','view';
2018-06-01 11:15:32 EXEC SPC_COM_GET_COMBOBOX 'in_out_div';
2018-06-01 11:15:32 EXEC SPC_COM_GET_COMBOBOX 'in_out_data_div';
2018-06-01 11:15:37 EXEC SPC_GET_PERMISSION_AUTH '999','popup-warehouse-search','view';
2018-06-01 11:15:38 EXEC SPC_GET_PERMISSION_AUTH '999','popup-warehouse-search','search';
2018-06-01 11:15:38 EXEC SPC_WAREHOUSE_SEARCH '','','1','10';
2018-06-01 11:15:41 EXEC SPC_GET_PERMISSION_AUTH '999','popup-component-product-search','view';
2018-06-01 11:15:43 EXEC SPC_GET_PERMISSION_AUTH '999','popup-component-product-search','search';
2018-06-01 11:15:43 EXEC SPC_COMPONENT_PRODUCT_FND '','','','','1','10';
2018-06-01 11:15:44 EXEC SPC_GET_PERMISSION_AUTH '999','','view';
2018-06-01 11:15:44 EXEC SPC_048_INPUT_OUTPUT_DETAIL_INQ2 '00001';
2018-06-01 11:15:51 EXEC SPC_GET_PERMISSION_AUTH '999','','view';
2018-06-01 11:15:51 EXEC SPC_048_INPUT_OUTPUT_DETAIL_INQ2 '00001';
2018-06-01 11:16:05 EXEC SPC_GET_PERMISSION_AUTH '999','popup-component-product-search','view';
2018-06-01 11:16:07 EXEC SPC_GET_PERMISSION_AUTH '999','popup-component-product-search','search';
2018-06-01 11:16:07 EXEC SPC_COMPONENT_PRODUCT_FND '','','','','1','10';
2018-06-01 11:16:09 EXEC SPC_GET_PERMISSION_AUTH '999','','view';
2018-06-01 11:16:09 EXEC SPC_048_INPUT_OUTPUT_DETAIL_INQ2 '00007';
2018-06-01 11:16:20 EXEC SPC_GET_PERMISSION_AUTH '999','','view';
2018-06-01 11:16:20 EXEC SPC_048_INPUT_OUTPUT_DETAIL_ACT2 '{"t_in_out_d":[{"in_out_detail_no":"1","item_cd":"00001","serial_no":"222","in_out_qty":"1","detail_remarks":"","serial_management_div":"1"},{"in_out_detail_no":"2","item_cd":"00001","serial_no":"111","in_out_qty":"1","detail_remarks":"","serial_management_div":"1"}]}';
2018-06-01 11:16:21 EXEC SPC_GET_PERMISSION_AUTH '999','input-output-detail','save';
2018-06-01 11:16:21 EXEC SPC_048_INPUT_OUTPUT_DETAIL_ACT1 'I','','5','2018/06/01','00','999999','','[{"in_out_detail_no":"1","item_cd":"00001","serial_no":"222","in_out_qty":"1","detail_remarks":"","serial_management_div":"1"},{"in_out_detail_no":"2","item_cd":"00001","serial_no":"111","in_out_qty":"1","detail_remarks":"","serial_management_div":"1"}]','111','048_input_output_detail','192.168.5.206';
2018-06-01 11:16:23 EXEC SPC_GET_PERMISSION_AUTH '999','','view';
2018-06-01 11:16:23 EXEC SPC_048_INPUT_OUTPUT_DETAIL_INQ1 'SY201806010004';
2018-06-01 11:16:59 EXEC SPC_GET_PERMISSION_AUTH '999','input-output-detail','view';
2018-06-01 11:16:59 EXEC SPC_COM_GET_COMBOBOX 'in_out_div';
2018-06-01 11:16:59 EXEC SPC_COM_GET_COMBOBOX 'in_out_data_div';
2018-06-01 11:17:04 EXEC SPC_GET_PERMISSION_AUTH '999','input-output-detail','view';
2018-06-01 11:17:04 EXEC SPC_COM_GET_COMBOBOX 'in_out_div';
2018-06-01 11:17:04 EXEC SPC_COM_GET_COMBOBOX 'in_out_data_div';
2018-06-01 11:17:08 EXEC SPC_GET_PERMISSION_AUTH '999','popup-warehouse-search','view';
2018-06-01 11:17:10 EXEC SPC_GET_PERMISSION_AUTH '999','popup-warehouse-search','search';
2018-06-01 11:17:10 EXEC SPC_WAREHOUSE_SEARCH '','','1','10';
2018-06-01 11:17:12 EXEC SPC_GET_PERMISSION_AUTH '999','popup-component-product-search','view';
2018-06-01 11:17:15 EXEC SPC_GET_PERMISSION_AUTH '999','popup-component-product-search','search';
2018-06-01 11:17:15 EXEC SPC_COMPONENT_PRODUCT_FND '','','','','1','10';
2018-06-01 11:17:16 EXEC SPC_GET_PERMISSION_AUTH '999','','view';
2018-06-01 11:17:16 EXEC SPC_048_INPUT_OUTPUT_DETAIL_INQ2 '00001';
2018-06-01 11:17:21 EXEC SPC_GET_PERMISSION_AUTH '999','','view';
2018-06-01 11:17:21 EXEC SPC_048_INPUT_OUTPUT_DETAIL_INQ2 'newDat';
2018-06-01 11:17:23 EXEC SPC_GET_PERMISSION_AUTH '999','','view';
2018-06-01 11:17:23 EXEC SPC_048_INPUT_OUTPUT_DETAIL_INQ2 '00001';
2018-06-01 11:17:27 EXEC SPC_GET_PERMISSION_AUTH '999','','view';
2018-06-01 11:17:27 EXEC SPC_048_INPUT_OUTPUT_DETAIL_INQ2 '00007';
2018-06-01 11:17:31 EXEC SPC_GET_PERMISSION_AUTH '999','','view';
2018-06-01 11:17:31 EXEC SPC_048_INPUT_OUTPUT_DETAIL_ACT2 '{"t_in_out_d":[{"in_out_detail_no":"1","item_cd":"00001","serial_no":"11","in_out_qty":"1","detail_remarks":"","serial_management_div":"1"},{"in_out_detail_no":"2","item_cd":"00001","serial_no":"22","in_out_qty":"1","detail_remarks":"","serial_management_div":"1"}]}';
2018-06-01 11:17:32 EXEC SPC_GET_PERMISSION_AUTH '999','input-output-detail','save';
2018-06-01 11:17:32 EXEC SPC_048_INPUT_OUTPUT_DETAIL_ACT1 'I','','5','2018/06/01','00','999999','','[{"in_out_detail_no":"1","item_cd":"00001","serial_no":"11","in_out_qty":"1","detail_remarks":"","serial_management_div":"1"},{"in_out_detail_no":"2","item_cd":"00001","serial_no":"22","in_out_qty":"1","detail_remarks":"","serial_management_div":"1"}]','111','048_input_output_detail','192.168.5.206';
2018-06-01 11:17:33 EXEC SPC_GET_PERMISSION_AUTH '999','','view';
2018-06-01 11:17:33 EXEC SPC_048_INPUT_OUTPUT_DETAIL_INQ1 'SY201806010005';
2018-06-01 11:17:36 EXEC SPC_GET_PERMISSION_AUTH '999','input-output-detail','view';
2018-06-01 11:17:36 EXEC SPC_COM_GET_COMBOBOX 'in_out_div';
2018-06-01 11:17:36 EXEC SPC_COM_GET_COMBOBOX 'in_out_data_div';
2018-06-01 11:18:54 EXEC SPC_GET_PERMISSION_AUTH '999','popup-warehouse-search','view';
2018-06-01 11:18:56 EXEC SPC_GET_PERMISSION_AUTH '999','popup-warehouse-search','search';
2018-06-01 11:18:56 EXEC SPC_WAREHOUSE_SEARCH '','','1','10';
2018-06-01 11:19:00 EXEC SPC_GET_PERMISSION_AUTH '999','','view';
2018-06-01 11:19:00 EXEC SPC_048_INPUT_OUTPUT_DETAIL_INQ2 '00001';
2018-06-01 11:19:04 EXEC SPC_GET_PERMISSION_AUTH '999','','view';
2018-06-01 11:19:04 EXEC SPC_048_INPUT_OUTPUT_DETAIL_INQ2 '00001';
2018-06-01 11:19:12 EXEC SPC_GET_PERMISSION_AUTH '999','','view';
2018-06-01 11:19:12 EXEC SPC_048_INPUT_OUTPUT_DETAIL_INQ2 '00005';
2018-06-01 11:19:17 EXEC SPC_GET_PERMISSION_AUTH '999','','view';
2018-06-01 11:19:17 EXEC SPC_048_INPUT_OUTPUT_DETAIL_INQ2 '00005';
2018-06-01 11:19:21 EXEC SPC_GET_PERMISSION_AUTH '999','','view';
2018-06-01 11:19:21 EXEC SPC_048_INPUT_OUTPUT_DETAIL_ACT2 '{"t_in_out_d":[{"in_out_detail_no":"1","item_cd":"00001","serial_no":"11","in_out_qty":"1","detail_remarks":"","serial_management_div":"1"},{"in_out_detail_no":"2","item_cd":"00001","serial_no":"22","in_out_qty":"1","detail_remarks":"","serial_management_div":"1"},{"in_out_detail_no":"3","item_cd":"00005","serial_no":"","in_out_qty":"33","detail_remarks":"","serial_management_div":""}]}';
2018-06-01 11:19:22 EXEC SPC_GET_PERMISSION_AUTH '999','input-output-detail','save';
2018-06-01 11:19:22 EXEC SPC_048_INPUT_OUTPUT_DETAIL_ACT1 'I','','5','2018/06/01','00','999999','','[{"in_out_detail_no":"1","item_cd":"00001","serial_no":"11","in_out_qty":"1","detail_remarks":"","serial_management_div":"1"},{"in_out_detail_no":"2","item_cd":"00001","serial_no":"22","in_out_qty":"1","detail_remarks":"","serial_management_div":"1"},{"in_out_detail_no":"3","item_cd":"00005","serial_no":"","in_out_qty":"33","detail_remarks":"","serial_management_div":""}]','111','048_input_output_detail','192.168.5.206';
2018-06-01 11:19:24 EXEC SPC_GET_PERMISSION_AUTH '999','','view';
2018-06-01 11:19:24 EXEC SPC_048_INPUT_OUTPUT_DETAIL_INQ1 'SY201806010006';
2018-06-01 11:21:53 EXEC SPC_GET_PERMISSION_AUTH '999','input-output-detail','view';
2018-06-01 11:21:53 EXEC SPC_COM_GET_COMBOBOX 'in_out_div';
2018-06-01 11:21:53 EXEC SPC_COM_GET_COMBOBOX 'in_out_data_div';
2018-06-01 11:21:57 EXEC SPC_GET_PERMISSION_AUTH '999','input-output-search','view';
2018-06-01 11:21:57 EXEC SPC_COM_GET_COMBOBOX 'in_out_div';
2018-06-01 11:21:57 EXEC SPC_COM_GET_COMBOBOX 'in_out_data_div';
2018-06-01 11:22:00 EXEC SPC_GET_PERMISSION_AUTH '999','input-output-detail','view';
2018-06-01 11:22:00 EXEC SPC_COM_GET_COMBOBOX 'in_out_div';
2018-06-01 11:22:00 EXEC SPC_COM_GET_COMBOBOX 'in_out_data_div';
2018-06-01 11:23:51 EXEC SPC_GET_PERMISSION_AUTH '999','input-output-detail','view';
2018-06-01 11:23:51 EXEC SPC_COM_GET_COMBOBOX 'in_out_div';
2018-06-01 11:23:51 EXEC SPC_COM_GET_COMBOBOX 'in_out_data_div';
2018-06-01 11:23:55 EXEC SPC_GET_PERMISSION_AUTH '999','popup-warehouse-search','view';
2018-06-01 11:23:56 EXEC SPC_GET_PERMISSION_AUTH '999','popup-warehouse-search','search';
2018-06-01 11:23:56 EXEC SPC_WAREHOUSE_SEARCH '','','1','10';
2018-06-01 11:24:01 EXEC SPC_GET_PERMISSION_AUTH '999','','view';
2018-06-01 11:24:01 EXEC SPC_048_INPUT_OUTPUT_DETAIL_INQ2 '00001';
2018-06-01 11:24:08 EXEC SPC_GET_PERMISSION_AUTH '999','','view';
2018-06-01 11:24:08 EXEC SPC_048_INPUT_OUTPUT_DETAIL_INQ2 '00001';
2018-06-01 11:24:12 EXEC SPC_GET_PERMISSION_AUTH '999','','view';
2018-06-01 11:24:12 EXEC SPC_048_INPUT_OUTPUT_DETAIL_INQ2 '00005';
2018-06-01 11:24:15 EXEC SPC_GET_PERMISSION_AUTH '999','','view';
2018-06-01 11:24:15 EXEC SPC_048_INPUT_OUTPUT_DETAIL_ACT2 '{"t_in_out_d":[{"in_out_detail_no":"1","item_cd":"00001","serial_no":"11","in_out_qty":"1","detail_remarks":"","serial_management_div":"1"},{"in_out_detail_no":"2","item_cd":"00001","serial_no":"22","in_out_qty":"1","detail_remarks":"","serial_management_div":"1"}]}';
2018-06-01 11:24:15 EXEC SPC_GET_PERMISSION_AUTH '999','input-output-detail','save';
2018-06-01 11:24:15 EXEC SPC_048_INPUT_OUTPUT_DETAIL_ACT1 'I','','5','2018/06/01','00','001','','[{"in_out_detail_no":"1","item_cd":"00001","serial_no":"11","in_out_qty":"1","detail_remarks":"","serial_management_div":"1"},{"in_out_detail_no":"2","item_cd":"00001","serial_no":"22","in_out_qty":"1","detail_remarks":"","serial_management_div":"1"}]','111','048_input_output_detail','192.168.5.206';
2018-06-01 11:24:16 EXEC SPC_GET_PERMISSION_AUTH '999','','view';
2018-06-01 11:24:16 EXEC SPC_048_INPUT_OUTPUT_DETAIL_INQ1 'SY201806010007';
2018-06-01 11:28:12 EXEC SPC_GET_PERMISSION_AUTH '999','input-output-detail','view';
2018-06-01 11:28:12 EXEC SPC_COM_GET_COMBOBOX 'in_out_div';
2018-06-01 11:28:12 EXEC SPC_COM_GET_COMBOBOX 'in_out_data_div';
2018-06-01 11:28:15 EXEC SPC_GET_PERMISSION_AUTH '999','popup-warehouse-search','view';
2018-06-01 11:28:17 EXEC SPC_GET_PERMISSION_AUTH '999','popup-warehouse-search','search';
2018-06-01 11:28:17 EXEC SPC_WAREHOUSE_SEARCH '','','1','10';
2018-06-01 11:28:21 EXEC SPC_GET_PERMISSION_AUTH '999','','view';
2018-06-01 11:28:21 EXEC SPC_048_INPUT_OUTPUT_DETAIL_INQ2 '000025';
2018-06-01 11:28:23 EXEC SPC_GET_PERMISSION_AUTH '999','','view';
2018-06-01 11:28:23 EXEC SPC_048_INPUT_OUTPUT_DETAIL_INQ2 '00005';
2018-06-01 11:28:29 EXEC SPC_GET_PERMISSION_AUTH '999','','view';
2018-06-01 11:28:29 EXEC SPC_048_INPUT_OUTPUT_DETAIL_INQ2 '00005';
2018-06-01 11:28:30 EXEC SPC_GET_PERMISSION_AUTH '999','','view';
2018-06-01 11:28:30 EXEC SPC_048_INPUT_OUTPUT_DETAIL_INQ2 '00005';
2018-06-01 11:28:37 EXEC SPC_GET_PERMISSION_AUTH '999','','view';
2018-06-01 11:28:37 EXEC SPC_048_INPUT_OUTPUT_DETAIL_ACT2 '{"t_in_out_d":[{"in_out_detail_no":"1","item_cd":"00005","serial_no":"","in_out_qty":"66","detail_remarks":"","serial_management_div":""},{"in_out_detail_no":"1","item_cd":"00005","serial_no":"","in_out_qty":"66","detail_remarks":"","serial_management_div":""},{"in_out_detail_no":"2","item_cd":"00005","serial_no":"","in_out_qty":"55","detail_remarks":"","serial_management_div":""}]}';
2018-06-01 11:28:38 EXEC SPC_GET_PERMISSION_AUTH '999','input-output-detail','save';
2018-06-01 11:28:38 EXEC SPC_048_INPUT_OUTPUT_DETAIL_ACT1 'I','','5','2018/06/01','00','999999','','[{"in_out_detail_no":"1","item_cd":"00005","serial_no":"","in_out_qty":"66","detail_remarks":"","serial_management_div":""},{"in_out_detail_no":"1","item_cd":"00005","serial_no":"","in_out_qty":"66","detail_remarks":"","serial_management_div":""},{"in_out_detail_no":"2","item_cd":"00005","serial_no":"","in_out_qty":"55","detail_remarks":"","serial_management_div":""}]','111','048_input_output_detail','192.168.5.206';
2018-06-01 11:46:23 EXEC SPC_GET_PERMISSION_AUTH '999','input-output-detail','view';
2018-06-01 11:46:23 EXEC SPC_COM_GET_COMBOBOX 'in_out_div';
2018-06-01 11:46:23 EXEC SPC_COM_GET_COMBOBOX 'in_out_data_div';
2018-06-01 11:46:29 EXEC SPC_GET_PERMISSION_AUTH '999','popup-warehouse-search','view';
2018-06-01 11:46:31 EXEC SPC_GET_PERMISSION_AUTH '999','popup-warehouse-search','search';
2018-06-01 11:46:31 EXEC SPC_WAREHOUSE_SEARCH '','','1','10';
2018-06-01 11:46:36 EXEC SPC_GET_PERMISSION_AUTH '999','','view';
2018-06-01 11:46:36 EXEC SPC_048_INPUT_OUTPUT_DETAIL_INQ2 '00001';
2018-06-01 11:46:42 EXEC SPC_GET_PERMISSION_AUTH '999','','view';
2018-06-01 11:46:42 EXEC SPC_048_INPUT_OUTPUT_DETAIL_INQ2 '00001';
2018-06-01 11:46:52 EXEC SPC_GET_PERMISSION_AUTH '999','','view';
2018-06-01 11:46:52 EXEC SPC_048_INPUT_OUTPUT_DETAIL_ACT2 '{"t_in_out_d":[{"in_out_detail_no":"1","item_cd":"00001","serial_no":"111","in_out_qty":"1","detail_remarks":""},{"in_out_detail_no":"2","item_cd":"00001","serial_no":"222","in_out_qty":"1","detail_remarks":""}]}';
2018-06-01 11:46:57 EXEC SPC_GET_PERMISSION_AUTH '999','','view';
2018-06-01 11:46:57 EXEC SPC_048_INPUT_OUTPUT_DETAIL_INQ2 '000005';
2018-06-01 11:46:59 EXEC SPC_GET_PERMISSION_AUTH '999','','view';
2018-06-01 11:46:59 EXEC SPC_048_INPUT_OUTPUT_DETAIL_INQ2 '00005';
2018-06-01 11:47:04 EXEC SPC_GET_PERMISSION_AUTH '999','','view';
2018-06-01 11:47:04 EXEC SPC_048_INPUT_OUTPUT_DETAIL_INQ2 '00005';
2018-06-01 11:51:06 EXEC SPC_GET_PERMISSION_AUTH '999','input-output-detail','view';
2018-06-01 11:51:06 EXEC SPC_COM_GET_COMBOBOX 'in_out_div';
2018-06-01 11:51:06 EXEC SPC_COM_GET_COMBOBOX 'in_out_data_div';
2018-06-01 11:51:11 EXEC SPC_GET_PERMISSION_AUTH '999','','view';
2018-06-01 11:51:11 EXEC SPC_048_INPUT_OUTPUT_DETAIL_INQ2 '00001';
2018-06-01 11:51:16 EXEC SPC_GET_PERMISSION_AUTH '999','','view';
2018-06-01 11:51:16 EXEC SPC_048_INPUT_OUTPUT_DETAIL_INQ2 '00001';
2018-06-01 11:51:19 EXEC SPC_GET_PERMISSION_AUTH '999','','view';
2018-06-01 11:51:19 EXEC SPC_048_INPUT_OUTPUT_DETAIL_INQ2 '00005';
2018-06-01 11:51:24 EXEC SPC_GET_PERMISSION_AUTH '999','popup-warehouse-search','view';
2018-06-01 11:51:26 EXEC SPC_GET_PERMISSION_AUTH '999','popup-warehouse-search','search';
2018-06-01 11:51:26 EXEC SPC_WAREHOUSE_SEARCH '','','1','10';
2018-06-01 11:51:29 EXEC SPC_GET_PERMISSION_AUTH '999','','view';
2018-06-01 11:51:29 EXEC SPC_048_INPUT_OUTPUT_DETAIL_INQ2 '00005';
2018-06-01 11:51:51 EXEC SPC_GET_PERMISSION_AUTH '999','','view';
2018-06-01 11:51:51 EXEC SPC_048_INPUT_OUTPUT_DETAIL_ACT2 '{"t_in_out_d":[{"in_out_detail_no":"1","item_cd":"00001","serial_no":"11","in_out_qty":"1","detail_remarks":""},{"in_out_detail_no":"2","item_cd":"00001","serial_no":"22","in_out_qty":"1","detail_remarks":""},{"in_out_detail_no":"3","item_cd":"00005","serial_no":"","in_out_qty":"11","detail_remarks":""}]}';
2018-06-01 11:52:12 EXEC SPC_GET_PERMISSION_AUTH '999','','view';
2018-06-01 11:52:12 EXEC SPC_048_INPUT_OUTPUT_DETAIL_ACT2 '{"t_in_out_d":[{"in_out_detail_no":"1","item_cd":"00001","serial_no":"11","in_out_qty":"1","detail_remarks":""},{"in_out_detail_no":"2","item_cd":"00005","serial_no":"","in_out_qty":"11","detail_remarks":""}]}';
2018-06-01 11:52:13 EXEC SPC_GET_PERMISSION_AUTH '999','input-output-detail','save';
2018-06-01 11:52:13 EXEC SPC_048_INPUT_OUTPUT_DETAIL_ACT1 'I','','5','2018/06/01','00','so0002','','[{"in_out_detail_no":"1","item_cd":"00001","serial_no":"11","in_out_qty":"1","detail_remarks":""},{"in_out_detail_no":"2","item_cd":"00005","serial_no":"","in_out_qty":"11","detail_remarks":""}]','111','048_input_output_detail','192.168.5.206';
2018-06-01 11:52:14 EXEC SPC_GET_PERMISSION_AUTH '999','','view';
2018-06-01 11:52:14 EXEC SPC_048_INPUT_OUTPUT_DETAIL_INQ1 'SY201806010008';
2018-06-01 11:59:39 EXEC SPC_GET_PERMISSION_AUTH '999','manufacturing-instruction-search','view';
2018-06-01 11:59:39 EXEC SPC_COM_GET_COMBOBOX 'outsourcing_div';
2018-06-01 11:59:39 EXEC SPC_COM_GET_COMBOBOX 'production_status_div';
2018-06-01 11:59:39 EXEC SPC_COM_GET_COMBOBOX 'done_div';
2018-06-01 11:59:42 EXEC SPC_GET_PERMISSION_AUTH '999','component-list-detail','view';
2018-06-01 11:59:42 EXEC SPC_COM_GET_COMBOBOX 'unit_q_div';
2018-06-01 11:59:50 EXEC SPC_GET_PERMISSION_AUTH '999','popup-component-product-search','view';
2018-06-01 11:59:52 EXEC SPC_GET_PERMISSION_AUTH '999','popup-component-product-search','search';
2018-06-01 11:59:52 EXEC SPC_COMPONENT_PRODUCT_FND '','','','','1','10';
2018-06-01 11:59:54 EXEC SPC_GET_ITEM '00001';
2018-06-01 11:59:54 EXEC SPC_GET_PERMISSION_AUTH '999','','view';
2018-06-01 11:59:54 EXEC SPC_070_COMPONENT_LIST_DETAIL_INQ1 '00001','';
2018-06-01 11:59:55 EXEC SPC_GET_PERMISSION_AUTH '999','popup-component-product-search','view';
2018-06-01 11:59:59 EXEC SPC_GET_PERMISSION_AUTH '999','popup-component-product-search','search';
2018-06-01 11:59:59 EXEC SPC_COMPONENT_PRODUCT_FND '','','','1','1','10';
2018-06-01 12:00:01 EXEC SPC_GET_ITEM '00005';
2018-06-01 12:00:02 EXEC SPC_GET_PERMISSION_AUTH '999','','view';
2018-06-01 12:00:02 EXEC SPC_070_COMPONENT_LIST_DETAIL_INQ1 '00001','00005';
2018-06-01 12:00:07 EXEC SPC_GET_PERMISSION_AUTH '999','component-list-detail','save';
2018-06-01 12:00:07 EXEC SPC_070_COMPONENT_LIST_DETAIL_ACT1 'I','00001','00005','44','001','','','','111','070_component-list-detail','192.168.5.206';
2018-06-01 12:00:07 EXEC SPC_GET_PERMISSION_AUTH '999','','view';
2018-06-01 12:00:07 EXEC SPC_070_COMPONENT_LIST_DETAIL_INQ1 '00001','00005';
2018-06-01 12:02:22 EXEC SPC_GET_ITEM '00005';
2018-06-01 12:02:22 EXEC SPC_GET_PERMISSION_AUTH '999','','view';
2018-06-01 12:02:22 EXEC SPC_070_COMPONENT_LIST_DETAIL_INQ1 '00005','00005';
2018-06-01 12:02:25 EXEC SPC_GET_ITEM '00001';
2018-06-01 12:02:26 EXEC SPC_GET_PERMISSION_AUTH '999','','view';
2018-06-01 12:02:26 EXEC SPC_070_COMPONENT_LIST_DETAIL_INQ1 '00005','00001';
2018-06-01 12:02:29 EXEC SPC_GET_PERMISSION_AUTH '999','component-list-detail','save';
2018-06-01 12:02:29 EXEC SPC_070_COMPONENT_LIST_DETAIL_ACT1 'I','00005','00001','111','001','','','','111','070_component-list-detail','192.168.5.206';
2018-06-01 12:03:27 EXEC SPC_GET_PERMISSION_AUTH '999','component-list-detail','save';
2018-06-01 12:03:27 EXEC SPC_070_COMPONENT_LIST_DETAIL_ACT1 'I','00005','00001','111','001','','','','111','070_component-list-detail','192.168.5.206';
2018-06-01 12:03:51 EXEC SPC_GET_ITEM '00005';
2018-06-01 12:03:52 EXEC SPC_GET_PERMISSION_AUTH '999','','view';
2018-06-01 12:03:52 EXEC SPC_070_COMPONENT_LIST_DETAIL_INQ1 '00005','00005';
2018-06-01 12:03:55 EXEC SPC_GET_ITEM '00001';
2018-06-01 12:03:55 EXEC SPC_GET_PERMISSION_AUTH '999','','view';
2018-06-01 12:03:55 EXEC SPC_070_COMPONENT_LIST_DETAIL_INQ1 '00001','00005';
2018-06-01 12:03:58 EXEC SPC_GET_ITEM '00005';
2018-06-01 12:03:58 EXEC SPC_GET_PERMISSION_AUTH '999','','view';
2018-06-01 12:03:58 EXEC SPC_070_COMPONENT_LIST_DETAIL_INQ1 '00005','00005';
2018-06-01 12:04:02 EXEC SPC_GET_ITEM '00001';
2018-06-01 12:04:02 EXEC SPC_GET_PERMISSION_AUTH '999','','view';
2018-06-01 12:04:02 EXEC SPC_070_COMPONENT_LIST_DETAIL_INQ1 '00005','00001';
2018-06-01 12:04:05 EXEC SPC_GET_PERMISSION_AUTH '999','component-list-detail','save';
2018-06-01 12:04:05 EXEC SPC_070_COMPONENT_LIST_DETAIL_ACT1 'I','00005','00001','1','001','','','','111','070_component-list-detail','192.168.5.206';
2018-06-01 12:15:44 EXEC SPC_GET_ITEM '1111';
2018-06-01 12:15:45 EXEC SPC_GET_PERMISSION_AUTH '999','','view';
2018-06-01 12:15:45 EXEC SPC_070_COMPONENT_LIST_DETAIL_INQ1 '1111','00001';
2018-06-01 12:15:47 EXEC SPC_GET_ITEM '2222';
2018-06-01 12:15:47 EXEC SPC_GET_PERMISSION_AUTH '999','','view';
2018-06-01 12:15:47 EXEC SPC_070_COMPONENT_LIST_DETAIL_INQ1 '1111','2222';
2018-06-01 12:16:02 EXEC SPC_GET_ITEM '2222';
2018-06-01 12:16:02 EXEC SPC_GET_PERMISSION_AUTH '999','','view';
2018-06-01 12:16:02 EXEC SPC_070_COMPONENT_LIST_DETAIL_INQ1 '2222','2222';
2018-06-01 12:16:07 EXEC SPC_GET_ITEM '1111';
2018-06-01 12:16:08 EXEC SPC_GET_PERMISSION_AUTH '999','','view';
2018-06-01 12:16:08 EXEC SPC_070_COMPONENT_LIST_DETAIL_INQ1 '2222','1111';
2018-06-01 12:16:12 EXEC SPC_GET_PERMISSION_AUTH '999','component-list-detail','save';
2018-06-01 12:16:12 EXEC SPC_070_COMPONENT_LIST_DETAIL_ACT1 'U','2222','1111','2','001','','','','111','070_component-list-detail','192.168.5.206';
2018-06-01 12:16:31 EXEC SPC_GET_PERMISSION_AUTH '999','popup-component-product-search','view';
2018-06-01 12:16:33 EXEC SPC_GET_PERMISSION_AUTH '999','popup-component-product-search','search';
2018-06-01 12:16:33 EXEC SPC_COMPONENT_PRODUCT_FND '','','','','1','10';
2018-06-01 12:16:34 EXEC SPC_GET_ITEM '00005';
2018-06-01 12:16:34 EXEC SPC_GET_PERMISSION_AUTH '999','','view';
2018-06-01 12:16:34 EXEC SPC_070_COMPONENT_LIST_DETAIL_INQ1 '2222','00005';
2018-06-01 12:16:40 EXEC SPC_GET_PERMISSION_AUTH '999','component-list-detail','save';
2018-06-01 12:16:40 EXEC SPC_070_COMPONENT_LIST_DETAIL_ACT1 'I','2222','00005','2','001','','','','111','070_component-list-detail','192.168.5.206';
2018-06-01 12:16:41 EXEC SPC_GET_PERMISSION_AUTH '999','','view';
2018-06-01 12:16:41 EXEC SPC_070_COMPONENT_LIST_DETAIL_INQ1 '2222','00005';
2018-06-01 12:29:01 EXEC SPC_GET_PERMISSION_AUTH '999','popup-component-product-search','view';
2018-06-01 12:29:30 EXEC SPC_GET_ITEM '00001';
2018-06-01 12:29:31 EXEC SPC_GET_PERMISSION_AUTH '999','','view';
2018-06-01 12:29:31 EXEC SPC_070_COMPONENT_LIST_DETAIL_INQ1 '2222','00001';
2018-06-01 12:29:35 EXEC SPC_GET_PERMISSION_AUTH '999','component-list-detail','save';
2018-06-01 12:29:35 EXEC SPC_070_COMPONENT_LIST_DETAIL_ACT1 'I','2222','00001','5','001','','','','111','070_component-list-detail','192.168.5.206';
2018-06-01 12:29:36 EXEC SPC_GET_PERMISSION_AUTH '999','','view';
2018-06-01 12:29:36 EXEC SPC_070_COMPONENT_LIST_DETAIL_INQ1 '2222','00001';
2018-06-01 12:29:39 EXEC SPC_GET_ITEM '1111';
2018-06-01 12:29:39 EXEC SPC_GET_PERMISSION_AUTH '999','','view';
2018-06-01 12:29:39 EXEC SPC_070_COMPONENT_LIST_DETAIL_INQ1 '2222','1111';
2018-06-01 12:29:40 EXEC SPC_GET_PERMISSION_AUTH '999','component-list-detail','save';
2018-06-01 12:29:40 EXEC SPC_070_COMPONENT_LIST_DETAIL_ACT1 'U','2222','1111','2','001','','','','111','070_component-list-detail','192.168.5.206';
2018-06-01 12:49:59 EXEC SPC_GET_PERMISSION_AUTH '999','provisional-shipment-detail','view';
2018-06-01 12:49:59 EXEC SPC_GET_PERMISSION_AUTH '999','input-output-detail','view';
2018-06-01 12:49:59 EXEC SPC_COM_GET_COMBOBOX 'forwarding_div';
2018-06-01 12:49:59 EXEC SPC_COM_GET_COMBOBOX 'in_out_div';
2018-06-01 12:49:59 EXEC SPC_COM_GET_COMBOBOX 'forwarding_way_div';
2018-06-01 12:49:59 EXEC SPC_COM_GET_COMBOBOX 'forwarding_warehouse_div';
2018-06-01 12:49:59 EXEC SPC_COM_GET_COMBOBOX 'forwarder_div';
2018-06-01 12:49:59 EXEC SPC_COM_GET_COMBOBOX 'packing_method_div';
2018-06-01 12:50:41 EXEC SPC_GET_PERMISSION_AUTH '999','shipment-search','view';
2018-06-01 12:50:41 EXEC SPC_COM_GET_COMBOBOX 'fwd_status_div';
2018-06-01 12:50:44 EXEC SPC_GET_PERMISSION_AUTH '999','shipment-detail','view';
2018-06-01 12:50:44 EXEC SPC_COM_GET_COMBOBOX 'forwarding_div';
2018-06-01 12:50:44 EXEC SPC_COM_GET_COMBOBOX 'forwarding_way_div';
2018-06-01 12:50:44 EXEC SPC_COM_GET_COMBOBOX 'forwarding_warehouse_div';
2018-06-01 12:50:44 EXEC SPC_COM_GET_COMBOBOX 'forwarder_div';
2018-06-01 12:50:44 EXEC SPC_COM_GET_COMBOBOX 'packing_method_div';
2018-06-01 13:02:37 EXEC SPC_GET_PERMISSION_AUTH '999','input-output-detail','view';
2018-06-01 13:02:37 EXEC SPC_COM_GET_COMBOBOX 'in_out_div';
2018-06-01 13:02:37 EXEC SPC_COM_GET_COMBOBOX 'in_out_data_div';
2018-06-01 13:02:40 EXEC SPC_GET_PERMISSION_AUTH '999','input-output-search','view';
2018-06-01 13:02:40 EXEC SPC_COM_GET_COMBOBOX 'in_out_div';
2018-06-01 13:02:40 EXEC SPC_COM_GET_COMBOBOX 'in_out_data_div';
2018-06-01 13:02:42 EXEC SPC_GET_PERMISSION_AUTH '999','input-output-search','search';
2018-06-01 13:02:42 EXEC SPC_049_INPUT_OUTPUT_FND1 '','','','','','','','1','10';
2018-06-01 13:07:02 EXEC SPC_GET_PERMISSION_AUTH '999','stock-search','view';
2018-06-01 13:07:04 EXEC SPC_GET_PERMISSION_AUTH '999','stock-search','search';
2018-06-01 13:07:04 EXEC SPC_050_STOCK_SEARCH_FND1 '','','1','10';
2018-06-01 13:07:07 EXEC SPC_GET_PERMISSION_AUTH '999','stock-search','search';
2018-06-01 13:07:07 EXEC SPC_050_STOCK_SEARCH_FND1 '','','26','10';
2018-06-01 13:07:09 EXEC SPC_GET_PERMISSION_AUTH '999','stock-search','search';
2018-06-01 13:07:10 EXEC SPC_050_STOCK_SEARCH_FND1 '','','25','10';
2018-06-01 13:07:13 EXEC SPC_GET_PERMISSION_AUTH '999','stock-search','search';
2018-06-01 13:07:13 EXEC SPC_050_STOCK_SEARCH_FND1 '','','1','10';
2018-06-01 13:07:26 EXEC SPC_GET_PERMISSION_AUTH '999','stock-search','search';
2018-06-01 13:07:26 EXEC SPC_050_STOCK_SEARCH_FND1 '','','1','10';
2018-06-01 13:07:28 EXEC SPC_GET_PERMISSION_AUTH '999','stock-search','search';
2018-06-01 13:07:28 EXEC SPC_050_STOCK_SEARCH_FND1 '','','1','10';
2018-06-01 13:07:29 EXEC SPC_GET_PERMISSION_AUTH '999','stock-search','search';
2018-06-01 13:07:29 EXEC SPC_050_STOCK_SEARCH_FND1 '','','1','10';
2018-06-01 13:07:31 EXEC SPC_GET_PERMISSION_AUTH '999','stock-search','search';
2018-06-01 13:07:31 EXEC SPC_050_STOCK_SEARCH_FND1 '','','26','10';
2018-06-01 13:07:35 EXEC SPC_GET_PERMISSION_AUTH '999','stock-search','search';
2018-06-01 13:07:35 EXEC SPC_050_STOCK_SEARCH_FND1 '','','25','10';
2018-06-01 13:07:36 EXEC SPC_GET_PERMISSION_AUTH '999','stock-search','search';
2018-06-01 13:07:36 EXEC SPC_050_STOCK_SEARCH_FND1 '','','24','10';
2018-06-01 13:08:09 EXEC SPC_GET_PERMISSION_AUTH '999','stock-search','search';
2018-06-01 13:08:09 EXEC SPC_050_STOCK_SEARCH_FND1 '','','1','10';
2018-06-01 13:08:11 EXEC SPC_GET_PERMISSION_AUTH '999','stock-search','search';
2018-06-01 13:08:11 EXEC SPC_050_STOCK_SEARCH_FND1 '','','1','10';
2018-06-01 13:08:12 EXEC SPC_GET_PERMISSION_AUTH '999','stock-search','search';
2018-06-01 13:08:12 EXEC SPC_050_STOCK_SEARCH_FND1 '','','1','10';
2018-06-01 13:20:07 EXEC SPC_GET_PERMISSION_AUTH '999','stock-search','search';
2018-06-01 13:20:07 EXEC SPC_050_STOCK_SEARCH_FND1 '','','1','10';
2018-06-01 13:20:10 EXEC SPC_GET_PERMISSION_AUTH '999','stock-search','search';
2018-06-01 13:20:10 EXEC SPC_050_STOCK_SEARCH_FND1 '','','1','100';
2018-06-01 13:22:03 EXEC SPC_GET_PERMISSION_AUTH '999','stock-search','search';
2018-06-01 13:22:03 EXEC SPC_050_STOCK_SEARCH_FND1 '','','1','100';
2018-06-01 13:22:39 EXEC SPC_GET_PERMISSION_AUTH '999','stock-search','view';
2018-06-01 13:22:43 EXEC SPC_GET_PERMISSION_AUTH '999','stock-search','search';
2018-06-01 13:22:43 EXEC SPC_050_STOCK_SEARCH_FND1 '','','1','10';
2018-06-01 13:22:44 EXEC SPC_GET_PERMISSION_AUTH '999','stock-search','search';
2018-06-01 13:22:44 EXEC SPC_050_STOCK_SEARCH_FND1 '','','1','100';
2018-06-01 13:22:57 EXEC SPC_GET_PERMISSION_AUTH '999','stock-search','search';
2018-06-01 13:22:57 EXEC SPC_050_STOCK_SEARCH_FND1 '','','1','100';
2018-06-01 13:23:18 EXEC SPC_GET_PERMISSION_AUTH '999','stock-search','search';
2018-06-01 13:23:18 EXEC SPC_050_STOCK_SEARCH_FND1 '','','1','100';
2018-06-01 13:24:17 EXEC SPC_GET_PERMISSION_AUTH '999','stock-search','search';
2018-06-01 13:24:17 EXEC SPC_050_STOCK_SEARCH_FND1 '','','1','100';
2018-06-01 13:24:19 EXEC SPC_GET_PERMISSION_AUTH '999','stock-search','search';
2018-06-01 13:24:19 EXEC SPC_050_STOCK_SEARCH_FND1 '','','3','100';
2018-06-01 13:25:26 EXEC SPC_GET_PERMISSION_AUTH '999','stock-search','search';
2018-06-01 13:25:26 EXEC SPC_050_STOCK_SEARCH_FND1 '','','1','10';
2018-06-01 13:25:30 EXEC SPC_GET_PERMISSION_AUTH '999','stock-search','search';
2018-06-01 13:25:30 EXEC SPC_050_STOCK_SEARCH_FND1 '','','1','100';
2018-06-01 13:26:13 EXEC SPC_GET_PERMISSION_AUTH '999','stock-search','search';
2018-06-01 13:26:13 EXEC SPC_050_STOCK_SEARCH_FND1 '','','3','100';
2018-06-01 13:26:15 EXEC SPC_GET_PERMISSION_AUTH '999','stock-search','search';
2018-06-01 13:26:15 EXEC SPC_050_STOCK_SEARCH_FND1 '','','2','100';
2018-06-01 13:26:21 EXEC SPC_GET_PERMISSION_AUTH '999','stock-search','search';
2018-06-01 13:26:21 EXEC SPC_050_STOCK_SEARCH_FND1 '','','1','100';
2018-06-01 13:33:44 EXEC SPC_GET_PERMISSION_AUTH '999','stock-search','search';
2018-06-01 13:33:44 EXEC SPC_050_STOCK_SEARCH_FND1 '','','1','100';
2018-06-01 13:34:01 EXEC SPC_GET_PERMISSION_AUTH '999','stock-search','search';
2018-06-01 13:34:01 EXEC SPC_050_STOCK_SEARCH_FND1 '','','2','100';
2018-06-01 13:34:06 EXEC SPC_GET_PERMISSION_AUTH '999','stock-search','search';
2018-06-01 13:34:06 EXEC SPC_050_STOCK_SEARCH_FND1 '','','1','100';
2018-06-01 13:34:18 EXEC SPC_GET_PERMISSION_AUTH '999','stock-search','search';
2018-06-01 13:34:18 EXEC SPC_050_STOCK_SEARCH_FND1 '','','3','100';
2018-06-01 13:34:21 EXEC SPC_GET_PERMISSION_AUTH '999','stock-search','search';
2018-06-01 13:34:21 EXEC SPC_050_STOCK_SEARCH_FND1 '','','1','100';
2018-06-01 13:34:46 EXEC SPC_GET_PERMISSION_AUTH '999','popup-warehouse-search','view';
2018-06-01 13:34:48 EXEC SPC_GET_PERMISSION_AUTH '999','popup-warehouse-search','search';
2018-06-01 13:34:48 EXEC SPC_WAREHOUSE_SEARCH '','','1','10';
2018-06-01 13:34:53 EXEC SPC_GET_ITEM 'A';
2018-06-01 13:34:53 EXEC SPC_GET_PERMISSION_AUTH '999','stock-search','search';
2018-06-01 13:34:53 EXEC SPC_050_STOCK_SEARCH_FND1 'A','','1','100';
2018-06-01 13:35:17 EXEC SPC_GET_PERMISSION_AUTH '999','stock-search','search';
2018-06-01 13:35:17 EXEC SPC_050_STOCK_SEARCH_FND1 'A','','1','100';
2018-06-01 13:35:52 EXEC SPC_GET_PERMISSION_AUTH '999','stock-search','search';
2018-06-01 13:35:52 EXEC SPC_050_STOCK_SEARCH_FND1 'A','','1','100';
2018-06-01 13:36:11 EXEC SPC_GET_PERMISSION_AUTH '999','stock-search','search';
2018-06-01 13:36:11 EXEC SPC_050_STOCK_SEARCH_FND1 'A','','1','100';
2018-06-01 13:36:15 EXEC SPC_GET_PERMISSION_AUTH '999','stock-search','search';
2018-06-01 13:36:15 EXEC SPC_050_STOCK_SEARCH_FND1 'A','','1','100';
2018-06-01 13:36:51 EXEC SPC_GET_PERMISSION_AUTH '999','stock-search','search';
2018-06-01 13:36:51 EXEC SPC_050_STOCK_SEARCH_FND1 'A','','1','100';
2018-06-01 13:36:55 EXEC SPC_GET_PERMISSION_AUTH '999','stock-search','search';
2018-06-01 13:36:55 EXEC SPC_050_STOCK_SEARCH_FND1 'A','','1','100';
2018-06-01 13:42:09 EXEC SPC_GET_PERMISSION_AUTH '999','stock-search','search';
2018-06-01 13:42:09 EXEC SPC_050_STOCK_SEARCH_FND1 'A','','1','100';
2018-06-01 13:44:29 EXEC SPC_GET_PERMISSION_AUTH '999','stock-search','search';
2018-06-01 13:44:29 EXEC SPC_050_STOCK_SEARCH_FND1 'A','','1','100';
2018-06-01 13:44:46 EXEC SPC_GET_PERMISSION_AUTH '999','stock-search','search';
2018-06-01 13:44:46 EXEC SPC_050_STOCK_SEARCH_FND1 'A','','1','100';
2018-06-01 13:44:54 EXEC SPC_GET_PERMISSION_AUTH '999','stock-search','search';
2018-06-01 13:44:54 EXEC SPC_050_STOCK_SEARCH_FND1 'A','','1','100';
2018-06-01 13:45:01 EXEC SPC_GET_PERMISSION_AUTH '999','stock-search','search';
2018-06-01 13:45:01 EXEC SPC_050_STOCK_SEARCH_FND1 'A','','1','100';
2018-06-01 13:53:11 EXEC SPC_GET_PERMISSION_AUTH '999','manufacturing-instruction-search','view';
2018-06-01 13:53:11 EXEC SPC_COM_GET_COMBOBOX 'outsourcing_div';
2018-06-01 13:53:11 EXEC SPC_COM_GET_COMBOBOX 'production_status_div';
2018-06-01 13:53:11 EXEC SPC_COM_GET_COMBOBOX 'done_div';
2018-06-01 13:53:18 EXEC SPC_GET_PERMISSION_AUTH '999','internalorder-search','view';
2018-06-01 13:53:18 EXEC SPC_COM_GET_COMBOBOX 'manufacture_status_div';
2018-06-01 13:53:21 EXEC SPC_GET_PERMISSION_AUTH '999','internalorder-search','search';
2018-06-01 13:53:21 EXEC SPC_026_INTERNAL_ORDER_SEARCH_FND1 '','','','','','','1','10';
2018-06-01 13:53:25 EXEC SPC_GET_PERMISSION_AUTH '999','internalorder-search','output';
2018-06-01 13:53:26 EXEC SPC_026_INTERNAL_ORDER_SEARCH_FND1 '','','','','','','1','0';
2018-06-01 13:53:32 EXEC SPC_GET_PERMISSION_AUTH '999','internalorder-search','export-excel';
2018-06-01 13:53:32 EXEC SPC_026_INTERNAL_ORDER_SEARCH_ACT1 '[{"in_order_no":"1801240001"}]','111','026_internal-order-search','192.168.5.206';
2018-06-01 13:53:54 EXEC SPC_GET_PERMISSION_AUTH '999','internalorder-search','search';
2018-06-01 13:53:54 EXEC SPC_026_INTERNAL_ORDER_SEARCH_FND1 '','','','','','','16','10';
2018-06-01 13:53:56 EXEC SPC_GET_PERMISSION_AUTH '999','internalorder-search','search';
2018-06-01 13:53:56 EXEC SPC_026_INTERNAL_ORDER_SEARCH_FND1 '','','','','','','15','10';
2018-06-01 13:53:58 EXEC SPC_GET_PERMISSION_AUTH '999','internalorder-search','search';
2018-06-01 13:53:58 EXEC SPC_026_INTERNAL_ORDER_SEARCH_FND1 '','','','','','','14','10';
2018-06-01 13:54:10 EXEC SPC_GET_PERMISSION_AUTH '999','internalorder-search','search';
2018-06-01 13:54:10 EXEC SPC_026_INTERNAL_ORDER_SEARCH_FND1 '','','','','','','1','10';
2018-06-01 13:54:21 EXEC SPC_GET_PERMISSION_AUTH '999','internalorder-search','search';
2018-06-01 13:54:21 EXEC SPC_026_INTERNAL_ORDER_SEARCH_FND1 '1801120002','','','','','','1','10';
2018-06-01 13:54:24 EXEC SPC_GET_PERMISSION_AUTH '999','internalorder-detail','view';
2018-06-01 13:54:24 EXEC SPC_COM_GET_COMBOBOX 'manufacture_kind_div';
2018-06-01 13:54:25 EXEC SPC_GET_PERMISSION_AUTH '999','','view';
2018-06-01 13:54:25 EXEC SPC_COM_GET_COMBOBOX 'manufacture_kind_div';
2018-06-01 13:54:25 EXEC SPC_025_INTERNAL_ORDER_DETAIL_INQ1 '1801120002';
2018-06-01 13:54:29 EXEC SPC_GET_PERMISSION_AUTH '999','internalorder-search','view';
2018-06-01 13:54:29 EXEC SPC_COM_GET_COMBOBOX 'manufacture_status_div';
2018-06-01 13:54:30 EXEC SPC_GET_PERMISSION_AUTH '999','internalorder-search','search';
2018-06-01 13:54:30 EXEC SPC_026_INTERNAL_ORDER_SEARCH_FND1 '1801120002','','','','','','1','10';
2018-06-01 13:54:34 EXEC SPC_GET_PERMISSION_AUTH '999','internalorder-search','export-excel';
2018-06-01 13:54:34 EXEC SPC_026_INTERNAL_ORDER_SEARCH_ACT1 '[{"in_order_no":"1801120002"}]','111','026_internal-order-search','192.168.5.206';
2018-06-01 14:28:03 EXEC SPC_GET_PERMISSION_AUTH '999','','view';
2018-06-01 14:28:03 EXEC SPC_COM_GET_COMBOBOX 'manufacture_kind_div';
2018-06-01 14:28:04 EXEC SPC_025_INTERNAL_ORDER_DETAIL_INQ1 '1801120002';
2018-06-01 14:28:05 EXEC SPC_GET_PERMISSION_AUTH '999','stock-search','search';
2018-06-01 14:28:05 EXEC SPC_050_STOCK_SEARCH_FND1 'A','','1','10';
2018-06-01 14:28:20 EXEC SPC_GET_PERMISSION_AUTH '999','stock-search','search';
2018-06-01 14:28:20 EXEC SPC_050_STOCK_SEARCH_FND1 'A','','1','10';
2018-06-01 14:28:22 EXEC SPC_GET_PERMISSION_AUTH '999','stock-search','search';
2018-06-01 14:28:22 EXEC SPC_050_STOCK_SEARCH_FND1 'A','','1','10';
2018-06-01 14:28:32 EXEC SPC_GET_PERMISSION_AUTH '999','stock-search','search';
2018-06-01 14:28:32 EXEC SPC_050_STOCK_SEARCH_FND1 'A','','1','10';
2018-06-01 14:28:40 EXEC SPC_GET_PERMISSION_AUTH '999','stock-search','search';
2018-06-01 14:28:40 EXEC SPC_050_STOCK_SEARCH_FND1 'A','','1','10';
2018-06-01 14:28:46 EXEC SPC_GET_PERMISSION_AUTH '999','stock-search','search';
2018-06-01 14:28:47 EXEC SPC_050_STOCK_SEARCH_FND1 'A','','1','10';
2018-06-01 14:28:54 EXEC SPC_GET_PERMISSION_AUTH '999','stock-search','search';
2018-06-01 14:28:54 EXEC SPC_050_STOCK_SEARCH_FND1 'A','','1','10';
2018-06-01 14:29:52 EXEC SPC_GET_PERMISSION_AUTH '999','stock-search','search';
2018-06-01 14:29:52 EXEC SPC_050_STOCK_SEARCH_FND1 'A','','1','10';
2018-06-01 14:29:58 EXEC SPC_GET_PERMISSION_AUTH '999','stock-search','search';
2018-06-01 14:29:58 EXEC SPC_050_STOCK_SEARCH_FND1 'A','','1','10';
2018-06-01 14:30:32 EXEC SPC_GET_PERMISSION_AUTH '999','stock-search','search';
2018-06-01 14:30:32 EXEC SPC_050_STOCK_SEARCH_FND1 'A','','1','10';
2018-06-01 14:30:42 EXEC SPC_GET_PERMISSION_AUTH '999','stock-search','search';
2018-06-01 14:30:42 EXEC SPC_050_STOCK_SEARCH_FND1 'A','','1','10';
2018-06-01 14:30:53 EXEC SPC_GET_PERMISSION_AUTH '999','stock-search','search';
2018-06-01 14:30:53 EXEC SPC_050_STOCK_SEARCH_FND1 'A','','1','10';
2018-06-01 14:31:01 EXEC SPC_GET_PERMISSION_AUTH '999','stock-search','search';
2018-06-01 14:31:01 EXEC SPC_050_STOCK_SEARCH_FND1 'A','','1','10';
2018-06-01 14:32:47 EXEC SPC_GET_PERMISSION_AUTH '999','stock-search','search';
2018-06-01 14:32:47 EXEC SPC_050_STOCK_SEARCH_FND1 'A','','1','10';
2018-06-01 14:33:12 EXEC SPC_GET_ITEM '';
2018-06-01 14:33:13 EXEC SPC_GET_PERMISSION_AUTH '999','stock-search','search';
2018-06-01 14:33:13 EXEC SPC_050_STOCK_SEARCH_FND1 '','','1','10';
2018-06-01 14:33:17 EXEC SPC_GET_PERMISSION_AUTH '999','stock-search','search';
2018-06-01 14:33:17 EXEC SPC_050_STOCK_SEARCH_FND1 '','','1','100';
2018-06-01 14:39:43 EXEC SPC_GET_PERMISSION_AUTH '999','stock-search','view';
2018-06-01 14:39:58 EXEC SPC_GET_PERMISSION_AUTH '999','manufacturing-instruction-search','view';
2018-06-01 14:39:58 EXEC SPC_COM_GET_COMBOBOX 'outsourcing_div';
2018-06-01 14:39:58 EXEC SPC_COM_GET_COMBOBOX 'production_status_div';
2018-06-01 14:39:58 EXEC SPC_COM_GET_COMBOBOX 'done_div';
2018-06-01 14:40:02 EXEC SPC_GET_PERMISSION_AUTH '999','component-list-detail','view';
2018-06-01 14:40:02 EXEC SPC_COM_GET_COMBOBOX 'unit_q_div';
2018-06-01 14:41:09 EXEC SPC_GET_PERMISSION_AUTH '999','component-list-detail','view';
2018-06-01 14:41:09 EXEC SPC_COM_GET_COMBOBOX 'unit_q_div';
2018-06-01 14:41:46 EXEC SPC_GET_PERMISSION_AUTH '999','component-list-detail','view';
2018-06-01 14:41:46 EXEC SPC_COM_GET_COMBOBOX 'unit_q_div';
2018-06-01 14:47:31 EXEC SPC_GET_PERMISSION_AUTH '999','component-list-search','view';
2018-06-01 14:47:47 EXEC SPC_GET_PERMISSION_AUTH '999','component-list-search','view';
2018-06-01 14:47:53 EXEC SPC_GET_PERMISSION_AUTH '999','component-list-detail','view';
2018-06-01 14:47:53 EXEC SPC_COM_GET_COMBOBOX 'unit_q_div';
2018-06-01 15:27:42 EXEC SPC_GET_PERMISSION_AUTH '999','component-list-detail','view';
2018-06-01 15:27:42 EXEC SPC_COM_GET_COMBOBOX 'unit_q_div';
2018-06-01 15:27:59 EXEC SPC_GET_PERMISSION_AUTH '999','component-list-detail','view';
2018-06-01 15:27:59 EXEC SPC_COM_GET_COMBOBOX 'unit_q_div';
2018-06-01 15:49:36 EXEC SPC_GET_PERMISSION_AUTH '999','provisional-shipment-detail','view';
2018-06-01 15:49:36 EXEC SPC_COM_GET_COMBOBOX 'forwarding_div';
2018-06-01 15:49:36 EXEC SPC_COM_GET_COMBOBOX 'forwarding_way_div';
2018-06-01 15:49:36 EXEC SPC_COM_GET_COMBOBOX 'forwarding_warehouse_div';
2018-06-01 15:49:36 EXEC SPC_COM_GET_COMBOBOX 'forwarder_div';
2018-06-01 15:49:36 EXEC SPC_COM_GET_COMBOBOX 'packing_method_div';
2018-06-01 15:49:45 EXEC SPC_GET_PERMISSION_AUTH '999','provisional-shipment-search','view';
2018-06-01 15:49:57 EXEC SPC_GET_PERMISSION_AUTH '999','shipment-search','view';
2018-06-01 15:49:57 EXEC SPC_COM_GET_COMBOBOX 'fwd_status_div';
2018-06-01 15:50:00 EXEC SPC_GET_PERMISSION_AUTH '999','shipment-search','search';
2018-06-01 15:50:00 EXEC SPC_011_SHIPMENT_SEARCH_FND1 '','','','','','','1','10';
2018-06-01 15:50:03 EXEC SPC_GET_PERMISSION_AUTH '999','shipment-search','export-excel';
2018-06-01 15:50:03 EXEC SPC_012_SHIPMENT_DETAIL_EXCEL_ACT1 '[{"fwd_no":"S-18030004"}]','111','012_shipment-excel','192.168.5.206';
2018-06-01 15:50:08 EXEC SPC_GET_PERMISSION_AUTH '999','shipment-search','search';
2018-06-01 15:50:08 EXEC SPC_011_SHIPMENT_SEARCH_FND1 '','','','','','90','1','10';
2018-06-01 15:50:12 EXEC SPC_GET_PERMISSION_AUTH '999','shipment-search','search';
2018-06-01 15:50:12 EXEC SPC_011_SHIPMENT_SEARCH_FND1 '','','','','','20','1','10';
2018-06-01 15:50:15 EXEC SPC_GET_PERMISSION_AUTH '999','shipment-search','export-excel';
2018-06-01 15:50:16 EXEC SPC_012_SHIPMENT_DETAIL_EXCEL_ACT1 '[{"fwd_no":"S-18030010"}]','111','012_shipment-excel','192.168.5.206';
2018-06-01 15:50:42 EXEC SPC_GET_PERMISSION_AUTH '999','shipment-search','output';
2018-06-01 15:50:42 EXEC SPC_011_SHIPMENT_SEARCH_INQ1 '','','','','','20';
2018-06-01 16:00:31 EXEC SPC_GET_PERMISSION_AUTH '999','shipment-search','output';
2018-06-01 16:00:31 EXEC SPC_011_SHIPMENT_SEARCH_INQ1 '','','','','','20';
2018-06-01 16:02:12 EXEC SPC_GET_PERMISSION_AUTH '999','shipment-search','output';
2018-06-01 16:02:12 EXEC SPC_011_SHIPMENT_SEARCH_INQ1 '','','','','','20';
2018-06-01 16:03:28 EXEC SPC_GET_PERMISSION_AUTH '999','shipment-search','output';
2018-06-01 16:03:28 EXEC SPC_011_SHIPMENT_SEARCH_INQ1 '','','','','','20';
2018-06-01 16:03:56 EXEC SPC_GET_PERMISSION_AUTH '999','shipment-search','output';
2018-06-01 16:03:57 EXEC SPC_011_SHIPMENT_SEARCH_INQ1 '','','','','','20';
2018-06-01 16:06:08 EXEC SPC_GET_PERMISSION_AUTH '999','shipment-detail','view';
2018-06-01 16:06:08 EXEC SPC_COM_GET_COMBOBOX 'forwarding_div';
2018-06-01 16:06:08 EXEC SPC_COM_GET_COMBOBOX 'forwarding_way_div';
2018-06-01 16:06:08 EXEC SPC_COM_GET_COMBOBOX 'forwarding_warehouse_div';
2018-06-01 16:06:08 EXEC SPC_COM_GET_COMBOBOX 'forwarder_div';
2018-06-01 16:06:08 EXEC SPC_COM_GET_COMBOBOX 'packing_method_div';
2018-06-01 16:06:10 EXEC SPC_GET_PERMISSION_AUTH '999','','view';
2018-06-01 16:06:10 EXEC SPC_010_SHIPMENT_DETAIL_INQ3 'S-18030010';
2018-06-01 16:06:50 EXEC SPC_GET_PERMISSION_AUTH '999','shipment-search','search';
2018-06-01 16:06:50 EXEC SPC_011_SHIPMENT_SEARCH_FND1 '','','KS-18020001','','','20','1','10';
2018-06-01 16:06:58 EXEC SPC_GET_PERMISSION_AUTH '999','shipment-search','search';
2018-06-01 16:06:58 EXEC SPC_011_SHIPMENT_SEARCH_FND1 '','','KS-18020003','','','20','1','10';
2018-06-01 16:07:03 EXEC SPC_GET_PERMISSION_AUTH '999','shipment-search','search';
2018-06-01 16:07:03 EXEC SPC_011_SHIPMENT_SEARCH_FND1 '','','KS-18020003','','','','1','10';
2018-06-01 16:07:07 EXEC SPC_GET_PERMISSION_AUTH '999','shipment-search','search';
2018-06-01 16:07:07 EXEC SPC_011_SHIPMENT_SEARCH_FND1 '','','KS-18020003','','','','1','10';
2018-06-01 16:07:19 EXEC SPC_GET_PERMISSION_AUTH '999','shipment-search','search';
2018-06-01 16:07:19 EXEC SPC_011_SHIPMENT_SEARCH_FND1 '','','S-18040008','','','','1','10';
2018-06-01 16:08:00 EXEC SPC_GET_PERMISSION_AUTH '999','shipment-search','search';
2018-06-01 16:08:00 EXEC SPC_011_SHIPMENT_SEARCH_FND1 '','','S-18040009','','','','1','10';
2018-06-01 16:08:03 EXEC SPC_GET_PERMISSION_AUTH '999','shipment-search','output';
2018-06-01 16:08:03 EXEC SPC_011_SHIPMENT_SEARCH_INQ1 '','','S-18040009','','','';
2018-06-01 16:09:02 EXEC SPC_GET_PERMISSION_AUTH '999','provisional-shipment-search','view';
2018-06-01 16:09:05 EXEC SPC_GET_PERMISSION_AUTH '999','provisional-shipment-search','search';
2018-06-01 16:09:05 EXEC SPC_008_PROVISIONAL_SHIPMENT_SEARCH_FND1 '','','','','','1','10';
2018-06-01 16:12:00 EXEC SPC_GET_PERMISSION_AUTH '999','provisional-shipment-search','output';
2018-06-01 16:12:00 EXEC SPC_008_PROVISIONAL_SHIPMENT_SEARCH_FND1 '','','','','','1','0';
2018-06-01 16:12:55 EXEC SPC_GET_PERMISSION_AUTH '999','provisional-shipment-search','output';
2018-06-01 16:12:55 EXEC SPC_008_PROVISIONAL_SHIPMENT_SEARCH_FND1 '','','','','','1','0';
2018-06-01 16:35:11 EXEC SPC_GET_PERMISSION_AUTH '999','internalorder-detail','view';
2018-06-01 16:35:11 EXEC SPC_COM_GET_COMBOBOX 'manufacture_kind_div';
2018-06-01 16:35:18 EXEC SPC_GET_PERMISSION_AUTH '999','popup-internalorder-search','view';
2018-06-01 16:35:18 EXEC SPC_COM_GET_COMBOBOX 'manufacture_status_div';
2018-06-01 16:35:21 EXEC SPC_GET_PERMISSION_AUTH '999','popup-internalorder-search','search';
2018-06-01 16:35:21 EXEC SPC_026_INTERNAL_ORDER_SEARCH_FND1 '','','','','','','1','10';
2018-06-01 16:35:23 EXEC SPC_GET_PERMISSION_AUTH '999','','view';
2018-06-01 16:35:23 EXEC SPC_COM_GET_COMBOBOX 'manufacture_kind_div';
2018-06-01 16:35:23 EXEC SPC_025_INTERNAL_ORDER_DETAIL_INQ1 '1801240001';
2018-06-01 16:35:27 EXEC SPC_GET_PERMISSION_AUTH '999','internalorder-detail','save';
2018-06-01 16:35:27 EXEC SPC_025_INTERNAL_ORDER_DETAIL_ACT1 'U','1801240001','[{"in_order_detail_no":"1","product_cd":"22222","manufacture_kind_div":"2","in_order_qty":"1","hope_delivery_date":"2018\/01\/01","detail_remarks":"HG-220\tHG-220\tHG-220\tHG-220\tHG-220\tHG-220\tHG-220\tHG-220\tHG-220\tHG-220\tHG-220\tHG-220\tHG-220\tHG-220\tHG-220\tHG-220\tHG-220","disp_order":"1","manufacture_status_div":"20"},{"in_order_detail_no":"7","product_cd":"0007","manufacture_kind_div":"2","in_order_qty":"99999999","hope_delivery_date":"2018\/05\/25","detail_remarks":"HG-220\tHG-220\tHG-220\tHG-220\tHG-220\tHG-220\tHG-220\tHG-220\tHG-220\tHG-220\tHG-220\tHG-220\tHG-220\tHG-220\tHG-220\tHG-220\tHG-220\tHG-220\tHG-220\tHG-220\tHG-220\tHG-220\tHG-220","disp_order":"2","manufacture_status_div":"10"},{"in_order_detail_no":"3","product_cd":"0007","manufacture_kind_div":"1","in_order_qty":"100","hope_delivery_date":"2018\/01\/01","detail_remarks":"HG-220\tHG-220\tHG-220\tHG-220\tHG-220\tHG-220\tHG-220\tHG-220\tHG-220\tHG-220\tHG-220\tHG-220\tHG-220\tHG-220\tHG-220\tHG-220","disp_order":"3","manufacture_status_div":"20"},{"in_order_detail_no":"4","product_cd":"999999","manufacture_kind_div":"2","in_order_qty":"99999999","hope_delivery_date":"2018\/01\/01","detail_remarks":"HG-220\tHG-220\tHG-220\tHG-220\tHG-220\tHG-220\tHG-220\tHG-220\tHG-220\tHG-220\tHG-220\tHG-220\tHG-220\tHG-220\tHG-220\tHG-220","disp_order":"4","manufacture_status_div":"10"},{"in_order_detail_no":"6","product_cd":"0007","manufacture_kind_div":"3","in_order_qty":"99999999","hope_delivery_date":"2018\/05\/25","detail_remarks":"HG-220\tHG-220\tHG-220\tHG-220\tHG-220\tHG-220\tHG-220\tHG-220\tHG-220\tHG-220\tHG-220\tHG-220\tHG-220\tHG-220\tHG-220","disp_order":"5","manufacture_status_div":"10"},{"in_order_detail_no":"8","product_cd":"10004","manufacture_kind_div":"0","in_order_qty":"100","hope_delivery_date":"","detail_remarks":"","disp_order":"6","manufacture_status_div":"10"},{"in_order_detail_no":"9","product_cd":"100071","manufacture_kind_div":"1","in_order_qty":"2","hope_delivery_date":"","detail_remarks":"","disp_order":"7","manufacture_status_div":"20"}]','111','025_internal-order-detail','192.168.5.206';
2018-06-01 16:35:29 EXEC SPC_GET_PERMISSION_AUTH '999','','view';
2018-06-01 16:35:29 EXEC SPC_COM_GET_COMBOBOX 'manufacture_kind_div';
2018-06-01 16:35:29 EXEC SPC_025_INTERNAL_ORDER_DETAIL_INQ1 '1801240001';
2018-06-01 16:35:49 EXEC SPC_GET_PERMISSION_AUTH '999','internalorder-search','view';
2018-06-01 16:35:49 EXEC SPC_COM_GET_COMBOBOX 'manufacture_status_div';
2018-06-01 16:35:52 EXEC SPC_GET_PERMISSION_AUTH '999','internalorder-detail','view';
2018-06-01 16:35:52 EXEC SPC_COM_GET_COMBOBOX 'manufacture_kind_div';
2018-06-01 16:35:55 EXEC SPC_GET_PERMISSION_AUTH '999','popup-product-master-search','view';
2018-06-01 16:35:58 EXEC SPC_GET_PERMISSION_AUTH '999','popup-product-master-search','search';
2018-06-01 16:35:58 EXEC SPC_063_PRODUCT_MASTER_SEARCH_FND1 '','','1','10';
2018-06-01 16:36:00 EXEC SPC_GET_PERMISSION_AUTH '999','','view';
2018-06-01 16:36:00 EXEC SPC_REFER_PRODUCT_CD '00001';
2018-06-01 16:36:09 EXEC SPC_GET_PERMISSION_AUTH '999','internalorder-detail','save';
2018-06-01 16:36:09 EXEC SPC_025_INTERNAL_ORDER_DETAIL_ACT1 'I','','[{"in_order_detail_no":"","product_cd":"00001","manufacture_kind_div":"1","in_order_qty":"2","hope_delivery_date":"","detail_remarks":"","disp_order":"1","manufacture_status_div":"0"}]','111','025_internal-order-detail','192.168.5.206';
2018-06-01 16:36:10 EXEC SPC_GET_PERMISSION_AUTH '999','','view';
2018-06-01 16:36:10 EXEC SPC_COM_GET_COMBOBOX 'manufacture_kind_div';
2018-06-01 16:36:10 EXEC SPC_025_INTERNAL_ORDER_DETAIL_INQ1 '2018060001';
2018-06-01 16:36:23 EXEC SPC_GET_PERMISSION_AUTH '999','internalorder-detail','view';
2018-06-01 16:36:23 EXEC SPC_COM_GET_COMBOBOX 'manufacture_kind_div';
2018-06-01 16:36:25 EXEC SPC_GET_PERMISSION_AUTH '999','popup-product-master-search','view';
2018-06-01 16:36:27 EXEC SPC_GET_PERMISSION_AUTH '999','popup-product-master-search','search';
2018-06-01 16:36:27 EXEC SPC_063_PRODUCT_MASTER_SEARCH_FND1 '','','1','10';
2018-06-01 16:36:32 EXEC SPC_GET_PERMISSION_AUTH '999','','view';
2018-06-01 16:36:32 EXEC SPC_REFER_PRODUCT_CD '00001';
2018-06-01 16:36:35 EXEC SPC_GET_PERMISSION_AUTH '999','popup-product-master-search','view';
2018-06-01 16:36:37 EXEC SPC_GET_PERMISSION_AUTH '999','popup-product-master-search','search';
2018-06-01 16:36:37 EXEC SPC_063_PRODUCT_MASTER_SEARCH_FND1 '','','1','10';
2018-06-01 16:36:38 EXEC SPC_GET_PERMISSION_AUTH '999','','view';
2018-06-01 16:36:38 EXEC SPC_REFER_PRODUCT_CD '00001';
2018-06-01 16:36:45 EXEC SPC_GET_PERMISSION_AUTH '999','internalorder-detail','save';
2018-06-01 16:36:45 EXEC SPC_025_INTERNAL_ORDER_DETAIL_ACT1 'I','','[{"in_order_detail_no":"","product_cd":"00001","manufacture_kind_div":"1","in_order_qty":"2","hope_delivery_date":"","detail_remarks":"","disp_order":"1","manufacture_status_div":"0"},{"in_order_detail_no":"","product_cd":"00001","manufacture_kind_div":"1","in_order_qty":"2","hope_delivery_date":"","detail_remarks":"","disp_order":"2","manufacture_status_div":"0"}]','111','025_internal-order-detail','192.168.5.206';
2018-06-01 16:36:46 EXEC SPC_GET_PERMISSION_AUTH '999','','view';
2018-06-01 16:36:46 EXEC SPC_COM_GET_COMBOBOX 'manufacture_kind_div';
2018-06-01 16:36:46 EXEC SPC_025_INTERNAL_ORDER_DETAIL_INQ1 '2018060002';
2018-06-01 16:37:09 EXEC SPC_GET_PERMISSION_AUTH '999','internalorder-detail','save';
2018-06-01 16:37:09 EXEC SPC_025_INTERNAL_ORDER_DETAIL_ACT1 'U','2018060002','[{"in_order_detail_no":"1","product_cd":"00001","manufacture_kind_div":"1","in_order_qty":"2","hope_delivery_date":"","detail_remarks":"","disp_order":"1","manufacture_status_div":"00"},{"in_order_detail_no":"2","product_cd":"00001","manufacture_kind_div":"1","in_order_qty":"2","hope_delivery_date":"","detail_remarks":"","disp_order":"2","manufacture_status_div":"00"}]','111','025_internal-order-detail','192.168.5.206';
2018-06-01 16:37:30 EXEC SPC_GET_PERMISSION_AUTH '999','','view';
2018-06-01 16:37:30 EXEC SPC_COM_GET_COMBOBOX 'manufacture_kind_div';
2018-06-01 16:37:30 EXEC SPC_025_INTERNAL_ORDER_DETAIL_INQ1 '2018060002';
2018-06-01 17:25:49 EXEC SPC_GET_PERMISSION_AUTH '999','manufacturing-instruction-report','view';
2018-06-01 17:25:49 EXEC SPC_COM_GET_COMBOBOX 'manufacture_kind_div';
2018-06-01 17:25:50 EXEC SPC_GET_PERMISSION_AUTH '999','manufacturing-instruction-report','view';
2018-06-01 17:25:50 EXEC SPC_GET_PERMISSION_AUTH '999','manufacturing-instruction-report','view';
2018-06-01 17:25:50 EXEC SPC_COM_GET_COMBOBOX 'manufacture_kind_div';
2018-06-01 17:25:50 EXEC SPC_COM_GET_COMBOBOX 'manufacture_kind_div';
2018-06-01 17:25:54 EXEC SPC_GET_PERMISSION_AUTH '999','manufacturing-instruction-report','search';
2018-06-01 17:25:54 EXEC SPC_028_MANUFACTURE_REPORT_SEARCH_FND1 '','','','','','','','1','10';
2018-06-01 17:26:06 EXEC SPC_GET_PERMISSION_AUTH '999','manufacturing-instruction-report','export-excel';
2018-06-01 17:26:06 EXEC SPC_028_MANUFACTURE_REPORT_SEARCH_ACT1 '[{"in_order_no":"1801240001","in_order_detail_no":"7","product_cd":"0007","manufacture_qty":"11","remaining_qty":"99979639","remarks":""}]','111','028_manufacture-instruction-report','192.168.5.206';
2018-06-01 17:27:45 EXEC SPC_GET_PERMISSION_AUTH '999','manufacturing-instruction-report','search';
2018-06-01 17:27:45 EXEC SPC_028_MANUFACTURE_REPORT_SEARCH_FND1 '','','','','','','','1','10';
2018-06-01 17:37:13 EXEC SPC_GET_PERMISSION_AUTH '999','manufacturing-instruction-report','search';
2018-06-01 17:37:13 EXEC SPC_028_MANUFACTURE_REPORT_SEARCH_FND1 '','','','','','','','1','10';
2018-06-01 17:37:20 EXEC SPC_GET_PERMISSION_AUTH '999','manufacturing-instruction-report','search';
2018-06-01 17:37:20 EXEC SPC_028_MANUFACTURE_REPORT_SEARCH_FND1 '','','','','','','','1','10';
2018-06-01 17:37:23 EXEC SPC_GET_PERMISSION_AUTH '999','manufacturing-instruction-report','view';
2018-06-01 17:37:23 EXEC SPC_COM_GET_COMBOBOX 'manufacture_kind_div';
2018-06-01 17:37:38 EXEC SPC_GET_PERMISSION_AUTH '999','manufacturing-instruction-report','search';
2018-06-01 17:37:38 EXEC SPC_028_MANUFACTURE_REPORT_SEARCH_FND1 '','','','1801120002','','','','1','10';
2018-06-01 17:37:45 EXEC SPC_GET_PERMISSION_AUTH '999','manufacturing-instruction-report','output';
2018-06-01 17:37:45 EXEC SPC_028_MANUFACTURE_REPORT_SEARCH_FND1 '','','','1801120002','','','','1','0';
2018-06-01 17:38:49 EXEC SPC_GET_PERMISSION_AUTH '999','manufacturing-instruction-report','view';
2018-06-01 17:38:49 EXEC SPC_COM_GET_COMBOBOX 'manufacture_kind_div';
2018-06-01 17:38:52 EXEC SPC_GET_PERMISSION_AUTH '999','manufacturing-instruction-report','search';
2018-06-01 17:38:52 EXEC SPC_028_MANUFACTURE_REPORT_SEARCH_FND1 '','','','','','','','1','10';
2018-06-01 17:39:07 EXEC SPC_GET_PERMISSION_AUTH '999','manufacturing-instruction-report','export-excel';
2018-06-01 17:39:07 EXEC SPC_028_MANUFACTURE_REPORT_SEARCH_ACT1 '[{"in_order_no":"1801120001","in_order_detail_no":"2","product_cd":"0007","manufacture_qty":"10","remaining_qty":"12","remarks":""}]','111','028_manufacture-instruction-report','192.168.5.206';
2018-06-01 17:39:18 EXEC SPC_GET_PERMISSION_AUTH '999','manufacturing-instruction-report','search';
2018-06-01 17:39:18 EXEC SPC_028_MANUFACTURE_REPORT_SEARCH_FND1 '','','','','','','','1','10';
2018-06-01 17:41:01 EXEC SPC_GET_PERMISSION_AUTH '999','manufacturing-instruction-report','search';
2018-06-01 17:41:01 EXEC SPC_028_MANUFACTURE_REPORT_SEARCH_FND1 '','','','','','','','1','10';
2018-06-01 17:54:48 EXEC SPC_GET_PERMISSION_AUTH '999','internalorder-search','view';
2018-06-01 17:54:48 EXEC SPC_COM_GET_COMBOBOX 'manufacture_status_div';
2018-06-01 17:54:51 EXEC SPC_GET_PERMISSION_AUTH '999','internalorder-search','search';
2018-06-01 17:54:52 EXEC SPC_026_INTERNAL_ORDER_SEARCH_FND1 '','','','','','','1','10';
2018-06-01 17:55:15 EXEC SPC_GET_PERMISSION_AUTH '999','internalorder-search','search';
2018-06-01 17:55:15 EXEC SPC_026_INTERNAL_ORDER_SEARCH_FND1 '1801120002','','','','','','1','10';
2018-06-01 17:55:19 EXEC SPC_GET_PERMISSION_AUTH '999','internalorder-search','export-excel';
2018-06-01 17:55:19 EXEC SPC_026_INTERNAL_ORDER_SEARCH_ACT1 '[{"in_order_no":"1801120002"}]','111','026_internal-order-search','192.168.5.206';
2018-06-01 18:21:06 EXEC SPC_GET_PERMISSION_AUTH '999','shipment-search','view';
2018-06-01 18:21:06 EXEC SPC_COM_GET_COMBOBOX 'fwd_status_div';
2018-06-01 18:21:11 EXEC SPC_GET_PERMISSION_AUTH '999','shipment-search','search';
2018-06-01 18:21:11 EXEC SPC_011_SHIPMENT_SEARCH_FND1 '','','','','','20','1','10';
2018-06-01 18:21:13 EXEC SPC_GET_PERMISSION_AUTH '999','shipment-detail','view';
2018-06-01 18:21:13 EXEC SPC_COM_GET_COMBOBOX 'forwarding_div';
2018-06-01 18:21:13 EXEC SPC_COM_GET_COMBOBOX 'forwarding_way_div';
2018-06-01 18:21:13 EXEC SPC_COM_GET_COMBOBOX 'forwarding_warehouse_div';
2018-06-01 18:21:13 EXEC SPC_COM_GET_COMBOBOX 'forwarder_div';
2018-06-01 18:21:13 EXEC SPC_COM_GET_COMBOBOX 'packing_method_div';
2018-06-01 18:21:14 EXEC SPC_GET_PERMISSION_AUTH '999','','view';
2018-06-01 18:21:14 EXEC SPC_010_SHIPMENT_DETAIL_INQ3 'S-18030025';
2018-06-01 18:21:20 EXEC SPC_GET_PERMISSION_AUTH '999','shipment-search','view';
2018-06-01 18:21:20 EXEC SPC_COM_GET_COMBOBOX 'fwd_status_div';
2018-06-01 18:21:22 EXEC SPC_GET_PERMISSION_AUTH '999','shipment-search','search';
2018-06-01 18:21:22 EXEC SPC_011_SHIPMENT_SEARCH_FND1 '','','','','','20','1','10';
2018-06-01 18:21:26 EXEC SPC_GET_PERMISSION_AUTH '999','shipment-search','search';
2018-06-01 18:21:26 EXEC SPC_011_SHIPMENT_SEARCH_FND1 '','','','','','20','1','100';
2018-06-01 18:21:34 EXEC SPC_GET_PERMISSION_AUTH '999','shipment-detail','view';
2018-06-01 18:21:34 EXEC SPC_COM_GET_COMBOBOX 'forwarding_div';
2018-06-01 18:21:34 EXEC SPC_COM_GET_COMBOBOX 'forwarding_way_div';
2018-06-01 18:21:34 EXEC SPC_COM_GET_COMBOBOX 'forwarding_warehouse_div';
2018-06-01 18:21:34 EXEC SPC_COM_GET_COMBOBOX 'forwarder_div';
2018-06-01 18:21:34 EXEC SPC_COM_GET_COMBOBOX 'packing_method_div';
2018-06-01 18:21:35 EXEC SPC_GET_PERMISSION_AUTH '999','','view';
2018-06-01 18:21:35 EXEC SPC_010_SHIPMENT_DETAIL_INQ3 'S-18040005';
2018-06-01 18:21:43 EXEC SPC_GET_PERMISSION_AUTH '999','shipment-detail','save';
2018-06-01 18:21:43 EXEC SPC_010_SHIPMENT_DETAIL_ACT1 'U','S-18040005','0','','','J-18040003','','03','','90','03','','01','','1','','123456789','999999','[{"index_no":"0","fwd_detail_no":"1","no":"1","product_cd":"11003","fwd_qty":"1","list_serial":[{"serial_no":""}]}]','111','010_shipment-detail','192.168.5.206';
2018-06-01 18:21:52 EXEC SPC_GET_PERMISSION_AUTH '999','shipment-detail','save';
2018-06-01 18:21:52 EXEC SPC_010_SHIPMENT_DETAIL_ACT1 'U','S-18040005','0','','','J-18040003','','03','','90','03','','01','','1','','123456789','999999','[{"index_no":"0","fwd_detail_no":"1","no":"1","product_cd":"11003","fwd_qty":"1","list_serial":[{"serial_no":""}]}]','111','010_shipment-detail','192.168.5.206';
2018-06-01 18:21:56 EXEC SPC_GET_PERMISSION_AUTH '999','shipment-search','view';
2018-06-01 18:21:56 EXEC SPC_COM_GET_COMBOBOX 'fwd_status_div';
2018-06-01 18:21:57 EXEC SPC_GET_PERMISSION_AUTH '999','shipment-search','search';
2018-06-01 18:21:57 EXEC SPC_011_SHIPMENT_SEARCH_FND1 '','','','','','20','1','100';
2018-06-01 18:22:02 EXEC SPC_GET_PERMISSION_AUTH '999','shipment-detail','view';
2018-06-01 18:22:02 EXEC SPC_COM_GET_COMBOBOX 'forwarding_div';
2018-06-01 18:22:02 EXEC SPC_COM_GET_COMBOBOX 'forwarding_way_div';
2018-06-01 18:22:02 EXEC SPC_COM_GET_COMBOBOX 'forwarding_warehouse_div';
2018-06-01 18:22:02 EXEC SPC_COM_GET_COMBOBOX 'forwarder_div';
2018-06-01 18:22:02 EXEC SPC_COM_GET_COMBOBOX 'packing_method_div';
2018-06-01 18:22:06 EXEC SPC_GET_PERMISSION_AUTH '999','popup-accept-search','view';
2018-06-01 18:22:06 EXEC SPC_COM_GET_COMBOBOX 'rcv_status_div';
2018-06-01 18:22:10 EXEC SPC_GET_PERMISSION_AUTH '999','popup-accept-search','search';
2018-06-01 18:22:10 EXEC SPC_006_ACCEPT_SEARCH_FND1 '','','','','20','1','10';
2018-06-01 18:22:11 EXEC SPC_GET_PERMISSION_AUTH '999','','view';
2018-06-01 18:22:11 EXEC SPC_010_SHIPMENT_DETAIL_INQ1 'J-18010004';
2018-06-01 18:22:33 EXEC SPC_GET_PERMISSION_AUTH '999','shipment-detail','save';
2018-06-01 18:22:33 EXEC SPC_010_SHIPMENT_DETAIL_ACT1 'I','','0','','','J-18010004','','01','','so0002','02','','01','','1','','123456789','999999','[{"index_no":"0","fwd_detail_no":"1","no":"1","product_cd":"10005","fwd_qty":"1","list_serial":[{"serial_no":""}]}]','111','010_shipment-detail','192.168.5.206';
2018-06-01 18:22:34 EXEC SPC_GET_PERMISSION_AUTH '999','','view';
2018-06-01 18:22:34 EXEC SPC_010_SHIPMENT_DETAIL_INQ3 'S-18060001';
2018-06-01 18:22:38 EXEC SPC_GET_PERMISSION_AUTH '999','shipment-detail','approve';
2018-06-01 18:22:38 EXEC SPC_010_SHIPMENT_DETAIL_ACT3 'S-18060001','111','010-shipment-detail','192.168.5.206';
2018-06-01 18:22:39 EXEC SPC_GET_PERMISSION_AUTH '999','','view';
2018-06-01 18:22:39 EXEC SPC_010_SHIPMENT_DETAIL_INQ3 'S-18060001';
2018-06-01 18:22:42 EXEC SPC_GET_PERMISSION_AUTH '999','shipment-detail','export-excel';
2018-06-01 18:22:42 EXEC SPC_012_SHIPMENT_DETAIL_EXCEL_ACT1 '{"fwd_no":"S-18060001"}','111','012_shipment-excel','192.168.5.206';
2018-06-01 18:24:29 EXEC SPC_GET_PERMISSION_AUTH '999','shipment-detail','export-excel';
2018-06-01 18:24:29 EXEC SPC_012_SHIPMENT_DETAIL_EXCEL_ACT1 '{"fwd_no":"S-18060001"}','111','012_shipment-excel','192.168.5.206';
2018-06-01 18:30:04 EXEC SPC_GET_PERMISSION_AUTH '999','shipment-detail','view';
2018-06-01 18:30:04 EXEC SPC_COM_GET_COMBOBOX 'forwarding_div';
2018-06-01 18:30:04 EXEC SPC_COM_GET_COMBOBOX 'forwarding_way_div';
2018-06-01 18:30:04 EXEC SPC_COM_GET_COMBOBOX 'forwarding_warehouse_div';
2018-06-01 18:30:04 EXEC SPC_COM_GET_COMBOBOX 'forwarder_div';
2018-06-01 18:30:04 EXEC SPC_COM_GET_COMBOBOX 'packing_method_div';
2018-06-01 18:30:23 EXEC SPC_GET_PERMISSION_AUTH '999','provisional-shipment-search','view';
2018-06-01 18:30:25 EXEC SPC_GET_PERMISSION_AUTH '999','provisional-shipment-detail','view';
2018-06-01 18:30:25 EXEC SPC_COM_GET_COMBOBOX 'forwarding_div';
2018-06-01 18:30:25 EXEC SPC_COM_GET_COMBOBOX 'forwarding_way_div';
2018-06-01 18:30:25 EXEC SPC_COM_GET_COMBOBOX 'forwarding_warehouse_div';
2018-06-01 18:30:25 EXEC SPC_COM_GET_COMBOBOX 'forwarder_div';
2018-06-01 18:30:25 EXEC SPC_COM_GET_COMBOBOX 'packing_method_div';
2018-06-01 18:31:14 EXEC SPC_GET_PERMISSION_AUTH '999','provisional-shipment-detail','view';
2018-06-01 18:31:14 EXEC SPC_COM_GET_COMBOBOX 'forwarding_div';
2018-06-01 18:31:14 EXEC SPC_COM_GET_COMBOBOX 'forwarding_way_div';
2018-06-01 18:31:14 EXEC SPC_COM_GET_COMBOBOX 'forwarding_warehouse_div';
2018-06-01 18:31:14 EXEC SPC_COM_GET_COMBOBOX 'forwarder_div';
2018-06-01 18:31:14 EXEC SPC_COM_GET_COMBOBOX 'packing_method_div';
2018-06-01 18:34:53 EXEC SPC_GET_PERMISSION_AUTH '999','invoice-detail','view';
2018-06-01 18:34:53 EXEC SPC_COM_GET_COMBOBOX 'port_country_div';
2018-06-01 18:34:53 EXEC SPC_COM_GET_COMBOBOX 'port_city_div';
2018-06-01 18:34:53 EXEC SPC_COM_GET_COMBOBOX 'shipment_div';
2018-06-01 18:34:53 EXEC SPC_COM_GET_COMBOBOX 'currency_div';
2018-06-01 18:34:53 EXEC SPC_COM_GET_COMBOBOX 'trade_terms_div';
2018-06-01 18:34:53 EXEC SPC_COM_GET_COMBOBOX 'payment_conditions_div';
2018-06-01 18:34:53 EXEC SPC_COM_GET_COMBOBOX 'unit_q_div';
2018-06-01 18:34:53 EXEC SPC_COM_GET_COMBOBOX 'unit_w_div';
2018-06-01 18:34:53 EXEC SPC_COM_GET_COMBOBOX 'unit_m_div';
2018-06-01 18:34:53 EXEC SPC_COM_GET_COMBOBOX 'sales_detail_div';
2018-06-01 18:34:53 EXEC SPC_COM_GET_COMBOBOX 'storage_manager_div';
2018-06-01 18:34:55 EXEC SPC_GET_TAX_RATE '2018/06/01';
2018-06-01 18:35:18 EXEC SPC_GET_PERMISSION_AUTH '999','invoice-detail','view';
2018-06-01 18:35:18 EXEC SPC_COM_GET_COMBOBOX 'port_country_div';
2018-06-01 18:35:18 EXEC SPC_COM_GET_COMBOBOX 'port_city_div';
2018-06-01 18:35:18 EXEC SPC_COM_GET_COMBOBOX 'shipment_div';
2018-06-01 18:35:18 EXEC SPC_COM_GET_COMBOBOX 'currency_div';
2018-06-01 18:35:18 EXEC SPC_COM_GET_COMBOBOX 'trade_terms_div';
2018-06-01 18:35:18 EXEC SPC_COM_GET_COMBOBOX 'payment_conditions_div';
2018-06-01 18:35:18 EXEC SPC_COM_GET_COMBOBOX 'unit_q_div';
2018-06-01 18:35:18 EXEC SPC_COM_GET_COMBOBOX 'unit_w_div';
2018-06-01 18:35:18 EXEC SPC_COM_GET_COMBOBOX 'unit_m_div';
2018-06-01 18:35:18 EXEC SPC_COM_GET_COMBOBOX 'sales_detail_div';
2018-06-01 18:35:18 EXEC SPC_COM_GET_COMBOBOX 'storage_manager_div';
2018-06-01 18:35:19 EXEC SPC_GET_TAX_RATE '2018/06/01';
2018-06-01 18:35:41 EXEC SPC_GET_PERMISSION_AUTH '999','invoice-detail','view';
2018-06-01 18:35:41 EXEC SPC_COM_GET_COMBOBOX 'port_country_div';
2018-06-01 18:35:41 EXEC SPC_COM_GET_COMBOBOX 'port_city_div';
2018-06-01 18:35:41 EXEC SPC_COM_GET_COMBOBOX 'shipment_div';
2018-06-01 18:35:41 EXEC SPC_COM_GET_COMBOBOX 'currency_div';
2018-06-01 18:35:41 EXEC SPC_COM_GET_COMBOBOX 'trade_terms_div';
2018-06-01 18:35:41 EXEC SPC_COM_GET_COMBOBOX 'payment_conditions_div';
2018-06-01 18:35:41 EXEC SPC_COM_GET_COMBOBOX 'unit_q_div';
2018-06-01 18:35:41 EXEC SPC_COM_GET_COMBOBOX 'unit_w_div';
2018-06-01 18:35:41 EXEC SPC_COM_GET_COMBOBOX 'unit_m_div';
2018-06-01 18:35:41 EXEC SPC_COM_GET_COMBOBOX 'sales_detail_div';
2018-06-01 18:35:41 EXEC SPC_COM_GET_COMBOBOX 'storage_manager_div';
2018-06-01 18:35:42 EXEC SPC_GET_TAX_RATE '2018/06/01';
2018-06-01 18:36:05 EXEC SPC_GET_PERMISSION_AUTH '999','invoice-detail','view';
2018-06-01 18:36:05 EXEC SPC_COM_GET_COMBOBOX 'port_country_div';
2018-06-01 18:36:05 EXEC SPC_COM_GET_COMBOBOX 'port_city_div';
2018-06-01 18:36:05 EXEC SPC_COM_GET_COMBOBOX 'shipment_div';
2018-06-01 18:36:05 EXEC SPC_COM_GET_COMBOBOX 'currency_div';
2018-06-01 18:36:05 EXEC SPC_COM_GET_COMBOBOX 'trade_terms_div';
2018-06-01 18:36:06 EXEC SPC_COM_GET_COMBOBOX 'payment_conditions_div';
2018-06-01 18:36:06 EXEC SPC_COM_GET_COMBOBOX 'unit_q_div';
2018-06-01 18:36:06 EXEC SPC_COM_GET_COMBOBOX 'unit_w_div';
2018-06-01 18:36:06 EXEC SPC_COM_GET_COMBOBOX 'unit_m_div';
2018-06-01 18:36:06 EXEC SPC_COM_GET_COMBOBOX 'sales_detail_div';
2018-06-01 18:36:06 EXEC SPC_COM_GET_COMBOBOX 'storage_manager_div';
2018-06-01 18:36:07 EXEC SPC_GET_TAX_RATE '2018/06/01';
2018-06-01 18:36:13 EXEC SPC_GET_PERMISSION_AUTH '999','invoice-detail','view';
2018-06-01 18:36:13 EXEC SPC_COM_GET_COMBOBOX 'port_country_div';
2018-06-01 18:36:13 EXEC SPC_COM_GET_COMBOBOX 'port_city_div';
2018-06-01 18:36:13 EXEC SPC_COM_GET_COMBOBOX 'shipment_div';
2018-06-01 18:36:13 EXEC SPC_COM_GET_COMBOBOX 'currency_div';
2018-06-01 18:36:13 EXEC SPC_COM_GET_COMBOBOX 'trade_terms_div';
2018-06-01 18:36:13 EXEC SPC_COM_GET_COMBOBOX 'payment_conditions_div';
2018-06-01 18:36:13 EXEC SPC_COM_GET_COMBOBOX 'unit_q_div';
2018-06-01 18:36:13 EXEC SPC_COM_GET_COMBOBOX 'unit_w_div';
2018-06-01 18:36:13 EXEC SPC_COM_GET_COMBOBOX 'unit_m_div';
2018-06-01 18:36:13 EXEC SPC_COM_GET_COMBOBOX 'sales_detail_div';
2018-06-01 18:36:13 EXEC SPC_COM_GET_COMBOBOX 'storage_manager_div';
2018-06-01 18:36:14 EXEC SPC_GET_TAX_RATE '2018/06/01';
2018-06-01 18:36:27 EXEC SPC_GET_PERMISSION_AUTH '999','invoice-detail','view';
2018-06-01 18:36:27 EXEC SPC_COM_GET_COMBOBOX 'port_country_div';
2018-06-01 18:36:27 EXEC SPC_COM_GET_COMBOBOX 'port_city_div';
2018-06-01 18:36:27 EXEC SPC_COM_GET_COMBOBOX 'shipment_div';
2018-06-01 18:36:27 EXEC SPC_COM_GET_COMBOBOX 'currency_div';
2018-06-01 18:36:27 EXEC SPC_COM_GET_COMBOBOX 'trade_terms_div';
2018-06-01 18:36:27 EXEC SPC_COM_GET_COMBOBOX 'payment_conditions_div';
2018-06-01 18:36:27 EXEC SPC_COM_GET_COMBOBOX 'unit_q_div';
2018-06-01 18:36:27 EXEC SPC_COM_GET_COMBOBOX 'unit_w_div';
2018-06-01 18:36:27 EXEC SPC_COM_GET_COMBOBOX 'unit_m_div';
2018-06-01 18:36:27 EXEC SPC_COM_GET_COMBOBOX 'sales_detail_div';
2018-06-01 18:36:27 EXEC SPC_COM_GET_COMBOBOX 'storage_manager_div';
2018-06-01 18:36:28 EXEC SPC_GET_TAX_RATE '2018/06/01';
2018-06-01 18:38:43 EXEC SPC_GET_PERMISSION_AUTH '999','provisional-shipment-search','view';
2018-06-01 18:38:49 EXEC SPC_GET_PERMISSION_AUTH '999','shipment-search','view';
2018-06-01 18:38:49 EXEC SPC_COM_GET_COMBOBOX 'fwd_status_div';
2018-06-01 18:38:57 EXEC SPC_GET_PERMISSION_AUTH '999','shipment-detail','view';
2018-06-01 18:38:57 EXEC SPC_COM_GET_COMBOBOX 'forwarding_div';
2018-06-01 18:38:57 EXEC SPC_COM_GET_COMBOBOX 'forwarding_way_div';
2018-06-01 18:38:57 EXEC SPC_COM_GET_COMBOBOX 'forwarding_warehouse_div';
2018-06-01 18:38:57 EXEC SPC_COM_GET_COMBOBOX 'forwarder_div';
2018-06-01 18:38:57 EXEC SPC_COM_GET_COMBOBOX 'packing_method_div';
2018-06-01 19:02:37 EXEC SPC_GET_PERMISSION_AUTH '999','shipment-search','view';
2018-06-01 19:02:37 EXEC SPC_COM_GET_COMBOBOX 'fwd_status_div';
2018-06-01 19:02:40 EXEC SPC_GET_PERMISSION_AUTH '999','shipment-search','search';
2018-06-01 19:02:40 EXEC SPC_011_SHIPMENT_SEARCH_FND1 '','','','','','','1','10';
2018-06-01 19:02:42 EXEC SPC_GET_PERMISSION_AUTH '999','shipment-search','output';
2018-06-01 19:02:52 EXEC SPC_GET_PERMISSION_AUTH '999','shipment-search','output';
2018-06-01 19:03:02 EXEC SPC_GET_PERMISSION_AUTH '999','shipment-search','search';
2018-06-01 19:03:02 EXEC SPC_011_SHIPMENT_SEARCH_FND1 '','','','','','20','1','10';
2018-06-01 19:03:07 EXEC SPC_GET_PERMISSION_AUTH '999','shipment-search','output';
2018-06-01 19:03:07 EXEC SPC_011_SHIPMENT_SEARCH_INQ1 '','','','','','20';
2018-06-01 19:04:50 EXEC SPC_GET_PERMISSION_AUTH '999','shipment-search','output';
2018-06-01 19:04:50 EXEC SPC_011_SHIPMENT_SEARCH_INQ1 '','','','','','20';
2018-06-01 19:08:20 EXEC SPC_GET_PERMISSION_AUTH '999','shipment-search','output';
2018-06-01 19:08:20 EXEC SPC_011_SHIPMENT_SEARCH_INQ1 '','','','','','20';
2018-06-01 19:08:29 EXEC SPC_GET_PERMISSION_AUTH '999','provisional-shipment-search','view';
2018-06-01 19:08:32 EXEC SPC_GET_PERMISSION_AUTH '999','provisional-shipment-search','search';
2018-06-01 19:08:32 EXEC SPC_008_PROVISIONAL_SHIPMENT_SEARCH_FND1 '','','','','','1','10';
2018-06-01 19:08:34 EXEC SPC_GET_PERMISSION_AUTH '999','provisional-shipment-search','output';
2018-06-01 19:08:34 EXEC SPC_008_PROVISIONAL_SHIPMENT_SEARCH_FND1 '','','','','','1','0';
