2018-02-09 10:35:56 EXEC SPC_GET_TAX_RATE '';
2018-02-09 10:36:25 EXEC SPC_GET_TAX_RATE '2018/02/09';
2018-02-09 10:37:18 EXEC SPC_073_LOGIN_ACT1 '812','812';
2018-02-09 10:37:50 EXEC SPC_073_LOGIN_ACT1 '001','123456';
2018-02-09 10:37:50 EXEC SPC_GET_CONSTANT '';
2018-02-09 10:38:01 EXEC SPC_GET_TAX_RATE '';
2018-02-09 10:38:21 EXEC SPC_GET_TAX_RATE '2018/02/09';
2018-02-09 10:38:28 EXEC SPC_REFER_CLIENT_CD '111';
2018-02-09 10:39:16 EXEC SPC_GET_TAX_RATE '';
2018-02-09 10:39:22 EXEC SPC_GET_TAX_RATE '2018/02/17';
2018-02-09 10:39:25 EXEC SPC_REFER_CLIENT_CD '1111';
2018-02-09 10:39:26 EXEC SPC_REFER_CLIENT_CD '11111';
2018-02-09 10:39:27 EXEC SPC_REFER_CLIENT_CD '111111';
2018-02-09 10:41:10 EXEC SPC_GET_TAX_RATE '';
2018-02-09 10:41:17 EXEC SPC_GET_TAX_RATE '';
2018-02-09 10:41:27 EXEC SPC_GET_TAX_RATE '';
2018-02-09 10:43:15 EXEC SPC_GET_TAX_RATE '';
2018-02-09 10:43:37 EXEC SPC_GET_TAX_RATE '';
2018-02-09 10:43:49 EXEC SPC_GET_TAX_RATE '';
2018-02-09 10:43:56 EXEC SPC_GET_TAX_RATE '';
2018-02-09 10:44:09 EXEC SPC_GET_TAX_RATE '2018/02/09';
2018-02-09 10:48:02 EXEC SPC_GET_TAX_RATE '';
2018-02-09 10:48:09 EXEC SPC_GET_TAX_RATE '2018/02/24';
2018-02-09 10:48:20 EXEC SPC_GET_TAX_RATE '';
2018-02-09 10:48:24 EXEC SPC_GET_TAX_RATE '2018/02/17';
2018-02-09 10:48:51 EXEC SPC_GET_TAX_RATE '';
2018-02-09 10:48:59 EXEC SPC_GET_TAX_RATE '';
2018-02-09 10:49:02 EXEC SPC_GET_TAX_RATE '2018/02/09';
2018-02-09 10:49:06 EXEC SPC_055_SUPPLIERS_MASTER_SEARCH_FND1 '','','','','','','0','0','0','1','10';
2018-02-09 10:49:07 EXEC SPC_REFER_CLIENT_CD '11';
2018-02-09 10:53:19 EXEC SPC_GET_TAX_RATE '';
2018-02-09 10:53:22 EXEC SPC_REFER_CLIENT_CD '111';
2018-02-09 10:53:23 EXEC SPC_REFER_CLIENT_CD '1111';
2018-02-09 10:53:24 EXEC SPC_REFER_CLIENT_CD '11111';
2018-02-09 10:53:37 EXEC SPC_GET_TAX_RATE '2018/02/09';
2018-02-09 10:58:10 EXEC SPC_REFER_CLIENT_CD '1111';
2018-02-09 11:30:54 EXEC SPC_069_COMPONENT_MASTER_SEARCH_FND1 '','','','1','10';
2018-02-09 11:31:09 EXEC SPC_031_PURCHASE_REQUEST_DETAIL_ACT1 'I','','10','2018/02/09','1111','111','111','2018/02/09','','[{"buy_detail_no":"1","parts_cd":"000121","buy_qty":"11","buy_unit_price":"11","buy_detail_amt":"121","buy_detail_tax":"0","detail_remarks":"1"}]','121','1','122','001','031_purchase_request-detail','192.168.5.206';
2018-02-09 11:32:33 EXEC SPC_031_PURCHASE_REQUEST_DETAIL_ACT1 'I','','10','2018/02/09','1111','111','111','2018/02/09','','[{"buy_detail_no":"1","parts_cd":"000121","buy_qty":"11","buy_unit_price":"11","buy_detail_amt":"121","buy_detail_tax":"0","detail_remarks":"1"}]','121','1','122','001','031_purchase_request-detail','192.168.5.206';
2018-02-09 11:32:44 EXEC SPC_073_LOGIN_ACT1 '001','12345+6';
2018-02-09 11:32:49 EXEC SPC_073_LOGIN_ACT1 '001','123456';
2018-02-09 11:32:49 EXEC SPC_GET_CONSTANT '';
2018-02-09 11:33:16 EXEC SPC_GET_TAX_RATE '';
2018-02-09 11:33:41 EXEC SPC_GET_TAX_RATE '';
2018-02-09 11:33:46 EXEC SPC_055_SUPPLIERS_MASTER_SEARCH_FND1 '','','','','','','0','0','0','1','10';
2018-02-09 11:33:47 EXEC SPC_REFER_CLIENT_CD '001';
2018-02-09 11:33:56 EXEC SPC_GET_TAX_RATE '2018/02/09';
2018-02-09 11:33:58 EXEC SPC_031_PURCHASE_REQUEST_DETAIL_ACT1 'I','','10','2018/02/09','001','','','','','[{"buy_detail_no":"1","parts_cd":"1111","buy_qty":"111","buy_unit_price":"11","buy_detail_amt":"1221","buy_detail_tax":"0","detail_remarks":"15"}]','1221','15','1236','001','031_purchase_request-detail','192.168.5.206';
2018-02-09 11:36:37 EXEC SPC_031_PURCHASE_REQUEST_DETAIL_ACT1 'I','','10','2018/02/09','001','','','','','[{"buy_detail_no":"1","parts_cd":"1111","buy_qty":"111","buy_unit_price":"11","buy_detail_amt":"1221","buy_detail_tax":"0","detail_remarks":"15"}]','1221','15','1236','001','031_purchase_request-detail','192.168.5.206';
2018-02-09 11:41:15 EXEC SPC_GET_TAX_RATE '';
2018-02-09 11:41:17 EXEC SPC_REFER_CLIENT_CD '111';
2018-02-09 11:41:27 EXEC SPC_GET_TAX_RATE '2018/02/10';
2018-02-09 11:42:46 EXEC SPC_GET_TAX_RATE '';
2018-02-09 11:42:50 EXEC SPC_055_SUPPLIERS_MASTER_SEARCH_FND1 '','','','','','','0','0','0','1','10';
2018-02-09 11:42:51 EXEC SPC_REFER_CLIENT_CD '001';
2018-02-09 11:42:59 EXEC SPC_GET_TAX_RATE '2018/02/24';
2018-02-09 11:43:35 EXEC SPC_GET_TAX_RATE '';
2018-02-09 11:43:46 EXEC SPC_055_SUPPLIERS_MASTER_SEARCH_FND1 '','','','','','','0','0','0','1','10';
2018-02-09 11:43:47 EXEC SPC_REFER_CLIENT_CD '001';
2018-02-09 11:43:55 EXEC SPC_GET_TAX_RATE '2018/02/17';
2018-02-09 11:44:35 EXEC SPC_GET_TAX_RATE '';
2018-02-09 11:45:54 EXEC SPC_GET_TAX_RATE '2018/02/23';
2018-02-09 11:46:03 EXEC SPC_REFER_CLIENT_CD '1111';
2018-02-09 11:46:18 EXEC SPC_GET_TAX_RATE '';
2018-02-09 11:46:20 EXEC SPC_GET_TAX_RATE '2018/02/09';
2018-02-09 11:46:24 EXEC SPC_REFER_CLIENT_CD '111';
2018-02-09 11:47:43 EXEC SPC_COM_GET_COMBOBOX 'port_country_div';
2018-02-09 11:47:43 EXEC SPC_COM_GET_COMBOBOX 'currency_div';
2018-02-09 11:47:43 EXEC SPC_COM_GET_COMBOBOX 'trade_terms_div';
2018-02-09 11:47:43 EXEC SPC_COM_GET_COMBOBOX 'port_city_div';
2018-02-09 11:47:44 EXEC SPC_COM_GET_COMBOBOX 'shipment_div';
2018-02-09 11:47:44 EXEC SPC_COM_GET_COMBOBOX 'payment_conditions_div';
2018-02-09 11:47:44 EXEC SPC_COM_GET_COMBOBOX 'unit_q_div';
2018-02-09 11:47:44 EXEC SPC_COM_GET_COMBOBOX 'unit_m_div';
2018-02-09 11:47:44 EXEC SPC_COM_GET_COMBOBOX 'unit_w_div';
2018-02-09 11:47:44 EXEC SPC_COM_GET_COMBOBOX 'bank_div';
2018-02-09 11:47:44 EXEC SPC_COM_GET_COMBOBOX 'sales_detail_div';
2018-02-09 11:47:44 EXEC SPC_GET_TAX_RATE '2018/02/09';
2018-02-09 11:47:47 EXEC SPC_001_PI_DETAIL_INQ1 'RT-130827001';
2018-02-09 11:47:48 EXEC SPC_COM_GET_COMBOBOX 'unit_q_div';
2018-02-09 11:47:48 EXEC SPC_COM_GET_COMBOBOX 'sales_detail_div';
2018-02-09 11:47:48 EXEC SPC_COM_GET_COMBOBOX 'unit_w_div';
2018-02-09 11:47:48 EXEC SPC_GET_TAX_RATE '2013/08/27';
2018-02-09 11:47:51 EXEC SPC_001_PI_DETAIL_INQ1 'RT-130827002';
2018-02-09 11:47:51 EXEC SPC_COM_GET_COMBOBOX 'sales_detail_div';
2018-02-09 11:47:51 EXEC SPC_GET_TAX_RATE '2013/08/27';
2018-02-09 11:47:51 EXEC SPC_COM_GET_COMBOBOX 'unit_w_div';
2018-02-09 11:47:51 EXEC SPC_COM_GET_COMBOBOX 'unit_m_div';
2018-02-09 11:47:52 EXEC SPC_COM_GET_COMBOBOX 'unit_q_div';
2018-02-09 11:47:55 EXEC SPC_COM_GET_COMBOBOX 'port_country_div';
2018-02-09 11:47:56 EXEC SPC_COM_GET_COMBOBOX 'trade_terms_div';
2018-02-09 11:47:56 EXEC SPC_COM_GET_COMBOBOX 'port_city_div';
2018-02-09 11:47:56 EXEC SPC_COM_GET_COMBOBOX 'currency_div';
2018-02-09 11:47:56 EXEC SPC_COM_GET_COMBOBOX 'shipment_div';
2018-02-09 11:47:56 EXEC SPC_COM_GET_COMBOBOX 'payment_conditions_div';
2018-02-09 11:47:56 EXEC SPC_COM_GET_COMBOBOX 'unit_w_div';
2018-02-09 11:47:56 EXEC SPC_COM_GET_COMBOBOX 'unit_q_div';
2018-02-09 11:47:56 EXEC SPC_COM_GET_COMBOBOX 'sales_detail_div';
2018-02-09 11:47:56 EXEC SPC_COM_GET_COMBOBOX 'unit_m_div';
2018-02-09 11:47:56 EXEC SPC_GET_TAX_RATE '2018/02/09';
2018-02-09 11:47:56 EXEC SPC_COM_GET_COMBOBOX 'bank_div';
2018-02-09 11:47:56 EXEC SPC_001_PI_DETAIL_INQ1 'RT-130827002';
2018-02-09 11:47:57 EXEC SPC_COM_GET_COMBOBOX 'unit_q_div';
2018-02-09 11:47:57 EXEC SPC_COM_GET_COMBOBOX 'unit_m_div';
2018-02-09 11:47:57 EXEC SPC_GET_TAX_RATE '2013/08/27';
2018-02-09 11:47:57 EXEC SPC_COM_GET_COMBOBOX 'sales_detail_div';
2018-02-09 11:47:57 EXEC SPC_COM_GET_COMBOBOX 'unit_w_div';
2018-02-09 11:48:02 EXEC SPC_COM_GET_COMBOBOX 'port_city_div';
2018-02-09 11:48:02 EXEC SPC_COM_GET_COMBOBOX 'trade_terms_div';
2018-02-09 11:48:02 EXEC SPC_COM_GET_COMBOBOX 'port_country_div';
2018-02-09 11:48:02 EXEC SPC_COM_GET_COMBOBOX 'currency_div';
2018-02-09 11:48:02 EXEC SPC_COM_GET_COMBOBOX 'shipment_div';
2018-02-09 11:48:02 EXEC SPC_COM_GET_COMBOBOX 'unit_q_div';
2018-02-09 11:48:02 EXEC SPC_COM_GET_COMBOBOX 'unit_m_div';
2018-02-09 11:48:02 EXEC SPC_COM_GET_COMBOBOX 'sales_detail_div';
2018-02-09 11:48:02 EXEC SPC_COM_GET_COMBOBOX 'bank_div';
2018-02-09 11:48:03 EXEC SPC_GET_TAX_RATE '2018/02/09';
2018-02-09 11:48:03 EXEC SPC_COM_GET_COMBOBOX 'payment_conditions_div';
2018-02-09 11:48:07 EXEC SPC_001_PI_DETAIL_INQ1 'RT-131827001';
2018-02-09 11:48:11 EXEC SPC_001_PI_DETAIL_INQ1 'RT-130827001';
2018-02-09 11:48:12 EXEC SPC_GET_TAX_RATE '2013/08/27';
2018-02-09 11:48:12 EXEC SPC_COM_GET_COMBOBOX 'unit_q_div';
2018-02-09 11:48:12 EXEC SPC_COM_GET_COMBOBOX 'unit_m_div';
2018-02-09 11:48:12 EXEC SPC_COM_GET_COMBOBOX 'sales_detail_div';
2018-02-09 11:48:12 EXEC SPC_COM_GET_COMBOBOX 'unit_w_div';
2018-02-09 11:48:16 EXEC SPC_001_PI_DETAIL_INQ1 'RT-131827001';
2018-02-09 11:48:25 EXEC SPC_055_SUPPLIERS_MASTER_SEARCH_FND1 '','','','','','','0','0','0','1','10';
2018-02-09 11:48:26 EXEC SPC_001_PI_DETAIL_INQ2 '001','1';
2018-02-09 11:48:32 EXEC SPC_055_SUPPLIERS_MASTER_SEARCH_FND1 '','','','','','','0','0','0','1','10';
2018-02-09 11:48:33 EXEC SPC_001_PI_DETAIL_INQ2 '2222','1';
2018-02-09 11:48:48 EXEC SPC_GET_LIB_CITY_COUNTRY '001';
2018-02-09 11:48:55 EXEC SPC_063_PRODUCT_MASTER_SEARCH_FND1 '','','1','10';
2018-02-09 11:48:56 EXEC SPC_001_PI_DETAIL_INQ3 '000112','2018/02/09','2222','JP','USD';
2018-02-09 11:49:07 EXEC SPC_001_PI_DETAIL_ACT1 'U','RT-131827001','','2018/02/09','2222','2','951 Angyouryou Negishi','Kawaguchi','333-0834','001','JP','+81-48-280-3055','','','2','951 Angyouryou Negishi','Kawaguchi','333-0834','001','JP','+81-48-280-3055','','Mark1 ','Mark1 ','Mark1 ','Mark1 ','(未定)pi_packing','','USD','060','01','02','001','SY','02','Payment','[{"pi_detail_no":"1","sales_detail_div":"0","product_cd":"000112","description":"adag","qty":"11","unit_of_m_div":"002","unit_price":"11","amount":"121","detail_tax":"6.05","unit_measure_qty":"888","unit_measure_price":"001","outside_remarks":"","unit_net_weight":"11212.13","unit_net_weight_div":"001","net_weight":"123333.43","unit_gross_weight":"16543.5","gross_weight":"181978.5","measure":"9768"}]','11','002','181978.5','001','123333.43','001','9768','001','121','0','0','6','127','(未定)pi_time_of_shipment','001','(未定)pi_country_of_origin','(未定)pi_manufacture','(未定)pi_varidity','(未定)pi_other_conditions1','(未定)pi_other_conditions2','(未定)pi_other_conditions3','(未定)pi_other_conditions4','(未定)pi_other_conditions5','(未定)pi_other_conditions6','(未定)pi_other_conditions7','(未定)pi_other_conditions8','(未定)pi_other_conditions9','(未定)pi_other_conditions10','001','社内用備考','001','001_pi-detail','192.168.5.206';
2018-02-09 11:49:21 EXEC SPC_001_PI_DETAIL_ACT1 'U','RT-131827001','','2018/02/09','2222','2','951 Angyouryou Negishi','Kawaguchi','333-0834','001','JP','+81-48-280-3055','','','2','951 Angyouryou Negishi','Kawaguchi','333-0834','001','JP','+81-48-280-3055','','Mark1 ','Mark1 ','Mark1 ','Mark1 ','(未定)pi_packing','','USD','060','01','02','001','SY','02','Payment','[{"pi_detail_no":"1","sales_detail_div":"0","product_cd":"000112","description":"adag","qty":"11","unit_of_m_div":"002","unit_price":"11","amount":"121","detail_tax":"6.05","unit_measure_qty":"888","unit_measure_price":"001","outside_remarks":"","unit_net_weight":"11212.13","unit_net_weight_div":"001","net_weight":"123333.43","unit_gross_weight":"16543.5","gross_weight":"181978.5","measure":"9768"}]','11','002','181978.5','001','123333.43','001','9768','001','121','0','0','6','127','(未定)pi_time_of_shipment','001','(未定)pi_country_of_origin','(未定)pi_manufacture','(未定)pi_varidity','(未定)pi_other_conditions1','(未定)pi_other_conditions2','(未定)pi_other_conditions3','(未定)pi_other_conditions4','(未定)pi_other_conditions5','(未定)pi_other_conditions6','(未定)pi_other_conditions7','(未定)pi_other_conditions8','(未定)pi_other_conditions9','(未定)pi_other_conditions10','001','社内用備考','001','001_pi-detail','192.168.5.206';
2018-02-09 11:49:26 EXEC SPC_001_PI_DETAIL_INQ3 '0001','2018/02/09','2222','JP','USD';
2018-02-09 11:49:30 EXEC SPC_001_PI_DETAIL_ACT1 'U','RT-131827001','','2018/02/09','2222','2','951 Angyouryou Negishi','Kawaguchi','333-0834','001','JP','+81-48-280-3055','','','2','951 Angyouryou Negishi','Kawaguchi','333-0834','001','JP','+81-48-280-3055','','Mark1 ','Mark1 ','Mark1 ','Mark1 ','(未定)pi_packing','','USD','060','01','02','001','SY','02','Payment','[{"pi_detail_no":"1","sales_detail_div":"0","product_cd":"0001","description":"fsdfg","qty":"11","unit_of_m_div":"002","unit_price":"11","amount":"121","detail_tax":"6.05","unit_measure_qty":"888","unit_measure_price":"001","outside_remarks":"","unit_net_weight":"11212.13","unit_net_weight_div":"001","net_weight":"123333.43","unit_gross_weight":"16543.5","gross_weight":"181978.5","measure":"9768"}]','11','002','181978.5','001','123333.43','001','9768','001','121','0','0','6','127','(未定)pi_time_of_shipment','001','(未定)pi_country_of_origin','(未定)pi_manufacture','(未定)pi_varidity','(未定)pi_other_conditions1','(未定)pi_other_conditions2','(未定)pi_other_conditions3','(未定)pi_other_conditions4','(未定)pi_other_conditions5','(未定)pi_other_conditions6','(未定)pi_other_conditions7','(未定)pi_other_conditions8','(未定)pi_other_conditions9','(未定)pi_other_conditions10','001','社内用備考','001','001_pi-detail','192.168.5.206';
2018-02-09 11:49:35 EXEC SPC_001_PI_DETAIL_INQ3 '000000','2018/02/09','2222','JP','USD';
2018-02-09 11:49:40 EXEC SPC_001_PI_DETAIL_ACT1 'U','RT-131827001','','2018/02/09','2222','2','951 Angyouryou Negishi','Kawaguchi','333-0834','001','JP','+81-48-280-3055','','','2','951 Angyouryou Negishi','Kawaguchi','333-0834','001','JP','+81-48-280-3055','','Mark1 ','Mark1 ','Mark1 ','Mark1 ','(未定)pi_packing','','USD','060','01','02','001','SY','02','Payment','[{"pi_detail_no":"1","sales_detail_div":"0","product_cd":"000000","description":"Description","qty":"11","unit_of_m_div":"002","unit_price":"11","amount":"121","detail_tax":"6.05","unit_measure_qty":"888","unit_measure_price":"001","outside_remarks":"","unit_net_weight":"11212.13","unit_net_weight_div":"001","net_weight":"123333.43","unit_gross_weight":"16543.5","gross_weight":"181978.5","measure":"9768"}]','11','002','181978.5','001','123333.43','001','9768','001','121','0','0','6','127','(未定)pi_time_of_shipment','001','(未定)pi_country_of_origin','(未定)pi_manufacture','(未定)pi_varidity','(未定)pi_other_conditions1','(未定)pi_other_conditions2','(未定)pi_other_conditions3','(未定)pi_other_conditions4','(未定)pi_other_conditions5','(未定)pi_other_conditions6','(未定)pi_other_conditions7','(未定)pi_other_conditions8','(未定)pi_other_conditions9','(未定)pi_other_conditions10','001','社内用備考','001','001_pi-detail','192.168.5.206';
2018-02-09 11:49:51 EXEC SPC_001_PI_DETAIL_ACT1 'U','RT-131827001','','2018/02/09','2222','2','951 Angyouryou Negishi','Kawaguchi','333-0834','001','JP','+81-48-280-3055','','','2','951 Angyouryou Negishi','Kawaguchi','333-0834','001','JP','+81-48-280-3055','','Mark1 ','Mark1 ','Mark1 ','Mark1 ','(未定)pi_packing','','USD','060','01','02','001','SY','02','Payment','[{"pi_detail_no":"1","sales_detail_div":"0","product_cd":"000000","description":"Description","qty":"11","unit_of_m_div":"002","unit_price":"11","amount":"121","detail_tax":"6.05","unit_measure_qty":"888","unit_measure_price":"001","outside_remarks":"","unit_net_weight":"11212.13","unit_net_weight_div":"001","net_weight":"123333.43","unit_gross_weight":"16543.5","gross_weight":"181978.5","measure":"9768"}]','11','002','181978.5','001','123333.43','001','9768','001','121','0','0','6','127','(未定)pi_time_of_shipment','001','(未定)pi_country_of_origin','(未定)pi_manufacture','(未定)pi_varidity','(未定)pi_other_conditions1','(未定)pi_other_conditions2','(未定)pi_other_conditions3','(未定)pi_other_conditions4','(未定)pi_other_conditions5','(未定)pi_other_conditions6','(未定)pi_other_conditions7','(未定)pi_other_conditions8','(未定)pi_other_conditions9','(未定)pi_other_conditions10','001','社内用備考','001','001_pi-detail','192.168.5.206';
2018-02-09 11:50:16 EXEC SPC_001_PI_DETAIL_INQ3 '001','2018/02/09','2222','JP','USD';
2018-02-09 11:50:21 EXEC SPC_001_PI_DETAIL_ACT1 'U','RT-131827001','','2018/02/09','2222','2','951 Angyouryou Negishi','Kawaguchi','333-0834','001','JP','+81-48-280-3055','','','2','951 Angyouryou Negishi','Kawaguchi','333-0834','001','JP','+81-48-280-3055','','Mark1 ','Mark1 ','Mark1 ','Mark1 ','(未定)pi_packing','','USD','060','01','02','001','SY','02','Payment','[{"pi_detail_no":"1","sales_detail_div":"0","product_cd":"001","description":"Description","qty":"11","unit_of_m_div":"002","unit_price":"11","amount":"121","detail_tax":"6.05","unit_measure_qty":"888","unit_measure_price":"001","outside_remarks":"","unit_net_weight":"11212.13","unit_net_weight_div":"001","net_weight":"123333.43","unit_gross_weight":"16543.5","gross_weight":"181978.5","measure":"9768"}]','11','002','181978.5','001','123333.43','001','9768','001','121','0','0','6','127','(未定)pi_time_of_shipment','001','(未定)pi_country_of_origin','(未定)pi_manufacture','(未定)pi_varidity','(未定)pi_other_conditions1','(未定)pi_other_conditions2','(未定)pi_other_conditions3','(未定)pi_other_conditions4','(未定)pi_other_conditions5','(未定)pi_other_conditions6','(未定)pi_other_conditions7','(未定)pi_other_conditions8','(未定)pi_other_conditions9','(未定)pi_other_conditions10','001','社内用備考','001','001_pi-detail','192.168.5.206';
2018-02-09 11:50:25 EXEC SPC_063_PRODUCT_MASTER_SEARCH_FND1 '','','1','10';
2018-02-09 11:50:28 EXEC SPC_001_PI_DETAIL_INQ3 '000111','2018/02/09','2222','JP','USD';
2018-02-09 11:50:33 EXEC SPC_001_PI_DETAIL_ACT1 'U','RT-131827001','','2018/02/09','2222','2','951 Angyouryou Negishi','Kawaguchi','333-0834','001','JP','+81-48-280-3055','','','2','951 Angyouryou Negishi','Kawaguchi','333-0834','001','JP','+81-48-280-3055','','Mark1 ','Mark1 ','Mark1 ','Mark1 ','(未定)pi_packing','','USD','060','01','02','001','SY','02','Payment','[{"pi_detail_no":"1","sales_detail_div":"0","product_cd":"000111","description":"asffa","qty":"11","unit_of_m_div":"003","unit_price":"11","amount":"121","detail_tax":"6.05","unit_measure_qty":"51","unit_measure_price":"001","outside_remarks":"","unit_net_weight":"15659","unit_net_weight_div":"001","net_weight":"172249","unit_gross_weight":"2194","gross_weight":"24134","measure":"561"}]','11','003','24134','001','172249','001','561','001','121','0','0','6','127','(未定)pi_time_of_shipment','001','(未定)pi_country_of_origin','(未定)pi_manufacture','(未定)pi_varidity','(未定)pi_other_conditions1','(未定)pi_other_conditions2','(未定)pi_other_conditions3','(未定)pi_other_conditions4','(未定)pi_other_conditions5','(未定)pi_other_conditions6','(未定)pi_other_conditions7','(未定)pi_other_conditions8','(未定)pi_other_conditions9','(未定)pi_other_conditions10','001','社内用備考','001','001_pi-detail','192.168.5.206';
2018-02-09 11:56:14 EXEC SPC_001_PI_DETAIL_ACT1 'U','RT-131827001','','2018/02/09','2222','2','951 Angyouryou Negishi','Kawaguchi','333-0834','001','JP','+81-48-280-3055','','','2','951 Angyouryou Negishi','Kawaguchi','333-0834','001','JP','+81-48-280-3055','','Mark1 ','Mark1 ','Mark1 ','Mark1 ','(未定)pi_packing','','USD','060','01','02','001','SY','02','Payment','[{"pi_detail_no":"1","sales_detail_div":"0","product_cd":"000111","description":"asffa","qty":"11","unit_of_m_div":"003","unit_price":"11","amount":"121","detail_tax":"6.05","unit_measure_qty":"51","unit_measure_price":"001","outside_remarks":"","unit_net_weight":"15659","unit_net_weight_div":"001","net_weight":"172249","unit_gross_weight":"2194","gross_weight":"24134","measure":"561"}]','11','003','24134','001','172249','001','561','001','121','0','0','6','127','(未定)pi_time_of_shipment','001','(未定)pi_country_of_origin','(未定)pi_manufacture','(未定)pi_varidity','(未定)pi_other_conditions1','(未定)pi_other_conditions2','(未定)pi_other_conditions3','(未定)pi_other_conditions4','(未定)pi_other_conditions5','(未定)pi_other_conditions6','(未定)pi_other_conditions7','(未定)pi_other_conditions8','(未定)pi_other_conditions9','(未定)pi_other_conditions10','001','社内用備考','001','001_pi-detail','192.168.5.206';
2018-02-09 11:56:19 EXEC SPC_001_PI_DETAIL_INQ3 '000000','2018/02/09','2222','JP','USD';
2018-02-09 11:56:24 EXEC SPC_001_PI_DETAIL_ACT1 'U','RT-131827001','','2018/02/09','2222','2','951 Angyouryou Negishi','Kawaguchi','333-0834','001','JP','+81-48-280-3055','','','2','951 Angyouryou Negishi','Kawaguchi','333-0834','001','JP','+81-48-280-3055','','Mark1 ','Mark1 ','Mark1 ','Mark1 ','(未定)pi_packing','','USD','060','01','02','001','SY','02','Payment','[{"pi_detail_no":"1","sales_detail_div":"0","product_cd":"000000","description":"Description","qty":"11","unit_of_m_div":"003","unit_price":"11","amount":"121","detail_tax":"6.05","unit_measure_qty":"51","unit_measure_price":"001","outside_remarks":"","unit_net_weight":"15659","unit_net_weight_div":"001","net_weight":"172249","unit_gross_weight":"2194","gross_weight":"24134","measure":"561"}]','11','003','24134','001','172249','001','561','001','121','0','0','6','127','(未定)pi_time_of_shipment','001','(未定)pi_country_of_origin','(未定)pi_manufacture','(未定)pi_varidity','(未定)pi_other_conditions1','(未定)pi_other_conditions2','(未定)pi_other_conditions3','(未定)pi_other_conditions4','(未定)pi_other_conditions5','(未定)pi_other_conditions6','(未定)pi_other_conditions7','(未定)pi_other_conditions8','(未定)pi_other_conditions9','(未定)pi_other_conditions10','001','社内用備考','001','001_pi-detail','192.168.5.206';
2018-02-09 12:13:27 EXEC SPC_GET_TAX_RATE '';
2018-02-09 12:13:32 EXEC SPC_055_SUPPLIERS_MASTER_SEARCH_FND1 '','','','','','','0','0','0','1','10';
2018-02-09 12:13:34 EXEC SPC_REFER_CLIENT_CD '001';
2018-02-09 12:13:40 EXEC SPC_GET_TAX_RATE '2018/02/24';
2018-02-09 12:21:48 EXEC SPC_COM_GET_COMBOBOX 'port_country_div';
2018-02-09 12:21:49 EXEC SPC_COM_GET_COMBOBOX 'unit_q_div';
2018-02-09 12:21:49 EXEC SPC_COM_GET_COMBOBOX 'port_city_div';
2018-02-09 12:21:49 EXEC SPC_COM_GET_COMBOBOX 'shipment_div';
2018-02-09 12:21:49 EXEC SPC_COM_GET_COMBOBOX 'currency_div';
2018-02-09 12:21:49 EXEC SPC_COM_GET_COMBOBOX 'unit_w_div';
2018-02-09 12:21:49 EXEC SPC_COM_GET_COMBOBOX 'payment_conditions_div';
2018-02-09 12:21:49 EXEC SPC_COM_GET_COMBOBOX 'trade_terms_div';
2018-02-09 12:21:50 EXEC SPC_COM_GET_COMBOBOX 'bank_div';
2018-02-09 12:21:50 EXEC SPC_COM_GET_COMBOBOX 'sales_detail_div';
2018-02-09 12:21:50 EXEC SPC_COM_GET_COMBOBOX 'unit_m_div';
2018-02-09 12:21:50 EXEC SPC_GET_TAX_RATE '2018/02/09';
2018-02-09 12:21:50 EXEC SPC_001_PI_DETAIL_INQ1 'RT-130827001';
2018-02-09 12:21:50 EXEC SPC_COM_GET_COMBOBOX 'unit_w_div';
2018-02-09 12:21:50 EXEC SPC_COM_GET_COMBOBOX 'unit_q_div';
2018-02-09 12:21:51 EXEC SPC_GET_TAX_RATE '2013/08/27';
2018-02-09 12:21:51 EXEC SPC_COM_GET_COMBOBOX 'sales_detail_div';
2018-02-09 12:21:52 EXEC SPC_GET_TAX_RATE '';
2018-02-09 12:21:55 EXEC SPC_REFER_CLIENT_CD '1111';
2018-02-09 12:22:16 EXEC SPC_GET_TAX_RATE '2018/02/23';
2018-02-09 12:22:47 EXEC SPC_GET_TAX_RATE '';
2018-02-09 12:23:10 EXEC SPC_073_LOGIN_ACT1 '001','123456';
2018-02-09 12:23:10 EXEC SPC_GET_CONSTANT '';
2018-02-09 12:23:18 EXEC SPC_GET_TAX_RATE '';
2018-02-09 12:23:24 EXEC SPC_GET_TAX_RATE '';
2018-02-09 12:23:29 EXEC SPC_055_SUPPLIERS_MASTER_SEARCH_FND1 '','','','','','','0','0','0','1','10';
2018-02-09 12:23:31 EXEC SPC_REFER_CLIENT_CD '1111';
2018-02-09 12:23:38 EXEC SPC_069_COMPONENT_MASTER_SEARCH_FND1 '','','','1','10';
2018-02-09 12:23:46 EXEC SPC_GET_TAX_RATE '2018/02/17';
2018-02-09 12:26:25 EXEC SPC_031_PURCHASE_REQUEST_DETAIL_ACT1 'I','','10','2018/02/17','1111','1111','111','2018/02/10','','[{"buy_detail_no":"1","parts_cd":"000122","buy_qty":"1111","buy_unit_price":"1111","buy_detail_amt":"1234321","buy_detail_tax":"0","detail_remarks":"14812"}]','1234321','14812','1249133','001','031_purchase_request-detail','192.168.5.206';
2018-02-09 12:26:39 EXEC SPC_073_LOGIN_ACT1 '001','123456';
2018-02-09 12:26:39 EXEC SPC_GET_CONSTANT '';
2018-02-09 12:26:48 EXEC SPC_GET_TAX_RATE '';
2018-02-09 12:26:55 EXEC SPC_GET_TAX_RATE '';
2018-02-09 12:26:59 EXEC SPC_055_SUPPLIERS_MASTER_SEARCH_FND1 '','','','','','','0','0','0','1','10';
2018-02-09 12:27:01 EXEC SPC_REFER_CLIENT_CD '001';
2018-02-09 12:27:08 EXEC SPC_GET_TAX_RATE '2018/02/23';
2018-02-09 12:27:13 EXEC SPC_031_PURCHASE_REQUEST_DETAIL_ACT1 'I','','10','2018/02/23','001','111','1111','2018/02/10','1111','[{"buy_detail_no":"1","parts_cd":"11111","buy_qty":"11111","buy_unit_price":"0","buy_detail_amt":"0","buy_detail_tax":"0","detail_remarks":"0"}]','0','0','0','001','031_purchase_request-detail','192.168.5.206';
2018-02-09 12:28:21 EXEC SPC_GET_TAX_RATE '';
2018-02-09 12:28:27 EXEC SPC_REFER_CLIENT_CD '0001';
2018-02-09 12:28:30 EXEC SPC_055_SUPPLIERS_MASTER_SEARCH_FND1 '','','','','','','0','0','0','1','10';
2018-02-09 12:28:32 EXEC SPC_REFER_CLIENT_CD '001';
2018-02-09 12:28:43 EXEC SPC_GET_TAX_RATE '2018/02/24';
2018-02-09 12:28:45 EXEC SPC_031_PURCHASE_REQUEST_DETAIL_ACT1 'I','','10','2018/02/24','001','1111','111','2018/02/10','','[{"buy_detail_no":"1","parts_cd":"1111","buy_qty":"111","buy_unit_price":"111","buy_detail_amt":"12321","buy_detail_tax":"0","detail_remarks":"148"}]','12321','148','12469','001','031_purchase_request-detail','192.168.5.206';
2018-02-09 12:29:47 EXEC SPC_GET_TAX_RATE '';
2018-02-09 12:29:49 EXEC SPC_REFER_CLIENT_CD '111';
2018-02-09 12:29:54 EXEC SPC_GET_TAX_RATE '2018/02/17';
2018-02-09 12:30:02 EXEC SPC_031_PURCHASE_REQUEST_DETAIL_ACT1 'I','','10','2018/02/17','111','111','111','2018/02/17','1111','[{"buy_detail_no":"1","parts_cd":"1111","buy_qty":"111","buy_unit_price":"111","buy_detail_amt":"11","buy_detail_tax":"0","detail_remarks":"148"}]','12321','148','12469','001','031_purchase_request-detail','192.168.5.206';
2018-02-09 12:30:08 EXEC SPC_069_COMPONENT_MASTER_SEARCH_FND1 '','','','1','10';
2018-02-09 12:30:15 EXEC SPC_031_PURCHASE_REQUEST_DETAIL_ACT1 'I','','10','2018/02/17','111','111','111','2018/02/17','1111','[{"buy_detail_no":"1","parts_cd":"1111","buy_qty":"111","buy_unit_price":"111","buy_detail_amt":"11","buy_detail_tax":"0","detail_remarks":"148"},{"buy_detail_no":"2","parts_cd":"000122","buy_qty":"222","buy_unit_price":"222","buy_detail_amt":"49284","buy_detail_tax":"0","detail_remarks":"591"}]','49295','592','49887','001','031_purchase_request-detail','192.168.5.206';
2018-02-09 12:30:27 EXEC SPC_031_PURCHASE_REQUEST_DETAIL_ACT1 'I','','10','2018/02/17','111','111','111','2018/02/17','1111','[{"buy_detail_no":"1","parts_cd":"1111","buy_qty":"111","buy_unit_price":"111","buy_detail_amt":"11","buy_detail_tax":"0","detail_remarks":"148"},{"buy_detail_no":"2","parts_cd":"000122","buy_qty":"222","buy_unit_price":"222","buy_detail_amt":"49284","buy_detail_tax":"0","detail_remarks":"591"},{"buy_detail_no":"3","parts_cd":"22222","buy_qty":"222","buy_unit_price":"222","buy_detail_amt":"49284","buy_detail_tax":"0","detail_remarks":"591"}]','98579','1183','99762','001','031_purchase_request-detail','192.168.5.206';
2018-02-09 12:31:57 EXEC SPC_031_PURCHASE_REQUEST_DETAIL_ACT1 'I','','10','2018/02/17','111','111','111','2018/02/17','1111','[{"buy_detail_no":"1","parts_cd":"000122","buy_qty":"222","buy_unit_price":"222","buy_detail_amt":"49284","buy_detail_tax":"0","detail_remarks":"591"}]','49284','591','49875','001','031_purchase_request-detail','192.168.5.206';
2018-02-09 12:32:44 EXEC SPC_GET_TAX_RATE '';
2018-02-09 12:33:08 EXEC SPC_REFER_CLIENT_CD '1111';
2018-02-09 12:33:18 EXEC SPC_069_COMPONENT_MASTER_SEARCH_FND1 '','','','1','10';
2018-02-09 12:33:26 EXEC SPC_GET_TAX_RATE '2018/02/23';
2018-02-09 12:33:28 EXEC SPC_031_PURCHASE_REQUEST_DETAIL_ACT1 'I','','10','2018/02/23','1111','1111','1111','2018/02/10','','[{"buy_detail_no":"1","parts_cd":"000121","buy_qty":"10","buy_unit_price":"10","buy_detail_amt":"100","buy_detail_tax":"0","detail_remarks":"1"}]','100','1','101','001','031_purchase_request-detail','192.168.5.206';
2018-02-09 12:34:45 EXEC SPC_031_PURCHASE_REQUEST_DETAIL_ACT1 'I','','10','2018/02/23','1111','1111','1111','2018/02/10','','[{"buy_detail_no":"1","parts_cd":"000121","buy_qty":"10","buy_unit_price":"10","buy_detail_amt":"100","buy_detail_tax":"0","detail_remarks":"1"}]','100','1','101','001','031_purchase_request-detail','192.168.5.206';
2018-02-09 12:34:52 EXEC SPC_031_PURCHASE_REQUEST_DETAIL_ACT1 'I','','10','2018/02/23','1111','1111','1111','2018/02/10','','[{"buy_detail_no":"1","parts_cd":"000121","buy_qty":"10","buy_unit_price":"10","buy_detail_amt":"100","buy_detail_tax":"0","detail_remarks":"1"}]','100','1','101','001','031_purchase_request-detail','192.168.5.206';
2018-02-09 12:35:17 EXEC SPC_031_PURCHASE_REQUEST_DETAIL_ACT1 'I','','10','2018/02/23','1111','1111','1111','2018/02/10','','[{"buy_detail_no":"1","parts_cd":"000121","buy_qty":"10","buy_unit_price":"10","buy_detail_amt":"100","buy_detail_tax":"0","detail_remarks":"1"}]','100','1','101','001','031_purchase_request-detail','192.168.5.206';
2018-02-09 12:35:25 EXEC SPC_073_LOGIN_ACT1 '001','12345+6';
2018-02-09 12:35:30 EXEC SPC_073_LOGIN_ACT1 '001','123456';
2018-02-09 12:35:30 EXEC SPC_GET_CONSTANT '';
2018-02-09 12:35:38 EXEC SPC_GET_TAX_RATE '';
2018-02-09 12:35:52 EXEC SPC_GET_TAX_RATE '';
2018-02-09 12:39:28 EXEC SPC_GET_TAX_RATE '';
2018-02-09 12:39:32 EXEC SPC_REFER_CLIENT_CD '1111';
2018-02-09 12:39:39 EXEC SPC_GET_TAX_RATE '2018/02/17';
2018-02-09 12:39:44 EXEC SPC_069_COMPONENT_MASTER_SEARCH_FND1 '','','','1','10';
2018-02-09 12:39:49 EXEC SPC_069_COMPONENT_MASTER_SEARCH_FND1 '','','','1','10';
2018-02-09 12:39:57 EXEC SPC_031_PURCHASE_REQUEST_DETAIL_ACT1 'I','','10','2018/02/17','1111','2222','2222','2018/02/17','22222','[{"buy_detail_no":"1","parts_cd":"20502","buy_qty":"12","buy_unit_price":"12","buy_detail_amt":"144","buy_detail_tax":"0","detail_remarks":"2"}]','144','2','146','001','031_purchase_request-detail','192.168.5.206';
2018-02-09 12:39:58 EXEC SPC_031_PURCHASE_REQUEST_DETAIL_INQ1 '201802090001';
2018-02-09 12:42:51 EXEC SPC_031_PURCHASE_REQUEST_DETAIL_ACT1 'I','','10','2018/02/17','1111','2222','2222','2018/02/17','22222','[{"buy_detail_no":"1","parts_cd":"20502","buy_qty":"12","buy_unit_price":"12","buy_detail_amt":"144","buy_detail_tax":"0","detail_remarks":"2"}]','144','2','146','001','031_purchase_request-detail','192.168.5.206';
2018-02-09 12:44:04 EXEC SPC_031_PURCHASE_REQUEST_DETAIL_ACT1 'I','','10','2018/02/17','1111','2222','2222','2018/02/17','22222','[{"buy_detail_no":"1","parts_cd":"20502","buy_qty":"12","buy_unit_price":"12","buy_detail_amt":"144","buy_detail_tax":"0","detail_remarks":"2"}]','144','2','146','001','031_purchase_request-detail','192.168.5.206';
2018-02-09 12:44:05 EXEC SPC_031_PURCHASE_REQUEST_DETAIL_INQ1 'KI2018020900';
2018-02-09 12:44:11 EXEC SPC_031_PURCHASE_REQUEST_DETAIL_ACT1 'I','','10','2018/02/17','1111','2222','2222','2018/02/17','22222','[{"buy_detail_no":"1","parts_cd":"20502","buy_qty":"12","buy_unit_price":"12","buy_detail_amt":"144","buy_detail_tax":"0","detail_remarks":"2"}]','144','2','146','001','031_purchase_request-detail','192.168.5.206';
2018-02-09 12:44:12 EXEC SPC_031_PURCHASE_REQUEST_DETAIL_INQ1 '201802090001';
2018-02-09 12:45:38 EXEC SPC_031_PURCHASE_REQUEST_DETAIL_ACT1 'I','','10','2018/02/17','1111','2222','2222','2018/02/17','22222','[{"buy_detail_no":"1","parts_cd":"20502","buy_qty":"12","buy_unit_price":"12","buy_detail_amt":"144","buy_detail_tax":"0","detail_remarks":"2"}]','144','2','146','001','031_purchase_request-detail','192.168.5.206';
2018-02-09 12:45:39 EXEC SPC_031_PURCHASE_REQUEST_DETAIL_INQ1 'KI2018020900';
2018-02-09 12:45:43 EXEC SPC_031_PURCHASE_REQUEST_DETAIL_ACT1 'I','','10','2018/02/17','1111','2222','2222','2018/02/17','22222','[{"buy_detail_no":"1","parts_cd":"20502","buy_qty":"12","buy_unit_price":"12","buy_detail_amt":"144","buy_detail_tax":"0","detail_remarks":"2"}]','144','2','146','001','031_purchase_request-detail','192.168.5.206';
2018-02-09 12:45:44 EXEC SPC_031_PURCHASE_REQUEST_DETAIL_INQ1 '201802090001';
2018-02-09 12:45:49 EXEC SPC_031_PURCHASE_REQUEST_DETAIL_ACT1 'I','','10','2018/02/17','1111','2222','2222','2018/02/17','22222','[{"buy_detail_no":"1","parts_cd":"20502","buy_qty":"12","buy_unit_price":"12","buy_detail_amt":"144","buy_detail_tax":"0","detail_remarks":"2"}]','144','2','146','001','031_purchase_request-detail','192.168.5.206';
2018-02-09 14:57:14 EXEC SPC_GET_USER '0000000000';
2018-02-09 14:57:16 EXEC SPC_COM_GET_COMBOBOX 'port_city_div';
2018-02-09 14:57:16 EXEC SPC_COM_GET_COMBOBOX 'unit_q_div';
2018-02-09 14:57:17 EXEC SPC_COM_GET_COMBOBOX 'unit_w_div';
2018-02-09 14:57:17 EXEC SPC_COM_GET_COMBOBOX 'port_country_div';
2018-02-09 14:57:17 EXEC SPC_COM_GET_COMBOBOX 'unit_m_div';
2018-02-09 14:57:17 EXEC SPC_COM_GET_COMBOBOX 'sales_detail_div';
2018-02-09 14:57:18 EXEC SPC_COM_GET_COMBOBOX 'trade_terms_div';
2018-02-09 14:57:18 EXEC SPC_COM_GET_COMBOBOX 'bank_div';
2018-02-09 14:57:18 EXEC SPC_GET_TAX_RATE '2018/02/09';
2018-02-09 14:57:18 EXEC SPC_COM_GET_COMBOBOX 'payment_conditions_div';
2018-02-09 14:57:18 EXEC SPC_COM_GET_COMBOBOX 'shipment_div';
2018-02-09 14:57:18 EXEC SPC_COM_GET_COMBOBOX 'currency_div';
2018-02-09 15:08:18 EXEC SPC_COM_GET_COMBOBOX 'pi_status_div';
2018-02-09 15:08:20 EXEC SPC_COM_GET_COMBOBOX 'port_country_div';
2018-02-09 15:08:21 EXEC SPC_COM_GET_COMBOBOX 'unit_q_div';
2018-02-09 15:08:21 EXEC SPC_COM_GET_COMBOBOX 'unit_w_div';
2018-02-09 15:08:22 EXEC SPC_COM_GET_COMBOBOX 'payment_conditions_div';
2018-02-09 15:08:22 EXEC SPC_COM_GET_COMBOBOX 'shipment_div';
2018-02-09 15:08:22 EXEC SPC_COM_GET_COMBOBOX 'trade_terms_div';
2018-02-09 15:08:22 EXEC SPC_COM_GET_COMBOBOX 'currency_div';
2018-02-09 15:08:22 EXEC SPC_COM_GET_COMBOBOX 'unit_m_div';
2018-02-09 15:08:22 EXEC SPC_COM_GET_COMBOBOX 'bank_div';
2018-02-09 15:08:22 EXEC SPC_GET_TAX_RATE '2018/02/09';
2018-02-09 15:08:22 EXEC SPC_COM_GET_COMBOBOX 'port_city_div';
2018-02-09 15:08:22 EXEC SPC_COM_GET_COMBOBOX 'sales_detail_div';
2018-02-09 15:08:24 EXEC SPC_055_SUPPLIERS_MASTER_SEARCH_FND1 '','','','','','','0','0','0','1','10';
2018-02-09 15:08:27 EXEC SPC_001_PI_DETAIL_INQ2 '444','1';
2018-02-09 15:08:30 EXEC SPC_055_SUPPLIERS_MASTER_SEARCH_FND1 '','','','','','','0','0','0','1','10';
2018-02-09 15:08:32 EXEC SPC_001_PI_DETAIL_INQ2 '001','1';
2018-02-09 15:08:37 EXEC SPC_055_SUPPLIERS_MASTER_SEARCH_FND1 '','','','','','','0','0','0','1','10';
2018-02-09 15:08:39 EXEC SPC_001_PI_DETAIL_INQ2 '1111','1';
2018-02-09 15:08:51 EXEC SPC_063_PRODUCT_MASTER_SEARCH_FND1 '','','1','10';
2018-02-09 15:08:53 EXEC SPC_001_PI_DETAIL_INQ3 '000110','2018/02/09','1111','SY','USD';
2018-02-09 15:09:04 EXEC SPC_GET_USER '001';
2018-02-09 15:09:09 EXEC SPC_001_PI_DETAIL_ACT1 'I','','','2018/02/09','1111','APEL CO.,LTD','951 Angyouryou Negishi','Kawaguchi','333-0834','001','SY','+81-48-280-3055','','','APEL CO.,LTD','951 Angyouryou Negishi','Kawaguchi','333-0834','001','SY','+81-48-280-3055','','111111','','','','Standard Export Carton','01','USD','060','01','02','003','NL','05','Payment','[{"pi_detail_no":"1","sales_detail_div":"0","product_cd":"000110","description":"asdaf","qty":"10","unit_of_m_div":"003","unit_price":"10","amount":"100","detail_tax":"1.2","unit_measure_qty":"51","unit_measure_price":"001","outside_remarks":"","unit_net_weight":"15659","unit_net_weight_div":"001","net_weight":"156590","unit_gross_weight":"2194","gross_weight":"21940","measure":"510"}]','10','003','21940','001','156590','001','510','001','100','0','0','0','100','Around 1 month after receipt of payment','003','Japan','APEL CO.,LTD.','This Proforma invoice is valid for 2 weeks from the date of  issue.','- If a consulate visa is required, the related fees should be paid by the buyer.','- In case of transport by air and/or container, FOB, C&F and CIF in this proforma invoice','shall be respectively equivalent to FCA, CPT and CIP stipulated in Incoterms 2000.','- In the event that the dollar (euro)falls against the Japanese yen by more than 5% from','the rate of proforma invoice date, the prices will not be effective.','* Remittance charge must be covered by sender.','*** Warranty period after shipment***','3 years: PD-303, BR-501','1 year: AP-120, AP-1000M, PD-303S, PD-3000UV, BR-5200, BR-5200P, HC-702, HG-220','*Our bank account is only Japanese one.(We have no bank account outside Japan)','001','','','001_pi-detail','';
2018-02-09 15:09:10 EXEC SPC_001_PI_DETAIL_INQ1 'RT-180209001';
2018-02-09 15:09:10 EXEC SPC_COM_GET_COMBOBOX 'unit_w_div';
2018-02-09 15:09:10 EXEC SPC_COM_GET_COMBOBOX 'unit_m_div';
2018-02-09 15:09:10 EXEC SPC_COM_GET_COMBOBOX 'sales_detail_div';
2018-02-09 15:09:10 EXEC SPC_GET_TAX_RATE '2018/02/09';
2018-02-09 15:09:10 EXEC SPC_COM_GET_COMBOBOX 'unit_q_div';
2018-02-09 15:09:13 EXEC SPC_001_PI_DETAIL_ACT1 'I','RT-180209001','10','2018/02/09','1111','APEL CO.,LTD','951 Angyouryou Negishi','Kawaguchi','333-0834','001','SY','+81-48-280-3055','','','APEL CO.,LTD','951 Angyouryou Negishi','Kawaguchi','333-0834','001','SY','+81-48-280-3055','','111111','','','','Standard Export Carton','01','USD','060','01','02','003','NL','05','Payment','[{"pi_detail_no":"1","sales_detail_div":"0","product_cd":"000110","description":"asdaf","qty":"10","unit_of_m_div":"003","unit_price":"10","amount":"100","detail_tax":"1.2","unit_measure_qty":"51","unit_measure_price":"001","outside_remarks":"","unit_net_weight":"15659","unit_net_weight_div":"001","net_weight":"156590","unit_gross_weight":"2194","gross_weight":"21940","measure":"510"}]','10','003','21940','001','156590','001','510','001','100','0','0','0','100','Around 1 month after receipt of payment','003','Japan','APEL CO.,LTD.','This Proforma invoice is valid for 2 weeks from the date of  issue.','- If a consulate visa is required, the related fees should be paid by the buyer.','- In case of transport by air and/or container, FOB, C&F and CIF in this proforma invoice','shall be respectively equivalent to FCA, CPT and CIP stipulated in Incoterms 2000.','- In the event that the dollar (euro)falls against the Japanese yen by more than 5% from','the rate of proforma invoice date, the prices will not be effective.','* Remittance charge must be covered by sender.','*** Warranty period after shipment***','3 years: PD-303, BR-501','1 year: AP-120, AP-1000M, PD-303S, PD-3000UV, BR-5200, BR-5200P, HC-702, HG-220','*Our bank account is only Japanese one.(We have no bank account outside Japan)','001','','','001_pi-detail','';
2018-02-09 15:09:14 EXEC SPC_001_PI_DETAIL_INQ1 'RT-180209002';
2018-02-09 15:09:15 EXEC SPC_COM_GET_COMBOBOX 'unit_w_div';
2018-02-09 15:09:15 EXEC SPC_COM_GET_COMBOBOX 'unit_m_div';
2018-02-09 15:09:15 EXEC SPC_GET_TAX_RATE '2018/02/09';
2018-02-09 15:09:15 EXEC SPC_COM_GET_COMBOBOX 'unit_q_div';
2018-02-09 15:09:15 EXEC SPC_COM_GET_COMBOBOX 'sales_detail_div';
2018-02-09 15:09:19 EXEC SPC_COM_GET_COMBOBOX 'payment_conditions_div';
2018-02-09 15:09:19 EXEC SPC_COM_GET_COMBOBOX 'currency_div';
2018-02-09 15:09:19 EXEC SPC_COM_GET_COMBOBOX 'port_country_div';
2018-02-09 15:09:19 EXEC SPC_COM_GET_COMBOBOX 'port_city_div';

2018-02-09 15:09:19 EXEC SPC_COM_GET_COMBOBOX 'shipment_div';
2018-02-09 15:09:20 EXEC SPC_COM_GET_COMBOBOX 'bank_div';
2018-02-09 15:09:20 EXEC SPC_COM_GET_COMBOBOX 'unit_q_div';
2018-02-09 15:09:20 EXEC SPC_GET_TAX_RATE '2018/02/09';
il_div';
2018-02-09 15:09:20 EXEC SPC_COM_GET_COMBOBOX 'unit_w_div';
2018-02-09 15:09:20 EXEC SPC_COM_GET_COMBOBOX 'unit_m_div';
2018-02-09 15:09:23 EXEC SPC_COM_GET_COMBOBOX 'pi_status_div';
2018-02-09 15:09:26 EXEC SPC_002_PI_SEARCH_FND1 '','','','','','','','10','1','10';
2018-02-09 15:09:29 EXEC SPC_COM_GET_COMBOBOX 'port_country_div';
2018-02-09 15:09:29 EXEC SPC_COM_GET_COMBOBOX 'port_city_div';
2018-02-09 15:09:29 EXEC SPC_COM_GET_COMBOBOX 'trade_terms_div';
2018-02-09 15:09:29 EXEC SPC_COM_GET_COMBOBOX 'currency_div';
2018-02-09 15:09:29 EXEC SPC_COM_GET_COMBOBOX 'payment_conditions_div';
2018-02-09 15:09:29 EXEC SPC_COM_GET_COMBOBOX 'shipment_div';
2018-02-09 15:09:30 EXEC SPC_COM_GET_COMBOBOX 'unit_q_div';
2018-02-09 15:09:30 EXEC SPC_COM_GET_COMBOBOX 'unit_w_div';
2018-02-09 15:09:30 EXEC SPC_COM_GET_COMBOBOX 'bank_div';
2018-02-09 15:09:30 EXEC SPC_COM_GET_COMBOBOX 'sales_detail_div';
2018-02-09 15:09:30 EXEC SPC_COM_GET_COMBOBOX 'unit_m_div';
2018-02-09 15:09:30 EXEC SPC_GET_TAX_RATE '2018/02/09';
2018-02-09 15:09:30 EXEC SPC_001_PI_DETAIL_INQ1 'RT-130827001';
2018-02-09 15:09:31 EXEC SPC_COM_GET_COMBOBOX 'unit_w_div';
2018-02-09 15:09:31 EXEC SPC_GET_TAX_RATE '2013/08/27';
2018-02-09 15:09:31 EXEC SPC_COM_GET_COMBOBOX 'sales_detail_div';
2018-02-09 15:09:31 EXEC SPC_COM_GET_COMBOBOX 'unit_q_div';
2018-02-09 15:09:31 EXEC SPC_COM_GET_COMBOBOX 'unit_m_div';
2018-02-09 15:09:33 EXEC SPC_001_PI_DETAIL_ACT1 'R','RT-130827001','10','2013/08/27','F0252','West Medica Produktions- and Handels-GmbH','Franz-Siegel-Gasse 1,','2380 Perchtoldsdorf,','','063','AT','43-1-804-81-84','43-1-804-81-85','','West Medica Produktions- and Handels-GmbH','Franz-Siegel-Gasse 1,','2380 Perchtoldsdorf,','','063','AT','43-1-804-81-84','43-1-804-81-85','MEDICA','','','','Standard Export Carton','01','USD','060','01','02','063','AT','05','payment by T.T.','[{"pi_detail_no":"1","sales_detail_div":"0","product_cd":"10004","description":"Digital Spectrophotometer Model PD-303 with standard accessories","qty":"10","unit_of_m_div":"006","unit_price":"820","amount":"8022","detail_tax":"401.1","unit_measure_qty":"0","unit_measure_price":"001","outside_remarks":"","unit_net_weight":"4.7","unit_net_weight_div":"001","net_weight":"47","unit_gross_weight":"6.4","gross_weight":"64","measure":"0"},{"pi_detail_no":"2","sales_detail_div":"0","product_cd":"10005","description":"Digital Spectrophotometer Model PD-303S (5 parameters type) with micoprocessor and Standard accessories","qty":"1","unit_of_m_div":"006","unit_price":"1060","amount":"1060","detail_tax":"53","unit_measure_qty":"0","unit_measure_price":"001","outside_remarks":"","unit_net_weight":"4","unit_net_weight_div":"001","net_weight":"4","unit_gross_weight":"6.4","gross_weight":"6.4","measure":"0"}]','11','006','70.4','001','51','001','0','001','9260','0','0','0','9260','Around 3weeks after receipt of payment','','Japan','APEL CO.,LTD.','This Proforma invoice is valid for 2 weeks from the date of  issue.','- If a consulate visa is required, the related fees should be paid by the buyer.','- In case of transport by air and/or container, FOB, C&F and CIF in this proforma invoice','shall be respectively equivalent to FCA, CPT and CIP stipulated in Incoterms 2000.','- In the even that the dollar (euro)falls against the Japanese yen by more than 5% from','the rate of proforma invoice date, the prices will not be effective.','','*** Warranty period after shipment***','3 years: AP-101, HG-202, PD-303, BR-501','1 year: AP-1000M, HG-2000, PD-303S, PD-303UV, BR-5000N, BR-5100, BR-5100P, HC-702','','002','社内用備考 社内用備考','','001_pi-detail','';
2018-02-09 15:09:38 EXEC SPC_055_SUPPLIERS_MASTER_SEARCH_FND1 '','','','','','','0','0','0','1','10';
2018-02-09 15:09:39 EXEC SPC_001_PI_DETAIL_INQ2 '1111','1';
2018-02-09 15:09:47 EXEC SPC_GET_LIB_CITY_COUNTRY '004';
2018-02-09 15:09:50 EXEC SPC_GET_LIB_CITY_COUNTRY '003';
2018-02-09 15:09:54 EXEC SPC_001_PI_DETAIL_ACT1 'R','RT-130827001','10','2013/08/27','1111','APEL CO.,LTD','951 Angyouryou Negishi','Kawaguchi','333-0834','001','SY','+81-48-280-3055','','','APEL CO.,LTD','951 Angyouryou Negishi','Kawaguchi','333-0834','001','SY','+81-48-280-3055','','111111','','','','Standard Export Carton','01','USD','060','01','02','003','NL','05','payment by T.T.','[{"pi_detail_no":"1","sales_detail_div":"0","product_cd":"10004","description":"Digital Spectrophotometer Model PD-303 with standard accessories","qty":"10","unit_of_m_div":"006","unit_price":"820","amount":"8022","detail_tax":"401.1","unit_measure_qty":"0","unit_measure_price":"001","outside_remarks":"","unit_net_weight":"4.7","unit_net_weight_div":"001","net_weight":"47","unit_gross_weight":"6.4","gross_weight":"64","measure":"0"},{"pi_detail_no":"2","sales_detail_div":"0","product_cd":"10005","description":"Digital Spectrophotometer Model PD-303S (5 parameters type) with micoprocessor and Standard accessories","qty":"1","unit_of_m_div":"006","unit_price":"1060","amount":"1060","detail_tax":"53","unit_measure_qty":"0","unit_measure_price":"001","outside_remarks":"","unit_net_weight":"4","unit_net_weight_div":"001","net_weight":"4","unit_gross_weight":"6.4","gross_weight":"6.4","measure":"0"}]','11','006','70.4','001','51','001','0','001','9260','0','0','0','9260','Around 1 month after receipt of payment','','Japan','APEL CO.,LTD.','This Proforma invoice is valid for 2 weeks from the date of  issue.','- If a consulate visa is required, the related fees should be paid by the buyer.','- In case of transport by air and/or container, FOB, C&F and CIF in this proforma invoice','shall be respectively equivalent to FCA, CPT and CIP stipulated in Incoterms 2000.','- In the event that the dollar (euro)falls against the Japanese yen by more than 5% from','the rate of proforma invoice date, the prices will not be effective.','* Remittance charge must be covered by sender.','*** Warranty period after shipment***','3 years: PD-303, BR-501','1 year: AP-120, AP-1000M, PD-303S, PD-3000UV, BR-5200, BR-5200P, HC-702, HG-220','*Our bank account is only Japanese one.(We have no bank account outside Japan)','002','社内用備考 社内用備考','','001_pi-detail','';
2018-02-09 15:09:59 EXEC SPC_GET_USER '001';
2018-02-09 15:10:03 EXEC SPC_001_PI_DETAIL_ACT1 'R','RT-130827001','10','2013/08/27','1111','APEL CO.,LTD','951 Angyouryou Negishi','Kawaguchi','333-0834','001','SY','+81-48-280-3055','','','APEL CO.,LTD','951 Angyouryou Negishi','Kawaguchi','333-0834','001','SY','+81-48-280-3055','','111111','','','','Standard Export Carton','01','USD','060','01','02','003','NL','05','payment by T.T.','[{"pi_detail_no":"1","sales_detail_div":"0","product_cd":"10004","description":"Digital Spectrophotometer Model PD-303 with standard accessories","qty":"10","unit_of_m_div":"006","unit_price":"820","amount":"8022","detail_tax":"401.1","unit_measure_qty":"0","unit_measure_price":"001","outside_remarks":"","unit_net_weight":"4.7","unit_net_weight_div":"001","net_weight":"47","unit_gross_weight":"6.4","gross_weight":"64","measure":"0"},{"pi_detail_no":"2","sales_detail_div":"0","product_cd":"10005","description":"Digital Spectrophotometer Model PD-303S (5 parameters type) with micoprocessor and Standard accessories","qty":"1","unit_of_m_div":"006","unit_price":"1060","amount":"1060","detail_tax":"53","unit_measure_qty":"0","unit_measure_price":"001","outside_remarks":"","unit_net_weight":"4","unit_net_weight_div":"001","net_weight":"4","unit_gross_weight":"6.4","gross_weight":"6.4","measure":"0"}]','11','006','70.4','001','51','001','0','001','9260','0','0','0','9260','Around 1 month after receipt of payment','','Japan','APEL CO.,LTD.','This Proforma invoice is valid for 2 weeks from the date of  issue.','- If a consulate visa is required, the related fees should be paid by the buyer.','- In case of transport by air and/or container, FOB, C&F and CIF in this proforma invoice','shall be respectively equivalent to FCA, CPT and CIP stipulated in Incoterms 2000.','- In the event that the dollar (euro)falls against the Japanese yen by more than 5% from','the rate of proforma invoice date, the prices will not be effective.','* Remittance charge must be covered by sender.','*** Warranty period after shipment***','3 years: PD-303, BR-501','1 year: AP-120, AP-1000M, PD-303S, PD-3000UV, BR-5200, BR-5200P, HC-702, HG-220','*Our bank account is only Japanese one.(We have no bank account outside Japan)','001','社内用備考 社内用備考','','001_pi-detail','';
2018-02-09 15:10:04 EXEC SPC_001_PI_DETAIL_INQ1 'RT-130827001';
2018-02-09 15:10:05 EXEC SPC_COM_GET_COMBOBOX 'unit_w_div';
2018-02-09 15:10:05 EXEC SPC_COM_GET_COMBOBOX 'unit_m_div';
2018-02-09 15:10:05 EXEC SPC_COM_GET_COMBOBOX 'sales_detail_div';
2018-02-09 15:10:05 EXEC SPC_COM_GET_COMBOBOX 'unit_q_div';
2018-02-09 15:10:05 EXEC SPC_GET_TAX_RATE '2013/08/27';
2018-02-09 15:10:11 EXEC SPC_001_PI_DETAIL_INQ2 '000000','1';
2018-02-09 15:10:18 EXEC SPC_001_PI_DETAIL_ACT1 'R','RT-130827001','10','2013/08/27','000000','Name','951 Angyouryou Negishi','Kawaguchi','333-0834','001','SY','+81-48-280-3055','','','APEL CO.,LTD','951 Angyouryou Negishi','Kawaguchi','333-0834','001','SY','+81-48-280-3055','','111111','','','','Standard Export Carton','01','USD','060','01','02','003','NL','05','payment by T.T.','[{"pi_detail_no":"1","sales_detail_div":"0","product_cd":"10004","description":"Digital Spectrophotometer Model PD-303 with standard accessories","qty":"10","unit_of_m_div":"006","unit_price":"820","amount":"8022","detail_tax":"401.1","unit_measure_qty":"0","unit_measure_price":"001","outside_remarks":"","unit_net_weight":"4.7","unit_net_weight_div":"001","net_weight":"47","unit_gross_weight":"6.4","gross_weight":"64","measure":"0"},{"pi_detail_no":"2","sales_detail_div":"0","product_cd":"10005","description":"Digital Spectrophotometer Model PD-303S (5 parameters type) with micoprocessor and Standard accessories","qty":"1","unit_of_m_div":"006","unit_price":"1060","amount":"1060","detail_tax":"53","unit_measure_qty":"0","unit_measure_price":"001","outside_remarks":"","unit_net_weight":"4","unit_net_weight_div":"001","net_weight":"4","unit_gross_weight":"6.4","gross_weight":"6.4","measure":"0"}]','11','006','70.4','001','51','001','0','001','9260','0','0','0','9260','Around 1 month after receipt of payment','','Japan','APEL CO.,LTD.','This Proforma invoice is valid for 2 weeks from the date of  issue.','- If a consulate visa is required, the related fees should be paid by the buyer.','- In case of transport by air and/or container, FOB, C&F and CIF in this proforma invoice','shall be respectively equivalent to FCA, CPT and CIP stipulated in Incoterms 2000.','- In the event that the dollar (euro)falls against the Japanese yen by more than 5% from','the rate of proforma invoice date, the prices will not be effective.','* Remittance charge must be covered by sender.','*** Warranty period after shipment***','3 years: PD-303, BR-501','1 year: AP-120, AP-1000M, PD-303S, PD-3000UV, BR-5200, BR-5200P, HC-702, HG-220','*Our bank account is only Japanese one.(We have no bank account outside Japan)','001','社内用備考 社内用備考','','001_pi-detail','';
2018-02-09 15:10:23 EXEC SPC_001_PI_DETAIL_INQ2 '1111','1';
2018-02-09 15:10:25 EXEC SPC_001_PI_DETAIL_ACT1 'R','RT-130827001','10','2013/08/27','1111','APEL CO.,LTD','951 Angyouryou Negishi','Kawaguchi','333-0834','001','SY','+81-48-280-3055','','','APEL CO.,LTD','951 Angyouryou Negishi','Kawaguchi','333-0834','001','SY','+81-48-280-3055','','111111','','','','Standard Export Carton','01','USD','060','01','02','003','NL','05','payment by T.T.','[{"pi_detail_no":"1","sales_detail_div":"0","product_cd":"10004","description":"Digital Spectrophotometer Model PD-303 with standard accessories","qty":"10","unit_of_m_div":"006","unit_price":"820","amount":"8022","detail_tax":"401.1","unit_measure_qty":"0","unit_measure_price":"001","outside_remarks":"","unit_net_weight":"4.7","unit_net_weight_div":"001","net_weight":"47","unit_gross_weight":"6.4","gross_weight":"64","measure":"0"},{"pi_detail_no":"2","sales_detail_div":"0","product_cd":"10005","description":"Digital Spectrophotometer Model PD-303S (5 parameters type) with micoprocessor and Standard accessories","qty":"1","unit_of_m_div":"006","unit_price":"1060","amount":"1060","detail_tax":"53","unit_measure_qty":"0","unit_measure_price":"001","outside_remarks":"","unit_net_weight":"4","unit_net_weight_div":"001","net_weight":"4","unit_gross_weight":"6.4","gross_weight":"6.4","measure":"0"}]','11','006','70.4','001','51','001','0','001','9260','0','0','0','9260','Around 1 month after receipt of payment','','Japan','APEL CO.,LTD.','This Proforma invoice is valid for 2 weeks from the date of  issue.','- If a consulate visa is required, the related fees should be paid by the buyer.','- In case of transport by air and/or container, FOB, C&F and CIF in this proforma invoice','shall be respectively equivalent to FCA, CPT and CIP stipulated in Incoterms 2000.','- In the event that the dollar (euro)falls against the Japanese yen by more than 5% from','the rate of proforma invoice date, the prices will not be effective.','* Remittance charge must be covered by sender.','*** Warranty period after shipment***','3 years: PD-303, BR-501','1 year: AP-120, AP-1000M, PD-303S, PD-3000UV, BR-5200, BR-5200P, HC-702, HG-220','*Our bank account is only Japanese one.(We have no bank account outside Japan)','001','社内用備考 社内用備考','','001_pi-detail','';
2018-02-09 15:10:26 EXEC SPC_001_PI_DETAIL_INQ1 'RT-130827001';
2018-02-09 15:10:26 EXEC SPC_GET_TAX_RATE '2013/08/27';
2018-02-09 15:10:26 EXEC SPC_COM_GET_COMBOBOX 'unit_w_div';
2018-02-09 15:10:26 EXEC SPC_COM_GET_COMBOBOX 'unit_q_div';
2018-02-09 15:10:26 EXEC SPC_COM_GET_COMBOBOX 'sales_detail_div';
2018-02-09 15:10:26 EXEC SPC_COM_GET_COMBOBOX 'unit_m_div';
2018-02-09 15:11:09 EXEC SPC_GET_TAX_RATE '';
2018-02-09 15:11:19 EXEC SPC_GET_TAX_RATE '';
2018-02-09 15:11:24 EXEC SPC_055_SUPPLIERS_MASTER_SEARCH_FND1 '','','','','','','0','0','0','1','10';
2018-02-09 15:11:25 EXEC SPC_REFER_CLIENT_CD '001';
2018-02-09 15:11:29 EXEC SPC_GET_TAX_RATE '2018/02/24';
2018-02-09 15:11:40 EXEC SPC_069_COMPONENT_MASTER_SEARCH_FND1 '','','','1','10';
2018-02-09 15:11:48 EXEC SPC_031_PURCHASE_REQUEST_DETAIL_ACT1 'I','','10','2018/02/24','001','aaaa','aaaa','2018/02/10','aaaa','[{"buy_detail_no":"1","parts_cd":"000123","buy_qty":"10","buy_unit_price":"10","buy_detail_amt":"100","buy_detail_tax":"0","detail_remarks":"1"}]','100','1','101','','031_purchase_request-detail','';
2018-02-09 15:15:33 EXEC SPC_031_PURCHASE_REQUEST_DETAIL_ACT1 'I','','10','2018/02/24','001','aaaa','aaaa','2018/02/10','aaaa','[{"buy_detail_no":"1","parts_cd":"000123","buy_qty":"10","buy_unit_price":"10","buy_detail_amt":"100","buy_detail_tax":"0","detail_remarks":"1"}]','100','1','101','','031_purchase_request-detail','';
2018-02-09 15:15:34 EXEC SPC_031_PURCHASE_REQUEST_DETAIL_INQ1 'KI2018020900';
2018-02-09 15:15:37 EXEC SPC_GET_TAX_RATE '';
2018-02-09 15:32:40 EXEC SPC_055_SUPPLIERS_MASTER_SEARCH_FND1 '','','','','','','0','0','0','1','10';
2018-02-09 15:32:42 EXEC SPC_REFER_CLIENT_CD '1111';
2018-02-09 15:32:50 EXEC SPC_069_COMPONENT_MASTER_SEARCH_FND1 '','','','1','10';
2018-02-09 15:32:57 EXEC SPC_GET_TAX_RATE '2018/02/23';
2018-02-09 15:33:34 EXEC SPC_031_PURCHASE_REQUEST_DETAIL_ACT1 'I','','10','2018/02/23','1111','1111','111','2018/02/10','1111','[{"buy_detail_no":"1","parts_cd":"000123","buy_qty":"111","buy_unit_price":"11","buy_detail_amt":"1221","buy_detail_tax":"0","detail_remarks":"15"}]','1221','15','1236','','031_purchase_request-detail','';
2018-02-09 15:34:31 EXEC SPC_031_PURCHASE_REQUEST_DETAIL_ACT1 'I','','10','2018/02/23','1111','1111','111','2018/02/10','1111','[{"buy_detail_no":"1","parts_cd":"000123","buy_qty":"111","buy_unit_price":"11","buy_detail_amt":"1221","buy_detail_tax":"0","detail_remarks":"15"}]','1221','15','1236','','031_purchase_request-detail','';
2018-02-09 15:34:33 EXEC SPC_031_PURCHASE_REQUEST_DETAIL_INQ1 'KI2018020900';
2018-02-09 15:35:38 EXEC SPC_REFER_CLIENT_CD '';
2018-02-09 15:35:42 EXEC SPC_REFER_CLIENT_CD '1111';
2018-02-09 15:48:48 EXEC SPC_001_PI_DETAIL_INQ1 'RT-130827066';
2018-02-09 15:48:52 EXEC SPC_055_SUPPLIERS_MASTER_SEARCH_FND1 '','','','','','','0','0','0','1','10';
2018-02-09 15:48:53 EXEC SPC_001_PI_DETAIL_INQ2 '001','1';
2018-02-09 15:49:03 EXEC SPC_GET_LIB_CITY_COUNTRY '001';
2018-02-09 15:49:11 EXEC SPC_063_PRODUCT_MASTER_SEARCH_FND1 '','','1','10';
2018-02-09 15:49:13 EXEC SPC_001_PI_DETAIL_INQ3 '000110','2018/02/09','001','SY','USD';
2018-02-09 15:49:17 EXEC SPC_GET_USER '001';
2018-02-09 15:49:23 EXEC SPC_001_PI_DETAIL_ACT1 'R','RT-130827066','','2018/02/09','001','2','','','','001','SY','','','','2','','','','001','SY','','','','','','','Standard Export Carton','','USD','060','01','02','001','SY','13','Payment','[{"pi_detail_no":"1","sales_detail_div":"0","product_cd":"000110","description":"asdaf","qty":"0","unit_of_m_div":"003","unit_price":"0","amount":"0","detail_tax":"0","unit_measure_qty":"51","unit_measure_price":"001","outside_remarks":"","unit_net_weight":"15659","unit_net_weight_div":"001","net_weight":"0","unit_gross_weight":"2194","gross_weight":"0","measure":"0"}]','0','003','0','001','0','001','0','001','0','0','0','0','0','Around 1 month after receipt of payment','','Japan','APEL CO.,LTD.','This Proforma invoice is valid for 2 weeks from the date of  issue.','- If a consulate visa is required, the related fees should be paid by the buyer.','- In case of transport by air and/or container, FOB, C&F and CIF in this proforma invoice','shall be respectively equivalent to FCA, CPT and CIP stipulated in Incoterms 2000.','- In the event that the dollar (euro)falls against the Japanese yen by more than 5% from','the rate of proforma invoice date, the prices will not be effective.','* Remittance charge must be covered by sender.','*** Warranty period after shipment***','3 years: PD-303, BR-501','1 year: AP-120, AP-1000M, PD-303S, PD-3000UV, BR-5200, BR-5200P, HC-702, HG-220','*Our bank account is only Japanese one.(We have no bank account outside Japan)','001','社内用備考','','001_pi-detail','';
2018-02-09 15:49:46 EXEC SPC_001_PI_DETAIL_ACT1 'R','RT-130827066','','2018/02/09','001','2','','','','001','SY','','','','2','','','','001','SY','','','','','','','Standard Export Carton','','USD','060','01','02','001','SY','13','Payment','[{"pi_detail_no":"1","sales_detail_div":"0","product_cd":"000110","description":"asdaf","qty":"0","unit_of_m_div":"003","unit_price":"0","amount":"0","detail_tax":"0","unit_measure_qty":"51","unit_measure_price":"001","outside_remarks":"","unit_net_weight":"15659","unit_net_weight_div":"001","net_weight":"0","unit_gross_weight":"2194","gross_weight":"0","measure":"0"}]','0','003','0','001','0','001','0','001','0','0','0','0','0','Around 1 month after receipt of payment','','Japan','APEL CO.,LTD.','This Proforma invoice is valid for 2 weeks from the date of  issue.','- If a consulate visa is required, the related fees should be paid by the buyer.','- In case of transport by air and/or container, FOB, C&F and CIF in this proforma invoice','shall be respectively equivalent to FCA, CPT and CIP stipulated in Incoterms 2000.','- In the event that the dollar (euro)falls against the Japanese yen by more than 5% from','the rate of proforma invoice date, the prices will not be effective.','* Remittance charge must be covered by sender.','*** Warranty period after shipment***','3 years: PD-303, BR-501','1 year: AP-120, AP-1000M, PD-303S, PD-3000UV, BR-5200, BR-5200P, HC-702, HG-220','*Our bank account is only Japanese one.(We have no bank account outside Japan)','001','社内用備考','','001_pi-detail','';
2018-02-09 18:41:38 EXEC SPC_GET_TAX_RATE '';
2018-02-09 18:41:46 EXEC SPC_GET_TAX_RATE '';
2018-02-09 18:41:51 EXEC SPC_055_SUPPLIERS_MASTER_SEARCH_FND1 '','','','','','','0','0','0','1','10';
2018-02-09 18:41:52 EXEC SPC_REFER_CLIENT_CD '001';
2018-02-09 18:42:01 EXEC SPC_GET_TAX_RATE '2018/02/17';
2018-02-09 18:42:04 EXEC SPC_069_COMPONENT_MASTER_SEARCH_FND1 '','','','1','10';
2018-02-09 18:42:11 EXEC SPC_031_PURCHASE_REQUEST_DETAIL_ACT1 'I','','10','2018/02/17','001','111','111','2018/02/24','111','[{"buy_detail_no":"1","parts_cd":"000121","buy_qty":"10","buy_unit_price":"10","buy_detail_amt":"10","buy_detail_tax":"0","detail_remarks":"1"}]','100','1','101','','031_purchase_request-detail','';
2018-02-09 18:42:12 EXEC SPC_031_PURCHASE_REQUEST_DETAIL_INQ1 'KI201802090001';
2018-02-09 18:42:14 EXEC SPC_031_PURCHASE_REQUEST_DETAIL_ACT1 'I','','10','2018/02/17','001','111','111','2018/02/24','111','[{"buy_detail_no":"1","parts_cd":"000121","buy_qty":"10","buy_unit_price":"10","buy_detail_amt":"10","buy_detail_tax":"0","detail_remarks":"1"}]','100','1','101','','031_purchase_request-detail','';
2018-02-09 18:42:15 EXEC SPC_031_PURCHASE_REQUEST_DETAIL_INQ1 'KI201802090002';
2018-02-09 18:42:17 EXEC SPC_031_PURCHASE_REQUEST_DETAIL_ACT1 'I','','10','2018/02/17','001','111','111','2018/02/24','111','[{"buy_detail_no":"1","parts_cd":"000121","buy_qty":"10","buy_unit_price":"10","buy_detail_amt":"10","buy_detail_tax":"0","detail_remarks":"1"}]','100','1','101','','031_purchase_request-detail','';
2018-02-09 18:42:18 EXEC SPC_031_PURCHASE_REQUEST_DETAIL_INQ1 'KI201802090003';
2018-02-09 18:49:58 EXEC SPC_031_PURCHASE_REQUEST_DETAIL_ACT1 'I','','10','2018/02/17','001','111','111','2018/02/24','111','[{"buy_detail_no":"1","parts_cd":"000121","buy_qty":"10","buy_unit_price":"10","buy_detail_amt":"10","buy_detail_tax":"0","detail_remarks":"1"}]','100','1','101','','031_purchase_request-detail','';
2018-02-09 18:50:02 EXEC SPC_031_PURCHASE_REQUEST_DETAIL_INQ1 'KI201802090004';
2018-02-09 18:51:42 EXEC SPC_031_PURCHASE_REQUEST_DETAIL_ACT1 'I','','10','2018/02/17','001','111','111','2018/02/24','111','[{"buy_detail_no":"1","parts_cd":"000121","buy_qty":"10","buy_unit_price":"10","buy_detail_amt":"10","buy_detail_tax":"0","detail_remarks":"1"}]','100','1','101','','031_purchase_request-detail','';
2018-02-09 18:51:44 EXEC SPC_031_PURCHASE_REQUEST_DETAIL_INQ1 'KI201802090005';
2018-02-09 18:52:16 EXEC SPC_031_PURCHASE_REQUEST_DETAIL_ACT1 'I','','10','2018/02/17','001','111','111','2018/02/24','111','[{"buy_detail_no":"1","parts_cd":"000121","buy_qty":"10","buy_unit_price":"10","buy_detail_amt":"10","buy_detail_tax":"0","detail_remarks":"1"}]','100','1','101','','031_purchase_request-detail','';
2018-02-09 18:52:17 EXEC SPC_031_PURCHASE_REQUEST_DETAIL_INQ1 'KI201802090006';
2018-02-09 18:52:43 EXEC SPC_031_PURCHASE_REQUEST_DETAIL_ACT1 'I','','10','2018/02/17','001','111','111','2018/02/24','111','[{"buy_detail_no":"1","parts_cd":"000121","buy_qty":"10","buy_unit_price":"10","buy_detail_amt":"10","buy_detail_tax":"0","detail_remarks":"1"}]','100','1','101','','031_purchase_request-detail','';
2018-02-09 18:52:44 EXEC SPC_031_PURCHASE_REQUEST_DETAIL_INQ1 'KI201802090007';
2018-02-09 18:53:06 EXEC SPC_031_PURCHASE_REQUEST_DETAIL_ACT1 'I','','10','2018/02/17','001','111','111','2018/02/24','111','[{"buy_detail_no":"1","parts_cd":"000121","buy_qty":"10","buy_unit_price":"10","buy_detail_amt":"10","buy_detail_tax":"0","detail_remarks":"1"}]','100','1','101','','031_purchase_request-detail','';
2018-02-09 18:53:28 EXEC SPC_031_PURCHASE_REQUEST_DETAIL_ACT1 'I','','10','2018/02/17','001','111','111','2018/02/24','111','[{"buy_detail_no":"1","parts_cd":"000121","buy_qty":"10","buy_unit_price":"10","buy_detail_amt":"10","buy_detail_tax":"0","detail_remarks":"1"}]','100','1','101','','031_purchase_request-detail','';
2018-02-09 18:53:29 EXEC SPC_031_PURCHASE_REQUEST_DETAIL_INQ1 'KI201802090009';
2018-02-09 18:53:51 EXEC SPC_031_PURCHASE_REQUEST_DETAIL_ACT1 'I','','10','2018/02/17','001','111','111','2018/02/24','111','[{"buy_detail_no":"1","parts_cd":"000121","buy_qty":"10","buy_unit_price":"10","buy_detail_amt":"10","buy_detail_tax":"0","detail_remarks":"1"}]','100','1','101','','031_purchase_request-detail','';
2018-02-09 18:53:52 EXEC SPC_031_PURCHASE_REQUEST_DETAIL_INQ1 'KI201802090010';
2018-02-09 18:54:26 EXEC SPC_031_PURCHASE_REQUEST_DETAIL_ACT1 'I','','10','2018/02/17','001','111','111','2018/02/24','111','[{"buy_detail_no":"1","parts_cd":"000121","buy_qty":"10","buy_unit_price":"10","buy_detail_amt":"10","buy_detail_tax":"0","detail_remarks":"1"}]','100','1','101','','031_purchase_request-detail','';
2018-02-09 18:54:27 EXEC SPC_031_PURCHASE_REQUEST_DETAIL_INQ1 'KI201802090011';
2018-02-09 18:54:48 EXEC SPC_031_PURCHASE_REQUEST_DETAIL_ACT1 'I','','10','2018/02/17','001','111','111','2018/02/24','111','[{"buy_detail_no":"1","parts_cd":"000121","buy_qty":"10","buy_unit_price":"10","buy_detail_amt":"10","buy_detail_tax":"0","detail_remarks":"1"}]','100','1','101','','031_purchase_request-detail','';
2018-02-09 18:54:49 EXEC SPC_031_PURCHASE_REQUEST_DETAIL_INQ1 'KI201802090012';
2018-02-09 18:55:22 EXEC SPC_031_PURCHASE_REQUEST_DETAIL_ACT1 'I','','10','2018/02/17','001','111','111','2018/02/24','111','[{"buy_detail_no":"1","parts_cd":"000121","buy_qty":"10","buy_unit_price":"10","buy_detail_amt":"10","buy_detail_tax":"0","detail_remarks":"1"}]','100','1','101','','031_purchase_request-detail','';
2018-02-09 18:55:23 EXEC SPC_031_PURCHASE_REQUEST_DETAIL_INQ1 'KI201802090013';
2018-02-09 18:55:39 EXEC SPC_031_PURCHASE_REQUEST_DETAIL_ACT1 'I','','10','2018/02/17','001','111','111','2018/02/24','111','[{"buy_detail_no":"1","parts_cd":"000121","buy_qty":"10","buy_unit_price":"10","buy_detail_amt":"10","buy_detail_tax":"0","detail_remarks":"1"}]','100','1','101','','031_purchase_request-detail','';
2018-02-09 18:55:40 EXEC SPC_031_PURCHASE_REQUEST_DETAIL_INQ1 'KI201802090014';
2018-02-09 18:56:17 EXEC SPC_031_PURCHASE_REQUEST_DETAIL_ACT1 'I','','10','2018/02/17','001','111','111','2018/02/24','111','[{"buy_detail_no":"1","parts_cd":"000121","buy_qty":"10","buy_unit_price":"10","buy_detail_amt":"10","buy_detail_tax":"0","detail_remarks":"1"}]','100','1','101','','031_purchase_request-detail','';
2018-02-09 18:56:19 EXEC SPC_031_PURCHASE_REQUEST_DETAIL_INQ1 'KI201802090015';
2018-02-09 18:56:55 EXEC SPC_031_PURCHASE_REQUEST_DETAIL_ACT1 'I','','10','2018/02/17','001','111','111','2018/02/24','111','[{"buy_detail_no":"1","parts_cd":"000121","buy_qty":"10","buy_unit_price":"10","buy_detail_amt":"10","buy_detail_tax":"0","detail_remarks":"1"}]','100','1','101','','031_purchase_request-detail','';
2018-02-09 18:56:56 EXEC SPC_031_PURCHASE_REQUEST_DETAIL_INQ1 'KI201802090016';
2018-02-09 18:57:09 EXEC SPC_031_PURCHASE_REQUEST_DETAIL_ACT1 'I','','10','2018/02/17','001','111','111','2018/02/24','111','[{"buy_detail_no":"1","parts_cd":"000121","buy_qty":"10","buy_unit_price":"10","buy_detail_amt":"10","buy_detail_tax":"0","detail_remarks":"1"}]','100','1','101','','031_purchase_request-detail','';
2018-02-09 18:57:10 EXEC SPC_031_PURCHASE_REQUEST_DETAIL_INQ1 'KI201802090017';
2018-02-09 18:57:30 EXEC SPC_031_PURCHASE_REQUEST_DETAIL_ACT1 'I','','10','2018/02/17','001','111','111','2018/02/24','111','[{"buy_detail_no":"1","parts_cd":"000121","buy_qty":"10","buy_unit_price":"10","buy_detail_amt":"10","buy_detail_tax":"0","detail_remarks":"1"}]','100','1','101','','031_purchase_request-detail','';
2018-02-09 18:57:31 EXEC SPC_031_PURCHASE_REQUEST_DETAIL_INQ1 'KI201802090018';
2018-02-09 18:57:43 EXEC SPC_031_PURCHASE_REQUEST_DETAIL_ACT1 'I','','10','2018/02/17','001','111','111','2018/02/24','111','[{"buy_detail_no":"1","parts_cd":"000121","buy_qty":"10","buy_unit_price":"10","buy_detail_amt":"10","buy_detail_tax":"0","detail_remarks":"1"}]','100','1','101','','031_purchase_request-detail','';
2018-02-09 18:57:44 EXEC SPC_031_PURCHASE_REQUEST_DETAIL_INQ1 'KI201802090019';
2018-02-09 18:58:00 EXEC SPC_031_PURCHASE_REQUEST_DETAIL_ACT1 'I','','10','2018/02/17','001','111','111','2018/02/24','111','[{"buy_detail_no":"1","parts_cd":"000121","buy_qty":"10","buy_unit_price":"10","buy_detail_amt":"10","buy_detail_tax":"0","detail_remarks":"1"}]','100','1','101','','031_purchase_request-detail','';
2018-02-09 18:58:01 EXEC SPC_031_PURCHASE_REQUEST_DETAIL_INQ1 'KI201802090020';
2018-02-09 18:58:14 EXEC SPC_031_PURCHASE_REQUEST_DETAIL_ACT1 'I','','10','2018/02/17','001','111','111','2018/02/24','111','[{"buy_detail_no":"1","parts_cd":"000121","buy_qty":"10","buy_unit_price":"10","buy_detail_amt":"10","buy_detail_tax":"0","detail_remarks":"1"}]','100','1','101','','031_purchase_request-detail','';
2018-02-09 18:58:15 EXEC SPC_031_PURCHASE_REQUEST_DETAIL_INQ1 'KI201802090021';
2018-02-09 18:58:53 EXEC SPC_031_PURCHASE_REQUEST_DETAIL_ACT1 'I','','10','2018/02/17','001','111','111','2018/02/24','111','[{"buy_detail_no":"1","parts_cd":"000121","buy_qty":"10","buy_unit_price":"10","buy_detail_amt":"10","buy_detail_tax":"0","detail_remarks":"1"}]','100','1','101','','031_purchase_request-detail','';
2018-02-09 18:58:54 EXEC SPC_031_PURCHASE_REQUEST_DETAIL_INQ1 'KI201802090022';
2018-02-09 18:59:39 EXEC SPC_031_PURCHASE_REQUEST_DETAIL_ACT1 'I','','10','2018/02/17','001','111','111','2018/02/24','111','[{"buy_detail_no":"1","parts_cd":"000121","buy_qty":"10","buy_unit_price":"10","buy_detail_amt":"10","buy_detail_tax":"0","detail_remarks":"1"}]','100','1','101','','031_purchase_request-detail','';
2018-02-09 18:59:41 EXEC SPC_031_PURCHASE_REQUEST_DETAIL_INQ1 'KI201802090023';
2018-02-09 18:59:52 EXEC SPC_031_PURCHASE_REQUEST_DETAIL_ACT1 'I','','10','2018/02/17','001','111','111','2018/02/24','111','[{"buy_detail_no":"1","parts_cd":"000121","buy_qty":"10","buy_unit_price":"10","buy_detail_amt":"10","buy_detail_tax":"0","detail_remarks":"1"}]','100','1','101','','031_purchase_request-detail','';
2018-02-09 18:59:54 EXEC SPC_031_PURCHASE_REQUEST_DETAIL_INQ1 'KI201802090024';
2018-02-09 19:00:15 EXEC SPC_031_PURCHASE_REQUEST_DETAIL_ACT1 'I','','10','2018/02/17','001','111','111','2018/02/24','111','[{"buy_detail_no":"1","parts_cd":"000121","buy_qty":"10","buy_unit_price":"10","buy_detail_amt":"10","buy_detail_tax":"0","detail_remarks":"1"}]','100','1','101','','031_purchase_request-detail','';
2018-02-09 19:00:16 EXEC SPC_031_PURCHASE_REQUEST_DETAIL_INQ1 'KI201802090025';
2018-02-09 19:01:12 EXEC SPC_031_PURCHASE_REQUEST_DETAIL_ACT1 'I','','10','2018/02/17','001','111','111','2018/02/24','111','[{"buy_detail_no":"1","parts_cd":"000121","buy_qty":"10","buy_unit_price":"10","buy_detail_amt":"10","buy_detail_tax":"0","detail_remarks":"1"}]','100','1','101','','031_purchase_request-detail','';
2018-02-09 19:01:13 EXEC SPC_031_PURCHASE_REQUEST_DETAIL_INQ1 'KI201802090026';
2018-02-09 19:01:20 EXEC SPC_031_PURCHASE_REQUEST_DETAIL_ACT1 'I','','10','2018/02/17','001','111','111','2018/02/24','111','[{"buy_detail_no":"1","parts_cd":"000121","buy_qty":"10","buy_unit_price":"10","buy_detail_amt":"10","buy_detail_tax":"0","detail_remarks":"1"}]','100','1','101','','031_purchase_request-detail','';
2018-02-09 19:01:21 EXEC SPC_031_PURCHASE_REQUEST_DETAIL_INQ1 'KI201802090027';
2018-02-09 19:01:22 EXEC SPC_GET_TAX_RATE '2018/02/17';
2018-02-09 19:07:08 EXEC SPC_GET_TAX_RATE '';
2018-02-09 19:07:11 EXEC SPC_055_SUPPLIERS_MASTER_SEARCH_FND1 '','','','','','','0','0','0','1','10';
2018-02-09 19:07:13 EXEC SPC_REFER_CLIENT_CD '1111';
2018-02-09 19:07:21 EXEC SPC_069_COMPONENT_MASTER_SEARCH_FND1 '','','','1','10';
2018-02-09 19:07:28 EXEC SPC_GET_TAX_RATE '2018/02/24';
2018-02-09 19:07:31 EXEC SPC_031_PURCHASE_REQUEST_DETAIL_ACT1 'I','','10','2018/02/24','1111','66666','6666','2018/02/17','','[{"buy_detail_no":"1","parts_cd":"000123","buy_qty":"1111","buy_unit_price":"1111","buy_detail_amt":"1111","buy_detail_tax":"0","detail_remarks":"14812"}]','1234321','14812','1249133','','031_purchase_request-detail','';
2018-02-09 19:07:32 EXEC SPC_031_PURCHASE_REQUEST_DETAIL_INQ1 'KI201802090028';
2018-02-09 19:07:32 EXEC SPC_GET_TAX_RATE '2018/02/24';
2018-02-09 19:07:35 EXEC SPC_031_PURCHASE_REQUEST_DETAIL_ACT1 'I','KI201802090028','10','2018/02/24','1111','66666','6666','2018-02-17','','[{"buy_detail_no":"1","parts_cd":"000123","buy_qty":"1111","buy_unit_price":"1111","buy_detail_amt":"1111","buy_detail_tax":"0","detail_remarks":"14812"}]','1234321','14812','1249133','','031_purchase_request-detail','';
2018-02-09 19:07:36 EXEC SPC_031_PURCHASE_REQUEST_DETAIL_INQ1 'KI201802090029';
2018-02-09 19:07:36 EXEC SPC_GET_TAX_RATE '2018/02/24';
2018-02-09 19:07:43 EXEC SPC_031_PURCHASE_REQUEST_DETAIL_ACT1 'I','KI201802090029','10','2018/02/24','1111','66666','6666','2018-02-17','','[{"buy_detail_no":"1","parts_cd":"000123","buy_qty":"1111","buy_unit_price":"1111","buy_detail_amt":"1111","buy_detail_tax":"0","detail_remarks":"14812"}]','1234321','14812','1249133','','031_purchase_request-detail','';
2018-02-09 19:07:45 EXEC SPC_031_PURCHASE_REQUEST_DETAIL_INQ1 'KI201802090030';
2018-02-09 19:07:45 EXEC SPC_GET_TAX_RATE '2018/02/24';
2018-02-09 19:07:56 EXEC SPC_069_COMPONENT_MASTER_SEARCH_FND1 '','','','1','10';
2018-02-09 19:08:02 EXEC SPC_031_PURCHASE_REQUEST_DETAIL_ACT1 'I','KI201802090030','10','2018/02/24','1111','66666','6666','2018-02-17','','[{"buy_detail_no":"1","parts_cd":"000123","buy_qty":"1111","buy_unit_price":"1111","buy_detail_amt":"1111","buy_detail_tax":"0","detail_remarks":"14812"},{"buy_detail_no":"2","parts_cd":"000122","buy_qty":"100","buy_unit_price":"100","buy_detail_amt":"10000","buy_detail_tax":"0","detail_remarks":"120"}]','11111','133','11244','','031_purchase_request-detail','';
2018-02-09 19:08:03 EXEC SPC_031_PURCHASE_REQUEST_DETAIL_INQ1 'KI201802090031';
2018-02-09 19:08:03 EXEC SPC_GET_TAX_RATE '2018/02/24';
2018-02-09 19:31:12 EXEC SPC_031_PURCHASE_REQUEST_DETAIL_ACT1 'I','KI201802090031','10','2018/02/24','1111','66666','6666','2018-02-17','','[{"buy_detail_no":"1","parts_cd":"000123","buy_qty":"1111","buy_unit_price":"1111","buy_detail_amt":"1111","buy_detail_tax":"0","detail_remarks":"14812"},{"buy_detail_no":"2","parts_cd":"000122","buy_qty":"100","buy_unit_price":"100","buy_detail_amt":"10000","buy_detail_tax":"0","detail_remarks":"120"}]','11111','133','11244','','031_purchase_request-detail','';
2018-02-09 19:31:13 EXEC SPC_031_PURCHASE_REQUEST_DETAIL_INQ1 'KI201802090032';
2018-02-09 19:31:14 EXEC SPC_GET_TAX_RATE '2018/02/24';
2018-02-09 19:31:23 EXEC SPC_GET_TAX_RATE '';
2018-02-09 19:31:52 EXEC SPC_031_PURCHASE_REQUEST_DETAIL_INQ1 'KI201802090001';
2018-02-09 19:32:58 EXEC SPC_GET_TAX_RATE '';
2018-02-09 19:33:05 EXEC SPC_031_PURCHASE_REQUEST_DETAIL_INQ1 'KI201802090002';
2018-02-09 19:33:54 EXEC SPC_GET_TAX_RATE '';
2018-02-09 19:33:57 EXEC SPC_031_PURCHASE_REQUEST_DETAIL_INQ1 'KI201802090002';
2018-02-09 19:33:58 EXEC SPC_GET_TAX_RATE '2018-02-17';
2018-02-09 19:34:05 EXEC SPC_031_PURCHASE_REQUEST_DETAIL_INQ1 'KI201802090032';
2018-02-09 19:34:05 EXEC SPC_GET_TAX_RATE '2018-02-24';
2018-02-09 19:35:11 EXEC SPC_GET_TAX_RATE '';
2018-02-09 19:35:17 EXEC SPC_GET_TAX_RATE '';
2018-02-09 19:35:27 EXEC SPC_031_PURCHASE_REQUEST_DETAIL_INQ1 'KI201802090021';
2018-02-09 19:35:27 EXEC SPC_GET_TAX_RATE '2018-02-17';
2018-02-09 19:36:25 EXEC SPC_GET_TAX_RATE '';
2018-02-09 19:36:33 EXEC SPC_031_PURCHASE_REQUEST_DETAIL_INQ1 'KI201802090032';
2018-02-09 19:36:33 EXEC SPC_GET_TAX_RATE '2018-02-24';
2018-02-09 19:37:30 EXEC SPC_GET_TAX_RATE '';
2018-02-09 19:38:41 EXEC SPC_073_LOGIN_ACT1 '001','123456';
2018-02-09 19:38:41 EXEC SPC_GET_CONSTANT '';
2018-02-09 19:38:49 EXEC SPC_GET_TAX_RATE '';
2018-02-09 19:39:00 EXEC SPC_031_PURCHASE_REQUEST_DETAIL_INQ1 'KI201802090004';
2018-02-09 19:39:00 EXEC SPC_GET_TAX_RATE '2018-02-17';
2018-02-09 19:39:03 EXEC SPC_031_PURCHASE_REQUEST_DETAIL_ACT1 'U','KI201802090004','','2018-02-17','001','111','111','2018-02-24','111','[{"buy_detail_no":"1","parts_cd":"000121","buy_qty":"10","buy_unit_price":"10","buy_detail_amt":"10","buy_detail_tax":"0","detail_remarks":"1"}]','0','0','0','001','031_purchase_request-detail','192.168.5.206';
2018-02-09 19:39:04 EXEC SPC_031_PURCHASE_REQUEST_DETAIL_INQ1 'KI201802090004';
2018-02-09 19:39:04 EXEC SPC_GET_TAX_RATE '2018-02-17';
2018-02-09 19:41:45 EXEC SPC_069_COMPONENT_MASTER_SEARCH_FND1 '','','','1','10';
