2018-02-26 10:29:42 EXEC SPC_GET_TAX_RATE '2018/02/26';
2018-02-26 10:32:18 EXEC SPC_073_LOGIN_ACT1 '001','123456';
2018-02-26 10:32:18 EXEC SPC_GET_CONSTANT '';
2018-02-26 11:38:01 EXEC SPC_COM_GET_COMBOBOX 'buy_status_div';
2018-02-26 11:39:00 EXEC SPC_032_PURCHASE_REQUEST_SEARCH_FND1 '','','','','','','','1','10';
2018-02-26 11:39:03 EXEC SPC_032_PURCHASE_REQUEST_SEARCH_FND1 '','','','','','','10','1','10';
2018-02-26 11:39:06 EXEC SPC_032_PURCHASE_REQUEST_SEARCH_FND1 '','','','','','','20','1','10';
2018-02-26 11:40:58 EXEC SPC_032_PURCHASE_REQUEST_SEARCH_FND1 '','','','','','','','1','10';
2018-02-26 11:41:09 EXEC SPC_COM_GET_COMBOBOX 'buy_status_div';
2018-02-26 11:45:13 EXEC SPC_032_PURCHASE_REQUEST_SEARCH_FND1 '','','','','','','','1','10';
2018-02-26 11:46:17 EXEC SPC_COM_GET_COMBOBOX 'buy_status_div';
2018-02-26 11:46:51 EXEC SPC_032_PURCHASE_REQUEST_SEARCH_FND1 '','','','','','','10','1','10';
2018-02-26 11:47:10 EXEC SPC_COM_GET_COMBOBOX 'buy_status_div';
2018-02-26 11:47:39 EXEC SPC_032_PURCHASE_REQUEST_SEARCH_FND1 '','','','','','','20','1','10';
2018-02-26 11:47:49 EXEC SPC_032_PURCHASE_REQUEST_SEARCH_FND1 '','','','','','','10','1','10';
2018-02-26 11:47:54 EXEC SPC_032_PURCHASE_REQUEST_SEARCH_ACT1 '[{"buy_no":"KI201802230005","buy_status_div":"10"}]','001','032_purchase_request-search','192.168.5.206';
2018-02-26 11:47:55 EXEC SPC_032_PURCHASE_REQUEST_SEARCH_FND1 '','','','','','','10','1','10';
2018-02-26 11:47:58 EXEC SPC_032_PURCHASE_REQUEST_SEARCH_FND1 '','','','','','','20','1','10';
2018-02-26 11:49:09 EXEC SPC_032_PURCHASE_REQUEST_SEARCH_FND1 '','','','','','','','1','10';
2018-02-26 11:49:21 EXEC SPC_COM_GET_COMBOBOX 'buy_status_div';
2018-02-26 11:49:54 EXEC SPC_032_PURCHASE_REQUEST_SEARCH_FND1 '','','KI201802230001','KI201802230004','','','','1','10';
2018-02-26 11:50:20 EXEC SPC_032_PURCHASE_REQUEST_SEARCH_FND1 '','','KI201802230001','','','','','1','10';
2018-02-26 11:50:26 EXEC SPC_032_PURCHASE_REQUEST_SEARCH_FND1 '','','KI201802230001','KI201802230001','','','','1','10';
2018-02-26 11:50:54 EXEC SPC_COM_GET_COMBOBOX 'buy_status_div';
2018-02-26 11:50:57 EXEC SPC_COM_GET_COMBOBOX 'buy_status_div';
2018-02-26 11:51:29 EXEC SPC_032_PURCHASE_REQUEST_SEARCH_FND1 '','','KI201802230001','KI201802230001','','','','1','10';
2018-02-26 11:52:55 EXEC SPC_COM_GET_COMBOBOX 'buy_status_div';
2018-02-26 11:53:08 EXEC SPC_032_PURCHASE_REQUEST_SEARCH_FND1 '2018/02/06','2018/03/08','','','','','','1','10';
2018-02-26 14:58:59 EXEC SPC_GET_TAX_RATE '2018/02/26';
2018-02-26 15:04:55 EXEC SPC_COM_GET_COMBOBOX 'buy_status_div';
2018-02-26 15:04:55 EXEC SPC_032_PURCHASE_REQUEST_SEARCH_FND1 '2018/02/06','2018/03/08','','','','','','1','10';
2018-02-26 15:09:40 EXEC SPC_COM_GET_COMBOBOX 'buy_status_div';
2018-02-26 15:09:42 EXEC SPC_032_PURCHASE_REQUEST_SEARCH_FND1 '','','','','','','','1','10';
2018-02-26 15:13:02 EXEC SPC_032_PURCHASE_REQUEST_SEARCH_ACT1 '[{"buy_no":"KI201802230001","buy_status_div":"10"},{"buy_no":"KI201802230001","buy_status_div":"10"},{"buy_no":"KI201802230002","buy_status_div":"10"}]','','032_purchase_request-search','';
2018-02-26 15:13:09 EXEC SPC_032_PURCHASE_REQUEST_SEARCH_FND1 '','','','','','','','1','10';
2018-02-26 15:16:46 EXEC SPC_032_PURCHASE_REQUEST_SEARCH_FND1 '','','','','','','','1','10';
2018-02-26 15:17:22 EXEC SPC_032_PURCHASE_REQUEST_SEARCH_FND1 '','','','','','','','1','10';
2018-02-26 15:19:54 EXEC SPC_GET_TAX_RATE '2018/02/26';
2018-02-26 15:19:57 EXEC SPC_031_PURCHASE_REQUEST_DETAIL_INQ1 'KI201802230001';
2018-02-26 15:19:57 EXEC SPC_GET_TAX_RATE '2018/02/23';
2018-02-26 15:53:02 EXEC SPC_COM_GET_COMBOBOX 'buy_status_div';
2018-02-26 15:53:02 EXEC SPC_032_PURCHASE_REQUEST_SEARCH_FND1 '','','','','','','','1','10';
2018-02-26 15:53:04 EXEC SPC_032_PURCHASE_REQUEST_SEARCH_FND1 '','','','','','','','1','10';
2018-02-26 15:53:07 EXEC SPC_GET_CONSTANT '';
2018-02-26 15:53:07 EXEC SPC_033_PURCHASE_REQUEST_EXPORT_ACT1 '[{"buy_no":"KI201802230001","buy_status_div":"20"}]','','033_purchase_request_export','';
2018-02-26 15:54:14 EXEC SPC_GET_TAX_RATE '2018/02/26';
2018-02-26 15:54:17 EXEC SPC_COM_GET_COMBOBOX 'buy_status_div';
2018-02-26 15:54:18 EXEC SPC_032_PURCHASE_REQUEST_SEARCH_FND1 '','','','','','','','1','10';
2018-02-26 15:54:23 EXEC SPC_GET_TAX_RATE '2018/02/26';
2018-02-26 15:55:49 EXEC SPC_COM_GET_COMBOBOX 'buy_status_div';
2018-02-26 15:55:51 EXEC SPC_032_PURCHASE_REQUEST_SEARCH_FND1 '','','','','','','','1','10';
2018-02-26 15:55:53 EXEC SPC_031_PURCHASE_REQUEST_DETAIL_INQ1 'KI201802230005';
2018-02-26 15:55:53 EXEC SPC_GET_TAX_RATE '2018/02/23';
2018-02-26 16:00:41 EXEC SPC_COM_GET_COMBOBOX 'buy_status_div';
2018-02-26 16:02:04 EXEC SPC_032_PURCHASE_REQUEST_SEARCH_FND1 '','','','','','','','1','10';
2018-02-26 16:02:06 EXEC SPC_GET_CONSTANT '';
2018-02-26 16:02:06 EXEC SPC_033_PURCHASE_REQUEST_EXPORT_ACT1 '[{"buy_no":"KI201802230001","buy_status_div":"20"}]','','033_purchase_request_export','';
2018-02-26 16:02:16 EXEC SPC_GET_CONSTANT '';
2018-02-26 16:02:16 EXEC SPC_033_PURCHASE_REQUEST_EXPORT_ACT1 '[{"buy_no":"KI201802230001","buy_status_div":"20"}]','','033_purchase_request_export','';
2018-02-26 16:02:54 EXEC SPC_GET_CONSTANT '';
2018-02-26 16:02:54 EXEC SPC_033_PURCHASE_REQUEST_EXPORT_ACT1 '[{"buy_no":"KI201802230001","buy_status_div":"20"}]','','033_purchase_request_export','';
2018-02-26 16:04:43 EXEC SPC_032_PURCHASE_REQUEST_SEARCH_FND1 '','','','','','','','1','10';
2018-02-26 16:05:03 EXEC SPC_GET_CONSTANT '';
2018-02-26 16:05:03 EXEC SPC_033_PURCHASE_REQUEST_EXPORT_ACT1 '[{"buy_no":"KI201802230001","buy_status_div":"20"}]','','033_purchase_request_export','';
2018-02-26 16:05:59 EXEC SPC_GET_CONSTANT '';
2018-02-26 16:05:59 EXEC SPC_033_PURCHASE_REQUEST_EXPORT_ACT1 '[{"buy_no":"KI201802230001","buy_status_div":"20"}]','','033_purchase_request_export','';
2018-02-26 16:06:18 EXEC SPC_GET_CONSTANT '';
2018-02-26 16:06:18 EXEC SPC_033_PURCHASE_REQUEST_EXPORT_ACT1 '[{"buy_no":"KI201802230001","buy_status_div":"20"},{"buy_no":"KI201802230001","buy_status_div":"20"},{"buy_no":"KI201802230002","buy_status_div":"20"}]','','033_purchase_request_export','';
2018-02-26 16:43:36 EXEC SPC_GET_CONSTANT '';
2018-02-26 16:43:36 EXEC SPC_033_PURCHASE_REQUEST_EXPORT_ACT1 '[{"buy_no":"KI201802230001","buy_status_div":"20"},{"buy_no":"KI201802230001","buy_status_div":"20"},{"buy_no":"KI201802230002","buy_status_div":"20"}]','','033_purchase_request_export','';
2018-02-26 16:45:20 EXEC SPC_GET_CONSTANT '';
2018-02-26 16:45:20 EXEC SPC_033_PURCHASE_REQUEST_EXPORT_ACT1 '[{"buy_no":"KI201802230001","buy_status_div":"20"},{"buy_no":"KI201802230001","buy_status_div":"20"},{"buy_no":"KI201802230002","buy_status_div":"20"}]','','033_purchase_request_export','';
2018-02-26 16:49:34 EXEC SPC_GET_CONSTANT '';
2018-02-26 16:49:34 EXEC SPC_033_PURCHASE_REQUEST_EXPORT_ACT1 '[{"buy_no":"KI201802230001","buy_status_div":"20"},{"buy_no":"KI201802230001","buy_status_div":"20"},{"buy_no":"KI201802230002","buy_status_div":"20"}]','','033_purchase_request_export','';
2018-02-26 16:49:46 EXEC SPC_GET_CONSTANT '';
2018-02-26 16:49:46 EXEC SPC_033_PURCHASE_REQUEST_EXPORT_ACT1 '[{"buy_no":"KI201802230001","buy_status_div":"20"},{"buy_no":"KI201802230001","buy_status_div":"20"},{"buy_no":"KI201802230002","buy_status_div":"20"}]','','033_purchase_request_export','';
2018-02-26 16:57:09 EXEC SPC_032_PURCHASE_REQUEST_SEARCH_FND1 '','','','','','','','1','10';
2018-02-26 17:01:31 EXEC SPC_032_PURCHASE_REQUEST_SEARCH_FND1 '','','','','','','','1','10';
2018-02-26 17:02:47 EXEC SPC_GET_CONSTANT '';
2018-02-26 17:02:47 EXEC SPC_033_PURCHASE_REQUEST_EXPORT_ACT1 '[{"buy_no":"KI201802230001","buy_status_div":"20"},{"buy_no":"KI201802230001","buy_status_div":"20"},{"buy_no":"KI201802230002","buy_status_div":"20"}]','','033_purchase_request_export','';
2018-02-26 17:03:00 EXEC SPC_GET_CONSTANT '';
2018-02-26 17:03:00 EXEC SPC_033_PURCHASE_REQUEST_EXPORT_ACT1 '[{"buy_no":"KI201802230001","buy_status_div":"20"},{"buy_no":"KI201802230001","buy_status_div":"20"},{"buy_no":"KI201802230002","buy_status_div":"20"}]','','033_purchase_request_export','';
2018-02-26 17:03:15 EXEC SPC_GET_CONSTANT '';
2018-02-26 17:03:15 EXEC SPC_033_PURCHASE_REQUEST_EXPORT_ACT1 '[{"buy_no":"KI201802230001","buy_status_div":"20"},{"buy_no":"KI201802230001","buy_status_div":"20"},{"buy_no":"KI201802230002","buy_status_div":"20"}]','','033_purchase_request_export','';
2018-02-26 17:12:59 EXEC SPC_GET_CONSTANT '';
2018-02-26 17:12:59 EXEC SPC_033_PURCHASE_REQUEST_EXPORT_ACT1 '[{"buy_no":"KI201802230001","buy_status_div":"20"},{"buy_no":"KI201802230001","buy_status_div":"20"},{"buy_no":"KI201802230002","buy_status_div":"20"}]','','033_purchase_request_export','';
2018-02-26 17:32:04 EXEC SPC_GET_CONSTANT '';
2018-02-26 17:32:04 EXEC SPC_033_PURCHASE_REQUEST_EXPORT_ACT1 '[{"buy_no":"KI201802230001","buy_status_div":"20"},{"buy_no":"KI201802230001","buy_status_div":"20"},{"buy_no":"KI201802230002","buy_status_div":"20"}]','','033_purchase_request_export','';
2018-02-26 17:36:23 EXEC SPC_GET_CONSTANT '';
2018-02-26 17:36:23 EXEC SPC_033_PURCHASE_REQUEST_EXPORT_ACT1 '[{"buy_no":"KI201802230001","buy_status_div":"20"},{"buy_no":"KI201802230001","buy_status_div":"20"},{"buy_no":"KI201802230002","buy_status_div":"20"}]','','033_purchase_request_export','';
2018-02-26 17:43:14 EXEC SPC_GET_CONSTANT '';
2018-02-26 17:43:14 EXEC SPC_033_PURCHASE_REQUEST_EXPORT_ACT1 '[{"buy_no":"KI201802230001","buy_status_div":"20"},{"buy_no":"KI201802230001","buy_status_div":"20"},{"buy_no":"KI201802230002","buy_status_div":"20"}]','','033_purchase_request_export','';
2018-02-26 17:43:39 EXEC SPC_GET_CONSTANT '';
2018-02-26 17:43:39 EXEC SPC_033_PURCHASE_REQUEST_EXPORT_ACT1 '[{"buy_no":"KI201802230001","buy_status_div":"20"},{"buy_no":"KI201802230001","buy_status_div":"20"},{"buy_no":"KI201802230002","buy_status_div":"20"}]','','033_purchase_request_export','';
2018-02-26 17:43:55 EXEC SPC_GET_CONSTANT '';
2018-02-26 17:43:55 EXEC SPC_033_PURCHASE_REQUEST_EXPORT_ACT1 '[{"buy_no":"KI201802230001","buy_status_div":"20"},{"buy_no":"KI201802230001","buy_status_div":"20"},{"buy_no":"KI201802230002","buy_status_div":"20"}]','','033_purchase_request_export','';
2018-02-26 17:44:48 EXEC SPC_032_PURCHASE_REQUEST_SEARCH_FND1 '','','','','','','','1','10';
2018-02-26 17:46:10 EXEC SPC_GET_CONSTANT '';
2018-02-26 17:46:10 EXEC SPC_033_PURCHASE_REQUEST_EXPORT_ACT1 '[{"buy_no":"KI201802230001","buy_status_div":"20"}]','','033_purchase_request_export','';
2018-02-26 17:46:36 EXEC SPC_032_PURCHASE_REQUEST_SEARCH_FND1 '','','','','','','','1','10';
2018-02-26 17:46:58 EXEC SPC_032_PURCHASE_REQUEST_SEARCH_FND1 '','','','','','','','2','10';
2018-02-26 17:47:01 EXEC SPC_032_PURCHASE_REQUEST_SEARCH_FND1 '','','','','','','','2','10';
2018-02-26 17:47:27 EXEC SPC_COM_GET_COMBOBOX 'pi_status_div';
2018-02-26 17:47:48 EXEC SPC_COM_GET_COMBOBOX 'in_out_div';
2018-02-26 17:47:50 EXEC SPC_049_INPUT_OUTPUT_FND1 '','','','','','','','1','10';
2018-02-26 17:47:50 EXEC SPC_COM_GET_COMBOBOX 'in_out_data_div';
2018-02-26 17:47:51 EXEC SPC_049_INPUT_OUTPUT_FND1 '','','','','','','','1','10';
2018-02-26 17:48:04 EXEC SPC_COM_GET_COMBOBOX 'in_out_div';
2018-02-26 17:48:09 EXEC SPC_COM_GET_COMBOBOX 'in_out_data_div';
2018-02-26 17:48:09 EXEC SPC_COM_GET_COMBOBOX 'in_out_div';
2018-02-26 17:48:10 EXEC SPC_049_INPUT_OUTPUT_FND1 '','','','','','','','1','10';
2018-02-26 17:48:10 EXEC SPC_049_INPUT_OUTPUT_FND1 '','','','','','','','1','10';
2018-02-26 17:48:19 EXEC SPC_049_INPUT_OUTPUT_FND1 '','','','','','','','1','10';
2018-02-26 17:48:22 EXEC SPC_049_INPUT_OUTPUT_EXPORT_FND2 '','','','','','','','1','10';
2018-02-26 17:48:43 EXEC SPC_049_INPUT_OUTPUT_FND1 '','','','','','','','2','10';
2018-02-26 17:48:45 EXEC SPC_049_INPUT_OUTPUT_FND1 '','','','','','','','3','10';
2018-02-26 18:06:14 EXEC SPC_049_INPUT_OUTPUT_FND1 '','','','','','','','1','10';
2018-02-26 18:06:21 EXEC SPC_COM_GET_COMBOBOX 'buy_status_div';
2018-02-26 18:06:33 EXEC SPC_COM_GET_COMBOBOX 'buy_status_div';
2018-02-26 18:09:33 EXEC SPC_032_PURCHASE_REQUEST_SEARCH_FND1 '','','','','','','','1','10';
2018-02-26 18:09:36 EXEC SPC_032_PURCHASE_REQUEST_SEARCH_INQ1 '','','','','','','';
2018-02-26 18:09:50 EXEC SPC_032_PURCHASE_REQUEST_SEARCH_FND1 '','','','','','','','4','10';
2018-02-26 19:01:11 EXEC SPC_GET_TAX_RATE '2018/02/26';
2018-02-26 19:01:16 EXEC SPC_COM_GET_COMBOBOX 'buy_status_div';
2018-02-26 19:01:17 EXEC SPC_032_PURCHASE_REQUEST_SEARCH_FND1 '','','','','','','','4','10';
2018-02-26 19:01:22 EXEC SPC_GET_TAX_RATE '2018/02/26';
2018-02-26 19:01:22 EXEC SPC_031_PURCHASE_REQUEST_DETAIL_INQ1 'KI201802230016';
2018-02-26 19:01:23 EXEC SPC_GET_TAX_RATE '2018/02/23';
2018-02-26 19:01:25 EXEC SPC_COM_GET_COMBOBOX 'buy_status_div';
2018-02-26 19:01:26 EXEC SPC_032_PURCHASE_REQUEST_SEARCH_FND1 '','','','','','','','4','10';
2018-02-26 19:01:29 EXEC SPC_GET_TAX_RATE '2018/02/26';
2018-02-26 19:01:29 EXEC SPC_031_PURCHASE_REQUEST_DETAIL_INQ1 'KI201802230014';
2018-02-26 19:01:30 EXEC SPC_GET_TAX_RATE '2018/02/23';
2018-02-26 19:33:18 EXEC SPC_COM_GET_COMBOBOX 'buy_status_div';
2018-02-26 19:33:19 EXEC SPC_032_PURCHASE_REQUEST_SEARCH_FND1 '','','','','','','','4','10';
2018-02-26 19:33:24 EXEC SPC_GET_CONSTANT '';
2018-02-26 19:33:35 EXEC SPC_GET_CONSTANT '';
2018-02-26 19:34:16 EXEC SPC_COM_GET_COMBOBOX 'buy_status_div';
2018-02-26 19:34:20 EXEC SPC_032_PURCHASE_REQUEST_SEARCH_FND1 '','','','','','','','1','10';
2018-02-26 19:34:25 EXEC SPC_GET_CONSTANT '';
2018-02-26 19:34:54 EXEC SPC_COM_GET_COMBOBOX 'buy_status_div';
2018-02-26 19:34:55 EXEC SPC_032_PURCHASE_REQUEST_SEARCH_FND1 '','','','','','','','1','10';
2018-02-26 19:34:58 EXEC SPC_032_PURCHASE_REQUEST_SEARCH_FND1 '','','','','','','','1','10';
2018-02-26 19:35:05 EXEC SPC_GET_CONSTANT '';
2018-02-26 19:37:07 EXEC SPC_COM_GET_COMBOBOX 'buy_status_div';
2018-02-26 19:37:16 EXEC SPC_032_PURCHASE_REQUEST_SEARCH_FND1 '','','','','','','','1','10';
2018-02-26 19:37:20 EXEC SPC_GET_CONSTANT '';
