2018-06-11 10:47:27 EXEC SPC_073_LOGIN_ACT1 '001','123456';
2018-06-11 10:47:28 EXEC SPC_GET_CONSTANT '';
2018-06-11 10:47:28 EXEC SPC_GET_CONSTANT '';
2018-06-11 10:48:44 EXEC SPC_GET_PERMISSION_AUTH '999','pi-search','view';
2018-06-11 10:48:44 EXEC SPC_COM_GET_COMBOBOX 'pi_status_div';
2018-06-11 10:48:49 EXEC SPC_GET_PERMISSION_AUTH '999','pi-search','search';
2018-06-11 10:48:50 EXEC SPC_002_PI_SEARCH_FND1 '','','','','','','','','1','10';
2018-06-11 10:48:56 EXEC SPC_GET_PERMISSION_AUTH '999','pi-search','search';
2018-06-11 10:48:56 EXEC SPC_002_PI_SEARCH_FND1 '','','','','','','','20','1','10';
2018-06-11 10:49:02 EXEC SPC_GET_PERMISSION_AUTH '999','pi-detail','view';
2018-06-11 10:49:02 EXEC SPC_COM_GET_COMBOBOX 'port_country_div';
2018-06-11 10:49:02 EXEC SPC_COM_GET_COMBOBOX 'port_city_div';
2018-06-11 10:49:02 EXEC SPC_COM_GET_COMBOBOX 'shipment_div';
2018-06-11 10:49:02 EXEC SPC_COM_GET_COMBOBOX 'currency_div';
2018-06-11 10:49:02 EXEC SPC_COM_GET_COMBOBOX 'trade_terms_div';
2018-06-11 10:49:02 EXEC SPC_COM_GET_COMBOBOX 'payment_conditions_div';
2018-06-11 10:49:02 EXEC SPC_COM_GET_COMBOBOX 'unit_q_div';
2018-06-11 10:49:02 EXEC SPC_COM_GET_COMBOBOX 'unit_w_div';
2018-06-11 10:49:02 EXEC SPC_COM_GET_COMBOBOX 'unit_m_div';
2018-06-11 10:49:02 EXEC SPC_COM_GET_COMBOBOX 'sales_detail_div';
2018-06-11 10:49:02 EXEC SPC_COM_GET_COMBOBOX 'bank_div';
2018-06-11 10:49:07 EXEC SPC_GET_TAX_RATE '2018/06/11';
2018-06-11 10:49:07 EXEC SPC_GET_PERMISSION_AUTH '999','','view';
2018-06-11 10:49:07 EXEC SPC_COM_GET_COMBOBOX 'unit_q_div';
2018-06-11 10:49:07 EXEC SPC_COM_GET_COMBOBOX 'unit_w_div';
2018-06-11 10:49:07 EXEC SPC_COM_GET_COMBOBOX 'unit_m_div';
2018-06-11 10:49:07 EXEC SPC_COM_GET_COMBOBOX 'sales_detail_div';
2018-06-11 10:49:07 EXEC SPC_001_PI_DETAIL_INQ1 'RT-131001001';
2018-06-11 10:49:09 EXEC SPC_GET_TAX_RATE '2013/10/01';
2018-06-11 10:49:16 EXEC SPC_GET_PERMISSION_AUTH '999','pi-search','print';
2018-06-11 10:49:16 EXEC SPC_GET_CONSTANT '';
2018-06-11 10:49:17 EXEC SPC_003_PI_EXCEL_ACT1 '{"pi_no":"RT-131001001","pi_status_div":"20"}','001','003_pi-excel','192.168.5.206';
2018-06-11 11:15:36 EXEC SPC_GET_PERMISSION_AUTH '999','input-output-detail','view';
2018-06-11 11:15:36 EXEC SPC_COM_GET_COMBOBOX 'in_out_div';
2018-06-11 11:15:36 EXEC SPC_COM_GET_COMBOBOX 'in_out_data_div';
2018-06-11 11:15:37 EXEC SPC_GET_PERMISSION_AUTH '999','input-output-detail','view';
2018-06-11 11:15:37 EXEC SPC_COM_GET_COMBOBOX 'in_out_div';
2018-06-11 11:15:37 EXEC SPC_COM_GET_COMBOBOX 'in_out_data_div';
2018-06-11 11:32:35 EXEC SPC_GET_PERMISSION_AUTH '999','popup-input-output-search','view';
2018-06-11 11:32:35 EXEC SPC_COM_GET_COMBOBOX 'in_out_div';
2018-06-11 11:32:35 EXEC SPC_COM_GET_COMBOBOX 'in_out_data_div';
2018-06-11 11:33:54 EXEC SPC_GET_PERMISSION_AUTH '999','input-output-search','view';
2018-06-11 11:33:54 EXEC SPC_COM_GET_COMBOBOX 'in_out_div';
2018-06-11 11:33:54 EXEC SPC_COM_GET_COMBOBOX 'in_out_data_div';
2018-06-11 11:34:14 EXEC SPC_GET_PERMISSION_AUTH '999','input-output-detail','view';
2018-06-11 11:34:14 EXEC SPC_COM_GET_COMBOBOX 'in_out_div';
2018-06-11 11:34:14 EXEC SPC_COM_GET_COMBOBOX 'in_out_data_div';
2018-06-11 11:34:36 EXEC SPC_GET_PERMISSION_AUTH '999','popup-warehouse-search','view';
2018-06-11 11:34:46 EXEC SPC_GET_PERMISSION_AUTH '999','popup-warehouse-search','search';
2018-06-11 11:34:46 EXEC SPC_WAREHOUSE_SEARCH '','','1','10';
2018-06-11 11:35:45 EXEC SPC_GET_PERMISSION_AUTH '999','popup-component-product-search','view';
2018-06-11 11:35:55 EXEC SPC_GET_PERMISSION_AUTH '999','popup-component-product-search','search';
2018-06-11 11:35:55 EXEC SPC_COMPONENT_PRODUCT_FND '','','','','1','10';
2018-06-11 11:35:57 EXEC SPC_GET_PERMISSION_AUTH '999','','view';
2018-06-11 11:35:57 EXEC SPC_048_INPUT_OUTPUT_DETAIL_INQ2 '000001';
2018-06-11 11:36:08 EXEC SPC_GET_PERMISSION_AUTH '999','popup-component-product-search','view';
2018-06-11 11:36:10 EXEC SPC_GET_PERMISSION_AUTH '999','popup-component-product-search','search';
2018-06-11 11:36:10 EXEC SPC_COMPONENT_PRODUCT_FND '','','','','1','10';
2018-06-11 11:36:13 EXEC SPC_GET_PERMISSION_AUTH '999','popup-component-product-search','search';
2018-06-11 11:36:13 EXEC SPC_COMPONENT_PRODUCT_FND '','','','1','1','10';
2018-06-11 11:36:15 EXEC SPC_GET_PERMISSION_AUTH '999','','view';
2018-06-11 11:36:15 EXEC SPC_048_INPUT_OUTPUT_DETAIL_INQ2 '000003';
2018-06-11 11:36:32 EXEC SPC_GET_PERMISSION_AUTH '999','popup-component-product-search','view';
2018-06-11 11:36:37 EXEC SPC_GET_PERMISSION_AUTH '999','popup-component-product-search','search';
2018-06-11 11:36:37 EXEC SPC_COMPONENT_PRODUCT_FND '','','1','','1','10';
2018-06-11 11:36:41 EXEC SPC_GET_PERMISSION_AUTH '999','','view';
2018-06-11 11:36:41 EXEC SPC_048_INPUT_OUTPUT_DETAIL_INQ2 '0003';
2018-06-11 11:36:44 EXEC SPC_GET_PERMISSION_AUTH '999','','view';
2018-06-11 11:36:44 EXEC SPC_048_INPUT_OUTPUT_DETAIL_ACT2 '{"t_in_out_d":[{"in_out_detail_no":"1","item_cd":"0003","serial_no":"","in_out_qty":"1","detail_remarks":""}]}';
2018-06-11 11:36:45 EXEC SPC_GET_PERMISSION_AUTH '999','input-output-detail','save';
2018-06-11 11:36:45 EXEC SPC_048_INPUT_OUTPUT_DETAIL_ACT1 'I','','5','2018/06/11','00','so0002','','[{"in_out_detail_no":"1","item_cd":"0003","serial_no":"","in_out_qty":"1","detail_remarks":""}]','001','048_input_output_detail','192.168.5.206';
2018-06-11 11:36:46 EXEC SPC_GET_PERMISSION_AUTH '999','','view';
2018-06-11 11:36:46 EXEC SPC_048_INPUT_OUTPUT_DETAIL_INQ1 'SY201806110003';
2018-06-11 11:36:52 EXEC SPC_GET_PERMISSION_AUTH '999','input-output-detail','view';
2018-06-11 11:36:52 EXEC SPC_COM_GET_COMBOBOX 'in_out_div';
2018-06-11 11:36:52 EXEC SPC_COM_GET_COMBOBOX 'in_out_data_div';
2018-06-11 11:37:17 EXEC SPC_GET_PERMISSION_AUTH '999','popup-warehouse-search','view';
2018-06-11 11:37:20 EXEC SPC_GET_PERMISSION_AUTH '999','popup-warehouse-search','search';
2018-06-11 11:37:20 EXEC SPC_WAREHOUSE_SEARCH '','','1','10';
2018-06-11 11:37:28 EXEC SPC_GET_LIB_WAREHOUSE '90';
2018-06-11 11:37:32 EXEC SPC_GET_PERMISSION_AUTH '999','','view';
2018-06-11 11:37:32 EXEC SPC_048_INPUT_OUTPUT_DETAIL_INQ2 '002';
2018-06-11 11:37:44 EXEC SPC_GET_PERMISSION_AUTH '999','','view';
2018-06-11 11:37:44 EXEC SPC_048_INPUT_OUTPUT_DETAIL_INQ2 '003';
2018-06-11 11:37:47 EXEC SPC_GET_PERMISSION_AUTH '999','','view';
2018-06-11 11:37:47 EXEC SPC_048_INPUT_OUTPUT_DETAIL_ACT2 '{"t_in_out_d":[{"in_out_detail_no":"1","item_cd":"003","serial_no":"","in_out_qty":"3","detail_remarks":""}]}';
2018-06-11 11:37:49 EXEC SPC_GET_PERMISSION_AUTH '999','input-output-detail','save';
2018-06-11 11:37:49 EXEC SPC_048_INPUT_OUTPUT_DETAIL_ACT1 'I','','5','2018/06/11','00','90','','[{"in_out_detail_no":"1","item_cd":"003","serial_no":"","in_out_qty":"3","detail_remarks":""}]','001','048_input_output_detail','192.168.5.206';
2018-06-11 11:37:50 EXEC SPC_GET_PERMISSION_AUTH '999','','view';
2018-06-11 11:37:51 EXEC SPC_048_INPUT_OUTPUT_DETAIL_INQ1 'SY201806110004';
2018-06-11 11:37:59 EXEC SPC_GET_PERMISSION_AUTH '999','','view';
2018-06-11 11:37:59 EXEC SPC_048_INPUT_OUTPUT_DETAIL_INQ1 'SY201806110005';
2018-06-11 11:38:32 EXEC SPC_GET_PERMISSION_AUTH '999','','view';
2018-06-11 11:38:32 EXEC SPC_048_INPUT_OUTPUT_DETAIL_INQ1 'SY201806110006';
2018-06-11 11:38:35 EXEC SPC_GET_PERMISSION_AUTH '999','popup-input-output-search','view';
2018-06-11 11:38:35 EXEC SPC_COM_GET_COMBOBOX 'in_out_div';
2018-06-11 11:38:35 EXEC SPC_COM_GET_COMBOBOX 'in_out_data_div';
2018-06-11 11:38:40 EXEC SPC_GET_PERMISSION_AUTH '999','popup-input-output-search','search';
2018-06-11 11:38:40 EXEC SPC_049_INPUT_OUTPUT_FND1 '','','','','','','','1','10';
2018-06-11 11:38:43 EXEC SPC_GET_PERMISSION_AUTH '999','','view';
2018-06-11 11:38:43 EXEC SPC_048_INPUT_OUTPUT_DETAIL_INQ1 'NY201804230001';
2018-06-11 11:38:50 EXEC SPC_GET_PERMISSION_AUTH '999','popup-input-output-search','view';
2018-06-11 11:38:50 EXEC SPC_COM_GET_COMBOBOX 'in_out_div';
2018-06-11 11:38:50 EXEC SPC_COM_GET_COMBOBOX 'in_out_data_div';
2018-06-11 11:38:57 EXEC SPC_GET_PERMISSION_AUTH '999','popup-input-output-search','search';
2018-06-11 11:38:57 EXEC SPC_049_INPUT_OUTPUT_FND1 '','','','','','','','1','10';
2018-06-11 11:39:00 EXEC SPC_GET_PERMISSION_AUTH '999','','view';
2018-06-11 11:39:00 EXEC SPC_048_INPUT_OUTPUT_DETAIL_INQ1 'NY201804230001';
2018-06-11 11:39:03 EXEC SPC_GET_PERMISSION_AUTH '999','popup-input-output-search','view';
2018-06-11 11:39:03 EXEC SPC_COM_GET_COMBOBOX 'in_out_div';
2018-06-11 11:39:03 EXEC SPC_COM_GET_COMBOBOX 'in_out_data_div';
2018-06-11 11:39:05 EXEC SPC_GET_PERMISSION_AUTH '999','popup-input-output-search','search';
2018-06-11 11:39:05 EXEC SPC_049_INPUT_OUTPUT_FND1 '','','','','','','','1','10';
2018-06-11 11:39:08 EXEC SPC_GET_PERMISSION_AUTH '999','popup-input-output-search','search';
2018-06-11 11:39:08 EXEC SPC_049_INPUT_OUTPUT_FND1 '','','','','','','','30','10';
2018-06-11 11:39:09 EXEC SPC_GET_PERMISSION_AUTH '999','','view';
2018-06-11 11:39:09 EXEC SPC_048_INPUT_OUTPUT_DETAIL_INQ1 'SY201805290014';
2018-06-11 11:39:12 EXEC SPC_GET_PERMISSION_AUTH '999','input-output-detail','save';
2018-06-11 11:39:12 EXEC SPC_048_INPUT_OUTPUT_DETAIL_ACT1 'U','SY201805290014','5','2018/05/29','00','so0002','備考','[{"in_out_detail_no":"1","item_cd":"000005","serial_no":"","in_out_qty":"25","detail_remarks":"H1"},{"in_out_detail_no":"2","item_cd":"000011","serial_no":"3333","in_out_qty":"1","detail_remarks":""}]','001','048_input_output_detail','192.168.5.206';
2018-06-11 11:39:14 EXEC SPC_GET_PERMISSION_AUTH '999','','view';
2018-06-11 11:39:14 EXEC SPC_048_INPUT_OUTPUT_DETAIL_INQ1 'SY201805290014';
2018-06-11 17:34:44 EXEC SPC_073_LOGIN_ACT1 '001','123456';
2018-06-11 17:34:45 EXEC SPC_GET_CONSTANT '';
2018-06-11 17:34:54 EXEC SPC_GET_PERMISSION_AUTH '999','manufacturing-instruction-search','view';
2018-06-11 17:34:54 EXEC SPC_COM_GET_COMBOBOX 'outsourcing_div';
2018-06-11 17:34:54 EXEC SPC_COM_GET_COMBOBOX 'production_status_div';
2018-06-11 17:34:54 EXEC SPC_COM_GET_COMBOBOX 'done_div';
2018-06-11 17:34:58 EXEC SPC_GET_PERMISSION_AUTH '999','manufacturing-instruction-search','search';
2018-06-11 17:34:58 EXEC SPC_027_MANUFACTURING_INSTRUCTION_SEARCH_FND1 '','','','','','','','','','','1','10';
2018-06-11 17:35:07 EXEC SPC_GET_PERMISSION_AUTH '999','manufacturing-instruction-search','save';
2018-06-11 17:35:07 EXEC SPC_027_MANUFACTURING_INSTRUCTION_SEARCH_ACT1 '[{"manufacture_no":"20180001"}]','001','027_manufacturing-instruction-search','192.168.5.206';
2018-06-11 17:35:13 EXEC SPC_GET_PERMISSION_AUTH '999','manufacturing-instruction-search','search';
2018-06-11 17:35:13 EXEC SPC_027_MANUFACTURING_INSTRUCTION_SEARCH_FND1 '','','','','','','','','','0','1','10';
2018-06-11 17:35:17 EXEC SPC_GET_PERMISSION_AUTH '999','manufacturing-instruction-search','save';
2018-06-11 17:35:17 EXEC SPC_027_MANUFACTURING_INSTRUCTION_SEARCH_ACT1 '[{"manufacture_no":"20180009"}]','001','027_manufacturing-instruction-search','192.168.5.206';
2018-06-11 17:35:18 EXEC SPC_GET_PERMISSION_AUTH '999','manufacturing-instruction-search','search';
2018-06-11 17:35:19 EXEC SPC_027_MANUFACTURING_INSTRUCTION_SEARCH_FND1 '','','','','','','','','','0','1','10';
