2018-04-27 10:25:05 EXEC SPC_COM_GET_COMBOBOX 'port_city_div';
2018-04-27 10:25:05 EXEC SPC_COM_GET_COMBOBOX 'trade_terms_div';
2018-04-27 10:25:05 EXEC SPC_COM_GET_COMBOBOX 'payment_conditions_div';
2018-04-27 10:25:05 EXEC SPC_COM_GET_COMBOBOX 'currency_div';
2018-04-27 10:25:05 EXEC SPC_COM_GET_COMBOBOX 'shipment_div';
2018-04-27 10:25:05 EXEC SPC_COM_GET_COMBOBOX 'port_country_div';
2018-04-27 10:25:05 EXEC SPC_COM_GET_COMBOBOX 'sales_detail_div';
2018-04-27 10:25:05 EXEC SPC_COM_GET_COMBOBOX 'unit_m_div';
2018-04-27 10:25:06 EXEC SPC_COM_GET_COMBOBOX 'unit_q_div';
2018-04-27 10:25:06 EXEC SPC_COM_GET_COMBOBOX 'unit_w_div';
2018-04-27 10:25:06 EXEC SPC_COM_GET_COMBOBOX 'storage_manager_div';
2018-04-27 10:25:06 EXEC SPC_GET_TAX_RATE '2018/04/26';
2018-04-27 10:25:06 EXEC SPC_014_INVOICE_DETAIL_INQ1 'E-180426003';
2018-04-27 10:25:09 EXEC SPC_GET_TAX_RATE '2018/04/26';
2018-04-27 10:25:09 EXEC SPC_COM_GET_COMBOBOX 'unit_w_div';
2018-04-27 10:25:09 EXEC SPC_COM_GET_COMBOBOX 'sales_detail_div';
2018-04-27 10:25:09 EXEC SPC_COM_GET_COMBOBOX 'unit_q_div';
2018-04-27 10:25:09 EXEC SPC_COM_GET_COMBOBOX 'unit_m_div';
2018-04-27 10:26:40 EXEC SPC_COM_GET_COMBOBOX 'port_country_div';
2018-04-27 10:26:40 EXEC SPC_COM_GET_COMBOBOX 'currency_div';
2018-04-27 10:26:41 EXEC SPC_COM_GET_COMBOBOX 'trade_terms_div';
2018-04-27 10:26:41 EXEC SPC_COM_GET_COMBOBOX 'port_city_div';
2018-04-27 10:26:41 EXEC SPC_COM_GET_COMBOBOX 'shipment_div';
2018-04-27 10:26:41 EXEC SPC_COM_GET_COMBOBOX 'payment_conditions_div';
2018-04-27 10:26:42 EXEC SPC_COM_GET_COMBOBOX 'sales_detail_div';
2018-04-27 10:26:42 EXEC SPC_COM_GET_COMBOBOX 'unit_q_div';
2018-04-27 10:26:42 EXEC SPC_COM_GET_COMBOBOX 'unit_m_div';
2018-04-27 10:26:42 EXEC SPC_COM_GET_COMBOBOX 'unit_w_div';
2018-04-27 10:26:42 EXEC SPC_COM_GET_COMBOBOX 'storage_manager_div';
2018-04-27 10:26:42 EXEC SPC_GET_TAX_RATE '2018/04/27';
2018-04-27 10:28:16 EXEC SPC_073_LOGIN_ACT1 '001','123456';
2018-04-27 10:28:16 EXEC SPC_GET_CONSTANT '';
2018-04-27 10:28:54 EXEC SPC_COM_GET_COMBOBOX 'inv_data_div';
2018-04-27 10:33:53 EXEC SPC_COM_GET_COMBOBOX 'port_city_div';
2018-04-27 10:33:54 EXEC SPC_COM_GET_COMBOBOX 'sales_detail_div';
2018-04-27 10:33:54 EXEC SPC_COM_GET_COMBOBOX 'unit_q_div';
2018-04-27 10:33:55 EXEC SPC_COM_GET_COMBOBOX 'currency_div';
2018-04-27 10:33:55 EXEC SPC_COM_GET_COMBOBOX 'payment_conditions_div';
2018-04-27 10:33:55 EXEC SPC_COM_GET_COMBOBOX 'unit_w_div';
2018-04-27 10:33:55 EXEC SPC_COM_GET_COMBOBOX 'shipment_div';
2018-04-27 10:33:55 EXEC SPC_COM_GET_COMBOBOX 'port_country_div';
2018-04-27 10:33:55 EXEC SPC_COM_GET_COMBOBOX 'trade_terms_div';
2018-04-27 10:33:55 EXEC SPC_COM_GET_COMBOBOX 'unit_m_div';
2018-04-27 10:33:55 EXEC SPC_COM_GET_COMBOBOX 'storage_manager_div';
2018-04-27 10:33:55 EXEC SPC_GET_TAX_RATE '2018/04/27';
2018-04-27 11:21:03 EXEC SPC_COM_GET_COMBOBOX 'production_status_div';
2018-04-27 11:21:04 EXEC SPC_COM_GET_COMBOBOX 'outsourcing_div';
2018-04-27 11:21:04 EXEC SPC_COM_GET_COMBOBOX 'done_div';
2018-04-27 11:21:07 EXEC SPC_027_MANUFACTURING_INSTRUCTION_SEARCH_FND1 '','','','','','','','','','','1','10';
2018-04-27 11:59:53 EXEC SPC_COM_GET_COMBOBOX 'inv_data_div';
2018-04-27 11:59:55 EXEC SPC_015_INVOICE_SEARCH_FND1 '','','','','','','','','1','10';
2018-04-27 12:02:04 EXEC SPC_COM_GET_COMBOBOX 'outsourcing_div';
2018-04-27 12:02:05 EXEC SPC_COM_GET_COMBOBOX 'production_status_div';
2018-04-27 12:02:05 EXEC SPC_COM_GET_COMBOBOX 'done_div';
2018-04-27 12:02:12 EXEC SPC_027_MANUFACTURING_INSTRUCTION_SEARCH_FND1 '','','','','','','','','','','1','10';
2018-04-27 12:23:39 EXEC SPC_027_MANUFACTURING_INSTRUCTION_SEARCH_FND1 '','','','','','','','','','','2','10';
2018-04-27 12:23:50 EXEC SPC_027_MANUFACTURING_INSTRUCTION_SEARCH_FND1 '','','','','','','','','','','3','10';
2018-04-27 12:25:38 EXEC SPC_027_MANUFACTURING_INSTRUCTION_SEARCH_FND1 '','','','','','','','','','','1','50';
2018-04-27 12:25:40 EXEC SPC_027_MANUFACTURING_INSTRUCTION_SEARCH_FND1 '','','','','','','','','','','2','50';
2018-04-27 12:25:42 EXEC SPC_027_MANUFACTURING_INSTRUCTION_SEARCH_FND1 '','','','','','','','','','','1','100';
2018-04-27 12:25:45 EXEC SPC_027_MANUFACTURING_INSTRUCTION_SEARCH_FND1 '','','','','','','','','','','1','10';
2018-04-27 12:25:48 EXEC SPC_027_MANUFACTURING_INSTRUCTION_SEARCH_FND1 '','','','','','','','','','','2','10';
2018-04-27 12:25:49 EXEC SPC_027_MANUFACTURING_INSTRUCTION_SEARCH_FND1 '','','','','','','','','','','3','10';
2018-04-27 12:34:56 EXEC SPC_027_MANUFACTURING_INSTRUCTION_SEARCH_FND1 '','','','','','','','','','','2','10';
2018-04-27 12:34:57 EXEC SPC_027_MANUFACTURING_INSTRUCTION_SEARCH_FND1 '','','','','','','','','','','1','10';
2018-04-27 12:39:56 EXEC SPC_027_MANUFACTURING_INSTRUCTION_SEARCH_FND1 '','','','','','','','','','','1','10';
2018-04-27 13:00:25 EXEC SPC_027_MANUFACTURING_INSTRUCTION_SEARCH_FND1 '','','','','','','','','','','2','10';
2018-04-27 13:00:51 EXEC SPC_027_MANUFACTURING_INSTRUCTION_SEARCH_FND1 '','','','','','','','','','','3','10';
2018-04-27 13:00:55 EXEC SPC_027_MANUFACTURING_INSTRUCTION_SEARCH_FND1 '','','','','','','','','','','13','10';
2018-04-27 13:00:58 EXEC SPC_027_MANUFACTURING_INSTRUCTION_SEARCH_FND1 '','','','','','','','','','','12','10';
2018-04-27 13:01:01 EXEC SPC_027_MANUFACTURING_INSTRUCTION_SEARCH_FND1 '','','','','','','','','','','1','10';
2018-04-27 13:11:00 EXEC SPC_COM_GET_COMBOBOX 'port_city_div';
2018-04-27 13:11:01 EXEC SPC_COM_GET_COMBOBOX 'sales_detail_div';
2018-04-27 13:11:01 EXEC SPC_COM_GET_COMBOBOX 'unit_q_div';
2018-04-27 13:11:02 EXEC SPC_COM_GET_COMBOBOX 'payment_conditions_div';
2018-04-27 13:11:02 EXEC SPC_COM_GET_COMBOBOX 'trade_terms_div';
2018-04-27 13:11:02 EXEC SPC_COM_GET_COMBOBOX 'shipment_div';
2018-04-27 13:11:02 EXEC SPC_COM_GET_COMBOBOX 'port_country_div';
2018-04-27 13:11:02 EXEC SPC_COM_GET_COMBOBOX 'currency_div';
2018-04-27 13:11:02 EXEC SPC_COM_GET_COMBOBOX 'unit_w_div';
2018-04-27 13:11:02 EXEC SPC_GET_TAX_RATE '2018/04/27';
2018-04-27 13:11:02 EXEC SPC_COM_GET_COMBOBOX 'unit_m_div';
2018-04-27 13:11:02 EXEC SPC_COM_GET_COMBOBOX 'storage_manager_div';
2018-04-27 13:11:05 EXEC SPC_COM_GET_COMBOBOX 'fwd_status_div';
2018-04-27 13:11:08 EXEC SPC_011_SHIPMENT_SEARCH_FND1 '','','','','','20','1','10';
2018-04-27 13:11:11 EXEC SPC_011_SHIPMENT_SEARCH_FND1 '','','','','','20','2','10';
2018-04-27 13:11:14 EXEC SPC_011_SHIPMENT_SEARCH_FND1 '','','','','','20','1','10';
2018-04-27 13:11:17 EXEC SPC_014_INVOICE_DETAIL_INQ2 'S-18030024','1';
2018-04-27 13:11:18 EXEC SPC_GET_TAX_RATE '2018/04/27';
2018-04-27 13:11:18 EXEC SPC_COM_GET_COMBOBOX 'unit_w_div';
2018-04-27 13:11:18 EXEC SPC_COM_GET_COMBOBOX 'unit_q_div';
2018-04-27 13:11:18 EXEC SPC_COM_GET_COMBOBOX 'sales_detail_div';
2018-04-27 13:11:18 EXEC SPC_COM_GET_COMBOBOX 'unit_m_div';
2018-04-27 13:13:55 EXEC SPC_COM_GET_COMBOBOX 'shipment_div';
2018-04-27 13:13:55 EXEC SPC_COM_GET_COMBOBOX 'currency_div';
2018-04-27 13:13:55 EXEC SPC_COM_GET_COMBOBOX 'port_country_div';
2018-04-27 13:13:55 EXEC SPC_COM_GET_COMBOBOX 'trade_terms_div';
2018-04-27 13:13:55 EXEC SPC_COM_GET_COMBOBOX 'payment_conditions_div';
2018-04-27 13:13:55 EXEC SPC_COM_GET_COMBOBOX 'port_city_div';
2018-04-27 13:13:56 EXEC SPC_COM_GET_COMBOBOX 'sales_detail_div';
2018-04-27 13:13:56 EXEC SPC_COM_GET_COMBOBOX 'unit_w_div';
2018-04-27 13:13:56 EXEC SPC_GET_TAX_RATE '2018/04/27';
2018-04-27 13:13:56 EXEC SPC_COM_GET_COMBOBOX 'unit_m_div';
2018-04-27 13:13:56 EXEC SPC_COM_GET_COMBOBOX 'storage_manager_div';
2018-04-27 13:13:56 EXEC SPC_COM_GET_COMBOBOX 'unit_q_div';
2018-04-27 13:14:06 EXEC SPC_COM_GET_COMBOBOX 'port_country_div';
2018-04-27 13:14:06 EXEC SPC_COM_GET_COMBOBOX 'port_city_div';
2018-04-27 13:14:06 EXEC SPC_COM_GET_COMBOBOX 'currency_div';
2018-04-27 13:14:06 EXEC SPC_COM_GET_COMBOBOX 'payment_conditions_div';
2018-04-27 13:14:06 EXEC SPC_COM_GET_COMBOBOX 'trade_terms_div';
2018-04-27 13:14:06 EXEC SPC_COM_GET_COMBOBOX 'shipment_div';
2018-04-27 13:14:07 EXEC SPC_COM_GET_COMBOBOX 'sales_detail_div';
2018-04-27 13:14:07 EXEC SPC_COM_GET_COMBOBOX 'bank_div';
2018-04-27 13:14:07 EXEC SPC_COM_GET_COMBOBOX 'unit_q_div';
2018-04-27 13:14:07 EXEC SPC_COM_GET_COMBOBOX 'unit_w_div';
2018-04-27 13:14:07 EXEC SPC_COM_GET_COMBOBOX 'unit_m_div';
2018-04-27 13:14:07 EXEC SPC_GET_TAX_RATE '2018/04/27';
2018-04-27 13:15:15 EXEC SPC_COM_GET_COMBOBOX 'fwd_status_div';
2018-04-27 13:15:18 EXEC SPC_011_SHIPMENT_SEARCH_FND1 '','','','','','20','1','10';
2018-04-27 13:15:20 EXEC SPC_014_INVOICE_DETAIL_INQ2 'S-18030024','1';
2018-04-27 13:15:21 EXEC SPC_COM_GET_COMBOBOX 'unit_q_div';
2018-04-27 13:15:21 EXEC SPC_COM_GET_COMBOBOX 'unit_m_div';
2018-04-27 13:15:21 EXEC SPC_COM_GET_COMBOBOX 'unit_w_div';
2018-04-27 13:15:22 EXEC SPC_GET_TAX_RATE '2018/04/27';
2018-04-27 13:15:22 EXEC SPC_COM_GET_COMBOBOX 'sales_detail_div';
2018-04-27 13:16:51 EXEC SPC_GET_LIB_COUNTRY 'JP';
2018-04-27 13:17:29 EXEC SPC_014_INVOICE_DETAIL_INQ2 'S-18030023','1';
2018-04-27 13:17:33 EXEC SPC_014_INVOICE_DETAIL_INQ2 'S-18030024','1';
2018-04-27 13:17:34 EXEC SPC_GET_TAX_RATE '2018/04/27';
2018-04-27 13:17:34 EXEC SPC_COM_GET_COMBOBOX 'sales_detail_div';
2018-04-27 13:17:34 EXEC SPC_COM_GET_COMBOBOX 'unit_m_div';
2018-04-27 13:17:34 EXEC SPC_COM_GET_COMBOBOX 'unit_w_div';
2018-04-27 13:17:34 EXEC SPC_COM_GET_COMBOBOX 'unit_q_div';
2018-04-27 13:18:23 EXEC SPC_077_USER_MASTER_SEARCH_FND1 '','','','1','10';
2018-04-27 13:18:25 EXEC SPC_GET_USER '001';
2018-04-27 13:18:31 EXEC SPC_014_INVOICE_DETAIL_ACT1 'I','','1','','S-18030024','','J-18010018','20','20','2018/04/27','2018/04/27','','','999999','F0201','Rapport Co., Ltd','43 and 45, Soi Ladproa 115, Ladproa Rd., Klongjan, Bangkapi,','Bangkok 10240,','','008','TH','66-2-7342800','66-2-7047369','','Rapport Co., Ltd','43 and 45, Soi Ladproa 115, Ladproa Rd., Klongjan, Bangkapi,','Bangkok 10240,','','008','TH','66-2-7342800','66-2-7047369','RAPPORT','','','','Standard Export Carton','01','USD','060','01','03','008','TH','15','Advance payment by T.T.','[{"inv_detail_no":"1","sales_detail_div":"","product_cd":"000115","description":"BR-5200P","qty":"1","unit_of_m_div":"","unit_price":"4343","amount":"4343","detail_tax":"52.12","unit_measure_qty":"111","unit_measure_price":"","outside_remarks":"","unit_net_weight":"1.8","unit_net_weight_div":"","net_weight":"1.8","unit_gross_weight":"1","gross_weight":"1","measure":"111"},{"inv_detail_no":"2","sales_detail_div":"","product_cd":"000115","description":"MM1","qty":"1","unit_of_m_div":"","unit_price":"5346.86","amount":"5346.86","detail_tax":"64.17","unit_measure_qty":"17","unit_measure_price":"","outside_remarks":"","unit_net_weight":"12","unit_net_weight_div":"","net_weight":"12","unit_gross_weight":"15","gross_weight":"15","measure":"17"},{"inv_detail_no":"3","sales_detail_div":"","product_cd":"000115","description":"BR-5200P","qty":"1","unit_of_m_div":"","unit_price":"4343","amount":"4343","detail_tax":"52.12","unit_measure_qty":"111","unit_measure_price":"","outside_remarks":"","unit_net_weight":"1.8","unit_net_weight_div":"","net_weight":"1.8","unit_gross_weight":"1","gross_weight":"1","measure":"111"},{"inv_detail_no":"4","sales_detail_div":"","product_cd":"000115","description":"MM1","qty":"1","unit_of_m_div":"","unit_price":"5346.86","amount":"5346.86","detail_tax":"64.17","unit_measure_qty":"17","unit_measure_price":"","outside_remarks":"","unit_net_weight":"12","unit_net_weight_div":"","net_weight":"12","unit_gross_weight":"15","gross_weight":"15","measure":"17"}]','4','','32','','27.6','','256','','19379.72','0','0','0','19379.72','[{"inv_carton_detail_no":"1","inv_fwd_detail_no":"1","carton_number":"20","carton_product_cd":"000115","carton_qty":"10","carton_unit_net_weight_div":"","carton_unit_net_weight":"1.8","carton_net_weight":"18","carton_unit_gross_weight":"1","carton_gross_weight":"10","carton_measure_div":"","carton_unit_measure":"111","carton_measure":"1110"}]','10','18','10','1110','1','001','Japan','APEL CO.,LTD.','001','test ok test ok','001','014_invoice-detail','192.168.5.206';
2018-04-27 13:18:32 EXEC SPC_014_INVOICE_DETAIL_INQ1 'E-180427001';
2018-04-27 13:18:33 EXEC SPC_COM_GET_COMBOBOX 'unit_q_div';
2018-04-27 13:18:33 EXEC SPC_COM_GET_COMBOBOX 'unit_w_div';
2018-04-27 13:18:33 EXEC SPC_COM_GET_COMBOBOX 'sales_detail_div';
2018-04-27 13:18:33 EXEC SPC_GET_TAX_RATE '2018/04/27';
2018-04-27 13:18:33 EXEC SPC_COM_GET_COMBOBOX 'unit_m_div';
2018-04-27 13:19:27 EXEC SPC_014_INVOICE_DETAIL_ACT1 'I','E-180427001','1','','S-18030024','','J-18010018','','','2018/04/27','2018/04/27','','','','F0201','Rapport Co., Ltd','43 and 45, Soi Ladproa 115, Ladproa Rd., Klongjan, Bangkapi,','Bangkok 10240,','','008','TH','66-2-7342800','66-2-7047369','','Rapport Co., Ltd','43 and 45, Soi Ladproa 115, Ladproa Rd., Klongjan, Bangkapi,','Bangkok 10240,','','008','TH','66-2-7342800','66-2-7047369','RAPPORT','','','','Standard Export Carton','01','USD','060','01','03','008','TH','15','Advance payment by T.T.','[{"inv_detail_no":"1","sales_detail_div":"","product_cd":"000115","description":"BR-5200P","qty":"1","unit_of_m_div":"","unit_price":"4343","amount":"4343","detail_tax":"52.12","unit_measure_qty":"111","unit_measure_price":"","outside_remarks":"","unit_net_weight":"1.8","unit_net_weight_div":"","net_weight":"1.8","unit_gross_weight":"1","gross_weight":"1","measure":"111"},{"inv_detail_no":"2","sales_detail_div":"","product_cd":"000115","description":"MM1","qty":"1","unit_of_m_div":"","unit_price":"5346.86","amount":"5346.86","detail_tax":"64.17","unit_measure_qty":"17","unit_measure_price":"","outside_remarks":"","unit_net_weight":"12","unit_net_weight_div":"","net_weight":"12","unit_gross_weight":"15","gross_weight":"15","measure":"17"},{"inv_detail_no":"3","sales_detail_div":"","product_cd":"000115","description":"BR-5200P","qty":"1","unit_of_m_div":"","unit_price":"4343","amount":"4343","detail_tax":"52.12","unit_measure_qty":"111","unit_measure_price":"","outside_remarks":"","unit_net_weight":"1.8","unit_net_weight_div":"","net_weight":"1.8","unit_gross_weight":"1","gross_weight":"1","measure":"111"},{"inv_detail_no":"4","sales_detail_div":"","product_cd":"000115","description":"MM1","qty":"1","unit_of_m_div":"","unit_price":"5346.86","amount":"5346.86","detail_tax":"64.17","unit_measure_qty":"17","unit_measure_price":"","outside_remarks":"","unit_net_weight":"12","unit_net_weight_div":"","net_weight":"12","unit_gross_weight":"15","gross_weight":"15","measure":"17"}]','4','','32','','27.6','','256','','19379.72','0','0','0','19379.72','[{"inv_carton_detail_no":"1","inv_fwd_detail_no":"1","carton_number":"20","carton_product_cd":"","carton_qty":"10","carton_unit_net_weight_div":"","carton_unit_net_weight":"1.8","carton_net_weight":"18","carton_unit_gross_weight":"1","carton_gross_weight":"10","carton_measure_div":"","carton_unit_measure":"111","carton_measure":"1110"}]','10','18','10','1110','1','001','Japan','APEL CO.,LTD.','001','test ok test ok','001','014_invoice-detail','192.168.5.206';
2018-04-27 13:19:43 EXEC SPC_COM_GET_COMBOBOX 'shipment_div';
2018-04-27 13:19:43 EXEC SPC_COM_GET_COMBOBOX 'port_city_div';
2018-04-27 13:19:43 EXEC SPC_COM_GET_COMBOBOX 'port_country_div';
2018-04-27 13:19:43 EXEC SPC_COM_GET_COMBOBOX 'trade_terms_div';
2018-04-27 13:19:43 EXEC SPC_COM_GET_COMBOBOX 'payment_conditions_div';
2018-04-27 13:19:44 EXEC SPC_COM_GET_COMBOBOX 'unit_q_div';
2018-04-27 13:19:44 EXEC SPC_COM_GET_COMBOBOX 'sales_detail_div';
2018-04-27 13:19:44 EXEC SPC_COM_GET_COMBOBOX 'storage_manager_div';
2018-04-27 13:19:44 EXEC SPC_COM_GET_COMBOBOX 'unit_w_div';
2018-04-27 13:19:44 EXEC SPC_COM_GET_COMBOBOX 'unit_m_div';
2018-04-27 13:19:44 EXEC SPC_GET_TAX_RATE '2018/04/27';
2018-04-27 13:19:45 EXEC SPC_COM_GET_COMBOBOX 'currency_div';
2018-04-27 13:19:50 EXEC SPC_COM_GET_COMBOBOX 'trade_terms_div';
2018-04-27 13:19:50 EXEC SPC_COM_GET_COMBOBOX 'payment_conditions_div';
2018-04-27 13:19:50 EXEC SPC_COM_GET_COMBOBOX 'port_country_div';
2018-04-27 13:19:50 EXEC SPC_COM_GET_COMBOBOX 'currency_div';
2018-04-27 13:19:50 EXEC SPC_COM_GET_COMBOBOX 'shipment_div';
2018-04-27 13:19:50 EXEC SPC_COM_GET_COMBOBOX 'unit_w_div';
2018-04-27 13:19:50 EXEC SPC_GET_TAX_RATE '2018/04/27';
2018-04-27 13:19:51 EXEC SPC_COM_GET_COMBOBOX 'unit_q_div';
2018-04-27 13:19:51 EXEC SPC_COM_GET_COMBOBOX 'unit_m_div';
2018-04-27 13:19:51 EXEC SPC_COM_GET_COMBOBOX 'storage_manager_div';
2018-04-27 13:19:51 EXEC SPC_COM_GET_COMBOBOX 'sales_detail_div';
2018-04-27 13:19:53 EXEC SPC_014_INVOICE_DETAIL_INQ1 'E-180427001';
2018-04-27 13:19:54 EXEC SPC_GET_TAX_RATE '2018/04/27';
2018-04-27 13:19:54 EXEC SPC_COM_GET_COMBOBOX 'unit_w_div';
2018-04-27 13:19:54 EXEC SPC_COM_GET_COMBOBOX 'unit_q_div';
2018-04-27 13:19:54 EXEC SPC_COM_GET_COMBOBOX 'unit_m_div';
2018-04-27 13:19:54 EXEC SPC_COM_GET_COMBOBOX 'sales_detail_div';
2018-04-27 13:20:05 EXEC SPC_014_INVOICE_DETAIL_ACT1 'U','E-180427001','1','','S-18030024','','J-18010018','','','2018/04/27','2018/04/27','','','','F0201','Rapport Co., Ltd','43 and 45, Soi Ladproa 115, Ladproa Rd., Klongjan, Bangkapi,','Bangkok 10240,','','008','TH','66-2-7342800','66-2-7047369','','Rapport Co., Ltd','43 and 45, Soi Ladproa 115, Ladproa Rd., Klongjan, Bangkapi,','Bangkok 10240,','','008','TH','66-2-7342800','66-2-7047369','RAPPORT','','','','Standard Export Carton','01','USD','060','01','03','008','TH','15','Advance payment by T.T.','[{"inv_detail_no":"1","sales_detail_div":"","product_cd":"000115","description":"BR-5200P","qty":"1","unit_of_m_div":"","unit_price":"4343","amount":"4343","detail_tax":"52.12","unit_measure_qty":"111","unit_measure_price":"","outside_remarks":"","unit_net_weight":"1.8","unit_net_weight_div":"","net_weight":"1.8","unit_gross_weight":"1","gross_weight":"1","measure":"111"},{"inv_detail_no":"2","sales_detail_div":"","product_cd":"000115","description":"MM1","qty":"1","unit_of_m_div":"","unit_price":"5346.86","amount":"5346.86","detail_tax":"64.17","unit_measure_qty":"17","unit_measure_price":"","outside_remarks":"","unit_net_weight":"12","unit_net_weight_div":"","net_weight":"12","unit_gross_weight":"15","gross_weight":"15","measure":"17"},{"inv_detail_no":"3","sales_detail_div":"","product_cd":"000115","description":"BR-5200P","qty":"1","unit_of_m_div":"","unit_price":"4343","amount":"4343","detail_tax":"52.12","unit_measure_qty":"111","unit_measure_price":"","outside_remarks":"","unit_net_weight":"1.8","unit_net_weight_div":"","net_weight":"1.8","unit_gross_weight":"1","gross_weight":"1","measure":"111"},{"inv_detail_no":"4","sales_detail_div":"","product_cd":"000115","description":"MM1","qty":"1","unit_of_m_div":"","unit_price":"5346.86","amount":"5346.86","detail_tax":"64.17","unit_measure_qty":"17","unit_measure_price":"","outside_remarks":"","unit_net_weight":"12","unit_net_weight_div":"","net_weight":"12","unit_gross_weight":"15","gross_weight":"15","measure":"17"}]','4','','32','','27.6','','256','','19379.72','0','0','0','19379.72','[{"inv_carton_detail_no":"1","inv_fwd_detail_no":"1","carton_number":"20","carton_product_cd":"","carton_qty":"10","carton_unit_net_weight_div":"","carton_unit_net_weight":"1.8","carton_net_weight":"18","carton_unit_gross_weight":"1","carton_gross_weight":"10","carton_measure_div":"","carton_unit_measure":"111","carton_measure":"1110"}]','10','18','10','1110','1','001','Japan','APEL CO.,LTD.','001','test ok test ok','001','014_invoice-detail','192.168.5.206';
2018-04-27 13:20:07 EXEC SPC_014_INVOICE_DETAIL_INQ1 'E-180427001';
2018-04-27 13:20:08 EXEC SPC_COM_GET_COMBOBOX 'unit_q_div';
2018-04-27 13:20:08 EXEC SPC_COM_GET_COMBOBOX 'unit_m_div';
2018-04-27 13:20:08 EXEC SPC_GET_TAX_RATE '2018/04/27';
2018-04-27 13:20:08 EXEC SPC_COM_GET_COMBOBOX 'unit_w_div';
2018-04-27 13:20:08 EXEC SPC_COM_GET_COMBOBOX 'sales_detail_div';
2018-04-27 13:20:46 EXEC SPC_014_INVOICE_DETAIL_ACT1 'U','E-180427001','1','','S-18030024','','J-18010018','','','2018/04/27','2018/04/27','','','','F0201','Rapport Co., Ltd','43 and 45, Soi Ladproa 115, Ladproa Rd., Klongjan, Bangkapi,','Bangkok 10240,','','008','TH','66-2-7342800','66-2-7047369','','Rapport Co., Ltd','43 and 45, Soi Ladproa 115, Ladproa Rd., Klongjan, Bangkapi,','Bangkok 10240,','','008','TH','66-2-7342800','66-2-7047369','RAPPORT','','','','Standard Export Carton','01','USD','060','01','03','008','TH','15','Advance payment by T.T.','[{"inv_detail_no":"1","sales_detail_div":"","product_cd":"000115","description":"BR-5200P","qty":"1","unit_of_m_div":"","unit_price":"4343","amount":"4343","detail_tax":"52.12","unit_measure_qty":"111","unit_measure_price":"","outside_remarks":"","unit_net_weight":"1.8","unit_net_weight_div":"","net_weight":"1.8","unit_gross_weight":"1","gross_weight":"1","measure":"111"},{"inv_detail_no":"2","sales_detail_div":"","product_cd":"000115","description":"MM1","qty":"1","unit_of_m_div":"","unit_price":"5346.86","amount":"5346.86","detail_tax":"64.17","unit_measure_qty":"17","unit_measure_price":"","outside_remarks":"","unit_net_weight":"12","unit_net_weight_div":"","net_weight":"12","unit_gross_weight":"15","gross_weight":"15","measure":"17"},{"inv_detail_no":"3","sales_detail_div":"","product_cd":"000115","description":"BR-5200P","qty":"1","unit_of_m_div":"","unit_price":"4343","amount":"4343","detail_tax":"52.12","unit_measure_qty":"111","unit_measure_price":"","outside_remarks":"","unit_net_weight":"1.8","unit_net_weight_div":"","net_weight":"1.8","unit_gross_weight":"1","gross_weight":"1","measure":"111"},{"inv_detail_no":"4","sales_detail_div":"","product_cd":"000115","description":"MM1","qty":"1","unit_of_m_div":"","unit_price":"5346.86","amount":"5346.86","detail_tax":"64.17","unit_measure_qty":"17","unit_measure_price":"","outside_remarks":"","unit_net_weight":"12","unit_net_weight_div":"","net_weight":"12","unit_gross_weight":"15","gross_weight":"15","measure":"17"}]','4','','32','','27.6','','256','','19379.72','0','0','0','19379.72','[{"inv_carton_detail_no":"1","inv_fwd_detail_no":"1","carton_number":"11","carton_product_cd":"000115","carton_qty":"24","carton_unit_net_weight_div":"","carton_unit_net_weight":"1.8","carton_net_weight":"43.2","carton_unit_gross_weight":"1","carton_gross_weight":"24","carton_measure_div":"","carton_unit_measure":"111","carton_measure":"2664"},{"inv_carton_detail_no":"2","inv_fwd_detail_no":"2","carton_number":"22","carton_product_cd":"000115","carton_qty":"2","carton_unit_net_weight_div":"","carton_unit_net_weight":"12","carton_net_weight":"24","carton_unit_gross_weight":"15","carton_gross_weight":"30","carton_measure_div":"","carton_unit_measure":"17","carton_measure":"34"}]','26','67.2','54','2698','2','001','Japan','APEL CO.,LTD.','001','test ok test ok','001','014_invoice-detail','192.168.5.206';
2018-04-27 13:20:48 EXEC SPC_014_INVOICE_DETAIL_INQ1 'E-180427001';
2018-04-27 13:20:48 EXEC SPC_COM_GET_COMBOBOX 'unit_q_div';
2018-04-27 13:20:48 EXEC SPC_GET_TAX_RATE '2018/04/27';
2018-04-27 13:20:48 EXEC SPC_COM_GET_COMBOBOX 'unit_w_div';
2018-04-27 13:20:48 EXEC SPC_COM_GET_COMBOBOX 'unit_m_div';
2018-04-27 13:20:49 EXEC SPC_COM_GET_COMBOBOX 'sales_detail_div';
2018-04-27 13:20:55 EXEC SPC_014_INVOICE_DETAIL_INQ2 'S-18030023','1';
2018-04-27 13:20:59 EXEC SPC_014_INVOICE_DETAIL_INQ2 'S-18030025','1';
2018-04-27 13:21:00 EXEC SPC_COM_GET_COMBOBOX 'unit_w_div';
2018-04-27 13:21:00 EXEC SPC_COM_GET_COMBOBOX 'sales_detail_div';
2018-04-27 13:21:00 EXEC SPC_COM_GET_COMBOBOX 'unit_q_div';
2018-04-27 13:21:00 EXEC SPC_GET_TAX_RATE '2018/04/27';
2018-04-27 13:21:00 EXEC SPC_COM_GET_COMBOBOX 'unit_m_div';
2018-04-27 13:21:21 EXEC SPC_014_INVOICE_DETAIL_ACT1 'U','E-180427001','1','','S-18030025','','J-18010018','20','20','2018/04/27','2018/04/27','','','999999','F0201','Rapport Co., Ltd','43 and 45, Soi Ladproa 115, Ladproa Rd., Klongjan, Bangkapi,','Bangkok 10240,','','008','TH','66-2-7342800','66-2-7047369','','Rapport Co., Ltd','43 and 45, Soi Ladproa 115, Ladproa Rd., Klongjan, Bangkapi,','Bangkok 10240,','','008','TH','66-2-7342800','66-2-7047369','RAPPORT','','','','Standard Export Carton','01','USD','060','01','03','008','TH','15','Advance payment by T.T.','[{"inv_detail_no":"1","sales_detail_div":"","product_cd":"000115","description":"BR-5200P","qty":"1","unit_of_m_div":"","unit_price":"4343","amount":"4343","detail_tax":"52.12","unit_measure_qty":"111","unit_measure_price":"","outside_remarks":"","unit_net_weight":"1.8","unit_net_weight_div":"","net_weight":"1.8","unit_gross_weight":"1","gross_weight":"1","measure":"111"},{"inv_detail_no":"2","sales_detail_div":"","product_cd":"000115","description":"MM1","qty":"1","unit_of_m_div":"","unit_price":"5346.86","amount":"5346.86","detail_tax":"64.17","unit_measure_qty":"17","unit_measure_price":"","outside_remarks":"","unit_net_weight":"12","unit_net_weight_div":"","net_weight":"12","unit_gross_weight":"15","gross_weight":"15","measure":"17"},{"inv_detail_no":"3","sales_detail_div":"","product_cd":"000115","description":"BR-5200P","qty":"1","unit_of_m_div":"","unit_price":"4343","amount":"4343","detail_tax":"52.12","unit_measure_qty":"111","unit_measure_price":"","outside_remarks":"","unit_net_weight":"1.8","unit_net_weight_div":"","net_weight":"1.8","unit_gross_weight":"1","gross_weight":"1","measure":"111"},{"inv_detail_no":"4","sales_detail_div":"","product_cd":"000115","description":"MM1","qty":"1","unit_of_m_div":"","unit_price":"5346.86","amount":"5346.86","detail_tax":"64.17","unit_measure_qty":"17","unit_measure_price":"","outside_remarks":"","unit_net_weight":"12","unit_net_weight_div":"","net_weight":"12","unit_gross_weight":"15","gross_weight":"15","measure":"17"}]','4','','32','','27.6','','256','','19379.72','0','0','0','19379.72','[{"inv_carton_detail_no":"1","inv_fwd_detail_no":"1","carton_number":"111","carton_product_cd":"000115","carton_qty":"22","carton_unit_net_weight_div":"","carton_unit_net_weight":"1.8","carton_net_weight":"39.6","carton_unit_gross_weight":"1","carton_gross_weight":"22","carton_measure_div":"","carton_unit_measure":"111","carton_measure":"2442"}]','22','39.6','22','2442','1','','Japan','APEL CO.,LTD.','002','test ok','001','014_invoice-detail','192.168.5.206';
2018-04-27 13:22:26 EXEC SPC_014_INVOICE_DETAIL_INQ2 'S-18030023','1';
2018-04-27 13:22:43 EXEC SPC_COM_GET_COMBOBOX 'port_country_div';
2018-04-27 13:22:43 EXEC SPC_COM_GET_COMBOBOX 'shipment_div';
2018-04-27 13:22:43 EXEC SPC_COM_GET_COMBOBOX 'currency_div';
2018-04-27 13:22:43 EXEC SPC_COM_GET_COMBOBOX 'trade_terms_div';
2018-04-27 13:22:43 EXEC SPC_COM_GET_COMBOBOX 'payment_conditions_div';
2018-04-27 13:22:44 EXEC SPC_COM_GET_COMBOBOX 'port_city_div';
2018-04-27 13:22:44 EXEC SPC_COM_GET_COMBOBOX 'sales_detail_div';
2018-04-27 13:22:44 EXEC SPC_COM_GET_COMBOBOX 'unit_w_div';
2018-04-27 13:22:44 EXEC SPC_COM_GET_COMBOBOX 'unit_m_div';
2018-04-27 13:22:44 EXEC SPC_COM_GET_COMBOBOX 'unit_q_div';
2018-04-27 13:22:44 EXEC SPC_COM_GET_COMBOBOX 'storage_manager_div';
2018-04-27 13:22:44 EXEC SPC_GET_TAX_RATE '2018/04/27';
2018-04-27 13:22:53 EXEC SPC_014_INVOICE_DETAIL_INQ1 'E-180427001';
2018-04-27 13:22:53 EXEC SPC_COM_GET_COMBOBOX 'unit_m_div';
2018-04-27 13:22:54 EXEC SPC_COM_GET_COMBOBOX 'unit_w_div';
2018-04-27 13:22:54 EXEC SPC_COM_GET_COMBOBOX 'unit_q_div';
2018-04-27 13:22:54 EXEC SPC_COM_GET_COMBOBOX 'sales_detail_div';
2018-04-27 13:22:54 EXEC SPC_GET_TAX_RATE '2018/04/27';
2018-04-27 13:22:57 EXEC SPC_014_INVOICE_DETAIL_INQ2 'S-18030023','1';
2018-04-27 13:23:00 EXEC SPC_014_INVOICE_DETAIL_INQ2 'S-18030024','1';
2018-04-27 13:27:18 EXEC SPC_COM_GET_COMBOBOX 'port_country_div';
2018-04-27 13:27:18 EXEC SPC_COM_GET_COMBOBOX 'port_city_div';
s_div';
2018-04-27 13:27:18 EXEC SPC_COM_GET_COMBOBOX 'trade_terms_div';
2018-04-27 13:27:18 EXEC SPC_COM_GET_COMBOBOX 'shipment_div';
2018-04-27 13:27:18 EXEC SPC_COM_GET_COMBOBOX 'currency_div';
2018-04-27 13:27:19 EXEC SPC_COM_GET_COMBOBOX 'storage_manager_div';
2018-04-27 13:27:19 EXEC SPC_COM_GET_COMBOBOX 'unit_q_div';
2018-04-27 13:27:19 EXEC SPC_GET_TAX_RATE '2018/04/27';
2018-04-27 13:27:19 EXEC SPC_COM_GET_COMBOBOX 'sales_detail_div';
2018-04-27 13:27:19 EXEC SPC_COM_GET_COMBOBOX 'unit_m_div';
2018-04-27 13:27:19 EXEC SPC_COM_GET_COMBOBOX 'unit_w_div';
2018-04-27 13:46:55 EXEC SPC_014_INVOICE_DETAIL_INQ1 'E-180427001';
2018-04-27 13:46:55 EXEC SPC_GET_TAX_RATE '2018/04/27';
2018-04-27 13:46:56 EXEC SPC_COM_GET_COMBOBOX 'unit_q_div';
2018-04-27 13:46:56 EXEC SPC_COM_GET_COMBOBOX 'unit_m_div';
2018-04-27 13:46:56 EXEC SPC_COM_GET_COMBOBOX 'unit_w_div';
2018-04-27 13:46:56 EXEC SPC_COM_GET_COMBOBOX 'sales_detail_div';
2018-04-27 13:46:58 EXEC SPC_014_INVOICE_DETAIL_INQ2 'S-18030025','1';
2018-04-27 13:47:02 EXEC SPC_014_INVOICE_DETAIL_INQ2 'S-18030023','1';
2018-04-27 13:47:05 EXEC SPC_014_INVOICE_DETAIL_INQ2 'S-18030024','1';
2018-04-27 13:47:56 EXEC SPC_COM_GET_COMBOBOX 'port_city_div';
2018-04-27 13:47:56 EXEC SPC_COM_GET_COMBOBOX 'port_country_div';
2018-04-27 13:47:56 EXEC SPC_COM_GET_COMBOBOX 'trade_terms_div';
2018-04-27 13:47:56 EXEC SPC_COM_GET_COMBOBOX 'currency_div';
2018-04-27 13:47:57 EXEC SPC_COM_GET_COMBOBOX 'shipment_div';
2018-04-27 13:47:57 EXEC SPC_COM_GET_COMBOBOX 'sales_detail_div';
2018-04-27 13:47:57 EXEC SPC_COM_GET_COMBOBOX 'unit_q_div';
2018-04-27 13:47:57 EXEC SPC_COM_GET_COMBOBOX 'unit_m_div';
2018-04-27 13:47:57 EXEC SPC_COM_GET_COMBOBOX 'storage_manager_div';
2018-04-27 13:47:57 EXEC SPC_COM_GET_COMBOBOX 'unit_w_div';
2018-04-27 13:47:57 EXEC SPC_GET_TAX_RATE '2018/04/27';
2018-04-27 13:48:00 EXEC SPC_COM_GET_COMBOBOX 'payment_conditions_div';
2018-04-27 13:48:00 EXEC SPC_014_INVOICE_DETAIL_INQ1 'E-180427001';
2018-04-27 13:48:02 EXEC SPC_COM_GET_COMBOBOX 'unit_q_div';
2018-04-27 13:48:02 EXEC SPC_COM_GET_COMBOBOX 'unit_m_div';
2018-04-27 13:48:02 EXEC SPC_COM_GET_COMBOBOX 'sales_detail_div';
2018-04-27 13:48:02 EXEC SPC_GET_TAX_RATE '2018/04/27';
2018-04-27 13:48:02 EXEC SPC_COM_GET_COMBOBOX 'unit_w_div';
2018-04-27 13:48:06 EXEC SPC_014_INVOICE_DETAIL_INQ2 'E-180427001','U','S-18030023','1';
2018-04-27 13:48:11 EXEC SPC_014_INVOICE_DETAIL_INQ2 'E-180427001','U','S-18030025','1';
2018-04-27 13:48:12 EXEC SPC_COM_GET_COMBOBOX 'unit_q_div';
2018-04-27 13:48:12 EXEC SPC_GET_TAX_RATE '2018/04/27';
2018-04-27 13:48:12 EXEC SPC_COM_GET_COMBOBOX 'sales_detail_div';
2018-04-27 13:48:12 EXEC SPC_COM_GET_COMBOBOX 'unit_m_div';
2018-04-27 13:48:12 EXEC SPC_COM_GET_COMBOBOX 'unit_w_div';
2018-04-27 13:48:31 EXEC SPC_014_INVOICE_DETAIL_ACT1 'U','E-180427001','1','','S-18030025','','J-18010018','20','20','2018/04/27','2018/04/27','','','999999','F0201','Rapport Co., Ltd','43 and 45, Soi Ladproa 115, Ladproa Rd., Klongjan, Bangkapi,','Bangkok 10240,','','008','TH','66-2-7342800','66-2-7047369','','Rapport Co., Ltd','43 and 45, Soi Ladproa 115, Ladproa Rd., Klongjan, Bangkapi,','Bangkok 10240,','','008','TH','66-2-7342800','66-2-7047369','RAPPORT','','','','Standard Export Carton','01','USD','060','01','03','008','TH','13','Advance payment by T.T.','[{"inv_detail_no":"1","sales_detail_div":"","product_cd":"000115","description":"BR-5200P","qty":"1","unit_of_m_div":"","unit_price":"4343","amount":"4343","detail_tax":"52.12","unit_measure_qty":"111","unit_measure_price":"","outside_remarks":"","unit_net_weight":"1.8","unit_net_weight_div":"","net_weight":"1.8","unit_gross_weight":"1","gross_weight":"1","measure":"111"},{"inv_detail_no":"2","sales_detail_div":"","product_cd":"000115","description":"MM1","qty":"1","unit_of_m_div":"","unit_price":"5346.86","amount":"5346.86","detail_tax":"64.17","unit_measure_qty":"17","unit_measure_price":"","outside_remarks":"","unit_net_weight":"12","unit_net_weight_div":"","net_weight":"12","unit_gross_weight":"15","gross_weight":"15","measure":"17"},{"inv_detail_no":"3","sales_detail_div":"","product_cd":"000115","description":"BR-5200P","qty":"1","unit_of_m_div":"","unit_price":"4343","amount":"4343","detail_tax":"52.12","unit_measure_qty":"111","unit_measure_price":"","outside_remarks":"","unit_net_weight":"1.8","unit_net_weight_div":"","net_weight":"1.8","unit_gross_weight":"1","gross_weight":"1","measure":"111"},{"inv_detail_no":"4","sales_detail_div":"","product_cd":"000115","description":"MM1","qty":"1","unit_of_m_div":"","unit_price":"5346.86","amount":"5346.86","detail_tax":"64.17","unit_measure_qty":"17","unit_measure_price":"","outside_remarks":"","unit_net_weight":"12","unit_net_weight_div":"","net_weight":"12","unit_gross_weight":"15","gross_weight":"15","measure":"17"}]','4','','32','','27.6','','256','','19379.72','0','0','0','19379.72','[{"inv_carton_detail_no":"1","inv_fwd_detail_no":"1","carton_number":"22","carton_product_cd":"000115","carton_qty":"2","carton_unit_net_weight_div":"","carton_unit_net_weight":"1.8","carton_net_weight":"3.6","carton_unit_gross_weight":"1","carton_gross_weight":"2","carton_measure_div":"","carton_unit_measure":"111","carton_measure":"222"}]','2','3.6','2','222','1','','Japan','APEL CO.,LTD.','002','test ok','001','014_invoice-detail','192.168.5.206';
2018-04-27 13:48:35 EXEC SPC_014_INVOICE_DETAIL_INQ2 'E-180427001','U','S-18030024','1';
2018-04-27 13:48:36 EXEC SPC_GET_TAX_RATE '2018/04/27';
2018-04-27 13:48:36 EXEC SPC_COM_GET_COMBOBOX 'unit_q_div';
2018-04-27 13:48:36 EXEC SPC_COM_GET_COMBOBOX 'unit_m_div';
2018-04-27 13:48:36 EXEC SPC_COM_GET_COMBOBOX 'unit_w_div';
2018-04-27 13:48:36 EXEC SPC_COM_GET_COMBOBOX 'sales_detail_div';
2018-04-27 13:48:56 EXEC SPC_014_INVOICE_DETAIL_ACT1 'U','E-180427001','1','','S-18030024','','J-18010018','20','92','2018/04/27','2018/04/27','','','999999','F0201','Rapport Co., Ltd','43 and 45, Soi Ladproa 115, Ladproa Rd., Klongjan, Bangkapi,','Bangkok 10240,','','008','TH','66-2-7342800','66-2-7047369','','Rapport Co., Ltd','43 and 45, Soi Ladproa 115, Ladproa Rd., Klongjan, Bangkapi,','Bangkok 10240,','','008','TH','66-2-7342800','66-2-7047369','RAPPORT','','','','Standard Export Carton','01','USD','060','01','03','008','TH','13','Advance payment by T.T.','[{"inv_detail_no":"1","sales_detail_div":"","product_cd":"000115","description":"BR-5200P","qty":"1","unit_of_m_div":"","unit_price":"4343","amount":"4343","detail_tax":"52.12","unit_measure_qty":"111","unit_measure_price":"","outside_remarks":"","unit_net_weight":"1.8","unit_net_weight_div":"","net_weight":"1.8","unit_gross_weight":"1","gross_weight":"1","measure":"111"},{"inv_detail_no":"2","sales_detail_div":"","product_cd":"000115","description":"MM1","qty":"1","unit_of_m_div":"","unit_price":"5346.86","amount":"5346.86","detail_tax":"64.17","unit_measure_qty":"17","unit_measure_price":"","outside_remarks":"","unit_net_weight":"12","unit_net_weight_div":"","net_weight":"12","unit_gross_weight":"15","gross_weight":"15","measure":"17"},{"inv_detail_no":"3","sales_detail_div":"","product_cd":"000115","description":"BR-5200P","qty":"1","unit_of_m_div":"","unit_price":"4343","amount":"4343","detail_tax":"52.12","unit_measure_qty":"111","unit_measure_price":"","outside_remarks":"","unit_net_weight":"1.8","unit_net_weight_div":"","net_weight":"1.8","unit_gross_weight":"1","gross_weight":"1","measure":"111"},{"inv_detail_no":"4","sales_detail_div":"","product_cd":"000115","description":"MM1","qty":"1","unit_of_m_div":"","unit_price":"5346.86","amount":"5346.86","detail_tax":"64.17","unit_measure_qty":"17","unit_measure_price":"","outside_remarks":"","unit_net_weight":"12","unit_net_weight_div":"","net_weight":"12","unit_gross_weight":"15","gross_weight":"15","measure":"17"}]','4','','32','','27.6','','256','','19379.72','0','0','0','19379.72','[{"inv_carton_detail_no":"1","inv_fwd_detail_no":"1","carton_number":"4","carton_product_cd":"000115","carton_qty":"2","carton_unit_net_weight_div":"","carton_unit_net_weight":"1.8","carton_net_weight":"3.6","carton_unit_gross_weight":"1","carton_gross_weight":"2","carton_measure_div":"","carton_unit_measure":"111","carton_measure":"222"}]','2','3.6','2','222','1','','Japan','APEL CO.,LTD.','002','test ok','001','014_invoice-detail','192.168.5.206';
2018-04-27 13:48:57 EXEC SPC_014_INVOICE_DETAIL_INQ1 'E-180427001';
2018-04-27 13:48:58 EXEC SPC_GET_TAX_RATE '2018/04/27';
2018-04-27 13:48:58 EXEC SPC_COM_GET_COMBOBOX 'unit_q_div';
2018-04-27 13:48:58 EXEC SPC_COM_GET_COMBOBOX 'unit_w_div';
2018-04-27 13:48:58 EXEC SPC_COM_GET_COMBOBOX 'sales_detail_div';
2018-04-27 13:48:58 EXEC SPC_COM_GET_COMBOBOX 'unit_m_div';
2018-04-27 13:49:02 EXEC SPC_014_INVOICE_DETAIL_INQ2 'E-180427001','U','S-18030023','1';
2018-04-27 13:49:26 EXEC SPC_014_INVOICE_DETAIL_INQ1 '';
2018-04-27 13:49:31 EXEC SPC_014_INVOICE_DETAIL_INQ2 '','U','S-18030024','1';
2018-04-27 13:57:48 EXEC SPC_014_INVOICE_DETAIL_INQ1 'E-180427001';
2018-04-27 13:57:48 EXEC SPC_COM_GET_COMBOBOX 'unit_q_div';
2018-04-27 13:57:49 EXEC SPC_COM_GET_COMBOBOX 'sales_detail_div';
2018-04-27 13:57:49 EXEC SPC_GET_TAX_RATE '2018/04/27';
2018-04-27 13:57:49 EXEC SPC_COM_GET_COMBOBOX 'unit_w_div';
2018-04-27 13:57:51 EXEC SPC_014_INVOICE_DETAIL_INQ2 'E-180427001','U','S-18030025','1';
2018-04-27 13:57:51 EXEC SPC_COM_GET_COMBOBOX 'sales_detail_div';
2018-04-27 13:57:51 EXEC SPC_GET_TAX_RATE '2018/04/27';
2018-04-27 13:57:51 EXEC SPC_COM_GET_COMBOBOX 'unit_m_div';
2018-04-27 13:57:51 EXEC SPC_COM_GET_COMBOBOX 'unit_q_div';
2018-04-27 13:57:51 EXEC SPC_COM_GET_COMBOBOX 'unit_w_div';
2018-04-27 13:57:54 EXEC SPC_014_INVOICE_DETAIL_INQ2 'E-180427001','U','S-18030024','1';
2018-04-27 13:57:55 EXEC SPC_COM_GET_COMBOBOX 'sales_detail_div';
2018-04-27 13:57:55 EXEC SPC_COM_GET_COMBOBOX 'unit_w_div';
2018-04-27 13:57:55 EXEC SPC_GET_TAX_RATE '2018/04/27';
2018-04-27 13:57:55 EXEC SPC_COM_GET_COMBOBOX 'unit_q_div';
2018-04-27 13:57:55 EXEC SPC_COM_GET_COMBOBOX 'unit_m_div';
2018-04-27 13:57:57 EXEC SPC_014_INVOICE_DETAIL_INQ2 'E-180427001','U','S-18030023','1';
2018-04-27 13:58:28 EXEC SPC_014_INVOICE_DETAIL_ACT1 'I','E-180427001','1','','S-18030024','','J-18010018','','','2018/04/27','2018/04/27','','','','F0201','Rapport Co., Ltd','43 and 45, Soi Ladproa 115, Ladproa Rd., Klongjan, Bangkapi,','Bangkok 10240,','','008','TH','66-2-7342800','66-2-7047369','','Rapport Co., Ltd','43 and 45, Soi Ladproa 115, Ladproa Rd., Klongjan, Bangkapi,','Bangkok 10240,','','008','TH','66-2-7342800','66-2-7047369','RAPPORT','','','','Standard Export Carton','01','USD','060','01','03','008','TH','15','Advance payment by T.T.','[{"inv_detail_no":"1","sales_detail_div":"","product_cd":"000115","description":"BR-5200P","qty":"1","unit_of_m_div":"","unit_price":"4343","amount":"4343","detail_tax":"52.12","unit_measure_qty":"111","unit_measure_price":"","outside_remarks":"","unit_net_weight":"1.8","unit_net_weight_div":"","net_weight":"1.8","unit_gross_weight":"1","gross_weight":"1","measure":"111"},{"inv_detail_no":"2","sales_detail_div":"","product_cd":"000115","description":"MM1","qty":"1","unit_of_m_div":"","unit_price":"5346.86","amount":"5346.86","detail_tax":"64.17","unit_measure_qty":"17","unit_measure_price":"","outside_remarks":"","unit_net_weight":"12","unit_net_weight_div":"","net_weight":"12","unit_gross_weight":"15","gross_weight":"15","measure":"17"},{"inv_detail_no":"3","sales_detail_div":"","product_cd":"000115","description":"BR-5200P","qty":"1","unit_of_m_div":"","unit_price":"4343","amount":"4343","detail_tax":"52.12","unit_measure_qty":"111","unit_measure_price":"","outside_remarks":"","unit_net_weight":"1.8","unit_net_weight_div":"","net_weight":"1.8","unit_gross_weight":"1","gross_weight":"1","measure":"111"},{"inv_detail_no":"4","sales_detail_div":"","product_cd":"000115","description":"MM1","qty":"1","unit_of_m_div":"","unit_price":"5346.86","amount":"5346.86","detail_tax":"64.17","unit_measure_qty":"17","unit_measure_price":"","outside_remarks":"","unit_net_weight":"12","unit_net_weight_div":"","net_weight":"12","unit_gross_weight":"15","gross_weight":"15","measure":"17"}]','4','','32','','27.6','','256','','19379.72','0','0','0','19379.72','[{"inv_carton_detail_no":"1","inv_fwd_detail_no":"1","carton_number":"20","carton_product_cd":"","carton_qty":"10","carton_unit_net_weight_div":"","carton_unit_net_weight":"1.8","carton_net_weight":"18","carton_unit_gross_weight":"1","carton_gross_weight":"10","carton_measure_div":"","carton_unit_measure":"111","carton_measure":"1110"}]','10','18','10','1110','1','001','Japan','APEL CO.,LTD.','001','test ok test ok','001','014_invoice-detail','192.168.5.206';
2018-04-27 13:58:33 EXEC SPC_014_INVOICE_DETAIL_INQ2 'S-18030025','1';
2018-04-27 16:34:36 EXEC SPC_COM_GET_COMBOBOX 'port_city_div';
2018-04-27 16:34:37 EXEC SPC_COM_GET_COMBOBOX 'sales_detail_div';
2018-04-27 16:34:37 EXEC SPC_COM_GET_COMBOBOX 'shipment_div';
2018-04-27 16:34:37 EXEC SPC_COM_GET_COMBOBOX 'unit_q_div';
2018-04-27 16:34:37 EXEC SPC_COM_GET_COMBOBOX 'port_country_div';
2018-04-27 16:34:37 EXEC SPC_COM_GET_COMBOBOX 'currency_div';
2018-04-27 16:34:38 EXEC SPC_COM_GET_COMBOBOX 'trade_terms_div';
2018-04-27 16:34:38 EXEC SPC_COM_GET_COMBOBOX 'unit_m_div';
2018-04-27 16:34:38 EXEC SPC_COM_GET_COMBOBOX 'unit_w_div';
2018-04-27 16:34:38 EXEC SPC_COM_GET_COMBOBOX 'payment_conditions_div';
2018-04-27 16:34:38 EXEC SPC_COM_GET_COMBOBOX 'storage_manager_div';
2018-04-27 16:34:38 EXEC SPC_GET_TAX_RATE '2018/04/27';
2018-04-27 16:35:41 EXEC SPC_COM_GET_COMBOBOX 'outsourcing_div';
2018-04-27 16:35:41 EXEC SPC_COM_GET_COMBOBOX 'done_div';
2018-04-27 16:35:41 EXEC SPC_COM_GET_COMBOBOX 'production_status_div';
2018-04-27 16:50:01 EXEC SPC_041_SHIFTING_REQUEST_DETAIL_INQ2 '6','';
2018-04-27 16:50:06 EXEC SPC_COMPONENT_PRODUCT_FND '','','','','1','10';
2018-04-27 16:50:09 EXEC SPC_041_SHIFTING_REQUEST_DETAIL_INQ2 '000123','';
2018-04-27 16:50:17 EXEC SPC_COMPONENT_PRODUCT_FND '','','','1','1','10';
2018-04-27 16:50:25 EXEC SPC_COMPONENT_PRODUCT_FND '','','1','1','1','10';
2018-04-27 16:54:22 EXEC SPC_COMPONENT_PRODUCT_FND '','','','','1','10';
2018-04-27 16:58:43 EXEC SPC_COMPONENT_PRODUCT_FND '','','','','1','10';
2018-04-27 17:06:58 EXEC SPC_COMPONENT_PRODUCT_FND '','','','','1','10';
2018-04-27 17:08:50 EXEC SPC_COMPONENT_PRODUCT_FND '','','1','','1','10';
2018-04-27 17:08:53 EXEC SPC_COMPONENT_PRODUCT_FND '','','1','1','1','10';
2018-04-27 17:11:07 EXEC SPC_COMPONENT_PRODUCT_FND '','','','','1','10';
2018-04-27 17:11:11 EXEC SPC_COMPONENT_PRODUCT_FND '','','','','2','10';
2018-04-27 17:11:12 EXEC SPC_COMPONENT_PRODUCT_FND '','','','','1','10';
2018-04-27 17:11:54 EXEC SPC_COMPONENT_PRODUCT_FND '','','','','1','10';
2018-04-27 17:11:56 EXEC SPC_COMPONENT_PRODUCT_FND '','','','','1','10';
2018-04-27 17:12:13 EXEC SPC_COMPONENT_PRODUCT_FND '','','','','1','10';
2018-04-27 17:12:35 EXEC SPC_COMPONENT_PRODUCT_FND '','','','1','1','10';
2018-04-27 17:12:38 EXEC SPC_COMPONENT_PRODUCT_FND '','','1','','1','10';
2018-04-27 17:12:42 EXEC SPC_COMPONENT_PRODUCT_FND '','','1','1','1','10';
2018-04-27 17:17:10 EXEC SPC_COM_GET_COMBOBOX 'port_country_div';
2018-04-27 17:17:10 EXEC SPC_COM_GET_COMBOBOX 'sales_detail_div';
2018-04-27 17:17:11 EXEC SPC_COM_GET_COMBOBOX 'unit_q_div';
2018-04-27 17:17:11 EXEC SPC_COM_GET_COMBOBOX 'unit_w_div';
2018-04-27 17:17:12 EXEC SPC_COM_GET_COMBOBOX 'port_city_div';
2018-04-27 17:17:12 EXEC SPC_COM_GET_COMBOBOX 'payment_conditions_div';
2018-04-27 17:17:12 EXEC SPC_COM_GET_COMBOBOX 'shipment_div';
2018-04-27 17:17:12 EXEC SPC_COM_GET_COMBOBOX 'unit_m_div';
2018-04-27 17:17:12 EXEC SPC_COM_GET_COMBOBOX 'currency_div';
2018-04-27 17:17:12 EXEC SPC_COM_GET_COMBOBOX 'trade_terms_div';
2018-04-27 17:17:12 EXEC SPC_COM_GET_COMBOBOX 'storage_manager_div';
2018-04-27 17:17:12 EXEC SPC_GET_TAX_RATE '2018/04/27';
2018-04-27 17:17:16 EXEC SPC_COM_GET_COMBOBOX 'inv_data_div';
2018-04-27 17:17:20 EXEC SPC_015_INVOICE_SEARCH_FND1 '','','','','','','','1','1','10';
2018-04-27 17:17:22 EXEC SPC_014_INVOICE_DETAIL_INQ1 'E-180426003';
2018-04-27 17:17:22 EXEC SPC_COM_GET_COMBOBOX 'unit_w_div';
2018-04-27 17:17:22 EXEC SPC_COM_GET_COMBOBOX 'unit_m_div';
2018-04-27 17:17:22 EXEC SPC_GET_TAX_RATE '2018/04/27';
2018-04-27 17:17:22 EXEC SPC_COM_GET_COMBOBOX 'unit_q_div';
2018-04-27 17:17:22 EXEC SPC_COM_GET_COMBOBOX 'sales_detail_div';
2018-04-27 17:17:30 EXEC SPC_019_SHIPPING_MARK_EXPORT_FND1 'E-180426003';
2018-04-27 17:30:22 EXEC SPC_019_SHIPPING_MARK_EXPORT_FND1 'E-180426003';
2018-04-27 17:30:53 EXEC SPC_019_SHIPPING_MARK_EXPORT_FND1 'E-180426003';
2018-04-27 17:35:48 EXEC SPC_019_SHIPPING_MARK_EXPORT_FND1 'E-180426003';
2018-04-27 17:43:45 EXEC SPC_019_SHIPPING_MARK_EXPORT_FND1 'E-180426003';
2018-04-27 17:44:05 EXEC SPC_COM_GET_COMBOBOX 'inv_data_div';
2018-04-27 17:44:09 EXEC SPC_015_INVOICE_SEARCH_FND1 '','','','','','','','1','1','10';
2018-04-27 17:44:10 EXEC SPC_014_INVOICE_DETAIL_INQ1 'E-180426003';
2018-04-27 17:44:11 EXEC SPC_GET_TAX_RATE '2018/04/27';
2018-04-27 17:44:12 EXEC SPC_COM_GET_COMBOBOX 'unit_q_div';
2018-04-27 17:44:12 EXEC SPC_COM_GET_COMBOBOX 'sales_detail_div';
2018-04-27 17:44:12 EXEC SPC_COM_GET_COMBOBOX 'unit_w_div';
2018-04-27 17:44:12 EXEC SPC_COM_GET_COMBOBOX 'unit_m_div';
2018-04-27 17:44:15 EXEC SPC_019_SHIPPING_MARK_EXPORT_FND1 'E-180426003';
2018-04-27 17:44:33 EXEC SPC_019_SHIPPING_MARK_EXPORT_FND1 'E-180426003';
2018-04-27 17:45:27 EXEC SPC_019_SHIPPING_MARK_EXPORT_FND1 'E-180426003';
2018-04-27 17:45:36 EXEC SPC_019_SHIPPING_MARK_EXPORT_FND1 'E-180426003';
2018-04-27 17:48:05 EXEC SPC_019_SHIPPING_MARK_EXPORT_FND1 'E-180426003';
2018-04-27 17:48:55 EXEC SPC_019_SHIPPING_MARK_EXPORT_FND1 'E-180426003';
2018-04-27 17:49:31 EXEC SPC_014_INVOICE_DETAIL_ACT1 'U','E-180426003','1','','S-18030025','','J-18010018','','','2018/04/27','2018/04/27','','','','F0201','Rapport Co., Ltd','43 and 45, Soi Ladproa 115, Ladproa Rd., Klongjan, Bangkapi,','Bangkok 10240,','','008','TH','66-2-7342800','66-2-7047369','','Rapport Co., Ltd','43 and 45, Soi Ladproa 115, Ladproa Rd., Klongjan, Bangkapi,','Bangkok 10240,','','008','TH','66-2-7342800','66-2-7047369','ARTH AL.RAFIDAIN','Erbil','3','MADE IN JAPAN','Standard Export Carton','01','USD','060','01','04','008','TH','13','Advance payment by T.T.','[{"inv_detail_no":"1","sales_detail_div":"","product_cd":"000115","description":"BR-5200P","qty":"1","unit_of_m_div":"","unit_price":"4343","amount":"4343","detail_tax":"52.12","unit_measure_qty":"111","unit_measure_price":"","outside_remarks":"","unit_net_weight":"1.8","unit_net_weight_div":"","net_weight":"1.8","unit_gross_weight":"1","gross_weight":"1","measure":"111"},{"inv_detail_no":"2","sales_detail_div":"","product_cd":"000115","description":"MM1","qty":"1","unit_of_m_div":"","unit_price":"5346.86","amount":"5346.86","detail_tax":"64.17","unit_measure_qty":"17","unit_measure_price":"","outside_remarks":"","unit_net_weight":"12","unit_net_weight_div":"","net_weight":"12","unit_gross_weight":"15","gross_weight":"15","measure":"17"},{"inv_detail_no":"3","sales_detail_div":"","product_cd":"000115","description":"BR-5200P","qty":"1","unit_of_m_div":"","unit_price":"4343","amount":"4343","detail_tax":"52.12","unit_measure_qty":"111","unit_measure_price":"","outside_remarks":"","unit_net_weight":"1.8","unit_net_weight_div":"","net_weight":"1.8","unit_gross_weight":"1","gross_weight":"1","measure":"111"},{"inv_detail_no":"4","sales_detail_div":"","product_cd":"000115","description":"MM1","qty":"1","unit_of_m_div":"","unit_price":"5346.86","amount":"5346.86","detail_tax":"64.17","unit_measure_qty":"17","unit_measure_price":"","outside_remarks":"","unit_net_weight":"12","unit_net_weight_div":"","net_weight":"12","unit_gross_weight":"15","gross_weight":"15","measure":"17"}]','4','','32','','27.6','','256','','19379.72','100000','99999999','0','100119378.72','[{"inv_carton_detail_no":"1","inv_fwd_detail_no":"3","carton_number":"2","carton_product_cd":"","carton_qty":"2","carton_unit_net_weight_div":"","carton_unit_net_weight":"1.8","carton_net_weight":"3.6","carton_unit_gross_weight":"1","carton_gross_weight":"2","carton_measure_div":"","carton_unit_measure":"111","carton_measure":"222"},{"inv_carton_detail_no":"2","inv_fwd_detail_no":"2","carton_number":"22","carton_product_cd":"","carton_qty":"22","carton_unit_net_weight_div":"","carton_unit_net_weight":"12","carton_net_weight":"264","carton_unit_gross_weight":"15","carton_gross_weight":"330","carton_measure_div":"","carton_unit_measure":"17","carton_measure":"374"},{"inv_carton_detail_no":"3","inv_fwd_detail_no":"4","carton_number":"11","carton_product_cd":"000115","carton_qty":"22","carton_unit_net_weight_div":"","carton_unit_net_weight":"12","carton_net_weight":"264","carton_unit_gross_weight":"15","carton_gross_weight":"330","carton_measure_div":"","carton_unit_measure":"17","carton_measure":"374"}]','46','531.6','662','970','3','','Japan','APEL CO.,LTD.','002','test ok','','014_invoice-detail','';
2018-04-27 17:49:32 EXEC SPC_014_INVOICE_DETAIL_INQ1 'E-180426003';
2018-04-27 17:49:33 EXEC SPC_COM_GET_COMBOBOX 'unit_q_div';
2018-04-27 17:49:33 EXEC SPC_GET_TAX_RATE '2018/04/27';
2018-04-27 17:49:34 EXEC SPC_COM_GET_COMBOBOX 'sales_detail_div';
2018-04-27 17:49:34 EXEC SPC_COM_GET_COMBOBOX 'unit_m_div';
2018-04-27 17:49:34 EXEC SPC_COM_GET_COMBOBOX 'unit_w_div';
2018-04-27 17:49:36 EXEC SPC_019_SHIPPING_MARK_EXPORT_FND1 'E-180426003';
2018-04-27 17:50:35 EXEC SPC_019_SHIPPING_MARK_EXPORT_FND1 'E-180426003';
2018-04-27 17:54:51 EXEC SPC_019_SHIPPING_MARK_EXPORT_FND1 'E-180426003';
2018-04-27 17:57:02 EXEC SPC_019_SHIPPING_MARK_EXPORT_FND1 'E-180426003';
2018-04-27 17:57:35 EXEC SPC_019_SHIPPING_MARK_EXPORT_FND1 'E-180426003';
2018-04-27 17:58:10 EXEC SPC_019_SHIPPING_MARK_EXPORT_FND1 'E-180426003';
2018-04-27 18:03:27 EXEC SPC_019_SHIPPING_MARK_EXPORT_FND1 'E-180426003';
2018-04-27 18:03:34 EXEC SPC_014_INVOICE_DETAIL_INQ1 'E-180426004';
2018-04-27 18:03:34 EXEC SPC_COM_GET_COMBOBOX 'unit_q_div';
2018-04-27 18:03:35 EXEC SPC_GET_TAX_RATE '2018/04/27';
2018-04-27 18:03:35 EXEC SPC_COM_GET_COMBOBOX 'unit_w_div';
2018-04-27 18:03:35 EXEC SPC_COM_GET_COMBOBOX 'unit_m_div';
2018-04-27 18:03:36 EXEC SPC_COM_GET_COMBOBOX 'sales_detail_div';
2018-04-27 18:03:38 EXEC SPC_014_INVOICE_DETAIL_INQ1 'E-180426011';
2018-04-27 18:03:38 EXEC SPC_COM_GET_COMBOBOX 'unit_q_div';
2018-04-27 18:03:38 EXEC SPC_COM_GET_COMBOBOX 'unit_m_div';
2018-04-27 18:03:38 EXEC SPC_COM_GET_COMBOBOX 'unit_w_div';
2018-04-27 18:03:38 EXEC SPC_COM_GET_COMBOBOX 'sales_detail_div';
2018-04-27 18:03:38 EXEC SPC_GET_TAX_RATE '2018/04/27';
2018-04-27 18:03:42 EXEC SPC_014_INVOICE_DETAIL_INQ1 'E-180426000';
2018-04-27 18:03:44 EXEC SPC_019_SHIPPING_MARK_EXPORT_FND1 'E-180426000';
2018-04-27 18:04:02 EXEC SPC_019_SHIPPING_MARK_EXPORT_FND1 'E-180426000';
2018-04-27 18:04:19 EXEC SPC_019_SHIPPING_MARK_EXPORT_FND1 'E-180426000';
2018-04-27 18:05:18 EXEC SPC_019_SHIPPING_MARK_EXPORT_FND1 'E-180426000';
2018-04-27 18:05:30 EXEC SPC_019_SHIPPING_MARK_EXPORT_FND1 'E-180426000';
2018-04-27 18:05:41 EXEC SPC_019_SHIPPING_MARK_EXPORT_FND1 'E-180426000';
2018-04-27 18:05:52 EXEC SPC_014_INVOICE_DETAIL_INQ1 'E-180426004';
2018-04-27 18:05:52 EXEC SPC_GET_TAX_RATE '2018/04/27';
2018-04-27 18:05:53 EXEC SPC_COM_GET_COMBOBOX 'unit_q_div';
2018-04-27 18:05:53 EXEC SPC_COM_GET_COMBOBOX 'sales_detail_div';
2018-04-27 18:05:53 EXEC SPC_COM_GET_COMBOBOX 'unit_m_div';
2018-04-27 18:05:53 EXEC SPC_COM_GET_COMBOBOX 'unit_w_div';
2018-04-27 18:05:55 EXEC SPC_019_SHIPPING_MARK_EXPORT_FND1 'E-180426004';
2018-04-27 18:06:14 EXEC SPC_019_SHIPPING_MARK_EXPORT_FND1 'E-180426004';
2018-04-27 18:06:30 EXEC SPC_019_SHIPPING_MARK_EXPORT_FND1 'E-180426004';
2018-04-27 18:06:52 EXEC SPC_019_SHIPPING_MARK_EXPORT_FND1 'E-180426004';
2018-04-27 18:07:06 EXEC SPC_019_SHIPPING_MARK_EXPORT_FND1 'E-180426004';
2018-04-27 18:07:34 EXEC SPC_014_INVOICE_DETAIL_INQ1 'E-180426000';
2018-04-27 18:07:37 EXEC SPC_019_SHIPPING_MARK_EXPORT_FND1 'E-180426000';
2018-04-27 18:16:22 EXEC SPC_019_SHIPPING_MARK_EXPORT_FND1 'E-180426000';
2018-04-27 18:16:25 EXEC SPC_014_INVOICE_DETAIL_INQ1 'E-180426004';
2018-04-27 18:16:26 EXEC SPC_GET_TAX_RATE '2018/04/27';
2018-04-27 18:16:27 EXEC SPC_COM_GET_COMBOBOX 'unit_q_div';
2018-04-27 18:16:27 EXEC SPC_COM_GET_COMBOBOX 'unit_w_div';
2018-04-27 18:16:27 EXEC SPC_COM_GET_COMBOBOX 'sales_detail_div';
2018-04-27 18:16:27 EXEC SPC_COM_GET_COMBOBOX 'unit_m_div';
2018-04-27 18:16:28 EXEC SPC_GET_CONSTANT '';
2018-04-27 18:16:29 EXEC SPC_018_PACKING_LIST_SEARCH_ACT1 '{"inv_no":"E-180426004"}','','018_packing-list-excel','';
2018-04-27 18:21:01 EXEC SPC_019_SHIPPING_MARK_EXPORT_FND1 'E-180426004';
2018-04-27 18:25:36 EXEC SPC_COM_GET_COMBOBOX 'inv_data_div';
2018-04-27 18:25:39 EXEC SPC_015_INVOICE_SEARCH_FND1 '','','','','','','','1','1','10';
2018-04-27 18:25:43 EXEC SPC_014_INVOICE_DETAIL_INQ1 'E-180426003';
2018-04-27 18:25:43 EXEC SPC_GET_TAX_RATE '2018/04/27';
2018-04-27 18:25:44 EXEC SPC_COM_GET_COMBOBOX 'unit_m_div';
2018-04-27 18:25:44 EXEC SPC_COM_GET_COMBOBOX 'unit_w_div';
2018-04-27 18:25:44 EXEC SPC_COM_GET_COMBOBOX 'unit_q_div';
2018-04-27 18:25:44 EXEC SPC_COM_GET_COMBOBOX 'sales_detail_div';
2018-04-27 18:25:48 EXEC SPC_019_SHIPPING_MARK_EXPORT_FND1 'E-180426003';
2018-04-27 18:31:22 EXEC SPC_019_SHIPPING_MARK_EXPORT_FND1 'E-180426003';
2018-04-27 18:31:33 EXEC SPC_019_SHIPPING_MARK_EXPORT_FND1 'E-180426003';
2018-04-27 18:36:34 EXEC SPC_019_SHIPPING_MARK_EXPORT_FND1 'E-180426003';
2018-04-27 18:36:43 EXEC SPC_019_SHIPPING_MARK_EXPORT_FND1 'E-180426003';
2018-04-27 18:37:22 EXEC SPC_019_SHIPPING_MARK_EXPORT_FND1 'E-180426003';
2018-04-27 18:39:07 EXEC SPC_019_SHIPPING_MARK_EXPORT_FND1 'E-180426003';
2018-04-27 18:41:04 EXEC SPC_019_SHIPPING_MARK_EXPORT_FND1 'E-180426003';
2018-04-27 18:45:51 EXEC SPC_COM_GET_COMBOBOX 'inv_data_div';
2018-04-27 18:45:54 EXEC SPC_015_INVOICE_SEARCH_FND1 '','','','','','','','1','1','10';
2018-04-27 18:46:02 EXEC SPC_014_INVOICE_DETAIL_INQ1 'E-180426006';
2018-04-27 18:46:03 EXEC SPC_GET_TAX_RATE '2018/04/27';
2018-04-27 18:46:04 EXEC SPC_COM_GET_COMBOBOX 'unit_m_div';
2018-04-27 18:46:04 EXEC SPC_COM_GET_COMBOBOX 'unit_w_div';
2018-04-27 18:46:04 EXEC SPC_COM_GET_COMBOBOX 'sales_detail_div';
2018-04-27 18:46:04 EXEC SPC_COM_GET_COMBOBOX 'unit_q_div';
2018-04-27 18:46:15 EXEC SPC_019_SHIPPING_MARK_EXPORT_FND1 'E-180426006';
2018-04-27 19:00:12 EXEC SPC_019_SHIPPING_MARK_EXPORT_FND1 'E-180426006';
2018-04-27 19:01:48 EXEC SPC_019_SHIPPING_MARK_EXPORT_FND1 'E-180426006';
2018-04-27 19:06:31 EXEC SPC_019_SHIPPING_MARK_EXPORT_FND1 'E-180426006';
2018-04-27 19:06:53 EXEC SPC_COM_GET_COMBOBOX 'fwd_status_div';
2018-04-27 19:06:56 EXEC SPC_011_SHIPMENT_SEARCH_FND1 '','','','','','20','1','10';
2018-04-27 19:06:58 EXEC SPC_014_INVOICE_DETAIL_INQ2 'E-180426006','U','S-18030008','1';
2018-04-27 19:06:59 EXEC SPC_COM_GET_COMBOBOX 'unit_q_div';
2018-04-27 19:07:01 EXEC SPC_COM_GET_COMBOBOX 'sales_detail_div';
2018-04-27 19:07:01 EXEC SPC_GET_TAX_RATE '2018/04/27';
2018-04-27 19:07:01 EXEC SPC_COM_GET_COMBOBOX 'unit_m_div';
2018-04-27 19:07:01 EXEC SPC_COM_GET_COMBOBOX 'unit_w_div';
2018-04-27 19:07:06 EXEC SPC_COM_GET_COMBOBOX 'inv_data_div';
2018-04-27 19:07:08 EXEC SPC_015_INVOICE_SEARCH_FND1 '','','','','','','','1','1','10';
2018-04-27 19:07:10 EXEC SPC_014_INVOICE_DETAIL_INQ1 'E-180426003';
2018-04-27 19:07:11 EXEC SPC_COM_GET_COMBOBOX 'unit_q_div';
2018-04-27 19:07:11 EXEC SPC_COM_GET_COMBOBOX 'sales_detail_div';
2018-04-27 19:07:11 EXEC SPC_COM_GET_COMBOBOX 'unit_m_div';
2018-04-27 19:07:11 EXEC SPC_COM_GET_COMBOBOX 'unit_w_div';
2018-04-27 19:07:13 EXEC SPC_019_SHIPPING_MARK_EXPORT_FND1 'E-180426003';
2018-04-27 19:14:01 EXEC SPC_COM_GET_COMBOBOX 'inv_data_div';
2018-04-27 19:14:04 EXEC SPC_015_INVOICE_SEARCH_FND1 '','','','','','','','1','1','10';
2018-04-27 19:14:13 EXEC SPC_015_INVOICE_SEARCH_FND1 '','','','','','','','0','1','10';
2018-04-27 19:14:15 EXEC SPC_014_INVOICE_DETAIL_INQ1 'E-180424004';
2018-04-27 19:14:16 EXEC SPC_GET_TAX_RATE '2018/04/27';
2018-04-27 19:14:17 EXEC SPC_COM_GET_COMBOBOX 'unit_q_div';
2018-04-27 19:14:17 EXEC SPC_COM_GET_COMBOBOX 'unit_w_div';
2018-04-27 19:14:17 EXEC SPC_COM_GET_COMBOBOX 'sales_detail_div';
2018-04-27 19:14:17 EXEC SPC_COM_GET_COMBOBOX 'unit_m_div';
2018-04-27 19:14:18 EXEC SPC_019_SHIPPING_MARK_EXPORT_FND1 'E-180424004';
2018-04-27 19:14:59 EXEC SPC_019_SHIPPING_MARK_EXPORT_FND1 'E-180424004';
2018-04-27 19:15:36 EXEC SPC_COM_GET_COMBOBOX 'inv_data_div';
2018-04-27 19:15:39 EXEC SPC_015_INVOICE_SEARCH_FND1 '','','','','','','','0','1','10';
2018-04-27 19:15:46 EXEC SPC_015_INVOICE_SEARCH_FND1 '','','','','','','','0','470','10';
2018-04-27 19:15:50 EXEC SPC_014_INVOICE_DETAIL_INQ1 'E-180424006';
2018-04-27 19:15:51 EXEC SPC_GET_TAX_RATE '2018/04/27';
2018-04-27 19:15:51 EXEC SPC_COM_GET_COMBOBOX 'unit_w_div';
2018-04-27 19:15:51 EXEC SPC_COM_GET_COMBOBOX 'unit_m_div';
2018-04-27 19:15:51 EXEC SPC_COM_GET_COMBOBOX 'sales_detail_div';
2018-04-27 19:15:51 EXEC SPC_COM_GET_COMBOBOX 'unit_q_div';
2018-04-27 19:15:53 EXEC SPC_019_SHIPPING_MARK_EXPORT_FND1 'E-180424006';
2018-04-27 19:15:59 EXEC SPC_COM_GET_COMBOBOX 'inv_data_div';
2018-04-27 19:16:03 EXEC SPC_015_INVOICE_SEARCH_FND1 '','','','','','','','0','1','10';
2018-04-27 19:16:06 EXEC SPC_014_INVOICE_DETAIL_INQ1 'E-180424004';
2018-04-27 19:16:07 EXEC SPC_COM_GET_COMBOBOX 'unit_q_div';
2018-04-27 19:16:07 EXEC SPC_COM_GET_COMBOBOX 'unit_w_div';
2018-04-27 19:16:07 EXEC SPC_COM_GET_COMBOBOX 'sales_detail_div';
2018-04-27 19:16:07 EXEC SPC_COM_GET_COMBOBOX 'unit_m_div';
2018-04-27 19:16:17 EXEC SPC_019_SHIPPING_MARK_EXPORT_FND1 'E-180424004';
2018-04-27 19:17:41 EXEC SPC_019_SHIPPING_MARK_EXPORT_FND1 'E-180424004';
2018-04-27 19:18:34 EXEC SPC_014_INVOICE_DETAIL_INQ1 'E-180424000';
2018-04-27 19:18:37 EXEC SPC_019_SHIPPING_MARK_EXPORT_FND1 'E-180424000';
2018-04-27 19:19:05 EXEC SPC_COM_GET_COMBOBOX 'inv_data_div';
2018-04-27 19:19:08 EXEC SPC_015_INVOICE_SEARCH_FND1 '','','','','','','','1','1','10';
2018-04-27 19:19:12 EXEC SPC_014_INVOICE_DETAIL_INQ1 'E-180424009';
2018-04-27 19:19:13 EXEC SPC_GET_TAX_RATE '2018/04/27';
2018-04-27 19:19:13 EXEC SPC_COM_GET_COMBOBOX 'unit_w_div';
2018-04-27 19:19:13 EXEC SPC_COM_GET_COMBOBOX 'unit_q_div';
2018-04-27 19:19:13 EXEC SPC_COM_GET_COMBOBOX 'unit_m_div';
2018-04-27 19:19:13 EXEC SPC_COM_GET_COMBOBOX 'sales_detail_div';
2018-04-27 19:19:19 EXEC SPC_019_SHIPPING_MARK_EXPORT_FND1 'E-180424009';
2018-04-27 19:23:05 EXEC SPC_014_INVOICE_DETAIL_ACT1 'U','E-180424009','1','','S-18040076','','J-18040058','','','2018/04/27','2018/04/27','','','','F0069','DIAMED','205 Shahid Syed Nazrul Islam Shawrani Dhaka-1000,','','','020','BD','880-2-7168780','880-2-9554322','','DIAMED','205 Shahid Syed Nazrul Islam Shawrani Dhaka-1000,','','','020','BD','880-2-7168780','880-2-9554322','DIAMED','DHAKA','','MADE IN JAPAN','Standard Export Carton','','USD','060','01','04','007','BH','01','Payment by cash','[{"inv_detail_no":"1","sales_detail_div":"","product_cd":"PD-003","description":"Shutdown Cable","qty":"5","unit_of_m_div":"001","unit_price":"15000","amount":"75000","detail_tax":"6000","unit_measure_qty":"324","unit_measure_price":"002","outside_remarks":"","unit_net_weight":"321","unit_net_weight_div":"","net_weight":"1605","unit_gross_weight":"4322","gross_weight":"21610","measure":"1620"}]','5','001','21610','','1605','','1620','002','75000','0','0','0','75000','[{"inv_carton_detail_no":"1","inv_fwd_detail_no":"1","carton_number":"44","carton_product_cd":"","carton_qty":"44","carton_unit_net_weight_div":"","carton_unit_net_weight":"321","carton_net_weight":"14124","carton_unit_gross_weight":"4322","carton_gross_weight":"190168","carton_measure_div":"002","carton_unit_measure":"324","carton_measure":"14256"}]','77','14124','190168','14256','1','','Japan','APEL CO.,LTD.','812','','','014_invoice-detail','';
2018-04-27 19:23:06 EXEC SPC_014_INVOICE_DETAIL_INQ1 'E-180424009';
2018-04-27 19:23:07 EXEC SPC_GET_TAX_RATE '2018/04/27';
2018-04-27 19:23:07 EXEC SPC_COM_GET_COMBOBOX 'unit_q_div';
2018-04-27 19:23:07 EXEC SPC_COM_GET_COMBOBOX 'unit_m_div';
2018-04-27 19:23:07 EXEC SPC_COM_GET_COMBOBOX 'unit_w_div';
2018-04-27 19:23:07 EXEC SPC_COM_GET_COMBOBOX 'sales_detail_div';
2018-04-27 19:23:43 EXEC SPC_COM_GET_COMBOBOX 'inv_data_div';
2018-04-27 19:23:46 EXEC SPC_015_INVOICE_SEARCH_FND1 '','','','','','','','0','1','10';
2018-04-27 19:23:49 EXEC SPC_014_INVOICE_DETAIL_INQ1 'E-180424004';
2018-04-27 19:23:50 EXEC SPC_COM_GET_COMBOBOX 'sales_detail_div';
2018-04-27 19:23:50 EXEC SPC_COM_GET_COMBOBOX 'unit_m_div';
2018-04-27 19:23:50 EXEC SPC_GET_TAX_RATE '2018/04/27';
2018-04-27 19:23:50 EXEC SPC_COM_GET_COMBOBOX 'unit_q_div';
2018-04-27 19:23:50 EXEC SPC_COM_GET_COMBOBOX 'unit_w_div';
2018-04-27 19:23:55 EXEC SPC_019_SHIPPING_MARK_EXPORT_FND1 'E-180424004';
2018-04-27 19:23:59 EXEC SPC_GET_CONSTANT '';
2018-04-27 19:23:59 EXEC SPC_018_PACKING_LIST_SEARCH_ACT1 '{"inv_no":"E-180424004"}','','018_packing-list-excel','';
2018-04-27 19:24:10 EXEC SPC_GET_CONSTANT '';
2018-04-27 19:24:10 EXEC SPC_016_INVOICE_EXPORT_ACT1 '{"inv_no":"E-180424004"}','t_inv_delivery_print','','016-invoice-excel','';
2018-04-27 19:24:16 EXEC SPC_GET_CONSTANT '';
2018-04-27 19:24:16 EXEC SPC_018_PACKING_LIST_SEARCH_ACT1 '{"inv_no":"E-180424004"}','','018_packing-list-excel','';
2018-04-27 19:24:26 EXEC SPC_GET_CONSTANT '';
2018-04-27 19:24:26 EXEC SPC_018_PACKING_LIST_SEARCH_ACT1 '{"inv_no":"E-180424004"}','','018_packing-list-excel','';
2018-04-27 19:26:03 EXEC SPC_COM_GET_COMBOBOX 'inv_data_div';
2018-04-27 19:26:06 EXEC SPC_015_INVOICE_SEARCH_FND1 '','','','','','','','1','1','10';
2018-04-27 19:26:08 EXEC SPC_014_INVOICE_DETAIL_INQ1 'E-180424007';
2018-04-27 19:26:08 EXEC SPC_GET_TAX_RATE '2018/04/27';
2018-04-27 19:26:09 EXEC SPC_COM_GET_COMBOBOX 'unit_q_div';
2018-04-27 19:26:09 EXEC SPC_COM_GET_COMBOBOX 'unit_m_div';
2018-04-27 19:26:09 EXEC SPC_COM_GET_COMBOBOX 'sales_detail_div';
2018-04-27 19:26:09 EXEC SPC_COM_GET_COMBOBOX 'unit_w_div';
2018-04-27 19:26:12 EXEC SPC_GET_CONSTANT '';
2018-04-27 19:26:12 EXEC SPC_018_PACKING_LIST_SEARCH_ACT1 '{"inv_no":"E-180424007"}','','018_packing-list-excel','';
2018-04-27 19:26:20 EXEC SPC_GET_CONSTANT '';
2018-04-27 19:26:20 EXEC SPC_016_INVOICE_EXPORT_ACT1 '{"inv_no":"E-180424007"}','t_inv_print','','016-invoice-excel','';
2018-04-27 19:28:51 EXEC SPC_GET_CONSTANT '';
2018-04-27 19:28:51 EXEC SPC_018_PACKING_LIST_SEARCH_ACT1 '{"inv_no":"E-180424007"}','','018_packing-list-excel','';
2018-04-27 19:29:42 EXEC SPC_GET_CONSTANT '';
2018-04-27 19:29:42 EXEC SPC_018_PACKING_LIST_SEARCH_ACT1 '{"inv_no":"E-180424007"}','','018_packing-list-excel','';
2018-04-27 19:30:09 EXEC SPC_GET_CONSTANT '';
2018-04-27 19:30:09 EXEC SPC_018_PACKING_LIST_SEARCH_ACT1 '{"inv_no":"E-180424007"}','','018_packing-list-excel','';
2018-04-27 19:41:38 EXEC SPC_019_SHIPPING_MARK_EXPORT_FND1 'E-180424007';
