2018-07-06 12:24:25 EXEC SPC_073_LOGIN_ACT1 '812','812';
2018-07-06 12:24:25 EXEC SPC_GET_CONSTANT '';
2018-07-06 12:24:41 EXEC SPC_GET_PERMISSION_AUTH '999','suppliers-master-search','view';
2018-07-06 12:24:41 EXEC SPC_COM_GET_COMBOBOX 'sales_unit_price_kind_div';
2018-07-06 12:24:41 EXEC SPC_GET_PERMISSION_AUTH '999','suppliers-master-search','view';
2018-07-06 12:24:41 EXEC SPC_COM_GET_COMBOBOX 'sales_unit_price_kind_div';
2018-07-06 12:24:46 EXEC SPC_GET_PERMISSION_AUTH '999','suppliers-master-search','view';
2018-07-06 12:24:46 EXEC SPC_COM_GET_COMBOBOX 'sales_unit_price_kind_div';
2018-07-06 12:24:50 EXEC SPC_GET_PERMISSION_AUTH '999','pi-search','view';
2018-07-06 12:24:50 EXEC SPC_COM_GET_COMBOBOX 'pi_status_div';
2018-07-06 12:26:12 EXEC SPC_073_LOGIN_ACT1 '812','';
2018-07-06 12:26:18 EXEC SPC_073_LOGIN_ACT1 '812','812';
2018-07-06 12:26:18 EXEC SPC_GET_CONSTANT '';
2018-07-06 12:26:28 EXEC SPC_GET_PERMISSION_AUTH '999','pi-search','view';
2018-07-06 12:26:28 EXEC SPC_COM_GET_COMBOBOX 'pi_status_div';
2018-07-06 12:28:12 EXEC SPC_GET_PERMISSION_AUTH '999','pi-detail','view';
2018-07-06 12:28:12 EXEC SPC_COM_GET_COMBOBOX 'port_country_div';
2018-07-06 12:28:12 EXEC SPC_COM_GET_COMBOBOX 'port_city_div';
2018-07-06 12:28:12 EXEC SPC_COM_GET_COMBOBOX 'shipment_div';
2018-07-06 12:28:12 EXEC SPC_COM_GET_COMBOBOX 'currency_div';
2018-07-06 12:28:12 EXEC SPC_COM_GET_COMBOBOX 'trade_terms_div';
2018-07-06 12:28:12 EXEC SPC_COM_GET_COMBOBOX 'payment_conditions_div';
2018-07-06 12:28:12 EXEC SPC_COM_GET_COMBOBOX 'unit_q_div';
2018-07-06 12:28:12 EXEC SPC_COM_GET_COMBOBOX 'unit_w_div';
2018-07-06 12:28:12 EXEC SPC_COM_GET_COMBOBOX 'unit_m_div';
2018-07-06 12:28:12 EXEC SPC_COM_GET_COMBOBOX 'sales_detail_div';
2018-07-06 12:28:12 EXEC SPC_COM_GET_COMBOBOX 'bank_div';
2018-07-06 12:28:13 EXEC SPC_GET_TAX_RATE '2018/07/06';
2018-07-06 12:28:30 EXEC SPC_GET_PERMISSION_AUTH '999','pi-detail','view';
2018-07-06 12:28:30 EXEC SPC_COM_GET_COMBOBOX 'port_country_div';
2018-07-06 12:28:30 EXEC SPC_COM_GET_COMBOBOX 'port_city_div';
2018-07-06 12:28:30 EXEC SPC_COM_GET_COMBOBOX 'shipment_div';
2018-07-06 12:28:30 EXEC SPC_COM_GET_COMBOBOX 'currency_div';
2018-07-06 12:28:30 EXEC SPC_COM_GET_COMBOBOX 'trade_terms_div';
2018-07-06 12:28:30 EXEC SPC_COM_GET_COMBOBOX 'payment_conditions_div';
2018-07-06 12:28:30 EXEC SPC_COM_GET_COMBOBOX 'unit_q_div';
2018-07-06 12:28:30 EXEC SPC_COM_GET_COMBOBOX 'unit_w_div';
2018-07-06 12:28:30 EXEC SPC_COM_GET_COMBOBOX 'unit_m_div';
2018-07-06 12:28:30 EXEC SPC_COM_GET_COMBOBOX 'sales_detail_div';
2018-07-06 12:28:30 EXEC SPC_COM_GET_COMBOBOX 'bank_div';
2018-07-06 12:28:31 EXEC SPC_GET_TAX_RATE '2018/07/06';
2018-07-06 12:29:24 EXEC SPC_GET_PERMISSION_AUTH '999','pi-search','view';
2018-07-06 12:29:24 EXEC SPC_COM_GET_COMBOBOX 'pi_status_div';
