2018-07-19 13:10:53 EXEC SPC_073_LOGIN_ACT1 '802','802';
2018-07-19 13:11:05 EXEC SPC_073_LOGIN_ACT1 '812','812';
2018-07-19 13:11:05 EXEC SPC_GET_CONSTANT '';
2018-07-19 13:11:17 EXEC SPC_GET_PERMISSION_AUTH '999','pi-search','view';
2018-07-19 13:11:17 EXEC SPC_COM_GET_COMBOBOX 'pi_status_div';
2018-07-19 13:11:26 EXEC SPC_GET_PERMISSION_AUTH '999','pi-search','search';
2018-07-19 13:11:26 EXEC SPC_002_PI_SEARCH_FND1 '','','','','','','','','1','10';
2018-07-19 13:11:28 EXEC SPC_GET_PERMISSION_AUTH '999','pi-search','search';
2018-07-19 13:11:28 EXEC SPC_002_PI_SEARCH_FND1 '','','','','','','','10','1','10';
2018-07-19 13:11:30 EXEC SPC_GET_PERMISSION_AUTH '999','pi-detail','view';
2018-07-19 13:11:30 EXEC SPC_COM_GET_COMBOBOX 'port_country_div';
2018-07-19 13:11:30 EXEC SPC_COM_GET_COMBOBOX 'port_city_div';
2018-07-19 13:11:30 EXEC SPC_COM_GET_COMBOBOX 'shipment_div';
2018-07-19 13:11:30 EXEC SPC_COM_GET_COMBOBOX 'currency_div';
2018-07-19 13:11:30 EXEC SPC_COM_GET_COMBOBOX 'trade_terms_div';
2018-07-19 13:11:30 EXEC SPC_COM_GET_COMBOBOX 'payment_conditions_div';
2018-07-19 13:11:31 EXEC SPC_COM_GET_COMBOBOX 'unit_q_div';
2018-07-19 13:11:31 EXEC SPC_COM_GET_COMBOBOX 'unit_w_div';
2018-07-19 13:11:31 EXEC SPC_COM_GET_COMBOBOX 'unit_m_div';
2018-07-19 13:11:31 EXEC SPC_COM_GET_COMBOBOX 'sales_detail_div';
2018-07-19 13:11:31 EXEC SPC_COM_GET_COMBOBOX 'bank_div';
2018-07-19 13:11:32 EXEC SPC_GET_TAX_RATE '2018/07/19';
2018-07-19 13:11:32 EXEC SPC_GET_PERMISSION_AUTH '999','','view';
2018-07-19 13:11:32 EXEC SPC_COM_GET_COMBOBOX 'unit_q_div';
2018-07-19 13:11:32 EXEC SPC_COM_GET_COMBOBOX 'unit_w_div';
2018-07-19 13:11:32 EXEC SPC_COM_GET_COMBOBOX 'unit_m_div';
2018-07-19 13:11:32 EXEC SPC_COM_GET_COMBOBOX 'sales_detail_div';
2018-07-19 13:11:32 EXEC SPC_001_PI_DETAIL_INQ1 'RT-140121003';
2018-07-19 13:11:32 EXEC SPC_GET_TAX_RATE '2014/01/21';
2018-07-19 13:12:20 EXEC SPC_GET_PERMISSION_AUTH '999','pi-detail','view';
2018-07-19 13:12:20 EXEC SPC_COM_GET_COMBOBOX 'port_country_div';
2018-07-19 13:12:20 EXEC SPC_COM_GET_COMBOBOX 'port_city_div';
2018-07-19 13:12:20 EXEC SPC_COM_GET_COMBOBOX 'shipment_div';
2018-07-19 13:12:20 EXEC SPC_COM_GET_COMBOBOX 'currency_div';
2018-07-19 13:12:20 EXEC SPC_COM_GET_COMBOBOX 'trade_terms_div';
2018-07-19 13:12:20 EXEC SPC_COM_GET_COMBOBOX 'payment_conditions_div';
2018-07-19 13:12:20 EXEC SPC_COM_GET_COMBOBOX 'unit_q_div';
2018-07-19 13:12:20 EXEC SPC_COM_GET_COMBOBOX 'unit_w_div';
2018-07-19 13:12:20 EXEC SPC_COM_GET_COMBOBOX 'unit_m_div';
2018-07-19 13:12:20 EXEC SPC_COM_GET_COMBOBOX 'sales_detail_div';
2018-07-19 13:12:20 EXEC SPC_COM_GET_COMBOBOX 'bank_div';
2018-07-19 13:12:21 EXEC SPC_GET_PERMISSION_AUTH '999','','view';
2018-07-19 13:12:21 EXEC SPC_GET_TAX_RATE '2018/07/19';
2018-07-19 13:12:21 EXEC SPC_COM_GET_COMBOBOX 'unit_q_div';
2018-07-19 13:12:21 EXEC SPC_COM_GET_COMBOBOX 'unit_w_div';
2018-07-19 13:12:21 EXEC SPC_COM_GET_COMBOBOX 'unit_m_div';
2018-07-19 13:12:21 EXEC SPC_COM_GET_COMBOBOX 'sales_detail_div';
2018-07-19 13:12:21 EXEC SPC_001_PI_DETAIL_INQ1 'RT-140121003';
2018-07-19 13:12:21 EXEC SPC_GET_TAX_RATE '2014/01/21';
2018-07-19 13:12:30 EXEC SPC_GET_PERMISSION_AUTH '999','pi-detail','view';
2018-07-19 13:12:30 EXEC SPC_COM_GET_COMBOBOX 'port_country_div';
2018-07-19 13:12:30 EXEC SPC_COM_GET_COMBOBOX 'port_city_div';
2018-07-19 13:12:30 EXEC SPC_COM_GET_COMBOBOX 'shipment_div';
2018-07-19 13:12:30 EXEC SPC_COM_GET_COMBOBOX 'currency_div';
2018-07-19 13:12:30 EXEC SPC_COM_GET_COMBOBOX 'trade_terms_div';
2018-07-19 13:12:30 EXEC SPC_COM_GET_COMBOBOX 'payment_conditions_div';
2018-07-19 13:12:30 EXEC SPC_COM_GET_COMBOBOX 'unit_q_div';
2018-07-19 13:12:30 EXEC SPC_COM_GET_COMBOBOX 'unit_w_div';
2018-07-19 13:12:30 EXEC SPC_COM_GET_COMBOBOX 'unit_m_div';
2018-07-19 13:12:30 EXEC SPC_COM_GET_COMBOBOX 'sales_detail_div';
2018-07-19 13:12:30 EXEC SPC_COM_GET_COMBOBOX 'bank_div';
2018-07-19 13:12:31 EXEC SPC_GET_PERMISSION_AUTH '999','','view';
2018-07-19 13:12:31 EXEC SPC_GET_TAX_RATE '2018/07/19';
2018-07-19 13:12:31 EXEC SPC_COM_GET_COMBOBOX 'unit_q_div';
2018-07-19 13:12:31 EXEC SPC_COM_GET_COMBOBOX 'unit_w_div';
2018-07-19 13:12:31 EXEC SPC_COM_GET_COMBOBOX 'unit_m_div';
2018-07-19 13:12:31 EXEC SPC_COM_GET_COMBOBOX 'sales_detail_div';
2018-07-19 13:12:31 EXEC SPC_001_PI_DETAIL_INQ1 'RT-140121003';
2018-07-19 13:12:32 EXEC SPC_GET_TAX_RATE '2014/01/21';
