2018-05-28 10:25:33 EXEC SPC_COM_GET_COMBOBOX 'in_out_data_div';
2018-05-28 10:26:16 EXEC SPC_073_LOGIN_ACT1 '001','1234586';
2018-05-28 10:26:31 EXEC SPC_073_LOGIN_ACT1 '111','111';
2018-05-28 10:26:32 EXEC SPC_GET_CONSTANT '';
2018-05-28 12:59:10 EXEC SPC_COM_GET_COMBOBOX 'in_out_div';
2018-05-28 12:59:10 EXEC SPC_COM_GET_COMBOBOX 'in_out_data_div';
2018-05-28 12:59:25 EXEC SPC_COM_GET_COMBOBOX 'in_out_div';
2018-05-28 12:59:25 EXEC SPC_COM_GET_COMBOBOX 'in_out_data_div';
2018-05-28 12:59:35 EXEC SPC_073_LOGIN_ACT1 '001','123456';
2018-05-28 12:59:36 EXEC SPC_GET_CONSTANT '';
2018-05-28 12:59:43 EXEC SPC_COM_GET_COMBOBOX 'in_out_div';
2018-05-28 12:59:43 EXEC SPC_COM_GET_COMBOBOX 'in_out_data_div';
2018-05-28 12:59:52 EXEC SPC_COM_GET_COMBOBOX 'in_out_div';
2018-05-28 12:59:52 EXEC SPC_COM_GET_COMBOBOX 'in_out_data_div';
2018-05-28 12:59:58 EXEC SPC_COM_GET_COMBOBOX 'in_out_data_div';
2018-05-28 12:59:58 EXEC SPC_COM_GET_COMBOBOX 'in_out_div';
2018-05-28 13:00:57 EXEC SPC_COM_GET_COMBOBOX 'in_out_data_div';
2018-05-28 13:00:57 EXEC SPC_COM_GET_COMBOBOX 'in_out_div';
2018-05-28 13:01:10 EXEC SPC_COM_GET_COMBOBOX 'in_out_div';
2018-05-28 13:01:11 EXEC SPC_COM_GET_COMBOBOX 'in_out_data_div';
2018-05-28 13:01:16 EXEC SPC_COM_GET_COMBOBOX 'in_out_data_div';
2018-05-28 13:01:16 EXEC SPC_COM_GET_COMBOBOX 'in_out_div';
2018-05-28 13:01:19 EXEC SPC_COM_GET_COMBOBOX 'in_out_div';
2018-05-28 13:01:19 EXEC SPC_COM_GET_COMBOBOX 'in_out_data_div';
2018-05-28 13:03:08 EXEC SPC_WAREHOUSE_SEARCH '','','1','10';
2018-05-28 13:03:14 EXEC SPC_COMPONENT_PRODUCT_FND '','','','','1','10';
2018-05-28 13:03:16 EXEC SPC_048_INPUT_OUTPUT_DETAIL_INQ2 '000004';
2018-05-28 13:03:22 EXEC SPC_COMPONENT_PRODUCT_FND '','','','','1','10';
2018-05-28 13:03:23 EXEC SPC_048_INPUT_OUTPUT_DETAIL_INQ2 '000004';
2018-05-28 13:04:20 EXEC SPC_COMPONENT_PRODUCT_FND '','','1','','1','10';
2018-05-28 13:04:21 EXEC SPC_048_INPUT_OUTPUT_DETAIL_INQ2 '000011';
2018-05-28 13:04:28 EXEC SPC_COMPONENT_PRODUCT_FND '','','1','','1','10';
2018-05-28 13:04:29 EXEC SPC_048_INPUT_OUTPUT_DETAIL_INQ2 '000110';
2018-05-28 13:05:00 EXEC SPC_048_INPUT_OUTPUT_DETAIL_ACT2 '[{"in_out_detail_no":"1","item_cd":"000011","serial_no":"2","in_out_qty":"1","detail_remarks":""},{"in_out_detail_no":"2","item_cd":"000110","serial_no":"","in_out_qty":"1","detail_remarks":""}]';
2018-05-28 13:05:18 EXEC SPC_048_INPUT_OUTPUT_DETAIL_ACT2 '[{"in_out_detail_no":"1","item_cd":"000011","serial_no":"2","in_out_qty":"1","detail_remarks":""},{"in_out_detail_no":"2","item_cd":"000110","serial_no":"","in_out_qty":"1","detail_remarks":""}]';
2018-05-28 13:05:19 EXEC SPC_048_INPUT_OUTPUT_DETAIL_ACT1 'I','','2','2018/05/28','00','so0002','','[{"in_out_detail_no":"1","item_cd":"000011","serial_no":"2","in_out_qty":"1","detail_remarks":""},{"in_out_detail_no":"2","item_cd":"000110","serial_no":"","in_out_qty":"1","detail_remarks":""}]','001','048_input_output_detail','192.168.5.206';
2018-05-28 13:05:20 EXEC SPC_048_INPUT_OUTPUT_DETAIL_INQ1 'NY201805280001';
2018-05-28 13:08:10 EXEC SPC_GET_PERMISSION_AUTH '999','system-management/library-master-search';
2018-05-28 13:08:12 EXEC SPC_COM_GET_COMBOBOX 'possible_div';
2018-05-28 13:08:14 EXEC SPC_GET_PERMISSION_AUTH '999','system-management/library-master-search/search';
2018-05-28 13:08:14 EXEC SPC_057_LIBRARY_MASTER_SEARCH_FND1 '','','','','','1','10';
2018-05-28 13:08:18 EXEC SPC_GET_PERMISSION_AUTH '999','system-management/library-master';
2018-05-28 13:08:19 EXEC SPC_GET_PERMISSION_AUTH '999','system-management/library-master/refer-library-detail';
2018-05-28 13:08:19 EXEC SPC_056_LIBRARY_MASTER_INQ1 'allocation_div';
2018-05-28 13:11:31 EXEC SPC_COMPONENT_PRODUCT_FND '','','1','','1','10';
2018-05-28 13:11:32 EXEC SPC_048_INPUT_OUTPUT_DETAIL_INQ2 '000011';
2018-05-28 13:11:52 EXEC SPC_048_INPUT_OUTPUT_DETAIL_INQ2 '備考';
2018-05-28 13:11:55 EXEC SPC_048_INPUT_OUTPUT_DETAIL_INQ2 '000011';
2018-05-28 13:12:00 EXEC SPC_048_INPUT_OUTPUT_DETAIL_ACT2 '[{"in_out_detail_no":"1","item_cd":"000011","serial_no":"123","in_out_qty":"1","detail_remarks":""},{"in_out_detail_no":"2","item_cd":"000011","serial_no":"234","in_out_qty":"1","detail_remarks":""}]';
2018-05-28 13:12:08 EXEC SPC_COMPONENT_PRODUCT_FND '','','','1','1','10';
2018-05-28 13:12:09 EXEC SPC_048_INPUT_OUTPUT_DETAIL_INQ2 '000004';
2018-05-28 13:12:12 EXEC SPC_048_INPUT_OUTPUT_DETAIL_INQ2 '000004';
2018-05-28 13:26:48 EXEC SPC_COMPONENT_PRODUCT_FND '','','1','','1','10';
2018-05-28 13:26:50 EXEC SPC_048_INPUT_OUTPUT_DETAIL_INQ2 '000011';
2018-05-28 13:26:55 EXEC SPC_COMPONENT_PRODUCT_FND '','','1','','1','10';
2018-05-28 13:26:56 EXEC SPC_048_INPUT_OUTPUT_DETAIL_INQ2 '000011';
2018-05-28 13:29:14 EXEC SPC_GET_PERMISSION_AUTH '999','manufactureinstruction/manufacturing-instruction-search';
2018-05-28 13:29:17 EXEC SPC_COM_GET_COMBOBOX 'outsourcing_div';
2018-05-28 13:29:19 EXEC SPC_COM_GET_COMBOBOX 'production_status_div';
2018-05-28 13:29:19 EXEC SPC_COM_GET_COMBOBOX 'done_div';
2018-05-28 13:29:23 EXEC SPC_GET_PERMISSION_AUTH '999','manufactureinstruction/internalorder-search';
2018-05-28 13:29:28 EXEC SPC_COM_GET_COMBOBOX 'manufacture_status_div';
2018-05-28 13:29:29 EXEC SPC_GET_PERMISSION_AUTH '999','manufactureinstruction/internalorder-search/search';
2018-05-28 13:29:29 EXEC SPC_026_INTERNAL_ORDER_SEARCH_FND1 '','','','','','','1','10';
2018-05-28 13:29:33 EXEC SPC_GET_PERMISSION_AUTH '999','manufactureinstruction/internalorder-detail';
2018-05-28 13:29:36 EXEC SPC_COM_GET_COMBOBOX 'manufacture_kind_div';
2018-05-28 13:29:36 EXEC SPC_GET_PERMISSION_AUTH '999','manufactureinstruction/internalorder-detail/refer-internal-order';
2018-05-28 13:29:36 EXEC SPC_025_INTERNAL_ORDER_DETAIL_INQ1 '1801120001';
2018-05-28 13:29:37 EXEC SPC_COM_GET_COMBOBOX 'manufacture_kind_div';
2018-05-28 13:34:29 EXEC SPC_048_INPUT_OUTPUT_DETAIL_ACT2 '[{"in_out_detail_no":"1","item_cd":"000011","serial_no":"123","in_out_qty":"1","detail_remarks":""},{"in_out_detail_no":"2","item_cd":"000011","serial_no":"235","in_out_qty":"1","detail_remarks":""}]';
2018-05-28 13:34:44 EXEC SPC_048_INPUT_OUTPUT_DETAIL_ACT2 '[{"in_out_detail_no":"1","item_cd":"000011","serial_no":"123","in_out_qty":"1","detail_remarks":""},{"in_out_detail_no":"2","item_cd":"000011","serial_no":"235","in_out_qty":"1","detail_remarks":""}]';
2018-05-28 13:34:47 EXEC SPC_048_INPUT_OUTPUT_DETAIL_ACT1 'I','','2','2018/05/28','00','so0002','備考','[{"in_out_detail_no":"1","item_cd":"000011","serial_no":"123","in_out_qty":"1","detail_remarks":""},{"in_out_detail_no":"2","item_cd":"000011","serial_no":"235","in_out_qty":"1","detail_remarks":""}]','001','048_input_output_detail','192.168.5.206';
2018-05-28 13:34:48 EXEC SPC_048_INPUT_OUTPUT_DETAIL_INQ1 'NY201805280002';
2018-05-28 13:34:55 EXEC SPC_COM_GET_COMBOBOX 'in_out_data_div';
2018-05-28 13:34:55 EXEC SPC_COM_GET_COMBOBOX 'in_out_div';
2018-05-28 13:35:05 EXEC SPC_COM_GET_COMBOBOX 'in_out_data_div';
2018-05-28 13:35:05 EXEC SPC_COM_GET_COMBOBOX 'in_out_div';
2018-05-28 13:35:06 EXEC SPC_049_INPUT_OUTPUT_FND1 '','','','','','','','1','10';
2018-05-28 13:35:10 EXEC SPC_COM_GET_COMBOBOX 'in_out_div';
2018-05-28 13:35:10 EXEC SPC_COM_GET_COMBOBOX 'in_out_data_div';
2018-05-28 13:35:11 EXEC SPC_048_INPUT_OUTPUT_DETAIL_INQ1 'NY201804230001';
2018-05-28 13:35:13 EXEC SPC_048_INPUT_OUTPUT_DETAIL_INQ1 'NY201805280002';
2018-05-28 13:36:58 EXEC SPC_COMPONENT_PRODUCT_FND '','','','1','1','10';
2018-05-28 13:36:59 EXEC SPC_048_INPUT_OUTPUT_DETAIL_INQ2 '000004';
2018-05-28 13:37:18 EXEC SPC_COMPONENT_PRODUCT_FND '','','','1','1','10';
2018-05-28 13:37:20 EXEC SPC_048_INPUT_OUTPUT_DETAIL_INQ2 '20503';
2018-05-28 13:38:09 EXEC SPC_COMPONENT_PRODUCT_FND '','','1','','1','10';
2018-05-28 13:38:10 EXEC SPC_048_INPUT_OUTPUT_DETAIL_INQ2 '000011';
2018-05-28 13:38:16 EXEC SPC_COMPONENT_PRODUCT_FND '','','','1','1','10';
2018-05-28 13:38:19 EXEC SPC_048_INPUT_OUTPUT_DETAIL_INQ2 '000005';
2018-05-28 15:12:48 EXEC SPC_COM_GET_COMBOBOX 'port_country_div';
2018-05-28 15:12:48 EXEC SPC_COM_GET_COMBOBOX 'currency_div';
2018-05-28 15:12:48 EXEC SPC_COM_GET_COMBOBOX 'trade_terms_div';
2018-05-28 15:12:48 EXEC SPC_COM_GET_COMBOBOX 'shipment_div';
2018-05-28 15:12:48 EXEC SPC_COM_GET_COMBOBOX 'port_city_div';
2018-05-28 15:12:48 EXEC SPC_COM_GET_COMBOBOX 'sales_detail_div';
2018-05-28 15:12:49 EXEC SPC_COM_GET_COMBOBOX 'unit_w_div';
2018-05-28 15:12:49 EXEC SPC_COM_GET_COMBOBOX 'unit_m_div';
2018-05-28 15:12:49 EXEC SPC_GET_TAX_RATE '2018/05/28';
2018-05-28 15:12:49 EXEC SPC_COM_GET_COMBOBOX 'unit_q_div';
2018-05-28 15:14:12 EXEC SPC_GET_PERMISSION_AUTH '999','pi/pi-detail';
2018-05-28 15:14:12 EXEC SPC_COM_GET_COMBOBOX 'port_country_div';
2018-05-28 15:14:12 EXEC SPC_COM_GET_COMBOBOX 'port_city_div';
2018-05-28 15:14:12 EXEC SPC_COM_GET_COMBOBOX 'shipment_div';
2018-05-28 15:14:12 EXEC SPC_COM_GET_COMBOBOX 'currency_div';
2018-05-28 15:14:12 EXEC SPC_COM_GET_COMBOBOX 'trade_terms_div';
2018-05-28 15:14:12 EXEC SPC_COM_GET_COMBOBOX 'payment_conditions_div';
2018-05-28 15:14:12 EXEC SPC_COM_GET_COMBOBOX 'unit_q_div';
2018-05-28 15:14:12 EXEC SPC_COM_GET_COMBOBOX 'unit_w_div';
2018-05-28 15:14:12 EXEC SPC_COM_GET_COMBOBOX 'unit_m_div';
2018-05-28 15:14:12 EXEC SPC_COM_GET_COMBOBOX 'sales_detail_div';
2018-05-28 15:14:12 EXEC SPC_COM_GET_COMBOBOX 'bank_div';
2018-05-28 15:14:19 EXEC SPC_GET_TAX_RATE '2018/05/28';
2018-05-28 15:17:07 EXEC SPC_GET_PERMISSION_AUTH '999','pi/pi-search';
2018-05-28 15:17:08 EXEC SPC_COM_GET_COMBOBOX 'pi_status_div';
2018-05-28 15:17:10 EXEC SPC_GET_PERMISSION_AUTH '999','pi/search';
2018-05-28 15:17:10 EXEC SPC_002_PI_SEARCH_FND1 '','','','','','','','','1','10';
2018-05-28 15:17:13 EXEC SPC_GET_PERMISSION_AUTH '999','pi/pi-detail';
2018-05-28 15:17:13 EXEC SPC_COM_GET_COMBOBOX 'port_country_div';
2018-05-28 15:17:13 EXEC SPC_COM_GET_COMBOBOX 'port_city_div';
2018-05-28 15:17:13 EXEC SPC_COM_GET_COMBOBOX 'shipment_div';
2018-05-28 15:17:13 EXEC SPC_COM_GET_COMBOBOX 'currency_div';
2018-05-28 15:17:13 EXEC SPC_COM_GET_COMBOBOX 'trade_terms_div';
2018-05-28 15:17:13 EXEC SPC_COM_GET_COMBOBOX 'payment_conditions_div';
2018-05-28 15:17:13 EXEC SPC_COM_GET_COMBOBOX 'unit_q_div';
2018-05-28 15:17:13 EXEC SPC_COM_GET_COMBOBOX 'unit_w_div';
2018-05-28 15:17:13 EXEC SPC_COM_GET_COMBOBOX 'unit_m_div';
2018-05-28 15:17:13 EXEC SPC_COM_GET_COMBOBOX 'sales_detail_div';
2018-05-28 15:17:13 EXEC SPC_COM_GET_COMBOBOX 'bank_div';
2018-05-28 15:17:14 EXEC SPC_GET_TAX_RATE '2018/05/28';
2018-05-28 15:17:15 EXEC SPC_GET_PERMISSION_AUTH '999','pi/refer-pi-detail';
2018-05-28 15:17:15 EXEC SPC_COM_GET_COMBOBOX 'unit_q_div';
2018-05-28 15:17:15 EXEC SPC_COM_GET_COMBOBOX 'unit_w_div';
2018-05-28 15:17:15 EXEC SPC_COM_GET_COMBOBOX 'unit_m_div';
2018-05-28 15:17:15 EXEC SPC_COM_GET_COMBOBOX 'sales_detail_div';
2018-05-28 15:17:15 EXEC SPC_001_PI_DETAIL_INQ1 'RT-130827001';
2018-05-28 15:17:15 EXEC SPC_GET_TAX_RATE '2013/08/31';
2018-05-28 15:17:35 EXEC SPC_COM_GET_COMBOBOX 'rcv_status_div';
2018-05-28 15:17:38 EXEC SPC_006_ACCEPT_SEARCH_FND1 '','','','','','1','10';
2018-05-28 15:17:56 EXEC SPC_COM_GET_COMBOBOX 'port_country_div';
2018-05-28 15:17:56 EXEC SPC_COM_GET_COMBOBOX 'port_city_div';
2018-05-28 15:17:56 EXEC SPC_COM_GET_COMBOBOX 'shipment_div';
2018-05-28 15:17:56 EXEC SPC_COM_GET_COMBOBOX 'currency_div';
2018-05-28 15:17:56 EXEC SPC_COM_GET_COMBOBOX 'trade_terms_div';
2018-05-28 15:17:56 EXEC SPC_COM_GET_COMBOBOX 'unit_q_div';
2018-05-28 15:17:56 EXEC SPC_COM_GET_COMBOBOX 'unit_w_div';
2018-05-28 15:17:56 EXEC SPC_COM_GET_COMBOBOX 'unit_m_div';
2018-05-28 15:17:56 EXEC SPC_COM_GET_COMBOBOX 'sales_detail_div';
2018-05-28 15:17:58 EXEC SPC_COM_GET_COMBOBOX 'port_country_div';
2018-05-28 15:17:58 EXEC SPC_COM_GET_COMBOBOX 'port_city_div';
2018-05-28 15:17:59 EXEC SPC_COM_GET_COMBOBOX 'sales_detail_div';
2018-05-28 15:17:59 EXEC SPC_COM_GET_COMBOBOX 'shipment_div';
2018-05-28 15:17:59 EXEC SPC_COM_GET_COMBOBOX 'unit_q_div';
2018-05-28 15:17:59 EXEC SPC_COM_GET_COMBOBOX 'trade_terms_div';
2018-05-28 15:17:59 EXEC SPC_COM_GET_COMBOBOX 'unit_w_div';
2018-05-28 15:17:59 EXEC SPC_COM_GET_COMBOBOX 'currency_div';
2018-05-28 15:18:00 EXEC SPC_COM_GET_COMBOBOX 'unit_m_div';
2018-05-28 15:18:00 EXEC SPC_GET_TAX_RATE '2018/05/28';
2018-05-28 15:18:00 EXEC SPC_005_ACCEPT_DETAIL_INQ1 'J-18010004';
2018-05-28 15:18:02 EXEC SPC_COM_GET_COMBOBOX 'unit_w_div';
2018-05-28 15:18:02 EXEC SPC_GET_TAX_RATE '2018/01/05';
2018-05-28 15:18:02 EXEC SPC_COM_GET_COMBOBOX 'sales_detail_div';
2018-05-28 15:18:02 EXEC SPC_005_ACCEPT_DETAIL_INQ1 'J-18010004';
2018-05-28 15:18:02 EXEC SPC_COM_GET_COMBOBOX 'unit_m_div';
2018-05-28 15:18:02 EXEC SPC_COM_GET_COMBOBOX 'unit_q_div';
2018-05-28 15:18:03 EXEC SPC_GET_TAX_RATE '2018/01/05';
2018-05-28 15:18:03 EXEC SPC_COM_GET_COMBOBOX 'unit_w_div';
2018-05-28 15:18:03 EXEC SPC_COM_GET_COMBOBOX 'unit_q_div';
2018-05-28 15:18:03 EXEC SPC_COM_GET_COMBOBOX 'sales_detail_div';
2018-05-28 15:18:03 EXEC SPC_COM_GET_COMBOBOX 'unit_m_div';
2018-05-28 15:18:43 EXEC SPC_COM_GET_COMBOBOX 'port_country_div';
2018-05-28 15:18:43 EXEC SPC_COM_GET_COMBOBOX 'port_city_div';
2018-05-28 15:18:43 EXEC SPC_COM_GET_COMBOBOX 'shipment_div';
2018-05-28 15:18:43 EXEC SPC_COM_GET_COMBOBOX 'currency_div';
2018-05-28 15:18:43 EXEC SPC_COM_GET_COMBOBOX 'trade_terms_div';
2018-05-28 15:18:43 EXEC SPC_COM_GET_COMBOBOX 'unit_q_div';
2018-05-28 15:18:43 EXEC SPC_COM_GET_COMBOBOX 'unit_w_div';
2018-05-28 15:18:43 EXEC SPC_COM_GET_COMBOBOX 'unit_m_div';
2018-05-28 15:18:43 EXEC SPC_COM_GET_COMBOBOX 'sales_detail_div';
2018-05-28 15:18:45 EXEC SPC_COM_GET_COMBOBOX 'sales_detail_div';
2018-05-28 15:18:45 EXEC SPC_COM_GET_COMBOBOX 'currency_div';
2018-05-28 15:18:45 EXEC SPC_COM_GET_COMBOBOX 'shipment_div';
2018-05-28 15:18:45 EXEC SPC_COM_GET_COMBOBOX 'trade_terms_div';
2018-05-28 15:18:45 EXEC SPC_COM_GET_COMBOBOX 'port_city_div';
2018-05-28 15:18:45 EXEC SPC_COM_GET_COMBOBOX 'port_country_div';
2018-05-28 15:18:46 EXEC SPC_COM_GET_COMBOBOX 'unit_m_div';
2018-05-28 15:18:46 EXEC SPC_COM_GET_COMBOBOX 'unit_w_div';
2018-05-28 15:18:46 EXEC SPC_COM_GET_COMBOBOX 'unit_q_div';
2018-05-28 15:18:46 EXEC SPC_GET_TAX_RATE '2018/05/28';
2018-05-28 15:18:52 EXEC SPC_GET_PERMISSION_AUTH '999','pi/pi-detail';
2018-05-28 15:18:52 EXEC SPC_COM_GET_COMBOBOX 'port_country_div';
2018-05-28 15:18:52 EXEC SPC_COM_GET_COMBOBOX 'port_city_div';
2018-05-28 15:18:52 EXEC SPC_COM_GET_COMBOBOX 'shipment_div';
2018-05-28 15:18:52 EXEC SPC_COM_GET_COMBOBOX 'currency_div';
2018-05-28 15:18:52 EXEC SPC_COM_GET_COMBOBOX 'trade_terms_div';
2018-05-28 15:18:52 EXEC SPC_COM_GET_COMBOBOX 'payment_conditions_div';
2018-05-28 15:18:52 EXEC SPC_COM_GET_COMBOBOX 'unit_q_div';
2018-05-28 15:18:52 EXEC SPC_COM_GET_COMBOBOX 'unit_w_div';
2018-05-28 15:18:52 EXEC SPC_COM_GET_COMBOBOX 'unit_m_div';
2018-05-28 15:18:52 EXEC SPC_COM_GET_COMBOBOX 'sales_detail_div';
2018-05-28 15:18:52 EXEC SPC_COM_GET_COMBOBOX 'bank_div';
2018-05-28 15:18:53 EXEC SPC_GET_TAX_RATE '2018/05/28';
2018-05-28 15:20:38 EXEC SPC_COM_GET_COMBOBOX 'port_country_div';
2018-05-28 15:20:38 EXEC SPC_COM_GET_COMBOBOX 'port_city_div';
2018-05-28 15:20:38 EXEC SPC_COM_GET_COMBOBOX 'shipment_div';
2018-05-28 15:20:38 EXEC SPC_COM_GET_COMBOBOX 'currency_div';
2018-05-28 15:20:38 EXEC SPC_COM_GET_COMBOBOX 'trade_terms_div';
2018-05-28 15:20:38 EXEC SPC_COM_GET_COMBOBOX 'unit_q_div';
2018-05-28 15:20:38 EXEC SPC_COM_GET_COMBOBOX 'unit_w_div';
2018-05-28 15:20:38 EXEC SPC_COM_GET_COMBOBOX 'unit_m_div';
2018-05-28 15:20:38 EXEC SPC_COM_GET_COMBOBOX 'sales_detail_div';
2018-05-28 15:20:40 EXEC SPC_COM_GET_COMBOBOX 'port_country_div';
2018-05-28 15:20:41 EXEC SPC_COM_GET_COMBOBOX 'shipment_div';
2018-05-28 15:20:41 EXEC SPC_COM_GET_COMBOBOX 'port_city_div';
2018-05-28 15:20:41 EXEC SPC_COM_GET_COMBOBOX 'trade_terms_div';
2018-05-28 15:20:41 EXEC SPC_COM_GET_COMBOBOX 'currency_div';
2018-05-28 15:20:41 EXEC SPC_COM_GET_COMBOBOX 'sales_detail_div';
2018-05-28 15:20:42 EXEC SPC_COM_GET_COMBOBOX 'unit_q_div';
2018-05-28 15:20:42 EXEC SPC_GET_TAX_RATE '2018/05/28';
2018-05-28 15:20:42 EXEC SPC_COM_GET_COMBOBOX 'unit_w_div';
2018-05-28 15:20:42 EXEC SPC_COM_GET_COMBOBOX 'unit_m_div';
2018-05-28 15:20:52 EXEC SPC_COM_GET_COMBOBOX 'port_country_div';
2018-05-28 15:20:52 EXEC SPC_COM_GET_COMBOBOX 'port_city_div';
2018-05-28 15:20:52 EXEC SPC_COM_GET_COMBOBOX 'shipment_div';
2018-05-28 15:20:52 EXEC SPC_COM_GET_COMBOBOX 'currency_div';
2018-05-28 15:20:52 EXEC SPC_COM_GET_COMBOBOX 'trade_terms_div';
2018-05-28 15:20:52 EXEC SPC_COM_GET_COMBOBOX 'unit_q_div';
2018-05-28 15:20:52 EXEC SPC_COM_GET_COMBOBOX 'unit_w_div';
2018-05-28 15:20:52 EXEC SPC_COM_GET_COMBOBOX 'unit_m_div';
2018-05-28 15:20:52 EXEC SPC_COM_GET_COMBOBOX 'sales_detail_div';
2018-05-28 15:20:53 EXEC SPC_GET_TAX_RATE '2018/05/28';
2018-05-28 15:22:50 EXEC SPC_COM_GET_COMBOBOX 'port_country_div';
2018-05-28 15:22:50 EXEC SPC_COM_GET_COMBOBOX 'port_city_div';
2018-05-28 15:22:50 EXEC SPC_COM_GET_COMBOBOX 'shipment_div';
2018-05-28 15:22:50 EXEC SPC_COM_GET_COMBOBOX 'currency_div';
2018-05-28 15:22:50 EXEC SPC_COM_GET_COMBOBOX 'trade_terms_div';
2018-05-28 15:22:50 EXEC SPC_COM_GET_COMBOBOX 'unit_q_div';
2018-05-28 15:22:50 EXEC SPC_COM_GET_COMBOBOX 'unit_w_div';
2018-05-28 15:22:50 EXEC SPC_COM_GET_COMBOBOX 'unit_m_div';
2018-05-28 15:22:50 EXEC SPC_COM_GET_COMBOBOX 'sales_detail_div';
2018-05-28 15:22:51 EXEC SPC_GET_TAX_RATE '2018/05/28';
2018-05-28 15:24:29 EXEC SPC_COM_GET_COMBOBOX 'port_country_div';
2018-05-28 15:24:29 EXEC SPC_COM_GET_COMBOBOX 'port_city_div';
2018-05-28 15:24:29 EXEC SPC_COM_GET_COMBOBOX 'shipment_div';
2018-05-28 15:24:29 EXEC SPC_COM_GET_COMBOBOX 'currency_div';
2018-05-28 15:24:29 EXEC SPC_COM_GET_COMBOBOX 'trade_terms_div';
2018-05-28 15:24:29 EXEC SPC_COM_GET_COMBOBOX 'unit_q_div';
2018-05-28 15:24:29 EXEC SPC_COM_GET_COMBOBOX 'unit_w_div';
2018-05-28 15:24:29 EXEC SPC_COM_GET_COMBOBOX 'unit_m_div';
2018-05-28 15:24:29 EXEC SPC_COM_GET_COMBOBOX 'sales_detail_div';
2018-05-28 15:24:31 EXEC SPC_GET_TAX_RATE '2018/05/28';
2018-05-28 15:26:12 EXEC SPC_COM_GET_COMBOBOX 'port_country_div';
2018-05-28 15:26:12 EXEC SPC_COM_GET_COMBOBOX 'port_city_div';
2018-05-28 15:26:12 EXEC SPC_COM_GET_COMBOBOX 'shipment_div';
2018-05-28 15:26:12 EXEC SPC_COM_GET_COMBOBOX 'currency_div';
2018-05-28 15:26:12 EXEC SPC_COM_GET_COMBOBOX 'trade_terms_div';
2018-05-28 15:26:12 EXEC SPC_COM_GET_COMBOBOX 'unit_q_div';
2018-05-28 15:26:12 EXEC SPC_COM_GET_COMBOBOX 'unit_w_div';
2018-05-28 15:26:12 EXEC SPC_COM_GET_COMBOBOX 'unit_m_div';
2018-05-28 15:26:12 EXEC SPC_COM_GET_COMBOBOX 'sales_detail_div';
2018-05-28 15:26:18 EXEC SPC_GET_TAX_RATE '2018/05/28';
2018-05-28 15:27:36 EXEC SPC_GET_PERMISSION_AUTH '999','pi/pi-detail';
2018-05-28 15:27:36 EXEC SPC_COM_GET_COMBOBOX 'port_country_div';
2018-05-28 15:27:36 EXEC SPC_COM_GET_COMBOBOX 'port_city_div';
2018-05-28 15:27:36 EXEC SPC_COM_GET_COMBOBOX 'shipment_div';
2018-05-28 15:27:36 EXEC SPC_COM_GET_COMBOBOX 'currency_div';
2018-05-28 15:27:36 EXEC SPC_COM_GET_COMBOBOX 'trade_terms_div';
2018-05-28 15:27:36 EXEC SPC_COM_GET_COMBOBOX 'payment_conditions_div';
2018-05-28 15:27:36 EXEC SPC_COM_GET_COMBOBOX 'unit_q_div';
2018-05-28 15:27:36 EXEC SPC_COM_GET_COMBOBOX 'unit_w_div';
2018-05-28 15:27:36 EXEC SPC_COM_GET_COMBOBOX 'unit_m_div';
2018-05-28 15:27:36 EXEC SPC_COM_GET_COMBOBOX 'sales_detail_div';
2018-05-28 15:27:36 EXEC SPC_COM_GET_COMBOBOX 'bank_div';
2018-05-28 15:27:37 EXEC SPC_GET_TAX_RATE '2018/05/28';
2018-05-28 15:27:41 EXEC SPC_COM_GET_COMBOBOX 'port_country_div';
2018-05-28 15:27:41 EXEC SPC_COM_GET_COMBOBOX 'port_city_div';
2018-05-28 15:27:41 EXEC SPC_COM_GET_COMBOBOX 'shipment_div';
2018-05-28 15:27:41 EXEC SPC_COM_GET_COMBOBOX 'currency_div';
2018-05-28 15:27:41 EXEC SPC_COM_GET_COMBOBOX 'trade_terms_div';
2018-05-28 15:27:41 EXEC SPC_COM_GET_COMBOBOX 'unit_q_div';
2018-05-28 15:27:41 EXEC SPC_COM_GET_COMBOBOX 'unit_w_div';
2018-05-28 15:27:41 EXEC SPC_COM_GET_COMBOBOX 'unit_m_div';
2018-05-28 15:27:41 EXEC SPC_COM_GET_COMBOBOX 'sales_detail_div';
2018-05-28 15:27:42 EXEC SPC_GET_TAX_RATE '2018/05/28';
2018-05-28 15:28:34 EXEC SPC_COM_GET_COMBOBOX 'port_country_div';
2018-05-28 15:28:34 EXEC SPC_COM_GET_COMBOBOX 'port_city_div';
2018-05-28 15:28:34 EXEC SPC_COM_GET_COMBOBOX 'shipment_div';
2018-05-28 15:28:34 EXEC SPC_COM_GET_COMBOBOX 'currency_div';
2018-05-28 15:28:34 EXEC SPC_COM_GET_COMBOBOX 'trade_terms_div';
2018-05-28 15:28:34 EXEC SPC_COM_GET_COMBOBOX 'unit_q_div';
2018-05-28 15:28:34 EXEC SPC_COM_GET_COMBOBOX 'unit_w_div';
2018-05-28 15:28:34 EXEC SPC_COM_GET_COMBOBOX 'unit_m_div';
2018-05-28 15:28:34 EXEC SPC_COM_GET_COMBOBOX 'sales_detail_div';
2018-05-28 15:28:36 EXEC SPC_GET_TAX_RATE '2018/05/28';
2018-05-28 15:29:55 EXEC SPC_COM_GET_COMBOBOX 'port_country_div';
2018-05-28 15:29:55 EXEC SPC_COM_GET_COMBOBOX 'port_city_div';
2018-05-28 15:29:55 EXEC SPC_COM_GET_COMBOBOX 'shipment_div';
2018-05-28 15:29:55 EXEC SPC_COM_GET_COMBOBOX 'currency_div';
2018-05-28 15:29:55 EXEC SPC_COM_GET_COMBOBOX 'trade_terms_div';
2018-05-28 15:29:55 EXEC SPC_COM_GET_COMBOBOX 'unit_q_div';
2018-05-28 15:29:55 EXEC SPC_COM_GET_COMBOBOX 'unit_w_div';
2018-05-28 15:29:55 EXEC SPC_COM_GET_COMBOBOX 'unit_m_div';
2018-05-28 15:29:55 EXEC SPC_COM_GET_COMBOBOX 'sales_detail_div';
2018-05-28 15:29:56 EXEC SPC_GET_TAX_RATE '2018/05/28';
2018-05-28 15:31:05 EXEC SPC_COM_GET_COMBOBOX 'port_country_div';
2018-05-28 15:31:05 EXEC SPC_COM_GET_COMBOBOX 'port_city_div';
2018-05-28 15:31:05 EXEC SPC_COM_GET_COMBOBOX 'shipment_div';
2018-05-28 15:31:05 EXEC SPC_COM_GET_COMBOBOX 'currency_div';
2018-05-28 15:31:05 EXEC SPC_COM_GET_COMBOBOX 'trade_terms_div';
2018-05-28 15:31:05 EXEC SPC_COM_GET_COMBOBOX 'unit_q_div';
2018-05-28 15:31:05 EXEC SPC_COM_GET_COMBOBOX 'unit_w_div';
2018-05-28 15:31:05 EXEC SPC_COM_GET_COMBOBOX 'unit_m_div';
2018-05-28 15:31:05 EXEC SPC_COM_GET_COMBOBOX 'sales_detail_div';
2018-05-28 15:31:06 EXEC SPC_GET_TAX_RATE '2018/05/28';
2018-05-28 15:31:40 EXEC SPC_COM_GET_COMBOBOX 'port_country_div';
2018-05-28 15:31:40 EXEC SPC_COM_GET_COMBOBOX 'port_city_div';
2018-05-28 15:31:40 EXEC SPC_COM_GET_COMBOBOX 'shipment_div';
2018-05-28 15:31:40 EXEC SPC_COM_GET_COMBOBOX 'currency_div';
2018-05-28 15:31:40 EXEC SPC_COM_GET_COMBOBOX 'trade_terms_div';
2018-05-28 15:31:40 EXEC SPC_COM_GET_COMBOBOX 'unit_q_div';
2018-05-28 15:31:40 EXEC SPC_COM_GET_COMBOBOX 'unit_w_div';
2018-05-28 15:31:40 EXEC SPC_COM_GET_COMBOBOX 'unit_m_div';
2018-05-28 15:31:40 EXEC SPC_COM_GET_COMBOBOX 'sales_detail_div';
2018-05-28 15:31:42 EXEC SPC_GET_TAX_RATE '2018/05/28';
2018-05-28 15:33:36 EXEC SPC_COM_GET_COMBOBOX 'port_country_div';
2018-05-28 15:33:36 EXEC SPC_COM_GET_COMBOBOX 'port_city_div';
2018-05-28 15:33:36 EXEC SPC_COM_GET_COMBOBOX 'shipment_div';
2018-05-28 15:33:36 EXEC SPC_COM_GET_COMBOBOX 'currency_div';
2018-05-28 15:33:36 EXEC SPC_COM_GET_COMBOBOX 'trade_terms_div';
2018-05-28 15:33:36 EXEC SPC_COM_GET_COMBOBOX 'unit_q_div';
2018-05-28 15:33:36 EXEC SPC_COM_GET_COMBOBOX 'unit_w_div';
2018-05-28 15:33:36 EXEC SPC_COM_GET_COMBOBOX 'unit_m_div';
2018-05-28 15:33:36 EXEC SPC_COM_GET_COMBOBOX 'sales_detail_div';
2018-05-28 15:33:38 EXEC SPC_GET_TAX_RATE '2018/05/28';
2018-05-28 15:35:02 EXEC SPC_COM_GET_COMBOBOX 'port_country_div';
2018-05-28 15:35:02 EXEC SPC_COM_GET_COMBOBOX 'port_city_div';
2018-05-28 15:35:02 EXEC SPC_COM_GET_COMBOBOX 'shipment_div';
2018-05-28 15:35:02 EXEC SPC_COM_GET_COMBOBOX 'currency_div';
2018-05-28 15:35:02 EXEC SPC_COM_GET_COMBOBOX 'trade_terms_div';
2018-05-28 15:35:02 EXEC SPC_COM_GET_COMBOBOX 'unit_q_div';
2018-05-28 15:35:03 EXEC SPC_COM_GET_COMBOBOX 'unit_w_div';
2018-05-28 15:35:03 EXEC SPC_COM_GET_COMBOBOX 'unit_m_div';
2018-05-28 15:35:03 EXEC SPC_COM_GET_COMBOBOX 'sales_detail_div';
2018-05-28 15:35:05 EXEC SPC_GET_TAX_RATE '2018/05/28';
2018-05-28 15:35:12 EXEC SPC_COM_GET_COMBOBOX 'rcv_status_div';
2018-05-28 15:35:13 EXEC SPC_006_ACCEPT_SEARCH_FND1 '','','','','','1','10';
2018-05-28 15:35:15 EXEC SPC_COM_GET_COMBOBOX 'unit_q_div';
2018-05-28 15:35:15 EXEC SPC_COM_GET_COMBOBOX 'unit_w_div';
2018-05-28 15:35:15 EXEC SPC_COM_GET_COMBOBOX 'unit_m_div';
2018-05-28 15:35:15 EXEC SPC_COM_GET_COMBOBOX 'sales_detail_div';
2018-05-28 15:35:18 EXEC SPC_COM_GET_COMBOBOX 'rcv_status_div';
2018-05-28 15:35:21 EXEC SPC_006_ACCEPT_SEARCH_FND1 '','','','','10','1','10';
2018-05-28 15:35:22 EXEC SPC_COM_GET_COMBOBOX 'unit_q_div';
2018-05-28 15:35:22 EXEC SPC_COM_GET_COMBOBOX 'unit_w_div';
2018-05-28 15:35:22 EXEC SPC_COM_GET_COMBOBOX 'unit_m_div';
2018-05-28 15:35:22 EXEC SPC_COM_GET_COMBOBOX 'sales_detail_div';
2018-05-28 15:35:28 EXEC SPC_COM_GET_COMBOBOX 'rcv_status_div';
2018-05-28 15:35:30 EXEC SPC_006_ACCEPT_SEARCH_FND1 '','','','','20','1','10';
2018-05-28 15:35:32 EXEC SPC_COM_GET_COMBOBOX 'unit_q_div';
2018-05-28 15:35:32 EXEC SPC_COM_GET_COMBOBOX 'unit_w_div';
2018-05-28 15:35:32 EXEC SPC_COM_GET_COMBOBOX 'unit_m_div';
2018-05-28 15:35:32 EXEC SPC_COM_GET_COMBOBOX 'sales_detail_div';
2018-05-28 15:35:47 EXEC SPC_COM_GET_COMBOBOX 'rcv_status_div';
2018-05-28 15:35:49 EXEC SPC_006_ACCEPT_SEARCH_FND1 '','','','','','1','10';
2018-05-28 15:35:50 EXEC SPC_COM_GET_COMBOBOX 'unit_q_div';
2018-05-28 15:35:50 EXEC SPC_COM_GET_COMBOBOX 'unit_w_div';
2018-05-28 15:35:50 EXEC SPC_COM_GET_COMBOBOX 'unit_m_div';
2018-05-28 15:35:50 EXEC SPC_COM_GET_COMBOBOX 'sales_detail_div';
2018-05-28 15:35:50 EXEC SPC_005_ACCEPT_DETAIL_INQ1 'J-18010004';
2018-05-28 15:35:51 EXEC SPC_GET_TAX_RATE '2018/01/05';
2018-05-28 15:35:54 EXEC SPC_COM_GET_COMBOBOX 'unit_m_div';
2018-05-28 15:35:54 EXEC SPC_COM_GET_COMBOBOX 'unit_w_div';
2018-05-28 15:35:54 EXEC SPC_COM_GET_COMBOBOX 'sales_detail_div';
2018-05-28 15:35:54 EXEC SPC_COM_GET_COMBOBOX 'unit_q_div';
2018-05-28 15:37:50 EXEC SPC_COM_GET_COMBOBOX 'port_country_div';
2018-05-28 15:37:50 EXEC SPC_COM_GET_COMBOBOX 'port_city_div';
2018-05-28 15:37:50 EXEC SPC_COM_GET_COMBOBOX 'shipment_div';
2018-05-28 15:37:50 EXEC SPC_COM_GET_COMBOBOX 'currency_div';
2018-05-28 15:37:50 EXEC SPC_COM_GET_COMBOBOX 'trade_terms_div';
2018-05-28 15:37:50 EXEC SPC_COM_GET_COMBOBOX 'unit_q_div';
2018-05-28 15:37:50 EXEC SPC_COM_GET_COMBOBOX 'unit_w_div';
2018-05-28 15:37:50 EXEC SPC_COM_GET_COMBOBOX 'unit_m_div';
2018-05-28 15:37:50 EXEC SPC_COM_GET_COMBOBOX 'sales_detail_div';
2018-05-28 15:37:51 EXEC SPC_GET_TAX_RATE '2018/05/28';
2018-05-28 15:37:58 EXEC SPC_COM_GET_COMBOBOX 'rcv_status_div';
2018-05-28 15:38:00 EXEC SPC_COM_GET_COMBOBOX 'port_country_div';
2018-05-28 15:38:00 EXEC SPC_COM_GET_COMBOBOX 'port_city_div';
2018-05-28 15:38:00 EXEC SPC_COM_GET_COMBOBOX 'shipment_div';
2018-05-28 15:38:00 EXEC SPC_COM_GET_COMBOBOX 'currency_div';
2018-05-28 15:38:00 EXEC SPC_COM_GET_COMBOBOX 'trade_terms_div';
2018-05-28 15:38:00 EXEC SPC_COM_GET_COMBOBOX 'unit_q_div';
2018-05-28 15:38:00 EXEC SPC_COM_GET_COMBOBOX 'unit_w_div';
2018-05-28 15:38:00 EXEC SPC_COM_GET_COMBOBOX 'unit_m_div';
2018-05-28 15:38:00 EXEC SPC_COM_GET_COMBOBOX 'sales_detail_div';
2018-05-28 15:38:01 EXEC SPC_GET_TAX_RATE '2018/05/28';
2018-05-28 15:38:06 EXEC SPC_055_SUPPLIERS_MASTER_SEARCH_FND1 '','','','','','','0','0','0','1','10';
2018-05-28 15:38:08 EXEC SPC_005_ACCEPT_DETAIL_INQ2 '22231','1';
2018-05-28 15:38:21 EXEC SPC_CITY_SEARCH '','','1','10';
2018-05-28 15:38:23 EXEC SPC_GET_LIB_CITY_COUNTRY '003';
2018-05-28 15:38:34 EXEC SPC_063_PRODUCT_MASTER_SEARCH_FND1 '','','1','10';
2018-05-28 15:38:36 EXEC SPC_005_ACCEPT_DETAIL_INQ3 '000111','2018/05/28','22231','','USD';
2018-05-28 15:38:50 EXEC SPC_055_SUPPLIERS_MASTER_SEARCH_FND1 '','','','','','','0','0','0','1','10';
2018-05-28 15:38:52 EXEC SPC_005_ACCEPT_DETAIL_INQ2 '001','1';
2018-05-28 15:38:59 EXEC SPC_COUNTRY_SEARCH '','','1','10';
2018-05-28 15:39:00 EXEC SPC_GET_LIB_COUNTRY 'AR';
2018-05-28 15:39:04 EXEC SPC_CITY_SEARCH '','','1','10';
2018-05-28 15:39:05 EXEC SPC_GET_LIB_CITY_COUNTRY '002';
2018-05-28 15:39:08 EXEC SPC_005_ACCEPT_DETAIL_ACT1 'I','','','2018/05/28','001','2','','','','001','SY','','','','2','','','','001','SY','','','','','','','Standard Export Carton','01','-1','060','01','02','002','JO','Payment','[{"rcv_detail_no":"1","sales_detail_div":"0","product_cd":"000111","description":"asdaf","qty":"11","unit_of_m_div":"003","unit_price":"11","amount":"121","detail_tax":"1.46","unit_measure_qty":"51","unit_measure_price":"001","outside_remarks":"","unit_net_weight":"15659","unit_net_weight_div":"001","net_weight":"172249","unit_gross_weight":"2194","gross_weight":"24134","measure":"561"}]','11','003','24134','001','172249','001','561','001','121','0','0','0','121','Japan','APEL CO.,LTD.','001','社内用備考','11','001','005_accept-detail','192.168.5.206';
2018-05-28 15:39:10 EXEC SPC_COM_GET_COMBOBOX 'unit_q_div';
2018-05-28 15:39:10 EXEC SPC_COM_GET_COMBOBOX 'unit_w_div';
2018-05-28 15:39:10 EXEC SPC_COM_GET_COMBOBOX 'unit_m_div';
2018-05-28 15:39:10 EXEC SPC_COM_GET_COMBOBOX 'sales_detail_div';
2018-05-28 15:39:10 EXEC SPC_005_ACCEPT_DETAIL_INQ1 'J-18050003';
2018-05-28 15:39:11 EXEC SPC_GET_TAX_RATE '2018/05/28';
2018-05-28 15:39:11 EXEC SPC_COM_GET_COMBOBOX 'unit_w_div';
2018-05-28 15:39:11 EXEC SPC_COM_GET_COMBOBOX 'unit_q_div';
2018-05-28 15:39:11 EXEC SPC_COM_GET_COMBOBOX 'sales_detail_div';
2018-05-28 15:39:11 EXEC SPC_COM_GET_COMBOBOX 'unit_m_div';
2018-05-28 15:49:01 EXEC SPC_COM_GET_COMBOBOX 'buy_status_div';
2018-05-28 15:49:02 EXEC SPC_035_COMPONENT_ORDER_SEARCH_FND1 '','','','','','','','1','10';
2018-05-28 15:49:33 EXEC SPC_COM_GET_COMBOBOX 'rcv_status_div';
2018-05-28 15:49:48 EXEC SPC_006_ACCEPT_SEARCH_FND1 '','','','','','1','10';
2018-05-28 15:49:53 EXEC SPC_COM_GET_COMBOBOX 'rcv_status_div';
2018-05-28 15:50:01 EXEC SPC_GET_PERMISSION_AUTH '999','pi/pi-search';
2018-05-28 15:50:03 EXEC SPC_COM_GET_COMBOBOX 'pi_status_div';
2018-05-28 15:50:09 EXEC SPC_006_ACCEPT_SEARCH_FND1 '','','','','','1','10';
2018-05-28 15:53:04 EXEC SPC_COM_GET_COMBOBOX 'rcv_status_div';
2018-05-28 15:53:09 EXEC SPC_006_ACCEPT_SEARCH_FND1 '','','','','-1','1','10';
2018-05-28 15:53:21 EXEC SPC_COM_GET_COMBOBOX 'rcv_status_div';
2018-05-28 15:53:23 EXEC SPC_006_ACCEPT_SEARCH_FND1 '','','','','','1','10';
2018-05-28 15:53:25 EXEC SPC_006_ACCEPT_SEARCH_FND1 '','','','','','1','10';
2018-05-28 15:53:28 EXEC SPC_006_ACCEPT_SEARCH_FND1 '','','','','10','1','10';
2018-05-28 15:53:30 EXEC SPC_006_ACCEPT_SEARCH_FND1 '','','','','','1','10';
2018-05-28 15:53:37 EXEC SPC_COM_GET_COMBOBOX 'rcv_status_div';
2018-05-28 15:54:38 EXEC SPC_COM_GET_COMBOBOX 'rcv_status_div';
2018-05-28 15:54:41 EXEC SPC_006_ACCEPT_SEARCH_FND1 '','','','','','1','10';
2018-05-28 15:54:43 EXEC SPC_006_ACCEPT_SEARCH_FND1 '','','','','','1','10';
2018-05-28 15:54:46 EXEC SPC_006_ACCEPT_SEARCH_FND1 '','','','','10','1','10';
2018-05-28 15:55:55 EXEC SPC_COM_GET_COMBOBOX 'rcv_status_div';
2018-05-28 15:55:58 EXEC SPC_006_ACCEPT_SEARCH_FND1 '','','','','','1','10';
2018-05-28 15:56:01 EXEC SPC_006_ACCEPT_SEARCH_FND1 '','','','','90','1','10';
2018-05-28 15:56:04 EXEC SPC_006_ACCEPT_SEARCH_FND1 '','','','','20','1','10';
2018-05-28 15:56:07 EXEC SPC_006_ACCEPT_SEARCH_FND1 '','','','','10','1','10';
2018-05-28 15:56:22 EXEC SPC_006_ACCEPT_SEARCH_FND1 '','','','','','1','10';
2018-05-28 15:56:52 EXEC SPC_006_ACCEPT_SEARCH_FND1 '','','','','','1','10';
2018-05-28 15:58:45 EXEC SPC_COM_GET_COMBOBOX 'rcv_status_div';
2018-05-28 15:58:51 EXEC SPC_COM_GET_COMBOBOX 'port_country_div';
2018-05-28 15:58:51 EXEC SPC_COM_GET_COMBOBOX 'port_city_div';
2018-05-28 15:58:51 EXEC SPC_COM_GET_COMBOBOX 'shipment_div';
2018-05-28 15:58:51 EXEC SPC_COM_GET_COMBOBOX 'currency_div';
2018-05-28 15:58:51 EXEC SPC_COM_GET_COMBOBOX 'trade_terms_div';
2018-05-28 15:58:51 EXEC SPC_COM_GET_COMBOBOX 'unit_q_div';
2018-05-28 15:58:51 EXEC SPC_COM_GET_COMBOBOX 'unit_w_div';
2018-05-28 15:58:51 EXEC SPC_COM_GET_COMBOBOX 'unit_m_div';
2018-05-28 15:58:51 EXEC SPC_COM_GET_COMBOBOX 'sales_detail_div';
2018-05-28 15:58:53 EXEC SPC_GET_TAX_RATE '2018/05/28';
2018-05-28 15:59:06 EXEC SPC_COM_GET_COMBOBOX 'port_country_div';
2018-05-28 15:59:06 EXEC SPC_COM_GET_COMBOBOX 'port_city_div';
2018-05-28 15:59:06 EXEC SPC_COM_GET_COMBOBOX 'shipment_div';
2018-05-28 15:59:06 EXEC SPC_COM_GET_COMBOBOX 'currency_div';
2018-05-28 15:59:06 EXEC SPC_COM_GET_COMBOBOX 'trade_terms_div';
2018-05-28 15:59:06 EXEC SPC_COM_GET_COMBOBOX 'unit_q_div';
2018-05-28 15:59:06 EXEC SPC_COM_GET_COMBOBOX 'unit_w_div';
2018-05-28 15:59:06 EXEC SPC_COM_GET_COMBOBOX 'unit_m_div';
2018-05-28 15:59:06 EXEC SPC_COM_GET_COMBOBOX 'sales_detail_div';
2018-05-28 15:59:07 EXEC SPC_GET_TAX_RATE '2018/05/28';
2018-05-28 15:59:10 EXEC SPC_COM_GET_COMBOBOX 'rcv_status_div';
2018-05-28 15:59:13 EXEC SPC_006_ACCEPT_SEARCH_FND1 '','','','','','1','10';
2018-05-28 15:59:18 EXEC SPC_006_ACCEPT_SEARCH_FND1 '','','','','10','1','10';
2018-05-28 16:22:50 EXEC SPC_GET_PERMISSION_AUTH '999','accept/accept-detail';
2018-05-28 16:22:50 EXEC SPC_COM_GET_COMBOBOX 'port_city_div';
2018-05-28 16:22:50 EXEC SPC_COM_GET_COMBOBOX 'port_country_div';
2018-05-28 16:22:50 EXEC SPC_COM_GET_COMBOBOX 'shipment_div';
2018-05-28 16:22:50 EXEC SPC_COM_GET_COMBOBOX 'currency_div';
2018-05-28 16:22:50 EXEC SPC_COM_GET_COMBOBOX 'trade_terms_div';
2018-05-28 16:22:50 EXEC SPC_COM_GET_COMBOBOX 'sales_detail_div';
2018-05-28 16:22:50 EXEC SPC_COM_GET_COMBOBOX 'unit_q_div';
2018-05-28 16:22:50 EXEC SPC_COM_GET_COMBOBOX 'unit_w_div';
2018-05-28 16:22:50 EXEC SPC_COM_GET_COMBOBOX 'unit_m_div';
2018-05-28 16:22:53 EXEC SPC_GET_TAX_RATE '2018/05/28';
2018-05-28 16:25:32 EXEC SPC_GET_PERMISSION_AUTH '999','accept/accept-detail';
2018-05-28 16:25:32 EXEC SPC_COM_GET_COMBOBOX 'port_city_div';
2018-05-28 16:25:32 EXEC SPC_COM_GET_COMBOBOX 'port_country_div';
2018-05-28 16:25:32 EXEC SPC_COM_GET_COMBOBOX 'shipment_div';
2018-05-28 16:25:32 EXEC SPC_COM_GET_COMBOBOX 'currency_div';
2018-05-28 16:25:32 EXEC SPC_COM_GET_COMBOBOX 'trade_terms_div';
2018-05-28 16:25:32 EXEC SPC_COM_GET_COMBOBOX 'sales_detail_div';
2018-05-28 16:25:32 EXEC SPC_COM_GET_COMBOBOX 'unit_q_div';
2018-05-28 16:25:32 EXEC SPC_COM_GET_COMBOBOX 'unit_w_div';
2018-05-28 16:25:32 EXEC SPC_COM_GET_COMBOBOX 'unit_m_div';
2018-05-28 16:25:33 EXEC SPC_GET_TAX_RATE '2018/05/28';
2018-05-28 16:36:26 EXEC SPC_COM_GET_COMBOBOX 'rcv_status_div';
2018-05-28 16:36:31 EXEC SPC_006_ACCEPT_SEARCH_FND1 '','','','','','1','10';
2018-05-28 16:36:33 EXEC SPC_006_ACCEPT_SEARCH_FND1 '','','','','20','1','10';
2018-05-28 16:36:36 EXEC SPC_006_ACCEPT_SEARCH_FND1 '','','','','','1','10';
2018-05-28 16:36:40 EXEC SPC_006_ACCEPT_SEARCH_FND1 '','','','','90','1','10';
2018-05-28 16:36:42 EXEC SPC_006_ACCEPT_SEARCH_FND1 '','','','','20','1','10';
2018-05-28 16:38:45 EXEC SPC_GET_PERMISSION_AUTH '999','deposit/deposit-detail';
2018-05-28 16:38:47 EXEC SPC_COM_GET_COMBOBOX 'target_div';
2018-05-28 16:38:48 EXEC SPC_COM_GET_COMBOBOX 'deposit_way_div';
2018-05-28 16:38:48 EXEC SPC_COM_GET_COMBOBOX 'deposit_div';
2018-05-28 16:38:48 EXEC SPC_COM_GET_COMBOBOX 'bank_div';
2018-05-28 16:38:48 EXEC SPC_COM_GET_COMBOBOX 'rate_confirm_div';
2018-05-28 16:38:48 EXEC SPC_COM_GET_COMBOBOX 'currency_div';
2018-05-28 16:38:49 EXEC SPC_GET_PERMISSION_AUTH '999','deposit/deposit-detail/refer-deposit';
2018-05-28 16:38:49 EXEC SPC_020_DEPOSIT_DETAIL_INQ2 '';
2018-05-28 16:38:50 EXEC SPC_GET_LIB_COUNTRY '';
2018-05-28 16:38:50 EXEC SPC_REFER_CLIENT_CD '';
2018-05-28 16:40:07 EXEC SPC_COM_GET_COMBOBOX 'target_div';
2018-05-28 16:40:08 EXEC SPC_021_DEPOSIT_SEARCH_FND1 '','','','','','','1','10';
2018-05-28 16:40:10 EXEC SPC_GET_PERMISSION_AUTH '999','deposit/deposit-detail/refer-deposit';
2018-05-28 16:40:10 EXEC SPC_020_DEPOSIT_DETAIL_INQ2 'N-18020006';
2018-05-28 16:40:10 EXEC SPC_GET_LIB_COUNTRY '';
2018-05-28 16:40:10 EXEC SPC_REFER_CLIENT_CD '';
2018-05-28 16:40:13 EXEC SPC_GET_PERMISSION_AUTH '999','deposit/deposit-detail';
2018-05-28 16:40:14 EXEC SPC_COM_GET_COMBOBOX 'target_div';
2018-05-28 16:40:15 EXEC SPC_COM_GET_COMBOBOX 'deposit_div';
2018-05-28 16:40:15 EXEC SPC_COM_GET_COMBOBOX 'currency_div';
2018-05-28 16:40:15 EXEC SPC_COM_GET_COMBOBOX 'bank_div';
2018-05-28 16:40:15 EXEC SPC_COM_GET_COMBOBOX 'rate_confirm_div';
2018-05-28 16:40:15 EXEC SPC_COM_GET_COMBOBOX 'deposit_way_div';
2018-05-28 16:40:16 EXEC SPC_GET_PERMISSION_AUTH '999','deposit/deposit-detail/refer-deposit';
2018-05-28 16:40:16 EXEC SPC_020_DEPOSIT_DETAIL_INQ2 '';
2018-05-28 16:40:16 EXEC SPC_GET_LIB_COUNTRY '';
2018-05-28 16:40:16 EXEC SPC_REFER_CLIENT_CD '';
2018-05-28 16:44:03 EXEC SPC_GET_PERMISSION_AUTH '999','deposit/deposit-detail';
2018-05-28 16:44:14 EXEC SPC_GET_PERMISSION_AUTH '999','deposit/deposit-detail';
2018-05-28 16:44:14 EXEC SPC_COM_GET_COMBOBOX 'deposit_div';
2018-05-28 16:44:14 EXEC SPC_COM_GET_COMBOBOX 'target_div';
2018-05-28 16:44:14 EXEC SPC_COM_GET_COMBOBOX 'bank_div';
2018-05-28 16:44:14 EXEC SPC_COM_GET_COMBOBOX 'currency_div';
2018-05-28 16:44:14 EXEC SPC_COM_GET_COMBOBOX 'deposit_way_div';
2018-05-28 16:44:14 EXEC SPC_COM_GET_COMBOBOX 'rate_confirm_div';
2018-05-28 16:44:15 EXEC SPC_COM_GET_COMBOBOX 'deposit_div';
2018-05-28 16:44:15 EXEC SPC_COM_GET_COMBOBOX 'rate_confirm_div';
2018-05-28 16:44:15 EXEC SPC_COM_GET_COMBOBOX 'target_div';
2018-05-28 16:44:15 EXEC SPC_COM_GET_COMBOBOX 'bank_div';
2018-05-28 16:44:15 EXEC SPC_COM_GET_COMBOBOX 'currency_div';
2018-05-28 16:44:16 EXEC SPC_COM_GET_COMBOBOX 'deposit_way_div';
2018-05-28 16:44:17 EXEC SPC_GET_PERMISSION_AUTH '999','deposit/deposit-detail/refer-deposit';
2018-05-28 16:44:17 EXEC SPC_020_DEPOSIT_DETAIL_INQ2 '';
2018-05-28 16:44:17 EXEC SPC_GET_LIB_COUNTRY '';
2018-05-28 16:44:17 EXEC SPC_REFER_CLIENT_CD '';
2018-05-28 16:50:28 EXEC SPC_GET_PERMISSION_AUTH '999','deposit/deposit-detail';
2018-05-28 16:50:28 EXEC SPC_COM_GET_COMBOBOX 'deposit_div';
2018-05-28 16:50:28 EXEC SPC_COM_GET_COMBOBOX 'target_div';
2018-05-28 16:50:28 EXEC SPC_COM_GET_COMBOBOX 'bank_div';
2018-05-28 16:50:28 EXEC SPC_COM_GET_COMBOBOX 'currency_div';
2018-05-28 16:50:28 EXEC SPC_COM_GET_COMBOBOX 'deposit_way_div';
2018-05-28 16:50:28 EXEC SPC_COM_GET_COMBOBOX 'rate_confirm_div';
2018-05-28 16:50:29 EXEC SPC_COM_GET_COMBOBOX 'deposit_div';
2018-05-28 16:50:31 EXEC SPC_COM_GET_COMBOBOX 'target_div';
2018-05-28 16:50:31 EXEC SPC_COM_GET_COMBOBOX 'rate_confirm_div';
2018-05-28 16:50:31 EXEC SPC_COM_GET_COMBOBOX 'bank_div';
2018-05-28 16:50:31 EXEC SPC_COM_GET_COMBOBOX 'currency_div';
2018-05-28 16:50:31 EXEC SPC_COM_GET_COMBOBOX 'deposit_way_div';
2018-05-28 16:50:32 EXEC SPC_GET_PERMISSION_AUTH '999','deposit/deposit-detail/refer-deposit';
2018-05-28 16:50:32 EXEC SPC_020_DEPOSIT_DETAIL_INQ2 '';
2018-05-28 16:50:32 EXEC SPC_GET_LIB_COUNTRY '';
2018-05-28 16:50:32 EXEC SPC_REFER_CLIENT_CD '';
2018-05-28 16:52:14 EXEC SPC_GET_PERMISSION_AUTH '999','deposit/deposit-detail';
2018-05-28 16:52:14 EXEC SPC_COM_GET_COMBOBOX 'deposit_div';
2018-05-28 16:52:14 EXEC SPC_COM_GET_COMBOBOX 'target_div';
2018-05-28 16:52:14 EXEC SPC_COM_GET_COMBOBOX 'bank_div';
2018-05-28 16:52:14 EXEC SPC_COM_GET_COMBOBOX 'currency_div';
2018-05-28 16:52:14 EXEC SPC_COM_GET_COMBOBOX 'deposit_way_div';
2018-05-28 16:52:14 EXEC SPC_COM_GET_COMBOBOX 'rate_confirm_div';
2018-05-28 16:52:16 EXEC SPC_GET_PERMISSION_AUTH '999','deposit/deposit-detail/refer-deposit';
2018-05-28 16:52:16 EXEC SPC_020_DEPOSIT_DETAIL_INQ2 '';
2018-05-28 16:52:17 EXEC SPC_GET_LIB_COUNTRY '';
2018-05-28 16:52:17 EXEC SPC_REFER_CLIENT_CD '';
2018-05-28 16:52:27 EXEC SPC_COM_GET_COMBOBOX 'target_div';
2018-05-28 16:52:29 EXEC SPC_021_DEPOSIT_SEARCH_FND1 '','','','','','','1','10';
2018-05-28 16:52:31 EXEC SPC_GET_PERMISSION_AUTH '999','deposit/deposit-detail/refer-deposit';
2018-05-28 16:52:31 EXEC SPC_020_DEPOSIT_DETAIL_INQ2 'N-18020006';
2018-05-28 16:52:31 EXEC SPC_REFER_CLIENT_CD '';
2018-05-28 16:52:31 EXEC SPC_GET_LIB_COUNTRY '';
2018-05-28 16:52:40 EXEC SPC_GET_PERMISSION_AUTH '999','deposit/deposit-search';
2018-05-28 16:52:41 EXEC SPC_COM_GET_COMBOBOX 'target_div';
2018-05-28 16:55:21 EXEC SPC_GET_PERMISSION_AUTH '999','deposit/deposit-search';
2018-05-28 16:55:42 EXEC SPC_GET_PERMISSION_AUTH '999','deposit/deposit-search';
2018-05-28 16:55:42 EXEC SPC_COM_GET_COMBOBOX 'target_div';
2018-05-28 16:55:45 EXEC SPC_GET_PERMISSION_AUTH '999','deposit/deposit-detail';
2018-05-28 16:55:45 EXEC SPC_COM_GET_COMBOBOX 'deposit_div';
2018-05-28 16:55:45 EXEC SPC_COM_GET_COMBOBOX 'target_div';
2018-05-28 16:55:45 EXEC SPC_COM_GET_COMBOBOX 'bank_div';
2018-05-28 16:55:45 EXEC SPC_COM_GET_COMBOBOX 'currency_div';
2018-05-28 16:55:45 EXEC SPC_COM_GET_COMBOBOX 'deposit_way_div';
2018-05-28 16:55:45 EXEC SPC_COM_GET_COMBOBOX 'rate_confirm_div';
2018-05-28 16:55:50 EXEC SPC_GET_PERMISSION_AUTH '999','deposit/deposit-detail';
2018-05-28 16:55:50 EXEC SPC_COM_GET_COMBOBOX 'deposit_div';
2018-05-28 16:55:50 EXEC SPC_COM_GET_COMBOBOX 'target_div';
2018-05-28 16:55:50 EXEC SPC_COM_GET_COMBOBOX 'bank_div';
2018-05-28 16:55:50 EXEC SPC_COM_GET_COMBOBOX 'currency_div';
2018-05-28 16:55:50 EXEC SPC_COM_GET_COMBOBOX 'deposit_way_div';
2018-05-28 16:55:50 EXEC SPC_COM_GET_COMBOBOX 'rate_confirm_div';
2018-05-28 16:55:51 EXEC SPC_GET_PERMISSION_AUTH '999','deposit/deposit-detail/refer-deposit';
2018-05-28 16:55:51 EXEC SPC_020_DEPOSIT_DETAIL_INQ2 '';
2018-05-28 16:55:52 EXEC SPC_REFER_CLIENT_CD '';
2018-05-28 16:55:52 EXEC SPC_GET_LIB_COUNTRY '';
2018-05-28 16:55:54 EXEC SPC_COM_GET_COMBOBOX 'target_div';
2018-05-28 16:55:57 EXEC SPC_021_DEPOSIT_SEARCH_FND1 '','','','','','','1','10';
2018-05-28 16:55:59 EXEC SPC_GET_PERMISSION_AUTH '999','deposit/deposit-detail/refer-deposit';
2018-05-28 16:55:59 EXEC SPC_020_DEPOSIT_DETAIL_INQ2 'N-18020001';
2018-05-28 16:55:59 EXEC SPC_REFER_CLIENT_CD 'F0024';
2018-05-28 16:55:59 EXEC SPC_GET_LIB_COUNTRY 'SA';
2018-05-28 16:58:12 EXEC SPC_GET_PERMISSION_AUTH '999','deposit/deposit-detail/refer-deposit';
2018-05-28 16:58:12 EXEC SPC_020_DEPOSIT_DETAIL_INQ2 'N-18020001';
2018-05-28 16:58:13 EXEC SPC_REFER_CLIENT_CD 'F0024';
2018-05-28 16:58:14 EXEC SPC_GET_PERMISSION_AUTH '999','deposit/deposit-search';
2018-05-28 16:58:14 EXEC SPC_COM_GET_COMBOBOX 'target_div';
2018-05-28 16:58:17 EXEC SPC_GET_PERMISSION_AUTH '999','deposit/deposit-detail';
2018-05-28 16:58:17 EXEC SPC_COM_GET_COMBOBOX 'deposit_div';
2018-05-28 16:58:17 EXEC SPC_COM_GET_COMBOBOX 'target_div';
2018-05-28 16:58:17 EXEC SPC_COM_GET_COMBOBOX 'bank_div';
2018-05-28 16:58:17 EXEC SPC_COM_GET_COMBOBOX 'currency_div';
2018-05-28 16:58:17 EXEC SPC_COM_GET_COMBOBOX 'deposit_way_div';
2018-05-28 16:58:17 EXEC SPC_COM_GET_COMBOBOX 'rate_confirm_div';
2018-05-28 16:58:17 EXEC SPC_GET_PERMISSION_AUTH '999','deposit/deposit-detail';
2018-05-28 16:58:17 EXEC SPC_COM_GET_COMBOBOX 'deposit_div';
2018-05-28 16:58:17 EXEC SPC_COM_GET_COMBOBOX 'target_div';
2018-05-28 16:58:17 EXEC SPC_COM_GET_COMBOBOX 'bank_div';
2018-05-28 16:58:17 EXEC SPC_COM_GET_COMBOBOX 'currency_div';
2018-05-28 16:58:17 EXEC SPC_COM_GET_COMBOBOX 'deposit_way_div';
2018-05-28 16:58:17 EXEC SPC_COM_GET_COMBOBOX 'rate_confirm_div';
2018-05-28 16:58:22 EXEC SPC_COM_GET_COMBOBOX 'inv_data_div';
2018-05-28 16:58:23 EXEC SPC_015_INVOICE_SEARCH_FND1 '','','','','','','','','1','10';
2018-05-28 16:58:25 EXEC SPC_GET_PERMISSION_AUTH '999','deposit/deposit-detail/refer-invoice';
2018-05-28 16:58:25 EXEC SPC_020_DEPOSIT_DETAIL_INQ4 '','E-180426001';
2018-05-28 16:58:25 EXEC SPC_REFER_CLIENT_CD '';
2018-05-28 16:58:26 EXEC SPC_COM_GET_COMBOBOX 'rcv_status_div';
2018-05-28 16:58:28 EXEC SPC_006_ACCEPT_SEARCH_FND1 '','','','','','1','10';
2018-05-28 16:58:29 EXEC SPC_GET_PERMISSION_AUTH '999','deposit/deposit-detail/refer-rcv';
2018-05-28 16:58:29 EXEC SPC_020_DEPOSIT_DETAIL_INQ3 '','J-18010004';
2018-05-28 16:58:30 EXEC SPC_REFER_CLIENT_CD 'F0024';
2018-05-28 16:58:30 EXEC SPC_GET_LIB_COUNTRY 'SA';
2018-05-28 16:58:44 EXEC SPC_GET_PERMISSION_AUTH '999','deposit/deposit-detail/validate-total-amt';
2018-05-28 16:58:44 EXEC SPC_020_DEPOSIT_DETAIL_INQ1 '','J-18010004','10';
2018-05-28 16:58:46 EXEC SPC_GET_PERMISSION_AUTH '999','deposit/deposit-detail/save';
2018-05-28 16:58:46 EXEC SPC_020_DEPOSIT_DETAIL_ACT1 'I','','0','J-18010004','E-180426001','','0','','001','F0024','SA','USD','07','11','1','1','10','9','1','0','','','001','020_deposit-detail','192.168.5.206';
2018-05-28 16:58:47 EXEC SPC_GET_PERMISSION_AUTH '999','deposit/deposit-detail/refer-deposit';
2018-05-28 16:58:47 EXEC SPC_020_DEPOSIT_DETAIL_INQ2 'N-18050002';
2018-05-28 16:58:47 EXEC SPC_GET_LIB_COUNTRY 'SA';
2018-05-28 16:58:47 EXEC SPC_REFER_CLIENT_CD 'F0024';
2018-05-28 16:58:49 EXEC SPC_GET_PERMISSION_AUTH '999','deposit/deposit-detail/validate-total-amt';
2018-05-28 16:58:49 EXEC SPC_020_DEPOSIT_DETAIL_INQ1 'N-18050002','J-18010004','10';
2018-05-28 17:00:05 EXEC SPC_GET_PERMISSION_AUTH '999','deposit/deposit-detail';
2018-05-28 17:00:05 EXEC SPC_COM_GET_COMBOBOX 'deposit_div';
2018-05-28 17:00:05 EXEC SPC_COM_GET_COMBOBOX 'target_div';
2018-05-28 17:00:05 EXEC SPC_COM_GET_COMBOBOX 'bank_div';
2018-05-28 17:00:05 EXEC SPC_COM_GET_COMBOBOX 'currency_div';
2018-05-28 17:00:05 EXEC SPC_COM_GET_COMBOBOX 'deposit_way_div';
2018-05-28 17:00:05 EXEC SPC_COM_GET_COMBOBOX 'rate_confirm_div';
2018-05-28 17:01:41 EXEC SPC_GET_PERMISSION_AUTH '999','deposit/deposit-detail';
2018-05-28 17:01:41 EXEC SPC_COM_GET_COMBOBOX 'deposit_div';
2018-05-28 17:01:41 EXEC SPC_COM_GET_COMBOBOX 'target_div';
2018-05-28 17:01:41 EXEC SPC_COM_GET_COMBOBOX 'bank_div';
2018-05-28 17:01:41 EXEC SPC_COM_GET_COMBOBOX 'currency_div';
2018-05-28 17:01:41 EXEC SPC_COM_GET_COMBOBOX 'deposit_way_div';
2018-05-28 17:01:41 EXEC SPC_COM_GET_COMBOBOX 'rate_confirm_div';
2018-05-28 17:01:45 EXEC SPC_COM_GET_COMBOBOX 'inv_data_div';
2018-05-28 17:01:46 EXEC SPC_015_INVOICE_SEARCH_FND1 '','','','','','','','','1','10';
2018-05-28 17:01:49 EXEC SPC_GET_PERMISSION_AUTH '999','deposit/deposit-detail/refer-invoice';
2018-05-28 17:01:49 EXEC SPC_020_DEPOSIT_DETAIL_INQ4 '','E-180426001';
2018-05-28 17:01:49 EXEC SPC_GET_LIB_COUNTRY '';
2018-05-28 17:01:49 EXEC SPC_REFER_CLIENT_CD '';
2018-05-28 17:01:50 EXEC SPC_COM_GET_COMBOBOX 'rcv_status_div';
2018-05-28 17:01:54 EXEC SPC_006_ACCEPT_SEARCH_FND1 '','','','','20','1','10';
2018-05-28 17:01:56 EXEC SPC_GET_PERMISSION_AUTH '999','deposit/deposit-detail/refer-rcv';
2018-05-28 17:01:56 EXEC SPC_020_DEPOSIT_DETAIL_INQ3 '','J-18010012';
2018-05-28 17:01:57 EXEC SPC_GET_LIB_COUNTRY 'SA';
2018-05-28 17:01:57 EXEC SPC_REFER_CLIENT_CD 'F0002';
2018-05-28 17:02:14 EXEC SPC_GET_PERMISSION_AUTH '999','deposit/deposit-detail/validate-total-amt';
2018-05-28 17:02:14 EXEC SPC_020_DEPOSIT_DETAIL_INQ1 '','J-18010012','0';
2018-05-28 17:02:15 EXEC SPC_GET_PERMISSION_AUTH '999','deposit/deposit-detail/save';
2018-05-28 17:02:15 EXEC SPC_020_DEPOSIT_DETAIL_ACT1 'I','','0','J-18010012','E-180426001','2018/05/28','1','','001','F0002','SA','USD','11','5','5','5','0','-5','5','0','','','001','020_deposit-detail','192.168.5.206';
2018-05-28 17:02:16 EXEC SPC_GET_PERMISSION_AUTH '999','deposit/deposit-detail/refer-deposit';
2018-05-28 17:02:16 EXEC SPC_020_DEPOSIT_DETAIL_INQ2 'N-18050003';
2018-05-28 17:02:17 EXEC SPC_REFER_CLIENT_CD 'F0002';
2018-05-28 17:02:17 EXEC SPC_GET_LIB_COUNTRY 'SA';
2018-05-28 17:02:29 EXEC SPC_GET_PERMISSION_AUTH '999','deposit/deposit-detail/validate-total-amt';
2018-05-28 17:02:29 EXEC SPC_020_DEPOSIT_DETAIL_INQ1 'N-18050003','J-18010012','0';
2018-05-28 17:07:48 EXEC SPC_GET_PERMISSION_AUTH '999','invoice-detail','view';
2018-05-28 17:07:50 EXEC SPC_COM_GET_COMBOBOX 'port_city_div';
2018-05-28 17:07:51 EXEC SPC_COM_GET_COMBOBOX 'unit_q_div';
2018-05-28 17:07:52 EXEC SPC_COM_GET_COMBOBOX 'unit_w_div';
2018-05-28 17:07:52 EXEC SPC_COM_GET_COMBOBOX 'unit_m_div';
2018-05-28 17:07:52 EXEC SPC_COM_GET_COMBOBOX 'trade_terms_div';
2018-05-28 17:07:52 EXEC SPC_COM_GET_COMBOBOX 'currency_div';
2018-05-28 17:07:52 EXEC SPC_COM_GET_COMBOBOX 'port_country_div';
2018-05-28 17:07:52 EXEC SPC_COM_GET_COMBOBOX 'shipment_div';
2018-05-28 17:07:52 EXEC SPC_COM_GET_COMBOBOX 'sales_detail_div';
2018-05-28 17:07:53 EXEC SPC_GET_TAX_RATE '2018/05/28';
2018-05-28 17:07:53 EXEC SPC_COM_GET_COMBOBOX 'storage_manager_div';
2018-05-28 17:07:53 EXEC SPC_COM_GET_COMBOBOX 'payment_conditions_div';
2018-05-28 17:12:35 EXEC SPC_GET_PERMISSION_AUTH '999','pi-detail','view';
2018-05-28 17:12:35 EXEC SPC_COM_GET_COMBOBOX 'port_country_div';
2018-05-28 17:12:35 EXEC SPC_COM_GET_COMBOBOX 'port_city_div';
2018-05-28 17:12:35 EXEC SPC_COM_GET_COMBOBOX 'shipment_div';
2018-05-28 17:12:35 EXEC SPC_COM_GET_COMBOBOX 'currency_div';
2018-05-28 17:12:35 EXEC SPC_COM_GET_COMBOBOX 'trade_terms_div';
2018-05-28 17:12:35 EXEC SPC_COM_GET_COMBOBOX 'payment_conditions_div';
2018-05-28 17:12:35 EXEC SPC_COM_GET_COMBOBOX 'unit_q_div';
2018-05-28 17:12:35 EXEC SPC_COM_GET_COMBOBOX 'unit_w_div';
2018-05-28 17:12:35 EXEC SPC_COM_GET_COMBOBOX 'unit_m_div';
2018-05-28 17:12:35 EXEC SPC_COM_GET_COMBOBOX 'sales_detail_div';
2018-05-28 17:12:35 EXEC SPC_COM_GET_COMBOBOX 'bank_div';
2018-05-28 17:12:39 EXEC SPC_GET_TAX_RATE '2018/05/28';
2018-05-28 17:19:49 EXEC SPC_GET_PERMISSION_AUTH '999','accept-search','view';
2018-05-28 17:19:49 EXEC SPC_COM_GET_COMBOBOX 'rcv_status_div';
2018-05-28 17:20:43 EXEC SPC_GET_PERMISSION_AUTH '999','accept-search','view';
2018-05-28 17:20:43 EXEC SPC_COM_GET_COMBOBOX 'rcv_status_div';
2018-05-28 17:27:29 EXEC SPC_GET_PERMISSION_AUTH '999','invoice-detail','view';
2018-05-28 17:27:29 EXEC SPC_COM_GET_COMBOBOX 'port_country_div';
2018-05-28 17:27:29 EXEC SPC_COM_GET_COMBOBOX 'port_city_div';
2018-05-28 17:27:29 EXEC SPC_COM_GET_COMBOBOX 'shipment_div';
2018-05-28 17:27:29 EXEC SPC_COM_GET_COMBOBOX 'currency_div';
2018-05-28 17:27:29 EXEC SPC_COM_GET_COMBOBOX 'trade_terms_div';
2018-05-28 17:27:29 EXEC SPC_COM_GET_COMBOBOX 'payment_conditions_div';
2018-05-28 17:27:29 EXEC SPC_COM_GET_COMBOBOX 'unit_q_div';
2018-05-28 17:27:29 EXEC SPC_COM_GET_COMBOBOX 'unit_w_div';
2018-05-28 17:27:29 EXEC SPC_COM_GET_COMBOBOX 'unit_m_div';
2018-05-28 17:27:29 EXEC SPC_COM_GET_COMBOBOX 'sales_detail_div';
2018-05-28 17:27:29 EXEC SPC_COM_GET_COMBOBOX 'storage_manager_div';
2018-05-28 17:27:31 EXEC SPC_COM_GET_COMBOBOX 'port_city_div';
2018-05-28 17:27:32 EXEC SPC_COM_GET_COMBOBOX 'sales_detail_div';
2018-05-28 17:27:32 EXEC SPC_COM_GET_COMBOBOX 'unit_q_div';
2018-05-28 17:27:33 EXEC SPC_COM_GET_COMBOBOX 'unit_w_div';
2018-05-28 17:27:33 EXEC SPC_COM_GET_COMBOBOX 'shipment_div';
2018-05-28 17:27:33 EXEC SPC_COM_GET_COMBOBOX 'trade_terms_div';
2018-05-28 17:27:33 EXEC SPC_COM_GET_COMBOBOX 'currency_div';
2018-05-28 17:27:33 EXEC SPC_COM_GET_COMBOBOX 'port_country_div';
2018-05-28 17:27:33 EXEC SPC_COM_GET_COMBOBOX 'payment_conditions_div';
2018-05-28 17:27:33 EXEC SPC_COM_GET_COMBOBOX 'unit_m_div';
2018-05-28 17:27:33 EXEC SPC_GET_TAX_RATE '2018/05/28';
2018-05-28 17:27:33 EXEC SPC_COM_GET_COMBOBOX 'storage_manager_div';
2018-05-28 17:29:29 EXEC SPC_GET_PERMISSION_AUTH '999','invoice-detail','view';
2018-05-28 17:29:29 EXEC SPC_COM_GET_COMBOBOX 'port_country_div';
2018-05-28 17:29:29 EXEC SPC_COM_GET_COMBOBOX 'port_city_div';
2018-05-28 17:29:29 EXEC SPC_COM_GET_COMBOBOX 'shipment_div';
2018-05-28 17:29:29 EXEC SPC_COM_GET_COMBOBOX 'currency_div';
2018-05-28 17:29:29 EXEC SPC_COM_GET_COMBOBOX 'trade_terms_div';
2018-05-28 17:29:29 EXEC SPC_COM_GET_COMBOBOX 'payment_conditions_div';
2018-05-28 17:29:29 EXEC SPC_COM_GET_COMBOBOX 'unit_q_div';
2018-05-28 17:29:29 EXEC SPC_COM_GET_COMBOBOX 'unit_w_div';
2018-05-28 17:29:29 EXEC SPC_COM_GET_COMBOBOX 'unit_m_div';
2018-05-28 17:29:29 EXEC SPC_COM_GET_COMBOBOX 'sales_detail_div';
2018-05-28 17:29:29 EXEC SPC_COM_GET_COMBOBOX 'storage_manager_div';
2018-05-28 17:29:31 EXEC SPC_COM_GET_COMBOBOX 'port_city_div';
2018-05-28 17:29:31 EXEC SPC_COM_GET_COMBOBOX 'trade_terms_div';
2018-05-28 17:29:31 EXEC SPC_COM_GET_COMBOBOX 'currency_div';
2018-05-28 17:29:31 EXEC SPC_COM_GET_COMBOBOX 'port_country_div';
2018-05-28 17:29:31 EXEC SPC_COM_GET_COMBOBOX 'payment_conditions_div';
2018-05-28 17:29:31 EXEC SPC_COM_GET_COMBOBOX 'sales_detail_div';
2018-05-28 17:29:31 EXEC SPC_COM_GET_COMBOBOX 'shipment_div';
2018-05-28 17:29:31 EXEC SPC_COM_GET_COMBOBOX 'unit_w_div';
2018-05-28 17:29:31 EXEC SPC_COM_GET_COMBOBOX 'unit_m_div';
2018-05-28 17:29:31 EXEC SPC_COM_GET_COMBOBOX 'unit_q_div';
2018-05-28 17:29:31 EXEC SPC_COM_GET_COMBOBOX 'storage_manager_div';
2018-05-28 17:29:32 EXEC SPC_GET_TAX_RATE '2018/05/28';
2018-05-28 17:32:54 EXEC SPC_GET_PERMISSION_AUTH '999','invoice-detail','view';
2018-05-28 17:32:54 EXEC SPC_COM_GET_COMBOBOX 'port_country_div';
2018-05-28 17:32:54 EXEC SPC_COM_GET_COMBOBOX 'port_city_div';
2018-05-28 17:32:54 EXEC SPC_COM_GET_COMBOBOX 'shipment_div';
2018-05-28 17:32:54 EXEC SPC_COM_GET_COMBOBOX 'currency_div';
2018-05-28 17:32:54 EXEC SPC_COM_GET_COMBOBOX 'trade_terms_div';
2018-05-28 17:32:54 EXEC SPC_COM_GET_COMBOBOX 'payment_conditions_div';
2018-05-28 17:32:54 EXEC SPC_COM_GET_COMBOBOX 'unit_q_div';
2018-05-28 17:32:54 EXEC SPC_COM_GET_COMBOBOX 'unit_w_div';
2018-05-28 17:32:54 EXEC SPC_COM_GET_COMBOBOX 'unit_m_div';
2018-05-28 17:32:54 EXEC SPC_COM_GET_COMBOBOX 'sales_detail_div';
2018-05-28 17:32:54 EXEC SPC_COM_GET_COMBOBOX 'storage_manager_div';
2018-05-28 17:32:56 EXEC SPC_COM_GET_COMBOBOX 'port_city_div';
2018-05-28 17:32:56 EXEC SPC_COM_GET_COMBOBOX 'currency_div';
2018-05-28 17:32:56 EXEC SPC_COM_GET_COMBOBOX 'trade_terms_div';
2018-05-28 17:32:56 EXEC SPC_COM_GET_COMBOBOX 'port_country_div';
2018-05-28 17:32:56 EXEC SPC_COM_GET_COMBOBOX 'payment_conditions_div';
2018-05-28 17:32:56 EXEC SPC_COM_GET_COMBOBOX 'sales_detail_div';
2018-05-28 17:32:57 EXEC SPC_COM_GET_COMBOBOX 'shipment_div';
2018-05-28 17:32:57 EXEC SPC_COM_GET_COMBOBOX 'unit_q_div';
2018-05-28 17:32:57 EXEC SPC_COM_GET_COMBOBOX 'unit_m_div';
2018-05-28 17:32:57 EXEC SPC_COM_GET_COMBOBOX 'unit_w_div';
2018-05-28 17:32:57 EXEC SPC_COM_GET_COMBOBOX 'storage_manager_div';
2018-05-28 17:32:57 EXEC SPC_GET_TAX_RATE '2018/05/28';
2018-05-28 17:33:24 EXEC SPC_GET_PERMISSION_AUTH '999','invoice-detail','view';
2018-05-28 17:33:24 EXEC SPC_COM_GET_COMBOBOX 'port_country_div';
2018-05-28 17:33:24 EXEC SPC_COM_GET_COMBOBOX 'port_city_div';
2018-05-28 17:33:24 EXEC SPC_COM_GET_COMBOBOX 'shipment_div';
2018-05-28 17:33:24 EXEC SPC_COM_GET_COMBOBOX 'currency_div';
2018-05-28 17:33:24 EXEC SPC_COM_GET_COMBOBOX 'trade_terms_div';
2018-05-28 17:33:24 EXEC SPC_COM_GET_COMBOBOX 'payment_conditions_div';
2018-05-28 17:33:24 EXEC SPC_COM_GET_COMBOBOX 'unit_q_div';
2018-05-28 17:33:24 EXEC SPC_COM_GET_COMBOBOX 'unit_w_div';
2018-05-28 17:33:24 EXEC SPC_COM_GET_COMBOBOX 'unit_m_div';
2018-05-28 17:33:24 EXEC SPC_COM_GET_COMBOBOX 'sales_detail_div';
2018-05-28 17:33:24 EXEC SPC_COM_GET_COMBOBOX 'storage_manager_div';
2018-05-28 17:33:26 EXEC SPC_GET_TAX_RATE '2018/05/28';
2018-05-28 17:33:43 EXEC SPC_GET_PERMISSION_AUTH '999','invoice-detail','view';
2018-05-28 17:33:43 EXEC SPC_COM_GET_COMBOBOX 'port_country_div';
2018-05-28 17:33:43 EXEC SPC_COM_GET_COMBOBOX 'port_city_div';
2018-05-28 17:33:43 EXEC SPC_COM_GET_COMBOBOX 'shipment_div';
2018-05-28 17:33:43 EXEC SPC_COM_GET_COMBOBOX 'currency_div';
2018-05-28 17:33:43 EXEC SPC_COM_GET_COMBOBOX 'trade_terms_div';
2018-05-28 17:33:43 EXEC SPC_COM_GET_COMBOBOX 'payment_conditions_div';
2018-05-28 17:33:43 EXEC SPC_COM_GET_COMBOBOX 'unit_q_div';
2018-05-28 17:33:43 EXEC SPC_COM_GET_COMBOBOX 'unit_w_div';
2018-05-28 17:33:43 EXEC SPC_COM_GET_COMBOBOX 'unit_m_div';
2018-05-28 17:33:43 EXEC SPC_COM_GET_COMBOBOX 'sales_detail_div';
2018-05-28 17:33:43 EXEC SPC_COM_GET_COMBOBOX 'storage_manager_div';
2018-05-28 17:33:44 EXEC SPC_GET_TAX_RATE '2018/05/28';
2018-05-28 17:34:46 EXEC SPC_GET_PERMISSION_AUTH '999','popup-invoice-search','view';
2018-05-28 17:34:47 EXEC SPC_COM_GET_COMBOBOX 'inv_data_div';
2018-05-28 17:34:49 EXEC SPC_GET_PERMISSION_AUTH '999','popup-invoice-search','search';
2018-05-28 17:34:49 EXEC SPC_015_INVOICE_SEARCH_FND1 '','','','','','','','','1','10';
2018-05-28 17:34:50 EXEC SPC_GET_PERMISSION_AUTH '999','','view';
2018-05-28 17:34:50 EXEC SPC_COM_GET_COMBOBOX 'unit_q_div';
2018-05-28 17:34:50 EXEC SPC_COM_GET_COMBOBOX 'unit_w_div';
2018-05-28 17:34:50 EXEC SPC_COM_GET_COMBOBOX 'unit_m_div';
2018-05-28 17:34:50 EXEC SPC_COM_GET_COMBOBOX 'sales_detail_div';
2018-05-28 17:34:50 EXEC SPC_014_INVOICE_DETAIL_INQ1 'E-180426001';
2018-05-28 17:34:51 EXEC SPC_GET_TAX_RATE '2018/05/28';
2018-05-28 17:34:51 EXEC SPC_COM_GET_COMBOBOX 'sales_detail_div';
2018-05-28 17:34:51 EXEC SPC_COM_GET_COMBOBOX 'unit_q_div';
2018-05-28 17:34:51 EXEC SPC_COM_GET_COMBOBOX 'unit_m_div';
2018-05-28 17:34:51 EXEC SPC_COM_GET_COMBOBOX 'unit_w_div';
2018-05-28 17:35:36 EXEC SPC_GET_PERMISSION_AUTH '999','invoice-search','view';
2018-05-28 17:35:37 EXEC SPC_COM_GET_COMBOBOX 'inv_data_div';
2018-05-28 17:37:08 EXEC SPC_GET_PERMISSION_AUTH '999','invoice-search','view';
2018-05-28 17:37:08 EXEC SPC_COM_GET_COMBOBOX 'inv_data_div';
2018-05-28 17:37:13 EXEC SPC_GET_PERMISSION_AUTH '999','invoice-search','search';
2018-05-28 17:37:13 EXEC SPC_015_INVOICE_SEARCH_FND1 '','','','','','','','','1','10';
2018-05-28 17:37:15 EXEC SPC_GET_PERMISSION_AUTH '999','invoice-search','search';
2018-05-28 17:37:15 EXEC SPC_015_INVOICE_SEARCH_FND1 '','','','','','','','1','1','10';
2018-05-28 17:37:16 EXEC SPC_GET_PERMISSION_AUTH '999','invoice-search','search';
2018-05-28 17:37:16 EXEC SPC_015_INVOICE_SEARCH_FND1 '','','','','','','','1','1','10';
2018-05-28 17:37:18 EXEC SPC_GET_PERMISSION_AUTH '999','invoice-detail','view';
2018-05-28 17:37:18 EXEC SPC_COM_GET_COMBOBOX 'port_country_div';
2018-05-28 17:37:18 EXEC SPC_COM_GET_COMBOBOX 'port_city_div';
2018-05-28 17:37:18 EXEC SPC_COM_GET_COMBOBOX 'shipment_div';
2018-05-28 17:37:18 EXEC SPC_COM_GET_COMBOBOX 'currency_div';
2018-05-28 17:37:18 EXEC SPC_COM_GET_COMBOBOX 'trade_terms_div';
2018-05-28 17:37:18 EXEC SPC_COM_GET_COMBOBOX 'payment_conditions_div';
2018-05-28 17:37:18 EXEC SPC_COM_GET_COMBOBOX 'unit_q_div';
2018-05-28 17:37:18 EXEC SPC_COM_GET_COMBOBOX 'unit_w_div';
2018-05-28 17:37:18 EXEC SPC_COM_GET_COMBOBOX 'unit_m_div';
2018-05-28 17:37:18 EXEC SPC_COM_GET_COMBOBOX 'sales_detail_div';
2018-05-28 17:37:18 EXEC SPC_COM_GET_COMBOBOX 'storage_manager_div';
2018-05-28 17:37:20 EXEC SPC_GET_TAX_RATE '2018/05/28';
2018-05-28 17:39:00 EXEC SPC_GET_PERMISSION_AUTH '999','internalorder-detail','view';
2018-05-28 17:39:01 EXEC SPC_GET_PERMISSION_AUTH '999','','view';
2018-05-28 17:39:01 EXEC SPC_025_INTERNAL_ORDER_DETAIL_INQ1 '1801120001';
2018-05-28 17:39:02 EXEC SPC_COM_GET_COMBOBOX 'manufacture_kind_div';
2018-05-28 17:39:02 EXEC SPC_COM_GET_COMBOBOX 'manufacture_kind_div';
2018-05-28 17:39:27 EXEC SPC_GET_PERMISSION_AUTH '999','internalorder-search','view';
2018-05-28 17:39:29 EXEC SPC_COM_GET_COMBOBOX 'manufacture_status_div';
2018-05-28 17:39:33 EXEC SPC_GET_PERMISSION_AUTH '999','manufacturing-instruction-report','view';
2018-05-28 17:39:35 EXEC SPC_COM_GET_COMBOBOX 'manufacture_kind_div';
2018-05-28 17:39:35 EXEC SPC_COM_GET_COMBOBOX 'exists_div';
2018-05-28 17:39:39 EXEC SPC_GET_PERMISSION_AUTH '999','manufacturing-instruction-search','view';
2018-05-28 17:39:41 EXEC SPC_COM_GET_COMBOBOX 'done_div';
2018-05-28 17:39:41 EXEC SPC_COM_GET_COMBOBOX 'production_status_div';
2018-05-28 17:39:41 EXEC SPC_COM_GET_COMBOBOX 'outsourcing_div';
2018-05-28 17:39:47 EXEC SPC_GET_PERMISSION_AUTH '999','internalorder-detail','view';
2018-05-28 17:39:48 EXEC SPC_COM_GET_COMBOBOX 'manufacture_kind_div';
2018-05-28 17:46:29 EXEC SPC_GET_PERMISSION_AUTH '999','internalorder-search','view';
2018-05-28 17:46:29 EXEC SPC_GET_PERMISSION_AUTH '999','internalorder-search','view';
2018-05-28 17:46:29 EXEC SPC_GET_PERMISSION_AUTH '999','internalorder-search','view';
2018-05-28 17:46:31 EXEC SPC_COM_GET_COMBOBOX 'manufacture_status_div';
2018-05-28 17:48:16 EXEC SPC_GET_PERMISSION_AUTH '999','internalorder-search','view';
2018-05-28 17:48:16 EXEC SPC_COM_GET_COMBOBOX 'manufacture_status_div';
2018-05-28 17:48:20 EXEC SPC_GET_PERMISSION_AUTH '999','internalorder-search','search';
2018-05-28 17:48:20 EXEC SPC_026_INTERNAL_ORDER_SEARCH_FND1 '','','','','','00','1','10';
2018-05-28 17:48:23 EXEC SPC_GET_PERMISSION_AUTH '999','internalorder-search','search';
2018-05-28 17:48:23 EXEC SPC_026_INTERNAL_ORDER_SEARCH_FND1 '','','','','','','1','10';
2018-05-28 17:48:34 EXEC SPC_GET_PERMISSION_AUTH '999','manufacturing-instruction-report','view';
2018-05-28 17:48:35 EXEC SPC_COM_GET_COMBOBOX 'manufacture_kind_div';
2018-05-28 17:48:35 EXEC SPC_COM_GET_COMBOBOX 'exists_div';
2018-05-28 17:49:53 EXEC SPC_GET_PERMISSION_AUTH '999','manufacturing-instruction-report','view';
2018-05-28 17:49:53 EXEC SPC_COM_GET_COMBOBOX 'manufacture_kind_div';
2018-05-28 17:49:54 EXEC SPC_COM_GET_COMBOBOX 'manufacture_kind_div';
2018-05-28 17:49:54 EXEC SPC_COM_GET_COMBOBOX 'exists_div';
2018-05-28 17:50:12 EXEC SPC_GET_PERMISSION_AUTH '999','manufacturing-instruction-search','view';
2018-05-28 17:50:14 EXEC SPC_COM_GET_COMBOBOX 'outsourcing_div';
2018-05-28 17:50:14 EXEC SPC_COM_GET_COMBOBOX 'production_status_div';
2018-05-28 17:50:14 EXEC SPC_COM_GET_COMBOBOX 'done_div';
2018-05-28 17:50:17 EXEC SPC_GET_PERMISSION_AUTH '999','manufacturing-instruction-report','view';
2018-05-28 17:50:17 EXEC SPC_COM_GET_COMBOBOX 'manufacture_kind_div';
2018-05-28 17:50:26 EXEC SPC_GET_PERMISSION_AUTH '999','manufacturing-instruction-search','view';
2018-05-28 17:50:28 EXEC SPC_COM_GET_COMBOBOX 'outsourcing_div';
2018-05-28 17:50:28 EXEC SPC_COM_GET_COMBOBOX 'done_div';
2018-05-28 17:50:28 EXEC SPC_COM_GET_COMBOBOX 'production_status_div';
2018-05-28 17:52:12 EXEC SPC_GET_PERMISSION_AUTH '999','manufacturing-instruction-search','view';
2018-05-28 17:53:31 EXEC SPC_GET_PERMISSION_AUTH '999','manufacturing-instruction-search','view';
2018-05-28 17:53:31 EXEC SPC_COM_GET_COMBOBOX 'outsourcing_div';
2018-05-28 17:53:31 EXEC SPC_COM_GET_COMBOBOX 'production_status_div';
2018-05-28 17:53:31 EXEC SPC_COM_GET_COMBOBOX 'done_div';
2018-05-28 17:56:33 EXEC SPC_GET_PERMISSION_AUTH '999','manufacturing-completion-process','view';
2018-05-28 17:57:22 EXEC SPC_GET_PERMISSION_AUTH '999','order-detail','view';
2018-05-28 17:57:31 EXEC SPC_GET_PERMISSION_AUTH '999','order-search','view';
2018-05-28 17:57:32 EXEC SPC_COM_GET_COMBOBOX 'buy_status_div';
2018-05-28 17:57:37 EXEC SPC_GET_PERMISSION_AUTH '999','order-search','search';
2018-05-28 17:57:37 EXEC SPC_035_COMPONENT_ORDER_SEARCH_FND1 '','','','','','','','1','10';
2018-05-28 17:58:00 EXEC SPC_GET_PERMISSION_AUTH '999','order-detail','view';
2018-05-28 17:58:06 EXEC SPC_GET_PERMISSION_AUTH '999','order-detail','view';
2018-05-28 17:58:52 EXEC SPC_GET_PERMISSION_AUTH '999','order-search','view';
2018-05-28 17:59:34 EXEC SPC_GET_PERMISSION_AUTH '999','order-search','view';
2018-05-28 17:59:34 EXEC SPC_COM_GET_COMBOBOX 'buy_status_div';
2018-05-28 17:59:37 EXEC SPC_GET_PERMISSION_AUTH '999','order-search','search';
2018-05-28 17:59:37 EXEC SPC_035_COMPONENT_ORDER_SEARCH_FND1 '','','','','','','','1','10';
2018-05-28 18:01:26 EXEC SPC_GET_PERMISSION_AUTH '999','order-search','view';
2018-05-28 18:01:26 EXEC SPC_COM_GET_COMBOBOX 'buy_status_div';
2018-05-28 18:01:36 EXEC SPC_GET_PERMISSION_AUTH '999','accept-detail','view';
2018-05-28 18:01:36 EXEC SPC_COM_GET_COMBOBOX 'port_city_div';
2018-05-28 18:01:36 EXEC SPC_COM_GET_COMBOBOX 'port_country_div';
2018-05-28 18:01:36 EXEC SPC_COM_GET_COMBOBOX 'shipment_div';
2018-05-28 18:01:36 EXEC SPC_COM_GET_COMBOBOX 'currency_div';
2018-05-28 18:01:36 EXEC SPC_COM_GET_COMBOBOX 'trade_terms_div';
2018-05-28 18:01:36 EXEC SPC_COM_GET_COMBOBOX 'sales_detail_div';
2018-05-28 18:01:36 EXEC SPC_COM_GET_COMBOBOX 'unit_q_div';
2018-05-28 18:01:36 EXEC SPC_COM_GET_COMBOBOX 'unit_w_div';
2018-05-28 18:01:36 EXEC SPC_COM_GET_COMBOBOX 'unit_m_div';
2018-05-28 18:01:38 EXEC SPC_GET_TAX_RATE '2018/05/28';
2018-05-28 18:01:41 EXEC SPC_GET_PERMISSION_AUTH '999','order-confirm','view';
2018-05-28 18:01:44 EXEC SPC_GET_PERMISSION_AUTH '999','accept-search','view';
2018-05-28 18:01:44 EXEC SPC_COM_GET_COMBOBOX 'rcv_status_div';
2018-05-28 18:01:49 EXEC SPC_GET_PERMISSION_AUTH '999','provisional-shipment-detail','view';
2018-05-28 18:01:51 EXEC SPC_COM_GET_COMBOBOX 'forwarding_div';
2018-05-28 18:01:52 EXEC SPC_COM_GET_COMBOBOX 'forwarder_div';
2018-05-28 18:01:52 EXEC SPC_COM_GET_COMBOBOX 'forwarding_way_div';
2018-05-28 18:01:52 EXEC SPC_COM_GET_COMBOBOX 'forwarding_warehouse_div';
2018-05-28 18:01:52 EXEC SPC_COM_GET_COMBOBOX 'packing_method_div';
