2018-05-24 10:27:13 EXEC SPC_COM_GET_COMBOBOX 'production_status_div';
2018-05-24 10:27:13 EXEC SPC_COM_GET_COMBOBOX 'done_div';
2018-05-24 10:27:39 EXEC SPC_073_LOGIN_ACT1 '111','111';
2018-05-24 10:27:39 EXEC SPC_GET_CONSTANT '';
2018-05-24 10:28:23 EXEC SPC_COM_GET_COMBOBOX 'outsourcing_div';
2018-05-24 10:28:23 EXEC SPC_COM_GET_COMBOBOX 'production_status_div';
2018-05-24 10:28:23 EXEC SPC_COM_GET_COMBOBOX 'done_div';
2018-05-24 10:42:56 EXEC SPC_027_MANUFACTURING_INSTRUCTION_SEARCH_FND1 '','','','','','','','','','','1','10';
2018-05-24 11:25:14 EXEC SPC_073_LOGIN_ACT1 '001','123456';
2018-05-24 11:25:14 EXEC SPC_GET_CONSTANT '';
2018-05-24 11:25:21 EXEC SPC_COM_GET_COMBOBOX 'outsourcing_div';
2018-05-24 11:25:21 EXEC SPC_COM_GET_COMBOBOX 'done_div';
2018-05-24 11:25:21 EXEC SPC_COM_GET_COMBOBOX 'production_status_div';
2018-05-24 11:25:22 EXEC SPC_027_MANUFACTURING_INSTRUCTION_SEARCH_FND1 '','','','','','','','','','','1','10';
2018-05-24 11:26:54 EXEC SPC_COM_GET_COMBOBOX 'manufacture_kind_div';
2018-05-24 11:28:21 EXEC SPC_GET_PERMISSION_AUTH '999','master/suppliers-master-maintenance';
2018-05-24 11:28:23 EXEC SPC_COM_GET_COMBOBOX 'payment_conditions_div';
2018-05-24 11:28:24 EXEC SPC_COM_GET_COMBOBOX 'payment_nums_div';
2018-05-24 11:28:24 EXEC SPC_COM_GET_COMBOBOX 'postpay_date_div';
2018-05-24 11:28:24 EXEC SPC_COM_GET_COMBOBOX 'payday_condition_div';
2018-05-24 11:28:24 EXEC SPC_COM_GET_COMBOBOX 'bank_div';
2018-05-24 11:28:24 EXEC SPC_COM_GET_COMBOBOX 'currency_div';
2018-05-24 11:28:25 EXEC SPC_COM_GET_COMBOBOX 'round_div';
2018-05-24 11:28:25 EXEC SPC_COM_GET_COMBOBOX 'allocation_div';
2018-05-24 11:28:25 EXEC SPC_COM_GET_COMBOBOX 'exists_div';
2018-05-24 11:28:25 EXEC SPC_COM_GET_COMBOBOX 'paydate_condition_div';
2018-05-24 11:28:39 EXEC SPC_GET_PERMISSION_AUTH '999','master/component-master-detail';
2018-05-24 11:28:40 EXEC SPC_COM_GET_COMBOBOX 'unit_q_div';
2018-05-24 11:28:40 EXEC SPC_COM_GET_COMBOBOX 'parts_order_div';
2018-05-24 11:28:40 EXEC SPC_COM_GET_COMBOBOX 'parts_kind_div';
2018-05-24 11:28:40 EXEC SPC_COM_GET_COMBOBOX 'order_level_div';
2018-05-24 11:29:04 EXEC SPC_GET_PERMISSION_AUTH '999','master/component-master-detail/refer-part';
2018-05-24 11:29:04 EXEC SPC_067_COMPONENT_MASTER_DETAIL_INQ1 'TE9992';
2018-05-24 11:29:13 EXEC SPC_GET_PERMISSION_AUTH '999','master/suppliers-master-maintenance/refer';
2018-05-24 11:29:13 EXEC SPC_053_SUPPLIERS_MASTER_MAINTENANCE_INQ1 'KA1009';
2018-05-24 11:29:26 EXEC SPC_055_SUPPLIERS_MASTER_SEARCH_FND1 '','','','','','','0','0','0','1','10';
2018-05-24 11:29:29 EXEC SPC_REFER_CLIENT_CD '001';
2018-05-24 11:29:33 EXEC SPC_WAREHOUSE_SEARCH '','','1','10';
2018-05-24 11:29:43 EXEC SPC_COUNTRY_SEARCH '','','1','10';
2018-05-24 11:29:45 EXEC SPC_GET_LIB_COUNTRY 'AE';
2018-05-24 11:29:50 EXEC SPC_CITY_SEARCH '','','1','10';
2018-05-24 11:29:51 EXEC SPC_GET_LIB_CITY_COUNTRY '003';
2018-05-24 11:29:54 EXEC SPC_CITY_SEARCH '','','1','10';
2018-05-24 11:29:55 EXEC SPC_GET_LIB_CITY_COUNTRY '005';
2018-05-24 11:30:12 EXEC SPC_GET_PERMISSION_AUTH '999','master/suppliers-master-maintenance/save';
2018-05-24 11:30:12 EXEC SPC_053_SUPPLIERS_MASTER_MAINTENANCE_ACT1 'KA1009','上海奇道儀器公司','0','1','0','上海奇道儀器公司','','200090','上海市楊浦区河間路640合4F','','003','NL','005','IQ','86-215-580-8811','','','','','','001','so0002','組立、部品供給','','','','','','','USD','1','02','1','1','99','0','','','','001','','','','','','','','','','','','','','','','','','','','','','','','','','','','','','','U','出荷倉庫コード初期値','JPY','1','[{"payment_condition_div":"1","payment_rate":"","payment_amt":"","paydate_condition_div":"","payday_condition_div":""}]','001','053_suppliers-master-maintenance','192.168.5.206';
2018-05-24 11:30:13 EXEC SPC_GET_PERMISSION_AUTH '999','master/suppliers-master-maintenance/refer';
2018-05-24 11:30:13 EXEC SPC_053_SUPPLIERS_MASTER_MAINTENANCE_INQ1 'KA1009';
2018-05-24 11:30:34 EXEC SPC_GET_PERMISSION_AUTH '999','master/component-master-detail/refer-part';
2018-05-24 11:30:34 EXEC SPC_067_COMPONENT_MASTER_DETAIL_INQ1 'F0511';
2018-05-24 11:30:38 EXEC SPC_GET_PERMISSION_AUTH '999','master/component-master-detail/refer-part';
2018-05-24 11:30:38 EXEC SPC_067_COMPONENT_MASTER_DETAIL_INQ1 'TE9992';
2018-05-24 11:30:44 EXEC SPC_GET_PERMISSION_AUTH '999','master/component-master-detail/refer-part';
2018-05-24 11:30:44 EXEC SPC_067_COMPONENT_MASTER_DETAIL_INQ1 'TE9993';
2018-05-24 11:30:48 EXEC SPC_GET_PERMISSION_AUTH '999','master/suppliers-master-maintenance/refer';
2018-05-24 11:30:48 EXEC SPC_053_SUPPLIERS_MASTER_MAINTENANCE_INQ1 'f0511';
2018-05-24 11:30:51 EXEC SPC_WAREHOUSE_SEARCH '','','1','10';
2018-05-24 11:31:01 EXEC SPC_GET_PERMISSION_AUTH '999','master/suppliers-master-maintenance/save';
2018-05-24 11:31:01 EXEC SPC_053_SUPPLIERS_MASTER_MAINTENANCE_ACT1 'F0511','client name 2','1','0','0','','client staff name','5555','client address 1','client address 1','045','JP','003','NL','0905242555','0905242555','client@client.com','client2@client.com','','','','so0002','','','','shipping mark 1','shipping mark 2','shipping mark 3','shipping mark 4','USD','1','02','2','0','01','0','','','','008','','','','','','','','','','','','','','','','001','SY','','','','consiqnee name 2','','9999','consiqnee address 1','consiqnee address 1','004','TR','0999111','99998888','','U','出荷倉庫コード初期値','JPY','1','[{"payment_condition_div":"1","payment_rate":"10","payment_amt":"","paydate_condition_div":"90","payday_condition_div":"60"},{"payment_condition_div":"2","payment_rate":"0.05","payment_amt":"","paydate_condition_div":"02","payday_condition_div":"150"}]','001','053_suppliers-master-maintenance','192.168.5.206';
2018-05-24 11:31:02 EXEC SPC_GET_PERMISSION_AUTH '999','master/suppliers-master-maintenance/refer';
2018-05-24 11:31:02 EXEC SPC_053_SUPPLIERS_MASTER_MAINTENANCE_INQ1 'F0511';
2018-05-24 11:31:25 EXEC SPC_GET_PERMISSION_AUTH '999','master/component-master-detail/refer-part';
2018-05-24 11:31:25 EXEC SPC_067_COMPONENT_MASTER_DETAIL_INQ1 'TE9994';
2018-05-24 11:32:29 EXEC SPC_GET_PERMISSION_AUTH '999','master/component-master-detail/refer-part';
2018-05-24 11:32:29 EXEC SPC_067_COMPONENT_MASTER_DETAIL_INQ1 'comAAA';
2018-05-24 11:32:34 EXEC SPC_055_SUPPLIERS_MASTER_SEARCH_FND1 '','','','','','','0','0','0','1','10';
2018-05-24 11:32:37 EXEC SPC_055_SUPPLIERS_MASTER_SEARCH_FND1 '','','','','','','0','0','0','75','10';
2018-05-24 11:32:40 EXEC SPC_055_SUPPLIERS_MASTER_SEARCH_FND1 '','','','','','','0','0','0','1','10';
2018-05-24 11:32:45 EXEC SPC_055_SUPPLIERS_MASTER_SEARCH_FND1 '','','','','','','0','0','0','2','10';
2018-05-24 11:32:48 EXEC SPC_GET_PERMISSION_AUTH '999','master/component-master-detail/refer-purchase-price';
2018-05-24 11:32:48 EXEC SPC_067_COMPONENT_MASTER_DETAIL_INQ2 'comAAA','F0001';
2018-05-24 11:32:52 EXEC SPC_GET_PERMISSION_AUTH '999','master/component-master-detail/save';
2018-05-24 11:32:52 EXEC SPC_067_COMPONENT_MASTER_DETAIL_ACT1 'U','comAAA','new component for 111111 product','new component for 111111 product','new component for 111111 product','','0','1','1','','0','0','','','[{"row_idx":"0","ini_target_div":"1","supplier_cd":"F0001","purchase_unit_price_JPY":"0","purchase_unit_price_USD":"0","purchase_unit_price_EUR":"0","order_lot_qty":"0","lower_limit_lot_qty":"0","upper_limit_lot_qty":"0"}]','001','067_component-master-detail','192.168.5.206';
2018-05-24 11:32:53 EXEC SPC_GET_PERMISSION_AUTH '999','master/component-master-detail/refer-part';
2018-05-24 11:32:53 EXEC SPC_067_COMPONENT_MASTER_DETAIL_INQ1 'comAAA';
2018-05-24 11:32:58 EXEC SPC_GET_PERMISSION_AUTH '999','master/suppliers-master-maintenance/refer';
2018-05-24 11:32:58 EXEC SPC_053_SUPPLIERS_MASTER_MAINTENANCE_INQ1 'F0001';
2018-05-24 11:33:04 EXEC SPC_WAREHOUSE_SEARCH '','','1','10';
2018-05-24 11:33:12 EXEC SPC_GET_PERMISSION_AUTH '999','master/suppliers-master-maintenance/save';
2018-05-24 11:33:12 EXEC SPC_053_SUPPLIERS_MASTER_MAINTENANCE_ACT1 'F0001','AB MEDICAL SAN TIC LTD','1','0','0','ABM','Dr. Jafer','','Yeniyol Cad. No.16/18/kat 6 Izzetpasa mah','Sisli-Istanbul,','029','TR','029','TR','90-212-2241524','90-212-2249767','abm@isbank.net.tr','','','','','so0004','','','','ABM','ISTANBUL','','','USD','3','03','1','0','99','0','','','','001','','','','','','','','','','','','','','','','','','','','','','','','','','','','','','','U','出荷倉庫コード初期値','JPY','1','[{"payment_condition_div":"1","payment_rate":"","payment_amt":"","paydate_condition_div":"","payday_condition_div":""}]','001','053_suppliers-master-maintenance','192.168.5.206';
2018-05-24 11:33:13 EXEC SPC_GET_PERMISSION_AUTH '999','master/suppliers-master-maintenance/refer';
2018-05-24 11:33:13 EXEC SPC_053_SUPPLIERS_MASTER_MAINTENANCE_INQ1 'F0001';
2018-05-24 11:33:22 EXEC SPC_GET_PERMISSION_AUTH '999','master/component-master-detail/refer-part';
2018-05-24 11:33:22 EXEC SPC_067_COMPONENT_MASTER_DETAIL_INQ1 'comBBB';
2018-05-24 11:33:25 EXEC SPC_055_SUPPLIERS_MASTER_SEARCH_FND1 '','','','','','','0','0','0','1','10';
2018-05-24 11:33:27 EXEC SPC_055_SUPPLIERS_MASTER_SEARCH_FND1 '','','','','','','0','0','0','2','10';
2018-05-24 11:33:30 EXEC SPC_GET_PERMISSION_AUTH '999','master/component-master-detail/refer-purchase-price';
2018-05-24 11:33:30 EXEC SPC_067_COMPONENT_MASTER_DETAIL_INQ2 'comBBB','F0001';
2018-05-24 11:33:35 EXEC SPC_GET_PERMISSION_AUTH '999','master/component-master-detail/save';
2018-05-24 11:33:35 EXEC SPC_067_COMPONENT_MASTER_DETAIL_ACT1 'U','comBBB','new component for 111111 product','new component for 111111 product','new component for 111111 product','','0','0','1','','0','0','','','[{"row_idx":"0","ini_target_div":"0","supplier_cd":"F0001","purchase_unit_price_JPY":"0","purchase_unit_price_USD":"0","purchase_unit_price_EUR":"0","order_lot_qty":"0","lower_limit_lot_qty":"0","upper_limit_lot_qty":"0"}]','001','067_component-master-detail','192.168.5.206';
2018-05-24 11:33:36 EXEC SPC_GET_PERMISSION_AUTH '999','master/component-master-detail/refer-part';
2018-05-24 11:33:36 EXEC SPC_067_COMPONENT_MASTER_DETAIL_INQ1 'comBBB';
2018-05-24 11:34:24 EXEC SPC_GET_PERMISSION_AUTH '999','master/component-master-detail/save';
2018-05-24 11:34:24 EXEC SPC_067_COMPONENT_MASTER_DETAIL_ACT1 'U','comBBB','new component for 111111 product','new component for 111111 product','new component for 111111 product','','0','0','0','','0','0','','','[{"row_idx":"0","ini_target_div":"0","supplier_cd":"F0001","purchase_unit_price_JPY":"0","purchase_unit_price_USD":"0","purchase_unit_price_EUR":"0","order_lot_qty":"0","lower_limit_lot_qty":"0","upper_limit_lot_qty":"0"}]','001','067_component-master-detail','192.168.5.206';
2018-05-24 11:34:25 EXEC SPC_GET_PERMISSION_AUTH '999','master/component-master-detail/refer-part';
2018-05-24 11:34:25 EXEC SPC_067_COMPONENT_MASTER_DETAIL_INQ1 'comBBB';
2018-05-24 11:34:36 EXEC SPC_GET_PERMISSION_AUTH '999','master/component-master-detail/save';
2018-05-24 11:34:36 EXEC SPC_067_COMPONENT_MASTER_DETAIL_ACT1 'U','comBBB','new component for 111111 product','new component for 111111 product','new component for 111111 product','','0','1','0','','0','0','','','[{"row_idx":"0","ini_target_div":"0","supplier_cd":"F0001","purchase_unit_price_JPY":"0","purchase_unit_price_USD":"0","purchase_unit_price_EUR":"0","order_lot_qty":"0","lower_limit_lot_qty":"0","upper_limit_lot_qty":"0"}]','001','067_component-master-detail','192.168.5.206';
2018-05-24 11:34:37 EXEC SPC_GET_PERMISSION_AUTH '999','master/component-master-detail/refer-part';
2018-05-24 11:34:37 EXEC SPC_067_COMPONENT_MASTER_DETAIL_INQ1 'comBBB';
2018-05-24 11:35:03 EXEC SPC_GET_PERMISSION_AUTH '999','master/component-master-detail/refer-part';
2018-05-24 11:35:03 EXEC SPC_067_COMPONENT_MASTER_DETAIL_INQ1 'comAAA';
2018-05-24 11:35:10 EXEC SPC_GET_PERMISSION_AUTH '999','master/component-master-detail/refer-part';
2018-05-24 11:35:10 EXEC SPC_067_COMPONENT_MASTER_DETAIL_INQ1 'comBBB';
2018-05-24 11:35:14 EXEC SPC_GET_PERMISSION_AUTH '999','master/component-master-detail/save';
2018-05-24 11:35:14 EXEC SPC_067_COMPONENT_MASTER_DETAIL_ACT1 'U','comBBB','new component for 111111 product','new component for 111111 product','new component for 111111 product','','0','1','1','','0','0','','','[{"row_idx":"0","ini_target_div":"0","supplier_cd":"F0001","purchase_unit_price_JPY":"0","purchase_unit_price_USD":"0","purchase_unit_price_EUR":"0","order_lot_qty":"0","lower_limit_lot_qty":"0","upper_limit_lot_qty":"0"}]','001','067_component-master-detail','192.168.5.206';
2018-05-24 11:35:14 EXEC SPC_GET_PERMISSION_AUTH '999','master/component-master-detail/refer-part';
2018-05-24 11:35:14 EXEC SPC_067_COMPONENT_MASTER_DETAIL_INQ1 'comBBB';
2018-05-24 11:35:34 EXEC SPC_GET_PERMISSION_AUTH '999','master/component-master-detail/save';
2018-05-24 11:35:34 EXEC SPC_067_COMPONENT_MASTER_DETAIL_ACT1 'U','comBBB','new component for 111111 product','new component for 111111 product','new component for 111111 product','','0','1','1','','0','0','','','[{"row_idx":"0","ini_target_div":"1","supplier_cd":"F0001","purchase_unit_price_JPY":"0","purchase_unit_price_USD":"0","purchase_unit_price_EUR":"0","order_lot_qty":"0","lower_limit_lot_qty":"0","upper_limit_lot_qty":"0"}]','001','067_component-master-detail','192.168.5.206';
2018-05-24 11:35:35 EXEC SPC_GET_PERMISSION_AUTH '999','master/component-master-detail/refer-part';
2018-05-24 11:35:35 EXEC SPC_067_COMPONENT_MASTER_DETAIL_INQ1 'comBBB';
2018-05-24 11:38:03 EXEC SPC_GET_PERMISSION_AUTH '999','master/component-master-detail/refer-purchase-price';
2018-05-24 11:38:03 EXEC SPC_067_COMPONENT_MASTER_DETAIL_INQ2 'comBBB','999999';
2018-05-24 11:38:07 EXEC SPC_GET_PERMISSION_AUTH '999','master/component-master-detail/refer-purchase-price';
2018-05-24 11:38:07 EXEC SPC_067_COMPONENT_MASTER_DETAIL_INQ2 'comBBB','F0001';
