2018-03-26 10:26:03 EXEC SPC_COM_GET_COMBOBOX 'in_out_data_div';
2018-03-26 10:26:03 EXEC SPC_048_INPUT_OUTPUT_DETAIL_INQ1 'NY201803230004';
2018-03-26 10:26:03 EXEC SPC_COM_GET_COMBOBOX 'in_out_div';
2018-03-26 10:26:24 EXEC SPC_073_LOGIN_ACT1 '001','123456';
2018-03-26 10:26:24 EXEC SPC_GET_CONSTANT '';
2018-03-26 10:26:56 EXEC SPC_COM_GET_COMBOBOX 'in_out_data_div';
2018-03-26 10:26:56 EXEC SPC_COM_GET_COMBOBOX 'in_out_div';
2018-03-26 10:38:39 EXEC SPC_COM_GET_COMBOBOX 'in_out_data_div';
2018-03-26 10:38:39 EXEC SPC_COM_GET_COMBOBOX 'in_out_div';
2018-03-26 10:38:41 EXEC SPC_COM_GET_COMBOBOX 'in_out_data_div';
2018-03-26 10:38:41 EXEC SPC_COM_GET_COMBOBOX 'in_out_div';
2018-03-26 10:38:56 EXEC SPC_WAREHOUSE_SEARCH '','','1','10';
2018-03-26 10:39:06 EXEC SPC_COMPONENT_PRODUCT_FND '','','','','1','10';
2018-03-26 10:39:07 EXEC SPC_048_INPUT_OUTPUT_DETAIL_INQ2 '000004';
2018-03-26 10:41:31 EXEC SPC_COMPONENT_PRODUCT_FND '','','','','1','10';
2018-03-26 10:41:33 EXEC SPC_048_INPUT_OUTPUT_DETAIL_INQ2 '000115';
2018-03-26 10:41:40 EXEC SPC_COMPONENT_PRODUCT_FND '','','','','1','10';
2018-03-26 10:41:43 EXEC SPC_048_INPUT_OUTPUT_DETAIL_INQ2 '000115';
2018-03-26 10:42:10 EXEC SPC_COMPONENT_PRODUCT_FND '','','1','','1','10';
2018-03-26 10:42:11 EXEC SPC_048_INPUT_OUTPUT_DETAIL_INQ2 '000114';
2018-03-26 10:52:46 EXEC SPC_048_INPUT_OUTPUT_DETAIL_INQ2 '';
2018-03-26 10:57:24 EXEC SPC_COM_GET_COMBOBOX 'in_out_div';
2018-03-26 10:57:25 EXEC SPC_COM_GET_COMBOBOX 'in_out_data_div';
2018-03-26 10:57:32 EXEC SPC_WAREHOUSE_SEARCH '','','1','10';
2018-03-26 10:57:36 EXEC SPC_COMPONENT_PRODUCT_FND '','','','','1','10';
2018-03-26 10:57:38 EXEC SPC_048_INPUT_OUTPUT_DETAIL_INQ2 '000115';
2018-03-26 10:59:19 EXEC SPC_COM_GET_COMBOBOX 'in_out_div';
2018-03-26 10:59:19 EXEC SPC_COM_GET_COMBOBOX 'in_out_data_div';
2018-03-26 10:59:25 EXEC SPC_WAREHOUSE_SEARCH '','','1','10';
2018-03-26 10:59:33 EXEC SPC_COMPONENT_PRODUCT_FND '','','','','1','10';
2018-03-26 10:59:35 EXEC SPC_048_INPUT_OUTPUT_DETAIL_INQ2 '000115';
2018-03-26 11:36:14 EXEC SPC_COM_GET_COMBOBOX 'in_out_div';
2018-03-26 11:36:14 EXEC SPC_COM_GET_COMBOBOX 'in_out_data_div';
2018-03-26 11:36:59 EXEC SPC_WAREHOUSE_SEARCH '','','1','10';
2018-03-26 11:37:03 EXEC SPC_COMPONENT_PRODUCT_FND '','','','','1','10';
2018-03-26 11:37:04 EXEC SPC_048_INPUT_OUTPUT_DETAIL_INQ2 '000115';
2018-03-26 11:39:30 EXEC SPC_COM_GET_COMBOBOX 'in_out_div';
2018-03-26 11:39:30 EXEC SPC_COM_GET_COMBOBOX 'in_out_data_div';
2018-03-26 11:39:37 EXEC SPC_WAREHOUSE_SEARCH '','','1','10';
2018-03-26 11:39:42 EXEC SPC_COMPONENT_PRODUCT_FND '','','','','1','10';
2018-03-26 11:39:44 EXEC SPC_048_INPUT_OUTPUT_DETAIL_INQ2 '000115';
2018-03-26 11:40:57 EXEC SPC_COM_GET_COMBOBOX 'in_out_data_div';
2018-03-26 11:40:57 EXEC SPC_COM_GET_COMBOBOX 'in_out_div';
2018-03-26 11:41:03 EXEC SPC_WAREHOUSE_SEARCH '','','1','10';
2018-03-26 11:41:07 EXEC SPC_COMPONENT_PRODUCT_FND '','','','','1','10';
2018-03-26 11:41:09 EXEC SPC_048_INPUT_OUTPUT_DETAIL_INQ2 '000115';
2018-03-26 11:41:49 EXEC SPC_COM_GET_COMBOBOX 'in_out_data_div';
2018-03-26 11:41:49 EXEC SPC_COM_GET_COMBOBOX 'in_out_div';
2018-03-26 11:42:00 EXEC SPC_WAREHOUSE_SEARCH '','','1','10';
2018-03-26 11:42:05 EXEC SPC_COMPONENT_PRODUCT_FND '','','','','1','10';
2018-03-26 11:42:07 EXEC SPC_048_INPUT_OUTPUT_DETAIL_INQ2 '000115';
2018-03-26 11:42:17 EXEC SPC_COMPONENT_PRODUCT_FND '','','','','1','10';
2018-03-26 11:42:19 EXEC SPC_048_INPUT_OUTPUT_DETAIL_INQ2 '000114';
2018-03-26 11:44:45 EXEC SPC_COM_GET_COMBOBOX 'in_out_div';
2018-03-26 11:44:45 EXEC SPC_COM_GET_COMBOBOX 'in_out_data_div';
2018-03-26 11:44:56 EXEC SPC_WAREHOUSE_SEARCH '','','1','10';
2018-03-26 11:45:00 EXEC SPC_COMPONENT_PRODUCT_FND '','','','','1','10';
2018-03-26 11:45:02 EXEC SPC_048_INPUT_OUTPUT_DETAIL_INQ2 '000115';
2018-03-26 11:45:08 EXEC SPC_048_INPUT_OUTPUT_DETAIL_ACT1 'I','','2','2018/03/26','00','so0004','','[{"in_out_detail_no":"1","item_cd":"000115","serial_no":"10","in_out_qty":"1","remarks":""}]','001','048_input_output_detail','192.168.5.206';
2018-03-26 11:45:09 EXEC SPC_048_INPUT_OUTPUT_DETAIL_INQ1 'NY201803260001';
2018-03-26 11:45:14 EXEC SPC_COMPONENT_PRODUCT_FND '','','','','1','10';
2018-03-26 11:45:16 EXEC SPC_048_INPUT_OUTPUT_DETAIL_INQ2 '000114';
2018-03-26 11:45:22 EXEC SPC_048_INPUT_OUTPUT_DETAIL_ACT1 'I','','2','2018/03/26','00','so0004','','[{"in_out_detail_no":"1","item_cd":"000115","serial_no":"10","in_out_qty":"1","remarks":""},{"in_out_detail_no":"2","item_cd":"000114","serial_no":"20","in_out_qty":"1","remarks":""}]','001','048_input_output_detail','192.168.5.206';
2018-03-26 11:45:23 EXEC SPC_048_INPUT_OUTPUT_DETAIL_INQ1 'NY201803260002';
2018-03-26 11:45:28 EXEC SPC_COMPONENT_PRODUCT_FND '','','','','1','10';
2018-03-26 11:45:30 EXEC SPC_048_INPUT_OUTPUT_DETAIL_INQ2 '000115';
2018-03-26 11:45:34 EXEC SPC_COMPONENT_PRODUCT_FND '','','','','1','10';
2018-03-26 11:45:36 EXEC SPC_048_INPUT_OUTPUT_DETAIL_INQ2 '000004';
2018-03-26 11:46:09 EXEC SPC_048_INPUT_OUTPUT_DETAIL_ACT1 'I','','2','2018/03/26','00','so0004','','[{"in_out_detail_no":"1","item_cd":"000115","serial_no":"10","in_out_qty":"1","remarks":""},{"in_out_detail_no":"2","item_cd":"000114","serial_no":"20","in_out_qty":"1","remarks":""},{"in_out_detail_no":"3","item_cd":"000004","serial_no":"","in_out_qty":"0","remarks":""}]','001','048_input_output_detail','192.168.5.206';
2018-03-26 11:46:10 EXEC SPC_048_INPUT_OUTPUT_DETAIL_INQ1 'NY201803260003';
2018-03-26 15:46:04 EXEC SPC_COM_GET_COMBOBOX 'in_out_div';
v';
2018-03-26 15:46:13 EXEC SPC_COM_GET_COMBOBOX 'in_out_data_div';
2018-03-26 15:46:13 EXEC SPC_COM_GET_COMBOBOX 'in_out_div';
2018-03-26 15:50:51 EXEC SPC_COM_GET_COMBOBOX 'in_out_div';
2018-03-26 15:50:52 EXEC SPC_COM_GET_COMBOBOX 'in_out_data_div';
2018-03-26 15:51:00 EXEC SPC_WAREHOUSE_SEARCH '','','1','10';
2018-03-26 15:52:18 EXEC SPC_COMPONENT_PRODUCT_FND '','','','','1','10';
2018-03-26 15:52:20 EXEC SPC_COMPONENT_PRODUCT_FND '','','1','','1','10';
2018-03-26 15:52:22 EXEC SPC_048_INPUT_OUTPUT_DETAIL_INQ2 '000115';
2018-03-26 15:52:57 EXEC SPC_COM_GET_COMBOBOX 'in_out_div';
2018-03-26 15:52:57 EXEC SPC_COM_GET_COMBOBOX 'in_out_data_div';
2018-03-26 15:52:59 EXEC SPC_COM_GET_COMBOBOX 'in_out_div';
2018-03-26 15:52:59 EXEC SPC_COM_GET_COMBOBOX 'in_out_data_div';
2018-03-26 15:53:01 EXEC SPC_049_INPUT_OUTPUT_FND1 '','','','','','','','1','10';
2018-03-26 15:53:02 EXEC SPC_048_INPUT_OUTPUT_DETAIL_INQ1 'NY201803220002';
2018-03-26 16:00:54 EXEC SPC_COM_GET_COMBOBOX 'in_out_div';
2018-03-26 16:00:54 EXEC SPC_COM_GET_COMBOBOX 'in_out_data_div';
2018-03-26 16:00:57 EXEC SPC_COM_GET_COMBOBOX 'in_out_div';
2018-03-26 16:00:57 EXEC SPC_COM_GET_COMBOBOX 'in_out_data_div';
2018-03-26 16:32:15 EXEC SPC_COM_GET_COMBOBOX 'in_out_div';
2018-03-26 16:32:15 EXEC SPC_COM_GET_COMBOBOX 'in_out_data_div';
2018-03-26 16:49:09 EXEC SPC_WAREHOUSE_SEARCH '','','1','10';
2018-03-26 16:49:13 EXEC SPC_COMPONENT_PRODUCT_FND '','','','','1','10';
2018-03-26 16:49:14 EXEC SPC_048_INPUT_OUTPUT_DETAIL_INQ2 '000111';
2018-03-26 16:49:19 EXEC SPC_COMPONENT_PRODUCT_FND '','','1','','1','10';
2018-03-26 16:49:21 EXEC SPC_048_INPUT_OUTPUT_DETAIL_INQ2 '000115';
2018-03-26 16:50:07 EXEC SPC_048_INPUT_OUTPUT_DETAIL_ACT1 'I','','5','2018/03/26','00','so0002','備考 備考 備考 備考 備考','[{"in_out_detail_no":"1","item_cd":"000115","serial_no":"20","in_out_qty":"1","remarks":"\u6458\u8981"}]','','048_input_output_detail','';
2018-03-26 16:50:16 EXEC SPC_048_INPUT_OUTPUT_DETAIL_INQ1 'SY201803260001';
2018-03-26 16:55:44 EXEC SPC_COM_GET_COMBOBOX 'in_out_div';
2018-03-26 16:55:44 EXEC SPC_COM_GET_COMBOBOX 'in_out_data_div';
2018-03-26 16:55:48 EXEC SPC_COM_GET_COMBOBOX 'in_out_data_div';
2018-03-26 16:55:49 EXEC SPC_049_INPUT_OUTPUT_FND1 '','','','','','','','1','10';
2018-03-26 16:55:52 EXEC SPC_048_INPUT_OUTPUT_DETAIL_INQ1 'NY201803220001';
2018-03-26 17:33:41 EXEC SPC_COM_GET_COMBOBOX 'in_out_div';
2018-03-26 17:33:42 EXEC SPC_COM_GET_COMBOBOX 'in_out_data_div';
2018-03-26 17:33:43 EXEC SPC_049_INPUT_OUTPUT_FND1 '','','','','','','','1','10';
2018-03-26 17:33:45 EXEC SPC_048_INPUT_OUTPUT_DETAIL_INQ1 'NY201803230004';
2018-03-26 17:33:58 EXEC SPC_COM_GET_COMBOBOX 'in_out_data_div';
2018-03-26 17:33:59 EXEC SPC_049_INPUT_OUTPUT_FND1 '','','','','','','','1','10';
2018-03-26 17:34:05 EXEC SPC_049_INPUT_OUTPUT_FND1 '','','','','','','00','1','10';
2018-03-26 17:34:09 EXEC SPC_049_INPUT_OUTPUT_FND1 '','','','','','','10','1','10';
2018-03-26 17:34:13 EXEC SPC_049_INPUT_OUTPUT_FND1 '','','','','','5','','1','10';
2018-03-26 17:34:15 EXEC SPC_048_INPUT_OUTPUT_DETAIL_INQ1 'SY201803220002';
2018-03-26 17:34:59 EXEC SPC_COM_GET_COMBOBOX 'in_out_div';
2018-03-26 17:34:59 EXEC SPC_COM_GET_COMBOBOX 'in_out_data_div';
2018-03-26 17:35:00 EXEC SPC_048_INPUT_OUTPUT_DETAIL_INQ1 'SY201803220002';
2018-03-26 17:35:04 EXEC SPC_COM_GET_COMBOBOX 'in_out_data_div';
2018-03-26 17:35:04 EXEC SPC_COM_GET_COMBOBOX 'in_out_div';
2018-03-26 17:35:07 EXEC SPC_COM_GET_COMBOBOX 'in_out_data_div';
2018-03-26 17:35:07 EXEC SPC_COM_GET_COMBOBOX 'in_out_div';
2018-03-26 17:35:40 EXEC SPC_WAREHOUSE_SEARCH '','','1','10';
2018-03-26 17:37:09 EXEC SPC_COM_GET_COMBOBOX 'in_out_div';
2018-03-26 17:37:09 EXEC SPC_COM_GET_COMBOBOX 'in_out_data_div';
2018-03-26 17:37:16 EXEC SPC_WAREHOUSE_SEARCH '','','1','10';
2018-03-26 17:39:01 EXEC SPC_COM_GET_COMBOBOX 'in_out_div';
2018-03-26 17:39:01 EXEC SPC_COM_GET_COMBOBOX 'in_out_data_div';
2018-03-26 17:39:09 EXEC SPC_WAREHOUSE_SEARCH '','','1','10';
2018-03-26 17:39:19 EXEC SPC_COMPONENT_PRODUCT_FND '','','','','1','10';
2018-03-26 17:39:21 EXEC SPC_048_INPUT_OUTPUT_DETAIL_INQ2 '000115';
2018-03-26 17:39:46 EXEC SPC_COMPONENT_PRODUCT_FND '','','','','1','10';
2018-03-26 17:39:47 EXEC SPC_048_INPUT_OUTPUT_DETAIL_INQ2 '000004';
2018-03-26 17:40:27 EXEC SPC_048_INPUT_OUTPUT_DETAIL_INQ2 '';
2018-03-26 17:40:30 EXEC SPC_048_INPUT_OUTPUT_DETAIL_INQ2 '';
2018-03-26 17:41:12 EXEC SPC_COM_GET_COMBOBOX 'in_out_div';
2018-03-26 17:41:12 EXEC SPC_COM_GET_COMBOBOX 'in_out_data_div';
2018-03-26 17:41:19 EXEC SPC_WAREHOUSE_SEARCH '','','1','10';
2018-03-26 17:41:30 EXEC SPC_COMPONENT_PRODUCT_FND '','','','','1','10';
2018-03-26 17:41:32 EXEC SPC_048_INPUT_OUTPUT_DETAIL_INQ2 '000115';
2018-03-26 17:41:49 EXEC SPC_COMPONENT_PRODUCT_FND '','','','','1','10';
2018-03-26 17:41:51 EXEC SPC_048_INPUT_OUTPUT_DETAIL_INQ2 '000115';
2018-03-26 17:42:12 EXEC SPC_COMPONENT_PRODUCT_FND '','','','','1','10';
2018-03-26 17:42:14 EXEC SPC_048_INPUT_OUTPUT_DETAIL_INQ2 '000111';
2018-03-26 17:42:26 EXEC SPC_COMPONENT_PRODUCT_FND '','','1','','1','10';
2018-03-26 17:42:27 EXEC SPC_048_INPUT_OUTPUT_DETAIL_INQ2 '000115';
2018-03-26 17:42:33 EXEC SPC_048_INPUT_OUTPUT_DETAIL_INQ2 '';
2018-03-26 17:43:13 EXEC SPC_048_INPUT_OUTPUT_DETAIL_INQ2 '000114';
2018-03-26 17:43:20 EXEC SPC_048_INPUT_OUTPUT_DETAIL_INQ2 '';
2018-03-26 17:49:53 EXEC SPC_COM_GET_COMBOBOX 'in_out_div';
2018-03-26 17:49:54 EXEC SPC_COM_GET_COMBOBOX 'in_out_data_div';
2018-03-26 17:50:01 EXEC SPC_WAREHOUSE_SEARCH '','','1','10';
2018-03-26 17:50:08 EXEC SPC_COMPONENT_PRODUCT_FND '','','','','1','10';
2018-03-26 17:50:10 EXEC SPC_048_INPUT_OUTPUT_DETAIL_INQ2 '000115';
2018-03-26 17:50:51 EXEC SPC_COM_GET_COMBOBOX 'in_out_data_div';
2018-03-26 17:50:51 EXEC SPC_COM_GET_COMBOBOX 'in_out_div';
2018-03-26 17:50:58 EXEC SPC_WAREHOUSE_SEARCH '','','1','10';
2018-03-26 17:51:02 EXEC SPC_COMPONENT_PRODUCT_FND '','','','','1','10';
2018-03-26 17:51:04 EXEC SPC_048_INPUT_OUTPUT_DETAIL_INQ2 '000115';
2018-03-26 17:51:28 EXEC SPC_048_INPUT_OUTPUT_DETAIL_INQ2 '000115';
2018-03-26 17:51:42 EXEC SPC_COMPONENT_PRODUCT_FND '','','','','1','10';
2018-03-26 17:51:44 EXEC SPC_048_INPUT_OUTPUT_DETAIL_INQ2 '000114';
2018-03-26 17:52:11 EXEC SPC_048_INPUT_OUTPUT_DETAIL_INQ2 '';
2018-03-26 17:52:49 EXEC SPC_048_INPUT_OUTPUT_DETAIL_INQ2 '000114';
2018-03-26 17:56:09 EXEC SPC_048_INPUT_OUTPUT_DETAIL_ACT1 'I','','5','2018/03/26','00','so0004','','[{"in_out_detail_no":"1","item_cd":"000115","serial_no":"10","in_out_qty":"1","remarks":""},{"in_out_detail_no":"2","item_cd":"000115","serial_no":"20","in_out_qty":"1","remarks":""},{"in_out_detail_no":"3","item_cd":"000114","serial_no":"10","in_out_qty":"1","remarks":""}]','','048_input_output_detail','';
2018-03-26 17:56:10 EXEC SPC_048_INPUT_OUTPUT_DETAIL_INQ1 'SY201803260002';
2018-03-26 17:56:22 EXEC SPC_COMPONENT_PRODUCT_FND '','','','','1','10';
2018-03-26 17:56:25 EXEC SPC_048_INPUT_OUTPUT_DETAIL_INQ2 '000114';
2018-03-26 17:56:33 EXEC SPC_048_INPUT_OUTPUT_DETAIL_INQ2 '000115';
2018-03-26 17:59:08 EXEC SPC_COM_GET_COMBOBOX 'in_out_div';
2018-03-26 17:59:08 EXEC SPC_COM_GET_COMBOBOX 'in_out_data_div';
2018-03-26 17:59:15 EXEC SPC_WAREHOUSE_SEARCH '','','1','10';
2018-03-26 17:59:24 EXEC SPC_COMPONENT_PRODUCT_FND '','','','','1','10';
2018-03-26 17:59:26 EXEC SPC_048_INPUT_OUTPUT_DETAIL_INQ2 '000122';
2018-03-26 17:59:32 EXEC SPC_COMPONENT_PRODUCT_FND '','','','','1','10';
2018-03-26 17:59:35 EXEC SPC_048_INPUT_OUTPUT_DETAIL_INQ2 '000115';
2018-03-26 17:59:49 EXEC SPC_COMPONENT_PRODUCT_FND '','','','','1','10';
2018-03-26 17:59:51 EXEC SPC_048_INPUT_OUTPUT_DETAIL_INQ2 '000114';
2018-03-26 18:00:02 EXEC SPC_COMPONENT_PRODUCT_FND '','','','','1','10';
2018-03-26 18:00:04 EXEC SPC_048_INPUT_OUTPUT_DETAIL_INQ2 '000115';
2018-03-26 18:00:10 EXEC SPC_048_INPUT_OUTPUT_DETAIL_INQ2 '';
2018-03-26 18:00:24 EXEC SPC_048_INPUT_OUTPUT_DETAIL_INQ2 '000114';
2018-03-26 18:03:30 EXEC SPC_COM_GET_COMBOBOX 'in_out_div';
2018-03-26 18:03:30 EXEC SPC_COM_GET_COMBOBOX 'in_out_data_div';
2018-03-26 18:03:40 EXEC SPC_COM_GET_COMBOBOX 'in_out_div';
v';
2018-03-26 18:05:00 EXEC SPC_COM_GET_COMBOBOX 'in_out_data_div';
2018-03-26 18:05:00 EXEC SPC_COM_GET_COMBOBOX 'in_out_div';
2018-03-26 18:05:07 EXEC SPC_WAREHOUSE_SEARCH '','','1','10';
2018-03-26 18:05:17 EXEC SPC_COMPONENT_PRODUCT_FND '','','','','1','10';
2018-03-26 18:05:18 EXEC SPC_048_INPUT_OUTPUT_DETAIL_INQ2 '000115';
2018-03-26 18:05:27 EXEC SPC_COMPONENT_PRODUCT_FND '','','','','1','10';
2018-03-26 18:05:29 EXEC SPC_048_INPUT_OUTPUT_DETAIL_INQ2 '000114';
2018-03-26 18:05:38 EXEC SPC_COMPONENT_PRODUCT_FND '','','','','1','10';
2018-03-26 18:05:40 EXEC SPC_048_INPUT_OUTPUT_DETAIL_INQ2 '000115';
2018-03-26 18:05:46 EXEC SPC_048_INPUT_OUTPUT_DETAIL_INQ2 '';
2018-03-26 18:07:21 EXEC SPC_COM_GET_COMBOBOX 'in_out_div';
2018-03-26 18:07:21 EXEC SPC_COM_GET_COMBOBOX 'in_out_data_div';
2018-03-26 18:07:27 EXEC SPC_WAREHOUSE_SEARCH '','','1','10';
2018-03-26 18:07:31 EXEC SPC_COMPONENT_PRODUCT_FND '','','','','1','10';
2018-03-26 18:07:33 EXEC SPC_048_INPUT_OUTPUT_DETAIL_INQ2 '000115';
2018-03-26 18:07:44 EXEC SPC_048_INPUT_OUTPUT_DETAIL_INQ2 '000114';
2018-03-26 18:08:45 EXEC SPC_COMPONENT_PRODUCT_FND '','','','','1','10';
2018-03-26 18:08:46 EXEC SPC_048_INPUT_OUTPUT_DETAIL_INQ2 '000004';
2018-03-26 18:09:06 EXEC SPC_COMPONENT_PRODUCT_FND '','','','','1','10';
2018-03-26 18:09:07 EXEC SPC_048_INPUT_OUTPUT_DETAIL_INQ2 '000115';
2018-03-26 18:12:56 EXEC SPC_COM_GET_COMBOBOX 'forwarding_way_div';
2018-03-26 18:12:57 EXEC SPC_COM_GET_COMBOBOX 'packing_method_div';
2018-03-26 18:12:57 EXEC SPC_COM_GET_COMBOBOX 'forwarding_warehouse_div';
2018-03-26 18:12:57 EXEC SPC_COM_GET_COMBOBOX 'forwarder_div';
2018-03-26 18:12:57 EXEC SPC_COM_GET_COMBOBOX 'forwarding_div';
2018-03-26 18:13:00 EXEC SPC_COM_GET_COMBOBOX 'forwarding_warehouse_div';
2018-03-26 18:13:00 EXEC SPC_COM_GET_COMBOBOX 'packing_method_div';
2018-03-26 18:13:00 EXEC SPC_COM_GET_COMBOBOX 'forwarder_div';
2018-03-26 18:13:01 EXEC SPC_COM_GET_COMBOBOX 'forwarding_div';
2018-03-26 18:13:01 EXEC SPC_COM_GET_COMBOBOX 'forwarding_way_div';
2018-03-26 18:13:03 EXEC SPC_COM_GET_COMBOBOX 'fwd_status_div';
2018-03-26 18:13:07 EXEC SPC_011_SHIPMENT_SEARCH_FND1 '','','','','','20','1','10';
2018-03-26 18:13:09 EXEC SPC_011_SHIPMENT_SEARCH_FND1 '','','','','','20','2','10';
2018-03-26 18:13:12 EXEC SPC_010_SHIPMENT_DETAIL_INQ3 'S-18030004';
2018-03-26 18:21:13 EXEC SPC_COM_GET_COMBOBOX 'in_out_div';
2018-03-26 18:21:13 EXEC SPC_COM_GET_COMBOBOX 'in_out_data_div';
2018-03-26 18:21:20 EXEC SPC_WAREHOUSE_SEARCH '','','1','10';
2018-03-26 18:21:24 EXEC SPC_COMPONENT_PRODUCT_FND '','','','','1','10';
2018-03-26 18:21:26 EXEC SPC_048_INPUT_OUTPUT_DETAIL_INQ2 '000115';
2018-03-26 18:22:02 EXEC SPC_COM_GET_COMBOBOX 'in_out_data_div';
2018-03-26 18:22:02 EXEC SPC_COM_GET_COMBOBOX 'in_out_div';
2018-03-26 18:22:18 EXEC SPC_WAREHOUSE_SEARCH '','','1','10';
2018-03-26 18:22:28 EXEC SPC_COMPONENT_PRODUCT_FND '','','','','1','10';
2018-03-26 18:22:29 EXEC SPC_048_INPUT_OUTPUT_DETAIL_INQ2 '000004';
2018-03-26 18:22:34 EXEC SPC_COMPONENT_PRODUCT_FND '','','','','1','10';
2018-03-26 18:22:35 EXEC SPC_048_INPUT_OUTPUT_DETAIL_INQ2 '000115';
2018-03-26 18:23:37 EXEC SPC_COMPONENT_PRODUCT_FND '','','','','1','10';
2018-03-26 18:23:39 EXEC SPC_048_INPUT_OUTPUT_DETAIL_INQ2 '000114';
2018-03-26 18:23:58 EXEC SPC_COMPONENT_PRODUCT_FND '','','','','1','10';
2018-03-26 18:24:00 EXEC SPC_048_INPUT_OUTPUT_DETAIL_INQ2 '000004';
2018-03-26 18:27:14 EXEC SPC_COM_GET_COMBOBOX 'in_out_div';
2018-03-26 18:27:15 EXEC SPC_COM_GET_COMBOBOX 'in_out_data_div';
2018-03-26 18:27:21 EXEC SPC_WAREHOUSE_SEARCH '','','1','10';
2018-03-26 18:27:27 EXEC SPC_COMPONENT_PRODUCT_FND '','','','','1','10';
2018-03-26 18:27:28 EXEC SPC_048_INPUT_OUTPUT_DETAIL_INQ2 '000004';
2018-03-26 18:27:35 EXEC SPC_COMPONENT_PRODUCT_FND '','','','','1','10';
2018-03-26 18:27:37 EXEC SPC_048_INPUT_OUTPUT_DETAIL_INQ2 '000115';
2018-03-26 18:27:42 EXEC SPC_048_INPUT_OUTPUT_DETAIL_ACT1 'I','','5','2018/03/26','00','so0004','','[{"in_out_detail_no":"1","item_cd":"000004","serial_no":"","in_out_qty":"0","remarks":""},{"in_out_detail_no":"2","item_cd":"000115","serial_no":"10","in_out_qty":"1","remarks":""}]','','048_input_output_detail','';
2018-03-26 18:27:44 EXEC SPC_048_INPUT_OUTPUT_DETAIL_INQ1 'SY201803260003';
2018-03-26 18:27:53 EXEC SPC_048_INPUT_OUTPUT_DETAIL_INQ2 '000114';
2018-03-26 18:29:46 EXEC SPC_048_INPUT_OUTPUT_DETAIL_INQ2 '';
2018-03-26 18:29:48 EXEC SPC_048_INPUT_OUTPUT_DETAIL_INQ2 '';
2018-03-26 18:40:43 EXEC SPC_COM_GET_COMBOBOX 'production_status_div';
2018-03-26 18:40:43 EXEC SPC_COM_GET_COMBOBOX 'serial_forward_div';
2018-03-26 18:40:43 EXEC SPC_102_SHIPMENT_SERIAL_SEARCH_FND2 'J-18010004','10007';
2018-03-26 18:40:43 EXEC SPC_102_SHIPMENT_SERIAL_SEARCH_FND3 'S-18030004','2';
2018-03-26 18:40:44 EXEC SPC_102_SHIPMENT_SERIAL_SEARCH_FND1 '10007','1','','','','','999999';
2018-03-26 19:16:01 EXEC SPC_COM_GET_COMBOBOX 'in_out_div';
2018-03-26 19:16:02 EXEC SPC_COM_GET_COMBOBOX 'in_out_data_div';
2018-03-26 19:16:08 EXEC SPC_WAREHOUSE_SEARCH '','','1','10';
2018-03-26 19:16:13 EXEC SPC_COMPONENT_PRODUCT_FND '','','','','1','10';
2018-03-26 19:16:14 EXEC SPC_048_INPUT_OUTPUT_DETAIL_INQ2 '000115';
2018-03-26 19:16:24 EXEC SPC_COMPONENT_PRODUCT_FND '','','','','1','10';
2018-03-26 19:16:25 EXEC SPC_048_INPUT_OUTPUT_DETAIL_INQ2 '000004';
2018-03-26 19:16:34 EXEC SPC_COMPONENT_PRODUCT_FND '','','','','1','10';
2018-03-26 19:16:38 EXEC SPC_048_INPUT_OUTPUT_DETAIL_INQ2 '000114';
2018-03-26 19:17:19 EXEC SPC_COMPONENT_PRODUCT_FND '','','','','1','10';
2018-03-26 19:17:22 EXEC SPC_COMPONENT_PRODUCT_FND '','','1','','1','10';
2018-03-26 19:17:23 EXEC SPC_048_INPUT_OUTPUT_DETAIL_INQ2 '000004';
2018-03-26 19:17:29 EXEC SPC_COMPONENT_PRODUCT_FND '','','1','','1','10';
2018-03-26 19:17:30 EXEC SPC_048_INPUT_OUTPUT_DETAIL_INQ2 '000110';
2018-03-26 19:20:32 EXEC SPC_COM_GET_COMBOBOX 'in_out_div';
2018-03-26 19:20:32 EXEC SPC_COM_GET_COMBOBOX 'in_out_data_div';
2018-03-26 19:24:54 EXEC SPC_COM_GET_COMBOBOX 'in_out_div';
2018-03-26 19:24:54 EXEC SPC_COM_GET_COMBOBOX 'in_out_data_div';
2018-03-26 19:25:01 EXEC SPC_WAREHOUSE_SEARCH '','','1','10';
2018-03-26 19:25:05 EXEC SPC_COMPONENT_PRODUCT_FND '','','','','1','10';
2018-03-26 19:25:07 EXEC SPC_048_INPUT_OUTPUT_DETAIL_INQ2 '000122';
2018-03-26 19:25:24 EXEC SPC_COMPONENT_PRODUCT_FND '','','1','','1','10';
2018-03-26 19:25:26 EXEC SPC_048_INPUT_OUTPUT_DETAIL_INQ2 '000115';
2018-03-26 19:25:38 EXEC SPC_COMPONENT_PRODUCT_FND '','','','','1','10';
2018-03-26 19:25:42 EXEC SPC_048_INPUT_OUTPUT_DETAIL_INQ2 '000113';
2018-03-26 19:27:08 EXEC SPC_COM_GET_COMBOBOX 'in_out_div';
2018-03-26 19:27:08 EXEC SPC_COM_GET_COMBOBOX 'in_out_data_div';
2018-03-26 19:27:15 EXEC SPC_WAREHOUSE_SEARCH '','','1','10';
2018-03-26 19:27:22 EXEC SPC_COMPONENT_PRODUCT_FND '','','','','1','10';
2018-03-26 19:27:25 EXEC SPC_048_INPUT_OUTPUT_DETAIL_INQ2 '000115';
2018-03-26 19:27:33 EXEC SPC_COMPONENT_PRODUCT_FND '','','','','1','10';
2018-03-26 19:27:35 EXEC SPC_048_INPUT_OUTPUT_DETAIL_INQ2 '000114';
2018-03-26 19:28:32 EXEC SPC_COM_GET_COMBOBOX 'in_out_div';
2018-03-26 19:28:32 EXEC SPC_COM_GET_COMBOBOX 'in_out_data_div';
2018-03-26 19:28:38 EXEC SPC_WAREHOUSE_SEARCH '','','1','10';
2018-03-26 19:28:43 EXEC SPC_COMPONENT_PRODUCT_FND '','','','','1','10';
2018-03-26 19:28:45 EXEC SPC_048_INPUT_OUTPUT_DETAIL_INQ2 '000114';
2018-03-26 19:29:12 EXEC SPC_COM_GET_COMBOBOX 'in_out_data_div';
2018-03-26 19:29:12 EXEC SPC_COM_GET_COMBOBOX 'in_out_div';
2018-03-26 19:29:19 EXEC SPC_WAREHOUSE_SEARCH '','','1','10';
2018-03-26 19:29:23 EXEC SPC_COMPONENT_PRODUCT_FND '','','','','1','10';
2018-03-26 19:29:25 EXEC SPC_048_INPUT_OUTPUT_DETAIL_INQ2 '000115';
2018-03-26 19:29:37 EXEC SPC_COMPONENT_PRODUCT_FND '','','','','1','10';
2018-03-26 19:29:39 EXEC SPC_048_INPUT_OUTPUT_DETAIL_INQ2 '000114';
2018-03-26 19:29:53 EXEC SPC_048_INPUT_OUTPUT_DETAIL_INQ2 '000115';
2018-03-26 19:29:56 EXEC SPC_048_INPUT_OUTPUT_DETAIL_ACT1 'I','','5','2018/03/26','00','so0004','','[{"in_out_detail_no":"1","item_cd":"000115","serial_no":"20","in_out_qty":"1","remarks":""},{"in_out_detail_no":"2","item_cd":"000115","serial_no":"10","in_out_qty":"1","remarks":""}]','','048_input_output_detail','';
2018-03-26 19:29:58 EXEC SPC_048_INPUT_OUTPUT_DETAIL_INQ1 'SY201803260004';
2018-03-26 19:32:15 EXEC SPC_COMPONENT_PRODUCT_FND '','','','','1','10';
2018-03-26 19:32:18 EXEC SPC_048_INPUT_OUTPUT_DETAIL_INQ2 '000114';
2018-03-26 19:32:33 EXEC SPC_COMPONENT_PRODUCT_FND '','','','','1','10';
2018-03-26 19:32:35 EXEC SPC_048_INPUT_OUTPUT_DETAIL_INQ2 '000115';
2018-03-26 19:32:44 EXEC SPC_COMPONENT_PRODUCT_FND '','','','','1','10';
2018-03-26 19:32:47 EXEC SPC_048_INPUT_OUTPUT_DETAIL_INQ2 '000114';
2018-03-26 19:40:59 EXEC SPC_COMPONENT_PRODUCT_FND '','','','','1','10';
2018-03-26 19:41:01 EXEC SPC_048_INPUT_OUTPUT_DETAIL_INQ2 '000115';
2018-03-26 19:41:12 EXEC SPC_COMPONENT_PRODUCT_FND '','','','','1','10';
2018-03-26 19:41:14 EXEC SPC_048_INPUT_OUTPUT_DETAIL_INQ2 '000115';
2018-03-26 19:49:45 EXEC SPC_COMPONENT_PRODUCT_FND '','','','','1','10';
2018-03-26 19:49:46 EXEC SPC_COMPONENT_PRODUCT_FND '','','','','2','10';
2018-03-26 19:49:48 EXEC SPC_COMPONENT_PRODUCT_FND '','','','','3','10';
2018-03-26 19:49:49 EXEC SPC_COMPONENT_PRODUCT_FND '','','','','4','10';
2018-03-26 19:54:16 EXEC SPC_COM_GET_COMBOBOX 'in_out_data_div';
2018-03-26 19:54:17 EXEC SPC_COM_GET_COMBOBOX 'in_out_div';
2018-03-26 19:54:24 EXEC SPC_WAREHOUSE_SEARCH '','','1','10';
2018-03-26 19:54:29 EXEC SPC_COMPONENT_PRODUCT_FND '','','','','1','10';
2018-03-26 19:54:31 EXEC SPC_048_INPUT_OUTPUT_DETAIL_INQ2 '000114';
2018-03-26 19:54:45 EXEC SPC_COMPONENT_PRODUCT_FND '','','','','1','10';
2018-03-26 19:54:47 EXEC SPC_048_INPUT_OUTPUT_DETAIL_INQ2 '000115';
2018-03-26 19:55:06 EXEC SPC_COM_GET_COMBOBOX 'in_out_div';
2018-03-26 19:55:06 EXEC SPC_COM_GET_COMBOBOX 'in_out_data_div';
2018-03-26 19:55:17 EXEC SPC_WAREHOUSE_SEARCH '','','1','10';
2018-03-26 19:55:23 EXEC SPC_COMPONENT_PRODUCT_FND '','','','','1','10';
2018-03-26 19:55:25 EXEC SPC_048_INPUT_OUTPUT_DETAIL_INQ2 '000115';
2018-03-26 19:55:35 EXEC SPC_COMPONENT_PRODUCT_FND '','','','','1','10';
2018-03-26 19:55:36 EXEC SPC_048_INPUT_OUTPUT_DETAIL_INQ2 '000114';
2018-03-26 19:57:59 EXEC SPC_COM_GET_COMBOBOX 'in_out_div';
2018-03-26 19:57:59 EXEC SPC_COM_GET_COMBOBOX 'in_out_data_div';
2018-03-26 19:58:05 EXEC SPC_WAREHOUSE_SEARCH '','','1','10';
2018-03-26 19:58:10 EXEC SPC_COMPONENT_PRODUCT_FND '','','','','1','10';
2018-03-26 19:58:11 EXEC SPC_048_INPUT_OUTPUT_DETAIL_INQ2 '000114';
2018-03-26 19:58:25 EXEC SPC_COMPONENT_PRODUCT_FND '','','','','1','10';
2018-03-26 19:58:26 EXEC SPC_048_INPUT_OUTPUT_DETAIL_INQ2 '000115';
2018-03-26 20:00:13 EXEC SPC_COMPONENT_PRODUCT_FND '','','','','1','10';
2018-03-26 20:00:25 EXEC SPC_048_INPUT_OUTPUT_DETAIL_INQ2 '000115';
2018-03-26 20:00:41 EXEC SPC_COMPONENT_PRODUCT_FND '','','','','1','10';
2018-03-26 20:00:43 EXEC SPC_048_INPUT_OUTPUT_DETAIL_INQ2 '000115';
2018-03-26 20:00:53 EXEC SPC_048_INPUT_OUTPUT_DETAIL_ACT1 'I','','5','2018/03/26','00','so0004','備考','[{"in_out_detail_no":"1","item_cd":"000115","serial_no":"20","in_out_qty":"1","remarks":""},{"in_out_detail_no":"2","item_cd":"000115","serial_no":"10","in_out_qty":"1","remarks":""},{"in_out_detail_no":"3","item_cd":"000115","serial_no":"30","in_out_qty":"1","remarks":""}]','','048_input_output_detail','';
2018-03-26 20:00:54 EXEC SPC_048_INPUT_OUTPUT_DETAIL_INQ1 'SY201803260005';
2018-03-26 20:01:23 EXEC SPC_COM_GET_COMBOBOX 'in_out_data_div';
2018-03-26 20:01:23 EXEC SPC_COM_GET_COMBOBOX 'in_out_div';
2018-03-26 20:01:25 EXEC SPC_049_INPUT_OUTPUT_FND1 '','','','','','','','1','10';
2018-03-26 20:01:27 EXEC SPC_049_INPUT_OUTPUT_FND1 '','','','','','','','6','10';
2018-03-26 20:01:31 EXEC SPC_COM_GET_COMBOBOX 'in_out_data_div';
2018-03-26 20:01:31 EXEC SPC_COM_GET_COMBOBOX 'in_out_div';
2018-03-26 20:01:32 EXEC SPC_048_INPUT_OUTPUT_DETAIL_INQ1 'SY201803260005';
2018-03-26 20:05:07 EXEC SPC_COM_GET_COMBOBOX 'in_out_div';
2018-03-26 20:05:07 EXEC SPC_COM_GET_COMBOBOX 'in_out_data_div';
2018-03-26 20:05:07 EXEC SPC_048_INPUT_OUTPUT_DETAIL_INQ1 'SY201803260005';
2018-03-26 20:08:43 EXEC SPC_COM_GET_COMBOBOX 'in_out_div';
2018-03-26 20:08:43 EXEC SPC_COM_GET_COMBOBOX 'in_out_data_div';
2018-03-26 20:08:43 EXEC SPC_048_INPUT_OUTPUT_DETAIL_INQ1 'SY201803260005';
2018-03-26 20:09:01 EXEC SPC_COM_GET_COMBOBOX 'in_out_div';
2018-03-26 20:09:01 EXEC SPC_048_INPUT_OUTPUT_DETAIL_INQ1 'SY201803260005';
2018-03-26 20:09:01 EXEC SPC_COM_GET_COMBOBOX 'in_out_data_div';
2018-03-26 20:09:08 EXEC SPC_048_INPUT_OUTPUT_DETAIL_ACT1 'U','SY201803260005','5','2018/03/26','10','so0004','備考','[{"in_out_detail_no":"1","item_cd":"000115","serial_no":"20","in_out_qty":"1","remarks":""},{"in_out_detail_no":"2","item_cd":"000115","serial_no":"10","in_out_qty":"1","remarks":""},{"in_out_detail_no":"3","item_cd":"000115","serial_no":"30","in_out_qty":"1","remarks":""}]','','048_input_output_detail','';
2018-03-26 20:09:10 EXEC SPC_048_INPUT_OUTPUT_DETAIL_INQ1 'SY201803260005';
2018-03-26 20:09:18 EXEC SPC_COM_GET_COMBOBOX 'in_out_data_div';
2018-03-26 20:09:18 EXEC SPC_COM_GET_COMBOBOX 'in_out_div';
2018-03-26 20:09:18 EXEC SPC_048_INPUT_OUTPUT_DETAIL_INQ1 'SY201803260005';
2018-03-26 20:09:23 EXEC SPC_048_INPUT_OUTPUT_DETAIL_ACT1 'U','SY201803260005','5','2018/03/26','00','so0004','備考','[{"in_out_detail_no":"1","item_cd":"000115","serial_no":"20","in_out_qty":"1","remarks":""},{"in_out_detail_no":"2","item_cd":"000115","serial_no":"10","in_out_qty":"1","remarks":""},{"in_out_detail_no":"3","item_cd":"000115","serial_no":"30","in_out_qty":"1","remarks":""}]','','048_input_output_detail','';
2018-03-26 20:09:24 EXEC SPC_048_INPUT_OUTPUT_DETAIL_INQ1 'SY201803260005';
2018-03-26 20:09:27 EXEC SPC_048_INPUT_OUTPUT_DETAIL_ACT1 'U','SY201803260005','5','2018/03/26','00','so0004','備考','[{"in_out_detail_no":"1","item_cd":"000115","serial_no":"20","in_out_qty":"1","remarks":""},{"in_out_detail_no":"2","item_cd":"000115","serial_no":"10","in_out_qty":"1","remarks":""},{"in_out_detail_no":"3","item_cd":"000115","serial_no":"30","in_out_qty":"1","remarks":""}]','','048_input_output_detail','';
2018-03-26 20:09:29 EXEC SPC_048_INPUT_OUTPUT_DETAIL_INQ1 'SY201803260005';
2018-03-26 20:09:37 EXEC SPC_048_INPUT_OUTPUT_DETAIL_ACT1 'U','SY201803260005','5','2018/03/26','00','so0004','備考','[{"in_out_detail_no":"1","item_cd":"000115","serial_no":"20","in_out_qty":"1","remarks":"\u5099\u8003"},{"in_out_detail_no":"2","item_cd":"000115","serial_no":"10","in_out_qty":"1","remarks":"\u5099\u8003"},{"in_out_detail_no":"3","item_cd":"000115","serial_no":"30","in_out_qty":"1","remarks":"\u5099\u8003"}]','','048_input_output_detail','';
2018-03-26 20:09:38 EXEC SPC_048_INPUT_OUTPUT_DETAIL_INQ1 'SY201803260005';
2018-03-26 20:09:51 EXEC SPC_COM_GET_COMBOBOX 'in_out_data_div';
2018-03-26 20:09:51 EXEC SPC_COM_GET_COMBOBOX 'in_out_div';
2018-03-26 20:09:51 EXEC SPC_048_INPUT_OUTPUT_DETAIL_INQ1 'SY201803260005';
2018-03-26 20:09:58 EXEC SPC_048_INPUT_OUTPUT_DETAIL_ACT1 'U','SY201803260005','5','2018/03/26','00','so0004','備考 備考 備考','[{"in_out_detail_no":"1","item_cd":"000115","serial_no":"20","in_out_qty":"1","remarks":""},{"in_out_detail_no":"2","item_cd":"000115","serial_no":"10","in_out_qty":"1","remarks":""},{"in_out_detail_no":"3","item_cd":"000115","serial_no":"30","in_out_qty":"1","remarks":""}]','','048_input_output_detail','';
2018-03-26 20:09:59 EXEC SPC_048_INPUT_OUTPUT_DETAIL_INQ1 'SY201803260005';
2018-03-26 20:10:06 EXEC SPC_048_INPUT_OUTPUT_DETAIL_INQ1 'SY201803260005';
2018-03-26 20:10:06 EXEC SPC_COM_GET_COMBOBOX 'in_out_div';
2018-03-26 20:10:06 EXEC SPC_COM_GET_COMBOBOX 'in_out_data_div';
2018-03-26 20:10:15 EXEC SPC_048_INPUT_OUTPUT_DETAIL_INQ1 'SY201803260005';
2018-03-26 20:10:15 EXEC SPC_COM_GET_COMBOBOX 'in_out_data_div';
2018-03-26 20:10:15 EXEC SPC_COM_GET_COMBOBOX 'in_out_div';
2018-03-26 20:10:31 EXEC SPC_COM_GET_COMBOBOX 'in_out_div';
2018-03-26 20:10:31 EXEC SPC_COM_GET_COMBOBOX 'in_out_data_div';
2018-03-26 20:10:31 EXEC SPC_048_INPUT_OUTPUT_DETAIL_INQ1 'SY201803260005';
2018-03-26 20:10:40 EXEC SPC_048_INPUT_OUTPUT_DETAIL_ACT1 'U','SY201803260005','5','2018/03/26','00','so0004','備考 備考 備考','[{"in_out_detail_no":"1","item_cd":"000115","serial_no":"20","in_out_qty":"1","remarks":"\u5099\u8003"},{"in_out_detail_no":"2","item_cd":"000115","serial_no":"10","in_out_qty":"1","remarks":"\u5099\u8003"},{"in_out_detail_no":"3","item_cd":"000115","serial_no":"30","in_out_qty":"1","remarks":"\u5099\u8003"}]','','048_input_output_detail','';
2018-03-26 20:10:42 EXEC SPC_048_INPUT_OUTPUT_DETAIL_INQ1 'SY201803260005';
2018-03-26 20:11:13 EXEC SPC_048_INPUT_OUTPUT_DETAIL_ACT1 'U','SY201803260005','5','2018/03/26','00','so0004','備考 備考 備考','[{"in_out_detail_no":"1","item_cd":"000115","serial_no":"20","in_out_qty":"1","remarks":""},{"in_out_detail_no":"2","item_cd":"000115","serial_no":"10","in_out_qty":"1","remarks":""},{"in_out_detail_no":"3","item_cd":"000115","serial_no":"30","in_out_qty":"1","remarks":""}]','','048_input_output_detail','';
2018-03-26 20:11:43 EXEC SPC_048_INPUT_OUTPUT_DETAIL_ACT1 'U','SY201803260005','5','2018/03/26','00','so0004','備考 備考 備考','[{"in_out_detail_no":"1","item_cd":"000115","serial_no":"20","in_out_qty":"1","remarks":""},{"in_out_detail_no":"2","item_cd":"000115","serial_no":"10","in_out_qty":"1","remarks":""},{"in_out_detail_no":"3","item_cd":"000115","serial_no":"30","in_out_qty":"1","remarks":""}]','','048_input_output_detail','';
2018-03-26 20:11:44 EXEC SPC_048_INPUT_OUTPUT_DETAIL_INQ1 'SY201803260005';
2018-03-26 20:12:41 EXEC SPC_COM_GET_COMBOBOX 'in_out_div';
2018-03-26 20:12:41 EXEC SPC_COM_GET_COMBOBOX 'in_out_data_div';
2018-03-26 20:12:41 EXEC SPC_048_INPUT_OUTPUT_DETAIL_INQ1 'SY201803260005';
2018-03-26 20:12:57 EXEC SPC_COM_GET_COMBOBOX 'in_out_div';
2018-03-26 20:12:57 EXEC SPC_COM_GET_COMBOBOX 'in_out_data_div';
2018-03-26 20:12:57 EXEC SPC_048_INPUT_OUTPUT_DETAIL_INQ1 'SY201803260005';
2018-03-26 20:13:04 EXEC SPC_048_INPUT_OUTPUT_DETAIL_ACT1 'U','SY201803260005','5','2018/03/26','00','so0004','備考 備考 備考','[{"in_out_detail_no":"1","item_cd":"000115","serial_no":"20","in_out_qty":"1","remarks":"\u5099\u8003"},{"in_out_detail_no":"2","item_cd":"000115","serial_no":"10","in_out_qty":"1","remarks":"\u5099\u8003"},{"in_out_detail_no":"3","item_cd":"000115","serial_no":"30","in_out_qty":"1","remarks":"\u5099\u8003"}]','','048_input_output_detail','';
2018-03-26 20:13:05 EXEC SPC_048_INPUT_OUTPUT_DETAIL_INQ1 'SY201803260005';
2018-03-26 20:13:46 EXEC SPC_COM_GET_COMBOBOX 'in_out_data_div';
2018-03-26 20:13:46 EXEC SPC_COM_GET_COMBOBOX 'in_out_div';
2018-03-26 20:13:46 EXEC SPC_048_INPUT_OUTPUT_DETAIL_INQ1 'SY201803260005';
2018-03-26 20:13:52 EXEC SPC_048_INPUT_OUTPUT_DETAIL_ACT1 'U','SY201803260005','5','2018/03/26','00','so0004','備考 備考 備考','[{"in_out_detail_no":"1","item_cd":"000115","serial_no":"20","in_out_qty":"1","remarks":"\u5099\u8003"},{"in_out_detail_no":"2","item_cd":"000115","serial_no":"10","in_out_qty":"1","remarks":"\u5099\u8003"},{"in_out_detail_no":"3","item_cd":"000115","serial_no":"30","in_out_qty":"1","remarks":"\u5099\u8003"}]','','048_input_output_detail','';
2018-03-26 20:13:53 EXEC SPC_048_INPUT_OUTPUT_DETAIL_INQ1 'SY201803260005';
2018-03-26 20:15:05 EXEC SPC_048_INPUT_OUTPUT_DETAIL_ACT1 'U','SY201803260005','5','2018/03/26','00','so0004','備考 備考 備考','[{"in_out_detail_no":"1","item_cd":"000115","serial_no":"20","in_out_qty":"1","remarks":"\u5099\u8003"},{"in_out_detail_no":"2","item_cd":"000115","serial_no":"10","in_out_qty":"1","remarks":"\u5099\u8003"},{"in_out_detail_no":"3","item_cd":"000115","serial_no":"30","in_out_qty":"1","remarks":"\u5099\u8003"}]','','048_input_output_detail','';
2018-03-26 20:15:06 EXEC SPC_048_INPUT_OUTPUT_DETAIL_INQ1 'SY201803260005';
2018-03-26 20:15:42 EXEC SPC_COM_GET_COMBOBOX 'in_out_div';
2018-03-26 20:15:42 EXEC SPC_COM_GET_COMBOBOX 'in_out_data_div';
2018-03-26 20:15:42 EXEC SPC_048_INPUT_OUTPUT_DETAIL_INQ1 'SY201803260005';
2018-03-26 20:15:48 EXEC SPC_048_INPUT_OUTPUT_DETAIL_ACT1 'U','SY201803260005','5','2018/03/26','00','so0004','備考 備考 備考','[{"in_out_detail_no":"1","item_cd":"000115","serial_no":"20","in_out_qty":"1","detail_remarks":"\u5099\u8003"},{"in_out_detail_no":"2","item_cd":"000115","serial_no":"10","in_out_qty":"1","detail_remarks":"\u5099\u8003"},{"in_out_detail_no":"3","item_cd":"000115","serial_no":"30","in_out_qty":"1","detail_remarks":"\u5099\u8003"}]','','048_input_output_detail','';
2018-03-26 20:15:49 EXEC SPC_048_INPUT_OUTPUT_DETAIL_INQ1 'SY201803260005';
2018-03-26 20:16:10 EXEC SPC_048_INPUT_OUTPUT_DETAIL_ACT1 'U','SY201803260005','5','2018/03/26','00','so0004','備考 備考 備考','[{"in_out_detail_no":"1","item_cd":"000115","serial_no":"20","in_out_qty":"1","detail_remarks":"\u5099\u8003"},{"in_out_detail_no":"2","item_cd":"000115","serial_no":"10","in_out_qty":"1","detail_remarks":"\u5099\u8003"},{"in_out_detail_no":"3","item_cd":"000115","serial_no":"30","in_out_qty":"1","detail_remarks":"\u5099\u8003"}]','','048_input_output_detail','';
2018-03-26 20:16:12 EXEC SPC_048_INPUT_OUTPUT_DETAIL_INQ1 'SY201803260005';
2018-03-26 20:17:26 EXEC SPC_COM_GET_COMBOBOX 'in_out_div';
2018-03-26 20:17:26 EXEC SPC_COM_GET_COMBOBOX 'in_out_data_div';
2018-03-26 20:17:26 EXEC SPC_048_INPUT_OUTPUT_DETAIL_INQ1 'SY201803260005';
2018-03-26 20:17:41 EXEC SPC_048_INPUT_OUTPUT_DETAIL_ACT1 'U','SY201803260005','5','2018/03/26','00','so0004','備考 備考 備考','[{"in_out_detail_no":"1","item_cd":"000115","serial_no":"20","in_out_qty":"1","detail_remarks":"\u5099\u8003"},{"in_out_detail_no":"2","item_cd":"000115","serial_no":"10","in_out_qty":"1","detail_remarks":"\u5099\u8003"},{"in_out_detail_no":"3","item_cd":"000115","serial_no":"30","in_out_qty":"1","detail_remarks":"\u5099\u8003"}]','','048_input_output_detail','';
2018-03-26 20:17:42 EXEC SPC_048_INPUT_OUTPUT_DETAIL_INQ1 'SY201803260005';
