2018-06-29 17:10:17 EXEC SPC_073_LOGIN_ACT1 '812','812';
2018-06-29 17:10:17 EXEC SPC_GET_CONSTANT '';
2018-06-29 17:11:31 EXEC SPC_GET_PERMISSION_AUTH '999','suppliers-master-search','view';
2018-06-29 17:11:31 EXEC SPC_COM_GET_COMBOBOX 'sales_unit_price_kind_div';
2018-06-29 17:11:31 EXEC SPC_GET_PERMISSION_AUTH '999','suppliers-master-search','view';
2018-06-29 17:11:31 EXEC SPC_COM_GET_COMBOBOX 'sales_unit_price_kind_div';
2018-06-29 17:11:40 EXEC SPC_GET_PERMISSION_AUTH '999','pi-search','view';
2018-06-29 17:11:40 EXEC SPC_COM_GET_COMBOBOX 'pi_status_div';
2018-06-29 17:11:50 EXEC SPC_GET_PERMISSION_AUTH '999','pi-search','view';
2018-06-29 17:11:50 EXEC SPC_COM_GET_COMBOBOX 'pi_status_div';
2018-06-29 19:22:18 EXEC SPC_073_LOGIN_ACT1 '','';
2018-06-29 19:22:27 EXEC SPC_073_LOGIN_ACT1 '812','812';
2018-06-29 19:22:27 EXEC SPC_GET_CONSTANT '';
2018-06-29 19:22:28 EXEC SPC_GET_PERMISSION_AUTH '999','pi-search','view';
2018-06-29 19:22:28 EXEC SPC_COM_GET_COMBOBOX 'pi_status_div';
2018-06-29 19:22:35 EXEC SPC_GET_PERMISSION_AUTH '999','popup-accept-search','view';
2018-06-29 19:22:35 EXEC SPC_COM_GET_COMBOBOX 'rcv_status_div';
2018-06-29 19:23:54 EXEC SPC_073_LOGIN_ACT1 '812','812';
2018-06-29 19:23:54 EXEC SPC_GET_CONSTANT '';
2018-06-29 19:23:54 EXEC SPC_GET_PERMISSION_AUTH '999','pi-search','view';
2018-06-29 19:23:54 EXEC SPC_COM_GET_COMBOBOX 'pi_status_div';
2018-06-29 19:24:00 EXEC SPC_GET_PERMISSION_AUTH '999','popup-accept-search','view';
2018-06-29 19:24:00 EXEC SPC_COM_GET_COMBOBOX 'rcv_status_div';
2018-06-29 19:24:05 EXEC SPC_GET_PERMISSION_AUTH '999','popup-accept-search','view';
2018-06-29 19:24:05 EXEC SPC_COM_GET_COMBOBOX 'rcv_status_div';
2018-06-29 19:24:09 EXEC SPC_GET_PERMISSION_AUTH '999','popup-accept-search','view';
2018-06-29 19:24:09 EXEC SPC_COM_GET_COMBOBOX 'rcv_status_div';
2018-06-29 19:24:19 EXEC SPC_GET_PERMISSION_AUTH '999','popup-accept-search','view';
2018-06-29 19:24:19 EXEC SPC_COM_GET_COMBOBOX 'rcv_status_div';
2018-06-29 20:01:08 EXEC SPC_GET_PERMISSION_AUTH '999','popup-accept-search','view';
2018-06-29 20:01:08 EXEC SPC_COM_GET_COMBOBOX 'rcv_status_div';
2018-06-29 20:04:31 EXEC SPC_GET_PERMISSION_AUTH '999','popup-accept-search','view';
2018-06-29 20:04:31 EXEC SPC_COM_GET_COMBOBOX 'rcv_status_div';
