2018-01-05 10:37:18 EXEC SPC_004_PI_ORDER_CONFIRM_FND1 '','','','','1','10';
2018-01-05 10:37:21 EXEC SPC_004_PI_ORDER_CONFIRM_FND1 '','','','','2','10';
2018-01-05 10:37:23 EXEC SPC_004_PI_ORDER_CONFIRM_FND1 '','','','','3','10';
2018-01-05 10:39:19 EXEC SPC_004_PI_ORDER_CONFIRM_FND1 '','','','','1','10';
2018-01-05 11:22:17 EXEC SPC_COM_GET_COMBOBOX 'port_city_div';
2018-01-05 11:22:17 EXEC SPC_COM_GET_COMBOBOX 'shipment_div';
2018-01-05 11:22:17 EXEC SPC_COM_GET_COMBOBOX 'port_country_div';
2018-01-05 11:22:17 EXEC SPC_COM_GET_COMBOBOX 'currency_div';
2018-01-05 11:22:17 EXEC SPC_COM_GET_COMBOBOX 'trade_terms_div';
2018-01-05 11:22:17 EXEC SPC_COM_GET_COMBOBOX 'payment_conditions_div';
2018-01-05 11:22:17 EXEC SPC_COM_GET_COMBOBOX 'unit_q_div';
2018-01-05 11:22:17 EXEC SPC_COM_GET_COMBOBOX 'bank_div';
_div';
2018-01-05 11:22:17 EXEC SPC_COM_GET_COMBOBOX 'unit_w_div';
2018-01-05 11:22:17 EXEC SPC_COM_GET_COMBOBOX 'unit_m_div';
2018-01-05 11:22:19 EXEC SPC_GET_TAX_RATE '2018/01/05';
2018-01-05 11:31:47 EXEC SPC_073_LOGIN_ACT1 '001','123456';
2018-01-05 11:31:47 EXEC SPC_GET_CONSTANT '';
2018-01-05 14:01:36 EXEC SPC_COM_GET_COMBOBOX 'pi_status_div';
2018-01-05 14:01:38 EXEC SPC_002_PI_SEARCH_FND1 '','','','','','','','','1','10';
2018-01-05 14:01:44 EXEC SPC_COM_GET_COMBOBOX 'port_city_div';
2018-01-05 14:01:44 EXEC SPC_COM_GET_COMBOBOX 'unit_q_div';
2018-01-05 14:01:44 EXEC SPC_COM_GET_COMBOBOX 'port_country_div';
2018-01-05 14:01:45 EXEC SPC_COM_GET_COMBOBOX 'unit_w_div';
2018-01-05 14:01:45 EXEC SPC_COM_GET_COMBOBOX 'unit_m_div';
2018-01-05 14:01:45 EXEC SPC_COM_GET_COMBOBOX 'sales_detail_div';
2018-01-05 14:01:45 EXEC SPC_COM_GET_COMBOBOX 'trade_terms_div';
2018-01-05 14:01:45 EXEC SPC_COM_GET_COMBOBOX 'currency_div';
2018-01-05 14:01:45 EXEC SPC_COM_GET_COMBOBOX 'bank_div';
2018-01-05 14:01:45 EXEC SPC_COM_GET_COMBOBOX 'shipment_div';
2018-01-05 14:01:46 EXEC SPC_COM_GET_COMBOBOX 'payment_conditions_div';
2018-01-05 14:01:46 EXEC SPC_GET_TAX_RATE '2018/01/05';
2018-01-05 15:20:37 EXEC SPC_001_PI_DETAIL_INQ1 'RT-171212007';
2018-01-05 15:20:44 EXEC SPC_001_PI_DETAIL_INQ1 'RT-130827002';
2018-01-05 15:20:45 EXEC SPC_GET_TAX_RATE '2013/08/27';
2018-01-05 15:20:46 EXEC SPC_COM_GET_COMBOBOX 'sales_detail_div';
2018-01-05 15:20:46 EXEC SPC_COM_GET_COMBOBOX 'unit_m_div';
2018-01-05 15:20:46 EXEC SPC_COM_GET_COMBOBOX 'unit_q_div';
2018-01-05 15:20:46 EXEC SPC_COM_GET_COMBOBOX 'unit_w_div';
2018-01-05 15:39:01 EXEC SPC_COM_GET_COMBOBOX 'pi_status_div';
2018-01-05 16:10:20 EXEC SPC_COM_GET_COMBOBOX 'port_country_div';
2018-01-05 16:10:20 EXEC SPC_COM_GET_COMBOBOX 'shipment_div';
2018-01-05 16:10:21 EXEC SPC_COM_GET_COMBOBOX 'unit_q_div';
2018-01-05 16:10:21 EXEC SPC_COM_GET_COMBOBOX 'unit_w_div';
2018-01-05 16:10:21 EXEC SPC_COM_GET_COMBOBOX 'unit_m_div';
iv';
2018-01-05 16:10:22 EXEC SPC_COM_GET_COMBOBOX 'currency_div';
2018-01-05 16:10:22 EXEC SPC_COM_GET_COMBOBOX 'port_city_div';
2018-01-05 16:10:22 EXEC SPC_COM_GET_COMBOBOX 'trade_terms_div';
2018-01-05 16:10:22 EXEC SPC_COM_GET_COMBOBOX 'payment_conditions_div';
2018-01-05 16:10:22 EXEC SPC_GET_TAX_RATE '2018/01/05';
2018-01-05 16:10:22 EXEC SPC_COM_GET_COMBOBOX 'bank_div';
2018-01-05 16:10:32 EXEC SPC_COM_GET_COMBOBOX 'pi_status_div';
2018-01-05 16:10:34 EXEC SPC_COM_GET_COMBOBOX 'payment_conditions_div';
2018-01-05 16:10:34 EXEC SPC_COM_GET_COMBOBOX 'port_city_div';
2018-01-05 16:10:34 EXEC SPC_COM_GET_COMBOBOX 'port_country_div';
2018-01-05 16:10:34 EXEC SPC_COM_GET_COMBOBOX 'currency_div';
2018-01-05 16:10:35 EXEC SPC_COM_GET_COMBOBOX 'shipment_div';
2018-01-05 16:10:35 EXEC SPC_COM_GET_COMBOBOX 'trade_terms_div';
2018-01-05 16:10:35 EXEC SPC_COM_GET_COMBOBOX 'sales_detail_div';
2018-01-05 16:10:35 EXEC SPC_COM_GET_COMBOBOX 'unit_q_div';
2018-01-05 16:10:35 EXEC SPC_COM_GET_COMBOBOX 'unit_m_div';
2018-01-05 16:10:35 EXEC SPC_COM_GET_COMBOBOX 'unit_w_div';
2018-01-05 16:10:35 EXEC SPC_COM_GET_COMBOBOX 'bank_div';
2018-01-05 16:10:35 EXEC SPC_GET_TAX_RATE '2018/01/05';
2018-01-05 16:49:21 EXEC SPC_COM_GET_COMBOBOX 'port_city_div';
2018-01-05 16:49:22 EXEC SPC_COM_GET_COMBOBOX 'sales_detail_div';
2018-01-05 16:49:22 EXEC SPC_COM_GET_COMBOBOX 'unit_q_div';
2018-01-05 16:49:22 EXEC SPC_COM_GET_COMBOBOX 'port_country_div';
2018-01-05 16:49:22 EXEC SPC_COM_GET_COMBOBOX 'shipment_div';
2018-01-05 16:49:22 EXEC SPC_COM_GET_COMBOBOX 'payment_conditions_div';
2018-01-05 16:49:22 EXEC SPC_COM_GET_COMBOBOX 'trade_terms_div';
2018-01-05 16:49:23 EXEC SPC_COM_GET_COMBOBOX 'currency_div';
2018-01-05 16:49:23 EXEC SPC_COM_GET_COMBOBOX 'storage_manager_div';
2018-01-05 16:49:23 EXEC SPC_COM_GET_COMBOBOX 'unit_m_div';
2018-01-05 16:49:23 EXEC SPC_COM_GET_COMBOBOX 'unit_w_div';
2018-01-05 19:19:21 EXEC SPC_004_PI_ORDER_CONFIRM_FND1 '','','','','1','10';
2018-01-05 19:20:48 EXEC SPC_004_PI_ORDER_CONFIRM_FND1 '','','','','1','10';
2018-01-05 20:03:35 EXEC SPC_COM_GET_COMBOBOX 'port_city_div';
2018-01-05 20:03:35 EXEC SPC_COM_GET_COMBOBOX 'unit_q_div';
2018-01-05 20:03:35 EXEC SPC_COM_GET_COMBOBOX 'currency_div';
2018-01-05 20:03:35 EXEC SPC_COM_GET_COMBOBOX 'shipment_div';
2018-01-05 20:03:35 EXEC SPC_COM_GET_COMBOBOX 'port_country_div';
2018-01-05 20:03:35 EXEC SPC_COM_GET_COMBOBOX 'trade_terms_div';
2018-01-05 20:03:35 EXEC SPC_COM_GET_COMBOBOX 'payment_conditions_div';
2018-01-05 20:03:36 EXEC SPC_COM_GET_COMBOBOX 'unit_w_div';
2018-01-05 20:03:36 EXEC SPC_COM_GET_COMBOBOX 'unit_m_div';
2018-01-05 20:03:36 EXEC SPC_COM_GET_COMBOBOX 'bank_div';
2018-01-05 20:03:36 EXEC SPC_GET_TAX_RATE '2018/01/05';
2018-01-05 20:03:36 EXEC SPC_COM_GET_COMBOBOX 'sales_detail_div';
