2018-01-25 10:29:03 EXEC SPC_COM_GET_COMBOBOX 'currency_div';
';
2018-01-25 10:29:03 EXEC SPC_COM_GET_COMBOBOX 'port_city_div';
2018-01-25 10:29:03 EXEC SPC_COM_GET_COMBOBOX 'payment_conditions_div';
2018-01-25 10:29:03 EXEC SPC_COM_GET_COMBOBOX 'shipment_div';
2018-01-25 10:29:04 EXEC SPC_COM_GET_COMBOBOX 'unit_w_div';
2018-01-25 10:29:04 EXEC SPC_COM_GET_COMBOBOX 'sales_detail_div';
2018-01-25 10:29:04 EXEC SPC_COM_GET_COMBOBOX 'bank_div';
2018-01-25 10:29:04 EXEC SPC_GET_TAX_RATE '2018/01/25';
2018-01-25 10:29:04 EXEC SPC_COM_GET_COMBOBOX 'unit_m_div';
2018-01-25 10:29:04 EXEC SPC_COM_GET_COMBOBOX 'unit_q_div';
2018-01-25 10:29:04 EXEC SPC_COM_GET_COMBOBOX 'trade_terms_div';
2018-01-25 10:29:06 EXEC SPC_001_PI_DETAIL_INQ1 'RT-131217001';
2018-01-25 10:29:07 EXEC SPC_COM_GET_COMBOBOX 'unit_q_div';
2018-01-25 10:29:07 EXEC SPC_COM_GET_COMBOBOX 'unit_w_div';
2018-01-25 10:29:07 EXEC SPC_COM_GET_COMBOBOX 'sales_detail_div';
2018-01-25 10:29:07 EXEC SPC_GET_TAX_RATE '2013/12/17';
2018-01-25 10:29:07 EXEC SPC_COM_GET_COMBOBOX 'unit_m_div';
2018-01-25 10:29:10 EXEC SPC_GET_CONSTANT '';
2018-01-25 10:29:10 EXEC SPC_003_PI_EXCEL_INQ1 'RT-131217001','','003_pi-excel','';
2018-01-25 10:29:58 EXEC SPC_GET_CONSTANT '';
2018-01-25 10:29:58 EXEC SPC_003_PI_EXCEL_INQ1 'RT-131217001','','003_pi-excel','';
2018-01-25 10:37:25 EXEC SPC_COM_GET_COMBOBOX 'pi_status_div';
2018-01-25 10:37:28 EXEC SPC_002_PI_SEARCH_FND1 '','','','','','','','20','1','10';
2018-01-25 10:37:30 EXEC SPC_002_PI_SEARCH_FND1 '','','','','','','','20','2','10';
2018-01-25 10:37:31 EXEC SPC_002_PI_SEARCH_FND1 '','','','','','','','20','3','10';
2018-01-25 10:37:34 EXEC SPC_COM_GET_COMBOBOX 'port_country_div';
2018-01-25 10:37:35 EXEC SPC_COM_GET_COMBOBOX 'unit_q_div';
2018-01-25 10:37:35 EXEC SPC_COM_GET_COMBOBOX 'unit_w_div';
2018-01-25 10:37:35 EXEC SPC_COM_GET_COMBOBOX 'currency_div';
2018-01-25 10:37:35 EXEC SPC_COM_GET_COMBOBOX 'payment_conditions_div';
2018-01-25 10:37:35 EXEC SPC_COM_GET_COMBOBOX 'trade_terms_div';
2018-01-25 10:37:35 EXEC SPC_COM_GET_COMBOBOX 'shipment_div';
2018-01-25 10:37:36 EXEC SPC_COM_GET_COMBOBOX 'port_city_div';
2018-01-25 10:37:36 EXEC SPC_COM_GET_COMBOBOX 'unit_m_div';
2018-01-25 10:37:36 EXEC SPC_COM_GET_COMBOBOX 'sales_detail_div';
2018-01-25 10:37:36 EXEC SPC_COM_GET_COMBOBOX 'bank_div';
2018-01-25 10:37:36 EXEC SPC_GET_TAX_RATE '2018/01/25';
2018-01-25 10:37:36 EXEC SPC_001_PI_DETAIL_INQ1 'RT-131217001';
2018-01-25 10:37:37 EXEC SPC_GET_TAX_RATE '2013/12/17';
2018-01-25 10:37:37 EXEC SPC_COM_GET_COMBOBOX 'unit_q_div';
2018-01-25 10:37:37 EXEC SPC_COM_GET_COMBOBOX 'sales_detail_div';
2018-01-25 10:37:37 EXEC SPC_COM_GET_COMBOBOX 'unit_m_div';
2018-01-25 10:37:37 EXEC SPC_COM_GET_COMBOBOX 'unit_w_div';
2018-01-25 10:37:37 EXEC SPC_001_PI_DETAIL_ACT1 'A','RT-131217001','20','2013/12/17','F0262','ALCAPORT TRADE','No. 9A Chopin Street, Ideal Subdivision','Commonwealth Avenue, Philippines 1118','1118','040','PH','632-585-6516','632-962-5436','','ALCAPORT TRADE ASIA','No. 9A Chopin Street, Ideal Subdivision','Commonwealth Avenue, Philippines 1118','1118','040','PH','632-585-6516','632-962-5436','VietNam','Manila','Singapo','MADE IN JAPAN','Standard Export Carton','02','USD','060','01','03','040','PH','01','Advance payment','[{"pi_detail_no":"1","sales_detail_div":"0","product_cd":"10003","description":"Digital Photoelectric Colorimeter Model AP-120 with standard accessories","qty":"10","unit_of_m_div":"001","unit_price":"500","amount":"5000","detail_tax":"250","unit_measure_qty":"10","unit_measure_price":"001","outside_remarks":"","unit_net_weight":"10","unit_net_weight_div":"001","net_weight":"100","unit_gross_weight":"10","gross_weight":"100","measure":"100"},{"pi_detail_no":"2","sales_detail_div":"0","product_cd":"10001","description":"Mobile Photoelectric colorimeter Model AP-1000M with standard accessories","qty":"10","unit_of_m_div":"001","unit_price":"750","amount":"7500","detail_tax":"375","unit_measure_qty":"10","unit_measure_price":"001","outside_remarks":"","unit_net_weight":"0.8","unit_net_weight_div":"001","net_weight":"8","unit_gross_weight":"1.7","gross_weight":"17","measure":"100"},{"pi_detail_no":"3","sales_detail_div":"0","product_cd":"000111","description":"Description Mobile Photoelectric colorimeter Model AP-1000M with standard accessories Mobile Photoelectric colorimeter M","qty":"10","unit_of_m_div":"003","unit_price":"10","amount":"100","detail_tax":"5","unit_measure_qty":"51","unit_measure_price":"001","outside_remarks":"","unit_net_weight":"15659","unit_net_weight_div":"001","net_weight":"156590","unit_gross_weight":"2194","gross_weight":"21940","measure":"510"},{"pi_detail_no":"4","sales_detail_div":"3","product_cd":"000112","description":"Description Mobile Photoelectric colorimeter Model AP-1000M with standard accessories Mobile Photoelectric colorimeter M","qty":"10","unit_of_m_div":"002","unit_price":"10","amount":"100","detail_tax":"5","unit_measure_qty":"888","unit_measure_price":"001","outside_remarks":"","unit_net_weight":"11212.13","unit_net_weight_div":"001","net_weight":"112121.3","unit_gross_weight":"16543.5","gross_weight":"165435","measure":"8880"},{"pi_detail_no":"5","sales_detail_div":"0","product_cd":"0004","description":"Description Mobile Photoelectric colorimeter Model AP-1000M with standard accessories Mobile Photoelectric colorimeter M","qty":"10","unit_of_m_div":"001","unit_price":"10","amount":"100","detail_tax":"5","unit_measure_qty":"10","unit_measure_price":"001","outside_remarks":"","unit_net_weight":"10","unit_net_weight_div":"001","net_weight":"100","unit_gross_weight":"10","gross_weight":"100","measure":"100"},{"pi_detail_no":"6","sales_detail_div":"0","product_cd":"000115","description":"Description Mobile Photoelectric colorimeter Model AP-1000M with standard accessories Mobile Photoelectric colorimeter M","qty":"10","unit_of_m_div":"002","unit_price":"10","amount":"100","detail_tax":"5","unit_measure_qty":"999.99","unit_measure_price":"001","outside_remarks":"","unit_net_weight":"-99999.12","unit_net_weight_div":"","net_weight":"-999991.2","unit_gross_weight":"28451.11","gross_weight":"284511.1","measure":"9999.9"}]','60','001','472103.1','001','-731071.9','001','19689.9','001','12900','10','0','0','12910','Around 3 weeks after receipt of payment','','Japan','APEL CO.,LTD.','This Proforma invoice is valid for 3 weeks from the date of  issue.','- If a consulate visa is required, the related fees should be paid by the buyer.','- In case of transport by air and/or container, FOB, C&F and CIF in this proforma invoice','shall be respectively equivalent to FCA, CPT and CIP stipulated in Incoterms 2000.','- In the even that the dollar (euro)falls against the Japanese yen by more than 5% from','the rate of proforma invoice date, the prices will not be effective.','Other Conditions 6','*** Warranty period after shipment***','3 years: PD-303, BR-501','1 year: AP-120, AP-1000M, PD-303S, PD-3000UV, BR-5200, BR-5200P, HC-702','Other Conditions 10','001','','','001_pi-detail','';
2018-01-25 10:37:39 EXEC SPC_001_PI_DETAIL_INQ1 'RT-131217001';
2018-01-25 10:37:40 EXEC SPC_COM_GET_COMBOBOX 'unit_q_div';
2018-01-25 10:37:40 EXEC SPC_COM_GET_COMBOBOX 'unit_m_div';
2018-01-25 10:37:40 EXEC SPC_COM_GET_COMBOBOX 'sales_detail_div';
2018-01-25 10:37:40 EXEC SPC_COM_GET_COMBOBOX 'unit_w_div';
2018-01-25 10:37:43 EXEC SPC_GET_CONSTANT '';
2018-01-25 10:37:43 EXEC SPC_003_PI_EXCEL_INQ1 'RT-131217001','','003_pi-excel','';
2018-01-25 10:41:50 EXEC SPC_GET_CONSTANT '';
2018-01-25 10:41:50 EXEC SPC_003_PI_EXCEL_INQ1 'RT-131217001','','003_pi-excel','';
2018-01-25 10:49:00 EXEC SPC_GET_CONSTANT '';
2018-01-25 10:49:00 EXEC SPC_003_PI_EXCEL_INQ1 'RT-131217001','','003_pi-excel','';
2018-01-25 10:49:52 EXEC SPC_GET_CONSTANT '';
2018-01-25 10:49:52 EXEC SPC_003_PI_EXCEL_INQ1 'RT-131217001','','003_pi-excel','';
2018-01-25 10:51:17 EXEC SPC_GET_CONSTANT '';
2018-01-25 10:51:17 EXEC SPC_003_PI_EXCEL_INQ1 'RT-131217001','','003_pi-excel','';
2018-01-25 10:52:37 EXEC SPC_GET_CONSTANT '';
2018-01-25 10:52:37 EXEC SPC_003_PI_EXCEL_INQ1 'RT-131217001','','003_pi-excel','';
2018-01-25 10:53:28 EXEC SPC_GET_CONSTANT '';
2018-01-25 10:53:28 EXEC SPC_003_PI_EXCEL_INQ1 'RT-131217001','','003_pi-excel','';
2018-01-25 10:55:25 EXEC SPC_GET_CONSTANT '';
2018-01-25 10:55:25 EXEC SPC_003_PI_EXCEL_INQ1 'RT-131217001','','003_pi-excel','';
2018-01-25 10:55:52 EXEC SPC_GET_CONSTANT '';
2018-01-25 10:55:52 EXEC SPC_003_PI_EXCEL_INQ1 'RT-131217001','','003_pi-excel','';
2018-01-25 10:57:34 EXEC SPC_GET_CONSTANT '';
2018-01-25 10:57:34 EXEC SPC_003_PI_EXCEL_INQ1 'RT-131217001','','003_pi-excel','';
2018-01-25 10:58:20 EXEC SPC_GET_CONSTANT '';
2018-01-25 10:58:20 EXEC SPC_003_PI_EXCEL_INQ1 'RT-131217001','','003_pi-excel','';
2018-01-25 11:04:01 EXEC SPC_GET_CONSTANT '';
2018-01-25 11:04:01 EXEC SPC_003_PI_EXCEL_INQ1 'RT-131217001','','003_pi-excel','';
2018-01-25 11:05:58 EXEC SPC_GET_CONSTANT '';
2018-01-25 11:05:58 EXEC SPC_003_PI_EXCEL_INQ1 'RT-131217001','','003_pi-excel','';
2018-01-25 11:07:29 EXEC SPC_GET_CONSTANT '';
2018-01-25 11:07:29 EXEC SPC_003_PI_EXCEL_INQ1 'RT-131217001','','003_pi-excel','';
2018-01-25 11:09:28 EXEC SPC_GET_CONSTANT '';
2018-01-25 11:09:28 EXEC SPC_003_PI_EXCEL_INQ1 'RT-131217001','','003_pi-excel','';
2018-01-25 11:10:04 EXEC SPC_GET_CONSTANT '';
2018-01-25 11:10:04 EXEC SPC_003_PI_EXCEL_INQ1 'RT-131217001','','003_pi-excel','';
2018-01-25 11:10:40 EXEC SPC_GET_CONSTANT '';
2018-01-25 11:10:40 EXEC SPC_003_PI_EXCEL_INQ1 'RT-131217001','','003_pi-excel','';
2018-01-25 11:12:02 EXEC SPC_GET_CONSTANT '';
2018-01-25 11:12:02 EXEC SPC_003_PI_EXCEL_INQ1 'RT-131217001','','003_pi-excel','';
2018-01-25 11:12:48 EXEC SPC_GET_CONSTANT '';
2018-01-25 11:12:48 EXEC SPC_003_PI_EXCEL_INQ1 'RT-131217001','','003_pi-excel','';
2018-01-25 11:14:19 EXEC SPC_GET_CONSTANT '';
2018-01-25 11:14:19 EXEC SPC_003_PI_EXCEL_INQ1 'RT-131217001','','003_pi-excel','';
2018-01-25 11:24:43 EXEC SPC_GET_CONSTANT '';
2018-01-25 11:24:43 EXEC SPC_003_PI_EXCEL_INQ1 'RT-131217001','','003_pi-excel','';
2018-01-25 11:26:29 EXEC SPC_GET_CONSTANT '';
2018-01-25 11:26:29 EXEC SPC_003_PI_EXCEL_INQ1 'RT-131217001','','003_pi-excel','';
2018-01-25 11:28:17 EXEC SPC_GET_CONSTANT '';
2018-01-25 11:28:17 EXEC SPC_003_PI_EXCEL_INQ1 'RT-131217001','','003_pi-excel','';
2018-01-25 11:31:57 EXEC SPC_GET_CONSTANT '';
2018-01-25 11:31:57 EXEC SPC_003_PI_EXCEL_INQ1 'RT-131217001','','003_pi-excel','';
2018-01-25 11:32:22 EXEC SPC_GET_CONSTANT '';
2018-01-25 11:32:22 EXEC SPC_003_PI_EXCEL_INQ1 'RT-131217001','','003_pi-excel','';
2018-01-25 11:32:57 EXEC SPC_GET_CONSTANT '';
2018-01-25 11:32:57 EXEC SPC_003_PI_EXCEL_INQ1 'RT-131217001','','003_pi-excel','';
2018-01-25 11:33:15 EXEC SPC_GET_CONSTANT '';
2018-01-25 11:33:15 EXEC SPC_003_PI_EXCEL_INQ1 'RT-131217001','','003_pi-excel','';
2018-01-25 11:33:36 EXEC SPC_GET_CONSTANT '';
2018-01-25 11:33:36 EXEC SPC_003_PI_EXCEL_INQ1 'RT-131217001','','003_pi-excel','';
2018-01-25 11:35:30 EXEC SPC_GET_CONSTANT '';
2018-01-25 11:35:30 EXEC SPC_003_PI_EXCEL_INQ1 'RT-131217001','','003_pi-excel','';
2018-01-25 11:51:24 EXEC SPC_GET_CONSTANT '';
2018-01-25 11:51:24 EXEC SPC_003_PI_EXCEL_INQ1 'RT-131217001','','003_pi-excel','';
2018-01-25 11:52:55 EXEC SPC_GET_CONSTANT '';
2018-01-25 11:52:55 EXEC SPC_003_PI_EXCEL_INQ1 'RT-131217001','','003_pi-excel','';
2018-01-25 11:53:04 EXEC SPC_GET_CONSTANT '';
2018-01-25 11:53:04 EXEC SPC_003_PI_EXCEL_INQ1 'RT-131217001','','003_pi-excel','';
2018-01-25 11:53:10 EXEC SPC_GET_CONSTANT '';
2018-01-25 11:53:10 EXEC SPC_003_PI_EXCEL_INQ1 'RT-131217001','','003_pi-excel','';
2018-01-25 11:54:01 EXEC SPC_GET_CONSTANT '';
2018-01-25 11:54:01 EXEC SPC_003_PI_EXCEL_INQ1 'RT-131217001','','003_pi-excel','';
2018-01-25 11:54:31 EXEC SPC_GET_CONSTANT '';
2018-01-25 11:54:31 EXEC SPC_003_PI_EXCEL_INQ1 'RT-131217001','','003_pi-excel','';
2018-01-25 11:54:48 EXEC SPC_GET_CONSTANT '';
2018-01-25 11:54:48 EXEC SPC_003_PI_EXCEL_INQ1 'RT-131217001','','003_pi-excel','';
2018-01-25 11:55:33 EXEC SPC_GET_CONSTANT '';
2018-01-25 11:55:33 EXEC SPC_003_PI_EXCEL_INQ1 'RT-131217001','','003_pi-excel','';
2018-01-25 11:55:52 EXEC SPC_GET_CONSTANT '';
2018-01-25 11:55:52 EXEC SPC_003_PI_EXCEL_INQ1 'RT-131217001','','003_pi-excel','';
2018-01-25 11:57:42 EXEC SPC_GET_CONSTANT '';
2018-01-25 11:57:42 EXEC SPC_003_PI_EXCEL_INQ1 'RT-131217001','','003_pi-excel','';
2018-01-25 11:57:59 EXEC SPC_GET_CONSTANT '';
2018-01-25 11:57:59 EXEC SPC_003_PI_EXCEL_INQ1 'RT-131217001','','003_pi-excel','';
2018-01-25 11:58:39 EXEC SPC_GET_CONSTANT '';
2018-01-25 11:58:39 EXEC SPC_003_PI_EXCEL_INQ1 'RT-131217001','','003_pi-excel','';
2018-01-25 12:00:30 EXEC SPC_GET_CONSTANT '';
2018-01-25 12:00:30 EXEC SPC_003_PI_EXCEL_INQ1 'RT-131217001','','003_pi-excel','';
2018-01-25 12:02:00 EXEC SPC_GET_CONSTANT '';
2018-01-25 12:02:00 EXEC SPC_003_PI_EXCEL_INQ1 'RT-131217001','','003_pi-excel','';
2018-01-25 12:03:03 EXEC SPC_GET_CONSTANT '';
2018-01-25 12:03:03 EXEC SPC_003_PI_EXCEL_INQ1 'RT-131217001','','003_pi-excel','';
2018-01-25 12:03:15 EXEC SPC_GET_CONSTANT '';
2018-01-25 12:03:15 EXEC SPC_003_PI_EXCEL_INQ1 'RT-131217001','','003_pi-excel','';
2018-01-25 12:05:28 EXEC SPC_GET_CONSTANT '';
2018-01-25 12:05:28 EXEC SPC_003_PI_EXCEL_INQ1 'RT-131217001','','003_pi-excel','';
2018-01-25 12:08:13 EXEC SPC_GET_CONSTANT '';
2018-01-25 12:08:13 EXEC SPC_003_PI_EXCEL_INQ1 'RT-131217001','','003_pi-excel','';
2018-01-25 12:09:51 EXEC SPC_GET_CONSTANT '';
2018-01-25 12:09:51 EXEC SPC_003_PI_EXCEL_INQ1 'RT-131217001','','003_pi-excel','';
2018-01-25 12:13:10 EXEC SPC_GET_CONSTANT '';
2018-01-25 12:13:10 EXEC SPC_003_PI_EXCEL_INQ1 'RT-131217001','','003_pi-excel','';
2018-01-25 12:14:01 EXEC SPC_GET_CONSTANT '';
2018-01-25 12:14:01 EXEC SPC_003_PI_EXCEL_INQ1 'RT-131217001','','003_pi-excel','';
2018-01-25 12:14:44 EXEC SPC_GET_CONSTANT '';
2018-01-25 12:14:44 EXEC SPC_003_PI_EXCEL_INQ1 'RT-131217001','','003_pi-excel','';
2018-01-25 12:15:46 EXEC SPC_GET_CONSTANT '';
2018-01-25 12:15:46 EXEC SPC_003_PI_EXCEL_INQ1 'RT-131217001','','003_pi-excel','';
2018-01-25 12:17:08 EXEC SPC_GET_CONSTANT '';
2018-01-25 12:17:08 EXEC SPC_003_PI_EXCEL_INQ1 'RT-131217001','','003_pi-excel','';
2018-01-25 12:19:10 EXEC SPC_GET_CONSTANT '';
2018-01-25 12:19:10 EXEC SPC_003_PI_EXCEL_INQ1 'RT-131217001','','003_pi-excel','';
2018-01-25 12:22:21 EXEC SPC_GET_CONSTANT '';
2018-01-25 12:22:21 EXEC SPC_003_PI_EXCEL_INQ1 'RT-131217001','','003_pi-excel','';
2018-01-25 12:24:54 EXEC SPC_GET_CONSTANT '';
2018-01-25 12:24:54 EXEC SPC_003_PI_EXCEL_INQ1 'RT-131217001','','003_pi-excel','';
2018-01-25 12:27:47 EXEC SPC_GET_CONSTANT '';
2018-01-25 12:27:47 EXEC SPC_003_PI_EXCEL_INQ1 'RT-131217001','','003_pi-excel','';
2018-01-25 12:29:03 EXEC SPC_GET_CONSTANT '';
2018-01-25 12:29:03 EXEC SPC_003_PI_EXCEL_INQ1 'RT-131217001','','003_pi-excel','';
2018-01-25 12:29:58 EXEC SPC_GET_CONSTANT '';
2018-01-25 12:29:58 EXEC SPC_003_PI_EXCEL_INQ1 'RT-131217001','','003_pi-excel','';
2018-01-25 12:30:08 EXEC SPC_GET_CONSTANT '';
2018-01-25 12:30:08 EXEC SPC_003_PI_EXCEL_INQ1 'RT-131217001','','003_pi-excel','';
2018-01-25 12:30:55 EXEC SPC_GET_CONSTANT '';
2018-01-25 12:30:55 EXEC SPC_003_PI_EXCEL_INQ1 'RT-131217001','','003_pi-excel','';
2018-01-25 12:33:12 EXEC SPC_GET_CONSTANT '';
2018-01-25 12:33:12 EXEC SPC_003_PI_EXCEL_INQ1 'RT-131217001','','003_pi-excel','';
2018-01-25 12:33:46 EXEC SPC_GET_CONSTANT '';
2018-01-25 12:33:46 EXEC SPC_003_PI_EXCEL_INQ1 'RT-131217001','','003_pi-excel','';
2018-01-25 12:34:16 EXEC SPC_GET_CONSTANT '';
2018-01-25 12:34:16 EXEC SPC_003_PI_EXCEL_INQ1 'RT-131217001','','003_pi-excel','';
2018-01-25 12:38:00 EXEC SPC_GET_CONSTANT '';
2018-01-25 12:38:00 EXEC SPC_003_PI_EXCEL_INQ1 'RT-131217001','','003_pi-excel','';
2018-01-25 12:38:26 EXEC SPC_GET_CONSTANT '';
2018-01-25 12:38:26 EXEC SPC_003_PI_EXCEL_INQ1 'RT-131217001','','003_pi-excel','';
2018-01-25 12:39:02 EXEC SPC_GET_CONSTANT '';
2018-01-25 12:39:02 EXEC SPC_003_PI_EXCEL_INQ1 'RT-131217001','','003_pi-excel','';
2018-01-25 12:39:16 EXEC SPC_GET_CONSTANT '';
2018-01-25 12:39:16 EXEC SPC_003_PI_EXCEL_INQ1 'RT-131217001','','003_pi-excel','';
2018-01-25 12:40:31 EXEC SPC_GET_CONSTANT '';
2018-01-25 12:40:31 EXEC SPC_003_PI_EXCEL_INQ1 'RT-131217001','','003_pi-excel','';
2018-01-25 12:40:53 EXEC SPC_GET_CONSTANT '';
2018-01-25 12:40:53 EXEC SPC_003_PI_EXCEL_INQ1 'RT-131217001','','003_pi-excel','';
2018-01-25 12:41:03 EXEC SPC_GET_CONSTANT '';
2018-01-25 12:41:03 EXEC SPC_003_PI_EXCEL_INQ1 'RT-131217001','','003_pi-excel','';
2018-01-25 12:41:21 EXEC SPC_GET_CONSTANT '';
2018-01-25 12:41:21 EXEC SPC_003_PI_EXCEL_INQ1 'RT-131217001','','003_pi-excel','';
2018-01-25 12:41:33 EXEC SPC_GET_CONSTANT '';
2018-01-25 12:41:33 EXEC SPC_003_PI_EXCEL_INQ1 'RT-131217001','','003_pi-excel','';
2018-01-25 12:41:40 EXEC SPC_GET_CONSTANT '';
2018-01-25 12:41:41 EXEC SPC_003_PI_EXCEL_INQ1 'RT-131217001','','003_pi-excel','';
2018-01-25 12:42:31 EXEC SPC_GET_CONSTANT '';
2018-01-25 12:42:31 EXEC SPC_003_PI_EXCEL_INQ1 'RT-131217001','','003_pi-excel','';
2018-01-25 14:48:25 EXEC SPC_COM_GET_COMBOBOX 'payment_conditions_div';
 14:48:25 EXEC SPC_COM_GET_COMBOBOX 'shipment_div';
2018-01-25 14:48:25 EXEC SPC_COM_GET_COMBOBOX 'port_country_div';
2018-01-25 14:48:25 EXEC SPC_COM_GET_COMBOBOX 'port_city_div';
2018-01-25 14:48:26 EXEC SPC_COM_GET_COMBOBOX 'sales_detail_div';
2018-01-25 14:48:26 EXEC SPC_COM_GET_COMBOBOX 'unit_m_div';
2018-01-25 14:48:26 EXEC SPC_COM_GET_COMBOBOX 'bank_div';
2018-01-25 14:48:26 EXEC SPC_GET_TAX_RATE '2018/01/25';
2018-01-25 14:48:26 EXEC SPC_COM_GET_COMBOBOX 'unit_w_div';
2018-01-25 14:48:26 EXEC SPC_COM_GET_COMBOBOX 'trade_terms_div';
2018-01-25 14:48:33 EXEC SPC_COM_GET_COMBOBOX 'pi_status_div';
2018-01-25 14:48:36 EXEC SPC_002_PI_SEARCH_FND1 '','','','','','','','20','1','10';
2018-01-25 14:48:37 EXEC SPC_002_PI_SEARCH_FND1 '','','','','','','','20','2','10';
2018-01-25 14:48:39 EXEC SPC_002_PI_SEARCH_FND1 '','','','','','','','20','3','10';
2018-01-25 14:48:43 EXEC SPC_COM_GET_COMBOBOX 'shipment_div';
2018-01-25 14:48:43 EXEC SPC_COM_GET_COMBOBOX 'port_city_div';
2018-01-25 14:48:43 EXEC SPC_COM_GET_COMBOBOX 'payment_conditions_div';
2018-01-25 14:48:43 EXEC SPC_COM_GET_COMBOBOX 'currency_div';
2018-01-25 14:48:43 EXEC SPC_COM_GET_COMBOBOX 'port_country_div';
2018-01-25 14:48:43 EXEC SPC_COM_GET_COMBOBOX 'trade_terms_div';
2018-01-25 14:48:44 EXEC SPC_COM_GET_COMBOBOX 'unit_w_div';
2018-01-25 14:48:44 EXEC SPC_GET_TAX_RATE '2018/01/25';
2018-01-25 14:48:44 EXEC SPC_COM_GET_COMBOBOX 'unit_q_div';
2018-01-25 14:48:44 EXEC SPC_COM_GET_COMBOBOX 'bank_div';
2018-01-25 14:48:44 EXEC SPC_COM_GET_COMBOBOX 'unit_m_div';
2018-01-25 14:48:44 EXEC SPC_COM_GET_COMBOBOX 'sales_detail_div';
2018-01-25 14:48:44 EXEC SPC_001_PI_DETAIL_INQ1 'RT-131217001';
2018-01-25 14:48:45 EXEC SPC_COM_GET_COMBOBOX 'unit_w_div';
2018-01-25 14:48:45 EXEC SPC_GET_TAX_RATE '2013/12/17';
2018-01-25 14:48:45 EXEC SPC_COM_GET_COMBOBOX 'sales_detail_div';
2018-01-25 14:48:45 EXEC SPC_COM_GET_COMBOBOX 'unit_m_div';
2018-01-25 14:48:45 EXEC SPC_COM_GET_COMBOBOX 'unit_q_div';
2018-01-25 14:48:48 EXEC SPC_GET_CONSTANT '';
2018-01-25 14:48:48 EXEC SPC_003_PI_EXCEL_INQ1 'RT-131217001','','003_pi-excel','';
2018-01-25 15:18:54 EXEC SPC_GET_CONSTANT '';
2018-01-25 15:18:54 EXEC SPC_003_PI_EXCEL_INQ1 'RT-131217001','','003_pi-excel','';
2018-01-25 15:34:01 EXEC SPC_GET_CONSTANT '';
2018-01-25 15:34:01 EXEC SPC_003_PI_EXCEL_INQ1 'RT-131217001','','003_pi-excel','';
2018-01-25 15:34:12 EXEC SPC_GET_CONSTANT '';
2018-01-25 15:34:12 EXEC SPC_003_PI_EXCEL_INQ1 'RT-131217001','','003_pi-excel','';
2018-01-25 15:35:08 EXEC SPC_GET_CONSTANT '';
2018-01-25 15:35:08 EXEC SPC_003_PI_EXCEL_INQ1 'RT-131217001','','003_pi-excel','';
2018-01-25 15:35:34 EXEC SPC_GET_CONSTANT '';
2018-01-25 15:35:34 EXEC SPC_003_PI_EXCEL_INQ1 'RT-131217001','','003_pi-excel','';
2018-01-25 15:35:50 EXEC SPC_GET_CONSTANT '';
2018-01-25 15:35:50 EXEC SPC_003_PI_EXCEL_INQ1 'RT-131217001','','003_pi-excel','';
2018-01-25 15:36:00 EXEC SPC_GET_CONSTANT '';
2018-01-25 15:36:00 EXEC SPC_003_PI_EXCEL_INQ1 'RT-131217001','','003_pi-excel','';
2018-01-25 15:36:10 EXEC SPC_GET_CONSTANT '';
2018-01-25 15:36:10 EXEC SPC_003_PI_EXCEL_INQ1 'RT-131217001','','003_pi-excel','';
2018-01-25 15:36:25 EXEC SPC_GET_CONSTANT '';
2018-01-25 15:36:25 EXEC SPC_003_PI_EXCEL_INQ1 'RT-131217001','','003_pi-excel','';
2018-01-25 15:36:34 EXEC SPC_GET_CONSTANT '';
2018-01-25 15:36:34 EXEC SPC_003_PI_EXCEL_INQ1 'RT-131217001','','003_pi-excel','';
2018-01-25 15:36:43 EXEC SPC_GET_CONSTANT '';
2018-01-25 15:36:43 EXEC SPC_003_PI_EXCEL_INQ1 'RT-131217001','','003_pi-excel','';
2018-01-25 15:37:00 EXEC SPC_GET_CONSTANT '';
2018-01-25 15:37:00 EXEC SPC_003_PI_EXCEL_INQ1 'RT-131217001','','003_pi-excel','';
2018-01-25 15:37:38 EXEC SPC_GET_CONSTANT '';
2018-01-25 15:37:38 EXEC SPC_003_PI_EXCEL_INQ1 'RT-131217001','','003_pi-excel','';
2018-01-25 15:37:51 EXEC SPC_GET_CONSTANT '';
2018-01-25 15:37:51 EXEC SPC_003_PI_EXCEL_INQ1 'RT-131217001','','003_pi-excel','';
2018-01-25 15:38:54 EXEC SPC_GET_CONSTANT '';
2018-01-25 15:38:54 EXEC SPC_003_PI_EXCEL_INQ1 'RT-131217001','','003_pi-excel','';
2018-01-25 15:39:41 EXEC SPC_GET_CONSTANT '';
2018-01-25 15:39:41 EXEC SPC_003_PI_EXCEL_INQ1 'RT-131217001','','003_pi-excel','';
2018-01-25 15:39:53 EXEC SPC_GET_CONSTANT '';
2018-01-25 15:39:53 EXEC SPC_003_PI_EXCEL_INQ1 'RT-131217001','','003_pi-excel','';
2018-01-25 15:43:40 EXEC SPC_GET_CONSTANT '';
2018-01-25 15:43:40 EXEC SPC_003_PI_EXCEL_INQ1 'RT-131217001','','003_pi-excel','';
2018-01-25 15:45:00 EXEC SPC_GET_CONSTANT '';
2018-01-25 15:45:00 EXEC SPC_003_PI_EXCEL_INQ1 'RT-131217001','','003_pi-excel','';
2018-01-25 15:46:34 EXEC SPC_GET_CONSTANT '';
2018-01-25 15:46:34 EXEC SPC_003_PI_EXCEL_INQ1 'RT-131217001','','003_pi-excel','';
2018-01-25 15:49:42 EXEC SPC_GET_CONSTANT '';
2018-01-25 15:49:42 EXEC SPC_003_PI_EXCEL_INQ1 'RT-131217001','','003_pi-excel','';
2018-01-25 15:50:49 EXEC SPC_GET_CONSTANT '';
2018-01-25 15:50:49 EXEC SPC_003_PI_EXCEL_INQ1 'RT-131217001','','003_pi-excel','';
2018-01-25 15:56:32 EXEC SPC_GET_CONSTANT '';
2018-01-25 15:56:32 EXEC SPC_003_PI_EXCEL_INQ1 'RT-131217001','','003_pi-excel','';
2018-01-25 15:56:49 EXEC SPC_GET_CONSTANT '';
2018-01-25 15:56:49 EXEC SPC_003_PI_EXCEL_INQ1 'RT-131217001','','003_pi-excel','';
2018-01-25 15:58:46 EXEC SPC_GET_CONSTANT '';
2018-01-25 15:58:46 EXEC SPC_003_PI_EXCEL_INQ1 'RT-131217001','','003_pi-excel','';
2018-01-25 16:00:03 EXEC SPC_GET_CONSTANT '';
2018-01-25 16:00:03 EXEC SPC_003_PI_EXCEL_INQ1 'RT-131217001','','003_pi-excel','';
2018-01-25 16:01:37 EXEC SPC_GET_CONSTANT '';
2018-01-25 16:01:37 EXEC SPC_003_PI_EXCEL_INQ1 'RT-131217001','','003_pi-excel','';
2018-01-25 16:08:29 EXEC SPC_GET_CONSTANT '';
2018-01-25 16:08:29 EXEC SPC_003_PI_EXCEL_INQ1 'RT-131217001','','003_pi-excel','';
2018-01-25 16:12:18 EXEC SPC_GET_CONSTANT '';
2018-01-25 16:12:18 EXEC SPC_003_PI_EXCEL_INQ1 'RT-131217001','','003_pi-excel','';
2018-01-25 16:14:52 EXEC SPC_GET_CONSTANT '';
2018-01-25 16:14:52 EXEC SPC_003_PI_EXCEL_INQ1 'RT-131217001','','003_pi-excel','';
2018-01-25 16:16:19 EXEC SPC_GET_CONSTANT '';
2018-01-25 16:16:19 EXEC SPC_003_PI_EXCEL_INQ1 'RT-131217001','','003_pi-excel','';
2018-01-25 16:32:53 EXEC SPC_COM_GET_COMBOBOX 'pi_status_div';
2018-01-25 16:32:56 EXEC SPC_002_PI_SEARCH_FND1 '','','','','','','','20','1','10';
2018-01-25 16:32:58 EXEC SPC_002_PI_SEARCH_FND1 '','','','','','','','20','2','10';
2018-01-25 16:32:59 EXEC SPC_002_PI_SEARCH_FND1 '','','','','','','','20','3','10';
2018-01-25 16:33:05 EXEC SPC_GET_CONSTANT '';
2018-01-25 16:33:05 EXEC SPC_003_PI_EXCEL_INQ1 'RT-131216001','','003_pi-excel','';
2018-01-25 16:33:06 EXEC SPC_003_PI_EXCEL_INQ1 'RT-131216002','','003_pi-excel','';
2018-01-25 16:33:06 EXEC SPC_003_PI_EXCEL_INQ1 'RT-131217001','','003_pi-excel','';
2018-01-25 16:34:44 EXEC SPC_001_PI_DETAIL_ACT4 'RT-131217001','','','001_pi-detail','';
2018-01-25 16:34:45 EXEC SPC_001_PI_DETAIL_INQ1 'RT-131217001';
2018-01-25 16:34:45 EXEC SPC_GET_TAX_RATE '2013/12/17';
2018-01-25 16:34:46 EXEC SPC_COM_GET_COMBOBOX 'unit_q_div';
2018-01-25 16:34:46 EXEC SPC_COM_GET_COMBOBOX 'unit_m_div';
2018-01-25 16:34:46 EXEC SPC_COM_GET_COMBOBOX 'sales_detail_div';
2018-01-25 16:34:47 EXEC SPC_COM_GET_COMBOBOX 'unit_w_div';
2018-01-25 16:34:51 EXEC SPC_001_PI_DETAIL_ACT1 'A','RT-131217001','10','2013/12/17','F0262','ALCAPORT TRADE','No. 9A Chopin Street, Ideal Subdivision','Commonwealth Avenue, Philippines 1118','1118','040','PH','632-585-6516','632-962-5436','','ALCAPORT TRADE ASIA','No. 9A Chopin Street, Ideal Subdivision','Commonwealth Avenue, Philippines 1118','1118','040','PH','632-585-6516','632-962-5436','VietNam','Manila','Singapo','MADE IN JAPAN','Standard Export Carton','02','USD','060','01','03','040','PH','01','Advance payment','[{"pi_detail_no":"1","sales_detail_div":"0","product_cd":"10003","description":"Digital Photoelectric Colorimeter Model AP-120 with standard accessories","qty":"10","unit_of_m_div":"001","unit_price":"500","amount":"5000","detail_tax":"250","unit_measure_qty":"10","unit_measure_price":"001","outside_remarks":"","unit_net_weight":"10","unit_net_weight_div":"001","net_weight":"100","unit_gross_weight":"10","gross_weight":"100","measure":"100"},{"pi_detail_no":"2","sales_detail_div":"0","product_cd":"10001","description":"Mobile Photoelectric colorimeter Model AP-1000M with standard accessories","qty":"10","unit_of_m_div":"001","unit_price":"750","amount":"7500","detail_tax":"375","unit_measure_qty":"10","unit_measure_price":"001","outside_remarks":"","unit_net_weight":"0.8","unit_net_weight_div":"001","net_weight":"8","unit_gross_weight":"1.7","gross_weight":"17","measure":"100"},{"pi_detail_no":"3","sales_detail_div":"0","product_cd":"000111","description":"Description Mobile Photoelectric colorimeter Model AP-1000M with standard accessories Mobile Photoelectric colorimeter M","qty":"10","unit_of_m_div":"003","unit_price":"10","amount":"100","detail_tax":"5","unit_measure_qty":"51","unit_measure_price":"001","outside_remarks":"","unit_net_weight":"15659","unit_net_weight_div":"001","net_weight":"156590","unit_gross_weight":"2194","gross_weight":"21940","measure":"510"},{"pi_detail_no":"4","sales_detail_div":"3","product_cd":"000112","description":"Description Mobile Photoelectric colorimeter Model AP-1000M with standard accessories Mobile Photoelectric colorimeter M","qty":"10","unit_of_m_div":"002","unit_price":"10","amount":"100","detail_tax":"5","unit_measure_qty":"888","unit_measure_price":"001","outside_remarks":"","unit_net_weight":"11212.13","unit_net_weight_div":"001","net_weight":"112121.3","unit_gross_weight":"16543.5","gross_weight":"165435","measure":"8880"},{"pi_detail_no":"5","sales_detail_div":"0","product_cd":"0004","description":"Description Mobile Photoelectric colorimeter Model AP-1000M with standard accessories Mobile Photoelectric colorimeter M","qty":"10","unit_of_m_div":"001","unit_price":"10","amount":"100","detail_tax":"5","unit_measure_qty":"10","unit_measure_price":"001","outside_remarks":"","unit_net_weight":"10","unit_net_weight_div":"001","net_weight":"100","unit_gross_weight":"10","gross_weight":"100","measure":"100"},{"pi_detail_no":"6","sales_detail_div":"0","product_cd":"000115","description":"Description Mobile Photoelectric colorimeter Model AP-1000M with standard accessories Mobile Photoelectric colorimeter M","qty":"10","unit_of_m_div":"002","unit_price":"10","amount":"100","detail_tax":"5","unit_measure_qty":"999.99","unit_measure_price":"001","outside_remarks":"","unit_net_weight":"-99999.12","unit_net_weight_div":"","net_weight":"-999991.2","unit_gross_weight":"28451.11","gross_weight":"284511.1","measure":"9999.9"}]','60','001','472103.1','001','-731071.9','001','19689.9','001','12900','10','0','0','12910','Around 3 weeks after receipt of payment','008','Japan','APEL CO.,LTD.','This Proforma invoice is valid for 3 weeks from the date of  issue.','- If a consulate visa is required, the related fees should be paid by the buyer.','- In case of transport by air and/or container, FOB, C&F and CIF in this proforma invoice','shall be respectively equivalent to FCA, CPT and CIP stipulated in Incoterms 2000.','- In the even that the dollar (euro)falls against the Japanese yen by more than 5% from','the rate of proforma invoice date, the prices will not be effective.','Other Conditions 6','*** Warranty period after shipment***','3 years: PD-303, BR-501','1 year: AP-120, AP-1000M, PD-303S, PD-3000UV, BR-5200, BR-5200P, HC-702','Other Conditions 10','001','','','001_pi-detail','';
2018-01-25 16:34:52 EXEC SPC_001_PI_DETAIL_INQ1 'RT-131217001';
2018-01-25 16:34:53 EXEC SPC_COM_GET_COMBOBOX 'unit_w_div';
2018-01-25 16:34:53 EXEC SPC_COM_GET_COMBOBOX 'unit_m_div';
2018-01-25 16:34:53 EXEC SPC_GET_TAX_RATE '2013/12/17';
2018-01-25 16:34:53 EXEC SPC_COM_GET_COMBOBOX 'sales_detail_div';
2018-01-25 16:34:53 EXEC SPC_COM_GET_COMBOBOX 'unit_q_div';
2018-01-25 16:34:55 EXEC SPC_001_PI_DETAIL_ACT3 'RT-131217001','','','001_pi-detail','';
2018-01-25 16:34:57 EXEC SPC_001_PI_DETAIL_INQ1 'RT-131217001';
2018-01-25 16:34:58 EXEC SPC_COM_GET_COMBOBOX 'unit_q_div';
2018-01-25 16:34:58 EXEC SPC_COM_GET_COMBOBOX 'unit_m_div';
2018-01-25 16:34:58 EXEC SPC_GET_TAX_RATE '2013/12/17';
2018-01-25 16:34:58 EXEC SPC_COM_GET_COMBOBOX 'unit_w_div';
2018-01-25 16:34:58 EXEC SPC_COM_GET_COMBOBOX 'sales_detail_div';
2018-01-25 16:35:00 EXEC SPC_GET_CONSTANT '';
2018-01-25 16:35:00 EXEC SPC_003_PI_EXCEL_INQ1 'RT-131217001','','003_pi-excel','';
2018-01-25 16:42:17 EXEC SPC_GET_CONSTANT '';
2018-01-25 16:42:17 EXEC SPC_003_PI_EXCEL_INQ1 'RT-131217001','','003_pi-excel','';
2018-01-25 16:45:15 EXEC SPC_GET_CONSTANT '';
2018-01-25 16:45:15 EXEC SPC_003_PI_EXCEL_INQ1 'RT-131217001','','003_pi-excel','';
2018-01-25 16:45:41 EXEC SPC_GET_CONSTANT '';
2018-01-25 16:45:41 EXEC SPC_003_PI_EXCEL_INQ1 'RT-131217001','','003_pi-excel','';
2018-01-25 16:46:20 EXEC SPC_001_PI_DETAIL_ACT4 'RT-131217001','','','001_pi-detail','';
2018-01-25 16:46:21 EXEC SPC_001_PI_DETAIL_INQ1 'RT-131217001';
2018-01-25 16:46:22 EXEC SPC_GET_TAX_RATE '2013/12/17';
2018-01-25 16:46:24 EXEC SPC_COM_GET_COMBOBOX 'sales_detail_div';
2018-01-25 16:46:24 EXEC SPC_COM_GET_COMBOBOX 'unit_q_div';
2018-01-25 16:46:24 EXEC SPC_COM_GET_COMBOBOX 'unit_w_div';
2018-01-25 16:46:35 EXEC SPC_001_PI_DETAIL_ACT1 'A','RT-131217001','10','2013/12/17','F0262','ALCAPORT TRADE','No. 9A Chopin Street, Ideal Subdivision','Commonwealth Avenue, Philippines 1118','1118','040','PH','632-585-6516','632-962-5436','','ALCAPORT TRADE ASIA','No. 9A Chopin Street, Ideal Subdivision','Commonwealth Avenue, Philippines 1118','1118','040','PH','632-585-6516','632-962-5436','VietNam','Manila','Singapo','MADE IN JAPAN','Standard Export Carton','02','USD','060','01','04','040','PH','01','Advance payment','[{"pi_detail_no":"1","sales_detail_div":"0","product_cd":"10003","description":"Digital Photoelectric Colorimeter Model AP-120 with standard accessories","qty":"10","unit_of_m_div":"001","unit_price":"500","amount":"5000","detail_tax":"250","unit_measure_qty":"10","unit_measure_price":"001","outside_remarks":"","unit_net_weight":"10","unit_net_weight_div":"001","net_weight":"100","unit_gross_weight":"10","gross_weight":"100","measure":"100"},{"pi_detail_no":"2","sales_detail_div":"0","product_cd":"10001","description":"Mobile Photoelectric colorimeter Model AP-1000M with standard accessories","qty":"10","unit_of_m_div":"001","unit_price":"750","amount":"7500","detail_tax":"375","unit_measure_qty":"10","unit_measure_price":"001","outside_remarks":"","unit_net_weight":"0.8","unit_net_weight_div":"001","net_weight":"8","unit_gross_weight":"1.7","gross_weight":"17","measure":"100"},{"pi_detail_no":"3","sales_detail_div":"0","product_cd":"000111","description":"Description Mobile Photoelectric colorimeter Model AP-1000M with standard accessories Mobile Photoelectric colorimeter M","qty":"10","unit_of_m_div":"003","unit_price":"10","amount":"100","detail_tax":"5","unit_measure_qty":"51","unit_measure_price":"001","outside_remarks":"","unit_net_weight":"15659","unit_net_weight_div":"001","net_weight":"156590","unit_gross_weight":"2194","gross_weight":"21940","measure":"510"},{"pi_detail_no":"4","sales_detail_div":"3","product_cd":"000112","description":"Description Mobile Photoelectric colorimeter Model AP-1000M with standard accessories Mobile Photoelectric colorimeter M","qty":"10","unit_of_m_div":"002","unit_price":"10","amount":"100","detail_tax":"5","unit_measure_qty":"888","unit_measure_price":"001","outside_remarks":"","unit_net_weight":"11212.13","unit_net_weight_div":"001","net_weight":"112121.3","unit_gross_weight":"16543.5","gross_weight":"165435","measure":"8880"},{"pi_detail_no":"5","sales_detail_div":"0","product_cd":"0004","description":"Description Mobile Photoelectric colorimeter Model AP-1000M with standard accessories Mobile Photoelectric colorimeter M","qty":"10","unit_of_m_div":"001","unit_price":"10","amount":"100","detail_tax":"5","unit_measure_qty":"10","unit_measure_price":"001","outside_remarks":"","unit_net_weight":"10","unit_net_weight_div":"001","net_weight":"100","unit_gross_weight":"10","gross_weight":"100","measure":"100"},{"pi_detail_no":"6","sales_detail_div":"0","product_cd":"000115","description":"Description Mobile Photoelectric colorimeter Model AP-1000M with standard accessories Mobile Photoelectric colorimeter M","qty":"10","unit_of_m_div":"002","unit_price":"10","amount":"100","detail_tax":"5","unit_measure_qty":"999.99","unit_measure_price":"001","outside_remarks":"","unit_net_weight":"-99999.12","unit_net_weight_div":"","net_weight":"-999991.2","unit_gross_weight":"28451.11","gross_weight":"284511.1","measure":"9999.9"}]','60','001','472103.1','001','-731071.9','001','19689.9','001','12900','20','20','0','12940','Around 3 weeks after receipt of payment','008','Japan','APEL CO.,LTD.','This Proforma invoice is valid for 3 weeks from the date of  issue.','- If a consulate visa is required, the related fees should be paid by the buyer.','- In case of transport by air and/or container, FOB, C&F and CIF in this proforma invoice','shall be respectively equivalent to FCA, CPT and CIP stipulated in Incoterms 2000.','- In the even that the dollar (euro)falls against the Japanese yen by more than 5% from','the rate of proforma invoice date, the prices will not be effective.','Other Conditions 6','*** Warranty period after shipment***','3 years: PD-303, BR-501','1 year: AP-120, AP-1000M, PD-303S, PD-3000UV, BR-5200, BR-5200P, HC-702','Other Conditions 10','001','','','001_pi-detail','';
2018-01-25 16:46:36 EXEC SPC_001_PI_DETAIL_INQ1 'RT-131217001';
2018-01-25 16:46:36 EXEC SPC_COM_GET_COMBOBOX 'sales_detail_div';
2018-01-25 16:46:36 EXEC SPC_COM_GET_COMBOBOX 'unit_m_div';
2018-01-25 16:46:36 EXEC SPC_COM_GET_COMBOBOX 'unit_w_div';
2018-01-25 16:46:36 EXEC SPC_COM_GET_COMBOBOX 'unit_q_div';
2018-01-25 16:46:37 EXEC SPC_GET_TAX_RATE '2013/12/17';
2018-01-25 16:46:39 EXEC SPC_001_PI_DETAIL_ACT3 'RT-131217001','','','001_pi-detail','';
2018-01-25 16:46:40 EXEC SPC_001_PI_DETAIL_INQ1 'RT-131217001';
2018-01-25 16:46:41 EXEC SPC_COM_GET_COMBOBOX 'unit_m_div';
2018-01-25 16:46:41 EXEC SPC_GET_TAX_RATE '2013/12/17';
2018-01-25 16:46:41 EXEC SPC_COM_GET_COMBOBOX 'sales_detail_div';
2018-01-25 16:46:41 EXEC SPC_COM_GET_COMBOBOX 'unit_w_div';
2018-01-25 16:46:41 EXEC SPC_COM_GET_COMBOBOX 'unit_q_div';
2018-01-25 16:46:44 EXEC SPC_GET_CONSTANT '';
2018-01-25 16:46:44 EXEC SPC_003_PI_EXCEL_INQ1 'RT-131217001','','003_pi-excel','';
2018-01-25 16:48:02 EXEC SPC_GET_CONSTANT '';
2018-01-25 16:48:02 EXEC SPC_003_PI_EXCEL_INQ1 'RT-131217001','','003_pi-excel','';
2018-01-25 16:48:38 EXEC SPC_GET_CONSTANT '';
2018-01-25 16:48:38 EXEC SPC_003_PI_EXCEL_INQ1 'RT-131217001','','003_pi-excel','';
2018-01-25 16:51:15 EXEC SPC_COM_GET_COMBOBOX 'port_city_div';
2018-01-25 16:51:15 EXEC SPC_COM_GET_COMBOBOX 'payment_conditions_div';
2018-01-25 16:51:15 EXEC SPC_COM_GET_COMBOBOX 'shipment_div';
2018-01-25 16:51:15 EXEC SPC_COM_GET_COMBOBOX 'port_country_div';
2018-01-25 16:51:15 EXEC SPC_COM_GET_COMBOBOX 'trade_terms_div';
2018-01-25 16:51:16 EXEC SPC_COM_GET_COMBOBOX 'currency_div';
2018-01-25 16:51:16 EXEC SPC_COM_GET_COMBOBOX 'bank_div';
2018-01-25 16:51:16 EXEC SPC_COM_GET_COMBOBOX 'unit_m_div';
2018-01-25 16:51:16 EXEC SPC_COM_GET_COMBOBOX 'sales_detail_div';
2018-01-25 16:51:16 EXEC SPC_COM_GET_COMBOBOX 'unit_w_div';
2018-01-25 16:51:16 EXEC SPC_COM_GET_COMBOBOX 'unit_q_div';
2018-01-25 16:51:16 EXEC SPC_GET_TAX_RATE '2018/01/25';
2018-01-25 16:51:16 EXEC SPC_001_PI_DETAIL_INQ1 'RT-131217001';
2018-01-25 16:51:17 EXEC SPC_COM_GET_COMBOBOX 'sales_detail_div';
2018-01-25 16:51:17 EXEC SPC_COM_GET_COMBOBOX 'unit_m_div';
2018-01-25 16:51:17 EXEC SPC_COM_GET_COMBOBOX 'unit_w_div';
2018-01-25 16:51:17 EXEC SPC_COM_GET_COMBOBOX 'unit_q_div';
2018-01-25 16:51:17 EXEC SPC_GET_TAX_RATE '2013/12/17';
2018-01-25 16:51:24 EXEC SPC_001_PI_DETAIL_ACT1 'A','RT-131217001','20','2013/12/17','F0262','ALCAPORT TRADE','No. 9A Chopin Street, Ideal Subdivision','Commonwealth Avenue, Philippines 1118','1118','040','PH','632-585-6516','632-962-5436','','ALCAPORT TRADE ASIA','No. 9A Chopin Street, Ideal Subdivision','Commonwealth Avenue, Philippines 1118','1118','040','PH','632-585-6516','632-962-5436','VietNam','Manila','Singapo','MADE IN JAPAN','Standard Export Carton','02','USD','060','01','04','040','PH','01','Advance payment','[{"pi_detail_no":"1","sales_detail_div":"0","product_cd":"10003","description":"Digital Photoelectric Colorimeter Model AP-120 with standard accessories","qty":"10","unit_of_m_div":"001","unit_price":"500","amount":"5000","detail_tax":"250","unit_measure_qty":"10","unit_measure_price":"001","outside_remarks":"","unit_net_weight":"10","unit_net_weight_div":"001","net_weight":"100","unit_gross_weight":"10","gross_weight":"100","measure":"100"},{"pi_detail_no":"2","sales_detail_div":"0","product_cd":"10001","description":"Mobile Photoelectric colorimeter Model AP-1000M with standard accessories","qty":"10","unit_of_m_div":"001","unit_price":"750","amount":"7500","detail_tax":"375","unit_measure_qty":"10","unit_measure_price":"001","outside_remarks":"","unit_net_weight":"0.8","unit_net_weight_div":"001","net_weight":"8","unit_gross_weight":"1.7","gross_weight":"17","measure":"100"},{"pi_detail_no":"3","sales_detail_div":"0","product_cd":"000111","description":"Description Mobile Photoelectric colorimeter Model AP-1000M with standard accessories Mobile Photoelectric colorimeter M","qty":"10","unit_of_m_div":"003","unit_price":"10","amount":"100","detail_tax":"5","unit_measure_qty":"51","unit_measure_price":"001","outside_remarks":"","unit_net_weight":"15659","unit_net_weight_div":"001","net_weight":"156590","unit_gross_weight":"2194","gross_weight":"21940","measure":"510"},{"pi_detail_no":"4","sales_detail_div":"3","product_cd":"000112","description":"Description Mobile Photoelectric colorimeter Model AP-1000M with standard accessories Mobile Photoelectric colorimeter M","qty":"10","unit_of_m_div":"002","unit_price":"10","amount":"100","detail_tax":"5","unit_measure_qty":"888","unit_measure_price":"001","outside_remarks":"","unit_net_weight":"11212.13","unit_net_weight_div":"001","net_weight":"112121.3","unit_gross_weight":"16543.5","gross_weight":"165435","measure":"8880"},{"pi_detail_no":"5","sales_detail_div":"0","product_cd":"0004","description":"Description Mobile Photoelectric colorimeter Model AP-1000M with standard accessories Mobile Photoelectric colorimeter M","qty":"10","unit_of_m_div":"001","unit_price":"10","amount":"100","detail_tax":"5","unit_measure_qty":"10","unit_measure_price":"001","outside_remarks":"","unit_net_weight":"10","unit_net_weight_div":"001","net_weight":"100","unit_gross_weight":"10","gross_weight":"100","measure":"100"},{"pi_detail_no":"6","sales_detail_div":"0","product_cd":"000115","description":"Description Mobile Photoelectric colorimeter Model AP-1000M with standard accessories Mobile Photoelectric colorimeter M","qty":"10","unit_of_m_div":"002","unit_price":"10","amount":"100","detail_tax":"5","unit_measure_qty":"999.99","unit_measure_price":"001","outside_remarks":"","unit_net_weight":"-99999.12","unit_net_weight_div":"","net_weight":"-999991.2","unit_gross_weight":"28451.11","gross_weight":"284511.1","measure":"9999.9"}]','60','001','472103.1','001','-731071.9','001','19689.9','001','12900','20','20','0','12940','Around 3 weeks after receipt of payment','008','Japan','APEL CO.,LTD.','This Proforma invoice is valid for 3 weeks from the date of  issue.','- If a consulate visa is required, the related fees should be paid by the buyer.','- In case of transport by air and/or container, FOB, C&F and CIF in this proforma invoice','shall be respectively equivalent to FCA, CPT and CIP stipulated in Incoterms 2000.','- In the even that the dollar (euro)falls against the Japanese yen by more than 5% from','the rate of proforma invoice date, the prices will not be effective.','Other Conditions 6','*** Warranty period after shipment***','3 years: PD-303, BR-501','1 year: AP-120, AP-1000M, PD-303S, PD-3000UV, BR-5200, BR-5200P, HC-702','Other Conditions 10','001','社内用備考','','001_pi-detail','';
2018-01-25 16:51:26 EXEC SPC_001_PI_DETAIL_INQ1 'RT-131217001';
2018-01-25 16:51:26 EXEC SPC_COM_GET_COMBOBOX 'sales_detail_div';
2018-01-25 16:51:26 EXEC SPC_COM_GET_COMBOBOX 'unit_m_div';
2018-01-25 16:51:26 EXEC SPC_COM_GET_COMBOBOX 'unit_w_div';
2018-01-25 16:51:26 EXEC SPC_GET_TAX_RATE '2013/12/17';
2018-01-25 16:51:26 EXEC SPC_COM_GET_COMBOBOX 'unit_q_div';
2018-01-25 16:51:32 EXEC SPC_001_PI_DETAIL_ACT4 'RT-131217001','','','001_pi-detail','';
2018-01-25 16:51:33 EXEC SPC_001_PI_DETAIL_INQ1 'RT-131217001';
2018-01-25 16:51:34 EXEC SPC_COM_GET_COMBOBOX 'sales_detail_div';
2018-01-25 16:51:34 EXEC SPC_COM_GET_COMBOBOX 'unit_m_div';
2018-01-25 16:51:34 EXEC SPC_GET_TAX_RATE '2013/12/17';
2018-01-25 16:51:34 EXEC SPC_COM_GET_COMBOBOX 'unit_q_div';
2018-01-25 16:51:34 EXEC SPC_COM_GET_COMBOBOX 'unit_w_div';
2018-01-25 16:51:49 EXEC SPC_001_PI_DETAIL_ACT1 'A','RT-131217001','20','2013/12/17','F0262','ALCAPORT TRADE','No. 9A Chopin Street, Ideal Subdivision','Commonwealth Avenue, Philippines 1118','1118','040','PH','632-585-6516','632-962-5436','','ALCAPORT TRADE ASIA','No. 9A Chopin Street, Ideal Subdivision','Commonwealth Avenue, Philippines 1118','1118','040','PH','632-585-6516','632-962-5436','VietNam','Manila','Singapo','MADE IN JAPAN','Standard Export Carton','02','USD','060','01','04','040','PH','01','Advance payment','[{"pi_detail_no":"1","sales_detail_div":"0","product_cd":"10003","description":"Digital Photoelectric Colorimeter Model AP-120 with standard accessories","qty":"10","unit_of_m_div":"001","unit_price":"500","amount":"5000","detail_tax":"250","unit_measure_qty":"10","unit_measure_price":"001","outside_remarks":"","unit_net_weight":"10","unit_net_weight_div":"001","net_weight":"100","unit_gross_weight":"10","gross_weight":"100","measure":"100"},{"pi_detail_no":"2","sales_detail_div":"0","product_cd":"10001","description":"Mobile Photoelectric colorimeter Model AP-1000M with standard accessories","qty":"10","unit_of_m_div":"001","unit_price":"750","amount":"7500","detail_tax":"375","unit_measure_qty":"10","unit_measure_price":"001","outside_remarks":"","unit_net_weight":"0.8","unit_net_weight_div":"001","net_weight":"8","unit_gross_weight":"1.7","gross_weight":"17","measure":"100"},{"pi_detail_no":"3","sales_detail_div":"0","product_cd":"000111","description":"Description Mobile Photoelectric colorimeter Model AP-1000M with standard accessories Mobile Photoelectric colorimeter M","qty":"10","unit_of_m_div":"003","unit_price":"10","amount":"100","detail_tax":"5","unit_measure_qty":"51","unit_measure_price":"001","outside_remarks":"","unit_net_weight":"15659","unit_net_weight_div":"001","net_weight":"156590","unit_gross_weight":"2194","gross_weight":"21940","measure":"510"},{"pi_detail_no":"4","sales_detail_div":"3","product_cd":"000112","description":"Description Mobile Photoelectric colorimeter Model AP-1000M with standard accessories Mobile Photoelectric colorimeter M","qty":"10","unit_of_m_div":"002","unit_price":"10","amount":"100","detail_tax":"5","unit_measure_qty":"888","unit_measure_price":"001","outside_remarks":"","unit_net_weight":"11212.13","unit_net_weight_div":"001","net_weight":"112121.3","unit_gross_weight":"16543.5","gross_weight":"165435","measure":"8880"},{"pi_detail_no":"5","sales_detail_div":"0","product_cd":"0004","description":"Description Mobile Photoelectric colorimeter Model AP-1000M with standard accessories Mobile Photoelectric colorimeter M","qty":"10","unit_of_m_div":"001","unit_price":"10","amount":"100","detail_tax":"5","unit_measure_qty":"10","unit_measure_price":"001","outside_remarks":"","unit_net_weight":"10","unit_net_weight_div":"001","net_weight":"100","unit_gross_weight":"10","gross_weight":"100","measure":"100"},{"pi_detail_no":"6","sales_detail_div":"0","product_cd":"000115","description":"Description Mobile Photoelectric colorimeter Model AP-1000M with standard accessories Mobile Photoelectric colorimeter M","qty":"10","unit_of_m_div":"002","unit_price":"10","amount":"100","detail_tax":"5","unit_measure_qty":"999.99","unit_measure_price":"001","outside_remarks":"","unit_net_weight":"-99999.12","unit_net_weight_div":"","net_weight":"-999991.2","unit_gross_weight":"28451.11","gross_weight":"284511.1","measure":"9999.9"}]','60','001','472103.1','001','-731071.9','001','19689.9','001','12900','20','20','0','12940','Around 3 weeks after receipt of payment','008','Japan','APEL CO.,LTD.','This Proforma invoice is valid for 3 weeks from the date of  issue.','- If a consulate visa is required, the related fees should be paid by the buyer.','- In case of transport by air and/or container, FOB, C&F and CIF in this proforma invoice','shall be respectively equivalent to FCA, CPT and CIP stipulated in Incoterms 2000.','- In the even that the dollar (euro)falls against the Japanese yen by more than 5% from','the rate of proforma invoice date, the prices will not be effective.','Other Conditions 6','*** Warranty period after shipment***','3 years: PD-303, BR-501','1 year: AP-120, AP-1000M, PD-303S, PD-3000UV, BR-5200, BR-5200P, HC-702','Other Conditions 10','001','as','','001_pi-detail','';
2018-01-25 16:51:55 EXEC SPC_001_PI_DETAIL_INQ1 'RT-131217001';
2018-01-25 16:51:56 EXEC SPC_COM_GET_COMBOBOX 'unit_m_div';
2018-01-25 16:51:56 EXEC SPC_COM_GET_COMBOBOX 'unit_w_div';
2018-01-25 16:51:56 EXEC SPC_GET_TAX_RATE '2013/12/17';
2018-01-25 16:51:56 EXEC SPC_COM_GET_COMBOBOX 'sales_detail_div';
2018-01-25 16:51:56 EXEC SPC_COM_GET_COMBOBOX 'unit_q_div';
2018-01-25 16:52:02 EXEC SPC_001_PI_DETAIL_ACT3 'RT-131217001','','','001_pi-detail','';
2018-01-25 16:52:03 EXEC SPC_001_PI_DETAIL_INQ1 'RT-131217001';
2018-01-25 16:52:03 EXEC SPC_GET_TAX_RATE '2013/12/17';
2018-01-25 16:52:03 EXEC SPC_COM_GET_COMBOBOX 'unit_q_div';
2018-01-25 16:52:03 EXEC SPC_COM_GET_COMBOBOX 'unit_w_div';
2018-01-25 16:52:03 EXEC SPC_COM_GET_COMBOBOX 'sales_detail_div';
2018-01-25 16:52:03 EXEC SPC_COM_GET_COMBOBOX 'unit_m_div';
2018-01-25 16:52:06 EXEC SPC_001_PI_DETAIL_ACT3 'RT-131217001','as','','001_pi-detail','';
2018-01-25 16:52:11 EXEC SPC_COM_GET_COMBOBOX 'payment_conditions_div';
2018-01-25 16:52:11 EXEC SPC_COM_GET_COMBOBOX 'port_country_div';
2018-01-25 16:52:11 EXEC SPC_COM_GET_COMBOBOX 'port_city_div';
2018-01-25 16:52:11 EXEC SPC_COM_GET_COMBOBOX 'trade_terms_div';
2018-01-25 16:52:11 EXEC SPC_COM_GET_COMBOBOX 'currency_div';
2018-01-25 16:52:11 EXEC SPC_COM_GET_COMBOBOX 'shipment_div';
2018-01-25 16:52:11 EXEC SPC_COM_GET_COMBOBOX 'unit_w_div';
2018-01-25 16:52:12 EXEC SPC_COM_GET_COMBOBOX 'unit_m_div';
2018-01-25 16:52:12 EXEC SPC_COM_GET_COMBOBOX 'bank_div';
2018-01-25 16:52:12 EXEC SPC_COM_GET_COMBOBOX 'sales_detail_div';
2018-01-25 16:52:12 EXEC SPC_COM_GET_COMBOBOX 'unit_q_div';
2018-01-25 16:52:12 EXEC SPC_GET_TAX_RATE '2018/01/25';
2018-01-25 16:52:12 EXEC SPC_001_PI_DETAIL_INQ1 'RT-131217001';
2018-01-25 16:52:13 EXEC SPC_COM_GET_COMBOBOX 'sales_detail_div';
2018-01-25 16:52:13 EXEC SPC_COM_GET_COMBOBOX 'unit_q_div';
2018-01-25 16:52:13 EXEC SPC_COM_GET_COMBOBOX 'unit_m_div';
2018-01-25 16:52:13 EXEC SPC_COM_GET_COMBOBOX 'unit_w_div';
2018-01-25 16:52:13 EXEC SPC_GET_TAX_RATE '2013/12/17';
2018-01-25 16:52:20 EXEC SPC_001_PI_DETAIL_ACT4 'RT-131217001','社内用備考','','001_pi-detail','';
2018-01-25 16:52:21 EXEC SPC_001_PI_DETAIL_INQ1 'RT-131217001';
2018-01-25 16:52:21 EXEC SPC_GET_TAX_RATE '2013/12/17';
2018-01-25 16:52:21 EXEC SPC_COM_GET_COMBOBOX 'unit_m_div';
2018-01-25 16:52:21 EXEC SPC_COM_GET_COMBOBOX 'unit_w_div';
2018-01-25 16:52:21 EXEC SPC_COM_GET_COMBOBOX 'sales_detail_div';
2018-01-25 16:52:21 EXEC SPC_COM_GET_COMBOBOX 'unit_q_div';
2018-01-25 16:52:24 EXEC SPC_COM_GET_COMBOBOX 'currency_div';
ns_div';
2018-01-25 16:52:24 EXEC SPC_COM_GET_COMBOBOX 'trade_terms_div';
2018-01-25 16:52:24 EXEC SPC_COM_GET_COMBOBOX 'shipment_div';
2018-01-25 16:52:24 EXEC SPC_COM_GET_COMBOBOX 'port_country_div';
2018-01-25 16:52:24 EXEC SPC_COM_GET_COMBOBOX 'port_city_div';
2018-01-25 16:52:25 EXEC SPC_COM_GET_COMBOBOX 'unit_m_div';
2018-01-25 16:52:25 EXEC SPC_COM_GET_COMBOBOX 'sales_detail_div';
2018-01-25 16:52:25 EXEC SPC_COM_GET_COMBOBOX 'unit_q_div';
2018-01-25 16:52:25 EXEC SPC_COM_GET_COMBOBOX 'unit_w_div';
2018-01-25 16:52:25 EXEC SPC_COM_GET_COMBOBOX 'bank_div';
2018-01-25 16:52:25 EXEC SPC_GET_TAX_RATE '2018/01/25';
2018-01-25 16:52:25 EXEC SPC_001_PI_DETAIL_INQ1 'RT-131217001';
2018-01-25 16:52:26 EXEC SPC_COM_GET_COMBOBOX 'unit_w_div';
2018-01-25 16:52:26 EXEC SPC_COM_GET_COMBOBOX 'sales_detail_div';
2018-01-25 16:52:26 EXEC SPC_COM_GET_COMBOBOX 'unit_m_div';
2018-01-25 16:52:26 EXEC SPC_COM_GET_COMBOBOX 'unit_q_div';
2018-01-25 16:52:26 EXEC SPC_GET_TAX_RATE '2013/12/17';
2018-01-25 16:52:38 EXEC SPC_001_PI_DETAIL_ACT3 'RT-131217001','社内用備考','','001_pi-detail','';
2018-01-25 16:52:39 EXEC SPC_001_PI_DETAIL_INQ1 'RT-131217001';
2018-01-25 16:52:40 EXEC SPC_GET_TAX_RATE '2013/12/17';
2018-01-25 16:52:40 EXEC SPC_COM_GET_COMBOBOX 'sales_detail_div';
2018-01-25 16:52:40 EXEC SPC_COM_GET_COMBOBOX 'unit_w_div';
2018-01-25 16:52:40 EXEC SPC_COM_GET_COMBOBOX 'unit_q_div';
2018-01-25 16:52:40 EXEC SPC_COM_GET_COMBOBOX 'unit_m_div';
2018-01-25 16:52:43 EXEC SPC_COM_GET_COMBOBOX 'trade_terms_div';
2018-01-25 16:52:43 EXEC SPC_COM_GET_COMBOBOX 'port_country_div';
2018-01-25 16:52:43 EXEC SPC_COM_GET_COMBOBOX 'payment_conditions_div';
2018-01-25 16:52:43 EXEC SPC_COM_GET_COMBOBOX 'port_city_div';
2018-01-25 16:52:43 EXEC SPC_COM_GET_COMBOBOX 'currency_div';
2018-01-25 16:52:43 EXEC SPC_COM_GET_COMBOBOX 'shipment_div';
2018-01-25 16:52:44 EXEC SPC_COM_GET_COMBOBOX 'sales_detail_div';
2018-01-25 16:52:44 EXEC SPC_COM_GET_COMBOBOX 'unit_w_div';
2018-01-25 16:52:44 EXEC SPC_COM_GET_COMBOBOX 'unit_q_div';
2018-01-25 16:52:44 EXEC SPC_COM_GET_COMBOBOX 'bank_div';
2018-01-25 16:52:44 EXEC SPC_COM_GET_COMBOBOX 'unit_m_div';
2018-01-25 16:52:44 EXEC SPC_GET_TAX_RATE '2018/01/25';
2018-01-25 16:52:44 EXEC SPC_001_PI_DETAIL_INQ1 'RT-131217001';
2018-01-25 16:52:45 EXEC SPC_COM_GET_COMBOBOX 'sales_detail_div';
2018-01-25 16:52:45 EXEC SPC_GET_TAX_RATE '2013/12/17';
2018-01-25 16:52:45 EXEC SPC_COM_GET_COMBOBOX 'unit_m_div';
2018-01-25 16:52:45 EXEC SPC_COM_GET_COMBOBOX 'unit_q_div';
2018-01-25 16:52:45 EXEC SPC_COM_GET_COMBOBOX 'unit_w_div';
2018-01-25 16:52:51 EXEC SPC_001_PI_DETAIL_ACT4 'RT-131217001','','','001_pi-detail','';
2018-01-25 16:52:52 EXEC SPC_001_PI_DETAIL_INQ1 'RT-131217001';
2018-01-25 16:52:52 EXEC SPC_COM_GET_COMBOBOX 'unit_m_div';
2018-01-25 16:52:52 EXEC SPC_COM_GET_COMBOBOX 'unit_w_div';
2018-01-25 16:52:52 EXEC SPC_COM_GET_COMBOBOX 'sales_detail_div';
2018-01-25 16:52:52 EXEC SPC_GET_TAX_RATE '2013/12/17';
2018-01-25 16:52:52 EXEC SPC_COM_GET_COMBOBOX 'unit_q_div';
2018-01-25 16:52:59 EXEC SPC_001_PI_DETAIL_ACT4 'RT-131217001','社内用備考','','001_pi-detail','';
2018-01-25 16:53:19 EXEC SPC_001_PI_DETAIL_ACT1 'A','RT-131217001','20','2013/12/17','F0262','ALCAPORT TRADE','No. 9A Chopin Street, Ideal Subdivision','Commonwealth Avenue, Philippines 1118','1118','040','PH','632-585-6516','632-962-5436','','ALCAPORT TRADE ASIA','No. 9A Chopin Street, Ideal Subdivision','Commonwealth Avenue, Philippines 1118','1118','040','PH','632-585-6516','632-962-5436','VietNam','Manila','Singapo','MADE IN JAPAN','Standard Export Carton','02','USD','060','01','04','040','PH','01','Advance payment','[{"pi_detail_no":"1","sales_detail_div":"0","product_cd":"10003","description":"Digital Photoelectric Colorimeter Model AP-120 with standard accessories","qty":"10","unit_of_m_div":"001","unit_price":"500","amount":"5000","detail_tax":"250","unit_measure_qty":"10","unit_measure_price":"001","outside_remarks":"","unit_net_weight":"10","unit_net_weight_div":"001","net_weight":"100","unit_gross_weight":"10","gross_weight":"100","measure":"100"},{"pi_detail_no":"2","sales_detail_div":"0","product_cd":"10001","description":"Mobile Photoelectric colorimeter Model AP-1000M with standard accessories","qty":"10","unit_of_m_div":"001","unit_price":"750","amount":"7500","detail_tax":"375","unit_measure_qty":"10","unit_measure_price":"001","outside_remarks":"","unit_net_weight":"0.8","unit_net_weight_div":"001","net_weight":"8","unit_gross_weight":"1.7","gross_weight":"17","measure":"100"},{"pi_detail_no":"3","sales_detail_div":"0","product_cd":"000111","description":"Description Mobile Photoelectric colorimeter Model AP-1000M with standard accessories Mobile Photoelectric colorimeter M","qty":"10","unit_of_m_div":"003","unit_price":"10","amount":"100","detail_tax":"5","unit_measure_qty":"51","unit_measure_price":"001","outside_remarks":"","unit_net_weight":"15659","unit_net_weight_div":"001","net_weight":"156590","unit_gross_weight":"2194","gross_weight":"21940","measure":"510"},{"pi_detail_no":"4","sales_detail_div":"3","product_cd":"000112","description":"Description Mobile Photoelectric colorimeter Model AP-1000M with standard accessories Mobile Photoelectric colorimeter M","qty":"10","unit_of_m_div":"002","unit_price":"10","amount":"100","detail_tax":"5","unit_measure_qty":"888","unit_measure_price":"001","outside_remarks":"","unit_net_weight":"11212.13","unit_net_weight_div":"001","net_weight":"112121.3","unit_gross_weight":"16543.5","gross_weight":"165435","measure":"8880"},{"pi_detail_no":"5","sales_detail_div":"0","product_cd":"0004","description":"Description Mobile Photoelectric colorimeter Model AP-1000M with standard accessories Mobile Photoelectric colorimeter M","qty":"10","unit_of_m_div":"001","unit_price":"10","amount":"100","detail_tax":"5","unit_measure_qty":"10","unit_measure_price":"001","outside_remarks":"","unit_net_weight":"10","unit_net_weight_div":"001","net_weight":"100","unit_gross_weight":"10","gross_weight":"100","measure":"100"},{"pi_detail_no":"6","sales_detail_div":"0","product_cd":"000115","description":"Description Mobile Photoelectric colorimeter Model AP-1000M with standard accessories Mobile Photoelectric colorimeter M","qty":"10","unit_of_m_div":"002","unit_price":"10","amount":"100","detail_tax":"5","unit_measure_qty":"999.99","unit_measure_price":"001","outside_remarks":"","unit_net_weight":"-99999.12","unit_net_weight_div":"","net_weight":"-999991.2","unit_gross_weight":"28451.11","gross_weight":"284511.1","measure":"9999.9"}]','60','001','472103.1','001','-731071.9','001','19689.9','001','12900','20','20','0','12940','Around 3 weeks after receipt of payment','008','Japan','APEL CO.,LTD.','This Proforma invoice is valid for 3 weeks from the date of  issue.','- If a consulate visa is required, the related fees should be paid by the buyer.','- In case of transport by air and/or container, FOB, C&F and CIF in this proforma invoice','shall be respectively equivalent to FCA, CPT and CIP stipulated in Incoterms 2000.','- In the even that the dollar (euro)falls against the Japanese yen by more than 5% from','the rate of proforma invoice date, the prices will not be effective.','Other Conditions 6','*** Warranty period after shipment***','3 years: PD-303, BR-501','1 year: AP-120, AP-1000M, PD-303S, PD-3000UV, BR-5200, BR-5200P, HC-702','Other Conditions 10','001','社内用備考','','001_pi-detail','';
2018-01-25 16:53:21 EXEC SPC_001_PI_DETAIL_INQ1 'RT-131217001';
2018-01-25 16:53:21 EXEC SPC_GET_TAX_RATE '2013/12/17';
2018-01-25 16:53:22 EXEC SPC_COM_GET_COMBOBOX 'unit_q_div';
2018-01-25 16:53:22 EXEC SPC_COM_GET_COMBOBOX 'sales_detail_div';
2018-01-25 16:53:22 EXEC SPC_COM_GET_COMBOBOX 'unit_m_div';
2018-01-25 16:53:22 EXEC SPC_COM_GET_COMBOBOX 'unit_w_div';
2018-01-25 16:53:29 EXEC SPC_COM_GET_COMBOBOX 'trade_terms_div';
2018-01-25 16:53:29 EXEC SPC_COM_GET_COMBOBOX 'port_country_div';
2018-01-25 16:53:29 EXEC SPC_COM_GET_COMBOBOX 'shipment_div';
2018-01-25 16:53:29 EXEC SPC_COM_GET_COMBOBOX 'currency_div';
2018-01-25 16:53:29 EXEC SPC_COM_GET_COMBOBOX 'port_city_div';
2018-01-25 16:53:29 EXEC SPC_COM_GET_COMBOBOX 'payment_conditions_div';
2018-01-25 16:53:29 EXEC SPC_COM_GET_COMBOBOX 'unit_q_div';
2018-01-25 16:53:29 EXEC SPC_COM_GET_COMBOBOX 'unit_w_div';
2018-01-25 16:53:29 EXEC SPC_COM_GET_COMBOBOX 'sales_detail_div';
2018-01-25 16:53:29 EXEC SPC_COM_GET_COMBOBOX 'bank_div';
2018-01-25 16:53:29 EXEC SPC_COM_GET_COMBOBOX 'unit_m_div';
2018-01-25 16:53:29 EXEC SPC_GET_TAX_RATE '2018/01/25';
2018-01-25 16:53:30 EXEC SPC_001_PI_DETAIL_INQ1 'RT-131217001';
2018-01-25 16:53:30 EXEC SPC_COM_GET_COMBOBOX 'unit_m_div';
2018-01-25 16:53:31 EXEC SPC_COM_GET_COMBOBOX 'sales_detail_div';
2018-01-25 16:53:31 EXEC SPC_COM_GET_COMBOBOX 'unit_q_div';
2018-01-25 16:53:31 EXEC SPC_COM_GET_COMBOBOX 'unit_w_div';
2018-01-25 16:53:31 EXEC SPC_GET_TAX_RATE '2013/12/17';
2018-01-25 16:53:50 EXEC SPC_001_PI_DETAIL_ACT3 'RT-131217001','','','001_pi-detail','';
2018-01-25 16:53:51 EXEC SPC_001_PI_DETAIL_INQ1 'RT-131217001';
2018-01-25 16:53:51 EXEC SPC_GET_TAX_RATE '2013/12/17';
2018-01-25 16:53:51 EXEC SPC_COM_GET_COMBOBOX 'unit_q_div';
2018-01-25 16:53:51 EXEC SPC_COM_GET_COMBOBOX 'unit_m_div';
2018-01-25 16:53:51 EXEC SPC_COM_GET_COMBOBOX 'unit_w_div';
2018-01-25 16:53:52 EXEC SPC_COM_GET_COMBOBOX 'sales_detail_div';
2018-01-25 16:53:56 EXEC SPC_001_PI_DETAIL_ACT1 'A','RT-131217001','10','2013/12/17','F0262','ALCAPORT TRADE','No. 9A Chopin Street, Ideal Subdivision','Commonwealth Avenue, Philippines 1118','1118','040','PH','632-585-6516','632-962-5436','','ALCAPORT TRADE ASIA','No. 9A Chopin Street, Ideal Subdivision','Commonwealth Avenue, Philippines 1118','1118','040','PH','632-585-6516','632-962-5436','VietNam','Manila','Singapo','MADE IN JAPAN','Standard Export Carton','02','USD','060','01','04','040','PH','01','Advance payment','[{"pi_detail_no":"1","sales_detail_div":"0","product_cd":"10003","description":"Digital Photoelectric Colorimeter Model AP-120 with standard accessories","qty":"10","unit_of_m_div":"001","unit_price":"500","amount":"5000","detail_tax":"250","unit_measure_qty":"10","unit_measure_price":"001","outside_remarks":"","unit_net_weight":"10","unit_net_weight_div":"001","net_weight":"100","unit_gross_weight":"10","gross_weight":"100","measure":"100"},{"pi_detail_no":"2","sales_detail_div":"0","product_cd":"10001","description":"Mobile Photoelectric colorimeter Model AP-1000M with standard accessories","qty":"10","unit_of_m_div":"001","unit_price":"750","amount":"7500","detail_tax":"375","unit_measure_qty":"10","unit_measure_price":"001","outside_remarks":"","unit_net_weight":"0.8","unit_net_weight_div":"001","net_weight":"8","unit_gross_weight":"1.7","gross_weight":"17","measure":"100"},{"pi_detail_no":"3","sales_detail_div":"0","product_cd":"000111","description":"Description Mobile Photoelectric colorimeter Model AP-1000M with standard accessories Mobile Photoelectric colorimeter M","qty":"10","unit_of_m_div":"003","unit_price":"10","amount":"100","detail_tax":"5","unit_measure_qty":"51","unit_measure_price":"001","outside_remarks":"","unit_net_weight":"15659","unit_net_weight_div":"001","net_weight":"156590","unit_gross_weight":"2194","gross_weight":"21940","measure":"510"},{"pi_detail_no":"4","sales_detail_div":"3","product_cd":"000112","description":"Description Mobile Photoelectric colorimeter Model AP-1000M with standard accessories Mobile Photoelectric colorimeter M","qty":"10","unit_of_m_div":"002","unit_price":"10","amount":"100","detail_tax":"5","unit_measure_qty":"888","unit_measure_price":"001","outside_remarks":"","unit_net_weight":"11212.13","unit_net_weight_div":"001","net_weight":"112121.3","unit_gross_weight":"16543.5","gross_weight":"165435","measure":"8880"},{"pi_detail_no":"5","sales_detail_div":"0","product_cd":"0004","description":"Description Mobile Photoelectric colorimeter Model AP-1000M with standard accessories Mobile Photoelectric colorimeter M","qty":"10","unit_of_m_div":"001","unit_price":"10","amount":"100","detail_tax":"5","unit_measure_qty":"10","unit_measure_price":"001","outside_remarks":"","unit_net_weight":"10","unit_net_weight_div":"001","net_weight":"100","unit_gross_weight":"10","gross_weight":"100","measure":"100"},{"pi_detail_no":"6","sales_detail_div":"0","product_cd":"000115","description":"Description Mobile Photoelectric colorimeter Model AP-1000M with standard accessories Mobile Photoelectric colorimeter M","qty":"10","unit_of_m_div":"002","unit_price":"10","amount":"100","detail_tax":"5","unit_measure_qty":"999.99","unit_measure_price":"001","outside_remarks":"","unit_net_weight":"-99999.12","unit_net_weight_div":"","net_weight":"-999991.2","unit_gross_weight":"28451.11","gross_weight":"284511.1","measure":"9999.9"}]','60','001','472103.1','001','-731071.9','001','19689.9','001','12900','20','20','0','12940','Around 3 weeks after receipt of payment','008','Japan','APEL CO.,LTD.','This Proforma invoice is valid for 3 weeks from the date of  issue.','- If a consulate visa is required, the related fees should be paid by the buyer.','- In case of transport by air and/or container, FOB, C&F and CIF in this proforma invoice','shall be respectively equivalent to FCA, CPT and CIP stipulated in Incoterms 2000.','- In the even that the dollar (euro)falls against the Japanese yen by more than 5% from','the rate of proforma invoice date, the prices will not be effective.','Other Conditions 6','*** Warranty period after shipment***','3 years: PD-303, BR-501','1 year: AP-120, AP-1000M, PD-303S, PD-3000UV, BR-5200, BR-5200P, HC-702','Other Conditions 10','001','社内用備考','','001_pi-detail','';
2018-01-25 16:54:07 EXEC SPC_COM_GET_COMBOBOX 'payment_conditions_div';
2018-01-25 16:54:07 EXEC SPC_COM_GET_COMBOBOX 'shipment_div';
2018-01-25 16:54:07 EXEC SPC_COM_GET_COMBOBOX 'port_country_div';
2018-01-25 16:54:07 EXEC SPC_COM_GET_COMBOBOX 'currency_div';
2018-01-25 16:54:07 EXEC SPC_COM_GET_COMBOBOX 'trade_terms_div';
2018-01-25 16:54:07 EXEC SPC_COM_GET_COMBOBOX 'port_city_div';
2018-01-25 16:54:07 EXEC SPC_COM_GET_COMBOBOX 'unit_w_div';
2018-01-25 16:54:07 EXEC SPC_COM_GET_COMBOBOX 'unit_q_div';
2018-01-25 16:54:07 EXEC SPC_COM_GET_COMBOBOX 'sales_detail_div';
2018-01-25 16:54:07 EXEC SPC_COM_GET_COMBOBOX 'unit_m_div';
2018-01-25 16:54:08 EXEC SPC_GET_TAX_RATE '2018/01/25';
2018-01-25 16:54:08 EXEC SPC_COM_GET_COMBOBOX 'bank_div';
2018-01-25 16:54:08 EXEC SPC_001_PI_DETAIL_INQ1 'RT-131217001';
2018-01-25 16:54:09 EXEC SPC_COM_GET_COMBOBOX 'sales_detail_div';
2018-01-25 16:54:09 EXEC SPC_COM_GET_COMBOBOX 'unit_w_div';
2018-01-25 16:54:09 EXEC SPC_GET_TAX_RATE '2013/12/17';
2018-01-25 16:54:09 EXEC SPC_COM_GET_COMBOBOX 'unit_m_div';
2018-01-25 16:54:09 EXEC SPC_COM_GET_COMBOBOX 'unit_q_div';
2018-01-25 16:54:24 EXEC SPC_001_PI_DETAIL_ACT4 'RT-131217001','','','001_pi-detail','';
2018-01-25 16:54:25 EXEC SPC_001_PI_DETAIL_INQ1 'RT-131217001';
2018-01-25 16:54:26 EXEC SPC_GET_TAX_RATE '2013/12/17';
2018-01-25 16:54:26 EXEC SPC_COM_GET_COMBOBOX 'sales_detail_div';
2018-01-25 16:54:26 EXEC SPC_COM_GET_COMBOBOX 'unit_m_div';
2018-01-25 16:54:26 EXEC SPC_COM_GET_COMBOBOX 'unit_w_div';
2018-01-25 16:54:26 EXEC SPC_COM_GET_COMBOBOX 'unit_q_div';
2018-01-25 16:54:32 EXEC SPC_COM_GET_COMBOBOX 'port_country_div';
iv';
2018-01-25 16:54:32 EXEC SPC_COM_GET_COMBOBOX 'trade_terms_div';
2018-01-25 16:54:32 EXEC SPC_COM_GET_COMBOBOX 'port_city_div';
2018-01-25 16:54:32 EXEC SPC_COM_GET_COMBOBOX 'currency_div';
2018-01-25 16:54:32 EXEC SPC_COM_GET_COMBOBOX 'shipment_div';
2018-01-25 16:54:32 EXEC SPC_COM_GET_COMBOBOX 'unit_w_div';
2018-01-25 16:54:32 EXEC SPC_COM_GET_COMBOBOX 'unit_q_div';
2018-01-25 16:54:32 EXEC SPC_COM_GET_COMBOBOX 'sales_detail_div';
2018-01-25 16:54:32 EXEC SPC_COM_GET_COMBOBOX 'unit_m_div';
2018-01-25 16:54:32 EXEC SPC_COM_GET_COMBOBOX 'bank_div';
2018-01-25 16:54:32 EXEC SPC_GET_TAX_RATE '2018/01/25';
2018-01-25 16:54:33 EXEC SPC_001_PI_DETAIL_INQ1 'RT-131217001';
2018-01-25 16:54:33 EXEC SPC_COM_GET_COMBOBOX 'unit_m_div';
2018-01-25 16:54:33 EXEC SPC_COM_GET_COMBOBOX 'sales_detail_div';
2018-01-25 16:54:33 EXEC SPC_COM_GET_COMBOBOX 'unit_w_div';
2018-01-25 16:54:33 EXEC SPC_COM_GET_COMBOBOX 'unit_q_div';
2018-01-25 16:54:35 EXEC SPC_001_PI_DETAIL_ACT3 'RT-131217001','','','001_pi-detail','';
2018-01-25 16:54:36 EXEC SPC_001_PI_DETAIL_INQ1 'RT-131217001';
2018-01-25 16:54:36 EXEC SPC_COM_GET_COMBOBOX 'unit_w_div';
2018-01-25 16:54:36 EXEC SPC_GET_TAX_RATE '2013/12/17';
2018-01-25 16:54:36 EXEC SPC_COM_GET_COMBOBOX 'unit_q_div';
2018-01-25 16:54:36 EXEC SPC_COM_GET_COMBOBOX 'sales_detail_div';
2018-01-25 16:54:36 EXEC SPC_COM_GET_COMBOBOX 'unit_m_div';
2018-01-25 16:54:42 EXEC SPC_001_PI_DETAIL_ACT1 'A','RT-131217001','10','2013/12/17','F0262','ALCAPORT TRADE','No. 9A Chopin Street, Ideal Subdivision','Commonwealth Avenue, Philippines 1118','1118','040','PH','632-585-6516','632-962-5436','','ALCAPORT TRADE ASIA','No. 9A Chopin Street, Ideal Subdivision','Commonwealth Avenue, Philippines 1118','1118','040','PH','632-585-6516','632-962-5436','VietNam','Manila','Singapo','MADE IN JAPAN','Standard Export Carton','02','USD','060','01','04','040','PH','01','Advance payment','[{"pi_detail_no":"1","sales_detail_div":"0","product_cd":"10003","description":"Digital Photoelectric Colorimeter Model AP-120 with standard accessories","qty":"10","unit_of_m_div":"001","unit_price":"500","amount":"5000","detail_tax":"250","unit_measure_qty":"10","unit_measure_price":"001","outside_remarks":"","unit_net_weight":"10","unit_net_weight_div":"001","net_weight":"100","unit_gross_weight":"10","gross_weight":"100","measure":"100"},{"pi_detail_no":"2","sales_detail_div":"0","product_cd":"10001","description":"Mobile Photoelectric colorimeter Model AP-1000M with standard accessories","qty":"10","unit_of_m_div":"001","unit_price":"750","amount":"7500","detail_tax":"375","unit_measure_qty":"10","unit_measure_price":"001","outside_remarks":"","unit_net_weight":"0.8","unit_net_weight_div":"001","net_weight":"8","unit_gross_weight":"1.7","gross_weight":"17","measure":"100"},{"pi_detail_no":"3","sales_detail_div":"0","product_cd":"000111","description":"Description Mobile Photoelectric colorimeter Model AP-1000M with standard accessories Mobile Photoelectric colorimeter M","qty":"10","unit_of_m_div":"003","unit_price":"10","amount":"100","detail_tax":"5","unit_measure_qty":"51","unit_measure_price":"001","outside_remarks":"","unit_net_weight":"15659","unit_net_weight_div":"001","net_weight":"156590","unit_gross_weight":"2194","gross_weight":"21940","measure":"510"},{"pi_detail_no":"4","sales_detail_div":"3","product_cd":"000112","description":"Description Mobile Photoelectric colorimeter Model AP-1000M with standard accessories Mobile Photoelectric colorimeter M","qty":"10","unit_of_m_div":"002","unit_price":"10","amount":"100","detail_tax":"5","unit_measure_qty":"888","unit_measure_price":"001","outside_remarks":"","unit_net_weight":"11212.13","unit_net_weight_div":"001","net_weight":"112121.3","unit_gross_weight":"16543.5","gross_weight":"165435","measure":"8880"},{"pi_detail_no":"5","sales_detail_div":"0","product_cd":"0004","description":"Description Mobile Photoelectric colorimeter Model AP-1000M with standard accessories Mobile Photoelectric colorimeter M","qty":"10","unit_of_m_div":"001","unit_price":"10","amount":"100","detail_tax":"5","unit_measure_qty":"10","unit_measure_price":"001","outside_remarks":"","unit_net_weight":"10","unit_net_weight_div":"001","net_weight":"100","unit_gross_weight":"10","gross_weight":"100","measure":"100"},{"pi_detail_no":"6","sales_detail_div":"0","product_cd":"000115","description":"Description Mobile Photoelectric colorimeter Model AP-1000M with standard accessories Mobile Photoelectric colorimeter M","qty":"10","unit_of_m_div":"002","unit_price":"10","amount":"100","detail_tax":"5","unit_measure_qty":"999.99","unit_measure_price":"001","outside_remarks":"","unit_net_weight":"-99999.12","unit_net_weight_div":"","net_weight":"-999991.2","unit_gross_weight":"28451.11","gross_weight":"284511.1","measure":"9999.9"}]','60','001','472103.1','001','-731071.9','001','19689.9','001','12900','20','20','0','12940','Around 3 weeks after receipt of payment','008','Japan','APEL CO.,LTD.','This Proforma invoice is valid for 3 weeks from the date of  issue.','- If a consulate visa is required, the related fees should be paid by the buyer.','- In case of transport by air and/or container, FOB, C&F and CIF in this proforma invoice','shall be respectively equivalent to FCA, CPT and CIP stipulated in Incoterms 2000.','- In the even that the dollar (euro)falls against the Japanese yen by more than 5% from','the rate of proforma invoice date, the prices will not be effective.','Other Conditions 6','*** Warranty period after shipment***','3 years: PD-303, BR-501','1 year: AP-120, AP-1000M, PD-303S, PD-3000UV, BR-5200, BR-5200P, HC-702','Other Conditions 10','001','','','001_pi-detail','';
2018-01-25 16:55:28 EXEC SPC_COM_GET_COMBOBOX 'port_city_div';
2018-01-25 16:55:28 EXEC SPC_COM_GET_COMBOBOX 'port_country_div';
2018-01-25 16:55:28 EXEC SPC_COM_GET_COMBOBOX 'currency_div';
2018-01-25 16:55:28 EXEC SPC_COM_GET_COMBOBOX 'shipment_div';
2018-01-25 16:55:28 EXEC SPC_COM_GET_COMBOBOX 'payment_conditions_div';
2018-01-25 16:55:28 EXEC SPC_COM_GET_COMBOBOX 'trade_terms_div';
2018-01-25 16:55:29 EXEC SPC_COM_GET_COMBOBOX 'unit_m_div';
2018-01-25 16:55:29 EXEC SPC_COM_GET_COMBOBOX 'sales_detail_div';
2018-01-25 16:55:29 EXEC SPC_COM_GET_COMBOBOX 'unit_w_div';
2018-01-25 16:55:29 EXEC SPC_COM_GET_COMBOBOX 'bank_div';
2018-01-25 16:55:29 EXEC SPC_GET_TAX_RATE '2018/01/25';
2018-01-25 16:55:29 EXEC SPC_001_PI_DETAIL_INQ1 'RT-131217001';
2018-01-25 16:55:30 EXEC SPC_COM_GET_COMBOBOX 'sales_detail_div';
2018-01-25 16:55:30 EXEC SPC_COM_GET_COMBOBOX 'unit_q_div';
2018-01-25 16:55:30 EXEC SPC_GET_TAX_RATE '2013/12/17';
2018-01-25 16:55:30 EXEC SPC_COM_GET_COMBOBOX 'unit_m_div';
2018-01-25 16:55:30 EXEC SPC_COM_GET_COMBOBOX 'unit_w_div';
2018-01-25 16:58:24 EXEC SPC_GET_CONSTANT '';
2018-01-25 16:58:24 EXEC SPC_003_PI_EXCEL_INQ1 'RT-131217001','','003_pi-excel','';
2018-01-25 17:02:36 EXEC SPC_GET_CONSTANT '';
2018-01-25 17:02:36 EXEC SPC_003_PI_EXCEL_INQ1 'RT-131217001','','003_pi-excel','';
2018-01-25 17:13:33 EXEC SPC_COM_GET_COMBOBOX 'pi_status_div';
2018-01-25 17:13:40 EXEC SPC_002_PI_SEARCH_FND1 '','','','','','','','20','1','10';
2018-01-25 17:13:46 EXEC SPC_002_PI_SEARCH_FND1 '','','','','','','','20','2','10';
2018-01-25 17:13:48 EXEC SPC_002_PI_SEARCH_FND1 '','','','','','','','20','3','10';
2018-01-25 17:13:51 EXEC SPC_GET_CONSTANT '';
2018-01-25 17:13:52 EXEC SPC_003_PI_EXCEL_INQ1 'RT-131216001','','003_pi-excel','';
2018-01-25 17:13:52 EXEC SPC_003_PI_EXCEL_INQ1 'RT-131216002','','003_pi-excel','';
2018-01-25 17:13:53 EXEC SPC_003_PI_EXCEL_INQ1 'RT-131217001','','003_pi-excel','';
2018-01-25 17:25:13 EXEC SPC_GET_CONSTANT '';
2018-01-25 17:25:13 EXEC SPC_003_PI_EXCEL_INQ1 'RT-131217001','','003_pi-excel','';
2018-01-25 17:44:19 EXEC SPC_GET_CONSTANT '';
2018-01-25 17:44:19 EXEC SPC_003_PI_EXCEL_INQ1 'RT-131217001','','003_pi-excel','';
2018-01-25 18:02:09 EXEC SPC_073_LOGIN_ACT1 '812','812';
2018-01-25 18:02:09 EXEC SPC_GET_CONSTANT '';
2018-01-25 18:02:15 EXEC SPC_COM_GET_COMBOBOX 'port_country_div';
2018-01-25 18:02:16 EXEC SPC_COM_GET_COMBOBOX 'unit_q_div';
2018-01-25 18:02:16 EXEC SPC_COM_GET_COMBOBOX 'unit_w_div';
2018-01-25 18:02:16 EXEC SPC_COM_GET_COMBOBOX 'port_city_div';
2018-01-25 18:02:16 EXEC SPC_COM_GET_COMBOBOX 'shipment_div';
2018-01-25 18:02:16 EXEC SPC_COM_GET_COMBOBOX 'payment_conditions_div';
2018-01-25 18:02:16 EXEC SPC_COM_GET_COMBOBOX 'currency_div';
2018-01-25 18:02:17 EXEC SPC_COM_GET_COMBOBOX 'trade_terms_div';
2018-01-25 18:02:17 EXEC SPC_COM_GET_COMBOBOX 'unit_m_div';
2018-01-25 18:02:17 EXEC SPC_COM_GET_COMBOBOX 'sales_detail_div';
2018-01-25 18:02:17 EXEC SPC_GET_TAX_RATE '2018/01/25';
2018-01-25 18:02:17 EXEC SPC_COM_GET_COMBOBOX 'bank_div';
2018-01-25 18:02:19 EXEC SPC_001_PI_DETAIL_INQ1 'RT-180125001';
2018-01-25 18:02:19 EXEC SPC_COM_GET_COMBOBOX 'unit_q_div';
2018-01-25 18:02:19 EXEC SPC_COM_GET_COMBOBOX 'unit_w_div';
2018-01-25 18:02:19 EXEC SPC_COM_GET_COMBOBOX 'unit_m_div';
2018-01-25 18:02:19 EXEC SPC_GET_TAX_RATE '2018/01/25';
2018-01-25 18:02:19 EXEC SPC_COM_GET_COMBOBOX 'sales_detail_div';
2018-01-25 18:02:23 EXEC SPC_GET_CONSTANT '';
2018-01-25 18:02:23 EXEC SPC_003_PI_EXCEL_INQ1 'RT-180125001','812','003_pi-excel','192.168.5.206';
2018-01-25 18:04:51 EXEC SPC_GET_CONSTANT '';
2018-01-25 18:04:51 EXEC SPC_003_PI_EXCEL_INQ1 'RT-180125001','812','003_pi-excel','192.168.5.206';
2018-01-25 18:07:47 EXEC SPC_GET_CONSTANT '';
2018-01-25 18:07:47 EXEC SPC_003_PI_EXCEL_INQ1 'RT-180125001','812','003_pi-excel','192.168.5.206';
2018-01-25 18:10:13 EXEC SPC_GET_CONSTANT '';
2018-01-25 18:10:13 EXEC SPC_003_PI_EXCEL_INQ1 'RT-180125001','812','003_pi-excel','192.168.5.206';
2018-01-25 18:11:38 EXEC SPC_GET_CONSTANT '';
2018-01-25 18:11:38 EXEC SPC_003_PI_EXCEL_INQ1 'RT-180125001','812','003_pi-excel','192.168.5.206';
2018-01-25 18:20:22 EXEC SPC_GET_CONSTANT '';
2018-01-25 18:20:22 EXEC SPC_003_PI_EXCEL_INQ1 'RT-180125001','812','003_pi-excel','192.168.5.206';
2018-01-25 18:21:40 EXEC SPC_GET_CONSTANT '';
2018-01-25 18:21:40 EXEC SPC_003_PI_EXCEL_INQ1 'RT-180125001','812','003_pi-excel','192.168.5.206';
2018-01-25 18:23:48 EXEC SPC_GET_CONSTANT '';
2018-01-25 18:23:48 EXEC SPC_003_PI_EXCEL_INQ1 'RT-180125001','812','003_pi-excel','192.168.5.206';
2018-01-25 18:24:43 EXEC SPC_GET_CONSTANT '';
2018-01-25 18:24:43 EXEC SPC_003_PI_EXCEL_INQ1 'RT-180125001','812','003_pi-excel','192.168.5.206';
2018-01-25 18:34:26 EXEC SPC_GET_CONSTANT '';
2018-01-25 18:34:26 EXEC SPC_003_PI_EXCEL_INQ1 'RT-180125001','812','003_pi-excel','192.168.5.206';
2018-01-25 18:39:56 EXEC SPC_GET_CONSTANT '';
2018-01-25 18:39:56 EXEC SPC_003_PI_EXCEL_INQ1 'RT-180125001','812','003_pi-excel','192.168.5.206';
2018-01-25 18:40:40 EXEC SPC_GET_CONSTANT '';
2018-01-25 18:40:40 EXEC SPC_003_PI_EXCEL_INQ1 'RT-180125001','812','003_pi-excel','192.168.5.206';
2018-01-25 18:44:47 EXEC SPC_GET_CONSTANT '';
2018-01-25 18:44:47 EXEC SPC_003_PI_EXCEL_INQ1 'RT-180125001','812','003_pi-excel','192.168.5.206';
2018-01-25 18:46:08 EXEC SPC_GET_CONSTANT '';
2018-01-25 18:46:08 EXEC SPC_003_PI_EXCEL_INQ1 'RT-180125001','812','003_pi-excel','192.168.5.206';
2018-01-25 18:49:35 EXEC SPC_GET_CONSTANT '';
2018-01-25 18:49:35 EXEC SPC_003_PI_EXCEL_INQ1 'RT-180125001','812','003_pi-excel','192.168.5.206';
2018-01-25 18:51:02 EXEC SPC_GET_CONSTANT '';
2018-01-25 18:51:02 EXEC SPC_003_PI_EXCEL_INQ1 'RT-180125001','812','003_pi-excel','192.168.5.206';
2018-01-25 18:53:01 EXEC SPC_GET_CONSTANT '';
2018-01-25 18:53:01 EXEC SPC_003_PI_EXCEL_INQ1 'RT-180125001','812','003_pi-excel','192.168.5.206';
2018-01-25 18:54:17 EXEC SPC_GET_CONSTANT '';
2018-01-25 18:54:17 EXEC SPC_003_PI_EXCEL_INQ1 'RT-180125001','812','003_pi-excel','192.168.5.206';
2018-01-25 18:59:22 EXEC SPC_GET_CONSTANT '';
2018-01-25 18:59:22 EXEC SPC_003_PI_EXCEL_INQ1 'RT-180125001','812','003_pi-excel','192.168.5.206';
2018-01-25 19:01:18 EXEC SPC_GET_CONSTANT '';
2018-01-25 19:01:18 EXEC SPC_003_PI_EXCEL_INQ1 'RT-180125001','812','003_pi-excel','192.168.5.206';
2018-01-25 19:08:44 EXEC SPC_GET_CONSTANT '';
2018-01-25 19:08:44 EXEC SPC_003_PI_EXCEL_INQ1 'RT-180125001','812','003_pi-excel','192.168.5.206';
2018-01-25 19:15:03 EXEC SPC_GET_CONSTANT '';
2018-01-25 19:15:03 EXEC SPC_003_PI_EXCEL_INQ1 'RT-180125001','812','003_pi-excel','192.168.5.206';
2018-01-25 19:21:59 EXEC SPC_GET_CONSTANT '';
2018-01-25 19:21:59 EXEC SPC_003_PI_EXCEL_INQ1 'RT-180125001','812','003_pi-excel','192.168.5.206';
2018-01-25 19:25:28 EXEC SPC_GET_CONSTANT '';
2018-01-25 19:25:28 EXEC SPC_003_PI_EXCEL_INQ1 'RT-180125001','812','003_pi-excel','192.168.5.206';
2018-01-25 19:25:58 EXEC SPC_GET_CONSTANT '';
2018-01-25 19:25:58 EXEC SPC_003_PI_EXCEL_INQ1 'RT-180125001','812','003_pi-excel','192.168.5.206';
2018-01-25 19:29:42 EXEC SPC_GET_CONSTANT '';
2018-01-25 19:29:42 EXEC SPC_003_PI_EXCEL_INQ1 'RT-180125001','812','003_pi-excel','192.168.5.206';
2018-01-25 19:39:36 EXEC SPC_COM_GET_COMBOBOX 'currency_div';
2018-01-25 19:39:36 EXEC SPC_COM_GET_COMBOBOX 'port_country_div';
2018-01-25 19:39:36 EXEC SPC_COM_GET_COMBOBOX 'payment_conditions_div';
2018-01-25 19:39:36 EXEC SPC_COM_GET_COMBOBOX 'shipment_div';
2018-01-25 19:39:36 EXEC SPC_COM_GET_COMBOBOX 'trade_terms_div';
2018-01-25 19:39:36 EXEC SPC_COM_GET_COMBOBOX 'port_city_div';
2018-01-25 19:39:37 EXEC SPC_COM_GET_COMBOBOX 'bank_div';
2018-01-25 19:39:38 EXEC SPC_GET_CONSTANT '';
2018-01-25 19:39:38 EXEC SPC_003_PI_EXCEL_INQ1 'RT-180125001','812','003_pi-excel','192.168.5.206';
