2018-05-11 10:25:16 EXEC SPC_COM_GET_COMBOBOX 'production_status_div';
2018-05-11 10:25:16 EXEC SPC_COM_GET_COMBOBOX 'outsourcing_div';
2018-05-11 10:25:16 EXEC SPC_COM_GET_COMBOBOX 'done_div';
2018-05-11 10:25:31 EXEC SPC_COM_GET_COMBOBOX 'done_div';
2018-05-11 10:25:31 EXEC SPC_COM_GET_COMBOBOX 'production_status_div';
2018-05-11 10:25:31 EXEC SPC_COM_GET_COMBOBOX 'outsourcing_div';
2018-05-11 10:25:50 EXEC SPC_073_LOGIN_ACT1 '001','123456';
2018-05-11 10:25:50 EXEC SPC_GET_CONSTANT '';
2018-05-11 10:33:01 EXEC SPC_COM_GET_COMBOBOX 'outsourcing_div';
2018-05-11 10:33:01 EXEC SPC_COM_GET_COMBOBOX 'done_div';
2018-05-11 10:33:01 EXEC SPC_COM_GET_COMBOBOX 'production_status_div';
2018-05-11 10:33:47 EXEC SPC_027_MANUFACTURING_INSTRUCTION_SEARCH_FND1 '','','','','','','','','','','1','10';
2018-05-11 10:36:31 EXEC SPC_027_MANUFACTURING_INSTRUCTION_SEARCH_FND1 '','','','','','','','','','0','1','10';
2018-05-11 10:36:33 EXEC SPC_027_MANUFACTURING_INSTRUCTION_SEARCH_FND1 '','','','','','','','','','0','1','10';
2018-05-11 10:36:34 EXEC SPC_027_MANUFACTURING_INSTRUCTION_SEARCH_FND1 '','','','','','','','','','0','1','10';
2018-05-11 10:36:44 EXEC SPC_027_MANUFACTURING_INSTRUCTION_SEARCH_FND1 '','','','','','','','','','','1','10';
2018-05-11 10:43:28 EXEC SPC_COM_GET_COMBOBOX 'outsourcing_div';
2018-05-11 10:43:29 EXEC SPC_COM_GET_COMBOBOX 'done_div';
2018-05-11 10:43:29 EXEC SPC_COM_GET_COMBOBOX 'production_status_div';
2018-05-11 10:43:32 EXEC SPC_COM_GET_COMBOBOX 'production_status_div';
2018-05-11 10:43:32 EXEC SPC_COM_GET_COMBOBOX 'done_div';
2018-05-11 10:43:32 EXEC SPC_COM_GET_COMBOBOX 'outsourcing_div';
2018-05-11 16:22:48 EXEC SPC_COM_GET_COMBOBOX 'production_status_div';
2018-05-11 16:22:49 EXEC SPC_COM_GET_COMBOBOX 'outsourcing_div';
2018-05-11 16:22:49 EXEC SPC_COM_GET_COMBOBOX 'done_div';
2018-05-11 16:27:00 EXEC SPC_027_MANUFACTURING_INSTRUCTION_SEARCH_FND1 '','','','','','','','','','','1','10';
2018-05-11 16:52:22 EXEC SPC_GET_TAX_RATE '2018/05/11';
2018-05-11 20:08:24 EXEC SPC_073_LOGIN_ACT1 '','';
2018-05-11 20:08:36 EXEC SPC_073_LOGIN_ACT1 '111','1111';
2018-05-11 20:15:22 EXEC SPC_073_LOGIN_ACT1 '111','1111';
2018-05-11 20:16:12 EXEC SPC_073_LOGIN_ACT1 '0002','password';
2018-05-11 20:16:12 EXEC SPC_GET_CONSTANT '';
2018-05-11 20:18:19 EXEC SPC_COM_GET_COMBOBOX 'port_city_div';
2018-05-11 20:18:20 EXEC SPC_COM_GET_COMBOBOX 'unit_q_div';
2018-05-11 20:18:20 EXEC SPC_COM_GET_COMBOBOX 'unit_w_div';
2018-05-11 20:18:21 EXEC SPC_COM_GET_COMBOBOX 'unit_m_div';
2018-05-11 20:18:21 EXEC SPC_COM_GET_COMBOBOX 'sales_detail_div';
2018-05-11 20:18:21 EXEC SPC_COM_GET_COMBOBOX 'port_country_div';
2018-05-11 20:18:21 EXEC SPC_COM_GET_COMBOBOX 'shipment_div';
2018-05-11 20:18:21 EXEC SPC_COM_GET_COMBOBOX 'trade_terms_div';
2018-05-11 20:18:21 EXEC SPC_COM_GET_COMBOBOX 'currency_div';
2018-05-11 20:18:21 EXEC SPC_GET_TAX_RATE '2018/05/11';
2018-05-11 20:20:01 EXEC SPC_COM_GET_COMBOBOX 'port_city_div';
2018-05-11 20:20:01 EXEC SPC_COM_GET_COMBOBOX 'currency_div';
2018-05-11 20:20:01 EXEC SPC_COM_GET_COMBOBOX 'port_country_div';
2018-05-11 20:20:01 EXEC SPC_COM_GET_COMBOBOX 'shipment_div';
2018-05-11 20:20:01 EXEC SPC_COM_GET_COMBOBOX 'trade_terms_div';
2018-05-11 20:20:01 EXEC SPC_COM_GET_COMBOBOX 'payment_conditions_div';
2018-05-11 20:20:02 EXEC SPC_COM_GET_COMBOBOX 'sales_detail_div';
2018-05-11 20:20:02 EXEC SPC_GET_TAX_RATE '2018/05/11';
2018-05-11 20:20:02 EXEC SPC_COM_GET_COMBOBOX 'unit_m_div';
2018-05-11 20:20:02 EXEC SPC_COM_GET_COMBOBOX 'unit_w_div';
2018-05-11 20:20:02 EXEC SPC_COM_GET_COMBOBOX 'unit_q_div';
2018-05-11 20:20:02 EXEC SPC_COM_GET_COMBOBOX 'storage_manager_div';
2018-05-11 20:20:11 EXEC SPC_GET_LIB_CITY_COUNTRY '123';
2018-05-11 20:20:19 EXEC SPC_GET_LIB_CITY_COUNTRY '1';
2018-05-11 20:20:23 EXEC SPC_GET_LIB_CITY_COUNTRY '112';
2018-05-11 20:23:34 EXEC SPC_COUNTRY_SEARCH '','','1','10';
2018-05-11 20:23:45 EXEC SPC_COM_GET_COMBOBOX 'forwarding_way_div';
2018-05-11 20:23:45 EXEC SPC_COM_GET_COMBOBOX 'forwarding_div';
2018-05-11 20:23:45 EXEC SPC_COM_GET_COMBOBOX 'packing_method_div';
2018-05-11 20:23:45 EXEC SPC_COM_GET_COMBOBOX 'forwarder_div';
2018-05-11 20:23:45 EXEC SPC_COM_GET_COMBOBOX 'forwarding_warehouse_div';
2018-05-11 20:23:58 EXEC SPC_055_SUPPLIERS_MASTER_SEARCH_FND1 '','','','','','','0','0','0','1','10';
2018-05-11 20:24:17 EXEC SPC_COM_GET_COMBOBOX 'packing_method_div';
2018-05-11 20:24:17 EXEC SPC_COM_GET_COMBOBOX 'forwarder_div';
2018-05-11 20:24:17 EXEC SPC_COM_GET_COMBOBOX 'forwarding_warehouse_div';
2018-05-11 20:24:17 EXEC SPC_COM_GET_COMBOBOX 'forwarding_way_div';
2018-05-11 20:24:17 EXEC SPC_COM_GET_COMBOBOX 'forwarding_div';
2018-05-11 20:25:20 EXEC SPC_COM_GET_COMBOBOX 'shipment_div';
2018-05-11 20:25:20 EXEC SPC_COM_GET_COMBOBOX 'port_city_div';
2018-05-11 20:25:20 EXEC SPC_COM_GET_COMBOBOX 'trade_terms_div';
2018-05-11 20:25:20 EXEC SPC_COM_GET_COMBOBOX 'port_country_div';
2018-05-11 20:25:20 EXEC SPC_COM_GET_COMBOBOX 'currency_div';
2018-05-11 20:25:21 EXEC SPC_COM_GET_COMBOBOX 'unit_w_div';
2018-05-11 20:25:21 EXEC SPC_COM_GET_COMBOBOX 'unit_m_div';
2018-05-11 20:25:21 EXEC SPC_COM_GET_COMBOBOX 'sales_detail_div';
2018-05-11 20:25:21 EXEC SPC_COM_GET_COMBOBOX 'storage_manager_div';
2018-05-11 20:25:21 EXEC SPC_COM_GET_COMBOBOX 'unit_q_div';
2018-05-11 20:25:21 EXEC SPC_GET_TAX_RATE '2018/05/11';
2018-05-11 20:25:24 EXEC SPC_COM_GET_COMBOBOX 'payment_conditions_div';
2018-05-11 20:25:26 EXEC SPC_COM_GET_COMBOBOX 'inv_data_div';
2018-05-11 20:25:43 EXEC SPC_COM_GET_COMBOBOX 'inv_data_div';
2018-05-11 20:30:16 EXEC SPC_COM_GET_COMBOBOX 'shipment_div';
2018-05-11 20:30:16 EXEC SPC_COM_GET_COMBOBOX 'currency_div';
2018-05-11 20:30:16 EXEC SPC_COM_GET_COMBOBOX 'port_country_div';
2018-05-11 20:30:16 EXEC SPC_COM_GET_COMBOBOX 'trade_terms_div';
2018-05-11 20:30:17 EXEC SPC_COM_GET_COMBOBOX 'port_city_div';
2018-05-11 20:30:17 EXEC SPC_COM_GET_COMBOBOX 'payment_conditions_div';
2018-05-11 20:30:17 EXEC SPC_COM_GET_COMBOBOX 'unit_q_div';
2018-05-11 20:30:17 EXEC SPC_COM_GET_COMBOBOX 'unit_m_div';
2018-05-11 20:30:17 EXEC SPC_COM_GET_COMBOBOX 'unit_w_div';
2018-05-11 20:30:17 EXEC SPC_COM_GET_COMBOBOX 'sales_detail_div';
2018-05-11 20:30:17 EXEC SPC_GET_TAX_RATE '2018/05/11';
2018-05-11 20:30:17 EXEC SPC_COM_GET_COMBOBOX 'bank_div';
2018-05-11 20:30:21 EXEC SPC_COM_GET_COMBOBOX 'pi_status_div';
2018-05-11 20:30:23 EXEC SPC_002_PI_SEARCH_FND1 '','','','','','','','','1','10';
2018-05-11 20:30:25 EXEC SPC_001_PI_DETAIL_INQ1 'RT-130827001';
2018-05-11 20:30:25 EXEC SPC_COM_GET_COMBOBOX 'unit_q_div';
2018-05-11 20:30:25 EXEC SPC_COM_GET_COMBOBOX 'unit_w_div';
2018-05-11 20:30:25 EXEC SPC_COM_GET_COMBOBOX 'sales_detail_div';
2018-05-11 20:30:25 EXEC SPC_GET_TAX_RATE '2013/08/31';
2018-05-11 20:30:25 EXEC SPC_COM_GET_COMBOBOX 'unit_m_div';
2018-05-11 20:30:31 EXEC SPC_COM_GET_COMBOBOX 'pi_status_div';
2018-05-11 20:30:34 EXEC SPC_002_PI_SEARCH_FND1 '','','','','','','','','1','10';
2018-05-11 20:30:38 EXEC SPC_COM_GET_COMBOBOX 'payment_conditions_div';
2018-05-11 20:30:38 EXEC SPC_COM_GET_COMBOBOX 'currency_div';
2018-05-11 20:30:38 EXEC SPC_COM_GET_COMBOBOX 'trade_terms_div';
2018-05-11 20:30:38 EXEC SPC_COM_GET_COMBOBOX 'shipment_div';
2018-05-11 20:30:38 EXEC SPC_COM_GET_COMBOBOX 'port_country_div';
2018-05-11 20:30:38 EXEC SPC_COM_GET_COMBOBOX 'port_city_div';
2018-05-11 20:30:39 EXEC SPC_COM_GET_COMBOBOX 'unit_q_div';
2018-05-11 20:30:39 EXEC SPC_COM_GET_COMBOBOX 'unit_w_div';
2018-05-11 20:30:39 EXEC SPC_COM_GET_COMBOBOX 'unit_m_div';
2018-05-11 20:30:39 EXEC SPC_COM_GET_COMBOBOX 'bank_div';
2018-05-11 20:30:39 EXEC SPC_COM_GET_COMBOBOX 'sales_detail_div';
2018-05-11 20:30:39 EXEC SPC_GET_TAX_RATE '2018/05/11';
2018-05-11 20:30:39 EXEC SPC_001_PI_DETAIL_INQ1 'RT-130827001';
2018-05-11 20:30:41 EXEC SPC_GET_TAX_RATE '2013/08/31';
2018-05-11 20:30:41 EXEC SPC_COM_GET_COMBOBOX 'unit_m_div';
2018-05-11 20:30:41 EXEC SPC_COM_GET_COMBOBOX 'unit_w_div';
2018-05-11 20:30:41 EXEC SPC_COM_GET_COMBOBOX 'sales_detail_div';
2018-05-11 20:30:41 EXEC SPC_COM_GET_COMBOBOX 'unit_q_div';
2018-05-11 20:33:40 EXEC SPC_COM_GET_COMBOBOX 'port_country_div';
2018-05-11 20:33:40 EXEC SPC_COM_GET_COMBOBOX 'port_city_div';
2018-05-11 20:33:40 EXEC SPC_COM_GET_COMBOBOX 'payment_conditions_div';
2018-05-11 20:33:40 EXEC SPC_COM_GET_COMBOBOX 'currency_div';
2018-05-11 20:33:40 EXEC SPC_COM_GET_COMBOBOX 'shipment_div';
2018-05-11 20:33:40 EXEC SPC_COM_GET_COMBOBOX 'trade_terms_div';
2018-05-11 20:33:41 EXEC SPC_COM_GET_COMBOBOX 'unit_q_div';
2018-05-11 20:33:41 EXEC SPC_COM_GET_COMBOBOX 'unit_m_div';
2018-05-11 20:33:41 EXEC SPC_GET_TAX_RATE '2018/05/11';
2018-05-11 20:33:41 EXEC SPC_COM_GET_COMBOBOX 'sales_detail_div';
2018-05-11 20:33:41 EXEC SPC_COM_GET_COMBOBOX 'bank_div';
2018-05-11 20:33:41 EXEC SPC_COM_GET_COMBOBOX 'unit_w_div';
2018-05-11 20:33:44 EXEC SPC_COM_GET_COMBOBOX 'pi_status_div';
2018-05-11 20:33:48 EXEC SPC_002_PI_SEARCH_FND1 '','','','','','','','20','1','10';
2018-05-11 20:33:51 EXEC SPC_001_PI_DETAIL_INQ1 'RT-130827001';
2018-05-11 20:33:51 EXEC SPC_GET_TAX_RATE '2013/08/31';
2018-05-11 20:33:51 EXEC SPC_COM_GET_COMBOBOX 'unit_q_div';
2018-05-11 20:33:51 EXEC SPC_COM_GET_COMBOBOX 'unit_w_div';
2018-05-11 20:33:51 EXEC SPC_COM_GET_COMBOBOX 'sales_detail_div';
2018-05-11 20:33:51 EXEC SPC_COM_GET_COMBOBOX 'unit_m_div';
2018-05-11 20:34:05 EXEC SPC_001_PI_DETAIL_ACT1 'U','RT-130827001','20','2013/08/31','1111','APEL CO.,LTD','951 Angyouryou Negishi','Kawaguchi','333-0834','001','SY','+81-48-280-3055','','','APEL CO.,LTD','951 Angyouryou Negishi','Kawaguchi','333-0834','001','SY','+81-48-280-3055','','111111','','','','Standard Export Carton','01','USD','060','01','02','003','NL','05','payment by T.T.','[{"pi_detail_no":"1","sales_detail_div":"0","product_cd":"10005","description":"Digital Spectrophotometer Model PD-303S (5 parameters type) with micoprocessor and Standard accessories","qty":"1","unit_of_m_div":"006","unit_price":"1060","amount":"1060","detail_tax":"53","unit_measure_qty":"0","unit_measure_price":"001","outside_remarks":"","unit_net_weight":"4","unit_net_weight_div":"001","net_weight":"4","unit_gross_weight":"6.4","gross_weight":"6.4","measure":"0"},{"pi_detail_no":"2","sales_detail_div":"0","product_cd":"10004","description":"Digital Spectrophotometer Model PD-303 with standard accessories","qty":"10","unit_of_m_div":"006","unit_price":"820","amount":"8022","detail_tax":"401.1","unit_measure_qty":"0","unit_measure_price":"001","outside_remarks":"","unit_net_weight":"4.7","unit_net_weight_div":"001","net_weight":"47","unit_gross_weight":"6.4","gross_weight":"64","measure":"0"}]','11','006','70.4','001','51','001','0','001','9260','0','0','0','9260','Around 1 month after receipt of payment','','Japan','APEL CO.,LTD.','This Proforma invoice is valid for 2 weeks from the date of  issue.','- If a consulate visa is required, the related fees should be paid by the buyer.','- In case of transport by air and/or container, FOB, C&F and CIF in this proforma invoice','shall be respectively equivalent to FCA, CPT and CIP stipulated in Incoterms 2000.','- In the event that the dollar (euro)falls against the Japanese yen by more than 5% from','the rate of proforma invoice date, the prices will not be effective.','* Remittance charge must be covered by sender.','*** Warranty period after shipment***','3 years: PD-303, BR-501','1 year: AP-120, AP-1000M, PD-303S, PD-3000UV, BR-5200, BR-5200P, HC-702, HG-220','*Our bank account is only Japanese one.(We have no bank account outside Japan)','001','社内用備考 社内用備考','0002','001_pi-detail','192.168.5.206';
2018-05-11 20:34:06 EXEC SPC_001_PI_DETAIL_INQ1 'RT-130827001';
2018-05-11 20:34:07 EXEC SPC_COM_GET_COMBOBOX 'sales_detail_div';
2018-05-11 20:34:07 EXEC SPC_GET_TAX_RATE '2013/08/31';
2018-05-11 20:34:07 EXEC SPC_COM_GET_COMBOBOX 'unit_q_div';
2018-05-11 20:34:07 EXEC SPC_COM_GET_COMBOBOX 'unit_w_div';
2018-05-11 20:34:07 EXEC SPC_COM_GET_COMBOBOX 'unit_m_div';
2018-05-11 20:36:12 EXEC SPC_COM_GET_COMBOBOX 'deposit_div';
2018-05-11 20:36:12 EXEC SPC_COM_GET_COMBOBOX 'deposit_way_div';
2018-05-11 20:36:12 EXEC SPC_COM_GET_COMBOBOX 'currency_div';
2018-05-11 20:36:12 EXEC SPC_COM_GET_COMBOBOX 'target_div';
2018-05-11 20:36:12 EXEC SPC_COM_GET_COMBOBOX 'bank_div';
2018-05-11 20:36:12 EXEC SPC_COM_GET_COMBOBOX 'rate_confirm_div';
2018-05-11 20:36:14 EXEC SPC_020_DEPOSIT_DETAIL_INQ2 '';
2018-05-11 20:36:14 EXEC SPC_REFER_CLIENT_CD '';
2018-05-11 20:36:14 EXEC SPC_GET_LIB_COUNTRY '';
2018-05-11 20:36:25 EXEC SPC_055_SUPPLIERS_MASTER_SEARCH_FND1 '','','','','','','0','0','0','1','10';
2018-05-11 20:36:27 EXEC SPC_020_DEPOSIT_DETAIL_INQ5 '','001';
2018-05-11 20:36:28 EXEC SPC_GET_LIB_COUNTRY 'SY';
2018-05-11 20:36:28 EXEC SPC_REFER_CLIENT_CD '001';
2018-05-11 20:36:32 EXEC SPC_020_DEPOSIT_DETAIL_INQ5 '','';
2018-05-11 20:36:32 EXEC SPC_REFER_CLIENT_CD '';
2018-05-11 20:36:32 EXEC SPC_GET_LIB_COUNTRY '';
2018-05-11 20:43:27 EXEC SPC_COM_GET_COMBOBOX 'auth_role_div';
2018-05-11 20:44:05 EXEC SPC_COM_GET_COMBOBOX 'possible_div';
2018-05-11 20:44:11 EXEC SPC_057_LIBRARY_MASTER_SEARCH_FND1 '','','','','1','1','10';
2018-05-11 20:44:35 EXEC SPC_COM_GET_COMBOBOX 'auth_role_div';
2018-05-11 20:46:47 EXEC SPC_COM_GET_COMBOBOX 'auth_role_div';
