2018-03-15 10:29:11 EXEC SPC_COM_GET_COMBOBOX 'fwd_status_div';
2018-03-15 10:29:25 EXEC SPC_073_LOGIN_ACT1 '001','123456';
2018-03-15 10:29:25 EXEC SPC_GET_CONSTANT '';
2018-03-15 10:30:10 EXEC SPC_COM_GET_COMBOBOX 'fwd_status_div';
2018-03-15 11:12:09 EXEC SPC_011_SHIPMENT_SEARCH_FND1 '','','','','','10','1','10';
2018-03-15 11:31:00 EXEC SPC_COM_GET_COMBOBOX 'fwd_status_div';
2018-03-15 11:31:02 EXEC SPC_011_SHIPMENT_SEARCH_FND1 '','','','','','','1','10';
2018-03-15 11:31:33 EXEC SPC_COM_GET_COMBOBOX 'fwd_status_div';
2018-03-15 11:31:34 EXEC SPC_011_SHIPMENT_SEARCH_FND1 '','','','','','','1','10';
2018-03-15 11:31:45 EXEC SPC_032_PURCHASE_REQUEST_SEARCH_INQ1 '','','','','','';
2018-03-15 11:34:16 EXEC SPC_011_SHIPMENT_SEARCH_INQ1 '','','','','','';
2018-03-15 11:35:07 EXEC SPC_011_SHIPMENT_SEARCH_FND1 '','','','','','10','1','10';
2018-03-15 11:35:10 EXEC SPC_011_SHIPMENT_SEARCH_INQ1 '','','','','','10';
2018-03-15 11:35:31 EXEC SPC_011_SHIPMENT_SEARCH_FND1 '','','','','','20','1','10';
2018-03-15 11:35:50 EXEC SPC_011_SHIPMENT_SEARCH_FND1 '','','','','','20','1','10';
2018-03-15 11:35:52 EXEC SPC_011_SHIPMENT_SEARCH_INQ1 '','','','','','20';
2018-03-15 11:36:22 EXEC SPC_011_SHIPMENT_SEARCH_INQ1 '','','','','','20';
2018-03-15 11:36:50 EXEC SPC_011_SHIPMENT_SEARCH_FND1 '','','','','','','1','10';
2018-03-15 11:36:52 EXEC SPC_011_SHIPMENT_SEARCH_FND1 '','','','','','10','1','10';
2018-03-15 11:37:18 EXEC SPC_011_SHIPMENT_SEARCH_FND1 '','','','','','','1','10';
2018-03-15 11:37:22 EXEC SPC_011_SHIPMENT_SEARCH_FND1 '','','','','','','2','10';
2018-03-15 11:37:24 EXEC SPC_011_SHIPMENT_SEARCH_FND1 '','','','','','','3','10';
2018-03-15 11:37:27 EXEC SPC_011_SHIPMENT_SEARCH_FND1 '','','','','','','4','10';
2018-03-15 11:37:30 EXEC SPC_011_SHIPMENT_SEARCH_FND1 '','','','','','','5','10';
2018-03-15 11:37:34 EXEC SPC_011_SHIPMENT_SEARCH_FND1 '','','','','','','6','10';
2018-03-15 11:37:35 EXEC SPC_011_SHIPMENT_SEARCH_FND1 '','','','','','','7','10';
2018-03-15 11:37:36 EXEC SPC_011_SHIPMENT_SEARCH_FND1 '','','','','','','8','10';
2018-03-15 11:37:39 EXEC SPC_011_SHIPMENT_SEARCH_FND1 '','','','','','','9','10';
2018-03-15 11:37:40 EXEC SPC_011_SHIPMENT_SEARCH_FND1 '','','','','','','10','10';
2018-03-15 11:37:43 EXEC SPC_011_SHIPMENT_SEARCH_FND1 '','','','','','','11','10';
2018-03-15 11:37:45 EXEC SPC_011_SHIPMENT_SEARCH_FND1 '','','','','','','12','10';
2018-03-15 11:37:57 EXEC SPC_011_SHIPMENT_SEARCH_FND1 '','','','','','','13','10';
2018-03-15 11:38:01 EXEC SPC_011_SHIPMENT_SEARCH_FND1 '','','','','','','14','10';
2018-03-15 11:38:03 EXEC SPC_011_SHIPMENT_SEARCH_FND1 '','','','','','','15','10';
2018-03-15 11:38:07 EXEC SPC_011_SHIPMENT_SEARCH_FND1 '','','','','','','16','10';
2018-03-15 11:38:49 EXEC SPC_011_SHIPMENT_SEARCH_INQ1 '','','','','','';
2018-03-15 11:39:45 EXEC SPC_011_SHIPMENT_SEARCH_INQ1 '','','','','','';
2018-03-15 11:44:29 EXEC SPC_011_SHIPMENT_SEARCH_INQ1 '','','','','','';
2018-03-15 11:45:09 EXEC SPC_011_SHIPMENT_SEARCH_INQ1 '','','','','','';
2018-03-15 11:46:32 EXEC SPC_011_SHIPMENT_SEARCH_FND1 '','','','','','20','1','10';
2018-03-15 11:46:34 EXEC SPC_011_SHIPMENT_SEARCH_INQ1 '','','','','','20';
2018-03-15 11:46:54 EXEC SPC_COM_GET_COMBOBOX 'fwd_status_div';
2018-03-15 11:55:41 EXEC SPC_011_SHIPMENT_SEARCH_FND1 '','','','','','','1','10';
2018-03-15 11:57:35 EXEC SPC_COM_GET_COMBOBOX 'fwd_status_div';
2018-03-15 11:58:15 EXEC SPC_011_SHIPMENT_SEARCH_FND1 '2018/03/25','2018/04/04','','','','','1','10';
2018-03-15 11:58:22 EXEC SPC_COM_GET_COMBOBOX 'fwd_status_div';
2018-03-15 11:58:24 EXEC SPC_011_SHIPMENT_SEARCH_FND1 '','','','','','','1','10';
2018-03-15 11:58:37 EXEC SPC_GET_LIB_COUNTRY '00';
2018-03-15 11:58:41 EXEC SPC_COUNTRY_SEARCH '','','1','10';
2018-03-15 11:58:42 EXEC SPC_GET_LIB_COUNTRY 'AR';
2018-03-15 11:59:38 EXEC SPC_COM_GET_COMBOBOX 'fwd_status_div';
2018-03-15 11:59:44 EXEC SPC_011_SHIPMENT_SEARCH_FND1 '','','','','','','1','10';
2018-03-15 11:59:48 EXEC SPC_COM_GET_COMBOBOX 'fwd_status_div';
2018-03-15 11:59:53 EXEC SPC_011_SHIPMENT_SEARCH_FND1 '','','','','','','1','10';
2018-03-15 12:00:04 EXEC SPC_COUNTRY_SEARCH '','','1','10';
2018-03-15 12:00:06 EXEC SPC_GET_LIB_COUNTRY 'BG';
2018-03-15 12:38:07 EXEC SPC_COM_GET_COMBOBOX 'fwd_status_div';
2018-03-15 12:38:24 EXEC SPC_011_SHIPMENT_SEARCH_FND1 '','','','','','','1','10';
2018-03-15 12:43:19 EXEC SPC_011_SHIPMENT_SEARCH_FND1 '2018/03/05','2018/03/25','','','','','1','10';
2018-03-15 12:43:24 EXEC SPC_COM_GET_COMBOBOX 'fwd_status_div';
2018-03-15 12:43:52 EXEC SPC_011_SHIPMENT_SEARCH_FND1 '2018/03/05','2018/03/25','','','','','1','10';
2018-03-15 12:45:02 EXEC SPC_COM_GET_COMBOBOX 'fwd_status_div';
2018-03-15 12:45:23 EXEC SPC_011_SHIPMENT_SEARCH_FND1 '','','KS-18030001','','','','1','10';
2018-03-15 12:46:33 EXEC SPC_011_SHIPMENT_SEARCH_FND1 '','','','','','','1','10';
2018-03-15 12:46:35 EXEC SPC_011_SHIPMENT_SEARCH_FND1 '','','','','','','2','10';
2018-03-15 12:46:36 EXEC SPC_011_SHIPMENT_SEARCH_FND1 '','','','','','','3','10';
2018-03-15 12:46:38 EXEC SPC_011_SHIPMENT_SEARCH_FND1 '','','','','','','4','10';
2018-03-15 12:46:40 EXEC SPC_011_SHIPMENT_SEARCH_FND1 '','','','','','','5','10';
2018-03-15 12:46:42 EXEC SPC_011_SHIPMENT_SEARCH_FND1 '','','','','','','6','10';
2018-03-15 12:46:44 EXEC SPC_011_SHIPMENT_SEARCH_FND1 '','','','','','','7','10';
2018-03-15 15:15:19 EXEC SPC_COM_GET_COMBOBOX 'forwarding_way_div';
2018-03-15 15:15:20 EXEC SPC_COM_GET_COMBOBOX 'packing_method_div';
2018-03-15 15:15:20 EXEC SPC_COM_GET_COMBOBOX 'forwarding_warehouse_div';
2018-03-15 15:15:20 EXEC SPC_COM_GET_COMBOBOX 'forwarder_div';
2018-03-15 15:15:20 EXEC SPC_COM_GET_COMBOBOX 'forwarding_div';
2018-03-15 15:15:23 EXEC SPC_COM_GET_COMBOBOX 'fwd_status_div';
2018-03-15 15:15:24 EXEC SPC_011_SHIPMENT_SEARCH_FND1 '','','','','','','7','10';
2018-03-15 15:15:24 EXEC SPC_011_SHIPMENT_SEARCH_FND1 '','','','','','','1','10';
2018-03-15 15:15:28 EXEC SPC_COM_GET_COMBOBOX 'forwarding_warehouse_div';
2018-03-15 15:15:28 EXEC SPC_COM_GET_COMBOBOX 'packing_method_div';
2018-03-15 15:15:28 EXEC SPC_COM_GET_COMBOBOX 'forwarding_way_div';
2018-03-15 15:15:28 EXEC SPC_COM_GET_COMBOBOX 'forwarder_div';
2018-03-15 15:15:29 EXEC SPC_COM_GET_COMBOBOX 'forwarding_div';
2018-03-15 15:22:39 EXEC SPC_COM_GET_COMBOBOX 'forwarding_div';
2018-03-15 15:22:40 EXEC SPC_COM_GET_COMBOBOX 'forwarding_warehouse_div';
2018-03-15 15:22:40 EXEC SPC_COM_GET_COMBOBOX 'forwarder_div';
2018-03-15 15:22:40 EXEC SPC_COM_GET_COMBOBOX 'forwarding_way_div';
2018-03-15 15:22:40 EXEC SPC_COM_GET_COMBOBOX 'packing_method_div';
2018-03-15 15:22:42 EXEC SPC_COM_GET_COMBOBOX 'fwd_status_div';
2018-03-15 15:23:34 EXEC SPC_COM_GET_COMBOBOX 'fwd_status_div';
2018-03-15 15:23:40 EXEC SPC_COM_GET_COMBOBOX 'forwarding_div';
2018-03-15 15:23:40 EXEC SPC_COM_GET_COMBOBOX 'forwarder_div';
v';
2018-03-15 15:23:40 EXEC SPC_COM_GET_COMBOBOX 'packing_method_div';
2018-03-15 15:23:40 EXEC SPC_COM_GET_COMBOBOX 'forwarding_warehouse_div';
2018-03-15 15:23:47 EXEC SPC_COM_GET_COMBOBOX 'fwd_status_div';
2018-03-15 15:23:51 EXEC SPC_COUNTRY_SEARCH '','','1','10';
2018-03-15 15:24:06 EXEC SPC_COM_GET_COMBOBOX 'packing_method_div';
2018-03-15 15:24:06 EXEC SPC_COM_GET_COMBOBOX 'forwarding_div';
2018-03-15 15:24:06 EXEC SPC_COM_GET_COMBOBOX 'forwarding_way_div';
2018-03-15 15:24:06 EXEC SPC_COM_GET_COMBOBOX 'forwarder_div';
2018-03-15 15:24:06 EXEC SPC_COM_GET_COMBOBOX 'forwarding_warehouse_div';
2018-03-15 15:24:20 EXEC SPC_COM_GET_COMBOBOX 'packing_method_div';
2018-03-15 15:24:20 EXEC SPC_COM_GET_COMBOBOX 'forwarding_div';
2018-03-15 15:24:20 EXEC SPC_COM_GET_COMBOBOX 'forwarding_way_div';
2018-03-15 15:24:20 EXEC SPC_COM_GET_COMBOBOX 'forwarding_warehouse_div';
2018-03-15 15:24:20 EXEC SPC_COM_GET_COMBOBOX 'forwarder_div';
2018-03-15 15:24:41 EXEC SPC_COM_GET_COMBOBOX 'fwd_status_div';
2018-03-15 15:25:15 EXEC SPC_COM_GET_COMBOBOX 'fwd_status_div';
2018-03-15 15:25:17 EXEC SPC_011_SHIPMENT_SEARCH_FND1 '','','','','','','1','10';
2018-03-15 15:25:20 EXEC SPC_COM_GET_COMBOBOX 'forwarding_way_div';
2018-03-15 15:25:20 EXEC SPC_COM_GET_COMBOBOX 'packing_method_div';
2018-03-15 15:25:20 EXEC SPC_COM_GET_COMBOBOX 'forwarder_div';
2018-03-15 15:25:20 EXEC SPC_COM_GET_COMBOBOX 'forwarding_div';
2018-03-15 15:25:20 EXEC SPC_COM_GET_COMBOBOX 'forwarding_warehouse_div';
2018-03-15 15:25:22 EXEC SPC_COM_GET_COMBOBOX 'fwd_status_div';
2018-03-15 15:26:29 EXEC SPC_COM_GET_COMBOBOX 'forwarder_div';
2018-03-15 15:26:29 EXEC SPC_COM_GET_COMBOBOX 'forwarding_way_div';
2018-03-15 15:26:29 EXEC SPC_COM_GET_COMBOBOX 'forwarding_div';
2018-03-15 15:26:29 EXEC SPC_COM_GET_COMBOBOX 'forwarding_warehouse_div';
2018-03-15 15:26:32 EXEC SPC_COM_GET_COMBOBOX 'fwd_status_div';
2018-03-15 15:27:37 EXEC SPC_COM_GET_COMBOBOX 'fwd_status_div';
2018-03-15 15:27:38 EXEC SPC_011_SHIPMENT_SEARCH_FND1 '','','','','','','1','10';
2018-03-15 15:27:40 EXEC SPC_011_SHIPMENT_SEARCH_FND1 '','','','','','','1','10';
2018-03-15 15:28:26 EXEC SPC_011_SHIPMENT_SEARCH_FND1 '','','','','','','1','10';
2018-03-15 15:28:30 EXEC SPC_011_SHIPMENT_SEARCH_FND1 '','','','','','','2','10';
2018-03-15 15:28:31 EXEC SPC_011_SHIPMENT_SEARCH_FND1 '','','','','','','100','10';
2018-03-15 15:28:33 EXEC SPC_011_SHIPMENT_SEARCH_FND1 '','','','','','','1','50';
2018-03-15 15:29:08 EXEC SPC_COM_GET_COMBOBOX 'forwarding_way_div';
2018-03-15 15:29:08 EXEC SPC_COM_GET_COMBOBOX 'forwarding_warehouse_div';
2018-03-15 15:29:08 EXEC SPC_COM_GET_COMBOBOX 'forwarder_div';
2018-03-15 15:29:08 EXEC SPC_COM_GET_COMBOBOX 'forwarding_div';
2018-03-15 15:29:08 EXEC SPC_COM_GET_COMBOBOX 'packing_method_div';
2018-03-15 15:29:10 EXEC SPC_COM_GET_COMBOBOX 'fwd_status_div';
2018-03-15 15:29:11 EXEC SPC_011_SHIPMENT_SEARCH_FND1 '','','','','','','1','10';
2018-03-15 15:29:13 EXEC SPC_010_SHIPMENT_DETAIL_INQ3 'KS-18020008';
2018-03-15 15:38:23 EXEC SPC_COM_GET_COMBOBOX 'fwd_status_div';
2018-03-15 15:38:24 EXEC SPC_011_SHIPMENT_SEARCH_FND1 '','','','','','','1','10';
2018-03-15 15:38:28 EXEC SPC_COM_GET_COMBOBOX 'fwd_status_div';
2018-03-15 15:39:31 EXEC SPC_011_SHIPMENT_SEARCH_FND1 '','','','','','20','1','10';
2018-03-15 15:40:02 EXEC SPC_COM_GET_COMBOBOX 'fwd_status_div';
2018-03-15 15:40:04 EXEC SPC_011_SHIPMENT_SEARCH_FND1 '','','','','','','1','10';
2018-03-15 15:40:51 EXEC SPC_COM_GET_COMBOBOX 'forwarding_div';
2018-03-15 15:40:52 EXEC SPC_COM_GET_COMBOBOX 'forwarding_way_div';
2018-03-15 15:40:52 EXEC SPC_COM_GET_COMBOBOX 'forwarding_warehouse_div';
2018-03-15 15:40:52 EXEC SPC_COM_GET_COMBOBOX 'packing_method_div';
2018-03-15 15:40:52 EXEC SPC_COM_GET_COMBOBOX 'forwarder_div';
2018-03-15 15:43:36 EXEC SPC_COM_GET_COMBOBOX 'fwd_status_div';
2018-03-15 15:43:37 EXEC SPC_011_SHIPMENT_SEARCH_FND1 '','','','','','','1','10';
2018-03-15 15:43:38 EXEC SPC_011_SHIPMENT_SEARCH_FND1 '','','','','','','1','10';
2018-03-15 15:43:41 EXEC SPC_011_SHIPMENT_SEARCH_ACT1 '[{"fwd_no":"KS-18020008"}]','','011_shipment-search','';
2018-03-15 15:43:47 EXEC SPC_011_SHIPMENT_SEARCH_FND1 '','','','','','10','1','10';
2018-03-15 15:44:58 EXEC SPC_011_SHIPMENT_SEARCH_ACT1 '[{"fwd_no":"KS-18030003"}]','','011_shipment-search','';
2018-03-15 15:45:04 EXEC SPC_011_SHIPMENT_SEARCH_FND1 '','','','','','10','1','10';
2018-03-15 15:51:29 EXEC SPC_011_SHIPMENT_SEARCH_INQ1 '','','','','','10';
2018-03-15 15:51:51 EXEC SPC_011_SHIPMENT_SEARCH_INQ1 '','','','','','10';
2018-03-15 15:53:32 EXEC SPC_COM_GET_COMBOBOX 'forwarding_div';
2018-03-15 15:53:33 EXEC SPC_COM_GET_COMBOBOX 'packing_method_div';
2018-03-15 15:53:33 EXEC SPC_COM_GET_COMBOBOX 'forwarder_div';
2018-03-15 15:53:33 EXEC SPC_COM_GET_COMBOBOX 'forwarding_warehouse_div';
2018-03-15 15:53:34 EXEC SPC_COM_GET_COMBOBOX 'forwarding_way_div';
2018-03-15 16:01:27 EXEC SPC_COM_GET_COMBOBOX 'fwd_status_div';
2018-03-15 16:01:28 EXEC SPC_011_SHIPMENT_SEARCH_FND1 '','','','','','10','1','10';
2018-03-15 16:01:35 EXEC SPC_011_SHIPMENT_SEARCH_INQ1 '','','','','','10';
2018-03-15 16:02:49 EXEC SPC_011_SHIPMENT_SEARCH_FND1 '','','','','','10','1','10';
2018-03-15 16:10:04 EXEC SPC_011_SHIPMENT_SEARCH_INQ1 '','','','','','10';
2018-03-15 16:10:22 EXEC SPC_011_SHIPMENT_SEARCH_INQ1 '','','','','','10';
2018-03-15 16:12:13 EXEC SPC_COM_GET_COMBOBOX 'fwd_status_div';
2018-03-15 16:12:17 EXEC SPC_011_SHIPMENT_SEARCH_FND1 '','','','','','','1','10';
2018-03-15 16:17:12 EXEC SPC_050_STOCK_SEARCH_FND1 '','','1','10';
2018-03-15 16:17:18 EXEC SPC_COM_GET_COMBOBOX 'in_out_div';
2018-03-15 16:52:48 EXEC SPC_GET_TAX_RATE '2018/03/15';
2018-03-15 16:57:46 EXEC SPC_COM_GET_COMBOBOX 'in_out_div';
2018-03-15 16:58:26 EXEC SPC_COM_GET_COMBOBOX 'in_out_div';
2018-03-15 16:58:58 EXEC SPC_COM_GET_COMBOBOX 'in_out_div';
2018-03-15 17:05:31 EXEC SPC_COM_GET_COMBOBOX 'in_out_div';
2018-03-15 17:05:31 EXEC SPC_COM_GET_COMBOBOX 'in_out_data_div';
2018-03-15 17:05:52 EXEC SPC_COM_GET_COMBOBOX 'in_out_div';
2018-03-15 17:05:52 EXEC SPC_COM_GET_COMBOBOX 'in_out_data_div';
2018-03-15 17:06:56 EXEC SPC_COM_GET_COMBOBOX 'in_out_data_div';
2018-03-15 17:06:56 EXEC SPC_COM_GET_COMBOBOX 'in_out_div';
2018-03-15 17:07:03 EXEC SPC_WAREHOUSE_SEARCH '','','1','10';
2018-03-15 17:07:16 EXEC SPC_WAREHOUSE_SEARCH '','','1','10';
2018-03-15 17:12:46 EXEC SPC_COM_GET_COMBOBOX 'fwd_status_div';
2018-03-15 17:12:50 EXEC SPC_011_SHIPMENT_SEARCH_FND1 '','','','','','','1','10';
2018-03-15 17:12:53 EXEC SPC_COM_GET_COMBOBOX 'forwarding_div';
2018-03-15 17:12:54 EXEC SPC_COM_GET_COMBOBOX 'forwarding_warehouse_div';
2018-03-15 17:12:54 EXEC SPC_COM_GET_COMBOBOX 'forwarder_div';
v';
2018-03-15 17:12:54 EXEC SPC_COM_GET_COMBOBOX 'packing_method_div';
2018-03-15 17:13:04 EXEC SPC_010_SHIPMENT_DETAIL_INQ3 'S-18030005';
2018-03-15 17:13:07 EXEC SPC_102_SHIPMENT_SERIAL_SEARCH_FND2 'J-18010018','000115';
2018-03-15 17:13:07 EXEC SPC_COM_GET_COMBOBOX 'serial_forward_div';
2018-03-15 17:13:07 EXEC SPC_102_SHIPMENT_SERIAL_SEARCH_FND3 'S-18030005','1';
2018-03-15 17:13:07 EXEC SPC_COM_GET_COMBOBOX 'production_status_div';
2018-03-15 17:13:19 EXEC SPC_COM_GET_COMBOBOX 'serial_forward_div';
2018-03-15 17:13:19 EXEC SPC_102_SHIPMENT_SERIAL_SEARCH_FND2 'J-18010018','000115';
2018-03-15 17:13:19 EXEC SPC_102_SHIPMENT_SERIAL_SEARCH_FND3 'S-18030005','1';
2018-03-15 17:13:19 EXEC SPC_COM_GET_COMBOBOX 'production_status_div';
2018-03-15 17:15:11 EXEC SPC_COM_GET_COMBOBOX 'forwarding_way_div';
2018-03-15 17:15:11 EXEC SPC_COM_GET_COMBOBOX 'forwarding_div';
2018-03-15 17:15:12 EXEC SPC_COM_GET_COMBOBOX 'forwarding_warehouse_div';
2018-03-15 17:15:12 EXEC SPC_COM_GET_COMBOBOX 'packing_method_div';
2018-03-15 17:15:12 EXEC SPC_COM_GET_COMBOBOX 'forwarder_div';
2018-03-15 17:15:17 EXEC SPC_010_SHIPMENT_DETAIL_INQ3 'S-18030005';
2018-03-15 17:15:19 EXEC SPC_COM_GET_COMBOBOX 'production_status_div';
2018-03-15 17:15:19 EXEC SPC_COM_GET_COMBOBOX 'serial_forward_div';
2018-03-15 17:15:19 EXEC SPC_102_SHIPMENT_SERIAL_SEARCH_FND2 'J-18010018','000115';
2018-03-15 17:15:19 EXEC SPC_102_SHIPMENT_SERIAL_SEARCH_FND3 'S-18030005','1';
2018-03-15 17:23:11 EXEC SPC_COM_GET_COMBOBOX 'forwarding_div';
2018-03-15 17:23:11 EXEC SPC_COM_GET_COMBOBOX 'forwarding_warehouse_div';
2018-03-15 17:23:11 EXEC SPC_COM_GET_COMBOBOX 'forwarding_way_div';
2018-03-15 17:23:11 EXEC SPC_COM_GET_COMBOBOX 'packing_method_div';
2018-03-15 17:23:11 EXEC SPC_COM_GET_COMBOBOX 'forwarder_div';
2018-03-15 17:23:15 EXEC SPC_010_SHIPMENT_DETAIL_INQ3 'S-18030005';
2018-03-15 17:23:18 EXEC SPC_COM_GET_COMBOBOX 'serial_forward_div';
2018-03-15 17:23:18 EXEC SPC_102_SHIPMENT_SERIAL_SEARCH_FND2 'J-18010018','000115';
2018-03-15 17:23:18 EXEC SPC_COM_GET_COMBOBOX 'production_status_div';
2018-03-15 17:23:18 EXEC SPC_102_SHIPMENT_SERIAL_SEARCH_FND3 'S-18030005','1';
2018-03-15 17:23:34 EXEC SPC_COM_GET_COMBOBOX 'production_status_div';
2018-03-15 17:23:34 EXEC SPC_102_SHIPMENT_SERIAL_SEARCH_FND2 'J-18010018','000115';
2018-03-15 17:23:34 EXEC SPC_COM_GET_COMBOBOX 'serial_forward_div';
2018-03-15 17:23:34 EXEC SPC_102_SHIPMENT_SERIAL_SEARCH_FND3 'S-18030005','1';
2018-03-15 17:24:10 EXEC SPC_COM_GET_COMBOBOX 'packing_method_div';
2018-03-15 17:24:10 EXEC SPC_COM_GET_COMBOBOX 'forwarder_div';
2018-03-15 17:24:10 EXEC SPC_COM_GET_COMBOBOX 'forwarding_div';
2018-03-15 17:24:10 EXEC SPC_COM_GET_COMBOBOX 'forwarding_warehouse_div';
2018-03-15 17:24:15 EXEC SPC_010_SHIPMENT_DETAIL_INQ3 'S-18030005';
2018-03-15 17:24:17 EXEC SPC_COM_GET_COMBOBOX 'production_status_div';
2018-03-15 17:24:17 EXEC SPC_COM_GET_COMBOBOX 'serial_forward_div';
2018-03-15 17:24:17 EXEC SPC_102_SHIPMENT_SERIAL_SEARCH_FND2 'J-18010018','000115';
2018-03-15 17:24:17 EXEC SPC_102_SHIPMENT_SERIAL_SEARCH_FND3 'S-18030005','1';
2018-03-15 17:24:35 EXEC SPC_COM_GET_COMBOBOX 'forwarding_warehouse_div';
2018-03-15 17:24:35 EXEC SPC_COM_GET_COMBOBOX 'forwarding_way_div';
2018-03-15 17:24:35 EXEC SPC_COM_GET_COMBOBOX 'forwarding_div';
2018-03-15 17:24:36 EXEC SPC_COM_GET_COMBOBOX 'forwarder_div';
2018-03-15 17:24:36 EXEC SPC_COM_GET_COMBOBOX 'packing_method_div';
2018-03-15 17:24:38 EXEC SPC_010_SHIPMENT_DETAIL_INQ3 'S-18030005';
2018-03-15 17:24:40 EXEC SPC_102_SHIPMENT_SERIAL_SEARCH_FND2 'J-18010018','000115';
2018-03-15 17:24:40 EXEC SPC_COM_GET_COMBOBOX 'production_status_div';
2018-03-15 17:24:40 EXEC SPC_COM_GET_COMBOBOX 'serial_forward_div';
2018-03-15 17:24:40 EXEC SPC_102_SHIPMENT_SERIAL_SEARCH_FND3 'S-18030005','1';
2018-03-15 17:42:33 EXEC SPC_GET_TAX_RATE '2018/03/15';
2018-03-15 17:43:34 EXEC SPC_GET_TAX_RATE '2018/03/15';
2018-03-15 17:45:52 EXEC SPC_GET_TAX_RATE '2018/03/15';
2018-03-15 17:46:08 EXEC SPC_GET_TAX_RATE '2018/03/15';
2018-03-15 17:48:51 EXEC SPC_GET_TAX_RATE '2018/03/15';
2018-03-15 17:51:26 EXEC SPC_COM_GET_COMBOBOX 'in_out_div';
2018-03-15 17:51:27 EXEC SPC_COM_GET_COMBOBOX 'in_out_data_div';
2018-03-15 17:51:37 EXEC SPC_COM_GET_COMBOBOX 'in_out_data_div';
2018-03-15 17:51:37 EXEC SPC_COM_GET_COMBOBOX 'in_out_div';
2018-03-15 17:51:56 EXEC SPC_GET_LIB_WAREHOUSE 'rrr';
2018-03-15 17:52:02 EXEC SPC_WAREHOUSE_SEARCH '','','1','10';
2018-03-15 17:52:06 EXEC SPC_GET_LIB_WAREHOUSE 'so0002';
2018-03-15 17:54:56 EXEC SPC_GET_TAX_RATE '2018/03/15';
2018-03-15 17:55:32 EXEC SPC_GET_TAX_RATE '2018/03/15';
2018-03-15 17:56:20 EXEC SPC_GET_TAX_RATE '2018/03/15';
2018-03-15 17:56:23 EXEC SPC_031_PURCHASE_REQUEST_DETAIL_INQ1 'Tuannk';
2018-03-15 17:56:23 EXEC SPC_031_PURCHASE_REQUEST_DETAIL_INQ1 'Tuannk';
2018-03-15 18:00:59 EXEC SPC_GET_TAX_RATE '2018/03/15';
2018-03-15 18:01:03 EXEC SPC_COM_GET_COMBOBOX 'buy_status_div';
2018-03-15 18:01:06 EXEC SPC_031_PURCHASE_REQUEST_DETAIL_INQ1 '222';
2018-03-15 18:07:26 EXEC SPC_GET_TAX_RATE '2018/03/15';
2018-03-15 18:07:30 EXEC SPC_031_PURCHASE_REQUEST_DETAIL_INQ1 '2222';
2018-03-15 18:07:30 EXEC SPC_031_PURCHASE_REQUEST_DETAIL_INQ1 '2222';
2018-03-15 18:08:47 EXEC SPC_COM_GET_COMBOBOX 'in_out_div';
2018-03-15 18:08:48 EXEC SPC_COM_GET_COMBOBOX 'in_out_data_div';
2018-03-15 18:09:40 EXEC SPC_GET_TAX_RATE '2018/03/15';
2018-03-15 18:09:43 EXEC SPC_031_PURCHASE_REQUEST_DETAIL_INQ1 '2222';
2018-03-15 18:09:43 EXEC SPC_031_PURCHASE_REQUEST_DETAIL_INQ1 '2222';
2018-03-15 18:15:00 EXEC SPC_GET_TAX_RATE '2018/03/15';
2018-03-15 18:15:04 EXEC SPC_031_PURCHASE_REQUEST_DETAIL_INQ1 '2222';
2018-03-15 18:15:05 EXEC SPC_031_PURCHASE_REQUEST_DETAIL_INQ1 '2222';
2018-03-15 18:16:02 EXEC SPC_GET_TAX_RATE '2018/03/15';
2018-03-15 18:16:06 EXEC SPC_031_PURCHASE_REQUEST_DETAIL_INQ1 '2222';
2018-03-15 18:16:06 EXEC SPC_031_PURCHASE_REQUEST_DETAIL_INQ1 '2222';
2018-03-15 18:18:54 EXEC SPC_GET_TAX_RATE '2018/03/15';
2018-03-15 18:18:58 EXEC SPC_031_PURCHASE_REQUEST_DETAIL_INQ1 '2222';
2018-03-15 18:18:58 EXEC SPC_031_PURCHASE_REQUEST_DETAIL_INQ1 '2222';
2018-03-15 18:19:57 EXEC SPC_GET_TAX_RATE '2018/03/15';
2018-03-15 18:20:01 EXEC SPC_031_PURCHASE_REQUEST_DETAIL_INQ1 '2222';
2018-03-15 18:20:01 EXEC SPC_031_PURCHASE_REQUEST_DETAIL_INQ1 '2222';
2018-03-15 18:28:34 EXEC SPC_COM_GET_COMBOBOX 'in_out_div';
2018-03-15 18:28:35 EXEC SPC_COM_GET_COMBOBOX 'in_out_data_div';
2018-03-15 18:29:47 EXEC SPC_COM_GET_COMBOBOX 'in_out_data_div';
2018-03-15 18:29:47 EXEC SPC_COM_GET_COMBOBOX 'in_out_div';
2018-03-15 18:30:13 EXEC SPC_COM_GET_COMBOBOX 'in_out_data_div';
2018-03-15 18:30:13 EXEC SPC_COM_GET_COMBOBOX 'in_out_div';
2018-03-15 18:30:35 EXEC SPC_COM_GET_COMBOBOX 'in_out_data_div';
2018-03-15 18:30:35 EXEC SPC_COM_GET_COMBOBOX 'in_out_div';
2018-03-15 18:30:57 EXEC SPC_COM_GET_COMBOBOX 'in_out_div';
2018-03-15 18:30:57 EXEC SPC_COM_GET_COMBOBOX 'in_out_data_div';
2018-03-15 18:31:03 EXEC SPC_COM_GET_COMBOBOX 'in_out_div';
2018-03-15 18:31:03 EXEC SPC_COM_GET_COMBOBOX 'in_out_data_div';
2018-03-15 18:31:43 EXEC SPC_COM_GET_COMBOBOX 'in_out_div';
2018-03-15 18:31:43 EXEC SPC_COM_GET_COMBOBOX 'in_out_data_div';
2018-03-15 18:32:25 EXEC SPC_COM_GET_COMBOBOX 'in_out_data_div';
2018-03-15 18:32:25 EXEC SPC_COM_GET_COMBOBOX 'in_out_div';
2018-03-15 18:39:47 EXEC SPC_GET_TAX_RATE '2018/03/15';
2018-03-15 18:39:50 EXEC SPC_COM_GET_COMBOBOX 'in_out_div';
2018-03-15 18:39:50 EXEC SPC_COM_GET_COMBOBOX 'in_out_data_div';
2018-03-15 18:40:26 EXEC SPC_COM_GET_COMBOBOX 'in_out_div';
2018-03-15 18:40:26 EXEC SPC_COM_GET_COMBOBOX 'in_out_data_div';
2018-03-15 18:41:37 EXEC SPC_COM_GET_COMBOBOX 'in_out_div';
2018-03-15 18:41:37 EXEC SPC_COM_GET_COMBOBOX 'in_out_data_div';
2018-03-15 18:42:22 EXEC SPC_COM_GET_COMBOBOX 'in_out_div';
2018-03-15 18:42:22 EXEC SPC_COM_GET_COMBOBOX 'in_out_data_div';
2018-03-15 18:44:00 EXEC SPC_COM_GET_COMBOBOX 'in_out_div';
2018-03-15 18:44:00 EXEC SPC_COM_GET_COMBOBOX 'in_out_data_div';
2018-03-15 18:45:15 EXEC SPC_COM_GET_COMBOBOX 'in_out_div';
2018-03-15 18:45:15 EXEC SPC_COM_GET_COMBOBOX 'in_out_data_div';
2018-03-15 18:46:36 EXEC SPC_COM_GET_COMBOBOX 'in_out_data_div';
2018-03-15 18:56:14 EXEC SPC_COM_GET_COMBOBOX 'in_out_data_div';
2018-03-15 18:56:15 EXEC SPC_COM_GET_COMBOBOX 'in_out_div';
2018-03-15 18:57:54 EXEC SPC_COM_GET_COMBOBOX 'in_out_div';
v';
2018-03-15 19:06:57 EXEC SPC_COM_GET_COMBOBOX 'in_out_div';
2018-03-15 19:06:57 EXEC SPC_COM_GET_COMBOBOX 'in_out_data_div';
2018-03-15 19:07:09 EXEC SPC_COM_GET_COMBOBOX 'in_out_data_div';
2018-03-15 19:07:09 EXEC SPC_COM_GET_COMBOBOX 'in_out_div';
2018-03-15 19:09:07 EXEC SPC_COM_GET_COMBOBOX 'in_out_div';
2018-03-15 19:09:07 EXEC SPC_COM_GET_COMBOBOX 'in_out_data_div';
2018-03-15 19:09:10 EXEC SPC_COM_GET_COMBOBOX 'rcv_status_div';
2018-03-15 19:09:11 EXEC SPC_006_ACCEPT_SEARCH_FND1 '','','','','','1','10';
2018-03-15 19:09:21 EXEC SPC_COM_GET_COMBOBOX 'rcv_status_div';
2018-03-15 19:09:23 EXEC SPC_006_ACCEPT_SEARCH_FND1 '','','','','','1','10';
2018-03-15 19:12:34 EXEC SPC_COM_GET_COMBOBOX 'in_out_div';
2018-03-15 19:12:34 EXEC SPC_COM_GET_COMBOBOX 'in_out_data_div';
