2018-02-12 10:30:40 EXEC SPC_COM_GET_COMBOBOX 'currency_div';
2018-02-12 10:30:40 EXEC SPC_COM_GET_COMBOBOX 'port_country_div';
2018-02-12 10:30:40 EXEC SPC_COM_GET_COMBOBOX 'payment_conditions_div';
2018-02-12 10:30:40 EXEC SPC_COM_GET_COMBOBOX 'trade_terms_div';
2018-02-12 10:30:40 EXEC SPC_COM_GET_COMBOBOX 'port_city_div';
2018-02-12 10:30:41 EXEC SPC_COM_GET_COMBOBOX 'bank_div';
2018-02-12 10:30:41 EXEC SPC_GET_TAX_RATE '2018/02/12';
2018-02-12 10:30:41 EXEC SPC_COM_GET_COMBOBOX 'unit_w_div';
2018-02-12 10:30:41 EXEC SPC_COM_GET_COMBOBOX 'sales_detail_div';
2018-02-12 10:30:41 EXEC SPC_COM_GET_COMBOBOX 'unit_q_div';
2018-02-12 10:30:42 EXEC SPC_COM_GET_COMBOBOX 'unit_m_div';
2018-02-12 10:40:05 EXEC SPC_COM_GET_COMBOBOX 'pi_status_div';
2018-02-12 10:40:08 EXEC SPC_002_PI_SEARCH_FND1 '','','','','','','','10','1','10';
2018-02-12 10:40:13 EXEC SPC_COM_GET_COMBOBOX 'port_country_div';
2018-02-12 10:40:14 EXEC SPC_COM_GET_COMBOBOX 'unit_q_div';
2018-02-12 10:40:14 EXEC SPC_COM_GET_COMBOBOX 'unit_w_div';
2018-02-12 10:40:14 EXEC SPC_COM_GET_COMBOBOX 'trade_terms_div';
2018-02-12 10:40:14 EXEC SPC_COM_GET_COMBOBOX 'currency_div';
2018-02-12 10:40:14 EXEC SPC_COM_GET_COMBOBOX 'payment_conditions_div';
2018-02-12 10:40:14 EXEC SPC_COM_GET_COMBOBOX 'shipment_div';
2018-02-12 10:40:15 EXEC SPC_COM_GET_COMBOBOX 'unit_m_div';
2018-02-12 10:40:15 EXEC SPC_COM_GET_COMBOBOX 'port_city_div';
2018-02-12 10:40:15 EXEC SPC_COM_GET_COMBOBOX 'sales_detail_div';
2018-02-12 10:40:15 EXEC SPC_COM_GET_COMBOBOX 'bank_div';
2018-02-12 10:40:15 EXEC SPC_GET_TAX_RATE '2018/02/12';
2018-02-12 10:40:15 EXEC SPC_001_PI_DETAIL_INQ1 'RT-130827001';
2018-02-12 10:40:16 EXEC SPC_COM_GET_COMBOBOX 'sales_detail_div';
2018-02-12 10:40:16 EXEC SPC_COM_GET_COMBOBOX 'unit_w_div';
2018-02-12 10:40:16 EXEC SPC_COM_GET_COMBOBOX 'unit_m_div';
2018-02-12 10:40:16 EXEC SPC_GET_TAX_RATE '2013/08/27';
2018-02-12 10:40:16 EXEC SPC_COM_GET_COMBOBOX 'unit_q_div';
2018-02-12 10:40:30 EXEC SPC_073_LOGIN_ACT1 '001','123456';
2018-02-12 10:40:30 EXEC SPC_GET_CONSTANT '';
2018-02-12 10:40:39 EXEC SPC_COM_GET_COMBOBOX 'pi_status_div';
2018-02-12 10:43:38 EXEC SPC_002_PI_SEARCH_FND1 '','','','','','','','','1','10';
2018-02-12 10:44:31 EXEC SPC_COM_GET_COMBOBOX 'pi_status_div';
2018-02-12 10:44:32 EXEC SPC_002_PI_SEARCH_FND1 '','','','','','','','','1','10';
2018-02-12 10:59:33 EXEC SPC_GET_TAX_RATE '';
2018-02-12 11:00:08 EXEC SPC_031_PURCHASE_REQUEST_DETAIL_INQ1 'KI201802090032';
2018-02-12 11:00:09 EXEC SPC_GET_TAX_RATE '2018-02-24';
2018-02-12 11:00:41 EXEC SPC_031_PURCHASE_REQUEST_DETAIL_INQ1 'KI201802090021';
2018-02-12 11:00:42 EXEC SPC_GET_TAX_RATE '2018-02-17';
2018-02-12 11:01:27 EXEC SPC_031_PURCHASE_REQUEST_DETAIL_ACT1 'U','KI201802090021','','2018-02-17','001','111','111','2018-02-24','111','[{"buy_detail_no":"1","parts_cd":"000121","buy_qty":"10","buy_unit_price":"10","buy_detail_amt":"10","buy_detail_tax":"0","detail_remarks":"1"}]','0','0','0','001','031_purchase_request-detail','192.168.5.206';
2018-02-12 11:01:28 EXEC SPC_031_PURCHASE_REQUEST_DETAIL_INQ1 'KI201802090021';
2018-02-12 11:01:28 EXEC SPC_GET_TAX_RATE '2018-02-17';
2018-02-12 11:35:56 EXEC SPC_GET_TAX_RATE '';
2018-02-12 11:36:05 EXEC SPC_031_PURCHASE_REQUEST_DETAIL_INQ1 '`';
2018-02-12 11:36:10 EXEC SPC_GET_TAX_RATE '';
2018-02-12 11:57:04 EXEC SPC_COM_GET_COMBOBOX 'possible_div';
2018-02-12 11:57:08 EXEC SPC_057_LIBRARY_MASTER_SEARCH_FND1 'buy_status_div','','','','','1','10';
2018-02-12 11:57:35 EXEC SPC_057_LIBRARY_MASTER_SEARCH_FND1 'pi_status_div','','','','','1','10';
2018-02-12 11:57:56 EXEC SPC_057_LIBRARY_MASTER_SEARCH_FND1 'status_div','','','','','1','10';
2018-02-12 11:58:07 EXEC SPC_057_LIBRARY_MASTER_SEARCH_FND1 'status_div','','','','','2','10';
2018-02-12 11:58:13 EXEC SPC_057_LIBRARY_MASTER_SEARCH_FND1 'status_div','','','','','1','10';
2018-02-12 12:35:53 EXEC SPC_057_LIBRARY_MASTER_SEARCH_FND1 'status','','','','','1','10';
2018-02-12 12:35:55 EXEC SPC_057_LIBRARY_MASTER_SEARCH_FND1 'status','','','','','3','10';
2018-02-12 12:35:58 EXEC SPC_057_LIBRARY_MASTER_SEARCH_FND1 'status','','','','','2','10';
2018-02-12 12:40:31 EXEC SPC_GET_TAX_RATE '';
2018-02-12 12:40:40 EXEC SPC_031_PURCHASE_REQUEST_DETAIL_INQ1 'KI201802090032';
2018-02-12 12:40:41 EXEC SPC_GET_TAX_RATE '2018-02-24';
2018-02-12 14:54:42 EXEC SPC_GET_TAX_RATE '';
2018-02-12 14:56:35 EXEC SPC_031_PURCHASE_REQUEST_DETAIL_INQ1 'KI201802090032';
2018-02-12 14:56:57 EXEC SPC_031_PURCHASE_REQUEST_DETAIL_INQ1 'KI201802090031';
2018-02-12 14:56:57 EXEC SPC_GET_TAX_RATE '2018-02-24';
2018-02-12 14:56:59 EXEC SPC_031_PURCHASE_REQUEST_DETAIL_INQ1 'KI201802090032';
2018-02-12 14:57:00 EXEC SPC_GET_TAX_RATE '2018-02-24';
2018-02-12 14:57:34 EXEC SPC_031_PURCHASE_REQUEST_DETAIL_ACT1 'U','KI201802090032','10','2018-02-24','1111','66666','6666','2018-02-17','','[{"buy_detail_no":"1","parts_cd":"000123","buy_qty":"1111","buy_unit_price":"1111","buy_detail_amt":"1111","buy_detail_tax":"0","detail_remarks":"14812"},{"buy_detail_no":"2","parts_cd":"000122","buy_qty":"100","buy_unit_price":"100","buy_detail_amt":"10000","buy_detail_tax":"0","detail_remarks":"120"}]','0','0','0','','031_purchase_request-detail','';
2018-02-12 14:57:35 EXEC SPC_031_PURCHASE_REQUEST_DETAIL_INQ1 'KI201802090032';
2018-02-12 14:57:35 EXEC SPC_GET_TAX_RATE '2018-02-24';
2018-02-12 14:58:14 EXEC SPC_073_LOGIN_ACT1 '001','123456';
2018-02-12 14:58:14 EXEC SPC_GET_CONSTANT '';
2018-02-12 14:58:33 EXEC SPC_GET_TAX_RATE '';
2018-02-12 14:58:39 EXEC SPC_031_PURCHASE_REQUEST_DETAIL_INQ1 'KI201802090032';
2018-02-12 14:58:40 EXEC SPC_GET_TAX_RATE '2018-02-24';
2018-02-12 14:58:42 EXEC SPC_031_PURCHASE_REQUEST_DETAIL_ACT1 'U','KI201802090032','10','2018-02-24','1111','66666','6666','2018-02-17','','[{"buy_detail_no":"1","parts_cd":"000123","buy_qty":"1111","buy_unit_price":"1111","buy_detail_amt":"1111","buy_detail_tax":"0","detail_remarks":"14812"},{"buy_detail_no":"2","parts_cd":"000122","buy_qty":"100","buy_unit_price":"100","buy_detail_amt":"10000","buy_detail_tax":"0","detail_remarks":"120"}]','0','0','0','001','031_purchase_request-detail','192.168.5.206';
2018-02-12 14:58:43 EXEC SPC_031_PURCHASE_REQUEST_DETAIL_INQ1 'KI201802090032';
2018-02-12 14:58:44 EXEC SPC_GET_TAX_RATE '2018-02-24';
2018-02-12 15:07:17 EXEC SPC_GET_TAX_RATE '';
2018-02-12 15:07:22 EXEC SPC_055_SUPPLIERS_MASTER_SEARCH_FND1 '','','','','','','0','0','0','1','10';
2018-02-12 15:07:23 EXEC SPC_REFER_CLIENT_CD '001';
2018-02-12 15:07:32 EXEC SPC_GET_TAX_RATE '2018/02/16';
2018-02-12 15:07:35 EXEC SPC_069_COMPONENT_MASTER_SEARCH_FND1 '','','','1','10';
2018-02-12 15:07:46 EXEC SPC_069_COMPONENT_MASTER_SEARCH_FND1 '','','','1','10';
2018-02-12 15:08:09 EXEC SPC_GET_TAX_RATE '';
2018-02-12 15:08:13 EXEC SPC_055_SUPPLIERS_MASTER_SEARCH_FND1 '','','','','','','0','0','0','1','10';
2018-02-12 15:08:14 EXEC SPC_REFER_CLIENT_CD '001';
2018-02-12 15:08:20 EXEC SPC_GET_TAX_RATE '2018/02/20';
2018-02-12 15:08:24 EXEC SPC_069_COMPONENT_MASTER_SEARCH_FND1 '','','','1','10';
2018-02-12 15:08:29 EXEC SPC_031_PURCHASE_REQUEST_DETAIL_ACT1 'I','','10','2018/02/20','001','10','10','2018/02/03','10','[{"buy_detail_no":"1","parts_cd":"20501","buy_qty":"10","buy_unit_price":"10","buy_detail_amt":"100","buy_detail_tax":"0","detail_remarks":"1"}]','100','1','101','001','031_purchase_request-detail','192.168.5.206';
2018-02-12 15:08:30 EXEC SPC_031_PURCHASE_REQUEST_DETAIL_INQ1 'KI201802120001';
2018-02-12 15:08:30 EXEC SPC_GET_TAX_RATE '2018-02-20';
2018-02-12 15:12:14 EXEC SPC_GET_TAX_RATE '2018/02/24';
2018-02-12 15:35:57 EXEC SPC_GET_TAX_RATE '';
2018-02-12 15:36:02 EXEC SPC_055_SUPPLIERS_MASTER_SEARCH_FND1 '','','','','','','0','0','0','1','10';
2018-02-12 15:36:03 EXEC SPC_REFER_CLIENT_CD '1111';
2018-02-12 15:36:10 EXEC SPC_GET_TAX_RATE '2018/02/28';
2018-02-12 15:36:13 EXEC SPC_069_COMPONENT_MASTER_SEARCH_FND1 '','','','1','10';
2018-02-12 15:37:17 EXEC SPC_GET_TAX_RATE '';
2018-02-12 15:37:37 EXEC SPC_055_SUPPLIERS_MASTER_SEARCH_FND1 '','','','','','','0','0','0','1','10';
2018-02-12 15:37:39 EXEC SPC_REFER_CLIENT_CD 'ape76';
2018-02-12 15:37:44 EXEC SPC_GET_TAX_RATE '2018/02/24';
2018-02-12 15:37:51 EXEC SPC_069_COMPONENT_MASTER_SEARCH_FND1 '','','','1','10';
2018-02-12 15:41:06 EXEC SPC_GET_TAX_RATE '';
2018-02-12 15:41:16 EXEC SPC_055_SUPPLIERS_MASTER_SEARCH_FND1 '','','','','','','0','0','0','1','10';
2018-02-12 15:41:18 EXEC SPC_REFER_CLIENT_CD '1111';
2018-02-12 15:41:20 EXEC SPC_GET_TAX_RATE '2018/02/24';
2018-02-12 15:41:27 EXEC SPC_069_COMPONENT_MASTER_SEARCH_FND1 '','','','1','10';
2018-02-12 15:41:32 EXEC SPC_031_PURCHASE_REQUEST_DETAIL_ACT1 'I','','10','2018/02/24','1111','444','444','2018/02/17','444','[{"buy_detail_no":"1","parts_cd":"20502","buy_qty":"44","buy_unit_price":"44","buy_detail_amt":"1936","buy_detail_tax":"0","detail_remarks":"23"}]','1936','0','23','1959','001','031_purchase_request-detail','192.168.5.206';
2018-02-12 15:41:33 EXEC SPC_031_PURCHASE_REQUEST_DETAIL_INQ1 'KI201802120002';
2018-02-12 15:41:34 EXEC SPC_GET_TAX_RATE '2018-02-24';
2018-02-12 15:43:06 EXEC SPC_GET_TAX_RATE '2018/02/24';
2018-02-12 15:43:08 EXEC SPC_031_PURCHASE_REQUEST_DETAIL_ACT1 'I','KI201802120002','10','2018/02/24','1111','444','444','2018-02-17','444','[{"buy_detail_no":"1","parts_cd":"20502","buy_qty":"44","buy_unit_price":"44","buy_detail_amt":"1936","buy_detail_tax":"0","detail_remarks":"23"}]','1936','0','23','1959','001','031_purchase_request-detail','192.168.5.206';
2018-02-12 15:43:09 EXEC SPC_031_PURCHASE_REQUEST_DETAIL_INQ1 'KI201802120003';
2018-02-12 15:43:10 EXEC SPC_GET_TAX_RATE '2018-02-24';
2018-02-12 15:43:29 EXEC SPC_GET_TAX_RATE '';
2018-02-12 15:43:35 EXEC SPC_GET_TAX_RATE '';
2018-02-12 15:43:39 EXEC SPC_055_SUPPLIERS_MASTER_SEARCH_FND1 '','','','','','','0','0','0','1','10';
2018-02-12 15:43:40 EXEC SPC_REFER_CLIENT_CD '1111';
2018-02-12 15:43:44 EXEC SPC_GET_TAX_RATE '2018/02/17';
2018-02-12 15:43:53 EXEC SPC_069_COMPONENT_MASTER_SEARCH_FND1 '','','','1','10';
2018-02-12 15:43:58 EXEC SPC_031_PURCHASE_REQUEST_DETAIL_ACT1 'I','','10','2018/02/17','1111','aa','aa','2018/02/17','aa','[{"buy_detail_no":"1","parts_cd":"20504","buy_qty":"10","buy_unit_price":"10","buy_detail_amt":"100","buy_detail_tax":"0","detail_remarks":"1"}]','100','0','1','101','001','031_purchase_request-detail','192.168.5.206';
2018-02-12 15:44:00 EXEC SPC_031_PURCHASE_REQUEST_DETAIL_INQ1 'KI201802120004';
2018-02-12 15:44:00 EXEC SPC_GET_TAX_RATE '2018-02-17';
2018-02-12 15:44:06 EXEC SPC_GET_TAX_RATE '2018/02/24';
2018-02-12 15:44:08 EXEC SPC_031_PURCHASE_REQUEST_DETAIL_ACT1 'I','KI201802120004','10','2018/02/24','1111','aa','aa','2018-02-17','aa','[{"buy_detail_no":"1","parts_cd":"20504","buy_qty":"10","buy_unit_price":"10","buy_detail_amt":"100","buy_detail_tax":"0","detail_remarks":"1"}]','100','0','1','101','001','031_purchase_request-detail','192.168.5.206';
2018-02-12 15:44:09 EXEC SPC_031_PURCHASE_REQUEST_DETAIL_INQ1 'KI201802120005';
2018-02-12 15:44:09 EXEC SPC_GET_TAX_RATE '2018-02-24';
2018-02-12 15:44:18 EXEC SPC_GET_TAX_RATE '';
2018-02-12 15:53:17 EXEC SPC_GET_TAX_RATE '';
2018-02-12 15:53:20 EXEC SPC_031_PURCHASE_REQUEST_DETAIL_INQ1 'KI201802120005';
2018-02-12 15:53:20 EXEC SPC_GET_TAX_RATE '2018-02-24';
2018-02-12 15:56:37 EXEC SPC_GET_TAX_RATE '';
2018-02-12 15:56:44 EXEC SPC_031_PURCHASE_REQUEST_DETAIL_INQ1 'KI201802120004';
2018-02-12 15:56:44 EXEC SPC_GET_TAX_RATE '2018-02-17';
2018-02-12 15:56:46 EXEC SPC_031_PURCHASE_REQUEST_DETAIL_INQ1 'KI201802120005';
2018-02-12 15:56:47 EXEC SPC_GET_TAX_RATE '2018-02-24';
2018-02-12 15:57:21 EXEC SPC_GET_TAX_RATE '';
2018-02-12 15:57:25 EXEC SPC_GET_TAX_RATE '2018/02/24';
2018-02-12 15:57:28 EXEC SPC_055_SUPPLIERS_MASTER_SEARCH_FND1 '','','','','','','0','0','0','1','10';
2018-02-12 15:57:30 EXEC SPC_REFER_CLIENT_CD '666';
2018-02-12 15:57:39 EXEC SPC_069_COMPONENT_MASTER_SEARCH_FND1 '','','','1','10';
2018-02-12 15:58:42 EXEC SPC_GET_TAX_RATE '';
2018-02-12 15:58:46 EXEC SPC_055_SUPPLIERS_MASTER_SEARCH_FND1 '','','','','','','0','0','0','1','10';
2018-02-12 15:58:49 EXEC SPC_REFER_CLIENT_CD '666';
2018-02-12 15:58:53 EXEC SPC_GET_TAX_RATE '2018/02/22';
2018-02-12 15:59:04 EXEC SPC_069_COMPONENT_MASTER_SEARCH_FND1 '','','','1','10';
2018-02-12 15:59:17 EXEC SPC_069_COMPONENT_MASTER_SEARCH_FND1 '','','','1','10';
2018-02-12 15:59:27 EXEC SPC_031_PURCHASE_REQUEST_DETAIL_ACT1 'I','','10','2018/02/22','666','ppp','ppp','2018/02/24','ppp','[{"buy_detail_no":"1","parts_cd":"20501","buy_qty":"20","buy_unit_price":"20","buy_detail_amt":"400","buy_detail_tax":"5","detail_remarks":"abc"},{"buy_detail_no":"2","parts_cd":"20505","buy_qty":"70","buy_unit_price":"10","buy_detail_amt":"700","buy_detail_tax":"8","detail_remarks":"0"}]','1100','58','13','1113','001','031_purchase_request-detail','192.168.5.206';
2018-02-12 15:59:28 EXEC SPC_031_PURCHASE_REQUEST_DETAIL_INQ1 'KI201802120006';
2018-02-12 15:59:28 EXEC SPC_GET_TAX_RATE '2018-02-22';
2018-02-12 16:00:42 EXEC SPC_GET_TAX_RATE '';
2018-02-12 16:00:43 EXEC SPC_031_PURCHASE_REQUEST_DETAIL_INQ1 'KI201802120006';
2018-02-12 16:00:44 EXEC SPC_GET_TAX_RATE '2018-02-22';
2018-02-12 16:02:47 EXEC SPC_GET_TAX_RATE '';
2018-02-12 16:02:52 EXEC SPC_031_PURCHASE_REQUEST_DETAIL_INQ1 'KI201802120006';
2018-02-12 16:02:52 EXEC SPC_GET_TAX_RATE '2018-02-22';
2018-02-12 16:03:30 EXEC SPC_031_PURCHASE_REQUEST_DETAIL_ACT1 'U','KI201802120006','10','2018-02-22','666','ppp','ppp','2018-02-24','ppp','[{"buy_detail_no":"1","parts_cd":"20501","buy_qty":"20","buy_unit_price":"20","buy_detail_amt":"400","buy_detail_tax":"5","detail_remarks":"abc"},{"buy_detail_no":"2","parts_cd":"20505","buy_qty":"70","buy_unit_price":"10","buy_detail_amt":"700","buy_detail_tax":"8","detail_remarks":"0"}]','1100','58','13','1113','001','031_purchase_request-detail','192.168.5.206';
2018-02-12 16:03:31 EXEC SPC_031_PURCHASE_REQUEST_DETAIL_INQ1 'KI201802120006';
2018-02-12 16:03:31 EXEC SPC_GET_TAX_RATE '2018-02-22';
2018-02-12 16:08:52 EXEC SPC_031_PURCHASE_REQUEST_DETAIL_ACT1 'U','KI201802120006','10','2018-02-22','666','ppp','ppp','2018-02-24','ppp','[{"buy_detail_no":"1","parts_cd":"20501","buy_qty":"20","buy_unit_price":"20","buy_detail_amt":"400","buy_detail_tax":"5","detail_remarks":"abc"},{"buy_detail_no":"2","parts_cd":"20505","buy_qty":"70","buy_unit_price":"10","buy_detail_amt":"700","buy_detail_tax":"8","detail_remarks":"0"}]','1100','58','13','1113','001','031_purchase_request-detail','192.168.5.206';
2018-02-12 16:08:53 EXEC SPC_031_PURCHASE_REQUEST_DETAIL_INQ1 'KI201802120006';
2018-02-12 16:08:53 EXEC SPC_GET_TAX_RATE '2018-02-22';
2018-02-12 16:13:31 EXEC SPC_031_PURCHASE_REQUEST_DETAIL_ACT1 'U','KI201802120006','10','2018-02-22','666','ppp','ppp','2018-02-24','ppp','[{"buy_detail_no":"1","parts_cd":"20501","buy_qty":"20","buy_unit_price":"20","buy_detail_amt":"400","buy_detail_tax":"5","detail_remarks":"abc"},{"buy_detail_no":"2","parts_cd":"20505","buy_qty":"70","buy_unit_price":"10","buy_detail_amt":"700","buy_detail_tax":"8","detail_remarks":"0"}]','1100','58','13','1113','001','031_purchase_request-detail','192.168.5.206';
2018-02-12 16:13:32 EXEC SPC_031_PURCHASE_REQUEST_DETAIL_INQ1 'KI201802120006';
2018-02-12 16:13:33 EXEC SPC_GET_TAX_RATE '2018-02-22';
2018-02-12 16:13:44 EXEC SPC_031_PURCHASE_REQUEST_DETAIL_ACT1 'U','KI201802120006','10','2018-02-22','666','ppp','ppp','2018-02-24','ppp','[{"buy_detail_no":"1","parts_cd":"20501","buy_qty":"20","buy_unit_price":"20","buy_detail_amt":"400","buy_detail_tax":"5","detail_remarks":"abc"},{"buy_detail_no":"2","parts_cd":"20505","buy_qty":"70","buy_unit_price":"999999","buy_detail_amt":"69999930","buy_detail_tax":"839999","detail_remarks":"0"}]','70000330','5839999','840004','70840334','001','031_purchase_request-detail','192.168.5.206';
2018-02-12 16:13:45 EXEC SPC_031_PURCHASE_REQUEST_DETAIL_INQ1 'KI201802120006';
2018-02-12 16:13:46 EXEC SPC_GET_TAX_RATE '2018-02-22';
2018-02-12 16:14:21 EXEC SPC_031_PURCHASE_REQUEST_DETAIL_ACT1 'U','KI201802120006','10','2018-02-22','666','ppp','ppp','2018-02-24','ppp','[{"buy_detail_no":"1","parts_cd":"20501","buy_qty":"20","buy_unit_price":"20","buy_detail_amt":"400","buy_detail_tax":"5","detail_remarks":"abc"},{"buy_detail_no":"2","parts_cd":"666666","buy_qty":"70","buy_unit_price":"999999","buy_detail_amt":"69999930","buy_detail_tax":"839999","detail_remarks":"0"}]','70000330','5839999','840004','70840334','001','031_purchase_request-detail','192.168.5.206';
2018-02-12 16:14:27 EXEC SPC_GET_TAX_RATE '';
2018-02-12 16:14:32 EXEC SPC_031_PURCHASE_REQUEST_DETAIL_INQ1 'KI201802120005';
2018-02-12 16:14:33 EXEC SPC_GET_TAX_RATE '2018-02-24';
2018-02-12 16:14:34 EXEC SPC_031_PURCHASE_REQUEST_DETAIL_INQ1 'KI201802120006';
2018-02-12 16:14:35 EXEC SPC_GET_TAX_RATE '2018-02-22';
2018-02-12 16:20:03 EXEC SPC_008_PROVISIONAL_SHIPMENT_SEARCH_FND1 '','','','','','1','10';
2018-02-12 19:16:23 EXEC SPC_GET_TAX_RATE '';
2018-02-12 19:16:39 EXEC SPC_031_PURCHASE_REQUEST_DETAIL_INQ2 '1111';
2018-02-12 19:17:50 EXEC SPC_055_SUPPLIERS_MASTER_SEARCH_FND1 '','','','','','','0','0','0','1','10';
2018-02-12 19:17:52 EXEC SPC_REFER_CLIENT_CD '001';
2018-02-12 19:17:55 EXEC SPC_031_PURCHASE_REQUEST_DETAIL_INQ2 '2222';
2018-02-12 19:18:00 EXEC SPC_069_COMPONENT_MASTER_SEARCH_FND1 '','','','1','10';
2018-02-12 19:18:02 EXEC SPC_031_PURCHASE_REQUEST_DETAIL_INQ2 '20503';
2018-02-12 19:18:35 EXEC SPC_GET_TAX_RATE '';
2018-02-12 19:18:40 EXEC SPC_055_SUPPLIERS_MASTER_SEARCH_FND1 '','','','','','','0','0','0','1','10';
2018-02-12 19:18:59 EXEC SPC_069_COMPONENT_MASTER_SEARCH_FND1 '','','','1','10';
2018-02-12 19:19:00 EXEC SPC_031_PURCHASE_REQUEST_DETAIL_INQ2 '','000122';
2018-02-12 19:21:49 EXEC SPC_055_SUPPLIERS_MASTER_SEARCH_FND1 '','','','','','','0','0','0','1','10';
2018-02-12 19:21:51 EXEC SPC_REFER_CLIENT_CD '001';
2018-02-12 19:21:54 EXEC SPC_069_COMPONENT_MASTER_SEARCH_FND1 '','','','1','10';
2018-02-12 19:21:56 EXEC SPC_031_PURCHASE_REQUEST_DETAIL_INQ2 '001','20501';
2018-02-12 19:22:42 EXEC SPC_031_PURCHASE_REQUEST_DETAIL_INQ2 '001','20502';
2018-02-12 19:22:49 EXEC SPC_031_PURCHASE_REQUEST_DETAIL_INQ2 '001','20501';
2018-02-12 19:23:51 EXEC SPC_GET_TAX_RATE '';
2018-02-12 19:23:55 EXEC SPC_055_SUPPLIERS_MASTER_SEARCH_FND1 '','','','','','','0','0','0','1','10';
2018-02-12 19:23:56 EXEC SPC_REFER_CLIENT_CD '001';
2018-02-12 19:23:59 EXEC SPC_069_COMPONENT_MASTER_SEARCH_FND1 '','','','1','10';
2018-02-12 19:24:00 EXEC SPC_031_PURCHASE_REQUEST_DETAIL_INQ2 '20502','001';
2018-02-12 19:56:13 EXEC SPC_GET_TAX_RATE '';
2018-02-12 19:56:14 EXEC SPC_069_COMPONENT_MASTER_SEARCH_FND1 '','','','1','10';
2018-02-12 19:56:16 EXEC SPC_031_PURCHASE_REQUEST_DETAIL_INQ2 '20504','';
2018-02-12 19:56:31 EXEC SPC_GET_TAX_RATE '';
2018-02-12 19:57:17 EXEC SPC_GET_TAX_RATE '';
2018-02-12 19:57:21 EXEC SPC_069_COMPONENT_MASTER_SEARCH_FND1 '','','','1','10';
2018-02-12 19:57:22 EXEC SPC_031_PURCHASE_REQUEST_DETAIL_INQ2 '20501','';
2018-02-12 19:57:45 EXEC SPC_GET_TAX_RATE '';
2018-02-12 19:57:48 EXEC SPC_069_COMPONENT_MASTER_SEARCH_FND1 '','','','1','10';
2018-02-12 19:57:51 EXEC SPC_031_PURCHASE_REQUEST_DETAIL_INQ2 '003','';
2018-02-12 19:57:57 EXEC SPC_069_COMPONENT_MASTER_SEARCH_FND1 '','','','1','10';
2018-02-12 19:57:59 EXEC SPC_031_PURCHASE_REQUEST_DETAIL_INQ2 '000121','';
2018-02-12 19:58:05 EXEC SPC_069_COMPONENT_MASTER_SEARCH_FND1 '','','','1','10';
2018-02-12 19:58:07 EXEC SPC_031_PURCHASE_REQUEST_DETAIL_INQ2 '20503','';
2018-02-12 19:58:39 EXEC SPC_031_PURCHASE_REQUEST_DETAIL_INQ1 'KI201802120006';
2018-02-12 19:58:40 EXEC SPC_GET_TAX_RATE '2018-02-22';
2018-02-12 19:59:09 EXEC SPC_069_COMPONENT_MASTER_SEARCH_FND1 '','','','1','10';
2018-02-12 19:59:11 EXEC SPC_031_PURCHASE_REQUEST_DETAIL_INQ2 '20501','666';
2018-02-12 19:59:37 EXEC SPC_069_COMPONENT_MASTER_SEARCH_FND1 '','','','1','10';
2018-02-12 19:59:39 EXEC SPC_031_PURCHASE_REQUEST_DETAIL_INQ2 '000123','666';
2018-02-12 19:59:43 EXEC SPC_069_COMPONENT_MASTER_SEARCH_FND1 '','','','1','10';
2018-02-12 19:59:45 EXEC SPC_031_PURCHASE_REQUEST_DETAIL_INQ2 '20501','666';
2018-02-12 19:59:55 EXEC SPC_031_PURCHASE_REQUEST_DETAIL_ACT1 'U','KI201802120006','10','2018-02-22','666','ppp','ppp','2018-02-24','ppp','[{"buy_detail_no":"1","parts_cd":"000123","buy_qty":"20","buy_unit_price":"10","buy_detail_amt":"200","buy_detail_tax":"2","detail_remarks":"abc"},{"buy_detail_no":"2","parts_cd":"20501","buy_qty":"70","buy_unit_price":"10","buy_detail_amt":"700","buy_detail_tax":"8","detail_remarks":"0"},{"buy_detail_no":"3","parts_cd":"20501","buy_qty":"10","buy_unit_price":"10","buy_detail_amt":"100","buy_detail_tax":"1","detail_remarks":"0"}]','1000','281','12','1012','','031_purchase_request-detail','';
2018-02-12 19:59:56 EXEC SPC_031_PURCHASE_REQUEST_DETAIL_INQ1 'KI201802120006';
2018-02-12 19:59:57 EXEC SPC_GET_TAX_RATE '2018-02-22';
2018-02-12 20:03:40 EXEC SPC_GET_TAX_RATE '';
2018-02-12 20:03:44 EXEC SPC_031_PURCHASE_REQUEST_DETAIL_INQ1 'KI201802120005';
2018-02-12 20:03:44 EXEC SPC_GET_TAX_RATE '2018-02-24';
2018-02-12 20:03:47 EXEC SPC_031_PURCHASE_REQUEST_DETAIL_INQ1 'KI201802120006';
2018-02-12 20:03:47 EXEC SPC_GET_TAX_RATE '2018-02-22';
