2018-04-12 10:26:47 EXEC SPC_COM_GET_COMBOBOX 'port_city_div';
2018-04-12 10:26:47 EXEC SPC_COM_GET_COMBOBOX 'trade_terms_div';
2018-04-12 10:26:47 EXEC SPC_COM_GET_COMBOBOX 'payment_conditions_div';
2018-04-12 10:26:48 EXEC SPC_COM_GET_COMBOBOX 'currency_div';
2018-04-12 10:26:48 EXEC SPC_COM_GET_COMBOBOX 'port_country_div';
2018-04-12 10:26:48 EXEC SPC_COM_GET_COMBOBOX 'sales_detail_div';
2018-04-12 10:26:48 EXEC SPC_COM_GET_COMBOBOX 'unit_q_div';
2018-04-12 10:26:49 EXEC SPC_COM_GET_COMBOBOX 'unit_w_div';
2018-04-12 10:26:49 EXEC SPC_COM_GET_COMBOBOX 'unit_m_div';
2018-04-12 10:26:49 EXEC SPC_GET_TAX_RATE '2018/04/11';
2018-04-12 10:26:49 EXEC SPC_COM_GET_COMBOBOX 'storage_manager_div';
2018-04-12 10:28:30 EXEC SPC_073_LOGIN_ACT1 '001','123456';
2018-04-12 10:28:30 EXEC SPC_GET_CONSTANT '';
2018-04-12 10:48:17 EXEC SPC_COM_GET_COMBOBOX 'inv_data_div';
2018-04-12 10:50:32 EXEC SPC_COM_GET_COMBOBOX 'port_city_div';
2018-04-12 10:50:32 EXEC SPC_COM_GET_COMBOBOX 'shipment_div';
2018-04-12 10:50:32 EXEC SPC_COM_GET_COMBOBOX 'currency_div';
2018-04-12 10:50:32 EXEC SPC_COM_GET_COMBOBOX 'port_country_div';
2018-04-12 10:50:32 EXEC SPC_COM_GET_COMBOBOX 'trade_terms_div';
2018-04-12 10:50:33 EXEC SPC_COM_GET_COMBOBOX 'payment_conditions_div';
2018-04-12 10:50:33 EXEC SPC_COM_GET_COMBOBOX 'unit_q_div';
2018-04-12 10:50:33 EXEC SPC_COM_GET_COMBOBOX 'sales_detail_div';
2018-04-12 10:50:33 EXEC SPC_COM_GET_COMBOBOX 'storage_manager_div';
2018-04-12 10:50:33 EXEC SPC_COM_GET_COMBOBOX 'unit_m_div';
2018-04-12 10:50:33 EXEC SPC_GET_TAX_RATE '2018/04/12';
2018-04-12 11:34:13 EXEC SPC_COM_GET_COMBOBOX 'port_country_div';
2018-04-12 11:34:13 EXEC SPC_COM_GET_COMBOBOX 'unit_q_div';
2018-04-12 11:34:14 EXEC SPC_COM_GET_COMBOBOX 'sales_detail_div';
2018-04-12 11:34:14 EXEC SPC_COM_GET_COMBOBOX 'shipment_div';
2018-04-12 11:34:14 EXEC SPC_COM_GET_COMBOBOX 'currency_div';
2018-04-12 11:34:14 EXEC SPC_COM_GET_COMBOBOX 'trade_terms_div';
2018-04-12 11:34:14 EXEC SPC_COM_GET_COMBOBOX 'unit_w_div';
2018-04-12 11:34:14 EXEC SPC_COM_GET_COMBOBOX 'port_city_div';
2018-04-12 11:34:14 EXEC SPC_GET_TAX_RATE '2018/04/12';
2018-04-12 11:34:14 EXEC SPC_COM_GET_COMBOBOX 'unit_m_div';
2018-04-12 12:07:21 EXEC SPC_COM_GET_COMBOBOX 'port_city_div';
2018-04-12 12:07:21 EXEC SPC_COM_GET_COMBOBOX 'sales_detail_div';
2018-04-12 12:07:22 EXEC SPC_COM_GET_COMBOBOX 'port_country_div';
2018-04-12 12:07:22 EXEC SPC_COM_GET_COMBOBOX 'unit_q_div';
2018-04-12 12:07:22 EXEC SPC_COM_GET_COMBOBOX 'currency_div';
2018-04-12 12:07:22 EXEC SPC_COM_GET_COMBOBOX 'payment_conditions_div';
2018-04-12 12:07:22 EXEC SPC_COM_GET_COMBOBOX 'trade_terms_div';
2018-04-12 12:07:22 EXEC SPC_COM_GET_COMBOBOX 'shipment_div';
2018-04-12 12:07:22 EXEC SPC_COM_GET_COMBOBOX 'unit_m_div';
2018-04-12 12:07:22 EXEC SPC_COM_GET_COMBOBOX 'storage_manager_div';
2018-04-12 12:07:22 EXEC SPC_COM_GET_COMBOBOX 'unit_w_div';
2018-04-12 12:07:22 EXEC SPC_GET_TAX_RATE '2018/04/12';
2018-04-12 12:07:26 EXEC SPC_COM_GET_COMBOBOX 'fwd_status_div';
2018-04-12 12:07:28 EXEC SPC_011_SHIPMENT_SEARCH_FND1 '','','','','','','1','10';
2018-04-12 12:07:30 EXEC SPC_014_INVOICE_DETAIL_INQ2 'S-18030001';
2018-04-12 12:07:36 EXEC SPC_COM_GET_COMBOBOX 'fwd_status_div';
2018-04-12 12:07:38 EXEC SPC_011_SHIPMENT_SEARCH_FND1 '','','','','','20','1','10';
2018-04-12 12:07:40 EXEC SPC_014_INVOICE_DETAIL_INQ2 'S-18030004';
2018-04-12 12:07:40 EXEC SPC_COM_GET_COMBOBOX 'unit_m_div';
2018-04-12 12:07:40 EXEC SPC_COM_GET_COMBOBOX 'unit_q_div';
2018-04-12 12:07:40 EXEC SPC_COM_GET_COMBOBOX 'unit_w_div';
2018-04-12 12:07:40 EXEC SPC_COM_GET_COMBOBOX 'sales_detail_div';
2018-04-12 12:07:44 EXEC SPC_COM_GET_COMBOBOX 'fwd_status_div';
2018-04-12 12:08:30 EXEC SPC_011_SHIPMENT_SEARCH_FND1 '','','','','','10','1','10';
2018-04-12 12:08:31 EXEC SPC_014_INVOICE_DETAIL_INQ2 'S-18030002';
2018-04-12 12:08:46 EXEC SPC_COM_GET_COMBOBOX 'fwd_status_div';
2018-04-12 12:08:48 EXEC SPC_011_SHIPMENT_SEARCH_FND1 '','','','','','','1','10';
2018-04-12 12:08:55 EXEC SPC_011_SHIPMENT_SEARCH_FND1 '','','','','','90','1','10';
2018-04-12 12:08:59 EXEC SPC_011_SHIPMENT_SEARCH_FND1 '','','','','','91','1','10';
2018-04-12 12:09:01 EXEC SPC_011_SHIPMENT_SEARCH_FND1 '','','','','','20','1','10';
2018-04-12 12:09:04 EXEC SPC_011_SHIPMENT_SEARCH_FND1 '','','','','','20','13','10';
2018-04-12 12:09:06 EXEC SPC_014_INVOICE_DETAIL_INQ2 'S-18030026';
2018-04-12 12:09:07 EXEC SPC_COM_GET_COMBOBOX 'unit_w_div';
2018-04-12 12:09:07 EXEC SPC_COM_GET_COMBOBOX 'sales_detail_div';
2018-04-12 12:09:07 EXEC SPC_COM_GET_COMBOBOX 'unit_q_div';
2018-04-12 12:09:07 EXEC SPC_COM_GET_COMBOBOX 'unit_m_div';
2018-04-12 12:11:33 EXEC SPC_COM_GET_COMBOBOX 'port_city_div';
2018-04-12 12:11:33 EXEC SPC_COM_GET_COMBOBOX 'shipment_div';
2018-04-12 12:11:33 EXEC SPC_COM_GET_COMBOBOX 'trade_terms_div';
2018-04-12 12:11:33 EXEC SPC_COM_GET_COMBOBOX 'payment_conditions_div';
2018-04-12 12:11:33 EXEC SPC_COM_GET_COMBOBOX 'port_country_div';
2018-04-12 12:11:34 EXEC SPC_COM_GET_COMBOBOX 'sales_detail_div';
2018-04-12 12:11:34 EXEC SPC_COM_GET_COMBOBOX 'unit_m_div';
2018-04-12 12:11:34 EXEC SPC_COM_GET_COMBOBOX 'unit_q_div';
2018-04-12 12:11:34 EXEC SPC_COM_GET_COMBOBOX 'storage_manager_div';
2018-04-12 12:11:34 EXEC SPC_GET_TAX_RATE '2018/04/12';
2018-04-12 12:11:34 EXEC SPC_COM_GET_COMBOBOX 'unit_w_div';
2018-04-12 12:12:52 EXEC SPC_COM_GET_COMBOBOX 'fwd_status_div';
2018-04-12 12:12:54 EXEC SPC_011_SHIPMENT_SEARCH_FND1 '','','','','','','1','10';
2018-04-12 12:12:56 EXEC SPC_011_SHIPMENT_SEARCH_FND1 '','','','','','20','1','10';
2018-04-12 12:12:57 EXEC SPC_014_INVOICE_DETAIL_INQ2 'S-18030018';
2018-04-12 12:12:58 EXEC SPC_COM_GET_COMBOBOX 'unit_w_div';
2018-04-12 12:12:58 EXEC SPC_COM_GET_COMBOBOX 'unit_m_div';
2018-04-12 12:12:58 EXEC SPC_COM_GET_COMBOBOX 'sales_detail_div';
2018-04-12 12:12:58 EXEC SPC_COM_GET_COMBOBOX 'unit_q_div';
2018-04-12 12:13:06 EXEC SPC_COM_GET_COMBOBOX 'fwd_status_div';
2018-04-12 12:13:08 EXEC SPC_011_SHIPMENT_SEARCH_FND1 '','','','','','10','1','10';
2018-04-12 12:13:10 EXEC SPC_014_INVOICE_DETAIL_INQ2 'S-18030001';
2018-04-12 12:17:14 EXEC SPC_COM_GET_COMBOBOX 'port_city_div';
2018-04-12 12:17:14 EXEC SPC_COM_GET_COMBOBOX 'shipment_div';
2018-04-12 12:17:14 EXEC SPC_COM_GET_COMBOBOX 'currency_div';
2018-04-12 12:17:14 EXEC SPC_COM_GET_COMBOBOX 'port_country_div';
2018-04-12 12:17:14 EXEC SPC_COM_GET_COMBOBOX 'unit_q_div';
2018-04-12 12:17:14 EXEC SPC_COM_GET_COMBOBOX 'unit_m_div';
2018-04-12 12:17:14 EXEC SPC_COM_GET_COMBOBOX 'unit_w_div';
2018-04-12 12:17:14 EXEC SPC_COM_GET_COMBOBOX 'sales_detail_div';
2018-04-12 12:17:15 EXEC SPC_GET_TAX_RATE '2018/04/12';
2018-04-12 12:17:15 EXEC SPC_COM_GET_COMBOBOX 'storage_manager_div';
2018-04-12 12:17:15 EXEC SPC_COM_GET_COMBOBOX 'payment_conditions_div';
2018-04-12 12:17:15 EXEC SPC_COM_GET_COMBOBOX 'trade_terms_div';
2018-04-12 12:18:50 EXEC SPC_COM_GET_COMBOBOX 'port_country_div';
2018-04-12 12:18:50 EXEC SPC_COM_GET_COMBOBOX 'trade_terms_div';
2018-04-12 12:18:50 EXEC SPC_COM_GET_COMBOBOX 'shipment_div';
2018-04-12 12:18:50 EXEC SPC_COM_GET_COMBOBOX 'port_city_div';
2018-04-12 12:18:50 EXEC SPC_COM_GET_COMBOBOX 'payment_conditions_div';
2018-04-12 12:18:51 EXEC SPC_GET_TAX_RATE '2018/04/12';
2018-04-12 12:18:51 EXEC SPC_COM_GET_COMBOBOX 'sales_detail_div';
2018-04-12 12:18:51 EXEC SPC_COM_GET_COMBOBOX 'unit_w_div';
2018-04-12 12:18:51 EXEC SPC_COM_GET_COMBOBOX 'unit_m_div';
2018-04-12 12:18:51 EXEC SPC_COM_GET_COMBOBOX 'storage_manager_div';
2018-04-12 12:18:51 EXEC SPC_COM_GET_COMBOBOX 'unit_q_div';
2018-04-12 12:18:56 EXEC SPC_COM_GET_COMBOBOX 'fwd_status_div';
2018-04-12 12:18:57 EXEC SPC_011_SHIPMENT_SEARCH_FND1 '','','','','','','1','10';
2018-04-12 12:19:00 EXEC SPC_011_SHIPMENT_SEARCH_FND1 '','','','','','20','1','10';
2018-04-12 12:19:03 EXEC SPC_014_INVOICE_DETAIL_INQ2 'S-18030004';
2018-04-12 12:19:04 EXEC SPC_COM_GET_COMBOBOX 'unit_q_div';
2018-04-12 12:19:04 EXEC SPC_COM_GET_COMBOBOX 'unit_m_div';
2018-04-12 12:19:04 EXEC SPC_COM_GET_COMBOBOX 'sales_detail_div';
2018-04-12 12:19:04 EXEC SPC_COM_GET_COMBOBOX 'unit_w_div';
2018-04-12 12:19:38 EXEC SPC_COM_GET_COMBOBOX 'fwd_status_div';
2018-04-12 12:19:39 EXEC SPC_011_SHIPMENT_SEARCH_FND1 '','','','','','','1','10';
2018-04-12 12:19:42 EXEC SPC_011_SHIPMENT_SEARCH_FND1 '','','','','','10','1','10';
2018-04-12 12:19:43 EXEC SPC_014_INVOICE_DETAIL_INQ2 'S-18030001';
2018-04-12 12:20:49 EXEC SPC_COM_GET_COMBOBOX 'fwd_status_div';
2018-04-12 12:20:50 EXEC SPC_011_SHIPMENT_SEARCH_FND1 '','','','','','','1','10';
2018-04-12 12:20:53 EXEC SPC_011_SHIPMENT_SEARCH_FND1 '','','','','','20','1','10';
2018-04-12 12:20:54 EXEC SPC_011_SHIPMENT_SEARCH_FND1 '','','','','','20','2','10';
2018-04-12 12:20:56 EXEC SPC_014_INVOICE_DETAIL_INQ2 'S-18030023';
2018-04-12 12:20:56 EXEC SPC_COM_GET_COMBOBOX 'unit_q_div';
2018-04-12 12:20:56 EXEC SPC_COM_GET_COMBOBOX 'sales_detail_div';
2018-04-12 12:20:56 EXEC SPC_COM_GET_COMBOBOX 'unit_w_div';
2018-04-12 12:20:56 EXEC SPC_COM_GET_COMBOBOX 'unit_m_div';
2018-04-12 12:25:31 EXEC SPC_COM_GET_COMBOBOX 'fwd_status_div';
2018-04-12 12:25:34 EXEC SPC_011_SHIPMENT_SEARCH_FND1 '','','','','','10','1','10';
2018-04-12 12:25:36 EXEC SPC_014_INVOICE_DETAIL_INQ2 'S-18030001';
2018-04-12 12:28:28 EXEC SPC_COM_GET_COMBOBOX 'port_city_div';
2018-04-12 12:28:29 EXEC SPC_COM_GET_COMBOBOX 'sales_detail_div';
2018-04-12 12:28:29 EXEC SPC_COM_GET_COMBOBOX 'unit_q_div';
2018-04-12 12:28:30 EXEC SPC_COM_GET_COMBOBOX 'port_country_div';
2018-04-12 12:28:30 EXEC SPC_COM_GET_COMBOBOX 'unit_w_div';
2018-04-12 12:28:30 EXEC SPC_COM_GET_COMBOBOX 'currency_div';
2018-04-12 12:28:30 EXEC SPC_COM_GET_COMBOBOX 'shipment_div';
2018-04-12 12:28:30 EXEC SPC_COM_GET_COMBOBOX 'trade_terms_div';
2018-04-12 12:28:30 EXEC SPC_COM_GET_COMBOBOX 'payment_conditions_div';
2018-04-12 12:28:30 EXEC SPC_COM_GET_COMBOBOX 'unit_m_div';
2018-04-12 12:28:31 EXEC SPC_COM_GET_COMBOBOX 'storage_manager_div';
2018-04-12 12:28:31 EXEC SPC_GET_TAX_RATE '2018/04/12';
2018-04-12 12:28:34 EXEC SPC_COM_GET_COMBOBOX 'fwd_status_div';
2018-04-12 12:28:36 EXEC SPC_011_SHIPMENT_SEARCH_FND1 '','','','','','','1','10';
2018-04-12 12:28:38 EXEC SPC_011_SHIPMENT_SEARCH_FND1 '','','','','','20','1','10';
2018-04-12 12:28:39 EXEC SPC_014_INVOICE_DETAIL_INQ2 'S-18030004';
2018-04-12 12:28:40 EXEC SPC_COM_GET_COMBOBOX 'unit_w_div';
2018-04-12 12:28:40 EXEC SPC_COM_GET_COMBOBOX 'unit_m_div';
2018-04-12 12:28:40 EXEC SPC_COM_GET_COMBOBOX 'sales_detail_div';
2018-04-12 12:28:40 EXEC SPC_COM_GET_COMBOBOX 'unit_q_div';
2018-04-12 12:28:45 EXEC SPC_COM_GET_COMBOBOX 'fwd_status_div';
2018-04-12 12:28:47 EXEC SPC_011_SHIPMENT_SEARCH_FND1 '','','','','','10','1','10';
2018-04-12 12:28:49 EXEC SPC_014_INVOICE_DETAIL_INQ2 'S-18030001';
2018-04-12 12:29:29 EXEC SPC_COM_GET_COMBOBOX 'currency_div';
2018-04-12 12:29:29 EXEC SPC_COM_GET_COMBOBOX 'payment_conditions_div';
2018-04-12 12:29:29 EXEC SPC_COM_GET_COMBOBOX 'port_city_div';
2018-04-12 12:29:29 EXEC SPC_COM_GET_COMBOBOX 'port_country_div';
2018-04-12 12:29:29 EXEC SPC_COM_GET_COMBOBOX 'shipment_div';
2018-04-12 12:29:29 EXEC SPC_COM_GET_COMBOBOX 'trade_terms_div';
2018-04-12 12:29:30 EXEC SPC_COM_GET_COMBOBOX 'sales_detail_div';
2018-04-12 12:29:30 EXEC SPC_COM_GET_COMBOBOX 'unit_w_div';
2018-04-12 12:29:30 EXEC SPC_COM_GET_COMBOBOX 'unit_q_div';
2018-04-12 12:29:30 EXEC SPC_GET_TAX_RATE '2018/04/12';
2018-04-12 12:29:30 EXEC SPC_COM_GET_COMBOBOX 'storage_manager_div';
2018-04-12 12:29:30 EXEC SPC_COM_GET_COMBOBOX 'unit_m_div';
2018-04-12 12:29:36 EXEC SPC_COM_GET_COMBOBOX 'fwd_status_div';
2018-04-12 12:29:37 EXEC SPC_011_SHIPMENT_SEARCH_FND1 '','','','','','','1','10';
2018-04-12 12:29:38 EXEC SPC_014_INVOICE_DETAIL_INQ2 'S-18030001';
2018-04-12 12:30:37 EXEC SPC_COM_GET_COMBOBOX 'port_city_div';
2018-04-12 12:30:37 EXEC SPC_COM_GET_COMBOBOX 'port_country_div';
2018-04-12 12:30:37 EXEC SPC_COM_GET_COMBOBOX 'currency_div';
2018-04-12 12:30:37 EXEC SPC_COM_GET_COMBOBOX 'payment_conditions_div';
2018-04-12 12:30:37 EXEC SPC_COM_GET_COMBOBOX 'shipment_div';
2018-04-12 12:30:37 EXEC SPC_COM_GET_COMBOBOX 'trade_terms_div';
2018-04-12 12:30:37 EXEC SPC_COM_GET_COMBOBOX 'sales_detail_div';
2018-04-12 12:30:37 EXEC SPC_COM_GET_COMBOBOX 'unit_q_div';
2018-04-12 12:30:37 EXEC SPC_COM_GET_COMBOBOX 'storage_manager_div';
2018-04-12 12:30:38 EXEC SPC_COM_GET_COMBOBOX 'unit_w_div';
2018-04-12 12:30:38 EXEC SPC_COM_GET_COMBOBOX 'unit_m_div';
2018-04-12 12:30:38 EXEC SPC_GET_TAX_RATE '2018/04/12';
2018-04-12 12:30:42 EXEC SPC_COM_GET_COMBOBOX 'fwd_status_div';
2018-04-12 12:30:44 EXEC SPC_011_SHIPMENT_SEARCH_FND1 '','','','','','','1','10';
2018-04-12 12:30:45 EXEC SPC_014_INVOICE_DETAIL_INQ2 'S-18030001';
2018-04-12 12:30:50 EXEC SPC_COM_GET_COMBOBOX 'fwd_status_div';
2018-04-12 12:30:52 EXEC SPC_011_SHIPMENT_SEARCH_FND1 '','','','','','20','1','10';
2018-04-12 12:30:54 EXEC SPC_014_INVOICE_DETAIL_INQ2 'S-18030004';
2018-04-12 12:30:55 EXEC SPC_COM_GET_COMBOBOX 'unit_w_div';
2018-04-12 12:30:55 EXEC SPC_COM_GET_COMBOBOX 'sales_detail_div';
2018-04-12 12:30:55 EXEC SPC_COM_GET_COMBOBOX 'unit_q_div';
2018-04-12 12:30:55 EXEC SPC_COM_GET_COMBOBOX 'unit_m_div';
2018-04-12 12:30:59 EXEC SPC_COM_GET_COMBOBOX 'fwd_status_div';
2018-04-12 12:31:01 EXEC SPC_011_SHIPMENT_SEARCH_FND1 '','','','','','10','1','10';
2018-04-12 12:31:03 EXEC SPC_014_INVOICE_DETAIL_INQ2 'S-18030001';
2018-04-12 12:31:11 EXEC SPC_COM_GET_COMBOBOX 'fwd_status_div';
2018-04-12 12:31:13 EXEC SPC_011_SHIPMENT_SEARCH_FND1 '','','','','','10','1','10';
2018-04-12 12:31:15 EXEC SPC_014_INVOICE_DETAIL_INQ2 'S-18030001';
2018-04-12 12:31:48 EXEC SPC_COM_GET_COMBOBOX 'fwd_status_div';
2018-04-12 12:31:51 EXEC SPC_011_SHIPMENT_SEARCH_FND1 '','','','','','10','1','10';
2018-04-12 12:31:53 EXEC SPC_014_INVOICE_DETAIL_INQ2 'S-18030002';
2018-04-12 12:32:05 EXEC SPC_COM_GET_COMBOBOX 'shipment_div';
2018-04-12 12:32:05 EXEC SPC_COM_GET_COMBOBOX 'port_country_div';
2018-04-12 12:32:05 EXEC SPC_COM_GET_COMBOBOX 'currency_div';
2018-04-12 12:32:05 EXEC SPC_COM_GET_COMBOBOX 'payment_conditions_div';
2018-04-12 12:32:05 EXEC SPC_COM_GET_COMBOBOX 'trade_terms_div';
2018-04-12 12:32:05 EXEC SPC_COM_GET_COMBOBOX 'port_city_div';
2018-04-12 12:32:06 EXEC SPC_COM_GET_COMBOBOX 'sales_detail_div';
2018-04-12 12:32:06 EXEC SPC_COM_GET_COMBOBOX 'unit_q_div';
2018-04-12 12:32:06 EXEC SPC_COM_GET_COMBOBOX 'unit_w_div';
2018-04-12 12:32:06 EXEC SPC_GET_TAX_RATE '2018/04/12';
2018-04-12 12:32:06 EXEC SPC_COM_GET_COMBOBOX 'unit_m_div';
2018-04-12 12:32:06 EXEC SPC_COM_GET_COMBOBOX 'storage_manager_div';
2018-04-12 12:34:17 EXEC SPC_COM_GET_COMBOBOX 'port_city_div';
2018-04-12 12:34:17 EXEC SPC_COM_GET_COMBOBOX 'currency_div';
2018-04-12 12:34:17 EXEC SPC_COM_GET_COMBOBOX 'payment_conditions_div';
2018-04-12 12:34:17 EXEC SPC_COM_GET_COMBOBOX 'trade_terms_div';
2018-04-12 12:34:17 EXEC SPC_COM_GET_COMBOBOX 'shipment_div';
2018-04-12 12:34:17 EXEC SPC_COM_GET_COMBOBOX 'port_country_div';
2018-04-12 12:34:18 EXEC SPC_COM_GET_COMBOBOX 'sales_detail_div';
2018-04-12 12:34:18 EXEC SPC_COM_GET_COMBOBOX 'storage_manager_div';
2018-04-12 12:34:18 EXEC SPC_COM_GET_COMBOBOX 'unit_m_div';
2018-04-12 12:34:18 EXEC SPC_COM_GET_COMBOBOX 'unit_w_div';
2018-04-12 12:34:18 EXEC SPC_COM_GET_COMBOBOX 'unit_q_div';
2018-04-12 12:34:18 EXEC SPC_GET_TAX_RATE '2018/04/12';
2018-04-12 12:34:22 EXEC SPC_COM_GET_COMBOBOX 'fwd_status_div';
2018-04-12 12:34:24 EXEC SPC_011_SHIPMENT_SEARCH_FND1 '','','','','','','1','10';
2018-04-12 12:34:26 EXEC SPC_014_INVOICE_DETAIL_INQ2 'S-18030001';
2018-04-12 12:34:32 EXEC SPC_COM_GET_COMBOBOX 'fwd_status_div';
2018-04-12 12:34:33 EXEC SPC_011_SHIPMENT_SEARCH_FND1 '','','','','','','1','10';
2018-04-12 12:34:36 EXEC SPC_011_SHIPMENT_SEARCH_FND1 '','','','','','20','1','10';
2018-04-12 12:34:37 EXEC SPC_014_INVOICE_DETAIL_INQ2 'S-18030004';
2018-04-12 12:34:37 EXEC SPC_COM_GET_COMBOBOX 'sales_detail_div';
2018-04-12 12:34:37 EXEC SPC_COM_GET_COMBOBOX 'unit_q_div';
2018-04-12 12:34:37 EXEC SPC_COM_GET_COMBOBOX 'unit_w_div';
2018-04-12 12:34:37 EXEC SPC_COM_GET_COMBOBOX 'unit_m_div';
2018-04-12 12:34:42 EXEC SPC_COM_GET_COMBOBOX 'fwd_status_div';
2018-04-12 12:34:45 EXEC SPC_011_SHIPMENT_SEARCH_FND1 '','','','','','10','1','10';
2018-04-12 12:34:46 EXEC SPC_014_INVOICE_DETAIL_INQ2 'S-18030001';
2018-04-12 12:35:05 EXEC SPC_COM_GET_COMBOBOX 'port_city_div';
2018-04-12 12:35:05 EXEC SPC_COM_GET_COMBOBOX 'shipment_div';
2018-04-12 12:35:05 EXEC SPC_COM_GET_COMBOBOX 'trade_terms_div';
2018-04-12 12:35:05 EXEC SPC_COM_GET_COMBOBOX 'payment_conditions_div';
2018-04-12 12:35:05 EXEC SPC_COM_GET_COMBOBOX 'currency_div';
2018-04-12 12:35:05 EXEC SPC_COM_GET_COMBOBOX 'port_country_div';
2018-04-12 12:35:06 EXEC SPC_COM_GET_COMBOBOX 'unit_q_div';
2018-04-12 12:35:06 EXEC SPC_COM_GET_COMBOBOX 'sales_detail_div';
2018-04-12 12:35:06 EXEC SPC_COM_GET_COMBOBOX 'unit_w_div';
2018-04-12 12:35:06 EXEC SPC_COM_GET_COMBOBOX 'storage_manager_div';
2018-04-12 12:35:06 EXEC SPC_COM_GET_COMBOBOX 'unit_m_div';
2018-04-12 12:35:06 EXEC SPC_GET_TAX_RATE '2018/04/12';
2018-04-12 12:35:11 EXEC SPC_COM_GET_COMBOBOX 'fwd_status_div';
2018-04-12 12:35:12 EXEC SPC_011_SHIPMENT_SEARCH_FND1 '','','','','','','1','10';
2018-04-12 12:35:15 EXEC SPC_011_SHIPMENT_SEARCH_FND1 '','','','','','20','1','10';
2018-04-12 12:35:18 EXEC SPC_014_INVOICE_DETAIL_INQ2 'S-18030004';
2018-04-12 12:35:18 EXEC SPC_COM_GET_COMBOBOX 'sales_detail_div';
2018-04-12 12:35:18 EXEC SPC_COM_GET_COMBOBOX 'unit_w_div';
2018-04-12 12:35:18 EXEC SPC_COM_GET_COMBOBOX 'unit_q_div';
2018-04-12 12:35:18 EXEC SPC_COM_GET_COMBOBOX 'unit_m_div';
2018-04-12 12:35:21 EXEC SPC_COM_GET_COMBOBOX 'fwd_status_div';
2018-04-12 12:35:24 EXEC SPC_011_SHIPMENT_SEARCH_FND1 '','','','','','10','1','10';
2018-04-12 12:35:25 EXEC SPC_014_INVOICE_DETAIL_INQ2 'S-18030001';
2018-04-12 12:35:59 EXEC SPC_COM_GET_COMBOBOX 'port_country_div';
2018-04-12 12:35:59 EXEC SPC_COM_GET_COMBOBOX 'port_city_div';
2018-04-12 12:35:59 EXEC SPC_COM_GET_COMBOBOX 'trade_terms_div';
2018-04-12 12:35:59 EXEC SPC_COM_GET_COMBOBOX 'currency_div';
2018-04-12 12:35:59 EXEC SPC_COM_GET_COMBOBOX 'sales_detail_div';
2018-04-12 12:35:59 EXEC SPC_COM_GET_COMBOBOX 'shipment_div';
2018-04-12 12:36:00 EXEC SPC_COM_GET_COMBOBOX 'unit_w_div';
2018-04-12 12:36:00 EXEC SPC_COM_GET_COMBOBOX 'unit_q_div';
2018-04-12 12:36:00 EXEC SPC_COM_GET_COMBOBOX 'unit_m_div';
2018-04-12 12:36:00 EXEC SPC_GET_TAX_RATE '2018/04/12';
2018-04-12 12:36:07 EXEC SPC_COM_GET_COMBOBOX 'shipment_div';
2018-04-12 12:36:07 EXEC SPC_COM_GET_COMBOBOX 'currency_div';
2018-04-12 12:36:07 EXEC SPC_COM_GET_COMBOBOX 'port_city_div';
2018-04-12 12:36:07 EXEC SPC_COM_GET_COMBOBOX 'port_country_div';
2018-04-12 12:36:07 EXEC SPC_COM_GET_COMBOBOX 'payment_conditions_div';
2018-04-12 12:36:07 EXEC SPC_COM_GET_COMBOBOX 'trade_terms_div';
2018-04-12 12:36:07 EXEC SPC_COM_GET_COMBOBOX 'sales_detail_div';
2018-04-12 12:36:07 EXEC SPC_COM_GET_COMBOBOX 'unit_q_div';
2018-04-12 12:36:07 EXEC SPC_COM_GET_COMBOBOX 'unit_w_div';
2018-04-12 12:36:07 EXEC SPC_GET_TAX_RATE '2018/04/12';
2018-04-12 12:36:07 EXEC SPC_COM_GET_COMBOBOX 'storage_manager_div';
2018-04-12 12:36:07 EXEC SPC_COM_GET_COMBOBOX 'unit_m_div';
2018-04-12 12:36:12 EXEC SPC_COM_GET_COMBOBOX 'fwd_status_div';
2018-04-12 12:36:15 EXEC SPC_011_SHIPMENT_SEARCH_FND1 '','','','','','20','1','10';
2018-04-12 12:36:16 EXEC SPC_014_INVOICE_DETAIL_INQ2 'S-18030004';
2018-04-12 12:36:17 EXEC SPC_COM_GET_COMBOBOX 'unit_q_div';
2018-04-12 12:36:17 EXEC SPC_COM_GET_COMBOBOX 'unit_m_div';
2018-04-12 12:36:17 EXEC SPC_COM_GET_COMBOBOX 'sales_detail_div';
2018-04-12 12:36:17 EXEC SPC_COM_GET_COMBOBOX 'unit_w_div';
2018-04-12 12:36:20 EXEC SPC_COM_GET_COMBOBOX 'fwd_status_div';
2018-04-12 12:36:22 EXEC SPC_011_SHIPMENT_SEARCH_FND1 '','','','','','10','1','10';
2018-04-12 12:36:24 EXEC SPC_014_INVOICE_DETAIL_INQ2 'S-18030001';
2018-04-12 12:37:02 EXEC SPC_COM_GET_COMBOBOX 'shipment_div';
2018-04-12 12:37:02 EXEC SPC_COM_GET_COMBOBOX 'port_city_div';
2018-04-12 12:37:02 EXEC SPC_COM_GET_COMBOBOX 'currency_div';
2018-04-12 12:37:02 EXEC SPC_COM_GET_COMBOBOX 'port_country_div';
2018-04-12 12:37:02 EXEC SPC_COM_GET_COMBOBOX 'payment_conditions_div';
2018-04-12 12:37:02 EXEC SPC_COM_GET_COMBOBOX 'trade_terms_div';
2018-04-12 12:37:02 EXEC SPC_COM_GET_COMBOBOX 'sales_detail_div';
2018-04-12 12:37:03 EXEC SPC_COM_GET_COMBOBOX 'unit_q_div';
2018-04-12 12:37:03 EXEC SPC_COM_GET_COMBOBOX 'unit_w_div';
2018-04-12 12:37:03 EXEC SPC_GET_TAX_RATE '2018/04/12';
2018-04-12 12:37:03 EXEC SPC_COM_GET_COMBOBOX 'storage_manager_div';
2018-04-12 12:37:11 EXEC SPC_COM_GET_COMBOBOX 'fwd_status_div';
2018-04-12 12:37:14 EXEC SPC_011_SHIPMENT_SEARCH_FND1 '','','','','','20','1','10';
2018-04-12 12:37:16 EXEC SPC_014_INVOICE_DETAIL_INQ2 'S-18030004';
2018-04-12 12:37:16 EXEC SPC_COM_GET_COMBOBOX 'unit_w_div';
2018-04-12 12:37:16 EXEC SPC_COM_GET_COMBOBOX 'unit_m_div';
2018-04-12 12:37:16 EXEC SPC_COM_GET_COMBOBOX 'unit_q_div';
2018-04-12 12:37:16 EXEC SPC_COM_GET_COMBOBOX 'sales_detail_div';
2018-04-12 12:37:23 EXEC SPC_COM_GET_COMBOBOX 'fwd_status_div';
2018-04-12 12:37:26 EXEC SPC_011_SHIPMENT_SEARCH_FND1 '','','','','','10','1','10';
2018-04-12 12:37:27 EXEC SPC_014_INVOICE_DETAIL_INQ2 'S-18030001';
2018-04-12 12:38:39 EXEC SPC_COM_GET_COMBOBOX 'port_city_div';
2018-04-12 12:38:39 EXEC SPC_COM_GET_COMBOBOX 'currency_div';
2018-04-12 12:38:39 EXEC SPC_COM_GET_COMBOBOX 'port_country_div';
2018-04-12 12:38:39 EXEC SPC_COM_GET_COMBOBOX 'shipment_div';
2018-04-12 12:38:39 EXEC SPC_COM_GET_COMBOBOX 'payment_conditions_div';
2018-04-12 12:38:39 EXEC SPC_COM_GET_COMBOBOX 'trade_terms_div';
2018-04-12 12:38:39 EXEC SPC_COM_GET_COMBOBOX 'unit_q_div';
2018-04-12 12:38:39 EXEC SPC_COM_GET_COMBOBOX 'sales_detail_div';
2018-04-12 12:38:39 EXEC SPC_COM_GET_COMBOBOX 'unit_m_div';
2018-04-12 12:38:39 EXEC SPC_COM_GET_COMBOBOX 'storage_manager_div';
2018-04-12 12:38:40 EXEC SPC_GET_TAX_RATE '2018/04/12';
2018-04-12 12:38:50 EXEC SPC_COM_GET_COMBOBOX 'fwd_status_div';
2018-04-12 12:38:53 EXEC SPC_011_SHIPMENT_SEARCH_FND1 '','','','','','20','1','10';
2018-04-12 12:38:56 EXEC SPC_014_INVOICE_DETAIL_INQ2 'S-18030021';
2018-04-12 12:38:57 EXEC SPC_COM_GET_COMBOBOX 'sales_detail_div';
2018-04-12 12:38:57 EXEC SPC_COM_GET_COMBOBOX 'unit_w_div';
2018-04-12 12:38:57 EXEC SPC_COM_GET_COMBOBOX 'unit_m_div';
2018-04-12 12:38:57 EXEC SPC_COM_GET_COMBOBOX 'unit_q_div';
2018-04-12 12:39:07 EXEC SPC_COM_GET_COMBOBOX 'fwd_status_div';
2018-04-12 12:39:12 EXEC SPC_011_SHIPMENT_SEARCH_FND1 '','','','','','10','1','10';
2018-04-12 12:39:14 EXEC SPC_014_INVOICE_DETAIL_INQ2 'S-18030003';
2018-04-12 12:39:39 EXEC SPC_COM_GET_COMBOBOX 'shipment_div';
2018-04-12 12:39:39 EXEC SPC_COM_GET_COMBOBOX 'port_country_div';
2018-04-12 12:39:39 EXEC SPC_COM_GET_COMBOBOX 'port_city_div';
2018-04-12 12:39:39 EXEC SPC_COM_GET_COMBOBOX 'currency_div';
2018-04-12 12:39:39 EXEC SPC_COM_GET_COMBOBOX 'trade_terms_div';
2018-04-12 12:39:39 EXEC SPC_COM_GET_COMBOBOX 'payment_conditions_div';
2018-04-12 12:39:40 EXEC SPC_COM_GET_COMBOBOX 'unit_m_div';
2018-04-12 12:39:40 EXEC SPC_COM_GET_COMBOBOX 'sales_detail_div';
2018-04-12 12:39:40 EXEC SPC_COM_GET_COMBOBOX 'unit_q_div';
2018-04-12 12:39:40 EXEC SPC_COM_GET_COMBOBOX 'storage_manager_div';
2018-04-12 12:39:40 EXEC SPC_GET_TAX_RATE '2018/04/12';
2018-04-12 12:39:40 EXEC SPC_COM_GET_COMBOBOX 'unit_w_div';
2018-04-12 15:39:09 EXEC SPC_COM_GET_COMBOBOX 'port_country_div';
2018-04-12 15:39:09 EXEC SPC_COM_GET_COMBOBOX 'sales_detail_div';
2018-04-12 15:39:10 EXEC SPC_COM_GET_COMBOBOX 'unit_q_div';
2018-04-12 15:39:10 EXEC SPC_COM_GET_COMBOBOX 'trade_terms_div';
2018-04-12 15:39:11 EXEC SPC_COM_GET_COMBOBOX 'unit_w_div';
2018-04-12 15:39:11 EXEC SPC_COM_GET_COMBOBOX 'payment_conditions_div';
2018-04-12 15:39:11 EXEC SPC_COM_GET_COMBOBOX 'shipment_div';
2018-04-12 15:39:11 EXEC SPC_COM_GET_COMBOBOX 'currency_div';
2018-04-12 15:39:11 EXEC SPC_COM_GET_COMBOBOX 'port_city_div';
2018-04-12 15:39:11 EXEC SPC_COM_GET_COMBOBOX 'unit_m_div';
2018-04-12 15:39:11 EXEC SPC_COM_GET_COMBOBOX 'storage_manager_div';
2018-04-12 15:39:12 EXEC SPC_GET_TAX_RATE '2018/04/12';
2018-04-12 15:39:57 EXEC SPC_COM_GET_COMBOBOX 'inv_data_div';
2018-04-12 15:40:08 EXEC SPC_COM_GET_COMBOBOX 'port_country_div';
2018-04-12 15:40:08 EXEC SPC_COM_GET_COMBOBOX 'currency_div';
2018-04-12 15:40:08 EXEC SPC_COM_GET_COMBOBOX 'shipment_div';
2018-04-12 15:40:08 EXEC SPC_COM_GET_COMBOBOX 'trade_terms_div';
2018-04-12 15:40:08 EXEC SPC_COM_GET_COMBOBOX 'port_city_div';
2018-04-12 15:40:09 EXEC SPC_COM_GET_COMBOBOX 'payment_conditions_div';
2018-04-12 15:40:09 EXEC SPC_COM_GET_COMBOBOX 'sales_detail_div';
2018-04-12 15:40:09 EXEC SPC_COM_GET_COMBOBOX 'unit_q_div';
2018-04-12 15:40:09 EXEC SPC_COM_GET_COMBOBOX 'unit_w_div';
2018-04-12 15:40:09 EXEC SPC_COM_GET_COMBOBOX 'storage_manager_div';
2018-04-12 15:40:09 EXEC SPC_COM_GET_COMBOBOX 'unit_m_div';
2018-04-12 15:40:09 EXEC SPC_GET_TAX_RATE '2018/04/12';
2018-04-12 15:55:44 EXEC SPC_COM_GET_COMBOBOX 'fwd_status_div';
2018-04-12 15:55:46 EXEC SPC_011_SHIPMENT_SEARCH_FND1 '','','','','','','1','10';
2018-04-12 15:55:49 EXEC SPC_011_SHIPMENT_SEARCH_FND1 '','','','','','20','1','10';
2018-04-12 15:55:52 EXEC SPC_014_INVOICE_DETAIL_INQ2 'S-18030004';
2018-04-12 15:55:52 EXEC SPC_COM_GET_COMBOBOX 'unit_q_div';
2018-04-12 15:55:53 EXEC SPC_COM_GET_COMBOBOX 'unit_w_div';
2018-04-12 15:55:53 EXEC SPC_COM_GET_COMBOBOX 'sales_detail_div';
2018-04-12 15:55:53 EXEC SPC_COM_GET_COMBOBOX 'unit_m_div';
2018-04-12 16:00:25 EXEC SPC_COM_GET_COMBOBOX 'shipment_div';
2018-04-12 16:00:25 EXEC SPC_COM_GET_COMBOBOX 'port_city_div';
2018-04-12 16:00:25 EXEC SPC_COM_GET_COMBOBOX 'port_country_div';
2018-04-12 16:00:25 EXEC SPC_COM_GET_COMBOBOX 'currency_div';
2018-04-12 16:00:25 EXEC SPC_COM_GET_COMBOBOX 'sales_detail_div';
2018-04-12 16:00:25 EXEC SPC_COM_GET_COMBOBOX 'unit_m_div';
2018-04-12 16:00:25 EXEC SPC_COM_GET_COMBOBOX 'unit_q_div';
2018-04-12 16:00:25 EXEC SPC_COM_GET_COMBOBOX 'unit_w_div';
2018-04-12 16:00:26 EXEC SPC_GET_TAX_RATE '2018/04/12';
2018-04-12 16:00:26 EXEC SPC_COM_GET_COMBOBOX 'storage_manager_div';
2018-04-12 16:00:26 EXEC SPC_COM_GET_COMBOBOX 'trade_terms_div';
2018-04-12 16:00:26 EXEC SPC_COM_GET_COMBOBOX 'payment_conditions_div';
2018-04-12 16:00:30 EXEC SPC_COM_GET_COMBOBOX 'fwd_status_div';
2018-04-12 16:00:33 EXEC SPC_011_SHIPMENT_SEARCH_FND1 '','','','','','20','1','10';
2018-04-12 16:00:35 EXEC SPC_014_INVOICE_DETAIL_INQ2 'S-18030004';
2018-04-12 16:00:35 EXEC SPC_COM_GET_COMBOBOX 'unit_w_div';
iv';
2018-04-12 16:00:35 EXEC SPC_COM_GET_COMBOBOX 'unit_m_div';
2018-04-12 16:00:35 EXEC SPC_COM_GET_COMBOBOX 'unit_q_div';
2018-04-12 16:06:00 EXEC SPC_COM_GET_COMBOBOX 'port_city_div';
2018-04-12 16:06:01 EXEC SPC_COM_GET_COMBOBOX 'sales_detail_div';
2018-04-12 16:06:01 EXEC SPC_COM_GET_COMBOBOX 'unit_q_div';
2018-04-12 16:06:02 EXEC SPC_COM_GET_COMBOBOX 'trade_terms_div';
2018-04-12 16:06:02 EXEC SPC_COM_GET_COMBOBOX 'shipment_div';
2018-04-12 16:06:02 EXEC SPC_COM_GET_COMBOBOX 'unit_w_div';
2018-04-12 16:06:02 EXEC SPC_COM_GET_COMBOBOX 'currency_div';
2018-04-12 16:06:02 EXEC SPC_COM_GET_COMBOBOX 'port_country_div';
2018-04-12 16:06:02 EXEC SPC_COM_GET_COMBOBOX 'payment_conditions_div';
2018-04-12 16:06:02 EXEC SPC_GET_TAX_RATE '2018/04/12';
';
2018-04-12 16:06:02 EXEC SPC_COM_GET_COMBOBOX 'storage_manager_div';
2018-04-12 16:06:39 EXEC SPC_COM_GET_COMBOBOX 'port_city_div';
2018-04-12 16:06:39 EXEC SPC_COM_GET_COMBOBOX 'currency_div';
2018-04-12 16:06:39 EXEC SPC_COM_GET_COMBOBOX 'trade_terms_div';
2018-04-12 16:06:40 EXEC SPC_COM_GET_COMBOBOX 'shipment_div';
2018-04-12 16:06:40 EXEC SPC_COM_GET_COMBOBOX 'payment_conditions_div';
2018-04-12 16:06:40 EXEC SPC_COM_GET_COMBOBOX 'unit_q_div';
2018-04-12 16:06:40 EXEC SPC_COM_GET_COMBOBOX 'sales_detail_div';
2018-04-12 16:06:40 EXEC SPC_GET_TAX_RATE '2018/04/12';
2018-04-12 16:06:40 EXEC SPC_COM_GET_COMBOBOX 'unit_w_div';
2018-04-12 16:06:40 EXEC SPC_COM_GET_COMBOBOX 'unit_m_div';
2018-04-12 16:06:40 EXEC SPC_COM_GET_COMBOBOX 'storage_manager_div';
2018-04-12 16:06:54 EXEC SPC_COM_GET_COMBOBOX 'fwd_status_div';
2018-04-12 16:06:55 EXEC SPC_011_SHIPMENT_SEARCH_FND1 '','','','','','','1','10';
2018-04-12 16:06:58 EXEC SPC_011_SHIPMENT_SEARCH_FND1 '','','','','','20','1','10';
2018-04-12 16:06:59 EXEC SPC_014_INVOICE_DETAIL_INQ2 'S-18030004';
2018-04-12 16:06:59 EXEC SPC_COM_GET_COMBOBOX 'sales_detail_div';
2018-04-12 16:06:59 EXEC SPC_COM_GET_COMBOBOX 'unit_m_div';
2018-04-12 16:06:59 EXEC SPC_COM_GET_COMBOBOX 'unit_q_div';
2018-04-12 16:06:59 EXEC SPC_COM_GET_COMBOBOX 'unit_w_div';
2018-04-12 16:08:15 EXEC SPC_COM_GET_COMBOBOX 'port_city_div';
2018-04-12 16:08:15 EXEC SPC_COM_GET_COMBOBOX 'trade_terms_div';
2018-04-12 16:08:15 EXEC SPC_COM_GET_COMBOBOX 'port_country_div';
2018-04-12 16:08:15 EXEC SPC_COM_GET_COMBOBOX 'shipment_div';
2018-04-12 16:08:15 EXEC SPC_COM_GET_COMBOBOX 'currency_div';
2018-04-12 16:08:16 EXEC SPC_COM_GET_COMBOBOX 'payment_conditions_div';
2018-04-12 16:08:16 EXEC SPC_COM_GET_COMBOBOX 'sales_detail_div';
2018-04-12 16:08:16 EXEC SPC_COM_GET_COMBOBOX 'unit_w_div';
2018-04-12 16:08:16 EXEC SPC_COM_GET_COMBOBOX 'unit_q_div';
2018-04-12 16:08:16 EXEC SPC_COM_GET_COMBOBOX 'unit_m_div';
2018-04-12 16:08:16 EXEC SPC_COM_GET_COMBOBOX 'storage_manager_div';
2018-04-12 16:08:16 EXEC SPC_GET_TAX_RATE '2018/04/12';
2018-04-12 16:08:20 EXEC SPC_COM_GET_COMBOBOX 'fwd_status_div';
2018-04-12 16:08:26 EXEC SPC_011_SHIPMENT_SEARCH_FND1 '','','','','','20','1','10';
2018-04-12 16:08:28 EXEC SPC_014_INVOICE_DETAIL_INQ2 'S-18030004';
2018-04-12 16:08:29 EXEC SPC_COM_GET_COMBOBOX 'unit_q_div';
2018-04-12 16:08:29 EXEC SPC_COM_GET_COMBOBOX 'unit_w_div';
2018-04-12 16:08:29 EXEC SPC_COM_GET_COMBOBOX 'unit_m_div';
2018-04-12 16:08:29 EXEC SPC_COM_GET_COMBOBOX 'sales_detail_div';
2018-04-12 16:17:17 EXEC SPC_COM_GET_COMBOBOX 'port_country_div';
2018-04-12 16:17:17 EXEC SPC_COM_GET_COMBOBOX 'sales_detail_div';
2018-04-12 16:17:18 EXEC SPC_COM_GET_COMBOBOX 'port_city_div';
2018-04-12 16:17:18 EXEC SPC_COM_GET_COMBOBOX 'shipment_div';
2018-04-12 16:17:18 EXEC SPC_COM_GET_COMBOBOX 'trade_terms_div';
2018-04-12 16:17:18 EXEC SPC_COM_GET_COMBOBOX 'unit_q_div';
2018-04-12 16:17:18 EXEC SPC_COM_GET_COMBOBOX 'currency_div';
2018-04-12 16:17:18 EXEC SPC_COM_GET_COMBOBOX 'payment_conditions_div';
2018-04-12 16:17:18 EXEC SPC_COM_GET_COMBOBOX 'unit_w_div';
2018-04-12 16:17:18 EXEC SPC_COM_GET_COMBOBOX 'storage_manager_div';
2018-04-12 16:17:19 EXEC SPC_COM_GET_COMBOBOX 'unit_m_div';
2018-04-12 16:17:19 EXEC SPC_GET_TAX_RATE '2018/04/12';
2018-04-12 16:17:22 EXEC SPC_COM_GET_COMBOBOX 'fwd_status_div';
2018-04-12 16:17:26 EXEC SPC_011_SHIPMENT_SEARCH_FND1 '','','','','','20','1','10';
2018-04-12 16:17:28 EXEC SPC_014_INVOICE_DETAIL_INQ2 'S-18030004';
2018-04-12 16:17:29 EXEC SPC_COM_GET_COMBOBOX 'unit_w_div';
2018-04-12 16:17:29 EXEC SPC_COM_GET_COMBOBOX 'sales_detail_div';
2018-04-12 16:17:29 EXEC SPC_COM_GET_COMBOBOX 'unit_m_div';
2018-04-12 16:17:29 EXEC SPC_COM_GET_COMBOBOX 'unit_q_div';
2018-04-12 16:18:42 EXEC SPC_COM_GET_COMBOBOX 'currency_div';
2018-04-12 16:18:42 EXEC SPC_COM_GET_COMBOBOX 'shipment_div';
2018-04-12 16:18:42 EXEC SPC_COM_GET_COMBOBOX 'payment_conditions_div';
2018-04-12 16:18:42 EXEC SPC_COM_GET_COMBOBOX 'port_country_div';
2018-04-12 16:18:42 EXEC SPC_COM_GET_COMBOBOX 'trade_terms_div';
2018-04-12 16:18:43 EXEC SPC_COM_GET_COMBOBOX 'unit_m_div';
2018-04-12 16:18:43 EXEC SPC_COM_GET_COMBOBOX 'sales_detail_div';
2018-04-12 16:18:43 EXEC SPC_GET_TAX_RATE '2018/04/12';
2018-04-12 16:18:43 EXEC SPC_COM_GET_COMBOBOX 'storage_manager_div';
2018-04-12 16:18:43 EXEC SPC_COM_GET_COMBOBOX 'unit_q_div';
2018-04-12 16:18:43 EXEC SPC_COM_GET_COMBOBOX 'unit_w_div';
2018-04-12 16:18:48 EXEC SPC_COM_GET_COMBOBOX 'fwd_status_div';
2018-04-12 16:18:51 EXEC SPC_011_SHIPMENT_SEARCH_FND1 '','','','','','20','1','10';
2018-04-12 16:18:52 EXEC SPC_014_INVOICE_DETAIL_INQ2 'S-18030004';
2018-04-12 16:18:53 EXEC SPC_COM_GET_COMBOBOX 'unit_q_div';
2018-04-12 16:18:53 EXEC SPC_COM_GET_COMBOBOX 'unit_m_div';
2018-04-12 16:18:53 EXEC SPC_COM_GET_COMBOBOX 'unit_w_div';
2018-04-12 16:18:53 EXEC SPC_COM_GET_COMBOBOX 'sales_detail_div';
2018-04-12 16:19:59 EXEC SPC_COM_GET_COMBOBOX 'port_city_div';
2018-04-12 16:19:59 EXEC SPC_COM_GET_COMBOBOX 'port_country_div';
2018-04-12 16:19:59 EXEC SPC_COM_GET_COMBOBOX 'currency_div';
2018-04-12 16:19:59 EXEC SPC_COM_GET_COMBOBOX 'shipment_div';
2018-04-12 16:19:59 EXEC SPC_COM_GET_COMBOBOX 'payment_conditions_div';
2018-04-12 16:20:00 EXEC SPC_COM_GET_COMBOBOX 'trade_terms_div';
2018-04-12 16:20:00 EXEC SPC_COM_GET_COMBOBOX 'sales_detail_div';
2018-04-12 16:20:00 EXEC SPC_COM_GET_COMBOBOX 'unit_w_div';
2018-04-12 16:20:00 EXEC SPC_COM_GET_COMBOBOX 'unit_q_div';
2018-04-12 16:20:00 EXEC SPC_COM_GET_COMBOBOX 'unit_m_div';
2018-04-12 16:20:00 EXEC SPC_COM_GET_COMBOBOX 'storage_manager_div';
2018-04-12 16:20:00 EXEC SPC_GET_TAX_RATE '2018/04/12';
2018-04-12 16:20:13 EXEC SPC_COM_GET_COMBOBOX 'fwd_status_div';
2018-04-12 16:20:18 EXEC SPC_011_SHIPMENT_SEARCH_FND1 '','','','','','20','1','10';
2018-04-12 16:20:20 EXEC SPC_014_INVOICE_DETAIL_INQ2 'S-18030004';
2018-04-12 16:20:20 EXEC SPC_COM_GET_COMBOBOX 'unit_m_div';
2018-04-12 16:20:20 EXEC SPC_COM_GET_COMBOBOX 'unit_q_div';
2018-04-12 16:20:20 EXEC SPC_COM_GET_COMBOBOX 'unit_w_div';
2018-04-12 16:20:20 EXEC SPC_COM_GET_COMBOBOX 'sales_detail_div';
2018-04-12 16:21:07 EXEC SPC_COM_GET_COMBOBOX 'shipment_div';
2018-04-12 16:21:08 EXEC SPC_COM_GET_COMBOBOX 'trade_terms_div';
2018-04-12 16:21:08 EXEC SPC_COM_GET_COMBOBOX 'currency_div';
2018-04-12 16:21:08 EXEC SPC_COM_GET_COMBOBOX 'port_city_div';
2018-04-12 16:21:08 EXEC SPC_COM_GET_COMBOBOX 'port_country_div';
2018-04-12 16:21:08 EXEC SPC_COM_GET_COMBOBOX 'payment_conditions_div';
2018-04-12 16:21:08 EXEC SPC_COM_GET_COMBOBOX 'sales_detail_div';
2018-04-12 16:21:08 EXEC SPC_COM_GET_COMBOBOX 'unit_q_div';
2018-04-12 16:21:08 EXEC SPC_COM_GET_COMBOBOX 'unit_w_div';
2018-04-12 16:21:08 EXEC SPC_COM_GET_COMBOBOX 'unit_m_div';
2018-04-12 16:21:08 EXEC SPC_GET_TAX_RATE '2018/04/12';
2018-04-12 16:21:08 EXEC SPC_COM_GET_COMBOBOX 'storage_manager_div';
2018-04-12 16:21:16 EXEC SPC_COM_GET_COMBOBOX 'fwd_status_div';
2018-04-12 16:21:18 EXEC SPC_011_SHIPMENT_SEARCH_FND1 '','','','','','20','1','10';
2018-04-12 16:21:20 EXEC SPC_014_INVOICE_DETAIL_INQ2 'S-18030004';
2018-04-12 16:21:21 EXEC SPC_COM_GET_COMBOBOX 'unit_w_div';
2018-04-12 16:21:21 EXEC SPC_COM_GET_COMBOBOX 'unit_q_div';
2018-04-12 16:21:21 EXEC SPC_COM_GET_COMBOBOX 'sales_detail_div';
2018-04-12 16:21:21 EXEC SPC_COM_GET_COMBOBOX 'unit_m_div';
2018-04-12 16:21:50 EXEC SPC_COM_GET_COMBOBOX 'trade_terms_div';
2018-04-12 16:21:50 EXEC SPC_COM_GET_COMBOBOX 'payment_conditions_div';
2018-04-12 16:21:50 EXEC SPC_COM_GET_COMBOBOX 'shipment_div';
2018-04-12 16:21:50 EXEC SPC_COM_GET_COMBOBOX 'currency_div';
2018-04-12 16:21:50 EXEC SPC_COM_GET_COMBOBOX 'port_city_div';
2018-04-12 16:21:50 EXEC SPC_COM_GET_COMBOBOX 'port_country_div';
2018-04-12 16:21:50 EXEC SPC_COM_GET_COMBOBOX 'sales_detail_div';
2018-04-12 16:21:50 EXEC SPC_COM_GET_COMBOBOX 'unit_q_div';
2018-04-12 16:21:50 EXEC SPC_COM_GET_COMBOBOX 'unit_w_div';
2018-04-12 16:21:50 EXEC SPC_COM_GET_COMBOBOX 'storage_manager_div';
2018-04-12 16:21:50 EXEC SPC_GET_TAX_RATE '2018/04/12';
2018-04-12 16:21:50 EXEC SPC_COM_GET_COMBOBOX 'unit_m_div';
2018-04-12 16:21:58 EXEC SPC_COM_GET_COMBOBOX 'fwd_status_div';
2018-04-12 16:22:01 EXEC SPC_011_SHIPMENT_SEARCH_FND1 '','','','','','20','1','10';
2018-04-12 16:22:03 EXEC SPC_014_INVOICE_DETAIL_INQ2 'S-18030004';
2018-04-12 16:22:04 EXEC SPC_COM_GET_COMBOBOX 'unit_w_div';
2018-04-12 16:22:04 EXEC SPC_COM_GET_COMBOBOX 'sales_detail_div';
2018-04-12 16:22:04 EXEC SPC_COM_GET_COMBOBOX 'unit_q_div';
2018-04-12 16:22:04 EXEC SPC_COM_GET_COMBOBOX 'unit_m_div';
2018-04-12 16:24:20 EXEC SPC_COM_GET_COMBOBOX 'port_city_div';
2018-04-12 16:24:20 EXEC SPC_COM_GET_COMBOBOX 'trade_terms_div';
2018-04-12 16:24:20 EXEC SPC_COM_GET_COMBOBOX 'port_country_div';
2018-04-12 16:24:20 EXEC SPC_COM_GET_COMBOBOX 'shipment_div';
2018-04-12 16:24:20 EXEC SPC_COM_GET_COMBOBOX 'payment_conditions_div';
2018-04-12 16:24:20 EXEC SPC_COM_GET_COMBOBOX 'currency_div';
2018-04-12 16:24:20 EXEC SPC_COM_GET_COMBOBOX 'sales_detail_div';
2018-04-12 16:24:20 EXEC SPC_COM_GET_COMBOBOX 'unit_w_div';
2018-04-12 16:24:20 EXEC SPC_COM_GET_COMBOBOX 'unit_q_div';
2018-04-12 16:24:20 EXEC SPC_COM_GET_COMBOBOX 'unit_m_div';
2018-04-12 16:24:20 EXEC SPC_COM_GET_COMBOBOX 'storage_manager_div';
2018-04-12 16:24:20 EXEC SPC_GET_TAX_RATE '2018/04/12';
2018-04-12 16:24:31 EXEC SPC_COM_GET_COMBOBOX 'fwd_status_div';
2018-04-12 16:24:33 EXEC SPC_011_SHIPMENT_SEARCH_FND1 '','','','','','20','1','10';
2018-04-12 16:24:35 EXEC SPC_014_INVOICE_DETAIL_INQ2 'S-18030004';
2018-04-12 16:24:35 EXEC SPC_COM_GET_COMBOBOX 'unit_m_div';
2018-04-12 16:24:35 EXEC SPC_COM_GET_COMBOBOX 'sales_detail_div';
2018-04-12 16:24:35 EXEC SPC_COM_GET_COMBOBOX 'unit_q_div';
2018-04-12 16:24:35 EXEC SPC_COM_GET_COMBOBOX 'unit_w_div';
2018-04-12 16:28:20 EXEC SPC_COM_GET_COMBOBOX 'port_city_div';
2018-04-12 16:28:20 EXEC SPC_COM_GET_COMBOBOX 'trade_terms_div';
2018-04-12 16:28:20 EXEC SPC_COM_GET_COMBOBOX 'payment_conditions_div';
2018-04-12 16:28:20 EXEC SPC_COM_GET_COMBOBOX 'port_country_div';
2018-04-12 16:28:21 EXEC SPC_COM_GET_COMBOBOX 'shipment_div';
2018-04-12 16:28:21 EXEC SPC_COM_GET_COMBOBOX 'currency_div';
2018-04-12 16:28:21 EXEC SPC_COM_GET_COMBOBOX 'unit_w_div';
2018-04-12 16:28:21 EXEC SPC_COM_GET_COMBOBOX 'storage_manager_div';
2018-04-12 16:28:21 EXEC SPC_COM_GET_COMBOBOX 'unit_m_div';
2018-04-12 16:28:21 EXEC SPC_COM_GET_COMBOBOX 'sales_detail_div';
2018-04-12 16:28:21 EXEC SPC_COM_GET_COMBOBOX 'unit_q_div';
2018-04-12 16:28:21 EXEC SPC_GET_TAX_RATE '2018/04/12';
2018-04-12 16:28:29 EXEC SPC_COM_GET_COMBOBOX 'fwd_status_div';
2018-04-12 16:29:13 EXEC SPC_011_SHIPMENT_SEARCH_FND1 '','','','','','20','1','10';
2018-04-12 16:29:15 EXEC SPC_014_INVOICE_DETAIL_INQ2 'S-18030004';
2018-04-12 16:29:15 EXEC SPC_COM_GET_COMBOBOX 'unit_w_div';
2018-04-12 16:29:15 EXEC SPC_COM_GET_COMBOBOX 'unit_m_div';
2018-04-12 16:29:15 EXEC SPC_COM_GET_COMBOBOX 'sales_detail_div';
2018-04-12 16:29:15 EXEC SPC_COM_GET_COMBOBOX 'unit_q_div';
2018-04-12 16:43:42 EXEC SPC_COM_GET_COMBOBOX 'port_city_div';
2018-04-12 16:43:43 EXEC SPC_COM_GET_COMBOBOX 'unit_q_div';
2018-04-12 16:43:43 EXEC SPC_COM_GET_COMBOBOX 'currency_div';
2018-04-12 16:43:43 EXEC SPC_COM_GET_COMBOBOX 'trade_terms_div';
2018-04-12 16:43:43 EXEC SPC_COM_GET_COMBOBOX 'port_country_div';
2018-04-12 16:43:43 EXEC SPC_COM_GET_COMBOBOX 'sales_detail_div';
2018-04-12 16:43:43 EXEC SPC_COM_GET_COMBOBOX 'shipment_div';
2018-04-12 16:43:43 EXEC SPC_COM_GET_COMBOBOX 'unit_w_div';
2018-04-12 16:43:43 EXEC SPC_COM_GET_COMBOBOX 'unit_m_div';
2018-04-12 16:43:44 EXEC SPC_GET_TAX_RATE '2018/04/12';
2018-04-12 16:44:17 EXEC SPC_COM_GET_COMBOBOX 'trade_terms_div';
2018-04-12 16:44:17 EXEC SPC_COM_GET_COMBOBOX 'currency_div';
2018-04-12 16:44:17 EXEC SPC_COM_GET_COMBOBOX 'port_country_div';
2018-04-12 16:44:17 EXEC SPC_COM_GET_COMBOBOX 'port_city_div';
2018-04-12 16:44:17 EXEC SPC_COM_GET_COMBOBOX 'shipment_div';
2018-04-12 16:44:17 EXEC SPC_COM_GET_COMBOBOX 'payment_conditions_div';
2018-04-12 16:44:17 EXEC SPC_COM_GET_COMBOBOX 'unit_q_div';
2018-04-12 16:44:17 EXEC SPC_COM_GET_COMBOBOX 'sales_detail_div';
2018-04-12 16:44:17 EXEC SPC_COM_GET_COMBOBOX 'unit_m_div';
2018-04-12 16:44:17 EXEC SPC_COM_GET_COMBOBOX 'storage_manager_div';
2018-04-12 16:44:17 EXEC SPC_COM_GET_COMBOBOX 'unit_w_div';
2018-04-12 16:44:17 EXEC SPC_GET_TAX_RATE '2018/04/12';
2018-04-12 16:44:22 EXEC SPC_COM_GET_COMBOBOX 'fwd_status_div';
2018-04-12 16:44:25 EXEC SPC_011_SHIPMENT_SEARCH_FND1 '','','','','','20','1','10';
2018-04-12 16:44:27 EXEC SPC_014_INVOICE_DETAIL_INQ2 'S-18030004';
2018-04-12 16:44:27 EXEC SPC_COM_GET_COMBOBOX 'unit_w_div';
2018-04-12 16:44:27 EXEC SPC_COM_GET_COMBOBOX 'unit_q_div';
2018-04-12 16:44:27 EXEC SPC_COM_GET_COMBOBOX 'sales_detail_div';
2018-04-12 16:46:41 EXEC SPC_COM_GET_COMBOBOX 'port_country_div';
2018-04-12 16:46:41 EXEC SPC_COM_GET_COMBOBOX 'currency_div';
2018-04-12 16:46:41 EXEC SPC_COM_GET_COMBOBOX 'payment_conditions_div';
2018-04-12 16:46:41 EXEC SPC_COM_GET_COMBOBOX 'shipment_div';
2018-04-12 16:46:41 EXEC SPC_COM_GET_COMBOBOX 'port_city_div';
2018-04-12 16:46:42 EXEC SPC_COM_GET_COMBOBOX 'unit_q_div';
2018-04-12 16:46:42 EXEC SPC_COM_GET_COMBOBOX 'storage_manager_div';
2018-04-12 16:46:42 EXEC SPC_GET_TAX_RATE '2018/04/12';
2018-04-12 16:46:42 EXEC SPC_COM_GET_COMBOBOX 'unit_w_div';
2018-04-12 16:46:42 EXEC SPC_COM_GET_COMBOBOX 'unit_m_div';
iv';
2018-04-12 16:46:52 EXEC SPC_COM_GET_COMBOBOX 'fwd_status_div';
2018-04-12 16:46:56 EXEC SPC_011_SHIPMENT_SEARCH_FND1 '','','','','','20','1','10';
2018-04-12 16:46:58 EXEC SPC_014_INVOICE_DETAIL_INQ2 'S-18030004';
2018-04-12 16:46:59 EXEC SPC_COM_GET_COMBOBOX 'sales_detail_div';
2018-04-12 16:46:59 EXEC SPC_COM_GET_COMBOBOX 'unit_m_div';
2018-04-12 16:46:59 EXEC SPC_COM_GET_COMBOBOX 'unit_q_div';
2018-04-12 16:46:59 EXEC SPC_COM_GET_COMBOBOX 'unit_w_div';
2018-04-12 17:04:43 EXEC SPC_COM_GET_COMBOBOX 'fwd_status_div';
2018-04-12 17:04:46 EXEC SPC_011_SHIPMENT_SEARCH_FND1 '','','','','','10','1','10';
2018-04-12 17:04:51 EXEC SPC_011_SHIPMENT_SEARCH_FND1 '','','','','','20','1','10';
2018-04-12 17:05:22 EXEC SPC_011_SHIPMENT_SEARCH_FND1 '','','','','','20','1','10';
2018-04-12 17:05:25 EXEC SPC_011_SHIPMENT_SEARCH_FND1 '','','','','','20','2','10';
2018-04-12 17:05:26 EXEC SPC_011_SHIPMENT_SEARCH_FND1 '','','','','','20','13','10';
2018-04-12 17:05:30 EXEC SPC_011_SHIPMENT_SEARCH_FND1 '','','','','','90','1','10';
2018-04-12 17:05:33 EXEC SPC_011_SHIPMENT_SEARCH_FND1 '','','','','','91','1','10';
2018-04-12 17:05:36 EXEC SPC_011_SHIPMENT_SEARCH_FND1 '','','','','','10','1','10';
2018-04-12 17:05:53 EXEC SPC_011_SHIPMENT_SEARCH_FND1 '','','','','','','1','10';
2018-04-12 17:05:55 EXEC SPC_011_SHIPMENT_SEARCH_FND1 '','','','','','','2','10';
2018-04-12 17:05:57 EXEC SPC_011_SHIPMENT_SEARCH_FND1 '','','','','','','3','10';
2018-04-12 17:06:01 EXEC SPC_011_SHIPMENT_SEARCH_FND1 '','','','','','','4','10';
2018-04-12 17:06:03 EXEC SPC_011_SHIPMENT_SEARCH_FND1 '','','','','','','5','10';
2018-04-12 17:06:04 EXEC SPC_011_SHIPMENT_SEARCH_FND1 '','','','','','','6','10';
2018-04-12 17:06:05 EXEC SPC_011_SHIPMENT_SEARCH_FND1 '','','','','','','7','10';
2018-04-12 17:06:06 EXEC SPC_011_SHIPMENT_SEARCH_FND1 '','','','','','','8','10';
2018-04-12 17:06:08 EXEC SPC_011_SHIPMENT_SEARCH_FND1 '','','','','','','9','10';
2018-04-12 17:06:09 EXEC SPC_011_SHIPMENT_SEARCH_FND1 '','','','','','','10','10';
2018-04-12 17:06:10 EXEC SPC_011_SHIPMENT_SEARCH_FND1 '','','','','','','11','10';
2018-04-12 17:06:11 EXEC SPC_011_SHIPMENT_SEARCH_FND1 '','','','','','','12','10';
2018-04-12 17:06:12 EXEC SPC_011_SHIPMENT_SEARCH_FND1 '','','','','','','13','10';
2018-04-12 17:06:13 EXEC SPC_011_SHIPMENT_SEARCH_FND1 '','','','','','','14','10';
2018-04-12 17:06:15 EXEC SPC_011_SHIPMENT_SEARCH_FND1 '','','','','','','15','10';
2018-04-12 17:06:24 EXEC SPC_008_PROVISIONAL_SHIPMENT_SEARCH_FND1 '','','','','','1','10';
2018-04-12 17:06:59 EXEC SPC_COM_GET_COMBOBOX 'forwarding_div';
2018-04-12 17:07:00 EXEC SPC_COM_GET_COMBOBOX 'forwarding_warehouse_div';
2018-04-12 17:07:00 EXEC SPC_COM_GET_COMBOBOX 'forwarder_div';
2018-04-12 17:07:00 EXEC SPC_COM_GET_COMBOBOX 'forwarding_way_div';
2018-04-12 17:07:00 EXEC SPC_COM_GET_COMBOBOX 'packing_method_div';
2018-04-12 17:07:06 EXEC SPC_008_PROVISIONAL_SHIPMENT_SEARCH_FND1 '','','','','','1','10';
2018-04-12 17:07:09 EXEC SPC_COM_GET_COMBOBOX 'forwarding_div';
2018-04-12 17:07:09 EXEC SPC_COM_GET_COMBOBOX 'forwarder_div';
2018-04-12 17:07:09 EXEC SPC_COM_GET_COMBOBOX 'forwarding_warehouse_div';
2018-04-12 17:07:09 EXEC SPC_COM_GET_COMBOBOX 'packing_method_div';
2018-04-12 17:07:09 EXEC SPC_COM_GET_COMBOBOX 'forwarding_way_div';
2018-04-12 17:07:10 EXEC SPC_007_PROVISIONAL_SHIPMENT_DETAIL_INQ3 'KS-18020008';
2018-04-12 17:07:21 EXEC SPC_008_PROVISIONAL_SHIPMENT_SEARCH_FND1 '','','','','','1','10';
2018-04-12 17:07:26 EXEC SPC_007_PROVISIONAL_SHIPMENT_DETAIL_INQ3 'KS-18020008';
2018-04-12 17:20:55 EXEC SPC_COM_GET_COMBOBOX 'fwd_status_div';
2018-04-12 17:21:27 EXEC SPC_COM_GET_COMBOBOX 'port_city_div';
2018-04-12 17:21:28 EXEC SPC_COM_GET_COMBOBOX 'sales_detail_div';
2018-04-12 17:21:28 EXEC SPC_COM_GET_COMBOBOX 'unit_q_div';
2018-04-12 17:21:29 EXEC SPC_COM_GET_COMBOBOX 'unit_w_div';
2018-04-12 17:21:29 EXEC SPC_COM_GET_COMBOBOX 'currency_div';
2018-04-12 17:21:29 EXEC SPC_COM_GET_COMBOBOX 'port_country_div';
2018-04-12 17:21:29 EXEC SPC_COM_GET_COMBOBOX 'shipment_div';
2018-04-12 17:21:29 EXEC SPC_COM_GET_COMBOBOX 'trade_terms_div';
2018-04-12 17:21:29 EXEC SPC_COM_GET_COMBOBOX 'payment_conditions_div';
2018-04-12 17:21:29 EXEC SPC_COM_GET_COMBOBOX 'unit_m_div';
2018-04-12 17:21:30 EXEC SPC_COM_GET_COMBOBOX 'storage_manager_div';
2018-04-12 17:21:30 EXEC SPC_GET_TAX_RATE '2018/04/12';
2018-04-12 17:21:39 EXEC SPC_008_PROVISIONAL_SHIPMENT_SEARCH_FND1 '','','','','','1','10';
2018-04-12 17:23:34 EXEC SPC_COM_GET_COMBOBOX 'port_city_div';
2018-04-12 17:23:34 EXEC SPC_COM_GET_COMBOBOX 'port_country_div';
2018-04-12 17:23:34 EXEC SPC_COM_GET_COMBOBOX 'trade_terms_div';
2018-04-12 17:23:34 EXEC SPC_COM_GET_COMBOBOX 'shipment_div';
2018-04-12 17:23:34 EXEC SPC_COM_GET_COMBOBOX 'payment_conditions_div';
2018-04-12 17:23:34 EXEC SPC_COM_GET_COMBOBOX 'currency_div';
2018-04-12 17:23:34 EXEC SPC_COM_GET_COMBOBOX 'unit_q_div';
2018-04-12 17:23:34 EXEC SPC_COM_GET_COMBOBOX 'unit_m_div';
2018-04-12 17:23:34 EXEC SPC_COM_GET_COMBOBOX 'sales_detail_div';
2018-04-12 17:23:34 EXEC SPC_COM_GET_COMBOBOX 'unit_w_div';
2018-04-12 17:23:34 EXEC SPC_COM_GET_COMBOBOX 'storage_manager_div';
2018-04-12 17:23:42 EXEC SPC_008_PROVISIONAL_SHIPMENT_SEARCH_FND1 '','','','','','1','10';
2018-04-12 17:23:44 EXEC SPC_014_INVOICE_DETAIL_INQ2 'KS-18020008';
2018-04-12 17:36:17 EXEC SPC_COM_GET_COMBOBOX 'fwd_status_div';
2018-04-12 17:36:23 EXEC SPC_011_SHIPMENT_SEARCH_FND1 '','','','','','','1','10';
2018-04-12 17:36:28 EXEC SPC_014_INVOICE_DETAIL_INQ2 'S-18030001';
2018-04-12 17:43:30 EXEC SPC_008_PROVISIONAL_SHIPMENT_SEARCH_FND1 '','','','','','1','10';
2018-04-12 17:43:32 EXEC SPC_014_INVOICE_DETAIL_INQ2 'KS-18020008';
2018-04-12 17:43:42 EXEC SPC_COM_GET_COMBOBOX 'port_city_div';
2018-04-12 17:43:43 EXEC SPC_COM_GET_COMBOBOX 'sales_detail_div';
2018-04-12 17:43:43 EXEC SPC_COM_GET_COMBOBOX 'unit_q_div';
2018-04-12 17:43:44 EXEC SPC_COM_GET_COMBOBOX 'unit_w_div';
2018-04-12 17:43:44 EXEC SPC_COM_GET_COMBOBOX 'trade_terms_div';
2018-04-12 17:43:44 EXEC SPC_COM_GET_COMBOBOX 'currency_div';
2018-04-12 17:43:44 EXEC SPC_COM_GET_COMBOBOX 'port_country_div';
2018-04-12 17:43:44 EXEC SPC_COM_GET_COMBOBOX 'payment_conditions_div';
2018-04-12 17:43:44 EXEC SPC_COM_GET_COMBOBOX 'shipment_div';
2018-04-12 17:43:44 EXEC SPC_COM_GET_COMBOBOX 'unit_m_div';
2018-04-12 17:43:45 EXEC SPC_COM_GET_COMBOBOX 'storage_manager_div';
2018-04-12 17:43:48 EXEC SPC_COM_GET_COMBOBOX 'fwd_status_div';
2018-04-12 17:43:50 EXEC SPC_011_SHIPMENT_SEARCH_FND1 '','','','','','','1','10';
2018-04-12 17:43:54 EXEC SPC_011_SHIPMENT_SEARCH_FND1 '','','','','','20','1','10';
2018-04-12 17:43:55 EXEC SPC_014_INVOICE_DETAIL_INQ2 'S-18030004';
2018-04-12 17:44:37 EXEC SPC_COM_GET_COMBOBOX 'fwd_status_div';
2018-04-12 17:46:06 EXEC SPC_011_SHIPMENT_SEARCH_FND1 '','','','','','20','1','10';
2018-04-12 17:46:07 EXEC SPC_014_INVOICE_DETAIL_INQ2 'S-18030004';
2018-04-12 17:48:51 EXEC SPC_008_PROVISIONAL_SHIPMENT_SEARCH_FND1 '','','','','','1','10';
2018-04-12 17:48:52 EXEC SPC_014_INVOICE_DETAIL_INQ2 'KS-18020008';
2018-04-12 17:50:18 EXEC SPC_COM_GET_COMBOBOX 'port_city_div';
2018-04-12 17:50:18 EXEC SPC_COM_GET_COMBOBOX 'sales_detail_div';
2018-04-12 17:50:19 EXEC SPC_COM_GET_COMBOBOX 'unit_q_div';
2018-04-12 17:50:19 EXEC SPC_COM_GET_COMBOBOX 'unit_w_div';
2018-04-12 17:50:20 EXEC SPC_COM_GET_COMBOBOX 'port_country_div';
2018-04-12 17:50:20 EXEC SPC_COM_GET_COMBOBOX 'shipment_div';
2018-04-12 17:50:20 EXEC SPC_COM_GET_COMBOBOX 'trade_terms_div';
2018-04-12 17:50:20 EXEC SPC_COM_GET_COMBOBOX 'currency_div';
2018-04-12 17:50:20 EXEC SPC_COM_GET_COMBOBOX 'payment_conditions_div';
2018-04-12 17:50:20 EXEC SPC_COM_GET_COMBOBOX 'unit_m_div';
2018-04-12 17:50:20 EXEC SPC_GET_TAX_RATE '2018/04/12';
2018-04-12 17:50:20 EXEC SPC_COM_GET_COMBOBOX 'storage_manager_div';
2018-04-12 17:50:23 EXEC SPC_COM_GET_COMBOBOX 'fwd_status_div';
2018-04-12 17:50:26 EXEC SPC_011_SHIPMENT_SEARCH_FND1 '','','','','','20','1','10';
2018-04-12 17:50:27 EXEC SPC_014_INVOICE_DETAIL_INQ2 'S-18030004';
2018-04-12 17:57:38 EXEC SPC_COM_GET_COMBOBOX 'fwd_status_div';
2018-04-12 17:57:41 EXEC SPC_011_SHIPMENT_SEARCH_FND1 '','','','','','20','1','10';
2018-04-12 17:57:42 EXEC SPC_014_INVOICE_DETAIL_INQ2 'S-18030004';
2018-04-12 17:58:02 EXEC SPC_COM_GET_COMBOBOX 'fwd_status_div';
2018-04-12 17:58:03 EXEC SPC_011_SHIPMENT_SEARCH_FND1 '','','','','','','1','10';
2018-04-12 17:58:05 EXEC SPC_014_INVOICE_DETAIL_INQ2 'S-18030001';
2018-04-12 17:58:08 EXEC SPC_COM_GET_COMBOBOX 'fwd_status_div';
2018-04-12 17:58:11 EXEC SPC_011_SHIPMENT_SEARCH_FND1 '','','','','','20','1','10';
2018-04-12 17:58:13 EXEC SPC_014_INVOICE_DETAIL_INQ2 'S-18030018';
2018-04-12 17:58:13 EXEC SPC_COM_GET_COMBOBOX 'unit_q_div';
2018-04-12 17:58:14 EXEC SPC_COM_GET_COMBOBOX 'sales_detail_div';
2018-04-12 17:58:14 EXEC SPC_COM_GET_COMBOBOX 'unit_w_div';
2018-04-12 17:58:14 EXEC SPC_COM_GET_COMBOBOX 'unit_m_div';
2018-04-12 17:59:57 EXEC SPC_COM_GET_COMBOBOX 'fwd_status_div';
2018-04-12 18:00:00 EXEC SPC_011_SHIPMENT_SEARCH_FND1 '','','','','','20','1','10';
2018-04-12 18:00:02 EXEC SPC_014_INVOICE_DETAIL_INQ2 'S-18030018';
2018-04-12 18:01:15 EXEC SPC_COM_GET_COMBOBOX 'port_city_div';
2018-04-12 18:01:15 EXEC SPC_COM_GET_COMBOBOX 'currency_div';
2018-04-12 18:01:15 EXEC SPC_COM_GET_COMBOBOX 'port_country_div';
2018-04-12 18:01:15 EXEC SPC_COM_GET_COMBOBOX 'shipment_div';
2018-04-12 18:01:16 EXEC SPC_COM_GET_COMBOBOX 'sales_detail_div';
2018-04-12 18:01:16 EXEC SPC_COM_GET_COMBOBOX 'unit_q_div';
2018-04-12 18:01:16 EXEC SPC_COM_GET_COMBOBOX 'unit_m_div';
2018-04-12 18:01:16 EXEC SPC_COM_GET_COMBOBOX 'unit_w_div';
2018-04-12 18:01:16 EXEC SPC_COM_GET_COMBOBOX 'storage_manager_div';
2018-04-12 18:01:16 EXEC SPC_GET_TAX_RATE '2018/04/12';
2018-04-12 18:01:17 EXEC SPC_COM_GET_COMBOBOX 'payment_conditions_div';
2018-04-12 18:01:17 EXEC SPC_COM_GET_COMBOBOX 'trade_terms_div';
2018-04-12 18:01:22 EXEC SPC_COM_GET_COMBOBOX 'fwd_status_div';
2018-04-12 18:01:25 EXEC SPC_011_SHIPMENT_SEARCH_FND1 '','','','','','20','1','10';
2018-04-12 18:01:27 EXEC SPC_014_INVOICE_DETAIL_INQ2 'S-18030004';
2018-04-12 18:03:21 EXEC SPC_008_PROVISIONAL_SHIPMENT_SEARCH_FND1 '','','','','','1','10';
2018-04-12 18:03:23 EXEC SPC_014_INVOICE_DETAIL_INQ2 'KS-18020008';
2018-04-12 18:03:27 EXEC SPC_008_PROVISIONAL_SHIPMENT_SEARCH_FND1 '','','','','','1','10';
2018-04-12 18:05:50 EXEC SPC_008_PROVISIONAL_SHIPMENT_SEARCH_FND1 '','','','','','1','10';
2018-04-12 18:05:51 EXEC SPC_014_INVOICE_DETAIL_INQ2 'KS-18020008';
2018-04-12 18:06:20 EXEC SPC_COM_GET_COMBOBOX 'port_country_div';
2018-04-12 18:06:20 EXEC SPC_COM_GET_COMBOBOX 'shipment_div';
2018-04-12 18:06:20 EXEC SPC_COM_GET_COMBOBOX 'port_city_div';
2018-04-12 18:06:20 EXEC SPC_COM_GET_COMBOBOX 'payment_conditions_div';
2018-04-12 18:06:20 EXEC SPC_COM_GET_COMBOBOX 'currency_div';
2018-04-12 18:06:21 EXEC SPC_COM_GET_COMBOBOX 'trade_terms_div';
2018-04-12 18:06:21 EXEC SPC_COM_GET_COMBOBOX 'sales_detail_div';
2018-04-12 18:06:21 EXEC SPC_COM_GET_COMBOBOX 'unit_q_div';
2018-04-12 18:06:21 EXEC SPC_COM_GET_COMBOBOX 'storage_manager_div';
2018-04-12 18:06:21 EXEC SPC_COM_GET_COMBOBOX 'unit_w_div';
2018-04-12 18:06:21 EXEC SPC_COM_GET_COMBOBOX 'unit_m_div';
2018-04-12 18:06:21 EXEC SPC_GET_TAX_RATE '2018/04/12';
2018-04-12 18:06:25 EXEC SPC_COM_GET_COMBOBOX 'fwd_status_div';
2018-04-12 18:06:26 EXEC SPC_011_SHIPMENT_SEARCH_FND1 '','','','','','','1','10';
2018-04-12 18:06:28 EXEC SPC_014_INVOICE_DETAIL_INQ2 'S-18030001';
2018-04-12 18:07:09 EXEC SPC_COM_GET_COMBOBOX 'fwd_status_div';
2018-04-12 18:07:12 EXEC SPC_011_SHIPMENT_SEARCH_FND1 '','','','','','20','1','10';
2018-04-12 18:07:13 EXEC SPC_014_INVOICE_DETAIL_INQ2 'S-18030004';
2018-04-12 18:07:44 EXEC SPC_COM_GET_COMBOBOX 'fwd_status_div';
2018-04-12 18:07:47 EXEC SPC_011_SHIPMENT_SEARCH_FND1 '','','','','','20','1','10';
2018-04-12 18:08:23 EXEC SPC_COM_GET_COMBOBOX 'fwd_status_div';
2018-04-12 18:08:26 EXEC SPC_011_SHIPMENT_SEARCH_FND1 '','','','','','20','1','10';
2018-04-12 18:14:41 EXEC SPC_COM_GET_COMBOBOX 'port_city_div';
2018-04-12 18:14:41 EXEC SPC_COM_GET_COMBOBOX 'sales_detail_div';
2018-04-12 18:14:42 EXEC SPC_COM_GET_COMBOBOX 'unit_q_div';
2018-04-12 18:14:42 EXEC SPC_COM_GET_COMBOBOX 'payment_conditions_div';
2018-04-12 18:14:42 EXEC SPC_COM_GET_COMBOBOX 'currency_div';
2018-04-12 18:14:42 EXEC SPC_COM_GET_COMBOBOX 'shipment_div';
2018-04-12 18:14:42 EXEC SPC_COM_GET_COMBOBOX 'port_country_div';
2018-04-12 18:14:42 EXEC SPC_COM_GET_COMBOBOX 'trade_terms_div';
2018-04-12 18:14:43 EXEC SPC_COM_GET_COMBOBOX 'unit_w_div';
2018-04-12 18:14:43 EXEC SPC_COM_GET_COMBOBOX 'storage_manager_div';
2018-04-12 18:14:43 EXEC SPC_COM_GET_COMBOBOX 'unit_m_div';
2018-04-12 18:14:43 EXEC SPC_GET_TAX_RATE '2018/04/12';
2018-04-12 18:14:46 EXEC SPC_COM_GET_COMBOBOX 'fwd_status_div';
2018-04-12 18:14:49 EXEC SPC_011_SHIPMENT_SEARCH_FND1 '','','','','','10','1','10';
2018-04-12 18:14:52 EXEC SPC_COM_GET_COMBOBOX 'unit_w_div';
2018-04-12 18:14:52 EXEC SPC_COM_GET_COMBOBOX 'unit_m_div';
2018-04-12 18:14:52 EXEC SPC_COM_GET_COMBOBOX 'sales_detail_div';
2018-04-12 18:14:52 EXEC SPC_COM_GET_COMBOBOX 'unit_q_div';
2018-04-12 18:15:10 EXEC SPC_COM_GET_COMBOBOX 'fwd_status_div';
2018-04-12 18:15:13 EXEC SPC_011_SHIPMENT_SEARCH_FND1 '','','','','','20','1','10';
2018-04-12 18:15:15 EXEC SPC_COM_GET_COMBOBOX 'unit_m_div';
2018-04-12 18:15:15 EXEC SPC_COM_GET_COMBOBOX 'sales_detail_div';
2018-04-12 18:15:15 EXEC SPC_COM_GET_COMBOBOX 'unit_q_div';
2018-04-12 18:15:15 EXEC SPC_COM_GET_COMBOBOX 'unit_w_div';
2018-04-12 18:15:20 EXEC SPC_COM_GET_COMBOBOX 'fwd_status_div';
2018-04-12 18:15:23 EXEC SPC_011_SHIPMENT_SEARCH_FND1 '','','','','','20','1','10';
2018-04-12 18:15:25 EXEC SPC_COM_GET_COMBOBOX 'unit_w_div';
2018-04-12 18:15:25 EXEC SPC_COM_GET_COMBOBOX 'unit_q_div';
2018-04-12 18:15:25 EXEC SPC_COM_GET_COMBOBOX 'sales_detail_div';
2018-04-12 18:15:25 EXEC SPC_COM_GET_COMBOBOX 'unit_m_div';
2018-04-12 18:16:10 EXEC SPC_COM_GET_COMBOBOX 'fwd_status_div';
2018-04-12 18:16:11 EXEC SPC_011_SHIPMENT_SEARCH_FND1 '','','','','','','1','10';
2018-04-12 18:16:14 EXEC SPC_011_SHIPMENT_SEARCH_FND1 '','','','','','10','1','10';
2018-04-12 18:16:16 EXEC SPC_COM_GET_COMBOBOX 'unit_q_div';
2018-04-12 18:16:16 EXEC SPC_COM_GET_COMBOBOX 'unit_m_div';
2018-04-12 18:16:16 EXEC SPC_COM_GET_COMBOBOX 'sales_detail_div';
2018-04-12 18:16:16 EXEC SPC_COM_GET_COMBOBOX 'unit_w_div';
2018-04-12 18:16:19 EXEC SPC_COM_GET_COMBOBOX 'fwd_status_div';
2018-04-12 18:16:21 EXEC SPC_011_SHIPMENT_SEARCH_FND1 '','','','','','20','1','10';
2018-04-12 18:16:23 EXEC SPC_COM_GET_COMBOBOX 'sales_detail_div';
2018-04-12 18:16:23 EXEC SPC_COM_GET_COMBOBOX 'unit_q_div';
2018-04-12 18:16:23 EXEC SPC_COM_GET_COMBOBOX 'unit_m_div';
2018-04-12 18:16:23 EXEC SPC_COM_GET_COMBOBOX 'unit_w_div';
2018-04-12 18:17:12 EXEC SPC_COM_GET_COMBOBOX 'fwd_status_div';
2018-04-12 18:17:13 EXEC SPC_011_SHIPMENT_SEARCH_FND1 '','','','','','','1','10';
2018-04-12 18:17:16 EXEC SPC_011_SHIPMENT_SEARCH_FND1 '','','','','','20','1','10';
2018-04-12 18:17:36 EXEC SPC_COM_GET_COMBOBOX 'currency_div';
2018-04-12 18:17:36 EXEC SPC_COM_GET_COMBOBOX 'port_city_div';
2018-04-12 18:17:36 EXEC SPC_COM_GET_COMBOBOX 'shipment_div';
2018-04-12 18:17:36 EXEC SPC_COM_GET_COMBOBOX 'port_country_div';
2018-04-12 18:17:36 EXEC SPC_COM_GET_COMBOBOX 'trade_terms_div';
2018-04-12 18:17:36 EXEC SPC_COM_GET_COMBOBOX 'payment_conditions_div';
2018-04-12 18:17:36 EXEC SPC_COM_GET_COMBOBOX 'sales_detail_div';
2018-04-12 18:17:36 EXEC SPC_COM_GET_COMBOBOX 'unit_q_div';
2018-04-12 18:17:36 EXEC SPC_COM_GET_COMBOBOX 'unit_w_div';
2018-04-12 18:17:36 EXEC SPC_COM_GET_COMBOBOX 'unit_m_div';
2018-04-12 18:17:37 EXEC SPC_COM_GET_COMBOBOX 'storage_manager_div';
2018-04-12 18:17:37 EXEC SPC_GET_TAX_RATE '2018/04/12';
2018-04-12 18:17:41 EXEC SPC_COM_GET_COMBOBOX 'fwd_status_div';
2018-04-12 18:17:44 EXEC SPC_011_SHIPMENT_SEARCH_FND1 '','','','','','20','1','10';
2018-04-12 18:17:46 EXEC SPC_014_INVOICE_DETAIL_INQ2 'S-18030004','1';
2018-04-12 18:18:01 EXEC SPC_COM_GET_COMBOBOX 'fwd_status_div';
2018-04-12 18:18:04 EXEC SPC_011_SHIPMENT_SEARCH_FND1 '','','','','','10','1','10';
2018-04-12 18:18:06 EXEC SPC_014_INVOICE_DETAIL_INQ2 'S-18030001','1';
2018-04-12 18:18:10 EXEC SPC_COM_GET_COMBOBOX 'fwd_status_div';
2018-04-12 18:18:12 EXEC SPC_011_SHIPMENT_SEARCH_FND1 '','','','','','20','1','10';
2018-04-12 18:18:14 EXEC SPC_014_INVOICE_DETAIL_INQ2 'S-18030004','1';
2018-04-12 18:18:14 EXEC SPC_COM_GET_COMBOBOX 'sales_detail_div';
2018-04-12 18:18:15 EXEC SPC_COM_GET_COMBOBOX 'unit_w_div';
2018-04-12 18:18:15 EXEC SPC_COM_GET_COMBOBOX 'unit_m_div';
2018-04-12 18:18:15 EXEC SPC_COM_GET_COMBOBOX 'unit_q_div';
2018-04-12 18:19:18 EXEC SPC_008_PROVISIONAL_SHIPMENT_SEARCH_FND1 '','','','','','1','10';
2018-04-12 18:19:20 EXEC SPC_014_INVOICE_DETAIL_INQ2 'KS-18020008','0';
2018-04-12 18:19:21 EXEC SPC_COM_GET_COMBOBOX 'unit_w_div';
2018-04-12 18:19:21 EXEC SPC_COM_GET_COMBOBOX 'unit_q_div';
2018-04-12 18:19:21 EXEC SPC_COM_GET_COMBOBOX 'sales_detail_div';
2018-04-12 18:19:21 EXEC SPC_COM_GET_COMBOBOX 'unit_m_div';
2018-04-12 18:19:31 EXEC SPC_008_PROVISIONAL_SHIPMENT_SEARCH_FND1 '','','','','','1','10';
2018-04-12 18:19:34 EXEC SPC_014_INVOICE_DETAIL_INQ2 'KS-18020016','0';
2018-04-12 18:19:34 EXEC SPC_COM_GET_COMBOBOX 'unit_m_div';
2018-04-12 18:19:34 EXEC SPC_COM_GET_COMBOBOX 'unit_w_div';
2018-04-12 18:19:34 EXEC SPC_COM_GET_COMBOBOX 'unit_q_div';
2018-04-12 18:19:34 EXEC SPC_COM_GET_COMBOBOX 'sales_detail_div';
2018-04-12 18:21:00 EXEC SPC_COM_GET_COMBOBOX 'payment_conditions_div';
2018-04-12 18:21:00 EXEC SPC_COM_GET_COMBOBOX 'shipment_div';
2018-04-12 18:21:00 EXEC SPC_COM_GET_COMBOBOX 'currency_div';
2018-04-12 18:21:00 EXEC SPC_COM_GET_COMBOBOX 'port_country_div';
2018-04-12 18:21:00 EXEC SPC_COM_GET_COMBOBOX 'port_city_div';
2018-04-12 18:21:00 EXEC SPC_COM_GET_COMBOBOX 'trade_terms_div';
2018-04-12 18:21:01 EXEC SPC_COM_GET_COMBOBOX 'unit_m_div';
2018-04-12 18:21:01 EXEC SPC_COM_GET_COMBOBOX 'unit_q_div';
2018-04-12 18:21:01 EXEC SPC_COM_GET_COMBOBOX 'sales_detail_div';
2018-04-12 18:21:01 EXEC SPC_COM_GET_COMBOBOX 'unit_w_div';
2018-04-12 18:21:01 EXEC SPC_COM_GET_COMBOBOX 'storage_manager_div';
2018-04-12 18:21:01 EXEC SPC_GET_TAX_RATE '2018/04/12';
2018-04-12 18:21:06 EXEC SPC_COM_GET_COMBOBOX 'fwd_status_div';
2018-04-12 18:21:10 EXEC SPC_011_SHIPMENT_SEARCH_FND1 '','','','','','20','1','10';
2018-04-12 18:21:11 EXEC SPC_014_INVOICE_DETAIL_INQ2 'S-18030004','1';
2018-04-12 18:21:12 EXEC SPC_COM_GET_COMBOBOX 'unit_m_div';
2018-04-12 18:21:12 EXEC SPC_COM_GET_COMBOBOX 'unit_q_div';
2018-04-12 18:21:12 EXEC SPC_COM_GET_COMBOBOX 'unit_w_div';
2018-04-12 18:21:12 EXEC SPC_COM_GET_COMBOBOX 'sales_detail_div';
2018-04-12 18:21:18 EXEC SPC_COM_GET_COMBOBOX 'port_city_div';
2018-04-12 18:21:18 EXEC SPC_COM_GET_COMBOBOX 'port_country_div';
2018-04-12 18:21:18 EXEC SPC_COM_GET_COMBOBOX 'currency_div';
2018-04-12 18:21:18 EXEC SPC_COM_GET_COMBOBOX 'trade_terms_div';
2018-04-12 18:21:18 EXEC SPC_COM_GET_COMBOBOX 'payment_conditions_div';
2018-04-12 18:21:18 EXEC SPC_COM_GET_COMBOBOX 'shipment_div';
2018-04-12 18:21:19 EXEC SPC_COM_GET_COMBOBOX 'storage_manager_div';
2018-04-12 18:21:19 EXEC SPC_COM_GET_COMBOBOX 'unit_m_div';
2018-04-12 18:21:19 EXEC SPC_COM_GET_COMBOBOX 'unit_w_div';
2018-04-12 18:21:19 EXEC SPC_COM_GET_COMBOBOX 'unit_q_div';
2018-04-12 18:21:19 EXEC SPC_GET_TAX_RATE '2018/04/12';
2018-04-12 18:21:19 EXEC SPC_COM_GET_COMBOBOX 'sales_detail_div';
2018-04-12 18:21:23 EXEC SPC_COM_GET_COMBOBOX 'fwd_status_div';
2018-04-12 18:21:24 EXEC SPC_011_SHIPMENT_SEARCH_FND1 '','','','','','','1','10';
2018-04-12 18:21:26 EXEC SPC_014_INVOICE_DETAIL_INQ2 'S-18030001','1';
2018-04-12 18:22:02 EXEC SPC_COM_GET_COMBOBOX 'trade_terms_div';
2018-04-12 18:22:02 EXEC SPC_COM_GET_COMBOBOX 'currency_div';
2018-04-12 18:22:02 EXEC SPC_COM_GET_COMBOBOX 'port_city_div';
2018-04-12 18:22:02 EXEC SPC_COM_GET_COMBOBOX 'payment_conditions_div';
2018-04-12 18:22:03 EXEC SPC_COM_GET_COMBOBOX 'port_country_div';
2018-04-12 18:22:03 EXEC SPC_COM_GET_COMBOBOX 'shipment_div';
2018-04-12 18:22:03 EXEC SPC_COM_GET_COMBOBOX 'sales_detail_div';
2018-04-12 18:22:03 EXEC SPC_COM_GET_COMBOBOX 'storage_manager_div';
2018-04-12 18:22:03 EXEC SPC_COM_GET_COMBOBOX 'unit_m_div';
2018-04-12 18:22:03 EXEC SPC_COM_GET_COMBOBOX 'unit_q_div';
2018-04-12 18:22:03 EXEC SPC_COM_GET_COMBOBOX 'unit_w_div';
2018-04-12 18:22:03 EXEC SPC_GET_TAX_RATE '2018/04/12';
2018-04-12 18:22:28 EXEC SPC_COM_GET_COMBOBOX 'fwd_status_div';
2018-04-12 18:22:32 EXEC SPC_011_SHIPMENT_SEARCH_FND1 '','','','','','','1','10';
2018-04-12 18:22:35 EXEC SPC_011_SHIPMENT_SEARCH_FND1 '','','','','','20','1','10';
2018-04-12 18:22:37 EXEC SPC_014_INVOICE_DETAIL_INQ2 'S-18030004','1';
2018-04-12 18:22:38 EXEC SPC_COM_GET_COMBOBOX 'unit_w_div';
2018-04-12 18:22:38 EXEC SPC_COM_GET_COMBOBOX 'unit_q_div';
2018-04-12 18:22:38 EXEC SPC_COM_GET_COMBOBOX 'sales_detail_div';
2018-04-12 18:22:38 EXEC SPC_COM_GET_COMBOBOX 'unit_m_div';
2018-04-12 18:22:44 EXEC SPC_008_PROVISIONAL_SHIPMENT_SEARCH_FND1 '','','','','','1','10';
2018-04-12 18:22:46 EXEC SPC_014_INVOICE_DETAIL_INQ2 'KS-18020008','0';
2018-04-12 18:22:46 EXEC SPC_COM_GET_COMBOBOX 'unit_q_div';
2018-04-12 18:22:46 EXEC SPC_COM_GET_COMBOBOX 'unit_m_div';
2018-04-12 18:22:46 EXEC SPC_COM_GET_COMBOBOX 'sales_detail_div';
2018-04-12 18:22:46 EXEC SPC_COM_GET_COMBOBOX 'unit_w_div';
2018-04-12 19:01:44 EXEC SPC_COM_GET_COMBOBOX 'port_city_div';
2018-04-12 19:01:45 EXEC SPC_COM_GET_COMBOBOX 'sales_detail_div';
2018-04-12 19:01:45 EXEC SPC_COM_GET_COMBOBOX 'unit_q_div';
2018-04-12 19:01:45 EXEC SPC_COM_GET_COMBOBOX 'port_country_div';
2018-04-12 19:01:45 EXEC SPC_COM_GET_COMBOBOX 'shipment_div';
2018-04-12 19:01:45 EXEC SPC_COM_GET_COMBOBOX 'currency_div';
2018-04-12 19:01:45 EXEC SPC_COM_GET_COMBOBOX 'trade_terms_div';
2018-04-12 19:01:46 EXEC SPC_COM_GET_COMBOBOX 'unit_w_div';
2018-04-12 19:01:46 EXEC SPC_COM_GET_COMBOBOX 'payment_conditions_div';
2018-04-12 19:01:46 EXEC SPC_COM_GET_COMBOBOX 'unit_m_div';
2018-04-12 19:01:46 EXEC SPC_GET_TAX_RATE '2018/04/12';
2018-04-12 19:01:46 EXEC SPC_COM_GET_COMBOBOX 'storage_manager_div';
2018-04-12 19:01:50 EXEC SPC_COM_GET_COMBOBOX 'fwd_status_div';
2018-04-12 19:01:53 EXEC SPC_011_SHIPMENT_SEARCH_FND1 '','','','','','20','1','10';
2018-04-12 19:01:54 EXEC SPC_014_INVOICE_DETAIL_INQ2 'S-18030004','1';
2018-04-12 19:01:55 EXEC SPC_COM_GET_COMBOBOX 'unit_m_div';
2018-04-12 19:01:55 EXEC SPC_COM_GET_COMBOBOX 'unit_q_div';
2018-04-12 19:01:55 EXEC SPC_COM_GET_COMBOBOX 'sales_detail_div';
2018-04-12 19:01:55 EXEC SPC_COM_GET_COMBOBOX 'unit_w_div';
2018-04-12 19:14:53 EXEC SPC_COM_GET_COMBOBOX 'shipment_div';
2018-04-12 19:14:54 EXEC SPC_COM_GET_COMBOBOX 'unit_q_div';
2018-04-12 19:14:54 EXEC SPC_COM_GET_COMBOBOX 'trade_terms_div';
2018-04-12 19:14:54 EXEC SPC_COM_GET_COMBOBOX 'unit_w_div';
2018-04-12 19:14:54 EXEC SPC_COM_GET_COMBOBOX 'currency_div';
2018-04-12 19:14:54 EXEC SPC_COM_GET_COMBOBOX 'payment_conditions_div';
2018-04-12 19:14:54 EXEC SPC_COM_GET_COMBOBOX 'port_country_div';
2018-04-12 19:14:55 EXEC SPC_COM_GET_COMBOBOX 'port_city_div';
2018-04-12 19:14:55 EXEC SPC_COM_GET_COMBOBOX 'sales_detail_div';
2018-04-12 19:14:55 EXEC SPC_COM_GET_COMBOBOX 'unit_m_div';
2018-04-12 19:14:55 EXEC SPC_GET_TAX_RATE '2018/04/12';
2018-04-12 19:14:55 EXEC SPC_COM_GET_COMBOBOX 'bank_div';
