2018-02-05 10:59:35 EXEC SPC_COM_GET_COMBOBOX 'shipment_div';
2018-02-05 10:59:35 EXEC SPC_COM_GET_COMBOBOX 'trade_terms_div';
2018-02-05 10:59:35 EXEC SPC_COM_GET_COMBOBOX 'currency_div';
2018-02-05 10:59:35 EXEC SPC_COM_GET_COMBOBOX 'payment_conditions_div';
2018-02-05 10:59:35 EXEC SPC_COM_GET_COMBOBOX 'port_city_div';
2018-02-05 10:59:41 EXEC SPC_073_LOGIN_ACT1 '001','123';
2018-02-05 10:59:48 EXEC SPC_073_LOGIN_ACT1 '001','123456';
2018-02-05 10:59:48 EXEC SPC_GET_CONSTANT '';
2018-02-05 11:14:39 EXEC SPC_COM_GET_COMBOBOX 'port_country_div';
2018-02-05 11:14:39 EXEC SPC_COM_GET_COMBOBOX 'unit_q_div';
2018-02-05 11:14:40 EXEC SPC_COM_GET_COMBOBOX 'unit_w_div';
2018-02-05 11:14:40 EXEC SPC_COM_GET_COMBOBOX 'unit_m_div';
2018-02-05 11:14:41 EXEC SPC_COM_GET_COMBOBOX 'sales_detail_div';
2018-02-05 11:14:41 EXEC SPC_COM_GET_COMBOBOX 'currency_div';
2018-02-05 11:14:41 EXEC SPC_COM_GET_COMBOBOX 'port_city_div';
2018-02-05 11:14:41 EXEC SPC_COM_GET_COMBOBOX 'payment_conditions_div';
2018-02-05 11:14:41 EXEC SPC_COM_GET_COMBOBOX 'shipment_div';
2018-02-05 11:14:41 EXEC SPC_COM_GET_COMBOBOX 'trade_terms_div';
2018-02-05 11:14:41 EXEC SPC_COM_GET_COMBOBOX 'bank_div';
2018-02-05 11:14:41 EXEC SPC_GET_TAX_RATE '2018/02/05';
2018-02-05 11:27:37 EXEC SPC_COM_GET_COMBOBOX 'pi_status_div';
2018-02-05 11:27:38 EXEC SPC_002_PI_SEARCH_FND1 '','','','','','','','','1','10';
2018-02-05 11:27:43 EXEC SPC_COM_GET_COMBOBOX 'port_country_div';
2018-02-05 11:27:43 EXEC SPC_COM_GET_COMBOBOX 'unit_q_div';
2018-02-05 11:27:44 EXEC SPC_COM_GET_COMBOBOX 'unit_w_div';
2018-02-05 11:27:44 EXEC SPC_COM_GET_COMBOBOX 'unit_m_div';
2018-02-05 11:27:45 EXEC SPC_COM_GET_COMBOBOX 'sales_detail_div';
2018-02-05 11:27:45 EXEC SPC_COM_GET_COMBOBOX 'port_city_div';
2018-02-05 11:27:45 EXEC SPC_COM_GET_COMBOBOX 'currency_div';
2018-02-05 11:27:45 EXEC SPC_COM_GET_COMBOBOX 'payment_conditions_div';
2018-02-05 11:27:45 EXEC SPC_COM_GET_COMBOBOX 'bank_div';
2018-02-05 11:27:45 EXEC SPC_COM_GET_COMBOBOX 'shipment_div';
2018-02-05 11:27:45 EXEC SPC_COM_GET_COMBOBOX 'trade_terms_div';
2018-02-05 11:27:45 EXEC SPC_GET_TAX_RATE '2018/02/05';
2018-02-05 11:27:45 EXEC SPC_001_PI_DETAIL_INQ1 'RT-131001001';
2018-02-05 11:27:46 EXEC SPC_COM_GET_COMBOBOX 'unit_w_div';
2018-02-05 11:27:46 EXEC SPC_COM_GET_COMBOBOX 'unit_q_div';
2018-02-05 11:27:46 EXEC SPC_COM_GET_COMBOBOX 'sales_detail_div';
2018-02-05 11:27:46 EXEC SPC_GET_TAX_RATE '2013/10/01';
2018-02-05 11:27:46 EXEC SPC_COM_GET_COMBOBOX 'unit_m_div';
2018-02-05 11:31:39 EXEC SPC_COM_GET_COMBOBOX 'pi_status_div';
2018-02-05 11:31:40 EXEC SPC_002_PI_SEARCH_FND1 '','','','','','','','','1','10';
2018-02-05 11:31:43 EXEC SPC_002_PI_SEARCH_FND1 '','','','','','','','10','1','10';
2018-02-05 11:31:46 EXEC SPC_COM_GET_COMBOBOX 'port_country_div';
2018-02-05 11:31:47 EXEC SPC_COM_GET_COMBOBOX 'currency_div';
2018-02-05 11:31:47 EXEC SPC_COM_GET_COMBOBOX 'shipment_div';
2018-02-05 11:31:47 EXEC SPC_COM_GET_COMBOBOX 'port_city_div';
2018-02-05 11:31:47 EXEC SPC_COM_GET_COMBOBOX 'trade_terms_div';
2018-02-05 11:31:47 EXEC SPC_COM_GET_COMBOBOX 'payment_conditions_div';
2018-02-05 11:31:47 EXEC SPC_COM_GET_COMBOBOX 'unit_q_div';
2018-02-05 11:31:47 EXEC SPC_COM_GET_COMBOBOX 'unit_w_div';
2018-02-05 11:31:48 EXEC SPC_COM_GET_COMBOBOX 'sales_detail_div';
2018-02-05 11:31:48 EXEC SPC_COM_GET_COMBOBOX 'unit_m_div';
2018-02-05 11:31:48 EXEC SPC_COM_GET_COMBOBOX 'bank_div';
2018-02-05 11:31:48 EXEC SPC_GET_TAX_RATE '2018/02/05';
2018-02-05 11:31:48 EXEC SPC_001_PI_DETAIL_INQ1 'RT-131001001';
2018-02-05 11:31:49 EXEC SPC_GET_TAX_RATE '2013/10/01';
2018-02-05 11:31:49 EXEC SPC_COM_GET_COMBOBOX 'unit_q_div';
2018-02-05 11:31:49 EXEC SPC_COM_GET_COMBOBOX 'unit_m_div';
2018-02-05 11:31:49 EXEC SPC_COM_GET_COMBOBOX 'unit_w_div';
2018-02-05 11:31:49 EXEC SPC_COM_GET_COMBOBOX 'sales_detail_div';
2018-02-05 12:37:49 EXEC SPC_COM_GET_COMBOBOX 'pi_status_div';
2018-02-05 12:37:56 EXEC SPC_GET_PI_ACCEPT 'j-1801';
2018-02-05 12:38:00 EXEC SPC_COM_GET_COMBOBOX 'rcv_status_div';
2018-02-05 12:38:01 EXEC SPC_006_ACCEPT_SEARCH_FND1 '','','','','','1','10';
2018-02-05 12:38:03 EXEC SPC_GET_PI_ACCEPT 'J-18010004';
2018-02-05 12:38:04 EXEC SPC_002_PI_SEARCH_FND1 '','','','','','J-18010004','','','1','10';
2018-02-05 12:38:07 EXEC SPC_002_PI_SEARCH_FND1 '','','','','','J-18010004','','','1','10';
2018-02-05 12:38:13 EXEC SPC_GET_PI_ACCEPT 'J-18010001';
2018-02-05 12:38:16 EXEC SPC_COM_GET_COMBOBOX 'rcv_status_div';
2018-02-05 12:38:17 EXEC SPC_006_ACCEPT_SEARCH_FND1 '','','','','','1','10';
2018-02-05 12:38:20 EXEC SPC_GET_PI_ACCEPT 'J-18010010';
2018-02-05 12:38:22 EXEC SPC_002_PI_SEARCH_FND1 '','','','','','J-18010010','','','1','10';
2018-02-05 12:38:38 EXEC SPC_COM_GET_COMBOBOX 'rcv_status_div';
2018-02-05 12:38:41 EXEC SPC_002_PI_SEARCH_FND1 '','','','','','J-18010010','','','1','10';
2018-02-05 12:38:44 EXEC SPC_GET_PI_ACCEPT '';
2018-02-05 12:38:59 EXEC SPC_COM_GET_COMBOBOX 'pi_status_div';
2018-02-05 12:39:17 EXEC SPC_002_PI_SEARCH_FND1 '','','','','','','','','1','10';
2018-02-05 12:39:28 EXEC SPC_GET_PI_ACCEPT 'J-1801009';
2018-02-05 12:39:32 EXEC SPC_GET_PI_ACCEPT 'J-18010092';
2018-02-05 12:39:36 EXEC SPC_GET_PI_ACCEPT 'J-1801 092';
2018-02-05 12:41:45 EXEC SPC_GET_PI_ACCEPT '';
2018-02-05 12:42:10 EXEC SPC_COM_GET_COMBOBOX 'pi_status_div';
2018-02-05 12:42:12 EXEC SPC_002_PI_SEARCH_FND1 '','','','','','','','','1','10';
2018-02-05 14:30:42 EXEC SPC_GET_PI_ACCEPT 'J-18010092';
2018-02-05 14:31:25 EXEC SPC_002_PI_SEARCH_FND1 '','','','','','J-18010092','','','1','10';
2018-02-05 14:31:28 EXEC SPC_002_PI_SEARCH_FND1 '','','','','','J-18010092','','','1','10';
2018-02-05 14:36:23 EXEC SPC_GET_PI_ACCEPT 'J-1801 092';
2018-02-05 14:36:24 EXEC SPC_002_PI_SEARCH_FND1 '','','','','','J-1801 092','','','1','10';
2018-02-05 14:36:27 EXEC SPC_002_PI_SEARCH_FND1 '','','','','','J-1801 092','','','2','10';
2018-02-05 14:36:29 EXEC SPC_002_PI_SEARCH_FND1 '','','','','','J-1801 092','','','1','10';
2018-02-05 14:46:25 EXEC SPC_004_PI_ORDER_CONFIRM_FND1 '','','','','1','10';
2018-02-05 14:46:31 EXEC SPC_004_PI_ORDER_CONFIRM_FND1 '','','','RT-13101 003','1','10';
2018-02-05 14:51:26 EXEC SPC_069_COMPONENT_MASTER_SEARCH_FND1 '','','','1','10';
2018-02-05 14:51:36 EXEC SPC_055_SUPPLIERS_MASTER_SEARCH_FND1 '','','','','','','0','0','0','1','10';
2018-02-05 14:51:38 EXEC SPC_REFER_CLIENT_CD '001';
2018-02-05 14:51:40 EXEC SPC_069_COMPONENT_MASTER_SEARCH_FND1 '','','001','1','10';
2018-02-05 14:51:44 EXEC SPC_REFER_CLIENT_CD '0 1';
2018-02-05 14:51:47 EXEC SPC_REFER_CLIENT_CD '0    1';
2018-02-05 14:51:51 EXEC SPC_REFER_CLIENT_CD '';
2018-02-05 15:10:21 EXEC SPC_COM_GET_COMBOBOX 'shipment_div';
2018-02-05 15:10:22 EXEC SPC_COM_GET_COMBOBOX 'unit_q_div';
2018-02-05 15:10:23 EXEC SPC_COM_GET_COMBOBOX 'unit_w_div';
2018-02-05 15:10:23 EXEC SPC_COM_GET_COMBOBOX 'unit_m_div';
2018-02-05 15:10:23 EXEC SPC_COM_GET_COMBOBOX 'port_country_div';
2018-02-05 15:10:23 EXEC SPC_COM_GET_COMBOBOX 'currency_div';
2018-02-05 15:10:23 EXEC SPC_COM_GET_COMBOBOX 'port_city_div';
2018-02-05 15:10:23 EXEC SPC_COM_GET_COMBOBOX 'trade_terms_div';
2018-02-05 15:10:23 EXEC SPC_COM_GET_COMBOBOX 'payment_conditions_div';
2018-02-05 15:10:24 EXEC SPC_COM_GET_COMBOBOX 'sales_detail_div';
2018-02-05 15:10:24 EXEC SPC_GET_TAX_RATE '2018/02/05';
2018-02-05 15:10:24 EXEC SPC_COM_GET_COMBOBOX 'bank_div';
2018-02-05 15:10:45 EXEC SPC_COM_GET_COMBOBOX 'pi_status_div';
2018-02-05 15:10:48 EXEC SPC_COM_GET_COMBOBOX 'rcv_status_div';
2018-02-05 15:11:01 EXEC SPC_COM_GET_COMBOBOX 'in_out_div';
2018-02-05 15:11:01 EXEC SPC_COM_GET_COMBOBOX 'in_out_data_div';
2018-02-05 15:11:14 EXEC SPC_COMPONENT_PRODUCT_FND '','','','','1','10';
2018-02-05 15:11:19 EXEC SPC_COMPONENT_PRODUCT_FND '','','1','','1','10';
2018-02-05 15:11:23 EXEC SPC_COMPONENT_PRODUCT_FND '','','','1','1','10';
2018-02-05 15:11:27 EXEC SPC_COMPONENT_PRODUCT_FND '','','1','1','1','10';
2018-02-05 15:11:30 EXEC SPC_COMPONENT_PRODUCT_FND '','','','','1','10';
2018-02-05 15:11:35 EXEC SPC_COMPONENT_PRODUCT_FND '','','','1','1','10';
2018-02-05 15:11:40 EXEC SPC_COMPONENT_PRODUCT_FND '','','1','','1','10';
2018-02-05 15:11:44 EXEC SPC_COMPONENT_PRODUCT_FND '','','','','1','10';
2018-02-05 15:14:54 EXEC SPC_055_SUPPLIERS_MASTER_SEARCH_FND1 '','','','','','','0','0','0','1','10';
2018-02-05 15:14:55 EXEC SPC_REFER_CLIENT_CD '001';
2018-02-05 15:20:39 EXEC SPC_COM_GET_COMBOBOX 'pi_status_div';
2018-02-05 15:20:56 EXEC SPC_COM_GET_COMBOBOX 'pi_status_div';
2018-02-05 15:20:59 EXEC SPC_002_PI_SEARCH_FND1 '','','','','','','','10','1','10';
2018-02-05 15:21:02 EXEC SPC_COM_GET_COMBOBOX 'port_country_div';
2018-02-05 15:21:03 EXEC SPC_COM_GET_COMBOBOX 'unit_q_div';
2018-02-05 15:21:03 EXEC SPC_COM_GET_COMBOBOX 'unit_w_div';
2018-02-05 15:21:04 EXEC SPC_COM_GET_COMBOBOX 'unit_m_div';
2018-02-05 15:21:04 EXEC SPC_COM_GET_COMBOBOX 'sales_detail_div';
2018-02-05 15:21:04 EXEC SPC_COM_GET_COMBOBOX 'currency_div';
2018-02-05 15:21:04 EXEC SPC_COM_GET_COMBOBOX 'port_city_div';
2018-02-05 15:21:04 EXEC SPC_COM_GET_COMBOBOX 'payment_conditions_div';
2018-02-05 15:21:05 EXEC SPC_COM_GET_COMBOBOX 'trade_terms_div';
2018-02-05 15:21:05 EXEC SPC_COM_GET_COMBOBOX 'shipment_div';
2018-02-05 15:21:05 EXEC SPC_COM_GET_COMBOBOX 'bank_div';
2018-02-05 15:21:05 EXEC SPC_GET_TAX_RATE '2018/02/05';
2018-02-05 15:21:05 EXEC SPC_001_PI_DETAIL_INQ1 'RT-130827001';
2018-02-05 15:21:06 EXEC SPC_COM_GET_COMBOBOX 'unit_q_div';
2018-02-05 15:21:06 EXEC SPC_COM_GET_COMBOBOX 'sales_detail_div';
2018-02-05 15:21:06 EXEC SPC_GET_TAX_RATE '2013/08/27';
2018-02-05 15:21:06 EXEC SPC_COM_GET_COMBOBOX 'unit_w_div';
2018-02-05 15:21:06 EXEC SPC_COM_GET_COMBOBOX 'unit_m_div';
2018-02-05 15:26:07 EXEC SPC_COM_GET_COMBOBOX 'pi_status_div';
2018-02-05 15:26:08 EXEC SPC_002_PI_SEARCH_FND1 '','','','','','','','10','1','10';
2018-02-05 15:26:10 EXEC SPC_002_PI_SEARCH_FND1 '','','','','','','','20','1','10';
2018-02-05 15:26:13 EXEC SPC_COM_GET_COMBOBOX 'port_city_div';
2018-02-05 15:26:14 EXEC SPC_COM_GET_COMBOBOX 'port_country_div';
2018-02-05 15:26:14 EXEC SPC_COM_GET_COMBOBOX 'shipment_div';
2018-02-05 15:26:14 EXEC SPC_COM_GET_COMBOBOX 'currency_div';
2018-02-05 15:26:14 EXEC SPC_COM_GET_COMBOBOX 'trade_terms_div';
2018-02-05 15:26:14 EXEC SPC_COM_GET_COMBOBOX 'payment_conditions_div';
2018-02-05 15:26:14 EXEC SPC_COM_GET_COMBOBOX 'unit_q_div';
2018-02-05 15:26:15 EXEC SPC_COM_GET_COMBOBOX 'bank_div';
2018-02-05 15:26:15 EXEC SPC_COM_GET_COMBOBOX 'unit_w_div';
2018-02-05 15:26:15 EXEC SPC_GET_TAX_RATE '2018/02/05';
2018-02-05 15:26:15 EXEC SPC_COM_GET_COMBOBOX 'unit_m_div';
2018-02-05 15:26:15 EXEC SPC_001_PI_DETAIL_INQ1 'RT-131011003';
2018-02-05 15:26:15 EXEC SPC_COM_GET_COMBOBOX 'sales_detail_div';
2018-02-05 15:26:15 EXEC SPC_COM_GET_COMBOBOX 'unit_w_div';
2018-02-05 15:26:16 EXEC SPC_GET_TAX_RATE '2013/10/11';
2018-02-05 15:26:16 EXEC SPC_COM_GET_COMBOBOX 'unit_q_div';
2018-02-05 15:26:16 EXEC SPC_COM_GET_COMBOBOX 'unit_m_div';
2018-02-05 15:26:16 EXEC SPC_COM_GET_COMBOBOX 'sales_detail_div';
2018-02-05 15:32:49 EXEC SPC_COM_GET_COMBOBOX 'pi_status_div';
2018-02-05 15:32:51 EXEC SPC_002_PI_SEARCH_FND1 '','','','','','','','20','1','10';
2018-02-05 15:33:22 EXEC SPC_002_PI_SEARCH_FND1 '','','','','','','','20','1','10';
2018-02-05 15:33:30 EXEC SPC_GET_CONSTANT '';
2018-02-05 15:33:30 EXEC SPC_003_PI_EXCEL_INQ1 'RT-131019001','001','003_pi-excel','192.168.5.206';
2018-02-05 15:34:45 EXEC SPC_GET_CONSTANT '';
2018-02-05 15:34:45 EXEC SPC_003_PI_EXCEL_INQ1 'RT-131019001','001','003_pi-excel','192.168.5.206';
2018-02-05 15:35:52 EXEC SPC_GET_CONSTANT '';
2018-02-05 15:35:52 EXEC SPC_003_PI_EXCEL_INQ1 'RT-131019001','001','003_pi-excel','192.168.5.206';
2018-02-05 15:36:58 EXEC SPC_GET_CONSTANT '';
2018-02-05 15:36:58 EXEC SPC_003_PI_EXCEL_INQ1 'RT-131019001','001','003_pi-excel','192.168.5.206';
2018-02-05 15:39:53 EXEC SPC_GET_CONSTANT '';
2018-02-05 15:39:53 EXEC SPC_003_PI_EXCEL_INQ1 'RT-131019001','001','003_pi-excel','192.168.5.206';
2018-02-05 15:40:19 EXEC SPC_002_PI_SEARCH_FND1 '','','','','','','','20','2','10';
2018-02-05 15:40:20 EXEC SPC_002_PI_SEARCH_FND1 '','','','','','','','20','3','10';
2018-02-05 15:40:22 EXEC SPC_002_PI_SEARCH_FND1 '','','','','','','','20','4','10';
2018-02-05 15:40:24 EXEC SPC_002_PI_SEARCH_FND1 '','','','','','','','20','5','10';
2018-02-05 15:40:25 EXEC SPC_002_PI_SEARCH_FND1 '','','','','','','','20','6','10';
2018-02-05 15:40:26 EXEC SPC_002_PI_SEARCH_FND1 '','','','','','','','20','7','10';
2018-02-05 15:40:28 EXEC SPC_002_PI_SEARCH_FND1 '','','','','','','','20','96','10';
2018-02-05 15:40:30 EXEC SPC_002_PI_SEARCH_FND1 '','','','','','','','20','95','10';
2018-02-05 15:40:31 EXEC SPC_002_PI_SEARCH_FND1 '','','','','','','','20','94','10';
2018-02-05 15:40:39 EXEC SPC_002_PI_SEARCH_FND1 '','','','','','','','20','1','10';
2018-02-05 15:40:41 EXEC SPC_002_PI_SEARCH_FND1 '','','','','','','','20','2','10';
2018-02-05 15:40:43 EXEC SPC_002_PI_SEARCH_FND1 '','','','','','','','20','3','10';
2018-02-05 15:40:45 EXEC SPC_002_PI_SEARCH_FND1 '','','','','','','','20','4','10';
2018-02-05 15:40:49 EXEC SPC_COM_GET_COMBOBOX 'shipment_div';
2018-02-05 15:40:49 EXEC SPC_COM_GET_COMBOBOX 'unit_q_div';
2018-02-05 15:40:50 EXEC SPC_COM_GET_COMBOBOX 'unit_w_div';
2018-02-05 15:40:50 EXEC SPC_COM_GET_COMBOBOX 'unit_m_div';
2018-02-05 15:40:51 EXEC SPC_COM_GET_COMBOBOX 'sales_detail_div';
2018-02-05 15:40:51 EXEC SPC_COM_GET_COMBOBOX 'port_country_div';
2018-02-05 15:40:51 EXEC SPC_COM_GET_COMBOBOX 'bank_div';
2018-02-05 15:40:51 EXEC SPC_COM_GET_COMBOBOX 'trade_terms_div';
2018-02-05 15:40:51 EXEC SPC_COM_GET_COMBOBOX 'payment_conditions_div';
2018-02-05 15:40:52 EXEC SPC_COM_GET_COMBOBOX 'currency_div';
2018-02-05 15:40:52 EXEC SPC_COM_GET_COMBOBOX 'port_city_div';
2018-02-05 15:40:52 EXEC SPC_001_PI_DETAIL_INQ1 'RT-180201009';
2018-02-05 15:40:52 EXEC SPC_GET_CONSTANT '';
2018-02-05 15:40:52 EXEC SPC_003_PI_EXCEL_INQ1 'RT-180201009','001','003_pi-excel','192.168.5.206';
2018-02-05 15:40:53 EXEC SPC_COM_GET_COMBOBOX 'unit_w_div';
2018-02-05 15:40:53 EXEC SPC_COM_GET_COMBOBOX 'unit_q_div';
2018-02-05 15:40:53 EXEC SPC_GET_TAX_RATE '2018/02/01';
2018-02-05 15:40:53 EXEC SPC_COM_GET_COMBOBOX 'unit_m_div';
2018-02-05 15:40:53 EXEC SPC_COM_GET_COMBOBOX 'sales_detail_div';
2018-02-05 15:40:57 EXEC SPC_GET_CONSTANT '';
2018-02-05 15:40:57 EXEC SPC_003_PI_EXCEL_INQ1 'RT-180201009','001','003_pi-excel','192.168.5.206';
2018-02-05 15:41:05 EXEC SPC_COM_GET_COMBOBOX 'pi_status_div';
2018-02-05 15:41:06 EXEC SPC_002_PI_SEARCH_FND1 '','','','','','','','20','4','10';
2018-02-05 15:44:23 EXEC SPC_GET_CONSTANT '';
2018-02-05 15:44:23 EXEC SPC_003_PI_EXCEL_INQ1 'RT-180201009','001','003_pi-excel','192.168.5.206';
2018-02-05 15:44:26 EXEC SPC_002_PI_SEARCH_FND1 '','','','','','','','20','1','10';
2018-02-05 15:44:29 EXEC SPC_GET_CONSTANT '';
2018-02-05 15:44:29 EXEC SPC_003_PI_EXCEL_INQ1 'RT-131001001','001','003_pi-excel','192.168.5.206';
2018-02-05 15:44:51 EXEC SPC_GET_CONSTANT '';
2018-02-05 15:44:51 EXEC SPC_003_PI_EXCEL_INQ1 'RT-131001001','001','003_pi-excel','192.168.5.206';
2018-02-05 15:45:02 EXEC SPC_GET_CONSTANT '';
2018-02-05 15:45:02 EXEC SPC_003_PI_EXCEL_INQ1 'RT-131001001','001','003_pi-excel','192.168.5.206';
2018-02-05 15:58:28 EXEC SPC_COM_GET_COMBOBOX 'in_out_div';
2018-02-05 15:58:29 EXEC SPC_COM_GET_COMBOBOX 'in_out_data_div';
2018-02-05 15:58:41 EXEC SPC_049_INPUT_OUTPUT_FND1 '','','','','','5','10','1','10';
2018-02-05 15:58:46 EXEC SPC_COM_GET_COMBOBOX 'in_out_div';
2018-02-05 15:58:49 EXEC SPC_COM_GET_COMBOBOX 'in_out_data_div';
2018-02-05 15:58:49 EXEC SPC_COM_GET_COMBOBOX 'in_out_div';
2018-02-05 15:58:50 EXEC SPC_049_INPUT_OUTPUT_FND1 '','','','','','','10','1','10';
2018-02-05 15:58:58 EXEC SPC_049_INPUT_OUTPUT_FND1 '','','','','','5','10','1','10';
2018-02-05 15:59:00 EXEC SPC_COM_GET_COMBOBOX 'in_out_div';
2018-02-05 15:59:03 EXEC SPC_COM_GET_COMBOBOX 'in_out_data_div';
2018-02-05 15:59:03 EXEC SPC_COM_GET_COMBOBOX 'in_out_div';
2018-02-05 15:59:03 EXEC SPC_049_INPUT_OUTPUT_FND1 '','','','','','','10','1','10';
2018-02-05 16:02:23 EXEC SPC_049_INPUT_OUTPUT_FND1 '','','','','','5','10','1','10';
2018-02-05 16:02:27 EXEC SPC_049_INPUT_OUTPUT_FND1 '','','','','','5','','1','10';
2018-02-05 16:02:32 EXEC SPC_COM_GET_COMBOBOX 'in_out_div';
2018-02-05 16:02:35 EXEC SPC_COM_GET_COMBOBOX 'in_out_div';
2018-02-05 16:02:35 EXEC SPC_COM_GET_COMBOBOX 'in_out_data_div';
2018-02-05 16:02:36 EXEC SPC_049_INPUT_OUTPUT_FND1 '','','','','','5','','1','10';
2018-02-05 16:02:39 EXEC SPC_049_INPUT_OUTPUT_FND1 '','','','','','2','','1','10';
2018-02-05 16:02:44 EXEC SPC_COM_GET_COMBOBOX 'in_out_div';
2018-02-05 16:02:47 EXEC SPC_COM_GET_COMBOBOX 'in_out_data_div';
2018-02-05 16:02:47 EXEC SPC_COM_GET_COMBOBOX 'in_out_div';
2018-02-05 16:02:47 EXEC SPC_049_INPUT_OUTPUT_FND1 '','','','','','','','1','10';
2018-02-05 16:03:15 EXEC SPC_049_INPUT_OUTPUT_FND1 '','','','','','5','10','1','10';
2018-02-05 16:03:20 EXEC SPC_049_INPUT_OUTPUT_FND1 '','','','','','5','10','1','10';
2018-02-05 16:03:23 EXEC SPC_COM_GET_COMBOBOX 'in_out_div';
2018-02-05 16:03:27 EXEC SPC_COM_GET_COMBOBOX 'in_out_data_div';
2018-02-05 16:03:27 EXEC SPC_COM_GET_COMBOBOX 'in_out_div';
2018-02-05 16:03:28 EXEC SPC_049_INPUT_OUTPUT_FND1 '','','','','','','10','1','10';
2018-02-05 16:04:25 EXEC SPC_049_INPUT_OUTPUT_FND1 '','','','','','','10','1','10';
2018-02-05 16:04:28 EXEC SPC_049_INPUT_OUTPUT_FND1 '','','','','','2','10','1','10';
2018-02-05 16:04:32 EXEC SPC_COM_GET_COMBOBOX 'in_out_div';
2018-02-05 16:04:35 EXEC SPC_COM_GET_COMBOBOX 'in_out_div';
2018-02-05 16:04:36 EXEC SPC_COM_GET_COMBOBOX 'in_out_data_div';
2018-02-05 16:04:44 EXEC SPC_049_INPUT_OUTPUT_FND1 '','','','','','','','1','10';
2018-02-05 16:04:46 EXEC SPC_049_INPUT_OUTPUT_FND1 '','','','','','2','','1','10';
2018-02-05 16:04:50 EXEC SPC_COM_GET_COMBOBOX 'in_out_div';
2018-02-05 16:04:53 EXEC SPC_COM_GET_COMBOBOX 'in_out_div';
2018-02-05 16:04:53 EXEC SPC_COM_GET_COMBOBOX 'in_out_data_div';
2018-02-05 16:04:53 EXEC SPC_049_INPUT_OUTPUT_FND1 '','','','','','2','','1','10';
2018-02-05 16:05:44 EXEC SPC_049_INPUT_OUTPUT_FND1 '','','','','','2','00','1','10';
2018-02-05 16:05:59 EXEC SPC_COM_GET_COMBOBOX 'in_out_div';
2018-02-05 16:06:03 EXEC SPC_COM_GET_COMBOBOX 'in_out_div';
2018-02-05 16:06:03 EXEC SPC_COM_GET_COMBOBOX 'in_out_data_div';
2018-02-05 16:06:03 EXEC SPC_049_INPUT_OUTPUT_FND1 '','','','','','2','','1','10';
2018-02-05 16:09:48 EXEC SPC_COM_GET_COMBOBOX 'in_out_data_div';
2018-02-05 16:09:48 EXEC SPC_COM_GET_COMBOBOX 'in_out_div';
2018-02-05 16:09:52 EXEC SPC_049_INPUT_OUTPUT_FND1 '','','','','','2','10','1','10';
2018-02-05 16:09:59 EXEC SPC_COM_GET_COMBOBOX 'in_out_div';
2018-02-05 16:10:02 EXEC SPC_COM_GET_COMBOBOX 'in_out_div';
2018-02-05 16:10:02 EXEC SPC_COM_GET_COMBOBOX 'in_out_data_div';
2018-02-05 16:10:02 EXEC SPC_049_INPUT_OUTPUT_FND1 '','','','','','2','','1','10';
2018-02-05 16:10:16 EXEC SPC_COM_GET_COMBOBOX 'in_out_data_div';
2018-02-05 16:10:16 EXEC SPC_COM_GET_COMBOBOX 'in_out_div';
2018-02-05 16:10:19 EXEC SPC_COM_GET_COMBOBOX 'in_out_div';
2018-02-05 16:10:19 EXEC SPC_COM_GET_COMBOBOX 'in_out_data_div';
2018-02-05 16:10:22 EXEC SPC_049_INPUT_OUTPUT_FND1 '','','','','','2','10','1','10';
2018-02-05 16:10:26 EXEC SPC_COM_GET_COMBOBOX 'in_out_div';
2018-02-05 16:10:29 EXEC SPC_COM_GET_COMBOBOX 'in_out_data_div';
2018-02-05 16:10:29 EXEC SPC_COM_GET_COMBOBOX 'in_out_div';
2018-02-05 16:10:29 EXEC SPC_049_INPUT_OUTPUT_FND1 '','','','','','','10','1','10';
2018-02-05 16:12:13 EXEC SPC_COM_GET_COMBOBOX 'in_out_data_div';
2018-02-05 16:12:13 EXEC SPC_COM_GET_COMBOBOX 'in_out_div';
2018-02-05 16:12:15 EXEC SPC_049_INPUT_OUTPUT_FND1 '','','','','','','','1','10';
2018-02-05 16:12:19 EXEC SPC_049_INPUT_OUTPUT_FND1 '','','','','','2','10','1','10';
2018-02-05 16:12:23 EXEC SPC_COM_GET_COMBOBOX 'in_out_div';
2018-02-05 16:12:26 EXEC SPC_COM_GET_COMBOBOX 'in_out_div';
v';
2018-02-05 16:12:45 EXEC SPC_COM_GET_COMBOBOX 'in_out_div';
2018-02-05 16:12:45 EXEC SPC_COM_GET_COMBOBOX 'in_out_data_div';
2018-02-05 16:12:49 EXEC SPC_049_INPUT_OUTPUT_FND1 '','','','','','2','10','1','10';
2018-02-05 16:12:53 EXEC SPC_COM_GET_COMBOBOX 'in_out_div';
2018-02-05 16:12:56 EXEC SPC_COM_GET_COMBOBOX 'in_out_div';
2018-02-05 16:12:56 EXEC SPC_COM_GET_COMBOBOX 'in_out_data_div';
2018-02-05 16:12:57 EXEC SPC_049_INPUT_OUTPUT_FND1 '','','','','','','10','1','10';
2018-02-05 16:13:18 EXEC SPC_COM_GET_COMBOBOX 'in_out_div';
2018-02-05 16:13:18 EXEC SPC_COM_GET_COMBOBOX 'in_out_data_div';
2018-02-05 16:13:22 EXEC SPC_049_INPUT_OUTPUT_FND1 '','','','','','5','10','1','10';
2018-02-05 16:13:25 EXEC SPC_049_INPUT_OUTPUT_FND1 '','','','','','2','10','1','10';
2018-02-05 16:13:28 EXEC SPC_COM_GET_COMBOBOX 'in_out_div';
2018-02-05 16:13:32 EXEC SPC_COM_GET_COMBOBOX 'in_out_data_div';
2018-02-05 16:13:32 EXEC SPC_COM_GET_COMBOBOX 'in_out_div';
2018-02-05 16:13:32 EXEC SPC_049_INPUT_OUTPUT_FND1 '','','','','','','10','1','10';
2018-02-05 16:14:12 EXEC SPC_049_INPUT_OUTPUT_FND1 '','','','','','2','10','1','10';
2018-02-05 16:14:17 EXEC SPC_COM_GET_COMBOBOX 'in_out_div';
2018-02-05 16:14:21 EXEC SPC_COM_GET_COMBOBOX 'in_out_div';
2018-02-05 16:14:21 EXEC SPC_COM_GET_COMBOBOX 'in_out_data_div';
2018-02-05 16:14:22 EXEC SPC_049_INPUT_OUTPUT_FND1 '','','','','','2','','1','10';
2018-02-05 16:15:52 EXEC SPC_COM_GET_COMBOBOX 'in_out_data_div';
2018-02-05 16:15:52 EXEC SPC_COM_GET_COMBOBOX 'in_out_div';
2018-02-05 16:15:57 EXEC SPC_049_INPUT_OUTPUT_FND1 '','','','','','2','10','1','10';
2018-02-05 16:16:01 EXEC SPC_COM_GET_COMBOBOX 'in_out_div';
2018-02-05 16:16:04 EXEC SPC_COM_GET_COMBOBOX 'in_out_div';
2018-02-05 16:16:04 EXEC SPC_COM_GET_COMBOBOX 'in_out_data_div';
2018-02-05 16:16:05 EXEC SPC_049_INPUT_OUTPUT_FND1 '','','','','','2','','1','10';
2018-02-05 16:16:14 EXEC SPC_049_INPUT_OUTPUT_FND1 '','','','','','2','12','1','10';
2018-02-05 16:16:17 EXEC SPC_049_INPUT_OUTPUT_FND1 '','','','','','2','00','1','10';
2018-02-05 16:16:21 EXEC SPC_COM_GET_COMBOBOX 'in_out_div';
2018-02-05 16:16:24 EXEC SPC_COM_GET_COMBOBOX 'in_out_div';
2018-02-05 16:16:24 EXEC SPC_COM_GET_COMBOBOX 'in_out_data_div';
2018-02-05 16:16:25 EXEC SPC_049_INPUT_OUTPUT_FND1 '','','','','','2','','1','10';
2018-02-05 16:59:22 EXEC SPC_COM_GET_COMBOBOX 'manufacture_status_div';
2018-02-05 16:59:26 EXEC SPC_COM_GET_COMBOBOX 'manufacture_kind_div';
2018-02-05 17:00:58 EXEC SPC_063_PRODUCT_MASTER_SEARCH_FND1 '','','1','10';
2018-02-05 17:01:02 EXEC SPC_REFER_PRODUCT_CD '0005';
2018-02-05 17:03:00 EXEC SPC_COM_GET_COMBOBOX 'manufacture_status_div';
2018-02-05 17:03:02 EXEC SPC_026_INTERNAL_ORDER_SEARCH_FND1 '','','','','','','1','10';
2018-02-05 17:03:45 EXEC SPC_COM_GET_COMBOBOX 'manufacture_kind_div';
2018-02-05 17:03:46 EXEC SPC_025_INTERNAL_ORDER_DETAIL_INQ1 '1801240002';
2018-02-05 17:03:47 EXEC SPC_COM_GET_COMBOBOX 'manufacture_kind_div';
2018-02-05 17:04:19 EXEC SPC_COM_GET_COMBOBOX 'exists_div';
2018-02-05 17:04:19 EXEC SPC_COM_GET_COMBOBOX 'manufacture_kind_div';
2018-02-05 17:24:20 EXEC SPC_COM_GET_COMBOBOX 'forwarding_div';
2018-02-05 17:24:22 EXEC SPC_COM_GET_COMBOBOX 'forwarding_way_div';
2018-02-05 17:24:22 EXEC SPC_COM_GET_COMBOBOX 'forwarder_div';
2018-02-05 17:24:22 EXEC SPC_COM_GET_COMBOBOX 'forwarding_warehouse_div';
2018-02-05 17:24:22 EXEC SPC_COM_GET_COMBOBOX 'packing_method_div';
2018-02-05 17:30:07 EXEC SPC_COM_GET_COMBOBOX 'rcv_status_div';
2018-02-05 17:30:09 EXEC SPC_006_ACCEPT_SEARCH_FND1 '','','','','','1','10';
2018-02-05 17:30:17 EXEC SPC_COM_GET_COMBOBOX 'rcv_status_div';
2018-02-05 17:30:19 EXEC SPC_006_ACCEPT_SEARCH_FND1 '','','','','','1','10';
2018-02-05 18:00:15 EXEC SPC_COM_GET_COMBOBOX 'forwarding_div';
2018-02-05 18:00:16 EXEC SPC_COM_GET_COMBOBOX 'forwarder_div';
2018-02-05 18:00:16 EXEC SPC_COM_GET_COMBOBOX 'forwarding_way_div';
2018-02-05 18:00:16 EXEC SPC_COM_GET_COMBOBOX 'forwarding_warehouse_div';
2018-02-05 18:00:16 EXEC SPC_COM_GET_COMBOBOX 'packing_method_div';
2018-02-05 18:05:23 EXEC SPC_049_INPUT_OUTPUT_FND1 '','','','','','2','10','1','10';
2018-02-05 18:05:27 EXEC SPC_COM_GET_COMBOBOX 'in_out_div';
2018-02-05 18:05:32 EXEC SPC_COM_GET_COMBOBOX 'in_out_div';
2018-02-05 18:05:33 EXEC SPC_049_INPUT_OUTPUT_FND1 '','','','','','2','','1','10';
2018-02-05 18:05:33 EXEC SPC_COM_GET_COMBOBOX 'in_out_data_div';
2018-02-05 18:06:13 EXEC SPC_COM_GET_COMBOBOX 'in_out_div';
2018-02-05 18:06:13 EXEC SPC_COM_GET_COMBOBOX 'in_out_data_div';
2018-02-05 18:06:16 EXEC SPC_049_INPUT_OUTPUT_FND1 '','','','','','2','10','1','10';
2018-02-05 18:06:20 EXEC SPC_COM_GET_COMBOBOX 'in_out_div';
2018-02-05 18:06:23 EXEC SPC_COM_GET_COMBOBOX 'in_out_data_div';
2018-02-05 18:06:23 EXEC SPC_COM_GET_COMBOBOX 'in_out_div';
2018-02-05 18:06:24 EXEC SPC_049_INPUT_OUTPUT_FND1 '','','','','','','10','1','10';
2018-02-05 18:06:50 EXEC SPC_COM_GET_COMBOBOX 'in_out_div';
2018-02-05 18:06:50 EXEC SPC_COM_GET_COMBOBOX 'in_out_data_div';
2018-02-05 18:06:53 EXEC SPC_049_INPUT_OUTPUT_FND1 '','','','','','5','10','1','10';
2018-02-05 18:07:01 EXEC SPC_049_INPUT_OUTPUT_FND1 '','','','','','2','10','1','10';
2018-02-05 18:07:04 EXEC SPC_COM_GET_COMBOBOX 'in_out_div';
2018-02-05 18:07:07 EXEC SPC_COM_GET_COMBOBOX 'in_out_data_div';
2018-02-05 18:07:07 EXEC SPC_COM_GET_COMBOBOX 'in_out_div';
2018-02-05 18:07:08 EXEC SPC_049_INPUT_OUTPUT_FND1 '','','','','','','10','1','10';
2018-02-05 18:07:55 EXEC SPC_COM_GET_COMBOBOX 'in_out_div';
2018-02-05 18:07:55 EXEC SPC_COM_GET_COMBOBOX 'in_out_data_div';
2018-02-05 18:08:04 EXEC SPC_COM_GET_COMBOBOX 'rcv_status_div';
2018-02-05 18:08:08 EXEC SPC_049_INPUT_OUTPUT_FND1 '','','','','','2','10','1','10';
2018-02-05 18:08:12 EXEC SPC_COM_GET_COMBOBOX 'in_out_div';
2018-02-05 18:08:15 EXEC SPC_COM_GET_COMBOBOX 'in_out_div';
2018-02-05 18:08:15 EXEC SPC_COM_GET_COMBOBOX 'in_out_data_div';
2018-02-05 18:08:16 EXEC SPC_049_INPUT_OUTPUT_FND1 '','','','','','2','','1','10';
2018-02-05 18:08:20 EXEC SPC_COM_GET_COMBOBOX 'in_out_div';
2018-02-05 18:08:23 EXEC SPC_COM_GET_COMBOBOX 'in_out_data_div';
2018-02-05 18:08:23 EXEC SPC_COM_GET_COMBOBOX 'in_out_div';
2018-02-05 18:08:24 EXEC SPC_049_INPUT_OUTPUT_FND1 '','','','','','','','1','10';
2018-02-05 18:08:27 EXEC SPC_049_INPUT_OUTPUT_FND1 '','','','','','2','00','1','10';
2018-02-05 18:08:31 EXEC SPC_COM_GET_COMBOBOX 'in_out_div';
2018-02-05 18:08:34 EXEC SPC_COM_GET_COMBOBOX 'in_out_data_div';
2018-02-05 18:08:34 EXEC SPC_COM_GET_COMBOBOX 'in_out_div';
2018-02-05 18:08:34 EXEC SPC_049_INPUT_OUTPUT_FND1 '','','','','','','00','1','10';
2018-02-05 18:09:33 EXEC SPC_COM_GET_COMBOBOX 'in_out_div';
2018-02-05 18:09:33 EXEC SPC_COM_GET_COMBOBOX 'in_out_data_div';
2018-02-05 18:09:37 EXEC SPC_049_INPUT_OUTPUT_FND1 '','','','','','5','10','1','10';
2018-02-05 18:09:40 EXEC SPC_049_INPUT_OUTPUT_FND1 '','','','','','2','10','1','10';
2018-02-05 18:09:44 EXEC SPC_COM_GET_COMBOBOX 'in_out_div';
2018-02-05 18:09:48 EXEC SPC_COM_GET_COMBOBOX 'in_out_data_div';
2018-02-05 18:09:48 EXEC SPC_COM_GET_COMBOBOX 'in_out_div';
2018-02-05 18:09:48 EXEC SPC_049_INPUT_OUTPUT_FND1 '','','','','','','10','1','10';
2018-02-05 18:12:43 EXEC SPC_COM_GET_COMBOBOX 'in_out_data_div';
2018-02-05 18:12:43 EXEC SPC_COM_GET_COMBOBOX 'in_out_div';
2018-02-05 18:12:47 EXEC SPC_049_INPUT_OUTPUT_FND1 '','','','','','2','10','1','10';
2018-02-05 18:13:08 EXEC SPC_COM_GET_COMBOBOX 'in_out_div';
2018-02-05 18:13:11 EXEC SPC_COM_GET_COMBOBOX 'in_out_div';
2018-02-05 18:13:11 EXEC SPC_COM_GET_COMBOBOX 'in_out_data_div';
2018-02-05 18:13:12 EXEC SPC_049_INPUT_OUTPUT_FND1 '','','','','','2','','1','10';
2018-02-05 18:13:14 EXEC SPC_049_INPUT_OUTPUT_FND1 '','','','','','2','10','1','10';
2018-02-05 18:13:18 EXEC SPC_COM_GET_COMBOBOX 'in_out_div';
2018-02-05 18:13:20 EXEC SPC_COM_GET_COMBOBOX 'in_out_div';
2018-02-05 18:13:20 EXEC SPC_COM_GET_COMBOBOX 'in_out_data_div';
2018-02-05 18:13:21 EXEC SPC_049_INPUT_OUTPUT_FND1 '','','','','','2','','1','10';
2018-02-05 18:13:52 EXEC SPC_049_INPUT_OUTPUT_FND1 '','','','','','2','10','1','10';
2018-02-05 18:14:58 EXEC SPC_COM_GET_COMBOBOX 'in_out_div';
2018-02-05 18:14:58 EXEC SPC_COM_GET_COMBOBOX 'in_out_data_div';
2018-02-05 18:15:01 EXEC SPC_049_INPUT_OUTPUT_FND1 '','','','','','2','10','1','10';
2018-02-05 18:15:10 EXEC SPC_049_INPUT_OUTPUT_FND1 '','','','','','2','12','1','10';
2018-02-05 18:15:13 EXEC SPC_049_INPUT_OUTPUT_FND1 '','','','','','2','10','1','10';
2018-02-05 18:15:52 EXEC SPC_COM_GET_COMBOBOX 'in_out_data_div';
2018-02-05 18:15:52 EXEC SPC_COM_GET_COMBOBOX 'in_out_div';
2018-02-05 18:15:56 EXEC SPC_049_INPUT_OUTPUT_FND1 '','','','','','2','10','1','10';
2018-02-05 18:15:59 EXEC SPC_COM_GET_COMBOBOX 'in_out_div';
2018-02-05 18:16:02 EXEC SPC_COM_GET_COMBOBOX 'in_out_div';
2018-02-05 18:16:02 EXEC SPC_COM_GET_COMBOBOX 'in_out_data_div';
2018-02-05 18:16:03 EXEC SPC_049_INPUT_OUTPUT_FND1 '','','','','','2','','1','10';
2018-02-05 18:17:19 EXEC SPC_COM_GET_COMBOBOX 'in_out_div';
2018-02-05 18:17:19 EXEC SPC_COM_GET_COMBOBOX 'in_out_data_div';
2018-02-05 18:17:28 EXEC SPC_049_INPUT_OUTPUT_FND1 '','','','','','2','10','1','10';
2018-02-05 18:17:33 EXEC SPC_COM_GET_COMBOBOX 'in_out_div';
2018-02-05 18:17:37 EXEC SPC_COM_GET_COMBOBOX 'in_out_data_div';
2018-02-05 18:17:37 EXEC SPC_COM_GET_COMBOBOX 'in_out_div';
2018-02-05 18:17:37 EXEC SPC_049_INPUT_OUTPUT_FND1 '','','','','','','10','1','10';
2018-02-05 18:18:27 EXEC SPC_COM_GET_COMBOBOX 'in_out_data_div';
2018-02-05 18:18:27 EXEC SPC_COM_GET_COMBOBOX 'in_out_div';
2018-02-05 18:18:31 EXEC SPC_049_INPUT_OUTPUT_FND1 '','','','','','2','10','1','10';
2018-02-05 18:18:34 EXEC SPC_COM_GET_COMBOBOX 'in_out_div';
2018-02-05 18:18:37 EXEC SPC_COM_GET_COMBOBOX 'in_out_div';
2018-02-05 18:18:37 EXEC SPC_COM_GET_COMBOBOX 'in_out_data_div';
2018-02-05 18:18:38 EXEC SPC_049_INPUT_OUTPUT_FND1 '','','','','','2','','1','10';
2018-02-05 18:19:58 EXEC SPC_COM_GET_COMBOBOX 'in_out_div';
2018-02-05 18:19:58 EXEC SPC_COM_GET_COMBOBOX 'in_out_data_div';
2018-02-05 18:20:03 EXEC SPC_049_INPUT_OUTPUT_FND1 '','','','','','2','10','1','10';
2018-02-05 18:20:07 EXEC SPC_COM_GET_COMBOBOX 'in_out_div';
2018-02-05 18:20:10 EXEC SPC_COM_GET_COMBOBOX 'in_out_div';
2018-02-05 18:20:10 EXEC SPC_COM_GET_COMBOBOX 'in_out_data_div';
2018-02-05 18:20:11 EXEC SPC_049_INPUT_OUTPUT_FND1 '','','','','','','10','1','10';
2018-02-05 18:21:48 EXEC SPC_COM_GET_COMBOBOX 'in_out_data_div';
2018-02-05 18:21:48 EXEC SPC_COM_GET_COMBOBOX 'in_out_div';
2018-02-05 18:21:51 EXEC SPC_049_INPUT_OUTPUT_FND1 '','','','','','2','10','1','10';
2018-02-05 18:21:56 EXEC SPC_COM_GET_COMBOBOX 'in_out_div';
2018-02-05 18:21:59 EXEC SPC_COM_GET_COMBOBOX 'in_out_div';
2018-02-05 18:21:59 EXEC SPC_COM_GET_COMBOBOX 'in_out_data_div';
2018-02-05 18:22:36 EXEC SPC_049_INPUT_OUTPUT_FND1 '','','','','','2','10','1','10';
2018-02-05 18:22:40 EXEC SPC_COM_GET_COMBOBOX 'in_out_div';
2018-02-05 18:22:44 EXEC SPC_COM_GET_COMBOBOX 'in_out_data_div';
2018-02-05 18:22:44 EXEC SPC_COM_GET_COMBOBOX 'in_out_div';
2018-02-05 18:22:44 EXEC SPC_049_INPUT_OUTPUT_FND1 '','','','','','','10','1','10';
2018-02-05 18:23:27 EXEC SPC_COM_GET_COMBOBOX 'in_out_div';
2018-02-05 18:23:27 EXEC SPC_COM_GET_COMBOBOX 'in_out_data_div';
2018-02-05 18:23:31 EXEC SPC_049_INPUT_OUTPUT_FND1 '','','','','','5','10','1','10';
2018-02-05 18:23:37 EXEC SPC_049_INPUT_OUTPUT_FND1 '','','','','','5','10','1','10';
2018-02-05 18:23:39 EXEC SPC_049_INPUT_OUTPUT_FND1 '','','','','','5','00','1','10';
2018-02-05 18:23:41 EXEC SPC_049_INPUT_OUTPUT_FND1 '','','','','','2','00','1','10';
2018-02-05 18:23:45 EXEC SPC_COM_GET_COMBOBOX 'in_out_div';
2018-02-05 18:23:48 EXEC SPC_COM_GET_COMBOBOX 'in_out_data_div';
2018-02-05 18:23:49 EXEC SPC_COM_GET_COMBOBOX 'in_out_div';
2018-02-05 18:24:00 EXEC SPC_049_INPUT_OUTPUT_FND1 '','','','','','2','00','1','10';
2018-02-05 18:24:50 EXEC SPC_049_INPUT_OUTPUT_FND1 '','','','','','2','00','1','10';
2018-02-05 18:24:54 EXEC SPC_COM_GET_COMBOBOX 'in_out_div';
2018-02-05 18:24:58 EXEC SPC_COM_GET_COMBOBOX 'in_out_data_div';
2018-02-05 18:24:58 EXEC SPC_COM_GET_COMBOBOX 'in_out_div';
2018-02-05 18:25:32 EXEC SPC_049_INPUT_OUTPUT_FND1 '','','','','','','00','1','10';
2018-02-05 18:25:35 EXEC SPC_049_INPUT_OUTPUT_FND1 '','','','','','2','00','1','10';
2018-02-05 18:25:38 EXEC SPC_COM_GET_COMBOBOX 'in_out_div';
2018-02-05 18:25:42 EXEC SPC_COM_GET_COMBOBOX 'in_out_div';
2018-02-05 18:25:42 EXEC SPC_COM_GET_COMBOBOX 'in_out_data_div';
2018-02-05 18:25:46 EXEC SPC_049_INPUT_OUTPUT_FND1 '','','','','','2','10','1','10';
2018-02-05 18:25:51 EXEC SPC_COM_GET_COMBOBOX 'in_out_div';
2018-02-05 18:25:54 EXEC SPC_COM_GET_COMBOBOX 'in_out_data_div';
2018-02-05 18:25:54 EXEC SPC_COM_GET_COMBOBOX 'in_out_div';
2018-02-05 18:25:59 EXEC SPC_049_INPUT_OUTPUT_FND1 '','','','','','2','10','1','10';
2018-02-05 18:26:04 EXEC SPC_COM_GET_COMBOBOX 'in_out_div';
2018-02-05 18:26:07 EXEC SPC_COM_GET_COMBOBOX 'in_out_div';
2018-02-05 18:26:07 EXEC SPC_COM_GET_COMBOBOX 'in_out_data_div';
2018-02-05 18:26:12 EXEC SPC_049_INPUT_OUTPUT_FND1 '','','','','','2','00','1','10';
2018-02-05 18:26:16 EXEC SPC_COM_GET_COMBOBOX 'in_out_div';
2018-02-05 18:26:19 EXEC SPC_COM_GET_COMBOBOX 'in_out_div';
2018-02-05 18:26:19 EXEC SPC_COM_GET_COMBOBOX 'in_out_data_div';
2018-02-05 18:26:28 EXEC SPC_049_INPUT_OUTPUT_FND1 '','','','','','2','00','1','10';
2018-02-05 18:26:41 EXEC SPC_049_INPUT_OUTPUT_FND1 '','','','','','2','00','1','10';
2018-02-05 18:26:44 EXEC SPC_049_INPUT_OUTPUT_FND1 '','','','','','2','00','1','10';
2018-02-05 18:26:59 EXEC SPC_COM_GET_COMBOBOX 'in_out_data_div';
2018-02-05 18:26:59 EXEC SPC_COM_GET_COMBOBOX 'in_out_div';
2018-02-05 18:27:03 EXEC SPC_049_INPUT_OUTPUT_FND1 '','','','','','2','10','1','10';
2018-02-05 18:27:06 EXEC SPC_COM_GET_COMBOBOX 'in_out_div';
2018-02-05 18:27:09 EXEC SPC_COM_GET_COMBOBOX 'in_out_div';
2018-02-05 18:27:09 EXEC SPC_COM_GET_COMBOBOX 'in_out_data_div';
2018-02-05 18:29:15 EXEC SPC_COM_GET_COMBOBOX 'in_out_div';
2018-02-05 18:29:15 EXEC SPC_COM_GET_COMBOBOX 'in_out_data_div';
2018-02-05 18:29:19 EXEC SPC_049_INPUT_OUTPUT_FND1 '','','','','','2','10','1','10';
2018-02-05 18:29:28 EXEC SPC_COM_GET_COMBOBOX 'in_out_div';
2018-02-05 18:29:31 EXEC SPC_COM_GET_COMBOBOX 'in_out_div';
2018-02-05 18:29:31 EXEC SPC_COM_GET_COMBOBOX 'in_out_data_div';
2018-02-05 18:30:22 EXEC SPC_COM_GET_COMBOBOX 'in_out_data_div';
2018-02-05 18:30:22 EXEC SPC_COM_GET_COMBOBOX 'in_out_div';
2018-02-05 18:30:27 EXEC SPC_049_INPUT_OUTPUT_FND1 '','','','','','2','10','1','10';
2018-02-05 18:30:30 EXEC SPC_COM_GET_COMBOBOX 'in_out_div';
2018-02-05 18:30:33 EXEC SPC_COM_GET_COMBOBOX 'in_out_div';
2018-02-05 18:30:33 EXEC SPC_COM_GET_COMBOBOX 'in_out_data_div';
2018-02-05 18:30:43 EXEC SPC_COM_GET_COMBOBOX 'in_out_div';
2018-02-05 18:30:43 EXEC SPC_COM_GET_COMBOBOX 'in_out_data_div';
2018-02-05 18:30:47 EXEC SPC_049_INPUT_OUTPUT_FND1 '','','','','','2','00','1','10';
2018-02-05 18:30:50 EXEC SPC_COM_GET_COMBOBOX 'in_out_div';
2018-02-05 18:30:53 EXEC SPC_COM_GET_COMBOBOX 'in_out_div';
2018-02-05 18:30:53 EXEC SPC_COM_GET_COMBOBOX 'in_out_data_div';
2018-02-05 18:31:28 EXEC SPC_COM_GET_COMBOBOX 'in_out_div';
2018-02-05 18:31:28 EXEC SPC_COM_GET_COMBOBOX 'in_out_data_div';
2018-02-05 18:31:32 EXEC SPC_049_INPUT_OUTPUT_FND1 '','','','','','2','10','1','10';
2018-02-05 18:31:37 EXEC SPC_COM_GET_COMBOBOX 'in_out_div';
2018-02-05 18:31:43 EXEC SPC_COM_GET_COMBOBOX 'in_out_div';
2018-02-05 18:31:43 EXEC SPC_COM_GET_COMBOBOX 'in_out_data_div';
2018-02-05 18:32:03 EXEC SPC_049_INPUT_OUTPUT_FND1 '','','','','','2','00','1','10';
2018-02-05 18:32:43 EXEC SPC_COM_GET_COMBOBOX 'in_out_data_div';
2018-02-05 18:32:43 EXEC SPC_COM_GET_COMBOBOX 'in_out_div';
2018-02-05 18:32:47 EXEC SPC_049_INPUT_OUTPUT_FND1 '','','','','','5','10','1','10';
2018-02-05 18:32:51 EXEC SPC_049_INPUT_OUTPUT_FND1 '','','','','','2','10','1','10';
2018-02-05 18:32:54 EXEC SPC_COM_GET_COMBOBOX 'in_out_div';
2018-02-05 18:32:57 EXEC SPC_COM_GET_COMBOBOX 'in_out_data_div';
2018-02-05 18:32:57 EXEC SPC_COM_GET_COMBOBOX 'in_out_div';
2018-02-05 18:33:22 EXEC SPC_COM_GET_COMBOBOX 'in_out_div';
2018-02-05 18:33:26 EXEC SPC_049_INPUT_OUTPUT_FND1 '','','','','','5','','1','10';
2018-02-05 18:33:29 EXEC SPC_049_INPUT_OUTPUT_FND1 '','','','','','2','','1','10';
2018-02-05 18:33:33 EXEC SPC_COM_GET_COMBOBOX 'in_out_div';
2018-02-05 18:33:35 EXEC SPC_COM_GET_COMBOBOX 'in_out_div';
2018-02-05 18:33:43 EXEC SPC_COM_GET_COMBOBOX 'in_out_data_div';
2018-02-05 18:33:46 EXEC SPC_049_INPUT_OUTPUT_FND1 '','','','','','','10','1','10';
2018-02-05 18:33:49 EXEC SPC_COM_GET_COMBOBOX 'in_out_div';
2018-02-05 18:33:53 EXEC SPC_COM_GET_COMBOBOX 'in_out_data_div';
2018-02-05 18:34:09 EXEC SPC_COM_GET_COMBOBOX 'in_out_div';
2018-02-05 18:34:09 EXEC SPC_COM_GET_COMBOBOX 'in_out_data_div';
2018-02-05 18:34:12 EXEC SPC_049_INPUT_OUTPUT_FND1 '','','','','','2','10','1','10';
2018-02-05 18:34:16 EXEC SPC_COM_GET_COMBOBOX 'in_out_div';
2018-02-05 18:34:19 EXEC SPC_COM_GET_COMBOBOX 'in_out_div';
2018-02-05 18:34:19 EXEC SPC_COM_GET_COMBOBOX 'in_out_data_div';
2018-02-05 18:34:59 EXEC SPC_COM_GET_COMBOBOX 'in_out_data_div';
2018-02-05 18:35:00 EXEC SPC_049_INPUT_OUTPUT_FND1 '','','','','','2','','1','10';
2018-02-05 18:35:00 EXEC SPC_049_INPUT_OUTPUT_FND1 '','','','','','2','10','1','10';
2018-02-05 18:35:04 EXEC SPC_049_INPUT_OUTPUT_FND1 '','','','','','2','10','1','10';
2018-02-05 18:35:08 EXEC SPC_049_INPUT_OUTPUT_FND1 '','','','','','2','00','1','10';
2018-02-05 18:35:13 EXEC SPC_COM_GET_COMBOBOX 'in_out_div';
2018-02-05 18:35:17 EXEC SPC_COM_GET_COMBOBOX 'in_out_div';
2018-02-05 18:35:17 EXEC SPC_COM_GET_COMBOBOX 'in_out_data_div';
2018-02-05 18:35:17 EXEC SPC_049_INPUT_OUTPUT_FND1 '','','','','','2','','1','10';
2018-02-05 18:35:17 EXEC SPC_049_INPUT_OUTPUT_FND1 '','','','','','2','00','1','10';
2018-02-05 18:36:00 EXEC SPC_COM_GET_COMBOBOX 'in_out_div';
2018-02-05 18:36:00 EXEC SPC_COM_GET_COMBOBOX 'in_out_data_div';
2018-02-05 18:36:05 EXEC SPC_049_INPUT_OUTPUT_FND1 '','','','','','2','00','1','10';
2018-02-05 18:36:09 EXEC SPC_COM_GET_COMBOBOX 'in_out_div';
2018-02-05 18:36:11 EXEC SPC_COM_GET_COMBOBOX 'in_out_div';
2018-02-05 18:36:11 EXEC SPC_COM_GET_COMBOBOX 'in_out_data_div';
2018-02-05 18:36:17 EXEC SPC_049_INPUT_OUTPUT_FND1 '','','','','','','','1','10';
2018-02-05 18:37:06 EXEC SPC_COM_GET_COMBOBOX 'in_out_data_div';
2018-02-05 18:37:06 EXEC SPC_COM_GET_COMBOBOX 'in_out_div';
2018-02-05 18:37:10 EXEC SPC_049_INPUT_OUTPUT_FND1 '','','','','','2','10','1','10';
2018-02-05 18:37:14 EXEC SPC_COM_GET_COMBOBOX 'in_out_div';
2018-02-05 18:37:17 EXEC SPC_COM_GET_COMBOBOX 'in_out_div';
2018-02-05 18:37:17 EXEC SPC_COM_GET_COMBOBOX 'in_out_data_div';
2018-02-05 18:37:18 EXEC SPC_049_INPUT_OUTPUT_FND1 '','','','','','2','10','1','10';
2018-02-05 18:37:18 EXEC SPC_049_INPUT_OUTPUT_FND1 '','','','','','2','','1','10';
2018-02-05 18:37:23 EXEC SPC_COM_GET_COMBOBOX 'in_out_div';
2018-02-05 18:37:26 EXEC SPC_COM_GET_COMBOBOX 'in_out_div';
2018-02-05 18:37:26 EXEC SPC_COM_GET_COMBOBOX 'in_out_data_div';
2018-02-05 18:37:26 EXEC SPC_049_INPUT_OUTPUT_FND1 '','','','','','2','','1','10';
2018-02-05 18:37:26 EXEC SPC_049_INPUT_OUTPUT_FND1 '','','','','','2','10','1','10';
2018-02-05 18:37:33 EXEC SPC_049_INPUT_OUTPUT_FND1 '2017/10/28','2018/02/15','','','','2','10','1','10';
2018-02-05 18:37:37 EXEC SPC_COM_GET_COMBOBOX 'in_out_div';
2018-02-05 18:37:39 EXEC SPC_COM_GET_COMBOBOX 'in_out_div';
2018-02-05 18:37:39 EXEC SPC_COM_GET_COMBOBOX 'in_out_data_div';
2018-02-05 18:37:40 EXEC SPC_049_INPUT_OUTPUT_FND1 '2017/10/28','2018/02/15','','','','2','','1','10';
2018-02-05 18:37:40 EXEC SPC_049_INPUT_OUTPUT_FND1 '2017/10/28','2018/02/15','','','','2','10','1','10';
2018-02-05 18:37:43 EXEC SPC_COM_GET_COMBOBOX 'in_out_data_div';
2018-02-05 18:37:43 EXEC SPC_COM_GET_COMBOBOX 'in_out_div';
2018-02-05 18:37:47 EXEC SPC_COM_GET_COMBOBOX 'in_out_data_div';
2018-02-05 18:37:55 EXEC SPC_049_INPUT_OUTPUT_FND1 '2017/10/28','2018/02/15','','','','2','00','1','10';
2018-02-05 18:37:58 EXEC SPC_COM_GET_COMBOBOX 'in_out_div';
2018-02-05 18:38:00 EXEC SPC_COM_GET_COMBOBOX 'in_out_data_div';
2018-02-05 18:38:00 EXEC SPC_COM_GET_COMBOBOX 'in_out_div';
2018-02-05 18:38:01 EXEC SPC_049_INPUT_OUTPUT_FND1 '2017/10/28','2018/02/15','','','','2','00','1','10';
2018-02-05 18:38:01 EXEC SPC_049_INPUT_OUTPUT_FND1 '2017/10/28','2018/02/15','','','','2','','1','10';
2018-02-05 18:38:04 EXEC SPC_049_INPUT_OUTPUT_FND1 '2017/10/28','2018/02/15','','','','2','00','1','10';
2018-02-05 18:38:11 EXEC SPC_COM_GET_COMBOBOX 'in_out_div';
2018-02-05 18:38:14 EXEC SPC_COM_GET_COMBOBOX 'in_out_data_div';
2018-02-05 18:38:14 EXEC SPC_COM_GET_COMBOBOX 'in_out_div';
2018-02-05 18:38:14 EXEC SPC_049_INPUT_OUTPUT_FND1 '2017/10/28','2018/02/15','','','','','00','1','10';
2018-02-05 18:38:14 EXEC SPC_049_INPUT_OUTPUT_FND1 '2017/10/28','2018/02/15','','','','2','00','1','10';
2018-02-05 18:38:18 EXEC SPC_049_INPUT_OUTPUT_FND1 '2017/10/28','2018/02/15','','','','2','00','1','10';
2018-02-05 18:38:21 EXEC SPC_COM_GET_COMBOBOX 'in_out_div';
2018-02-05 18:38:24 EXEC SPC_COM_GET_COMBOBOX 'in_out_div';
2018-02-05 18:38:25 EXEC SPC_049_INPUT_OUTPUT_FND1 '2017/10/28','2018/02/15','','','','2','','1','10';
2018-02-05 18:38:25 EXEC SPC_COM_GET_COMBOBOX 'in_out_data_div';
2018-02-05 18:38:39 EXEC SPC_COM_GET_COMBOBOX 'in_out_data_div';
2018-02-05 18:38:39 EXEC SPC_COM_GET_COMBOBOX 'in_out_div';
2018-02-05 18:38:44 EXEC SPC_049_INPUT_OUTPUT_FND1 '','','','','','2','00','1','10';
2018-02-05 18:38:47 EXEC SPC_COM_GET_COMBOBOX 'in_out_div';
2018-02-05 18:38:50 EXEC SPC_COM_GET_COMBOBOX 'in_out_div';
2018-02-05 18:38:50 EXEC SPC_COM_GET_COMBOBOX 'in_out_data_div';
2018-02-05 18:38:51 EXEC SPC_049_INPUT_OUTPUT_FND1 '','','','','','2','','1','10';
2018-02-05 18:38:51 EXEC SPC_049_INPUT_OUTPUT_FND1 '','','','','','2','00','1','10';
2018-02-05 18:41:11 EXEC SPC_COM_GET_COMBOBOX 'pi_status_div';
2018-02-05 18:41:34 EXEC SPC_002_PI_SEARCH_FND1 '','','','','RT-131001001','','','','1','10';
2018-02-05 18:41:37 EXEC SPC_GET_CONSTANT '';
2018-02-05 18:41:37 EXEC SPC_003_PI_EXCEL_INQ1 'RT-131001001','001','003_pi-excel','192.168.5.206';
2018-02-05 18:41:54 EXEC SPC_COM_GET_COMBOBOX 'trade_terms_div';
2018-02-05 18:41:54 EXEC SPC_COM_GET_COMBOBOX 'shipment_div';
2018-02-05 18:41:54 EXEC SPC_COM_GET_COMBOBOX 'unit_q_div';
2018-02-05 18:41:55 EXEC SPC_COM_GET_COMBOBOX 'unit_m_div';
2018-02-05 18:41:55 EXEC SPC_COM_GET_COMBOBOX 'sales_detail_div';
2018-02-05 18:41:56 EXEC SPC_COM_GET_COMBOBOX 'bank_div';
2018-02-05 18:41:56 EXEC SPC_GET_TAX_RATE '2018/02/05';
2018-02-05 18:41:57 EXEC SPC_COM_GET_COMBOBOX 'port_city_div';
2018-02-05 18:41:57 EXEC SPC_COM_GET_COMBOBOX 'port_country_div';
2018-02-05 18:41:57 EXEC SPC_COM_GET_COMBOBOX 'currency_div';
2018-02-05 18:41:57 EXEC SPC_COM_GET_COMBOBOX 'payment_conditions_div';
2018-02-05 18:41:57 EXEC SPC_COM_GET_COMBOBOX 'unit_w_div';
2018-02-05 18:41:57 EXEC SPC_001_PI_DETAIL_INQ1 'RT-131001001';
2018-02-05 18:41:58 EXEC SPC_COM_GET_COMBOBOX 'unit_m_div';
2018-02-05 18:41:58 EXEC SPC_GET_TAX_RATE '2013/10/01';
2018-02-05 18:41:58 EXEC SPC_COM_GET_COMBOBOX 'unit_q_div';
2018-02-05 18:41:58 EXEC SPC_COM_GET_COMBOBOX 'unit_w_div';
2018-02-05 18:41:58 EXEC SPC_COM_GET_COMBOBOX 'sales_detail_div';
2018-02-05 18:43:13 EXEC SPC_GET_CONSTANT '';
2018-02-05 18:43:13 EXEC SPC_003_PI_EXCEL_INQ1 'RT-131001001','001','003_pi-excel','192.168.5.206';
2018-02-05 18:52:20 EXEC SPC_GET_CONSTANT '';
2018-02-05 18:52:20 EXEC SPC_003_PI_EXCEL_INQ1 'RT-131001001','001','003_pi-excel','192.168.5.206';
2018-02-05 18:53:02 EXEC SPC_GET_CONSTANT '';
2018-02-05 18:53:02 EXEC SPC_003_PI_EXCEL_INQ1 'RT-131001001','001','003_pi-excel','192.168.5.206';
2018-02-05 18:53:48 EXEC SPC_GET_CONSTANT '';
2018-02-05 18:53:48 EXEC SPC_003_PI_EXCEL_INQ1 'RT-131001001','001','003_pi-excel','192.168.5.206';
2018-02-05 18:54:39 EXEC SPC_GET_CONSTANT '';
2018-02-05 18:54:39 EXEC SPC_003_PI_EXCEL_INQ1 'RT-131001001','001','003_pi-excel','192.168.5.206';
2018-02-05 18:57:33 EXEC SPC_GET_CONSTANT '';
2018-02-05 18:57:33 EXEC SPC_003_PI_EXCEL_INQ1 'RT-131001001','001','003_pi-excel','192.168.5.206';
2018-02-05 18:58:53 EXEC SPC_GET_CONSTANT '';
2018-02-05 18:58:53 EXEC SPC_003_PI_EXCEL_INQ1 'RT-131001001','001','003_pi-excel','192.168.5.206';
2018-02-05 19:02:00 EXEC SPC_001_PI_DETAIL_ACT4 'RT-131001001','','001','001_pi-detail','192.168.5.206';
2018-02-05 19:02:05 EXEC SPC_001_PI_DETAIL_INQ1 'RT-131001001';
2018-02-05 19:02:06 EXEC SPC_COM_GET_COMBOBOX 'unit_q_div';
2018-02-05 19:02:07 EXEC SPC_COM_GET_COMBOBOX 'unit_m_div';
2018-02-05 19:02:07 EXEC SPC_COM_GET_COMBOBOX 'sales_detail_div';
2018-02-05 19:02:07 EXEC SPC_COM_GET_COMBOBOX 'unit_w_div';
2018-02-05 19:02:07 EXEC SPC_GET_TAX_RATE '2013/10/01';
2018-02-05 19:02:21 EXEC SPC_001_PI_DETAIL_ACT3 'RT-131001001','','001','001_pi-detail','192.168.5.206';
2018-02-05 19:02:22 EXEC SPC_001_PI_DETAIL_INQ1 'RT-131001001';
2018-02-05 19:02:23 EXEC SPC_GET_TAX_RATE '2013/10/01';
2018-02-05 19:02:23 EXEC SPC_COM_GET_COMBOBOX 'unit_m_div';
2018-02-05 19:02:23 EXEC SPC_COM_GET_COMBOBOX 'unit_w_div';
2018-02-05 19:02:23 EXEC SPC_COM_GET_COMBOBOX 'unit_q_div';
2018-02-05 19:02:24 EXEC SPC_COM_GET_COMBOBOX 'sales_detail_div';
2018-02-05 19:03:17 EXEC SPC_001_PI_DETAIL_ACT4 'RT-131001001','','001','001_pi-detail','192.168.5.206';
2018-02-05 19:03:18 EXEC SPC_001_PI_DETAIL_INQ1 'RT-131001001';
2018-02-05 19:03:19 EXEC SPC_COM_GET_COMBOBOX 'sales_detail_div';
2018-02-05 19:03:19 EXEC SPC_COM_GET_COMBOBOX 'unit_m_div';
2018-02-05 19:03:19 EXEC SPC_COM_GET_COMBOBOX 'unit_w_div';
2018-02-05 19:03:19 EXEC SPC_COM_GET_COMBOBOX 'unit_q_div';
2018-02-05 19:03:19 EXEC SPC_GET_TAX_RATE '2013/10/01';
2018-02-05 19:11:09 EXEC SPC_001_PI_DETAIL_ACT3 'RT-131001001','','001','001_pi-detail','192.168.5.206';
2018-02-05 19:11:10 EXEC SPC_001_PI_DETAIL_INQ1 'RT-131001001';
2018-02-05 19:11:11 EXEC SPC_COM_GET_COMBOBOX 'unit_m_div';
2018-02-05 19:11:13 EXEC SPC_COM_GET_COMBOBOX 'unit_q_div';
2018-02-05 19:11:13 EXEC SPC_COM_GET_COMBOBOX 'sales_detail_div';
2018-02-05 19:11:13 EXEC SPC_COM_GET_COMBOBOX 'unit_w_div';
2018-02-05 19:11:13 EXEC SPC_GET_TAX_RATE '2013/10/01';
2018-02-05 19:11:14 EXEC SPC_GET_CONSTANT '';
2018-02-05 19:11:14 EXEC SPC_003_PI_EXCEL_INQ1 'RT-131001001','001','003_pi-excel','192.168.5.206';
2018-02-05 19:14:26 EXEC SPC_001_PI_DETAIL_ACT4 'RT-131001001','','001','001_pi-detail','192.168.5.206';
2018-02-05 19:14:28 EXEC SPC_001_PI_DETAIL_INQ1 'RT-131001001';
2018-02-05 19:14:29 EXEC SPC_COM_GET_COMBOBOX 'unit_w_div';
2018-02-05 19:14:29 EXEC SPC_COM_GET_COMBOBOX 'unit_m_div';
2018-02-05 19:14:29 EXEC SPC_COM_GET_COMBOBOX 'sales_detail_div';
2018-02-05 19:14:29 EXEC SPC_GET_TAX_RATE '2013/10/01';
2018-02-05 19:14:29 EXEC SPC_COM_GET_COMBOBOX 'unit_q_div';
2018-02-05 19:14:41 EXEC SPC_001_PI_DETAIL_ACT1 'A','RT-131001001','10','2013/10/01','F0192','PT. BESHA ANALITIKA','Komplek Perkantoran Gading Bukit Indah Blok N-23,','Jl. Bukit Gading Raya, Kelapa Gading Permai, Jakarta 14240','','045','JP','62-21-45856666','62-21-45857600','','Sampai Express Service Agencies Pte. LTD. QQ PT. Besha Analitika','No 625 Lorong Toa Payoh, Blok A General Magnetic Building,','Singapore 319519','319519','056','SG','65-67435051','65-67435211','PT. BESHA','Singapore','PT. BESHA Singapore Singapore','PT. BESHA Singapore Singapore','(未定)pi_packing','01','USD','060','01','03','056','SG','01','Advance payment','[{"pi_detail_no":"1","sales_detail_div":"0","product_cd":"10007","description":"Digital UV-VIS Spectrophotometer Model PD-3000UV with standard accessories (110\/220VAC 50\/60Hz)","qty":"999991","unit_of_m_div":"006","unit_price":"3100","amount":"3099972100","detail_tax":"154998605","unit_measure_qty":"989","unit_measure_price":"001","outside_remarks":"Digital UV-VIS Spectrophotometer Model PD-3000UV with standard accessories (110\/220VAC 50\/60Hz)","unit_net_weight":"98898","unit_net_weight_div":"001","net_weight":"98897109918","unit_gross_weight":"98989","gross_weight":"98988109099","measure":"988991099"},{"pi_detail_no":"2","sales_detail_div":"3","product_cd":"0009","description":"MM1","qty":"98089","unit_of_m_div":"001","unit_price":"8908980","amount":"873872939220","detail_tax":"43693646961","unit_measure_qty":"890","unit_measure_price":"001","outside_remarks":"Digital UV-VIS Spectrophotometer","unit_net_weight":"89","unit_net_weight_div":"001","net_weight":"8729921","unit_gross_weight":"89","gross_weight":"8729921","measure":"87299210"},{"pi_detail_no":"3","sales_detail_div":"0","product_cd":"0008","description":"ZZ-001","qty":"890","unit_of_m_div":"001","unit_price":"65757","amount":"58523730","detail_tax":"2926186.5","unit_measure_qty":"0","unit_measure_price":"001","outside_remarks":"Digital UV-VIS Spectrophotometer Model PD-3000UV with standard accessories (110\/220VAC 50\/60Hz)","unit_net_weight":"89","unit_net_weight_div":"001","net_weight":"79210","unit_gross_weight":"75674","gross_weight":"67349860","measure":"0"},{"pi_detail_no":"4","sales_detail_div":"0","product_cd":"0005","description":"BR-5200P","qty":"87","unit_of_m_div":"001","unit_price":"0","amount":"0","detail_tax":"0","unit_measure_qty":"111","unit_measure_price":"001","outside_remarks":"Digital UV-VIS Spectrophotometer Model PD-3000UV with standard accessories (110\/220VAC 50\/60Hz)","unit_net_weight":"1.8","unit_net_weight_div":"001","net_weight":"156.6","unit_gross_weight":"75675","gross_weight":"6583725","measure":"9657"},{"pi_detail_no":"5","sales_detail_div":"3","product_cd":"10007","description":"PD-3000UV-200","qty":"6757","unit_of_m_div":"001","unit_price":"6767","amount":"45724619","detail_tax":"2286230.95","unit_measure_qty":"678","unit_measure_price":"001","outside_remarks":"Digital UV-VIS Spectrophotometer Model PD-3000UV with standard accessories (110\/220VAC 50\/60Hz)","unit_net_weight":"16","unit_net_weight_div":"001","net_weight":"108112","unit_gross_weight":"20","gross_weight":"135140","measure":"4581246"}]','1105814','006','99070907745','001','98906027317.6','001','1080881212','001','877077159669','0','0','43853857983','920931017652','(未定)pi_time_of_shipment','002','(未定)pi_country_of_origin','(未定)pi_manufacture','(未定)pi_varidity','(未定)pi_other_conditions1','(未定)pi_other_conditions2','(未定)pi_other_conditions3','(未定)pi_other_conditions4','(未定)pi_other_conditions5','(未定)pi_other_conditions6','(未定)pi_other_conditions7','(未定)pi_other_conditions8','(未定)pi_other_conditions9','(未定)pi_other_conditions10','812','','001','001_pi-detail','192.168.5.206';
2018-02-05 19:14:43 EXEC SPC_001_PI_DETAIL_INQ1 'RT-131001001';
2018-02-05 19:14:43 EXEC SPC_GET_TAX_RATE '2013/10/01';
2018-02-05 19:14:43 EXEC SPC_COM_GET_COMBOBOX 'unit_q_div';
2018-02-05 19:14:44 EXEC SPC_COM_GET_COMBOBOX 'unit_m_div';
2018-02-05 19:14:44 EXEC SPC_COM_GET_COMBOBOX 'unit_w_div';
2018-02-05 19:14:44 EXEC SPC_COM_GET_COMBOBOX 'sales_detail_div';
2018-02-05 19:14:46 EXEC SPC_001_PI_DETAIL_ACT3 'RT-131001001','','001','001_pi-detail','192.168.5.206';
2018-02-05 19:14:47 EXEC SPC_001_PI_DETAIL_INQ1 'RT-131001001';
2018-02-05 19:14:48 EXEC SPC_COM_GET_COMBOBOX 'unit_w_div';
2018-02-05 19:14:48 EXEC SPC_COM_GET_COMBOBOX 'unit_q_div';
2018-02-05 19:14:48 EXEC SPC_GET_TAX_RATE '2013/10/01';
2018-02-05 19:14:48 EXEC SPC_COM_GET_COMBOBOX 'unit_m_div';
2018-02-05 19:14:48 EXEC SPC_COM_GET_COMBOBOX 'sales_detail_div';
2018-02-05 19:14:53 EXEC SPC_GET_CONSTANT '';
2018-02-05 19:14:53 EXEC SPC_003_PI_EXCEL_INQ1 'RT-131001001','001','003_pi-excel','192.168.5.206';
2018-02-05 19:17:00 EXEC SPC_GET_CONSTANT '';
2018-02-05 19:17:00 EXEC SPC_003_PI_EXCEL_INQ1 'RT-131001001','001','003_pi-excel','192.168.5.206';
2018-02-05 19:18:10 EXEC SPC_GET_CONSTANT '';
2018-02-05 19:18:10 EXEC SPC_003_PI_EXCEL_INQ1 'RT-131001001','001','003_pi-excel','192.168.5.206';
2018-02-05 19:19:15 EXEC SPC_GET_CONSTANT '';
2018-02-05 19:19:15 EXEC SPC_003_PI_EXCEL_INQ1 'RT-131001001','001','003_pi-excel','192.168.5.206';
2018-02-05 19:21:59 EXEC SPC_GET_CONSTANT '';
2018-02-05 19:21:59 EXEC SPC_003_PI_EXCEL_INQ1 'RT-131001001','001','003_pi-excel','192.168.5.206';
2018-02-05 19:29:06 EXEC SPC_GET_CONSTANT '';
2018-02-05 19:29:06 EXEC SPC_003_PI_EXCEL_INQ1 'RT-131001001','001','003_pi-excel','192.168.5.206';
2018-02-05 19:29:22 EXEC SPC_GET_CONSTANT '';
2018-02-05 19:29:22 EXEC SPC_003_PI_EXCEL_INQ1 'RT-131001001','001','003_pi-excel','192.168.5.206';
2018-02-05 19:29:38 EXEC SPC_COM_GET_COMBOBOX 'port_country_div';
2018-02-05 19:29:39 EXEC SPC_COM_GET_COMBOBOX 'unit_w_div';
2018-02-05 19:29:39 EXEC SPC_COM_GET_COMBOBOX 'unit_m_div';
2018-02-05 19:29:40 EXEC SPC_COM_GET_COMBOBOX 'bank_div';
2018-02-05 19:29:40 EXEC SPC_001_PI_DETAIL_INQ1 'RT-131001001';
2018-02-05 19:29:41 EXEC SPC_COM_GET_COMBOBOX 'trade_terms_div';
2018-02-05 19:29:41 EXEC SPC_COM_GET_COMBOBOX 'payment_conditions_div';
2018-02-05 19:29:41 EXEC SPC_COM_GET_COMBOBOX 'port_city_div';
2018-02-05 19:29:41 EXEC SPC_COM_GET_COMBOBOX 'shipment_div';
2018-02-05 19:29:41 EXEC SPC_COM_GET_COMBOBOX 'currency_div';
2018-02-05 19:29:41 EXEC SPC_GET_TAX_RATE '2018/02/05';
2018-02-05 19:29:41 EXEC SPC_COM_GET_COMBOBOX 'unit_q_div';
2018-02-05 19:29:41 EXEC SPC_COM_GET_COMBOBOX 'sales_detail_div';
2018-02-05 19:29:41 EXEC SPC_COM_GET_COMBOBOX 'unit_q_div';
2018-02-05 19:29:42 EXEC SPC_GET_TAX_RATE '2013/10/01';
2018-02-05 19:29:42 EXEC SPC_COM_GET_COMBOBOX 'unit_m_div';
2018-02-05 19:29:42 EXEC SPC_COM_GET_COMBOBOX 'unit_w_div';
2018-02-05 19:29:42 EXEC SPC_COM_GET_COMBOBOX 'sales_detail_div';
2018-02-05 19:29:43 EXEC SPC_001_PI_DETAIL_ACT3 'RT-131001001','','001','001_pi-detail','192.168.5.206';
2018-02-05 19:29:44 EXEC SPC_001_PI_DETAIL_INQ1 'RT-131001001';
2018-02-05 19:29:45 EXEC SPC_COM_GET_COMBOBOX 'sales_detail_div';
2018-02-05 19:29:45 EXEC SPC_COM_GET_COMBOBOX 'unit_q_div';
2018-02-05 19:29:45 EXEC SPC_GET_TAX_RATE '2013/10/01';
2018-02-05 19:29:45 EXEC SPC_COM_GET_COMBOBOX 'unit_m_div';
2018-02-05 19:29:45 EXEC SPC_COM_GET_COMBOBOX 'unit_w_div';
2018-02-05 19:29:47 EXEC SPC_GET_CONSTANT '';
2018-02-05 19:29:48 EXEC SPC_003_PI_EXCEL_INQ1 'RT-131001001','001','003_pi-excel','192.168.5.206';
2018-02-05 19:31:00 EXEC SPC_GET_CONSTANT '';
2018-02-05 19:31:00 EXEC SPC_003_PI_EXCEL_INQ1 'RT-131001001','001','003_pi-excel','192.168.5.206';
2018-02-05 19:32:33 EXEC SPC_GET_CONSTANT '';
2018-02-05 19:32:33 EXEC SPC_003_PI_EXCEL_INQ1 'RT-131001001','001','003_pi-excel','192.168.5.206';
2018-02-05 19:36:26 EXEC SPC_GET_CONSTANT '';
2018-02-05 19:36:26 EXEC SPC_003_PI_EXCEL_INQ1 'RT-131001001','001','003_pi-excel','192.168.5.206';
2018-02-05 19:37:22 EXEC SPC_GET_CONSTANT '';
2018-02-05 19:37:22 EXEC SPC_003_PI_EXCEL_INQ1 'RT-131001001','001','003_pi-excel','192.168.5.206';
2018-02-05 19:41:54 EXEC SPC_GET_CONSTANT '';
2018-02-05 19:41:54 EXEC SPC_003_PI_EXCEL_INQ1 'RT-131001001','001','003_pi-excel','192.168.5.206';
2018-02-05 19:42:25 EXEC SPC_GET_CONSTANT '';
2018-02-05 19:42:25 EXEC SPC_003_PI_EXCEL_INQ1 'RT-131001001','001','003_pi-excel','192.168.5.206';
2018-02-05 19:42:34 EXEC SPC_GET_CONSTANT '';
2018-02-05 19:42:34 EXEC SPC_003_PI_EXCEL_INQ1 'RT-131001001','001','003_pi-excel','192.168.5.206';
2018-02-05 19:56:14 EXEC SPC_GET_CONSTANT '';
2018-02-05 19:56:14 EXEC SPC_003_PI_EXCEL_INQ1 'RT-131001001','001','003_pi-excel','192.168.5.206';
2018-02-05 19:58:34 EXEC SPC_GET_CONSTANT '';
2018-02-05 19:58:34 EXEC SPC_003_PI_EXCEL_INQ1 'RT-131001001','001','003_pi-excel','192.168.5.206';
2018-02-05 19:59:58 EXEC SPC_GET_CONSTANT '';
2018-02-05 19:59:58 EXEC SPC_003_PI_EXCEL_INQ1 'RT-131001001','001','003_pi-excel','192.168.5.206';
2018-02-05 20:01:11 EXEC SPC_GET_CONSTANT '';
2018-02-05 20:01:11 EXEC SPC_003_PI_EXCEL_INQ1 'RT-131001001','001','003_pi-excel','192.168.5.206';
2018-02-05 20:02:51 EXEC SPC_GET_CONSTANT '';
2018-02-05 20:02:51 EXEC SPC_003_PI_EXCEL_INQ1 'RT-131001001','001','003_pi-excel','192.168.5.206';
2018-02-05 20:05:06 EXEC SPC_001_PI_DETAIL_ACT4 'RT-131001001','','001','001_pi-detail','192.168.5.206';
2018-02-05 20:05:08 EXEC SPC_001_PI_DETAIL_INQ1 'RT-131001001';
2018-02-05 20:05:09 EXEC SPC_GET_TAX_RATE '2013/10/01';
2018-02-05 20:05:11 EXEC SPC_COM_GET_COMBOBOX 'unit_q_div';
2018-02-05 20:05:11 EXEC SPC_COM_GET_COMBOBOX 'sales_detail_div';
2018-02-05 20:05:11 EXEC SPC_COM_GET_COMBOBOX 'unit_m_div';
2018-02-05 20:05:11 EXEC SPC_COM_GET_COMBOBOX 'unit_w_div';
2018-02-05 20:06:58 EXEC SPC_001_PI_DETAIL_ACT3 'RT-131001001','','001','001_pi-detail','192.168.5.206';
2018-02-05 20:07:00 EXEC SPC_001_PI_DETAIL_INQ1 'RT-131001001';
2018-02-05 20:07:01 EXEC SPC_COM_GET_COMBOBOX 'unit_q_div';
2018-02-05 20:07:01 EXEC SPC_COM_GET_COMBOBOX 'unit_m_div';
2018-02-05 20:07:01 EXEC SPC_GET_TAX_RATE '2013/10/01';
2018-02-05 20:07:01 EXEC SPC_COM_GET_COMBOBOX 'unit_w_div';
2018-02-05 20:07:02 EXEC SPC_COM_GET_COMBOBOX 'sales_detail_div';
2018-02-05 20:07:08 EXEC SPC_GET_CONSTANT '';
2018-02-05 20:07:08 EXEC SPC_003_PI_EXCEL_INQ1 'RT-131001001','001','003_pi-excel','192.168.5.206';
