2018-05-25 10:51:45 EXEC SPC_073_LOGIN_ACT1 '111','111';
2018-05-25 10:51:45 EXEC SPC_GET_CONSTANT '';
2018-05-25 10:51:46 EXEC SPC_GET_PERMISSION_AUTH '999','master/suppliers-master-maintenance';
2018-05-25 10:51:50 EXEC SPC_COM_GET_COMBOBOX 'payment_conditions_div';
2018-05-25 10:51:50 EXEC SPC_COM_GET_COMBOBOX 'postpay_date_div';
2018-05-25 10:51:50 EXEC SPC_COM_GET_COMBOBOX 'allocation_div';
2018-05-25 10:51:50 EXEC SPC_COM_GET_COMBOBOX 'payment_nums_div';
2018-05-25 10:51:50 EXEC SPC_COM_GET_COMBOBOX 'paydate_condition_div';
2018-05-25 10:51:50 EXEC SPC_COM_GET_COMBOBOX 'exists_div';
2018-05-25 10:51:51 EXEC SPC_COM_GET_COMBOBOX 'currency_div';
2018-05-25 10:51:51 EXEC SPC_COM_GET_COMBOBOX 'bank_div';
2018-05-25 10:51:51 EXEC SPC_COM_GET_COMBOBOX 'round_div';
2018-05-25 10:51:51 EXEC SPC_COM_GET_COMBOBOX 'payday_condition_div';
2018-05-25 10:52:00 EXEC SPC_COM_GET_COMBOBOX 'outsourcing_div';
2018-05-25 10:52:00 EXEC SPC_COM_GET_COMBOBOX 'done_div';
2018-05-25 10:52:00 EXEC SPC_COM_GET_COMBOBOX 'production_status_div';
2018-05-25 10:52:05 EXEC SPC_COM_GET_COMBOBOX 'done_div';
2018-05-25 10:52:05 EXEC SPC_COM_GET_COMBOBOX 'outsourcing_div';
2018-05-25 10:52:05 EXEC SPC_COM_GET_COMBOBOX 'production_status_div';
2018-05-25 10:52:39 EXEC SPC_COM_GET_COMBOBOX 'outsourcing_div';
2018-05-25 10:52:39 EXEC SPC_COM_GET_COMBOBOX 'production_status_div';
2018-05-25 10:52:39 EXEC SPC_COM_GET_COMBOBOX 'done_div';
2018-05-25 12:01:50 EXEC SPC_027_MANUFACTURING_INSTRUCTION_SEARCH_FND1 '','','','','','','','','','','1','10';
2018-05-25 12:31:24 EXEC SPC_027_MANUFACTURING_INSTRUCTION_SEARCH_FND1 '','','','','','','','','','','1','0';
2018-05-25 12:32:12 EXEC SPC_027_MANUFACTURING_INSTRUCTION_SEARCH_ACT1 '[{"manufacture_no":"20180001"}]','111','027_manufacturing-instruction-search','192.168.5.206';
2018-05-25 12:32:17 EXEC SPC_027_MANUFACTURING_INSTRUCTION_SEARCH_ACT1 '[{"manufacture_no":"20180001"},{"manufacture_no":"20180002"}]','111','027_manufacturing-instruction-search','192.168.5.206';
2018-05-25 12:32:20 EXEC SPC_027_MANUFACTURING_INSTRUCTION_SEARCH_FND1 '','','','','','','','','','','1','10';
2018-05-25 12:34:28 EXEC SPC_027_MANUFACTURING_INSTRUCTION_SEARCH_FND1 '','','','','','','','','','','1','10';
2018-05-25 12:34:33 EXEC SPC_027_MANUFACTURING_INSTRUCTION_SEARCH_ACT1 '[{"manufacture_no":"20180009"}]','111','027_manufacturing-instruction-search','192.168.5.206';
2018-05-25 13:50:41 EXEC SPC_027_MANUFACTURING_INSTRUCTION_SEARCH_FND1 '','','','','','','','','','','1','10';
2018-05-25 13:50:58 EXEC SPC_047_MANUFACTURING_COMPLETION_PROCESS_INQ1 '20180002';
2018-05-25 15:32:59 EXEC SPC_047_MANUFACTURING_COMPLETION_PROCESS_INQ1 '20180002';
2018-05-25 17:33:06 EXEC SPC_COM_GET_COMBOBOX 'in_out_div';
2018-05-25 17:33:06 EXEC SPC_COM_GET_COMBOBOX 'in_out_data_div';
2018-05-25 17:33:19 EXEC SPC_COM_GET_COMBOBOX 'in_out_div';
2018-05-25 17:33:19 EXEC SPC_COM_GET_COMBOBOX 'in_out_data_div';
2018-05-25 17:33:22 EXEC SPC_COM_GET_COMBOBOX 'in_out_data_div';
2018-05-25 17:33:22 EXEC SPC_COM_GET_COMBOBOX 'in_out_div';
2018-05-25 18:40:20 EXEC SPC_COM_GET_COMBOBOX 'in_out_div';
2018-05-25 18:40:20 EXEC SPC_COM_GET_COMBOBOX 'in_out_data_div';
