2018-03-14 10:48:15 EXEC SPC_COM_GET_COMBOBOX 'in_out_data_div';
2018-03-14 10:48:16 EXEC SPC_049_INPUT_OUTPUT_FND1 '','','','','','','','1','10';
2018-03-14 11:11:00 EXEC SPC_COM_GET_COMBOBOX 'buy_status_div';
2018-03-14 11:13:52 EXEC SPC_COM_GET_COMBOBOX 'buy_status_div';
2018-03-14 11:41:18 EXEC SPC_COM_GET_COMBOBOX 'buy_status_div';
2018-03-14 11:41:49 EXEC SPC_COM_GET_COMBOBOX 'possible_div';
2018-03-14 11:41:52 EXEC SPC_057_LIBRARY_MASTER_SEARCH_FND1 'fwd_status_div','','','','','1','10';
2018-03-14 11:42:13 EXEC SPC_COM_GET_COMBOBOX 'fwd_status_div';
2018-03-14 12:10:09 EXEC SPC_COM_GET_COMBOBOX 'fwd_status_div';
2018-03-14 12:12:49 EXEC SPC_COM_GET_COMBOBOX 'fwd_status_div';
2018-03-14 12:12:52 EXEC SPC_GET_LIB_COUNTRY '02';
2018-03-14 12:13:00 EXEC SPC_COUNTRY_SEARCH '','','1','10';
2018-03-14 12:13:02 EXEC SPC_GET_LIB_COUNTRY 'AF';
2018-03-14 12:13:08 EXEC SPC_COUNTRY_SEARCH '','','1','10';
2018-03-14 12:13:12 EXEC SPC_COUNTRY_SEARCH '','','1','10';
2018-03-14 12:13:15 EXEC SPC_GET_LIB_COUNTRY 'BE';
2018-03-14 12:26:53 EXEC SPC_057_LIBRARY_MASTER_SEARCH_FND1 'unit_qty_div','','','','','1','10';
2018-03-14 12:26:57 EXEC SPC_057_LIBRARY_MASTER_SEARCH_FND1 'unit_q_div','','','','','1','10';
2018-03-14 12:29:59 EXEC SPC_057_LIBRARY_MASTER_SEARCH_FND1 'fwd_status_div','','','','','1','10';
2018-03-14 13:47:29 EXEC SPC_073_LOGIN_ACT1 '001','123456';
2018-03-14 13:47:29 EXEC SPC_GET_CONSTANT '';
2018-03-14 13:47:37 EXEC SPC_COM_GET_COMBOBOX 'fwd_status_div';
2018-03-14 13:49:07 EXEC SPC_COM_GET_COMBOBOX 'fwd_status_div';
2018-03-14 13:54:03 EXEC SPC_011_SHIPMENT_SEARCH_FND1 '','','','','','','1','10';
2018-03-14 13:54:11 EXEC SPC_011_SHIPMENT_SEARCH_FND1 '','','','','','','1','10';
2018-03-14 13:54:25 EXEC SPC_COM_GET_COMBOBOX 'fwd_status_div';
2018-03-14 13:54:27 EXEC SPC_011_SHIPMENT_SEARCH_FND1 '','','','','','','1','10';
2018-03-14 13:56:09 EXEC SPC_011_SHIPMENT_SEARCH_FND1 '','','','','','','1','10';
2018-03-14 13:56:33 EXEC SPC_COM_GET_COMBOBOX 'fwd_status_div';
2018-03-14 13:56:35 EXEC SPC_011_SHIPMENT_SEARCH_FND1 '','','','','','','1','10';
2018-03-14 13:57:51 EXEC SPC_COM_GET_COMBOBOX 'fwd_status_div';
2018-03-14 13:57:55 EXEC SPC_011_SHIPMENT_SEARCH_FND1 '','','','','','','1','10';
2018-03-14 13:58:45 EXEC SPC_COM_GET_COMBOBOX 'fwd_status_div';
2018-03-14 13:59:26 EXEC SPC_011_SHIPMENT_SEARCH_FND1 '','','','','','','1','10';
2018-03-14 14:00:26 EXEC SPC_011_SHIPMENT_SEARCH_FND1 '','','','','','','1','10';
2018-03-14 15:05:36 EXEC SPC_COM_GET_COMBOBOX 'port_country_div';
2018-03-14 15:05:37 EXEC SPC_COM_GET_COMBOBOX 'unit_q_div';
2018-03-14 15:05:37 EXEC SPC_COM_GET_COMBOBOX 'trade_terms_div';
2018-03-14 15:05:37 EXEC SPC_COM_GET_COMBOBOX 'payment_conditions_div';
2018-03-14 15:05:37 EXEC SPC_COM_GET_COMBOBOX 'currency_div';
2018-03-14 15:05:37 EXEC SPC_COM_GET_COMBOBOX 'unit_w_div';
2018-03-14 15:05:37 EXEC SPC_COM_GET_COMBOBOX 'shipment_div';
2018-03-14 15:05:37 EXEC SPC_COM_GET_COMBOBOX 'port_city_div';
2018-03-14 15:05:38 EXEC SPC_COM_GET_COMBOBOX 'unit_m_div';
2018-03-14 15:05:38 EXEC SPC_COM_GET_COMBOBOX 'sales_detail_div';
2018-03-14 15:05:38 EXEC SPC_COM_GET_COMBOBOX 'bank_div';
2018-03-14 15:05:38 EXEC SPC_GET_TAX_RATE '2018/03/14';
2018-03-14 15:08:39 EXEC SPC_011_SHIPMENT_SEARCH_FND1 '','','','','','','1','10';
2018-03-14 15:10:26 EXEC SPC_011_SHIPMENT_SEARCH_FND1 '','','','','','','1','10';
2018-03-14 15:12:28 EXEC SPC_011_SHIPMENT_SEARCH_FND1 '','','','','','','1','10';
2018-03-14 15:12:30 EXEC SPC_011_SHIPMENT_SEARCH_FND1 '','','','','','','1','10';
2018-03-14 15:15:18 EXEC SPC_COM_GET_COMBOBOX 'in_out_div';
2018-03-14 15:15:18 EXEC SPC_COM_GET_COMBOBOX 'in_out_data_div';
2018-03-14 15:15:20 EXEC SPC_049_INPUT_OUTPUT_FND1 '','','','','','','','1','10';
2018-03-14 15:19:15 EXEC SPC_011_SHIPMENT_SEARCH_FND1 '','','','','','','1','10';
2018-03-14 15:52:49 EXEC SPC_011_SHIPMENT_SEARCH_FND1 '','','','','','','1','10';
2018-03-14 15:52:55 EXEC SPC_011_SHIPMENT_SEARCH_FND1 '','','','','','','1','10';
2018-03-14 15:54:00 EXEC SPC_011_SHIPMENT_SEARCH_FND1 '','','','','','','1','10';
2018-03-14 15:58:35 EXEC SPC_011_SHIPMENT_SEARCH_FND1 '','','','','','','1','10';
2018-03-14 15:59:19 EXEC SPC_COM_GET_COMBOBOX 'forwarding_div';
2018-03-14 15:59:20 EXEC SPC_COM_GET_COMBOBOX 'forwarding_way_div';
2018-03-14 15:59:20 EXEC SPC_COM_GET_COMBOBOX 'forwarder_div';
2018-03-14 15:59:20 EXEC SPC_COM_GET_COMBOBOX 'packing_method_div';
2018-03-14 15:59:20 EXEC SPC_COM_GET_COMBOBOX 'forwarding_warehouse_div';
2018-03-14 15:59:22 EXEC SPC_COM_GET_COMBOBOX 'fwd_status_div';
2018-03-14 15:59:23 EXEC SPC_011_SHIPMENT_SEARCH_FND1 '','','','','','','1','10';
2018-03-14 16:04:15 EXEC SPC_COM_GET_COMBOBOX 'fwd_status_div';
2018-03-14 16:04:16 EXEC SPC_011_SHIPMENT_SEARCH_FND1 '','','','','','','1','10';
2018-03-14 16:04:19 EXEC SPC_011_SHIPMENT_SEARCH_FND1 '','','','','','','98','10';
2018-03-14 16:05:41 EXEC SPC_011_SHIPMENT_SEARCH_FND1 '','','','','','','97','10';
2018-03-14 16:05:43 EXEC SPC_011_SHIPMENT_SEARCH_FND1 '','','','','','','98','10';
2018-03-14 16:05:45 EXEC SPC_011_SHIPMENT_SEARCH_FND1 '','','','','','','97','10';
2018-03-14 16:05:47 EXEC SPC_011_SHIPMENT_SEARCH_FND1 '','','','','','','96','10';
2018-03-14 16:05:49 EXEC SPC_011_SHIPMENT_SEARCH_FND1 '','','','','','','95','10';
2018-03-14 16:06:56 EXEC SPC_011_SHIPMENT_SEARCH_FND1 '','','','','','','1','10';
2018-03-14 16:07:00 EXEC SPC_COM_GET_COMBOBOX 'fwd_status_div';
2018-03-14 16:07:01 EXEC SPC_011_SHIPMENT_SEARCH_FND1 '','','','','','','1','10';
2018-03-14 16:07:04 EXEC SPC_011_SHIPMENT_SEARCH_FND1 '','','','','','','98','10';
2018-03-14 16:07:14 EXEC SPC_011_SHIPMENT_SEARCH_FND1 '','','','','','','1','10';
2018-03-14 16:07:51 EXEC SPC_011_SHIPMENT_SEARCH_FND1 '','','','','','','1','10';
2018-03-14 16:08:41 EXEC SPC_011_SHIPMENT_SEARCH_FND1 '','','','','','','1','10';
2018-03-14 16:09:00 EXEC SPC_011_SHIPMENT_SEARCH_FND1 '','','','','','','97','10';
2018-03-14 16:09:06 EXEC SPC_011_SHIPMENT_SEARCH_FND1 '','','','','','','1','10';
2018-03-14 16:09:07 EXEC SPC_011_SHIPMENT_SEARCH_FND1 '','','','','','','98','10';
2018-03-14 16:09:09 EXEC SPC_011_SHIPMENT_SEARCH_FND1 '','','','','','','97','10';
2018-03-14 16:09:11 EXEC SPC_011_SHIPMENT_SEARCH_FND1 '','','','','','','96','10';
2018-03-14 16:09:14 EXEC SPC_011_SHIPMENT_SEARCH_FND1 '','','','','','','95','10';
2018-03-14 16:09:15 EXEC SPC_011_SHIPMENT_SEARCH_FND1 '','','','','','','94','10';
2018-03-14 16:09:17 EXEC SPC_011_SHIPMENT_SEARCH_FND1 '','','','','','','93','10';
2018-03-14 16:09:18 EXEC SPC_011_SHIPMENT_SEARCH_FND1 '','','','','','','92','10';
2018-03-14 16:09:20 EXEC SPC_011_SHIPMENT_SEARCH_FND1 '','','','','','','98','10';
2018-03-14 16:09:23 EXEC SPC_011_SHIPMENT_SEARCH_FND1 '','','','','','','1','10';
2018-03-14 16:09:25 EXEC SPC_011_SHIPMENT_SEARCH_FND1 '','','','','','','2','10';
2018-03-14 16:09:27 EXEC SPC_011_SHIPMENT_SEARCH_FND1 '','','','','','','3','10';
2018-03-14 16:09:28 EXEC SPC_011_SHIPMENT_SEARCH_FND1 '','','','','','','4','10';
2018-03-14 16:09:29 EXEC SPC_011_SHIPMENT_SEARCH_FND1 '','','','','','','5','10';
2018-03-14 16:09:31 EXEC SPC_011_SHIPMENT_SEARCH_FND1 '','','','','','','4','10';
2018-03-14 16:12:17 EXEC SPC_COM_GET_COMBOBOX 'fwd_status_div';
2018-03-14 16:12:21 EXEC SPC_011_SHIPMENT_SEARCH_FND1 '','','','','','','1','10';
2018-03-14 16:12:40 EXEC SPC_COM_GET_COMBOBOX 'fwd_status_div';
2018-03-14 16:12:41 EXEC SPC_011_SHIPMENT_SEARCH_FND1 '','','','','','','1','10';
2018-03-14 16:13:21 EXEC SPC_COM_GET_COMBOBOX 'fwd_status_div';
2018-03-14 16:13:22 EXEC SPC_011_SHIPMENT_SEARCH_FND1 '','','','','','','1','10';
2018-03-14 16:18:32 EXEC SPC_COM_GET_COMBOBOX 'possible_div';
2018-03-14 16:18:40 EXEC SPC_057_LIBRARY_MASTER_SEARCH_FND1 'fwd_status_div','','','','','1','10';
2018-03-14 16:18:44 EXEC SPC_057_LIBRARY_MASTER_SEARCH_FND1 'fwd_data_div','','','','','1','10';
2018-03-14 16:22:46 EXEC SPC_011_SHIPMENT_SEARCH_FND1 '','','','','','','1','10';
2018-03-14 16:23:08 EXEC SPC_011_SHIPMENT_SEARCH_FND1 '','','','','','','2','10';
2018-03-14 16:23:09 EXEC SPC_011_SHIPMENT_SEARCH_FND1 '','','','','','','2','10';
2018-03-14 16:23:10 EXEC SPC_011_SHIPMENT_SEARCH_FND1 '','','','','','','2','10';
2018-03-14 16:23:16 EXEC SPC_011_SHIPMENT_SEARCH_FND1 '','','','','','','1','10';
2018-03-14 16:23:18 EXEC SPC_011_SHIPMENT_SEARCH_FND1 '','','','','','','2','10';
2018-03-14 16:23:19 EXEC SPC_011_SHIPMENT_SEARCH_FND1 '','','','','','','3','10';
2018-03-14 16:23:21 EXEC SPC_011_SHIPMENT_SEARCH_FND1 '','','','','','','4','10';
2018-03-14 16:23:23 EXEC SPC_011_SHIPMENT_SEARCH_FND1 '','','','','','','5','10';
2018-03-14 16:23:24 EXEC SPC_011_SHIPMENT_SEARCH_FND1 '','','','','','','6','10';
2018-03-14 16:23:25 EXEC SPC_011_SHIPMENT_SEARCH_FND1 '','','','','','','7','10';
2018-03-14 16:23:26 EXEC SPC_011_SHIPMENT_SEARCH_FND1 '','','','','','','8','10';
2018-03-14 16:24:51 EXEC SPC_011_SHIPMENT_SEARCH_FND1 '','','','','','','98','10';
2018-03-14 16:24:53 EXEC SPC_011_SHIPMENT_SEARCH_FND1 '','','','','','','97','10';
2018-03-14 16:24:56 EXEC SPC_011_SHIPMENT_SEARCH_FND1 '','','','','','10','1','10';
2018-03-14 16:25:01 EXEC SPC_011_SHIPMENT_SEARCH_FND1 '','','','','','20','1','10';
2018-03-14 16:25:05 EXEC SPC_011_SHIPMENT_SEARCH_FND1 '','','','','','10','1','10';
2018-03-14 16:26:30 EXEC SPC_011_SHIPMENT_SEARCH_FND1 '','','','','','10','1','10';
2018-03-14 16:26:32 EXEC SPC_011_SHIPMENT_SEARCH_FND1 '','','','','','','1','10';
2018-03-14 16:27:43 EXEC SPC_011_SHIPMENT_SEARCH_FND1 '','','','','','','1','10';
2018-03-14 16:27:45 EXEC SPC_011_SHIPMENT_SEARCH_FND1 '','','','','','','98','10';
2018-03-14 16:27:48 EXEC SPC_011_SHIPMENT_SEARCH_FND1 '','','','','','10','1','10';
2018-03-14 16:27:51 EXEC SPC_011_SHIPMENT_SEARCH_FND1 '','','','','','20','1','10';
2018-03-14 16:27:55 EXEC SPC_011_SHIPMENT_SEARCH_FND1 '','','','','','20','1','10';
2018-03-14 16:27:57 EXEC SPC_011_SHIPMENT_SEARCH_FND1 '','','','','','','1','10';
2018-03-14 16:28:33 EXEC SPC_011_SHIPMENT_SEARCH_FND1 '','','','','','','2','10';
2018-03-14 16:28:38 EXEC SPC_011_SHIPMENT_SEARCH_FND1 '','','','','','','3','10';
2018-03-14 16:28:51 EXEC SPC_011_SHIPMENT_SEARCH_FND1 '','','S','','','','1','10';
2018-03-14 16:28:53 EXEC SPC_011_SHIPMENT_SEARCH_FND1 '','','S','','','','2','10';
2018-03-14 16:28:56 EXEC SPC_011_SHIPMENT_SEARCH_FND1 '','','S','','','20','1','10';
2018-03-14 16:29:00 EXEC SPC_011_SHIPMENT_SEARCH_FND1 '','','S','','','20','2','10';
2018-03-14 16:29:04 EXEC SPC_011_SHIPMENT_SEARCH_FND1 '','','S','','','','1','10';
2018-03-14 16:29:06 EXEC SPC_011_SHIPMENT_SEARCH_FND1 '','','S','','','','98','10';
2018-03-14 16:29:10 EXEC SPC_011_SHIPMENT_SEARCH_FND1 '','','S','','','','97','10';
2018-03-14 16:29:14 EXEC SPC_011_SHIPMENT_SEARCH_FND1 '','','S','','','10','1','10';
2018-03-14 16:30:04 EXEC SPC_011_SHIPMENT_SEARCH_FND1 '','','S','','','10','1','10';
2018-03-14 16:30:07 EXEC SPC_011_SHIPMENT_SEARCH_FND1 '','','S','','','20','1','10';
2018-03-14 16:30:14 EXEC SPC_011_SHIPMENT_SEARCH_FND1 '','','S','','','20','1','10';
2018-03-14 16:30:18 EXEC SPC_011_SHIPMENT_SEARCH_ACT1 '[{"fwd_no":"KS-18030016"}]','001','011_shipment-search','192.168.5.206';
2018-03-14 16:30:25 EXEC SPC_011_SHIPMENT_SEARCH_FND1 '','','S','','','10','1','10';
2018-03-14 16:30:32 EXEC SPC_011_SHIPMENT_SEARCH_ACT1 '[{"fwd_no":"KS-18030002"}]','001','011_shipment-search','192.168.5.206';
2018-03-14 16:30:33 EXEC SPC_011_SHIPMENT_SEARCH_FND1 '','','S','','','10','1','10';
2018-03-14 16:30:38 EXEC SPC_011_SHIPMENT_SEARCH_FND1 '','','S','','','10','1','10';
2018-03-14 16:30:41 EXEC SPC_011_SHIPMENT_SEARCH_FND1 '','','KS-18030002','','','10','1','10';
2018-03-14 16:30:45 EXEC SPC_011_SHIPMENT_SEARCH_FND1 '','','KS-18030002','','','20','1','10';
2018-03-14 16:30:57 EXEC SPC_011_SHIPMENT_SEARCH_FND1 '','','KS-18030002','','','','1','10';
2018-03-14 16:31:02 EXEC SPC_011_SHIPMENT_SEARCH_FND1 '','','','','','','1','10';
2018-03-14 16:31:04 EXEC SPC_011_SHIPMENT_SEARCH_FND1 '','','','','','','1','50';
2018-03-14 16:31:07 EXEC SPC_011_SHIPMENT_SEARCH_FND1 '','','','','','','1','100';
2018-03-14 16:31:36 EXEC SPC_011_SHIPMENT_SEARCH_FND1 '','','','','','','1','10';
2018-03-14 16:31:40 EXEC SPC_011_SHIPMENT_SEARCH_ACT1 '[{"fwd_no":"KS-18020008"},{"fwd_no":"KS-18020008"},{"fwd_no":"KS-18020008"},{"fwd_no":"KS-18020008"},{"fwd_no":"KS-18020008"},{"fwd_no":"KS-18020008"},{"fwd_no":"KS-18020008"},{"fwd_no":"KS-18020008"},{"fwd_no":"KS-18020010"},{"fwd_no":"KS-18020010"}]','001','011_shipment-search','192.168.5.206';
2018-03-14 16:32:10 EXEC SPC_011_SHIPMENT_SEARCH_ACT1 '[{"fwd_no":"KS-18020008"},{"fwd_no":"KS-18020008"},{"fwd_no":"KS-18020008"},{"fwd_no":"KS-18020008"},{"fwd_no":"KS-18020008"},{"fwd_no":"KS-18020008"},{"fwd_no":"KS-18020008"},{"fwd_no":"KS-18020008"},{"fwd_no":"KS-18020010"},{"fwd_no":"KS-18020010"}]','001','011_shipment-search','192.168.5.206';
2018-03-14 16:38:29 EXEC SPC_011_SHIPMENT_SEARCH_FND1 '','2018/03/24','','','','','1','10';
2018-03-14 16:38:36 EXEC SPC_COM_GET_COMBOBOX 'forwarding_div';
2018-03-14 16:38:38 EXEC SPC_COM_GET_COMBOBOX 'forwarding_way_div';
2018-03-14 16:38:38 EXEC SPC_COM_GET_COMBOBOX 'packing_method_div';
2018-03-14 16:38:38 EXEC SPC_COM_GET_COMBOBOX 'forwarder_div';
2018-03-14 16:38:38 EXEC SPC_COM_GET_COMBOBOX 'forwarding_warehouse_div';
2018-03-14 16:38:40 EXEC SPC_COM_GET_COMBOBOX 'fwd_status_div';
2018-03-14 16:38:41 EXEC SPC_011_SHIPMENT_SEARCH_FND1 '','2018/03/24','','','','','1','10';
2018-03-14 16:39:31 EXEC SPC_011_SHIPMENT_SEARCH_FND1 '','2018/03/24','','','','','1','10';
2018-03-14 16:40:36 EXEC SPC_COM_GET_COMBOBOX 'fwd_status_div';
2018-03-14 16:40:38 EXEC SPC_011_SHIPMENT_SEARCH_FND1 '','','','','','','1','10';
2018-03-14 16:40:42 EXEC SPC_COM_GET_COMBOBOX 'forwarding_div';
2018-03-14 16:40:42 EXEC SPC_COM_GET_COMBOBOX 'packing_method_div';
2018-03-14 16:40:42 EXEC SPC_COM_GET_COMBOBOX 'forwarding_warehouse_div';
2018-03-14 16:40:42 EXEC SPC_COM_GET_COMBOBOX 'forwarder_div';
2018-03-14 16:40:42 EXEC SPC_COM_GET_COMBOBOX 'forwarding_way_div';
2018-03-14 16:40:46 EXEC SPC_COM_GET_COMBOBOX 'fwd_status_div';
2018-03-14 16:40:46 EXEC SPC_011_SHIPMENT_SEARCH_FND1 '','','','','','','1','10';
2018-03-14 16:40:51 EXEC SPC_GET_LIB_COUNTRY 'yh';
2018-03-14 16:40:57 EXEC SPC_011_SHIPMENT_SEARCH_FND1 '','','gxdf','','yh','','1','10';
