2018-01-19 10:31:29 EXEC SPC_004_PI_ORDER_CONFIRM_FND1 '','','','','1','10';
2018-01-19 11:12:14 EXEC SPC_COM_GET_COMBOBOX 'pi_status_div';
2018-01-19 11:12:16 EXEC SPC_002_PI_SEARCH_FND1 '','','','','','','','','1','10';
2018-01-19 11:12:19 EXEC SPC_002_PI_SEARCH_FND1 '','','','','','','','90','1','10';
2018-01-19 11:12:22 EXEC SPC_COM_GET_COMBOBOX 'port_country_div';
2018-01-19 11:12:23 EXEC SPC_COM_GET_COMBOBOX 'unit_q_div';
2018-01-19 11:12:23 EXEC SPC_COM_GET_COMBOBOX 'trade_terms_div';
2018-01-19 11:12:23 EXEC SPC_COM_GET_COMBOBOX 'shipment_div';
2018-01-19 11:12:23 EXEC SPC_COM_GET_COMBOBOX 'port_city_div';
2018-01-19 11:12:23 EXEC SPC_COM_GET_COMBOBOX 'currency_div';
2018-01-19 11:12:23 EXEC SPC_COM_GET_COMBOBOX 'payment_conditions_div';
2018-01-19 11:12:23 EXEC SPC_COM_GET_COMBOBOX 'unit_w_div';
2018-01-19 11:12:24 EXEC SPC_COM_GET_COMBOBOX 'unit_m_div';
2018-01-19 11:12:24 EXEC SPC_GET_TAX_RATE '2018/01/19';
2018-01-19 11:12:24 EXEC SPC_COM_GET_COMBOBOX 'sales_detail_div';
2018-01-19 11:12:24 EXEC SPC_001_PI_DETAIL_INQ1 'RT-130827001';
2018-01-19 11:12:24 EXEC SPC_COM_GET_COMBOBOX 'bank_div';
2018-01-19 11:12:24 EXEC SPC_GET_TAX_RATE '2013/08/27';
2018-01-19 11:12:24 EXEC SPC_COM_GET_COMBOBOX 'unit_w_div';
2018-01-19 11:12:24 EXEC SPC_COM_GET_COMBOBOX 'unit_m_div';
2018-01-19 11:12:24 EXEC SPC_COM_GET_COMBOBOX 'sales_detail_div';
2018-01-19 11:12:24 EXEC SPC_COM_GET_COMBOBOX 'unit_q_div';
2018-01-19 11:12:47 EXEC SPC_073_LOGIN_ACT1 '001','123456';
2018-01-19 11:12:47 EXEC SPC_GET_CONSTANT '';
2018-01-19 11:12:54 EXEC SPC_COM_GET_COMBOBOX 'pi_status_div';
2018-01-19 11:12:58 EXEC SPC_002_PI_SEARCH_FND1 '','','','','','','','90','1','10';
2018-01-19 11:13:02 EXEC SPC_COM_GET_COMBOBOX 'payment_conditions_div';
2018-01-19 11:13:02 EXEC SPC_COM_GET_COMBOBOX 'shipment_div';
2018-01-19 11:13:02 EXEC SPC_COM_GET_COMBOBOX 'port_country_div';
2018-01-19 11:13:02 EXEC SPC_COM_GET_COMBOBOX 'currency_div';
2018-01-19 11:13:02 EXEC SPC_COM_GET_COMBOBOX 'trade_terms_div';
2018-01-19 11:13:02 EXEC SPC_COM_GET_COMBOBOX 'port_city_div';
2018-01-19 11:13:02 EXEC SPC_COM_GET_COMBOBOX 'unit_w_div';
2018-01-19 11:13:02 EXEC SPC_COM_GET_COMBOBOX 'unit_q_div';
2018-01-19 11:13:02 EXEC SPC_COM_GET_COMBOBOX 'sales_detail_div';
2018-01-19 11:13:02 EXEC SPC_COM_GET_COMBOBOX 'unit_m_div';
2018-01-19 11:13:02 EXEC SPC_COM_GET_COMBOBOX 'bank_div';
2018-01-19 11:13:02 EXEC SPC_GET_TAX_RATE '2018/01/19';
2018-01-19 11:13:03 EXEC SPC_001_PI_DETAIL_INQ1 'RT-130827001';
2018-01-19 11:13:03 EXEC SPC_GET_TAX_RATE '2013/08/27';
2018-01-19 11:13:03 EXEC SPC_COM_GET_COMBOBOX 'unit_m_div';
2018-01-19 11:13:03 EXEC SPC_COM_GET_COMBOBOX 'sales_detail_div';
2018-01-19 11:13:03 EXEC SPC_COM_GET_COMBOBOX 'unit_w_div';
2018-01-19 11:13:07 EXEC SPC_001_PI_DETAIL_ACT1 'L','RT-130827001','90','2013/08/27','F0252','West Medica Produktions- and Handels-GmbH','Franz-Siegel-Gasse 1,','2380 Perchtoldsdorf,','','063','AT','43-1-804-81-84','43-1-804-81-85','','West Medica Produktions- and Handels-GmbH','Franz-Siegel-Gasse 1,','2380 Perchtoldsdorf,','','063','AT','43-1-804-81-84','43-1-804-81-85','MEDICA','','','','Standard Export Carton','01','USD','060','01','02','063','AT','05','payment by T.T.','[{"pi_detail_no":"1","sales_detail_div":"0","product_cd":"10004","description":"Digital Spectrophotometer Model PD-303 with standard accessories","qty":"10","unit_of_m_div":"006","unit_price":"820","amount":"8200","detail_tax":"410","unit_measure_qty":"0","unit_measure_price":"001","outside_remarks":"","unit_net_weight":"4.7","unit_net_weight_div":"001","net_weight":"47","unit_gross_weight":"6.4","gross_weight":"64","measure":"0"},{"pi_detail_no":"2","sales_detail_div":"0","product_cd":"10005","description":"Digital Spectrophotometer Model PD-303S (5 parameters type) with micoprocessor and Standard accessories","qty":"1","unit_of_m_div":"006","unit_price":"1060","amount":"1060","detail_tax":"53","unit_measure_qty":"0","unit_measure_price":"001","outside_remarks":"","unit_net_weight":"4","unit_net_weight_div":"001","net_weight":"4","unit_gross_weight":"6.4","gross_weight":"6.4","measure":"0"}]','11','006','70.4','001','51','001','0','001','9260','0','0','0','9260','Around 3weeks after receipt of payment','','Japan','APEL CO.,LTD.','This Proforma invoice is valid for 2 weeks from the date of  issue.','- If a consulate visa is required, the related fees should be paid by the buyer.','- In case of transport by air and/or container, FOB, C&F and CIF in this proforma invoice','shall be respectively equivalent to FCA, CPT and CIP stipulated in Incoterms 2000.','- In the even that the dollar (euro)falls against the Japanese yen by more than 5% from','the rate of proforma invoice date, the prices will not be effective.','','*** Warranty period after shipment***','3 years: AP-101, HG-202, PD-303, BR-501','1 year: AP-1000M, HG-2000, PD-303S, PD-303UV, BR-5000N, BR-5100, BR-5100P, HC-702','','002','社内用備考','001','001_pi-detail','192.168.5.206';
2018-01-19 11:13:08 EXEC SPC_001_PI_DETAIL_INQ1 'RT-130827001';
2018-01-19 11:13:09 EXEC SPC_COM_GET_COMBOBOX 'sales_detail_div';
2018-01-19 11:13:09 EXEC SPC_GET_TAX_RATE '2013/08/27';
';
2018-01-19 11:13:09 EXEC SPC_COM_GET_COMBOBOX 'unit_q_div';
2018-01-19 11:13:09 EXEC SPC_COM_GET_COMBOBOX 'unit_w_div';
2018-01-19 11:13:19 EXEC SPC_001_PI_DETAIL_ACT1 'L','RT-130827001','90','2013/08/27','F0252','West Medica Produktions- and Handels-GmbH','Franz-Siegel-Gasse 1,','2380 Perchtoldsdorf,','','063','AT','43-1-804-81-84','43-1-804-81-85','','West Medica Produktions- and Handels-GmbH','Franz-Siegel-Gasse 1,','2380 Perchtoldsdorf,','','063','AT','43-1-804-81-84','43-1-804-81-85','MEDICA','','','','Standard Export Carton','01','USD','060','01','02','063','AT','05','payment by T.T.','[{"pi_detail_no":"1","sales_detail_div":"0","product_cd":"10004","description":"Digital Spectrophotometer Model PD-303 with standard accessories","qty":"10","unit_of_m_div":"006","unit_price":"820","amount":"8200","detail_tax":"410","unit_measure_qty":"0","unit_measure_price":"001","outside_remarks":"","unit_net_weight":"4.7","unit_net_weight_div":"001","net_weight":"47","unit_gross_weight":"6.4","gross_weight":"64","measure":"0"},{"pi_detail_no":"2","sales_detail_div":"0","product_cd":"10005","description":"Digital Spectrophotometer Model PD-303S (5 parameters type) with micoprocessor and Standard accessories","qty":"1","unit_of_m_div":"006","unit_price":"1060","amount":"1060","detail_tax":"53","unit_measure_qty":"0","unit_measure_price":"001","outside_remarks":"","unit_net_weight":"4","unit_net_weight_div":"001","net_weight":"4","unit_gross_weight":"6.4","gross_weight":"6.4","measure":"0"}]','11','006','70.4','001','51','001','0','001','9260','0','0','0','9260','Around 3weeks after receipt of payment','','Japan','APEL CO.,LTD.','This Proforma invoice is valid for 2 weeks from the date of  issue.','- If a consulate visa is required, the related fees should be paid by the buyer.','- In case of transport by air and/or container, FOB, C&F and CIF in this proforma invoice','shall be respectively equivalent to FCA, CPT and CIP stipulated in Incoterms 2000.','- In the even that the dollar (euro)falls against the Japanese yen by more than 5% from','the rate of proforma invoice date, the prices will not be effective.','','*** Warranty period after shipment***','3 years: AP-101, HG-202, PD-303, BR-501','1 year: AP-1000M, HG-2000, PD-303S, PD-303UV, BR-5000N, BR-5100, BR-5100P, HC-702','','002','社内用備考 社内用備考','001','001_pi-detail','192.168.5.206';
2018-01-19 11:13:20 EXEC SPC_001_PI_DETAIL_INQ1 'RT-130827001';
2018-01-19 11:13:20 EXEC SPC_COM_GET_COMBOBOX 'sales_detail_div';
2018-01-19 11:13:20 EXEC SPC_COM_GET_COMBOBOX 'unit_m_div';
2018-01-19 11:13:20 EXEC SPC_COM_GET_COMBOBOX 'unit_w_div';
2018-01-19 11:13:20 EXEC SPC_COM_GET_COMBOBOX 'unit_q_div';
2018-01-19 11:13:20 EXEC SPC_GET_TAX_RATE '2013/08/27';
2018-01-19 11:13:25 EXEC SPC_COM_GET_COMBOBOX 'port_city_div';
2018-01-19 11:13:25 EXEC SPC_COM_GET_COMBOBOX 'shipment_div';
2018-01-19 11:13:25 EXEC SPC_COM_GET_COMBOBOX 'port_country_div';
2018-01-19 11:13:25 EXEC SPC_COM_GET_COMBOBOX 'payment_conditions_div';
2018-01-19 11:13:25 EXEC SPC_COM_GET_COMBOBOX 'currency_div';
2018-01-19 11:13:25 EXEC SPC_COM_GET_COMBOBOX 'trade_terms_div';
2018-01-19 11:13:25 EXEC SPC_COM_GET_COMBOBOX 'unit_w_div';
2018-01-19 11:13:25 EXEC SPC_COM_GET_COMBOBOX 'sales_detail_div';
2018-01-19 11:13:25 EXEC SPC_COM_GET_COMBOBOX 'unit_q_div';
2018-01-19 11:13:25 EXEC SPC_COM_GET_COMBOBOX 'unit_m_div';
2018-01-19 11:13:25 EXEC SPC_COM_GET_COMBOBOX 'bank_div';
2018-01-19 11:13:25 EXEC SPC_GET_TAX_RATE '2018/01/19';
2018-01-19 11:13:26 EXEC SPC_001_PI_DETAIL_INQ1 'RT-130827001';
2018-01-19 11:13:26 EXEC SPC_COM_GET_COMBOBOX 'unit_m_div';
2018-01-19 11:13:26 EXEC SPC_GET_TAX_RATE '2013/08/27';
2018-01-19 11:13:26 EXEC SPC_COM_GET_COMBOBOX 'unit_w_div';
2018-01-19 11:13:26 EXEC SPC_COM_GET_COMBOBOX 'unit_q_div';
2018-01-19 11:13:26 EXEC SPC_COM_GET_COMBOBOX 'sales_detail_div';
2018-01-19 12:03:10 EXEC SPC_004_PI_ORDER_CONFIRM_FND1 '','','','','1','10';
2018-01-19 12:03:12 EXEC SPC_004_PI_ORDER_CONFIRM_FND1 '','','','','1','10';
2018-01-19 12:03:15 EXEC SPC_COM_GET_COMBOBOX 'port_country_div';
2018-01-19 12:03:16 EXEC SPC_COM_GET_COMBOBOX 'unit_q_div';
2018-01-19 12:03:16 EXEC SPC_COM_GET_COMBOBOX 'port_city_div';
2018-01-19 12:03:16 EXEC SPC_COM_GET_COMBOBOX 'unit_w_div';
2018-01-19 12:03:16 EXEC SPC_COM_GET_COMBOBOX 'unit_m_div';
2018-01-19 12:03:17 EXEC SPC_COM_GET_COMBOBOX 'payment_conditions_div';
2018-01-19 12:03:17 EXEC SPC_COM_GET_COMBOBOX 'trade_terms_div';
2018-01-19 12:03:17 EXEC SPC_COM_GET_COMBOBOX 'sales_detail_div';
2018-01-19 12:03:17 EXEC SPC_COM_GET_COMBOBOX 'currency_div';
2018-01-19 12:03:17 EXEC SPC_COM_GET_COMBOBOX 'bank_div';
2018-01-19 12:03:17 EXEC SPC_COM_GET_COMBOBOX 'shipment_div';
2018-01-19 12:03:17 EXEC SPC_GET_TAX_RATE '2018/01/19';
2018-01-19 12:03:17 EXEC SPC_001_PI_DETAIL_INQ1 'RT-131001001';
2018-01-19 12:03:18 EXEC SPC_COM_GET_COMBOBOX 'sales_detail_div';
2018-01-19 12:03:18 EXEC SPC_GET_TAX_RATE '2013/10/01';
2018-01-19 12:03:18 EXEC SPC_COM_GET_COMBOBOX 'unit_m_div';
2018-01-19 12:03:18 EXEC SPC_COM_GET_COMBOBOX 'unit_q_div';
2018-01-19 12:03:18 EXEC SPC_COM_GET_COMBOBOX 'unit_w_div';
2018-01-19 12:39:41 EXEC SPC_COM_GET_COMBOBOX 'pi_status_div';
2018-01-19 15:59:06 EXEC SPC_004_PI_ORDER_CONFIRM_FND1 '','','','','1','10';
2018-01-19 15:59:10 EXEC SPC_COM_GET_COMBOBOX 'shipment_div';
2018-01-19 15:59:10 EXEC SPC_COM_GET_COMBOBOX 'unit_w_div';
2018-01-19 15:59:11 EXEC SPC_COM_GET_COMBOBOX 'unit_m_div';
2018-01-19 15:59:11 EXEC SPC_COM_GET_COMBOBOX 'currency_div';
2018-01-19 15:59:11 EXEC SPC_COM_GET_COMBOBOX 'port_country_div';
2018-01-19 15:59:11 EXEC SPC_COM_GET_COMBOBOX 'trade_terms_div';
2018-01-19 15:59:11 EXEC SPC_COM_GET_COMBOBOX 'sales_detail_div';
2018-01-19 15:59:11 EXEC SPC_COM_GET_COMBOBOX 'port_city_div';
2018-01-19 15:59:12 EXEC SPC_COM_GET_COMBOBOX 'payment_conditions_div';
2018-01-19 15:59:12 EXEC SPC_COM_GET_COMBOBOX 'bank_div';
2018-01-19 15:59:12 EXEC SPC_COM_GET_COMBOBOX 'unit_q_div';
2018-01-19 15:59:12 EXEC SPC_001_PI_DETAIL_INQ1 'RT-131001001';
2018-01-19 15:59:12 EXEC SPC_GET_TAX_RATE '2018/01/19';
2018-01-19 15:59:12 EXEC SPC_COM_GET_COMBOBOX 'unit_m_div';
2018-01-19 15:59:12 EXEC SPC_COM_GET_COMBOBOX 'unit_w_div';
2018-01-19 15:59:12 EXEC SPC_GET_TAX_RATE '2013/10/01';
2018-01-19 15:59:12 EXEC SPC_COM_GET_COMBOBOX 'sales_detail_div';
2018-01-19 15:59:12 EXEC SPC_COM_GET_COMBOBOX 'unit_q_div';
2018-01-19 16:04:52 EXEC SPC_COM_GET_COMBOBOX 'unit_w_div';
2018-01-19 16:04:52 EXEC SPC_COM_GET_COMBOBOX 'unit_q_div';
2018-01-19 16:04:52 EXEC SPC_COM_GET_COMBOBOX 'unit_m_div';
2018-01-19 16:04:52 EXEC SPC_COM_GET_COMBOBOX 'sales_detail_div';
2018-01-19 16:04:52 EXEC SPC_GET_TAX_RATE '2013/10/01';
2018-01-19 16:04:54 EXEC SPC_COM_GET_COMBOBOX 'pi_status_div';
2018-01-19 16:06:37 EXEC SPC_GET_TAX_RATE '2013/10/01';
2018-01-19 16:06:37 EXEC SPC_COM_GET_COMBOBOX 'unit_m_div';
2018-01-19 16:06:37 EXEC SPC_COM_GET_COMBOBOX 'unit_w_div';
2018-01-19 16:06:37 EXEC SPC_COM_GET_COMBOBOX 'unit_q_div';
2018-01-19 16:06:37 EXEC SPC_COM_GET_COMBOBOX 'sales_detail_div';
2018-01-19 18:31:07 EXEC SPC_GET_CONSTANT '';
2018-01-19 18:31:07 EXEC SPC_003_PI_EXCEL_INQ1 'RT-131001001','','003_pi-excel','';
2018-01-19 18:39:40 EXEC SPC_COM_GET_COMBOBOX 'port_country_div';
2018-01-19 18:39:40 EXEC SPC_COM_GET_COMBOBOX 'unit_q_div';
2018-01-19 18:39:40 EXEC SPC_COM_GET_COMBOBOX 'payment_conditions_div';
2018-01-19 18:39:40 EXEC SPC_COM_GET_COMBOBOX 'port_city_div';
2018-01-19 18:39:40 EXEC SPC_COM_GET_COMBOBOX 'trade_terms_div';
2018-01-19 18:39:41 EXEC SPC_COM_GET_COMBOBOX 'shipment_div';
2018-01-19 18:39:41 EXEC SPC_COM_GET_COMBOBOX 'currency_div';
2018-01-19 18:39:41 EXEC SPC_COM_GET_COMBOBOX 'unit_w_div';
2018-01-19 18:39:41 EXEC SPC_COM_GET_COMBOBOX 'unit_m_div';
2018-01-19 18:39:41 EXEC SPC_COM_GET_COMBOBOX 'bank_div';
2018-01-19 18:39:41 EXEC SPC_COM_GET_COMBOBOX 'sales_detail_div';
2018-01-19 18:39:41 EXEC SPC_GET_TAX_RATE '2018/01/19';
2018-01-19 18:39:52 EXEC SPC_004_PI_ORDER_CONFIRM_FND1 '','','','','1','10';
2018-01-19 18:39:55 EXEC SPC_COM_GET_COMBOBOX 'port_city_div';
2018-01-19 18:39:55 EXEC SPC_COM_GET_COMBOBOX 'payment_conditions_div';
2018-01-19 18:39:56 EXEC SPC_COM_GET_COMBOBOX 'trade_terms_div';
2018-01-19 18:39:56 EXEC SPC_COM_GET_COMBOBOX 'shipment_div';
2018-01-19 18:39:56 EXEC SPC_COM_GET_COMBOBOX 'port_country_div';
2018-01-19 18:39:56 EXEC SPC_COM_GET_COMBOBOX 'currency_div';
2018-01-19 18:39:56 EXEC SPC_COM_GET_COMBOBOX 'unit_m_div';
2018-01-19 18:39:56 EXEC SPC_COM_GET_COMBOBOX 'unit_w_div';
2018-01-19 18:39:56 EXEC SPC_COM_GET_COMBOBOX 'sales_detail_div';
2018-01-19 18:39:56 EXEC SPC_GET_TAX_RATE '2018/01/19';
2018-01-19 18:39:56 EXEC SPC_COM_GET_COMBOBOX 'bank_div';
2018-01-19 18:39:56 EXEC SPC_COM_GET_COMBOBOX 'unit_q_div';
2018-01-19 18:39:57 EXEC SPC_001_PI_DETAIL_INQ1 'RT-131001001';
2018-01-19 18:39:57 EXEC SPC_COM_GET_COMBOBOX 'unit_w_div';
2018-01-19 18:39:57 EXEC SPC_COM_GET_COMBOBOX 'unit_q_div';
2018-01-19 18:39:57 EXEC SPC_GET_TAX_RATE '2013/10/01';
2018-01-19 18:39:57 EXEC SPC_COM_GET_COMBOBOX 'unit_m_div';
2018-01-19 18:39:57 EXEC SPC_COM_GET_COMBOBOX 'sales_detail_div';
2018-01-19 18:40:16 EXEC SPC_COM_GET_COMBOBOX 'currency_div';
2018-01-19 18:40:16 EXEC SPC_COM_GET_COMBOBOX 'port_country_div';
2018-01-19 18:40:16 EXEC SPC_COM_GET_COMBOBOX 'port_city_div';
2018-01-19 18:40:16 EXEC SPC_COM_GET_COMBOBOX 'payment_conditions_div';
2018-01-19 18:40:16 EXEC SPC_COM_GET_COMBOBOX 'shipment_div';
2018-01-19 18:40:16 EXEC SPC_COM_GET_COMBOBOX 'trade_terms_div';
2018-01-19 18:40:16 EXEC SPC_COM_GET_COMBOBOX 'unit_m_div';
2018-01-19 18:40:16 EXEC SPC_COM_GET_COMBOBOX 'unit_w_div';
2018-01-19 18:40:16 EXEC SPC_COM_GET_COMBOBOX 'sales_detail_div';
2018-01-19 18:40:16 EXEC SPC_COM_GET_COMBOBOX 'bank_div';
2018-01-19 18:40:16 EXEC SPC_COM_GET_COMBOBOX 'unit_q_div';
2018-01-19 18:40:17 EXEC SPC_GET_TAX_RATE '2018/01/19';
2018-01-19 18:40:17 EXEC SPC_001_PI_DETAIL_INQ1 'RT-131001001';
2018-01-19 18:40:17 EXEC SPC_GET_TAX_RATE '2013/10/01';
2018-01-19 18:40:18 EXEC SPC_COM_GET_COMBOBOX 'unit_w_div';
2018-01-19 18:40:18 EXEC SPC_COM_GET_COMBOBOX 'unit_m_div';
2018-01-19 18:40:18 EXEC SPC_COM_GET_COMBOBOX 'sales_detail_div';
2018-01-19 18:40:18 EXEC SPC_COM_GET_COMBOBOX 'unit_q_div';
2018-01-19 18:40:20 EXEC SPC_GET_CONSTANT '';
2018-01-19 18:40:43 EXEC SPC_GET_CONSTANT '';
2018-01-19 18:41:06 EXEC SPC_GET_CONSTANT '';
2018-01-19 18:41:29 EXEC SPC_GET_CONSTANT '';
2018-01-19 18:41:38 EXEC SPC_GET_CONSTANT '';
2018-01-19 18:41:42 EXEC SPC_GET_CONSTANT '';
2018-01-19 18:42:24 EXEC SPC_GET_CONSTANT '';
2018-01-19 18:42:32 EXEC SPC_GET_CONSTANT '';
2018-01-19 18:42:35 EXEC SPC_GET_TAX_RATE '2013/10/01';
2018-01-19 18:42:35 EXEC SPC_COM_GET_COMBOBOX 'sales_detail_div';
2018-01-19 18:42:35 EXEC SPC_COM_GET_COMBOBOX 'unit_m_div';
2018-01-19 18:42:36 EXEC SPC_COM_GET_COMBOBOX 'unit_q_div';
2018-01-19 18:42:36 EXEC SPC_COM_GET_COMBOBOX 'unit_w_div';
2018-01-19 18:42:42 EXEC SPC_COM_GET_COMBOBOX 'currency_div';
2018-01-19 18:42:42 EXEC SPC_COM_GET_COMBOBOX 'trade_terms_div';
2018-01-19 18:42:42 EXEC SPC_COM_GET_COMBOBOX 'port_city_div';
2018-01-19 18:42:43 EXEC SPC_COM_GET_COMBOBOX 'shipment_div';
2018-01-19 18:42:43 EXEC SPC_COM_GET_COMBOBOX 'payment_conditions_div';
2018-01-19 18:42:43 EXEC SPC_COM_GET_COMBOBOX 'port_country_div';
2018-01-19 18:42:43 EXEC SPC_COM_GET_COMBOBOX 'unit_q_div';
2018-01-19 18:42:43 EXEC SPC_COM_GET_COMBOBOX 'sales_detail_div';
2018-01-19 18:42:43 EXEC SPC_COM_GET_COMBOBOX 'unit_w_div';
2018-01-19 18:42:43 EXEC SPC_COM_GET_COMBOBOX 'unit_m_div';
2018-01-19 18:42:43 EXEC SPC_COM_GET_COMBOBOX 'bank_div';
2018-01-19 18:42:43 EXEC SPC_GET_TAX_RATE '2018/01/19';
2018-01-19 18:42:43 EXEC SPC_001_PI_DETAIL_INQ1 'RT-131001001';
2018-01-19 18:42:44 EXEC SPC_COM_GET_COMBOBOX 'sales_detail_div';
2018-01-19 18:42:44 EXEC SPC_COM_GET_COMBOBOX 'unit_w_div';
2018-01-19 18:42:44 EXEC SPC_GET_TAX_RATE '2013/10/01';
2018-01-19 18:42:44 EXEC SPC_COM_GET_COMBOBOX 'unit_q_div';
2018-01-19 18:42:44 EXEC SPC_COM_GET_COMBOBOX 'unit_m_div';
2018-01-19 18:42:47 EXEC SPC_GET_CONSTANT '';
2018-01-19 18:42:50 EXEC SPC_COM_GET_COMBOBOX 'unit_q_div';
2018-01-19 18:42:50 EXEC SPC_COM_GET_COMBOBOX 'unit_m_div';
2018-01-19 18:42:50 EXEC SPC_COM_GET_COMBOBOX 'sales_detail_div';
2018-01-19 18:42:50 EXEC SPC_COM_GET_COMBOBOX 'unit_w_div';
2018-01-19 18:42:50 EXEC SPC_GET_TAX_RATE '2013/10/01';
2018-01-19 18:42:58 EXEC SPC_GET_CONSTANT '';
2018-01-19 18:43:22 EXEC SPC_COM_GET_COMBOBOX 'sales_detail_div';
2018-01-19 18:43:22 EXEC SPC_COM_GET_COMBOBOX 'unit_w_div';
2018-01-19 18:43:22 EXEC SPC_COM_GET_COMBOBOX 'unit_m_div';
2018-01-19 18:43:22 EXEC SPC_GET_TAX_RATE '2013/10/01';
2018-01-19 18:43:22 EXEC SPC_COM_GET_COMBOBOX 'unit_q_div';
2018-01-19 18:43:24 EXEC SPC_GET_CONSTANT '';
2018-01-19 18:43:49 EXEC SPC_GET_CONSTANT '';
2018-01-19 18:43:52 EXEC SPC_COM_GET_COMBOBOX 'unit_m_div';
2018-01-19 18:43:52 EXEC SPC_COM_GET_COMBOBOX 'sales_detail_div';
2018-01-19 18:43:52 EXEC SPC_COM_GET_COMBOBOX 'unit_q_div';
2018-01-19 18:43:52 EXEC SPC_GET_TAX_RATE '2013/10/01';
2018-01-19 18:43:53 EXEC SPC_COM_GET_COMBOBOX 'unit_w_div';
2018-01-19 18:43:55 EXEC SPC_GET_CONSTANT '';
2018-01-19 18:43:58 EXEC SPC_GET_TAX_RATE '2013/10/01';
2018-01-19 18:43:58 EXEC SPC_COM_GET_COMBOBOX 'unit_w_div';
2018-01-19 18:43:58 EXEC SPC_COM_GET_COMBOBOX 'unit_m_div';
2018-01-19 18:43:58 EXEC SPC_COM_GET_COMBOBOX 'sales_detail_div';
2018-01-19 18:44:09 EXEC SPC_004_PI_ORDER_CONFIRM_FND1 '','','','','1','10';
2018-01-19 18:44:13 EXEC SPC_COM_GET_COMBOBOX 'shipment_div';
ns_div';
2018-01-19 18:44:13 EXEC SPC_COM_GET_COMBOBOX 'port_city_div';
2018-01-19 18:44:13 EXEC SPC_COM_GET_COMBOBOX 'trade_terms_div';
2018-01-19 18:44:13 EXEC SPC_COM_GET_COMBOBOX 'port_country_div';
2018-01-19 18:44:13 EXEC SPC_COM_GET_COMBOBOX 'currency_div';
2018-01-19 18:44:13 EXEC SPC_COM_GET_COMBOBOX 'unit_w_div';
2018-01-19 18:44:13 EXEC SPC_COM_GET_COMBOBOX 'unit_q_div';
2018-01-19 18:44:13 EXEC SPC_COM_GET_COMBOBOX 'unit_m_div';
2018-01-19 18:44:13 EXEC SPC_COM_GET_COMBOBOX 'sales_detail_div';
2018-01-19 18:44:13 EXEC SPC_GET_TAX_RATE '2018/01/19';
2018-01-19 18:44:13 EXEC SPC_COM_GET_COMBOBOX 'bank_div';
2018-01-19 18:44:14 EXEC SPC_001_PI_DETAIL_INQ1 'RT-131001001';
2018-01-19 18:44:14 EXEC SPC_COM_GET_COMBOBOX 'unit_w_div';
2018-01-19 18:44:14 EXEC SPC_COM_GET_COMBOBOX 'sales_detail_div';
2018-01-19 18:44:14 EXEC SPC_COM_GET_COMBOBOX 'unit_m_div';
2018-01-19 18:44:14 EXEC SPC_COM_GET_COMBOBOX 'unit_q_div';
2018-01-19 18:44:17 EXEC SPC_GET_CONSTANT '';
2018-01-19 18:44:35 EXEC SPC_COM_GET_COMBOBOX 'unit_m_div';
2018-01-19 18:44:35 EXEC SPC_COM_GET_COMBOBOX 'sales_detail_div';
2018-01-19 18:44:35 EXEC SPC_GET_TAX_RATE '2013/10/01';
2018-01-19 18:44:35 EXEC SPC_COM_GET_COMBOBOX 'unit_w_div';
2018-01-19 18:44:35 EXEC SPC_COM_GET_COMBOBOX 'unit_q_div';
2018-01-19 18:45:58 EXEC SPC_GET_CONSTANT '';
2018-01-19 18:46:01 EXEC SPC_GET_TAX_RATE '2013/10/01';
2018-01-19 18:46:01 EXEC SPC_COM_GET_COMBOBOX 'sales_detail_div';
2018-01-19 18:46:01 EXEC SPC_COM_GET_COMBOBOX 'unit_m_div';
2018-01-19 18:46:01 EXEC SPC_COM_GET_COMBOBOX 'unit_q_div';
2018-01-19 18:46:01 EXEC SPC_COM_GET_COMBOBOX 'unit_w_div';
2018-01-19 18:46:17 EXEC SPC_GET_CONSTANT '';
2018-01-19 18:46:20 EXEC SPC_GET_TAX_RATE '2013/10/01';
2018-01-19 18:46:20 EXEC SPC_COM_GET_COMBOBOX 'unit_m_div';
2018-01-19 18:46:20 EXEC SPC_COM_GET_COMBOBOX 'unit_w_div';
2018-01-19 18:46:20 EXEC SPC_COM_GET_COMBOBOX 'sales_detail_div';
2018-01-19 18:46:21 EXEC SPC_COM_GET_COMBOBOX 'unit_q_div';
2018-01-19 18:46:26 EXEC SPC_GET_CONSTANT '';
2018-01-19 18:46:34 EXEC SPC_COM_GET_COMBOBOX 'unit_m_div';
2018-01-19 18:46:34 EXEC SPC_COM_GET_COMBOBOX 'unit_w_div';
2018-01-19 18:46:34 EXEC SPC_GET_TAX_RATE '2013/10/01';
il_div';
2018-01-19 18:46:34 EXEC SPC_COM_GET_COMBOBOX 'unit_q_div';
2018-01-19 18:46:36 EXEC SPC_GET_CONSTANT '';
2018-01-19 18:46:50 EXEC SPC_COM_GET_COMBOBOX 'unit_q_div';
2018-01-19 18:46:50 EXEC SPC_COM_GET_COMBOBOX 'unit_m_div';
2018-01-19 18:46:50 EXEC SPC_COM_GET_COMBOBOX 'unit_w_div';
2018-01-19 18:46:50 EXEC SPC_GET_TAX_RATE '2013/10/01';
2018-01-19 18:46:50 EXEC SPC_COM_GET_COMBOBOX 'sales_detail_div';
2018-01-19 18:47:04 EXEC SPC_GET_CONSTANT '';
2018-01-19 18:47:05 EXEC SPC_003_PI_EXCEL_INQ1 'RT-131001001','','003_pi-excel','';
2018-01-19 18:47:59 EXEC SPC_GET_CONSTANT '';
2018-01-19 18:49:11 EXEC SPC_GET_CONSTANT '';
2018-01-19 18:49:54 EXEC SPC_GET_CONSTANT '';
2018-01-19 18:51:24 EXEC SPC_GET_TAX_RATE '2013/10/01';
2018-01-19 18:51:24 EXEC SPC_COM_GET_COMBOBOX 'unit_q_div';
2018-01-19 18:51:24 EXEC SPC_COM_GET_COMBOBOX 'unit_w_div';
2018-01-19 18:51:24 EXEC SPC_COM_GET_COMBOBOX 'sales_detail_div';
2018-01-19 18:51:24 EXEC SPC_COM_GET_COMBOBOX 'unit_m_div';
2018-01-19 18:51:40 EXEC SPC_GET_TAX_RATE '2013/10/01';
2018-01-19 18:51:40 EXEC SPC_COM_GET_COMBOBOX 'unit_q_div';
2018-01-19 18:51:40 EXEC SPC_COM_GET_COMBOBOX 'unit_m_div';
2018-01-19 18:51:40 EXEC SPC_COM_GET_COMBOBOX 'unit_w_div';
2018-01-19 18:51:40 EXEC SPC_COM_GET_COMBOBOX 'sales_detail_div';
2018-01-19 18:51:42 EXEC SPC_GET_CONSTANT '';
2018-01-19 18:54:28 EXEC SPC_GET_CONSTANT '';
2018-01-19 18:54:59 EXEC SPC_GET_CONSTANT '';
2018-01-19 18:56:56 EXEC SPC_COM_GET_COMBOBOX 'port_country_div';
2018-01-19 18:56:56 EXEC SPC_COM_GET_COMBOBOX 'currency_div';
2018-01-19 18:56:56 EXEC SPC_COM_GET_COMBOBOX 'trade_terms_div';
2018-01-19 18:56:56 EXEC SPC_COM_GET_COMBOBOX 'shipment_div';
2018-01-19 18:56:56 EXEC SPC_COM_GET_COMBOBOX 'payment_conditions_div';
2018-01-19 18:56:56 EXEC SPC_COM_GET_COMBOBOX 'port_city_div';
2018-01-19 18:56:56 EXEC SPC_COM_GET_COMBOBOX 'unit_m_div';
2018-01-19 18:56:56 EXEC SPC_COM_GET_COMBOBOX 'bank_div';
2018-01-19 18:56:56 EXEC SPC_GET_TAX_RATE '2018/01/19';
2018-01-19 18:56:56 EXEC SPC_COM_GET_COMBOBOX 'unit_q_div';
2018-01-19 18:56:56 EXEC SPC_COM_GET_COMBOBOX 'unit_w_div';
2018-01-19 18:56:56 EXEC SPC_COM_GET_COMBOBOX 'sales_detail_div';
2018-01-19 18:56:57 EXEC SPC_001_PI_DETAIL_INQ1 'RT-131001001';
2018-01-19 18:56:58 EXEC SPC_COM_GET_COMBOBOX 'unit_q_div';
2018-01-19 18:56:58 EXEC SPC_COM_GET_COMBOBOX 'unit_m_div';
2018-01-19 18:56:58 EXEC SPC_COM_GET_COMBOBOX 'unit_w_div';
2018-01-19 18:56:58 EXEC SPC_COM_GET_COMBOBOX 'sales_detail_div';
2018-01-19 18:56:58 EXEC SPC_GET_TAX_RATE '2013/10/01';
2018-01-19 18:57:00 EXEC SPC_GET_CONSTANT '';
2018-01-19 18:58:53 EXEC SPC_GET_CONSTANT '';
2018-01-19 19:03:33 EXEC SPC_GET_TAX_RATE '2013/10/01';
2018-01-19 19:03:35 EXEC SPC_COM_GET_COMBOBOX 'unit_q_div';
2018-01-19 19:03:35 EXEC SPC_COM_GET_COMBOBOX 'unit_w_div';
2018-01-19 19:03:35 EXEC SPC_COM_GET_COMBOBOX 'sales_detail_div';
2018-01-19 19:03:35 EXEC SPC_COM_GET_COMBOBOX 'unit_m_div';
2018-01-19 19:03:35 EXEC SPC_GET_CONSTANT '';
2018-01-19 19:06:06 EXEC SPC_GET_CONSTANT '';
2018-01-19 19:13:45 EXEC SPC_GET_TAX_RATE '2013/10/01';
2018-01-19 19:13:45 EXEC SPC_COM_GET_COMBOBOX 'unit_w_div';
2018-01-19 19:13:45 EXEC SPC_COM_GET_COMBOBOX 'unit_m_div';
2018-01-19 19:13:45 EXEC SPC_COM_GET_COMBOBOX 'unit_q_div';
2018-01-19 19:13:45 EXEC SPC_COM_GET_COMBOBOX 'sales_detail_div';
2018-01-19 19:14:08 EXEC SPC_GET_TAX_RATE '2013/10/01';
2018-01-19 19:14:09 EXEC SPC_COM_GET_COMBOBOX 'unit_w_div';
2018-01-19 19:14:09 EXEC SPC_COM_GET_COMBOBOX 'sales_detail_div';
2018-01-19 19:14:09 EXEC SPC_COM_GET_COMBOBOX 'unit_m_div';
2018-01-19 19:14:09 EXEC SPC_COM_GET_COMBOBOX 'unit_q_div';
2018-01-19 19:14:10 EXEC SPC_GET_CONSTANT '';
2018-01-19 19:14:30 EXEC SPC_GET_TAX_RATE '2013/10/01';
2018-01-19 19:14:30 EXEC SPC_COM_GET_COMBOBOX 'sales_detail_div';
2018-01-19 19:14:30 EXEC SPC_COM_GET_COMBOBOX 'unit_w_div';
2018-01-19 19:14:30 EXEC SPC_COM_GET_COMBOBOX 'unit_m_div';
2018-01-19 19:14:30 EXEC SPC_COM_GET_COMBOBOX 'unit_q_div';
2018-01-19 19:14:32 EXEC SPC_GET_CONSTANT '';
2018-01-19 19:14:52 EXEC SPC_COM_GET_COMBOBOX 'unit_q_div';
2018-01-19 19:14:52 EXEC SPC_COM_GET_COMBOBOX 'unit_m_div';
2018-01-19 19:14:52 EXEC SPC_GET_TAX_RATE '2013/10/01';
2018-01-19 19:14:52 EXEC SPC_COM_GET_COMBOBOX 'sales_detail_div';
2018-01-19 19:14:52 EXEC SPC_COM_GET_COMBOBOX 'unit_w_div';
2018-01-19 19:14:54 EXEC SPC_GET_CONSTANT '';
2018-01-19 19:16:06 EXEC SPC_GET_CONSTANT '';
2018-01-19 19:16:09 EXEC SPC_GET_TAX_RATE '2013/10/01';
2018-01-19 19:16:09 EXEC SPC_COM_GET_COMBOBOX 'unit_m_div';
2018-01-19 19:16:09 EXEC SPC_COM_GET_COMBOBOX 'sales_detail_div';
2018-01-19 19:16:09 EXEC SPC_COM_GET_COMBOBOX 'unit_w_div';
2018-01-19 19:16:09 EXEC SPC_COM_GET_COMBOBOX 'unit_q_div';
2018-01-19 19:16:16 EXEC SPC_004_PI_ORDER_CONFIRM_FND1 '','','','','1','10';
2018-01-19 19:16:19 EXEC SPC_COM_GET_COMBOBOX 'port_city_div';
2018-01-19 19:16:19 EXEC SPC_COM_GET_COMBOBOX 'port_country_div';
2018-01-19 19:16:19 EXEC SPC_COM_GET_COMBOBOX 'currency_div';
2018-01-19 19:16:19 EXEC SPC_COM_GET_COMBOBOX 'trade_terms_div';
2018-01-19 19:16:19 EXEC SPC_COM_GET_COMBOBOX 'payment_conditions_div';
2018-01-19 19:16:19 EXEC SPC_COM_GET_COMBOBOX 'shipment_div';
2018-01-19 19:16:20 EXEC SPC_COM_GET_COMBOBOX 'unit_q_div';
2018-01-19 19:16:20 EXEC SPC_COM_GET_COMBOBOX 'unit_w_div';
2018-01-19 19:16:20 EXEC SPC_COM_GET_COMBOBOX 'unit_m_div';
2018-01-19 19:16:20 EXEC SPC_COM_GET_COMBOBOX 'sales_detail_div';
2018-01-19 19:16:20 EXEC SPC_COM_GET_COMBOBOX 'bank_div';
2018-01-19 19:16:20 EXEC SPC_GET_TAX_RATE '2018/01/19';
2018-01-19 19:16:20 EXEC SPC_001_PI_DETAIL_INQ1 'RT-131001001';
2018-01-19 19:16:21 EXEC SPC_COM_GET_COMBOBOX 'sales_detail_div';
2018-01-19 19:16:21 EXEC SPC_COM_GET_COMBOBOX 'unit_q_div';
2018-01-19 19:16:21 EXEC SPC_COM_GET_COMBOBOX 'unit_m_div';
2018-01-19 19:16:21 EXEC SPC_COM_GET_COMBOBOX 'unit_w_div';
2018-01-19 19:16:21 EXEC SPC_GET_TAX_RATE '2013/10/01';
2018-01-19 19:16:41 EXEC SPC_GET_CONSTANT '';
2018-01-19 19:17:55 EXEC SPC_GET_CONSTANT '';
2018-01-19 19:20:05 EXEC SPC_GET_CONSTANT '';
2018-01-19 19:24:10 EXEC SPC_GET_CONSTANT '';
2018-01-19 19:25:36 EXEC SPC_GET_CONSTANT '';
2018-01-19 19:27:59 EXEC SPC_GET_CONSTANT '';
2018-01-19 19:37:09 EXEC SPC_GET_CONSTANT '';
