2018-03-05 10:30:19 EXEC SPC_COM_GET_COMBOBOX 'port_city_div';
2018-03-05 10:30:19 EXEC SPC_COM_GET_COMBOBOX 'payment_conditions_div';
2018-03-05 10:30:19 EXEC SPC_COM_GET_COMBOBOX 'shipment_div';
2018-03-05 10:30:19 EXEC SPC_COM_GET_COMBOBOX 'currency_div';
';
2018-03-05 10:30:19 EXEC SPC_COM_GET_COMBOBOX 'trade_terms_div';
2018-03-05 10:30:20 EXEC SPC_COM_GET_COMBOBOX 'bank_div';
2018-03-05 10:33:58 EXEC SPC_073_LOGIN_ACT1 '001','123456';
2018-03-05 10:33:58 EXEC SPC_GET_CONSTANT '';
2018-03-05 10:37:13 EXEC SPC_COM_GET_COMBOBOX 'forwarding_way_div';
2018-03-05 10:37:14 EXEC SPC_COM_GET_COMBOBOX 'forwarder_div';
2018-03-05 10:37:14 EXEC SPC_COM_GET_COMBOBOX 'forwarding_warehouse_div';
2018-03-05 10:37:14 EXEC SPC_COM_GET_COMBOBOX 'packing_method_div';
2018-03-05 10:37:14 EXEC SPC_COM_GET_COMBOBOX 'forwarding_div';
2018-03-05 11:11:29 EXEC SPC_COM_GET_COMBOBOX 'production_status_div';
2018-03-05 11:11:30 EXEC SPC_COM_GET_COMBOBOX 'serial_forward_div';
2018-03-05 11:13:10 EXEC SPC_COM_GET_COMBOBOX 'production_status_div';
2018-03-05 11:13:10 EXEC SPC_COM_GET_COMBOBOX 'serial_forward_div';
2018-03-05 11:13:31 EXEC SPC_COM_GET_COMBOBOX 'production_status_div';
2018-03-05 11:13:31 EXEC SPC_COM_GET_COMBOBOX 'serial_forward_div';
2018-03-05 11:13:38 EXEC SPC_COM_GET_COMBOBOX 'production_status_div';
2018-03-05 11:13:38 EXEC SPC_COM_GET_COMBOBOX 'serial_forward_div';
2018-03-05 11:14:00 EXEC SPC_COM_GET_COMBOBOX 'production_status_div';
2018-03-05 11:14:32 EXEC SPC_COM_GET_COMBOBOX 'forwarding_div';
2018-03-05 11:14:32 EXEC SPC_COM_GET_COMBOBOX 'forwarding_way_div';
2018-03-05 11:14:33 EXEC SPC_COM_GET_COMBOBOX 'forwarder_div';
2018-03-05 11:14:33 EXEC SPC_COM_GET_COMBOBOX 'packing_method_div';
2018-03-05 11:14:33 EXEC SPC_COM_GET_COMBOBOX 'forwarding_warehouse_div';
2018-03-05 11:14:34 EXEC SPC_COM_GET_COMBOBOX 'production_status_div';
2018-03-05 11:14:35 EXEC SPC_COM_GET_COMBOBOX 'serial_forward_div';
2018-03-05 11:15:39 EXEC SPC_COM_GET_COMBOBOX 'production_status_div';
2018-03-05 11:15:39 EXEC SPC_COM_GET_COMBOBOX 'serial_forward_div';
2018-03-05 11:21:02 EXEC SPC_COM_GET_COMBOBOX 'production_status_div';
2018-03-05 11:21:03 EXEC SPC_COM_GET_COMBOBOX 'serial_forward_div';
2018-03-05 11:21:09 EXEC SPC_COM_GET_COMBOBOX 'serial_forward_div';
2018-03-05 11:21:09 EXEC SPC_COM_GET_COMBOBOX 'production_status_div';
2018-03-05 11:21:17 EXEC SPC_COM_GET_COMBOBOX 'serial_forward_div';
2018-03-05 11:21:17 EXEC SPC_COM_GET_COMBOBOX 'production_status_div';
2018-03-05 11:21:46 EXEC SPC_COM_GET_COMBOBOX 'serial_forward_div';
2018-03-05 11:21:46 EXEC SPC_COM_GET_COMBOBOX 'production_status_div';
2018-03-05 11:25:52 EXEC SPC_COM_GET_COMBOBOX 'forwarding_div';
2018-03-05 11:25:52 EXEC SPC_COM_GET_COMBOBOX 'forwarding_way_div';
2018-03-05 11:25:54 EXEC SPC_COM_GET_COMBOBOX 'packing_method_div';
2018-03-05 11:25:54 EXEC SPC_COM_GET_COMBOBOX 'forwarding_warehouse_div';
2018-03-05 11:25:54 EXEC SPC_COM_GET_COMBOBOX 'forwarder_div';
2018-03-05 11:25:57 EXEC SPC_COM_GET_COMBOBOX 'serial_forward_div';
2018-03-05 11:25:57 EXEC SPC_COM_GET_COMBOBOX 'production_status_div';
2018-03-05 11:26:32 EXEC SPC_COM_GET_COMBOBOX 'forwarding_div';
2018-03-05 11:26:32 EXEC SPC_COM_GET_COMBOBOX 'forwarding_warehouse_div';
2018-03-05 11:26:32 EXEC SPC_COM_GET_COMBOBOX 'packing_method_div';
2018-03-05 11:26:32 EXEC SPC_COM_GET_COMBOBOX 'forwarding_way_div';
2018-03-05 11:26:50 EXEC SPC_COM_GET_COMBOBOX 'production_status_div';
2018-03-05 11:26:50 EXEC SPC_COM_GET_COMBOBOX 'serial_forward_div';
2018-03-05 11:28:19 EXEC SPC_COM_GET_COMBOBOX 'forwarding_way_div';
2018-03-05 11:28:19 EXEC SPC_COM_GET_COMBOBOX 'forwarder_div';
2018-03-05 11:28:19 EXEC SPC_COM_GET_COMBOBOX 'forwarding_div';
2018-03-05 11:28:19 EXEC SPC_COM_GET_COMBOBOX 'forwarding_warehouse_div';
2018-03-05 11:28:19 EXEC SPC_COM_GET_COMBOBOX 'packing_method_div';
2018-03-05 11:28:24 EXEC SPC_COM_GET_COMBOBOX 'serial_forward_div';
2018-03-05 11:28:24 EXEC SPC_COM_GET_COMBOBOX 'production_status_div';
2018-03-05 11:28:41 EXEC SPC_COM_GET_COMBOBOX 'forwarder_div';
2018-03-05 11:28:41 EXEC SPC_COM_GET_COMBOBOX 'packing_method_div';
2018-03-05 11:28:41 EXEC SPC_COM_GET_COMBOBOX 'forwarding_warehouse_div';
2018-03-05 11:28:41 EXEC SPC_COM_GET_COMBOBOX 'forwarding_way_div';
2018-03-05 11:28:41 EXEC SPC_COM_GET_COMBOBOX 'forwarding_div';
2018-03-05 11:28:43 EXEC SPC_COM_GET_COMBOBOX 'serial_forward_div';
2018-03-05 11:28:43 EXEC SPC_COM_GET_COMBOBOX 'production_status_div';
2018-03-05 11:28:52 EXEC SPC_COM_GET_COMBOBOX 'production_status_div';
2018-03-05 11:28:52 EXEC SPC_COM_GET_COMBOBOX 'serial_forward_div';
2018-03-05 11:28:57 EXEC SPC_COM_GET_COMBOBOX 'forwarder_div';
2018-03-05 11:28:57 EXEC SPC_COM_GET_COMBOBOX 'forwarding_warehouse_div';
2018-03-05 11:28:57 EXEC SPC_COM_GET_COMBOBOX 'packing_method_div';
2018-03-05 11:28:57 EXEC SPC_COM_GET_COMBOBOX 'forwarding_way_div';
2018-03-05 11:28:57 EXEC SPC_COM_GET_COMBOBOX 'forwarding_div';
2018-03-05 11:29:17 EXEC SPC_COM_GET_COMBOBOX 'serial_forward_div';
;
2018-03-05 11:29:22 EXEC SPC_COM_GET_COMBOBOX 'serial_forward_div';
2018-03-05 11:29:22 EXEC SPC_COM_GET_COMBOBOX 'production_status_div';
2018-03-05 11:31:03 EXEC SPC_COM_GET_COMBOBOX 'production_status_div';
2018-03-05 11:31:03 EXEC SPC_COM_GET_COMBOBOX 'serial_forward_div';
2018-03-05 11:34:50 EXEC SPC_COM_GET_COMBOBOX 'rcv_status_div';
2018-03-05 11:34:51 EXEC SPC_006_ACCEPT_SEARCH_FND1 '','','','','','1','10';
2018-03-05 11:35:10 EXEC SPC_COM_GET_COMBOBOX 'production_status_div';
2018-03-05 11:35:10 EXEC SPC_COM_GET_COMBOBOX 'serial_forward_div';
2018-03-05 11:41:41 EXEC SPC_COM_GET_COMBOBOX 'in_out_div';
2018-03-05 11:41:41 EXEC SPC_COM_GET_COMBOBOX 'in_out_data_div';
2018-03-05 11:41:45 EXEC SPC_COMPONENT_PRODUCT_FND '','','','','1','10';
2018-03-05 11:56:04 EXEC SPC_COM_GET_COMBOBOX 'production_status_div';
2018-03-05 11:56:04 EXEC SPC_COM_GET_COMBOBOX 'serial_forward_div';
2018-03-05 13:47:20 EXEC SPC_COM_GET_COMBOBOX 'forwarding_div';
2018-03-05 13:47:21 EXEC SPC_COM_GET_COMBOBOX 'forwarding_warehouse_div';
2018-03-05 13:47:21 EXEC SPC_COM_GET_COMBOBOX 'packing_method_div';
2018-03-05 13:47:21 EXEC SPC_COM_GET_COMBOBOX 'forwarding_way_div';
2018-03-05 13:47:21 EXEC SPC_COM_GET_COMBOBOX 'forwarder_div';
2018-03-05 15:14:56 EXEC SPC_COM_GET_COMBOBOX 'production_status_div';
2018-03-05 15:14:56 EXEC SPC_COM_GET_COMBOBOX 'serial_forward_div';
2018-03-05 15:24:20 EXEC SPC_COM_GET_COMBOBOX 'production_status_div';
2018-03-05 15:24:20 EXEC SPC_COM_GET_COMBOBOX 'serial_forward_div';
2018-03-05 15:51:40 EXEC SPC_COM_GET_COMBOBOX 'production_status_div';
2018-03-05 15:51:41 EXEC SPC_COM_GET_COMBOBOX 'serial_forward_div';
2018-03-05 15:51:55 EXEC SPC_COM_GET_COMBOBOX 'forwarding_div';
2018-03-05 15:51:55 EXEC SPC_COM_GET_COMBOBOX 'forwarding_way_div';
2018-03-05 15:51:56 EXEC SPC_COM_GET_COMBOBOX 'forwarder_div';
2018-03-05 15:51:56 EXEC SPC_COM_GET_COMBOBOX 'packing_method_div';
2018-03-05 15:51:56 EXEC SPC_COM_GET_COMBOBOX 'forwarding_warehouse_div';
2018-03-05 15:52:01 EXEC SPC_COM_GET_COMBOBOX 'serial_forward_div';
2018-03-05 15:52:01 EXEC SPC_COM_GET_COMBOBOX 'production_status_div';
2018-03-05 15:53:15 EXEC SPC_COM_GET_COMBOBOX 'forwarding_div';
2018-03-05 15:53:15 EXEC SPC_COM_GET_COMBOBOX 'packing_method_div';
2018-03-05 15:53:15 EXEC SPC_COM_GET_COMBOBOX 'forwarding_way_div';
2018-03-05 15:53:15 EXEC SPC_COM_GET_COMBOBOX 'forwarding_warehouse_div';
2018-03-05 15:53:15 EXEC SPC_COM_GET_COMBOBOX 'forwarder_div';
2018-03-05 15:53:20 EXEC SPC_COM_GET_COMBOBOX 'serial_forward_div';
;
2018-03-05 15:54:14 EXEC SPC_COM_GET_COMBOBOX 'forwarding_way_div';
2018-03-05 15:54:14 EXEC SPC_COM_GET_COMBOBOX 'forwarding_div';
2018-03-05 15:54:14 EXEC SPC_COM_GET_COMBOBOX 'packing_method_div';
2018-03-05 15:54:14 EXEC SPC_COM_GET_COMBOBOX 'forwarder_div';
2018-03-05 15:54:14 EXEC SPC_COM_GET_COMBOBOX 'forwarding_warehouse_div';
2018-03-05 15:54:16 EXEC SPC_COM_GET_COMBOBOX 'production_status_div';
2018-03-05 15:54:16 EXEC SPC_COM_GET_COMBOBOX 'serial_forward_div';
2018-03-05 15:54:44 EXEC SPC_COM_GET_COMBOBOX 'shipment_div';
2018-03-05 15:54:45 EXEC SPC_COM_GET_COMBOBOX 'currency_div';
2018-03-05 15:54:45 EXEC SPC_COM_GET_COMBOBOX 'port_country_div';
2018-03-05 15:54:45 EXEC SPC_COM_GET_COMBOBOX 'port_city_div';
2018-03-05 15:54:45 EXEC SPC_COM_GET_COMBOBOX 'payment_conditions_div';
2018-03-05 15:54:45 EXEC SPC_COM_GET_COMBOBOX 'unit_q_div';
2018-03-05 15:54:45 EXEC SPC_COM_GET_COMBOBOX 'unit_m_div';
2018-03-05 15:54:45 EXEC SPC_COM_GET_COMBOBOX 'unit_w_div';
2018-03-05 15:54:45 EXEC SPC_COM_GET_COMBOBOX 'sales_detail_div';
2018-03-05 15:54:45 EXEC SPC_COM_GET_COMBOBOX 'bank_div';
2018-03-05 15:54:46 EXEC SPC_001_PI_DETAIL_INQ1 'RT-131011004';
2018-03-05 15:54:46 EXEC SPC_GET_TAX_RATE '2018/03/05';
2018-03-05 15:54:46 EXEC SPC_COM_GET_COMBOBOX 'unit_w_div';
2018-03-05 15:54:46 EXEC SPC_COM_GET_COMBOBOX 'unit_q_div';
2018-03-05 15:54:46 EXEC SPC_GET_TAX_RATE '2013/10/11';
2018-03-05 15:54:46 EXEC SPC_COM_GET_COMBOBOX 'unit_m_div';
2018-03-05 15:54:47 EXEC SPC_COM_GET_COMBOBOX 'sales_detail_div';
2018-03-05 15:54:47 EXEC SPC_COM_GET_COMBOBOX 'trade_terms_div';
2018-03-05 15:54:51 EXEC SPC_COM_GET_COMBOBOX 'port_city_div';
2018-03-05 15:54:51 EXEC SPC_COM_GET_COMBOBOX 'port_country_div';
2018-03-05 15:54:51 EXEC SPC_COM_GET_COMBOBOX 'shipment_div';
2018-03-05 15:54:51 EXEC SPC_COM_GET_COMBOBOX 'trade_terms_div';
2018-03-05 15:54:51 EXEC SPC_COM_GET_COMBOBOX 'payment_conditions_div';
2018-03-05 15:54:51 EXEC SPC_COM_GET_COMBOBOX 'currency_div';
2018-03-05 15:54:52 EXEC SPC_COM_GET_COMBOBOX 'unit_q_div';
2018-03-05 15:54:52 EXEC SPC_COM_GET_COMBOBOX 'unit_w_div';
2018-03-05 15:54:52 EXEC SPC_COM_GET_COMBOBOX 'unit_m_div';
2018-03-05 15:54:52 EXEC SPC_COM_GET_COMBOBOX 'sales_detail_div';
2018-03-05 15:54:52 EXEC SPC_COM_GET_COMBOBOX 'bank_div';
2018-03-05 15:54:52 EXEC SPC_GET_TAX_RATE '2018/03/05';
2018-03-05 15:58:16 EXEC SPC_COM_GET_COMBOBOX 'port_country_div';
2018-03-05 15:58:16 EXEC SPC_COM_GET_COMBOBOX 'currency_div';
2018-03-05 15:58:16 EXEC SPC_COM_GET_COMBOBOX 'trade_terms_div';
2018-03-05 15:58:16 EXEC SPC_COM_GET_COMBOBOX 'payment_conditions_div';
2018-03-05 15:58:16 EXEC SPC_COM_GET_COMBOBOX 'shipment_div';
2018-03-05 15:58:16 EXEC SPC_COM_GET_COMBOBOX 'port_city_div';
2018-03-05 15:58:17 EXEC SPC_COM_GET_COMBOBOX 'sales_detail_div';
2018-03-05 15:58:17 EXEC SPC_COM_GET_COMBOBOX 'unit_q_div';
2018-03-05 15:58:17 EXEC SPC_COM_GET_COMBOBOX 'bank_div';
2018-03-05 15:58:17 EXEC SPC_COM_GET_COMBOBOX 'unit_w_div';
2018-03-05 15:58:17 EXEC SPC_COM_GET_COMBOBOX 'unit_m_div';
2018-03-05 15:58:17 EXEC SPC_GET_TAX_RATE '2018/03/05';
2018-03-05 16:07:51 EXEC SPC_073_LOGIN_ACT1 '','';
2018-03-05 16:09:06 EXEC SPC_073_LOGIN_ACT1 '','';
2018-03-05 16:09:14 EXEC SPC_073_LOGIN_ACT1 '001','123456';
2018-03-05 16:09:14 EXEC SPC_GET_CONSTANT '';
2018-03-05 16:09:36 EXEC SPC_073_LOGIN_ACT1 '','';
2018-03-05 16:10:29 EXEC SPC_073_LOGIN_ACT1 '001','123456';
2018-03-05 16:10:29 EXEC SPC_GET_CONSTANT '';
2018-03-05 16:13:22 EXEC SPC_073_LOGIN_ACT1 '','';
2018-03-05 16:13:57 EXEC SPC_073_LOGIN_ACT1 '001','123456';
2018-03-05 16:13:57 EXEC SPC_GET_CONSTANT '';
2018-03-05 16:15:01 EXEC SPC_COM_GET_COMBOBOX 'forwarding_div';
2018-03-05 16:15:02 EXEC SPC_COM_GET_COMBOBOX 'packing_method_div';
2018-03-05 16:15:02 EXEC SPC_COM_GET_COMBOBOX 'forwarder_div';
2018-03-05 16:15:02 EXEC SPC_COM_GET_COMBOBOX 'forwarding_warehouse_div';
2018-03-05 16:15:03 EXEC SPC_COM_GET_COMBOBOX 'forwarding_way_div';
2018-03-05 16:16:13 EXEC SPC_COM_GET_COMBOBOX 'serial_forward_div';
2018-03-05 16:16:13 EXEC SPC_COM_GET_COMBOBOX 'production_status_div';
2018-03-05 16:21:33 EXEC SPC_COM_GET_COMBOBOX 'forwarding_div';
2018-03-05 16:21:33 EXEC SPC_COM_GET_COMBOBOX 'forwarding_warehouse_div';
2018-03-05 16:21:34 EXEC SPC_COM_GET_COMBOBOX 'forwarding_way_div';
2018-03-05 16:21:34 EXEC SPC_COM_GET_COMBOBOX 'forwarder_div';
2018-03-05 16:21:34 EXEC SPC_COM_GET_COMBOBOX 'packing_method_div';
2018-03-05 16:21:35 EXEC SPC_COM_GET_COMBOBOX 'serial_forward_div';
2018-03-05 16:21:35 EXEC SPC_COM_GET_COMBOBOX 'production_status_div';
2018-03-05 16:26:49 EXEC SPC_COM_GET_COMBOBOX 'production_status_div';
2018-03-05 16:26:49 EXEC SPC_COM_GET_COMBOBOX 'serial_forward_div';
2018-03-05 16:27:03 EXEC SPC_COM_GET_COMBOBOX 'serial_forward_div';
2018-03-05 16:27:03 EXEC SPC_COM_GET_COMBOBOX 'production_status_div';
2018-03-05 16:27:27 EXEC SPC_COM_GET_COMBOBOX 'serial_forward_div';
;
2018-03-05 16:40:46 EXEC SPC_COM_GET_COMBOBOX 'forwarding_div';
2018-03-05 16:40:47 EXEC SPC_COM_GET_COMBOBOX 'forwarding_way_div';
2018-03-05 16:40:47 EXEC SPC_COM_GET_COMBOBOX 'forwarding_warehouse_div';
2018-03-05 16:40:47 EXEC SPC_COM_GET_COMBOBOX 'forwarder_div';
2018-03-05 16:40:47 EXEC SPC_COM_GET_COMBOBOX 'packing_method_div';
2018-03-05 16:41:12 EXEC SPC_COM_GET_COMBOBOX 'forwarding_warehouse_div';
2018-03-05 16:41:12 EXEC SPC_COM_GET_COMBOBOX 'forwarder_div';
2018-03-05 16:41:12 EXEC SPC_COM_GET_COMBOBOX 'packing_method_div';
2018-03-05 16:41:12 EXEC SPC_COM_GET_COMBOBOX 'forwarding_div';
2018-03-05 16:41:12 EXEC SPC_COM_GET_COMBOBOX 'forwarding_way_div';
2018-03-05 16:41:14 EXEC SPC_COM_GET_COMBOBOX 'rcv_status_div';
2018-03-05 16:41:16 EXEC SPC_006_ACCEPT_SEARCH_FND1 '','','','','','1','10';
2018-03-05 16:41:25 EXEC SPC_COM_GET_COMBOBOX 'forwarding_way_div';
2018-03-05 16:41:25 EXEC SPC_COM_GET_COMBOBOX 'forwarding_div';
2018-03-05 16:41:25 EXEC SPC_COM_GET_COMBOBOX 'forwarder_div';
2018-03-05 16:41:26 EXEC SPC_COM_GET_COMBOBOX 'packing_method_div';
2018-03-05 16:41:26 EXEC SPC_COM_GET_COMBOBOX 'forwarding_warehouse_div';
2018-03-05 16:41:29 EXEC SPC_COM_GET_COMBOBOX 'rcv_status_div';
2018-03-05 16:41:30 EXEC SPC_006_ACCEPT_SEARCH_FND1 '','','','','','1','10';
2018-03-05 16:41:33 EXEC SPC_007_PROVISIONAL_SHIPMENT_DETAIL_INQ1 'J-18010014';
2018-03-05 16:41:49 EXEC SPC_COM_GET_COMBOBOX 'packing_method_div';
2018-03-05 16:41:49 EXEC SPC_COM_GET_COMBOBOX 'forwarding_way_div';
2018-03-05 16:41:49 EXEC SPC_COM_GET_COMBOBOX 'forwarding_div';
2018-03-05 16:41:49 EXEC SPC_COM_GET_COMBOBOX 'forwarder_div';
2018-03-05 16:41:49 EXEC SPC_COM_GET_COMBOBOX 'forwarding_warehouse_div';
2018-03-05 16:41:52 EXEC SPC_COM_GET_COMBOBOX 'pi_status_div';
2018-03-05 16:41:53 EXEC SPC_002_PI_SEARCH_FND1 '','','','','','','','','1','10';
2018-03-05 16:41:56 EXEC SPC_007_PROVISIONAL_SHIPMENT_DETAIL_INQ2 'RT-130829002';
2018-03-05 16:42:06 EXEC SPC_007_PROVISIONAL_SHIPMENT_DETAIL_INQ1 'J-18010093';
2018-03-05 16:42:09 EXEC SPC_007_PROVISIONAL_SHIPMENT_DETAIL_INQ1 'J-18010094';
2018-03-05 16:42:17 EXEC SPC_007_PROVISIONAL_SHIPMENT_DETAIL_INQ1 'J-18010095';
2018-03-05 16:42:21 EXEC SPC_007_PROVISIONAL_SHIPMENT_DETAIL_INQ1 'J-18010097';
2018-03-05 16:42:25 EXEC SPC_007_PROVISIONAL_SHIPMENT_DETAIL_INQ1 'J-18010093';
2018-03-05 16:42:27 EXEC SPC_COM_GET_COMBOBOX 'pi_status_div';
2018-03-05 16:42:28 EXEC SPC_002_PI_SEARCH_FND1 '','','','','','','','','1','10';
2018-03-05 16:42:30 EXEC SPC_007_PROVISIONAL_SHIPMENT_DETAIL_INQ2 'RT-130829001';
2018-03-05 16:42:34 EXEC SPC_COM_GET_COMBOBOX 'packing_method_div';
2018-03-05 16:42:34 EXEC SPC_COM_GET_COMBOBOX 'forwarding_warehouse_div';
2018-03-05 16:42:34 EXEC SPC_COM_GET_COMBOBOX 'forwarding_div';
2018-03-05 16:42:34 EXEC SPC_COM_GET_COMBOBOX 'forwarder_div';
2018-03-05 16:42:34 EXEC SPC_COM_GET_COMBOBOX 'forwarding_way_div';
2018-03-05 16:42:37 EXEC SPC_COM_GET_COMBOBOX 'pi_status_div';
2018-03-05 16:42:39 EXEC SPC_002_PI_SEARCH_FND1 '','','','','','','','','1','10';
2018-03-05 16:42:41 EXEC SPC_007_PROVISIONAL_SHIPMENT_DETAIL_INQ2 'RT-131001001';
2018-03-05 16:42:46 EXEC SPC_COM_GET_COMBOBOX 'pi_status_div';
2018-03-05 16:42:47 EXEC SPC_002_PI_SEARCH_FND1 '','','','','','','','','1','10';
2018-03-05 16:42:53 EXEC SPC_007_PROVISIONAL_SHIPMENT_DETAIL_INQ2 'RT-130829002';
2018-03-05 16:43:01 EXEC SPC_COM_GET_COMBOBOX 'rcv_status_div';
2018-03-05 16:43:02 EXEC SPC_006_ACCEPT_SEARCH_FND1 '','','','','','1','10';
2018-03-05 16:43:05 EXEC SPC_007_PROVISIONAL_SHIPMENT_DETAIL_INQ1 'J-18010010';
2018-03-05 16:43:09 EXEC SPC_COM_GET_COMBOBOX 'rcv_status_div';
2018-03-05 16:43:11 EXEC SPC_006_ACCEPT_SEARCH_FND1 '','','','','','1','10';
2018-03-05 16:43:13 EXEC SPC_007_PROVISIONAL_SHIPMENT_DETAIL_INQ1 'J-18010004';
2018-03-05 16:45:14 EXEC SPC_COM_GET_COMBOBOX 'forwarding_div';
2018-03-05 16:45:14 EXEC SPC_COM_GET_COMBOBOX 'forwarding_way_div';
2018-03-05 16:45:14 EXEC SPC_COM_GET_COMBOBOX 'packing_method_div';
2018-03-05 16:45:14 EXEC SPC_COM_GET_COMBOBOX 'forwarding_warehouse_div';
2018-03-05 16:45:14 EXEC SPC_COM_GET_COMBOBOX 'forwarder_div';
2018-03-05 16:45:40 EXEC SPC_COM_GET_COMBOBOX 'packing_method_div';
2018-03-05 16:45:40 EXEC SPC_COM_GET_COMBOBOX 'forwarding_warehouse_div';
2018-03-05 16:45:40 EXEC SPC_COM_GET_COMBOBOX 'forwarding_div';
2018-03-05 16:45:40 EXEC SPC_COM_GET_COMBOBOX 'forwarder_div';
2018-03-05 16:45:40 EXEC SPC_COM_GET_COMBOBOX 'forwarding_way_div';
2018-03-05 19:14:04 EXEC SPC_COM_GET_COMBOBOX 'production_status_div';
2018-03-05 19:14:04 EXEC SPC_COM_GET_COMBOBOX 'serial_forward_div';
2018-03-05 19:29:00 EXEC SPC_COM_GET_COMBOBOX 'production_status_div';
2018-03-05 19:46:39 EXEC SPC_COM_GET_COMBOBOX 'forwarding_way_div';
2018-03-05 19:46:39 EXEC SPC_COM_GET_COMBOBOX 'forwarder_div';
2018-03-05 19:46:39 EXEC SPC_COM_GET_COMBOBOX 'forwarding_warehouse_div';
2018-03-05 19:46:39 EXEC SPC_COM_GET_COMBOBOX 'forwarding_div';
2018-03-05 19:46:39 EXEC SPC_COM_GET_COMBOBOX 'packing_method_div';
2018-03-05 19:46:42 EXEC SPC_COM_GET_COMBOBOX 'serial_forward_div';
2018-03-05 19:46:42 EXEC SPC_COM_GET_COMBOBOX 'production_status_div';
