2018-01-09 10:36:02 EXEC SPC_004_PI_ORDER_CONFIRM_FND1 '','','','','1','10';
2018-01-09 10:42:49 EXEC SPC_073_LOGIN_ACT1 '812','812';
2018-01-09 10:42:49 EXEC SPC_GET_CONSTANT '';
2018-01-09 10:43:49 EXEC SPC_004_PI_ORDER_CONFIRM_FND1 '','','','','1','10';
2018-01-09 10:44:28 EXEC SPC_004_PI_ORDER_CONFIRM_FND1 '','','','','1','10';
2018-01-09 10:45:10 EXEC SPC_004_PI_ORDER_CONFIRM_FND1 '','','','','2','10';
2018-01-09 10:45:16 EXEC SPC_004_PI_ORDER_CONFIRM_FND1 '','','','','3','10';
2018-01-09 10:51:03 EXEC SPC_004_PI_ORDER_CONFIRM_ACT1 '[{"pi_no":"RT-171229010"},{"pi_no":"RT-171229011"},{"pi_no":"RT-180103014"},{"pi_no":"RT-180103032"}]','812','004_pi-order-confirm','192.168.5.206';
2018-01-09 10:51:07 EXEC SPC_004_PI_ORDER_CONFIRM_FND1 '','','','','1','10';
2018-01-09 11:01:24 EXEC SPC_004_PI_ORDER_CONFIRM_FND1 '','','','','1','10';
2018-01-09 11:02:33 EXEC SPC_004_PI_ORDER_CONFIRM_FND1 '','','','','1','10';
2018-01-09 11:02:55 EXEC SPC_004_PI_ORDER_CONFIRM_FND1 '','','',' RT-13100400','1','10';
2018-01-09 11:03:14 EXEC SPC_004_PI_ORDER_CONFIRM_FND1 '','','','RT-13100400','1','10';
2018-01-09 11:05:05 EXEC SPC_004_PI_ORDER_CONFIRM_FND1 '2018/01/02','2018/01/27','Ducray','RT-13100400','1','10';
2018-01-09 11:05:21 EXEC SPC_004_PI_ORDER_CONFIRM_FND1 '2018/01/02','2018/01/27','Ducray','RT-13100400','1','10';
2018-01-09 11:06:24 EXEC SPC_004_PI_ORDER_CONFIRM_FND1 '2018/01/02','2018/01/27','','RT-','1','10';
2018-01-09 11:06:29 EXEC SPC_004_PI_ORDER_CONFIRM_FND1 '2018/01/02','2018/01/27','','RT-','1','10';
2018-01-09 11:06:35 EXEC SPC_004_PI_ORDER_CONFIRM_FND1 '2008/01/01','2018/01/27','','RT-','1','10';
2018-01-09 11:06:46 EXEC SPC_004_PI_ORDER_CONFIRM_FND1 '2008/01/01','2018/01/27','','RT-fgsfd','1','10';
2018-01-09 11:07:00 EXEC SPC_004_PI_ORDER_CONFIRM_FND1 '2008/01/01','2018/01/27','','RT-','1','10';
2018-01-09 11:09:35 EXEC SPC_004_PI_ORDER_CONFIRM_ACT1 '[{"pi_no":"RT-131004001"}]','812','004_pi-order-confirm','192.168.5.206';
2018-01-09 11:09:45 EXEC SPC_004_PI_ORDER_CONFIRM_FND1 '2008/01/01','2018/01/27','','RT-','1','10';
2018-01-09 11:21:05 EXEC SPC_004_PI_ORDER_CONFIRM_ACT1 '[{"pi_no":"RT-131008001"},{"pi_no":"RT-131009001"},{"pi_no":"RT-131011001"},{"pi_no":"RT-131011003"}]','812','004_pi-order-confirm','192.168.5.206';
2018-01-09 11:21:26 EXEC SPC_004_PI_ORDER_CONFIRM_FND1 '2008/01/01','2018/01/27','','RT-','1','10';
2018-01-09 11:30:37 EXEC SPC_COM_GET_COMBOBOX 'port_country_div';
2018-01-09 11:30:37 EXEC SPC_COM_GET_COMBOBOX 'trade_terms_div';
2018-01-09 11:30:37 EXEC SPC_COM_GET_COMBOBOX 'payment_conditions_div';
2018-01-09 11:30:38 EXEC SPC_COM_GET_COMBOBOX 'shipment_div';
2018-01-09 11:30:38 EXEC SPC_COM_GET_COMBOBOX 'port_city_div';
2018-01-09 11:30:38 EXEC SPC_COM_GET_COMBOBOX 'currency_div';
2018-01-09 11:30:38 EXEC SPC_COM_GET_COMBOBOX 'unit_q_div';
2018-01-09 11:30:38 EXEC SPC_COM_GET_COMBOBOX 'unit_m_div';
2018-01-09 11:30:38 EXEC SPC_COM_GET_COMBOBOX 'sales_detail_div';
2018-01-09 11:30:38 EXEC SPC_COM_GET_COMBOBOX 'bank_div';
2018-01-09 11:30:39 EXEC SPC_COM_GET_COMBOBOX 'unit_w_div';
2018-01-09 11:30:39 EXEC SPC_001_PI_DETAIL_INQ1 'RT-131011004';
2018-01-09 11:30:39 EXEC SPC_GET_TAX_RATE '2018/01/09';
2018-01-09 11:30:40 EXEC SPC_GET_TAX_RATE '2013/10/11';
2018-01-09 11:30:40 EXEC SPC_COM_GET_COMBOBOX 'unit_w_div';
2018-01-09 11:30:40 EXEC SPC_COM_GET_COMBOBOX 'unit_m_div';
iv';
2018-01-09 11:30:40 EXEC SPC_COM_GET_COMBOBOX 'unit_q_div';
2018-01-09 11:33:18 EXEC SPC_004_PI_ORDER_CONFIRM_FND1 '2008/01/01','2018/01/27','','RT-','1','10';
2018-01-09 12:18:38 EXEC SPC_073_LOGIN_ACT1 '812','812';
2018-01-09 12:18:38 EXEC SPC_GET_CONSTANT '';
2018-01-09 12:21:38 EXEC SPC_COM_GET_COMBOBOX 'payment_conditions_div';
2018-01-09 12:21:39 EXEC SPC_COM_GET_COMBOBOX 'payday_condition_div';
2018-01-09 12:21:39 EXEC SPC_COM_GET_COMBOBOX 'bank_div';
2018-01-09 12:21:40 EXEC SPC_COM_GET_COMBOBOX 'allocation_div';

2018-01-09 12:21:40 EXEC SPC_COM_GET_COMBOBOX 'paydate_condition_div';
2018-01-09 12:21:40 EXEC SPC_COM_GET_COMBOBOX 'exists_div';
2018-01-09 12:21:40 EXEC SPC_COM_GET_COMBOBOX 'currency_div';
2018-01-09 12:21:40 EXEC SPC_COM_GET_COMBOBOX 'payment_nums_div';
2018-01-09 12:21:41 EXEC SPC_COM_GET_COMBOBOX 'round_div';
2018-01-09 12:22:16 EXEC SPC_COM_GET_COMBOBOX 'port_city_div';
2018-01-09 12:22:16 EXEC SPC_COM_GET_COMBOBOX 'trade_terms_div';
2018-01-09 12:22:16 EXEC SPC_COM_GET_COMBOBOX 'shipment_div';
2018-01-09 12:22:16 EXEC SPC_COM_GET_COMBOBOX 'currency_div';
2018-01-09 12:22:16 EXEC SPC_COM_GET_COMBOBOX 'payment_conditions_div';
2018-01-09 12:22:16 EXEC SPC_COM_GET_COMBOBOX 'port_country_div';
2018-01-09 12:22:16 EXEC SPC_COM_GET_COMBOBOX 'unit_q_div';
2018-01-09 12:22:16 EXEC SPC_COM_GET_COMBOBOX 'sales_detail_div';
2018-01-09 12:22:16 EXEC SPC_COM_GET_COMBOBOX 'unit_w_div';
2018-01-09 12:22:16 EXEC SPC_COM_GET_COMBOBOX 'unit_m_div';
2018-01-09 12:22:16 EXEC SPC_COM_GET_COMBOBOX 'bank_div';
2018-01-09 12:22:18 EXEC SPC_GET_TAX_RATE '2018/01/09';
2018-01-09 12:27:25 EXEC SPC_COM_GET_COMBOBOX 'pi_status_div';
2018-01-09 12:28:21 EXEC SPC_002_PI_SEARCH_FND1 '','','','','','','','','1','10';
2018-01-09 12:28:39 EXEC SPC_002_PI_SEARCH_FND1 '','','','','','','','20','1','10';
2018-01-09 12:28:43 EXEC SPC_COM_GET_COMBOBOX 'port_country_div';
2018-01-09 12:28:43 EXEC SPC_COM_GET_COMBOBOX 'unit_q_div';
2018-01-09 12:28:44 EXEC SPC_COM_GET_COMBOBOX 'unit_w_div';
2018-01-09 12:28:44 EXEC SPC_COM_GET_COMBOBOX 'unit_m_div';
2018-01-09 12:28:45 EXEC SPC_COM_GET_COMBOBOX 'sales_detail_div';
2018-01-09 12:28:45 EXEC SPC_COM_GET_COMBOBOX 'bank_div';
2018-01-09 12:28:46 EXEC SPC_GET_TAX_RATE '2018/01/09';
2018-01-09 12:28:46 EXEC SPC_001_PI_DETAIL_INQ1 'RT-130829002';
2018-01-09 12:28:46 EXEC SPC_COM_GET_COMBOBOX 'payment_conditions_div';
2018-01-09 12:28:46 EXEC SPC_COM_GET_COMBOBOX 'currency_div';
2018-01-09 12:28:46 EXEC SPC_COM_GET_COMBOBOX 'shipment_div';
2018-01-09 12:28:46 EXEC SPC_COM_GET_COMBOBOX 'trade_terms_div';
2018-01-09 12:28:47 EXEC SPC_GET_TAX_RATE '2013/08/29';
2018-01-09 12:28:47 EXEC SPC_COM_GET_COMBOBOX 'sales_detail_div';
2018-01-09 12:28:47 EXEC SPC_COM_GET_COMBOBOX 'unit_w_div';
2018-01-09 12:28:47 EXEC SPC_COM_GET_COMBOBOX 'unit_m_div';
2018-01-09 12:28:47 EXEC SPC_COM_GET_COMBOBOX 'unit_q_div';
2018-01-09 12:28:48 EXEC SPC_COM_GET_COMBOBOX 'port_city_div';
2018-01-09 12:29:36 EXEC SPC_001_PI_DETAIL_INQ1 'RT-130829002';
2018-01-09 12:47:07 EXEC SPC_COM_GET_COMBOBOX 'port_country_div';
2018-01-09 12:47:08 EXEC SPC_COM_GET_COMBOBOX 'port_city_div';
2018-01-09 12:47:08 EXEC SPC_COM_GET_COMBOBOX 'trade_terms_div';
2018-01-09 12:47:08 EXEC SPC_COM_GET_COMBOBOX 'shipment_div';
2018-01-09 12:47:08 EXEC SPC_COM_GET_COMBOBOX 'unit_q_div';
2018-01-09 12:47:08 EXEC SPC_COM_GET_COMBOBOX 'currency_div';
2018-01-09 12:47:08 EXEC SPC_COM_GET_COMBOBOX 'payment_conditions_div';
2018-01-09 12:47:08 EXEC SPC_COM_GET_COMBOBOX 'sales_detail_div';
2018-01-09 12:47:09 EXEC SPC_COM_GET_COMBOBOX 'unit_w_div';
2018-01-09 12:47:09 EXEC SPC_COM_GET_COMBOBOX 'unit_m_div';
2018-01-09 12:47:09 EXEC SPC_COM_GET_COMBOBOX 'bank_div';
2018-01-09 12:47:09 EXEC SPC_001_PI_DETAIL_INQ1 'RT-130829002';
2018-01-09 12:47:09 EXEC SPC_GET_TAX_RATE '2018/01/09';
2018-01-09 12:47:09 EXEC SPC_COM_GET_COMBOBOX 'sales_detail_div';
2018-01-09 12:47:09 EXEC SPC_COM_GET_COMBOBOX 'unit_m_div';
2018-01-09 12:47:10 EXEC SPC_COM_GET_COMBOBOX 'unit_w_div';
2018-01-09 12:47:10 EXEC SPC_GET_TAX_RATE '2013/08/29';
2018-01-09 12:47:10 EXEC SPC_COM_GET_COMBOBOX 'unit_q_div';
2018-01-09 12:47:14 EXEC SPC_COM_GET_COMBOBOX 'currency_div';
2018-01-09 12:47:14 EXEC SPC_COM_GET_COMBOBOX 'port_city_div';
2018-01-09 12:47:14 EXEC SPC_COM_GET_COMBOBOX 'trade_terms_div';
2018-01-09 12:47:14 EXEC SPC_COM_GET_COMBOBOX 'shipment_div';
2018-01-09 12:47:14 EXEC SPC_COM_GET_COMBOBOX 'payment_conditions_div';
2018-01-09 12:47:14 EXEC SPC_COM_GET_COMBOBOX 'port_country_div';
2018-01-09 12:47:14 EXEC SPC_COM_GET_COMBOBOX 'unit_q_div';
2018-01-09 12:47:14 EXEC SPC_COM_GET_COMBOBOX 'sales_detail_div';
2018-01-09 12:47:14 EXEC SPC_COM_GET_COMBOBOX 'unit_w_div';
2018-01-09 12:47:14 EXEC SPC_COM_GET_COMBOBOX 'bank_div';
2018-01-09 12:47:15 EXEC SPC_GET_TAX_RATE '2018/01/09';
2018-01-09 12:47:15 EXEC SPC_COM_GET_COMBOBOX 'unit_m_div';
2018-01-09 12:47:29 EXEC SPC_COM_GET_COMBOBOX 'shipment_div';
2018-01-09 12:47:29 EXEC SPC_COM_GET_COMBOBOX 'currency_div';
2018-01-09 12:47:29 EXEC SPC_COM_GET_COMBOBOX 'trade_terms_div';
2018-01-09 12:47:29 EXEC SPC_COM_GET_COMBOBOX 'port_city_div';
2018-01-09 12:47:29 EXEC SPC_COM_GET_COMBOBOX 'port_country_div';
2018-01-09 12:47:29 EXEC SPC_COM_GET_COMBOBOX 'payment_conditions_div';
2018-01-09 12:47:30 EXEC SPC_COM_GET_COMBOBOX 'bank_div';
2018-01-09 12:47:30 EXEC SPC_COM_GET_COMBOBOX 'unit_w_div';
2018-01-09 12:47:30 EXEC SPC_COM_GET_COMBOBOX 'unit_q_div';
2018-01-09 12:47:30 EXEC SPC_GET_TAX_RATE '2018/01/09';
2018-01-09 12:47:30 EXEC SPC_COM_GET_COMBOBOX 'sales_detail_div';
2018-01-09 12:47:30 EXEC SPC_COM_GET_COMBOBOX 'unit_m_div';
2018-01-09 12:47:41 EXEC SPC_COM_GET_COMBOBOX 'shipment_div';
2018-01-09 12:47:41 EXEC SPC_COM_GET_COMBOBOX 'currency_div';
2018-01-09 12:47:41 EXEC SPC_COM_GET_COMBOBOX 'port_country_div';
2018-01-09 12:47:41 EXEC SPC_COM_GET_COMBOBOX 'payment_conditions_div';
2018-01-09 12:47:41 EXEC SPC_COM_GET_COMBOBOX 'trade_terms_div';
2018-01-09 12:47:41 EXEC SPC_COM_GET_COMBOBOX 'port_city_div';
2018-01-09 12:47:42 EXEC SPC_COM_GET_COMBOBOX 'unit_w_div';
2018-01-09 12:47:42 EXEC SPC_COM_GET_COMBOBOX 'bank_div';
2018-01-09 12:47:42 EXEC SPC_COM_GET_COMBOBOX 'unit_q_div';
2018-01-09 12:47:42 EXEC SPC_COM_GET_COMBOBOX 'unit_m_div';
2018-01-09 12:47:42 EXEC SPC_COM_GET_COMBOBOX 'sales_detail_div';
2018-01-09 12:47:42 EXEC SPC_GET_TAX_RATE '2018/01/09';
2018-01-09 12:48:23 EXEC SPC_COM_GET_COMBOBOX 'pi_status_div';
2018-01-09 12:48:24 EXEC SPC_002_PI_SEARCH_FND1 '','','','','','','','','1','10';
2018-01-09 12:48:27 EXEC SPC_002_PI_SEARCH_FND1 '','','','','','','','10','1','10';
2018-01-09 12:48:30 EXEC SPC_COM_GET_COMBOBOX 'payment_conditions_div';
2018-01-09 12:48:30 EXEC SPC_COM_GET_COMBOBOX 'port_city_div';
2018-01-09 12:48:30 EXEC SPC_COM_GET_COMBOBOX 'currency_div';
2018-01-09 12:48:30 EXEC SPC_COM_GET_COMBOBOX 'trade_terms_div';
2018-01-09 12:48:30 EXEC SPC_COM_GET_COMBOBOX 'shipment_div';
2018-01-09 12:48:30 EXEC SPC_COM_GET_COMBOBOX 'port_country_div';
2018-01-09 12:48:31 EXEC SPC_COM_GET_COMBOBOX 'sales_detail_div';
2018-01-09 12:48:31 EXEC SPC_COM_GET_COMBOBOX 'unit_w_div';
2018-01-09 12:48:31 EXEC SPC_COM_GET_COMBOBOX 'bank_div';
2018-01-09 12:48:31 EXEC SPC_COM_GET_COMBOBOX 'unit_m_div';
2018-01-09 12:48:31 EXEC SPC_GET_TAX_RATE '2018/01/09';
2018-01-09 12:48:31 EXEC SPC_COM_GET_COMBOBOX 'unit_q_div';
2018-01-09 12:48:31 EXEC SPC_001_PI_DETAIL_INQ1 'RT-130827001';
2018-01-09 12:48:32 EXEC SPC_COM_GET_COMBOBOX 'unit_w_div';
2018-01-09 12:48:32 EXEC SPC_COM_GET_COMBOBOX 'unit_m_div';
2018-01-09 12:48:32 EXEC SPC_COM_GET_COMBOBOX 'sales_detail_div';
2018-01-09 12:48:32 EXEC SPC_GET_TAX_RATE '2013/08/27';
2018-01-09 12:48:32 EXEC SPC_COM_GET_COMBOBOX 'unit_q_div';
2018-01-09 12:50:01 EXEC SPC_COM_GET_COMBOBOX 'port_country_div';
2018-01-09 12:50:01 EXEC SPC_COM_GET_COMBOBOX 'port_city_div';
2018-01-09 12:50:01 EXEC SPC_COM_GET_COMBOBOX 'payment_conditions_div';
2018-01-09 12:50:01 EXEC SPC_COM_GET_COMBOBOX 'trade_terms_div';
2018-01-09 12:50:01 EXEC SPC_COM_GET_COMBOBOX 'currency_div';
2018-01-09 12:50:01 EXEC SPC_COM_GET_COMBOBOX 'shipment_div';
2018-01-09 12:50:01 EXEC SPC_COM_GET_COMBOBOX 'unit_w_div';
2018-01-09 12:50:01 EXEC SPC_COM_GET_COMBOBOX 'unit_q_div';
2018-01-09 12:50:01 EXEC SPC_COM_GET_COMBOBOX 'sales_detail_div';
2018-01-09 12:50:01 EXEC SPC_COM_GET_COMBOBOX 'bank_div';
2018-01-09 12:50:01 EXEC SPC_COM_GET_COMBOBOX 'unit_m_div';
2018-01-09 12:50:02 EXEC SPC_001_PI_DETAIL_INQ1 'RT-130827001';
2018-01-09 12:50:02 EXEC SPC_COM_GET_COMBOBOX 'unit_w_div';
2018-01-09 12:50:03 EXEC SPC_COM_GET_COMBOBOX 'sales_detail_div';
2018-01-09 12:50:03 EXEC SPC_GET_TAX_RATE '2013/08/27';
2018-01-09 12:50:03 EXEC SPC_COM_GET_COMBOBOX 'unit_q_div';
2018-01-09 12:50:03 EXEC SPC_COM_GET_COMBOBOX 'unit_m_div';
2018-01-09 12:50:11 EXEC SPC_001_PI_DETAIL_ACT1 'R','RT-130827001','2013/08/27','F0252','West Medica Produktions- and Handels-GmbH','Franz-Siegel-Gasse 1,','2380 Perchtoldsdorf,','','063','AT','43-1-804-81-84uiu','43-1-804-81-85ouio','','West Medica Produktions- and Handels-GmbH','Franz-Siegel-Gasse 1,','2380 Perchtoldsdorf,','','063','AT','43-1-804-81-84','43-1-804-81-85','MEDICA','','','','Standard Export Carton','01','USD','077','02','02','063','AT','05','payment by T.T.','[{"pi_detail_no":"1","sales_detail_div":"0","product_cd":"10004","description":"Digital Spectrophotometer Model PD-303 with standard accessories","qty":"10","unit_of_m_div":"006","unit_price":"820","amount":"8200","detail_tax":"410","unit_measure_qty":"0","unit_measure_price":"001","outside_remarks":"","unit_net_weight":"4.7","unit_net_weight_div":"001","net_weight":"47","unit_gross_weight":"6.4","gross_weight":"64","measure":"0"},{"pi_detail_no":"2","sales_detail_div":"0","product_cd":"10005","description":"Digital Spectrophotometer Model PD-303S (5 parameters type) with micoprocessor and Standard accessories","qty":"1","unit_of_m_div":"006","unit_price":"1060","amount":"1060","detail_tax":"53","unit_measure_qty":"0","unit_measure_price":"001","outside_remarks":"","unit_net_weight":"4","unit_net_weight_div":"001","net_weight":"4","unit_gross_weight":"6.4","gross_weight":"6.4","measure":"0"}]','11','006','70.4','001','51','001','0','001','9260','0','0','0','9260','Around 3weeks after receipt of payment','001','Japan','APEL CO.,LTD.','This Proforma invoice is valid for 2 weeks from the date of  issue.','- If a consulate visa is required, the related fees should be paid by the buyer.','- In case of transport by air and/or container, FOB, C&F and CIF in this proforma invoice','shall be respectively equivalent to FCA, CPT and CIP stipulated in Incoterms 2000.','- In the even that the dollar (euro)falls against the Japanese yen by more than 5% from','the rate of proforma invoice date, the prices will not be effective.','','*** Warranty period after shipment***','3 years: AP-101, HG-202, PD-303, BR-501','1 year: AP-1000M, HG-2000, PD-303S, PD-303UV, BR-5000N, BR-5100, BR-5100P, HC-702','','002','社内用備考','812','001_pi-detail','192.168.5.206';
2018-01-09 12:50:12 EXEC SPC_001_PI_DETAIL_INQ1 'RT-130827001';
2018-01-09 12:50:13 EXEC SPC_GET_TAX_RATE '2013/08/27';
';
2018-01-09 12:50:13 EXEC SPC_COM_GET_COMBOBOX 'unit_q_div';
2018-01-09 12:50:13 EXEC SPC_COM_GET_COMBOBOX 'sales_detail_div';
2018-01-09 12:50:13 EXEC SPC_COM_GET_COMBOBOX 'unit_m_div';
2018-01-09 12:51:42 EXEC SPC_001_PI_DETAIL_ACT1 'R','RT-130827001','2013/08/27','F0252','West Medica Produktions- and Handels-GmbH','Franz-Siegel-Gasse 1,','2380 Perchtoldsdorf,','','063','AT','43-1-804-81-84uiu','43-1-804-81-85ouio','','West Medica Produktions- and Handels-GmbH','Franz-Siegel-Gasse 1,','2380 Perchtoldsdorf,','','063','AT','43-1-804-81-8459+598','43-1-804-81-85','MEDICA','','','','Standard Export Carton','01','USD','077','02','02','063','AT','05','payment by T.T.','[{"pi_detail_no":"1","sales_detail_div":"0","product_cd":"10004","description":"Digital Spectrophotometer Model PD-303 with standard accessories","qty":"10","unit_of_m_div":"006","unit_price":"820","amount":"8200","detail_tax":"410","unit_measure_qty":"0","unit_measure_price":"001","outside_remarks":"","unit_net_weight":"4.7","unit_net_weight_div":"001","net_weight":"47","unit_gross_weight":"6.4","gross_weight":"64","measure":"0"},{"pi_detail_no":"2","sales_detail_div":"0","product_cd":"10005","description":"Digital Spectrophotometer Model PD-303S (5 parameters type) with micoprocessor and Standard accessories","qty":"1","unit_of_m_div":"006","unit_price":"1060","amount":"1060","detail_tax":"53","unit_measure_qty":"0","unit_measure_price":"001","outside_remarks":"","unit_net_weight":"4","unit_net_weight_div":"001","net_weight":"4","unit_gross_weight":"6.4","gross_weight":"6.4","measure":"0"}]','11','006','70.4','001','51','001','0','001','9260','0','0','0','9260','Around 3weeks after receipt of payment','001','Japan','APEL CO.,LTD.','This Proforma invoice is valid for 2 weeks from the date of  issue.','- If a consulate visa is required, the related fees should be paid by the buyer.','- In case of transport by air and/or container, FOB, C&F and CIF in this proforma invoice','shall be respectively equivalent to FCA, CPT and CIP stipulated in Incoterms 2000.','- In the even that the dollar (euro)falls against the Japanese yen by more than 5% from','the rate of proforma invoice date, the prices will not be effective.','','*** Warranty period after shipment***','3 years: AP-101, HG-202, PD-303, BR-501','1 year: AP-1000M, HG-2000, PD-303S, PD-303UV, BR-5000N, BR-5100, BR-5100P, HC-702','','002','社内用備考','812','001_pi-detail','192.168.5.206';
2018-01-09 12:51:43 EXEC SPC_001_PI_DETAIL_INQ1 'RT-130827001';
2018-01-09 12:51:44 EXEC SPC_COM_GET_COMBOBOX 'unit_q_div';
2018-01-09 12:51:44 EXEC SPC_GET_TAX_RATE '2013/08/27';
2018-01-09 12:51:44 EXEC SPC_COM_GET_COMBOBOX 'sales_detail_div';
2018-01-09 12:51:44 EXEC SPC_COM_GET_COMBOBOX 'unit_w_div';
2018-01-09 12:52:46 EXEC SPC_COM_GET_COMBOBOX 'port_country_div';
2018-01-09 12:52:46 EXEC SPC_COM_GET_COMBOBOX 'currency_div';
2018-01-09 12:52:46 EXEC SPC_COM_GET_COMBOBOX 'shipment_div';
2018-01-09 12:52:46 EXEC SPC_COM_GET_COMBOBOX 'port_city_div';
2018-01-09 12:52:46 EXEC SPC_COM_GET_COMBOBOX 'payment_conditions_div';
2018-01-09 12:52:46 EXEC SPC_COM_GET_COMBOBOX 'trade_terms_div';
2018-01-09 12:52:46 EXEC SPC_COM_GET_COMBOBOX 'unit_w_div';
2018-01-09 12:52:46 EXEC SPC_COM_GET_COMBOBOX 'unit_q_div';
2018-01-09 12:52:46 EXEC SPC_COM_GET_COMBOBOX 'sales_detail_div';
2018-01-09 12:52:46 EXEC SPC_COM_GET_COMBOBOX 'unit_m_div';
2018-01-09 12:52:47 EXEC SPC_COM_GET_COMBOBOX 'bank_div';
2018-01-09 12:52:47 EXEC SPC_GET_TAX_RATE '2018/01/09';
2018-01-09 12:52:47 EXEC SPC_001_PI_DETAIL_INQ1 'RT-130827001';
2018-01-09 12:52:47 EXEC SPC_COM_GET_COMBOBOX 'unit_m_div';
2018-01-09 12:52:47 EXEC SPC_COM_GET_COMBOBOX 'unit_w_div';
2018-01-09 12:52:47 EXEC SPC_COM_GET_COMBOBOX 'unit_q_div';
2018-01-09 12:52:48 EXEC SPC_COM_GET_COMBOBOX 'sales_detail_div';
2018-01-09 12:52:48 EXEC SPC_GET_TAX_RATE '2013/08/27';
2018-01-09 12:52:51 EXEC SPC_COM_GET_COMBOBOX 'pi_status_div';
2018-01-09 12:52:53 EXEC SPC_002_PI_SEARCH_FND1 '','','','','','','','','1','10';
2018-01-09 12:52:56 EXEC SPC_002_PI_SEARCH_FND1 '','','','','','','','20','1','10';
2018-01-09 12:52:59 EXEC SPC_COM_GET_COMBOBOX 'currency_div';
2018-01-09 12:52:59 EXEC SPC_COM_GET_COMBOBOX 'shipment_div';
2018-01-09 12:52:59 EXEC SPC_COM_GET_COMBOBOX 'port_city_div';
2018-01-09 12:52:59 EXEC SPC_COM_GET_COMBOBOX 'payment_conditions_div';
2018-01-09 12:52:59 EXEC SPC_COM_GET_COMBOBOX 'trade_terms_div';
2018-01-09 12:52:59 EXEC SPC_COM_GET_COMBOBOX 'port_country_div';
2018-01-09 12:53:00 EXEC SPC_COM_GET_COMBOBOX 'unit_q_div';
2018-01-09 12:53:00 EXEC SPC_COM_GET_COMBOBOX 'unit_w_div';
2018-01-09 12:53:00 EXEC SPC_COM_GET_COMBOBOX 'bank_div';
2018-01-09 12:53:00 EXEC SPC_COM_GET_COMBOBOX 'sales_detail_div';
2018-01-09 12:53:00 EXEC SPC_GET_TAX_RATE '2018/01/09';
2018-01-09 12:53:00 EXEC SPC_001_PI_DETAIL_INQ1 'RT-130829002';
2018-01-09 12:53:01 EXEC SPC_COM_GET_COMBOBOX 'unit_m_div';
2018-01-09 12:53:01 EXEC SPC_COM_GET_COMBOBOX 'unit_w_div';
2018-01-09 12:53:01 EXEC SPC_COM_GET_COMBOBOX 'unit_q_div';
2018-01-09 12:53:01 EXEC SPC_GET_TAX_RATE '2013/08/29';
2018-01-09 12:53:01 EXEC SPC_COM_GET_COMBOBOX 'sales_detail_div';
2018-01-09 12:53:06 EXEC SPC_001_PI_DETAIL_INQ1 'RT-130829002';
2018-01-09 12:53:40 EXEC SPC_001_PI_DETAIL_INQ1 'RT-130829002';
2018-01-09 14:49:40 EXEC SPC_COM_GET_COMBOBOX 'port_country_div';
2018-01-09 14:49:40 EXEC SPC_COM_GET_COMBOBOX 'shipment_div';
2018-01-09 14:49:40 EXEC SPC_COM_GET_COMBOBOX 'payment_conditions_div';
2018-01-09 14:49:40 EXEC SPC_COM_GET_COMBOBOX 'currency_div';
2018-01-09 14:49:40 EXEC SPC_COM_GET_COMBOBOX 'unit_q_div';
2018-01-09 14:49:40 EXEC SPC_COM_GET_COMBOBOX 'port_city_div';
2018-01-09 14:49:40 EXEC SPC_COM_GET_COMBOBOX 'trade_terms_div';
2018-01-09 14:49:41 EXEC SPC_COM_GET_COMBOBOX 'unit_w_div';
2018-01-09 14:49:41 EXEC SPC_COM_GET_COMBOBOX 'unit_m_div';
2018-01-09 14:49:41 EXEC SPC_COM_GET_COMBOBOX 'bank_div';
2018-01-09 14:49:41 EXEC SPC_COM_GET_COMBOBOX 'sales_detail_div';
2018-01-09 14:49:41 EXEC SPC_001_PI_DETAIL_INQ1 'RT-130829002';
2018-01-09 14:49:41 EXEC SPC_GET_TAX_RATE '2018/01/09';
2018-01-09 14:49:42 EXEC SPC_COM_GET_COMBOBOX 'unit_w_div';
2018-01-09 14:49:42 EXEC SPC_COM_GET_COMBOBOX 'unit_q_div';
2018-01-09 14:49:42 EXEC SPC_COM_GET_COMBOBOX 'unit_m_div';
2018-01-09 14:49:42 EXEC SPC_GET_TAX_RATE '2013/08/29';
2018-01-09 14:49:42 EXEC SPC_COM_GET_COMBOBOX 'sales_detail_div';
2018-01-09 14:50:44 EXEC SPC_COM_GET_COMBOBOX 'trade_terms_div';
2018-01-09 14:50:44 EXEC SPC_COM_GET_COMBOBOX 'port_city_div';
2018-01-09 14:50:44 EXEC SPC_COM_GET_COMBOBOX 'currency_div';
2018-01-09 14:50:44 EXEC SPC_COM_GET_COMBOBOX 'shipment_div';
2018-01-09 14:50:44 EXEC SPC_COM_GET_COMBOBOX 'port_country_div';
2018-01-09 14:50:44 EXEC SPC_COM_GET_COMBOBOX 'payment_conditions_div';
2018-01-09 14:50:45 EXEC SPC_COM_GET_COMBOBOX 'bank_div';
2018-01-09 14:50:45 EXEC SPC_COM_GET_COMBOBOX 'unit_q_div';
2018-01-09 14:50:45 EXEC SPC_COM_GET_COMBOBOX 'sales_detail_div';
2018-01-09 14:50:45 EXEC SPC_GET_TAX_RATE '2013/08/29';
2018-01-09 14:50:45 EXEC SPC_COM_GET_COMBOBOX 'unit_m_div';
2018-01-09 14:50:45 EXEC SPC_COM_GET_COMBOBOX 'unit_w_div';
2018-01-09 14:50:47 EXEC SPC_001_PI_DETAIL_INQ1 'RT-130829002';
2018-01-09 14:50:53 EXEC SPC_COM_GET_COMBOBOX 'unit_q_div';
2018-01-09 14:50:53 EXEC SPC_GET_TAX_RATE '2013/08/29';
2018-01-09 14:50:53 EXEC SPC_COM_GET_COMBOBOX 'unit_w_div';
2018-01-09 14:50:53 EXEC SPC_COM_GET_COMBOBOX 'unit_m_div';
2018-01-09 14:50:53 EXEC SPC_COM_GET_COMBOBOX 'sales_detail_div';
2018-01-09 14:50:55 EXEC SPC_COM_GET_COMBOBOX 'shipment_div';
2018-01-09 14:50:55 EXEC SPC_COM_GET_COMBOBOX 'port_country_div';
2018-01-09 14:50:55 EXEC SPC_COM_GET_COMBOBOX 'trade_terms_div';
2018-01-09 14:50:55 EXEC SPC_COM_GET_COMBOBOX 'port_city_div';
2018-01-09 14:50:55 EXEC SPC_COM_GET_COMBOBOX 'payment_conditions_div';
2018-01-09 14:50:55 EXEC SPC_COM_GET_COMBOBOX 'currency_div';
2018-01-09 14:50:56 EXEC SPC_COM_GET_COMBOBOX 'unit_w_div';
2018-01-09 14:50:56 EXEC SPC_COM_GET_COMBOBOX 'sales_detail_div';
2018-01-09 14:50:56 EXEC SPC_COM_GET_COMBOBOX 'unit_m_div';
2018-01-09 14:50:56 EXEC SPC_COM_GET_COMBOBOX 'bank_div';
2018-01-09 14:50:56 EXEC SPC_COM_GET_COMBOBOX 'unit_q_div';
2018-01-09 14:50:56 EXEC SPC_GET_TAX_RATE '2018/01/09';
2018-01-09 14:50:56 EXEC SPC_001_PI_DETAIL_INQ1 'RT-130829002';
2018-01-09 14:50:57 EXEC SPC_GET_TAX_RATE '2013/08/29';
2018-01-09 14:50:57 EXEC SPC_COM_GET_COMBOBOX 'unit_m_div';
2018-01-09 14:50:57 EXEC SPC_COM_GET_COMBOBOX 'unit_q_div';
2018-01-09 14:50:57 EXEC SPC_COM_GET_COMBOBOX 'sales_detail_div';
2018-01-09 14:50:57 EXEC SPC_COM_GET_COMBOBOX 'unit_w_div';
2018-01-09 14:53:32 EXEC SPC_COM_GET_COMBOBOX 'pi_status_div';
2018-01-09 14:53:34 EXEC SPC_002_PI_SEARCH_FND1 '','','','','','','','','1','10';
2018-01-09 14:53:37 EXEC SPC_002_PI_SEARCH_FND1 '','','','','','','','10','1','10';
2018-01-09 14:53:40 EXEC SPC_COM_GET_COMBOBOX 'port_city_div';
2018-01-09 14:53:40 EXEC SPC_COM_GET_COMBOBOX 'trade_terms_div';
2018-01-09 14:53:40 EXEC SPC_COM_GET_COMBOBOX 'currency_div';
2018-01-09 14:53:40 EXEC SPC_COM_GET_COMBOBOX 'payment_conditions_div';
2018-01-09 14:53:40 EXEC SPC_COM_GET_COMBOBOX 'port_country_div';
2018-01-09 14:53:40 EXEC SPC_COM_GET_COMBOBOX 'shipment_div';
2018-01-09 14:53:41 EXEC SPC_COM_GET_COMBOBOX 'unit_q_div';
2018-01-09 14:53:41 EXEC SPC_COM_GET_COMBOBOX 'unit_m_div';
2018-01-09 14:53:41 EXEC SPC_COM_GET_COMBOBOX 'unit_w_div';
2018-01-09 14:53:41 EXEC SPC_COM_GET_COMBOBOX 'bank_div';
2018-01-09 14:53:41 EXEC SPC_COM_GET_COMBOBOX 'sales_detail_div';
2018-01-09 14:53:41 EXEC SPC_GET_TAX_RATE '2018/01/09';
2018-01-09 14:53:41 EXEC SPC_001_PI_DETAIL_INQ1 'RT-130827001';
2018-01-09 14:53:42 EXEC SPC_COM_GET_COMBOBOX 'unit_w_div';
2018-01-09 14:53:42 EXEC SPC_COM_GET_COMBOBOX 'sales_detail_div';
2018-01-09 14:53:42 EXEC SPC_COM_GET_COMBOBOX 'unit_m_div';
2018-01-09 14:53:42 EXEC SPC_GET_TAX_RATE '2013/08/27';
2018-01-09 14:53:42 EXEC SPC_COM_GET_COMBOBOX 'unit_q_div';
2018-01-09 14:53:45 EXEC SPC_COM_GET_COMBOBOX 'pi_status_div';
2018-01-09 14:53:45 EXEC SPC_002_PI_SEARCH_FND1 '','','','','','','','10','1','10';
2018-01-09 14:53:47 EXEC SPC_002_PI_SEARCH_FND1 '','','','','','','','20','1','10';
2018-01-09 14:53:51 EXEC SPC_COM_GET_COMBOBOX 'port_city_div';
2018-01-09 14:53:51 EXEC SPC_COM_GET_COMBOBOX 'shipment_div';
2018-01-09 14:53:51 EXEC SPC_COM_GET_COMBOBOX 'trade_terms_div';
2018-01-09 14:53:51 EXEC SPC_COM_GET_COMBOBOX 'payment_conditions_div';
2018-01-09 14:53:51 EXEC SPC_COM_GET_COMBOBOX 'currency_div';
2018-01-09 14:53:51 EXEC SPC_COM_GET_COMBOBOX 'port_country_div';
2018-01-09 14:53:52 EXEC SPC_COM_GET_COMBOBOX 'unit_w_div';
2018-01-09 14:53:52 EXEC SPC_COM_GET_COMBOBOX 'unit_q_div';
2018-01-09 14:53:52 EXEC SPC_COM_GET_COMBOBOX 'unit_m_div';
2018-01-09 14:53:52 EXEC SPC_COM_GET_COMBOBOX 'bank_div';
2018-01-09 14:53:52 EXEC SPC_COM_GET_COMBOBOX 'sales_detail_div';
2018-01-09 14:53:52 EXEC SPC_GET_TAX_RATE '2018/01/09';
2018-01-09 14:53:52 EXEC SPC_001_PI_DETAIL_INQ1 'RT-130829002';
2018-01-09 14:53:53 EXEC SPC_COM_GET_COMBOBOX 'unit_m_div';
2018-01-09 14:53:53 EXEC SPC_COM_GET_COMBOBOX 'unit_q_div';
2018-01-09 14:53:53 EXEC SPC_COM_GET_COMBOBOX 'sales_detail_div';
2018-01-09 14:53:53 EXEC SPC_COM_GET_COMBOBOX 'unit_w_div';
2018-01-09 14:53:53 EXEC SPC_GET_TAX_RATE '2013/08/29';
2018-01-09 14:53:56 EXEC SPC_001_PI_DETAIL_INQ1 'RT-130829002';
2018-01-09 14:54:24 EXEC SPC_COM_GET_COMBOBOX 'sales_detail_div';
2018-01-09 14:54:24 EXEC SPC_GET_TAX_RATE '2013/08/29';
2018-01-09 14:54:24 EXEC SPC_COM_GET_COMBOBOX 'unit_w_div';
2018-01-09 14:54:24 EXEC SPC_COM_GET_COMBOBOX 'unit_q_div';
2018-01-09 14:54:24 EXEC SPC_COM_GET_COMBOBOX 'unit_m_div';
2018-01-09 14:54:44 EXEC SPC_COM_GET_COMBOBOX 'unit_m_div';
2018-01-09 14:54:44 EXEC SPC_COM_GET_COMBOBOX 'sales_detail_div';
2018-01-09 14:54:44 EXEC SPC_COM_GET_COMBOBOX 'unit_q_div';
2018-01-09 14:54:44 EXEC SPC_COM_GET_COMBOBOX 'unit_w_div';
2018-01-09 14:54:44 EXEC SPC_GET_TAX_RATE '2013/08/29';
2018-01-09 14:54:46 EXEC SPC_001_PI_DETAIL_INQ1 'RT-130829002';
2018-01-09 14:55:29 EXEC SPC_004_PI_ORDER_CONFIRM_FND1 '','','','','1','10';
2018-01-09 14:55:44 EXEC SPC_004_PI_ORDER_CONFIRM_FND1 '','','','','1','10';
2018-01-09 14:56:50 EXEC SPC_004_PI_ORDER_CONFIRM_FND1 '','','','','1','10';
2018-01-09 14:59:56 EXEC SPC_COM_GET_COMBOBOX 'port_country_div';
2018-01-09 14:59:56 EXEC SPC_COM_GET_COMBOBOX 'shipment_div';
2018-01-09 14:59:56 EXEC SPC_COM_GET_COMBOBOX 'currency_div';
2018-01-09 14:59:56 EXEC SPC_COM_GET_COMBOBOX 'payment_conditions_div';
2018-01-09 14:59:56 EXEC SPC_COM_GET_COMBOBOX 'port_city_div';
2018-01-09 14:59:56 EXEC SPC_COM_GET_COMBOBOX 'trade_terms_div';
2018-01-09 14:59:56 EXEC SPC_COM_GET_COMBOBOX 'bank_div';
2018-01-09 14:59:56 EXEC SPC_COM_GET_COMBOBOX 'sales_detail_div';
2018-01-09 14:59:56 EXEC SPC_COM_GET_COMBOBOX 'unit_w_div';
2018-01-09 14:59:56 EXEC SPC_COM_GET_COMBOBOX 'unit_m_div';
2018-01-09 14:59:56 EXEC SPC_COM_GET_COMBOBOX 'unit_q_div';
2018-01-09 14:59:57 EXEC SPC_GET_TAX_RATE '2018/01/09';
2018-01-09 14:59:57 EXEC SPC_001_PI_DETAIL_INQ1 'RT-131011004';
2018-01-09 14:59:57 EXEC SPC_COM_GET_COMBOBOX 'unit_w_div';
2018-01-09 14:59:58 EXEC SPC_GET_TAX_RATE '2013/10/11';
2018-01-09 14:59:58 EXEC SPC_COM_GET_COMBOBOX 'unit_m_div';
2018-01-09 14:59:58 EXEC SPC_COM_GET_COMBOBOX 'sales_detail_div';
2018-01-09 15:00:00 EXEC SPC_COM_GET_COMBOBOX 'port_country_div';
2018-01-09 15:00:00 EXEC SPC_COM_GET_COMBOBOX 'shipment_div';
2018-01-09 15:00:00 EXEC SPC_COM_GET_COMBOBOX 'trade_terms_div';
2018-01-09 15:00:00 EXEC SPC_COM_GET_COMBOBOX 'currency_div';
2018-01-09 15:00:00 EXEC SPC_COM_GET_COMBOBOX 'port_city_div';
2018-01-09 15:00:00 EXEC SPC_COM_GET_COMBOBOX 'payment_conditions_div';
2018-01-09 15:00:01 EXEC SPC_COM_GET_COMBOBOX 'unit_q_div';
2018-01-09 15:00:01 EXEC SPC_COM_GET_COMBOBOX 'sales_detail_div';
2018-01-09 15:00:01 EXEC SPC_COM_GET_COMBOBOX 'unit_m_div';
2018-01-09 15:00:01 EXEC SPC_COM_GET_COMBOBOX 'bank_div';
2018-01-09 15:00:01 EXEC SPC_GET_TAX_RATE '2018/01/09';
2018-01-09 15:00:01 EXEC SPC_001_PI_DETAIL_INQ1 'RT-131011004';
2018-01-09 15:00:02 EXEC SPC_COM_GET_COMBOBOX 'unit_q_div';
2018-01-09 15:00:02 EXEC SPC_COM_GET_COMBOBOX 'unit_w_div';
2018-01-09 15:00:02 EXEC SPC_COM_GET_COMBOBOX 'unit_m_div';
2018-01-09 15:00:02 EXEC SPC_GET_TAX_RATE '2013/10/11';
2018-01-09 15:00:02 EXEC SPC_COM_GET_COMBOBOX 'sales_detail_div';
2018-01-09 15:00:09 EXEC SPC_004_PI_ORDER_CONFIRM_FND1 '','','','','1','10';
2018-01-09 15:00:13 EXEC SPC_COM_GET_COMBOBOX 'trade_terms_div';
2018-01-09 15:00:13 EXEC SPC_COM_GET_COMBOBOX 'port_country_div';
2018-01-09 15:00:13 EXEC SPC_COM_GET_COMBOBOX 'payment_conditions_div';
2018-01-09 15:00:13 EXEC SPC_COM_GET_COMBOBOX 'port_city_div';
2018-01-09 15:00:13 EXEC SPC_COM_GET_COMBOBOX 'shipment_div';
2018-01-09 15:00:13 EXEC SPC_COM_GET_COMBOBOX 'currency_div';
2018-01-09 15:00:13 EXEC SPC_COM_GET_COMBOBOX 'unit_m_div';
2018-01-09 15:00:13 EXEC SPC_COM_GET_COMBOBOX 'unit_w_div';
2018-01-09 15:00:13 EXEC SPC_COM_GET_COMBOBOX 'unit_q_div';
2018-01-09 15:00:13 EXEC SPC_COM_GET_COMBOBOX 'bank_div';
2018-01-09 15:00:13 EXEC SPC_COM_GET_COMBOBOX 'sales_detail_div';
2018-01-09 15:00:13 EXEC SPC_GET_TAX_RATE '2018/01/09';
2018-01-09 15:00:14 EXEC SPC_001_PI_DETAIL_INQ1 'RT-131011004';
2018-01-09 15:00:14 EXEC SPC_COM_GET_COMBOBOX 'sales_detail_div';
2018-01-09 15:00:14 EXEC SPC_GET_TAX_RATE '2013/10/11';
2018-01-09 15:00:15 EXEC SPC_COM_GET_COMBOBOX 'unit_q_div';
2018-01-09 15:00:15 EXEC SPC_COM_GET_COMBOBOX 'unit_m_div';
2018-01-09 15:00:18 EXEC SPC_COM_GET_COMBOBOX 'currency_div';
2018-01-09 15:00:18 EXEC SPC_COM_GET_COMBOBOX 'trade_terms_div';
2018-01-09 15:00:18 EXEC SPC_COM_GET_COMBOBOX 'shipment_div';
2018-01-09 15:00:18 EXEC SPC_COM_GET_COMBOBOX 'payment_conditions_div';
2018-01-09 15:00:18 EXEC SPC_COM_GET_COMBOBOX 'port_country_div';
2018-01-09 15:00:18 EXEC SPC_COM_GET_COMBOBOX 'port_city_div';
2018-01-09 15:00:19 EXEC SPC_COM_GET_COMBOBOX 'bank_div';
2018-01-09 15:00:19 EXEC SPC_COM_GET_COMBOBOX 'unit_w_div';
2018-01-09 15:00:19 EXEC SPC_GET_TAX_RATE '2018/01/09';
2018-01-09 15:00:19 EXEC SPC_COM_GET_COMBOBOX 'unit_m_div';
2018-01-09 15:00:19 EXEC SPC_COM_GET_COMBOBOX 'sales_detail_div';
2018-01-09 15:00:19 EXEC SPC_COM_GET_COMBOBOX 'unit_q_div';
2018-01-09 15:00:19 EXEC SPC_001_PI_DETAIL_INQ1 'RT-131011004';
2018-01-09 15:00:20 EXEC SPC_COM_GET_COMBOBOX 'unit_q_div';
2018-01-09 15:00:20 EXEC SPC_GET_TAX_RATE '2013/10/11';
2018-01-09 15:00:20 EXEC SPC_COM_GET_COMBOBOX 'unit_w_div';
2018-01-09 15:00:20 EXEC SPC_COM_GET_COMBOBOX 'unit_m_div';
2018-01-09 15:00:20 EXEC SPC_COM_GET_COMBOBOX 'sales_detail_div';
2018-01-09 15:01:59 EXEC SPC_004_PI_ORDER_CONFIRM_FND1 '','','','','1','10';
2018-01-09 15:02:02 EXEC SPC_COM_GET_COMBOBOX 'port_country_div';
2018-01-09 15:02:03 EXEC SPC_COM_GET_COMBOBOX 'currency_div';
2018-01-09 15:02:03 EXEC SPC_COM_GET_COMBOBOX 'payment_conditions_div';
2018-01-09 15:02:03 EXEC SPC_COM_GET_COMBOBOX 'port_city_div';
2018-01-09 15:02:03 EXEC SPC_COM_GET_COMBOBOX 'shipment_div';
2018-01-09 15:02:03 EXEC SPC_COM_GET_COMBOBOX 'trade_terms_div';
2018-01-09 15:02:03 EXEC SPC_COM_GET_COMBOBOX 'sales_detail_div';
2018-01-09 15:02:03 EXEC SPC_COM_GET_COMBOBOX 'unit_w_div';
2018-01-09 15:02:03 EXEC SPC_COM_GET_COMBOBOX 'bank_div';
2018-01-09 15:02:03 EXEC SPC_COM_GET_COMBOBOX 'unit_q_div';
2018-01-09 15:02:03 EXEC SPC_COM_GET_COMBOBOX 'unit_m_div';
2018-01-09 15:02:03 EXEC SPC_GET_TAX_RATE '2018/01/09';
2018-01-09 15:02:04 EXEC SPC_001_PI_DETAIL_INQ1 'RT-131015001';
2018-01-09 15:02:04 EXEC SPC_COM_GET_COMBOBOX 'unit_q_div';
2018-01-09 15:02:04 EXEC SPC_COM_GET_COMBOBOX 'unit_w_div';
2018-01-09 15:02:04 EXEC SPC_GET_TAX_RATE '2013/10/15';
2018-01-09 15:02:04 EXEC SPC_COM_GET_COMBOBOX 'unit_m_div';
2018-01-09 15:02:04 EXEC SPC_COM_GET_COMBOBOX 'sales_detail_div';
2018-01-09 15:02:07 EXEC SPC_004_PI_ORDER_CONFIRM_FND1 '','','','','1','10';
2018-01-09 15:05:46 EXEC SPC_004_PI_ORDER_CONFIRM_FND1 '','','','','1','10';
2018-01-09 15:06:18 EXEC SPC_004_PI_ORDER_CONFIRM_FND1 '','','','','1','10';
2018-01-09 15:26:54 EXEC SPC_004_PI_ORDER_CONFIRM_FND1 '','','','','1','10';
2018-01-09 15:28:19 EXEC SPC_004_PI_ORDER_CONFIRM_ACT1 '[{"pi_no":"RT-131022001"}]','2018/01/10','812','004_pi-order-confirm','192.168.5.206';
2018-01-09 15:28:20 EXEC SPC_004_PI_ORDER_CONFIRM_FND1 '','','','','1','10';
2018-01-09 15:28:26 EXEC SPC_004_PI_ORDER_CONFIRM_FND1 '','','','131022001','1','10';
2018-01-09 15:28:29 EXEC SPC_004_PI_ORDER_CONFIRM_FND1 '','','','','1','10';
2018-01-09 15:38:54 EXEC SPC_004_PI_ORDER_CONFIRM_FND1 '','','','','2','10';
2018-01-09 15:39:40 EXEC SPC_004_PI_ORDER_CONFIRM_ACT1 '[{"pi_no":"RT-171228004"}]','2018/01/27','812','004_pi-order-confirm','192.168.5.206';
2018-01-09 15:39:42 EXEC SPC_004_PI_ORDER_CONFIRM_FND1 '','','','','1','10';
2018-01-09 15:39:44 EXEC SPC_004_PI_ORDER_CONFIRM_FND1 '','','','','2','10';
2018-01-09 15:45:31 EXEC SPC_004_PI_ORDER_CONFIRM_FND1 '','','','','1','10';
2018-01-09 15:45:32 EXEC SPC_004_PI_ORDER_CONFIRM_FND1 '','','','','2','10';
2018-01-09 15:46:02 EXEC SPC_004_PI_ORDER_CONFIRM_ACT1 '[{"pi_no":"RT-171228003"}]','2018/01/09','812','004_pi-order-confirm','192.168.5.206';
2018-01-09 15:46:03 EXEC SPC_004_PI_ORDER_CONFIRM_FND1 '','','','','1','10';
2018-01-09 15:46:05 EXEC SPC_004_PI_ORDER_CONFIRM_FND1 '','','','','2','10';
2018-01-09 15:51:11 EXEC SPC_073_LOGIN_ACT1 '001','123456';
2018-01-09 15:51:11 EXEC SPC_GET_CONSTANT '';
2018-01-09 15:51:19 EXEC SPC_004_PI_ORDER_CONFIRM_FND1 '','','','','1','10';
2018-01-09 15:54:36 EXEC SPC_004_PI_ORDER_CONFIRM_FND1 '','','','','2','10';
2018-01-09 15:55:25 EXEC SPC_004_PI_ORDER_CONFIRM_ACT1 '[{"pi_no":"RT-140418001"}]','2018/01/09','001','004_pi-order-confirm','192.168.5.206';
2018-01-09 15:55:26 EXEC SPC_004_PI_ORDER_CONFIRM_FND1 '','','','','1','10';
2018-01-09 15:58:01 EXEC SPC_004_PI_ORDER_CONFIRM_FND1 '','','','','1','10';
2018-01-09 15:59:46 EXEC SPC_004_PI_ORDER_CONFIRM_FND1 '','','','','2','10';
2018-01-09 16:02:12 EXEC SPC_004_PI_ORDER_CONFIRM_ACT1 '[{"pi_no":"RT-140424002"},{"pi_no":"RT-140428001"}]','2018/01/09','001','004_pi-order-confirm','192.168.5.206';
2018-01-09 16:02:13 EXEC SPC_004_PI_ORDER_CONFIRM_FND1 '','','','','1','10';
2018-01-09 16:10:02 EXEC SPC_004_PI_ORDER_CONFIRM_FND1 '','','','','2','10';
2018-01-09 16:10:04 EXEC SPC_004_PI_ORDER_CONFIRM_FND1 '','','','','3','10';
2018-01-09 16:10:23 EXEC SPC_004_PI_ORDER_CONFIRM_ACT1 '[{"pi_no":"RT-140507008"}]','2018/01/09','001','004_pi-order-confirm','192.168.5.206';
2018-01-09 16:10:25 EXEC SPC_004_PI_ORDER_CONFIRM_FND1 '','','','','1','10';
2018-01-09 16:11:27 EXEC SPC_004_PI_ORDER_CONFIRM_FND1 '','','','','2','10';
2018-01-09 16:11:30 EXEC SPC_004_PI_ORDER_CONFIRM_FND1 '','','','','3','10';
2018-01-09 16:11:49 EXEC SPC_004_PI_ORDER_CONFIRM_ACT1 '[{"pi_no":"RT-140430001"}]','2018/01/09','001','004_pi-order-confirm','192.168.5.206';
2018-01-09 16:11:50 EXEC SPC_004_PI_ORDER_CONFIRM_FND1 '','','','','1','10';
2018-01-09 16:19:03 EXEC SPC_004_PI_ORDER_CONFIRM_FND1 '','','','','2','10';
2018-01-09 16:19:06 EXEC SPC_004_PI_ORDER_CONFIRM_FND1 '','','','','3','10';
2018-01-09 16:19:09 EXEC SPC_004_PI_ORDER_CONFIRM_FND1 '','','','','4','10';
2018-01-09 16:19:21 EXEC SPC_004_PI_ORDER_CONFIRM_ACT1 '[{"pi_no":"RT-140510001"}]','2018/01/09','001','004_pi-order-confirm','192.168.5.206';
2018-01-09 16:19:22 EXEC SPC_004_PI_ORDER_CONFIRM_FND1 '','','','','1','10';
2018-01-09 16:22:52 EXEC SPC_004_PI_ORDER_CONFIRM_FND1 '','','','','1','10';
2018-01-09 16:24:20 EXEC SPC_004_PI_ORDER_CONFIRM_FND1 '','','','','2','10';
2018-01-09 16:24:22 EXEC SPC_004_PI_ORDER_CONFIRM_FND1 '','','','','3','10';
2018-01-09 16:24:23 EXEC SPC_004_PI_ORDER_CONFIRM_FND1 '','','','','4','10';
2018-01-09 16:25:14 EXEC SPC_004_PI_ORDER_CONFIRM_ACT1 '[{"pi_no":"RT-140516001"}]','2018/01/09','001','004_pi-order-confirm','192.168.5.206';
2018-01-09 16:25:15 EXEC SPC_004_PI_ORDER_CONFIRM_FND1 '','','','','1','10';
2018-01-09 16:30:36 EXEC SPC_004_PI_ORDER_CONFIRM_FND1 '','','','','2','10';
2018-01-09 16:30:37 EXEC SPC_004_PI_ORDER_CONFIRM_FND1 '','','','','3','10';
2018-01-09 16:30:38 EXEC SPC_004_PI_ORDER_CONFIRM_FND1 '','','','','4','10';
2018-01-09 16:30:39 EXEC SPC_004_PI_ORDER_CONFIRM_FND1 '','','','','5','10';
2018-01-09 16:30:54 EXEC SPC_004_PI_ORDER_CONFIRM_ACT1 '[{"pi_no":"RT-140530002"}]','2018/01/09','001','004_pi-order-confirm','192.168.5.206';
2018-01-09 16:30:55 EXEC SPC_004_PI_ORDER_CONFIRM_FND1 '','','','','1','10';
2018-01-09 16:39:57 EXEC SPC_004_PI_ORDER_CONFIRM_FND1 '','','','','2','10';
2018-01-09 16:39:58 EXEC SPC_004_PI_ORDER_CONFIRM_FND1 '','','','','3','10';
2018-01-09 16:39:59 EXEC SPC_004_PI_ORDER_CONFIRM_FND1 '','','','','4','10';
2018-01-09 16:40:00 EXEC SPC_004_PI_ORDER_CONFIRM_FND1 '','','','','5','10';
2018-01-09 16:40:01 EXEC SPC_004_PI_ORDER_CONFIRM_FND1 '','','','','6','10';
2018-01-09 16:45:56 EXEC SPC_004_PI_ORDER_CONFIRM_ACT1 '[{"pi_no":"RT-140603002"}]','2018/01/09','001','004_pi-order-confirm','192.168.5.206';
2018-01-09 16:45:57 EXEC SPC_004_PI_ORDER_CONFIRM_FND1 '','','','','1','10';
2018-01-09 17:04:20 EXEC SPC_004_PI_ORDER_CONFIRM_FND1 '','','','','2','10';
2018-01-09 17:04:21 EXEC SPC_004_PI_ORDER_CONFIRM_FND1 '','','','','3','10';
2018-01-09 17:04:22 EXEC SPC_004_PI_ORDER_CONFIRM_FND1 '','','','','4','10';
2018-01-09 17:04:29 EXEC SPC_004_PI_ORDER_CONFIRM_FND1 '','','','','5','10';
2018-01-09 17:04:30 EXEC SPC_004_PI_ORDER_CONFIRM_FND1 '','','','','6','10';
2018-01-09 17:04:37 EXEC SPC_004_PI_ORDER_CONFIRM_FND1 '','','','','7','10';
2018-01-09 17:05:01 EXEC SPC_004_PI_ORDER_CONFIRM_ACT1 '[{"pi_no":"RT-140701001"}]','2018/01/09','001','004_pi-order-confirm','192.168.5.206';
2018-01-09 17:05:02 EXEC SPC_004_PI_ORDER_CONFIRM_FND1 '','','','','1','10';
2018-01-09 17:06:12 EXEC SPC_004_PI_ORDER_CONFIRM_FND1 '','','','','30','10';
2018-01-09 17:06:14 EXEC SPC_004_PI_ORDER_CONFIRM_FND1 '','','','','29','10';
2018-01-09 17:06:22 EXEC SPC_004_PI_ORDER_CONFIRM_ACT1 '[{"pi_no":"RT-150415002"}]','2018/01/09','001','004_pi-order-confirm','192.168.5.206';
2018-01-09 17:06:23 EXEC SPC_004_PI_ORDER_CONFIRM_FND1 '','','','','1','10';
2018-01-09 17:26:28 EXEC SPC_004_PI_ORDER_CONFIRM_FND1 '','','','','2','10';
2018-01-09 17:26:32 EXEC SPC_004_PI_ORDER_CONFIRM_FND1 '','','','','1','10';
2018-01-09 17:26:34 EXEC SPC_004_PI_ORDER_CONFIRM_FND1 '','','','','30','10';
2018-01-09 17:26:35 EXEC SPC_004_PI_ORDER_CONFIRM_FND1 '','','','','29','10';
2018-01-09 17:27:26 EXEC SPC_004_PI_ORDER_CONFIRM_ACT1 '[{"pi_no":"RT-150415003"},{"pi_no":"RT-150415004"},{"pi_no":"RT-150415005"},{"pi_no":"RT-150416001"}]','2018/01/09','001','004_pi-order-confirm','192.168.5.206';
2018-01-09 17:27:28 EXEC SPC_004_PI_ORDER_CONFIRM_FND1 '','','','','1','10';
2018-01-09 17:32:16 EXEC SPC_004_PI_ORDER_CONFIRM_ACT1 '[{"pi_no":"RT-131011003"}]','2018/01/31','001','004_pi-order-confirm','192.168.5.206';
2018-01-09 17:32:17 EXEC SPC_004_PI_ORDER_CONFIRM_FND1 '','','','','1','10';
2018-01-09 17:54:44 EXEC SPC_COM_GET_COMBOBOX 'pi_status_div';
2018-01-09 17:54:48 EXEC SPC_002_PI_SEARCH_FND1 '','','','','','','','','1','10';
2018-01-09 17:54:50 EXEC SPC_002_PI_SEARCH_FND1 '','','','','','','','20','1','10';
2018-01-09 17:54:53 EXEC SPC_COM_GET_COMBOBOX 'port_country_div';
2018-01-09 17:54:54 EXEC SPC_COM_GET_COMBOBOX 'unit_q_div';
2018-01-09 17:54:54 EXEC SPC_COM_GET_COMBOBOX 'unit_w_div';
2018-01-09 17:54:55 EXEC SPC_COM_GET_COMBOBOX 'payment_conditions_div';
2018-01-09 17:54:55 EXEC SPC_COM_GET_COMBOBOX 'trade_terms_div';
2018-01-09 17:54:55 EXEC SPC_COM_GET_COMBOBOX 'shipment_div';
2018-01-09 17:54:55 EXEC SPC_COM_GET_COMBOBOX 'port_city_div';
2018-01-09 17:54:55 EXEC SPC_COM_GET_COMBOBOX 'currency_div';
2018-01-09 17:54:55 EXEC SPC_COM_GET_COMBOBOX 'unit_m_div';
2018-01-09 17:54:55 EXEC SPC_COM_GET_COMBOBOX 'bank_div';
2018-01-09 17:54:55 EXEC SPC_COM_GET_COMBOBOX 'sales_detail_div';
2018-01-09 17:54:55 EXEC SPC_GET_TAX_RATE '2018/01/09';
2018-01-09 17:54:55 EXEC SPC_001_PI_DETAIL_INQ1 'RT-131001001';
2018-01-09 17:54:56 EXEC SPC_GET_TAX_RATE '2013/10/01';
2018-01-09 17:54:56 EXEC SPC_COM_GET_COMBOBOX 'unit_w_div';
2018-01-09 17:54:56 EXEC SPC_COM_GET_COMBOBOX 'unit_q_div';
2018-01-09 17:54:56 EXEC SPC_COM_GET_COMBOBOX 'sales_detail_div';
2018-01-09 17:54:56 EXEC SPC_COM_GET_COMBOBOX 'unit_m_div';
2018-01-09 17:54:57 EXEC SPC_GET_CONSTANT '';
2018-01-09 17:55:05 EXEC SPC_COM_GET_COMBOBOX 'currency_div';
2018-01-09 17:55:05 EXEC SPC_COM_GET_COMBOBOX 'payment_conditions_div';
2018-01-09 17:55:05 EXEC SPC_COM_GET_COMBOBOX 'shipment_div';
2018-01-09 17:55:05 EXEC SPC_COM_GET_COMBOBOX 'port_city_div';
2018-01-09 17:55:05 EXEC SPC_COM_GET_COMBOBOX 'trade_terms_div';
2018-01-09 17:55:05 EXEC SPC_COM_GET_COMBOBOX 'port_country_div';
2018-01-09 17:55:05 EXEC SPC_COM_GET_COMBOBOX 'bank_div';
2018-01-09 17:55:05 EXEC SPC_COM_GET_COMBOBOX 'unit_q_div';
2018-01-09 17:55:05 EXEC SPC_COM_GET_COMBOBOX 'sales_detail_div';
2018-01-09 17:55:05 EXEC SPC_COM_GET_COMBOBOX 'unit_w_div';
2018-01-09 17:55:05 EXEC SPC_COM_GET_COMBOBOX 'unit_m_div';
2018-01-09 17:55:30 EXEC SPC_GET_CONSTANT '';
2018-01-09 17:56:45 EXEC SPC_GET_CONSTANT '';
2018-01-09 17:56:48 EXEC SPC_GET_TAX_RATE '2013/10/01';
2018-01-09 17:56:48 EXEC SPC_COM_GET_COMBOBOX 'unit_q_div';
2018-01-09 17:56:48 EXEC SPC_COM_GET_COMBOBOX 'unit_m_div';
2018-01-09 17:56:48 EXEC SPC_COM_GET_COMBOBOX 'unit_w_div';
2018-01-09 17:56:48 EXEC SPC_COM_GET_COMBOBOX 'sales_detail_div';
2018-01-09 17:58:30 EXEC SPC_GET_CONSTANT '';
2018-01-09 17:58:44 EXEC SPC_GET_CONSTANT '';
2018-01-09 17:58:56 EXEC SPC_GET_CONSTANT '';
2018-01-09 17:59:11 EXEC SPC_GET_TAX_RATE '2013/10/01';
2018-01-09 17:59:11 EXEC SPC_COM_GET_COMBOBOX 'sales_detail_div';
2018-01-09 17:59:11 EXEC SPC_COM_GET_COMBOBOX 'unit_w_div';
2018-01-09 17:59:11 EXEC SPC_COM_GET_COMBOBOX 'unit_q_div';
2018-01-09 17:59:11 EXEC SPC_COM_GET_COMBOBOX 'unit_m_div';
2018-01-09 17:59:16 EXEC SPC_GET_CONSTANT '';
2018-01-09 18:00:12 EXEC SPC_GET_CONSTANT '';
2018-01-09 18:00:47 EXEC SPC_GET_CONSTANT '';
2018-01-09 18:00:57 EXEC SPC_GET_CONSTANT '';
2018-01-09 18:02:06 EXEC SPC_GET_CONSTANT '';
2018-01-09 18:02:22 EXEC SPC_GET_CONSTANT '';
2018-01-09 18:02:28 EXEC SPC_GET_CONSTANT '';
2018-01-09 18:02:57 EXEC SPC_GET_CONSTANT '';
2018-01-09 18:05:28 EXEC SPC_GET_CONSTANT '';
2018-01-09 18:07:22 EXEC SPC_GET_TAX_RATE '2013/10/01';
2018-01-09 18:07:23 EXEC SPC_COM_GET_COMBOBOX 'sales_detail_div';
2018-01-09 18:07:23 EXEC SPC_COM_GET_COMBOBOX 'unit_m_div';
2018-01-09 18:07:23 EXEC SPC_COM_GET_COMBOBOX 'unit_q_div';
2018-01-09 18:07:23 EXEC SPC_COM_GET_COMBOBOX 'unit_w_div';
2018-01-09 18:07:26 EXEC SPC_COM_GET_COMBOBOX 'port_city_div';
2018-01-09 18:07:26 EXEC SPC_COM_GET_COMBOBOX 'trade_terms_div';
2018-01-09 18:07:26 EXEC SPC_COM_GET_COMBOBOX 'currency_div';
2018-01-09 18:07:26 EXEC SPC_COM_GET_COMBOBOX 'port_country_div';
2018-01-09 18:07:26 EXEC SPC_COM_GET_COMBOBOX 'shipment_div';
2018-01-09 18:07:26 EXEC SPC_COM_GET_COMBOBOX 'bank_div';
2018-01-09 18:07:26 EXEC SPC_COM_GET_COMBOBOX 'unit_m_div';
2018-01-09 18:07:26 EXEC SPC_COM_GET_COMBOBOX 'unit_w_div';
2018-01-09 18:07:26 EXEC SPC_COM_GET_COMBOBOX 'unit_q_div';
2018-01-09 18:07:26 EXEC SPC_COM_GET_COMBOBOX 'sales_detail_div';
2018-01-09 18:07:27 EXEC SPC_COM_GET_COMBOBOX 'payment_conditions_div';
2018-01-09 18:07:27 EXEC SPC_GET_TAX_RATE '2018/01/09';
2018-01-09 18:07:27 EXEC SPC_001_PI_DETAIL_INQ1 'RT-131001001';
2018-01-09 18:07:27 EXEC SPC_GET_TAX_RATE '2013/10/01';
2018-01-09 18:07:27 EXEC SPC_COM_GET_COMBOBOX 'sales_detail_div';
2018-01-09 18:07:28 EXEC SPC_COM_GET_COMBOBOX 'unit_q_div';
2018-01-09 18:07:28 EXEC SPC_COM_GET_COMBOBOX 'unit_w_div';
2018-01-09 18:07:28 EXEC SPC_COM_GET_COMBOBOX 'unit_m_div';
2018-01-09 18:08:44 EXEC SPC_GET_CONSTANT '';
2018-01-09 18:08:44 EXEC SPC_001_PI_DETAIL_INQ1 'RT-131001001';
2018-01-09 18:08:48 EXEC SPC_GET_CONSTANT '';
2018-01-09 18:08:48 EXEC SPC_001_PI_DETAIL_INQ1 'RT-131001001';
2018-01-09 18:08:54 EXEC SPC_COM_GET_COMBOBOX 'unit_w_div';
2018-01-09 18:08:54 EXEC SPC_GET_TAX_RATE '2013/10/01';
2018-01-09 18:08:54 EXEC SPC_COM_GET_COMBOBOX 'sales_detail_div';
2018-01-09 18:08:54 EXEC SPC_COM_GET_COMBOBOX 'unit_m_div';
2018-01-09 18:08:54 EXEC SPC_COM_GET_COMBOBOX 'unit_q_div';
2018-01-09 18:08:56 EXEC SPC_GET_CONSTANT '';
2018-01-09 18:08:56 EXEC SPC_001_PI_DETAIL_INQ1 'RT-131001001';
2018-01-09 18:09:55 EXEC SPC_GET_CONSTANT '';
2018-01-09 18:09:55 EXEC SPC_001_PI_DETAIL_INQ1 'RT-131001001';
2018-01-09 18:13:29 EXEC SPC_COM_GET_COMBOBOX 'port_city_div';
2018-01-09 18:13:30 EXEC SPC_COM_GET_COMBOBOX 'port_country_div';
2018-01-09 18:13:30 EXEC SPC_COM_GET_COMBOBOX 'trade_terms_div';
2018-01-09 18:13:30 EXEC SPC_COM_GET_COMBOBOX 'currency_div';
2018-01-09 18:13:30 EXEC SPC_COM_GET_COMBOBOX 'payment_conditions_div';
2018-01-09 18:13:30 EXEC SPC_COM_GET_COMBOBOX 'shipment_div';
2018-01-09 18:13:30 EXEC SPC_COM_GET_COMBOBOX 'unit_w_div';
2018-01-09 18:13:30 EXEC SPC_COM_GET_COMBOBOX 'unit_q_div';
2018-01-09 18:13:30 EXEC SPC_COM_GET_COMBOBOX 'sales_detail_div';
2018-01-09 18:13:30 EXEC SPC_COM_GET_COMBOBOX 'unit_m_div';
2018-01-09 18:13:30 EXEC SPC_COM_GET_COMBOBOX 'bank_div';
2018-01-09 18:13:30 EXEC SPC_GET_TAX_RATE '2018/01/09';
2018-01-09 18:13:31 EXEC SPC_001_PI_DETAIL_INQ1 'RT-131001001';
2018-01-09 18:13:31 EXEC SPC_COM_GET_COMBOBOX 'sales_detail_div';
2018-01-09 18:13:31 EXEC SPC_COM_GET_COMBOBOX 'unit_w_div';
2018-01-09 18:13:32 EXEC SPC_COM_GET_COMBOBOX 'unit_m_div';
2018-01-09 18:13:32 EXEC SPC_GET_TAX_RATE '2013/10/01';
2018-01-09 18:13:32 EXEC SPC_COM_GET_COMBOBOX 'unit_q_div';
2018-01-09 18:13:33 EXEC SPC_GET_CONSTANT '';
2018-01-09 18:13:33 EXEC SPC_001_PI_DETAIL_INQ1 'RT-131001001';
2018-01-09 18:14:19 EXEC SPC_GET_CONSTANT '';
2018-01-09 18:14:19 EXEC SPC_001_PI_DETAIL_INQ1 'RT-131001001';
2018-01-09 18:15:29 EXEC SPC_GET_CONSTANT '';
2018-01-09 18:15:29 EXEC SPC_001_PI_DETAIL_INQ1 'RT-131001001';
2018-01-09 18:15:36 EXEC SPC_GET_TAX_RATE '2013/10/01';
2018-01-09 18:15:36 EXEC SPC_COM_GET_COMBOBOX 'unit_w_div';
2018-01-09 18:15:36 EXEC SPC_COM_GET_COMBOBOX 'sales_detail_div';
2018-01-09 18:15:36 EXEC SPC_COM_GET_COMBOBOX 'unit_m_div';
2018-01-09 18:15:36 EXEC SPC_COM_GET_COMBOBOX 'unit_q_div';
2018-01-09 18:16:00 EXEC SPC_COM_GET_COMBOBOX 'currency_div';
2018-01-09 18:16:00 EXEC SPC_COM_GET_COMBOBOX 'payment_conditions_div';
2018-01-09 18:16:01 EXEC SPC_COM_GET_COMBOBOX 'port_city_div';
2018-01-09 18:16:01 EXEC SPC_COM_GET_COMBOBOX 'trade_terms_div';
2018-01-09 18:16:01 EXEC SPC_COM_GET_COMBOBOX 'port_country_div';
2018-01-09 18:16:01 EXEC SPC_COM_GET_COMBOBOX 'shipment_div';
2018-01-09 18:16:01 EXEC SPC_COM_GET_COMBOBOX 'unit_m_div';
2018-01-09 18:16:01 EXEC SPC_COM_GET_COMBOBOX 'unit_q_div';
2018-01-09 18:16:01 EXEC SPC_COM_GET_COMBOBOX 'sales_detail_div';
2018-01-09 18:16:01 EXEC SPC_COM_GET_COMBOBOX 'bank_div';
2018-01-09 18:16:01 EXEC SPC_COM_GET_COMBOBOX 'unit_w_div';
2018-01-09 18:16:01 EXEC SPC_GET_TAX_RATE '2018/01/09';
2018-01-09 18:16:01 EXEC SPC_001_PI_DETAIL_INQ1 'RT-131001001';
2018-01-09 18:16:02 EXEC SPC_COM_GET_COMBOBOX 'unit_m_div';
2018-01-09 18:16:02 EXEC SPC_GET_TAX_RATE '2013/10/01';
2018-01-09 18:16:02 EXEC SPC_COM_GET_COMBOBOX 'unit_w_div';
2018-01-09 18:16:02 EXEC SPC_COM_GET_COMBOBOX 'sales_detail_div';
2018-01-09 18:16:02 EXEC SPC_COM_GET_COMBOBOX 'unit_q_div';
2018-01-09 18:16:22 EXEC SPC_COM_GET_COMBOBOX 'port_country_div';
2018-01-09 18:16:22 EXEC SPC_COM_GET_COMBOBOX 'payment_conditions_div';
2018-01-09 18:16:22 EXEC SPC_COM_GET_COMBOBOX 'trade_terms_div';
2018-01-09 18:16:22 EXEC SPC_COM_GET_COMBOBOX 'shipment_div';
2018-01-09 18:16:22 EXEC SPC_COM_GET_COMBOBOX 'port_city_div';
2018-01-09 18:16:22 EXEC SPC_COM_GET_COMBOBOX 'currency_div';
2018-01-09 18:16:23 EXEC SPC_COM_GET_COMBOBOX 'bank_div';
_div';
2018-01-09 18:16:23 EXEC SPC_COM_GET_COMBOBOX 'unit_w_div';
2018-01-09 18:16:23 EXEC SPC_COM_GET_COMBOBOX 'unit_q_div';
2018-01-09 18:16:23 EXEC SPC_COM_GET_COMBOBOX 'unit_m_div';
2018-01-09 18:16:23 EXEC SPC_001_PI_DETAIL_INQ1 'RT-131001001';
2018-01-09 18:16:24 EXEC SPC_COM_GET_COMBOBOX 'unit_q_div';
2018-01-09 18:16:24 EXEC SPC_COM_GET_COMBOBOX 'sales_detail_div';
2018-01-09 18:16:24 EXEC SPC_GET_TAX_RATE '2013/10/01';
2018-01-09 18:16:24 EXEC SPC_COM_GET_COMBOBOX 'unit_m_div';
2018-01-09 18:16:24 EXEC SPC_COM_GET_COMBOBOX 'unit_w_div';
2018-01-09 18:16:26 EXEC SPC_GET_CONSTANT '';
2018-01-09 18:16:26 EXEC SPC_001_PI_DETAIL_INQ1 'RT-131001001';
2018-01-09 18:17:06 EXEC SPC_COM_GET_COMBOBOX 'port_city_div';
2018-01-09 18:17:06 EXEC SPC_COM_GET_COMBOBOX 'shipment_div';
2018-01-09 18:17:06 EXEC SPC_COM_GET_COMBOBOX 'payment_conditions_div';
2018-01-09 18:17:06 EXEC SPC_COM_GET_COMBOBOX 'currency_div';
2018-01-09 18:17:06 EXEC SPC_COM_GET_COMBOBOX 'port_country_div';
2018-01-09 18:17:06 EXEC SPC_COM_GET_COMBOBOX 'trade_terms_div';
2018-01-09 18:17:06 EXEC SPC_COM_GET_COMBOBOX 'unit_m_div';
2018-01-09 18:17:06 EXEC SPC_COM_GET_COMBOBOX 'unit_w_div';
2018-01-09 18:17:06 EXEC SPC_COM_GET_COMBOBOX 'unit_q_div';
2018-01-09 18:17:06 EXEC SPC_COM_GET_COMBOBOX 'bank_div';
2018-01-09 18:17:06 EXEC SPC_COM_GET_COMBOBOX 'sales_detail_div';
2018-01-09 18:17:07 EXEC SPC_GET_TAX_RATE '2018/01/09';
2018-01-09 18:17:07 EXEC SPC_001_PI_DETAIL_INQ1 'RT-131001001';
2018-01-09 18:17:08 EXEC SPC_COM_GET_COMBOBOX 'sales_detail_div';
2018-01-09 18:17:08 EXEC SPC_COM_GET_COMBOBOX 'unit_w_div';
2018-01-09 18:17:08 EXEC SPC_COM_GET_COMBOBOX 'unit_m_div';
2018-01-09 18:17:08 EXEC SPC_COM_GET_COMBOBOX 'unit_q_div';
2018-01-09 18:17:08 EXEC SPC_GET_TAX_RATE '2013/10/01';
2018-01-09 18:17:09 EXEC SPC_GET_CONSTANT '';
2018-01-09 18:17:09 EXEC SPC_001_PI_DETAIL_INQ1 'RT-131001001';
2018-01-09 18:20:58 EXEC SPC_GET_CONSTANT '';
2018-01-09 18:20:58 EXEC SPC_001_PI_DETAIL_INQ1 'RT-131001001';
2018-01-09 18:24:04 EXEC SPC_COM_GET_COMBOBOX 'pi_status_div';
2018-01-09 18:24:08 EXEC SPC_002_PI_SEARCH_FND1 '','','','','','','','','1','10';
2018-01-09 18:25:39 EXEC SPC_002_PI_SEARCH_FND1 '','','','','','','','20','1','10';
2018-01-09 18:25:43 EXEC SPC_COM_GET_COMBOBOX 'port_city_div';
2018-01-09 18:25:43 EXEC SPC_COM_GET_COMBOBOX 'unit_q_div';
2018-01-09 18:25:44 EXEC SPC_COM_GET_COMBOBOX 'unit_w_div';
2018-01-09 18:25:44 EXEC SPC_COM_GET_COMBOBOX 'unit_m_div';
2018-01-09 18:25:45 EXEC SPC_COM_GET_COMBOBOX 'sales_detail_div';
2018-01-09 18:25:45 EXEC SPC_COM_GET_COMBOBOX 'bank_div';
2018-01-09 18:25:46 EXEC SPC_GET_TAX_RATE '2018/01/09';
2018-01-09 18:25:46 EXEC SPC_COM_GET_COMBOBOX 'shipment_div';
2018-01-09 18:25:46 EXEC SPC_COM_GET_COMBOBOX 'payment_conditions_div';
2018-01-09 18:25:46 EXEC SPC_COM_GET_COMBOBOX 'currency_div';
2018-01-09 18:25:46 EXEC SPC_COM_GET_COMBOBOX 'trade_terms_div';
2018-01-09 18:25:46 EXEC SPC_001_PI_DETAIL_INQ1 'RT-131001001';
2018-01-09 18:25:47 EXEC SPC_COM_GET_COMBOBOX 'unit_w_div';
2018-01-09 18:25:47 EXEC SPC_COM_GET_COMBOBOX 'unit_q_div';
2018-01-09 18:25:47 EXEC SPC_COM_GET_COMBOBOX 'unit_m_div';
2018-01-09 18:25:47 EXEC SPC_COM_GET_COMBOBOX 'sales_detail_div';
2018-01-09 18:25:47 EXEC SPC_GET_TAX_RATE '2013/10/01';
2018-01-09 18:25:47 EXEC SPC_COM_GET_COMBOBOX 'port_country_div';
2018-01-09 18:26:02 EXEC SPC_COM_GET_COMBOBOX 'currency_div';
2018-01-09 18:26:02 EXEC SPC_COM_GET_COMBOBOX 'trade_terms_div';
2018-01-09 18:26:02 EXEC SPC_COM_GET_COMBOBOX 'shipment_div';
2018-01-09 18:26:02 EXEC SPC_COM_GET_COMBOBOX 'port_city_div';
2018-01-09 18:26:02 EXEC SPC_COM_GET_COMBOBOX 'payment_conditions_div';
2018-01-09 18:26:02 EXEC SPC_COM_GET_COMBOBOX 'port_country_div';
2018-01-09 18:26:03 EXEC SPC_COM_GET_COMBOBOX 'bank_div';
2018-01-09 18:26:03 EXEC SPC_COM_GET_COMBOBOX 'unit_w_div';
2018-01-09 18:26:03 EXEC SPC_COM_GET_COMBOBOX 'sales_detail_div';
2018-01-09 18:26:03 EXEC SPC_COM_GET_COMBOBOX 'unit_m_div';
2018-01-09 18:26:03 EXEC SPC_COM_GET_COMBOBOX 'unit_q_div';
2018-01-09 18:26:03 EXEC SPC_GET_TAX_RATE '2018/01/09';
2018-01-09 18:26:03 EXEC SPC_001_PI_DETAIL_INQ1 'RT-131001001';
2018-01-09 18:26:04 EXEC SPC_COM_GET_COMBOBOX 'sales_detail_div';
2018-01-09 18:26:04 EXEC SPC_COM_GET_COMBOBOX 'unit_w_div';
2018-01-09 18:26:04 EXEC SPC_COM_GET_COMBOBOX 'unit_q_div';
2018-01-09 18:26:04 EXEC SPC_COM_GET_COMBOBOX 'unit_m_div';
2018-01-09 18:26:04 EXEC SPC_GET_TAX_RATE '2013/10/01';
2018-01-09 18:26:11 EXEC SPC_GET_CONSTANT '';
2018-01-09 18:26:11 EXEC SPC_001_PI_DETAIL_INQ1 'RT-131001001';
2018-01-09 18:31:59 EXEC SPC_004_PI_ORDER_CONFIRM_FND1 '','','','','1','10';
2018-01-09 18:34:07 EXEC SPC_004_PI_ORDER_CONFIRM_FND1 '','','','','30','10';
2018-01-09 18:34:21 EXEC SPC_004_PI_ORDER_CONFIRM_ACT1 '[{"pi_no":"RT-150507001"}]','2018/01/09','001','004_pi-order-confirm','192.168.5.206';
2018-01-09 18:34:22 EXEC SPC_004_PI_ORDER_CONFIRM_FND1 '','','','','1','10';
2018-01-09 18:34:24 EXEC SPC_004_PI_ORDER_CONFIRM_FND1 '','','','','30','10';
2018-01-09 18:34:48 EXEC SPC_004_PI_ORDER_CONFIRM_ACT1 '[{"pi_no":"RT-150507001"}]','2018/01/09','001','004_pi-order-confirm','192.168.5.206';
2018-01-09 18:34:49 EXEC SPC_004_PI_ORDER_CONFIRM_FND1 '','','','','1','10';
2018-01-09 18:34:51 EXEC SPC_004_PI_ORDER_CONFIRM_FND1 '','','','','30','10';
2018-01-09 18:35:54 EXEC SPC_004_PI_ORDER_CONFIRM_ACT1 '[{"pi_no":"RT-150507001"}]','2018/01/09','001','004_pi-order-confirm','192.168.5.206';
2018-01-09 18:36:01 EXEC SPC_004_PI_ORDER_CONFIRM_FND1 '','','','','1','10';
2018-01-09 18:36:02 EXEC SPC_004_PI_ORDER_CONFIRM_FND1 '','','','','30','10';
2018-01-09 18:39:13 EXEC SPC_004_PI_ORDER_CONFIRM_ACT1 '[{"pi_no":"RT-150507001"}]','2018/01/09','001','004_pi-order-confirm','192.168.5.206';
2018-01-09 18:39:14 EXEC SPC_004_PI_ORDER_CONFIRM_FND1 '','','','','1','10';
2018-01-09 18:39:16 EXEC SPC_004_PI_ORDER_CONFIRM_FND1 '','','','','30','10';
2018-01-09 18:41:03 EXEC SPC_004_PI_ORDER_CONFIRM_FND1 '','','','','29','10';
2018-01-09 18:41:12 EXEC SPC_004_PI_ORDER_CONFIRM_FND1 '','','','','28','10';
2018-01-09 18:41:21 EXEC SPC_004_PI_ORDER_CONFIRM_FND1 '','','','','27','10';
2018-01-09 18:41:30 EXEC SPC_004_PI_ORDER_CONFIRM_FND1 '','','','','26','10';
2018-01-09 18:42:26 EXEC SPC_004_PI_ORDER_CONFIRM_ACT1 '[{"pi_no":"RT-150312003"},{"pi_no":"RT-150312004"},{"pi_no":"RT-150313001"},{"pi_no":"RT-150313002"}]','2018/01/09','001','004_pi-order-confirm','192.168.5.206';
2018-01-09 18:42:28 EXEC SPC_004_PI_ORDER_CONFIRM_FND1 '','','','','1','10';
2018-01-09 18:48:19 EXEC SPC_COM_GET_COMBOBOX 'pi_status_div';
2018-01-09 18:48:21 EXEC SPC_002_PI_SEARCH_FND1 '','','','','','','','','1','10';
2018-01-09 18:48:25 EXEC SPC_002_PI_SEARCH_FND1 '','','','','','','','20','1','10';
2018-01-09 18:48:33 EXEC SPC_COM_GET_COMBOBOX 'port_country_div';
2018-01-09 18:48:33 EXEC SPC_COM_GET_COMBOBOX 'unit_q_div';
2018-01-09 18:48:34 EXEC SPC_COM_GET_COMBOBOX 'unit_w_div';
2018-01-09 18:48:34 EXEC SPC_COM_GET_COMBOBOX 'unit_m_div';
2018-01-09 18:48:35 EXEC SPC_COM_GET_COMBOBOX 'sales_detail_div';
2018-01-09 18:48:35 EXEC SPC_COM_GET_COMBOBOX 'bank_div';
2018-01-09 18:48:35 EXEC SPC_COM_GET_COMBOBOX 'trade_terms_div';
2018-01-09 18:48:35 EXEC SPC_COM_GET_COMBOBOX 'payment_conditions_div';
2018-01-09 18:48:36 EXEC SPC_COM_GET_COMBOBOX 'shipment_div';
2018-01-09 18:48:36 EXEC SPC_COM_GET_COMBOBOX 'port_city_div';
2018-01-09 18:48:36 EXEC SPC_GET_TAX_RATE '2018/01/09';
2018-01-09 18:48:36 EXEC SPC_001_PI_DETAIL_INQ1 'RT-131022001';
2018-01-09 18:48:36 EXEC SPC_GET_CONSTANT '';
2018-01-09 18:48:36 EXEC SPC_001_PI_DETAIL_INQ1 'RT-131022001';
2018-01-09 18:48:36 EXEC SPC_COM_GET_COMBOBOX 'unit_m_div';
2018-01-09 18:48:37 EXEC SPC_GET_TAX_RATE '2013/10/22';
2018-01-09 18:48:37 EXEC SPC_COM_GET_COMBOBOX 'unit_q_div';
2018-01-09 18:48:37 EXEC SPC_COM_GET_COMBOBOX 'unit_w_div';
2018-01-09 18:48:37 EXEC SPC_COM_GET_COMBOBOX 'currency_div';
2018-01-09 18:48:37 EXEC SPC_COM_GET_COMBOBOX 'sales_detail_div';
2018-01-09 18:51:35 EXEC SPC_GET_CONSTANT '';
2018-01-09 18:51:35 EXEC SPC_001_PI_DETAIL_INQ1 'RT-131022001';
2018-01-09 18:59:46 EXEC SPC_GET_CONSTANT '';
2018-01-09 18:59:46 EXEC SPC_001_PI_DETAIL_INQ1 'RT-131022001';
2018-01-09 19:24:07 EXEC SPC_COM_GET_COMBOBOX 'port_country_div';
2018-01-09 19:24:08 EXEC SPC_COM_GET_COMBOBOX 'unit_q_div';
2018-01-09 19:24:08 EXEC SPC_COM_GET_COMBOBOX 'unit_w_div';
2018-01-09 19:24:08 EXEC SPC_COM_GET_COMBOBOX 'shipment_div';
2018-01-09 19:24:08 EXEC SPC_COM_GET_COMBOBOX 'currency_div';
2018-01-09 19:24:08 EXEC SPC_COM_GET_COMBOBOX 'trade_terms_div';
2018-01-09 19:24:09 EXEC SPC_COM_GET_COMBOBOX 'payment_conditions_div';
2018-01-09 19:24:09 EXEC SPC_COM_GET_COMBOBOX 'port_city_div';
2018-01-09 19:24:09 EXEC SPC_COM_GET_COMBOBOX 'unit_m_div';
2018-01-09 19:24:09 EXEC SPC_COM_GET_COMBOBOX 'sales_detail_div';
2018-01-09 19:24:09 EXEC SPC_COM_GET_COMBOBOX 'bank_div';
2018-01-09 19:24:09 EXEC SPC_GET_TAX_RATE '2018/01/09';
2018-01-09 19:24:09 EXEC SPC_001_PI_DETAIL_INQ1 'RT-131022001';
2018-01-09 19:24:10 EXEC SPC_COM_GET_COMBOBOX 'unit_m_div';
2018-01-09 19:24:10 EXEC SPC_COM_GET_COMBOBOX 'sales_detail_div';
2018-01-09 19:24:10 EXEC SPC_COM_GET_COMBOBOX 'unit_q_div';
2018-01-09 19:24:10 EXEC SPC_GET_TAX_RATE '2013/10/22';
2018-01-09 19:24:11 EXEC SPC_GET_CONSTANT '';
2018-01-09 19:24:11 EXEC SPC_001_PI_DETAIL_INQ1 'RT-131022001';
2018-01-09 19:29:17 EXEC SPC_COM_GET_COMBOBOX 'port_country_div';
2018-01-09 19:29:17 EXEC SPC_COM_GET_COMBOBOX 'trade_terms_div';
2018-01-09 19:29:17 EXEC SPC_COM_GET_COMBOBOX 'payment_conditions_div';
2018-01-09 19:29:17 EXEC SPC_COM_GET_COMBOBOX 'port_city_div';
2018-01-09 19:29:17 EXEC SPC_COM_GET_COMBOBOX 'currency_div';
2018-01-09 19:29:17 EXEC SPC_COM_GET_COMBOBOX 'shipment_div';
2018-01-09 19:29:18 EXEC SPC_COM_GET_COMBOBOX 'unit_q_div';
2018-01-09 19:29:18 EXEC SPC_COM_GET_COMBOBOX 'unit_w_div';
2018-01-09 19:29:18 EXEC SPC_COM_GET_COMBOBOX 'unit_m_div';
2018-01-09 19:29:18 EXEC SPC_COM_GET_COMBOBOX 'bank_div';
2018-01-09 19:29:18 EXEC SPC_GET_TAX_RATE '2018/01/09';
2018-01-09 19:29:18 EXEC SPC_COM_GET_COMBOBOX 'sales_detail_div';
2018-01-09 19:29:18 EXEC SPC_001_PI_DETAIL_INQ1 'RT-131022001';
2018-01-09 19:29:19 EXEC SPC_COM_GET_COMBOBOX 'unit_q_div';
2018-01-09 19:29:19 EXEC SPC_GET_TAX_RATE '2013/10/22';
2018-01-09 19:29:19 EXEC SPC_COM_GET_COMBOBOX 'sales_detail_div';
2018-01-09 19:29:19 EXEC SPC_COM_GET_COMBOBOX 'unit_w_div';
2018-01-09 19:29:19 EXEC SPC_COM_GET_COMBOBOX 'unit_m_div';
2018-01-09 19:29:22 EXEC SPC_GET_CONSTANT '';
2018-01-09 19:29:22 EXEC SPC_001_PI_DETAIL_INQ1 'RT-131022001';
2018-01-09 19:30:23 EXEC SPC_GET_CONSTANT '';
2018-01-09 19:30:23 EXEC SPC_001_PI_DETAIL_INQ1 'RT-131022001';
2018-01-09 19:32:24 EXEC SPC_GET_CONSTANT '';
2018-01-09 19:32:24 EXEC SPC_001_PI_DETAIL_INQ1 'RT-131022001';
2018-01-09 19:33:59 EXEC SPC_GET_CONSTANT '';
2018-01-09 19:33:59 EXEC SPC_001_PI_DETAIL_INQ1 'RT-131022001';
2018-01-09 19:35:23 EXEC SPC_GET_CONSTANT '';
2018-01-09 19:35:23 EXEC SPC_001_PI_DETAIL_INQ1 'RT-131022001';
2018-01-09 19:36:38 EXEC SPC_GET_CONSTANT '';
2018-01-09 19:36:38 EXEC SPC_001_PI_DETAIL_INQ1 'RT-131022001';
2018-01-09 19:40:04 EXEC SPC_GET_CONSTANT '';
2018-01-09 19:40:04 EXEC SPC_001_PI_DETAIL_INQ1 'RT-131022001';
2018-01-09 19:41:02 EXEC SPC_GET_CONSTANT '';
2018-01-09 19:41:02 EXEC SPC_001_PI_DETAIL_INQ1 'RT-131022001';
2018-01-09 19:41:18 EXEC SPC_GET_CONSTANT '';
2018-01-09 19:41:18 EXEC SPC_001_PI_DETAIL_INQ1 'RT-131022001';
2018-01-09 19:49:40 EXEC SPC_COM_GET_COMBOBOX 'port_country_div';
2018-01-09 19:49:40 EXEC SPC_COM_GET_COMBOBOX 'trade_terms_div';
2018-01-09 19:49:40 EXEC SPC_COM_GET_COMBOBOX 'currency_div';
2018-01-09 19:49:40 EXEC SPC_COM_GET_COMBOBOX 'port_city_div';
2018-01-09 19:49:40 EXEC SPC_COM_GET_COMBOBOX 'shipment_div';
2018-01-09 19:49:40 EXEC SPC_COM_GET_COMBOBOX 'payment_conditions_div';
2018-01-09 19:49:41 EXEC SPC_COM_GET_COMBOBOX 'unit_q_div';
2018-01-09 19:49:41 EXEC SPC_001_PI_DETAIL_INQ1 'RT-131022001';
2018-01-09 19:49:41 EXEC SPC_COM_GET_COMBOBOX 'bank_div';
2018-01-09 19:49:41 EXEC SPC_COM_GET_COMBOBOX 'unit_m_div';
2018-01-09 19:49:41 EXEC SPC_GET_TAX_RATE '2018/01/09';
2018-01-09 19:49:41 EXEC SPC_COM_GET_COMBOBOX 'sales_detail_div';
2018-01-09 19:49:41 EXEC SPC_COM_GET_COMBOBOX 'unit_w_div';
2018-01-09 19:49:42 EXEC SPC_GET_TAX_RATE '2013/10/22';
2018-01-09 19:49:42 EXEC SPC_COM_GET_COMBOBOX 'unit_q_div';
2018-01-09 19:49:42 EXEC SPC_COM_GET_COMBOBOX 'sales_detail_div';
2018-01-09 19:49:42 EXEC SPC_COM_GET_COMBOBOX 'unit_w_div';
2018-01-09 19:49:42 EXEC SPC_COM_GET_COMBOBOX 'unit_m_div';
2018-01-09 19:49:43 EXEC SPC_GET_CONSTANT '';
2018-01-09 19:49:43 EXEC SPC_001_PI_DETAIL_INQ1 'RT-131022001';
2018-01-09 19:50:38 EXEC SPC_COM_GET_COMBOBOX 'shipment_div';
2018-01-09 19:50:38 EXEC SPC_COM_GET_COMBOBOX 'currency_div';
2018-01-09 19:50:38 EXEC SPC_COM_GET_COMBOBOX 'port_city_div';
2018-01-09 19:50:38 EXEC SPC_COM_GET_COMBOBOX 'port_country_div';
2018-01-09 19:50:38 EXEC SPC_COM_GET_COMBOBOX 'trade_terms_div';
2018-01-09 19:50:38 EXEC SPC_COM_GET_COMBOBOX 'payment_conditions_div';
2018-01-09 19:50:39 EXEC SPC_COM_GET_COMBOBOX 'bank_div';
2018-01-09 19:50:39 EXEC SPC_COM_GET_COMBOBOX 'unit_m_div';
2018-01-09 19:50:39 EXEC SPC_COM_GET_COMBOBOX 'unit_w_div';
2018-01-09 19:50:39 EXEC SPC_GET_TAX_RATE '2013/10/22';
2018-01-09 19:50:39 EXEC SPC_COM_GET_COMBOBOX 'unit_q_div';
2018-01-09 19:50:39 EXEC SPC_COM_GET_COMBOBOX 'sales_detail_div';
2018-01-09 19:50:43 EXEC SPC_GET_CONSTANT '';
2018-01-09 19:50:43 EXEC SPC_001_PI_DETAIL_INQ1 'RT-131022001';
2018-01-09 19:52:25 EXEC SPC_GET_CONSTANT '';
2018-01-09 19:52:25 EXEC SPC_001_PI_DETAIL_INQ1 'RT-131022001';
2018-01-09 19:52:28 EXEC SPC_GET_TAX_RATE '2013/10/22';
2018-01-09 19:52:28 EXEC SPC_COM_GET_COMBOBOX 'unit_q_div';
2018-01-09 19:52:28 EXEC SPC_COM_GET_COMBOBOX 'unit_m_div';
2018-01-09 19:52:28 EXEC SPC_COM_GET_COMBOBOX 'unit_w_div';
2018-01-09 19:52:28 EXEC SPC_COM_GET_COMBOBOX 'sales_detail_div';
2018-01-09 19:52:41 EXEC SPC_GET_CONSTANT '';
2018-01-09 19:52:41 EXEC SPC_001_PI_DETAIL_INQ1 'RT-131022001';
2018-01-09 19:52:51 EXEC SPC_COM_GET_COMBOBOX 'unit_q_div';
2018-01-09 19:52:51 EXEC SPC_COM_GET_COMBOBOX 'sales_detail_div';
2018-01-09 19:52:51 EXEC SPC_GET_TAX_RATE '2013/10/22';
2018-01-09 19:52:51 EXEC SPC_COM_GET_COMBOBOX 'unit_w_div';
2018-01-09 19:52:51 EXEC SPC_COM_GET_COMBOBOX 'unit_m_div';
2018-01-09 19:53:01 EXEC SPC_001_PI_DETAIL_INQ1 'RT-131022001';
2018-01-09 19:53:04 EXEC SPC_GET_TAX_RATE '2013/10/22';
2018-01-09 19:53:04 EXEC SPC_COM_GET_COMBOBOX 'unit_w_div';
2018-01-09 19:53:04 EXEC SPC_COM_GET_COMBOBOX 'unit_m_div';
iv';
2018-01-09 19:53:04 EXEC SPC_COM_GET_COMBOBOX 'unit_q_div';
2018-01-09 19:54:21 EXEC SPC_COM_GET_COMBOBOX 'trade_terms_div';
2018-01-09 19:54:21 EXEC SPC_COM_GET_COMBOBOX 'currency_div';
2018-01-09 19:54:21 EXEC SPC_COM_GET_COMBOBOX 'port_country_div';
2018-01-09 19:54:21 EXEC SPC_COM_GET_COMBOBOX 'shipment_div';
2018-01-09 19:54:21 EXEC SPC_COM_GET_COMBOBOX 'port_city_div';
2018-01-09 19:54:21 EXEC SPC_COM_GET_COMBOBOX 'payment_conditions_div';
2018-01-09 19:54:21 EXEC SPC_COM_GET_COMBOBOX 'sales_detail_div';
2018-01-09 19:54:21 EXEC SPC_COM_GET_COMBOBOX 'unit_w_div';
2018-01-09 19:54:21 EXEC SPC_COM_GET_COMBOBOX 'bank_div';
2018-01-09 19:54:21 EXEC SPC_COM_GET_COMBOBOX 'unit_m_div';
2018-01-09 19:54:21 EXEC SPC_COM_GET_COMBOBOX 'unit_q_div';
2018-01-09 19:54:21 EXEC SPC_GET_TAX_RATE '2018/01/09';
2018-01-09 19:54:22 EXEC SPC_001_PI_DETAIL_INQ1 'RT-131022001';
2018-01-09 19:54:22 EXEC SPC_COM_GET_COMBOBOX 'unit_q_div';
2018-01-09 19:54:22 EXEC SPC_COM_GET_COMBOBOX 'unit_m_div';
2018-01-09 19:54:22 EXEC SPC_GET_TAX_RATE '2013/10/22';
2018-01-09 19:54:22 EXEC SPC_COM_GET_COMBOBOX 'sales_detail_div';
2018-01-09 19:54:22 EXEC SPC_COM_GET_COMBOBOX 'unit_w_div';
2018-01-09 19:54:25 EXEC SPC_GET_CONSTANT '';
2018-01-09 19:54:25 EXEC SPC_001_PI_DETAIL_INQ1 'RT-131022001';
2018-01-09 19:54:33 EXEC SPC_GET_TAX_RATE '2013/10/22';
2018-01-09 19:54:33 EXEC SPC_COM_GET_COMBOBOX 'unit_q_div';
2018-01-09 19:54:33 EXEC SPC_COM_GET_COMBOBOX 'unit_w_div';
2018-01-09 19:54:33 EXEC SPC_COM_GET_COMBOBOX 'unit_m_div';
2018-01-09 19:54:33 EXEC SPC_COM_GET_COMBOBOX 'sales_detail_div';
2018-01-09 19:54:37 EXEC SPC_001_PI_DETAIL_INQ1 'RT-131022001';
2018-01-09 19:55:02 EXEC SPC_COM_GET_COMBOBOX 'unit_m_div';
2018-01-09 19:55:02 EXEC SPC_GET_TAX_RATE '2013/10/22';
2018-01-09 19:55:02 EXEC SPC_COM_GET_COMBOBOX 'unit_q_div';
2018-01-09 19:55:02 EXEC SPC_COM_GET_COMBOBOX 'sales_detail_div';
2018-01-09 19:55:02 EXEC SPC_COM_GET_COMBOBOX 'unit_w_div';
2018-01-09 19:55:04 EXEC SPC_GET_CONSTANT '';
2018-01-09 19:55:04 EXEC SPC_001_PI_DETAIL_INQ1 'RT-131022001';
2018-01-09 19:55:08 EXEC SPC_COM_GET_COMBOBOX 'unit_w_div';
2018-01-09 19:55:08 EXEC SPC_GET_TAX_RATE '2013/10/22';
2018-01-09 19:55:08 EXEC SPC_COM_GET_COMBOBOX 'unit_q_div';
2018-01-09 19:55:08 EXEC SPC_COM_GET_COMBOBOX 'unit_m_div';
2018-01-09 19:55:08 EXEC SPC_COM_GET_COMBOBOX 'sales_detail_div';
2018-01-09 19:55:18 EXEC SPC_GET_CONSTANT '';
2018-01-09 19:55:18 EXEC SPC_001_PI_DETAIL_INQ1 'RT-131022001';
2018-01-09 19:56:03 EXEC SPC_COM_GET_COMBOBOX 'unit_q_div';
2018-01-09 19:56:03 EXEC SPC_COM_GET_COMBOBOX 'unit_w_div';
2018-01-09 19:56:03 EXEC SPC_COM_GET_COMBOBOX 'sales_detail_div';
2018-01-09 19:56:03 EXEC SPC_COM_GET_COMBOBOX 'unit_m_div';
2018-01-09 19:56:03 EXEC SPC_GET_TAX_RATE '2013/10/22';
2018-01-09 19:56:05 EXEC SPC_GET_CONSTANT '';
2018-01-09 19:56:05 EXEC SPC_GET_CONSTANT '';
2018-01-09 19:56:05 EXEC SPC_001_PI_DETAIL_INQ1 'RT-131022001';
2018-01-09 19:56:08 EXEC SPC_COM_GET_COMBOBOX 'unit_w_div';
2018-01-09 19:56:08 EXEC SPC_COM_GET_COMBOBOX 'sales_detail_div';
2018-01-09 19:56:08 EXEC SPC_GET_TAX_RATE '2013/10/22';
2018-01-09 19:56:08 EXEC SPC_COM_GET_COMBOBOX 'unit_m_div';
2018-01-09 19:56:08 EXEC SPC_COM_GET_COMBOBOX 'unit_q_div';
2018-01-09 19:56:13 EXEC SPC_GET_CONSTANT '';
2018-01-09 19:56:13 EXEC SPC_001_PI_DETAIL_INQ1 'RT-131022001';
2018-01-09 19:56:17 EXEC SPC_COM_GET_COMBOBOX 'unit_w_div';
2018-01-09 19:56:17 EXEC SPC_COM_GET_COMBOBOX 'sales_detail_div';
2018-01-09 19:56:17 EXEC SPC_COM_GET_COMBOBOX 'unit_m_div';
2018-01-09 19:56:17 EXEC SPC_COM_GET_COMBOBOX 'unit_q_div';
2018-01-09 19:56:17 EXEC SPC_GET_TAX_RATE '2013/10/22';
2018-01-09 19:56:27 EXEC SPC_GET_CONSTANT '';
2018-01-09 19:56:27 EXEC SPC_001_PI_DETAIL_INQ1 'RT-131022001';
2018-01-09 19:56:30 EXEC SPC_COM_GET_COMBOBOX 'unit_m_div';
2018-01-09 19:56:30 EXEC SPC_COM_GET_COMBOBOX 'unit_q_div';
2018-01-09 19:56:30 EXEC SPC_COM_GET_COMBOBOX 'sales_detail_div';
2018-01-09 19:56:30 EXEC SPC_COM_GET_COMBOBOX 'unit_w_div';
2018-01-09 19:56:30 EXEC SPC_GET_TAX_RATE '2013/10/22';
2018-01-09 19:56:32 EXEC SPC_COM_GET_COMBOBOX 'payment_conditions_div';
2018-01-09 19:56:32 EXEC SPC_COM_GET_COMBOBOX 'port_country_div';
2018-01-09 19:56:32 EXEC SPC_COM_GET_COMBOBOX 'currency_div';
2018-01-09 19:56:32 EXEC SPC_COM_GET_COMBOBOX 'port_city_div';
2018-01-09 19:56:32 EXEC SPC_COM_GET_COMBOBOX 'shipment_div';
2018-01-09 19:56:33 EXEC SPC_COM_GET_COMBOBOX 'trade_terms_div';
2018-01-09 19:56:33 EXEC SPC_COM_GET_COMBOBOX 'bank_div';
2018-01-09 19:56:33 EXEC SPC_COM_GET_COMBOBOX 'unit_m_div';
2018-01-09 19:56:33 EXEC SPC_COM_GET_COMBOBOX 'unit_q_div';
2018-01-09 19:56:33 EXEC SPC_COM_GET_COMBOBOX 'sales_detail_div';
2018-01-09 19:56:33 EXEC SPC_COM_GET_COMBOBOX 'unit_w_div';
2018-01-09 19:56:33 EXEC SPC_GET_TAX_RATE '2018/01/09';
2018-01-09 19:56:33 EXEC SPC_001_PI_DETAIL_INQ1 'RT-131022001';
2018-01-09 19:56:34 EXEC SPC_COM_GET_COMBOBOX 'unit_w_div';
2018-01-09 19:56:34 EXEC SPC_COM_GET_COMBOBOX 'unit_m_div';
2018-01-09 19:56:34 EXEC SPC_COM_GET_COMBOBOX 'unit_q_div';
2018-01-09 19:56:34 EXEC SPC_GET_TAX_RATE '2013/10/22';
2018-01-09 19:56:34 EXEC SPC_COM_GET_COMBOBOX 'sales_detail_div';
2018-01-09 19:56:41 EXEC SPC_GET_CONSTANT '';
2018-01-09 19:56:56 EXEC SPC_GET_TAX_RATE '2013/10/22';
2018-01-09 19:56:56 EXEC SPC_COM_GET_COMBOBOX 'unit_q_div';
2018-01-09 19:56:56 EXEC SPC_COM_GET_COMBOBOX 'sales_detail_div';
2018-01-09 19:56:56 EXEC SPC_COM_GET_COMBOBOX 'unit_m_div';
2018-01-09 19:56:59 EXEC SPC_GET_CONSTANT '';
2018-01-09 19:56:59 EXEC SPC_001_PI_DETAIL_INQ1 'RT-131022001';
2018-01-09 19:57:03 EXEC SPC_COM_GET_COMBOBOX 'unit_w_div';
2018-01-09 19:57:03 EXEC SPC_GET_TAX_RATE '2013/10/22';
2018-01-09 19:57:03 EXEC SPC_COM_GET_COMBOBOX 'unit_m_div';
2018-01-09 19:57:03 EXEC SPC_COM_GET_COMBOBOX 'unit_q_div';
2018-01-09 19:57:03 EXEC SPC_COM_GET_COMBOBOX 'sales_detail_div';
2018-01-09 19:57:24 EXEC SPC_GET_CONSTANT '';
2018-01-09 19:57:24 EXEC SPC_001_PI_DETAIL_INQ1 'RT-131022001';
2018-01-09 19:57:28 EXEC SPC_COM_GET_COMBOBOX 'unit_q_div';
2018-01-09 19:57:28 EXEC SPC_COM_GET_COMBOBOX 'unit_w_div';
2018-01-09 19:57:28 EXEC SPC_COM_GET_COMBOBOX 'unit_m_div';
2018-01-09 19:57:28 EXEC SPC_COM_GET_COMBOBOX 'sales_detail_div';
2018-01-09 19:57:28 EXEC SPC_GET_TAX_RATE '2013/10/22';
2018-01-09 19:57:47 EXEC SPC_GET_CONSTANT '';
2018-01-09 19:57:47 EXEC SPC_001_PI_DETAIL_INQ1 'RT-131022001';
2018-01-09 19:57:53 EXEC SPC_COM_GET_COMBOBOX 'unit_w_div';
2018-01-09 19:57:53 EXEC SPC_COM_GET_COMBOBOX 'unit_q_div';
2018-01-09 19:57:53 EXEC SPC_COM_GET_COMBOBOX 'sales_detail_div';
2018-01-09 19:57:53 EXEC SPC_GET_TAX_RATE '2013/10/22';
2018-01-09 19:57:53 EXEC SPC_COM_GET_COMBOBOX 'unit_m_div';
2018-01-09 19:58:20 EXEC SPC_GET_CONSTANT '';
2018-01-09 19:58:20 EXEC SPC_001_PI_DETAIL_INQ1 'RT-131022001';
2018-01-09 19:59:15 EXEC SPC_GET_CONSTANT '';
2018-01-09 19:59:15 EXEC SPC_GET_CONSTANT '';
2018-01-09 19:59:15 EXEC SPC_001_PI_DETAIL_INQ1 'RT-131022001';
2018-01-09 19:59:19 EXEC SPC_GET_TAX_RATE '2013/10/22';
2018-01-09 19:59:19 EXEC SPC_COM_GET_COMBOBOX 'unit_w_div';
2018-01-09 19:59:19 EXEC SPC_COM_GET_COMBOBOX 'unit_q_div';
2018-01-09 19:59:19 EXEC SPC_COM_GET_COMBOBOX 'sales_detail_div';
2018-01-09 19:59:19 EXEC SPC_COM_GET_COMBOBOX 'unit_m_div';
2018-01-09 19:59:31 EXEC SPC_GET_CONSTANT '';
2018-01-09 19:59:31 EXEC SPC_GET_CONSTANT '';
2018-01-09 19:59:31 EXEC SPC_001_PI_DETAIL_INQ1 'RT-131022001';
2018-01-09 19:59:41 EXEC SPC_COM_GET_COMBOBOX 'unit_w_div';
2018-01-09 19:59:41 EXEC SPC_COM_GET_COMBOBOX 'unit_m_div';
2018-01-09 19:59:41 EXEC SPC_GET_TAX_RATE '2013/10/22';
2018-01-09 19:59:41 EXEC SPC_COM_GET_COMBOBOX 'unit_q_div';
2018-01-09 19:59:41 EXEC SPC_COM_GET_COMBOBOX 'sales_detail_div';
2018-01-09 19:59:48 EXEC SPC_GET_CONSTANT '';
2018-01-09 19:59:48 EXEC SPC_GET_CONSTANT '';
2018-01-09 19:59:48 EXEC SPC_001_PI_DETAIL_INQ1 'RT-131022001';
2018-01-09 19:59:57 EXEC SPC_GET_CONSTANT '';
2018-01-09 19:59:57 EXEC SPC_GET_CONSTANT '';
2018-01-09 19:59:57 EXEC SPC_001_PI_DETAIL_INQ1 'RT-131022001';
2018-01-09 20:00:24 EXEC SPC_GET_CONSTANT '';
2018-01-09 20:00:24 EXEC SPC_GET_CONSTANT '';
2018-01-09 20:00:24 EXEC SPC_001_PI_DETAIL_INQ1 'RT-131022001';
2018-01-09 20:00:54 EXEC SPC_GET_CONSTANT '';
2018-01-09 20:00:54 EXEC SPC_001_PI_DETAIL_INQ1 'RT-131022001';
2018-01-09 20:05:40 EXEC SPC_COM_GET_COMBOBOX 'port_country_div';
2018-01-09 20:05:41 EXEC SPC_COM_GET_COMBOBOX 'unit_q_div';
2018-01-09 20:05:41 EXEC SPC_COM_GET_COMBOBOX 'unit_w_div';
2018-01-09 20:05:41 EXEC SPC_COM_GET_COMBOBOX 'payment_conditions_div';
2018-01-09 20:05:41 EXEC SPC_COM_GET_COMBOBOX 'currency_div';
2018-01-09 20:05:41 EXEC SPC_COM_GET_COMBOBOX 'port_city_div';
2018-01-09 20:05:41 EXEC SPC_COM_GET_COMBOBOX 'trade_terms_div';
2018-01-09 20:05:41 EXEC SPC_COM_GET_COMBOBOX 'shipment_div';
2018-01-09 20:05:42 EXEC SPC_COM_GET_COMBOBOX 'unit_m_div';
2018-01-09 20:05:42 EXEC SPC_COM_GET_COMBOBOX 'sales_detail_div';
2018-01-09 20:05:42 EXEC SPC_GET_TAX_RATE '2018/01/09';
2018-01-09 20:05:42 EXEC SPC_COM_GET_COMBOBOX 'bank_div';
2018-01-09 20:05:42 EXEC SPC_001_PI_DETAIL_INQ1 'RT-131022001';
2018-01-09 20:05:43 EXEC SPC_GET_TAX_RATE '2013/10/22';
2018-01-09 20:05:43 EXEC SPC_COM_GET_COMBOBOX 'unit_w_div';
2018-01-09 20:05:43 EXEC SPC_COM_GET_COMBOBOX 'unit_q_div';
2018-01-09 20:05:43 EXEC SPC_COM_GET_COMBOBOX 'sales_detail_div';
2018-01-09 20:05:43 EXEC SPC_COM_GET_COMBOBOX 'unit_m_div';
2018-01-09 20:05:48 EXEC SPC_COM_GET_COMBOBOX 'currency_div';
2018-01-09 20:05:48 EXEC SPC_COM_GET_COMBOBOX 'payment_conditions_div';
2018-01-09 20:05:48 EXEC SPC_COM_GET_COMBOBOX 'trade_terms_div';
2018-01-09 20:05:48 EXEC SPC_COM_GET_COMBOBOX 'port_country_div';
2018-01-09 20:05:48 EXEC SPC_COM_GET_COMBOBOX 'shipment_div';
2018-01-09 20:05:48 EXEC SPC_COM_GET_COMBOBOX 'port_city_div';
2018-01-09 20:05:49 EXEC SPC_COM_GET_COMBOBOX 'unit_q_div';
2018-01-09 20:05:49 EXEC SPC_COM_GET_COMBOBOX 'unit_w_div';
2018-01-09 20:05:49 EXEC SPC_COM_GET_COMBOBOX 'bank_div';
2018-01-09 20:05:49 EXEC SPC_COM_GET_COMBOBOX 'unit_m_div';
2018-01-09 20:05:49 EXEC SPC_COM_GET_COMBOBOX 'sales_detail_div';
2018-01-09 20:05:49 EXEC SPC_GET_TAX_RATE '2018/01/09';
2018-01-09 20:05:49 EXEC SPC_001_PI_DETAIL_INQ1 'RT-131022001';
2018-01-09 20:05:50 EXEC SPC_GET_TAX_RATE '2013/10/22';
2018-01-09 20:05:50 EXEC SPC_COM_GET_COMBOBOX 'sales_detail_div';
2018-01-09 20:05:50 EXEC SPC_COM_GET_COMBOBOX 'unit_m_div';
2018-01-09 20:05:50 EXEC SPC_COM_GET_COMBOBOX 'unit_q_div';
2018-01-09 20:05:50 EXEC SPC_COM_GET_COMBOBOX 'unit_w_div';
2018-01-09 20:05:53 EXEC SPC_GET_CONSTANT '';
2018-01-09 20:05:53 EXEC SPC_001_PI_DETAIL_INQ1 'RT-131022001';
