2018-02-07 10:41:06 EXEC SPC_COM_GET_COMBOBOX 'port_city_div';
2018-02-07 10:41:06 EXEC SPC_COM_GET_COMBOBOX 'unit_q_div';
2018-02-07 10:41:07 EXEC SPC_COM_GET_COMBOBOX 'shipment_div';
2018-02-07 10:41:07 EXEC SPC_COM_GET_COMBOBOX 'sales_detail_div';
2018-02-07 10:41:07 EXEC SPC_COM_GET_COMBOBOX 'currency_div';
2018-02-07 10:41:07 EXEC SPC_COM_GET_COMBOBOX 'unit_w_div';
2018-02-07 10:41:07 EXEC SPC_COM_GET_COMBOBOX 'trade_terms_div';
2018-02-07 10:41:07 EXEC SPC_COM_GET_COMBOBOX 'unit_m_div';
2018-02-07 10:41:07 EXEC SPC_GET_TAX_RATE '2018/02/07';
2018-02-07 10:41:07 EXEC SPC_COM_GET_COMBOBOX 'port_country_div';
2018-02-07 10:41:16 EXEC SPC_005_ACCEPT_DETAIL_INQ1 'J-18010007';
2018-02-07 10:41:17 EXEC SPC_COM_GET_COMBOBOX 'unit_w_div';
2018-02-07 10:41:17 EXEC SPC_COM_GET_COMBOBOX 'sales_detail_div';
2018-02-07 10:41:17 EXEC SPC_GET_TAX_RATE '2018/01/27';
2018-02-07 10:41:17 EXEC SPC_COM_GET_COMBOBOX 'unit_m_div';
2018-02-07 10:41:34 EXEC SPC_073_LOGIN_ACT1 '812','812';
2018-02-07 10:41:34 EXEC SPC_GET_CONSTANT '';
2018-02-07 10:41:46 EXEC SPC_COM_GET_COMBOBOX 'port_city_div';
2018-02-07 10:41:46 EXEC SPC_COM_GET_COMBOBOX 'port_country_div';
2018-02-07 10:41:46 EXEC SPC_COM_GET_COMBOBOX 'currency_div';
2018-02-07 10:41:46 EXEC SPC_COM_GET_COMBOBOX 'trade_terms_div';
2018-02-07 10:41:46 EXEC SPC_COM_GET_COMBOBOX 'shipment_div';
2018-02-07 10:41:46 EXEC SPC_COM_GET_COMBOBOX 'sales_detail_div';
2018-02-07 10:41:46 EXEC SPC_COM_GET_COMBOBOX 'unit_m_div';
2018-02-07 10:41:46 EXEC SPC_GET_TAX_RATE '2018/02/07';
2018-02-07 10:41:46 EXEC SPC_COM_GET_COMBOBOX 'unit_w_div';
2018-02-07 10:41:46 EXEC SPC_COM_GET_COMBOBOX 'unit_q_div';
2018-02-07 10:41:50 EXEC SPC_005_ACCEPT_DETAIL_INQ1 'J-18010007';
2018-02-07 10:41:50 EXEC SPC_COM_GET_COMBOBOX 'unit_q_div';
2018-02-07 10:41:50 EXEC SPC_COM_GET_COMBOBOX 'unit_m_div';
2018-02-07 10:41:50 EXEC SPC_COM_GET_COMBOBOX 'sales_detail_div';
2018-02-07 10:41:50 EXEC SPC_GET_TAX_RATE '2018/01/27';
2018-02-07 10:41:50 EXEC SPC_COM_GET_COMBOBOX 'unit_w_div';
2018-02-07 10:42:29 EXEC SPC_COM_GET_COMBOBOX 'currency_div';
;
2018-02-07 10:42:29 EXEC SPC_COM_GET_COMBOBOX 'port_country_div';
2018-02-07 10:42:29 EXEC SPC_COM_GET_COMBOBOX 'shipment_div';
2018-02-07 10:42:29 EXEC SPC_COM_GET_COMBOBOX 'sales_detail_div';
2018-02-07 10:42:29 EXEC SPC_COM_GET_COMBOBOX 'port_city_div';
2018-02-07 10:42:29 EXEC SPC_COM_GET_COMBOBOX 'unit_q_div';
2018-02-07 10:42:29 EXEC SPC_COM_GET_COMBOBOX 'unit_m_div';
2018-02-07 10:42:29 EXEC SPC_GET_TAX_RATE '2018/02/07';
2018-02-07 10:42:29 EXEC SPC_COM_GET_COMBOBOX 'unit_w_div';
2018-02-07 10:43:29 EXEC SPC_005_ACCEPT_DETAIL_INQ1 'J-18010007';
2018-02-07 10:43:30 EXEC SPC_GET_TAX_RATE '2018/01/27';
2018-02-07 10:43:30 EXEC SPC_COM_GET_COMBOBOX 'unit_w_div';
2018-02-07 10:43:30 EXEC SPC_COM_GET_COMBOBOX 'unit_q_div';
2018-02-07 10:43:30 EXEC SPC_COM_GET_COMBOBOX 'sales_detail_div';
2018-02-07 10:43:30 EXEC SPC_COM_GET_COMBOBOX 'unit_m_div';
2018-02-07 10:43:42 EXEC SPC_005_ACCEPT_DETAIL_INQ1 'J-18010007';
2018-02-07 10:46:38 EXEC SPC_COM_GET_COMBOBOX 'sales_detail_div';
2018-02-07 10:46:38 EXEC SPC_COM_GET_COMBOBOX 'port_country_div';
2018-02-07 10:46:38 EXEC SPC_COM_GET_COMBOBOX 'shipment_div';
2018-02-07 10:46:38 EXEC SPC_COM_GET_COMBOBOX 'currency_div';
2018-02-07 10:46:38 EXEC SPC_COM_GET_COMBOBOX 'trade_terms_div';
2018-02-07 10:46:38 EXEC SPC_COM_GET_COMBOBOX 'port_city_div';
2018-02-07 10:46:38 EXEC SPC_COM_GET_COMBOBOX 'unit_m_div';
2018-02-07 10:46:38 EXEC SPC_COM_GET_COMBOBOX 'unit_q_div';
2018-02-07 10:46:38 EXEC SPC_COM_GET_COMBOBOX 'unit_w_div';
2018-02-07 10:46:38 EXEC SPC_GET_TAX_RATE '2018/02/07';
2018-02-07 10:46:42 EXEC SPC_005_ACCEPT_DETAIL_INQ1 'J-18010007';
2018-02-07 10:46:42 EXEC SPC_COM_GET_COMBOBOX 'unit_w_div';
2018-02-07 10:46:42 EXEC SPC_COM_GET_COMBOBOX 'unit_q_div';
2018-02-07 10:46:43 EXEC SPC_GET_TAX_RATE '2018/01/27';
2018-02-07 10:46:43 EXEC SPC_COM_GET_COMBOBOX 'sales_detail_div';
2018-02-07 10:46:43 EXEC SPC_COM_GET_COMBOBOX 'unit_m_div';
2018-02-07 10:47:23 EXEC SPC_005_ACCEPT_DETAIL_ACT4 'J-18010007','812','005_accept-detail','192.168.5.206';
2018-02-07 10:47:28 EXEC SPC_005_ACCEPT_DETAIL_ACT4 'J-18010007','812','005_accept-detail','192.168.5.206';
2018-02-07 10:48:44 EXEC SPC_COM_GET_COMBOBOX 'port_city_div';
2018-02-07 10:48:44 EXEC SPC_COM_GET_COMBOBOX 'unit_q_div';
2018-02-07 10:48:44 EXEC SPC_COM_GET_COMBOBOX 'payment_conditions_div';
2018-02-07 10:48:44 EXEC SPC_COM_GET_COMBOBOX 'unit_w_div';
2018-02-07 10:48:44 EXEC SPC_COM_GET_COMBOBOX 'unit_m_div';
2018-02-07 10:48:44 EXEC SPC_COM_GET_COMBOBOX 'trade_terms_div';
2018-02-07 10:48:45 EXEC SPC_COM_GET_COMBOBOX 'bank_div';
2018-02-07 10:48:45 EXEC SPC_COM_GET_COMBOBOX 'shipment_div';
2018-02-07 10:48:45 EXEC SPC_COM_GET_COMBOBOX 'sales_detail_div';
2018-02-07 10:48:45 EXEC SPC_COM_GET_COMBOBOX 'currency_div';
2018-02-07 10:48:45 EXEC SPC_GET_TAX_RATE '2018/02/07';
2018-02-07 10:48:45 EXEC SPC_COM_GET_COMBOBOX 'port_country_div';
2018-02-07 10:48:49 EXEC SPC_001_PI_DETAIL_INQ1 'RT-131001001';
2018-02-07 10:48:50 EXEC SPC_GET_TAX_RATE '2013/10/01';
2018-02-07 10:48:50 EXEC SPC_COM_GET_COMBOBOX 'unit_w_div';
2018-02-07 10:48:50 EXEC SPC_COM_GET_COMBOBOX 'unit_m_div';
2018-02-07 10:48:50 EXEC SPC_COM_GET_COMBOBOX 'unit_q_div';
2018-02-07 10:48:50 EXEC SPC_COM_GET_COMBOBOX 'sales_detail_div';
2018-02-07 10:48:58 EXEC SPC_COM_GET_COMBOBOX 'port_country_div';
2018-02-07 10:48:58 EXEC SPC_COM_GET_COMBOBOX 'port_city_div';
2018-02-07 10:48:58 EXEC SPC_COM_GET_COMBOBOX 'payment_conditions_div';
2018-02-07 10:48:58 EXEC SPC_COM_GET_COMBOBOX 'shipment_div';
2018-02-07 10:48:58 EXEC SPC_COM_GET_COMBOBOX 'currency_div';
2018-02-07 10:48:58 EXEC SPC_COM_GET_COMBOBOX 'trade_terms_div';
2018-02-07 10:48:59 EXEC SPC_COM_GET_COMBOBOX 'sales_detail_div';
2018-02-07 10:48:59 EXEC SPC_COM_GET_COMBOBOX 'unit_m_div';
2018-02-07 10:48:59 EXEC SPC_COM_GET_COMBOBOX 'unit_w_div';
2018-02-07 10:48:59 EXEC SPC_COM_GET_COMBOBOX 'unit_q_div';
2018-02-07 10:48:59 EXEC SPC_COM_GET_COMBOBOX 'bank_div';
2018-02-07 10:48:59 EXEC SPC_GET_TAX_RATE '2018/02/07';
2018-02-07 10:48:59 EXEC SPC_001_PI_DETAIL_INQ1 'RT-131001001';
2018-02-07 10:49:00 EXEC SPC_GET_TAX_RATE '2013/10/01';
2018-02-07 10:49:00 EXEC SPC_COM_GET_COMBOBOX 'unit_q_div';
2018-02-07 10:49:00 EXEC SPC_COM_GET_COMBOBOX 'unit_w_div';
2018-02-07 10:49:00 EXEC SPC_COM_GET_COMBOBOX 'sales_detail_div';
2018-02-07 10:49:00 EXEC SPC_COM_GET_COMBOBOX 'unit_m_div';
2018-02-07 10:49:06 EXEC SPC_COM_GET_COMBOBOX 'port_city_div';
;
2018-02-07 10:49:06 EXEC SPC_COM_GET_COMBOBOX 'trade_terms_div';
2018-02-07 10:49:06 EXEC SPC_COM_GET_COMBOBOX 'currency_div';
2018-02-07 10:49:06 EXEC SPC_COM_GET_COMBOBOX 'shipment_div';
2018-02-07 10:49:06 EXEC SPC_COM_GET_COMBOBOX 'payment_conditions_div';
2018-02-07 10:49:06 EXEC SPC_COM_GET_COMBOBOX 'unit_w_div';
2018-02-07 10:49:06 EXEC SPC_COM_GET_COMBOBOX 'sales_detail_div';
2018-02-07 10:49:06 EXEC SPC_COM_GET_COMBOBOX 'unit_m_div';
2018-02-07 10:49:06 EXEC SPC_COM_GET_COMBOBOX 'unit_q_div';
2018-02-07 10:49:06 EXEC SPC_COM_GET_COMBOBOX 'bank_div';
2018-02-07 10:49:06 EXEC SPC_GET_TAX_RATE '2018/02/07';
2018-02-07 10:49:07 EXEC SPC_001_PI_DETAIL_INQ1 'RT-131001001';
2018-02-07 10:49:07 EXEC SPC_COM_GET_COMBOBOX 'unit_m_div';
2018-02-07 10:49:07 EXEC SPC_GET_TAX_RATE '2013/10/01';
2018-02-07 10:49:07 EXEC SPC_COM_GET_COMBOBOX 'sales_detail_div';
2018-02-07 10:49:07 EXEC SPC_COM_GET_COMBOBOX 'unit_w_div';
2018-02-07 10:49:07 EXEC SPC_COM_GET_COMBOBOX 'unit_q_div';
2018-02-07 11:11:21 EXEC SPC_004_PI_ORDER_CONFIRM_FND1 '','','','','1','10';
2018-02-07 11:11:30 EXEC SPC_004_PI_ORDER_CONFIRM_ACT1 '[{"pi_no":"RT-140107004"}]','2018/02/07','812','004_pi-order-confirm','192.168.5.206';
2018-02-07 11:11:33 EXEC SPC_004_PI_ORDER_CONFIRM_FND1 '','','','','1','10';
2018-02-07 11:12:43 EXEC SPC_COM_GET_COMBOBOX 'port_city_div';
2018-02-07 11:12:43 EXEC SPC_COM_GET_COMBOBOX 'unit_q_div';
2018-02-07 11:12:44 EXEC SPC_COM_GET_COMBOBOX 'unit_w_div';
2018-02-07 11:12:44 EXEC SPC_COM_GET_COMBOBOX 'unit_m_div';
2018-02-07 11:12:45 EXEC SPC_COM_GET_COMBOBOX 'storage_manager_div';
2018-02-07 11:12:45 EXEC SPC_COM_GET_COMBOBOX 'port_country_div';
2018-02-07 11:12:45 EXEC SPC_COM_GET_COMBOBOX 'trade_terms_div';
2018-02-07 11:12:45 EXEC SPC_COM_GET_COMBOBOX 'shipment_div';
2018-02-07 11:12:45 EXEC SPC_COM_GET_COMBOBOX 'currency_div';
2018-02-07 11:12:45 EXEC SPC_COM_GET_COMBOBOX 'sales_detail_div';
2018-02-07 11:12:45 EXEC SPC_COM_GET_COMBOBOX 'payment_conditions_div';
2018-02-07 11:13:45 EXEC SPC_COM_GET_COMBOBOX 'port_city_div';
2018-02-07 11:13:45 EXEC SPC_COM_GET_COMBOBOX 'currency_div';
2018-02-07 11:13:45 EXEC SPC_COM_GET_COMBOBOX 'shipment_div';
2018-02-07 11:13:45 EXEC SPC_COM_GET_COMBOBOX 'payment_conditions_div';
2018-02-07 11:13:45 EXEC SPC_COM_GET_COMBOBOX 'trade_terms_div';
2018-02-07 11:13:45 EXEC SPC_COM_GET_COMBOBOX 'port_country_div';
2018-02-07 11:13:45 EXEC SPC_COM_GET_COMBOBOX 'unit_w_div';
2018-02-07 11:13:45 EXEC SPC_COM_GET_COMBOBOX 'sales_detail_div';
2018-02-07 11:13:45 EXEC SPC_COM_GET_COMBOBOX 'unit_q_div';
2018-02-07 11:13:45 EXEC SPC_COM_GET_COMBOBOX 'storage_manager_div';
2018-02-07 11:13:45 EXEC SPC_COM_GET_COMBOBOX 'unit_m_div';
2018-02-07 11:14:18 EXEC SPC_GET_TAX_RATE '';
2018-02-07 11:17:09 EXEC SPC_GET_TAX_RATE '';
2018-02-07 11:17:26 EXEC SPC_073_LOGIN_ACT1 '812','812';
2018-02-07 11:17:26 EXEC SPC_GET_CONSTANT '';
2018-02-07 11:18:19 EXEC SPC_GET_TAX_RATE '';
2018-02-07 11:18:29 EXEC SPC_GET_TAX_RATE '';
2018-02-07 11:20:13 EXEC SPC_GET_TAX_RATE '';
2018-02-07 11:20:40 EXEC SPC_GET_TAX_RATE '';
2018-02-07 11:20:47 EXEC SPC_GET_TAX_RATE '2018/02/03';
2018-02-07 11:21:10 EXEC SPC_COM_GET_COMBOBOX 'port_country_div';
2018-02-07 11:21:10 EXEC SPC_COM_GET_COMBOBOX 'unit_q_div';
2018-02-07 11:21:10 EXEC SPC_COM_GET_COMBOBOX 'unit_w_div';
2018-02-07 11:21:11 EXEC SPC_COM_GET_COMBOBOX 'unit_m_div';
2018-02-07 11:21:11 EXEC SPC_COM_GET_COMBOBOX 'sales_detail_div';
2018-02-07 11:21:11 EXEC SPC_COM_GET_COMBOBOX 'shipment_div';
2018-02-07 11:21:12 EXEC SPC_COM_GET_COMBOBOX 'trade_terms_div';
2018-02-07 11:21:12 EXEC SPC_COM_GET_COMBOBOX 'currency_div';
2018-02-07 11:21:12 EXEC SPC_COM_GET_COMBOBOX 'bank_div';
2018-02-07 11:21:12 EXEC SPC_COM_GET_COMBOBOX 'payment_conditions_div';
2018-02-07 11:21:12 EXEC SPC_GET_TAX_RATE '2018/02/07';
2018-02-07 11:21:12 EXEC SPC_COM_GET_COMBOBOX 'port_city_div';
2018-02-07 11:21:44 EXEC SPC_063_PRODUCT_MASTER_SEARCH_FND1 '','','1','10';
2018-02-07 11:21:58 EXEC SPC_COM_GET_COMBOBOX 'payment_conditions_div';
2018-02-07 11:21:59 EXEC SPC_COM_GET_COMBOBOX 'shipment_div';
2018-02-07 11:21:59 EXEC SPC_COM_GET_COMBOBOX 'currency_div';
2018-02-07 11:21:59 EXEC SPC_COM_GET_COMBOBOX 'trade_terms_div';
2018-02-07 11:21:59 EXEC SPC_COM_GET_COMBOBOX 'port_city_div';
2018-02-07 11:21:59 EXEC SPC_COM_GET_COMBOBOX 'port_country_div';
2018-02-07 11:21:59 EXEC SPC_COM_GET_COMBOBOX 'unit_q_div';
2018-02-07 11:21:59 EXEC SPC_COM_GET_COMBOBOX 'unit_w_div';
2018-02-07 11:21:59 EXEC SPC_COM_GET_COMBOBOX 'unit_m_div';
2018-02-07 11:21:59 EXEC SPC_COM_GET_COMBOBOX 'bank_div';
2018-02-07 11:21:59 EXEC SPC_GET_TAX_RATE '2018/02/07';
2018-02-07 11:21:59 EXEC SPC_COM_GET_COMBOBOX 'sales_detail_div';
2018-02-07 11:25:48 EXEC SPC_001_PI_DETAIL_INQ1 'RT-130825001';
2018-02-07 11:25:56 EXEC SPC_001_PI_DETAIL_INQ1 'RT-131001001';
2018-02-07 11:25:57 EXEC SPC_GET_TAX_RATE '2013/10/01';
2018-02-07 11:25:57 EXEC SPC_COM_GET_COMBOBOX 'sales_detail_div';
2018-02-07 11:25:57 EXEC SPC_COM_GET_COMBOBOX 'unit_w_div';
2018-02-07 11:25:57 EXEC SPC_COM_GET_COMBOBOX 'unit_q_div';
2018-02-07 11:25:57 EXEC SPC_COM_GET_COMBOBOX 'unit_m_div';
2018-02-07 11:26:00 EXEC SPC_001_PI_DETAIL_ACT4 'RT-131001001','','812','001_pi-detail','192.168.5.206';
2018-02-07 11:26:01 EXEC SPC_001_PI_DETAIL_INQ1 'RT-131001001';
2018-02-07 11:26:02 EXEC SPC_COM_GET_COMBOBOX 'unit_w_div';
2018-02-07 11:26:02 EXEC SPC_COM_GET_COMBOBOX 'unit_q_div';
2018-02-07 11:26:02 EXEC SPC_COM_GET_COMBOBOX 'sales_detail_div';
2018-02-07 11:26:02 EXEC SPC_COM_GET_COMBOBOX 'unit_m_div';
2018-02-07 11:26:02 EXEC SPC_GET_TAX_RATE '2013/10/01';
2018-02-07 11:28:01 EXEC SPC_001_PI_DETAIL_INQ3 '0001','2013/10/01','F0192','JP','USD';
2018-02-07 11:28:05 EXEC SPC_001_PI_DETAIL_ACT1 'U','RT-131001001','10','2013/10/01','F0192','PT. BESHA ANALITIKA','Komplek Perkantoran Gading Bukit Indah Blok N-23,','Jl. Bukit Gading Raya, Kelapa Gading Permai, Jakarta 14240','','045','JP','62-21-45856666','62-21-45857600','','Sampai Express Service Agencies Pte. LTD. QQ PT. Besha Analitika','No 625 Lorong Toa Payoh, Blok A General Magnetic Building,','Singapore 319519','319519','056','SG','65-67435051','65-67435211','PT. BESHA','Singapore','PT. BESHA Singapore Singapore','PT. BESHA Singapore Singapore','(未定)pi_packing','01','USD','060','01','02','056','SG','01','Advance payment','[{"pi_detail_no":"1","sales_detail_div":"3","product_cd":"0001","description":"F","qty":"0","unit_of_m_div":"","unit_price":"0","amount":"0","detail_tax":"0","unit_measure_qty":"0","unit_measure_price":"","outside_remarks":"","unit_net_weight":"0","unit_net_weight_div":"","net_weight":"0","unit_gross_weight":"0","gross_weight":"0","measure":"0"}]','0','','0','001','0','001','0','001','0','10','10','0','20','(未定)pi_time_of_shipment','002','(未定)pi_country_of_origin','(未定)pi_manufacture','(未定)pi_varidity','(未定)pi_other_conditions1','(未定)pi_other_conditions2','(未定)pi_other_conditions3','(未定)pi_other_conditions4','(未定)pi_other_conditions5','(未定)pi_other_conditions6','(未定)pi_other_conditions7','(未定)pi_other_conditions8','(未定)pi_other_conditions9','(未定)pi_other_conditions10','812','','812','001_pi-detail','192.168.5.206';
2018-02-07 11:28:12 EXEC SPC_063_PRODUCT_MASTER_SEARCH_FND1 '','','1','10';
2018-02-07 11:28:13 EXEC SPC_001_PI_DETAIL_INQ3 '0002','2013/10/01','F0192','JP','USD';
2018-02-07 11:34:42 EXEC SPC_COM_GET_COMBOBOX 'port_country_div';
2018-02-07 11:34:42 EXEC SPC_COM_GET_COMBOBOX 'unit_q_div';
2018-02-07 11:34:43 EXEC SPC_COM_GET_COMBOBOX 'shipment_div';
2018-02-07 11:34:43 EXEC SPC_COM_GET_COMBOBOX 'trade_terms_div';
2018-02-07 11:34:43 EXEC SPC_COM_GET_COMBOBOX 'payment_conditions_div';
2018-02-07 11:34:43 EXEC SPC_COM_GET_COMBOBOX 'unit_w_div';
2018-02-07 11:34:43 EXEC SPC_COM_GET_COMBOBOX 'port_city_div';
2018-02-07 11:34:43 EXEC SPC_COM_GET_COMBOBOX 'currency_div';
2018-02-07 11:34:43 EXEC SPC_COM_GET_COMBOBOX 'sales_detail_div';
2018-02-07 11:34:43 EXEC SPC_COM_GET_COMBOBOX 'unit_m_div';
2018-02-07 11:34:43 EXEC SPC_COM_GET_COMBOBOX 'bank_div';
2018-02-07 11:34:43 EXEC SPC_001_PI_DETAIL_INQ1 'RT-131001001';
2018-02-07 11:34:43 EXEC SPC_GET_TAX_RATE '2018/02/07';
2018-02-07 11:34:44 EXEC SPC_GET_TAX_RATE '2013/10/01';
2018-02-07 11:34:44 EXEC SPC_COM_GET_COMBOBOX 'unit_q_div';
2018-02-07 11:34:44 EXEC SPC_COM_GET_COMBOBOX 'unit_w_div';
2018-02-07 11:34:44 EXEC SPC_COM_GET_COMBOBOX 'unit_m_div';
2018-02-07 11:34:44 EXEC SPC_COM_GET_COMBOBOX 'sales_detail_div';
2018-02-07 11:36:35 EXEC SPC_GET_TAX_RATE '';
2018-02-07 11:38:07 EXEC SPC_GET_TAX_RATE '';
2018-02-07 11:39:14 EXEC SPC_GET_TAX_RATE '';
2018-02-07 11:40:21 EXEC SPC_GET_TAX_RATE '';
2018-02-07 11:40:33 EXEC SPC_GET_TAX_RATE '';
2018-02-07 11:41:47 EXEC SPC_GET_TAX_RATE '';
2018-02-07 11:42:58 EXEC SPC_GET_TAX_RATE '';
2018-02-07 11:43:48 EXEC SPC_COM_GET_COMBOBOX 'port_city_div';
2018-02-07 11:43:49 EXEC SPC_COM_GET_COMBOBOX 'unit_q_div';
2018-02-07 11:43:49 EXEC SPC_COM_GET_COMBOBOX 'unit_w_div';
2018-02-07 11:43:50 EXEC SPC_COM_GET_COMBOBOX 'trade_terms_div';
2018-02-07 11:43:50 EXEC SPC_COM_GET_COMBOBOX 'currency_div';
2018-02-07 11:43:50 EXEC SPC_COM_GET_COMBOBOX 'shipment_div';
2018-02-07 11:43:50 EXEC SPC_COM_GET_COMBOBOX 'unit_m_div';
2018-02-07 11:43:50 EXEC SPC_COM_GET_COMBOBOX 'port_country_div';
2018-02-07 11:43:50 EXEC SPC_COM_GET_COMBOBOX 'payment_conditions_div';
2018-02-07 11:43:50 EXEC SPC_COM_GET_COMBOBOX 'bank_div';
2018-02-07 11:43:50 EXEC SPC_COM_GET_COMBOBOX 'sales_detail_div';
2018-02-07 11:43:50 EXEC SPC_001_PI_DETAIL_INQ1 'RT-131001001';
2018-02-07 11:43:51 EXEC SPC_COM_GET_COMBOBOX 'sales_detail_div';
2018-02-07 11:43:51 EXEC SPC_COM_GET_COMBOBOX 'unit_q_div';
2018-02-07 11:43:51 EXEC SPC_COM_GET_COMBOBOX 'unit_w_div';
2018-02-07 11:43:51 EXEC SPC_COM_GET_COMBOBOX 'unit_m_div';
2018-02-07 11:43:51 EXEC SPC_GET_TAX_RATE '2013/10/01';
2018-02-07 11:43:52 EXEC SPC_GET_TAX_RATE '';
2018-02-07 11:46:32 EXEC SPC_GET_TAX_RATE '';
2018-02-07 11:47:35 EXEC SPC_GET_TAX_RATE '';
2018-02-07 11:49:16 EXEC SPC_GET_TAX_RATE '';
2018-02-07 11:50:18 EXEC SPC_GET_TAX_RATE '';
2018-02-07 11:50:45 EXEC SPC_GET_TAX_RATE '';
2018-02-07 11:53:26 EXEC SPC_GET_TAX_RATE '';
2018-02-07 11:54:59 EXEC SPC_GET_TAX_RATE '';
2018-02-07 11:55:04 EXEC SPC_GET_TAX_RATE '';
2018-02-07 11:59:01 EXEC SPC_GET_TAX_RATE '';
2018-02-07 11:59:14 EXEC SPC_GET_TAX_RATE '';
2018-02-07 11:59:38 EXEC SPC_GET_TAX_RATE '';
2018-02-07 11:59:55 EXEC SPC_GET_TAX_RATE '';
2018-02-07 12:03:53 EXEC SPC_GET_TAX_RATE '';
2018-02-07 12:06:00 EXEC SPC_GET_TAX_RATE '';
2018-02-07 12:06:26 EXEC SPC_GET_TAX_RATE '';
2018-02-07 12:07:22 EXEC SPC_GET_TAX_RATE '2018/02/03';
2018-02-07 12:11:21 EXEC SPC_GET_TAX_RATE '';
2018-02-07 12:11:27 EXEC SPC_GET_TAX_RATE '2018/02/17';
2018-02-07 12:12:26 EXEC SPC_GET_TAX_RATE '';
2018-02-07 12:12:30 EXEC SPC_GET_TAX_RATE '2018/02/17';
2018-02-07 12:14:04 EXEC SPC_GET_TAX_RATE '';
2018-02-07 12:14:13 EXEC SPC_GET_TAX_RATE '2018/02/03';
2018-02-07 12:14:37 EXEC SPC_GET_TAX_RATE '';
2018-02-07 12:14:49 EXEC SPC_GET_TAX_RATE '2018/02/24';
2018-02-07 12:16:24 EXEC SPC_GET_TAX_RATE '';
2018-02-07 12:16:32 EXEC SPC_GET_TAX_RATE '2018/02/17';
2018-02-07 12:17:26 EXEC SPC_GET_TAX_RATE '';
2018-02-07 12:17:31 EXEC SPC_GET_TAX_RATE '2018/02/24';
2018-02-07 12:17:58 EXEC SPC_GET_TAX_RATE '';
2018-02-07 12:18:05 EXEC SPC_GET_TAX_RATE '2018/02/24';
2018-02-07 12:24:51 EXEC SPC_GET_TAX_RATE '';
2018-02-07 12:25:00 EXEC SPC_GET_TAX_RATE '';
2018-02-07 12:25:08 EXEC SPC_GET_TAX_RATE '2018/02/17';
2018-02-07 12:38:56 EXEC SPC_GET_TAX_RATE '';
2018-02-07 12:39:12 EXEC SPC_GET_TAX_RATE '2018/02/24';
2018-02-07 12:41:05 EXEC SPC_GET_TAX_RATE '';
2018-02-07 12:41:17 EXEC SPC_GET_TAX_RATE '';
2018-02-07 12:41:39 EXEC SPC_GET_TAX_RATE '';
2018-02-07 12:41:45 EXEC SPC_GET_TAX_RATE '2018/02/17';
2018-02-07 12:42:33 EXEC SPC_GET_TAX_RATE '';
2018-02-07 12:42:37 EXEC SPC_GET_TAX_RATE '2018/02/24';
2018-02-07 12:44:43 EXEC SPC_GET_TAX_RATE '';
2018-02-07 12:44:48 EXEC SPC_GET_TAX_RATE '2018/02/24';
2018-02-07 12:45:46 EXEC SPC_GET_TAX_RATE '';
2018-02-07 12:45:54 EXEC SPC_GET_TAX_RATE '2018/02/24';
2018-02-07 12:47:19 EXEC SPC_GET_TAX_RATE '';
2018-02-07 12:47:25 EXEC SPC_GET_TAX_RATE '2018/02/24';
2018-02-07 12:48:41 EXEC SPC_GET_TAX_RATE '';
2018-02-07 12:48:48 EXEC SPC_GET_TAX_RATE '2018/02/24';
2018-02-07 12:49:12 EXEC SPC_GET_TAX_RATE '';
2018-02-07 12:49:18 EXEC SPC_GET_TAX_RATE '2018/02/17';
2018-02-07 12:49:35 EXEC SPC_GET_TAX_RATE '';
2018-02-07 12:49:40 EXEC SPC_GET_TAX_RATE '2018/02/24';
2018-02-07 12:51:20 EXEC SPC_GET_TAX_RATE '';
2018-02-07 12:51:27 EXEC SPC_GET_TAX_RATE '2018/02/02';
2018-02-07 12:52:27 EXEC SPC_GET_TAX_RATE '';
2018-02-07 12:52:34 EXEC SPC_GET_TAX_RATE '2018/02/24';
2018-02-07 12:53:03 EXEC SPC_073_LOGIN_ACT1 '812','812';
2018-02-07 12:53:03 EXEC SPC_GET_CONSTANT '';
2018-02-07 12:53:20 EXEC SPC_GET_TAX_RATE '';
2018-02-07 12:54:08 EXEC SPC_GET_TAX_RATE '';
2018-02-07 12:54:13 EXEC SPC_GET_TAX_RATE '2018/02/17';
2018-02-07 13:28:43 EXEC SPC_001_PI_DETAIL_ACT3 'RT-131001001','','812','001_pi-detail','192.168.5.206';
2018-02-07 13:28:44 EXEC SPC_001_PI_DETAIL_INQ1 'RT-131001001';
2018-02-07 13:28:45 EXEC SPC_COM_GET_COMBOBOX 'unit_w_div';
2018-02-07 13:28:46 EXEC SPC_GET_TAX_RATE '2013/10/01';
2018-02-07 13:28:46 EXEC SPC_COM_GET_COMBOBOX 'unit_m_div';
2018-02-07 13:28:46 EXEC SPC_COM_GET_COMBOBOX 'sales_detail_div';
2018-02-07 13:28:46 EXEC SPC_COM_GET_COMBOBOX 'unit_q_div';
2018-02-07 13:36:45 EXEC SPC_GET_CONSTANT '';
2018-02-07 13:36:45 EXEC SPC_003_PI_EXCEL_INQ1 'RT-131001001','812','003_pi-excel','192.168.5.206';
2018-02-07 13:50:38 EXEC SPC_GET_CONSTANT '';
2018-02-07 13:50:38 EXEC SPC_003_PI_EXCEL_INQ1 'RT-131001001','812','003_pi-excel','192.168.5.206';
2018-02-07 13:52:09 EXEC SPC_GET_CONSTANT '';
2018-02-07 13:52:09 EXEC SPC_003_PI_EXCEL_INQ1 'RT-131001001','812','003_pi-excel','192.168.5.206';
2018-02-07 13:53:39 EXEC SPC_GET_CONSTANT '';
2018-02-07 13:53:39 EXEC SPC_003_PI_EXCEL_INQ1 'RT-131001001','812','003_pi-excel','192.168.5.206';
2018-02-07 13:54:37 EXEC SPC_GET_CONSTANT '';
2018-02-07 13:54:37 EXEC SPC_003_PI_EXCEL_INQ1 'RT-131001001','812','003_pi-excel','192.168.5.206';
2018-02-07 13:56:49 EXEC SPC_GET_CONSTANT '';
2018-02-07 13:56:49 EXEC SPC_003_PI_EXCEL_INQ1 'RT-131001001','812','003_pi-excel','192.168.5.206';
2018-02-07 13:58:05 EXEC SPC_GET_CONSTANT '';
2018-02-07 13:58:05 EXEC SPC_003_PI_EXCEL_INQ1 'RT-131001001','812','003_pi-excel','192.168.5.206';
2018-02-07 13:58:12 EXEC SPC_COM_GET_COMBOBOX 'port_country_div';
2018-02-07 13:58:12 EXEC SPC_COM_GET_COMBOBOX 'unit_q_div';
2018-02-07 13:58:13 EXEC SPC_COM_GET_COMBOBOX 'unit_w_div';
2018-02-07 13:58:13 EXEC SPC_COM_GET_COMBOBOX 'unit_m_div';
2018-02-07 13:58:15 EXEC SPC_COM_GET_COMBOBOX 'sales_detail_div';
2018-02-07 13:58:15 EXEC SPC_COM_GET_COMBOBOX 'bank_div';
2018-02-07 13:58:16 EXEC SPC_GET_TAX_RATE '2018/02/07';
2018-02-07 13:58:16 EXEC SPC_001_PI_DETAIL_INQ1 'RT-131001001';
2018-02-07 13:58:17 EXEC SPC_COM_GET_COMBOBOX 'currency_div';
2018-02-07 13:58:17 EXEC SPC_COM_GET_COMBOBOX 'shipment_div';
2018-02-07 13:58:17 EXEC SPC_COM_GET_COMBOBOX 'port_city_div';
2018-02-07 13:58:17 EXEC SPC_GET_TAX_RATE '2013/10/01';
2018-02-07 13:58:17 EXEC SPC_COM_GET_COMBOBOX 'trade_terms_div';
2018-02-07 13:58:17 EXEC SPC_COM_GET_COMBOBOX 'payment_conditions_div';
2018-02-07 13:58:17 EXEC SPC_COM_GET_COMBOBOX 'unit_q_div';
2018-02-07 13:58:17 EXEC SPC_COM_GET_COMBOBOX 'unit_m_div';
2018-02-07 13:58:17 EXEC SPC_COM_GET_COMBOBOX 'unit_w_div';
2018-02-07 13:58:17 EXEC SPC_COM_GET_COMBOBOX 'sales_detail_div';
2018-02-07 13:59:02 EXEC SPC_GET_CONSTANT '';
2018-02-07 13:59:02 EXEC SPC_003_PI_EXCEL_INQ1 'RT-131001001','812','003_pi-excel','192.168.5.206';
2018-02-07 13:59:45 EXEC SPC_001_PI_DETAIL_ACT4 'RT-131001001','','812','001_pi-detail','192.168.5.206';
2018-02-07 13:59:46 EXEC SPC_001_PI_DETAIL_INQ1 'RT-131001001';
2018-02-07 13:59:47 EXEC SPC_COM_GET_COMBOBOX 'unit_q_div';
2018-02-07 13:59:47 EXEC SPC_COM_GET_COMBOBOX 'unit_m_div';
2018-02-07 13:59:47 EXEC SPC_GET_TAX_RATE '2013/10/01';
2018-02-07 13:59:47 EXEC SPC_COM_GET_COMBOBOX 'sales_detail_div';
2018-02-07 13:59:47 EXEC SPC_COM_GET_COMBOBOX 'unit_w_div';
2018-02-07 13:59:51 EXEC SPC_GET_LIB_CITY_COUNTRY '001';
2018-02-07 13:59:54 EXEC SPC_001_PI_DETAIL_ACT1 'U','RT-131001001','10','2013/10/01','F0192','PT. BESHA ANALITIKA','Komplek Perkantoran Gading Bukit Indah Blok N-23,','Jl. Bukit Gading Raya, Kelapa Gading Permai, Jakarta 14240','','001','SY','62-21-45856666','62-21-45857600','','Sampai Express Service Agencies Pte. LTD. QQ PT. Besha Analitika','No 625 Lorong Toa Payoh, Blok A General Magnetic Building,','Singapore 319519','319519','056','SG','65-67435051','65-67435211','PT. BESHA','Singapore','PT. BESHA Singapore Singapore','PT. BESHA Singapore Singapore','Standard Export Carton','01','USD','060','01','02','056','SG','01','Advance payment','[{"pi_detail_no":"1","sales_detail_div":"0","product_cd":"10007","description":"Digital UV-VIS Spectrophotometer Model PD-3000UV with standard accessories (110\/220VAC 50\/60Hz)","qty":"999991","unit_of_m_div":"006","unit_price":"45656.46","amount":"45656049091.86","detail_tax":"2282802454.6","unit_measure_qty":"989","unit_measure_price":"001","outside_remarks":"Digital UV-VIS Spectrophotometer Model PD-3000UV with standard accessories (110\/220VAC 50\/60Hz)","unit_net_weight":"98898","unit_net_weight_div":"001","net_weight":"98897109918","unit_gross_weight":"98989","gross_weight":"98988109099","measure":"988991099"},{"pi_detail_no":"2","sales_detail_div":"3","product_cd":"0009","description":"MM1","qty":"98089","unit_of_m_div":"001","unit_price":"8908980","amount":"873872939220","detail_tax":"43693646961","unit_measure_qty":"890","unit_measure_price":"001","outside_remarks":"Digital UV-VIS Spectrophotometer","unit_net_weight":"89","unit_net_weight_div":"001","net_weight":"8729921","unit_gross_weight":"89","gross_weight":"8729921","measure":"87299210"},{"pi_detail_no":"3","sales_detail_div":"0","product_cd":"0008","description":"ZZ-001","qty":"890","unit_of_m_div":"001","unit_price":"65757","amount":"58523730","detail_tax":"2926186.5","unit_measure_qty":"0","unit_measure_price":"001","outside_remarks":"Digital UV-VIS Spectrophotometer Model PD-3000UV with standard accessories (110\/220VAC 50\/60Hz)","unit_net_weight":"89","unit_net_weight_div":"001","net_weight":"79210","unit_gross_weight":"75674","gross_weight":"67349860","measure":"0"},{"pi_detail_no":"4","sales_detail_div":"0","product_cd":"0005","description":"BR-5200P","qty":"87","unit_of_m_div":"001","unit_price":"0","amount":"0","detail_tax":"0","unit_measure_qty":"111","unit_measure_price":"001","outside_remarks":"Digital UV-VIS Spectrophotometer Model PD-3000UV with standard accessories (110\/220VAC 50\/60Hz)","unit_net_weight":"1.8","unit_net_weight_div":"001","net_weight":"156.6","unit_gross_weight":"75675","gross_weight":"6583725","measure":"9657"},{"pi_detail_no":"5","sales_detail_div":"3","product_cd":"10007","description":"PD-3000UV-200","qty":"6757","unit_of_m_div":"001","unit_price":"6767","amount":"45724619","detail_tax":"2286230.95","unit_measure_qty":"678","unit_measure_price":"001","outside_remarks":"Digital UV-VIS Spectrophotometer Model PD-3000UV with standard accessories (110\/220VAC 50\/60Hz)","unit_net_weight":"16","unit_net_weight_div":"001","net_weight":"108112","unit_gross_weight":"20","gross_weight":"135140","measure":"4581246"}]','1105814','006','99070907745','001','98906027317.6','001','1080881212','001','919633236660.86','0','0','0','919633236660.86','Around 1 month after receipt of payment','002','Japan','APEL CO.,LTD.','This Proforma invoice is valid for 2 weeks from the date of  issue.','- If a consulate visa is required, the related fees should be paid by the buyer.','- In case of transport by air and/or container, FOB, C&F and CIF in this proforma invoice','shall be respectively equivalent to FCA, CPT and CIP stipulated in Incoterms 2000.','- In the event that the dollar (euro)falls against the Japanese yen by more than 5% from','the rate of proforma invoice date, the prices will not be effective.','* Remittance charge must be covered by sender.','*** Warranty period after shipment***','3 years: PD-303, BR-501','1 year: AP-120, AP-1000M, PD-303S, PD-3000UV, BR-5200, BR-5200P, HC-702, HG-220','*Our bank account is only Japanese one.(We have no bank account outside Japan)','812','','812','001_pi-detail','192.168.5.206';
2018-02-07 13:59:55 EXEC SPC_001_PI_DETAIL_INQ1 'RT-131001001';
2018-02-07 13:59:56 EXEC SPC_GET_TAX_RATE '2013/10/01';
2018-02-07 13:59:56 EXEC SPC_COM_GET_COMBOBOX 'unit_w_div';
2018-02-07 13:59:56 EXEC SPC_COM_GET_COMBOBOX 'unit_m_div';
2018-02-07 13:59:56 EXEC SPC_COM_GET_COMBOBOX 'sales_detail_div';
2018-02-07 13:59:56 EXEC SPC_COM_GET_COMBOBOX 'unit_q_div';
2018-02-07 13:59:58 EXEC SPC_001_PI_DETAIL_ACT3 'RT-131001001','','812','001_pi-detail','192.168.5.206';
2018-02-07 13:59:59 EXEC SPC_001_PI_DETAIL_INQ1 'RT-131001001';
2018-02-07 14:00:00 EXEC SPC_GET_TAX_RATE '2013/10/01';
2018-02-07 14:00:00 EXEC SPC_COM_GET_COMBOBOX 'sales_detail_div';
2018-02-07 14:00:00 EXEC SPC_COM_GET_COMBOBOX 'unit_w_div';
2018-02-07 14:00:00 EXEC SPC_COM_GET_COMBOBOX 'unit_q_div';
2018-02-07 14:00:00 EXEC SPC_COM_GET_COMBOBOX 'unit_m_div';
2018-02-07 14:00:02 EXEC SPC_GET_CONSTANT '';
2018-02-07 14:00:02 EXEC SPC_003_PI_EXCEL_INQ1 'RT-131001001','812','003_pi-excel','192.168.5.206';
2018-02-07 14:00:41 EXEC SPC_COM_GET_COMBOBOX 'currency_div';
2018-02-07 14:00:41 EXEC SPC_COM_GET_COMBOBOX 'port_country_div';
2018-02-07 14:00:41 EXEC SPC_COM_GET_COMBOBOX 'port_city_div';
2018-02-07 14:00:41 EXEC SPC_COM_GET_COMBOBOX 'trade_terms_div';
2018-02-07 14:00:41 EXEC SPC_COM_GET_COMBOBOX 'payment_conditions_div';
2018-02-07 14:00:41 EXEC SPC_COM_GET_COMBOBOX 'shipment_div';
2018-02-07 14:00:41 EXEC SPC_COM_GET_COMBOBOX 'unit_w_div';
2018-02-07 14:00:42 EXEC SPC_COM_GET_COMBOBOX 'sales_detail_div';
2018-02-07 14:00:42 EXEC SPC_COM_GET_COMBOBOX 'bank_div';
2018-02-07 14:00:42 EXEC SPC_COM_GET_COMBOBOX 'unit_q_div';
2018-02-07 14:00:42 EXEC SPC_COM_GET_COMBOBOX 'unit_m_div';
2018-02-07 14:00:42 EXEC SPC_GET_TAX_RATE '2018/02/07';
2018-02-07 14:00:42 EXEC SPC_001_PI_DETAIL_INQ1 'RT-131001001';
2018-02-07 14:00:43 EXEC SPC_COM_GET_COMBOBOX 'unit_q_div';
2018-02-07 14:00:43 EXEC SPC_COM_GET_COMBOBOX 'unit_w_div';
2018-02-07 14:00:43 EXEC SPC_COM_GET_COMBOBOX 'sales_detail_div';
2018-02-07 14:00:43 EXEC SPC_COM_GET_COMBOBOX 'unit_m_div';
2018-02-07 14:00:43 EXEC SPC_GET_TAX_RATE '2013/10/01';
2018-02-07 14:02:53 EXEC SPC_GET_CONSTANT '';
2018-02-07 14:02:53 EXEC SPC_003_PI_EXCEL_INQ1 'RT-131001001','812','003_pi-excel','192.168.5.206';
2018-02-07 14:58:48 EXEC SPC_COM_GET_COMBOBOX 'pi_status_div';
2018-02-07 14:58:59 EXEC SPC_002_PI_SEARCH_FND1 '','','','','','','','20','1','10';
2018-02-07 14:59:01 EXEC SPC_002_PI_SEARCH_FND1 '','','','','','','','20','6','10';
2018-02-07 14:59:03 EXEC SPC_002_PI_SEARCH_FND1 '','','','','','','','20','5','10';
2018-02-07 14:59:08 EXEC SPC_GET_CONSTANT '';
2018-02-07 14:59:08 EXEC SPC_003_PI_EXCEL_INQ1 'RT-180201009','812','003_pi-excel','192.168.5.206';
2018-02-07 14:59:56 EXEC SPC_COM_GET_COMBOBOX 'port_city_div';
2018-02-07 14:59:57 EXEC SPC_COM_GET_COMBOBOX 'trade_terms_div';
2018-02-07 14:59:58 EXEC SPC_COM_GET_COMBOBOX 'payment_conditions_div';
2018-02-07 14:59:58 EXEC SPC_COM_GET_COMBOBOX 'unit_q_div';
2018-02-07 14:59:59 EXEC SPC_COM_GET_COMBOBOX 'port_country_div';
2018-02-07 14:59:59 EXEC SPC_COM_GET_COMBOBOX 'unit_w_div';
2018-02-07 14:59:59 EXEC SPC_COM_GET_COMBOBOX 'unit_m_div';
2018-02-07 14:59:59 EXEC SPC_GET_TAX_RATE '2018/02/07';
2018-02-07 14:59:59 EXEC SPC_COM_GET_COMBOBOX 'currency_div';
2018-02-07 14:59:59 EXEC SPC_COM_GET_COMBOBOX 'shipment_div';
2018-02-07 14:59:59 EXEC SPC_COM_GET_COMBOBOX 'sales_detail_div';
2018-02-07 14:59:59 EXEC SPC_COM_GET_COMBOBOX 'bank_div';
2018-02-07 14:59:59 EXEC SPC_001_PI_DETAIL_INQ1 'RT-180201009';
2018-02-07 15:00:00 EXEC SPC_COM_GET_COMBOBOX 'unit_w_div';
2018-02-07 15:00:01 EXEC SPC_COM_GET_COMBOBOX 'unit_q_div';
2018-02-07 15:00:01 EXEC SPC_COM_GET_COMBOBOX 'unit_m_div';
2018-02-07 15:00:01 EXEC SPC_GET_TAX_RATE '2018/02/01';
2018-02-07 15:00:01 EXEC SPC_COM_GET_COMBOBOX 'sales_detail_div';
2018-02-07 15:00:03 EXEC SPC_001_PI_DETAIL_ACT4 'RT-180201009','','812','001_pi-detail','192.168.5.206';
2018-02-07 15:00:05 EXEC SPC_001_PI_DETAIL_INQ1 'RT-180201009';
2018-02-07 15:00:05 EXEC SPC_COM_GET_COMBOBOX 'sales_detail_div';
2018-02-07 15:00:06 EXEC SPC_GET_TAX_RATE '2018/02/01';
2018-02-07 15:00:06 EXEC SPC_COM_GET_COMBOBOX 'unit_q_div';
2018-02-07 15:00:06 EXEC SPC_COM_GET_COMBOBOX 'unit_m_div';
2018-02-07 15:00:06 EXEC SPC_COM_GET_COMBOBOX 'unit_w_div';
2018-02-07 15:00:09 EXEC SPC_GET_LIB_CITY_COUNTRY '045';
2018-02-07 15:00:14 EXEC SPC_001_PI_DETAIL_ACT1 'A','RT-180201009','10','2018/02/01','F000','ABDULLAH BAGHAFFAR SONS CO.,LTD.','P.O.Box.20 Jeddah 21411','','F921','045','JP','(+843)438-543-534788','(+843)438-543-534999','','ALBIZ (S) PTE. LTD','Abdullah bin Abdullatif AL-Sheekh St. Beside Saudi British Bank','Abdullah bin Abdullatif AL-Sheekh St. Beside Saudi British Bank','F98342','004','TR','(+843)438-543-534534','(+843)438-543-534534','ABDULLAH BAGHAFFAR','JEDDAH','Shipping Mark3','Shipping Mark4','(未定)pi_packing','','USD','060','01','02','003','NL','02','Payment','[{"pi_detail_no":"1","sales_detail_div":"0","product_cd":"10001","description":"Mobile Photoelectric colorimeter Model AP-1000M with standard accessories","qty":"1","unit_of_m_div":"002","unit_price":"645.46","amount":"645.46","detail_tax":"58.1","unit_measure_qty":"0.5","unit_measure_price":"001","outside_remarks":"","unit_net_weight":"0.8","unit_net_weight_div":"001","net_weight":"0.8","unit_gross_weight":"0.7","gross_weight":"0.7","measure":"0.5"},{"pi_detail_no":"2","sales_detail_div":"0","product_cd":"10001","description":"AP-101\u7528\u30a2\u30ca\u30ed\u30b0\u30b1\u30fc\u30d6\u30eb","qty":"1","unit_of_m_div":"002","unit_price":"65464","amount":"65464","detail_tax":"5891.76","unit_measure_qty":"0.5","unit_measure_price":"001","outside_remarks":"","unit_net_weight":"0.8","unit_net_weight_div":"001","net_weight":"0.8","unit_gross_weight":"0.7","gross_weight":"0.7","measure":"0.5"},{"pi_detail_no":"3","sales_detail_div":"0","product_cd":"10001","description":"Mobile Photoelectric colorimeter Model AP-1000M with standard accessories","qty":"1","unit_of_m_div":"002","unit_price":"6546","amount":"6546","detail_tax":"589.14","unit_measure_qty":"0.5","unit_measure_price":"001","outside_remarks":"","unit_net_weight":"0.8","unit_net_weight_div":"001","net_weight":"0.8","unit_gross_weight":"0.7","gross_weight":"0.7","measure":"0.5"},{"pi_detail_no":"4","sales_detail_div":"3","product_cd":"10001","description":"Mobile Photoelectric colorimeter Model AP-1000M with standard accessories","qty":"654","unit_of_m_div":"002","unit_price":"645","amount":"421830","detail_tax":"37964.7","unit_measure_qty":"0.5","unit_measure_price":"001","outside_remarks":"","unit_net_weight":"0.8","unit_net_weight_div":"001","net_weight":"523.2","unit_gross_weight":"0.7","gross_weight":"457.8","measure":"327"},{"pi_detail_no":"5","sales_detail_div":"0","product_cd":"10007","description":"Mobile Photoelectric colorimeter Model AP-1000M with standard accessories Mobile Photoelectric colorimeter Model AP-1000","qty":"645","unit_of_m_div":"001","unit_price":"645","amount":"416025","detail_tax":"37442.25","unit_measure_qty":"645","unit_measure_price":"001","outside_remarks":"","unit_net_weight":"16","unit_net_weight_div":"001","net_weight":"10320","unit_gross_weight":"20","gross_weight":"12900","measure":"416025"},{"pi_detail_no":"6","sales_detail_div":"0","product_cd":"10007","description":"\uff97\uff8a\uff9e\uff70\uff8a\uff9f\uff6f\uff77\uff9d\uff78\uff9e(HC-702)\uff9b\uff70\uff80\uff70","qty":"645","unit_of_m_div":"001","unit_price":"65464","amount":"42224280","detail_tax":"3800185.2","unit_measure_qty":"645","unit_measure_price":"001","outside_remarks":"","unit_net_weight":"16","unit_net_weight_div":"001","net_weight":"10320","unit_gross_weight":"20","gross_weight":"12900","measure":"416025"},{"pi_detail_no":"7","sales_detail_div":"0","product_cd":"10007","description":"Digital UV-VIS Spectrophotometer Model PD-3000UV with standard accessories (220VAC 50\/60Hz)","qty":"886","unit_of_m_div":"001","unit_price":"65464","amount":"58001104","detail_tax":"5220099.36","unit_measure_qty":"0","unit_measure_price":"001","outside_remarks":"","unit_net_weight":"16","unit_net_weight_div":"001","net_weight":"14176","unit_gross_weight":"20","gross_weight":"17720","measure":"0"},{"pi_detail_no":"8","sales_detail_div":"0","product_cd":"10007","description":"Digital UV-VIS Spectrophotometer Model PD-3000UV with standard accessories (220VAC 50\/60Hz)","qty":"786","unit_of_m_div":"001","unit_price":"6456","amount":"5074416","detail_tax":"456697.44","unit_measure_qty":"0","unit_measure_price":"001","outside_remarks":"\uff8b\uff9f\uff8d\uff9f\uff6f\uff84+50\uff81\uff6f\uff8c\uff9f\uff7e\uff6f\uff84","unit_net_weight":"16","unit_net_weight_div":"001","net_weight":"12576","unit_gross_weight":"20","gross_weight":"15720","measure":"0"},{"pi_detail_no":"9","sales_detail_div":"0","product_cd":"10005","description":"Digital Spectrophotometer Model PD-303S (5 parameters type) with micoprocessor and Standard accessories","qty":"685","unit_of_m_div":"001","unit_price":"645654","amount":"442272990","detail_tax":"39804569.1","unit_measure_qty":"0","unit_measure_price":"001","outside_remarks":"AP-101\u7528\u30a2\u30ca\u30ed\u30b0\u30b1\u30fc\u30d6\u30eb","unit_net_weight":"4","unit_net_weight_div":"001","net_weight":"2740","unit_gross_weight":"6.4","gross_weight":"4384","measure":"0"},{"pi_detail_no":"10","sales_detail_div":"3","product_cd":"10007","description":"Digital UV-VIS Spectrophotometer Model PD-3000UV with standard accessories (220VAC 50\/60Hz)","qty":"789","unit_of_m_div":"001","unit_price":"64564","amount":"50940996","detail_tax":"4584689.64","unit_measure_qty":"0","unit_measure_price":"001","outside_remarks":"","unit_net_weight":"16","unit_net_weight_div":"001","net_weight":"12624","unit_gross_weight":"20","gross_weight":"15780","measure":"0"},{"pi_detail_no":"11","sales_detail_div":"0","product_cd":"10007","description":"Digital UV-VIS Spectrophotometer Model PD-3000UV with standard accessories (220VAC 50\/60Hz)","qty":"76","unit_of_m_div":"001","unit_price":"64564","amount":"4906864","detail_tax":"441617.76","unit_measure_qty":"0","unit_measure_price":"001","outside_remarks":"Mobile Photoelectric colorimeter Model AP-1000M with standard accessories","unit_net_weight":"16","unit_net_weight_div":"001","net_weight":"1216","unit_gross_weight":"20","gross_weight":"1520","measure":"0"},{"pi_detail_no":"12","sales_detail_div":"0","product_cd":"10005","description":"Mobile Photoelectric colorimeter Model AP-1000M with standard accessories","qty":"66","unit_of_m_div":"001","unit_price":"645645","amount":"42612570","detail_tax":"3835131.3","unit_measure_qty":"0","unit_measure_price":"001","outside_remarks":"Mobile Photoelectric colorimeter Model AP-1000M with standard accessories","unit_net_weight":"4","unit_net_weight_div":"001","net_weight":"264","unit_gross_weight":"6.4","gross_weight":"422.4","measure":"0"},{"pi_detail_no":"13","sales_detail_div":"0","product_cd":"10005","description":"AP-101\u7528\u30a2\u30ca\u30ed\u30b0\u30b1\u30fc\u30d6\u30eb","qty":"6456","unit_of_m_div":"001","unit_price":"6456","amount":"41679936","detail_tax":"3751194.24","unit_measure_qty":"645","unit_measure_price":"001","outside_remarks":"Mobile Photoelectric colorimeter Model AP-1000M with standard accessories","unit_net_weight":"4","unit_net_weight_div":"001","net_weight":"25824","unit_gross_weight":"6.4","gross_weight":"41318.4","measure":"4164120"},{"pi_detail_no":"14","sales_detail_div":"3","product_cd":"PD001","description":"Dignissimos consectetur excepturi enim harum quis excepturi culpa laborum Nulla ut tempor voluptatem sed voluptatibus","qty":"886","unit_of_m_div":"001","unit_price":"756756.46","amount":"670486223.56","detail_tax":"60343760.12","unit_measure_qty":"413","unit_measure_price":"002","outside_remarks":"\u793e\u5916\u7528\u5099\u8003\u793e\u5916\u7528\u5099\u8003\u793e\u5916\u7528\u5099\u8003\u793e\u5916\u7528\u5099\u8003\u793e\u5916\u7528\u5099\u8003\u793e\u5916\u7528\u5099\u8003\u793e\u5916\u7528\u5099\u8003\u793e\u5916\u7528\u5099\u8003\u793e\u5916\u7528\u5099\u8003\u793e\u5916\u7528\u5099\u8003\u793e\u5916\u7528\u5099\u8003\u793e\u5916\u7528\u5099\u8003\u793e\u5916\u7528\u5099\u8003\u793e\u5916\u7528\u5099\u8003\u793e\u5916\u7528\u5099\u8003\u793e\u5916\u7528\u5099\u8003\u793e\u5916\u7528\u5099\u8003\u793e\u5916\u7528\u5099\u8003\u793e\u5916\u7528\u5099\u8003\u793e\u5916\u7528\u5099\u8003\u793e\u5916\u7528\u5099\u8003\u793e\u5916\u7528\u5099\u8003\u793e\u5916\u7528\u5099\u8003\u793e\u5916\u7528\u5099\u8003","unit_net_weight":"787","unit_net_weight_div":"001","net_weight":"697282","unit_gross_weight":"41231","gross_weight":"36530666","measure":"365918"},{"pi_detail_no":"15","sales_detail_div":"3","product_cd":"0003","description":"ACT\u6e2c\u5b9a\u6a5f\u793e\u5916\u7528\u5099\u8003\u793e\u5916\u7528\u5099\u8003\u793e\u5916\u7528\u5099\u8003\u793e\u5916\u7528\u5099\u8003\u793e\u5916\u7528\u5099\u8003\u793e\u5916\u7528\u5099\u8003\u793e\u5916\u7528\u5099\u8003\u793e\u5916\u7528\u5099\u8003\u793e\u5916\u7528\u5099\u8003\u793e\u5916\u7528\u5099\u8003\u793e\u5916\u7528\u5099\u8003\u793e\u5916\u7528\u5099\u8003\u793e\u5916\u7528\u5099\u8003\u793e\u5916\u7528\u5099\u8003\u793e\u5916\u7528\u5099\u8003\u793e\u5916\u7528\u5099\u8003\u793e\u5916\u7528\u5099\u8003\u793e\u5916\u7528\u5099\u8003\u793e\u5916\u7528\u5099\u8003\u793e\u5916\u7528\u5099\u8003\u793e\u5916\u7528\u5099\u8003\u793e\u5916\u7528\u5099\u8003\u793e\u5916\u7528\u5099","qty":"966","unit_of_m_div":"001","unit_price":"96797.78","amount":"93506655.48","detail_tax":"8415599","unit_measure_qty":"867.78","unit_measure_price":"001","outside_remarks":"\u793e\u5916\u7528\u5099\u8003\u793e\u5916\u7528\u5099\u8003\u793e\u5916\u7528\u5099\u8003\u793e\u5916\u7528\u5099\u8003\u793e\u5916\u7528\u5099\u8003\u793e\u5916\u7528\u5099\u8003\u793e\u5916\u7528\u5099\u8003\u793e\u5916\u7528\u5099\u8003\u793e\u5916\u7528\u5099\u8003\u793e\u5916\u7528\u5099\u8003\u793e\u5916\u7528\u5099\u8003\u793e\u5916\u7528\u5099\u8003\u793e\u5916\u7528\u5099\u8003\u793e\u5916\u7528\u5099\u8003\u793e\u5916\u7528\u5099\u8003\u793e\u5916\u7528\u5099\u8003\u793e\u5916\u7528\u5099\u8003\u793e\u5916\u7528\u5099\u8003\u793e\u5916\u7528\u5099\u8003\u793e\u5916\u7528\u5099\u8003\u793e\u5916\u7528\u5099\u8003\u793e\u5916\u7528\u5099\u8003\u793e\u5916\u7528\u5099\u8003\u793e\u5916\u7528\u5099\u8003","unit_net_weight":"1","unit_net_weight_div":"001","net_weight":"966","unit_gross_weight":"86786.86","gross_weight":"83836106.76","measure":"838275.48"},{"pi_detail_no":"16","sales_detail_div":"0","product_cd":"99992","description":"FOB(FCA)charge\u793e\u5916\u7528\u5099\u8003\u793e\u5916\u7528\u5099\u8003\u793e\u5916\u7528\u5099\u8003\u793e\u5916\u7528\u5099\u8003\u793e\u5916\u7528\u5099\u8003\u793e\u5916\u7528\u5099\u8003\u793e\u5916\u7528\u5099\u8003\u793e\u5916\u7528\u5099\u8003\u793e\u5916\u7528\u5099\u8003\u793e\u5916\u7528\u5099\u8003\u793e\u5916\u7528\u5099\u8003\u793e\u5916\u7528\u5099\u8003\u793e\u5916\u7528\u5099\u8003\u793e\u5916\u7528\u5099\u8003\u793e\u5916\u7528\u5099\u8003\u793e\u5916\u7528\u5099\u8003\u793e\u5916\u7528\u5099\u8003\u793e\u5916\u7528\u5099\u8003\u793e\u5916\u7528\u5099\u8003\u793e\u5916\u7528\u5099\u8003\u793e\u5916\u7528\u5099\u8003\u793e","qty":"1","unit_of_m_div":"001","unit_price":"97897","amount":"97897","detail_tax":"8810.73","unit_measure_qty":"0","unit_measure_price":"001","outside_remarks":"","unit_net_weight":"1","unit_net_weight_div":"001","net_weight":"1","unit_gross_weight":"67867","gross_weight":"67867","measure":"0"},{"pi_detail_no":"17","sales_detail_div":"3","product_cd":"0005","description":"AP-101\u7528\u30a2\u30ca\u30ed\u30b0\u30b1\u30fc\u30d6\u30eb","qty":"999999","unit_of_m_div":"001","unit_price":"999","amount":"998999001","detail_tax":"89909910.09","unit_measure_qty":"756.86","unit_measure_price":"001","outside_remarks":"\u793e\u5916\u7528\u5099\u8003\u793e\u5916\u7528\u5099\u8003\u793e\u5916\u7528\u5099\u8003\u793e\u5916\u7528\u5099\u8003\u793e\u5916\u7528\u5099\u8003\u793e\u5916\u7528\u5099\u8003\u793e\u5916\u7528\u5099\u8003\u793e\u5916\u7528\u5099\u8003\u793e\u5916\u7528\u5099\u8003\u793e\u5916\u7528\u5099\u8003\u793e\u5916\u7528\u5099\u8003\u793e\u5916\u7528\u5099\u8003\u793e\u5916\u7528\u5099\u8003\u793e\u5916\u7528\u5099\u8003\u793e\u5916\u7528\u5099\u8003\u793e\u5916\u7528\u5099\u8003\u793e\u5916\u7528\u5099\u8003\u793e\u5916\u7528\u5099\u8003\u793e\u5916\u7528\u5099\u8003\u793e\u5916\u7528\u5099\u8003\u793e\u5916\u7528\u5099\u8003\u793e\u5916\u7528\u5099\u8003\u793e\u5916\u7528\u5099\u8003\u793e\u5916\u7528\u5099\u8003","unit_net_weight":"1","unit_net_weight_div":"001","net_weight":"999999","unit_gross_weight":"75675.67","gross_weight":"75675594324.33","measure":"756859243.14"},{"pi_detail_no":"18","sales_detail_div":"0","product_cd":"6501","description":"Halogen lamp for PD-3000UV(e)","qty":"1","unit_of_m_div":"001","unit_price":"867868","amount":"867868","detail_tax":"78108.12","unit_measure_qty":"0","unit_measure_price":"001","outside_remarks":"","unit_net_weight":"1","unit_net_weight_div":"001","net_weight":"1","unit_gross_weight":"86786.68","gross_weight":"86786.68","measure":"0"},{"pi_detail_no":"19","sales_detail_div":"3","product_cd":"99992","description":"FOB(FCA)charge\u793e\u5916\u7528\u5099\u8003\u793e\u5916\u7528\u5099\u8003\u793e\u5916\u7528\u5099\u8003\u793e\u5916\u7528\u5099\u8003\u793e\u5916\u7528\u5099\u8003\u793e\u5916\u7528\u5099\u8003\u793e\u5916\u7528\u5099\u8003\u793e\u5916\u7528\u5099\u8003\u793e\u5916\u7528\u5099\u8003\u793e\u5916\u7528\u5099\u8003\u793e\u5916\u7528\u5099\u8003\u793e\u5916\u7528\u5099\u8003\u793e\u5916\u7528\u5099\u8003\u793e\u5916\u7528\u5099\u8003\u793e\u5916\u7528\u5099\u8003\u793e\u5916\u7528\u5099\u8003\u793e\u5916\u7528\u5099\u8003\u793e\u5916\u7528\u5099\u8003\u793e\u5916\u7528\u5099\u8003\u793e\u5916\u7528\u5099\u8003\u793e\u5916\u7528\u5099\u8003\u793e","qty":"1","unit_of_m_div":"002","unit_price":"75675567.78","amount":"75675567.78","detail_tax":"6810801.1","unit_measure_qty":"867.67","unit_measure_price":"001","outside_remarks":"","unit_net_weight":"1","unit_net_weight_div":"001","net_weight":"1","unit_gross_weight":"86786.78","gross_weight":"86786.78","measure":"867.67"},{"pi_detail_no":"20","sales_detail_div":"0","product_cd":"6263","description":"BR-501 holder ring\u793e\u5916\u7528\u5099\u8003\u793e\u5916\u7528\u5099\u8003\u793e\u5916\u7528\u5099\u8003\u793e\u5916\u7528\u5099\u8003\u793e\u5916\u7528\u5099\u8003\u793e\u5916\u7528\u5099\u8003\u793e\u5916\u7528\u5099\u8003\u793e\u5916\u7528\u5099\u8003\u793e\u5916\u7528\u5099\u8003\u793e\u5916\u7528\u5099\u8003\u793e\u5916\u7528\u5099\u8003\u793e\u5916\u7528\u5099\u8003\u793e\u5916\u7528\u5099\u8003\u793e\u5916\u7528\u5099\u8003\u793e\u5916\u7528\u5099\u8003\u793e\u5916\u7528\u5099\u8003\u793e\u5916\u7528\u5099\u8003\u793e\u5916\u7528\u5099\u8003\u793e\u5916\u7528\u5099\u8003\u793e\u5916\u7528\u5099\u8003\u793e\u5916","qty":"86","unit_of_m_div":"001","unit_price":"56756.67","amount":"4881073.62","detail_tax":"439296.63","unit_measure_qty":"867.68","unit_measure_price":"001","outside_remarks":"","unit_net_weight":"886","unit_net_weight_div":"001","net_weight":"76196","unit_gross_weight":"0","gross_weight":"0","measure":"74620.48"},{"pi_detail_no":"21","sales_detail_div":"3","product_cd":"6263","description":"BR-501 holder ring\u793e\u5916\u7528\u5099\u8003\u793e\u5916\u7528\u5099\u8003\u793e\u5916\u7528\u5099\u8003\u793e\u5916\u7528\u5099\u8003\u793e\u5916\u7528\u5099\u8003\u793e\u5916\u7528\u5099\u8003\u793e\u5916\u7528\u5099\u8003\u793e\u5916\u7528\u5099\u8003\u793e\u5916\u7528\u5099\u8003\u793e\u5916\u7528\u5099\u8003\u793e\u5916\u7528\u5099\u8003\u793e\u5916\u7528\u5099\u8003\u793e\u5916\u7528\u5099\u8003\u793e\u5916\u7528\u5099\u8003\u793e\u5916\u7528\u5099\u8003\u793e\u5916\u7528\u5099\u8003\u793e\u5916\u7528\u5099\u8003\u793e\u5916\u7528\u5099\u8003\u793e\u5916\u7528\u5099\u8003\u793e\u5916\u7528\u5099\u8003\u793e\u5916","qty":"788","unit_of_m_div":"001","unit_price":"86786","amount":"68387368","detail_tax":"6154863.12","unit_measure_qty":"867.67","unit_measure_price":"001","outside_remarks":"","unit_net_weight":"7897","unit_net_weight_div":"001","net_weight":"6222836","unit_gross_weight":"86786.78","gross_weight":"68387982.64","measure":"683723.96"},{"pi_detail_no":"22","sales_detail_div":"0","product_cd":"6263","description":"BR-501 holder ring\u793e\u5916\u7528\u5099\u8003\u793e\u5916\u7528\u5099\u8003\u793e\u5916\u7528\u5099\u8003\u793e\u5916\u7528\u5099\u8003\u793e\u5916\u7528\u5099\u8003\u793e\u5916\u7528\u5099\u8003\u793e\u5916\u7528\u5099\u8003\u793e\u5916\u7528\u5099\u8003\u793e\u5916\u7528\u5099\u8003\u793e\u5916\u7528\u5099\u8003\u793e\u5916\u7528\u5099\u8003\u793e\u5916\u7528\u5099\u8003\u793e\u5916\u7528\u5099\u8003\u793e\u5916\u7528\u5099\u8003\u793e\u5916\u7528\u5099\u8003\u793e\u5916\u7528\u5099\u8003\u793e\u5916\u7528\u5099\u8003\u793e\u5916\u7528\u5099\u8003\u793e\u5916\u7528\u5099\u8003\u793e\u5916\u7528\u5099\u8003\u793e\u5916","qty":"1","unit_of_m_div":"001","unit_price":"86786.76","amount":"86786.76","detail_tax":"7810.81","unit_measure_qty":"567.67","unit_measure_price":"001","outside_remarks":"","unit_net_weight":"897","unit_net_weight_div":"001","net_weight":"897","unit_gross_weight":"97897.78","gross_weight":"97897.78","measure":"567.67"},{"pi_detail_no":"23","sales_detail_div":"0","product_cd":"6263","description":"BR-501 holder ring\u793e\u5916\u7528\u5099\u8003\u793e\u5916\u7528\u5099\u8003\u793e\u5916\u7528\u5099\u8003\u793e\u5916\u7528\u5099\u8003\u793e\u5916\u7528\u5099\u8003\u793e\u5916\u7528\u5099\u8003\u793e\u5916\u7528\u5099\u8003\u793e\u5916\u7528\u5099\u8003\u793e\u5916\u7528\u5099\u8003\u793e\u5916\u7528\u5099\u8003\u793e\u5916\u7528\u5099\u8003\u793e\u5916\u7528\u5099\u8003\u793e\u5916\u7528\u5099\u8003\u793e\u5916\u7528\u5099\u8003\u793e\u5916\u7528\u5099\u8003\u793e\u5916\u7528\u5099\u8003\u793e\u5916\u7528\u5099\u8003\u793e\u5916\u7528\u5099\u8003\u793e\u5916\u7528\u5099\u8003\u793e\u5916\u7528\u5099\u8003\u793e\u5916","qty":"7887","unit_of_m_div":"001","unit_price":"86786.78","amount":"684487333.86","detail_tax":"61603860.5","unit_measure_qty":"867.67","unit_measure_price":"001","outside_remarks":"","unit_net_weight":"1","unit_net_weight_div":"001","net_weight":"7887","unit_gross_weight":"8585.68","gross_weight":"67715258.16","measure":"6843313.29"},{"pi_detail_no":"24","sales_detail_div":"3","product_cd":"10001","description":"Mobile Photoelectric colorimeter Model AP-1000M with standard accessories","qty":"90","unit_of_m_div":"002","unit_price":"86786.68","amount":"7810801.2","detail_tax":"702972.11","unit_measure_qty":"0.5","unit_measure_price":"001","outside_remarks":"","unit_net_weight":"0.8","unit_net_weight_div":"001","net_weight":"72","unit_gross_weight":"0.7","gross_weight":"63","measure":"45"},{"pi_detail_no":"25","sales_detail_div":"3","product_cd":"10005","description":"Digital Spectrophotometer Model PD-303S (5 parameters type) with micoprocessor and Standard accessories","qty":"76","unit_of_m_div":"001","unit_price":"86786.67","amount":"6595786.92","detail_tax":"593620.83","unit_measure_qty":"867.67","unit_measure_price":"001","outside_remarks":"","unit_net_weight":"87","unit_net_weight_div":"001","net_weight":"6612","unit_gross_weight":"86786.67","gross_weight":"6595786.92","measure":"65942.92"},{"pi_detail_no":"26","sales_detail_div":"3","product_cd":"10006","description":"Digital UV-VIS Spectrophotometer Model PD-303UV with standard accessories (110\/220VAC 50\/60Hz)","qty":"87","unit_of_m_div":"001","unit_price":"86786.67","amount":"7550440.29","detail_tax":"679539.63","unit_measure_qty":"0","unit_measure_price":"001","outside_remarks":"","unit_net_weight":"75","unit_net_weight_div":"001","net_weight":"6525","unit_gross_weight":"16.5","gross_weight":"1435.5","measure":"0"},{"pi_detail_no":"27","sales_detail_div":"0","product_cd":"10006","description":"Digital UV-VIS Spectrophotometer Model PD-303UV with standard accessories (110\/220VAC 50\/60Hz)","qty":"75","unit_of_m_div":"001","unit_price":"86786.68","amount":"6509001","detail_tax":"585810.09","unit_measure_qty":"867.67","unit_measure_price":"001","outside_remarks":"","unit_net_weight":"12","unit_net_weight_div":"001","net_weight":"900","unit_gross_weight":"16.5","gross_weight":"1237.5","measure":"65075.25"},{"pi_detail_no":"28","sales_detail_div":"3","product_cd":"10006","description":"Digital UV-VIS Spectrophotometer Model PD-303UV with standard accessories (110\/220VAC 50\/60Hz)","qty":"1","unit_of_m_div":"001","unit_price":"86786.67","amount":"86786.67","detail_tax":"7810.8","unit_measure_qty":"756.67","unit_measure_price":"001","outside_remarks":"","unit_net_weight":"756","unit_net_weight_div":"001","net_weight":"756","unit_gross_weight":"16.5","gross_weight":"16.5","measure":"756.67"},{"pi_detail_no":"29","sales_detail_div":"3","product_cd":"10006","description":"Digital UV-VIS Spectrophotometer Model PD-303UV with standard accessories (110\/220VAC 50\/60Hz)","qty":"756","unit_of_m_div":"001","unit_price":"676867.97","amount":"511712185.32","detail_tax":"46054096.68","unit_measure_qty":"867.78","unit_measure_price":"001","outside_remarks":"","unit_net_weight":"876","unit_net_weight_div":"001","net_weight":"662256","unit_gross_weight":"16.5","gross_weight":"12474","measure":"656041.68"},{"pi_detail_no":"30","sales_detail_div":"0","product_cd":"10006","description":"Digital UV-VIS Spectrophotometer Model PD-303UV with standard accessories (110\/220VAC 50\/60Hz)","qty":"117","unit_of_m_div":"001","unit_price":"9999999.11","amount":"1169999895.87","detail_tax":"105299990.63","unit_measure_qty":"0","unit_measure_price":"001","outside_remarks":"","unit_net_weight":"12","unit_net_weight_div":"001","net_weight":"1404","unit_gross_weight":"16.5","gross_weight":"1930.5","measure":"0"}]','1023509','002','75939139744.75','001','8775176.6','001','771450889.71','001','4996364338.79','88888886.78','8678678.78','449672790','5543604694.35','(未定)pi_time_of_shipment','','(未定)pi_country_of_origin','(未定)pi_manufacture','(未定)pi_varidity','(未定)pi_other_conditions1','(未定)pi_other_conditions2','(未定)pi_other_conditions3','(未定)pi_other_conditions4','(未定)pi_other_conditions5','(未定)pi_other_conditions6','(未定)pi_other_conditions7','(未定)pi_other_conditions8','(未定)pi_other_conditions9','(未定)pi_other_conditions10','812','','812','001_pi-detail','192.168.5.206';
2018-02-07 15:00:15 EXEC SPC_001_PI_DETAIL_INQ1 'RT-180201009';
2018-02-07 15:00:16 EXEC SPC_GET_TAX_RATE '2018/02/01';
2018-02-07 15:00:16 EXEC SPC_COM_GET_COMBOBOX 'unit_q_div';
2018-02-07 15:00:16 EXEC SPC_COM_GET_COMBOBOX 'unit_m_div';
2018-02-07 15:00:16 EXEC SPC_COM_GET_COMBOBOX 'sales_detail_div';
2018-02-07 15:00:16 EXEC SPC_COM_GET_COMBOBOX 'unit_w_div';
2018-02-07 15:00:21 EXEC SPC_001_PI_DETAIL_ACT3 'RT-180201009','','812','001_pi-detail','192.168.5.206';
2018-02-07 15:00:23 EXEC SPC_001_PI_DETAIL_INQ1 'RT-180201009';
2018-02-07 15:00:24 EXEC SPC_GET_TAX_RATE '2018/02/01';
2018-02-07 15:00:24 EXEC SPC_COM_GET_COMBOBOX 'unit_m_div';
2018-02-07 15:00:24 EXEC SPC_COM_GET_COMBOBOX 'unit_w_div';
2018-02-07 15:00:24 EXEC SPC_COM_GET_COMBOBOX 'unit_q_div';
2018-02-07 15:00:24 EXEC SPC_COM_GET_COMBOBOX 'sales_detail_div';
2018-02-07 15:00:29 EXEC SPC_GET_CONSTANT '';
2018-02-07 15:00:29 EXEC SPC_003_PI_EXCEL_INQ1 'RT-180201009','812','003_pi-excel','192.168.5.206';
2018-02-07 15:01:59 EXEC SPC_COM_GET_COMBOBOX 'port_country_div';
2018-02-07 15:01:59 EXEC SPC_COM_GET_COMBOBOX 'port_city_div';
2018-02-07 15:01:59 EXEC SPC_COM_GET_COMBOBOX 'shipment_div';
2018-02-07 15:01:59 EXEC SPC_COM_GET_COMBOBOX 'currency_div';
2018-02-07 15:02:00 EXEC SPC_COM_GET_COMBOBOX 'payment_conditions_div';
2018-02-07 15:02:00 EXEC SPC_COM_GET_COMBOBOX 'trade_terms_div';
2018-02-07 15:02:01 EXEC SPC_COM_GET_COMBOBOX 'unit_m_div';
2018-02-07 15:02:01 EXEC SPC_GET_TAX_RATE '2018/02/07';
2018-02-07 15:02:01 EXEC SPC_COM_GET_COMBOBOX 'unit_w_div';
2018-02-07 15:02:01 EXEC SPC_COM_GET_COMBOBOX 'unit_q_div';
2018-02-07 15:02:01 EXEC SPC_COM_GET_COMBOBOX 'sales_detail_div';
2018-02-07 15:02:01 EXEC SPC_COM_GET_COMBOBOX 'bank_div';
2018-02-07 15:02:10 EXEC SPC_073_LOGIN_ACT1 '812','812';
2018-02-07 15:02:10 EXEC SPC_GET_CONSTANT '';
2018-02-07 15:02:16 EXEC SPC_COM_GET_COMBOBOX 'shipment_div';
2018-02-07 15:02:16 EXEC SPC_COM_GET_COMBOBOX 'payment_conditions_div';
2018-02-07 15:02:16 EXEC SPC_COM_GET_COMBOBOX 'port_city_div';
;
2018-02-07 15:02:16 EXEC SPC_COM_GET_COMBOBOX 'currency_div';
2018-02-07 15:02:16 EXEC SPC_COM_GET_COMBOBOX 'trade_terms_div';
2018-02-07 15:02:16 EXEC SPC_COM_GET_COMBOBOX 'unit_q_div';
2018-02-07 15:02:16 EXEC SPC_COM_GET_COMBOBOX 'unit_m_div';
2018-02-07 15:02:16 EXEC SPC_COM_GET_COMBOBOX 'sales_detail_div';
2018-02-07 15:02:16 EXEC SPC_GET_TAX_RATE '2018/02/07';
2018-02-07 15:02:16 EXEC SPC_COM_GET_COMBOBOX 'unit_w_div';
2018-02-07 15:02:16 EXEC SPC_COM_GET_COMBOBOX 'bank_div';
2018-02-07 15:02:26 EXEC SPC_001_PI_DETAIL_INQ1 'RT-181001001';
2018-02-07 15:02:30 EXEC SPC_001_PI_DETAIL_INQ1 'RT-131001001';
2018-02-07 15:02:30 EXEC SPC_COM_GET_COMBOBOX 'sales_detail_div';
2018-02-07 15:02:30 EXEC SPC_GET_TAX_RATE '2013/10/01';
2018-02-07 15:02:30 EXEC SPC_COM_GET_COMBOBOX 'unit_m_div';
2018-02-07 15:02:31 EXEC SPC_COM_GET_COMBOBOX 'unit_w_div';
2018-02-07 15:02:31 EXEC SPC_COM_GET_COMBOBOX 'unit_q_div';
2018-02-07 15:02:52 EXEC SPC_COM_GET_COMBOBOX 'port_city_div';
2018-02-07 15:02:52 EXEC SPC_COM_GET_COMBOBOX 'port_country_div';
2018-02-07 15:02:52 EXEC SPC_COM_GET_COMBOBOX 'shipment_div';
;
2018-02-07 15:02:52 EXEC SPC_COM_GET_COMBOBOX 'currency_div';
2018-02-07 15:02:52 EXEC SPC_COM_GET_COMBOBOX 'sales_detail_div';
2018-02-07 15:02:53 EXEC SPC_COM_GET_COMBOBOX 'unit_q_div';
2018-02-07 15:02:53 EXEC SPC_GET_TAX_RATE '2018/02/07';
';
2018-02-07 15:03:00 EXEC SPC_005_ACCEPT_DETAIL_INQ1 'J-18020016';
2018-02-07 15:03:01 EXEC SPC_COM_GET_COMBOBOX 'unit_w_div';
2018-02-07 15:03:01 EXEC SPC_COM_GET_COMBOBOX 'sales_detail_div';
2018-02-07 15:03:01 EXEC SPC_GET_TAX_RATE '2018/02/07';
2018-02-07 15:03:01 EXEC SPC_COM_GET_COMBOBOX 'unit_q_div';
2018-02-07 15:03:01 EXEC SPC_COM_GET_COMBOBOX 'unit_m_div';
2018-02-07 15:03:20 EXEC SPC_COM_GET_COMBOBOX 'trade_terms_div';
2018-02-07 15:03:20 EXEC SPC_COM_GET_COMBOBOX 'unit_w_div';
2018-02-07 15:03:20 EXEC SPC_COM_GET_COMBOBOX 'port_country_div';
2018-02-07 15:03:20 EXEC SPC_COM_GET_COMBOBOX 'unit_q_div';
2018-02-07 15:03:20 EXEC SPC_COM_GET_COMBOBOX 'port_city_div';
2018-02-07 15:03:21 EXEC SPC_COM_GET_COMBOBOX 'sales_detail_div';
2018-02-07 15:03:21 EXEC SPC_COM_GET_COMBOBOX 'currency_div';
2018-02-07 15:03:21 EXEC SPC_GET_TAX_RATE '2018/02/07';
2018-02-07 15:03:21 EXEC SPC_COM_GET_COMBOBOX 'shipment_div';
2018-02-07 15:03:28 EXEC SPC_005_ACCEPT_DETAIL_INQ1 'J-18202001';
2018-02-07 15:03:46 EXEC SPC_005_ACCEPT_DETAIL_INQ1 'J-18020016';
2018-02-07 15:03:47 EXEC SPC_GET_TAX_RATE '2018/02/07';
2018-02-07 15:03:47 EXEC SPC_COM_GET_COMBOBOX 'unit_q_div';
2018-02-07 15:03:47 EXEC SPC_COM_GET_COMBOBOX 'unit_w_div';
2018-02-07 15:03:47 EXEC SPC_COM_GET_COMBOBOX 'unit_m_div';
2018-02-07 15:03:47 EXEC SPC_COM_GET_COMBOBOX 'sales_detail_div';
2018-02-07 15:08:19 EXEC SPC_005_ACCEPT_DETAIL_ACT4 'J-18020016','812','005_accept-detail','192.168.5.206';
2018-02-07 15:08:28 EXEC SPC_COM_GET_COMBOBOX 'pi_status_div';
2018-02-07 15:08:35 EXEC SPC_002_PI_SEARCH_FND1 '','','','','','','','10','1','10';
2018-02-07 15:08:39 EXEC SPC_COM_GET_COMBOBOX 'port_country_div';
2018-02-07 15:08:39 EXEC SPC_COM_GET_COMBOBOX 'shipment_div';
2018-02-07 15:08:39 EXEC SPC_COM_GET_COMBOBOX 'trade_terms_div';
2018-02-07 15:08:39 EXEC SPC_COM_GET_COMBOBOX 'currency_div';
2018-02-07 15:08:39 EXEC SPC_COM_GET_COMBOBOX 'port_city_div';
2018-02-07 15:08:39 EXEC SPC_COM_GET_COMBOBOX 'payment_conditions_div';
2018-02-07 15:08:40 EXEC SPC_COM_GET_COMBOBOX 'unit_q_div';
2018-02-07 15:08:40 EXEC SPC_COM_GET_COMBOBOX 'sales_detail_div';
2018-02-07 15:08:40 EXEC SPC_COM_GET_COMBOBOX 'unit_m_div';
2018-02-07 15:08:40 EXEC SPC_COM_GET_COMBOBOX 'bank_div';
2018-02-07 15:08:40 EXEC SPC_COM_GET_COMBOBOX 'unit_w_div';
2018-02-07 15:08:40 EXEC SPC_GET_TAX_RATE '2018/02/07';
2018-02-07 15:08:40 EXEC SPC_001_PI_DETAIL_INQ1 'RT-130829002';
2018-02-07 15:08:41 EXEC SPC_GET_TAX_RATE '2013/08/29';
2018-02-07 15:08:41 EXEC SPC_COM_GET_COMBOBOX 'unit_w_div';
2018-02-07 15:08:41 EXEC SPC_COM_GET_COMBOBOX 'sales_detail_div';
2018-02-07 15:08:41 EXEC SPC_COM_GET_COMBOBOX 'unit_m_div';
2018-02-07 15:08:41 EXEC SPC_COM_GET_COMBOBOX 'unit_q_div';
2018-02-07 15:09:22 EXEC SPC_COM_GET_COMBOBOX 'port_country_div';
2018-02-07 15:09:22 EXEC SPC_COM_GET_COMBOBOX 'shipment_div';
2018-02-07 15:09:22 EXEC SPC_COM_GET_COMBOBOX 'port_city_div';
2018-02-07 15:09:22 EXEC SPC_COM_GET_COMBOBOX 'currency_div';
2018-02-07 15:09:23 EXEC SPC_COM_GET_COMBOBOX 'trade_terms_div';
2018-02-07 15:09:23 EXEC SPC_COM_GET_COMBOBOX 'sales_detail_div';
2018-02-07 15:09:23 EXEC SPC_COM_GET_COMBOBOX 'unit_m_div';
2018-02-07 15:09:23 EXEC SPC_COM_GET_COMBOBOX 'unit_w_div';
2018-02-07 15:09:23 EXEC SPC_COM_GET_COMBOBOX 'unit_q_div';
2018-02-07 15:09:23 EXEC SPC_GET_TAX_RATE '2018/02/07';
2018-02-07 15:12:55 EXEC SPC_COM_GET_COMBOBOX 'port_city_div';
2018-02-07 15:12:55 EXEC SPC_COM_GET_COMBOBOX 'port_country_div';
2018-02-07 15:12:55 EXEC SPC_COM_GET_COMBOBOX 'currency_div';
2018-02-07 15:12:55 EXEC SPC_COM_GET_COMBOBOX 'trade_terms_div';
2018-02-07 15:12:55 EXEC SPC_COM_GET_COMBOBOX 'sales_detail_div';
2018-02-07 15:12:56 EXEC SPC_COM_GET_COMBOBOX 'shipment_div';
2018-02-07 15:12:56 EXEC SPC_COM_GET_COMBOBOX 'unit_q_div';
2018-02-07 15:12:56 EXEC SPC_COM_GET_COMBOBOX 'unit_m_div';
2018-02-07 15:12:56 EXEC SPC_COM_GET_COMBOBOX 'unit_w_div';
2018-02-07 15:12:56 EXEC SPC_GET_TAX_RATE '2018/02/07';
2018-02-07 15:13:14 EXEC SPC_COM_GET_COMBOBOX 'shipment_div';
2018-02-07 15:13:14 EXEC SPC_COM_GET_COMBOBOX 'port_country_div';
2018-02-07 15:13:14 EXEC SPC_COM_GET_COMBOBOX 'currency_div';
2018-02-07 15:13:14 EXEC SPC_COM_GET_COMBOBOX 'port_city_div';
2018-02-07 15:13:14 EXEC SPC_COM_GET_COMBOBOX 'trade_terms_div';
2018-02-07 15:13:14 EXEC SPC_COM_GET_COMBOBOX 'sales_detail_div';
2018-02-07 15:13:15 EXEC SPC_COM_GET_COMBOBOX 'unit_m_div';
2018-02-07 15:13:15 EXEC SPC_COM_GET_COMBOBOX 'unit_w_div';
2018-02-07 15:13:15 EXEC SPC_COM_GET_COMBOBOX 'unit_q_div';
2018-02-07 15:13:15 EXEC SPC_GET_TAX_RATE '2018/02/07';
2018-02-07 15:13:27 EXEC SPC_COM_GET_COMBOBOX 'trade_terms_div';
2018-02-07 15:13:27 EXEC SPC_COM_GET_COMBOBOX 'port_country_div';
2018-02-07 15:13:27 EXEC SPC_COM_GET_COMBOBOX 'shipment_div';
2018-02-07 15:13:27 EXEC SPC_COM_GET_COMBOBOX 'currency_div';
2018-02-07 15:13:27 EXEC SPC_COM_GET_COMBOBOX 'sales_detail_div';
2018-02-07 15:13:27 EXEC SPC_COM_GET_COMBOBOX 'port_city_div';
2018-02-07 15:13:27 EXEC SPC_COM_GET_COMBOBOX 'unit_w_div';
2018-02-07 15:13:28 EXEC SPC_COM_GET_COMBOBOX 'unit_q_div';
2018-02-07 15:13:28 EXEC SPC_GET_TAX_RATE '2018/02/07';
2018-02-07 15:13:28 EXEC SPC_COM_GET_COMBOBOX 'unit_m_div';
2018-02-07 15:15:55 EXEC SPC_COM_GET_COMBOBOX 'currency_div';
2018-02-07 15:15:55 EXEC SPC_COM_GET_COMBOBOX 'port_city_div';
2018-02-07 15:15:56 EXEC SPC_COM_GET_COMBOBOX 'shipment_div';
2018-02-07 15:15:56 EXEC SPC_COM_GET_COMBOBOX 'port_country_div';
2018-02-07 15:15:56 EXEC SPC_COM_GET_COMBOBOX 'trade_terms_div';
2018-02-07 15:15:56 EXEC SPC_COM_GET_COMBOBOX 'sales_detail_div';
2018-02-07 15:15:56 EXEC SPC_COM_GET_COMBOBOX 'unit_q_div';
2018-02-07 15:15:56 EXEC SPC_GET_TAX_RATE '2018/02/07';
2018-02-07 15:15:56 EXEC SPC_COM_GET_COMBOBOX 'unit_m_div';
2018-02-07 15:16:03 EXEC SPC_005_ACCEPT_DETAIL_INQ1 'J-18020016';
2018-02-07 15:16:03 EXEC SPC_COM_GET_COMBOBOX 'unit_w_div';
2018-02-07 15:16:03 EXEC SPC_COM_GET_COMBOBOX 'unit_m_div';
2018-02-07 15:16:03 EXEC SPC_COM_GET_COMBOBOX 'sales_detail_div';
2018-02-07 15:16:03 EXEC SPC_GET_TAX_RATE '2018/02/07';
2018-02-07 15:16:04 EXEC SPC_COM_GET_COMBOBOX 'unit_q_div';
2018-02-07 15:18:21 EXEC SPC_COM_GET_COMBOBOX 'port_country_div';
2018-02-07 15:18:21 EXEC SPC_COM_GET_COMBOBOX 'sales_detail_div';
2018-02-07 15:18:21 EXEC SPC_COM_GET_COMBOBOX 'shipment_div';
2018-02-07 15:18:21 EXEC SPC_COM_GET_COMBOBOX 'port_city_div';
2018-02-07 15:18:21 EXEC SPC_COM_GET_COMBOBOX 'currency_div';
2018-02-07 15:18:21 EXEC SPC_COM_GET_COMBOBOX 'trade_terms_div';
2018-02-07 15:18:21 EXEC SPC_COM_GET_COMBOBOX 'unit_q_div';
2018-02-07 15:18:21 EXEC SPC_COM_GET_COMBOBOX 'unit_m_div';
2018-02-07 15:18:21 EXEC SPC_COM_GET_COMBOBOX 'unit_w_div';
2018-02-07 15:18:21 EXEC SPC_GET_TAX_RATE '2018/02/07';
2018-02-07 15:20:33 EXEC SPC_COM_GET_COMBOBOX 'port_city_div';
2018-02-07 15:20:33 EXEC SPC_COM_GET_COMBOBOX 'port_country_div';
2018-02-07 15:20:33 EXEC SPC_COM_GET_COMBOBOX 'shipment_div';
2018-02-07 15:20:33 EXEC SPC_COM_GET_COMBOBOX 'trade_terms_div';
2018-02-07 15:20:33 EXEC SPC_COM_GET_COMBOBOX 'currency_div';
2018-02-07 15:20:33 EXEC SPC_COM_GET_COMBOBOX 'sales_detail_div';
2018-02-07 15:20:34 EXEC SPC_COM_GET_COMBOBOX 'unit_q_div';
2018-02-07 15:20:34 EXEC SPC_COM_GET_COMBOBOX 'unit_w_div';
2018-02-07 15:20:34 EXEC SPC_GET_TAX_RATE '2018/02/07';
2018-02-07 15:20:34 EXEC SPC_COM_GET_COMBOBOX 'unit_m_div';
2018-02-07 15:23:50 EXEC SPC_COM_GET_COMBOBOX 'port_city_div';
2018-02-07 15:23:51 EXEC SPC_COM_GET_COMBOBOX 'trade_terms_div';
2018-02-07 15:23:51 EXEC SPC_COM_GET_COMBOBOX 'shipment_div';
2018-02-07 15:23:51 EXEC SPC_COM_GET_COMBOBOX 'sales_detail_div';
2018-02-07 15:23:51 EXEC SPC_COM_GET_COMBOBOX 'currency_div';
2018-02-07 15:23:51 EXEC SPC_COM_GET_COMBOBOX 'port_country_div';
2018-02-07 15:23:51 EXEC SPC_COM_GET_COMBOBOX 'unit_q_div';
2018-02-07 15:23:51 EXEC SPC_COM_GET_COMBOBOX 'unit_w_div';
2018-02-07 15:23:51 EXEC SPC_GET_TAX_RATE '2018/02/07';
2018-02-07 15:23:51 EXEC SPC_COM_GET_COMBOBOX 'unit_m_div';
2018-02-07 15:24:23 EXEC SPC_COM_GET_COMBOBOX 'sales_detail_div';
2018-02-07 15:24:23 EXEC SPC_COM_GET_COMBOBOX 'trade_terms_div';
2018-02-07 15:24:23 EXEC SPC_COM_GET_COMBOBOX 'shipment_div';
2018-02-07 15:24:23 EXEC SPC_COM_GET_COMBOBOX 'port_city_div';
2018-02-07 15:24:23 EXEC SPC_COM_GET_COMBOBOX 'currency_div';
2018-02-07 15:24:23 EXEC SPC_COM_GET_COMBOBOX 'port_country_div';
2018-02-07 15:24:23 EXEC SPC_COM_GET_COMBOBOX 'unit_m_div';
2018-02-07 15:24:24 EXEC SPC_COM_GET_COMBOBOX 'unit_q_div';
2018-02-07 15:24:24 EXEC SPC_COM_GET_COMBOBOX 'unit_w_div';
2018-02-07 15:24:24 EXEC SPC_GET_TAX_RATE '2018/02/07';
2018-02-07 15:24:27 EXEC SPC_005_ACCEPT_DETAIL_INQ1 'J-18020016';
2018-02-07 15:24:28 EXEC SPC_COM_GET_COMBOBOX 'unit_m_div';
2018-02-07 15:24:28 EXEC SPC_GET_TAX_RATE '2018/02/07';
2018-02-07 15:24:28 EXEC SPC_COM_GET_COMBOBOX 'unit_w_div';
2018-02-07 15:24:28 EXEC SPC_COM_GET_COMBOBOX 'sales_detail_div';
2018-02-07 15:24:28 EXEC SPC_COM_GET_COMBOBOX 'unit_q_div';
2018-02-07 15:26:58 EXEC SPC_COM_GET_COMBOBOX 'port_city_div';
2018-02-07 15:26:58 EXEC SPC_COM_GET_COMBOBOX 'port_country_div';
2018-02-07 15:26:58 EXEC SPC_COM_GET_COMBOBOX 'currency_div';
2018-02-07 15:26:58 EXEC SPC_COM_GET_COMBOBOX 'shipment_div';
2018-02-07 15:26:58 EXEC SPC_COM_GET_COMBOBOX 'trade_terms_div';
2018-02-07 15:26:58 EXEC SPC_COM_GET_COMBOBOX 'sales_detail_div';
2018-02-07 15:26:58 EXEC SPC_COM_GET_COMBOBOX 'unit_q_div';
2018-02-07 15:26:59 EXEC SPC_COM_GET_COMBOBOX 'unit_w_div';
2018-02-07 15:26:59 EXEC SPC_COM_GET_COMBOBOX 'unit_m_div';
2018-02-07 15:26:59 EXEC SPC_GET_TAX_RATE '2018/02/07';
2018-02-07 15:28:45 EXEC SPC_COM_GET_COMBOBOX 'shipment_div';
2018-02-07 15:28:45 EXEC SPC_COM_GET_COMBOBOX 'port_city_div';
2018-02-07 15:28:45 EXEC SPC_COM_GET_COMBOBOX 'port_country_div';
2018-02-07 15:28:45 EXEC SPC_COM_GET_COMBOBOX 'trade_terms_div';
2018-02-07 15:28:45 EXEC SPC_COM_GET_COMBOBOX 'sales_detail_div';
2018-02-07 15:28:46 EXEC SPC_COM_GET_COMBOBOX 'unit_q_div';
2018-02-07 15:28:46 EXEC SPC_GET_TAX_RATE '2018/02/07';
2018-02-07 15:28:46 EXEC SPC_COM_GET_COMBOBOX 'unit_w_div';
2018-02-07 15:28:46 EXEC SPC_COM_GET_COMBOBOX 'unit_m_div';
2018-02-07 15:28:53 EXEC SPC_COM_GET_COMBOBOX 'port_country_div';
2018-02-07 15:28:53 EXEC SPC_COM_GET_COMBOBOX 'shipment_div';
2018-02-07 15:28:53 EXEC SPC_COM_GET_COMBOBOX 'port_city_div';
2018-02-07 15:28:53 EXEC SPC_COM_GET_COMBOBOX 'payment_conditions_div';
2018-02-07 15:28:53 EXEC SPC_COM_GET_COMBOBOX 'trade_terms_div';
2018-02-07 15:28:53 EXEC SPC_COM_GET_COMBOBOX 'currency_div';
2018-02-07 15:28:54 EXEC SPC_COM_GET_COMBOBOX 'unit_q_div';
2018-02-07 15:28:54 EXEC SPC_COM_GET_COMBOBOX 'unit_w_div';
2018-02-07 15:28:54 EXEC SPC_GET_TAX_RATE '2018/02/07';
2018-02-07 15:28:54 EXEC SPC_COM_GET_COMBOBOX 'unit_m_div';
2018-02-07 15:28:54 EXEC SPC_COM_GET_COMBOBOX 'bank_div';
2018-02-07 15:28:54 EXEC SPC_COM_GET_COMBOBOX 'sales_detail_div';
2018-02-07 15:28:54 EXEC SPC_001_PI_DETAIL_INQ1 'RT-130829002';
2018-02-07 15:28:55 EXEC SPC_GET_TAX_RATE '2013/08/29';
2018-02-07 15:28:55 EXEC SPC_COM_GET_COMBOBOX 'unit_m_div';
2018-02-07 15:28:55 EXEC SPC_COM_GET_COMBOBOX 'unit_w_div';
2018-02-07 15:28:55 EXEC SPC_COM_GET_COMBOBOX 'sales_detail_div';
2018-02-07 15:28:55 EXEC SPC_COM_GET_COMBOBOX 'unit_q_div';
2018-02-07 15:29:07 EXEC SPC_COM_GET_COMBOBOX 'port_city_div';
2018-02-07 15:29:07 EXEC SPC_COM_GET_COMBOBOX 'trade_terms_div';
2018-02-07 15:29:07 EXEC SPC_COM_GET_COMBOBOX 'port_country_div';
2018-02-07 15:29:07 EXEC SPC_COM_GET_COMBOBOX 'payment_conditions_div';
2018-02-07 15:29:07 EXEC SPC_COM_GET_COMBOBOX 'shipment_div';
2018-02-07 15:29:07 EXEC SPC_COM_GET_COMBOBOX 'currency_div';
2018-02-07 15:29:08 EXEC SPC_COM_GET_COMBOBOX 'unit_q_div';
2018-02-07 15:29:08 EXEC SPC_COM_GET_COMBOBOX 'unit_w_div';
2018-02-07 15:29:08 EXEC SPC_COM_GET_COMBOBOX 'sales_detail_div';
2018-02-07 15:29:08 EXEC SPC_GET_TAX_RATE '2018/02/07';
2018-02-07 15:29:08 EXEC SPC_COM_GET_COMBOBOX 'unit_m_div';
2018-02-07 15:29:08 EXEC SPC_COM_GET_COMBOBOX 'bank_div';
2018-02-07 15:32:47 EXEC SPC_COM_GET_COMBOBOX 'port_city_div';
2018-02-07 15:32:47 EXEC SPC_COM_GET_COMBOBOX 'shipment_div';
2018-02-07 15:32:47 EXEC SPC_COM_GET_COMBOBOX 'currency_div';
2018-02-07 15:32:47 EXEC SPC_COM_GET_COMBOBOX 'sales_detail_div';
2018-02-07 15:32:47 EXEC SPC_COM_GET_COMBOBOX 'trade_terms_div';
2018-02-07 15:32:47 EXEC SPC_COM_GET_COMBOBOX 'port_country_div';
2018-02-07 15:32:47 EXEC SPC_COM_GET_COMBOBOX 'unit_q_div';
2018-02-07 15:32:48 EXEC SPC_COM_GET_COMBOBOX 'unit_m_div';
2018-02-07 15:32:48 EXEC SPC_GET_TAX_RATE '2018/02/07';
2018-02-07 15:32:48 EXEC SPC_COM_GET_COMBOBOX 'unit_w_div';
2018-02-07 15:36:09 EXEC SPC_COM_GET_COMBOBOX 'port_city_div';
2018-02-07 15:36:09 EXEC SPC_COM_GET_COMBOBOX 'currency_div';
2018-02-07 15:36:09 EXEC SPC_COM_GET_COMBOBOX 'sales_detail_div';
2018-02-07 15:36:09 EXEC SPC_COM_GET_COMBOBOX 'port_country_div';
2018-02-07 15:36:10 EXEC SPC_COM_GET_COMBOBOX 'trade_terms_div';
2018-02-07 15:36:10 EXEC SPC_COM_GET_COMBOBOX 'shipment_div';
2018-02-07 15:36:10 EXEC SPC_COM_GET_COMBOBOX 'unit_q_div';
2018-02-07 15:36:10 EXEC SPC_COM_GET_COMBOBOX 'unit_m_div';
2018-02-07 15:36:10 EXEC SPC_GET_TAX_RATE '2018/02/07';
2018-02-07 15:36:16 EXEC SPC_COM_GET_COMBOBOX 'currency_div';
2018-02-07 15:36:16 EXEC SPC_COM_GET_COMBOBOX 'port_city_div';
2018-02-07 15:36:16 EXEC SPC_COM_GET_COMBOBOX 'sales_detail_div';
2018-02-07 15:36:16 EXEC SPC_COM_GET_COMBOBOX 'port_country_div';
2018-02-07 15:36:16 EXEC SPC_COM_GET_COMBOBOX 'shipment_div';
2018-02-07 15:36:16 EXEC SPC_COM_GET_COMBOBOX 'trade_terms_div';
2018-02-07 15:36:16 EXEC SPC_COM_GET_COMBOBOX 'unit_w_div';
2018-02-07 15:36:16 EXEC SPC_COM_GET_COMBOBOX 'unit_m_div';
2018-02-07 15:36:16 EXEC SPC_COM_GET_COMBOBOX 'unit_q_div';
2018-02-07 15:36:16 EXEC SPC_GET_TAX_RATE '2018/02/07';
2018-02-07 15:37:48 EXEC SPC_001_PI_DETAIL_INQ1 'RT-130825002';
2018-02-07 15:38:07 EXEC SPC_001_PI_DETAIL_INQ1 'RT-180207001';
2018-02-07 15:38:07 EXEC SPC_COM_GET_COMBOBOX 'unit_q_div';
2018-02-07 15:38:07 EXEC SPC_GET_TAX_RATE '2018/02/07';
2018-02-07 15:38:08 EXEC SPC_COM_GET_COMBOBOX 'sales_detail_div';
2018-02-07 15:38:08 EXEC SPC_COM_GET_COMBOBOX 'unit_m_div';
2018-02-07 15:38:08 EXEC SPC_COM_GET_COMBOBOX 'unit_w_div';
2018-02-07 15:38:14 EXEC SPC_COM_GET_COMBOBOX 'shipment_div';
2018-02-07 15:38:14 EXEC SPC_COM_GET_COMBOBOX 'trade_terms_div';
2018-02-07 15:38:14 EXEC SPC_COM_GET_COMBOBOX 'currency_div';
2018-02-07 15:38:14 EXEC SPC_COM_GET_COMBOBOX 'port_city_div';
2018-02-07 15:38:14 EXEC SPC_COM_GET_COMBOBOX 'payment_conditions_div';
2018-02-07 15:38:15 EXEC SPC_COM_GET_COMBOBOX 'port_country_div';
2018-02-07 15:38:15 EXEC SPC_COM_GET_COMBOBOX 'unit_w_div';
2018-02-07 15:38:15 EXEC SPC_COM_GET_COMBOBOX 'unit_m_div';
2018-02-07 15:38:15 EXEC SPC_COM_GET_COMBOBOX 'unit_q_div';
2018-02-07 15:38:15 EXEC SPC_COM_GET_COMBOBOX 'sales_detail_div';
2018-02-07 15:38:15 EXEC SPC_GET_TAX_RATE '2018/02/07';
2018-02-07 15:38:15 EXEC SPC_COM_GET_COMBOBOX 'bank_div';
2018-02-07 15:38:16 EXEC SPC_001_PI_DETAIL_INQ1 'RT-180207001';
2018-02-07 15:38:16 EXEC SPC_COM_GET_COMBOBOX 'unit_w_div';
2018-02-07 15:38:16 EXEC SPC_COM_GET_COMBOBOX 'unit_m_div';
2018-02-07 15:38:16 EXEC SPC_GET_TAX_RATE '2018/02/07';
2018-02-07 15:38:17 EXEC SPC_COM_GET_COMBOBOX 'sales_detail_div';
2018-02-07 15:38:17 EXEC SPC_COM_GET_COMBOBOX 'unit_q_div';
2018-02-07 15:38:21 EXEC SPC_COM_GET_COMBOBOX 'shipment_div';
2018-02-07 15:38:21 EXEC SPC_COM_GET_COMBOBOX 'port_city_div';
2018-02-07 15:38:21 EXEC SPC_COM_GET_COMBOBOX 'payment_conditions_div';
2018-02-07 15:38:21 EXEC SPC_COM_GET_COMBOBOX 'currency_div';
2018-02-07 15:38:21 EXEC SPC_COM_GET_COMBOBOX 'port_country_div';
2018-02-07 15:38:21 EXEC SPC_COM_GET_COMBOBOX 'trade_terms_div';
2018-02-07 15:38:22 EXEC SPC_COM_GET_COMBOBOX 'bank_div';
2018-02-07 15:38:22 EXEC SPC_COM_GET_COMBOBOX 'unit_q_div';
2018-02-07 15:38:22 EXEC SPC_COM_GET_COMBOBOX 'unit_w_div';
2018-02-07 15:38:22 EXEC SPC_GET_TAX_RATE '2018/02/07';
2018-02-07 15:38:22 EXEC SPC_COM_GET_COMBOBOX 'sales_detail_div';
2018-02-07 15:38:22 EXEC SPC_COM_GET_COMBOBOX 'unit_m_div';
2018-02-07 15:38:31 EXEC SPC_001_PI_DETAIL_INQ1 'RT-180207002';
2018-02-07 15:38:32 EXEC SPC_COM_GET_COMBOBOX 'unit_m_div';
2018-02-07 15:38:32 EXEC SPC_GET_TAX_RATE '2018/02/07';
2018-02-07 15:38:32 EXEC SPC_COM_GET_COMBOBOX 'sales_detail_div';
2018-02-07 15:38:32 EXEC SPC_COM_GET_COMBOBOX 'unit_w_div';
2018-02-07 15:38:32 EXEC SPC_COM_GET_COMBOBOX 'unit_q_div';
2018-02-07 15:38:35 EXEC SPC_GET_CONSTANT '';
2018-02-07 15:38:35 EXEC SPC_003_PI_EXCEL_INQ1 'RT-180207002','812','003_pi-excel','192.168.5.206';
2018-02-07 15:43:19 EXEC SPC_GET_CONSTANT '';
2018-02-07 15:43:19 EXEC SPC_003_PI_EXCEL_INQ1 'RT-180207002','812','003_pi-excel','192.168.5.206';
2018-02-07 15:45:10 EXEC SPC_GET_CONSTANT '';
2018-02-07 15:45:10 EXEC SPC_003_PI_EXCEL_INQ1 'RT-180207002','812','003_pi-excel','192.168.5.206';
2018-02-07 15:49:07 EXEC SPC_GET_CONSTANT '';
2018-02-07 15:49:07 EXEC SPC_003_PI_EXCEL_INQ1 'RT-180207002','812','003_pi-excel','192.168.5.206';
2018-02-07 15:49:52 EXEC SPC_GET_CONSTANT '';
2018-02-07 15:49:52 EXEC SPC_003_PI_EXCEL_INQ1 'RT-180207002','812','003_pi-excel','192.168.5.206';
2018-02-07 16:09:06 EXEC SPC_001_PI_DETAIL_ACT4 'RT-180207002','社内用備考','812','001_pi-detail','192.168.5.206';
2018-02-07 16:09:07 EXEC SPC_001_PI_DETAIL_INQ1 'RT-180207002';
2018-02-07 16:09:08 EXEC SPC_GET_TAX_RATE '2018/02/07';
2018-02-07 16:09:10 EXEC SPC_COM_GET_COMBOBOX 'sales_detail_div';
2018-02-07 16:09:10 EXEC SPC_COM_GET_COMBOBOX 'unit_w_div';
2018-02-07 16:09:10 EXEC SPC_COM_GET_COMBOBOX 'unit_m_div';
2018-02-07 16:09:10 EXEC SPC_COM_GET_COMBOBOX 'unit_q_div';
2018-02-07 16:09:33 EXEC SPC_COM_GET_COMBOBOX 'trade_terms_div';
2018-02-07 16:09:33 EXEC SPC_COM_GET_COMBOBOX 'port_country_div';
2018-02-07 16:09:33 EXEC SPC_COM_GET_COMBOBOX 'port_city_div';
2018-02-07 16:09:33 EXEC SPC_COM_GET_COMBOBOX 'currency_div';
2018-02-07 16:09:33 EXEC SPC_COM_GET_COMBOBOX 'shipment_div';
2018-02-07 16:09:34 EXEC SPC_COM_GET_COMBOBOX 'unit_m_div';
2018-02-07 16:09:34 EXEC SPC_COM_GET_COMBOBOX 'unit_q_div';
2018-02-07 16:09:34 EXEC SPC_COM_GET_COMBOBOX 'unit_w_div';
2018-02-07 16:09:34 EXEC SPC_GET_TAX_RATE '2018/02/07';
2018-02-07 16:09:34 EXEC SPC_COM_GET_COMBOBOX 'sales_detail_div';
2018-02-07 16:09:40 EXEC SPC_063_PRODUCT_MASTER_SEARCH_FND1 '','','1','10';
2018-02-07 16:09:42 EXEC SPC_005_ACCEPT_DETAIL_INQ3 '0007','2018/02/07','','','';
2018-02-07 16:18:29 EXEC SPC_GET_TAX_RATE '';
2018-02-07 16:18:40 EXEC SPC_GET_TAX_RATE '2018/02/10';
2018-02-07 16:25:03 EXEC SPC_COM_GET_COMBOBOX 'port_city_div';
2018-02-07 16:25:03 EXEC SPC_COM_GET_COMBOBOX 'unit_q_div';
2018-02-07 16:25:04 EXEC SPC_COM_GET_COMBOBOX 'unit_w_div';
2018-02-07 16:25:04 EXEC SPC_COM_GET_COMBOBOX 'currency_div';
2018-02-07 16:25:04 EXEC SPC_COM_GET_COMBOBOX 'port_country_div';
2018-02-07 16:25:04 EXEC SPC_COM_GET_COMBOBOX 'payment_conditions_div';
2018-02-07 16:25:04 EXEC SPC_COM_GET_COMBOBOX 'trade_terms_div';
2018-02-07 16:25:04 EXEC SPC_COM_GET_COMBOBOX 'shipment_div';
2018-02-07 16:25:04 EXEC SPC_COM_GET_COMBOBOX 'unit_m_div';
2018-02-07 16:25:04 EXEC SPC_COM_GET_COMBOBOX 'sales_detail_div';
2018-02-07 16:25:04 EXEC SPC_COM_GET_COMBOBOX 'bank_div';
2018-02-07 16:25:04 EXEC SPC_001_PI_DETAIL_INQ1 'RT-180207002';
2018-02-07 16:25:04 EXEC SPC_GET_TAX_RATE '2018/02/07';
2018-02-07 16:25:05 EXEC SPC_COM_GET_COMBOBOX 'unit_q_div';
2018-02-07 16:25:05 EXEC SPC_COM_GET_COMBOBOX 'unit_w_div';
2018-02-07 16:25:05 EXEC SPC_COM_GET_COMBOBOX 'sales_detail_div';
2018-02-07 16:25:05 EXEC SPC_GET_TAX_RATE '2018/02/07';
2018-02-07 16:25:05 EXEC SPC_COM_GET_COMBOBOX 'unit_m_div';
2018-02-07 16:28:02 EXEC SPC_GET_TAX_RATE '';
2018-02-07 16:28:40 EXEC SPC_GET_TAX_RATE '';
2018-02-07 16:31:12 EXEC SPC_GET_TAX_RATE '';
2018-02-07 16:40:02 EXEC SPC_GET_TAX_RATE '';
2018-02-07 16:41:46 EXEC SPC_GET_TAX_RATE '';
2018-02-07 16:43:30 EXEC SPC_GET_TAX_RATE '';
2018-02-07 16:44:01 EXEC SPC_GET_TAX_RATE '';
2018-02-07 16:44:43 EXEC SPC_GET_TAX_RATE '';
2018-02-07 16:53:57 EXEC SPC_GET_TAX_RATE '';
2018-02-07 16:54:24 EXEC SPC_GET_TAX_RATE '';
2018-02-07 16:54:44 EXEC SPC_GET_TAX_RATE '';
2018-02-07 17:03:02 EXEC SPC_GET_TAX_RATE '';
2018-02-07 17:09:24 EXEC SPC_GET_TAX_RATE '';
2018-02-07 17:10:38 EXEC SPC_GET_TAX_RATE '';
2018-02-07 17:14:11 EXEC SPC_GET_TAX_RATE '';
2018-02-07 17:15:49 EXEC SPC_GET_TAX_RATE '';
2018-02-07 17:17:11 EXEC SPC_069_COMPONENT_MASTER_SEARCH_FND1 '','','','1','10';
2018-02-07 17:17:38 EXEC SPC_GET_TAX_RATE '';
2018-02-07 17:21:30 EXEC SPC_GET_TAX_RATE '';
2018-02-07 17:22:38 EXEC SPC_GET_TAX_RATE '';
2018-02-07 17:23:06 EXEC SPC_GET_TAX_RATE '';
2018-02-07 17:23:16 EXEC SPC_GET_TAX_RATE '';
2018-02-07 17:23:56 EXEC SPC_GET_TAX_RATE '';
2018-02-07 17:26:17 EXEC SPC_GET_TAX_RATE '';
2018-02-07 17:28:01 EXEC SPC_GET_TAX_RATE '';
2018-02-07 17:28:24 EXEC SPC_GET_TAX_RATE '';
2018-02-07 17:29:32 EXEC SPC_GET_TAX_RATE '';
2018-02-07 17:30:14 EXEC SPC_GET_TAX_RATE '';
2018-02-07 17:31:50 EXEC SPC_055_SUPPLIERS_MASTER_SEARCH_FND1 '','','','','','','0','0','0','1','10';
2018-02-07 17:31:51 EXEC SPC_REFER_CLIENT_CD '001';
2018-02-07 17:31:56 EXEC SPC_REFER_CLIENT_CD '0000';
2018-02-07 17:31:59 EXEC SPC_REFER_CLIENT_CD '9';
2018-02-07 17:32:01 EXEC SPC_REFER_CLIENT_CD '7';
2018-02-07 17:38:35 EXEC SPC_GET_TAX_RATE '';
2018-02-07 17:39:30 EXEC SPC_GET_TAX_RATE '';
2018-02-07 17:39:35 EXEC SPC_GET_TAX_RATE '';
2018-02-07 17:39:49 EXEC SPC_GET_TAX_RATE '';
2018-02-07 17:40:34 EXEC SPC_GET_TAX_RATE '';
2018-02-07 17:42:06 EXEC SPC_GET_TAX_RATE '';
2018-02-07 17:42:33 EXEC SPC_GET_TAX_RATE '';
2018-02-07 17:42:58 EXEC SPC_GET_TAX_RATE '';
2018-02-07 17:43:48 EXEC SPC_GET_TAX_RATE '';
2018-02-07 17:44:03 EXEC SPC_GET_TAX_RATE '';
2018-02-07 17:44:55 EXEC SPC_GET_TAX_RATE '';
2018-02-07 17:45:12 EXEC SPC_GET_TAX_RATE '';
2018-02-07 17:47:01 EXEC SPC_GET_TAX_RATE '';
2018-02-07 17:47:47 EXEC SPC_GET_TAX_RATE '';
2018-02-07 17:48:11 EXEC SPC_GET_TAX_RATE '';
2018-02-07 17:49:08 EXEC SPC_GET_TAX_RATE '';
2018-02-07 17:50:07 EXEC SPC_GET_TAX_RATE '';
2018-02-07 17:50:57 EXEC SPC_GET_TAX_RATE '2018/02/17';
2018-02-07 17:54:23 EXEC SPC_GET_TAX_RATE '';
2018-02-07 17:55:01 EXEC SPC_GET_TAX_RATE '';
2018-02-07 17:55:07 EXEC SPC_GET_TAX_RATE '';
2018-02-07 17:55:48 EXEC SPC_GET_TAX_RATE '';
2018-02-07 17:55:57 EXEC SPC_GET_TAX_RATE '';
2018-02-07 17:56:12 EXEC SPC_GET_TAX_RATE '';
2018-02-07 19:31:35 EXEC SPC_GET_TAX_RATE '';
2018-02-07 19:39:24 EXEC SPC_GET_TAX_RATE '';
2018-02-07 19:39:35 EXEC SPC_GET_TAX_RATE '';
