2018-02-10 12:40:20 EXEC SPC_COM_GET_COMBOBOX 'trade_terms_div';
2018-02-10 12:40:20 EXEC SPC_COM_GET_COMBOBOX 'payment_conditions_div';
2018-02-10 12:40:20 EXEC SPC_COM_GET_COMBOBOX 'currency_div';
2018-02-10 12:40:20 EXEC SPC_COM_GET_COMBOBOX 'port_country_div';
2018-02-10 12:40:20 EXEC SPC_COM_GET_COMBOBOX 'shipment_div';
2018-02-10 12:40:20 EXEC SPC_COM_GET_COMBOBOX 'port_city_div';
2018-02-10 12:40:36 EXEC SPC_COM_GET_COMBOBOX 'bank_div';
2018-02-10 12:40:36 EXEC SPC_001_PI_DETAIL_INQ1 'RT-130827066';
2018-02-10 12:40:36 EXEC SPC_COM_GET_COMBOBOX 'unit_q_div';
2018-02-10 12:40:37 EXEC SPC_COM_GET_COMBOBOX 'unit_w_div';
2018-02-10 12:40:37 EXEC SPC_COM_GET_COMBOBOX 'unit_m_div';
2018-02-10 12:41:35 EXEC SPC_COM_GET_COMBOBOX 'unit_q_div';
2018-02-10 12:41:35 EXEC SPC_COM_GET_COMBOBOX 'payment_conditions_div';
2018-02-10 12:41:35 EXEC SPC_COM_GET_COMBOBOX 'unit_w_div';

;
2018-02-10 12:41:35 EXEC SPC_COM_GET_COMBOBOX 'currency_div';
2018-02-10 12:41:37 EXEC SPC_COM_GET_COMBOBOX 'unit_m_div';
2018-02-10 12:41:37 EXEC SPC_COM_GET_COMBOBOX 'sales_detail_div';
2018-02-10 12:41:37 EXEC SPC_COM_GET_COMBOBOX 'port_city_div';
2018-02-10 12:41:37 EXEC SPC_COM_GET_COMBOBOX 'port_country_div';
2018-02-10 12:41:37 EXEC SPC_GET_TAX_RATE '2018/02/10';
2018-02-10 12:41:37 EXEC SPC_COM_GET_COMBOBOX 'bank_div';
2018-02-10 12:42:53 EXEC SPC_073_LOGIN_ACT1 '001','123456';
2018-02-10 12:42:53 EXEC SPC_GET_CONSTANT '';
2018-02-10 12:43:03 EXEC SPC_COM_GET_COMBOBOX 'port_city_div';
2018-02-10 12:43:03 EXEC SPC_COM_GET_COMBOBOX 'currency_div';
2018-02-10 12:43:03 EXEC SPC_COM_GET_COMBOBOX 'trade_terms_div';
2018-02-10 12:43:03 EXEC SPC_COM_GET_COMBOBOX 'port_country_div';
2018-02-10 12:43:03 EXEC SPC_COM_GET_COMBOBOX 'sales_detail_div';
2018-02-10 12:43:03 EXEC SPC_COM_GET_COMBOBOX 'shipment_div';
2018-02-10 12:43:03 EXEC SPC_COM_GET_COMBOBOX 'unit_q_div';
2018-02-10 12:43:04 EXEC SPC_GET_TAX_RATE '2018/02/10';
2018-02-10 12:43:04 EXEC SPC_COM_GET_COMBOBOX 'unit_m_div';
2018-02-10 12:43:04 EXEC SPC_COM_GET_COMBOBOX 'unit_w_div';
2018-02-10 12:43:19 EXEC SPC_COM_GET_COMBOBOX 'rcv_status_div';
2018-02-10 12:43:20 EXEC SPC_006_ACCEPT_SEARCH_FND1 '','','','','','1','10';
2018-02-10 12:43:22 EXEC SPC_005_ACCEPT_DETAIL_INQ1 'J-18010004';
2018-02-10 12:43:23 EXEC SPC_COM_GET_COMBOBOX 'sales_detail_div';
2018-02-10 12:43:23 EXEC SPC_GET_TAX_RATE '2018/01/05';
2018-02-10 12:43:23 EXEC SPC_COM_GET_COMBOBOX 'unit_w_div';
2018-02-10 12:43:23 EXEC SPC_COM_GET_COMBOBOX 'unit_q_div';
2018-02-10 12:43:23 EXEC SPC_COM_GET_COMBOBOX 'unit_m_div';
2018-02-10 12:43:27 EXEC SPC_005_ACCEPT_DETAIL_ACT4 'J-18010004','001','005_accept-detail','192.168.5.206';
2018-02-10 12:43:31 EXEC SPC_COM_GET_COMBOBOX 'port_city_div';
2018-02-10 12:43:31 EXEC SPC_COM_GET_COMBOBOX 'shipment_div';
2018-02-10 12:43:31 EXEC SPC_COM_GET_COMBOBOX 'port_country_div';
2018-02-10 12:43:31 EXEC SPC_COM_GET_COMBOBOX 'currency_div';
2018-02-10 12:43:31 EXEC SPC_COM_GET_COMBOBOX 'trade_terms_div';
2018-02-10 12:43:31 EXEC SPC_COM_GET_COMBOBOX 'sales_detail_div';
2018-02-10 12:43:31 EXEC SPC_COM_GET_COMBOBOX 'unit_m_div';
2018-02-10 12:43:31 EXEC SPC_COM_GET_COMBOBOX 'unit_w_div';
2018-02-10 12:43:31 EXEC SPC_COM_GET_COMBOBOX 'unit_q_div';
2018-02-10 12:43:32 EXEC SPC_GET_TAX_RATE '2018/02/10';
2018-02-10 12:43:33 EXEC SPC_COM_GET_COMBOBOX 'rcv_status_div';
2018-02-10 12:43:36 EXEC SPC_006_ACCEPT_SEARCH_FND1 '','','','','10','1','10';
2018-02-10 12:43:37 EXEC SPC_005_ACCEPT_DETAIL_INQ1 'J-18010104';
2018-02-10 12:43:38 EXEC SPC_COM_GET_COMBOBOX 'unit_m_div';
2018-02-10 12:43:38 EXEC SPC_COM_GET_COMBOBOX 'unit_w_div';
2018-02-10 12:43:38 EXEC SPC_GET_TAX_RATE '2018/01/10';
2018-02-10 12:43:38 EXEC SPC_COM_GET_COMBOBOX 'unit_q_div';
iv';
2018-02-10 12:43:45 EXEC SPC_005_ACCEPT_DETAIL_INQ2 '666666','1';
2018-02-10 12:43:51 EXEC SPC_005_ACCEPT_DETAIL_ACT1 'U','J-18010104','10','2018/01/10','ape76','APEL CO.,LTD.','951 Angyouryou Negishi','Kawaguchi','333-0834','065','JP','+81-48-280-3055','+81-48-283-5045','666666','Name','埼玉県川口市安行領根岸951','埼玉県川口市安行領根岸952','333-0834','005','IQ','048-282-4575','048-283-5045','Saitama','Saitama','Saitama','Saitama','(未定)pi_packing','01','USD','060','01','03','004','AL','Advance payment','[{"rcv_detail_no":"1","sales_detail_div":"0","product_cd":"0003","description":"ACT\u6e2c\u5b9a\u6a5f","qty":"0","unit_of_m_div":"001","unit_price":"0","amount":"0","detail_tax":"0","unit_measure_qty":"0","unit_measure_price":"001","outside_remarks":"","unit_net_weight":"0","unit_net_weight_div":"001","net_weight":"0","unit_gross_weight":"0","gross_weight":"0","measure":"0"},{"rcv_detail_no":"2","sales_detail_div":"3","product_cd":"0003","description":"ACT\u6e2c\u5b9a\u6a5f","qty":"0","unit_of_m_div":"001","unit_price":"0","amount":"0","detail_tax":"0","unit_measure_qty":"0","unit_measure_price":"001","outside_remarks":"","unit_net_weight":"0","unit_net_weight_div":"001","net_weight":"0","unit_gross_weight":"0","gross_weight":"0","measure":"0"}]','0','001','0','001','0','001','0','001','0','0','0','0','0','(未定)test','(未定)test','0052','test ok','0','001','005_accept-detail','192.168.5.206';
2018-02-10 12:44:03 EXEC SPC_005_ACCEPT_DETAIL_INQ2 '','1';
2018-02-10 12:44:11 EXEC SPC_005_ACCEPT_DETAIL_ACT1 'U','J-18010104','10','2018/01/10','ape76','APEL CO.,LTD.','951 Angyouryou Negishi','Kawaguchi','333-0834','065','JP','+81-48-280-3055','+81-48-283-5045','','Name','埼玉県川口市安行領根岸951','埼玉県川口市安行領根岸952','333-0834','005','IQ','048-282-4575','048-283-5045','Saitama','Saitama','Saitama','Saitama','(未定)pi_packing','01','USD','060','01','03','004','AL','Advance payment','[{"rcv_detail_no":"1","sales_detail_div":"0","product_cd":"0003","description":"ACT\u6e2c\u5b9a\u6a5f","qty":"0","unit_of_m_div":"001","unit_price":"0","amount":"0","detail_tax":"0","unit_measure_qty":"0","unit_measure_price":"001","outside_remarks":"","unit_net_weight":"0","unit_net_weight_div":"001","net_weight":"0","unit_gross_weight":"0","gross_weight":"0","measure":"0"},{"rcv_detail_no":"2","sales_detail_div":"3","product_cd":"0003","description":"ACT\u6e2c\u5b9a\u6a5f","qty":"0","unit_of_m_div":"001","unit_price":"0","amount":"0","detail_tax":"0","unit_measure_qty":"0","unit_measure_price":"001","outside_remarks":"","unit_net_weight":"0","unit_net_weight_div":"001","net_weight":"0","unit_gross_weight":"0","gross_weight":"0","measure":"0"}]','0','001','0','001','0','001','0','001','0','0','0','0','0','(未定)test','(未定)test','0052','test ok','0','001','005_accept-detail','192.168.5.206';
2018-02-10 12:44:18 EXEC SPC_GET_LIB_CITY_COUNTRY '045';
2018-02-10 12:44:21 EXEC SPC_005_ACCEPT_DETAIL_ACT1 'U','J-18010104','10','2018/01/10','ape76','APEL CO.,LTD.','951 Angyouryou Negishi','Kawaguchi','333-0834','045','JP','+81-48-280-3055','+81-48-283-5045','','Name','埼玉県川口市安行領根岸951','埼玉県川口市安行領根岸952','333-0834','005','IQ','048-282-4575','048-283-5045','Saitama','Saitama','Saitama','Saitama','(未定)pi_packing','01','USD','060','01','03','004','AL','Advance payment','[{"rcv_detail_no":"1","sales_detail_div":"0","product_cd":"0003","description":"ACT\u6e2c\u5b9a\u6a5f","qty":"0","unit_of_m_div":"001","unit_price":"0","amount":"0","detail_tax":"0","unit_measure_qty":"0","unit_measure_price":"001","outside_remarks":"","unit_net_weight":"0","unit_net_weight_div":"001","net_weight":"0","unit_gross_weight":"0","gross_weight":"0","measure":"0"},{"rcv_detail_no":"2","sales_detail_div":"3","product_cd":"0003","description":"ACT\u6e2c\u5b9a\u6a5f","qty":"0","unit_of_m_div":"001","unit_price":"0","amount":"0","detail_tax":"0","unit_measure_qty":"0","unit_measure_price":"001","outside_remarks":"","unit_net_weight":"0","unit_net_weight_div":"001","net_weight":"0","unit_gross_weight":"0","gross_weight":"0","measure":"0"}]','0','001','0','001','0','001','0','001','0','0','0','0','0','(未定)pi_country_of_origin','(未定)pi_manufacture','0052','test ok','0','001','005_accept-detail','192.168.5.206';
2018-02-10 12:44:22 EXEC SPC_005_ACCEPT_DETAIL_INQ1 'J-18010104';
2018-02-10 12:44:23 EXEC SPC_COM_GET_COMBOBOX 'unit_m_div';
2018-02-10 12:44:23 EXEC SPC_COM_GET_COMBOBOX 'unit_w_div';
2018-02-10 12:44:23 EXEC SPC_COM_GET_COMBOBOX 'unit_q_div';
2018-02-10 12:44:23 EXEC SPC_GET_TAX_RATE '2018/01/10';
2018-02-10 12:44:23 EXEC SPC_COM_GET_COMBOBOX 'sales_detail_div';
2018-02-10 12:44:54 EXEC SPC_GET_LIB_CITY_COUNTRY '002';
2018-02-10 12:44:58 EXEC SPC_GET_LIB_CITY_COUNTRY '000';
2018-02-10 12:45:11 EXEC SPC_005_ACCEPT_DETAIL_ACT1 'U','J-18010104','10','2018/01/10','ape76','APEL CO.,LTD.','951 Angyouryou Negishi','Kawaguchi','333-0834','045','JP','+81-48-280-3055','+81-48-283-5045','','Name','埼玉県川口市安行領根岸951','埼玉県川口市安行領根岸952','333-0834','005','IQ','048-282-4575','048-283-5045','Saitama','Saitama','Saitama','Saitama','(未定)pi_packing','01','USD','060','01','03','000','','Advance payment','[{"rcv_detail_no":"1","sales_detail_div":"0","product_cd":"0003","description":"ACT\u6e2c\u5b9a\u6a5f","qty":"0","unit_of_m_div":"001","unit_price":"0","amount":"0","detail_tax":"0","unit_measure_qty":"0","unit_measure_price":"001","outside_remarks":"","unit_net_weight":"0","unit_net_weight_div":"001","net_weight":"0","unit_gross_weight":"0","gross_weight":"0","measure":"0"},{"rcv_detail_no":"2","sales_detail_div":"3","product_cd":"0003","description":"ACT\u6e2c\u5b9a\u6a5f","qty":"0","unit_of_m_div":"001","unit_price":"0","amount":"0","detail_tax":"0","unit_measure_qty":"0","unit_measure_price":"001","outside_remarks":"","unit_net_weight":"0","unit_net_weight_div":"001","net_weight":"0","unit_gross_weight":"0","gross_weight":"0","measure":"0"}]','0','001','0','001','0','001','0','001','0','0','0','0','0','(未定)pi_country_of_origin','(未定)pi_manufacture','0052','test ok','0','001','005_accept-detail','192.168.5.206';
2018-02-10 12:45:15 EXEC SPC_GET_LIB_CITY_COUNTRY '';
2018-02-10 12:45:17 EXEC SPC_005_ACCEPT_DETAIL_ACT1 'U','J-18010104','10','2018/01/10','ape76','APEL CO.,LTD.','951 Angyouryou Negishi','Kawaguchi','333-0834','045','JP','+81-48-280-3055','+81-48-283-5045','','Name','埼玉県川口市安行領根岸951','埼玉県川口市安行領根岸952','333-0834','005','IQ','048-282-4575','048-283-5045','Saitama','Saitama','Saitama','Saitama','(未定)pi_packing','01','USD','060','01','03','','','Advance payment','[{"rcv_detail_no":"1","sales_detail_div":"0","product_cd":"0003","description":"ACT\u6e2c\u5b9a\u6a5f","qty":"0","unit_of_m_div":"001","unit_price":"0","amount":"0","detail_tax":"0","unit_measure_qty":"0","unit_measure_price":"001","outside_remarks":"","unit_net_weight":"0","unit_net_weight_div":"001","net_weight":"0","unit_gross_weight":"0","gross_weight":"0","measure":"0"},{"rcv_detail_no":"2","sales_detail_div":"3","product_cd":"0003","description":"ACT\u6e2c\u5b9a\u6a5f","qty":"0","unit_of_m_div":"001","unit_price":"0","amount":"0","detail_tax":"0","unit_measure_qty":"0","unit_measure_price":"001","outside_remarks":"","unit_net_weight":"0","unit_net_weight_div":"001","net_weight":"0","unit_gross_weight":"0","gross_weight":"0","measure":"0"}]','0','001','0','001','0','001','0','001','0','0','0','0','0','(未定)pi_country_of_origin','(未定)pi_manufacture','0052','test ok','0','001','005_accept-detail','192.168.5.206';
2018-02-10 12:45:21 EXEC SPC_005_ACCEPT_DETAIL_ACT1 'U','J-18010104','10','2018/01/10','ape76','APEL CO.,LTD.','951 Angyouryou Negishi','Kawaguchi','333-0834','045','JP','+81-48-280-3055','+81-48-283-5045','','Name','埼玉県川口市安行領根岸951','埼玉県川口市安行領根岸952','333-0834','005','IQ','048-282-4575','048-283-5045','Saitama','Saitama','Saitama','Saitama','(未定)pi_packing','01','USD','060','01','03','','','Advance payment','[{"rcv_detail_no":"1","sales_detail_div":"0","product_cd":"0003","description":"ACT\u6e2c\u5b9a\u6a5f","qty":"0","unit_of_m_div":"001","unit_price":"0","amount":"0","detail_tax":"0","unit_measure_qty":"0","unit_measure_price":"001","outside_remarks":"","unit_net_weight":"0","unit_net_weight_div":"001","net_weight":"0","unit_gross_weight":"0","gross_weight":"0","measure":"0"},{"rcv_detail_no":"2","sales_detail_div":"3","product_cd":"0003","description":"ACT\u6e2c\u5b9a\u6a5f","qty":"0","unit_of_m_div":"001","unit_price":"0","amount":"0","detail_tax":"0","unit_measure_qty":"0","unit_measure_price":"001","outside_remarks":"","unit_net_weight":"0","unit_net_weight_div":"001","net_weight":"0","unit_gross_weight":"0","gross_weight":"0","measure":"0"}]','0','001','0','001','0','001','0','001','0','0','0','0','0','(未定)pi_country_of_origin','(未定)pi_manufacture','0052','test ok','0','001','005_accept-detail','192.168.5.206';
2018-02-10 12:46:59 EXEC SPC_005_ACCEPT_DETAIL_ACT1 'U','J-18010104','10','2018/01/10','ape76','APEL CO.,LTD.','951 Angyouryou Negishi','Kawaguchi','333-0834','045','JP','+81-48-280-3055','+81-48-283-5045','','Name','埼玉県川口市安行領根岸951','埼玉県川口市安行領根岸952','333-0834','005','IQ','048-282-4575','048-283-5045','Saitama','Saitama','Saitama','Saitama','(未定)pi_packing','01','USD','060','01','03','','','Advance payment','[{"rcv_detail_no":"1","sales_detail_div":"0","product_cd":"0003","description":"ACT\u6e2c\u5b9a\u6a5f","qty":"0","unit_of_m_div":"001","unit_price":"0","amount":"0","detail_tax":"0","unit_measure_qty":"0","unit_measure_price":"001","outside_remarks":"","unit_net_weight":"0","unit_net_weight_div":"001","net_weight":"0","unit_gross_weight":"0","gross_weight":"0","measure":"0"},{"rcv_detail_no":"2","sales_detail_div":"3","product_cd":"0003","description":"ACT\u6e2c\u5b9a\u6a5f","qty":"0","unit_of_m_div":"001","unit_price":"0","amount":"0","detail_tax":"0","unit_measure_qty":"0","unit_measure_price":"001","outside_remarks":"","unit_net_weight":"0","unit_net_weight_div":"001","net_weight":"0","unit_gross_weight":"0","gross_weight":"0","measure":"0"}]','0','001','0','001','0','001','0','001','0','0','0','0','0','(未定)pi_country_of_origin','(未定)pi_manufacture','0052','test ok','0','001','005_accept-detail','192.168.5.206';
2018-02-10 12:47:52 EXEC SPC_005_ACCEPT_DETAIL_INQ2 '333333','1';
2018-02-10 12:47:55 EXEC SPC_005_ACCEPT_DETAIL_ACT1 'U','J-18010104','10','2018/01/10','333333','Name','951 Angyouryou Negishi','Kawaguchi','333-0834','045','JP','+81-48-280-3055','+81-48-283-5045','','Name','埼玉県川口市安行領根岸951','埼玉県川口市安行領根岸952','333-0834','005','IQ','048-282-4575','048-283-5045','Saitama','Saitama','Saitama','Saitama','Standard Export Carton','01','USD','060','01','03','','','Advance payment','[{"rcv_detail_no":"1","sales_detail_div":"0","product_cd":"0003","description":"ACT\u6e2c\u5b9a\u6a5f","qty":"0","unit_of_m_div":"001","unit_price":"0","amount":"0","detail_tax":"0","unit_measure_qty":"0","unit_measure_price":"001","outside_remarks":"","unit_net_weight":"0","unit_net_weight_div":"001","net_weight":"0","unit_gross_weight":"0","gross_weight":"0","measure":"0"},{"rcv_detail_no":"2","sales_detail_div":"3","product_cd":"0003","description":"ACT\u6e2c\u5b9a\u6a5f","qty":"0","unit_of_m_div":"001","unit_price":"0","amount":"0","detail_tax":"0","unit_measure_qty":"0","unit_measure_price":"001","outside_remarks":"","unit_net_weight":"0","unit_net_weight_div":"001","net_weight":"0","unit_gross_weight":"0","gross_weight":"0","measure":"0"}]','0','001','0','001','0','001','0','001','0','0','0','0','0','Japan','APEL CO.,LTD.','0052','test ok','0','001','005_accept-detail','192.168.5.206';
2018-02-10 12:49:05 EXEC SPC_COM_GET_COMBOBOX 'port_city_div';
2018-02-10 12:49:05 EXEC SPC_COM_GET_COMBOBOX 'shipment_div';
2018-02-10 12:49:05 EXEC SPC_COM_GET_COMBOBOX 'trade_terms_div';
2018-02-10 12:49:05 EXEC SPC_COM_GET_COMBOBOX 'port_country_div';
2018-02-10 12:49:05 EXEC SPC_COM_GET_COMBOBOX 'sales_detail_div';
2018-02-10 12:49:06 EXEC SPC_COM_GET_COMBOBOX 'currency_div';
2018-02-10 12:49:06 EXEC SPC_GET_TAX_RATE '2018/02/10';
2018-02-10 12:49:06 EXEC SPC_COM_GET_COMBOBOX 'unit_m_div';
2018-02-10 12:49:06 EXEC SPC_COM_GET_COMBOBOX 'unit_q_div';
2018-02-10 12:49:06 EXEC SPC_COM_GET_COMBOBOX 'unit_w_div';
2018-02-10 12:49:20 EXEC SPC_COM_GET_COMBOBOX 'rcv_status_div';
2018-02-10 12:49:21 EXEC SPC_006_ACCEPT_SEARCH_FND1 '','','','','','1','10';
2018-02-10 12:49:24 EXEC SPC_006_ACCEPT_SEARCH_FND1 '','','','','10','1','10';
2018-02-10 12:49:25 EXEC SPC_005_ACCEPT_DETAIL_INQ1 'J-18010104';
2018-02-10 12:49:26 EXEC SPC_COM_GET_COMBOBOX 'unit_w_div';
2018-02-10 12:49:26 EXEC SPC_COM_GET_COMBOBOX 'sales_detail_div';
2018-02-10 12:49:26 EXEC SPC_GET_TAX_RATE '2018/01/10';
2018-02-10 12:49:26 EXEC SPC_COM_GET_COMBOBOX 'unit_m_div';
2018-02-10 12:49:29 EXEC SPC_GET_LIB_CITY_COUNTRY '000';
2018-02-10 12:49:32 EXEC SPC_005_ACCEPT_DETAIL_ACT1 'U','J-18010104','10','2018/01/10','ape76','APEL CO.,LTD.','951 Angyouryou Negishi','Kawaguchi','333-0834','045','JP','+81-48-280-3055','+81-48-283-5045','','Name','埼玉県川口市安行領根岸951','埼玉県川口市安行領根岸952','333-0834','005','IQ','048-282-4575','048-283-5045','Saitama','Saitama','Saitama','Saitama','(未定)pi_packing','01','USD','060','01','03','000','','Advance payment','[{"rcv_detail_no":"1","sales_detail_div":"0","product_cd":"0003","description":"ACT\u6e2c\u5b9a\u6a5f","qty":"0","unit_of_m_div":"001","unit_price":"0","amount":"0","detail_tax":"0","unit_measure_qty":"0","unit_measure_price":"001","outside_remarks":"","unit_net_weight":"0","unit_net_weight_div":"001","net_weight":"0","unit_gross_weight":"0","gross_weight":"0","measure":"0"},{"rcv_detail_no":"2","sales_detail_div":"3","product_cd":"0003","description":"ACT\u6e2c\u5b9a\u6a5f","qty":"0","unit_of_m_div":"001","unit_price":"0","amount":"0","detail_tax":"0","unit_measure_qty":"0","unit_measure_price":"001","outside_remarks":"","unit_net_weight":"0","unit_net_weight_div":"001","net_weight":"0","unit_gross_weight":"0","gross_weight":"0","measure":"0"}]','0','001','0','001','0','001','0','001','0','0','0','0','0','(未定)pi_country_of_origin','(未定)pi_manufacture','0052','test ok','0','001','005_accept-detail','192.168.5.206';
2018-02-10 12:54:25 EXEC SPC_COM_GET_COMBOBOX 'deposit_div';
2018-02-10 12:54:25 EXEC SPC_COM_GET_COMBOBOX 'deposit_way_div';
2018-02-10 12:54:25 EXEC SPC_COM_GET_COMBOBOX 'rate_confirm_div';
2018-02-10 12:54:25 EXEC SPC_COM_GET_COMBOBOX 'bank_div';
2018-02-10 12:54:25 EXEC SPC_COM_GET_COMBOBOX 'target_div';
2018-02-10 12:54:25 EXEC SPC_COM_GET_COMBOBOX 'currency_div';
2018-02-10 12:54:25 EXEC SPC_020_DEPOSIT_DETAIL_INQ2 '';
2018-02-10 12:54:26 EXEC SPC_GET_LIB_COUNTRY '';
2018-02-10 12:54:26 EXEC SPC_REFER_CLIENT_CD '';
2018-02-10 12:54:33 EXEC SPC_021_DEPOSIT_SEARCH_FND1 '','','','','','1','10';
2018-02-10 12:54:35 EXEC SPC_020_DEPOSIT_DETAIL_INQ2 'N-18020001';
2018-02-10 12:54:35 EXEC SPC_GET_LIB_COUNTRY 'SA';
2018-02-10 12:54:35 EXEC SPC_REFER_CLIENT_CD 'F0024';
2018-02-10 12:56:30 EXEC SPC_COM_GET_COMBOBOX 'deposit_div';
2018-02-10 12:56:30 EXEC SPC_COM_GET_COMBOBOX 'rate_confirm_div';
2018-02-10 12:56:30 EXEC SPC_COM_GET_COMBOBOX 'currency_div';
2018-02-10 12:56:30 EXEC SPC_COM_GET_COMBOBOX 'target_div';
2018-02-10 12:56:30 EXEC SPC_COM_GET_COMBOBOX 'bank_div';
2018-02-10 12:56:30 EXEC SPC_COM_GET_COMBOBOX 'deposit_way_div';
2018-02-10 12:56:30 EXEC SPC_020_DEPOSIT_DETAIL_INQ2 '';
2018-02-10 12:56:31 EXEC SPC_GET_LIB_COUNTRY '';
2018-02-10 12:56:31 EXEC SPC_REFER_CLIENT_CD '';
2018-02-10 12:56:49 EXEC SPC_021_DEPOSIT_SEARCH_FND1 '','','','','','1','10';
2018-02-10 12:56:51 EXEC SPC_020_DEPOSIT_DETAIL_INQ2 'N-18020001';
2018-02-10 12:56:51 EXEC SPC_REFER_CLIENT_CD 'F0024';
2018-02-10 12:56:51 EXEC SPC_GET_LIB_COUNTRY 'SA';
2018-02-10 12:56:55 EXEC SPC_020_DEPOSIT_DETAIL_INQ2 'N-18020000';
2018-02-10 12:56:57 EXEC SPC_REFER_CLIENT_CD '';
2018-02-10 12:56:57 EXEC SPC_GET_LIB_COUNTRY '';
2018-02-10 12:57:17 EXEC SPC_020_DEPOSIT_DETAIL_INQ1 'N-18020000','','111';
2018-02-10 12:57:18 EXEC SPC_020_DEPOSIT_DETAIL_ACT1 'U','N-18020000','0','','','2018/02/10','0','','001','','','USD','11','111','0','0','111','111','1','0','','','001','020_deposit-detail','192.168.5.206';
2018-02-10 13:21:24 EXEC SPC_GET_LIB_COUNTRY '00';
2018-02-10 13:21:27 EXEC SPC_020_DEPOSIT_DETAIL_INQ1 'N-18020000','','111';
2018-02-10 13:21:28 EXEC SPC_020_DEPOSIT_DETAIL_ACT1 'U','N-18020000','0','','','2018/02/10','0','','001','','00','USD','11','111','0','0','111','111','1','0','','','001','020_deposit-detail','192.168.5.206';
2018-02-10 13:21:33 EXEC SPC_020_DEPOSIT_DETAIL_INQ1 'N-18020000','','111';
2018-02-10 13:21:34 EXEC SPC_020_DEPOSIT_DETAIL_ACT1 'U','N-18020000','0','','','2018/02/10','0','','001','','00','USD','11','111','0','0','111','111','1','0','','','001','020_deposit-detail','192.168.5.206';
2018-02-10 13:21:38 EXEC SPC_GET_LIB_COUNTRY '';
2018-02-10 13:21:39 EXEC SPC_020_DEPOSIT_DETAIL_INQ1 'N-18020000','','111';
2018-02-10 13:21:40 EXEC SPC_020_DEPOSIT_DETAIL_ACT1 'U','N-18020000','0','','','2018/02/10','0','','001','','','USD','11','111','0','0','111','111','1','0','','','001','020_deposit-detail','192.168.5.206';
2018-02-10 13:21:46 EXEC SPC_020_DEPOSIT_DETAIL_INQ5 'N-18020000','000000';
2018-02-10 13:21:48 EXEC SPC_REFER_CLIENT_CD '000000';
2018-02-10 13:21:48 EXEC SPC_GET_LIB_COUNTRY '';
2018-02-10 13:21:58 EXEC SPC_020_DEPOSIT_DETAIL_INQ1 'N-18020000','','111';
2018-02-10 13:21:59 EXEC SPC_020_DEPOSIT_DETAIL_ACT1 'U','N-18020000','2','','','2018/02/10','0','','001','000000','','USD','07','111','0','0','111','111','1','0','','','001','020_deposit-detail','192.168.5.206';
2018-02-10 13:22:40 EXEC SPC_020_DEPOSIT_DETAIL_INQ5 'N-18020000','';
2018-02-10 13:22:40 EXEC SPC_GET_LIB_COUNTRY '';
2018-02-10 13:22:40 EXEC SPC_REFER_CLIENT_CD '';
2018-02-10 13:22:49 EXEC SPC_020_DEPOSIT_DETAIL_INQ1 'N-18020000','','111';
2018-02-10 13:22:50 EXEC SPC_020_DEPOSIT_DETAIL_ACT1 'U','N-18020000','2','','','2018/02/10','0','','001','','','USD','07','111','0','0','111','111','1','0','','','001','020_deposit-detail','192.168.5.206';
2018-02-10 13:23:42 EXEC SPC_GET_LIB_COUNTRY '00';
2018-02-10 13:23:44 EXEC SPC_020_DEPOSIT_DETAIL_INQ1 'N-18020000','','111';
2018-02-10 13:23:45 EXEC SPC_020_DEPOSIT_DETAIL_ACT1 'U','N-18020000','2','','','2018/02/10','0','','001','','00','USD','07','111','0','0','111','111','1','0','','','001','020_deposit-detail','192.168.5.206';
2018-02-10 13:23:53 EXEC SPC_020_DEPOSIT_DETAIL_INQ4 'N-18020000','00000000000';
2018-02-10 13:23:54 EXEC SPC_REFER_CLIENT_CD '';
2018-02-10 13:23:54 EXEC SPC_GET_LIB_COUNTRY '';
2018-02-10 13:24:05 EXEC SPC_GET_LIB_COUNTRY '00';
2018-02-10 13:24:06 EXEC SPC_020_DEPOSIT_DETAIL_INQ1 'N-18020000','','111';
2018-02-10 13:24:07 EXEC SPC_020_DEPOSIT_DETAIL_ACT1 'U','N-18020000','0','','00000000000','2018/02/10','0','','002','','00','EUR','11','111','0','0','111','111','1','0','','','001','020_deposit-detail','192.168.5.206';
2018-02-10 13:26:24 EXEC SPC_COM_GET_COMBOBOX 'port_city_div';
2018-02-10 13:26:24 EXEC SPC_COM_GET_COMBOBOX 'port_country_div';
2018-02-10 13:26:25 EXEC SPC_COM_GET_COMBOBOX 'unit_q_div';
2018-02-10 13:26:25 EXEC SPC_COM_GET_COMBOBOX 'unit_w_div';
2018-02-10 13:26:25 EXEC SPC_COM_GET_COMBOBOX 'unit_m_div';
2018-02-10 13:26:25 EXEC SPC_COM_GET_COMBOBOX 'sales_detail_div';
2018-02-10 13:26:26 EXEC SPC_COM_GET_COMBOBOX 'bank_div';
2018-02-10 13:26:26 EXEC SPC_GET_TAX_RATE '2018/02/10';
2018-02-10 13:26:26 EXEC SPC_COM_GET_COMBOBOX 'shipment_div';
2018-02-10 13:26:26 EXEC SPC_COM_GET_COMBOBOX 'currency_div';
2018-02-10 13:26:26 EXEC SPC_COM_GET_COMBOBOX 'payment_conditions_div';
2018-02-10 13:26:26 EXEC SPC_COM_GET_COMBOBOX 'trade_terms_div';
2018-02-10 13:26:28 EXEC SPC_COM_GET_COMBOBOX 'pi_status_div';
2018-02-10 13:26:29 EXEC SPC_002_PI_SEARCH_FND1 '','','','','','','','','1','10';
2018-02-10 13:26:31 EXEC SPC_001_PI_DETAIL_INQ1 'RT-130827002';
2018-02-10 13:26:32 EXEC SPC_COM_GET_COMBOBOX 'unit_w_div';
2018-02-10 13:26:32 EXEC SPC_GET_TAX_RATE '2013/08/27';
2018-02-10 13:26:32 EXEC SPC_COM_GET_COMBOBOX 'sales_detail_div';
2018-02-10 13:26:32 EXEC SPC_COM_GET_COMBOBOX 'unit_m_div';
2018-02-10 13:26:32 EXEC SPC_COM_GET_COMBOBOX 'unit_q_div';
2018-02-10 13:28:05 EXEC SPC_COM_GET_COMBOBOX 'pi_status_div';
2018-02-10 13:28:08 EXEC SPC_002_PI_SEARCH_FND1 '','','','','','','','10','1','10';
2018-02-10 13:28:11 EXEC SPC_COM_GET_COMBOBOX 'port_city_div';
2018-02-10 13:28:11 EXEC SPC_COM_GET_COMBOBOX 'payment_conditions_div';
2018-02-10 13:28:11 EXEC SPC_COM_GET_COMBOBOX 'currency_div';
2018-02-10 13:28:11 EXEC SPC_COM_GET_COMBOBOX 'port_country_div';
2018-02-10 13:28:11 EXEC SPC_COM_GET_COMBOBOX 'trade_terms_div';
2018-02-10 13:28:11 EXEC SPC_COM_GET_COMBOBOX 'shipment_div';
2018-02-10 13:28:12 EXEC SPC_COM_GET_COMBOBOX 'unit_m_div';
2018-02-10 13:28:12 EXEC SPC_COM_GET_COMBOBOX 'unit_q_div';
2018-02-10 13:28:12 EXEC SPC_COM_GET_COMBOBOX 'bank_div';
2018-02-10 13:28:12 EXEC SPC_COM_GET_COMBOBOX 'sales_detail_div';
2018-02-10 13:28:12 EXEC SPC_COM_GET_COMBOBOX 'unit_w_div';
2018-02-10 13:28:12 EXEC SPC_GET_TAX_RATE '2018/02/10';
2018-02-10 13:28:12 EXEC SPC_001_PI_DETAIL_INQ1 'RT-130827001';
2018-02-10 13:28:13 EXEC SPC_COM_GET_COMBOBOX 'sales_detail_div';
2018-02-10 13:28:13 EXEC SPC_COM_GET_COMBOBOX 'unit_m_div';
2018-02-10 13:28:13 EXEC SPC_COM_GET_COMBOBOX 'unit_q_div';
2018-02-10 13:28:13 EXEC SPC_GET_TAX_RATE '2013/08/27';
2018-02-10 13:28:13 EXEC SPC_COM_GET_COMBOBOX 'unit_w_div';
2018-02-10 13:28:17 EXEC SPC_001_PI_DETAIL_INQ1 'RT-130827000';
2018-02-10 13:49:23 EXEC SPC_COM_GET_COMBOBOX 'port_country_div';
2018-02-10 13:49:23 EXEC SPC_COM_GET_COMBOBOX 'trade_terms_div';
2018-02-10 13:49:23 EXEC SPC_COM_GET_COMBOBOX 'port_city_div';
2018-02-10 13:49:23 EXEC SPC_COM_GET_COMBOBOX 'currency_div';
2018-02-10 13:49:23 EXEC SPC_COM_GET_COMBOBOX 'payment_conditions_div';
2018-02-10 13:49:24 EXEC SPC_COM_GET_COMBOBOX 'shipment_div';
2018-02-10 13:49:24 EXEC SPC_COM_GET_COMBOBOX 'unit_q_div';
2018-02-10 13:49:24 EXEC SPC_COM_GET_COMBOBOX 'unit_w_div';
2018-02-10 13:49:24 EXEC SPC_GET_TAX_RATE '2018/02/10';
2018-02-10 13:49:24 EXEC SPC_COM_GET_COMBOBOX 'sales_detail_div';
2018-02-10 13:49:24 EXEC SPC_COM_GET_COMBOBOX 'bank_div';
2018-02-10 13:49:24 EXEC SPC_COM_GET_COMBOBOX 'unit_m_div';
2018-02-10 13:50:01 EXEC SPC_COM_GET_COMBOBOX 'currency_div';
;
2018-02-10 13:50:01 EXEC SPC_COM_GET_COMBOBOX 'port_city_div';
2018-02-10 13:50:01 EXEC SPC_COM_GET_COMBOBOX 'port_country_div';
2018-02-10 13:50:01 EXEC SPC_COM_GET_COMBOBOX 'payment_conditions_div';
2018-02-10 13:50:01 EXEC SPC_COM_GET_COMBOBOX 'shipment_div';
2018-02-10 13:50:02 EXEC SPC_COM_GET_COMBOBOX 'unit_w_div';
2018-02-10 13:50:02 EXEC SPC_COM_GET_COMBOBOX 'sales_detail_div';
2018-02-10 13:50:02 EXEC SPC_COM_GET_COMBOBOX 'unit_q_div';
2018-02-10 13:50:02 EXEC SPC_COM_GET_COMBOBOX 'bank_div';
2018-02-10 13:50:02 EXEC SPC_COM_GET_COMBOBOX 'unit_m_div';
2018-02-10 13:50:02 EXEC SPC_GET_TAX_RATE '2018/02/10';
2018-02-10 13:50:05 EXEC SPC_COM_GET_COMBOBOX 'pi_status_div';
2018-02-10 13:50:06 EXEC SPC_002_PI_SEARCH_FND1 '','','','','','','','','1','10';
2018-02-10 13:50:07 EXEC SPC_001_PI_DETAIL_INQ1 'RT-130827001';
2018-02-10 13:50:08 EXEC SPC_GET_TAX_RATE '2013/08/27';
2018-02-10 13:50:08 EXEC SPC_COM_GET_COMBOBOX 'sales_detail_div';
2018-02-10 13:50:08 EXEC SPC_COM_GET_COMBOBOX 'unit_m_div';
2018-02-10 13:50:08 EXEC SPC_COM_GET_COMBOBOX 'unit_q_div';
2018-02-10 13:50:08 EXEC SPC_COM_GET_COMBOBOX 'unit_w_div';
2018-02-10 13:50:14 EXEC SPC_001_PI_DETAIL_INQ1 'RT-110827001';
2018-02-10 13:50:19 EXEC SPC_055_SUPPLIERS_MASTER_SEARCH_FND1 '','','','','','','0','0','0','1','10';
2018-02-10 13:50:21 EXEC SPC_001_PI_DETAIL_INQ2 '001','1';
2018-02-10 13:50:25 EXEC SPC_055_SUPPLIERS_MASTER_SEARCH_FND1 '','','','','','','0','0','0','1','10';
2018-02-10 13:50:27 EXEC SPC_001_PI_DETAIL_INQ2 '1111','1';
2018-02-10 13:50:41 EXEC SPC_063_PRODUCT_MASTER_SEARCH_FND1 '','','1','10';
2018-02-10 13:50:42 EXEC SPC_001_PI_DETAIL_INQ3 '000004','2018/02/10','1111','SY','USD';
2018-02-10 13:51:03 EXEC SPC_001_PI_DETAIL_ACT1 'U','RT-110827001','','2018/02/10','1111','APEL CO.,LTD','951 Angyouryou Negishi','Kawaguchi','333-0834','001','SY','+81-48-280-3055','','','APEL CO.,LTD','951 Angyouryou Negishi','Kawaguchi','333-0834','001','SY','+81-48-280-3055','','111111','','','','Standard Export Carton','02','USD','060','01','02','003','NL','05','Payment','[{"pi_detail_no":"1","sales_detail_div":"0","product_cd":"000004","description":"component 2 e","qty":"10","unit_of_m_div":"001","unit_price":"10","amount":"100","detail_tax":"5","unit_measure_qty":"10","unit_measure_price":"001","outside_remarks":"","unit_net_weight":"0","unit_net_weight_div":"001","net_weight":"0","unit_gross_weight":"10","gross_weight":"100","measure":"100"}]','10','001','100','001','0','001','100','001','100','0','0','0','100','Around 1 month after receipt of payment','','Japan','APEL CO.,LTD.','This Proforma invoice is valid for 2 weeks from the date of  issue.','- If a consulate visa is required, the related fees should be paid by the buyer.','- In case of transport by air and/or container, FOB, C&F and CIF in this proforma invoice','shall be respectively equivalent to FCA, CPT and CIP stipulated in Incoterms 2000.','- In the event that the dollar (euro)falls against the Japanese yen by more than 5% from','the rate of proforma invoice date, the prices will not be effective.','* Remittance charge must be covered by sender.','*** Warranty period after shipment***','3 years: PD-303, BR-501','1 year: AP-120, AP-1000M, PD-303S, PD-3000UV, BR-5200, BR-5200P, HC-702, HG-220','*Our bank account is only Japanese one.(We have no bank account outside Japan)','001','','001','001_pi-detail','192.168.5.206';
2018-02-10 13:51:09 EXEC SPC_GET_LIB_CITY_COUNTRY '000';
2018-02-10 13:51:12 EXEC SPC_001_PI_DETAIL_ACT1 'U','RT-110827001','','2018/02/10','1111','APEL CO.,LTD','951 Angyouryou Negishi','Kawaguchi','333-0834','001','SY','+81-48-280-3055','','','APEL CO.,LTD','951 Angyouryou Negishi','Kawaguchi','333-0834','001','SY','+81-48-280-3055','','111111','','','','Standard Export Carton','02','USD','060','01','02','000','','05','Payment','[{"pi_detail_no":"1","sales_detail_div":"0","product_cd":"000004","description":"component 2 e","qty":"10","unit_of_m_div":"001","unit_price":"10","amount":"100","detail_tax":"5","unit_measure_qty":"10","unit_measure_price":"001","outside_remarks":"","unit_net_weight":"0","unit_net_weight_div":"001","net_weight":"0","unit_gross_weight":"10","gross_weight":"100","measure":"100"}]','10','001','100','001','0','001','100','001','100','0','0','0','100','Around 1 month after receipt of payment','','Japan','APEL CO.,LTD.','This Proforma invoice is valid for 2 weeks from the date of  issue.','- If a consulate visa is required, the related fees should be paid by the buyer.','- In case of transport by air and/or container, FOB, C&F and CIF in this proforma invoice','shall be respectively equivalent to FCA, CPT and CIP stipulated in Incoterms 2000.','- In the event that the dollar (euro)falls against the Japanese yen by more than 5% from','the rate of proforma invoice date, the prices will not be effective.','* Remittance charge must be covered by sender.','*** Warranty period after shipment***','3 years: PD-303, BR-501','1 year: AP-120, AP-1000M, PD-303S, PD-3000UV, BR-5200, BR-5200P, HC-702, HG-220','*Our bank account is only Japanese one.(We have no bank account outside Japan)','001','','001','001_pi-detail','192.168.5.206';
