2018-04-13 10:30:42 EXEC SPC_COM_GET_COMBOBOX 'port_city_div';
2018-04-13 10:30:43 EXEC SPC_COM_GET_COMBOBOX 'port_country_div';
2018-04-13 10:30:43 EXEC SPC_COM_GET_COMBOBOX 'trade_terms_div';
2018-04-13 10:30:43 EXEC SPC_COM_GET_COMBOBOX 'shipment_div';
2018-04-13 10:30:44 EXEC SPC_COM_GET_COMBOBOX 'sales_detail_div';
2018-04-13 10:30:44 EXEC SPC_COM_GET_COMBOBOX 'unit_q_div';
2018-04-13 10:30:44 EXEC SPC_COM_GET_COMBOBOX 'currency_div';
2018-04-13 10:30:44 EXEC SPC_COM_GET_COMBOBOX 'payment_conditions_div';
2018-04-13 10:30:45 EXEC SPC_COM_GET_COMBOBOX 'unit_w_div';
2018-04-13 10:30:45 EXEC SPC_COM_GET_COMBOBOX 'storage_manager_div';
2018-04-13 10:30:45 EXEC SPC_COM_GET_COMBOBOX 'unit_m_div';
2018-04-13 10:30:45 EXEC SPC_GET_TAX_RATE '2018/04/13';
2018-04-13 10:33:50 EXEC SPC_073_LOGIN_ACT1 '001','123456';
2018-04-13 10:33:50 EXEC SPC_GET_CONSTANT '';
2018-04-13 10:34:02 EXEC SPC_COM_GET_COMBOBOX 'inv_data_div';
2018-04-13 10:45:52 EXEC SPC_COM_GET_COMBOBOX 'port_city_div';
2018-04-13 10:45:53 EXEC SPC_COM_GET_COMBOBOX 'sales_detail_div';
2018-04-13 10:45:54 EXEC SPC_COM_GET_COMBOBOX 'unit_q_div';
2018-04-13 10:45:54 EXEC SPC_COM_GET_COMBOBOX 'currency_div';
2018-04-13 10:45:54 EXEC SPC_COM_GET_COMBOBOX 'port_country_div';
2018-04-13 10:45:54 EXEC SPC_COM_GET_COMBOBOX 'trade_terms_div';
2018-04-13 10:45:54 EXEC SPC_COM_GET_COMBOBOX 'shipment_div';
2018-04-13 10:45:54 EXEC SPC_COM_GET_COMBOBOX 'unit_w_div';
2018-04-13 10:45:54 EXEC SPC_COM_GET_COMBOBOX 'payment_conditions_div';
2018-04-13 10:45:55 EXEC SPC_COM_GET_COMBOBOX 'storage_manager_div';
2018-04-13 10:45:55 EXEC SPC_COM_GET_COMBOBOX 'unit_m_div';
2018-04-13 10:45:55 EXEC SPC_GET_TAX_RATE '2018/04/13';
2018-04-13 11:06:57 EXEC SPC_COM_GET_COMBOBOX 'port_country_div';
2018-04-13 11:06:57 EXEC SPC_COM_GET_COMBOBOX 'unit_q_div';
2018-04-13 11:06:57 EXEC SPC_COM_GET_COMBOBOX 'shipment_div';
2018-04-13 11:06:57 EXEC SPC_COM_GET_COMBOBOX 'port_city_div';
2018-04-13 11:06:57 EXEC SPC_COM_GET_COMBOBOX 'trade_terms_div';
2018-04-13 11:06:57 EXEC SPC_COM_GET_COMBOBOX 'sales_detail_div';
2018-04-13 11:06:57 EXEC SPC_COM_GET_COMBOBOX 'currency_div';
2018-04-13 11:06:58 EXEC SPC_COM_GET_COMBOBOX 'unit_w_div';
2018-04-13 11:06:58 EXEC SPC_COM_GET_COMBOBOX 'unit_m_div';
2018-04-13 11:06:58 EXEC SPC_GET_TAX_RATE '2018/04/13';
2018-04-13 11:07:17 EXEC SPC_COM_GET_COMBOBOX 'currency_div';
2018-04-13 11:07:17 EXEC SPC_COM_GET_COMBOBOX 'port_country_div';
2018-04-13 11:07:17 EXEC SPC_COM_GET_COMBOBOX 'payment_conditions_div';
2018-04-13 11:07:17 EXEC SPC_COM_GET_COMBOBOX 'port_city_div';
2018-04-13 11:07:17 EXEC SPC_COM_GET_COMBOBOX 'trade_terms_div';
2018-04-13 11:07:17 EXEC SPC_COM_GET_COMBOBOX 'shipment_div';
2018-04-13 11:07:17 EXEC SPC_COM_GET_COMBOBOX 'unit_q_div';
2018-04-13 11:07:17 EXEC SPC_COM_GET_COMBOBOX 'unit_m_div';
2018-04-13 11:07:18 EXEC SPC_GET_TAX_RATE '2018/04/13';
2018-04-13 11:07:18 EXEC SPC_COM_GET_COMBOBOX 'unit_w_div';
2018-04-13 11:07:18 EXEC SPC_COM_GET_COMBOBOX 'bank_div';
2018-04-13 11:07:18 EXEC SPC_COM_GET_COMBOBOX 'sales_detail_div';
2018-04-13 12:49:20 EXEC SPC_COM_GET_COMBOBOX 'fwd_status_div';
2018-04-13 12:49:22 EXEC SPC_011_SHIPMENT_SEARCH_FND1 '','','','','','','1','10';
2018-04-13 15:36:08 EXEC SPC_008_PROVISIONAL_SHIPMENT_SEARCH_FND1 '','','','','','1','10';
2018-04-13 15:36:15 EXEC SPC_COM_GET_COMBOBOX 'fwd_status_div';
2018-04-13 15:36:18 EXEC SPC_011_SHIPMENT_SEARCH_FND1 '','','','','','','1','10';
2018-04-13 16:45:07 EXEC SPC_COM_GET_COMBOBOX 'in_out_div';
2018-04-13 16:45:07 EXEC SPC_COM_GET_COMBOBOX 'in_out_data_div';
2018-04-13 16:45:13 EXEC SPC_COM_GET_COMBOBOX 'in_out_div';
2018-04-13 16:45:13 EXEC SPC_COM_GET_COMBOBOX 'in_out_data_div';
2018-04-13 16:45:14 EXEC SPC_049_INPUT_OUTPUT_FND1 '','','','','','','','1','10';
2018-04-13 16:45:18 EXEC SPC_049_INPUT_OUTPUT_FND1 '','','','','','','00','1','10';
2018-04-13 16:45:21 EXEC SPC_049_INPUT_OUTPUT_FND1 '','','','','','','10','1','10';
2018-04-13 16:45:26 EXEC SPC_049_INPUT_OUTPUT_FND1 '','','','','','5','','1','10';
2018-04-13 16:45:29 EXEC SPC_048_INPUT_OUTPUT_DETAIL_INQ1 'SY1804030001';
2018-04-13 17:16:55 EXEC SPC_COM_GET_COMBOBOX 'port_city_div';
2018-04-13 17:16:56 EXEC SPC_COM_GET_COMBOBOX 'sales_detail_div';
2018-04-13 17:16:56 EXEC SPC_COM_GET_COMBOBOX 'payment_conditions_div';
2018-04-13 17:16:56 EXEC SPC_COM_GET_COMBOBOX 'unit_q_div';
2018-04-13 17:16:56 EXEC SPC_COM_GET_COMBOBOX 'port_country_div';
2018-04-13 17:16:56 EXEC SPC_COM_GET_COMBOBOX 'currency_div';
2018-04-13 17:16:57 EXEC SPC_COM_GET_COMBOBOX 'shipment_div';
2018-04-13 17:16:57 EXEC SPC_COM_GET_COMBOBOX 'trade_terms_div';
2018-04-13 17:16:57 EXEC SPC_COM_GET_COMBOBOX 'unit_m_div';
2018-04-13 17:16:57 EXEC SPC_COM_GET_COMBOBOX 'unit_w_div';
2018-04-13 17:16:57 EXEC SPC_COM_GET_COMBOBOX 'storage_manager_div';
2018-04-13 17:16:57 EXEC SPC_GET_TAX_RATE '2018/04/13';
2018-04-13 17:17:05 EXEC SPC_COM_GET_COMBOBOX 'inv_data_div';
2018-04-13 17:17:08 EXEC SPC_COM_GET_COMBOBOX 'port_country_div';
2018-04-13 17:17:08 EXEC SPC_COM_GET_COMBOBOX 'currency_div';
2018-04-13 17:17:09 EXEC SPC_COM_GET_COMBOBOX 'trade_terms_div';
2018-04-13 17:17:09 EXEC SPC_COM_GET_COMBOBOX 'shipment_div';
2018-04-13 17:17:09 EXEC SPC_COM_GET_COMBOBOX 'payment_conditions_div';
2018-04-13 17:17:09 EXEC SPC_COM_GET_COMBOBOX 'port_city_div';
2018-04-13 17:17:09 EXEC SPC_COM_GET_COMBOBOX 'unit_q_div';
2018-04-13 17:17:09 EXEC SPC_COM_GET_COMBOBOX 'sales_detail_div';
2018-04-13 17:17:09 EXEC SPC_COM_GET_COMBOBOX 'storage_manager_div';
2018-04-13 17:17:09 EXEC SPC_COM_GET_COMBOBOX 'unit_w_div';
2018-04-13 17:17:09 EXEC SPC_COM_GET_COMBOBOX 'unit_m_div';
2018-04-13 17:17:09 EXEC SPC_GET_TAX_RATE '2018/04/13';
2018-04-13 17:17:16 EXEC SPC_COM_GET_COMBOBOX 'fwd_status_div';
2018-04-13 17:17:18 EXEC SPC_011_SHIPMENT_SEARCH_FND1 '','','','','','20','1','10';
2018-04-13 17:17:20 EXEC SPC_014_INVOICE_DETAIL_INQ2 'S-18030004','1';
2018-04-13 17:17:21 EXEC SPC_COM_GET_COMBOBOX 'sales_detail_div';
2018-04-13 17:17:21 EXEC SPC_COM_GET_COMBOBOX 'unit_q_div';
2018-04-13 17:17:21 EXEC SPC_COM_GET_COMBOBOX 'unit_m_div';
2018-04-13 17:17:21 EXEC SPC_COM_GET_COMBOBOX 'unit_w_div';
2018-04-13 17:17:37 EXEC SPC_COM_GET_COMBOBOX 'fwd_status_div';
2018-04-13 17:17:41 EXEC SPC_011_SHIPMENT_SEARCH_FND1 '','','','','','20','1','10';
2018-04-13 17:17:42 EXEC SPC_011_SHIPMENT_SEARCH_FND1 '','','','','','20','1','10';
2018-04-13 17:17:47 EXEC SPC_011_SHIPMENT_SEARCH_FND1 '','','','','','20','13','10';
2018-04-13 17:17:49 EXEC SPC_014_INVOICE_DETAIL_INQ2 'S-18040007','1';
2018-04-13 17:17:49 EXEC SPC_COM_GET_COMBOBOX 'sales_detail_div';
2018-04-13 17:17:49 EXEC SPC_COM_GET_COMBOBOX 'unit_w_div';
2018-04-13 17:17:49 EXEC SPC_COM_GET_COMBOBOX 'unit_m_div';
2018-04-13 17:17:49 EXEC SPC_COM_GET_COMBOBOX 'unit_q_div';
2018-04-13 17:19:21 EXEC SPC_COM_GET_COMBOBOX 'port_city_div';
2018-04-13 17:19:21 EXEC SPC_COM_GET_COMBOBOX 'trade_terms_div';
2018-04-13 17:19:21 EXEC SPC_COM_GET_COMBOBOX 'payment_conditions_div';
2018-04-13 17:19:21 EXEC SPC_COM_GET_COMBOBOX 'port_country_div';
2018-04-13 17:19:21 EXEC SPC_COM_GET_COMBOBOX 'shipment_div';
2018-04-13 17:19:21 EXEC SPC_COM_GET_COMBOBOX 'currency_div';
2018-04-13 17:19:22 EXEC SPC_COM_GET_COMBOBOX 'unit_q_div';
2018-04-13 17:19:22 EXEC SPC_GET_TAX_RATE '2018/04/13';
2018-04-13 17:19:22 EXEC SPC_COM_GET_COMBOBOX 'unit_m_div';
2018-04-13 17:19:22 EXEC SPC_COM_GET_COMBOBOX 'sales_detail_div';
2018-04-13 17:19:22 EXEC SPC_COM_GET_COMBOBOX 'unit_w_div';
2018-04-13 17:19:22 EXEC SPC_COM_GET_COMBOBOX 'storage_manager_div';
2018-04-13 17:19:29 EXEC SPC_COM_GET_COMBOBOX 'fwd_status_div';
2018-04-13 17:19:33 EXEC SPC_011_SHIPMENT_SEARCH_FND1 '','','','','','20','1','10';
2018-04-13 17:19:36 EXEC SPC_011_SHIPMENT_SEARCH_FND1 '','','','','','20','13','10';
2018-04-13 17:19:37 EXEC SPC_014_INVOICE_DETAIL_INQ2 'S-18040007','1';
2018-04-13 17:19:37 EXEC SPC_COM_GET_COMBOBOX 'unit_w_div';
2018-04-13 17:19:38 EXEC SPC_COM_GET_COMBOBOX 'sales_detail_div';
2018-04-13 17:19:38 EXEC SPC_COM_GET_COMBOBOX 'unit_q_div';
2018-04-13 17:19:38 EXEC SPC_COM_GET_COMBOBOX 'unit_m_div';
2018-04-13 17:20:20 EXEC SPC_COM_GET_COMBOBOX 'currency_div';
2018-04-13 17:20:21 EXEC SPC_COM_GET_COMBOBOX 'port_country_div';
2018-04-13 17:20:21 EXEC SPC_COM_GET_COMBOBOX 'port_city_div';
2018-04-13 17:20:21 EXEC SPC_COM_GET_COMBOBOX 'shipment_div';
2018-04-13 17:20:21 EXEC SPC_COM_GET_COMBOBOX 'trade_terms_div';
2018-04-13 17:20:21 EXEC SPC_COM_GET_COMBOBOX 'payment_conditions_div';
2018-04-13 17:20:21 EXEC SPC_COM_GET_COMBOBOX 'sales_detail_div';
2018-04-13 17:20:21 EXEC SPC_COM_GET_COMBOBOX 'unit_w_div';
2018-04-13 17:20:21 EXEC SPC_COM_GET_COMBOBOX 'unit_q_div';
2018-04-13 17:20:21 EXEC SPC_COM_GET_COMBOBOX 'unit_m_div';
2018-04-13 17:20:21 EXEC SPC_COM_GET_COMBOBOX 'storage_manager_div';
2018-04-13 17:20:21 EXEC SPC_GET_TAX_RATE '2018/04/13';
2018-04-13 17:20:27 EXEC SPC_COM_GET_COMBOBOX 'fwd_status_div';
2018-04-13 17:20:30 EXEC SPC_011_SHIPMENT_SEARCH_FND1 '','','','','','20','1','10';
2018-04-13 17:20:31 EXEC SPC_011_SHIPMENT_SEARCH_FND1 '','','','','','20','13','10';
2018-04-13 17:20:33 EXEC SPC_014_INVOICE_DETAIL_INQ2 'S-18040007','1';
2018-04-13 17:20:33 EXEC SPC_COM_GET_COMBOBOX 'unit_w_div';
2018-04-13 17:20:33 EXEC SPC_COM_GET_COMBOBOX 'sales_detail_div';
2018-04-13 17:20:33 EXEC SPC_COM_GET_COMBOBOX 'unit_q_div';
2018-04-13 17:20:33 EXEC SPC_COM_GET_COMBOBOX 'unit_m_div';
2018-04-13 17:27:53 EXEC SPC_COM_GET_COMBOBOX 'port_country_div';
2018-04-13 17:27:54 EXEC SPC_COM_GET_COMBOBOX 'sales_detail_div';
2018-04-13 17:27:54 EXEC SPC_COM_GET_COMBOBOX 'shipment_div';
2018-04-13 17:27:54 EXEC SPC_COM_GET_COMBOBOX 'unit_q_div';
2018-04-13 17:27:55 EXEC SPC_COM_GET_COMBOBOX 'port_city_div';
2018-04-13 17:27:55 EXEC SPC_COM_GET_COMBOBOX 'trade_terms_div';
2018-04-13 17:27:55 EXEC SPC_COM_GET_COMBOBOX 'payment_conditions_div';
2018-04-13 17:27:55 EXEC SPC_COM_GET_COMBOBOX 'currency_div';
2018-04-13 17:27:55 EXEC SPC_COM_GET_COMBOBOX 'unit_m_div';
2018-04-13 17:27:55 EXEC SPC_COM_GET_COMBOBOX 'unit_w_div';
2018-04-13 17:27:55 EXEC SPC_COM_GET_COMBOBOX 'storage_manager_div';
2018-04-13 17:27:55 EXEC SPC_GET_TAX_RATE '2018/04/13';
2018-04-13 17:27:58 EXEC SPC_COM_GET_COMBOBOX 'fwd_status_div';
2018-04-13 17:28:01 EXEC SPC_011_SHIPMENT_SEARCH_FND1 '','','','','','20','1','10';
2018-04-13 17:28:11 EXEC SPC_011_SHIPMENT_SEARCH_FND1 '','','','','','20','1','10';
2018-04-13 17:28:13 EXEC SPC_011_SHIPMENT_SEARCH_FND1 '','','','','','20','13','10';
2018-04-13 17:28:14 EXEC SPC_014_INVOICE_DETAIL_INQ2 'S-18040007','1';
2018-04-13 17:28:15 EXEC SPC_COM_GET_COMBOBOX 'unit_q_div';
2018-04-13 17:28:15 EXEC SPC_COM_GET_COMBOBOX 'unit_w_div';
2018-04-13 17:28:15 EXEC SPC_COM_GET_COMBOBOX 'sales_detail_div';
2018-04-13 17:28:15 EXEC SPC_COM_GET_COMBOBOX 'unit_m_div';
2018-04-13 17:41:12 EXEC SPC_COM_GET_COMBOBOX 'port_city_div';
2018-04-13 17:41:13 EXEC SPC_COM_GET_COMBOBOX 'sales_detail_div';
2018-04-13 17:41:13 EXEC SPC_COM_GET_COMBOBOX 'unit_q_div';
2018-04-13 17:41:13 EXEC SPC_COM_GET_COMBOBOX 'port_country_div';
2018-04-13 17:41:13 EXEC SPC_COM_GET_COMBOBOX 'trade_terms_div';
2018-04-13 17:41:13 EXEC SPC_COM_GET_COMBOBOX 'currency_div';
2018-04-13 17:41:13 EXEC SPC_COM_GET_COMBOBOX 'shipment_div';
2018-04-13 17:41:13 EXEC SPC_COM_GET_COMBOBOX 'payment_conditions_div';
2018-04-13 17:41:14 EXEC SPC_COM_GET_COMBOBOX 'unit_w_div';
2018-04-13 17:41:14 EXEC SPC_COM_GET_COMBOBOX 'unit_m_div';
2018-04-13 17:41:14 EXEC SPC_GET_TAX_RATE '2018/04/13';
2018-04-13 17:41:14 EXEC SPC_COM_GET_COMBOBOX 'storage_manager_div';
2018-04-13 17:41:17 EXEC SPC_COM_GET_COMBOBOX 'fwd_status_div';
2018-04-13 17:41:20 EXEC SPC_011_SHIPMENT_SEARCH_FND1 '','','','','','20','1','10';
2018-04-13 17:41:21 EXEC SPC_011_SHIPMENT_SEARCH_FND1 '','','','','','20','13','10';
2018-04-13 17:41:23 EXEC SPC_014_INVOICE_DETAIL_INQ2 'S-18040007','1';
2018-04-13 17:41:24 EXEC SPC_COM_GET_COMBOBOX 'unit_q_div';
2018-04-13 17:41:24 EXEC SPC_COM_GET_COMBOBOX 'unit_w_div';
2018-04-13 17:41:24 EXEC SPC_COM_GET_COMBOBOX 'sales_detail_div';
2018-04-13 17:41:24 EXEC SPC_COM_GET_COMBOBOX 'unit_m_div';
2018-04-13 17:42:17 EXEC SPC_COM_GET_COMBOBOX 'port_country_div';
2018-04-13 17:42:17 EXEC SPC_COM_GET_COMBOBOX 'port_city_div';
2018-04-13 17:42:17 EXEC SPC_COM_GET_COMBOBOX 'payment_conditions_div';
2018-04-13 17:42:18 EXEC SPC_COM_GET_COMBOBOX 'trade_terms_div';
2018-04-13 17:42:18 EXEC SPC_COM_GET_COMBOBOX 'shipment_div';
2018-04-13 17:42:18 EXEC SPC_COM_GET_COMBOBOX 'currency_div';
2018-04-13 17:42:18 EXEC SPC_COM_GET_COMBOBOX 'unit_q_div';
2018-04-13 17:42:18 EXEC SPC_COM_GET_COMBOBOX 'sales_detail_div';
2018-04-13 17:42:18 EXEC SPC_COM_GET_COMBOBOX 'unit_w_div';
2018-04-13 17:42:18 EXEC SPC_COM_GET_COMBOBOX 'storage_manager_div';
2018-04-13 17:42:18 EXEC SPC_GET_TAX_RATE '2018/04/13';
2018-04-13 17:42:18 EXEC SPC_COM_GET_COMBOBOX 'unit_m_div';
2018-04-13 17:42:29 EXEC SPC_COM_GET_COMBOBOX 'fwd_status_div';
2018-04-13 17:42:32 EXEC SPC_011_SHIPMENT_SEARCH_FND1 '','','','','','20','1','10';
2018-04-13 17:42:34 EXEC SPC_011_SHIPMENT_SEARCH_FND1 '','','','','','20','13','10';
2018-04-13 17:42:36 EXEC SPC_014_INVOICE_DETAIL_INQ2 'S-18040007','1';
2018-04-13 17:42:37 EXEC SPC_COM_GET_COMBOBOX 'unit_w_div';
2018-04-13 17:42:37 EXEC SPC_COM_GET_COMBOBOX 'unit_q_div';
2018-04-13 17:42:37 EXEC SPC_COM_GET_COMBOBOX 'sales_detail_div';
2018-04-13 17:42:37 EXEC SPC_COM_GET_COMBOBOX 'unit_m_div';
2018-04-13 17:46:54 EXEC SPC_COM_GET_COMBOBOX 'trade_terms_div';
2018-04-13 17:46:54 EXEC SPC_COM_GET_COMBOBOX 'payment_conditions_div';
2018-04-13 17:46:54 EXEC SPC_COM_GET_COMBOBOX 'shipment_div';
2018-04-13 17:46:54 EXEC SPC_COM_GET_COMBOBOX 'port_city_div';
2018-04-13 17:46:54 EXEC SPC_COM_GET_COMBOBOX 'port_country_div';
2018-04-13 17:46:55 EXEC SPC_COM_GET_COMBOBOX 'unit_q_div';
2018-04-13 17:46:55 EXEC SPC_COM_GET_COMBOBOX 'sales_detail_div';
2018-04-13 17:46:55 EXEC SPC_COM_GET_COMBOBOX 'unit_w_div';
2018-04-13 17:46:55 EXEC SPC_COM_GET_COMBOBOX 'unit_m_div';
2018-04-13 17:46:55 EXEC SPC_COM_GET_COMBOBOX 'storage_manager_div';
2018-04-13 17:46:55 EXEC SPC_GET_TAX_RATE '2018/04/13';
2018-04-13 17:47:13 EXEC SPC_GET_TAX_RATE '2017/04/01';
2018-04-13 17:48:42 EXEC SPC_GET_LIB_COUNTRY 'JP';
2018-04-13 17:51:17 EXEC SPC_COM_GET_COMBOBOX 'fwd_status_div';
2018-04-13 17:51:19 EXEC SPC_011_SHIPMENT_SEARCH_FND1 '','','','','','20','1','10';
2018-04-13 17:51:21 EXEC SPC_011_SHIPMENT_SEARCH_FND1 '','','','','','20','13','10';
2018-04-13 17:51:23 EXEC SPC_014_INVOICE_DETAIL_INQ2 'S-18040007','1';
2018-04-13 17:51:23 EXEC SPC_GET_TAX_RATE '2017/04/01';
2018-04-13 17:51:24 EXEC SPC_COM_GET_COMBOBOX 'unit_w_div';
2018-04-13 17:51:24 EXEC SPC_COM_GET_COMBOBOX 'sales_detail_div';
2018-04-13 17:51:24 EXEC SPC_COM_GET_COMBOBOX 'unit_m_div';
2018-04-13 17:51:24 EXEC SPC_COM_GET_COMBOBOX 'unit_q_div';
2018-04-13 17:51:27 EXEC SPC_GET_LIB_COUNTRY 'JP';
2018-04-13 17:51:35 EXEC SPC_GET_LIB_COUNTRY 'TH';
2018-04-13 17:51:46 EXEC SPC_GET_LIB_COUNTRY 'JP';
2018-04-13 17:54:48 EXEC SPC_COM_GET_COMBOBOX 'port_country_div';
2018-04-13 17:54:48 EXEC SPC_COM_GET_COMBOBOX 'trade_terms_div';
2018-04-13 17:54:48 EXEC SPC_COM_GET_COMBOBOX 'payment_conditions_div';
2018-04-13 17:54:48 EXEC SPC_COM_GET_COMBOBOX 'currency_div';
2018-04-13 17:54:48 EXEC SPC_COM_GET_COMBOBOX 'port_city_div';
2018-04-13 17:54:49 EXEC SPC_COM_GET_COMBOBOX 'unit_w_div';
2018-04-13 17:54:49 EXEC SPC_COM_GET_COMBOBOX 'unit_q_div';
2018-04-13 17:54:49 EXEC SPC_COM_GET_COMBOBOX 'storage_manager_div';
2018-04-13 17:54:49 EXEC SPC_COM_GET_COMBOBOX 'unit_m_div';
2018-04-13 17:54:49 EXEC SPC_COM_GET_COMBOBOX 'sales_detail_div';
2018-04-13 17:54:49 EXEC SPC_COM_GET_COMBOBOX 'shipment_div';
2018-04-13 17:54:51 EXEC SPC_GET_TAX_RATE '2018/04/13';
2018-04-13 17:55:11 EXEC SPC_COM_GET_COMBOBOX 'fwd_status_div';
2018-04-13 17:55:14 EXEC SPC_011_SHIPMENT_SEARCH_FND1 '','','','','','20','1','10';
2018-04-13 17:55:16 EXEC SPC_011_SHIPMENT_SEARCH_FND1 '','','','','','20','13','10';
2018-04-13 17:55:18 EXEC SPC_014_INVOICE_DETAIL_INQ2 'S-18030026','1';
2018-04-13 17:55:20 EXEC SPC_COM_GET_COMBOBOX 'unit_w_div';
2018-04-13 17:55:20 EXEC SPC_GET_TAX_RATE '2018/04/13';
';
2018-04-13 17:55:20 EXEC SPC_COM_GET_COMBOBOX 'sales_detail_div';
2018-04-13 17:55:21 EXEC SPC_COM_GET_COMBOBOX 'unit_q_div';
2018-04-13 17:55:58 EXEC SPC_GET_LIB_COUNTRY 'JP';
2018-04-13 17:56:24 EXEC SPC_COM_GET_COMBOBOX 'fwd_status_div';
2018-04-13 17:56:28 EXEC SPC_011_SHIPMENT_SEARCH_FND1 '','','','','','20','1','10';
2018-04-13 17:56:31 EXEC SPC_011_SHIPMENT_SEARCH_FND1 '','','','','','20','13','10';
2018-04-13 17:56:34 EXEC SPC_014_INVOICE_DETAIL_INQ2 'S-18040007','1';
2018-04-13 17:56:35 EXEC SPC_GET_TAX_RATE '2018/04/13';
2018-04-13 17:56:35 EXEC SPC_COM_GET_COMBOBOX 'sales_detail_div';
2018-04-13 17:56:37 EXEC SPC_COM_GET_COMBOBOX 'unit_m_div';
2018-04-13 17:56:37 EXEC SPC_COM_GET_COMBOBOX 'unit_q_div';
2018-04-13 17:56:38 EXEC SPC_COM_GET_COMBOBOX 'unit_w_div';
2018-04-13 18:02:19 EXEC SPC_COM_GET_COMBOBOX 'port_city_div';
2018-04-13 18:02:19 EXEC SPC_COM_GET_COMBOBOX 'sales_detail_div';
2018-04-13 18:02:20 EXEC SPC_COM_GET_COMBOBOX 'unit_q_div';
2018-04-13 18:02:20 EXEC SPC_COM_GET_COMBOBOX 'unit_w_div';
2018-04-13 18:02:21 EXEC SPC_COM_GET_COMBOBOX 'port_country_div';
2018-04-13 18:02:21 EXEC SPC_COM_GET_COMBOBOX 'shipment_div';
2018-04-13 18:02:21 EXEC SPC_COM_GET_COMBOBOX 'currency_div';
2018-04-13 18:02:21 EXEC SPC_COM_GET_COMBOBOX 'unit_m_div';
2018-04-13 18:02:21 EXEC SPC_COM_GET_COMBOBOX 'trade_terms_div';
2018-04-13 18:02:21 EXEC SPC_COM_GET_COMBOBOX 'payment_conditions_div';
2018-04-13 18:02:21 EXEC SPC_COM_GET_COMBOBOX 'storage_manager_div';
2018-04-13 18:02:21 EXEC SPC_GET_TAX_RATE '2018/04/13';
2018-04-13 18:05:19 EXEC SPC_COM_GET_COMBOBOX 'fwd_status_div';
2018-04-13 18:05:21 EXEC SPC_011_SHIPMENT_SEARCH_FND1 '','','','','','20','1','10';
2018-04-13 18:05:23 EXEC SPC_011_SHIPMENT_SEARCH_FND1 '','','','','','20','13','10';
2018-04-13 18:05:24 EXEC SPC_014_INVOICE_DETAIL_INQ2 'S-18040007','1';
2018-04-13 18:05:25 EXEC SPC_GET_TAX_RATE '2018/04/13';
2018-04-13 18:05:25 EXEC SPC_COM_GET_COMBOBOX 'sales_detail_div';
2018-04-13 18:05:25 EXEC SPC_COM_GET_COMBOBOX 'unit_q_div';
2018-04-13 18:05:25 EXEC SPC_COM_GET_COMBOBOX 'unit_m_div';
2018-04-13 18:05:25 EXEC SPC_COM_GET_COMBOBOX 'unit_w_div';
2018-04-13 18:07:49 EXEC SPC_COM_GET_COMBOBOX 'currency_div';
2018-04-13 18:07:49 EXEC SPC_COM_GET_COMBOBOX 'port_country_div';
2018-04-13 18:07:49 EXEC SPC_COM_GET_COMBOBOX 'trade_terms_div';
2018-04-13 18:07:49 EXEC SPC_COM_GET_COMBOBOX 'shipment_div';
2018-04-13 18:07:49 EXEC SPC_COM_GET_COMBOBOX 'port_city_div';
2018-04-13 18:07:50 EXEC SPC_COM_GET_COMBOBOX 'unit_q_div';
2018-04-13 18:07:50 EXEC SPC_COM_GET_COMBOBOX 'unit_w_div';
2018-04-13 18:07:50 EXEC SPC_COM_GET_COMBOBOX 'unit_m_div';
2018-04-13 18:07:50 EXEC SPC_COM_GET_COMBOBOX 'storage_manager_div';
2018-04-13 18:07:50 EXEC SPC_COM_GET_COMBOBOX 'sales_detail_div';
2018-04-13 18:07:50 EXEC SPC_GET_TAX_RATE '2018/04/13';
2018-04-13 18:07:53 EXEC SPC_COM_GET_COMBOBOX 'payment_conditions_div';
2018-04-13 18:07:56 EXEC SPC_COM_GET_COMBOBOX 'fwd_status_div';
2018-04-13 18:07:58 EXEC SPC_011_SHIPMENT_SEARCH_FND1 '','','','','','20','1','10';
2018-04-13 18:08:01 EXEC SPC_011_SHIPMENT_SEARCH_FND1 '','','','','','20','13','10';
2018-04-13 18:08:03 EXEC SPC_014_INVOICE_DETAIL_INQ2 'S-18040007','1';
2018-04-13 18:08:03 EXEC SPC_COM_GET_COMBOBOX 'sales_detail_div';
2018-04-13 18:08:03 EXEC SPC_COM_GET_COMBOBOX 'unit_q_div';
2018-04-13 18:08:03 EXEC SPC_COM_GET_COMBOBOX 'unit_w_div';
2018-04-13 18:08:03 EXEC SPC_COM_GET_COMBOBOX 'unit_m_div';
2018-04-13 18:08:03 EXEC SPC_GET_TAX_RATE '2018/04/13';
2018-04-13 18:19:37 EXEC SPC_COM_GET_COMBOBOX 'port_country_div';
2018-04-13 18:19:37 EXEC SPC_COM_GET_COMBOBOX 'sales_detail_div';
2018-04-13 18:19:38 EXEC SPC_COM_GET_COMBOBOX 'unit_q_div';
2018-04-13 18:19:38 EXEC SPC_COM_GET_COMBOBOX 'shipment_div';
2018-04-13 18:19:38 EXEC SPC_COM_GET_COMBOBOX 'currency_div';
2018-04-13 18:19:38 EXEC SPC_COM_GET_COMBOBOX 'payment_conditions_div';
2018-04-13 18:19:38 EXEC SPC_COM_GET_COMBOBOX 'trade_terms_div';
2018-04-13 18:19:38 EXEC SPC_COM_GET_COMBOBOX 'port_city_div';
2018-04-13 18:19:38 EXEC SPC_COM_GET_COMBOBOX 'unit_w_div';
2018-04-13 18:19:39 EXEC SPC_COM_GET_COMBOBOX 'unit_m_div';
2018-04-13 18:19:39 EXEC SPC_COM_GET_COMBOBOX 'storage_manager_div';
2018-04-13 18:19:39 EXEC SPC_GET_TAX_RATE '2018/04/13';
2018-04-13 18:19:42 EXEC SPC_COM_GET_COMBOBOX 'fwd_status_div';
2018-04-13 18:19:45 EXEC SPC_011_SHIPMENT_SEARCH_FND1 '','','','','','20','1','10';
2018-04-13 18:19:46 EXEC SPC_011_SHIPMENT_SEARCH_FND1 '','','','','','20','13','10';
2018-04-13 18:19:48 EXEC SPC_014_INVOICE_DETAIL_INQ2 'S-18040007','1';
2018-04-13 18:19:48 EXEC SPC_COM_GET_COMBOBOX 'unit_q_div';
2018-04-13 18:19:48 EXEC SPC_GET_TAX_RATE '2018/04/13';
2018-04-13 18:19:48 EXEC SPC_COM_GET_COMBOBOX 'unit_w_div';
2018-04-13 18:19:48 EXEC SPC_COM_GET_COMBOBOX 'sales_detail_div';
2018-04-13 18:19:48 EXEC SPC_COM_GET_COMBOBOX 'unit_m_div';
2018-04-13 18:21:45 EXEC SPC_COM_GET_COMBOBOX 'port_city_div';
2018-04-13 18:21:45 EXEC SPC_COM_GET_COMBOBOX 'port_country_div';
2018-04-13 18:21:45 EXEC SPC_COM_GET_COMBOBOX 'shipment_div';
2018-04-13 18:21:45 EXEC SPC_COM_GET_COMBOBOX 'currency_div';
2018-04-13 18:21:45 EXEC SPC_COM_GET_COMBOBOX 'trade_terms_div';
2018-04-13 18:21:45 EXEC SPC_COM_GET_COMBOBOX 'payment_conditions_div';
2018-04-13 18:21:45 EXEC SPC_COM_GET_COMBOBOX 'unit_w_div';
2018-04-13 18:21:45 EXEC SPC_COM_GET_COMBOBOX 'sales_detail_div';
2018-04-13 18:21:45 EXEC SPC_COM_GET_COMBOBOX 'unit_q_div';
2018-04-13 18:21:45 EXEC SPC_COM_GET_COMBOBOX 'storage_manager_div';
2018-04-13 18:21:45 EXEC SPC_GET_TAX_RATE '2018/04/13';
2018-04-13 18:21:46 EXEC SPC_COM_GET_COMBOBOX 'unit_m_div';
2018-04-13 18:21:50 EXEC SPC_COM_GET_COMBOBOX 'fwd_status_div';
2018-04-13 18:22:23 EXEC SPC_011_SHIPMENT_SEARCH_FND1 '','','','','','20','1','10';
2018-04-13 18:22:26 EXEC SPC_011_SHIPMENT_SEARCH_FND1 '','','','','','20','13','10';
2018-04-13 18:22:28 EXEC SPC_014_INVOICE_DETAIL_INQ2 'S-18040007','1';
2018-04-13 18:22:28 EXEC SPC_COM_GET_COMBOBOX 'unit_w_div';
2018-04-13 18:22:28 EXEC SPC_COM_GET_COMBOBOX 'unit_q_div';
2018-04-13 18:22:29 EXEC SPC_COM_GET_COMBOBOX 'sales_detail_div';
2018-04-13 18:22:29 EXEC SPC_COM_GET_COMBOBOX 'unit_m_div';
2018-04-13 18:22:29 EXEC SPC_GET_TAX_RATE '2018/04/13';
2018-04-13 18:50:21 EXEC SPC_COM_GET_COMBOBOX 'port_city_div';
2018-04-13 18:50:21 EXEC SPC_COM_GET_COMBOBOX 'sales_detail_div';
2018-04-13 18:50:22 EXEC SPC_COM_GET_COMBOBOX 'unit_q_div';
2018-04-13 18:50:22 EXEC SPC_COM_GET_COMBOBOX 'currency_div';
2018-04-13 18:50:22 EXEC SPC_COM_GET_COMBOBOX 'shipment_div';
2018-04-13 18:50:22 EXEC SPC_COM_GET_COMBOBOX 'port_country_div';
2018-04-13 18:50:22 EXEC SPC_COM_GET_COMBOBOX 'payment_conditions_div';
2018-04-13 18:50:22 EXEC SPC_COM_GET_COMBOBOX 'unit_w_div';
2018-04-13 18:50:22 EXEC SPC_COM_GET_COMBOBOX 'unit_m_div';
2018-04-13 18:50:23 EXEC SPC_COM_GET_COMBOBOX 'storage_manager_div';
2018-04-13 18:50:23 EXEC SPC_COM_GET_COMBOBOX 'trade_terms_div';
2018-04-13 18:50:23 EXEC SPC_GET_TAX_RATE '2018/04/13';
2018-04-13 18:50:30 EXEC SPC_COM_GET_COMBOBOX 'fwd_status_div';
2018-04-13 18:50:32 EXEC SPC_011_SHIPMENT_SEARCH_FND1 '','','','','','20','1','10';
2018-04-13 18:50:34 EXEC SPC_011_SHIPMENT_SEARCH_FND1 '','','','','','20','13','10';
2018-04-13 18:50:36 EXEC SPC_014_INVOICE_DETAIL_INQ2 'S-18040007','1';
2018-04-13 18:50:37 EXEC SPC_COM_GET_COMBOBOX 'unit_m_div';
2018-04-13 18:50:37 EXEC SPC_COM_GET_COMBOBOX 'unit_w_div';
2018-04-13 18:50:37 EXEC SPC_COM_GET_COMBOBOX 'sales_detail_div';
2018-04-13 18:50:37 EXEC SPC_COM_GET_COMBOBOX 'unit_q_div';
2018-04-13 18:50:37 EXEC SPC_GET_TAX_RATE '2018/04/13';
2018-04-13 18:51:33 EXEC SPC_COM_GET_COMBOBOX 'port_country_div';
2018-04-13 18:51:33 EXEC SPC_COM_GET_COMBOBOX 'trade_terms_div';
2018-04-13 18:51:33 EXEC SPC_COM_GET_COMBOBOX 'payment_conditions_div';
2018-04-13 18:51:33 EXEC SPC_COM_GET_COMBOBOX 'port_city_div';
2018-04-13 18:51:33 EXEC SPC_COM_GET_COMBOBOX 'shipment_div';
2018-04-13 18:51:34 EXEC SPC_COM_GET_COMBOBOX 'unit_m_div';
2018-04-13 18:51:34 EXEC SPC_COM_GET_COMBOBOX 'unit_q_div';
2018-04-13 18:51:34 EXEC SPC_COM_GET_COMBOBOX 'storage_manager_div';
2018-04-13 18:51:34 EXEC SPC_COM_GET_COMBOBOX 'unit_w_div';
2018-04-13 18:51:34 EXEC SPC_COM_GET_COMBOBOX 'sales_detail_div';
2018-04-13 18:51:34 EXEC SPC_GET_TAX_RATE '2018/04/13';
2018-04-13 18:51:42 EXEC SPC_COM_GET_COMBOBOX 'fwd_status_div';
2018-04-13 18:51:45 EXEC SPC_011_SHIPMENT_SEARCH_FND1 '','','','','','20','1','10';
2018-04-13 18:51:47 EXEC SPC_011_SHIPMENT_SEARCH_FND1 '','','','','','20','13','10';
2018-04-13 18:51:49 EXEC SPC_014_INVOICE_DETAIL_INQ2 'S-18030026','1';
2018-04-13 18:51:50 EXEC SPC_COM_GET_COMBOBOX 'unit_q_div';
2018-04-13 18:51:50 EXEC SPC_COM_GET_COMBOBOX 'unit_w_div';
2018-04-13 18:51:50 EXEC SPC_COM_GET_COMBOBOX 'sales_detail_div';
2018-04-13 18:51:50 EXEC SPC_GET_TAX_RATE '2018/04/13';
2018-04-13 18:51:50 EXEC SPC_COM_GET_COMBOBOX 'unit_m_div';
2018-04-13 18:51:56 EXEC SPC_COM_GET_COMBOBOX 'fwd_status_div';
2018-04-13 18:51:58 EXEC SPC_011_SHIPMENT_SEARCH_FND1 '','','','','','20','1','10';
2018-04-13 18:52:01 EXEC SPC_011_SHIPMENT_SEARCH_FND1 '','','','','','20','2','10';
2018-04-13 18:52:03 EXEC SPC_011_SHIPMENT_SEARCH_FND1 '','','','','','20','13','10';
2018-04-13 18:52:06 EXEC SPC_011_SHIPMENT_SEARCH_FND1 '','','','','','20','12','10';
2018-04-13 18:52:07 EXEC SPC_011_SHIPMENT_SEARCH_FND1 '','','','','','20','11','10';
2018-04-13 18:52:09 EXEC SPC_011_SHIPMENT_SEARCH_FND1 '','','','','','20','10','10';
2018-04-13 18:52:12 EXEC SPC_011_SHIPMENT_SEARCH_FND1 '','','','','','20','9','10';
2018-04-13 18:52:14 EXEC SPC_011_SHIPMENT_SEARCH_FND1 '','','','','','20','8','10';
2018-04-13 18:52:19 EXEC SPC_014_INVOICE_DETAIL_INQ2 'S-18030025','1';
2018-04-13 18:52:20 EXEC SPC_COM_GET_COMBOBOX 'unit_q_div';
2018-04-13 18:52:20 EXEC SPC_GET_TAX_RATE '2018/04/13';
2018-04-13 18:52:20 EXEC SPC_COM_GET_COMBOBOX 'sales_detail_div';
2018-04-13 18:52:20 EXEC SPC_COM_GET_COMBOBOX 'unit_w_div';
2018-04-13 18:52:20 EXEC SPC_COM_GET_COMBOBOX 'unit_m_div';
2018-04-13 18:52:30 EXEC SPC_COM_GET_COMBOBOX 'fwd_status_div';
2018-04-13 18:52:33 EXEC SPC_011_SHIPMENT_SEARCH_FND1 '','','','','','20','1','10';
2018-04-13 18:52:35 EXEC SPC_011_SHIPMENT_SEARCH_FND1 '','','','','','20','2','10';
2018-04-13 18:52:36 EXEC SPC_011_SHIPMENT_SEARCH_FND1 '','','','','','20','3','10';
2018-04-13 18:52:42 EXEC SPC_011_SHIPMENT_SEARCH_FND1 '','','','','','20','4','10';
2018-04-13 18:52:44 EXEC SPC_011_SHIPMENT_SEARCH_FND1 '','','','','','20','5','10';
2018-04-13 18:52:46 EXEC SPC_011_SHIPMENT_SEARCH_FND1 '','','','','','20','6','10';
2018-04-13 18:52:47 EXEC SPC_011_SHIPMENT_SEARCH_FND1 '','','','','','20','7','10';
2018-04-13 18:52:49 EXEC SPC_011_SHIPMENT_SEARCH_FND1 '','','','','','20','6','10';
2018-04-13 18:52:50 EXEC SPC_011_SHIPMENT_SEARCH_FND1 '','','','','','20','1','10';
2018-04-13 18:52:55 EXEC SPC_014_INVOICE_DETAIL_INQ2 'S-18030018','1';
2018-04-13 18:52:56 EXEC SPC_GET_TAX_RATE '2018/04/13';
2018-04-13 18:52:56 EXEC SPC_COM_GET_COMBOBOX 'unit_w_div';
2018-04-13 18:52:56 EXEC SPC_COM_GET_COMBOBOX 'unit_q_div';
2018-04-13 18:52:56 EXEC SPC_COM_GET_COMBOBOX 'unit_m_div';
2018-04-13 18:52:56 EXEC SPC_COM_GET_COMBOBOX 'sales_detail_div';
2018-04-13 19:13:31 EXEC SPC_COM_GET_COMBOBOX 'fwd_status_div';
2018-04-13 19:13:33 EXEC SPC_011_SHIPMENT_SEARCH_FND1 '','','','','','20','1','10';
2018-04-13 19:13:36 EXEC SPC_011_SHIPMENT_SEARCH_FND1 '','','','','','20','2','10';
2018-04-13 19:13:37 EXEC SPC_011_SHIPMENT_SEARCH_FND1 '','','','','','20','3','10';
2018-04-13 19:13:38 EXEC SPC_011_SHIPMENT_SEARCH_FND1 '','','','','','20','2','10';
2018-04-13 19:13:41 EXEC SPC_011_SHIPMENT_SEARCH_FND1 '','','','','','20','1','10';
2018-04-13 19:13:43 EXEC SPC_014_INVOICE_DETAIL_INQ2 'S-18030004','1';
2018-04-13 19:13:44 EXEC SPC_COM_GET_COMBOBOX 'unit_q_div';
2018-04-13 19:13:45 EXEC SPC_COM_GET_COMBOBOX 'unit_m_div';
2018-04-13 19:13:45 EXEC SPC_COM_GET_COMBOBOX 'unit_w_div';
2018-04-13 19:13:45 EXEC SPC_COM_GET_COMBOBOX 'sales_detail_div';
2018-04-13 19:13:45 EXEC SPC_GET_TAX_RATE '2018/04/13';
2018-04-13 19:21:39 EXEC SPC_COM_GET_COMBOBOX 'port_city_div';
2018-04-13 19:21:39 EXEC SPC_COM_GET_COMBOBOX 'sales_detail_div';
2018-04-13 19:21:40 EXEC SPC_COM_GET_COMBOBOX 'unit_q_div';
2018-04-13 19:21:40 EXEC SPC_COM_GET_COMBOBOX 'unit_w_div';
2018-04-13 19:21:41 EXEC SPC_COM_GET_COMBOBOX 'port_country_div';
2018-04-13 19:21:41 EXEC SPC_COM_GET_COMBOBOX 'currency_div';
2018-04-13 19:21:41 EXEC SPC_COM_GET_COMBOBOX 'shipment_div';
2018-04-13 19:21:41 EXEC SPC_COM_GET_COMBOBOX 'payment_conditions_div';
2018-04-13 19:21:41 EXEC SPC_COM_GET_COMBOBOX 'unit_m_div';
2018-04-13 19:21:41 EXEC SPC_COM_GET_COMBOBOX 'trade_terms_div';
2018-04-13 19:21:41 EXEC SPC_GET_TAX_RATE '2018/04/13';
2018-04-13 19:21:41 EXEC SPC_COM_GET_COMBOBOX 'storage_manager_div';
2018-04-13 19:21:44 EXEC SPC_COM_GET_COMBOBOX 'fwd_status_div';
2018-04-13 19:21:47 EXEC SPC_011_SHIPMENT_SEARCH_FND1 '','','','','','20','1','10';
2018-04-13 19:21:51 EXEC SPC_014_INVOICE_DETAIL_INQ2 'S-18030021','1';
2018-04-13 19:21:51 EXEC SPC_COM_GET_COMBOBOX 'unit_q_div';
2018-04-13 19:21:51 EXEC SPC_GET_TAX_RATE '2018/04/13';
2018-04-13 19:21:51 EXEC SPC_COM_GET_COMBOBOX 'unit_m_div';
2018-04-13 19:21:51 EXEC SPC_COM_GET_COMBOBOX 'unit_w_div';
2018-04-13 19:21:51 EXEC SPC_COM_GET_COMBOBOX 'sales_detail_div';
2018-04-13 19:32:50 EXEC SPC_COM_GET_COMBOBOX 'port_city_div';
2018-04-13 19:32:51 EXEC SPC_COM_GET_COMBOBOX 'sales_detail_div';
2018-04-13 19:32:52 EXEC SPC_COM_GET_COMBOBOX 'unit_q_div';
2018-04-13 19:32:52 EXEC SPC_COM_GET_COMBOBOX 'trade_terms_div';
2018-04-13 19:32:52 EXEC SPC_COM_GET_COMBOBOX 'shipment_div';
2018-04-13 19:32:52 EXEC SPC_COM_GET_COMBOBOX 'currency_div';
2018-04-13 19:32:52 EXEC SPC_COM_GET_COMBOBOX 'payment_conditions_div';
2018-04-13 19:32:52 EXEC SPC_COM_GET_COMBOBOX 'port_country_div';
2018-04-13 19:32:52 EXEC SPC_COM_GET_COMBOBOX 'unit_w_div';
2018-04-13 19:32:52 EXEC SPC_COM_GET_COMBOBOX 'unit_m_div';
2018-04-13 19:32:52 EXEC SPC_COM_GET_COMBOBOX 'storage_manager_div';
2018-04-13 19:32:53 EXEC SPC_GET_TAX_RATE '2018/04/13';
2018-04-13 19:33:26 EXEC SPC_COM_GET_COMBOBOX 'fwd_status_div';
2018-04-13 19:33:29 EXEC SPC_011_SHIPMENT_SEARCH_FND1 '','','','','','20','1','10';
2018-04-13 19:33:32 EXEC SPC_014_INVOICE_DETAIL_INQ2 'S-18030004','1';
2018-04-13 19:33:33 EXEC SPC_COM_GET_COMBOBOX 'unit_m_div';
2018-04-13 19:33:33 EXEC SPC_COM_GET_COMBOBOX 'unit_w_div';
2018-04-13 19:33:33 EXEC SPC_GET_TAX_RATE '2018/04/13';
2018-04-13 19:33:33 EXEC SPC_COM_GET_COMBOBOX 'unit_q_div';
2018-04-13 19:33:33 EXEC SPC_COM_GET_COMBOBOX 'sales_detail_div';
2018-04-13 19:35:59 EXEC SPC_COM_GET_COMBOBOX 'shipment_div';
2018-04-13 19:35:59 EXEC SPC_COM_GET_COMBOBOX 'port_city_div';
2018-04-13 19:35:59 EXEC SPC_COM_GET_COMBOBOX 'port_country_div';
2018-04-13 19:35:59 EXEC SPC_COM_GET_COMBOBOX 'currency_div';
2018-04-13 19:35:59 EXEC SPC_COM_GET_COMBOBOX 'payment_conditions_div';
2018-04-13 19:35:59 EXEC SPC_COM_GET_COMBOBOX 'trade_terms_div';
2018-04-13 19:36:00 EXEC SPC_COM_GET_COMBOBOX 'unit_w_div';
2018-04-13 19:36:00 EXEC SPC_COM_GET_COMBOBOX 'unit_q_div';
2018-04-13 19:36:00 EXEC SPC_COM_GET_COMBOBOX 'sales_detail_div';
2018-04-13 19:36:00 EXEC SPC_COM_GET_COMBOBOX 'unit_m_div';
2018-04-13 19:36:00 EXEC SPC_COM_GET_COMBOBOX 'storage_manager_div';
2018-04-13 19:36:00 EXEC SPC_GET_TAX_RATE '2018/04/13';
2018-04-13 19:36:05 EXEC SPC_COM_GET_COMBOBOX 'fwd_status_div';
2018-04-13 19:36:08 EXEC SPC_011_SHIPMENT_SEARCH_FND1 '','','','','','20','1','10';
2018-04-13 19:36:11 EXEC SPC_014_INVOICE_DETAIL_INQ2 'S-18030004','1';
2018-04-13 19:36:11 EXEC SPC_COM_GET_COMBOBOX 'unit_m_div';
2018-04-13 19:36:11 EXEC SPC_COM_GET_COMBOBOX 'unit_q_div';
2018-04-13 19:36:12 EXEC SPC_COM_GET_COMBOBOX 'unit_w_div';
2018-04-13 19:36:12 EXEC SPC_GET_TAX_RATE '2018/04/13';
2018-04-13 19:36:12 EXEC SPC_COM_GET_COMBOBOX 'sales_detail_div';
2018-04-13 19:38:34 EXEC SPC_COM_GET_COMBOBOX 'port_city_div';
2018-04-13 19:38:34 EXEC SPC_COM_GET_COMBOBOX 'trade_terms_div';
2018-04-13 19:38:34 EXEC SPC_COM_GET_COMBOBOX 'currency_div';
2018-04-13 19:38:34 EXEC SPC_COM_GET_COMBOBOX 'payment_conditions_div';
2018-04-13 19:38:34 EXEC SPC_COM_GET_COMBOBOX 'port_country_div';
2018-04-13 19:38:34 EXEC SPC_COM_GET_COMBOBOX 'shipment_div';
2018-04-13 19:38:35 EXEC SPC_COM_GET_COMBOBOX 'sales_detail_div';
2018-04-13 19:38:35 EXEC SPC_COM_GET_COMBOBOX 'unit_q_div';
2018-04-13 19:38:35 EXEC SPC_COM_GET_COMBOBOX 'unit_w_div';
2018-04-13 19:38:35 EXEC SPC_COM_GET_COMBOBOX 'unit_m_div';
2018-04-13 19:38:35 EXEC SPC_COM_GET_COMBOBOX 'storage_manager_div';
2018-04-13 19:38:35 EXEC SPC_GET_TAX_RATE '2018/04/13';
2018-04-13 19:38:41 EXEC SPC_COM_GET_COMBOBOX 'fwd_status_div';
2018-04-13 19:38:44 EXEC SPC_011_SHIPMENT_SEARCH_FND1 '','','','','','20','1','10';
2018-04-13 19:38:47 EXEC SPC_014_INVOICE_DETAIL_INQ2 'S-18030018','1';
2018-04-13 19:38:48 EXEC SPC_COM_GET_COMBOBOX 'sales_detail_div';
2018-04-13 19:38:48 EXEC SPC_COM_GET_COMBOBOX 'unit_m_div';
2018-04-13 19:38:48 EXEC SPC_GET_TAX_RATE '2018/04/13';
2018-04-13 19:38:48 EXEC SPC_COM_GET_COMBOBOX 'unit_w_div';
2018-04-13 19:38:48 EXEC SPC_COM_GET_COMBOBOX 'unit_q_div';
2018-04-13 20:01:34 EXEC SPC_COM_GET_COMBOBOX 'port_country_div';
2018-04-13 20:01:35 EXEC SPC_COM_GET_COMBOBOX 'sales_detail_div';
2018-04-13 20:01:36 EXEC SPC_COM_GET_COMBOBOX 'unit_q_div';
2018-04-13 20:01:36 EXEC SPC_COM_GET_COMBOBOX 'currency_div';
2018-04-13 20:01:36 EXEC SPC_COM_GET_COMBOBOX 'trade_terms_div';
2018-04-13 20:01:36 EXEC SPC_COM_GET_COMBOBOX 'shipment_div';
2018-04-13 20:01:36 EXEC SPC_COM_GET_COMBOBOX 'payment_conditions_div';
2018-04-13 20:01:36 EXEC SPC_COM_GET_COMBOBOX 'port_city_div';
2018-04-13 20:01:36 EXEC SPC_COM_GET_COMBOBOX 'unit_w_div';
2018-04-13 20:01:36 EXEC SPC_COM_GET_COMBOBOX 'unit_m_div';
2018-04-13 20:01:36 EXEC SPC_COM_GET_COMBOBOX 'storage_manager_div';
2018-04-13 20:01:36 EXEC SPC_GET_TAX_RATE '2018/04/13';
2018-04-13 20:01:40 EXEC SPC_COM_GET_COMBOBOX 'fwd_status_div';
2018-04-13 20:01:42 EXEC SPC_011_SHIPMENT_SEARCH_FND1 '','','','','','20','1','10';
2018-04-13 20:01:46 EXEC SPC_014_INVOICE_DETAIL_INQ2 'S-18030004','1';
2018-04-13 20:01:47 EXEC SPC_COM_GET_COMBOBOX 'unit_w_div';
2018-04-13 20:01:47 EXEC SPC_GET_TAX_RATE '2018/04/13';
2018-04-13 20:01:47 EXEC SPC_COM_GET_COMBOBOX 'unit_m_div';
2018-04-13 20:01:47 EXEC SPC_COM_GET_COMBOBOX 'sales_detail_div';
2018-04-13 20:01:47 EXEC SPC_COM_GET_COMBOBOX 'unit_q_div';
2018-04-13 20:05:53 EXEC SPC_COM_GET_COMBOBOX 'port_city_div';
2018-04-13 20:05:53 EXEC SPC_COM_GET_COMBOBOX 'shipment_div';
2018-04-13 20:05:53 EXEC SPC_COM_GET_COMBOBOX 'payment_conditions_div';
2018-04-13 20:05:53 EXEC SPC_COM_GET_COMBOBOX 'currency_div';
2018-04-13 20:05:53 EXEC SPC_COM_GET_COMBOBOX 'port_country_div';
2018-04-13 20:05:53 EXEC SPC_COM_GET_COMBOBOX 'trade_terms_div';
2018-04-13 20:05:53 EXEC SPC_COM_GET_COMBOBOX 'sales_detail_div';
2018-04-13 20:05:53 EXEC SPC_COM_GET_COMBOBOX 'unit_m_div';
2018-04-13 20:05:53 EXEC SPC_GET_TAX_RATE '2018/04/13';
2018-04-13 20:05:53 EXEC SPC_COM_GET_COMBOBOX 'storage_manager_div';
2018-04-13 20:05:53 EXEC SPC_COM_GET_COMBOBOX 'unit_q_div';
2018-04-13 20:05:53 EXEC SPC_COM_GET_COMBOBOX 'unit_w_div';
2018-04-13 20:05:57 EXEC SPC_COM_GET_COMBOBOX 'fwd_status_div';
2018-04-13 20:05:59 EXEC SPC_011_SHIPMENT_SEARCH_FND1 '','','','','','20','1','10';
2018-04-13 20:06:01 EXEC SPC_014_INVOICE_DETAIL_INQ2 'S-18030004','1';
2018-04-13 20:06:02 EXEC SPC_COM_GET_COMBOBOX 'unit_q_div';
2018-04-13 20:06:02 EXEC SPC_COM_GET_COMBOBOX 'unit_w_div';
2018-04-13 20:06:02 EXEC SPC_COM_GET_COMBOBOX 'unit_m_div';
2018-04-13 20:06:02 EXEC SPC_COM_GET_COMBOBOX 'sales_detail_div';
2018-04-13 20:06:02 EXEC SPC_GET_TAX_RATE '2018/04/13';
2018-04-13 20:09:23 EXEC SPC_COM_GET_COMBOBOX 'port_country_div';
2018-04-13 20:09:23 EXEC SPC_COM_GET_COMBOBOX 'port_city_div';
2018-04-13 20:09:23 EXEC SPC_COM_GET_COMBOBOX 'trade_terms_div';
2018-04-13 20:09:23 EXEC SPC_COM_GET_COMBOBOX 'shipment_div';
2018-04-13 20:09:23 EXEC SPC_COM_GET_COMBOBOX 'payment_conditions_div';
2018-04-13 20:09:23 EXEC SPC_COM_GET_COMBOBOX 'currency_div';
2018-04-13 20:09:24 EXEC SPC_COM_GET_COMBOBOX 'unit_q_div';
2018-04-13 20:09:24 EXEC SPC_COM_GET_COMBOBOX 'sales_detail_div';
2018-04-13 20:09:24 EXEC SPC_COM_GET_COMBOBOX 'storage_manager_div';
2018-04-13 20:09:24 EXEC SPC_COM_GET_COMBOBOX 'unit_w_div';
2018-04-13 20:09:24 EXEC SPC_GET_TAX_RATE '2018/04/13';
2018-04-13 20:09:24 EXEC SPC_COM_GET_COMBOBOX 'unit_m_div';
2018-04-13 20:09:40 EXEC SPC_COM_GET_COMBOBOX 'trade_terms_div';
2018-04-13 20:09:40 EXEC SPC_COM_GET_COMBOBOX 'shipment_div';
2018-04-13 20:09:40 EXEC SPC_COM_GET_COMBOBOX 'port_country_div';
2018-04-13 20:09:40 EXEC SPC_COM_GET_COMBOBOX 'payment_conditions_div';
2018-04-13 20:09:40 EXEC SPC_COM_GET_COMBOBOX 'currency_div';
2018-04-13 20:09:40 EXEC SPC_COM_GET_COMBOBOX 'port_city_div';
2018-04-13 20:09:40 EXEC SPC_GET_TAX_RATE '2018/04/13';
2018-04-13 20:09:40 EXEC SPC_COM_GET_COMBOBOX 'sales_detail_div';
2018-04-13 20:09:40 EXEC SPC_COM_GET_COMBOBOX 'unit_q_div';
2018-04-13 20:09:40 EXEC SPC_COM_GET_COMBOBOX 'storage_manager_div';
2018-04-13 20:09:40 EXEC SPC_COM_GET_COMBOBOX 'unit_w_div';
2018-04-13 20:09:40 EXEC SPC_COM_GET_COMBOBOX 'unit_m_div';
2018-04-13 20:09:54 EXEC SPC_COM_GET_COMBOBOX 'shipment_div';
2018-04-13 20:09:54 EXEC SPC_COM_GET_COMBOBOX 'payment_conditions_div';
2018-04-13 20:09:54 EXEC SPC_COM_GET_COMBOBOX 'port_country_div';
2018-04-13 20:09:54 EXEC SPC_COM_GET_COMBOBOX 'trade_terms_div';
2018-04-13 20:09:54 EXEC SPC_COM_GET_COMBOBOX 'currency_div';
2018-04-13 20:09:54 EXEC SPC_COM_GET_COMBOBOX 'port_city_div';
2018-04-13 20:09:55 EXEC SPC_COM_GET_COMBOBOX 'unit_q_div';
2018-04-13 20:09:55 EXEC SPC_COM_GET_COMBOBOX 'unit_m_div';
2018-04-13 20:09:55 EXEC SPC_COM_GET_COMBOBOX 'sales_detail_div';
2018-04-13 20:09:55 EXEC SPC_COM_GET_COMBOBOX 'storage_manager_div';
2018-04-13 20:09:55 EXEC SPC_COM_GET_COMBOBOX 'unit_w_div';
2018-04-13 20:09:55 EXEC SPC_GET_TAX_RATE '2018/04/13';
2018-04-13 20:09:59 EXEC SPC_COM_GET_COMBOBOX 'fwd_status_div';
2018-04-13 20:10:01 EXEC SPC_011_SHIPMENT_SEARCH_FND1 '','','','','','20','1','10';
2018-04-13 20:10:03 EXEC SPC_014_INVOICE_DETAIL_INQ2 'S-18030004','1';
2018-04-13 20:10:03 EXEC SPC_COM_GET_COMBOBOX 'unit_q_div';
2018-04-13 20:10:03 EXEC SPC_COM_GET_COMBOBOX 'sales_detail_div';
2018-04-13 20:10:03 EXEC SPC_COM_GET_COMBOBOX 'unit_w_div';
2018-04-13 20:10:03 EXEC SPC_GET_TAX_RATE '2018/04/13';
2018-04-13 20:10:03 EXEC SPC_COM_GET_COMBOBOX 'unit_m_div';
