2018-01-23 10:27:02 EXEC SPC_COM_GET_COMBOBOX 'port_country_div';
2018-01-23 10:27:02 EXEC SPC_COM_GET_COMBOBOX 'trade_terms_div';
2018-01-23 10:27:02 EXEC SPC_COM_GET_COMBOBOX 'currency_div';
2018-01-23 10:27:02 EXEC SPC_COM_GET_COMBOBOX 'payment_conditions_div';
2018-01-23 10:27:02 EXEC SPC_COM_GET_COMBOBOX 'port_city_div';
2018-01-23 10:27:02 EXEC SPC_COM_GET_COMBOBOX 'shipment_div';
2018-01-23 10:27:02 EXEC SPC_COM_GET_COMBOBOX 'unit_m_div';
2018-01-23 10:27:02 EXEC SPC_COM_GET_COMBOBOX 'unit_q_div';
2018-01-23 10:27:03 EXEC SPC_COM_GET_COMBOBOX 'sales_detail_div';
2018-01-23 10:27:03 EXEC SPC_COM_GET_COMBOBOX 'unit_w_div';
2018-01-23 10:27:03 EXEC SPC_COM_GET_COMBOBOX 'bank_div';
2018-01-23 10:27:03 EXEC SPC_GET_TAX_RATE '2018/01/23';
2018-01-23 10:43:01 EXEC SPC_COM_GET_COMBOBOX 'pi_status_div';
2018-01-23 10:43:04 EXEC SPC_002_PI_SEARCH_FND1 '','','','','','','','20','1','10';
2018-01-23 10:43:09 EXEC SPC_002_PI_SEARCH_FND1 '','','','','','','','20','2','10';
2018-01-23 10:43:13 EXEC SPC_002_PI_SEARCH_FND1 '','','','','','','','20','3','10';
2018-01-23 10:43:16 EXEC SPC_002_PI_SEARCH_FND1 '','','','','','','','20','4','10';
2018-01-23 10:43:29 EXEC SPC_COM_GET_COMBOBOX 'port_country_div';
2018-01-23 10:43:29 EXEC SPC_COM_GET_COMBOBOX 'unit_q_div';
2018-01-23 10:43:30 EXEC SPC_COM_GET_COMBOBOX 'unit_w_div';
2018-01-23 10:43:30 EXEC SPC_COM_GET_COMBOBOX 'trade_terms_div';
2018-01-23 10:43:30 EXEC SPC_COM_GET_COMBOBOX 'port_city_div';
2018-01-23 10:43:30 EXEC SPC_COM_GET_COMBOBOX 'shipment_div';
2018-01-23 10:43:30 EXEC SPC_COM_GET_COMBOBOX 'currency_div';
2018-01-23 10:43:30 EXEC SPC_COM_GET_COMBOBOX 'payment_conditions_div';
2018-01-23 10:43:30 EXEC SPC_COM_GET_COMBOBOX 'unit_m_div';
2018-01-23 10:43:30 EXEC SPC_COM_GET_COMBOBOX 'sales_detail_div';
2018-01-23 10:43:30 EXEC SPC_GET_TAX_RATE '2018/01/23';
2018-01-23 10:43:30 EXEC SPC_COM_GET_COMBOBOX 'bank_div';
2018-01-23 10:43:30 EXEC SPC_001_PI_DETAIL_INQ1 'RT-131219002';
2018-01-23 10:43:31 EXEC SPC_COM_GET_COMBOBOX 'unit_w_div';
2018-01-23 10:43:31 EXEC SPC_COM_GET_COMBOBOX 'unit_m_div';
2018-01-23 10:43:31 EXEC SPC_GET_TAX_RATE '2013/12/19';
2018-01-23 10:43:31 EXEC SPC_COM_GET_COMBOBOX 'sales_detail_div';
2018-01-23 10:45:08 EXEC SPC_GET_CONSTANT '';
2018-01-23 10:45:09 EXEC SPC_003_PI_EXCEL_INQ1 'RT-131219002','','003_pi-excel','';
2018-01-23 10:45:24 EXEC SPC_COM_GET_COMBOBOX 'port_country_div';
2018-01-23 10:45:24 EXEC SPC_COM_GET_COMBOBOX 'currency_div';
2018-01-23 10:45:24 EXEC SPC_COM_GET_COMBOBOX 'payment_conditions_div';
2018-01-23 10:45:24 EXEC SPC_COM_GET_COMBOBOX 'trade_terms_div';
2018-01-23 10:45:24 EXEC SPC_COM_GET_COMBOBOX 'shipment_div';
2018-01-23 10:45:24 EXEC SPC_COM_GET_COMBOBOX 'port_city_div';
2018-01-23 10:45:24 EXEC SPC_COM_GET_COMBOBOX 'bank_div';
2018-01-23 10:45:26 EXEC SPC_GET_CONSTANT '';
2018-01-23 10:45:26 EXEC SPC_003_PI_EXCEL_INQ1 'RT-131219002','','003_pi-excel','';
2018-01-23 10:46:35 EXEC SPC_GET_CONSTANT '';
2018-01-23 10:46:35 EXEC SPC_003_PI_EXCEL_INQ1 'RT-131219002','','003_pi-excel','';
2018-01-23 10:48:43 EXEC SPC_GET_CONSTANT '';
2018-01-23 10:48:43 EXEC SPC_003_PI_EXCEL_INQ1 'RT-131219002','','003_pi-excel','';
2018-01-23 10:51:03 EXEC SPC_GET_CONSTANT '';
2018-01-23 10:51:03 EXEC SPC_003_PI_EXCEL_INQ1 'RT-131219002','','003_pi-excel','';
2018-01-23 10:52:38 EXEC SPC_GET_CONSTANT '';
2018-01-23 10:52:38 EXEC SPC_003_PI_EXCEL_INQ1 'RT-131219002','','003_pi-excel','';
2018-01-23 10:53:29 EXEC SPC_GET_CONSTANT '';
2018-01-23 10:53:29 EXEC SPC_003_PI_EXCEL_INQ1 'RT-131219002','','003_pi-excel','';
2018-01-23 10:54:52 EXEC SPC_001_PI_DETAIL_ACT4 'RT-131219002','','','001_pi-detail','';
2018-01-23 10:54:54 EXEC SPC_001_PI_DETAIL_INQ1 'RT-131219002';
2018-01-23 10:54:54 EXEC SPC_GET_TAX_RATE '2013/12/19';
2018-01-23 10:54:55 EXEC SPC_COM_GET_COMBOBOX 'sales_detail_div';
2018-01-23 10:54:55 EXEC SPC_COM_GET_COMBOBOX 'unit_m_div';
2018-01-23 10:54:55 EXEC SPC_COM_GET_COMBOBOX 'unit_q_div';
2018-01-23 10:54:55 EXEC SPC_COM_GET_COMBOBOX 'unit_w_div';
2018-01-23 10:55:08 EXEC SPC_001_PI_DETAIL_ACT1 'A','RT-131219002','10','2013/12/19','F0226','SysteMedic','Hanasi 17 St', P.O.Box. 5058 Hadera-38100,','','','059','IL','972-4-6222488','972-4-6222484','','SysteMedic','Hanasi 17 St', P.O.Box. 5058 Hadera-38100,','','','059','IL','972-4-6222488','972-4-6222484','SYSTEMEDIC','SYSTEMEDIC 2','SYSTEMEDIC 3','SYSTEMEDIC 4','Standard Export Carton','03','USD','060','01','03','059','IL','01','Advance payment','[{"pi_detail_no":"1","sales_detail_div":"0","product_cd":"6256","description":"Capillary holder for BR-501","qty":"1","unit_of_m_div":"001","unit_price":"67","amount":"67","detail_tax":"3.35","unit_measure_qty":"0","unit_measure_price":"001","outside_remarks":"","unit_net_weight":"0","unit_net_weight_div":"001","net_weight":"0","unit_gross_weight":"0","gross_weight":"0","measure":"0"},{"pi_detail_no":"2","sales_detail_div":"0","product_cd":"6258","description":"Lamp housing with spring for BR-501","qty":"5","unit_of_m_div":"001","unit_price":"14","amount":"70","detail_tax":"3.5","unit_measure_qty":"0","unit_measure_price":"001","outside_remarks":"","unit_net_weight":"0","unit_net_weight_div":"001","net_weight":"0","unit_gross_weight":"0","gross_weight":"0","measure":"0"},{"pi_detail_no":"3","sales_detail_div":"0","product_cd":"6257","description":"Lamp for BR-501","qty":"150","unit_of_m_div":"001","unit_price":"13","amount":"1950","detail_tax":"97.5","unit_measure_qty":"0","unit_measure_price":"001","outside_remarks":"","unit_net_weight":"0","unit_net_weight_div":"001","net_weight":"0","unit_gross_weight":"0","gross_weight":"0","measure":"0"}]','156','001','0','001','0','001','0','001','2087','0','0','0','2237','Around 3 weeks after receipt of payment','','Japan','APEL CO.,LTD.','This Proforma invoice is valid for 2 weeks from the date of  issue.','- If a consulate visa is required, the related fees should be paid by the buyer.','- In case of transport by air and/or container, FOB, C&F and CIF in this proforma invoice','shall be respectively equivalent to FCA, CPT and CIP stipulated in Incoterms 2000.','- In the even that the dollar (euro)falls against the Japanese yen by more than 5% from','the rate of proforma invoice date, the prices will not be effective.','','*** Warranty period after shipment***','3 years: PD-303, BR-501','1 year: AP-120, AP-1000M, PD-303S, PD-3000UV, BR-5200, BR-5200P, HC-702','','002','','','001_pi-detail','';
2018-01-23 10:55:09 EXEC SPC_001_PI_DETAIL_INQ1 'RT-131219002';
2018-01-23 10:55:09 EXEC SPC_GET_TAX_RATE '2013/12/19';
2018-01-23 10:55:09 EXEC SPC_COM_GET_COMBOBOX 'unit_m_div';
2018-01-23 10:55:09 EXEC SPC_COM_GET_COMBOBOX 'sales_detail_div';
2018-01-23 10:55:09 EXEC SPC_COM_GET_COMBOBOX 'unit_q_div';
2018-01-23 10:55:09 EXEC SPC_COM_GET_COMBOBOX 'unit_w_div';
2018-01-23 10:55:12 EXEC SPC_001_PI_DETAIL_ACT3 'RT-131219002','','','001_pi-detail','';
2018-01-23 10:55:13 EXEC SPC_001_PI_DETAIL_INQ1 'RT-131219002';
2018-01-23 10:55:14 EXEC SPC_COM_GET_COMBOBOX 'unit_w_div';
2018-01-23 10:55:14 EXEC SPC_COM_GET_COMBOBOX 'sales_detail_div';
2018-01-23 10:55:14 EXEC SPC_GET_TAX_RATE '2013/12/19';
2018-01-23 10:55:14 EXEC SPC_COM_GET_COMBOBOX 'unit_m_div';
2018-01-23 10:55:14 EXEC SPC_COM_GET_COMBOBOX 'unit_q_div';
2018-01-23 10:55:16 EXEC SPC_GET_CONSTANT '';
2018-01-23 10:55:16 EXEC SPC_003_PI_EXCEL_INQ1 'RT-131219002','','003_pi-excel','';
2018-01-23 10:55:40 EXEC SPC_001_PI_DETAIL_ACT4 'RT-131219002','','','001_pi-detail','';
2018-01-23 10:55:42 EXEC SPC_001_PI_DETAIL_INQ1 'RT-131219002';
2018-01-23 10:55:42 EXEC SPC_COM_GET_COMBOBOX 'sales_detail_div';
2018-01-23 10:55:42 EXEC SPC_COM_GET_COMBOBOX 'unit_m_div';
2018-01-23 10:55:43 EXEC SPC_COM_GET_COMBOBOX 'unit_q_div';
2018-01-23 10:55:43 EXEC SPC_COM_GET_COMBOBOX 'unit_w_div';
2018-01-23 10:55:43 EXEC SPC_GET_TAX_RATE '2013/12/19';
2018-01-23 10:56:03 EXEC SPC_001_PI_DETAIL_ACT1 'A','RT-131219002','10','2013/12/19','F0226','SysteMedic','Hanasi 17 St', P.O.Box. 5058 Hadera-38100,','','','059','IL','972-4-6222488','972-4-6222484','','SysteMedic','Hanasi 17 St', P.O.Box. 5058 Hadera-38100,','','','059','IL','972-4-6222488','972-4-6222484','SYSTEMEDIC','SYSTEMEDIC 2','SYSTEMEDIC 3','SYSTEMEDIC 4','Standard Export Carton','03','USD','060','01','03','059','IL','01','Advance payment','[{"pi_detail_no":"1","sales_detail_div":"0","product_cd":"6256","description":"Capillary holder for BR-501 Capillary holder for BR-501 Capillary holder for BR-501 Capillary holder for BR-501","qty":"1","unit_of_m_div":"001","unit_price":"67","amount":"67","detail_tax":"3.35","unit_measure_qty":"0","unit_measure_price":"001","outside_remarks":"","unit_net_weight":"0","unit_net_weight_div":"001","net_weight":"0","unit_gross_weight":"0","gross_weight":"0","measure":"0"},{"pi_detail_no":"2","sales_detail_div":"0","product_cd":"6258","description":"Lamp housing with spring for BR-501 Lamp housing with spring for BR-501 Lamp housing with spring for BR-501 Lamp housing","qty":"5","unit_of_m_div":"001","unit_price":"14","amount":"70","detail_tax":"3.5","unit_measure_qty":"0","unit_measure_price":"001","outside_remarks":"","unit_net_weight":"0","unit_net_weight_div":"001","net_weight":"0","unit_gross_weight":"0","gross_weight":"0","measure":"0"},{"pi_detail_no":"3","sales_detail_div":"0","product_cd":"6257","description":"Lamp for BR-501 Lamp for BR-501 Lamp for BR-501 Lamp for BR-501 Lamp for BR-501","qty":"150","unit_of_m_div":"001","unit_price":"13","amount":"1950","detail_tax":"97.5","unit_measure_qty":"0","unit_measure_price":"001","outside_remarks":"","unit_net_weight":"0","unit_net_weight_div":"001","net_weight":"0","unit_gross_weight":"0","gross_weight":"0","measure":"0"}]','156','001','0','001','0','001','0','001','2087','0','0','0','2237','Around 3 weeks after receipt of payment','','Japan','APEL CO.,LTD.','This Proforma invoice is valid for 2 weeks from the date of  issue.','- If a consulate visa is required, the related fees should be paid by the buyer.','- In case of transport by air and/or container, FOB, C&F and CIF in this proforma invoice','shall be respectively equivalent to FCA, CPT and CIP stipulated in Incoterms 2000.','- In the even that the dollar (euro)falls against the Japanese yen by more than 5% from','the rate of proforma invoice date, the prices will not be effective.','','*** Warranty period after shipment***','3 years: PD-303, BR-501','1 year: AP-120, AP-1000M, PD-303S, PD-3000UV, BR-5200, BR-5200P, HC-702','','002','','','001_pi-detail','';
2018-01-23 10:56:05 EXEC SPC_001_PI_DETAIL_INQ1 'RT-131219002';
2018-01-23 10:56:06 EXEC SPC_GET_TAX_RATE '2013/12/19';
il_div';
2018-01-23 10:56:06 EXEC SPC_COM_GET_COMBOBOX 'unit_m_div';
2018-01-23 10:56:06 EXEC SPC_COM_GET_COMBOBOX 'unit_w_div';
2018-01-23 10:56:06 EXEC SPC_COM_GET_COMBOBOX 'unit_q_div';
2018-01-23 10:56:09 EXEC SPC_001_PI_DETAIL_ACT3 'RT-131219002','','','001_pi-detail','';
2018-01-23 10:56:10 EXEC SPC_001_PI_DETAIL_INQ1 'RT-131219002';
2018-01-23 10:56:10 EXEC SPC_COM_GET_COMBOBOX 'unit_w_div';
2018-01-23 10:56:10 EXEC SPC_COM_GET_COMBOBOX 'unit_q_div';
2018-01-23 10:56:10 EXEC SPC_COM_GET_COMBOBOX 'sales_detail_div';
2018-01-23 10:56:10 EXEC SPC_COM_GET_COMBOBOX 'unit_m_div';
2018-01-23 10:56:10 EXEC SPC_GET_TAX_RATE '2013/12/19';
2018-01-23 10:56:12 EXEC SPC_GET_CONSTANT '';
2018-01-23 10:56:12 EXEC SPC_003_PI_EXCEL_INQ1 'RT-131219002','','003_pi-excel','';
2018-01-23 11:02:07 EXEC SPC_GET_CONSTANT '';
2018-01-23 11:02:07 EXEC SPC_003_PI_EXCEL_INQ1 'RT-131219002','','003_pi-excel','';
2018-01-23 11:15:52 EXEC SPC_COM_GET_COMBOBOX 'pi_status_div';
2018-01-23 11:15:56 EXEC SPC_002_PI_SEARCH_FND1 '','','','','','','','10','1','10';
2018-01-23 11:15:59 EXEC SPC_COM_GET_COMBOBOX 'port_country_div';
2018-01-23 11:16:00 EXEC SPC_COM_GET_COMBOBOX 'unit_q_div';
2018-01-23 11:16:00 EXEC SPC_COM_GET_COMBOBOX 'currency_div';
2018-01-23 11:16:00 EXEC SPC_COM_GET_COMBOBOX 'trade_terms_div';
2018-01-23 11:16:00 EXEC SPC_COM_GET_COMBOBOX 'shipment_div';
2018-01-23 11:16:00 EXEC SPC_COM_GET_COMBOBOX 'unit_w_div';
2018-01-23 11:16:00 EXEC SPC_COM_GET_COMBOBOX 'port_city_div';
2018-01-23 11:16:00 EXEC SPC_COM_GET_COMBOBOX 'payment_conditions_div';
2018-01-23 11:16:00 EXEC SPC_COM_GET_COMBOBOX 'unit_m_div';
2018-01-23 11:16:00 EXEC SPC_COM_GET_COMBOBOX 'sales_detail_div';
2018-01-23 11:16:00 EXEC SPC_GET_TAX_RATE '2018/01/23';
2018-01-23 11:16:01 EXEC SPC_COM_GET_COMBOBOX 'bank_div';
2018-01-23 11:16:01 EXEC SPC_001_PI_DETAIL_INQ1 'RT-131001001';
2018-01-23 11:16:01 EXEC SPC_COM_GET_COMBOBOX 'unit_w_div';
2018-01-23 11:16:01 EXEC SPC_COM_GET_COMBOBOX 'unit_q_div';
iv';
2018-01-23 11:16:01 EXEC SPC_COM_GET_COMBOBOX 'unit_m_div';
2018-01-23 11:16:01 EXEC SPC_GET_TAX_RATE '2013/10/01';
2018-01-23 11:16:07 EXEC SPC_GET_LIB_CITY_COUNTRY '';
2018-01-23 11:16:16 EXEC SPC_GET_LIB_CITY_COUNTRY '';
2018-01-23 11:17:09 EXEC SPC_COM_GET_COMBOBOX 'payment_conditions_div';
2018-01-23 11:17:09 EXEC SPC_COM_GET_COMBOBOX 'trade_terms_div';
2018-01-23 11:17:09 EXEC SPC_COM_GET_COMBOBOX 'port_city_div';
2018-01-23 11:17:09 EXEC SPC_COM_GET_COMBOBOX 'port_country_div';
2018-01-23 11:17:09 EXEC SPC_COM_GET_COMBOBOX 'bank_div';
2018-01-23 11:17:09 EXEC SPC_COM_GET_COMBOBOX 'unit_m_div';
2018-01-23 11:17:09 EXEC SPC_COM_GET_COMBOBOX 'unit_w_div';
2018-01-23 11:17:09 EXEC SPC_COM_GET_COMBOBOX 'sales_detail_div';
2018-01-23 11:17:09 EXEC SPC_COM_GET_COMBOBOX 'unit_q_div';
2018-01-23 11:17:09 EXEC SPC_GET_TAX_RATE '2018/01/23';
2018-01-23 11:17:10 EXEC SPC_001_PI_DETAIL_INQ1 'RT-131001001';
2018-01-23 11:17:10 EXEC SPC_GET_TAX_RATE '2013/10/01';
2018-01-23 11:17:10 EXEC SPC_COM_GET_COMBOBOX 'unit_w_div';
2018-01-23 11:17:10 EXEC SPC_COM_GET_COMBOBOX 'unit_q_div';
2018-01-23 11:17:11 EXEC SPC_COM_GET_COMBOBOX 'unit_m_div';
2018-01-23 11:17:11 EXEC SPC_COM_GET_COMBOBOX 'sales_detail_div';
2018-01-23 11:17:14 EXEC SPC_GET_LIB_CITY_COUNTRY '';
2018-01-23 11:17:32 EXEC SPC_COM_GET_COMBOBOX 'currency_div';
2018-01-23 11:17:32 EXEC SPC_COM_GET_COMBOBOX 'port_country_div';
2018-01-23 11:17:32 EXEC SPC_COM_GET_COMBOBOX 'payment_conditions_div';
2018-01-23 11:17:32 EXEC SPC_COM_GET_COMBOBOX 'shipment_div';
2018-01-23 11:17:32 EXEC SPC_COM_GET_COMBOBOX 'trade_terms_div';
2018-01-23 11:17:32 EXEC SPC_COM_GET_COMBOBOX 'port_city_div';
2018-01-23 11:17:33 EXEC SPC_COM_GET_COMBOBOX 'unit_w_div';
2018-01-23 11:17:33 EXEC SPC_COM_GET_COMBOBOX 'unit_q_div';
2018-01-23 11:17:33 EXEC SPC_COM_GET_COMBOBOX 'unit_m_div';
2018-01-23 11:17:33 EXEC SPC_GET_TAX_RATE '2018/01/23';
2018-01-23 11:17:33 EXEC SPC_COM_GET_COMBOBOX 'sales_detail_div';
2018-01-23 11:17:33 EXEC SPC_COM_GET_COMBOBOX 'bank_div';
2018-01-23 11:17:33 EXEC SPC_001_PI_DETAIL_INQ1 'RT-131001001';
2018-01-23 11:17:34 EXEC SPC_GET_TAX_RATE '2013/10/01';
2018-01-23 11:17:34 EXEC SPC_COM_GET_COMBOBOX 'sales_detail_div';
2018-01-23 11:17:34 EXEC SPC_COM_GET_COMBOBOX 'unit_w_div';
2018-01-23 11:17:34 EXEC SPC_COM_GET_COMBOBOX 'unit_q_div';
2018-01-23 11:17:34 EXEC SPC_COM_GET_COMBOBOX 'unit_m_div';
2018-01-23 11:17:41 EXEC SPC_GET_LIB_CITY_COUNTRY '';
2018-01-23 11:20:29 EXEC SPC_COM_GET_COMBOBOX 'payment_conditions_div';
2018-01-23 11:20:29 EXEC SPC_COM_GET_COMBOBOX 'port_country_div';
2018-01-23 11:20:29 EXEC SPC_COM_GET_COMBOBOX 'port_city_div';
2018-01-23 11:20:29 EXEC SPC_COM_GET_COMBOBOX 'trade_terms_div';
2018-01-23 11:20:29 EXEC SPC_COM_GET_COMBOBOX 'currency_div';
2018-01-23 11:20:29 EXEC SPC_COM_GET_COMBOBOX 'shipment_div';
2018-01-23 11:20:29 EXEC SPC_COM_GET_COMBOBOX 'unit_q_div';
2018-01-23 11:20:30 EXEC SPC_COM_GET_COMBOBOX 'sales_detail_div';
2018-01-23 11:20:30 EXEC SPC_COM_GET_COMBOBOX 'unit_w_div';
2018-01-23 11:20:30 EXEC SPC_COM_GET_COMBOBOX 'unit_m_div';
2018-01-23 11:20:30 EXEC SPC_GET_TAX_RATE '2018/01/23';
2018-01-23 11:20:30 EXEC SPC_COM_GET_COMBOBOX 'bank_div';
2018-01-23 11:20:30 EXEC SPC_001_PI_DETAIL_INQ1 'RT-131001001';
2018-01-23 11:20:31 EXEC SPC_COM_GET_COMBOBOX 'sales_detail_div';
2018-01-23 11:20:31 EXEC SPC_COM_GET_COMBOBOX 'unit_q_div';
2018-01-23 11:20:31 EXEC SPC_GET_TAX_RATE '2013/10/01';
2018-01-23 11:20:31 EXEC SPC_COM_GET_COMBOBOX 'unit_m_div';
2018-01-23 11:20:31 EXEC SPC_COM_GET_COMBOBOX 'unit_w_div';
2018-01-23 11:20:34 EXEC SPC_GET_LIB_CITY_COUNTRY '';
2018-01-23 11:24:22 EXEC SPC_COM_GET_COMBOBOX 'port_city_div';
2018-01-23 11:24:22 EXEC SPC_COM_GET_COMBOBOX 'shipment_div';
2018-01-23 11:24:22 EXEC SPC_COM_GET_COMBOBOX 'trade_terms_div';

2018-01-23 11:24:22 EXEC SPC_COM_GET_COMBOBOX 'currency_div';
2018-01-23 11:24:23 EXEC SPC_COM_GET_COMBOBOX 'payment_conditions_div';
2018-01-23 11:24:23 EXEC SPC_COM_GET_COMBOBOX 'unit_q_div';
2018-01-23 11:24:23 EXEC SPC_COM_GET_COMBOBOX 'sales_detail_div';
2018-01-23 11:24:23 EXEC SPC_COM_GET_COMBOBOX 'unit_m_div';
2018-01-23 11:24:23 EXEC SPC_COM_GET_COMBOBOX 'unit_w_div';
2018-01-23 11:24:23 EXEC SPC_COM_GET_COMBOBOX 'bank_div';
2018-01-23 11:24:23 EXEC SPC_GET_TAX_RATE '2018/01/23';
2018-01-23 11:24:23 EXEC SPC_001_PI_DETAIL_INQ1 'RT-131001001';
2018-01-23 11:24:24 EXEC SPC_COM_GET_COMBOBOX 'sales_detail_div';
2018-01-23 11:24:24 EXEC SPC_GET_TAX_RATE '2013/10/01';
2018-01-23 11:24:24 EXEC SPC_COM_GET_COMBOBOX 'unit_q_div';
2018-01-23 11:24:24 EXEC SPC_COM_GET_COMBOBOX 'unit_m_div';
2018-01-23 11:24:24 EXEC SPC_COM_GET_COMBOBOX 'unit_w_div';
2018-01-23 11:24:27 EXEC SPC_GET_LIB_CITY_COUNTRY '';
2018-01-23 11:29:10 EXEC SPC_COM_GET_COMBOBOX 'port_country_div';
2018-01-23 11:29:10 EXEC SPC_COM_GET_COMBOBOX 'currency_div';
2018-01-23 11:29:10 EXEC SPC_COM_GET_COMBOBOX 'payment_conditions_div';
2018-01-23 11:29:10 EXEC SPC_COM_GET_COMBOBOX 'trade_terms_div';
2018-01-23 11:29:10 EXEC SPC_COM_GET_COMBOBOX 'shipment_div';
2018-01-23 11:29:10 EXEC SPC_COM_GET_COMBOBOX 'port_city_div';
2018-01-23 11:29:10 EXEC SPC_COM_GET_COMBOBOX 'unit_q_div';
2018-01-23 11:29:10 EXEC SPC_GET_TAX_RATE '2018/01/23';
2018-01-23 11:29:10 EXEC SPC_COM_GET_COMBOBOX 'unit_w_div';
2018-01-23 11:29:10 EXEC SPC_COM_GET_COMBOBOX 'sales_detail_div';
2018-01-23 11:29:10 EXEC SPC_COM_GET_COMBOBOX 'unit_m_div';
2018-01-23 11:29:10 EXEC SPC_COM_GET_COMBOBOX 'bank_div';
2018-01-23 11:29:14 EXEC SPC_COM_GET_COMBOBOX 'shipment_div';
2018-01-23 11:29:14 EXEC SPC_COM_GET_COMBOBOX 'currency_div';
2018-01-23 11:29:14 EXEC SPC_COM_GET_COMBOBOX 'trade_terms_div';
2018-01-23 11:29:14 EXEC SPC_COM_GET_COMBOBOX 'payment_conditions_div';
2018-01-23 11:29:14 EXEC SPC_COM_GET_COMBOBOX 'port_city_div';
2018-01-23 11:29:15 EXEC SPC_COM_GET_COMBOBOX 'port_country_div';
2018-01-23 11:29:15 EXEC SPC_COM_GET_COMBOBOX 'sales_detail_div';
2018-01-23 11:29:15 EXEC SPC_COM_GET_COMBOBOX 'bank_div';
2018-01-23 11:29:15 EXEC SPC_COM_GET_COMBOBOX 'unit_m_div';
2018-01-23 11:29:15 EXEC SPC_COM_GET_COMBOBOX 'unit_q_div';
2018-01-23 11:29:15 EXEC SPC_COM_GET_COMBOBOX 'unit_w_div';
2018-01-23 11:29:15 EXEC SPC_GET_TAX_RATE '2018/01/23';
2018-01-23 11:43:50 EXEC SPC_COM_GET_COMBOBOX 'pi_status_div';
2018-01-23 11:43:52 EXEC SPC_002_PI_SEARCH_FND1 '','','','','','','','10','1','10';
2018-01-23 11:43:55 EXEC SPC_COM_GET_COMBOBOX 'port_country_div';
2018-01-23 11:43:56 EXEC SPC_COM_GET_COMBOBOX 'unit_q_div';
2018-01-23 11:43:56 EXEC SPC_COM_GET_COMBOBOX 'port_city_div';
2018-01-23 11:43:56 EXEC SPC_COM_GET_COMBOBOX 'trade_terms_div';
2018-01-23 11:43:56 EXEC SPC_COM_GET_COMBOBOX 'payment_conditions_div';
2018-01-23 11:43:56 EXEC SPC_COM_GET_COMBOBOX 'currency_div';
2018-01-23 11:43:56 EXEC SPC_COM_GET_COMBOBOX 'shipment_div';
2018-01-23 11:43:56 EXEC SPC_COM_GET_COMBOBOX 'unit_w_div';
2018-01-23 11:43:57 EXEC SPC_GET_TAX_RATE '2018/01/23';
2018-01-23 11:43:57 EXEC SPC_001_PI_DETAIL_INQ1 'RT-131001001';
2018-01-23 11:43:57 EXEC SPC_COM_GET_COMBOBOX 'bank_div';
2018-01-23 11:43:57 EXEC SPC_COM_GET_COMBOBOX 'sales_detail_div';
2018-01-23 11:43:57 EXEC SPC_COM_GET_COMBOBOX 'unit_m_div';
2018-01-23 11:43:57 EXEC SPC_COM_GET_COMBOBOX 'unit_q_div';
2018-01-23 11:43:57 EXEC SPC_COM_GET_COMBOBOX 'unit_m_div';
2018-01-23 11:43:57 EXEC SPC_GET_TAX_RATE '2013/10/01';
2018-01-23 11:43:57 EXEC SPC_COM_GET_COMBOBOX 'sales_detail_div';
2018-01-23 11:44:00 EXEC SPC_GET_LIB_CITY_COUNTRY '';
2018-01-23 11:44:30 EXEC SPC_GET_LIB_CITY_COUNTRY '';
2018-01-23 11:44:41 EXEC SPC_GET_LIB_CITY_COUNTRY '063';
2018-01-23 11:44:46 EXEC SPC_CITY_SEARCH '','','1','10';
2018-01-23 11:44:48 EXEC SPC_GET_LIB_CITY_COUNTRY '001';
2018-01-23 11:47:43 EXEC SPC_COM_GET_COMBOBOX 'port_country_div';
2018-01-23 11:47:43 EXEC SPC_COM_GET_COMBOBOX 'trade_terms_div';
2018-01-23 11:47:43 EXEC SPC_COM_GET_COMBOBOX 'payment_conditions_div';
2018-01-23 11:47:43 EXEC SPC_COM_GET_COMBOBOX 'shipment_div';
2018-01-23 11:47:43 EXEC SPC_COM_GET_COMBOBOX 'port_city_div';
2018-01-23 11:47:43 EXEC SPC_COM_GET_COMBOBOX 'currency_div';
2018-01-23 11:47:44 EXEC SPC_COM_GET_COMBOBOX 'unit_w_div';
2018-01-23 11:47:44 EXEC SPC_COM_GET_COMBOBOX 'unit_m_div';
2018-01-23 11:47:44 EXEC SPC_COM_GET_COMBOBOX 'unit_q_div';
2018-01-23 11:47:44 EXEC SPC_COM_GET_COMBOBOX 'bank_div';
2018-01-23 11:47:44 EXEC SPC_COM_GET_COMBOBOX 'sales_detail_div';
2018-01-23 11:47:44 EXEC SPC_GET_TAX_RATE '2018/01/23';
2018-01-23 11:47:44 EXEC SPC_001_PI_DETAIL_INQ1 'RT-131001001';
2018-01-23 11:47:45 EXEC SPC_COM_GET_COMBOBOX 'unit_m_div';
2018-01-23 11:47:45 EXEC SPC_COM_GET_COMBOBOX 'sales_detail_div';
2018-01-23 11:47:45 EXEC SPC_COM_GET_COMBOBOX 'unit_q_div';
2018-01-23 11:47:45 EXEC SPC_GET_TAX_RATE '2013/10/01';
2018-01-23 11:47:45 EXEC SPC_COM_GET_COMBOBOX 'unit_w_div';
2018-01-23 11:47:48 EXEC SPC_GET_LIB_CITY_COUNTRY '';
2018-01-23 11:48:00 EXEC SPC_COM_GET_COMBOBOX 'shipment_div';
2018-01-23 11:48:00 EXEC SPC_COM_GET_COMBOBOX 'port_country_div';
2018-01-23 11:48:00 EXEC SPC_COM_GET_COMBOBOX 'payment_conditions_div';
2018-01-23 11:48:00 EXEC SPC_COM_GET_COMBOBOX 'port_city_div';
2018-01-23 11:48:00 EXEC SPC_COM_GET_COMBOBOX 'trade_terms_div';
2018-01-23 11:48:00 EXEC SPC_COM_GET_COMBOBOX 'currency_div';
2018-01-23 11:48:01 EXEC SPC_COM_GET_COMBOBOX 'unit_q_div';
2018-01-23 11:48:01 EXEC SPC_COM_GET_COMBOBOX 'unit_w_div';
2018-01-23 11:48:01 EXEC SPC_COM_GET_COMBOBOX 'unit_m_div';
2018-01-23 11:48:01 EXEC SPC_COM_GET_COMBOBOX 'sales_detail_div';
2018-01-23 11:48:01 EXEC SPC_COM_GET_COMBOBOX 'bank_div';
2018-01-23 11:48:01 EXEC SPC_GET_TAX_RATE '2018/01/23';
2018-01-23 11:48:01 EXEC SPC_001_PI_DETAIL_INQ1 'RT-131001001';
2018-01-23 11:48:02 EXEC SPC_COM_GET_COMBOBOX 'unit_w_div';
2018-01-23 11:48:02 EXEC SPC_COM_GET_COMBOBOX 'unit_m_div';
2018-01-23 11:48:02 EXEC SPC_COM_GET_COMBOBOX 'sales_detail_div';
2018-01-23 11:48:02 EXEC SPC_GET_TAX_RATE '2013/10/01';
2018-01-23 11:48:02 EXEC SPC_COM_GET_COMBOBOX 'unit_q_div';
2018-01-23 11:48:46 EXEC SPC_COM_GET_COMBOBOX 'trade_terms_div';
2018-01-23 11:48:46 EXEC SPC_COM_GET_COMBOBOX 'shipment_div';
2018-01-23 11:48:46 EXEC SPC_COM_GET_COMBOBOX 'payment_conditions_div';
2018-01-23 11:48:46 EXEC SPC_COM_GET_COMBOBOX 'port_city_div';
2018-01-23 11:48:46 EXEC SPC_COM_GET_COMBOBOX 'port_country_div';
2018-01-23 11:48:46 EXEC SPC_COM_GET_COMBOBOX 'currency_div';
2018-01-23 11:48:46 EXEC SPC_COM_GET_COMBOBOX 'unit_q_div';
2018-01-23 11:48:46 EXEC SPC_COM_GET_COMBOBOX 'unit_w_div';
2018-01-23 11:48:46 EXEC SPC_COM_GET_COMBOBOX 'bank_div';
2018-01-23 11:48:46 EXEC SPC_COM_GET_COMBOBOX 'sales_detail_div';
2018-01-23 11:48:46 EXEC SPC_COM_GET_COMBOBOX 'unit_m_div';
2018-01-23 11:48:46 EXEC SPC_GET_TAX_RATE '2018/01/23';
2018-01-23 11:48:47 EXEC SPC_001_PI_DETAIL_INQ1 'RT-131001001';
2018-01-23 11:48:47 EXEC SPC_COM_GET_COMBOBOX 'unit_m_div';
2018-01-23 11:48:47 EXEC SPC_COM_GET_COMBOBOX 'unit_q_div';
2018-01-23 11:48:47 EXEC SPC_COM_GET_COMBOBOX 'sales_detail_div';
2018-01-23 11:48:47 EXEC SPC_COM_GET_COMBOBOX 'unit_w_div';
2018-01-23 11:48:47 EXEC SPC_GET_TAX_RATE '2013/10/01';
2018-01-23 11:48:51 EXEC SPC_GET_LIB_CITY_COUNTRY '';
2018-01-23 11:49:36 EXEC SPC_COM_GET_COMBOBOX 'currency_div';
2018-01-23 11:49:36 EXEC SPC_COM_GET_COMBOBOX 'trade_terms_div';
2018-01-23 11:49:36 EXEC SPC_COM_GET_COMBOBOX 'port_country_div';
2018-01-23 11:49:36 EXEC SPC_COM_GET_COMBOBOX 'port_city_div';
2018-01-23 11:49:37 EXEC SPC_COM_GET_COMBOBOX 'shipment_div';
2018-01-23 11:49:37 EXEC SPC_COM_GET_COMBOBOX 'payment_conditions_div';
2018-01-23 11:49:37 EXEC SPC_COM_GET_COMBOBOX 'bank_div';
2018-01-23 11:49:37 EXEC SPC_COM_GET_COMBOBOX 'unit_q_div';
2018-01-23 11:49:37 EXEC SPC_GET_TAX_RATE '2018/01/23';
2018-01-23 11:49:37 EXEC SPC_COM_GET_COMBOBOX 'unit_m_div';
2018-01-23 11:49:37 EXEC SPC_COM_GET_COMBOBOX 'sales_detail_div';
2018-01-23 11:49:37 EXEC SPC_COM_GET_COMBOBOX 'unit_w_div';
2018-01-23 11:49:38 EXEC SPC_001_PI_DETAIL_INQ1 'RT-131001001';
2018-01-23 11:49:38 EXEC SPC_COM_GET_COMBOBOX 'unit_m_div';
2018-01-23 11:49:38 EXEC SPC_GET_TAX_RATE '2013/10/01';
2018-01-23 11:49:38 EXEC SPC_COM_GET_COMBOBOX 'unit_w_div';
2018-01-23 11:49:38 EXEC SPC_COM_GET_COMBOBOX 'sales_detail_div';
2018-01-23 11:49:38 EXEC SPC_COM_GET_COMBOBOX 'unit_q_div';
2018-01-23 11:49:44 EXEC SPC_GET_LIB_CITY_COUNTRY '';
2018-01-23 11:49:46 EXEC SPC_GET_LIB_CITY_COUNTRY '031';
2018-01-23 11:49:48 EXEC SPC_GET_LIB_CITY_COUNTRY '';
2018-01-23 11:50:35 EXEC SPC_COM_GET_COMBOBOX 'port_country_div';
2018-01-23 11:50:35 EXEC SPC_COM_GET_COMBOBOX 'port_city_div';
2018-01-23 11:50:35 EXEC SPC_COM_GET_COMBOBOX 'shipment_div';
2018-01-23 11:50:35 EXEC SPC_COM_GET_COMBOBOX 'currency_div';
2018-01-23 11:50:35 EXEC SPC_COM_GET_COMBOBOX 'payment_conditions_div';
2018-01-23 11:50:35 EXEC SPC_COM_GET_COMBOBOX 'trade_terms_div';
2018-01-23 11:50:35 EXEC SPC_COM_GET_COMBOBOX 'unit_q_div';
2018-01-23 11:50:35 EXEC SPC_COM_GET_COMBOBOX 'unit_m_div';
2018-01-23 11:50:35 EXEC SPC_COM_GET_COMBOBOX 'sales_detail_div';
2018-01-23 11:50:35 EXEC SPC_COM_GET_COMBOBOX 'unit_w_div';
2018-01-23 11:50:35 EXEC SPC_COM_GET_COMBOBOX 'bank_div';
2018-01-23 11:50:35 EXEC SPC_GET_TAX_RATE '2018/01/23';
2018-01-23 11:50:36 EXEC SPC_001_PI_DETAIL_INQ1 'RT-131001001';
2018-01-23 11:50:37 EXEC SPC_GET_TAX_RATE '2013/10/01';
2018-01-23 11:50:37 EXEC SPC_COM_GET_COMBOBOX 'sales_detail_div';
2018-01-23 11:50:37 EXEC SPC_COM_GET_COMBOBOX 'unit_q_div';
2018-01-23 11:50:37 EXEC SPC_COM_GET_COMBOBOX 'unit_w_div';
2018-01-23 11:50:37 EXEC SPC_COM_GET_COMBOBOX 'unit_m_div';
2018-01-23 11:51:09 EXEC SPC_COM_GET_COMBOBOX 'pi_status_div';
2018-01-23 11:51:19 EXEC SPC_002_PI_SEARCH_FND1 '','','','','','','','20','1','10';
2018-01-23 11:51:21 EXEC SPC_002_PI_SEARCH_FND1 '','','','','','','','20','2','10';
2018-01-23 11:51:22 EXEC SPC_002_PI_SEARCH_FND1 '','','','','','','','20','3','10';
2018-01-23 11:51:27 EXEC SPC_COM_GET_COMBOBOX 'currency_div';
2018-01-23 11:51:27 EXEC SPC_COM_GET_COMBOBOX 'trade_terms_div';
2018-01-23 11:51:27 EXEC SPC_COM_GET_COMBOBOX 'port_country_div';
2018-01-23 11:51:27 EXEC SPC_COM_GET_COMBOBOX 'shipment_div';
2018-01-23 11:51:28 EXEC SPC_COM_GET_COMBOBOX 'payment_conditions_div';
2018-01-23 11:51:28 EXEC SPC_COM_GET_COMBOBOX 'port_city_div';
2018-01-23 11:51:28 EXEC SPC_COM_GET_COMBOBOX 'unit_m_div';
2018-01-23 11:51:28 EXEC SPC_COM_GET_COMBOBOX 'unit_q_div';
2018-01-23 11:51:28 EXEC SPC_COM_GET_COMBOBOX 'sales_detail_div';
2018-01-23 11:51:28 EXEC SPC_COM_GET_COMBOBOX 'unit_w_div';
2018-01-23 11:51:28 EXEC SPC_COM_GET_COMBOBOX 'bank_div';
2018-01-23 11:51:28 EXEC SPC_GET_TAX_RATE '2018/01/23';
2018-01-23 11:51:28 EXEC SPC_001_PI_DETAIL_INQ1 'RT-131217001';
2018-01-23 11:51:29 EXEC SPC_COM_GET_COMBOBOX 'sales_detail_div';
2018-01-23 11:51:29 EXEC SPC_COM_GET_COMBOBOX 'unit_q_div';
2018-01-23 11:51:29 EXEC SPC_COM_GET_COMBOBOX 'unit_w_div';
2018-01-23 11:51:29 EXEC SPC_COM_GET_COMBOBOX 'unit_m_div';
2018-01-23 11:51:29 EXEC SPC_GET_TAX_RATE '2013/12/17';
2018-01-23 11:52:19 EXEC SPC_GET_CONSTANT '';
2018-01-23 11:52:19 EXEC SPC_003_PI_EXCEL_INQ1 'RT-131217001','','003_pi-excel','';
2018-01-23 11:52:47 EXEC SPC_GET_CONSTANT '';
2018-01-23 11:52:47 EXEC SPC_003_PI_EXCEL_INQ1 'RT-131217001','','003_pi-excel','';
2018-01-23 11:52:50 EXEC SPC_COM_GET_COMBOBOX 'port_country_div';
2018-01-23 11:52:50 EXEC SPC_COM_GET_COMBOBOX 'trade_terms_div';
2018-01-23 11:52:50 EXEC SPC_COM_GET_COMBOBOX 'shipment_div';
2018-01-23 11:52:50 EXEC SPC_COM_GET_COMBOBOX 'payment_conditions_div';
2018-01-23 11:52:50 EXEC SPC_COM_GET_COMBOBOX 'port_city_div';
2018-01-23 11:52:50 EXEC SPC_COM_GET_COMBOBOX 'currency_div';
2018-01-23 11:52:51 EXEC SPC_COM_GET_COMBOBOX 'bank_div';
2018-01-23 11:52:51 EXEC SPC_COM_GET_COMBOBOX 'unit_q_div';
2018-01-23 11:52:51 EXEC SPC_GET_TAX_RATE '2013/12/17';
2018-01-23 11:52:51 EXEC SPC_COM_GET_COMBOBOX 'unit_w_div';
2018-01-23 11:52:51 EXEC SPC_COM_GET_COMBOBOX 'unit_m_div';
2018-01-23 11:52:51 EXEC SPC_COM_GET_COMBOBOX 'sales_detail_div';
2018-01-23 11:53:04 EXEC SPC_001_PI_DETAIL_ACT4 'RT-131217001','','','001_pi-detail','';
2018-01-23 11:53:06 EXEC SPC_001_PI_DETAIL_INQ1 'RT-131217001';
2018-01-23 11:53:06 EXEC SPC_COM_GET_COMBOBOX 'unit_m_div';
2018-01-23 11:53:06 EXEC SPC_COM_GET_COMBOBOX 'unit_w_div';
2018-01-23 11:53:06 EXEC SPC_COM_GET_COMBOBOX 'sales_detail_div';
2018-01-23 11:53:07 EXEC SPC_COM_GET_COMBOBOX 'unit_q_div';
2018-01-23 11:53:07 EXEC SPC_GET_TAX_RATE '2013/12/17';
2018-01-23 11:53:11 EXEC SPC_001_PI_DETAIL_ACT1 'A','RT-131217001','10','2013/12/17','F0262','ALCAPORT TRADE','No. 9A Chopin Street, Ideal Subdivision','Commonwealth Avenue, Philippines 1118','1118','040','PH','632-585-6516','632-962-5436','','ALCAPORT TRADE ASIA','No. 9A Chopin Street, Ideal Subdivision','Commonwealth Avenue, Philippines 1118','1118','040','PH','632-585-6516','632-962-5436','VietNam','Manila','Singapo','MADE IN JAPAN','Standard Export Carton','02','USD','060','01','03','040','PH','01','Advance payment','[{"pi_detail_no":"1","sales_detail_div":"0","product_cd":"10003","description":"Digital Photoelectric Colorimeter Model AP-120 with standard accessories","qty":"10","unit_of_m_div":"001","unit_price":"500","amount":"5000","detail_tax":"250","unit_measure_qty":"10","unit_measure_price":"001","outside_remarks":"","unit_net_weight":"10","unit_net_weight_div":"001","net_weight":"100","unit_gross_weight":"10","gross_weight":"100","measure":"100"},{"pi_detail_no":"2","sales_detail_div":"0","product_cd":"10001","description":"Mobile Photoelectric colorimeter Model AP-1000M with standard accessories","qty":"10","unit_of_m_div":"001","unit_price":"750","amount":"7500","detail_tax":"375","unit_measure_qty":"10","unit_measure_price":"001","outside_remarks":"","unit_net_weight":"0.8","unit_net_weight_div":"001","net_weight":"8","unit_gross_weight":"1.7","gross_weight":"17","measure":"100"},{"pi_detail_no":"3","sales_detail_div":"0","product_cd":"000111","description":"Description Mobile Photoelectric colorimeter Model AP-1000M with standard accessories Mobile Photoelectric colorimeter M","qty":"10","unit_of_m_div":"003","unit_price":"10","amount":"100","detail_tax":"5","unit_measure_qty":"51","unit_measure_price":"001","outside_remarks":"","unit_net_weight":"15659","unit_net_weight_div":"001","net_weight":"156590","unit_gross_weight":"2194","gross_weight":"21940","measure":"510"}]','30','001','22057','001','156698','001','710','001','12600','0','0','0','12690','Around 3 weeks after receipt of payment','','Japan','APEL CO.,LTD.','This Proforma invoice is valid for 3 weeks from the date of  issue.','- If a consulate visa is required, the related fees should be paid by the buyer.','- In case of transport by air and/or container, FOB, C&F and CIF in this proforma invoice','shall be respectively equivalent to FCA, CPT and CIP stipulated in Incoterms 2000.','- In the even that the dollar (euro)falls against the Japanese yen by more than 5% from','the rate of proforma invoice date, the prices will not be effective.','','*** Warranty period after shipment***','3 years: PD-303, BR-501','1 year: AP-120, AP-1000M, PD-303S, PD-3000UV, BR-5200, BR-5200P, HC-702','','002','','','001_pi-detail','';
2018-01-23 11:53:13 EXEC SPC_001_PI_DETAIL_INQ1 'RT-131217001';
2018-01-23 11:53:14 EXEC SPC_COM_GET_COMBOBOX 'sales_detail_div';
2018-01-23 11:53:14 EXEC SPC_COM_GET_COMBOBOX 'unit_w_div';
2018-01-23 11:53:14 EXEC SPC_COM_GET_COMBOBOX 'unit_m_div';
2018-01-23 11:53:14 EXEC SPC_COM_GET_COMBOBOX 'unit_q_div';
2018-01-23 11:53:14 EXEC SPC_GET_TAX_RATE '2013/12/17';
2018-01-23 11:53:16 EXEC SPC_001_PI_DETAIL_ACT3 'RT-131217001','','','001_pi-detail','';
2018-01-23 11:53:17 EXEC SPC_001_PI_DETAIL_INQ1 'RT-131217001';
2018-01-23 11:53:18 EXEC SPC_COM_GET_COMBOBOX 'unit_q_div';
2018-01-23 11:53:18 EXEC SPC_COM_GET_COMBOBOX 'unit_m_div';
2018-01-23 11:53:18 EXEC SPC_COM_GET_COMBOBOX 'unit_w_div';
2018-01-23 11:53:18 EXEC SPC_GET_TAX_RATE '2013/12/17';
2018-01-23 11:53:18 EXEC SPC_COM_GET_COMBOBOX 'sales_detail_div';
2018-01-23 11:53:20 EXEC SPC_GET_CONSTANT '';
2018-01-23 11:53:20 EXEC SPC_003_PI_EXCEL_INQ1 'RT-131217001','','003_pi-excel','';
2018-01-23 11:53:30 EXEC SPC_GET_CONSTANT '';
2018-01-23 11:53:30 EXEC SPC_003_PI_EXCEL_INQ1 'RT-131217001','','003_pi-excel','';
2018-01-23 11:54:27 EXEC SPC_GET_TAX_RATE '2013/12/17';
2018-01-23 11:54:27 EXEC SPC_COM_GET_COMBOBOX 'unit_q_div';
2018-01-23 11:54:27 EXEC SPC_COM_GET_COMBOBOX 'unit_m_div';
2018-01-23 11:54:27 EXEC SPC_COM_GET_COMBOBOX 'unit_w_div';
2018-01-23 11:54:27 EXEC SPC_COM_GET_COMBOBOX 'sales_detail_div';
2018-01-23 12:01:27 EXEC SPC_GET_TAX_RATE '2013/12/17';
2018-01-23 12:01:27 EXEC SPC_COM_GET_COMBOBOX 'unit_w_div';
2018-01-23 12:01:27 EXEC SPC_COM_GET_COMBOBOX 'sales_detail_div';
2018-01-23 12:01:27 EXEC SPC_COM_GET_COMBOBOX 'unit_m_div';
2018-01-23 12:01:27 EXEC SPC_COM_GET_COMBOBOX 'unit_q_div';
2018-01-23 12:01:29 EXEC SPC_GET_CONSTANT '';
2018-01-23 12:01:29 EXEC SPC_003_PI_EXCEL_INQ1 'RT-131217001','','003_pi-excel','';
2018-01-23 12:01:50 EXEC SPC_COM_GET_COMBOBOX 'unit_q_div';
2018-01-23 12:01:50 EXEC SPC_COM_GET_COMBOBOX 'sales_detail_div';
2018-01-23 12:01:50 EXEC SPC_COM_GET_COMBOBOX 'unit_m_div';
2018-01-23 12:01:50 EXEC SPC_GET_TAX_RATE '2013/12/17';
2018-01-23 12:01:50 EXEC SPC_COM_GET_COMBOBOX 'unit_w_div';
2018-01-23 12:01:53 EXEC SPC_GET_CONSTANT '';
2018-01-23 12:01:53 EXEC SPC_003_PI_EXCEL_INQ1 'RT-131217001','','003_pi-excel','';
2018-01-23 12:03:03 EXEC SPC_COM_GET_COMBOBOX 'unit_q_div';
2018-01-23 12:03:03 EXEC SPC_COM_GET_COMBOBOX 'sales_detail_div';
2018-01-23 12:03:03 EXEC SPC_COM_GET_COMBOBOX 'unit_w_div';
2018-01-23 12:03:03 EXEC SPC_COM_GET_COMBOBOX 'unit_m_div';
2018-01-23 12:03:03 EXEC SPC_GET_TAX_RATE '2013/12/17';
2018-01-23 12:03:06 EXEC SPC_GET_CONSTANT '';
2018-01-23 12:03:06 EXEC SPC_003_PI_EXCEL_INQ1 'RT-131217001','','003_pi-excel','';
2018-01-23 12:03:52 EXEC SPC_GET_CONSTANT '';
2018-01-23 12:03:52 EXEC SPC_003_PI_EXCEL_INQ1 'RT-131217001','','003_pi-excel','';
2018-01-23 12:04:26 EXEC SPC_GET_CONSTANT '';
2018-01-23 12:04:26 EXEC SPC_003_PI_EXCEL_INQ1 'RT-131217001','','003_pi-excel','';
2018-01-23 12:05:55 EXEC SPC_GET_CONSTANT '';
2018-01-23 12:05:55 EXEC SPC_003_PI_EXCEL_INQ1 'RT-131217001','','003_pi-excel','';
2018-01-23 12:12:05 EXEC SPC_GET_CONSTANT '';
2018-01-23 12:12:05 EXEC SPC_003_PI_EXCEL_INQ1 'RT-131217001','','003_pi-excel','';
2018-01-23 12:12:25 EXEC SPC_GET_CONSTANT '';
2018-01-23 12:12:25 EXEC SPC_003_PI_EXCEL_INQ1 'RT-131217001','','003_pi-excel','';
2018-01-23 12:16:44 EXEC SPC_GET_CONSTANT '';
2018-01-23 12:16:44 EXEC SPC_003_PI_EXCEL_INQ1 'RT-131217001','','003_pi-excel','';
2018-01-23 12:17:53 EXEC SPC_GET_CONSTANT '';
2018-01-23 12:17:53 EXEC SPC_003_PI_EXCEL_INQ1 'RT-131217001','','003_pi-excel','';
2018-01-23 12:18:07 EXEC SPC_GET_CONSTANT '';
2018-01-23 12:18:07 EXEC SPC_003_PI_EXCEL_INQ1 'RT-131217001','','003_pi-excel','';
2018-01-23 12:19:47 EXEC SPC_GET_CONSTANT '';
2018-01-23 12:19:47 EXEC SPC_003_PI_EXCEL_INQ1 'RT-131217001','','003_pi-excel','';
2018-01-23 12:22:07 EXEC SPC_GET_CONSTANT '';
2018-01-23 12:22:07 EXEC SPC_003_PI_EXCEL_INQ1 'RT-131217001','','003_pi-excel','';
2018-01-23 12:23:08 EXEC SPC_GET_CONSTANT '';
2018-01-23 12:23:08 EXEC SPC_003_PI_EXCEL_INQ1 'RT-131217001','','003_pi-excel','';
2018-01-23 12:23:39 EXEC SPC_GET_CONSTANT '';
2018-01-23 12:23:39 EXEC SPC_003_PI_EXCEL_INQ1 'RT-131217001','','003_pi-excel','';
2018-01-23 12:23:58 EXEC SPC_GET_CONSTANT '';
2018-01-23 12:23:58 EXEC SPC_003_PI_EXCEL_INQ1 'RT-131217001','','003_pi-excel','';
2018-01-23 12:28:39 EXEC SPC_GET_CONSTANT '';
2018-01-23 12:28:39 EXEC SPC_003_PI_EXCEL_INQ1 'RT-131217001','','003_pi-excel','';
2018-01-23 12:31:17 EXEC SPC_001_PI_DETAIL_ACT4 'RT-131217001','','','001_pi-detail','';
2018-01-23 12:31:19 EXEC SPC_001_PI_DETAIL_INQ1 'RT-131217001';
2018-01-23 12:31:19 EXEC SPC_GET_TAX_RATE '2013/12/17';
2018-01-23 12:31:21 EXEC SPC_COM_GET_COMBOBOX 'unit_q_div';
2018-01-23 12:31:21 EXEC SPC_COM_GET_COMBOBOX 'unit_w_div';
2018-01-23 12:31:21 EXEC SPC_COM_GET_COMBOBOX 'sales_detail_div';
2018-01-23 12:31:21 EXEC SPC_COM_GET_COMBOBOX 'unit_m_div';
2018-01-23 12:35:09 EXEC SPC_001_PI_DETAIL_ACT3 'RT-131217001','','','001_pi-detail','';
2018-01-23 12:35:11 EXEC SPC_001_PI_DETAIL_INQ1 'RT-131217001';
2018-01-23 12:35:12 EXEC SPC_GET_TAX_RATE '2013/12/17';
2018-01-23 12:35:12 EXEC SPC_COM_GET_COMBOBOX 'unit_q_div';
2018-01-23 12:35:12 EXEC SPC_COM_GET_COMBOBOX 'unit_w_div';
2018-01-23 12:35:12 EXEC SPC_COM_GET_COMBOBOX 'sales_detail_div';
2018-01-23 12:35:13 EXEC SPC_COM_GET_COMBOBOX 'unit_m_div';
2018-01-23 12:39:26 EXEC SPC_GET_CONSTANT '';
2018-01-23 12:39:26 EXEC SPC_003_PI_EXCEL_INQ1 'RT-131217001','','003_pi-excel','';
2018-01-23 12:40:24 EXEC SPC_GET_CONSTANT '';
2018-01-23 12:40:24 EXEC SPC_003_PI_EXCEL_INQ1 'RT-131217001','','003_pi-excel','';
2018-01-23 12:40:56 EXEC SPC_GET_CONSTANT '';
2018-01-23 12:40:56 EXEC SPC_003_PI_EXCEL_INQ1 'RT-131217001','','003_pi-excel','';
2018-01-23 12:42:13 EXEC SPC_GET_CONSTANT '';
2018-01-23 12:42:13 EXEC SPC_003_PI_EXCEL_INQ1 'RT-131217001','','003_pi-excel','';
2018-01-23 14:49:21 EXEC SPC_GET_CONSTANT '';
2018-01-23 14:49:21 EXEC SPC_003_PI_EXCEL_INQ1 'RT-131217001','','003_pi-excel','';
2018-01-23 14:58:32 EXEC SPC_GET_CONSTANT '';
2018-01-23 14:58:32 EXEC SPC_003_PI_EXCEL_INQ1 'RT-131217001','','003_pi-excel','';
2018-01-23 15:02:25 EXEC SPC_GET_CONSTANT '';
2018-01-23 15:02:25 EXEC SPC_003_PI_EXCEL_INQ1 'RT-131217001','','003_pi-excel','';
2018-01-23 15:03:01 EXEC SPC_GET_CONSTANT '';
2018-01-23 15:03:01 EXEC SPC_003_PI_EXCEL_INQ1 'RT-131217001','','003_pi-excel','';
2018-01-23 15:03:16 EXEC SPC_GET_CONSTANT '';
2018-01-23 15:03:16 EXEC SPC_003_PI_EXCEL_INQ1 'RT-131217001','','003_pi-excel','';
2018-01-23 15:03:37 EXEC SPC_GET_CONSTANT '';
2018-01-23 15:03:37 EXEC SPC_003_PI_EXCEL_INQ1 'RT-131217001','','003_pi-excel','';
2018-01-23 15:07:13 EXEC SPC_GET_CONSTANT '';
2018-01-23 15:07:13 EXEC SPC_003_PI_EXCEL_INQ1 'RT-131217001','','003_pi-excel','';
2018-01-23 15:07:51 EXEC SPC_GET_CONSTANT '';
2018-01-23 15:07:51 EXEC SPC_003_PI_EXCEL_INQ1 'RT-131217001','','003_pi-excel','';
2018-01-23 15:14:18 EXEC SPC_GET_CONSTANT '';
2018-01-23 15:14:18 EXEC SPC_003_PI_EXCEL_INQ1 'RT-131217001','','003_pi-excel','';
2018-01-23 15:25:58 EXEC SPC_GET_CONSTANT '';
2018-01-23 15:25:58 EXEC SPC_003_PI_EXCEL_INQ1 'RT-131217001','','003_pi-excel','';
2018-01-23 15:26:17 EXEC SPC_GET_CONSTANT '';
2018-01-23 15:26:17 EXEC SPC_003_PI_EXCEL_INQ1 'RT-131217001','','003_pi-excel','';
2018-01-23 15:27:29 EXEC SPC_GET_CONSTANT '';
2018-01-23 15:27:29 EXEC SPC_003_PI_EXCEL_INQ1 'RT-131217001','','003_pi-excel','';
2018-01-23 15:27:57 EXEC SPC_GET_CONSTANT '';
2018-01-23 15:27:57 EXEC SPC_003_PI_EXCEL_INQ1 'RT-131217001','','003_pi-excel','';
2018-01-23 15:33:39 EXEC SPC_GET_CONSTANT '';
2018-01-23 15:33:39 EXEC SPC_003_PI_EXCEL_INQ1 'RT-131217001','','003_pi-excel','';
2018-01-23 15:36:47 EXEC SPC_GET_CONSTANT '';
2018-01-23 15:36:47 EXEC SPC_003_PI_EXCEL_INQ1 'RT-131217001','','003_pi-excel','';
2018-01-23 15:37:02 EXEC SPC_GET_CONSTANT '';
2018-01-23 15:37:02 EXEC SPC_003_PI_EXCEL_INQ1 'RT-131217001','','003_pi-excel','';
2018-01-23 15:37:55 EXEC SPC_GET_CONSTANT '';
2018-01-23 15:37:55 EXEC SPC_003_PI_EXCEL_INQ1 'RT-131217001','','003_pi-excel','';
2018-01-23 15:38:37 EXEC SPC_GET_CONSTANT '';
2018-01-23 15:38:37 EXEC SPC_003_PI_EXCEL_INQ1 'RT-131217001','','003_pi-excel','';
2018-01-23 15:39:14 EXEC SPC_GET_CONSTANT '';
2018-01-23 15:39:14 EXEC SPC_003_PI_EXCEL_INQ1 'RT-131217001','','003_pi-excel','';
2018-01-23 15:43:43 EXEC SPC_GET_CONSTANT '';
2018-01-23 15:43:43 EXEC SPC_003_PI_EXCEL_INQ1 'RT-131217001','','003_pi-excel','';
2018-01-23 15:44:16 EXEC SPC_GET_CONSTANT '';
2018-01-23 15:44:16 EXEC SPC_003_PI_EXCEL_INQ1 'RT-131217001','','003_pi-excel','';
2018-01-23 15:44:20 EXEC SPC_GET_TAX_RATE '2013/12/17';
2018-01-23 15:44:22 EXEC SPC_COM_GET_COMBOBOX 'unit_w_div';
2018-01-23 15:44:22 EXEC SPC_COM_GET_COMBOBOX 'sales_detail_div';
2018-01-23 15:44:22 EXEC SPC_COM_GET_COMBOBOX 'unit_m_div';
2018-01-23 15:44:22 EXEC SPC_COM_GET_COMBOBOX 'unit_q_div';
2018-01-23 15:44:33 EXEC SPC_GET_CONSTANT '';
2018-01-23 15:44:33 EXEC SPC_003_PI_EXCEL_INQ1 'RT-131217001','','003_pi-excel','';
2018-01-23 15:45:22 EXEC SPC_COM_GET_COMBOBOX 'sales_detail_div';
2018-01-23 15:45:22 EXEC SPC_COM_GET_COMBOBOX 'unit_q_div';
2018-01-23 15:45:22 EXEC SPC_GET_TAX_RATE '2013/12/17';
2018-01-23 15:45:22 EXEC SPC_COM_GET_COMBOBOX 'unit_m_div';
2018-01-23 15:45:23 EXEC SPC_COM_GET_COMBOBOX 'unit_w_div';
2018-01-23 15:45:26 EXEC SPC_GET_CONSTANT '';
2018-01-23 15:45:26 EXEC SPC_003_PI_EXCEL_INQ1 'RT-131217001','','003_pi-excel','';
2018-01-23 15:45:53 EXEC SPC_COM_GET_COMBOBOX 'unit_q_div';
2018-01-23 15:45:53 EXEC SPC_COM_GET_COMBOBOX 'unit_m_div';
2018-01-23 15:45:53 EXEC SPC_COM_GET_COMBOBOX 'sales_detail_div';
2018-01-23 15:45:53 EXEC SPC_COM_GET_COMBOBOX 'unit_w_div';
2018-01-23 15:45:53 EXEC SPC_GET_TAX_RATE '2013/12/17';
2018-01-23 15:45:55 EXEC SPC_GET_CONSTANT '';
2018-01-23 15:45:55 EXEC SPC_003_PI_EXCEL_INQ1 'RT-131217001','','003_pi-excel','';
2018-01-23 15:45:59 EXEC SPC_COM_GET_COMBOBOX 'unit_w_div';
2018-01-23 15:45:59 EXEC SPC_COM_GET_COMBOBOX 'unit_q_div';
2018-01-23 15:45:59 EXEC SPC_GET_TAX_RATE '2013/12/17';
2018-01-23 15:45:59 EXEC SPC_COM_GET_COMBOBOX 'unit_m_div';
2018-01-23 15:45:59 EXEC SPC_COM_GET_COMBOBOX 'sales_detail_div';
2018-01-23 15:46:02 EXEC SPC_GET_CONSTANT '';
2018-01-23 15:46:02 EXEC SPC_003_PI_EXCEL_INQ1 'RT-131217001','','003_pi-excel','';
2018-01-23 15:46:06 EXEC SPC_GET_TAX_RATE '2013/12/17';
2018-01-23 15:46:06 EXEC SPC_COM_GET_COMBOBOX 'unit_w_div';
2018-01-23 15:46:06 EXEC SPC_COM_GET_COMBOBOX 'unit_q_div';
2018-01-23 15:46:06 EXEC SPC_COM_GET_COMBOBOX 'unit_m_div';
2018-01-23 15:46:06 EXEC SPC_COM_GET_COMBOBOX 'sales_detail_div';
2018-01-23 15:46:10 EXEC SPC_GET_CONSTANT '';
2018-01-23 15:46:10 EXEC SPC_003_PI_EXCEL_INQ1 'RT-131217001','','003_pi-excel','';
2018-01-23 15:47:20 EXEC SPC_GET_CONSTANT '';
2018-01-23 15:47:20 EXEC SPC_003_PI_EXCEL_INQ1 'RT-131217001','','003_pi-excel','';
2018-01-23 15:48:47 EXEC SPC_COM_GET_COMBOBOX 'port_country_div';
2018-01-23 15:48:47 EXEC SPC_COM_GET_COMBOBOX 'shipment_div';
2018-01-23 15:48:47 EXEC SPC_COM_GET_COMBOBOX 'port_city_div';
2018-01-23 15:48:47 EXEC SPC_COM_GET_COMBOBOX 'trade_terms_div';
2018-01-23 15:48:47 EXEC SPC_COM_GET_COMBOBOX 'currency_div';
2018-01-23 15:48:47 EXEC SPC_COM_GET_COMBOBOX 'payment_conditions_div';
2018-01-23 15:48:48 EXEC SPC_COM_GET_COMBOBOX 'unit_m_div';
2018-01-23 15:48:48 EXEC SPC_COM_GET_COMBOBOX 'unit_q_div';
2018-01-23 15:48:48 EXEC SPC_COM_GET_COMBOBOX 'bank_div';
2018-01-23 15:48:48 EXEC SPC_COM_GET_COMBOBOX 'unit_w_div';
2018-01-23 15:48:48 EXEC SPC_GET_TAX_RATE '2018/01/23';
2018-01-23 15:48:48 EXEC SPC_COM_GET_COMBOBOX 'sales_detail_div';
2018-01-23 15:48:48 EXEC SPC_001_PI_DETAIL_INQ1 'RT-131217001';
2018-01-23 15:48:49 EXEC SPC_COM_GET_COMBOBOX 'sales_detail_div';
2018-01-23 15:48:49 EXEC SPC_COM_GET_COMBOBOX 'unit_w_div';
2018-01-23 15:48:49 EXEC SPC_COM_GET_COMBOBOX 'unit_m_div';
2018-01-23 15:48:49 EXEC SPC_GET_TAX_RATE '2013/12/17';
2018-01-23 15:48:49 EXEC SPC_COM_GET_COMBOBOX 'unit_q_div';
2018-01-23 15:48:52 EXEC SPC_GET_CONSTANT '';
2018-01-23 15:48:52 EXEC SPC_003_PI_EXCEL_INQ1 'RT-131217001','','003_pi-excel','';
2018-01-23 15:50:38 EXEC SPC_GET_CONSTANT '';
2018-01-23 15:50:38 EXEC SPC_003_PI_EXCEL_INQ1 'RT-131217001','','003_pi-excel','';
2018-01-23 15:53:42 EXEC SPC_GET_CONSTANT '';
2018-01-23 15:53:42 EXEC SPC_003_PI_EXCEL_INQ1 'RT-131217001','','003_pi-excel','';
2018-01-23 16:14:55 EXEC SPC_GET_CONSTANT '';
2018-01-23 16:14:55 EXEC SPC_003_PI_EXCEL_INQ1 'RT-131217001','','003_pi-excel','';
2018-01-23 16:27:25 EXEC SPC_GET_CONSTANT '';
2018-01-23 16:27:25 EXEC SPC_003_PI_EXCEL_INQ1 'RT-131217001','','003_pi-excel','';
2018-01-23 16:29:01 EXEC SPC_GET_CONSTANT '';
2018-01-23 16:29:01 EXEC SPC_003_PI_EXCEL_INQ1 'RT-131217001','','003_pi-excel','';
2018-01-23 16:31:25 EXEC SPC_GET_CONSTANT '';
2018-01-23 16:31:25 EXEC SPC_003_PI_EXCEL_INQ1 'RT-131217001','','003_pi-excel','';
2018-01-23 16:32:25 EXEC SPC_GET_CONSTANT '';
2018-01-23 16:32:25 EXEC SPC_003_PI_EXCEL_INQ1 'RT-131217001','','003_pi-excel','';
2018-01-23 16:32:44 EXEC SPC_GET_CONSTANT '';
2018-01-23 16:32:44 EXEC SPC_003_PI_EXCEL_INQ1 'RT-131217001','','003_pi-excel','';
2018-01-23 16:34:50 EXEC SPC_GET_CONSTANT '';
2018-01-23 16:34:50 EXEC SPC_003_PI_EXCEL_INQ1 'RT-131217001','','003_pi-excel','';
2018-01-23 16:36:05 EXEC SPC_GET_CONSTANT '';
2018-01-23 16:36:05 EXEC SPC_003_PI_EXCEL_INQ1 'RT-131217001','','003_pi-excel','';
2018-01-23 16:37:08 EXEC SPC_GET_CONSTANT '';
2018-01-23 16:37:08 EXEC SPC_003_PI_EXCEL_INQ1 'RT-131217001','','003_pi-excel','';
2018-01-23 16:38:15 EXEC SPC_GET_CONSTANT '';
2018-01-23 16:38:15 EXEC SPC_003_PI_EXCEL_INQ1 'RT-131217001','','003_pi-excel','';
2018-01-23 16:47:23 EXEC SPC_GET_CONSTANT '';
2018-01-23 16:47:23 EXEC SPC_003_PI_EXCEL_INQ1 'RT-131217001','','003_pi-excel','';
2018-01-23 16:48:00 EXEC SPC_GET_CONSTANT '';
2018-01-23 16:48:00 EXEC SPC_003_PI_EXCEL_INQ1 'RT-131217001','','003_pi-excel','';
2018-01-23 16:50:48 EXEC SPC_001_PI_DETAIL_ACT4 'RT-131217001','','','001_pi-detail','';
2018-01-23 16:50:49 EXEC SPC_001_PI_DETAIL_INQ1 'RT-131217001';
2018-01-23 16:50:50 EXEC SPC_COM_GET_COMBOBOX 'unit_q_div';
2018-01-23 16:50:52 EXEC SPC_COM_GET_COMBOBOX 'unit_m_div';
2018-01-23 16:50:52 EXEC SPC_GET_TAX_RATE '2013/12/17';
2018-01-23 16:50:52 EXEC SPC_COM_GET_COMBOBOX 'sales_detail_div';
2018-01-23 16:50:53 EXEC SPC_COM_GET_COMBOBOX 'unit_w_div';
2018-01-23 16:51:11 EXEC SPC_001_PI_DETAIL_ACT1 'A','RT-131217001','10','2013/12/17','F0262','ALCAPORT TRADE','No. 9A Chopin Street, Ideal Subdivision','Commonwealth Avenue, Philippines 1118','1118','040','PH','632-585-6516','632-962-5436','','ALCAPORT TRADE ASIA','No. 9A Chopin Street, Ideal Subdivision','Commonwealth Avenue, Philippines 1118','1118','040','PH','632-585-6516','632-962-5436','VietNam','Manila','Singapo','MADE IN JAPAN','Standard Export Carton','02','USD','060','01','04','040','PH','01','Advance payment','[{"pi_detail_no":"1","sales_detail_div":"0","product_cd":"10003","description":"Digital Photoelectric Colorimeter Model AP-120 with standard accessories","qty":"10","unit_of_m_div":"001","unit_price":"500","amount":"5000","detail_tax":"250","unit_measure_qty":"10","unit_measure_price":"001","outside_remarks":"","unit_net_weight":"10","unit_net_weight_div":"001","net_weight":"100","unit_gross_weight":"10","gross_weight":"100","measure":"100"},{"pi_detail_no":"2","sales_detail_div":"0","product_cd":"10001","description":"Mobile Photoelectric colorimeter Model AP-1000M with standard accessories","qty":"10","unit_of_m_div":"001","unit_price":"750","amount":"7500","detail_tax":"375","unit_measure_qty":"10","unit_measure_price":"001","outside_remarks":"","unit_net_weight":"0.8","unit_net_weight_div":"001","net_weight":"8","unit_gross_weight":"1.7","gross_weight":"17","measure":"100"},{"pi_detail_no":"3","sales_detail_div":"0","product_cd":"000111","description":"Description Mobile Photoelectric colorimeter Model AP-1000M with standard accessories Mobile Photoelectric colorimeter M","qty":"10","unit_of_m_div":"003","unit_price":"10","amount":"100","detail_tax":"5","unit_measure_qty":"51","unit_measure_price":"001","outside_remarks":"","unit_net_weight":"15659","unit_net_weight_div":"001","net_weight":"156590","unit_gross_weight":"2194","gross_weight":"21940","measure":"510"}]','30','001','22057','001','156698','001','710','001','12600','10','10','0','12620','Around 3 weeks after receipt of payment','','Japan','APEL CO.,LTD.','This Proforma invoice is valid for 3 weeks from the date of  issue.','- If a consulate visa is required, the related fees should be paid by the buyer.','- In case of transport by air and/or container, FOB, C&F and CIF in this proforma invoice','shall be respectively equivalent to FCA, CPT and CIP stipulated in Incoterms 2000.','- In the even that the dollar (euro)falls against the Japanese yen by more than 5% from','the rate of proforma invoice date, the prices will not be effective.','','*** Warranty period after shipment***','3 years: PD-303, BR-501','1 year: AP-120, AP-1000M, PD-303S, PD-3000UV, BR-5200, BR-5200P, HC-702','','002','','','001_pi-detail','';
2018-01-23 16:51:12 EXEC SPC_001_PI_DETAIL_INQ1 'RT-131217001';
2018-01-23 16:51:13 EXEC SPC_COM_GET_COMBOBOX 'sales_detail_div';
2018-01-23 16:51:13 EXEC SPC_COM_GET_COMBOBOX 'unit_w_div';
2018-01-23 16:51:13 EXEC SPC_COM_GET_COMBOBOX 'unit_m_div';
2018-01-23 16:51:13 EXEC SPC_GET_TAX_RATE '2013/12/17';
2018-01-23 16:51:14 EXEC SPC_COM_GET_COMBOBOX 'unit_q_div';
2018-01-23 16:51:16 EXEC SPC_001_PI_DETAIL_ACT3 'RT-131217001','','','001_pi-detail','';
2018-01-23 16:51:17 EXEC SPC_001_PI_DETAIL_INQ1 'RT-131217001';
2018-01-23 16:51:18 EXEC SPC_GET_TAX_RATE '2013/12/17';
2018-01-23 16:51:18 EXEC SPC_COM_GET_COMBOBOX 'unit_q_div';
2018-01-23 16:51:18 EXEC SPC_COM_GET_COMBOBOX 'unit_m_div';
2018-01-23 16:51:18 EXEC SPC_COM_GET_COMBOBOX 'unit_w_div';
2018-01-23 16:51:18 EXEC SPC_COM_GET_COMBOBOX 'sales_detail_div';
2018-01-23 16:51:22 EXEC SPC_GET_CONSTANT '';
2018-01-23 16:51:22 EXEC SPC_003_PI_EXCEL_INQ1 'RT-131217001','','003_pi-excel','';
2018-01-23 16:51:48 EXEC SPC_001_PI_DETAIL_ACT4 'RT-131217001','','','001_pi-detail','';
2018-01-23 16:51:50 EXEC SPC_001_PI_DETAIL_INQ1 'RT-131217001';
2018-01-23 16:51:50 EXEC SPC_GET_TAX_RATE '2013/12/17';
2018-01-23 16:51:50 EXEC SPC_COM_GET_COMBOBOX 'unit_m_div';
2018-01-23 16:51:50 EXEC SPC_COM_GET_COMBOBOX 'unit_q_div';
2018-01-23 16:51:51 EXEC SPC_COM_GET_COMBOBOX 'unit_w_div';
2018-01-23 16:51:51 EXEC SPC_COM_GET_COMBOBOX 'sales_detail_div';
2018-01-23 16:53:47 EXEC SPC_001_PI_DETAIL_ACT3 'RT-131217001','','','001_pi-detail','';
2018-01-23 16:53:48 EXEC SPC_001_PI_DETAIL_INQ1 'RT-131217001';
2018-01-23 16:53:48 EXEC SPC_GET_TAX_RATE '2013/12/17';
2018-01-23 16:53:49 EXEC SPC_COM_GET_COMBOBOX 'unit_q_div';
2018-01-23 16:53:49 EXEC SPC_COM_GET_COMBOBOX 'sales_detail_div';
2018-01-23 16:53:49 EXEC SPC_COM_GET_COMBOBOX 'unit_m_div';
2018-01-23 16:53:49 EXEC SPC_COM_GET_COMBOBOX 'unit_w_div';
2018-01-23 16:53:51 EXEC SPC_GET_CONSTANT '';
2018-01-23 16:53:51 EXEC SPC_003_PI_EXCEL_INQ1 'RT-131217001','','003_pi-excel','';
2018-01-23 16:55:43 EXEC SPC_GET_CONSTANT '';
2018-01-23 16:55:43 EXEC SPC_003_PI_EXCEL_INQ1 'RT-131217001','','003_pi-excel','';
2018-01-23 16:56:50 EXEC SPC_GET_CONSTANT '';
2018-01-23 16:56:50 EXEC SPC_003_PI_EXCEL_INQ1 'RT-131217001','','003_pi-excel','';
2018-01-23 17:51:30 EXEC SPC_001_PI_DETAIL_ACT4 'RT-131217001','','','001_pi-detail','';
2018-01-23 17:51:31 EXEC SPC_001_PI_DETAIL_INQ1 'RT-131217001';
2018-01-23 17:51:32 EXEC SPC_GET_TAX_RATE '2013/12/17';
2018-01-23 17:51:33 EXEC SPC_COM_GET_COMBOBOX 'unit_w_div';
2018-01-23 17:51:33 EXEC SPC_COM_GET_COMBOBOX 'sales_detail_div';
2018-01-23 17:51:33 EXEC SPC_COM_GET_COMBOBOX 'unit_q_div';
2018-01-23 17:51:33 EXEC SPC_COM_GET_COMBOBOX 'unit_m_div';
2018-01-23 17:51:43 EXEC SPC_001_PI_DETAIL_ACT1 'A','RT-131217001','10','2013/12/17','F0262','ALCAPORT TRADE','No. 9A Chopin Street, Ideal Subdivision','Commonwealth Avenue, Philippines 1118','1118','040','PH','632-585-6516','632-962-5436','','ALCAPORT TRADE ASIA','No. 9A Chopin Street, Ideal Subdivision','Commonwealth Avenue, Philippines 1118','1118','040','PH','632-585-6516','632-962-5436','VietNam','Manila','Singapo','MADE IN JAPAN','Standard Export Carton','02','USD','060','01','03','040','PH','01','Advance payment','[{"pi_detail_no":"1","sales_detail_div":"0","product_cd":"10003","description":"Digital Photoelectric Colorimeter Model AP-120 with standard accessories","qty":"10","unit_of_m_div":"001","unit_price":"500","amount":"5000","detail_tax":"250","unit_measure_qty":"10","unit_measure_price":"001","outside_remarks":"","unit_net_weight":"10","unit_net_weight_div":"001","net_weight":"100","unit_gross_weight":"10","gross_weight":"100","measure":"100"},{"pi_detail_no":"2","sales_detail_div":"0","product_cd":"10001","description":"Mobile Photoelectric colorimeter Model AP-1000M with standard accessories","qty":"10","unit_of_m_div":"001","unit_price":"750","amount":"7500","detail_tax":"375","unit_measure_qty":"10","unit_measure_price":"001","outside_remarks":"","unit_net_weight":"0.8","unit_net_weight_div":"001","net_weight":"8","unit_gross_weight":"1.7","gross_weight":"17","measure":"100"},{"pi_detail_no":"3","sales_detail_div":"0","product_cd":"000111","description":"Description Mobile Photoelectric colorimeter Model AP-1000M with standard accessories Mobile Photoelectric colorimeter M","qty":"10","unit_of_m_div":"003","unit_price":"10","amount":"100","detail_tax":"5","unit_measure_qty":"51","unit_measure_price":"001","outside_remarks":"","unit_net_weight":"15659","unit_net_weight_div":"001","net_weight":"156590","unit_gross_weight":"2194","gross_weight":"21940","measure":"510"}]','30','001','22057','001','156698','001','710','001','12600','10','0','0','12610','Around 3 weeks after receipt of payment','','Japan','APEL CO.,LTD.','This Proforma invoice is valid for 3 weeks from the date of  issue.','- If a consulate visa is required, the related fees should be paid by the buyer.','- In case of transport by air and/or container, FOB, C&F and CIF in this proforma invoice','shall be respectively equivalent to FCA, CPT and CIP stipulated in Incoterms 2000.','- In the even that the dollar (euro)falls against the Japanese yen by more than 5% from','the rate of proforma invoice date, the prices will not be effective.','','*** Warranty period after shipment***','3 years: PD-303, BR-501','1 year: AP-120, AP-1000M, PD-303S, PD-3000UV, BR-5200, BR-5200P, HC-702','','002','','','001_pi-detail','';
2018-01-23 17:51:45 EXEC SPC_001_PI_DETAIL_INQ1 'RT-131217001';
2018-01-23 17:51:45 EXEC SPC_COM_GET_COMBOBOX 'unit_q_div';
2018-01-23 17:51:45 EXEC SPC_GET_TAX_RATE '2013/12/17';
2018-01-23 17:51:45 EXEC SPC_COM_GET_COMBOBOX 'sales_detail_div';
2018-01-23 17:51:46 EXEC SPC_COM_GET_COMBOBOX 'unit_w_div';
2018-01-23 17:51:46 EXEC SPC_COM_GET_COMBOBOX 'unit_m_div';
2018-01-23 17:51:48 EXEC SPC_001_PI_DETAIL_ACT3 'RT-131217001','','','001_pi-detail','';
2018-01-23 17:51:49 EXEC SPC_001_PI_DETAIL_INQ1 'RT-131217001';
2018-01-23 17:51:50 EXEC SPC_COM_GET_COMBOBOX 'unit_m_div';
2018-01-23 17:51:50 EXEC SPC_COM_GET_COMBOBOX 'unit_w_div';
2018-01-23 17:51:50 EXEC SPC_GET_TAX_RATE '2013/12/17';
2018-01-23 17:51:50 EXEC SPC_COM_GET_COMBOBOX 'unit_q_div';
2018-01-23 17:51:50 EXEC SPC_COM_GET_COMBOBOX 'sales_detail_div';
2018-01-23 17:51:53 EXEC SPC_GET_CONSTANT '';
2018-01-23 17:51:53 EXEC SPC_003_PI_EXCEL_INQ1 'RT-131217001','','003_pi-excel','';
2018-01-23 17:57:23 EXEC SPC_GET_CONSTANT '';
2018-01-23 17:57:23 EXEC SPC_003_PI_EXCEL_INQ1 'RT-131217001','','003_pi-excel','';
2018-01-23 17:59:45 EXEC SPC_GET_CONSTANT '';
2018-01-23 17:59:45 EXEC SPC_003_PI_EXCEL_INQ1 'RT-131217001','','003_pi-excel','';
2018-01-23 18:00:39 EXEC SPC_GET_CONSTANT '';
2018-01-23 18:00:39 EXEC SPC_003_PI_EXCEL_INQ1 'RT-131217001','','003_pi-excel','';
2018-01-23 18:01:30 EXEC SPC_GET_CONSTANT '';
2018-01-23 18:01:30 EXEC SPC_003_PI_EXCEL_INQ1 'RT-131217001','','003_pi-excel','';
