2018-01-11 10:29:00 EXEC SPC_073_LOGIN_ACT1 '812','812';
2018-01-11 10:29:00 EXEC SPC_GET_CONSTANT '';
2018-01-11 10:43:40 EXEC SPC_004_PI_ORDER_CONFIRM_FND1 '','','','','1','10';
2018-01-11 10:43:48 EXEC SPC_004_PI_ORDER_CONFIRM_FND1 '','','','','2','10';
2018-01-11 10:43:51 EXEC SPC_004_PI_ORDER_CONFIRM_FND1 '','','','','1','10';
2018-01-11 10:44:58 EXEC SPC_004_PI_ORDER_CONFIRM_ACT1 '[{"pi_no":"RT-131209002"},{"pi_no":"RT-131209003"},{"pi_no":"RT-131211001"}]','2018/01/11','812','004_pi-order-confirm','192.168.5.206';
2018-01-11 10:44:59 EXEC SPC_004_PI_ORDER_CONFIRM_FND1 '','','','','1','10';
2018-01-11 10:48:52 EXEC SPC_COM_GET_COMBOBOX 'pi_status_div';
2018-01-11 10:48:53 EXEC SPC_002_PI_SEARCH_FND1 '','','','','','','','','1','10';
2018-01-11 10:50:47 EXEC SPC_002_PI_SEARCH_FND1 '','','','','','','','20','1','10';
2018-01-11 10:50:54 EXEC SPC_002_PI_SEARCH_FND1 '','','','','','','','10','1','10';
2018-01-11 10:51:11 EXEC SPC_002_PI_SEARCH_FND1 '','','','','','','','20','1','10';
2018-01-11 10:51:21 EXEC SPC_002_PI_SEARCH_FND1 '','','','','','','','20','1','10';
2018-01-11 10:51:24 EXEC SPC_002_PI_SEARCH_FND1 '','','','','','','','20','2','10';
2018-01-11 11:11:07 EXEC SPC_002_PI_SEARCH_FND1 '','','','','','','','20','1','10';
2018-01-11 11:13:46 EXEC SPC_073_LOGIN_ACT1 '001','123456';
2018-01-11 11:13:46 EXEC SPC_GET_CONSTANT '';
2018-01-11 11:13:53 EXEC SPC_COM_GET_COMBOBOX 'pi_status_div';
2018-01-11 11:40:22 EXEC SPC_COM_GET_COMBOBOX 'pi_status_div';
2018-01-11 11:40:24 EXEC SPC_002_PI_SEARCH_FND1 '','','','','','','','','1','10';
2018-01-11 11:40:45 EXEC SPC_COM_GET_COMBOBOX 'pi_status_div';
2018-01-11 11:40:46 EXEC SPC_002_PI_SEARCH_FND1 '','','','','','','','','1','10';
2018-01-11 11:41:19 EXEC SPC_002_PI_SEARCH_FND1 '','','','','','','','','1','10';
2018-01-11 11:41:27 EXEC SPC_002_PI_SEARCH_FND1 '','','','','','','','','1','10';
2018-01-11 11:41:32 EXEC SPC_002_PI_SEARCH_FND1 '','','','','','','','10','1','10';
2018-01-11 11:41:38 EXEC SPC_004_PI_ORDER_CONFIRM_FND1 '','','','','1','10';
2018-01-11 11:41:51 EXEC SPC_004_PI_ORDER_CONFIRM_FND1 '','','','','1','10';
2018-01-11 11:42:15 EXEC SPC_004_PI_ORDER_CONFIRM_FND1 '','','','','1','10';
2018-01-11 11:42:20 EXEC SPC_004_PI_ORDER_CONFIRM_FND1 '','','','','1','10';
2018-01-11 11:42:38 EXEC SPC_004_PI_ORDER_CONFIRM_FND1 '','','','','1','10';
2018-01-11 11:43:48 EXEC SPC_COM_GET_COMBOBOX 'pi_status_div';
2018-01-11 11:43:49 EXEC SPC_002_PI_SEARCH_FND1 '','','','','','','','','1','10';
2018-01-11 11:43:56 EXEC SPC_COM_GET_COMBOBOX 'pi_status_div';
2018-01-11 11:43:58 EXEC SPC_002_PI_SEARCH_FND1 '','','','','','','','','1','10';
2018-01-11 11:44:37 EXEC SPC_002_PI_SEARCH_FND1 '','','','','','','','','1','10';
2018-01-11 11:44:40 EXEC SPC_002_PI_SEARCH_FND1 '','','','','','','','','2','10';
2018-01-11 11:44:42 EXEC SPC_002_PI_SEARCH_FND1 '','','','','','','','','3','10';
2018-01-11 11:44:44 EXEC SPC_002_PI_SEARCH_FND1 '','','','','','','','','4','10';
2018-01-11 11:44:45 EXEC SPC_002_PI_SEARCH_FND1 '','','','','','','','','27','10';
2018-01-11 11:44:51 EXEC SPC_002_PI_SEARCH_FND1 '','','','','','','','','26','10';
2018-01-11 11:44:59 EXEC SPC_002_PI_SEARCH_FND1 '','','','','','','','','1','10';
2018-01-11 11:45:01 EXEC SPC_002_PI_SEARCH_FND1 '','','','','','','','','27','10';
2018-01-11 11:45:02 EXEC SPC_002_PI_SEARCH_FND1 '','','','','','','','','26','10';
2018-01-11 11:45:15 EXEC SPC_002_PI_SEARCH_FND1 '','','','','','','','','1','10';
2018-01-11 11:45:16 EXEC SPC_002_PI_SEARCH_FND1 '','','','','','','','','27','10';
2018-01-11 11:45:17 EXEC SPC_002_PI_SEARCH_FND1 '','','','','','','','','26','10';
2018-01-11 11:47:27 EXEC SPC_COM_GET_COMBOBOX 'pi_status_div';
2018-01-11 11:47:28 EXEC SPC_002_PI_SEARCH_FND1 '','','','','','','','','1','10';
2018-01-11 11:47:31 EXEC SPC_COM_GET_COMBOBOX 'shipment_div';
2018-01-11 11:47:32 EXEC SPC_COM_GET_COMBOBOX 'currency_div';
2018-01-11 11:47:32 EXEC SPC_COM_GET_COMBOBOX 'unit_w_div';
2018-01-11 11:47:33 EXEC SPC_COM_GET_COMBOBOX 'sales_detail_div';
2018-01-11 11:47:33 EXEC SPC_COM_GET_COMBOBOX 'bank_div';
2018-01-11 11:47:33 EXEC SPC_COM_GET_COMBOBOX 'unit_q_div';
2018-01-11 11:47:33 EXEC SPC_COM_GET_COMBOBOX 'trade_terms_div';
2018-01-11 11:47:33 EXEC SPC_COM_GET_COMBOBOX 'port_city_div';
2018-01-11 11:47:33 EXEC SPC_COM_GET_COMBOBOX 'payment_conditions_div';
2018-01-11 11:47:34 EXEC SPC_COM_GET_COMBOBOX 'unit_m_div';
2018-01-11 11:47:34 EXEC SPC_COM_GET_COMBOBOX 'port_country_div';
2018-01-11 11:47:34 EXEC SPC_001_PI_DETAIL_INQ1 'RT-130827001';
2018-01-11 11:47:34 EXEC SPC_GET_TAX_RATE '2018/01/11';
2018-01-11 11:47:34 EXEC SPC_COM_GET_COMBOBOX 'unit_w_div';
2018-01-11 11:47:34 EXEC SPC_COM_GET_COMBOBOX 'unit_q_div';
2018-01-11 11:47:34 EXEC SPC_GET_TAX_RATE '2013/08/27';
2018-01-11 11:47:34 EXEC SPC_COM_GET_COMBOBOX 'unit_m_div';
2018-01-11 11:47:34 EXEC SPC_COM_GET_COMBOBOX 'sales_detail_div';
2018-01-11 11:47:38 EXEC SPC_GET_CONSTANT '';
2018-01-11 11:47:38 EXEC SPC_001_PI_DETAIL_INQ1 'RT-130827001';
2018-01-11 11:51:08 EXEC SPC_GET_CONSTANT '';
2018-01-11 11:51:08 EXEC SPC_001_PI_DETAIL_INQ1 'RT-130827001';
2018-01-11 11:51:34 EXEC SPC_GET_CONSTANT '';
2018-01-11 11:51:34 EXEC SPC_001_PI_DETAIL_INQ1 'RT-130827001';
2018-01-11 11:52:11 EXEC SPC_GET_CONSTANT '';
2018-01-11 11:52:11 EXEC SPC_001_PI_DETAIL_INQ1 'RT-130827001';
2018-01-11 11:57:39 EXEC SPC_GET_CONSTANT '';
2018-01-11 11:57:39 EXEC SPC_003_PI_EXCEL_INQ1 'RT-130827001';
2018-01-11 12:03:33 EXEC SPC_COM_GET_COMBOBOX 'pi_status_div';
2018-01-11 12:03:33 EXEC SPC_002_PI_SEARCH_FND1 '','','','','','','','','1','10';
2018-01-11 12:03:35 EXEC SPC_002_PI_SEARCH_FND1 '','','','','','','','10','1','10';
2018-01-11 12:03:39 EXEC SPC_002_PI_SEARCH_FND1 '','','','','','','','10','1','10';
2018-01-11 12:03:42 EXEC SPC_002_PI_SEARCH_FND1 '','','','','','','','20','1','10';
2018-01-11 12:03:45 EXEC SPC_COM_GET_COMBOBOX 'port_city_div';
2018-01-11 12:03:45 EXEC SPC_COM_GET_COMBOBOX 'unit_q_div';
2018-01-11 12:03:46 EXEC SPC_COM_GET_COMBOBOX 'port_country_div';
2018-01-11 12:03:46 EXEC SPC_COM_GET_COMBOBOX 'payment_conditions_div';
2018-01-11 12:03:46 EXEC SPC_COM_GET_COMBOBOX 'unit_w_div';
2018-01-11 12:03:46 EXEC SPC_COM_GET_COMBOBOX 'currency_div';
2018-01-11 12:03:46 EXEC SPC_COM_GET_COMBOBOX 'trade_terms_div';
2018-01-11 12:03:46 EXEC SPC_COM_GET_COMBOBOX 'shipment_div';
2018-01-11 12:03:46 EXEC SPC_COM_GET_COMBOBOX 'bank_div';
2018-01-11 12:03:46 EXEC SPC_COM_GET_COMBOBOX 'unit_m_div';
2018-01-11 12:03:46 EXEC SPC_COM_GET_COMBOBOX 'sales_detail_div';
2018-01-11 12:03:46 EXEC SPC_GET_TAX_RATE '2018/01/11';
2018-01-11 12:03:46 EXEC SPC_001_PI_DETAIL_INQ1 'RT-130827001';
2018-01-11 12:03:47 EXEC SPC_COM_GET_COMBOBOX 'unit_m_div';
2018-01-11 12:03:47 EXEC SPC_COM_GET_COMBOBOX 'sales_detail_div';
2018-01-11 12:03:47 EXEC SPC_GET_TAX_RATE '2013/08/27';
2018-01-11 12:03:47 EXEC SPC_COM_GET_COMBOBOX 'unit_q_div';
2018-01-11 12:03:48 EXEC SPC_001_PI_DETAIL_ACT4 'RT-130827001','001','001_pi-detail','192.168.5.206';
2018-01-11 12:03:50 EXEC SPC_001_PI_DETAIL_INQ1 'RT-130827001';
2018-01-11 12:03:50 EXEC SPC_COM_GET_COMBOBOX 'unit_q_div';
2018-01-11 12:03:50 EXEC SPC_GET_TAX_RATE '2013/08/27';
2018-01-11 12:03:50 EXEC SPC_COM_GET_COMBOBOX 'unit_w_div';
2018-01-11 12:03:50 EXEC SPC_COM_GET_COMBOBOX 'sales_detail_div';
2018-01-11 12:03:50 EXEC SPC_COM_GET_COMBOBOX 'unit_m_div';
2018-01-11 12:06:13 EXEC SPC_COM_GET_COMBOBOX 'port_country_div';
2018-01-11 12:06:13 EXEC SPC_COM_GET_COMBOBOX 'trade_terms_div';
2018-01-11 12:06:13 EXEC SPC_COM_GET_COMBOBOX 'shipment_div';
2018-01-11 12:06:13 EXEC SPC_COM_GET_COMBOBOX 'port_city_div';
2018-01-11 12:06:13 EXEC SPC_COM_GET_COMBOBOX 'currency_div';
2018-01-11 12:06:13 EXEC SPC_COM_GET_COMBOBOX 'payment_conditions_div';
2018-01-11 12:06:14 EXEC SPC_COM_GET_COMBOBOX 'unit_w_div';
2018-01-11 12:06:14 EXEC SPC_COM_GET_COMBOBOX 'unit_q_div';
2018-01-11 12:06:14 EXEC SPC_COM_GET_COMBOBOX 'bank_div';
2018-01-11 12:06:14 EXEC SPC_COM_GET_COMBOBOX 'sales_detail_div';
2018-01-11 12:06:14 EXEC SPC_COM_GET_COMBOBOX 'unit_m_div';
2018-01-11 12:06:14 EXEC SPC_GET_TAX_RATE '2018/01/11';
2018-01-11 12:06:14 EXEC SPC_001_PI_DETAIL_INQ1 'RT-130827001';
2018-01-11 12:06:15 EXEC SPC_COM_GET_COMBOBOX 'unit_q_div';
2018-01-11 12:06:15 EXEC SPC_GET_TAX_RATE '2013/08/27';
2018-01-11 12:06:15 EXEC SPC_COM_GET_COMBOBOX 'sales_detail_div';
2018-01-11 12:06:15 EXEC SPC_COM_GET_COMBOBOX 'unit_m_div';
2018-01-11 12:06:15 EXEC SPC_COM_GET_COMBOBOX 'unit_w_div';
2018-01-11 12:06:17 EXEC SPC_001_PI_DETAIL_ACT3 'RT-130827001','001','001_pi-detail','192.168.5.206';
2018-01-11 12:06:18 EXEC SPC_001_PI_DETAIL_INQ1 'RT-130827001';
2018-01-11 12:06:19 EXEC SPC_COM_GET_COMBOBOX 'unit_m_div';
2018-01-11 12:06:19 EXEC SPC_COM_GET_COMBOBOX 'unit_w_div';
2018-01-11 12:06:19 EXEC SPC_COM_GET_COMBOBOX 'unit_q_div';
2018-01-11 12:06:19 EXEC SPC_GET_TAX_RATE '2013/08/27';
2018-01-11 12:06:19 EXEC SPC_COM_GET_COMBOBOX 'sales_detail_div';
2018-01-11 12:06:22 EXEC SPC_GET_CONSTANT '';
2018-01-11 12:06:22 EXEC SPC_003_PI_EXCEL_INQ1 'RT-130827001';
2018-01-11 12:09:30 EXEC SPC_GET_CONSTANT '';
2018-01-11 12:09:30 EXEC SPC_003_PI_EXCEL_INQ1 'RT-130827001';
2018-01-11 12:11:51 EXEC SPC_GET_CONSTANT '';
2018-01-11 12:11:51 EXEC SPC_003_PI_EXCEL_INQ1 'RT-130827001';
2018-01-11 15:25:16 EXEC SPC_COM_GET_COMBOBOX 'port_country_div';
2018-01-11 15:25:16 EXEC SPC_COM_GET_COMBOBOX 'port_city_div';
2018-01-11 15:25:16 EXEC SPC_COM_GET_COMBOBOX 'currency_div';
2018-01-11 15:25:16 EXEC SPC_COM_GET_COMBOBOX 'trade_terms_div';
2018-01-11 15:25:16 EXEC SPC_COM_GET_COMBOBOX 'unit_q_div';
2018-01-11 15:25:16 EXEC SPC_COM_GET_COMBOBOX 'payment_conditions_div';
2018-01-11 15:25:17 EXEC SPC_COM_GET_COMBOBOX 'bank_div';
2018-01-11 15:25:17 EXEC SPC_COM_GET_COMBOBOX 'sales_detail_div';
2018-01-11 15:25:17 EXEC SPC_COM_GET_COMBOBOX 'unit_w_div';
2018-01-11 15:25:17 EXEC SPC_COM_GET_COMBOBOX 'shipment_div';
2018-01-11 15:25:17 EXEC SPC_GET_TAX_RATE '2018/01/11';
2018-01-11 15:25:17 EXEC SPC_COM_GET_COMBOBOX 'unit_m_div';
2018-01-11 15:25:21 EXEC SPC_COM_GET_COMBOBOX 'pi_status_div';
2018-01-11 15:25:23 EXEC SPC_002_PI_SEARCH_FND1 '','','','','','','','','1','10';
2018-01-11 15:25:26 EXEC SPC_002_PI_SEARCH_FND1 '','','','','','','','20','1','10';
2018-01-11 15:25:30 EXEC SPC_COM_GET_COMBOBOX 'payment_conditions_div';
2018-01-11 15:25:30 EXEC SPC_COM_GET_COMBOBOX 'trade_terms_div';
2018-01-11 15:25:30 EXEC SPC_COM_GET_COMBOBOX 'port_country_div';
2018-01-11 15:25:30 EXEC SPC_COM_GET_COMBOBOX 'currency_div';
2018-01-11 15:25:30 EXEC SPC_COM_GET_COMBOBOX 'port_city_div';
2018-01-11 15:25:30 EXEC SPC_COM_GET_COMBOBOX 'shipment_div';
2018-01-11 15:25:31 EXEC SPC_COM_GET_COMBOBOX 'unit_q_div';
2018-01-11 15:25:31 EXEC SPC_COM_GET_COMBOBOX 'unit_w_div';
2018-01-11 15:25:31 EXEC SPC_COM_GET_COMBOBOX 'unit_m_div';
2018-01-11 15:25:31 EXEC SPC_COM_GET_COMBOBOX 'bank_div';
2018-01-11 15:25:31 EXEC SPC_COM_GET_COMBOBOX 'sales_detail_div';
2018-01-11 15:25:31 EXEC SPC_GET_TAX_RATE '2018/01/11';
2018-01-11 15:25:31 EXEC SPC_001_PI_DETAIL_INQ1 'RT-130827001';
2018-01-11 15:25:32 EXEC SPC_GET_TAX_RATE '2013/08/27';
2018-01-11 15:25:32 EXEC SPC_COM_GET_COMBOBOX 'unit_w_div';
2018-01-11 15:25:32 EXEC SPC_COM_GET_COMBOBOX 'unit_q_div';
2018-01-11 15:25:32 EXEC SPC_COM_GET_COMBOBOX 'unit_m_div';
2018-01-11 15:25:32 EXEC SPC_COM_GET_COMBOBOX 'sales_detail_div';
2018-01-11 15:25:36 EXEC SPC_GET_CONSTANT '';
2018-01-11 15:25:36 EXEC SPC_003_PI_EXCEL_INQ1 'RT-130827001';
2018-01-11 15:25:53 EXEC SPC_GET_CONSTANT '';
2018-01-11 15:25:53 EXEC SPC_003_PI_EXCEL_INQ1 'RT-130827001';
2018-01-11 15:26:09 EXEC SPC_GET_CONSTANT '';
2018-01-11 15:26:09 EXEC SPC_003_PI_EXCEL_INQ1 'RT-130827001';
2018-01-11 15:26:47 EXEC SPC_GET_CONSTANT '';
2018-01-11 15:26:47 EXEC SPC_003_PI_EXCEL_INQ1 'RT-130827001';
2018-01-11 15:26:56 EXEC SPC_COM_GET_COMBOBOX 'pi_status_div';
2018-01-11 15:26:57 EXEC SPC_002_PI_SEARCH_FND1 '','','','','','','','20','1','10';
2018-01-11 15:27:04 EXEC SPC_COM_GET_COMBOBOX 'port_city_div';
2018-01-11 15:27:04 EXEC SPC_COM_GET_COMBOBOX 'currency_div';
2018-01-11 15:27:04 EXEC SPC_COM_GET_COMBOBOX 'port_country_div';
2018-01-11 15:27:04 EXEC SPC_COM_GET_COMBOBOX 'payment_conditions_div';
2018-01-11 15:27:04 EXEC SPC_COM_GET_COMBOBOX 'shipment_div';
2018-01-11 15:27:05 EXEC SPC_COM_GET_COMBOBOX 'bank_div';
2018-01-11 15:27:05 EXEC SPC_COM_GET_COMBOBOX 'sales_detail_div';
2018-01-11 15:27:05 EXEC SPC_GET_TAX_RATE '2018/01/11';
2018-01-11 15:27:05 EXEC SPC_COM_GET_COMBOBOX 'unit_q_div';
2018-01-11 15:27:05 EXEC SPC_COM_GET_COMBOBOX 'unit_w_div';
2018-01-11 15:27:05 EXEC SPC_COM_GET_COMBOBOX 'unit_m_div';
2018-01-11 15:27:05 EXEC SPC_001_PI_DETAIL_INQ1 'RT-130827002';
2018-01-11 15:27:06 EXEC SPC_GET_TAX_RATE '2013/08/27';
2018-01-11 15:27:06 EXEC SPC_COM_GET_COMBOBOX 'unit_q_div';
2018-01-11 15:27:06 EXEC SPC_COM_GET_COMBOBOX 'unit_m_div';
2018-01-11 15:27:06 EXEC SPC_COM_GET_COMBOBOX 'unit_w_div';
2018-01-11 15:27:06 EXEC SPC_COM_GET_COMBOBOX 'sales_detail_div';
2018-01-11 15:27:08 EXEC SPC_GET_CONSTANT '';
2018-01-11 15:27:08 EXEC SPC_003_PI_EXCEL_INQ1 'RT-130827002';
2018-01-11 15:27:24 EXEC SPC_GET_CONSTANT '';
2018-01-11 15:27:24 EXEC SPC_003_PI_EXCEL_INQ1 'RT-130827002';
2018-01-11 15:27:42 EXEC SPC_GET_CONSTANT '';
2018-01-11 15:27:42 EXEC SPC_003_PI_EXCEL_INQ1 'RT-130827002';
2018-01-11 15:28:14 EXEC SPC_GET_CONSTANT '';
2018-01-11 15:28:14 EXEC SPC_003_PI_EXCEL_INQ1 'RT-130827002';
2018-01-11 15:28:25 EXEC SPC_GET_CONSTANT '';
2018-01-11 15:28:25 EXEC SPC_003_PI_EXCEL_INQ1 'RT-130827002';
2018-01-11 15:28:44 EXEC SPC_GET_CONSTANT '';
2018-01-11 15:28:44 EXEC SPC_003_PI_EXCEL_INQ1 'RT-130827002';
2018-01-11 15:29:18 EXEC SPC_GET_CONSTANT '';
2018-01-11 15:29:18 EXEC SPC_003_PI_EXCEL_INQ1 'RT-130827002';
2018-01-11 15:29:27 EXEC SPC_GET_CONSTANT '';
2018-01-11 15:29:27 EXEC SPC_003_PI_EXCEL_INQ1 'RT-130827002';
2018-01-11 15:31:53 EXEC SPC_GET_CONSTANT '';
2018-01-11 15:31:53 EXEC SPC_003_PI_EXCEL_INQ1 'RT-130827002';
2018-01-11 15:32:08 EXEC SPC_GET_CONSTANT '';
2018-01-11 15:32:08 EXEC SPC_003_PI_EXCEL_INQ1 'RT-130827002';
2018-01-11 15:32:34 EXEC SPC_GET_CONSTANT '';
2018-01-11 15:32:34 EXEC SPC_003_PI_EXCEL_INQ1 'RT-130827002';
2018-01-11 15:32:42 EXEC SPC_GET_CONSTANT '';
2018-01-11 15:32:42 EXEC SPC_003_PI_EXCEL_INQ1 'RT-130827002';
2018-01-11 15:33:04 EXEC SPC_COM_GET_COMBOBOX 'port_country_div';
2018-01-11 15:33:04 EXEC SPC_COM_GET_COMBOBOX 'bank_div';
2018-01-11 15:33:05 EXEC SPC_GET_TAX_RATE '2013/08/27';
2018-01-11 15:33:05 EXEC SPC_COM_GET_COMBOBOX 'port_city_div';
2018-01-11 15:33:05 EXEC SPC_COM_GET_COMBOBOX 'shipment_div';
2018-01-11 15:33:05 EXEC SPC_COM_GET_COMBOBOX 'currency_div';
2018-01-11 15:33:05 EXEC SPC_COM_GET_COMBOBOX 'unit_q_div';
2018-01-11 15:33:05 EXEC SPC_COM_GET_COMBOBOX 'payment_conditions_div';
2018-01-11 15:33:06 EXEC SPC_COM_GET_COMBOBOX 'trade_terms_div';
2018-01-11 15:33:06 EXEC SPC_COM_GET_COMBOBOX 'unit_w_div';
2018-01-11 15:33:06 EXEC SPC_COM_GET_COMBOBOX 'sales_detail_div';
2018-01-11 15:33:06 EXEC SPC_COM_GET_COMBOBOX 'unit_m_div';
2018-01-11 15:33:08 EXEC SPC_COM_GET_COMBOBOX 'port_city_div';
2018-01-11 15:33:08 EXEC SPC_COM_GET_COMBOBOX 'trade_terms_div';
2018-01-11 15:33:08 EXEC SPC_COM_GET_COMBOBOX 'port_country_div';
2018-01-11 15:33:08 EXEC SPC_COM_GET_COMBOBOX 'currency_div';
2018-01-11 15:33:08 EXEC SPC_COM_GET_COMBOBOX 'payment_conditions_div';
2018-01-11 15:33:08 EXEC SPC_COM_GET_COMBOBOX 'shipment_div';
2018-01-11 15:33:08 EXEC SPC_COM_GET_COMBOBOX 'sales_detail_div';
2018-01-11 15:33:08 EXEC SPC_COM_GET_COMBOBOX 'unit_q_div';
2018-01-11 15:33:08 EXEC SPC_COM_GET_COMBOBOX 'unit_m_div';
2018-01-11 15:33:08 EXEC SPC_COM_GET_COMBOBOX 'unit_w_div';
2018-01-11 15:33:09 EXEC SPC_COM_GET_COMBOBOX 'bank_div';
2018-01-11 15:33:09 EXEC SPC_GET_TAX_RATE '2018/01/11';
2018-01-11 15:33:09 EXEC SPC_001_PI_DETAIL_INQ1 'RT-130827002';
2018-01-11 15:33:10 EXEC SPC_COM_GET_COMBOBOX 'unit_w_div';
2018-01-11 15:33:10 EXEC SPC_GET_TAX_RATE '2013/08/27';
2018-01-11 15:33:10 EXEC SPC_COM_GET_COMBOBOX 'unit_m_div';
2018-01-11 15:33:10 EXEC SPC_COM_GET_COMBOBOX 'sales_detail_div';
2018-01-11 15:33:10 EXEC SPC_COM_GET_COMBOBOX 'unit_q_div';
2018-01-11 15:33:21 EXEC SPC_GET_CONSTANT '';
2018-01-11 15:33:21 EXEC SPC_003_PI_EXCEL_INQ1 'RT-130827002';
2018-01-11 15:41:33 EXEC SPC_GET_CONSTANT '';
2018-01-11 15:41:34 EXEC SPC_003_PI_EXCEL_INQ1 'RT-130827002';
2018-01-11 15:43:54 EXEC SPC_GET_CONSTANT '';
2018-01-11 15:43:54 EXEC SPC_003_PI_EXCEL_INQ1 'RT-130827002';
2018-01-11 15:44:05 EXEC SPC_GET_CONSTANT '';
2018-01-11 15:44:05 EXEC SPC_003_PI_EXCEL_INQ1 'RT-130827002';
2018-01-11 15:45:47 EXEC SPC_GET_CONSTANT '';
2018-01-11 15:45:47 EXEC SPC_003_PI_EXCEL_INQ1 'RT-130827002';
2018-01-11 15:46:02 EXEC SPC_GET_CONSTANT '';
2018-01-11 15:46:02 EXEC SPC_003_PI_EXCEL_INQ1 'RT-130827002';
2018-01-11 15:49:12 EXEC SPC_GET_CONSTANT '';
2018-01-11 15:49:12 EXEC SPC_003_PI_EXCEL_INQ1 'RT-130827002';
2018-01-11 15:50:02 EXEC SPC_COM_GET_COMBOBOX 'unit_w_div';
2018-01-11 15:50:03 EXEC SPC_COM_GET_COMBOBOX 'sales_detail_div';
2018-01-11 15:50:03 EXEC SPC_COM_GET_COMBOBOX 'unit_q_div';
2018-01-11 15:50:03 EXEC SPC_GET_TAX_RATE '2013/08/27';
2018-01-11 15:50:05 EXEC SPC_GET_CONSTANT '';
2018-01-11 15:50:05 EXEC SPC_003_PI_EXCEL_INQ1 'RT-130827002';
2018-01-11 15:51:23 EXEC SPC_COM_GET_COMBOBOX 'unit_m_div';
2018-01-11 15:51:23 EXEC SPC_GET_TAX_RATE '2013/08/27';
2018-01-11 15:51:23 EXEC SPC_COM_GET_COMBOBOX 'unit_w_div';
2018-01-11 15:51:23 EXEC SPC_COM_GET_COMBOBOX 'unit_q_div';
2018-01-11 15:51:23 EXEC SPC_COM_GET_COMBOBOX 'sales_detail_div';
2018-01-11 15:51:27 EXEC SPC_GET_CONSTANT '';
2018-01-11 15:51:27 EXEC SPC_003_PI_EXCEL_INQ1 'RT-130827002';
2018-01-11 15:51:37 EXEC SPC_COM_GET_COMBOBOX 'unit_m_div';
2018-01-11 15:51:37 EXEC SPC_COM_GET_COMBOBOX 'sales_detail_div';
2018-01-11 15:51:37 EXEC SPC_COM_GET_COMBOBOX 'unit_w_div';
2018-01-11 15:51:37 EXEC SPC_COM_GET_COMBOBOX 'unit_q_div';
2018-01-11 15:51:37 EXEC SPC_GET_TAX_RATE '2013/08/27';
2018-01-11 15:51:49 EXEC SPC_GET_CONSTANT '';
2018-01-11 15:51:49 EXEC SPC_003_PI_EXCEL_INQ1 'RT-130827002';
2018-01-11 15:52:55 EXEC SPC_GET_CONSTANT '';
2018-01-11 15:52:55 EXEC SPC_003_PI_EXCEL_INQ1 'RT-130827002';
2018-01-11 15:53:38 EXEC SPC_GET_TAX_RATE '2013/08/27';
2018-01-11 15:53:38 EXEC SPC_COM_GET_COMBOBOX 'unit_q_div';
2018-01-11 15:53:38 EXEC SPC_COM_GET_COMBOBOX 'sales_detail_div';
2018-01-11 15:53:38 EXEC SPC_COM_GET_COMBOBOX 'unit_m_div';
2018-01-11 15:53:38 EXEC SPC_COM_GET_COMBOBOX 'unit_w_div';
2018-01-11 15:53:40 EXEC SPC_GET_CONSTANT '';
2018-01-11 15:53:40 EXEC SPC_003_PI_EXCEL_INQ1 'RT-130827002';
2018-01-11 16:02:09 EXEC SPC_GET_CONSTANT '';
2018-01-11 16:02:09 EXEC SPC_003_PI_EXCEL_INQ1 'RT-130827002';
2018-01-11 16:02:49 EXEC SPC_GET_TAX_RATE '2013/08/27';
2018-01-11 16:02:50 EXEC SPC_COM_GET_COMBOBOX 'unit_m_div';
2018-01-11 16:02:50 EXEC SPC_COM_GET_COMBOBOX 'sales_detail_div';
2018-01-11 16:02:50 EXEC SPC_COM_GET_COMBOBOX 'unit_q_div';
2018-01-11 16:02:50 EXEC SPC_COM_GET_COMBOBOX 'unit_w_div';
2018-01-11 16:08:57 EXEC SPC_GET_CONSTANT '';
2018-01-11 16:08:57 EXEC SPC_003_PI_EXCEL_INQ1 'RT-130827002';
2018-01-11 16:09:49 EXEC SPC_GET_CONSTANT '';
2018-01-11 16:09:49 EXEC SPC_003_PI_EXCEL_INQ1 'RT-130827002';
2018-01-11 16:10:18 EXEC SPC_GET_CONSTANT '';
2018-01-11 16:10:18 EXEC SPC_003_PI_EXCEL_INQ1 'RT-130827002';
2018-01-11 16:20:11 EXEC SPC_GET_CONSTANT '';
2018-01-11 16:20:11 EXEC SPC_003_PI_EXCEL_INQ1 'RT-130827002';
2018-01-11 16:24:26 EXEC SPC_GET_CONSTANT '';
2018-01-11 16:24:26 EXEC SPC_003_PI_EXCEL_INQ1 'RT-130827002';
2018-01-11 16:24:39 EXEC SPC_GET_CONSTANT '';
2018-01-11 16:24:39 EXEC SPC_003_PI_EXCEL_INQ1 'RT-130827002';
2018-01-11 16:27:57 EXEC SPC_GET_CONSTANT '';
2018-01-11 16:27:57 EXEC SPC_003_PI_EXCEL_INQ1 'RT-130827002';
2018-01-11 16:32:58 EXEC SPC_COM_GET_COMBOBOX 'port_country_div';
2018-01-11 16:32:59 EXEC SPC_COM_GET_COMBOBOX 'unit_q_div';
2018-01-11 16:32:59 EXEC SPC_COM_GET_COMBOBOX 'unit_w_div';
2018-01-11 16:32:59 EXEC SPC_COM_GET_COMBOBOX 'trade_terms_div';
2018-01-11 16:32:59 EXEC SPC_COM_GET_COMBOBOX 'shipment_div';

2018-01-11 16:32:59 EXEC SPC_COM_GET_COMBOBOX 'payment_conditions_div';
2018-01-11 16:33:00 EXEC SPC_COM_GET_COMBOBOX 'currency_div';
2018-01-11 16:33:00 EXEC SPC_COM_GET_COMBOBOX 'unit_m_div';
2018-01-11 16:33:00 EXEC SPC_COM_GET_COMBOBOX 'bank_div';
2018-01-11 16:33:00 EXEC SPC_001_PI_DETAIL_INQ1 'RT-130827002';
2018-01-11 16:33:00 EXEC SPC_GET_TAX_RATE '2018/01/11';
2018-01-11 16:33:00 EXEC SPC_COM_GET_COMBOBOX 'sales_detail_div';
2018-01-11 16:33:01 EXEC SPC_COM_GET_COMBOBOX 'unit_w_div';
2018-01-11 16:33:01 EXEC SPC_COM_GET_COMBOBOX 'sales_detail_div';
2018-01-11 16:33:01 EXEC SPC_GET_TAX_RATE '2013/08/27';
2018-01-11 16:33:01 EXEC SPC_COM_GET_COMBOBOX 'unit_m_div';
2018-01-11 16:33:01 EXEC SPC_COM_GET_COMBOBOX 'unit_q_div';
2018-01-11 16:33:03 EXEC SPC_GET_CONSTANT '';
2018-01-11 16:33:03 EXEC SPC_003_PI_EXCEL_INQ1 'RT-130827002';
2018-01-11 16:33:30 EXEC SPC_GET_CONSTANT '';
2018-01-11 16:33:30 EXEC SPC_003_PI_EXCEL_INQ1 'RT-130827002';
2018-01-11 16:38:40 EXEC SPC_GET_CONSTANT '';
2018-01-11 16:38:40 EXEC SPC_003_PI_EXCEL_INQ1 'RT-130827002';
2018-01-11 16:39:18 EXEC SPC_GET_CONSTANT '';
2018-01-11 16:39:18 EXEC SPC_003_PI_EXCEL_INQ1 'RT-130827002';
2018-01-11 16:40:42 EXEC SPC_GET_CONSTANT '';
2018-01-11 16:40:43 EXEC SPC_003_PI_EXCEL_INQ1 'RT-130827002';
2018-01-11 16:42:43 EXEC SPC_GET_CONSTANT '';
2018-01-11 16:42:43 EXEC SPC_003_PI_EXCEL_INQ1 'RT-130827002';
2018-01-11 16:44:08 EXEC SPC_GET_CONSTANT '';
2018-01-11 16:44:08 EXEC SPC_003_PI_EXCEL_INQ1 'RT-130827002';
2018-01-11 16:50:16 EXEC SPC_GET_CONSTANT '';
2018-01-11 16:50:16 EXEC SPC_003_PI_EXCEL_INQ1 'RT-130827002';
2018-01-11 16:50:35 EXEC SPC_GET_CONSTANT '';
2018-01-11 16:50:35 EXEC SPC_003_PI_EXCEL_INQ1 'RT-130827002';
2018-01-11 16:52:33 EXEC SPC_GET_CONSTANT '';
2018-01-11 16:52:33 EXEC SPC_003_PI_EXCEL_INQ1 'RT-130827002';
2018-01-11 16:52:51 EXEC SPC_GET_CONSTANT '';
2018-01-11 16:52:51 EXEC SPC_003_PI_EXCEL_INQ1 'RT-130827002';
2018-01-11 16:54:32 EXEC SPC_GET_CONSTANT '';
2018-01-11 16:54:32 EXEC SPC_003_PI_EXCEL_INQ1 'RT-130827002';
2018-01-11 16:57:10 EXEC SPC_GET_CONSTANT '';
2018-01-11 16:57:10 EXEC SPC_003_PI_EXCEL_INQ1 'RT-130827002';
2018-01-11 16:57:17 EXEC SPC_GET_CONSTANT '';
2018-01-11 16:57:17 EXEC SPC_003_PI_EXCEL_INQ1 'RT-130827002';
2018-01-11 16:57:34 EXEC SPC_GET_CONSTANT '';
2018-01-11 16:57:34 EXEC SPC_003_PI_EXCEL_INQ1 'RT-130827002';
2018-01-11 17:03:06 EXEC SPC_GET_CONSTANT '';
2018-01-11 17:03:06 EXEC SPC_003_PI_EXCEL_INQ1 'RT-130827002';
2018-01-11 17:26:26 EXEC SPC_GET_CONSTANT '';
2018-01-11 17:26:26 EXEC SPC_003_PI_EXCEL_INQ1 'RT-130827002';
2018-01-11 17:28:16 EXEC SPC_GET_CONSTANT '';
2018-01-11 17:28:16 EXEC SPC_003_PI_EXCEL_INQ1 'RT-130827002';
2018-01-11 17:29:22 EXEC SPC_GET_CONSTANT '';
2018-01-11 17:29:22 EXEC SPC_003_PI_EXCEL_INQ1 'RT-130827002';
2018-01-11 18:13:15 EXEC SPC_GET_CONSTANT '';
2018-01-11 18:13:15 EXEC SPC_003_PI_EXCEL_INQ1 'RT-130827002','','003_pi-excel','';
2018-01-11 18:15:18 EXEC SPC_073_LOGIN_ACT1 '001','123456';
2018-01-11 18:15:18 EXEC SPC_GET_CONSTANT '';
2018-01-11 18:15:25 EXEC SPC_COM_GET_COMBOBOX 'pi_status_div';
2018-01-11 18:15:26 EXEC SPC_002_PI_SEARCH_FND1 '','','','','','','','','1','10';
2018-01-11 18:15:30 EXEC SPC_COM_GET_COMBOBOX 'port_country_div';
2018-01-11 18:15:31 EXEC SPC_COM_GET_COMBOBOX 'unit_q_div';
2018-01-11 18:15:31 EXEC SPC_COM_GET_COMBOBOX 'unit_w_div';
2018-01-11 18:15:31 EXEC SPC_COM_GET_COMBOBOX 'port_city_div';
2018-01-11 18:15:31 EXEC SPC_COM_GET_COMBOBOX 'currency_div';
2018-01-11 18:15:32 EXEC SPC_COM_GET_COMBOBOX 'shipment_div';
2018-01-11 18:15:32 EXEC SPC_COM_GET_COMBOBOX 'unit_m_div';
2018-01-11 18:15:32 EXEC SPC_COM_GET_COMBOBOX 'payment_conditions_div';
2018-01-11 18:15:32 EXEC SPC_COM_GET_COMBOBOX 'trade_terms_div';
2018-01-11 18:15:32 EXEC SPC_COM_GET_COMBOBOX 'sales_detail_div';
2018-01-11 18:15:32 EXEC SPC_COM_GET_COMBOBOX 'bank_div';
2018-01-11 18:15:32 EXEC SPC_GET_TAX_RATE '2018/01/11';
2018-01-11 18:15:32 EXEC SPC_001_PI_DETAIL_INQ1 'RT-130827001';
2018-01-11 18:15:33 EXEC SPC_COM_GET_COMBOBOX 'unit_m_div';
2018-01-11 18:15:33 EXEC SPC_COM_GET_COMBOBOX 'unit_w_div';
2018-01-11 18:15:33 EXEC SPC_COM_GET_COMBOBOX 'unit_q_div';
2018-01-11 18:15:33 EXEC SPC_COM_GET_COMBOBOX 'sales_detail_div';
2018-01-11 18:15:33 EXEC SPC_GET_TAX_RATE '2013/08/27';
2018-01-11 18:15:34 EXEC SPC_COM_GET_COMBOBOX 'pi_status_div';
2018-01-11 18:15:37 EXEC SPC_002_PI_SEARCH_FND1 '','','','','','','','20','1','10';
2018-01-11 18:15:40 EXEC SPC_COM_GET_COMBOBOX 'shipment_div';
2018-01-11 18:15:40 EXEC SPC_COM_GET_COMBOBOX 'payment_conditions_div';
2018-01-11 18:15:40 EXEC SPC_COM_GET_COMBOBOX 'port_country_div';
2018-01-11 18:15:40 EXEC SPC_COM_GET_COMBOBOX 'port_city_div';
2018-01-11 18:15:40 EXEC SPC_COM_GET_COMBOBOX 'currency_div';
2018-01-11 18:15:40 EXEC SPC_COM_GET_COMBOBOX 'trade_terms_div';
2018-01-11 18:15:41 EXEC SPC_COM_GET_COMBOBOX 'unit_m_div';
2018-01-11 18:15:41 EXEC SPC_COM_GET_COMBOBOX 'unit_w_div';
2018-01-11 18:15:41 EXEC SPC_GET_TAX_RATE '2018/01/11';
2018-01-11 18:15:41 EXEC SPC_COM_GET_COMBOBOX 'sales_detail_div';
2018-01-11 18:15:41 EXEC SPC_COM_GET_COMBOBOX 'unit_q_div';
2018-01-11 18:15:41 EXEC SPC_COM_GET_COMBOBOX 'bank_div';
2018-01-11 18:15:41 EXEC SPC_001_PI_DETAIL_INQ1 'RT-130827001';
2018-01-11 18:15:42 EXEC SPC_GET_TAX_RATE '2013/08/27';
2018-01-11 18:15:42 EXEC SPC_COM_GET_COMBOBOX 'unit_m_div';
2018-01-11 18:15:42 EXEC SPC_COM_GET_COMBOBOX 'unit_w_div';
2018-01-11 18:15:42 EXEC SPC_COM_GET_COMBOBOX 'sales_detail_div';
2018-01-11 18:15:42 EXEC SPC_COM_GET_COMBOBOX 'unit_q_div';
2018-01-11 18:15:45 EXEC SPC_COM_GET_COMBOBOX 'pi_status_div';
2018-01-11 18:15:45 EXEC SPC_002_PI_SEARCH_FND1 '','','','','','','','20','1','10';
2018-01-11 18:15:49 EXEC SPC_COM_GET_COMBOBOX 'port_country_div';
2018-01-11 18:15:49 EXEC SPC_COM_GET_COMBOBOX 'trade_terms_div';
2018-01-11 18:15:49 EXEC SPC_COM_GET_COMBOBOX 'payment_conditions_div';
2018-01-11 18:15:49 EXEC SPC_COM_GET_COMBOBOX 'port_city_div';
2018-01-11 18:15:49 EXEC SPC_COM_GET_COMBOBOX 'shipment_div';
2018-01-11 18:15:49 EXEC SPC_COM_GET_COMBOBOX 'currency_div';
2018-01-11 18:15:50 EXEC SPC_COM_GET_COMBOBOX 'unit_q_div';
2018-01-11 18:15:50 EXEC SPC_COM_GET_COMBOBOX 'unit_m_div';
2018-01-11 18:15:50 EXEC SPC_COM_GET_COMBOBOX 'sales_detail_div';
2018-01-11 18:15:50 EXEC SPC_COM_GET_COMBOBOX 'unit_w_div';
2018-01-11 18:15:50 EXEC SPC_COM_GET_COMBOBOX 'bank_div';
2018-01-11 18:15:50 EXEC SPC_GET_TAX_RATE '2018/01/11';
2018-01-11 18:15:50 EXEC SPC_001_PI_DETAIL_INQ1 'RT-130827001';
2018-01-11 18:15:51 EXEC SPC_COM_GET_COMBOBOX 'unit_q_div';
2018-01-11 18:15:51 EXEC SPC_GET_TAX_RATE '2013/08/27';
2018-01-11 18:15:51 EXEC SPC_COM_GET_COMBOBOX 'sales_detail_div';
2018-01-11 18:15:51 EXEC SPC_COM_GET_COMBOBOX 'unit_w_div';
2018-01-11 18:15:51 EXEC SPC_COM_GET_COMBOBOX 'unit_m_div';
2018-01-11 18:15:55 EXEC SPC_GET_CONSTANT '';
2018-01-11 18:15:55 EXEC SPC_003_PI_EXCEL_INQ1 'RT-130827001','001','003_pi-excel','192.168.5.206';
2018-01-11 18:18:56 EXEC SPC_GET_CONSTANT '';
2018-01-11 18:18:56 EXEC SPC_003_PI_EXCEL_INQ1 'RT-130827001','001','003_pi-excel','192.168.5.206';
2018-01-11 18:24:30 EXEC SPC_COM_GET_COMBOBOX 'port_country_div';
2018-01-11 18:24:30 EXEC SPC_COM_GET_COMBOBOX 'unit_q_div';
2018-01-11 18:24:30 EXEC SPC_COM_GET_COMBOBOX 'trade_terms_div';
2018-01-11 18:24:30 EXEC SPC_COM_GET_COMBOBOX 'shipment_div';
2018-01-11 18:24:30 EXEC SPC_COM_GET_COMBOBOX 'payment_conditions_div';
2018-01-11 18:24:31 EXEC SPC_COM_GET_COMBOBOX 'port_city_div';
2018-01-11 18:24:31 EXEC SPC_COM_GET_COMBOBOX 'currency_div';
2018-01-11 18:24:31 EXEC SPC_COM_GET_COMBOBOX 'bank_div';
2018-01-11 18:24:31 EXEC SPC_COM_GET_COMBOBOX 'unit_w_div';
2018-01-11 18:24:31 EXEC SPC_COM_GET_COMBOBOX 'unit_m_div';
2018-01-11 18:24:31 EXEC SPC_COM_GET_COMBOBOX 'sales_detail_div';
2018-01-11 18:24:31 EXEC SPC_GET_TAX_RATE '2018/01/11';
2018-01-11 18:24:32 EXEC SPC_001_PI_DETAIL_INQ1 'RT-130827001';
2018-01-11 18:24:32 EXEC SPC_COM_GET_COMBOBOX 'unit_w_div';
2018-01-11 18:24:32 EXEC SPC_COM_GET_COMBOBOX 'sales_detail_div';
2018-01-11 18:24:32 EXEC SPC_COM_GET_COMBOBOX 'unit_m_div';
2018-01-11 18:24:32 EXEC SPC_COM_GET_COMBOBOX 'unit_q_div';
2018-01-11 18:24:38 EXEC SPC_GET_CONSTANT '';
2018-01-11 18:24:38 EXEC SPC_003_PI_EXCEL_INQ1 'RT-130827001','001','003_pi-excel','192.168.5.206';
2018-01-11 18:29:02 EXEC SPC_COM_GET_COMBOBOX 'payment_conditions_div';
2018-01-11 18:29:02 EXEC SPC_COM_GET_COMBOBOX 'port_country_div';
2018-01-11 18:29:02 EXEC SPC_COM_GET_COMBOBOX 'shipment_div';
2018-01-11 18:29:02 EXEC SPC_COM_GET_COMBOBOX 'trade_terms_div';
2018-01-11 18:29:02 EXEC SPC_COM_GET_COMBOBOX 'currency_div';
2018-01-11 18:29:02 EXEC SPC_COM_GET_COMBOBOX 'port_city_div';
2018-01-11 18:29:03 EXEC SPC_COM_GET_COMBOBOX 'unit_q_div';
2018-01-11 18:29:03 EXEC SPC_COM_GET_COMBOBOX 'sales_detail_div';
2018-01-11 18:29:03 EXEC SPC_COM_GET_COMBOBOX 'unit_m_div';
2018-01-11 18:29:03 EXEC SPC_COM_GET_COMBOBOX 'bank_div';
2018-01-11 18:29:03 EXEC SPC_COM_GET_COMBOBOX 'unit_w_div';
2018-01-11 18:29:03 EXEC SPC_GET_TAX_RATE '2018/01/11';
2018-01-11 18:29:03 EXEC SPC_001_PI_DETAIL_INQ1 'RT-130827001';
2018-01-11 18:29:04 EXEC SPC_COM_GET_COMBOBOX 'unit_w_div';
2018-01-11 18:29:04 EXEC SPC_COM_GET_COMBOBOX 'unit_m_div';
2018-01-11 18:29:04 EXEC SPC_GET_TAX_RATE '2013/08/27';
2018-01-11 18:29:04 EXEC SPC_COM_GET_COMBOBOX 'unit_q_div';
2018-01-11 18:29:04 EXEC SPC_COM_GET_COMBOBOX 'sales_detail_div';
2018-01-11 18:33:04 EXEC SPC_GET_CONSTANT '';
2018-01-11 18:33:04 EXEC SPC_003_PI_EXCEL_INQ1 'RT-130827001','001','003_pi-excel','192.168.5.206';
2018-01-11 18:38:33 EXEC SPC_001_PI_DETAIL_ACT4 'RT-130827001','001','001_pi-detail','192.168.5.206';
2018-01-11 18:38:34 EXEC SPC_001_PI_DETAIL_INQ1 'RT-130827001';
2018-01-11 18:38:35 EXEC SPC_GET_TAX_RATE '2013/08/27';
2018-01-11 18:38:36 EXEC SPC_COM_GET_COMBOBOX 'unit_q_div';
2018-01-11 18:38:36 EXEC SPC_COM_GET_COMBOBOX 'unit_w_div';
2018-01-11 18:38:36 EXEC SPC_COM_GET_COMBOBOX 'sales_detail_div';
2018-01-11 18:38:36 EXEC SPC_COM_GET_COMBOBOX 'unit_m_div';
2018-01-11 18:38:37 EXEC SPC_GET_CONSTANT '';
2018-01-11 18:38:37 EXEC SPC_003_PI_EXCEL_INQ1 'RT-130827001','001','003_pi-excel','192.168.5.206';
2018-01-11 18:39:02 EXEC SPC_001_PI_DETAIL_ACT3 'RT-130827001','001','001_pi-detail','192.168.5.206';
2018-01-11 18:39:03 EXEC SPC_001_PI_DETAIL_INQ1 'RT-130827001';
2018-01-11 18:39:04 EXEC SPC_GET_TAX_RATE '2013/08/27';
2018-01-11 18:39:04 EXEC SPC_COM_GET_COMBOBOX 'unit_m_div';
2018-01-11 18:39:04 EXEC SPC_COM_GET_COMBOBOX 'unit_w_div';
2018-01-11 18:39:04 EXEC SPC_COM_GET_COMBOBOX 'unit_q_div';
2018-01-11 18:39:04 EXEC SPC_COM_GET_COMBOBOX 'sales_detail_div';
2018-01-11 18:43:22 EXEC SPC_GET_CONSTANT '';
2018-01-11 18:43:22 EXEC SPC_003_PI_EXCEL_INQ1 'RT-130827001','001','003_pi-excel','192.168.5.206';
2018-01-11 18:44:09 EXEC SPC_COM_GET_COMBOBOX 'port_country_div';
2018-01-11 18:44:09 EXEC SPC_COM_GET_COMBOBOX 'currency_div';
2018-01-11 18:44:09 EXEC SPC_COM_GET_COMBOBOX 'port_city_div';
2018-01-11 18:44:09 EXEC SPC_COM_GET_COMBOBOX 'shipment_div';
2018-01-11 18:44:09 EXEC SPC_COM_GET_COMBOBOX 'payment_conditions_div';
2018-01-11 18:44:09 EXEC SPC_COM_GET_COMBOBOX 'trade_terms_div';
2018-01-11 18:44:10 EXEC SPC_COM_GET_COMBOBOX 'unit_q_div';
2018-01-11 18:44:10 EXEC SPC_GET_TAX_RATE '2018/01/11';
2018-01-11 18:44:10 EXEC SPC_COM_GET_COMBOBOX 'unit_w_div';
2018-01-11 18:44:10 EXEC SPC_COM_GET_COMBOBOX 'unit_m_div';
2018-01-11 18:44:10 EXEC SPC_COM_GET_COMBOBOX 'bank_div';
2018-01-11 18:44:10 EXEC SPC_COM_GET_COMBOBOX 'sales_detail_div';
2018-01-11 18:44:10 EXEC SPC_001_PI_DETAIL_INQ1 'RT-130827001';
2018-01-11 18:44:11 EXEC SPC_COM_GET_COMBOBOX 'unit_m_div';
2018-01-11 18:44:11 EXEC SPC_COM_GET_COMBOBOX 'unit_q_div';
2018-01-11 18:44:11 EXEC SPC_GET_TAX_RATE '2013/08/27';
2018-01-11 18:44:11 EXEC SPC_COM_GET_COMBOBOX 'sales_detail_div';
2018-01-11 18:44:11 EXEC SPC_COM_GET_COMBOBOX 'unit_w_div';
2018-01-11 18:44:14 EXEC SPC_COM_GET_COMBOBOX 'pi_status_div';
2018-01-11 18:44:17 EXEC SPC_002_PI_SEARCH_FND1 '','','','','','','','20','1','10';
2018-01-11 18:44:23 EXEC SPC_COM_GET_COMBOBOX 'trade_terms_div';
2018-01-11 18:44:23 EXEC SPC_COM_GET_COMBOBOX 'port_country_div';
2018-01-11 18:44:23 EXEC SPC_COM_GET_COMBOBOX 'currency_div';
2018-01-11 18:44:23 EXEC SPC_COM_GET_COMBOBOX 'payment_conditions_div';
2018-01-11 18:44:23 EXEC SPC_COM_GET_COMBOBOX 'shipment_div';
2018-01-11 18:44:23 EXEC SPC_COM_GET_COMBOBOX 'port_city_div';
2018-01-11 18:44:24 EXEC SPC_COM_GET_COMBOBOX 'sales_detail_div';
2018-01-11 18:44:24 EXEC SPC_COM_GET_COMBOBOX 'unit_m_div';
2018-01-11 18:44:24 EXEC SPC_COM_GET_COMBOBOX 'unit_q_div';
2018-01-11 18:44:24 EXEC SPC_COM_GET_COMBOBOX 'unit_w_div';
2018-01-11 18:44:24 EXEC SPC_GET_TAX_RATE '2018/01/11';
2018-01-11 18:44:24 EXEC SPC_COM_GET_COMBOBOX 'bank_div';
2018-01-11 18:44:24 EXEC SPC_001_PI_DETAIL_INQ1 'RT-131001001';
2018-01-11 18:44:25 EXEC SPC_COM_GET_COMBOBOX 'sales_detail_div';
2018-01-11 18:44:25 EXEC SPC_COM_GET_COMBOBOX 'unit_m_div';
2018-01-11 18:44:25 EXEC SPC_GET_TAX_RATE '2013/10/01';
2018-01-11 18:44:25 EXEC SPC_COM_GET_COMBOBOX 'unit_q_div';
2018-01-11 18:44:25 EXEC SPC_COM_GET_COMBOBOX 'unit_w_div';
2018-01-11 18:44:28 EXEC SPC_GET_CONSTANT '';
2018-01-11 18:44:28 EXEC SPC_003_PI_EXCEL_INQ1 'RT-131001001','001','003_pi-excel','192.168.5.206';
2018-01-11 18:49:16 EXEC SPC_GET_CONSTANT '';
2018-01-11 18:49:16 EXEC SPC_003_PI_EXCEL_INQ1 'RT-131001001','001','003_pi-excel','192.168.5.206';
2018-01-11 18:53:16 EXEC SPC_GET_CONSTANT '';
2018-01-11 18:53:16 EXEC SPC_003_PI_EXCEL_INQ1 'RT-131001001','001','003_pi-excel','192.168.5.206';
2018-01-11 19:05:50 EXEC SPC_GET_CONSTANT '';
2018-01-11 19:05:50 EXEC SPC_003_PI_EXCEL_INQ1 'RT-131001001','001','003_pi-excel','192.168.5.206';
2018-01-11 19:06:37 EXEC SPC_COM_GET_COMBOBOX 'pi_status_div';
2018-01-11 19:06:39 EXEC SPC_002_PI_SEARCH_FND1 '','','','','','','','','1','10';
2018-01-11 19:06:44 EXEC SPC_002_PI_SEARCH_FND1 '','','','','','','','','1','100';
2018-01-11 19:14:58 EXEC SPC_002_PI_SEARCH_FND1 '','','','','','','','20','1','100';
2018-01-11 19:15:02 EXEC SPC_COM_GET_COMBOBOX 'pi_status_div';
2018-01-11 19:15:05 EXEC SPC_002_PI_SEARCH_FND1 '','','','','','','','20','1','10';
2018-01-11 19:15:09 EXEC SPC_COM_GET_COMBOBOX 'port_country_div';
2018-01-11 19:15:10 EXEC SPC_COM_GET_COMBOBOX 'unit_q_div';
2018-01-11 19:15:10 EXEC SPC_COM_GET_COMBOBOX 'unit_w_div';
2018-01-11 19:15:11 EXEC SPC_COM_GET_COMBOBOX 'shipment_div';
2018-01-11 19:15:11 EXEC SPC_COM_GET_COMBOBOX 'unit_m_div';
2018-01-11 19:15:11 EXEC SPC_COM_GET_COMBOBOX 'trade_terms_div';
2018-01-11 19:15:11 EXEC SPC_COM_GET_COMBOBOX 'payment_conditions_div';
2018-01-11 19:15:11 EXEC SPC_COM_GET_COMBOBOX 'currency_div';

2018-01-11 19:15:11 EXEC SPC_COM_GET_COMBOBOX 'sales_detail_div';
2018-01-11 19:15:11 EXEC SPC_GET_TAX_RATE '2018/01/11';
2018-01-11 19:15:11 EXEC SPC_001_PI_DETAIL_INQ1 'RT-130827001';
2018-01-11 19:15:11 EXEC SPC_COM_GET_COMBOBOX 'bank_div';
2018-01-11 19:15:12 EXEC SPC_GET_TAX_RATE '2013/08/27';
2018-01-11 19:15:12 EXEC SPC_COM_GET_COMBOBOX 'unit_w_div';
2018-01-11 19:15:12 EXEC SPC_COM_GET_COMBOBOX 'unit_m_div';
2018-01-11 19:15:12 EXEC SPC_COM_GET_COMBOBOX 'sales_detail_div';
2018-01-11 19:15:12 EXEC SPC_COM_GET_COMBOBOX 'unit_q_div';
2018-01-11 19:15:18 EXEC SPC_COM_GET_COMBOBOX 'payment_conditions_div';
2018-01-11 19:15:18 EXEC SPC_COM_GET_COMBOBOX 'currency_div';
2018-01-11 19:15:18 EXEC SPC_COM_GET_COMBOBOX 'port_city_div';
2018-01-11 19:15:18 EXEC SPC_COM_GET_COMBOBOX 'port_country_div';
2018-01-11 19:15:18 EXEC SPC_COM_GET_COMBOBOX 'trade_terms_div';
2018-01-11 19:15:18 EXEC SPC_COM_GET_COMBOBOX 'shipment_div';
2018-01-11 19:15:18 EXEC SPC_COM_GET_COMBOBOX 'bank_div';
2018-01-11 19:15:19 EXEC SPC_GET_TAX_RATE '2018/01/11';
2018-01-11 19:15:19 EXEC SPC_COM_GET_COMBOBOX 'unit_w_div';
2018-01-11 19:15:19 EXEC SPC_COM_GET_COMBOBOX 'sales_detail_div';
2018-01-11 19:15:19 EXEC SPC_COM_GET_COMBOBOX 'unit_q_div';
2018-01-11 19:15:19 EXEC SPC_COM_GET_COMBOBOX 'unit_m_div';
2018-01-11 19:15:19 EXEC SPC_001_PI_DETAIL_INQ1 'RT-130827001';
2018-01-11 19:15:20 EXEC SPC_COM_GET_COMBOBOX 'unit_w_div';
2018-01-11 19:15:20 EXEC SPC_GET_TAX_RATE '2013/08/27';
2018-01-11 19:15:20 EXEC SPC_COM_GET_COMBOBOX 'unit_m_div';
2018-01-11 19:15:20 EXEC SPC_COM_GET_COMBOBOX 'sales_detail_div';
2018-01-11 19:15:20 EXEC SPC_COM_GET_COMBOBOX 'unit_q_div';
2018-01-11 19:15:23 EXEC SPC_GET_CONSTANT '';
2018-01-11 19:15:23 EXEC SPC_003_PI_EXCEL_INQ1 'RT-130827001','001','003_pi-excel','192.168.5.206';
