2018-01-04 10:32:32 EXEC SPC_004_PI_ORDER_CONFIRM_FND1 '','','','','1','10';
2018-01-04 10:37:43 EXEC SPC_004_PI_ORDER_CONFIRM_FND1 '','','','','1','10';
2018-01-04 10:39:33 EXEC SPC_004_PI_ORDER_CONFIRM_FND1 '','','','','1','10';
2018-01-04 10:40:47 EXEC SPC_COM_GET_COMBOBOX 'port_country_div';
2018-01-04 10:40:48 EXEC SPC_COM_GET_COMBOBOX 'unit_q_div';
2018-01-04 10:40:48 EXEC SPC_COM_GET_COMBOBOX 'unit_w_div';
2018-01-04 10:40:48 EXEC SPC_COM_GET_COMBOBOX 'payment_conditions_div';
2018-01-04 10:40:48 EXEC SPC_COM_GET_COMBOBOX 'port_city_div';
2018-01-04 10:40:48 EXEC SPC_COM_GET_COMBOBOX 'currency_div';
2018-01-04 10:40:48 EXEC SPC_COM_GET_COMBOBOX 'trade_terms_div';
2018-01-04 10:40:49 EXEC SPC_COM_GET_COMBOBOX 'shipment_div';
2018-01-04 10:40:49 EXEC SPC_COM_GET_COMBOBOX 'unit_m_div';
2018-01-04 10:40:49 EXEC SPC_COM_GET_COMBOBOX 'bank_div';
2018-01-04 10:40:49 EXEC SPC_COM_GET_COMBOBOX 'sales_detail_div';
2018-01-04 10:40:49 EXEC SPC_GET_TAX_RATE '2018/01/04';
2018-01-04 10:40:49 EXEC SPC_001_PI_DETAIL_INQ1 'RT-20171001123';
2018-01-04 10:44:45 EXEC SPC_COM_GET_COMBOBOX 'pi_status_div';
2018-01-04 10:44:46 EXEC SPC_002_PI_SEARCH_FND1 '','','','','','','','','1','10';
2018-01-04 10:44:49 EXEC SPC_002_PI_SEARCH_FND1 '','','','','','','','','1','10';
2018-01-04 10:47:04 EXEC SPC_004_PI_ORDER_CONFIRM_FND1 '','','','','1','10';
2018-01-04 10:47:30 EXEC SPC_004_PI_ORDER_CONFIRM_FND1 '','','','','1','10';
2018-01-04 10:50:29 EXEC SPC_COM_GET_COMBOBOX 'currency_div';
2018-01-04 10:50:29 EXEC SPC_COM_GET_COMBOBOX 'unit_q_div';
2018-01-04 10:50:30 EXEC SPC_COM_GET_COMBOBOX 'unit_w_div';
2018-01-04 10:50:30 EXEC SPC_COM_GET_COMBOBOX 'port_city_div';
2018-01-04 10:50:30 EXEC SPC_COM_GET_COMBOBOX 'trade_terms_div';
2018-01-04 10:50:30 EXEC SPC_COM_GET_COMBOBOX 'payment_conditions_div';
2018-01-04 10:50:30 EXEC SPC_COM_GET_COMBOBOX 'port_country_div';
2018-01-04 10:50:30 EXEC SPC_COM_GET_COMBOBOX 'shipment_div';
2018-01-04 10:50:30 EXEC SPC_COM_GET_COMBOBOX 'unit_m_div';
2018-01-04 10:50:31 EXEC SPC_GET_TAX_RATE '2018/01/04';
2018-01-04 10:50:31 EXEC SPC_COM_GET_COMBOBOX 'sales_detail_div';
2018-01-04 10:50:31 EXEC SPC_001_PI_DETAIL_INQ1 'RT-20171001123';
2018-01-04 10:50:31 EXEC SPC_COM_GET_COMBOBOX 'bank_div';
2018-01-04 10:53:50 EXEC SPC_GET_LIB_COUNTRY 'JP';
2018-01-04 10:53:59 EXEC SPC_GET_LIB_COUNTRY 'AF';
2018-01-04 10:54:36 EXEC SPC_004_PI_ORDER_CONFIRM_FND1 '','','','','1','10';
2018-01-04 10:54:38 EXEC SPC_004_PI_ORDER_CONFIRM_FND1 '','','','','1','10';
2018-01-04 10:56:13 EXEC SPC_004_PI_ORDER_CONFIRM_FND1 '','','gfsg','','1','10';
2018-01-04 10:57:57 EXEC SPC_004_PI_ORDER_CONFIRM_FND1 '','','gfsg','','1','10';
2018-01-04 10:58:49 EXEC SPC_004_PI_ORDER_CONFIRM_FND1 '','','','','1','10';
2018-01-04 10:59:07 EXEC SPC_004_PI_ORDER_CONFIRM_FND1 '','','tgyujy','','1','10';
2018-01-04 10:59:32 EXEC SPC_004_PI_ORDER_CONFIRM_FND1 '','','','','1','10';
2018-01-04 10:59:35 EXEC SPC_004_PI_ORDER_CONFIRM_FND1 '','','rgsdg','','1','10';
2018-01-04 11:00:12 EXEC SPC_004_PI_ORDER_CONFIRM_FND1 '','','','','1','10';
2018-01-04 11:00:55 EXEC SPC_004_PI_ORDER_CONFIRM_FND1 '','','','','1','10';
2018-01-04 11:01:26 EXEC SPC_004_PI_ORDER_CONFIRM_FND1 '','','','','1','10';
2018-01-04 11:01:28 EXEC SPC_004_PI_ORDER_CONFIRM_FND1 '','','fgsfg','','1','10';
2018-01-04 11:01:36 EXEC SPC_004_PI_ORDER_CONFIRM_FND1 '','','f','','1','10';
2018-01-04 11:04:10 EXEC SPC_004_PI_ORDER_CONFIRM_FND1 '','','','','1','10';
2018-01-04 11:04:13 EXEC SPC_004_PI_ORDER_CONFIRM_FND1 '','','fgsdf','','1','10';
2018-01-04 11:04:41 EXEC SPC_004_PI_ORDER_CONFIRM_FND1 '','','','','1','10';
2018-01-04 11:04:44 EXEC SPC_004_PI_ORDER_CONFIRM_FND1 '','','sfa','','1','10';
2018-01-04 11:05:00 EXEC SPC_004_PI_ORDER_CONFIRM_FND1 '','','','','1','10';
2018-01-04 11:05:02 EXEC SPC_004_PI_ORDER_CONFIRM_FND1 '','','hdfgh','','1','10';
2018-01-04 11:05:05 EXEC SPC_004_PI_ORDER_CONFIRM_FND1 '','','','','1','10';
2018-01-04 11:05:11 EXEC SPC_004_PI_ORDER_CONFIRM_FND1 '','','j','','1','10';
2018-01-04 11:05:14 EXEC SPC_004_PI_ORDER_CONFIRM_FND1 '','','jk','','1','10';
2018-01-04 11:06:50 EXEC SPC_004_PI_ORDER_CONFIRM_FND1 '','','','','1','10';
2018-01-04 11:06:54 EXEC SPC_COM_GET_COMBOBOX 'port_country_div';
2018-01-04 11:06:55 EXEC SPC_COM_GET_COMBOBOX 'unit_q_div';
2018-01-04 11:06:55 EXEC SPC_COM_GET_COMBOBOX 'unit_w_div';
2018-01-04 11:06:56 EXEC SPC_COM_GET_COMBOBOX 'unit_m_div';
2018-01-04 11:06:56 EXEC SPC_COM_GET_COMBOBOX 'currency_div';
2018-01-04 11:06:56 EXEC SPC_COM_GET_COMBOBOX 'port_city_div';
2018-01-04 11:06:56 EXEC SPC_COM_GET_COMBOBOX 'shipment_div';
2018-01-04 11:06:56 EXEC SPC_COM_GET_COMBOBOX 'trade_terms_div';
2018-01-04 11:06:56 EXEC SPC_COM_GET_COMBOBOX 'payment_conditions_div';
2018-01-04 11:06:56 EXEC SPC_COM_GET_COMBOBOX 'bank_div';
2018-01-04 11:06:56 EXEC SPC_COM_GET_COMBOBOX 'sales_detail_div';
2018-01-04 11:06:56 EXEC SPC_GET_TAX_RATE '2018/01/04';
2018-01-04 11:06:57 EXEC SPC_001_PI_DETAIL_INQ1 'RT-20171001123';
2018-01-04 11:07:01 EXEC SPC_004_PI_ORDER_CONFIRM_FND1 '','','','','1','10';
2018-01-04 11:07:12 EXEC SPC_004_PI_ORDER_CONFIRM_FND1 '','','dtg','','1','10';
2018-01-04 11:07:16 EXEC SPC_004_PI_ORDER_CONFIRM_FND1 '','','','','1','10';
2018-01-04 11:07:22 EXEC SPC_004_PI_ORDER_CONFIRM_FND1 '','','','','1','10';
2018-01-04 11:07:26 EXEC SPC_COM_GET_COMBOBOX 'port_city_div';
2018-01-04 11:07:26 EXEC SPC_COM_GET_COMBOBOX 'port_country_div';
2018-01-04 11:07:26 EXEC SPC_COM_GET_COMBOBOX 'payment_conditions_div';
2018-01-04 11:07:26 EXEC SPC_COM_GET_COMBOBOX 'trade_terms_div';
2018-01-04 11:07:26 EXEC SPC_COM_GET_COMBOBOX 'shipment_div';
2018-01-04 11:07:26 EXEC SPC_COM_GET_COMBOBOX 'currency_div';
2018-01-04 11:07:26 EXEC SPC_COM_GET_COMBOBOX 'unit_w_div';
2018-01-04 11:07:27 EXEC SPC_COM_GET_COMBOBOX 'unit_m_div';
2018-01-04 11:07:27 EXEC SPC_COM_GET_COMBOBOX 'unit_q_div';
2018-01-04 11:07:27 EXEC SPC_COM_GET_COMBOBOX 'sales_detail_div';
2018-01-04 11:07:27 EXEC SPC_COM_GET_COMBOBOX 'bank_div';
2018-01-04 11:07:27 EXEC SPC_GET_TAX_RATE '2018/01/04';
2018-01-04 11:07:27 EXEC SPC_001_PI_DETAIL_INQ1 'RT-130827003';
2018-01-04 11:07:28 EXEC SPC_COM_GET_COMBOBOX 'unit_q_div';
2018-01-04 11:07:28 EXEC SPC_COM_GET_COMBOBOX 'unit_w_div';
2018-01-04 11:07:28 EXEC SPC_COM_GET_COMBOBOX 'unit_m_div';
2018-01-04 11:07:28 EXEC SPC_GET_TAX_RATE '2013/08/27';
2018-01-04 11:07:28 EXEC SPC_COM_GET_COMBOBOX 'sales_detail_div';
2018-01-04 11:07:35 EXEC SPC_COM_GET_COMBOBOX 'pi_status_div';
2018-01-04 11:07:35 EXEC SPC_002_PI_SEARCH_FND1 '','','','','','','','','1','10';
2018-01-04 11:07:39 EXEC SPC_COM_GET_COMBOBOX 'port_country_div';
2018-01-04 11:07:39 EXEC SPC_COM_GET_COMBOBOX 'currency_div';
2018-01-04 11:07:39 EXEC SPC_COM_GET_COMBOBOX 'payment_conditions_div';
2018-01-04 11:07:39 EXEC SPC_COM_GET_COMBOBOX 'shipment_div';
2018-01-04 11:07:39 EXEC SPC_COM_GET_COMBOBOX 'port_city_div';
2018-01-04 11:07:39 EXEC SPC_COM_GET_COMBOBOX 'trade_terms_div';
2018-01-04 11:07:40 EXEC SPC_COM_GET_COMBOBOX 'unit_w_div';
2018-01-04 11:07:40 EXEC SPC_COM_GET_COMBOBOX 'sales_detail_div';
2018-01-04 11:07:40 EXEC SPC_COM_GET_COMBOBOX 'unit_q_div';
2018-01-04 11:07:40 EXEC SPC_COM_GET_COMBOBOX 'unit_m_div';
2018-01-04 11:07:40 EXEC SPC_GET_TAX_RATE '2018/01/04';
2018-01-04 11:07:40 EXEC SPC_COM_GET_COMBOBOX 'bank_div';
2018-01-04 11:07:40 EXEC SPC_001_PI_DETAIL_INQ1 'RT-130827002';
2018-01-04 11:07:41 EXEC SPC_COM_GET_COMBOBOX 'unit_q_div';
2018-01-04 11:07:41 EXEC SPC_GET_TAX_RATE '2013/08/27';
2018-01-04 11:07:41 EXEC SPC_COM_GET_COMBOBOX 'unit_m_div';
2018-01-04 11:07:41 EXEC SPC_COM_GET_COMBOBOX 'unit_w_div';
2018-01-04 11:07:41 EXEC SPC_COM_GET_COMBOBOX 'sales_detail_div';
2018-01-04 11:07:44 EXEC SPC_COM_GET_COMBOBOX 'pi_status_div';
2018-01-04 11:07:45 EXEC SPC_002_PI_SEARCH_FND1 '','','','','','','','','1','10';
2018-01-04 11:08:07 EXEC SPC_004_PI_ORDER_CONFIRM_FND1 '','','','','1','10';
2018-01-04 11:08:11 EXEC SPC_COM_GET_COMBOBOX 'shipment_div';
2018-01-04 11:08:11 EXEC SPC_COM_GET_COMBOBOX 'currency_div';
2018-01-04 11:08:11 EXEC SPC_COM_GET_COMBOBOX 'payment_conditions_div';
2018-01-04 11:08:11 EXEC SPC_COM_GET_COMBOBOX 'port_city_div';
2018-01-04 11:08:11 EXEC SPC_COM_GET_COMBOBOX 'trade_terms_div';
2018-01-04 11:08:11 EXEC SPC_COM_GET_COMBOBOX 'port_country_div';
2018-01-04 11:08:11 EXEC SPC_COM_GET_COMBOBOX 'unit_q_div';
2018-01-04 11:08:11 EXEC SPC_COM_GET_COMBOBOX 'unit_w_div';
2018-01-04 11:08:11 EXEC SPC_COM_GET_COMBOBOX 'unit_m_div';
2018-01-04 11:08:11 EXEC SPC_COM_GET_COMBOBOX 'sales_detail_div';
2018-01-04 11:08:11 EXEC SPC_GET_TAX_RATE '2018/01/04';
2018-01-04 11:08:11 EXEC SPC_COM_GET_COMBOBOX 'bank_div';
2018-01-04 11:08:12 EXEC SPC_001_PI_DETAIL_INQ1 'RT-140416001';
2018-01-04 11:08:12 EXEC SPC_COM_GET_COMBOBOX 'unit_q_div';
2018-01-04 11:08:12 EXEC SPC_GET_TAX_RATE '2014/04/16';
2018-01-04 11:08:12 EXEC SPC_COM_GET_COMBOBOX 'unit_m_div';
2018-01-04 11:08:12 EXEC SPC_COM_GET_COMBOBOX 'unit_w_div';
2018-01-04 11:08:13 EXEC SPC_COM_GET_COMBOBOX 'sales_detail_div';
2018-01-04 11:08:15 EXEC SPC_004_PI_ORDER_CONFIRM_FND1 '','','','','1','10';
2018-01-04 11:08:57 EXEC SPC_004_PI_ORDER_CONFIRM_FND1 '','','','','1','10';
2018-01-04 11:08:59 EXEC SPC_004_PI_ORDER_CONFIRM_FND1 '','','','','1','10';
2018-01-04 11:09:02 EXEC SPC_004_PI_ORDER_CONFIRM_FND1 '','','','','1','10';
2018-01-04 11:09:18 EXEC SPC_004_PI_ORDER_CONFIRM_FND1 '','','','','2','10';
2018-01-04 11:09:21 EXEC SPC_004_PI_ORDER_CONFIRM_FND1 '','','','','3','10';
2018-01-04 11:09:22 EXEC SPC_004_PI_ORDER_CONFIRM_FND1 '','','','','3','10';
2018-01-04 11:10:12 EXEC SPC_004_PI_ORDER_CONFIRM_FND1 '','','','','3','10';
2018-01-04 11:13:20 EXEC SPC_004_PI_ORDER_CONFIRM_FND1 '','','','','1','10';
2018-01-04 11:13:22 EXEC SPC_004_PI_ORDER_CONFIRM_FND1 '','','','','1','50';
2018-01-04 11:13:25 EXEC SPC_004_PI_ORDER_CONFIRM_FND1 '','','','','2','50';
2018-01-04 11:13:27 EXEC SPC_004_PI_ORDER_CONFIRM_FND1 '','','','','2','10';
2018-01-04 11:13:30 EXEC SPC_004_PI_ORDER_CONFIRM_FND1 '','','','','2','100';
2018-01-04 11:13:32 EXEC SPC_004_PI_ORDER_CONFIRM_FND1 '','','','','3','100';
2018-01-04 11:13:37 EXEC SPC_004_PI_ORDER_CONFIRM_FND1 '','','','g','1','100';
2018-01-04 11:13:39 EXEC SPC_004_PI_ORDER_CONFIRM_FND1 '','','','','1','100';
2018-01-04 11:13:48 EXEC SPC_004_PI_ORDER_CONFIRM_FND1 '2013/08/27','2013/08/27','','','1','100';
2018-01-04 11:13:57 EXEC SPC_004_PI_ORDER_CONFIRM_FND1 '2013/08/27','2013/12/27','','','1','100';
2018-01-04 11:14:08 EXEC SPC_004_PI_ORDER_CONFIRM_FND1 '2013/08/27','2018/12/31','','','1','100';
2018-01-04 11:14:27 EXEC SPC_004_PI_ORDER_CONFIRM_FND1 '2013/08/01','2016/12/28','','','1','100';
2018-01-04 11:14:44 EXEC SPC_004_PI_ORDER_CONFIRM_FND1 '2018/01/05','2018/01/24','','','1','100';
2018-01-04 11:14:56 EXEC SPC_004_PI_ORDER_CONFIRM_FND1 '2018/01/04','2018/01/04','','','1','100';
2018-01-04 11:15:08 EXEC SPC_004_PI_ORDER_CONFIRM_FND1 '2017/12/15','2017/12/25','','','1','100';
2018-01-04 11:15:17 EXEC SPC_004_PI_ORDER_CONFIRM_FND1 '2017/09/26','2017/12/25','','','1','100';
2018-01-04 11:15:24 EXEC SPC_004_PI_ORDER_CONFIRM_FND1 '2016/09/27','2017/12/25','','','1','100';
2018-01-04 11:15:33 EXEC SPC_004_PI_ORDER_CONFIRM_FND1 '','','','','1','100';
2018-01-04 11:15:40 EXEC SPC_004_PI_ORDER_CONFIRM_FND1 '','','','','4','100';
2018-01-04 11:15:49 EXEC SPC_004_PI_ORDER_CONFIRM_FND1 '2015/01/01','','','','1','100';
2018-01-04 11:16:58 EXEC SPC_004_PI_ORDER_CONFIRM_FND1 '2015/01/01','','','','1','100';
2018-01-04 11:17:51 EXEC SPC_COM_GET_COMBOBOX 'port_country_div';
2018-01-04 11:17:52 EXEC SPC_COM_GET_COMBOBOX 'unit_q_div';
2018-01-04 11:17:52 EXEC SPC_COM_GET_COMBOBOX 'unit_w_div';
2018-01-04 11:17:53 EXEC SPC_COM_GET_COMBOBOX 'trade_terms_div';
2018-01-04 11:17:53 EXEC SPC_COM_GET_COMBOBOX 'shipment_div';
2018-01-04 11:17:53 EXEC SPC_COM_GET_COMBOBOX 'port_city_div';
2018-01-04 11:17:53 EXEC SPC_COM_GET_COMBOBOX 'unit_m_div';
2018-01-04 11:17:53 EXEC SPC_COM_GET_COMBOBOX 'payment_conditions_div';
2018-01-04 11:17:53 EXEC SPC_COM_GET_COMBOBOX 'currency_div';
2018-01-04 11:17:53 EXEC SPC_GET_TAX_RATE '2018/01/04';
il_div';
2018-01-04 11:17:53 EXEC SPC_COM_GET_COMBOBOX 'bank_div';
2018-01-04 11:17:53 EXEC SPC_001_PI_DETAIL_INQ1 'RT-150105001';
2018-01-04 11:17:54 EXEC SPC_COM_GET_COMBOBOX 'sales_detail_div';
2018-01-04 11:17:54 EXEC SPC_COM_GET_COMBOBOX 'unit_w_div';
2018-01-04 11:17:54 EXEC SPC_GET_TAX_RATE '2015/01/05';
2018-01-04 11:17:54 EXEC SPC_COM_GET_COMBOBOX 'unit_m_div';
2018-01-04 11:17:54 EXEC SPC_COM_GET_COMBOBOX 'unit_q_div';
2018-01-04 11:18:16 EXEC SPC_001_PI_DETAIL_ACT4 'RT-150105001','','001_pi-detail','';
2018-01-04 11:18:17 EXEC SPC_001_PI_DETAIL_INQ1 'RT-150105001';
2018-01-04 11:18:18 EXEC SPC_COM_GET_COMBOBOX 'sales_detail_div';
2018-01-04 11:18:18 EXEC SPC_GET_TAX_RATE '2015/01/05';
2018-01-04 11:18:18 EXEC SPC_COM_GET_COMBOBOX 'unit_w_div';
2018-01-04 11:18:18 EXEC SPC_COM_GET_COMBOBOX 'unit_q_div';
2018-01-04 11:18:18 EXEC SPC_COM_GET_COMBOBOX 'unit_m_div';
2018-01-04 11:18:34 EXEC SPC_001_PI_DETAIL_ACT1 'A','RT-150105001','2015/01/05','F0229','TECHNOWAVE S.A.E.','Rama Tower -Katameyia, Beside Bavarian (BMW),','Cairo','','015','EG','202-27276000','202-27276004','','TECHNOWAVE S.A.E.','Rama Tower -Katameyia, Beside Bavarian (BMW),','Cairo','','015','EG','202-27276000','202-27276004','TECHNOWAVE','','','','Standard Export Carton','01','USD','060','01','03','015','EG','04','Advance payment by T.T.','[{"pi_detail_no":"1","sales_detail_div":"0","product_cd":"10005","description":"Digital Spectrophotometer Model PD-303S (5 parameters type) with micoprocessor and Standard accessories","qty":"258","unit_of_m_div":"001","unit_price":"850","amount":"219300","detail_tax":"17544","unit_measure_qty":"0","unit_measure_price":"001","outside_remarks":"","unit_net_weight":"4","unit_net_weight_div":"001","net_weight":"1032","unit_gross_weight":"6.4","gross_weight":"1651.2","measure":"0"}]','258','001','1651.2','001','1032','001','0','001','219300','0','0','0','219300','To be negotiated','','Japan','APEL CO.,LTD.','This Proforma invoice is valid for 1 month from the date of  issue.','- If a consulate visa is required, the related fees should be paid by the buyer.','- In case of transport by air and/or container, FOB, C&F and CIF in this proforma invoice','shall be respectively equivalent to FCA, CPT and CIP stipulated in Incoterms 2000.','- In the even that the dollar (euro)falls against the Japanese yen by more than 5% from','the rate of proforma invoice date, the prices will not be effective.','* Remittance charge must be covered by sender.','*** Warranty period after shipment***','3 years: PD-303, BR-501','1 year: AP-120, AP-1000M, PD-303S, PD-3000UV, BR-5200, BR-5200P, HC-702, HG-220','','002','','','001_pi-detail','';
2018-01-04 11:18:35 EXEC SPC_001_PI_DETAIL_INQ1 'RT-150105001';
2018-01-04 11:18:36 EXEC SPC_COM_GET_COMBOBOX 'unit_q_div';
2018-01-04 11:18:36 EXEC SPC_COM_GET_COMBOBOX 'unit_m_div';
2018-01-04 11:18:36 EXEC SPC_COM_GET_COMBOBOX 'sales_detail_div';
2018-01-04 11:18:36 EXEC SPC_GET_TAX_RATE '2015/01/05';
2018-01-04 11:18:36 EXEC SPC_COM_GET_COMBOBOX 'unit_w_div';
2018-01-04 11:18:39 EXEC SPC_001_PI_DETAIL_ACT1 'A','RT-150105001','2015/01/05','F0229','TECHNOWAVE S.A.E.','Rama Tower -Katameyia, Beside Bavarian (BMW),','Cairo','','015','EG','202-27276000','202-27276004','','TECHNOWAVE S.A.E.','Rama Tower -Katameyia, Beside Bavarian (BMW),','Cairo','','015','EG','202-27276000','202-27276004','TECHNOWAVE','','','','Standard Export Carton','01','USD','060','01','03','015','EG','04','Advance payment by T.T.','[{"pi_detail_no":"1","sales_detail_div":"0","product_cd":"10005","description":"Digital Spectrophotometer Model PD-303S (5 parameters type) with micoprocessor and Standard accessories","qty":"258","unit_of_m_div":"001","unit_price":"850","amount":"219300","detail_tax":"17544","unit_measure_qty":"0","unit_measure_price":"001","outside_remarks":"","unit_net_weight":"4","unit_net_weight_div":"001","net_weight":"1032","unit_gross_weight":"6.4","gross_weight":"1651.2","measure":"0"}]','258','001','1651.2','001','1032','001','0','001','219300','10','0','0','219310','To be negotiated','','Japan','APEL CO.,LTD.','This Proforma invoice is valid for 1 month from the date of  issue.','- If a consulate visa is required, the related fees should be paid by the buyer.','- In case of transport by air and/or container, FOB, C&F and CIF in this proforma invoice','shall be respectively equivalent to FCA, CPT and CIP stipulated in Incoterms 2000.','- In the even that the dollar (euro)falls against the Japanese yen by more than 5% from','the rate of proforma invoice date, the prices will not be effective.','* Remittance charge must be covered by sender.','*** Warranty period after shipment***','3 years: PD-303, BR-501','1 year: AP-120, AP-1000M, PD-303S, PD-3000UV, BR-5200, BR-5200P, HC-702, HG-220','','002','','','001_pi-detail','';
2018-01-04 11:18:40 EXEC SPC_001_PI_DETAIL_INQ1 'RT-150105001';
2018-01-04 11:18:41 EXEC SPC_COM_GET_COMBOBOX 'unit_q_div';
2018-01-04 11:18:41 EXEC SPC_COM_GET_COMBOBOX 'unit_m_div';
2018-01-04 11:18:41 EXEC SPC_COM_GET_COMBOBOX 'unit_w_div';
2018-01-04 11:18:41 EXEC SPC_GET_TAX_RATE '2015/01/05';
2018-01-04 11:18:41 EXEC SPC_COM_GET_COMBOBOX 'sales_detail_div';
2018-01-04 11:18:43 EXEC SPC_001_PI_DETAIL_ACT3 'RT-150105001','','001_pi-detail','';
2018-01-04 11:18:44 EXEC SPC_001_PI_DETAIL_INQ1 'RT-150105001';
2018-01-04 11:18:44 EXEC SPC_COM_GET_COMBOBOX 'sales_detail_div';
2018-01-04 11:18:45 EXEC SPC_COM_GET_COMBOBOX 'unit_w_div';
2018-01-04 11:18:45 EXEC SPC_GET_TAX_RATE '2015/01/05';
2018-01-04 11:18:45 EXEC SPC_COM_GET_COMBOBOX 'unit_q_div';
2018-01-04 11:18:45 EXEC SPC_COM_GET_COMBOBOX 'unit_m_div';
2018-01-04 11:18:47 EXEC SPC_COM_GET_COMBOBOX 'currency_div';
2018-01-04 11:18:48 EXEC SPC_COM_GET_COMBOBOX 'shipment_div';
2018-01-04 11:18:48 EXEC SPC_COM_GET_COMBOBOX 'port_country_div';
2018-01-04 11:18:48 EXEC SPC_COM_GET_COMBOBOX 'port_city_div';
2018-01-04 11:18:48 EXEC SPC_COM_GET_COMBOBOX 'payment_conditions_div';
2018-01-04 11:18:48 EXEC SPC_COM_GET_COMBOBOX 'trade_terms_div';
2018-01-04 11:18:48 EXEC SPC_COM_GET_COMBOBOX 'unit_q_div';
2018-01-04 11:18:48 EXEC SPC_COM_GET_COMBOBOX 'sales_detail_div';
2018-01-04 11:18:48 EXEC SPC_COM_GET_COMBOBOX 'bank_div';
2018-01-04 11:18:48 EXEC SPC_GET_TAX_RATE '2018/01/04';
2018-01-04 11:18:48 EXEC SPC_COM_GET_COMBOBOX 'unit_m_div';
2018-01-04 11:18:48 EXEC SPC_COM_GET_COMBOBOX 'unit_w_div';
2018-01-04 11:18:49 EXEC SPC_001_PI_DETAIL_INQ1 'RT-150105001';
2018-01-04 11:18:49 EXEC SPC_COM_GET_COMBOBOX 'sales_detail_div';
2018-01-04 11:18:49 EXEC SPC_GET_TAX_RATE '2015/01/05';
2018-01-04 11:18:50 EXEC SPC_COM_GET_COMBOBOX 'unit_m_div';
2018-01-04 11:18:50 EXEC SPC_COM_GET_COMBOBOX 'unit_w_div';
2018-01-04 11:18:50 EXEC SPC_COM_GET_COMBOBOX 'unit_q_div';
2018-01-04 11:19:40 EXEC SPC_004_PI_ORDER_CONFIRM_FND1 '','','','','1','10';
2018-01-04 11:20:59 EXEC SPC_004_PI_ORDER_CONFIRM_FND1 '','','','','1','10';
2018-01-04 11:24:07 EXEC SPC_004_PI_ORDER_CONFIRM_FND1 '','','','','1','10';
2018-01-04 11:24:12 EXEC SPC_002_PI_SEARCH_ACT1 '[{"pi_no":""},{"pi_no":""},{"pi_no":""}]','','002_pi-search','';
2018-01-04 11:24:49 EXEC SPC_004_PI_ORDER_CONFIRM_FND1 '','','','','1','10';
2018-01-04 11:24:52 EXEC SPC_004_PI_ORDER_CONFIRM_FND1 '','','','','1','10';
2018-01-04 11:24:57 EXEC SPC_002_PI_SEARCH_ACT1 '[{"pi_no":"RT-130827003"},{"pi_no":"RT-130827004"},{"pi_no":"RT-130829001"}]','','002_pi-search','';
2018-01-04 11:27:37 EXEC SPC_073_LOGIN_ACT1 '001','123456';
2018-01-04 11:27:37 EXEC SPC_GET_CONSTANT '';
2018-01-04 11:27:47 EXEC SPC_004_PI_ORDER_CONFIRM_FND1 '','','','','1','10';
2018-01-04 11:35:22 EXEC SPC_073_LOGIN_ACT1 '001','123456';
2018-01-04 11:35:22 EXEC SPC_GET_CONSTANT '';
2018-01-04 11:35:29 EXEC SPC_004_PI_ORDER_CONFIRM_FND1 '','','','','1','10';
2018-01-04 11:35:32 EXEC SPC_004_PI_ORDER_CONFIRM_FND1 '','','','','1','10';
2018-01-04 11:43:22 EXEC SPC_COM_GET_COMBOBOX 'port_country_div';
2018-01-04 11:43:22 EXEC SPC_COM_GET_COMBOBOX 'unit_q_div';
2018-01-04 11:43:23 EXEC SPC_COM_GET_COMBOBOX 'trade_terms_div';
2018-01-04 11:43:23 EXEC SPC_COM_GET_COMBOBOX 'shipment_div';
2018-01-04 11:43:23 EXEC SPC_COM_GET_COMBOBOX 'currency_div';
2018-01-04 11:43:23 EXEC SPC_COM_GET_COMBOBOX 'payment_conditions_div';
2018-01-04 11:43:23 EXEC SPC_COM_GET_COMBOBOX 'unit_w_div';
2018-01-04 11:43:23 EXEC SPC_COM_GET_COMBOBOX 'port_city_div';
2018-01-04 11:43:23 EXEC SPC_COM_GET_COMBOBOX 'unit_m_div';
2018-01-04 11:43:23 EXEC SPC_COM_GET_COMBOBOX 'sales_detail_div';
2018-01-04 11:43:23 EXEC SPC_COM_GET_COMBOBOX 'bank_div';
2018-01-04 11:43:23 EXEC SPC_GET_TAX_RATE '2018/01/04';
2018-01-04 11:43:23 EXEC SPC_001_PI_DETAIL_INQ1 'RT-130905001';
2018-01-04 11:43:24 EXEC SPC_COM_GET_COMBOBOX 'unit_w_div';
2018-01-04 11:43:24 EXEC SPC_COM_GET_COMBOBOX 'sales_detail_div';
2018-01-04 11:43:24 EXEC SPC_COM_GET_COMBOBOX 'unit_q_div';
2018-01-04 11:43:24 EXEC SPC_COM_GET_COMBOBOX 'unit_m_div';
2018-01-04 11:43:24 EXEC SPC_GET_TAX_RATE '2013/09/05';
2018-01-04 11:46:42 EXEC SPC_004_PI_ORDER_CONFIRM_FND1 '','','','','1','10';
2018-01-04 11:53:45 EXEC SPC_004_PI_ORDER_CONFIRM_FND1 '','','è','','1','10';
2018-01-04 11:53:48 EXEC SPC_004_PI_ORDER_CONFIRM_FND1 '','','','','1','10';
2018-01-04 12:20:03 EXEC SPC_004_PI_ORDER_CONFIRM_FND1 '','','','','1','10';
2018-01-04 12:20:16 EXEC SPC_004_PI_ORDER_CONFIRM_FND1 '','','','131009001','1','10';
