2018-03-27 10:35:06 EXEC SPC_073_LOGIN_ACT1 '001','123456';
2018-03-27 10:35:06 EXEC SPC_GET_CONSTANT '';
2018-03-27 10:39:59 EXEC SPC_COM_GET_COMBOBOX 'in_out_div';
2018-03-27 10:39:59 EXEC SPC_COM_GET_COMBOBOX 'in_out_data_div';
2018-03-27 10:57:39 EXEC SPC_COM_GET_COMBOBOX 'in_out_div';
2018-03-27 10:57:39 EXEC SPC_COM_GET_COMBOBOX 'in_out_data_div';
2018-03-27 10:57:43 EXEC SPC_COM_GET_COMBOBOX 'in_out_data_div';
2018-03-27 10:57:43 EXEC SPC_COM_GET_COMBOBOX 'in_out_div';
2018-03-27 10:57:46 EXEC SPC_COMPONENT_PRODUCT_FND '','','','','1','10';
2018-03-27 10:57:48 EXEC SPC_048_INPUT_OUTPUT_DETAIL_INQ2 '000115';
2018-03-27 10:57:58 EXEC SPC_COM_GET_COMBOBOX 'in_out_div';
2018-03-27 10:57:59 EXEC SPC_COM_GET_COMBOBOX 'in_out_data_div';
2018-03-27 10:58:05 EXEC SPC_COMPONENT_PRODUCT_FND '','','','','1','10';
2018-03-27 10:58:08 EXEC SPC_048_INPUT_OUTPUT_DETAIL_INQ2 '000115';
2018-03-27 11:04:07 EXEC SPC_048_INPUT_OUTPUT_DETAIL_INQ2 '000114';
2018-03-27 11:15:14 EXEC SPC_COM_GET_COMBOBOX 'in_out_div';
2018-03-27 11:15:14 EXEC SPC_COM_GET_COMBOBOX 'in_out_data_div';
2018-03-27 11:15:38 EXEC SPC_COM_GET_COMBOBOX 'in_out_div';
2018-03-27 11:15:38 EXEC SPC_COM_GET_COMBOBOX 'in_out_data_div';
2018-03-27 11:15:47 EXEC SPC_COM_GET_COMBOBOX 'in_out_data_div';
2018-03-27 11:15:47 EXEC SPC_COM_GET_COMBOBOX 'in_out_div';
2018-03-27 11:16:19 EXEC SPC_COM_GET_COMBOBOX 'in_out_data_div';
2018-03-27 11:16:19 EXEC SPC_COM_GET_COMBOBOX 'in_out_div';
2018-03-27 11:16:22 EXEC SPC_COM_GET_COMBOBOX 'in_out_div';
2018-03-27 11:16:22 EXEC SPC_COM_GET_COMBOBOX 'in_out_data_div';
2018-03-27 11:16:25 EXEC SPC_049_INPUT_OUTPUT_FND1 '','','','','','','','1','10';
2018-03-27 11:16:27 EXEC SPC_048_INPUT_OUTPUT_DETAIL_INQ1 'NY201803230001';
2018-03-27 11:29:07 EXEC SPC_048_INPUT_OUTPUT_DETAIL_ACT1 'U','NY201803230001','2','2018/03/23','00','so0004','備考 備考 備考','[{"in_out_detail_no":"1","item_cd":"000115","serial_no":"10","in_out_qty":"10","detail_remarks":"\u5099\u8003"},{"in_out_detail_no":"2","item_cd":"000115","serial_no":"20","in_out_qty":"20","detail_remarks":"\u5099\u8003"}]','001','048_input_output_detail','192.168.5.206';
2018-03-27 11:29:08 EXEC SPC_048_INPUT_OUTPUT_DETAIL_INQ1 'NY201803230001';
2018-03-27 11:29:42 EXEC SPC_048_INPUT_OUTPUT_DETAIL_ACT1 'U','NY201803230001','2','2018/03/23','00','so0004','備考 備考 備考','[{"in_out_detail_no":"1","item_cd":"000115","serial_no":"10","in_out_qty":"10","detail_remarks":"\u5099\u8003"},{"in_out_detail_no":"2","item_cd":"000115","serial_no":"20","in_out_qty":"20","detail_remarks":"\u5099\u8003"}]','001','048_input_output_detail','192.168.5.206';
2018-03-27 11:29:43 EXEC SPC_048_INPUT_OUTPUT_DETAIL_INQ1 'NY201803230001';
2018-03-27 11:32:27 EXEC SPC_048_INPUT_OUTPUT_DETAIL_ACT1 'U','NY201803230001','2','2018/03/23','00','so0004','備考 備考 備考','[{"in_out_detail_no":"1","item_cd":"000115","serial_no":"10","in_out_qty":"10","detail_remarks":"\u5099\u8003"},{"in_out_detail_no":"2","item_cd":"000115","serial_no":"20","in_out_qty":"20","detail_remarks":"\u5099\u8003"}]','001','048_input_output_detail','192.168.5.206';
2018-03-27 11:32:28 EXEC SPC_048_INPUT_OUTPUT_DETAIL_INQ1 'NY201803230001';
2018-03-27 11:32:41 EXEC SPC_048_INPUT_OUTPUT_DETAIL_ACT1 'U','NY201803230001','2','2018/03/23','00','so0004','備考 備考 備考','[{"in_out_detail_no":"1","item_cd":"000115","serial_no":"10","in_out_qty":"10","detail_remarks":"\u5099\u8003 \u5099\u8003"},{"in_out_detail_no":"2","item_cd":"000115","serial_no":"20","in_out_qty":"20","detail_remarks":"\u5099\u8003 \u5099\u8003"}]','001','048_input_output_detail','192.168.5.206';
2018-03-27 11:32:42 EXEC SPC_048_INPUT_OUTPUT_DETAIL_INQ1 'NY201803230001';
2018-03-27 11:36:40 EXEC SPC_COM_GET_COMBOBOX 'in_out_div';
2018-03-27 11:36:41 EXEC SPC_COM_GET_COMBOBOX 'in_out_data_div';
2018-03-27 11:36:41 EXEC SPC_048_INPUT_OUTPUT_DETAIL_INQ1 'NY201803230001';
2018-03-27 11:36:43 EXEC SPC_048_INPUT_OUTPUT_DETAIL_ACT1 'U','NY201803230001','2','2018/03/23','00','so0004','備考 備考 備考','[{"in_out_detail_no":"1","item_cd":"000115","serial_no":"10","in_out_qty":"10","detail_remarks":"\u5099\u8003 \u5099\u8003"},{"in_out_detail_no":"2","item_cd":"000115","serial_no":"20","in_out_qty":"20","detail_remarks":"\u5099\u8003 \u5099\u8003"}]','001','048_input_output_detail','192.168.5.206';
2018-03-27 11:36:45 EXEC SPC_048_INPUT_OUTPUT_DETAIL_INQ1 'NY201803230001';
2018-03-27 11:36:52 EXEC SPC_048_INPUT_OUTPUT_DETAIL_ACT1 'U','NY201803230001','2','2018/03/23','00','so0004','備考 備考 備考 備考','[{"in_out_detail_no":"1","item_cd":"000115","serial_no":"10","in_out_qty":"10","detail_remarks":"\u5099\u8003 \u5099\u8003 \u5099\u8003"},{"in_out_detail_no":"2","item_cd":"000115","serial_no":"20","in_out_qty":"20","detail_remarks":"\u5099\u8003 \u5099\u8003"}]','001','048_input_output_detail','192.168.5.206';
2018-03-27 11:36:53 EXEC SPC_048_INPUT_OUTPUT_DETAIL_INQ1 'NY201803230001';
2018-03-27 11:37:04 EXEC SPC_COM_GET_COMBOBOX 'in_out_data_div';
2018-03-27 11:37:04 EXEC SPC_COM_GET_COMBOBOX 'in_out_div';
2018-03-27 11:37:04 EXEC SPC_048_INPUT_OUTPUT_DETAIL_INQ1 'NY201803230001';
2018-03-27 11:37:59 EXEC SPC_048_INPUT_OUTPUT_DETAIL_INQ1 '';
2018-03-27 11:38:03 EXEC SPC_048_INPUT_OUTPUT_DETAIL_ACT1 'U','','','','','','','[{"in_out_detail_no":"1","item_cd":"","serial_no":"","in_out_qty":"0","detail_remarks":""}]','001','048_input_output_detail','192.168.5.206';
2018-03-27 11:38:26 EXEC SPC_GET_TAX_RATE '2018/03/27';
2018-03-27 11:38:29 EXEC SPC_031_PURCHASE_REQUEST_DETAIL_INQ1 'rgfasgsdeg';
2018-03-27 11:38:31 EXEC SPC_GET_TAX_RATE '';
2018-03-27 11:38:39 EXEC SPC_GET_TAX_RATE '2018/03/27';
2018-03-27 11:38:41 EXEC SPC_COM_GET_COMBOBOX 'buy_status_div';
2018-03-27 11:38:42 EXEC SPC_032_PURCHASE_REQUEST_SEARCH_FND1 '','','','','','','','1','10';
2018-03-27 11:38:45 EXEC SPC_032_PURCHASE_REQUEST_SEARCH_FND1 '','','','','','','20','1','10';
2018-03-27 11:38:50 EXEC SPC_031_PURCHASE_REQUEST_DETAIL_INQ1 'fffffff';
2018-03-27 11:38:56 EXEC SPC_GET_TAX_RATE '';
2018-03-27 11:39:06 EXEC SPC_COM_GET_COMBOBOX 'in_out_div';
2018-03-27 11:39:06 EXEC SPC_COM_GET_COMBOBOX 'in_out_data_div';
2018-03-27 11:39:06 EXEC SPC_048_INPUT_OUTPUT_DETAIL_INQ1 'NY201803230001';
2018-03-27 11:39:10 EXEC SPC_048_INPUT_OUTPUT_DETAIL_INQ1 '';
2018-03-27 11:39:42 EXEC SPC_COM_GET_COMBOBOX 'in_out_data_div';
2018-03-27 11:39:42 EXEC SPC_COM_GET_COMBOBOX 'in_out_div';
2018-03-27 11:39:42 EXEC SPC_048_INPUT_OUTPUT_DETAIL_INQ1 'NY201803230001';
2018-03-27 11:39:47 EXEC SPC_048_INPUT_OUTPUT_DETAIL_INQ1 'dgfgfgs';
2018-03-27 11:40:37 EXEC SPC_COM_GET_COMBOBOX 'in_out_data_div';
2018-03-27 11:40:37 EXEC SPC_COM_GET_COMBOBOX 'in_out_div';
2018-03-27 11:40:37 EXEC SPC_048_INPUT_OUTPUT_DETAIL_INQ1 'NY201803230001';
2018-03-27 11:40:42 EXEC SPC_048_INPUT_OUTPUT_DETAIL_INQ1 'argdrgfadgfade';
2018-03-27 11:42:14 EXEC SPC_COM_GET_COMBOBOX 'in_out_div';
2018-03-27 11:42:14 EXEC SPC_COM_GET_COMBOBOX 'in_out_data_div';
2018-03-27 11:42:14 EXEC SPC_048_INPUT_OUTPUT_DETAIL_INQ1 'NY201803230001';
2018-03-27 11:42:17 EXEC SPC_048_INPUT_OUTPUT_DETAIL_ACT1 'U','NY201803230001','2','2018/03/23','00','so0004','備考 備考 備考 備考','[{"in_out_detail_no":"1","item_cd":"000115","serial_no":"10","in_out_qty":"10","detail_remarks":"\u5099\u8003 \u5099\u8003 \u5099\u8003"},{"in_out_detail_no":"2","item_cd":"000115","serial_no":"20","in_out_qty":"20","detail_remarks":"\u5099\u8003 \u5099\u8003"}]','001','048_input_output_detail','192.168.5.206';
2018-03-27 11:42:18 EXEC SPC_048_INPUT_OUTPUT_DETAIL_INQ1 'NY201803230001';
2018-03-27 11:42:21 EXEC SPC_048_INPUT_OUTPUT_DETAIL_INQ1 'dcfvasdfdasf';
2018-03-27 11:42:29 EXEC SPC_COM_GET_COMBOBOX 'in_out_data_div';
2018-03-27 11:42:29 EXEC SPC_COM_GET_COMBOBOX 'in_out_div';
2018-03-27 11:42:29 EXEC SPC_048_INPUT_OUTPUT_DETAIL_INQ1 'NY201803230001';
2018-03-27 11:45:32 EXEC SPC_048_INPUT_OUTPUT_DETAIL_ACT1 'U','NY201803230001','2','2018/03/23','00','so0004','備考 備考 備考 備考','[{"in_out_detail_no":"1","item_cd":"000115","serial_no":"10","in_out_qty":"10","detail_remarks":"\u5099\u8003 \u5099\u8003 \u5099\u8003"},{"in_out_detail_no":"2","item_cd":"000115","serial_no":"20","in_out_qty":"20","detail_remarks":"\u5099\u8003 \u5099\u8003"}]','001','048_input_output_detail','192.168.5.206';
2018-03-27 11:45:33 EXEC SPC_048_INPUT_OUTPUT_DETAIL_INQ1 'NY201803230001';
2018-03-27 11:45:42 EXEC SPC_COM_GET_COMBOBOX 'in_out_div';
2018-03-27 11:45:42 EXEC SPC_COM_GET_COMBOBOX 'in_out_data_div';
2018-03-27 11:47:39 EXEC SPC_GET_TAX_RATE '2018/03/27';
2018-03-27 11:47:49 EXEC SPC_COM_GET_COMBOBOX 'in_out_div';
2018-03-27 11:47:49 EXEC SPC_COM_GET_COMBOBOX 'in_out_data_div';
2018-03-27 11:51:07 EXEC SPC_063_PRODUCT_MASTER_SEARCH_FND1 '','','1','10';
2018-03-27 11:51:08 EXEC SPC_COM_GET_COMBOBOX 'exists_div';
2018-03-27 11:51:09 EXEC SPC_COM_GET_COMBOBOX 'unit_q_div';
2018-03-27 11:51:09 EXEC SPC_COM_GET_COMBOBOX 'outsourcing_div';
2018-03-27 11:51:10 EXEC SPC_COM_GET_COMBOBOX 'unit_w_div';
2018-03-27 11:51:10 EXEC SPC_COM_GET_COMBOBOX 'exists_div';
2018-03-27 11:51:10 EXEC SPC_COM_GET_COMBOBOX 'unit_m_div';
2018-03-27 11:51:32 EXEC SPC_063_PRODUCT_MASTER_SEARCH_FND1 '','','1','10';
2018-03-27 11:51:43 EXEC SPC_062_PRODUCT_MASTER_DETAIL_INQ1 '000115';
2018-03-27 11:52:00 EXEC SPC_062_PRODUCT_MASTER_DETAIL_ACT1 'I','000115','abc','aa','','','','1','0','','','-99999.12','','28451.11','','999.99','','','001','062_product-master-detail','192.168.5.206';
2018-03-27 11:52:37 EXEC SPC_062_PRODUCT_MASTER_DETAIL_ACT1 'I','000115','abc abc','aa','','','','1','1','','','-99999.12','','28451.11','','999.99','','','001','062_product-master-detail','192.168.5.206';
2018-03-27 11:52:44 EXEC SPC_COM_GET_COMBOBOX 'exists_div';
2018-03-27 11:52:45 EXEC SPC_COM_GET_COMBOBOX 'unit_q_div';
2018-03-27 11:52:45 EXEC SPC_COM_GET_COMBOBOX 'exists_div';
2018-03-27 11:52:45 EXEC SPC_COM_GET_COMBOBOX 'unit_m_div';
2018-03-27 11:52:45 EXEC SPC_COM_GET_COMBOBOX 'unit_w_div';
2018-03-27 11:52:46 EXEC SPC_COM_GET_COMBOBOX 'outsourcing_div';
2018-03-27 11:52:46 EXEC SPC_062_PRODUCT_MASTER_DETAIL_INQ1 '';
2018-03-27 11:52:49 EXEC SPC_063_PRODUCT_MASTER_SEARCH_FND1 '','','1','10';
2018-03-27 11:52:53 EXEC SPC_062_PRODUCT_MASTER_DETAIL_INQ1 '000115';
2018-03-27 11:52:59 EXEC SPC_062_PRODUCT_MASTER_DETAIL_ACT1 'U','000115','abc','aa','','','','1','1','','','-99999.12','','28451.11','','999.99','','','001','062_product-master-detail','192.168.5.206';
2018-03-27 11:53:00 EXEC SPC_062_PRODUCT_MASTER_DETAIL_INQ1 '000115';
2018-03-27 11:53:03 EXEC SPC_062_PRODUCT_MASTER_DETAIL_ACT1 'U','000115','abc','aa','','','','1','0','','','-99999.12','','28451.11','','999.99','','','001','062_product-master-detail','192.168.5.206';
2018-03-27 11:53:04 EXEC SPC_062_PRODUCT_MASTER_DETAIL_INQ1 '000115';
2018-03-27 11:53:07 EXEC SPC_062_PRODUCT_MASTER_DETAIL_ACT1 'U','000115','abc','aa','','','','1','1','','','-99999.12','','28451.11','','999.99','','','001','062_product-master-detail','192.168.5.206';
2018-03-27 11:53:08 EXEC SPC_062_PRODUCT_MASTER_DETAIL_INQ1 '000115';
2018-03-27 11:53:53 EXEC SPC_COM_GET_COMBOBOX 'exists_div';
2018-03-27 11:53:54 EXEC SPC_COM_GET_COMBOBOX 'unit_q_div';
2018-03-27 11:53:54 EXEC SPC_COM_GET_COMBOBOX 'exists_div';
2018-03-27 11:53:54 EXEC SPC_COM_GET_COMBOBOX 'unit_w_div';
2018-03-27 11:53:54 EXEC SPC_COM_GET_COMBOBOX 'outsourcing_div';
2018-03-27 11:53:55 EXEC SPC_COM_GET_COMBOBOX 'unit_m_div';
2018-03-27 11:56:07 EXEC SPC_COM_GET_COMBOBOX 'in_out_div';
2018-03-27 11:56:07 EXEC SPC_COM_GET_COMBOBOX 'in_out_data_div';
2018-03-27 11:56:18 EXEC SPC_COM_GET_COMBOBOX 'in_out_data_div';
2018-03-27 11:56:18 EXEC SPC_COM_GET_COMBOBOX 'in_out_div';
2018-03-27 11:56:20 EXEC SPC_049_INPUT_OUTPUT_FND1 '','','','','','','','1','10';
2018-03-27 11:56:22 EXEC SPC_048_INPUT_OUTPUT_DETAIL_INQ1 'NY201803220002';
2018-03-27 11:56:45 EXEC SPC_048_INPUT_OUTPUT_DETAIL_ACT1 'U','NY201803220002','2','2018/03/29','00','so0004','備考 備考','[{"in_out_detail_no":"1","item_cd":"000115","serial_no":"10","in_out_qty":"10","detail_remarks":"10 \u5099\u8003"},{"in_out_detail_no":"2","item_cd":"000115","serial_no":"20","in_out_qty":"10","detail_remarks":"10 \u5099\u8003"}]','001','048_input_output_detail','192.168.5.206';
2018-03-27 11:56:46 EXEC SPC_048_INPUT_OUTPUT_DETAIL_INQ1 'NY201803220002';
2018-03-27 11:56:58 EXEC SPC_COM_GET_COMBOBOX 'in_out_div';
2018-03-27 11:56:58 EXEC SPC_COM_GET_COMBOBOX 'in_out_data_div';
2018-03-27 11:57:02 EXEC SPC_COM_GET_COMBOBOX 'in_out_div';
2018-03-27 11:57:02 EXEC SPC_COM_GET_COMBOBOX 'in_out_data_div';
2018-03-27 11:57:11 EXEC SPC_WAREHOUSE_SEARCH '','','1','10';
2018-03-27 11:57:28 EXEC SPC_COMPONENT_PRODUCT_FND '','','','','1','10';
2018-03-27 11:57:29 EXEC SPC_048_INPUT_OUTPUT_DETAIL_INQ2 '000110';
2018-03-27 11:57:44 EXEC SPC_COMPONENT_PRODUCT_FND '','','','','1','10';
2018-03-27 11:57:46 EXEC SPC_048_INPUT_OUTPUT_DETAIL_INQ2 '000114';
2018-03-27 11:58:06 EXEC SPC_COMPONENT_PRODUCT_FND '','','','','1','10';
2018-03-27 11:58:08 EXEC SPC_048_INPUT_OUTPUT_DETAIL_INQ2 '000115';
2018-03-27 11:59:04 EXEC SPC_048_INPUT_OUTPUT_DETAIL_ACT1 'I','','5','2018/03/27','00','so0004','備考','[{"in_out_detail_no":"1","item_cd":"000115","serial_no":"10","in_out_qty":"1","detail_remarks":""}]','001','048_input_output_detail','192.168.5.206';
2018-03-27 11:59:05 EXEC SPC_048_INPUT_OUTPUT_DETAIL_INQ1 'SY201803270001';
2018-03-27 12:02:34 EXEC SPC_COM_GET_COMBOBOX 'in_out_div';
2018-03-27 12:02:34 EXEC SPC_COM_GET_COMBOBOX 'in_out_data_div';
2018-03-27 12:02:37 EXEC SPC_COM_GET_COMBOBOX 'in_out_div';
2018-03-27 12:02:37 EXEC SPC_COM_GET_COMBOBOX 'in_out_data_div';
2018-03-27 12:02:39 EXEC SPC_049_INPUT_OUTPUT_FND1 '','','','','','','','1','10';
2018-03-27 12:02:41 EXEC SPC_048_INPUT_OUTPUT_DETAIL_INQ1 'NY201803220002';
2018-03-27 12:03:42 EXEC SPC_048_INPUT_OUTPUT_DETAIL_ACT1 'U','NY201803220002','2','2018/03/29','00','so0004','備考 備考 備考 備考 備考 備考 備考 備考','[{"in_out_detail_no":"1","item_cd":"000115","serial_no":"10","in_out_qty":"10","detail_remarks":"10 \u5099\u8003 \u5099\u8003"},{"in_out_detail_no":"2","item_cd":"000115","serial_no":"20","in_out_qty":"10","detail_remarks":"10 \u5099\u8003 \u5099\u8003"}]','001','048_input_output_detail','192.168.5.206';
2018-03-27 12:03:54 EXEC SPC_048_INPUT_OUTPUT_DETAIL_INQ1 'NY201803220002';
2018-03-27 12:12:37 EXEC SPC_COM_GET_COMBOBOX 'in_out_div';
2018-03-27 12:12:37 EXEC SPC_COM_GET_COMBOBOX 'in_out_data_div';
2018-03-27 12:12:40 EXEC SPC_COM_GET_COMBOBOX 'in_out_data_div';
2018-03-27 12:12:40 EXEC SPC_COM_GET_COMBOBOX 'in_out_div';
2018-03-27 12:14:25 EXEC SPC_WAREHOUSE_SEARCH '','','1','10';
2018-03-27 12:14:32 EXEC SPC_COMPONENT_PRODUCT_FND '','','','','1','10';
2018-03-27 12:14:34 EXEC SPC_048_INPUT_OUTPUT_DETAIL_INQ2 '000115';
2018-03-27 12:15:24 EXEC SPC_COMPONENT_PRODUCT_FND '','','','','1','10';
2018-03-27 12:15:25 EXEC SPC_048_INPUT_OUTPUT_DETAIL_INQ2 '000115';
2018-03-27 12:15:42 EXEC SPC_048_INPUT_OUTPUT_DETAIL_ACT1 'I','','2','2018/03/27','00','so0004','備考','[{"in_out_detail_no":"1","item_cd":"000115","serial_no":"ABCDEF","in_out_qty":"1","detail_remarks":"\u5099\u8003"},{"in_out_detail_no":"2","item_cd":"000115","serial_no":"123456","in_out_qty":"1","detail_remarks":""}]','001','048_input_output_detail','192.168.5.206';
2018-03-27 12:15:43 EXEC SPC_048_INPUT_OUTPUT_DETAIL_INQ1 'NY201803270002';
2018-03-27 15:20:22 EXEC SPC_COM_GET_COMBOBOX 'in_out_div';
2018-03-27 15:20:23 EXEC SPC_COM_GET_COMBOBOX 'in_out_data_div';
2018-03-27 15:21:47 EXEC SPC_COM_GET_COMBOBOX 'in_out_div';
2018-03-27 15:21:47 EXEC SPC_COM_GET_COMBOBOX 'in_out_data_div';
2018-03-27 15:21:50 EXEC SPC_COM_GET_COMBOBOX 'in_out_div';
2018-03-27 15:21:50 EXEC SPC_COM_GET_COMBOBOX 'in_out_data_div';
2018-03-27 15:21:55 EXEC SPC_COMPONENT_PRODUCT_FND '','','','','1','10';
2018-03-27 15:21:58 EXEC SPC_048_INPUT_OUTPUT_DETAIL_INQ2 '000115';
2018-03-27 15:22:01 EXEC SPC_048_INPUT_OUTPUT_DETAIL_INQ2 '00011ứ';
2018-03-27 15:22:53 EXEC SPC_048_INPUT_OUTPUT_DETAIL_INQ2 '';
2018-03-27 15:24:58 EXEC SPC_COM_GET_COMBOBOX 'in_out_data_div';
2018-03-27 15:24:58 EXEC SPC_COM_GET_COMBOBOX 'in_out_div';
2018-03-27 15:25:02 EXEC SPC_COMPONENT_PRODUCT_FND '','','','','1','10';
2018-03-27 15:25:04 EXEC SPC_048_INPUT_OUTPUT_DETAIL_INQ2 '000115';
2018-03-27 15:25:07 EXEC SPC_048_INPUT_OUTPUT_DETAIL_INQ2 '000114';
2018-03-27 15:25:12 EXEC SPC_048_INPUT_OUTPUT_DETAIL_INQ2 '0001ds';
2018-03-27 15:25:15 EXEC SPC_048_INPUT_OUTPUT_DETAIL_INQ2 '000115';
2018-03-27 15:25:24 EXEC SPC_048_INPUT_OUTPUT_DETAIL_INQ2 '000111';
2018-03-27 15:25:58 EXEC SPC_COM_GET_COMBOBOX 'in_out_data_div';
2018-03-27 15:26:01 EXEC SPC_COMPONENT_PRODUCT_FND '','','','','1','10';
2018-03-27 15:26:03 EXEC SPC_048_INPUT_OUTPUT_DETAIL_INQ2 '000111';
2018-03-27 15:26:06 EXEC SPC_COMPONENT_PRODUCT_FND '','','','','1','10';
2018-03-27 15:26:08 EXEC SPC_048_INPUT_OUTPUT_DETAIL_INQ2 '000115';
2018-03-27 15:26:13 EXEC SPC_048_INPUT_OUTPUT_DETAIL_INQ2 '000114';
2018-03-27 15:26:17 EXEC SPC_048_INPUT_OUTPUT_DETAIL_INQ2 '000115';
2018-03-27 15:26:22 EXEC SPC_048_INPUT_OUTPUT_DETAIL_INQ2 '000114';
2018-03-27 15:26:26 EXEC SPC_048_INPUT_OUTPUT_DETAIL_INQ2 '000116';
2018-03-27 15:37:26 EXEC SPC_COM_GET_COMBOBOX 'in_out_div';
2018-03-27 15:37:26 EXEC SPC_COM_GET_COMBOBOX 'in_out_data_div';
2018-03-27 15:37:35 EXEC SPC_WAREHOUSE_SEARCH '','','1','10';
2018-03-27 15:38:47 EXEC SPC_COM_GET_COMBOBOX 'in_out_div';
2018-03-27 15:38:47 EXEC SPC_COM_GET_COMBOBOX 'in_out_data_div';
2018-03-27 15:39:38 EXEC SPC_COM_GET_COMBOBOX 'in_out_div';
2018-03-27 15:39:38 EXEC SPC_COM_GET_COMBOBOX 'in_out_data_div';
2018-03-27 15:39:47 EXEC SPC_WAREHOUSE_SEARCH '','','1','10';
2018-03-27 15:39:56 EXEC SPC_COMPONENT_PRODUCT_FND '','','','','1','10';
2018-03-27 15:39:57 EXEC SPC_048_INPUT_OUTPUT_DETAIL_INQ2 '000113';
2018-03-27 15:40:46 EXEC SPC_COMPONENT_PRODUCT_FND '','','','','1','10';
2018-03-27 15:40:49 EXEC SPC_048_INPUT_OUTPUT_DETAIL_INQ2 '000115';
2018-03-27 15:41:06 EXEC SPC_COMPONENT_PRODUCT_FND '','','','','1','10';
2018-03-27 15:41:07 EXEC SPC_048_INPUT_OUTPUT_DETAIL_INQ2 '000114';
2018-03-27 15:42:31 EXEC SPC_COM_GET_COMBOBOX 'in_out_div';
2018-03-27 15:42:31 EXEC SPC_COM_GET_COMBOBOX 'in_out_data_div';
2018-03-27 15:42:40 EXEC SPC_WAREHOUSE_SEARCH '','','1','10';
2018-03-27 15:42:44 EXEC SPC_COMPONENT_PRODUCT_FND '','','','','1','10';
2018-03-27 15:42:46 EXEC SPC_048_INPUT_OUTPUT_DETAIL_INQ2 '000110';
2018-03-27 15:42:56 EXEC SPC_COMPONENT_PRODUCT_FND '','','','','1','10';
2018-03-27 15:42:58 EXEC SPC_048_INPUT_OUTPUT_DETAIL_INQ2 '000115';
2018-03-27 16:11:21 EXEC SPC_COMPONENT_PRODUCT_FND '','','','','1','10';
2018-03-27 16:11:23 EXEC SPC_048_INPUT_OUTPUT_DETAIL_INQ2 '000004';
2018-03-27 16:11:31 EXEC SPC_048_INPUT_OUTPUT_DETAIL_ACT1 'I','','5','2018/03/27','00','so0004','備考','[{"in_out_detail_no":"1","item_cd":"000115","serial_no":"20","in_out_qty":"1","detail_remarks":"\u5099\u8003"},{"in_out_detail_no":"2","item_cd":"000004","serial_no":"","in_out_qty":"20","detail_remarks":"\u5099\u8003"}]','','048_input_output_detail','';
2018-03-27 16:11:32 EXEC SPC_048_INPUT_OUTPUT_DETAIL_INQ1 'SY201803270002';
2018-03-27 16:14:17 EXEC SPC_COMPONENT_PRODUCT_FND '','','','','1','10';
2018-03-27 16:14:18 EXEC SPC_048_INPUT_OUTPUT_DETAIL_INQ2 '000115';
2018-03-27 16:16:44 EXEC SPC_COM_GET_COMBOBOX 'in_out_div';
2018-03-27 16:16:44 EXEC SPC_COM_GET_COMBOBOX 'in_out_data_div';
2018-03-27 16:16:51 EXEC SPC_WAREHOUSE_SEARCH '','','1','10';
2018-03-27 16:16:55 EXEC SPC_COMPONENT_PRODUCT_FND '','','','','1','10';
2018-03-27 16:16:57 EXEC SPC_048_INPUT_OUTPUT_DETAIL_INQ2 '000115';
2018-03-27 16:17:03 EXEC SPC_COMPONENT_PRODUCT_FND '','','','','1','10';
2018-03-27 16:17:05 EXEC SPC_048_INPUT_OUTPUT_DETAIL_INQ2 '000004';
2018-03-27 16:17:15 EXEC SPC_048_INPUT_OUTPUT_DETAIL_ACT1 'I','','5','2018/03/27','00','so0004','','[{"in_out_detail_no":"1","item_cd":"000115","serial_no":"20","in_out_qty":"1","detail_remarks":""},{"in_out_detail_no":"2","item_cd":"000004","serial_no":"","in_out_qty":"20","detail_remarks":""}]','','048_input_output_detail','';
2018-03-27 16:17:18 EXEC SPC_048_INPUT_OUTPUT_DETAIL_INQ1 'SY201803270003';
2018-03-27 16:17:48 EXEC SPC_COM_GET_COMBOBOX 'in_out_data_div';
2018-03-27 16:18:03 EXEC SPC_WAREHOUSE_SEARCH '','','1','10';
2018-03-27 16:18:08 EXEC SPC_COMPONENT_PRODUCT_FND '','','','','1','10';
2018-03-27 16:18:10 EXEC SPC_048_INPUT_OUTPUT_DETAIL_INQ2 '000115';
2018-03-27 16:18:18 EXEC SPC_COMPONENT_PRODUCT_FND '','','','','1','10';
2018-03-27 16:18:20 EXEC SPC_048_INPUT_OUTPUT_DETAIL_INQ2 '000004';
2018-03-27 16:18:42 EXEC SPC_048_INPUT_OUTPUT_DETAIL_ACT1 'I','','5','2018/03/27','00','so0004','','[{"in_out_detail_no":"1","item_cd":"000115","serial_no":"20","in_out_qty":"1","detail_remarks":"20240"},{"in_out_detail_no":"2","item_cd":"000004","serial_no":"","in_out_qty":"25040","detail_remarks":"53453"}]','','048_input_output_detail','';
2018-03-27 16:18:47 EXEC SPC_048_INPUT_OUTPUT_DETAIL_INQ1 'SY201803270004';
2018-03-27 16:19:14 EXEC SPC_COM_GET_COMBOBOX 'in_out_div';
2018-03-27 16:19:14 EXEC SPC_COM_GET_COMBOBOX 'in_out_data_div';
2018-03-27 16:28:20 EXEC SPC_COM_GET_COMBOBOX 'in_out_div';
2018-03-27 16:28:20 EXEC SPC_COM_GET_COMBOBOX 'in_out_data_div';
2018-03-27 16:28:30 EXEC SPC_WAREHOUSE_SEARCH '','','1','10';
2018-03-27 16:28:33 EXEC SPC_COMPONENT_PRODUCT_FND '','','','','1','10';
2018-03-27 16:28:35 EXEC SPC_048_INPUT_OUTPUT_DETAIL_INQ2 '000115';
2018-03-27 16:28:41 EXEC SPC_048_INPUT_OUTPUT_DETAIL_ACT1 'I','','2','2018/03/27','00','so0004','','[{"in_out_detail_no":"1","item_cd":"000115","serial_no":"20","in_out_qty":"1","detail_remarks":"20210"}]','','048_input_output_detail','';
2018-03-27 16:28:42 EXEC SPC_048_INPUT_OUTPUT_DETAIL_INQ1 'NY201803270014';
2018-03-27 16:29:46 EXEC SPC_COM_GET_COMBOBOX 'in_out_div';
2018-03-27 16:29:46 EXEC SPC_COM_GET_COMBOBOX 'in_out_data_div';
2018-03-27 16:35:48 EXEC SPC_COM_GET_COMBOBOX 'in_out_div';
2018-03-27 16:35:48 EXEC SPC_COM_GET_COMBOBOX 'in_out_data_div';
2018-03-27 16:36:03 EXEC SPC_WAREHOUSE_SEARCH '','','1','10';
2018-03-27 16:36:08 EXEC SPC_COMPONENT_PRODUCT_FND '','','','','1','10';
2018-03-27 16:36:10 EXEC SPC_048_INPUT_OUTPUT_DETAIL_INQ2 '000115';
2018-03-27 16:36:15 EXEC SPC_048_INPUT_OUTPUT_DETAIL_ACT1 'I','NY201803270014','5','2018/03/27','00','so0004','','[{"in_out_detail_no":"1","item_cd":"000115","serial_no":"20","in_out_qty":"1","detail_remarks":""}]','','048_input_output_detail','';
2018-03-27 16:36:16 EXEC SPC_048_INPUT_OUTPUT_DETAIL_INQ1 'SY201803270005';
2018-03-27 16:36:21 EXEC SPC_048_INPUT_OUTPUT_DETAIL_ACT1 'I','SY201803270005','2','2018/03/27','00','so0004','','[{"in_out_detail_no":"1","item_cd":"000115","serial_no":"20","in_out_qty":"1","detail_remarks":""}]','','048_input_output_detail','';
2018-03-27 16:36:23 EXEC SPC_048_INPUT_OUTPUT_DETAIL_INQ1 'NY201803270016';
2018-03-27 16:36:27 EXEC SPC_048_INPUT_OUTPUT_DETAIL_ACT1 'I','NY201803270016','2','2018/03/27','00','so0004','','[{"in_out_detail_no":"1","item_cd":"000115","serial_no":"20","in_out_qty":"1","detail_remarks":""}]','','048_input_output_detail','';
2018-03-27 16:36:29 EXEC SPC_048_INPUT_OUTPUT_DETAIL_INQ1 'NY201803270017';
2018-03-27 16:36:48 EXEC SPC_GET_TAX_RATE '2018/03/27';
2018-03-27 16:36:51 EXEC SPC_COM_GET_COMBOBOX 'buy_status_div';
2018-03-27 16:36:54 EXEC SPC_GET_TAX_RATE '2018/03/27';
2018-03-27 16:36:57 EXEC SPC_055_SUPPLIERS_MASTER_SEARCH_FND1 '','','','','','','0','0','0','1','10';
2018-03-27 16:36:58 EXEC SPC_REFER_CLIENT_CD '001';
2018-03-27 16:37:02 EXEC SPC_069_COMPONENT_MASTER_SEARCH_FND1 '','','','1','10';
2018-03-27 16:37:03 EXEC SPC_031_PURCHASE_REQUEST_DETAIL_INQ2 '000122','001';
2018-03-27 16:37:10 EXEC SPC_031_PURCHASE_REQUEST_DETAIL_ACT1 'I','','10','2018/03/27','001','','','','','[{"buy_detail_no":"1","parts_cd":"000122","buy_qty":"12","buy_unit_price":"132","buy_detail_amt":"1584","buy_detail_tax":"19","detail_remarks":"1231"}]','1584','19','19','1603','','031_purchase_request-detail','';
2018-03-27 16:37:10 EXEC SPC_031_PURCHASE_REQUEST_DETAIL_INQ1 'KI201803270001';
2018-03-27 16:37:11 EXEC SPC_GET_TAX_RATE '2018/03/27';
2018-03-27 16:37:14 EXEC SPC_GET_TAX_RATE '2018/03/27';
2018-03-27 16:40:21 EXEC SPC_GET_TAX_RATE '2018/03/27';
2018-03-27 16:40:26 EXEC SPC_COM_GET_COMBOBOX 'in_out_div';
2018-03-27 16:40:26 EXEC SPC_COM_GET_COMBOBOX 'in_out_data_div';
2018-03-27 16:40:33 EXEC SPC_WAREHOUSE_SEARCH '','','1','10';
2018-03-27 16:40:36 EXEC SPC_COMPONENT_PRODUCT_FND '','','','','1','10';
2018-03-27 16:40:38 EXEC SPC_048_INPUT_OUTPUT_DETAIL_INQ2 '000115';
2018-03-27 16:40:44 EXEC SPC_048_INPUT_OUTPUT_DETAIL_ACT1 'I','','5','2018/03/27','00','so0004','','[{"in_out_detail_no":"1","item_cd":"000115","serial_no":"20","in_out_qty":"1","detail_remarks":"20"}]','','048_input_output_detail','';
2018-03-27 16:40:45 EXEC SPC_048_INPUT_OUTPUT_DETAIL_INQ1 'SY201803270006';
2018-03-27 17:00:24 EXEC SPC_COM_GET_COMBOBOX 'in_out_div';
2018-03-27 17:00:24 EXEC SPC_COM_GET_COMBOBOX 'in_out_data_div';
2018-03-27 17:00:30 EXEC SPC_WAREHOUSE_SEARCH '','','1','10';
2018-03-27 17:00:40 EXEC SPC_COMPONENT_PRODUCT_FND '','','','','1','10';
2018-03-27 17:00:42 EXEC SPC_048_INPUT_OUTPUT_DETAIL_INQ2 '000004';
2018-03-27 17:00:53 EXEC SPC_COMPONENT_PRODUCT_FND '','','','','1','10';
2018-03-27 17:00:54 EXEC SPC_048_INPUT_OUTPUT_DETAIL_INQ2 '000110';
2018-03-27 17:01:16 EXEC SPC_COMPONENT_PRODUCT_FND '','','','','1','10';
2018-03-27 17:01:19 EXEC SPC_048_INPUT_OUTPUT_DETAIL_INQ2 '000004';
2018-03-27 17:01:29 EXEC SPC_COMPONENT_PRODUCT_FND '','','','','1','10';
2018-03-27 17:01:30 EXEC SPC_048_INPUT_OUTPUT_DETAIL_INQ2 '000115';
2018-03-27 17:01:38 EXEC SPC_COMPONENT_PRODUCT_FND '','','','','1','10';
2018-03-27 17:01:40 EXEC SPC_048_INPUT_OUTPUT_DETAIL_INQ2 '000110';
2018-03-27 17:01:49 EXEC SPC_COMPONENT_PRODUCT_FND '','','','','1','10';
2018-03-27 17:01:50 EXEC SPC_048_INPUT_OUTPUT_DETAIL_INQ2 '000112';
2018-03-27 17:02:02 EXEC SPC_COMPONENT_PRODUCT_FND '','','','','1','10';
2018-03-27 17:02:04 EXEC SPC_048_INPUT_OUTPUT_DETAIL_INQ2 '000110';
2018-03-27 17:02:43 EXEC SPC_048_INPUT_OUTPUT_DETAIL_ACT1 'I','','5','2018/03/27','00','so0004','','[{"in_out_detail_no":"1","item_cd":"000115","serial_no":"20","in_out_qty":"1","detail_remarks":"20"},{"in_out_detail_no":"2","item_cd":"000004","serial_no":"","in_out_qty":"20","detail_remarks":"20"}]','','048_input_output_detail','';
2018-03-27 17:02:45 EXEC SPC_048_INPUT_OUTPUT_DETAIL_INQ1 'SY201803270007';
2018-03-27 17:04:20 EXEC SPC_048_INPUT_OUTPUT_DETAIL_ACT1 'I','SY201803270007','5','2018/03/27','00','so0004','備考 備考 備考 備考','[{"in_out_detail_no":"1","item_cd":"000115","serial_no":"20","in_out_qty":"1","detail_remarks":"\u5099\u8003"},{"in_out_detail_no":"2","item_cd":"000004","serial_no":"","in_out_qty":"20","detail_remarks":"\u5099\u8003"}]','','048_input_output_detail','';
2018-03-27 17:04:21 EXEC SPC_048_INPUT_OUTPUT_DETAIL_INQ1 'SY201803270008';
2018-03-27 17:47:37 EXEC SPC_COM_GET_COMBOBOX 'in_out_data_div';
2018-03-27 17:47:37 EXEC SPC_COM_GET_COMBOBOX 'in_out_div';
2018-03-27 17:47:43 EXEC SPC_WAREHOUSE_SEARCH '','','1','10';
2018-03-27 17:47:47 EXEC SPC_COMPONENT_PRODUCT_FND '','','','','1','10';
2018-03-27 17:47:49 EXEC SPC_048_INPUT_OUTPUT_DETAIL_INQ2 '000111';
2018-03-27 17:47:54 EXEC SPC_COMPONENT_PRODUCT_FND '','','','','1','10';
2018-03-27 17:47:56 EXEC SPC_048_INPUT_OUTPUT_DETAIL_INQ2 '000115';
2018-03-27 17:49:19 EXEC SPC_COM_GET_COMBOBOX 'in_out_div';
2018-03-27 17:49:19 EXEC SPC_COM_GET_COMBOBOX 'in_out_data_div';
2018-03-27 17:49:48 EXEC SPC_WAREHOUSE_SEARCH '','','1','10';
2018-03-27 17:49:55 EXEC SPC_COMPONENT_PRODUCT_FND '','','','','1','10';
2018-03-27 17:49:57 EXEC SPC_048_INPUT_OUTPUT_DETAIL_INQ2 '000115';
2018-03-27 17:50:50 EXEC SPC_COM_GET_COMBOBOX 'in_out_data_div';
2018-03-27 17:50:50 EXEC SPC_COM_GET_COMBOBOX 'in_out_div';
2018-03-27 17:50:56 EXEC SPC_WAREHOUSE_SEARCH '','','1','10';
2018-03-27 17:51:01 EXEC SPC_COMPONENT_PRODUCT_FND '','','','','1','10';
2018-03-27 17:51:02 EXEC SPC_048_INPUT_OUTPUT_DETAIL_INQ2 '000115';
2018-03-27 17:52:06 EXEC SPC_COM_GET_COMBOBOX 'in_out_div';
2018-03-27 17:52:06 EXEC SPC_COM_GET_COMBOBOX 'in_out_data_div';
2018-03-27 17:52:12 EXEC SPC_WAREHOUSE_SEARCH '','','1','10';
2018-03-27 17:52:16 EXEC SPC_COMPONENT_PRODUCT_FND '','','','','1','10';
2018-03-27 17:52:18 EXEC SPC_048_INPUT_OUTPUT_DETAIL_INQ2 '000115';
2018-03-27 17:52:33 EXEC SPC_COMPONENT_PRODUCT_FND '','','','','1','10';
2018-03-27 17:52:35 EXEC SPC_048_INPUT_OUTPUT_DETAIL_INQ2 '000115';
2018-03-27 17:55:05 EXEC SPC_048_INPUT_OUTPUT_DETAIL_ACT2 '[{"in_out_detail_no":"1","item_cd":"000115","serial_no":"yyyyyy","in_out_qty":"1","detail_remarks":""},{"in_out_detail_no":"2","item_cd":"000115","serial_no":"uuuuuu","in_out_qty":"1","detail_remarks":""}]';
2018-03-27 17:57:13 EXEC SPC_048_INPUT_OUTPUT_DETAIL_ACT2 '[{"in_out_detail_no":"1","item_cd":"000115","serial_no":"yyyyyy","in_out_qty":"1","detail_remarks":""},{"in_out_detail_no":"2","item_cd":"000115","serial_no":"uuuuuu","in_out_qty":"1","detail_remarks":""}]';
2018-03-27 17:57:27 EXEC SPC_048_INPUT_OUTPUT_DETAIL_ACT2 '[{"in_out_detail_no":"1","item_cd":"000115","serial_no":"123456","in_out_qty":"1","detail_remarks":""},{"in_out_detail_no":"2","item_cd":"000115","serial_no":"uuuuuu","in_out_qty":"1","detail_remarks":""}]';
2018-03-27 17:57:55 EXEC SPC_COMPONENT_PRODUCT_FND '','','','','1','10';
2018-03-27 17:57:57 EXEC SPC_048_INPUT_OUTPUT_DETAIL_INQ2 '000115';
2018-03-27 17:58:08 EXEC SPC_COMPONENT_PRODUCT_FND '','','','','1','10';
2018-03-27 17:58:10 EXEC SPC_048_INPUT_OUTPUT_DETAIL_INQ2 '000004';
2018-03-27 17:58:14 EXEC SPC_048_INPUT_OUTPUT_DETAIL_ACT2 '[{"in_out_detail_no":"1","item_cd":"000115","serial_no":"123456","in_out_qty":"1","detail_remarks":""},{"in_out_detail_no":"2","item_cd":"000115","serial_no":"uuuuuu","in_out_qty":"1","detail_remarks":""},{"in_out_detail_no":"3","item_cd":"000004","serial_no":"","in_out_qty":"0","detail_remarks":""}]';
2018-03-27 17:58:25 EXEC SPC_COMPONENT_PRODUCT_FND '','','','','1','10';
2018-03-27 17:58:27 EXEC SPC_048_INPUT_OUTPUT_DETAIL_INQ2 '000114';
2018-03-27 17:58:33 EXEC SPC_048_INPUT_OUTPUT_DETAIL_ACT2 '[{"in_out_detail_no":"1","item_cd":"000115","serial_no":"123456","in_out_qty":"1","detail_remarks":""},{"in_out_detail_no":"2","item_cd":"000115","serial_no":"uuuuuu","in_out_qty":"1","detail_remarks":""},{"in_out_detail_no":"3","item_cd":"000114","serial_no":"rrrrrr","in_out_qty":"1","detail_remarks":""}]';
2018-03-27 17:58:46 EXEC SPC_048_INPUT_OUTPUT_DETAIL_ACT2 '[{"in_out_detail_no":"1","item_cd":"000115","serial_no":"uuuuuu","in_out_qty":"1","detail_remarks":""},{"in_out_detail_no":"2","item_cd":"000115","serial_no":"uuuuuu","in_out_qty":"1","detail_remarks":""},{"in_out_detail_no":"3","item_cd":"000114","serial_no":"rrrrrr","in_out_qty":"1","detail_remarks":""}]';
2018-03-27 18:00:37 EXEC SPC_048_INPUT_OUTPUT_DETAIL_ACT2 '[{"in_out_detail_no":"1","item_cd":"000115","serial_no":"uuuuuu","in_out_qty":"1","detail_remarks":""},{"in_out_detail_no":"2","item_cd":"000115","serial_no":"uuuuuu","in_out_qty":"1","detail_remarks":""},{"in_out_detail_no":"3","item_cd":"000114","serial_no":"rrrrrr","in_out_qty":"1","detail_remarks":""}]';
2018-03-27 18:00:54 EXEC SPC_048_INPUT_OUTPUT_DETAIL_ACT2 '[{"in_out_detail_no":"1","item_cd":"000115","serial_no":"uuuuuu","in_out_qty":"1","detail_remarks":""},{"in_out_detail_no":"2","item_cd":"000115","serial_no":"123456","in_out_qty":"1","detail_remarks":""},{"in_out_detail_no":"3","item_cd":"000114","serial_no":"rrrrrr","in_out_qty":"1","detail_remarks":""}]';
2018-03-27 18:01:20 EXEC SPC_048_INPUT_OUTPUT_DETAIL_ACT2 '[{"in_out_detail_no":"1","item_cd":"000115","serial_no":"445964","in_out_qty":"1","detail_remarks":""},{"in_out_detail_no":"2","item_cd":"000115","serial_no":"123456","in_out_qty":"1","detail_remarks":""},{"in_out_detail_no":"3","item_cd":"000114","serial_no":"543645","in_out_qty":"1","detail_remarks":""}]';
2018-03-27 18:01:31 EXEC SPC_048_INPUT_OUTPUT_DETAIL_ACT2 '[{"in_out_detail_no":"1","item_cd":"000115","serial_no":"445964","in_out_qty":"1","detail_remarks":""},{"in_out_detail_no":"2","item_cd":"000115","serial_no":"123456","in_out_qty":"1","detail_remarks":""},{"in_out_detail_no":"3","item_cd":"000114","serial_no":"123456","in_out_qty":"1","detail_remarks":""}]';
2018-03-27 18:01:54 EXEC SPC_048_INPUT_OUTPUT_DETAIL_ACT2 '[{"in_out_detail_no":"1","item_cd":"000115","serial_no":"445964","in_out_qty":"1","detail_remarks":""},{"in_out_detail_no":"2","item_cd":"000115","serial_no":"123456","in_out_qty":"1","detail_remarks":""},{"in_out_detail_no":"3","item_cd":"000114","serial_no":"456789","in_out_qty":"1","detail_remarks":""}]';
2018-03-27 18:02:01 EXEC SPC_048_INPUT_OUTPUT_DETAIL_ACT2 '[{"in_out_detail_no":"1","item_cd":"000115","serial_no":"445964","in_out_qty":"1","detail_remarks":""},{"in_out_detail_no":"2","item_cd":"000115","serial_no":"123456","in_out_qty":"1","detail_remarks":""}]';
2018-03-27 18:03:10 EXEC SPC_048_INPUT_OUTPUT_DETAIL_ACT2 '[{"in_out_detail_no":"1","item_cd":"000115","serial_no":"445964","in_out_qty":"1","detail_remarks":""},{"in_out_detail_no":"2","item_cd":"000115","serial_no":"123456","in_out_qty":"1","detail_remarks":""}]';
2018-03-27 18:03:23 EXEC SPC_COMPONENT_PRODUCT_FND '','','','','1','10';
2018-03-27 18:03:25 EXEC SPC_048_INPUT_OUTPUT_DETAIL_INQ2 '000114';
2018-03-27 18:03:28 EXEC SPC_048_INPUT_OUTPUT_DETAIL_ACT2 '[{"in_out_detail_no":"1","item_cd":"000115","serial_no":"445964","in_out_qty":"1","detail_remarks":""},{"in_out_detail_no":"2","item_cd":"000115","serial_no":"123456","in_out_qty":"1","detail_remarks":""},{"in_out_detail_no":"3","item_cd":"000114","serial_no":"wwwwww","in_out_qty":"1","detail_remarks":""}]';
2018-03-27 18:04:14 EXEC SPC_COM_GET_COMBOBOX 'in_out_div';
2018-03-27 18:04:15 EXEC SPC_COM_GET_COMBOBOX 'in_out_data_div';
2018-03-27 18:04:18 EXEC SPC_048_INPUT_OUTPUT_DETAIL_ACT2 '[{"in_out_detail_no":"1","item_cd":"","serial_no":"","in_out_qty":"0","detail_remarks":""}]';
2018-03-27 18:04:25 EXEC SPC_COMPONENT_PRODUCT_FND '','','','','1','10';
2018-03-27 18:04:27 EXEC SPC_048_INPUT_OUTPUT_DETAIL_INQ2 '000115';
2018-03-27 18:04:31 EXEC SPC_048_INPUT_OUTPUT_DETAIL_ACT2 '[{"in_out_detail_no":"1","item_cd":"000115","serial_no":"qqqqqq","in_out_qty":"1","detail_remarks":""}]';
2018-03-27 18:04:48 EXEC SPC_048_INPUT_OUTPUT_DETAIL_ACT2 '[{"in_out_detail_no":"1","item_cd":"000115","serial_no":"123456","in_out_qty":"1","detail_remarks":""}]';
2018-03-27 18:04:53 EXEC SPC_COMPONENT_PRODUCT_FND '','','','','1','10';
2018-03-27 18:04:54 EXEC SPC_048_INPUT_OUTPUT_DETAIL_INQ2 '000115';
2018-03-27 18:04:56 EXEC SPC_048_INPUT_OUTPUT_DETAIL_ACT2 '[{"in_out_detail_no":"1","item_cd":"000115","serial_no":"123456","in_out_qty":"1","detail_remarks":""},{"in_out_detail_no":"2","item_cd":"000115","serial_no":"","in_out_qty":"1","detail_remarks":""}]';
2018-03-27 18:05:00 EXEC SPC_048_INPUT_OUTPUT_DETAIL_ACT2 '[{"in_out_detail_no":"1","item_cd":"000115","serial_no":"123456","in_out_qty":"1","detail_remarks":""},{"in_out_detail_no":"2","item_cd":"000115","serial_no":"dfafas","in_out_qty":"1","detail_remarks":""}]';
2018-03-27 18:05:05 EXEC SPC_048_INPUT_OUTPUT_DETAIL_ACT2 '[{"in_out_detail_no":"1","item_cd":"000115","serial_no":"\u0111\u00e0asfd","in_out_qty":"1","detail_remarks":""},{"in_out_detail_no":"2","item_cd":"000115","serial_no":"dfafas","in_out_qty":"1","detail_remarks":""}]';
2018-03-27 18:08:50 EXEC SPC_COM_GET_COMBOBOX 'in_out_div';
2018-03-27 18:08:50 EXEC SPC_COM_GET_COMBOBOX 'in_out_data_div';
2018-03-27 18:08:56 EXEC SPC_COMPONENT_PRODUCT_FND '','','','','1','10';
2018-03-27 18:08:58 EXEC SPC_048_INPUT_OUTPUT_DETAIL_INQ2 '000115';
2018-03-27 18:09:01 EXEC SPC_048_INPUT_OUTPUT_DETAIL_ACT2 '[{"in_out_detail_no":"1","item_cd":"000115","serial_no":"ghdghd","in_out_qty":"1","detail_remarks":""}]';
2018-03-27 18:09:22 EXEC SPC_048_INPUT_OUTPUT_DETAIL_ACT2 '[{"in_out_detail_no":"1","item_cd":"000115","serial_no":"ghdghd","in_out_qty":"1","detail_remarks":""}]';
2018-03-27 18:10:20 EXEC SPC_COM_GET_COMBOBOX 'in_out_div';
2018-03-27 18:10:20 EXEC SPC_COM_GET_COMBOBOX 'in_out_data_div';
2018-03-27 18:10:24 EXEC SPC_COMPONENT_PRODUCT_FND '','','','','1','10';
2018-03-27 18:10:28 EXEC SPC_048_INPUT_OUTPUT_DETAIL_INQ2 '000115';
2018-03-27 18:10:31 EXEC SPC_048_INPUT_OUTPUT_DETAIL_ACT2 '[{"in_out_detail_no":"1","item_cd":"000115","serial_no":"dfeafa","in_out_qty":"1","detail_remarks":""}]';
2018-03-27 18:10:50 EXEC SPC_COM_GET_COMBOBOX 'in_out_div';
2018-03-27 18:10:50 EXEC SPC_COM_GET_COMBOBOX 'in_out_data_div';
2018-03-27 18:10:55 EXEC SPC_COMPONENT_PRODUCT_FND '','','','','1','10';
2018-03-27 18:10:56 EXEC SPC_048_INPUT_OUTPUT_DETAIL_INQ2 '000115';
2018-03-27 18:10:59 EXEC SPC_048_INPUT_OUTPUT_DETAIL_ACT2 '[{"in_out_detail_no":"1","item_cd":"000115","serial_no":"yhjdhd","in_out_qty":"1","detail_remarks":""}]';
2018-03-27 18:11:03 EXEC SPC_048_INPUT_OUTPUT_DETAIL_ACT2 '[{"in_out_detail_no":"1","item_cd":"000115","serial_no":"yhjdhd","in_out_qty":"1","detail_remarks":""}]';
2018-03-27 18:11:09 EXEC SPC_048_INPUT_OUTPUT_DETAIL_INQ2 '000115';
2018-03-27 18:11:14 EXEC SPC_048_INPUT_OUTPUT_DETAIL_ACT2 '[{"in_out_detail_no":"1","item_cd":"000115","serial_no":"123456","in_out_qty":"1","detail_remarks":""},{"in_out_detail_no":"2","item_cd":"000115","serial_no":"dgagdg","in_out_qty":"1","detail_remarks":""}]';
2018-03-27 18:11:22 EXEC SPC_048_INPUT_OUTPUT_DETAIL_ACT2 '[{"in_out_detail_no":"1","item_cd":"000115","serial_no":"fxdgfx","in_out_qty":"1","detail_remarks":""},{"in_out_detail_no":"2","item_cd":"000115","serial_no":"dgagdg","in_out_qty":"1","detail_remarks":""}]';
2018-03-27 18:14:07 EXEC SPC_048_INPUT_OUTPUT_DETAIL_ACT2 '[{"in_out_detail_no":"1","item_cd":"000115","serial_no":"fxdgfx","in_out_qty":"1","detail_remarks":""},{"in_out_detail_no":"2","item_cd":"000115","serial_no":"dgagdg","in_out_qty":"1","detail_remarks":""}]';
2018-03-27 18:19:48 EXEC SPC_COM_GET_COMBOBOX 'in_out_div';
2018-03-27 18:19:48 EXEC SPC_COM_GET_COMBOBOX 'in_out_data_div';
2018-03-27 18:19:57 EXEC SPC_WAREHOUSE_SEARCH '','','1','10';
2018-03-27 18:20:08 EXEC SPC_COMPONENT_PRODUCT_FND '','','','','1','10';
2018-03-27 18:20:10 EXEC SPC_048_INPUT_OUTPUT_DETAIL_INQ2 '000115';
2018-03-27 18:20:15 EXEC SPC_048_INPUT_OUTPUT_DETAIL_ACT2 '[{"in_out_detail_no":"1","item_cd":"000115","serial_no":"30","in_out_qty":"1","detail_remarks":""}]';
2018-03-27 18:20:18 EXEC SPC_048_INPUT_OUTPUT_DETAIL_ACT1 'I','','5','2018/03/20','00','so0004','','[{"in_out_detail_no":"1","item_cd":"000115","serial_no":"30","in_out_qty":"1","detail_remarks":""}]','','048_input_output_detail','';
2018-03-27 18:20:19 EXEC SPC_048_INPUT_OUTPUT_DETAIL_INQ1 'SY201803270009';
2018-03-27 18:20:27 EXEC SPC_048_INPUT_OUTPUT_DETAIL_ACT2 '[{"in_out_detail_no":"1","item_cd":"000115","serial_no":"30","in_out_qty":"1","detail_remarks":""}]';
2018-03-27 18:20:28 EXEC SPC_048_INPUT_OUTPUT_DETAIL_ACT1 'I','SY201803270009','5','2018/03/27','00','so0004','','[{"in_out_detail_no":"1","item_cd":"000115","serial_no":"30","in_out_qty":"1","detail_remarks":""}]','','048_input_output_detail','';
2018-03-27 18:20:29 EXEC SPC_048_INPUT_OUTPUT_DETAIL_INQ1 'SY201803270010';
2018-03-27 18:20:35 EXEC SPC_048_INPUT_OUTPUT_DETAIL_INQ2 '000115';
2018-03-27 18:20:39 EXEC SPC_048_INPUT_OUTPUT_DETAIL_ACT2 '[{"in_out_detail_no":"1","item_cd":"000115","serial_no":"30","in_out_qty":"1","detail_remarks":""},{"in_out_detail_no":"2","item_cd":"000115","serial_no":"dfasfa","in_out_qty":"1","detail_remarks":""}]';
2018-03-27 18:20:45 EXEC SPC_048_INPUT_OUTPUT_DETAIL_ACT2 '[{"in_out_detail_no":"1","item_cd":"000115","serial_no":"30","in_out_qty":"1","detail_remarks":""},{"in_out_detail_no":"2","item_cd":"000115","serial_no":"dfasfa","in_out_qty":"1","detail_remarks":""}]';
2018-03-27 18:21:20 EXEC SPC_048_INPUT_OUTPUT_DETAIL_ACT1 'I','SY201803270010','5','2018/03/27','00','so0004','','[{"in_out_detail_no":"1","item_cd":"000115","serial_no":"30","in_out_qty":"1","detail_remarks":""},{"in_out_detail_no":"2","item_cd":"000115","serial_no":"dfasfa","in_out_qty":"1","detail_remarks":""}]','','048_input_output_detail','';
2018-03-27 18:21:21 EXEC SPC_048_INPUT_OUTPUT_DETAIL_INQ1 'SY201803270011';
2018-03-27 18:21:43 EXEC SPC_COMPONENT_PRODUCT_FND '','','','','1','10';
2018-03-27 18:21:44 EXEC SPC_048_INPUT_OUTPUT_DETAIL_INQ2 '000115';
2018-03-27 18:21:59 EXEC SPC_048_INPUT_OUTPUT_DETAIL_ACT2 '[{"in_out_detail_no":"1","item_cd":"000115","serial_no":"30","in_out_qty":"1","detail_remarks":""},{"in_out_detail_no":"2","item_cd":"000115","serial_no":"dfasfa","in_out_qty":"1","detail_remarks":""},{"in_out_detail_no":"3","item_cd":"000115","serial_no":"ndfgnf","in_out_qty":"1","detail_remarks":""}]';
2018-03-27 18:22:01 EXEC SPC_048_INPUT_OUTPUT_DETAIL_ACT1 'I','SY201803270011','5','2018/03/27','00','so0004','','[{"in_out_detail_no":"1","item_cd":"000115","serial_no":"30","in_out_qty":"1","detail_remarks":""},{"in_out_detail_no":"2","item_cd":"000115","serial_no":"dfasfa","in_out_qty":"1","detail_remarks":""},{"in_out_detail_no":"3","item_cd":"000115","serial_no":"ndfgnf","in_out_qty":"1","detail_remarks":""}]','','048_input_output_detail','';
2018-03-27 18:22:03 EXEC SPC_048_INPUT_OUTPUT_DETAIL_INQ1 'SY201803270012';
2018-03-27 18:26:47 EXEC SPC_COMPONENT_PRODUCT_FND '','','','','1','10';
2018-03-27 18:26:49 EXEC SPC_048_INPUT_OUTPUT_DETAIL_INQ2 '000115';
2018-03-27 18:26:53 EXEC SPC_048_INPUT_OUTPUT_DETAIL_ACT2 '[{"in_out_detail_no":"1","item_cd":"000115","serial_no":"30","in_out_qty":"1","detail_remarks":""},{"in_out_detail_no":"2","item_cd":"000115","serial_no":"dfasfa","in_out_qty":"1","detail_remarks":""},{"in_out_detail_no":"3","item_cd":"000115","serial_no":"ndfgnf","in_out_qty":"1","detail_remarks":""},{"in_out_detail_no":"4","item_cd":"000115","serial_no":"setIte","in_out_qty":"1","detail_remarks":""}]';
2018-03-27 18:26:58 EXEC SPC_048_INPUT_OUTPUT_DETAIL_ACT1 'I','SY201803270012','5','2018/03/27','00','so0004','','[{"in_out_detail_no":"1","item_cd":"000115","serial_no":"30","in_out_qty":"1","detail_remarks":""},{"in_out_detail_no":"2","item_cd":"000115","serial_no":"dfasfa","in_out_qty":"1","detail_remarks":""},{"in_out_detail_no":"3","item_cd":"000115","serial_no":"ndfgnf","in_out_qty":"1","detail_remarks":""},{"in_out_detail_no":"4","item_cd":"000115","serial_no":"setIte","in_out_qty":"1","detail_remarks":""}]','','048_input_output_detail','';
2018-03-27 18:26:59 EXEC SPC_048_INPUT_OUTPUT_DETAIL_INQ1 'SY201803270013';
2018-03-27 18:27:32 EXEC SPC_COMPONENT_PRODUCT_FND '','','','','1','10';
2018-03-27 18:27:33 EXEC SPC_048_INPUT_OUTPUT_DETAIL_INQ2 '000114';
2018-03-27 18:29:24 EXEC SPC_COM_GET_COMBOBOX 'in_out_div';
2018-03-27 18:29:25 EXEC SPC_COM_GET_COMBOBOX 'in_out_data_div';
2018-03-27 18:29:32 EXEC SPC_WAREHOUSE_SEARCH '','','1','10';
2018-03-27 18:29:36 EXEC SPC_COMPONENT_PRODUCT_FND '','','','','1','10';
2018-03-27 18:29:38 EXEC SPC_048_INPUT_OUTPUT_DETAIL_INQ2 '000115';
2018-03-27 18:29:41 EXEC SPC_048_INPUT_OUTPUT_DETAIL_ACT2 '[{"in_out_detail_no":"1","item_cd":"000115","serial_no":"jjdghd","in_out_qty":"1","detail_remarks":""}]';
2018-03-27 18:29:43 EXEC SPC_048_INPUT_OUTPUT_DETAIL_ACT2 '[{"in_out_detail_no":"1","item_cd":"000115","serial_no":"jjdghd","in_out_qty":"1","detail_remarks":""}]';
2018-03-27 18:29:45 EXEC SPC_048_INPUT_OUTPUT_DETAIL_ACT1 'I','','5','2018/03/27','00','so0004','','[{"in_out_detail_no":"1","item_cd":"000115","serial_no":"jjdghd","in_out_qty":"1","detail_remarks":""}]','','048_input_output_detail','';
2018-03-27 18:29:46 EXEC SPC_048_INPUT_OUTPUT_DETAIL_INQ1 'SY201803270014';
2018-03-27 18:29:55 EXEC SPC_COMPONENT_PRODUCT_FND '','','','','1','10';
2018-03-27 18:29:57 EXEC SPC_048_INPUT_OUTPUT_DETAIL_INQ2 '000114';
2018-03-27 18:30:25 EXEC SPC_COMPONENT_PRODUCT_FND '','','','','1','10';
2018-03-27 18:30:27 EXEC SPC_048_INPUT_OUTPUT_DETAIL_INQ2 '000115';
2018-03-27 18:30:33 EXEC SPC_048_INPUT_OUTPUT_DETAIL_ACT2 '[{"in_out_detail_no":"1","item_cd":"000115","serial_no":"jjdghd","in_out_qty":"1","detail_remarks":""},{"in_out_detail_no":"2","item_cd":"000115","serial_no":"20000","in_out_qty":"1","detail_remarks":""}]';
2018-03-27 18:30:39 EXEC SPC_048_INPUT_OUTPUT_DETAIL_ACT1 'I','SY201803270014','5','2018/03/27','00','so0004','','[{"in_out_detail_no":"1","item_cd":"000115","serial_no":"jjdghd","in_out_qty":"1","detail_remarks":""},{"in_out_detail_no":"2","item_cd":"000115","serial_no":"20000","in_out_qty":"1","detail_remarks":""}]','','048_input_output_detail','';
2018-03-27 18:30:40 EXEC SPC_048_INPUT_OUTPUT_DETAIL_INQ1 'SY201803270015';
2018-03-27 18:39:28 EXEC SPC_COM_GET_COMBOBOX 'in_out_div';
2018-03-27 18:39:28 EXEC SPC_COM_GET_COMBOBOX 'in_out_data_div';
2018-03-27 18:39:39 EXEC SPC_WAREHOUSE_SEARCH '','','1','10';
2018-03-27 18:39:45 EXEC SPC_COMPONENT_PRODUCT_FND '','','','','1','10';
2018-03-27 18:39:47 EXEC SPC_048_INPUT_OUTPUT_DETAIL_INQ2 '000115';
2018-03-27 18:39:53 EXEC SPC_048_INPUT_OUTPUT_DETAIL_ACT1 'I','','5','2018/03/27','00','so0004','','[{"in_out_detail_no":"1","item_cd":"000115","serial_no":"20","in_out_qty":"1","detail_remarks":""}]','','048_input_output_detail','';
2018-03-27 18:39:55 EXEC SPC_048_INPUT_OUTPUT_DETAIL_INQ1 'SY201803270016';
2018-03-27 18:40:38 EXEC SPC_COMPONENT_PRODUCT_FND '','','','','1','10';
2018-03-27 18:40:41 EXEC SPC_048_INPUT_OUTPUT_DETAIL_INQ2 '000111';
2018-03-27 18:41:47 EXEC SPC_COM_GET_COMBOBOX 'in_out_div';
2018-03-27 18:41:47 EXEC SPC_COM_GET_COMBOBOX 'in_out_data_div';
2018-03-27 18:41:55 EXEC SPC_WAREHOUSE_SEARCH '','','1','10';
2018-03-27 18:41:58 EXEC SPC_COMPONENT_PRODUCT_FND '','','','','1','10';
2018-03-27 18:42:00 EXEC SPC_048_INPUT_OUTPUT_DETAIL_INQ2 '000123';
2018-03-27 18:42:04 EXEC SPC_COMPONENT_PRODUCT_FND '','','','','1','10';
2018-03-27 18:42:06 EXEC SPC_048_INPUT_OUTPUT_DETAIL_INQ2 '000115';
2018-03-27 18:42:09 EXEC SPC_048_INPUT_OUTPUT_DETAIL_ACT2 '[{"in_out_detail_no":"1","item_cd":"000115","serial_no":"20","in_out_qty":"1","detail_remarks":""}]';
2018-03-27 18:42:10 EXEC SPC_048_INPUT_OUTPUT_DETAIL_ACT1 'I','','5','2018/03/27','00','so0004','','[{"in_out_detail_no":"1","item_cd":"000115","serial_no":"20","in_out_qty":"1","detail_remarks":""}]','','048_input_output_detail','';
2018-03-27 18:42:12 EXEC SPC_048_INPUT_OUTPUT_DETAIL_INQ1 'SY201803270017';
2018-03-27 18:42:49 EXEC SPC_COM_GET_COMBOBOX 'in_out_data_div';
2018-03-27 18:42:49 EXEC SPC_COM_GET_COMBOBOX 'in_out_div';
2018-03-27 18:43:04 EXEC SPC_WAREHOUSE_SEARCH '','','1','10';
2018-03-27 18:43:08 EXEC SPC_COMPONENT_PRODUCT_FND '','','','','1','10';
2018-03-27 18:43:10 EXEC SPC_048_INPUT_OUTPUT_DETAIL_INQ2 '000115';
2018-03-27 18:43:26 EXEC SPC_COM_GET_COMBOBOX 'in_out_div';
2018-03-27 18:43:26 EXEC SPC_COM_GET_COMBOBOX 'in_out_data_div';
2018-03-27 18:43:33 EXEC SPC_WAREHOUSE_SEARCH '','','1','10';
2018-03-27 18:43:36 EXEC SPC_COMPONENT_PRODUCT_FND '','','','','1','10';
2018-03-27 18:43:38 EXEC SPC_048_INPUT_OUTPUT_DETAIL_INQ2 '000115';
2018-03-27 18:43:43 EXEC SPC_048_INPUT_OUTPUT_DETAIL_ACT2 '[{"in_out_detail_no":"1","item_cd":"000115","serial_no":"524525","in_out_qty":"1","detail_remarks":""}]';
2018-03-27 18:43:45 EXEC SPC_048_INPUT_OUTPUT_DETAIL_ACT1 'I','','5','2018/03/27','00','so0004','','[{"in_out_detail_no":"1","item_cd":"000115","serial_no":"524525","in_out_qty":"1","detail_remarks":""}]','','048_input_output_detail','';
2018-03-27 18:43:46 EXEC SPC_048_INPUT_OUTPUT_DETAIL_INQ1 'SY201803270018';
2018-03-27 18:43:48 EXEC SPC_048_INPUT_OUTPUT_DETAIL_ACT2 '[{"in_out_detail_no":"1","item_cd":"000115","serial_no":"524525","in_out_qty":"1","detail_remarks":""}]';
2018-03-27 18:43:49 EXEC SPC_048_INPUT_OUTPUT_DETAIL_ACT1 'I','SY201803270018','5','2018/03/27','00','so0004','','[{"in_out_detail_no":"1","item_cd":"000115","serial_no":"524525","in_out_qty":"1","detail_remarks":""}]','','048_input_output_detail','';
2018-03-27 18:43:50 EXEC SPC_048_INPUT_OUTPUT_DETAIL_INQ1 'SY201803270019';
2018-03-27 18:43:56 EXEC SPC_COMPONENT_PRODUCT_FND '','','','','1','10';
2018-03-27 18:43:57 EXEC SPC_048_INPUT_OUTPUT_DETAIL_INQ2 '000115';
2018-03-27 18:44:00 EXEC SPC_048_INPUT_OUTPUT_DETAIL_ACT2 '[{"in_out_detail_no":"1","item_cd":"000115","serial_no":"524525","in_out_qty":"1","detail_remarks":""},{"in_out_detail_no":"2","item_cd":"000115","serial_no":"RFAWFA","in_out_qty":"1","detail_remarks":""}]';
2018-03-27 18:44:02 EXEC SPC_048_INPUT_OUTPUT_DETAIL_ACT1 'I','SY201803270019','5','2018/03/27','00','so0004','','[{"in_out_detail_no":"1","item_cd":"000115","serial_no":"524525","in_out_qty":"1","detail_remarks":""},{"in_out_detail_no":"2","item_cd":"000115","serial_no":"RFAWFA","in_out_qty":"1","detail_remarks":""}]','','048_input_output_detail','';
2018-03-27 18:44:03 EXEC SPC_048_INPUT_OUTPUT_DETAIL_INQ1 'SY201803270020';
2018-03-27 18:44:10 EXEC SPC_048_INPUT_OUTPUT_DETAIL_ACT2 '[{"in_out_detail_no":"1","item_cd":"000115","serial_no":"524525","in_out_qty":"1","detail_remarks":""},{"in_out_detail_no":"2","item_cd":"000115","serial_no":"RFAWFA","in_out_qty":"1","detail_remarks":""}]';
2018-03-27 18:44:11 EXEC SPC_048_INPUT_OUTPUT_DETAIL_ACT1 'I','SY201803270020','5','2018/03/27','00','so0004','','[{"in_out_detail_no":"1","item_cd":"000115","serial_no":"524525","in_out_qty":"1","detail_remarks":""},{"in_out_detail_no":"2","item_cd":"000115","serial_no":"RFAWFA","in_out_qty":"1","detail_remarks":""}]','','048_input_output_detail','';
2018-03-27 18:44:12 EXEC SPC_048_INPUT_OUTPUT_DETAIL_INQ1 'SY201803270021';
2018-03-27 18:44:19 EXEC SPC_COMPONENT_PRODUCT_FND '','','','','1','10';
2018-03-27 18:44:20 EXEC SPC_048_INPUT_OUTPUT_DETAIL_INQ2 '000004';
2018-03-27 18:44:26 EXEC SPC_048_INPUT_OUTPUT_DETAIL_ACT2 '[{"in_out_detail_no":"1","item_cd":"000115","serial_no":"524525","in_out_qty":"1","detail_remarks":""},{"in_out_detail_no":"2","item_cd":"000115","serial_no":"RFAWFA","in_out_qty":"1","detail_remarks":""},{"in_out_detail_no":"3","item_cd":"000004","serial_no":"","in_out_qty":"532434","detail_remarks":""}]';
2018-03-27 18:44:27 EXEC SPC_048_INPUT_OUTPUT_DETAIL_ACT1 'I','SY201803270021','5','2018/03/27','00','so0004','','[{"in_out_detail_no":"1","item_cd":"000115","serial_no":"524525","in_out_qty":"1","detail_remarks":""},{"in_out_detail_no":"2","item_cd":"000115","serial_no":"RFAWFA","in_out_qty":"1","detail_remarks":""},{"in_out_detail_no":"3","item_cd":"000004","serial_no":"","in_out_qty":"532434","detail_remarks":""}]','','048_input_output_detail','';
2018-03-27 18:44:28 EXEC SPC_048_INPUT_OUTPUT_DETAIL_INQ1 'SY201803270022';
2018-03-27 18:44:37 EXEC SPC_COMPONENT_PRODUCT_FND '','','','','1','10';
2018-03-27 18:44:38 EXEC SPC_048_INPUT_OUTPUT_DETAIL_INQ2 '000115';
2018-03-27 18:44:42 EXEC SPC_048_INPUT_OUTPUT_DETAIL_ACT2 '[{"in_out_detail_no":"1","item_cd":"000115","serial_no":"524525","in_out_qty":"1","detail_remarks":""},{"in_out_detail_no":"2","item_cd":"000115","serial_no":"RFAWFA","in_out_qty":"1","detail_remarks":""},{"in_out_detail_no":"3","item_cd":"000004","serial_no":"","in_out_qty":"532434","detail_remarks":""},{"in_out_detail_no":"4","item_cd":"000115","serial_no":"FAFASD","in_out_qty":"1","detail_remarks":""}]';
2018-03-27 18:44:43 EXEC SPC_048_INPUT_OUTPUT_DETAIL_ACT1 'I','SY201803270022','5','2018/03/27','00','so0004','','[{"in_out_detail_no":"1","item_cd":"000115","serial_no":"524525","in_out_qty":"1","detail_remarks":""},{"in_out_detail_no":"2","item_cd":"000115","serial_no":"RFAWFA","in_out_qty":"1","detail_remarks":""},{"in_out_detail_no":"3","item_cd":"000004","serial_no":"","in_out_qty":"532434","detail_remarks":""},{"in_out_detail_no":"4","item_cd":"000115","serial_no":"FAFASD","in_out_qty":"1","detail_remarks":""}]','','048_input_output_detail','';
2018-03-27 18:44:44 EXEC SPC_048_INPUT_OUTPUT_DETAIL_INQ1 'SY201803270023';
2018-03-27 18:49:46 EXEC SPC_COM_GET_COMBOBOX 'in_out_div';
2018-03-27 18:49:46 EXEC SPC_COM_GET_COMBOBOX 'in_out_data_div';
2018-03-27 18:49:56 EXEC SPC_WAREHOUSE_SEARCH '','','1','10';
2018-03-27 18:50:00 EXEC SPC_COMPONENT_PRODUCT_FND '','','','','1','10';
2018-03-27 18:50:02 EXEC SPC_048_INPUT_OUTPUT_DETAIL_INQ2 '000115';
2018-03-27 18:50:09 EXEC SPC_048_INPUT_OUTPUT_DETAIL_INQ2 '000115';
2018-03-27 18:50:15 EXEC SPC_048_INPUT_OUTPUT_DETAIL_ACT2 '[{"in_out_detail_no":"1","item_cd":"000115","serial_no":"111111","in_out_qty":"1","detail_remarks":""},{"in_out_detail_no":"2","item_cd":"000115","serial_no":"111111","in_out_qty":"1","detail_remarks":""}]';
2018-03-27 18:50:23 EXEC SPC_048_INPUT_OUTPUT_DETAIL_ACT1 'I','','5','2018/03/27','00','so0004','','[{"in_out_detail_no":"1","item_cd":"000115","serial_no":"111111","in_out_qty":"1","detail_remarks":""},{"in_out_detail_no":"2","item_cd":"000115","serial_no":"111111","in_out_qty":"1","detail_remarks":""}]','','048_input_output_detail','';
2018-03-27 18:50:26 EXEC SPC_COM_GET_COMBOBOX 'in_out_data_div';
2018-03-27 18:50:26 EXEC SPC_COM_GET_COMBOBOX 'in_out_div';
2018-03-27 18:50:32 EXEC SPC_WAREHOUSE_SEARCH '','','1','10';
2018-03-27 18:50:36 EXEC SPC_COMPONENT_PRODUCT_FND '','','','','1','10';
2018-03-27 18:50:38 EXEC SPC_048_INPUT_OUTPUT_DETAIL_INQ2 '000115';
2018-03-27 18:50:44 EXEC SPC_048_INPUT_OUTPUT_DETAIL_INQ2 'newDat';
2018-03-27 18:50:50 EXEC SPC_048_INPUT_OUTPUT_DETAIL_INQ2 '000115';
2018-03-27 18:51:56 EXEC SPC_COMPONENT_PRODUCT_FND '','','','','1','10';
2018-03-27 18:51:58 EXEC SPC_048_INPUT_OUTPUT_DETAIL_INQ2 '000115';
2018-03-27 18:52:19 EXEC SPC_048_INPUT_OUTPUT_DETAIL_ACT2 '[{"in_out_detail_no":"1","item_cd":"000115","serial_no":"111111","in_out_qty":"1","detail_remarks":""},{"in_out_detail_no":"2","item_cd":"000115","serial_no":"333333","in_out_qty":"1","detail_remarks":""},{"in_out_detail_no":"3","item_cd":"000115","serial_no":"222222","in_out_qty":"1","detail_remarks":""}]';
2018-03-27 18:52:21 EXEC SPC_048_INPUT_OUTPUT_DETAIL_ACT1 'I','','5','2018/03/27','00','so0004','','[{"in_out_detail_no":"1","item_cd":"000115","serial_no":"111111","in_out_qty":"1","detail_remarks":""},{"in_out_detail_no":"2","item_cd":"000115","serial_no":"333333","in_out_qty":"1","detail_remarks":""},{"in_out_detail_no":"3","item_cd":"000115","serial_no":"222222","in_out_qty":"1","detail_remarks":""}]','','048_input_output_detail','';
2018-03-27 18:52:22 EXEC SPC_048_INPUT_OUTPUT_DETAIL_INQ1 'SY201803270025';
2018-03-27 18:53:18 EXEC SPC_COM_GET_COMBOBOX 'in_out_div';
2018-03-27 18:53:18 EXEC SPC_COM_GET_COMBOBOX 'in_out_data_div';
2018-03-27 18:53:28 EXEC SPC_WAREHOUSE_SEARCH '','','1','10';
2018-03-27 18:53:32 EXEC SPC_COMPONENT_PRODUCT_FND '','','','','1','10';
2018-03-27 18:53:33 EXEC SPC_048_INPUT_OUTPUT_DETAIL_INQ2 '000115';
2018-03-27 18:53:43 EXEC SPC_048_INPUT_OUTPUT_DETAIL_INQ2 '000115';
2018-03-27 18:55:24 EXEC SPC_048_INPUT_OUTPUT_DETAIL_INQ2 '000115';
2018-03-27 18:58:31 EXEC SPC_COM_GET_COMBOBOX 'in_out_div';
2018-03-27 18:58:31 EXEC SPC_COM_GET_COMBOBOX 'in_out_data_div';
2018-03-27 18:58:39 EXEC SPC_WAREHOUSE_SEARCH '','','1','10';
2018-03-27 18:58:44 EXEC SPC_COMPONENT_PRODUCT_FND '','','','','1','10';
2018-03-27 18:58:45 EXEC SPC_048_INPUT_OUTPUT_DETAIL_INQ2 '000115';
2018-03-27 18:58:52 EXEC SPC_048_INPUT_OUTPUT_DETAIL_INQ2 '000115';
2018-03-27 18:59:11 EXEC SPC_048_INPUT_OUTPUT_DETAIL_INQ2 '000115';
2018-03-27 19:03:49 EXEC SPC_COM_GET_COMBOBOX 'in_out_div';
2018-03-27 19:03:50 EXEC SPC_COM_GET_COMBOBOX 'in_out_data_div';
2018-03-27 19:03:56 EXEC SPC_WAREHOUSE_SEARCH '','','1','10';
2018-03-27 19:04:01 EXEC SPC_COMPONENT_PRODUCT_FND '','','','','1','10';
2018-03-27 19:04:03 EXEC SPC_048_INPUT_OUTPUT_DETAIL_INQ2 '000115';
2018-03-27 19:04:11 EXEC SPC_048_INPUT_OUTPUT_DETAIL_INQ2 '000115';
2018-03-27 19:04:27 EXEC SPC_048_INPUT_OUTPUT_DETAIL_INQ2 '000115';
2018-03-27 19:06:57 EXEC SPC_COMPONENT_PRODUCT_FND '','','','','1','10';
2018-03-27 19:06:58 EXEC SPC_048_INPUT_OUTPUT_DETAIL_INQ2 '000115';
2018-03-27 19:07:21 EXEC SPC_048_INPUT_OUTPUT_DETAIL_INQ2 '000115';
2018-03-27 19:09:34 EXEC SPC_COMPONENT_PRODUCT_FND '','','','','1','10';
2018-03-27 19:09:36 EXEC SPC_048_INPUT_OUTPUT_DETAIL_INQ2 '000114';
2018-03-27 19:09:52 EXEC SPC_COMPONENT_PRODUCT_FND '','','','','1','10';
2018-03-27 19:09:54 EXEC SPC_048_INPUT_OUTPUT_DETAIL_INQ2 '000115';
2018-03-27 19:14:11 EXEC SPC_COM_GET_COMBOBOX 'in_out_div';
2018-03-27 19:14:11 EXEC SPC_COM_GET_COMBOBOX 'in_out_data_div';
2018-03-27 19:14:20 EXEC SPC_WAREHOUSE_SEARCH '','','1','10';
2018-03-27 19:14:24 EXEC SPC_COMPONENT_PRODUCT_FND '','','','','1','10';
2018-03-27 19:14:26 EXEC SPC_048_INPUT_OUTPUT_DETAIL_INQ2 '000115';
2018-03-27 19:14:31 EXEC SPC_048_INPUT_OUTPUT_DETAIL_ACT2 '[{"in_out_detail_no":"1","item_cd":"000115","serial_no":"111111","in_out_qty":"1","detail_remarks":""}]';
2018-03-27 19:14:32 EXEC SPC_048_INPUT_OUTPUT_DETAIL_ACT1 'I','','5','2018/03/27','00','so0004','','[{"in_out_detail_no":"1","item_cd":"000115","serial_no":"111111","in_out_qty":"1","detail_remarks":""}]','','048_input_output_detail','';
2018-03-27 19:14:33 EXEC SPC_048_INPUT_OUTPUT_DETAIL_INQ1 'SY201803270026';
2018-03-27 19:14:35 EXEC SPC_048_INPUT_OUTPUT_DETAIL_INQ2 '000115';
2018-03-27 19:14:45 EXEC SPC_048_INPUT_OUTPUT_DETAIL_INQ2 '000115';
2018-03-27 19:14:58 EXEC SPC_048_INPUT_OUTPUT_DETAIL_ACT2 '[{"in_out_detail_no":"1","item_cd":"000115","serial_no":"333333","in_out_qty":"1","detail_remarks":""},{"in_out_detail_no":"2","item_cd":"000115","serial_no":"111111","in_out_qty":"1","detail_remarks":""},{"in_out_detail_no":"3","item_cd":"000115","serial_no":"222222","in_out_qty":"1","detail_remarks":""}]';
2018-03-27 19:15:00 EXEC SPC_048_INPUT_OUTPUT_DETAIL_ACT1 'I','SY201803270026','5','2018/03/27','00','so0004','','[{"in_out_detail_no":"1","item_cd":"000115","serial_no":"333333","in_out_qty":"1","detail_remarks":""},{"in_out_detail_no":"2","item_cd":"000115","serial_no":"111111","in_out_qty":"1","detail_remarks":""},{"in_out_detail_no":"3","item_cd":"000115","serial_no":"222222","in_out_qty":"1","detail_remarks":""}]','','048_input_output_detail','';
2018-03-27 19:15:01 EXEC SPC_048_INPUT_OUTPUT_DETAIL_INQ1 'SY201803270027';
2018-03-27 19:15:44 EXEC SPC_COM_GET_COMBOBOX 'in_out_data_div';
2018-03-27 19:15:44 EXEC SPC_COM_GET_COMBOBOX 'in_out_div';
2018-03-27 19:15:50 EXEC SPC_WAREHOUSE_SEARCH '','','1','10';
2018-03-27 19:15:57 EXEC SPC_COMPONENT_PRODUCT_FND '','','','','1','10';
2018-03-27 19:15:58 EXEC SPC_048_INPUT_OUTPUT_DETAIL_INQ2 '000115';
2018-03-27 19:16:04 EXEC SPC_048_INPUT_OUTPUT_DETAIL_ACT2 '[{"in_out_detail_no":"1","item_cd":"000115","serial_no":"111111","in_out_qty":"1","detail_remarks":""}]';
2018-03-27 19:16:07 EXEC SPC_048_INPUT_OUTPUT_DETAIL_INQ2 '000115';
2018-03-27 19:17:43 EXEC SPC_COM_GET_COMBOBOX 'in_out_div';
2018-03-27 19:17:43 EXEC SPC_COM_GET_COMBOBOX 'in_out_data_div';
2018-03-27 19:17:53 EXEC SPC_WAREHOUSE_SEARCH '','','1','10';
2018-03-27 19:17:57 EXEC SPC_COMPONENT_PRODUCT_FND '','','','','1','10';
2018-03-27 19:17:59 EXEC SPC_048_INPUT_OUTPUT_DETAIL_INQ2 '000115';
2018-03-27 19:18:04 EXEC SPC_048_INPUT_OUTPUT_DETAIL_ACT2 '[{"in_out_detail_no":"1","item_cd":"000115","serial_no":"111111","in_out_qty":"1","detail_remarks":""}]';
2018-03-27 19:18:07 EXEC SPC_048_INPUT_OUTPUT_DETAIL_INQ2 '000115';
2018-03-27 19:18:19 EXEC SPC_048_INPUT_OUTPUT_DETAIL_ACT2 '[{"in_out_detail_no":"1","item_cd":"000115","serial_no":"222222","in_out_qty":"1","detail_remarks":""},{"in_out_detail_no":"2","item_cd":"000115","serial_no":"111111","in_out_qty":"1","detail_remarks":""}]';
2018-03-27 19:18:20 EXEC SPC_048_INPUT_OUTPUT_DETAIL_ACT1 'I','','5','2018/03/27','00','so0002','','[{"in_out_detail_no":"1","item_cd":"000115","serial_no":"222222","in_out_qty":"1","detail_remarks":""},{"in_out_detail_no":"2","item_cd":"000115","serial_no":"111111","in_out_qty":"1","detail_remarks":""}]','','048_input_output_detail','';
2018-03-27 19:18:21 EXEC SPC_048_INPUT_OUTPUT_DETAIL_INQ1 'SY201803270028';
2018-03-27 19:18:42 EXEC SPC_048_INPUT_OUTPUT_DETAIL_ACT2 '[{"in_out_detail_no":"1","item_cd":"000115","serial_no":"222222","in_out_qty":"1","detail_remarks":""},{"in_out_detail_no":"2","item_cd":"000115","serial_no":"111111","in_out_qty":"1","detail_remarks":""}]';
2018-03-27 19:18:51 EXEC SPC_048_INPUT_OUTPUT_DETAIL_ACT2 '[{"in_out_detail_no":"1","item_cd":"000115","serial_no":"222222","in_out_qty":"1","detail_remarks":""},{"in_out_detail_no":"2","item_cd":"000115","serial_no":"111111","in_out_qty":"1","detail_remarks":""}]';
2018-03-27 19:18:53 EXEC SPC_048_INPUT_OUTPUT_DETAIL_ACT2 '[{"in_out_detail_no":"1","item_cd":"000115","serial_no":"222222","in_out_qty":"1","detail_remarks":""},{"in_out_detail_no":"2","item_cd":"000115","serial_no":"111111","in_out_qty":"1","detail_remarks":""}]';
2018-03-27 19:18:54 EXEC SPC_048_INPUT_OUTPUT_DETAIL_ACT1 'I','SY201803270028','5','2018/03/27','00','so0002','','[{"in_out_detail_no":"1","item_cd":"000115","serial_no":"222222","in_out_qty":"1","detail_remarks":""},{"in_out_detail_no":"2","item_cd":"000115","serial_no":"111111","in_out_qty":"1","detail_remarks":""}]','','048_input_output_detail','';
2018-03-27 19:18:55 EXEC SPC_048_INPUT_OUTPUT_DETAIL_INQ1 'SY201803270029';
2018-03-27 19:18:59 EXEC SPC_048_INPUT_OUTPUT_DETAIL_INQ2 '000115';
2018-03-27 19:19:13 EXEC SPC_COMPONENT_PRODUCT_FND '','','','','1','10';
2018-03-27 19:19:17 EXEC SPC_048_INPUT_OUTPUT_DETAIL_INQ2 '000112';
2018-03-27 19:19:25 EXEC SPC_COMPONENT_PRODUCT_FND '','','','','1','10';
2018-03-27 19:19:27 EXEC SPC_048_INPUT_OUTPUT_DETAIL_INQ2 '000004';
2018-03-27 19:22:30 EXEC SPC_COM_GET_COMBOBOX 'in_out_div';
2018-03-27 19:22:30 EXEC SPC_COM_GET_COMBOBOX 'in_out_data_div';
2018-03-27 19:22:37 EXEC SPC_WAREHOUSE_SEARCH '','','1','10';
2018-03-27 19:22:41 EXEC SPC_COMPONENT_PRODUCT_FND '','','','','1','10';
2018-03-27 19:22:43 EXEC SPC_048_INPUT_OUTPUT_DETAIL_INQ2 '000004';
2018-03-27 19:22:50 EXEC SPC_048_INPUT_OUTPUT_DETAIL_ACT2 '[{"in_out_detail_no":"1","item_cd":"000004","serial_no":"","in_out_qty":"12333","detail_remarks":""}]';
2018-03-27 19:22:51 EXEC SPC_048_INPUT_OUTPUT_DETAIL_ACT1 'I','','5','2018/03/27','00','so0004','','[{"in_out_detail_no":"1","item_cd":"000004","serial_no":"","in_out_qty":"12333","detail_remarks":""}]','','048_input_output_detail','';
2018-03-27 19:22:53 EXEC SPC_048_INPUT_OUTPUT_DETAIL_INQ1 'SY201803270030';
2018-03-27 19:22:57 EXEC SPC_COMPONENT_PRODUCT_FND '','','','','1','10';
2018-03-27 19:23:00 EXEC SPC_048_INPUT_OUTPUT_DETAIL_INQ2 '000004';
2018-03-27 19:23:19 EXEC SPC_COMPONENT_PRODUCT_FND '','','','','1','10';
2018-03-27 19:23:23 EXEC SPC_048_INPUT_OUTPUT_DETAIL_INQ2 '000115';
2018-03-27 19:23:46 EXEC SPC_048_INPUT_OUTPUT_DETAIL_ACT2 '[{"in_out_detail_no":"1","item_cd":"000004","serial_no":"","in_out_qty":"12333","detail_remarks":""},{"in_out_detail_no":"2","item_cd":"000115","serial_no":"111111","in_out_qty":"1","detail_remarks":""}]';
2018-03-27 19:23:47 EXEC SPC_048_INPUT_OUTPUT_DETAIL_ACT1 'I','SY201803270030','5','2018/03/27','00','so0004','','[{"in_out_detail_no":"1","item_cd":"000004","serial_no":"","in_out_qty":"12333","detail_remarks":""},{"in_out_detail_no":"2","item_cd":"000115","serial_no":"111111","in_out_qty":"1","detail_remarks":""}]','','048_input_output_detail','';
2018-03-27 19:23:48 EXEC SPC_048_INPUT_OUTPUT_DETAIL_INQ1 'SY201803270031';
2018-03-27 19:24:02 EXEC SPC_COMPONENT_PRODUCT_FND '','','','','1','10';
2018-03-27 19:24:04 EXEC SPC_048_INPUT_OUTPUT_DETAIL_INQ2 '000004';
2018-03-27 19:24:07 EXEC SPC_048_INPUT_OUTPUT_DETAIL_ACT2 '[{"in_out_detail_no":"1","item_cd":"000115","serial_no":"111111","in_out_qty":"1","detail_remarks":""},{"in_out_detail_no":"2","item_cd":"000004","serial_no":"","in_out_qty":"0","detail_remarks":""}]';
2018-03-27 19:24:21 EXEC SPC_COM_GET_COMBOBOX 'in_out_div';
2018-03-27 19:24:22 EXEC SPC_COM_GET_COMBOBOX 'in_out_data_div';
2018-03-27 19:25:57 EXEC SPC_COM_GET_COMBOBOX 'in_out_div';
2018-03-27 19:25:57 EXEC SPC_COM_GET_COMBOBOX 'in_out_data_div';
2018-03-27 19:26:49 EXEC SPC_COM_GET_COMBOBOX 'in_out_data_div';
2018-03-27 19:26:49 EXEC SPC_COM_GET_COMBOBOX 'in_out_div';
2018-03-27 19:26:57 EXEC SPC_WAREHOUSE_SEARCH '','','1','10';
2018-03-27 19:27:01 EXEC SPC_COMPONENT_PRODUCT_FND '','','','','1','10';
2018-03-27 19:27:03 EXEC SPC_048_INPUT_OUTPUT_DETAIL_INQ2 '000115';
2018-03-27 19:27:07 EXEC SPC_048_INPUT_OUTPUT_DETAIL_ACT2 '[{"in_out_detail_no":"1","item_cd":"000115","serial_no":"111111","in_out_qty":"1","detail_remarks":""}]';
2018-03-27 19:27:13 EXEC SPC_COMPONENT_PRODUCT_FND '','','','','1','10';
2018-03-27 19:27:14 EXEC SPC_048_INPUT_OUTPUT_DETAIL_INQ2 '000004';
2018-03-27 19:27:25 EXEC SPC_COMPONENT_PRODUCT_FND '','','','','1','10';
2018-03-27 19:27:27 EXEC SPC_048_INPUT_OUTPUT_DETAIL_INQ2 '000115';
2018-03-27 19:30:19 EXEC SPC_COM_GET_COMBOBOX 'fwd_status_div';
2018-03-27 19:30:21 EXEC SPC_011_SHIPMENT_SEARCH_FND1 '','','','','','','1','10';
2018-03-27 19:30:27 EXEC SPC_012_SHIPMENT_DETAIL_EXCEL_ACT1 '[{"fwd_no":"S-18030001"}]','','012_shipment-excel','';
2018-03-27 19:30:35 EXEC SPC_011_SHIPMENT_SEARCH_FND1 '','','','','','','32','10';
2018-03-27 19:30:41 EXEC SPC_012_SHIPMENT_DETAIL_EXCEL_ACT1 '[{"fwd_no":"S-18030026"}]','','012_shipment-excel','';
2018-03-27 19:31:40 EXEC SPC_011_SHIPMENT_SEARCH_FND1 '','','','','','','1','10';
2018-03-27 19:31:46 EXEC SPC_012_SHIPMENT_DETAIL_EXCEL_ACT1 '[{"fwd_no":"S-18030001"},{"fwd_no":"S-18030002"}]','','012_shipment-excel','';
2018-03-27 19:32:22 EXEC SPC_048_INPUT_OUTPUT_DETAIL_ACT2 '[{"in_out_detail_no":"1","item_cd":"000115","serial_no":"uuuuuu","in_out_qty":"1","detail_remarks":""},{"in_out_detail_no":"2","item_cd":"000004","serial_no":"","in_out_qty":"111111","detail_remarks":""},{"in_out_detail_no":"3","item_cd":"000115","serial_no":"111111","in_out_qty":"1","detail_remarks":""}]';
2018-03-27 19:32:23 EXEC SPC_048_INPUT_OUTPUT_DETAIL_ACT1 'I','','5','2018/03/27','00','so0004','','[{"in_out_detail_no":"1","item_cd":"000115","serial_no":"uuuuuu","in_out_qty":"1","detail_remarks":""},{"in_out_detail_no":"2","item_cd":"000004","serial_no":"","in_out_qty":"111111","detail_remarks":""},{"in_out_detail_no":"3","item_cd":"000115","serial_no":"111111","in_out_qty":"1","detail_remarks":""}]','','048_input_output_detail','';
2018-03-27 19:32:24 EXEC SPC_048_INPUT_OUTPUT_DETAIL_INQ1 'SY201803270032';
2018-03-27 19:37:23 EXEC SPC_048_INPUT_OUTPUT_DETAIL_ACT2 '[{"in_out_detail_no":"1","item_cd":"000115","serial_no":"uuuuuu","in_out_qty":"1","detail_remarks":""},{"in_out_detail_no":"2","item_cd":"000004","serial_no":"","in_out_qty":"111111","detail_remarks":""},{"in_out_detail_no":"3","item_cd":"000115","serial_no":"111111","in_out_qty":"1","detail_remarks":""}]';
2018-03-27 19:37:24 EXEC SPC_048_INPUT_OUTPUT_DETAIL_ACT1 'I','SY201803270032','5','2018/03/27','00','so0004','','[{"in_out_detail_no":"1","item_cd":"000115","serial_no":"uuuuuu","in_out_qty":"1","detail_remarks":""},{"in_out_detail_no":"2","item_cd":"000004","serial_no":"","in_out_qty":"111111","detail_remarks":""},{"in_out_detail_no":"3","item_cd":"000115","serial_no":"111111","in_out_qty":"1","detail_remarks":""}]','','048_input_output_detail','';
2018-03-27 19:37:25 EXEC SPC_048_INPUT_OUTPUT_DETAIL_INQ1 'SY201803270033';
2018-03-27 19:39:49 EXEC SPC_048_INPUT_OUTPUT_DETAIL_ACT2 '[{"in_out_detail_no":"1","item_cd":"000115","serial_no":"uuuuuu","in_out_qty":"1","detail_remarks":""},{"in_out_detail_no":"2","item_cd":"000004","serial_no":"","in_out_qty":"111111","detail_remarks":""},{"in_out_detail_no":"3","item_cd":"000115","serial_no":"111111","in_out_qty":"1","detail_remarks":""}]';
2018-03-27 19:39:51 EXEC SPC_048_INPUT_OUTPUT_DETAIL_ACT1 'I','SY201803270033','5','2018/03/27','00','so0004','','[{"in_out_detail_no":"1","item_cd":"000115","serial_no":"uuuuuu","in_out_qty":"1","detail_remarks":""},{"in_out_detail_no":"2","item_cd":"000004","serial_no":"","in_out_qty":"111111","detail_remarks":""},{"in_out_detail_no":"3","item_cd":"000115","serial_no":"111111","in_out_qty":"1","detail_remarks":""}]','','048_input_output_detail','';
2018-03-27 19:39:53 EXEC SPC_048_INPUT_OUTPUT_DETAIL_INQ1 'SY201803270034';
2018-03-27 19:39:58 EXEC SPC_048_INPUT_OUTPUT_DETAIL_ACT2 '[{"in_out_detail_no":"1","item_cd":"000115","serial_no":"uyyyyy","in_out_qty":"1","detail_remarks":""},{"in_out_detail_no":"2","item_cd":"000004","serial_no":"","in_out_qty":"111111","detail_remarks":""},{"in_out_detail_no":"3","item_cd":"000115","serial_no":"111111","in_out_qty":"1","detail_remarks":""}]';
2018-03-27 19:40:00 EXEC SPC_048_INPUT_OUTPUT_DETAIL_ACT1 'I','SY201803270034','5','2018/03/27','00','so0004','','[{"in_out_detail_no":"1","item_cd":"000115","serial_no":"uyyyyy","in_out_qty":"1","detail_remarks":""},{"in_out_detail_no":"2","item_cd":"000004","serial_no":"","in_out_qty":"111111","detail_remarks":""},{"in_out_detail_no":"3","item_cd":"000115","serial_no":"111111","in_out_qty":"1","detail_remarks":""}]','','048_input_output_detail','';
2018-03-27 19:40:01 EXEC SPC_048_INPUT_OUTPUT_DETAIL_INQ1 'SY201803270035';
2018-03-27 19:40:06 EXEC SPC_048_INPUT_OUTPUT_DETAIL_ACT2 '[{"in_out_detail_no":"1","item_cd":"000115","serial_no":"uyyyyy","in_out_qty":"1","detail_remarks":""},{"in_out_detail_no":"2","item_cd":"000004","serial_no":"","in_out_qty":"111111","detail_remarks":""},{"in_out_detail_no":"3","item_cd":"000115","serial_no":"qqqqqq","in_out_qty":"1","detail_remarks":""}]';
2018-03-27 19:40:08 EXEC SPC_048_INPUT_OUTPUT_DETAIL_ACT1 'I','SY201803270035','5','2018/03/27','00','so0004','','[{"in_out_detail_no":"1","item_cd":"000115","serial_no":"uyyyyy","in_out_qty":"1","detail_remarks":""},{"in_out_detail_no":"2","item_cd":"000004","serial_no":"","in_out_qty":"111111","detail_remarks":""},{"in_out_detail_no":"3","item_cd":"000115","serial_no":"qqqqqq","in_out_qty":"1","detail_remarks":""}]','','048_input_output_detail','';
2018-03-27 19:40:09 EXEC SPC_048_INPUT_OUTPUT_DETAIL_INQ1 'SY201803270036';
2018-03-27 19:43:40 EXEC SPC_COM_GET_COMBOBOX 'in_out_div';
2018-03-27 19:43:41 EXEC SPC_COM_GET_COMBOBOX 'in_out_data_div';
2018-03-27 19:43:45 EXEC SPC_WAREHOUSE_SEARCH '','','1','10';
2018-03-27 19:43:51 EXEC SPC_COMPONENT_PRODUCT_FND '','','','','1','10';
2018-03-27 19:43:53 EXEC SPC_048_INPUT_OUTPUT_DETAIL_INQ2 '000115';
2018-03-27 19:43:57 EXEC SPC_048_INPUT_OUTPUT_DETAIL_ACT2 '[{"in_out_detail_no":"1","item_cd":"000115","serial_no":"sdgfsh","in_out_qty":"1","detail_remarks":""}]';
2018-03-27 19:44:02 EXEC SPC_048_INPUT_OUTPUT_DETAIL_ACT1 'I','','5','2018/03/27','00','so0004','','[{"in_out_detail_no":"1","item_cd":"000115","serial_no":"sdgfsh","in_out_qty":"1","detail_remarks":""}]','','048_input_output_detail','';
2018-03-27 19:44:05 EXEC SPC_048_INPUT_OUTPUT_DETAIL_INQ1 'SY201803270037';
2018-03-27 19:44:09 EXEC SPC_048_INPUT_OUTPUT_DETAIL_INQ2 '000115';
2018-03-27 19:44:17 EXEC SPC_048_INPUT_OUTPUT_DETAIL_ACT2 '[{"in_out_detail_no":"1","item_cd":"000115","serial_no":"sdgfsh","in_out_qty":"1","detail_remarks":""},{"in_out_detail_no":"2","item_cd":"000115","serial_no":"gsdgda","in_out_qty":"1","detail_remarks":""}]';
2018-03-27 19:44:56 EXEC SPC_COM_GET_COMBOBOX 'port_country_div';
2018-03-27 19:44:56 EXEC SPC_COM_GET_COMBOBOX 'shipment_div';
2018-03-27 19:44:56 EXEC SPC_COM_GET_COMBOBOX 'unit_q_div';
2018-03-27 19:44:56 EXEC SPC_COM_GET_COMBOBOX 'unit_w_div';
2018-03-27 19:44:57 EXEC SPC_COM_GET_COMBOBOX 'unit_m_div';
2018-03-27 19:44:57 EXEC SPC_COM_GET_COMBOBOX 'sales_detail_div';
2018-03-27 19:44:58 EXEC SPC_COM_GET_COMBOBOX 'bank_div';
2018-03-27 19:44:58 EXEC SPC_GET_TAX_RATE '2018/03/27';
2018-03-27 19:44:58 EXEC SPC_COM_GET_COMBOBOX 'currency_div';
2018-03-27 19:44:58 EXEC SPC_COM_GET_COMBOBOX 'payment_conditions_div';
2018-03-27 19:44:58 EXEC SPC_COM_GET_COMBOBOX 'trade_terms_div';
2018-03-27 19:44:58 EXEC SPC_COM_GET_COMBOBOX 'port_city_div';
2018-03-27 19:45:02 EXEC SPC_063_PRODUCT_MASTER_SEARCH_FND1 '','','1','10';
2018-03-27 19:45:03 EXEC SPC_001_PI_DETAIL_INQ3 '000114','2018/03/27','','','';
2018-03-27 19:45:25 EXEC SPC_COM_GET_COMBOBOX 'in_out_data_div';
2018-03-27 19:45:25 EXEC SPC_COM_GET_COMBOBOX 'in_out_div';
2018-03-27 19:45:32 EXEC SPC_WAREHOUSE_SEARCH '','','1','10';
2018-03-27 19:45:36 EXEC SPC_COMPONENT_PRODUCT_FND '','','','','1','10';
2018-03-27 19:45:38 EXEC SPC_048_INPUT_OUTPUT_DETAIL_INQ2 '000115';
2018-03-27 19:45:41 EXEC SPC_048_INPUT_OUTPUT_DETAIL_ACT2 '[{"in_out_detail_no":"1","item_cd":"000115","serial_no":"fgshfg","in_out_qty":"1","detail_remarks":""}]';
2018-03-27 19:45:43 EXEC SPC_048_INPUT_OUTPUT_DETAIL_ACT1 'I','','5','2018/03/27','00','so0002','','[{"in_out_detail_no":"1","item_cd":"000115","serial_no":"fgshfg","in_out_qty":"1","detail_remarks":""}]','','048_input_output_detail','';
2018-03-27 19:45:45 EXEC SPC_048_INPUT_OUTPUT_DETAIL_INQ1 'SY201803270038';
2018-03-27 19:45:50 EXEC SPC_COMPONENT_PRODUCT_FND '','','','','1','10';
2018-03-27 19:45:53 EXEC SPC_048_INPUT_OUTPUT_DETAIL_INQ2 '000115';
2018-03-27 19:46:01 EXEC SPC_048_INPUT_OUTPUT_DETAIL_INQ2 '000115';
2018-03-27 19:46:05 EXEC SPC_048_INPUT_OUTPUT_DETAIL_ACT2 '[{"in_out_detail_no":"1","item_cd":"000115","serial_no":"fgshfg","in_out_qty":"1","detail_remarks":""},{"in_out_detail_no":"2","item_cd":"000115","serial_no":"klgkjm","in_out_qty":"1","detail_remarks":""},{"in_out_detail_no":"3","item_cd":"000115","serial_no":"aqewrq","in_out_qty":"1","detail_remarks":""}]';
2018-03-27 19:46:11 EXEC SPC_048_INPUT_OUTPUT_DETAIL_ACT2 '[{"in_out_detail_no":"1","item_cd":"000115","serial_no":"fgshfg","in_out_qty":"1","detail_remarks":""},{"in_out_detail_no":"2","item_cd":"000115","serial_no":"klgkjm","in_out_qty":"1","detail_remarks":""},{"in_out_detail_no":"3","item_cd":"000115","serial_no":"aqewrq","in_out_qty":"1","detail_remarks":""}]';
2018-03-27 19:46:13 EXEC SPC_048_INPUT_OUTPUT_DETAIL_ACT1 'I','SY201803270038','5','2018/03/27','00','so0002','','[{"in_out_detail_no":"1","item_cd":"000115","serial_no":"fgshfg","in_out_qty":"1","detail_remarks":""},{"in_out_detail_no":"2","item_cd":"000115","serial_no":"klgkjm","in_out_qty":"1","detail_remarks":""},{"in_out_detail_no":"3","item_cd":"000115","serial_no":"aqewrq","in_out_qty":"1","detail_remarks":""}]','','048_input_output_detail','';
2018-03-27 19:46:14 EXEC SPC_048_INPUT_OUTPUT_DETAIL_INQ1 'SY201803270039';
