2018-01-16 10:29:16 EXEC SPC_COM_GET_COMBOBOX 'trade_terms_div';
2018-01-16 10:29:16 EXEC SPC_COM_GET_COMBOBOX 'currency_div';
2018-01-16 10:29:16 EXEC SPC_COM_GET_COMBOBOX 'shipment_div';
2018-01-16 10:29:16 EXEC SPC_COM_GET_COMBOBOX 'port_city_div';
2018-01-16 10:29:16 EXEC SPC_COM_GET_COMBOBOX 'payment_conditions_div';
2018-01-16 10:29:16 EXEC SPC_COM_GET_COMBOBOX 'port_country_div';
2018-01-16 10:29:16 EXEC SPC_COM_GET_COMBOBOX 'unit_w_div';
2018-01-16 10:29:16 EXEC SPC_COM_GET_COMBOBOX 'sales_detail_div';
2018-01-16 10:29:16 EXEC SPC_COM_GET_COMBOBOX 'unit_q_div';
2018-01-16 10:29:16 EXEC SPC_COM_GET_COMBOBOX 'bank_div';
2018-01-16 10:29:16 EXEC SPC_COM_GET_COMBOBOX 'unit_m_div';
2018-01-16 10:29:16 EXEC SPC_GET_TAX_RATE '2018/01/16';
2018-01-16 10:36:23 EXEC SPC_073_LOGIN_ACT1 '001','123456';
2018-01-16 10:36:23 EXEC SPC_GET_CONSTANT '';
2018-01-16 10:38:07 EXEC SPC_004_PI_ORDER_CONFIRM_FND1 '','','','','1','10';
2018-01-16 10:38:13 EXEC SPC_COM_GET_COMBOBOX 'port_city_div';
2018-01-16 10:38:13 EXEC SPC_COM_GET_COMBOBOX 'unit_q_div';
2018-01-16 10:38:14 EXEC SPC_COM_GET_COMBOBOX 'unit_w_div';
2018-01-16 10:38:14 EXEC SPC_COM_GET_COMBOBOX 'unit_m_div';
2018-01-16 10:38:15 EXEC SPC_COM_GET_COMBOBOX 'sales_detail_div';
2018-01-16 10:38:15 EXEC SPC_COM_GET_COMBOBOX 'payment_conditions_div';
2018-01-16 10:38:15 EXEC SPC_COM_GET_COMBOBOX 'currency_div';
2018-01-16 10:38:15 EXEC SPC_COM_GET_COMBOBOX 'bank_div';
2018-01-16 10:38:15 EXEC SPC_COM_GET_COMBOBOX 'shipment_div';
2018-01-16 10:38:15 EXEC SPC_COM_GET_COMBOBOX 'trade_terms_div';
2018-01-16 10:38:15 EXEC SPC_GET_TAX_RATE '2018/01/16';
2018-01-16 10:38:15 EXEC SPC_001_PI_DETAIL_INQ1 'RT-131011003';
2018-01-16 10:38:16 EXEC SPC_COM_GET_COMBOBOX 'port_country_div';
2018-01-16 10:38:16 EXEC SPC_COM_GET_COMBOBOX 'unit_q_div';
2018-01-16 10:38:16 EXEC SPC_COM_GET_COMBOBOX 'sales_detail_div';
2018-01-16 10:38:16 EXEC SPC_COM_GET_COMBOBOX 'unit_m_div';
2018-01-16 10:38:16 EXEC SPC_COM_GET_COMBOBOX 'unit_w_div';
2018-01-16 10:38:16 EXEC SPC_GET_TAX_RATE '2013/10/11';
2018-01-16 10:43:08 EXEC SPC_COM_GET_COMBOBOX 'shipment_div';
2018-01-16 10:43:08 EXEC SPC_COM_GET_COMBOBOX 'port_country_div';
2018-01-16 10:43:08 EXEC SPC_COM_GET_COMBOBOX 'payment_conditions_div';
2018-01-16 10:43:08 EXEC SPC_COM_GET_COMBOBOX 'currency_div';
2018-01-16 10:43:09 EXEC SPC_COM_GET_COMBOBOX 'trade_terms_div';
2018-01-16 10:43:09 EXEC SPC_COM_GET_COMBOBOX 'unit_q_div';
2018-01-16 10:43:09 EXEC SPC_COM_GET_COMBOBOX 'bank_div';

2018-01-16 10:43:09 EXEC SPC_COM_GET_COMBOBOX 'sales_detail_div';
2018-01-16 10:43:09 EXEC SPC_COM_GET_COMBOBOX 'unit_w_div';
2018-01-16 10:43:09 EXEC SPC_GET_TAX_RATE '2018/01/16';
2018-01-16 10:43:09 EXEC SPC_001_PI_DETAIL_INQ1 'RT-131011003';
2018-01-16 10:43:10 EXEC SPC_COM_GET_COMBOBOX 'unit_q_div';
2018-01-16 10:43:10 EXEC SPC_COM_GET_COMBOBOX 'unit_m_div';
2018-01-16 10:43:10 EXEC SPC_COM_GET_COMBOBOX 'sales_detail_div';
2018-01-16 10:43:10 EXEC SPC_GET_TAX_RATE '2013/10/11';
2018-01-16 10:43:10 EXEC SPC_COM_GET_COMBOBOX 'unit_w_div';
2018-01-16 10:44:16 EXEC SPC_COM_GET_COMBOBOX 'shipment_div';
2018-01-16 10:44:16 EXEC SPC_COM_GET_COMBOBOX 'port_city_div';
2018-01-16 10:44:16 EXEC SPC_COM_GET_COMBOBOX 'port_country_div';
2018-01-16 10:44:16 EXEC SPC_COM_GET_COMBOBOX 'currency_div';
2018-01-16 10:44:16 EXEC SPC_COM_GET_COMBOBOX 'trade_terms_div';
2018-01-16 10:44:16 EXEC SPC_COM_GET_COMBOBOX 'payment_conditions_div';
2018-01-16 10:44:17 EXEC SPC_COM_GET_COMBOBOX 'bank_div';
2018-01-16 10:44:17 EXEC SPC_COM_GET_COMBOBOX 'unit_m_div';
2018-01-16 10:44:17 EXEC SPC_COM_GET_COMBOBOX 'sales_detail_div';
2018-01-16 10:44:17 EXEC SPC_COM_GET_COMBOBOX 'unit_w_div';
2018-01-16 10:44:17 EXEC SPC_GET_TAX_RATE '2013/10/11';
2018-01-16 10:44:17 EXEC SPC_COM_GET_COMBOBOX 'unit_q_div';
2018-01-16 10:44:39 EXEC SPC_COM_GET_COMBOBOX 'unit_q_div';
2018-01-16 10:44:39 EXEC SPC_GET_TAX_RATE '2013/10/11';
2018-01-16 10:44:39 EXEC SPC_COM_GET_COMBOBOX 'unit_w_div';
2018-01-16 10:44:39 EXEC SPC_COM_GET_COMBOBOX 'sales_detail_div';
2018-01-16 10:44:39 EXEC SPC_COM_GET_COMBOBOX 'unit_m_div';
2018-01-16 10:50:13 EXEC SPC_COM_GET_COMBOBOX 'unit_w_div';
2018-01-16 10:50:13 EXEC SPC_COM_GET_COMBOBOX 'unit_m_div';
2018-01-16 10:50:13 EXEC SPC_COM_GET_COMBOBOX 'unit_q_div';
2018-01-16 10:50:13 EXEC SPC_COM_GET_COMBOBOX 'sales_detail_div';
2018-01-16 10:50:14 EXEC SPC_GET_TAX_RATE '2013/10/11';
2018-01-16 10:53:09 EXEC SPC_GET_TAX_RATE '2013/10/11';
2018-01-16 10:53:10 EXEC SPC_COM_GET_COMBOBOX 'unit_q_div';
2018-01-16 10:53:10 EXEC SPC_COM_GET_COMBOBOX 'sales_detail_div';
2018-01-16 10:53:10 EXEC SPC_COM_GET_COMBOBOX 'unit_m_div';
2018-01-16 10:53:10 EXEC SPC_COM_GET_COMBOBOX 'unit_w_div';
2018-01-16 10:53:27 EXEC SPC_COM_GET_COMBOBOX 'unit_w_div';
2018-01-16 10:53:27 EXEC SPC_COM_GET_COMBOBOX 'sales_detail_div';
2018-01-16 10:53:27 EXEC SPC_COM_GET_COMBOBOX 'unit_q_div';
2018-01-16 10:53:27 EXEC SPC_GET_TAX_RATE '2013/10/11';
2018-01-16 10:53:27 EXEC SPC_COM_GET_COMBOBOX 'unit_m_div';
2018-01-16 10:53:35 EXEC SPC_COM_GET_COMBOBOX 'sales_detail_div';
2018-01-16 10:53:35 EXEC SPC_GET_TAX_RATE '2013/10/11';
2018-01-16 10:53:35 EXEC SPC_COM_GET_COMBOBOX 'unit_w_div';
2018-01-16 10:53:35 EXEC SPC_COM_GET_COMBOBOX 'unit_q_div';
2018-01-16 10:53:36 EXEC SPC_COM_GET_COMBOBOX 'unit_m_div';
2018-01-16 10:53:51 EXEC SPC_GET_TAX_RATE '2013/10/11';
2018-01-16 10:53:51 EXEC SPC_COM_GET_COMBOBOX 'unit_w_div';
2018-01-16 10:53:51 EXEC SPC_COM_GET_COMBOBOX 'sales_detail_div';
2018-01-16 10:53:51 EXEC SPC_COM_GET_COMBOBOX 'unit_m_div';
2018-01-16 10:53:51 EXEC SPC_COM_GET_COMBOBOX 'unit_q_div';
2018-01-16 10:54:24 EXEC SPC_COM_GET_COMBOBOX 'unit_m_div';
2018-01-16 10:54:24 EXEC SPC_GET_TAX_RATE '2013/10/11';
2018-01-16 10:54:24 EXEC SPC_COM_GET_COMBOBOX 'unit_q_div';
2018-01-16 10:54:24 EXEC SPC_COM_GET_COMBOBOX 'sales_detail_div';
2018-01-16 10:54:33 EXEC SPC_COM_GET_COMBOBOX 'sales_detail_div';
2018-01-16 10:54:33 EXEC SPC_COM_GET_COMBOBOX 'unit_w_div';
2018-01-16 10:54:33 EXEC SPC_COM_GET_COMBOBOX 'unit_q_div';
2018-01-16 10:54:33 EXEC SPC_COM_GET_COMBOBOX 'unit_m_div';
2018-01-16 10:54:33 EXEC SPC_GET_TAX_RATE '2013/10/11';
2018-01-16 11:05:23 EXEC SPC_COM_GET_COMBOBOX 'port_country_div';
2018-01-16 11:05:23 EXEC SPC_COM_GET_COMBOBOX 'unit_m_div';
2018-01-16 11:05:24 EXEC SPC_COM_GET_COMBOBOX 'sales_detail_div';
2018-01-16 11:05:24 EXEC SPC_COM_GET_COMBOBOX 'payment_conditions_div';
2018-01-16 11:05:24 EXEC SPC_COM_GET_COMBOBOX 'unit_q_div';
2018-01-16 11:05:24 EXEC SPC_COM_GET_COMBOBOX 'unit_w_div';
2018-01-16 11:05:24 EXEC SPC_COM_GET_COMBOBOX 'trade_terms_div';
2018-01-16 11:05:24 EXEC SPC_COM_GET_COMBOBOX 'currency_div';
2018-01-16 11:05:24 EXEC SPC_COM_GET_COMBOBOX 'bank_div';
2018-01-16 11:05:24 EXEC SPC_COM_GET_COMBOBOX 'port_city_div';
2018-01-16 11:05:24 EXEC SPC_COM_GET_COMBOBOX 'shipment_div';
2018-01-16 11:05:25 EXEC SPC_GET_TAX_RATE '2018/01/16';
2018-01-16 11:05:25 EXEC SPC_001_PI_DETAIL_INQ1 'RT-131011003';
2018-01-16 11:05:25 EXEC SPC_GET_TAX_RATE '2013/10/11';
2018-01-16 11:05:25 EXEC SPC_COM_GET_COMBOBOX 'unit_q_div';
iv';
2018-01-16 11:05:25 EXEC SPC_COM_GET_COMBOBOX 'unit_m_div';
2018-01-16 11:05:25 EXEC SPC_COM_GET_COMBOBOX 'unit_w_div';
2018-01-16 11:05:31 EXEC SPC_COM_GET_COMBOBOX 'port_city_div';
2018-01-16 11:05:31 EXEC SPC_COM_GET_COMBOBOX 'trade_terms_div';
2018-01-16 11:05:31 EXEC SPC_COM_GET_COMBOBOX 'currency_div';
2018-01-16 11:05:31 EXEC SPC_COM_GET_COMBOBOX 'shipment_div';
2018-01-16 11:05:31 EXEC SPC_COM_GET_COMBOBOX 'port_country_div';
2018-01-16 11:05:31 EXEC SPC_COM_GET_COMBOBOX 'payment_conditions_div';
2018-01-16 11:05:32 EXEC SPC_COM_GET_COMBOBOX 'unit_q_div';
2018-01-16 11:05:32 EXEC SPC_COM_GET_COMBOBOX 'unit_m_div';
2018-01-16 11:05:32 EXEC SPC_COM_GET_COMBOBOX 'bank_div';
2018-01-16 11:05:32 EXEC SPC_COM_GET_COMBOBOX 'unit_w_div';
2018-01-16 11:05:32 EXEC SPC_COM_GET_COMBOBOX 'sales_detail_div';
2018-01-16 11:05:32 EXEC SPC_GET_TAX_RATE '2018/01/16';
2018-01-16 11:05:32 EXEC SPC_001_PI_DETAIL_INQ1 'RT-131011003';
2018-01-16 11:05:33 EXEC SPC_COM_GET_COMBOBOX 'unit_m_div';
2018-01-16 11:05:33 EXEC SPC_COM_GET_COMBOBOX 'unit_q_div';
2018-01-16 11:05:33 EXEC SPC_GET_TAX_RATE '2013/10/11';
2018-01-16 11:05:33 EXEC SPC_COM_GET_COMBOBOX 'unit_w_div';
2018-01-16 11:05:33 EXEC SPC_COM_GET_COMBOBOX 'sales_detail_div';
2018-01-16 11:09:37 EXEC SPC_COM_GET_COMBOBOX 'unit_w_div';
2018-01-16 11:09:37 EXEC SPC_COM_GET_COMBOBOX 'unit_q_div';
2018-01-16 11:09:37 EXEC SPC_GET_TAX_RATE '2013/10/11';
2018-01-16 11:09:37 EXEC SPC_COM_GET_COMBOBOX 'unit_m_div';
2018-01-16 11:09:37 EXEC SPC_COM_GET_COMBOBOX 'sales_detail_div';
2018-01-16 11:14:21 EXEC SPC_COM_GET_COMBOBOX 'unit_w_div';
2018-01-16 11:14:21 EXEC SPC_GET_TAX_RATE '2013/10/11';
2018-01-16 11:14:21 EXEC SPC_COM_GET_COMBOBOX 'unit_q_div';
2018-01-16 11:14:21 EXEC SPC_COM_GET_COMBOBOX 'sales_detail_div';
2018-01-16 11:18:36 EXEC SPC_COM_GET_COMBOBOX 'unit_m_div';
iv';
2018-01-16 11:18:36 EXEC SPC_COM_GET_COMBOBOX 'unit_w_div';
2018-01-16 11:18:37 EXEC SPC_COM_GET_COMBOBOX 'unit_q_div';
2018-01-16 11:18:37 EXEC SPC_GET_TAX_RATE '2013/10/11';
2018-01-16 11:19:05 EXEC SPC_COM_GET_COMBOBOX 'unit_m_div';
2018-01-16 11:19:05 EXEC SPC_COM_GET_COMBOBOX 'unit_w_div';
2018-01-16 11:19:05 EXEC SPC_COM_GET_COMBOBOX 'sales_detail_div';
2018-01-16 11:19:05 EXEC SPC_COM_GET_COMBOBOX 'unit_q_div';
2018-01-16 11:19:05 EXEC SPC_GET_TAX_RATE '2013/10/11';
2018-01-16 11:19:51 EXEC SPC_COM_GET_COMBOBOX 'unit_m_div';
2018-01-16 11:19:52 EXEC SPC_GET_TAX_RATE '2013/10/11';
2018-01-16 11:19:52 EXEC SPC_COM_GET_COMBOBOX 'unit_w_div';
2018-01-16 11:19:52 EXEC SPC_COM_GET_COMBOBOX 'unit_q_div';
2018-01-16 11:19:52 EXEC SPC_COM_GET_COMBOBOX 'sales_detail_div';
2018-01-16 11:30:39 EXEC SPC_GET_TAX_RATE '2013/10/11';
2018-01-16 11:30:39 EXEC SPC_COM_GET_COMBOBOX 'sales_detail_div';
2018-01-16 11:30:39 EXEC SPC_COM_GET_COMBOBOX 'unit_m_div';
2018-01-16 11:30:39 EXEC SPC_COM_GET_COMBOBOX 'unit_q_div';
2018-01-16 11:30:39 EXEC SPC_COM_GET_COMBOBOX 'unit_w_div';
2018-01-16 11:31:00 EXEC SPC_GET_TAX_RATE '2013/10/11';
2018-01-16 11:31:00 EXEC SPC_COM_GET_COMBOBOX 'sales_detail_div';
2018-01-16 11:31:00 EXEC SPC_COM_GET_COMBOBOX 'unit_w_div';
2018-01-16 11:31:00 EXEC SPC_COM_GET_COMBOBOX 'unit_m_div';
2018-01-16 11:31:00 EXEC SPC_COM_GET_COMBOBOX 'unit_q_div';
2018-01-16 11:31:05 EXEC SPC_COM_GET_COMBOBOX 'sales_detail_div';
2018-01-16 11:31:05 EXEC SPC_COM_GET_COMBOBOX 'unit_m_div';
2018-01-16 11:31:05 EXEC SPC_COM_GET_COMBOBOX 'unit_q_div';
2018-01-16 11:31:05 EXEC SPC_COM_GET_COMBOBOX 'unit_w_div';
2018-01-16 11:31:05 EXEC SPC_GET_TAX_RATE '2013/10/11';
2018-01-16 11:31:44 EXEC SPC_GET_TAX_RATE '2013/10/11';
2018-01-16 11:31:44 EXEC SPC_COM_GET_COMBOBOX 'sales_detail_div';
2018-01-16 11:31:44 EXEC SPC_COM_GET_COMBOBOX 'unit_m_div';
2018-01-16 11:31:44 EXEC SPC_COM_GET_COMBOBOX 'unit_w_div';
2018-01-16 11:31:44 EXEC SPC_COM_GET_COMBOBOX 'unit_q_div';
2018-01-16 11:32:05 EXEC SPC_COM_GET_COMBOBOX 'unit_q_div';
2018-01-16 11:32:05 EXEC SPC_COM_GET_COMBOBOX 'unit_w_div';
2018-01-16 11:32:05 EXEC SPC_GET_TAX_RATE '2013/10/11';
2018-01-16 11:32:05 EXEC SPC_COM_GET_COMBOBOX 'unit_m_div';
2018-01-16 11:32:05 EXEC SPC_COM_GET_COMBOBOX 'sales_detail_div';
2018-01-16 11:32:10 EXEC SPC_COM_GET_COMBOBOX 'unit_m_div';
2018-01-16 11:32:10 EXEC SPC_COM_GET_COMBOBOX 'sales_detail_div';
2018-01-16 11:32:10 EXEC SPC_GET_TAX_RATE '2013/10/11';
2018-01-16 11:32:10 EXEC SPC_COM_GET_COMBOBOX 'unit_w_div';
2018-01-16 11:32:10 EXEC SPC_COM_GET_COMBOBOX 'unit_q_div';
2018-01-16 11:33:41 EXEC SPC_COM_GET_COMBOBOX 'unit_q_div';
2018-01-16 11:33:41 EXEC SPC_GET_TAX_RATE '2013/10/11';
2018-01-16 11:33:41 EXEC SPC_COM_GET_COMBOBOX 'unit_w_div';
2018-01-16 11:33:41 EXEC SPC_COM_GET_COMBOBOX 'unit_m_div';
2018-01-16 11:33:41 EXEC SPC_COM_GET_COMBOBOX 'sales_detail_div';
2018-01-16 11:34:07 EXEC SPC_COM_GET_COMBOBOX 'unit_q_div';
2018-01-16 11:34:07 EXEC SPC_COM_GET_COMBOBOX 'unit_m_div';
2018-01-16 11:34:07 EXEC SPC_COM_GET_COMBOBOX 'unit_w_div';
2018-01-16 11:34:07 EXEC SPC_COM_GET_COMBOBOX 'sales_detail_div';
2018-01-16 11:34:07 EXEC SPC_GET_TAX_RATE '2013/10/11';
2018-01-16 11:34:32 EXEC SPC_COM_GET_COMBOBOX 'unit_q_div';
iv';
2018-01-16 11:34:32 EXEC SPC_GET_TAX_RATE '2013/10/11';
2018-01-16 11:34:32 EXEC SPC_COM_GET_COMBOBOX 'unit_m_div';
2018-01-16 11:34:32 EXEC SPC_COM_GET_COMBOBOX 'unit_w_div';
2018-01-16 11:36:52 EXEC SPC_COM_GET_COMBOBOX 'unit_m_div';
2018-01-16 11:36:52 EXEC SPC_GET_TAX_RATE '2013/10/11';
';
2018-01-16 11:36:52 EXEC SPC_COM_GET_COMBOBOX 'unit_q_div';
2018-01-16 11:36:52 EXEC SPC_COM_GET_COMBOBOX 'sales_detail_div';
2018-01-16 11:38:15 EXEC SPC_COM_GET_COMBOBOX 'unit_q_div';
2018-01-16 11:38:15 EXEC SPC_COM_GET_COMBOBOX 'sales_detail_div';
2018-01-16 11:38:15 EXEC SPC_GET_TAX_RATE '2013/10/11';
2018-01-16 11:38:15 EXEC SPC_COM_GET_COMBOBOX 'unit_m_div';
2018-01-16 11:38:15 EXEC SPC_COM_GET_COMBOBOX 'unit_w_div';
2018-01-16 11:38:45 EXEC SPC_COM_GET_COMBOBOX 'sales_detail_div';
2018-01-16 11:38:45 EXEC SPC_COM_GET_COMBOBOX 'unit_m_div';
2018-01-16 11:38:45 EXEC SPC_COM_GET_COMBOBOX 'unit_w_div';
2018-01-16 11:38:45 EXEC SPC_GET_TAX_RATE '2013/10/11';
2018-01-16 11:38:45 EXEC SPC_COM_GET_COMBOBOX 'unit_q_div';
2018-01-16 11:40:10 EXEC SPC_COM_GET_COMBOBOX 'sales_detail_div';
2018-01-16 11:40:10 EXEC SPC_COM_GET_COMBOBOX 'unit_m_div';
2018-01-16 11:40:10 EXEC SPC_COM_GET_COMBOBOX 'unit_q_div';
2018-01-16 11:40:10 EXEC SPC_COM_GET_COMBOBOX 'unit_w_div';
2018-01-16 11:40:20 EXEC SPC_COM_GET_COMBOBOX 'in_out_data_div';
2018-01-16 11:40:20 EXEC SPC_COM_GET_COMBOBOX 'in_out_div';
2018-01-16 11:44:07 EXEC SPC_COM_GET_COMBOBOX 'in_out_div';
2018-01-16 11:44:07 EXEC SPC_COM_GET_COMBOBOX 'in_out_data_div';
2018-01-16 11:44:16 EXEC SPC_WAREHOUSE_SEARCH '','','1','10';
2018-01-16 11:45:10 EXEC SPC_COM_GET_COMBOBOX 'in_out_div';
2018-01-16 11:45:10 EXEC SPC_COM_GET_COMBOBOX 'in_out_data_div';
2018-01-16 11:51:17 EXEC SPC_073_LOGIN_ACT1 '001','123456';
2018-01-16 11:51:17 EXEC SPC_GET_CONSTANT '';
2018-01-16 11:51:33 EXEC SPC_077_USER_MASTER_SEARCH_FND1 '','','','1','10';
2018-01-16 11:51:44 EXEC SPC_COM_GET_COMBOBOX 'in_out_div';
2018-01-16 11:51:45 EXEC SPC_COM_GET_COMBOBOX 'in_out_data_div';
2018-01-16 12:03:03 EXEC SPC_COM_GET_COMBOBOX 'in_out_div';
2018-01-16 12:03:13 EXEC SPC_COM_GET_COMBOBOX 'in_out_data_div';
2018-01-16 12:03:13 EXEC SPC_COM_GET_COMBOBOX 'in_out_div';
2018-01-16 12:08:31 EXEC SPC_004_PI_ORDER_CONFIRM_FND1 '','','','','1','10';
2018-01-16 12:08:37 EXEC SPC_004_PI_ORDER_CONFIRM_FND1 '','','','      RT-131','1','10';
2018-01-16 12:08:53 EXEC SPC_004_PI_ORDER_CONFIRM_FND1 '','','','RT-131011003','1','10';
2018-01-16 15:12:11 EXEC SPC_COM_GET_COMBOBOX 'in_out_div';
2018-01-16 15:12:11 EXEC SPC_COM_GET_COMBOBOX 'in_out_data_div';
2018-01-16 15:12:19 EXEC SPC_COM_GET_COMBOBOX 'in_out_data_div';
2018-01-16 15:12:19 EXEC SPC_COM_GET_COMBOBOX 'in_out_div';
2018-01-16 15:12:29 EXEC SPC_COM_GET_COMBOBOX 'in_out_div';
2018-01-16 15:12:29 EXEC SPC_COM_GET_COMBOBOX 'in_out_data_div';
2018-01-16 15:21:55 EXEC SPC_COMPONENT_PRODUCT_FND '','','','','1','10';
2018-01-16 15:30:44 EXEC SPC_COM_GET_COMBOBOX 'in_out_div';
2018-01-16 15:30:49 EXEC SPC_COM_GET_COMBOBOX 'in_out_div';
2018-01-16 15:30:49 EXEC SPC_COM_GET_COMBOBOX 'in_out_data_div';
2018-01-16 15:31:30 EXEC SPC_COM_GET_COMBOBOX 'in_out_data_div';
2018-01-16 15:31:30 EXEC SPC_COM_GET_COMBOBOX 'in_out_div';
2018-01-16 15:31:38 EXEC SPC_COM_GET_COMBOBOX 'in_out_div';
2018-01-16 15:32:04 EXEC SPC_COM_GET_COMBOBOX 'in_out_data_div';
2018-01-16 15:32:04 EXEC SPC_COM_GET_COMBOBOX 'in_out_div';
2018-01-16 15:32:32 EXEC SPC_COM_GET_COMBOBOX 'in_out_div';
2018-01-16 15:32:32 EXEC SPC_COM_GET_COMBOBOX 'in_out_data_div';
2018-01-16 15:32:35 EXEC SPC_049_INPUT_OUTPUT_FND1 '','','','','','','','1','10';
2018-01-16 15:33:01 EXEC SPC_049_INPUT_OUTPUT_FND1 '2018/01/05','2018/01/01','','','','','','1','10';
2018-01-16 15:33:58 EXEC SPC_COM_GET_COMBOBOX 'pi_status_div';
2018-01-16 15:34:29 EXEC SPC_002_PI_SEARCH_FND1 '2018/01/01','2018/01/01','','','','','','','1','10';
2018-01-16 15:34:34 EXEC SPC_002_PI_SEARCH_FND1 '2018/01/01','2018/01/10','','','','','','','1','10';
2018-01-16 15:34:43 EXEC SPC_049_INPUT_OUTPUT_FND1 '2018/01/05','2018/01/01','','','','','','1','10';
2018-01-16 15:34:50 EXEC SPC_049_INPUT_OUTPUT_FND1 '2018/01/27','2018/01/01','','','','','','1','10';
2018-01-16 15:35:30 EXEC SPC_COM_GET_COMBOBOX 'in_out_div';
2018-01-16 15:35:30 EXEC SPC_COM_GET_COMBOBOX 'in_out_data_div';
2018-01-16 15:35:33 EXEC SPC_049_INPUT_OUTPUT_FND1 '2018/01/27','','','','','','','1','10';
2018-01-16 15:36:33 EXEC SPC_049_INPUT_OUTPUT_FND1 '2018/01/01','2018/01/01','','','','','','1','10';
2018-01-16 15:36:54 EXEC SPC_049_INPUT_OUTPUT_FND1 '2017/12/27','2018/01/01','','','','','','1','10';
2018-01-16 15:37:23 EXEC SPC_049_INPUT_OUTPUT_FND1 '2017/12/27','2018/01/01','','','','','','1','10';
2018-01-16 15:52:37 EXEC SPC_COM_GET_COMBOBOX 'in_out_div';
2018-01-16 15:52:37 EXEC SPC_COM_GET_COMBOBOX 'in_out_data_div';
2018-01-16 16:01:45 EXEC SPC_004_PI_ORDER_CONFIRM_FND1 '','','','','1','10';
2018-01-16 16:02:30 EXEC SPC_004_PI_ORDER_CONFIRM_FND1 '','','','','1','10';
2018-01-16 16:03:12 EXEC SPC_004_PI_ORDER_CONFIRM_FND1 '','','','','1','10';
2018-01-16 16:03:32 EXEC SPC_COM_GET_COMBOBOX 'port_country_div';
2018-01-16 16:03:33 EXEC SPC_COM_GET_COMBOBOX 'unit_q_div';
2018-01-16 16:03:33 EXEC SPC_COM_GET_COMBOBOX 'unit_w_div';
2018-01-16 16:03:33 EXEC SPC_COM_GET_COMBOBOX 'trade_terms_div';
2018-01-16 16:03:33 EXEC SPC_COM_GET_COMBOBOX 'currency_div';
2018-01-16 16:03:33 EXEC SPC_COM_GET_COMBOBOX 'port_city_div';
2018-01-16 16:03:33 EXEC SPC_COM_GET_COMBOBOX 'payment_conditions_div';
2018-01-16 16:03:34 EXEC SPC_COM_GET_COMBOBOX 'shipment_div';
2018-01-16 16:03:34 EXEC SPC_COM_GET_COMBOBOX 'unit_m_div';
2018-01-16 16:03:34 EXEC SPC_COM_GET_COMBOBOX 'sales_detail_div';
2018-01-16 16:03:34 EXEC SPC_001_PI_DETAIL_INQ1 'RT-131011003';
2018-01-16 16:03:34 EXEC SPC_GET_TAX_RATE '2018/01/16';
2018-01-16 16:03:34 EXEC SPC_COM_GET_COMBOBOX 'bank_div';
2018-01-16 16:03:34 EXEC SPC_GET_TAX_RATE '2013/10/11';
2018-01-16 16:03:34 EXEC SPC_COM_GET_COMBOBOX 'unit_m_div';
2018-01-16 16:03:34 EXEC SPC_COM_GET_COMBOBOX 'sales_detail_div';
2018-01-16 16:03:34 EXEC SPC_COM_GET_COMBOBOX 'unit_w_div';
2018-01-16 16:03:34 EXEC SPC_COM_GET_COMBOBOX 'unit_q_div';
2018-01-16 16:04:32 EXEC SPC_COM_GET_COMBOBOX 'unit_w_div';
2018-01-16 16:04:32 EXEC SPC_GET_TAX_RATE '2013/10/11';
2018-01-16 16:04:32 EXEC SPC_COM_GET_COMBOBOX 'unit_q_div';
2018-01-16 16:04:32 EXEC SPC_COM_GET_COMBOBOX 'sales_detail_div';
2018-01-16 16:04:32 EXEC SPC_COM_GET_COMBOBOX 'unit_m_div';
2018-01-16 16:06:10 EXEC SPC_GET_TAX_RATE '2013/10/11';
2018-01-16 16:06:10 EXEC SPC_COM_GET_COMBOBOX 'unit_w_div';
2018-01-16 16:06:10 EXEC SPC_COM_GET_COMBOBOX 'sales_detail_div';
2018-01-16 16:06:10 EXEC SPC_COM_GET_COMBOBOX 'unit_q_div';
2018-01-16 16:06:10 EXEC SPC_COM_GET_COMBOBOX 'unit_m_div';
2018-01-16 16:06:19 EXEC SPC_GET_CONSTANT '';
2018-01-16 16:06:19 EXEC SPC_003_PI_EXCEL_INQ1 '','','003_pi-excel','';
2018-01-16 16:07:18 EXEC SPC_COM_GET_COMBOBOX 'unit_m_div';
2018-01-16 16:07:18 EXEC SPC_COM_GET_COMBOBOX 'unit_w_div';
2018-01-16 16:07:18 EXEC SPC_GET_TAX_RATE '2013/10/11';
2018-01-16 16:07:18 EXEC SPC_COM_GET_COMBOBOX 'sales_detail_div';
2018-01-16 16:07:18 EXEC SPC_COM_GET_COMBOBOX 'unit_q_div';
2018-01-16 16:07:26 EXEC SPC_GET_CONSTANT '';
2018-01-16 16:07:26 EXEC SPC_003_PI_EXCEL_INQ1 '','','003_pi-excel','';
2018-01-16 16:07:52 EXEC SPC_GET_TAX_RATE '2013/10/11';
2018-01-16 16:07:52 EXEC SPC_COM_GET_COMBOBOX 'unit_w_div';
2018-01-16 16:07:52 EXEC SPC_COM_GET_COMBOBOX 'unit_q_div';
2018-01-16 16:07:52 EXEC SPC_COM_GET_COMBOBOX 'sales_detail_div';
2018-01-16 16:07:52 EXEC SPC_COM_GET_COMBOBOX 'unit_m_div';
2018-01-16 16:07:55 EXEC SPC_COM_GET_COMBOBOX 'port_country_div';
2018-01-16 16:07:55 EXEC SPC_COM_GET_COMBOBOX 'currency_div';
2018-01-16 16:07:55 EXEC SPC_COM_GET_COMBOBOX 'shipment_div';
2018-01-16 16:07:55 EXEC SPC_COM_GET_COMBOBOX 'port_city_div';
2018-01-16 16:07:55 EXEC SPC_COM_GET_COMBOBOX 'trade_terms_div';
2018-01-16 16:07:55 EXEC SPC_COM_GET_COMBOBOX 'payment_conditions_div';
2018-01-16 16:07:56 EXEC SPC_COM_GET_COMBOBOX 'unit_q_div';
2018-01-16 16:07:56 EXEC SPC_COM_GET_COMBOBOX 'unit_w_div';
2018-01-16 16:07:56 EXEC SPC_COM_GET_COMBOBOX 'bank_div';
2018-01-16 16:07:56 EXEC SPC_COM_GET_COMBOBOX 'sales_detail_div';
2018-01-16 16:07:56 EXEC SPC_COM_GET_COMBOBOX 'unit_m_div';
2018-01-16 16:07:56 EXEC SPC_GET_TAX_RATE '2018/01/16';
2018-01-16 16:07:56 EXEC SPC_001_PI_DETAIL_INQ1 'RT-131011003';
2018-01-16 16:07:57 EXEC SPC_COM_GET_COMBOBOX 'unit_w_div';
2018-01-16 16:07:57 EXEC SPC_GET_TAX_RATE '2013/10/11';
2018-01-16 16:07:57 EXEC SPC_COM_GET_COMBOBOX 'unit_q_div';
2018-01-16 16:07:57 EXEC SPC_COM_GET_COMBOBOX 'unit_m_div';
2018-01-16 16:07:57 EXEC SPC_COM_GET_COMBOBOX 'sales_detail_div';
2018-01-16 16:07:59 EXEC SPC_COM_GET_COMBOBOX 'port_country_div';
2018-01-16 16:07:59 EXEC SPC_COM_GET_COMBOBOX 'trade_terms_div';
2018-01-16 16:07:59 EXEC SPC_COM_GET_COMBOBOX 'port_city_div';
2018-01-16 16:07:59 EXEC SPC_COM_GET_COMBOBOX 'payment_conditions_div';
2018-01-16 16:07:59 EXEC SPC_COM_GET_COMBOBOX 'currency_div';
2018-01-16 16:07:59 EXEC SPC_COM_GET_COMBOBOX 'shipment_div';
2018-01-16 16:08:00 EXEC SPC_COM_GET_COMBOBOX 'unit_w_div';
2018-01-16 16:08:00 EXEC SPC_COM_GET_COMBOBOX 'unit_q_div';
2018-01-16 16:08:00 EXEC SPC_COM_GET_COMBOBOX 'unit_m_div';
2018-01-16 16:08:00 EXEC SPC_COM_GET_COMBOBOX 'sales_detail_div';
2018-01-16 16:08:00 EXEC SPC_COM_GET_COMBOBOX 'bank_div';
2018-01-16 16:08:00 EXEC SPC_GET_TAX_RATE '2018/01/16';
2018-01-16 16:08:00 EXEC SPC_001_PI_DETAIL_INQ1 'RT-131011003';
2018-01-16 16:08:01 EXEC SPC_COM_GET_COMBOBOX 'unit_w_div';
2018-01-16 16:08:01 EXEC SPC_GET_TAX_RATE '2013/10/11';
2018-01-16 16:08:01 EXEC SPC_COM_GET_COMBOBOX 'unit_m_div';
2018-01-16 16:08:01 EXEC SPC_COM_GET_COMBOBOX 'unit_q_div';
2018-01-16 16:08:01 EXEC SPC_COM_GET_COMBOBOX 'sales_detail_div';
2018-01-16 16:08:04 EXEC SPC_GET_CONSTANT '';
2018-01-16 16:08:04 EXEC SPC_003_PI_EXCEL_INQ1 'RT-131011003','','003_pi-excel','';
2018-01-16 16:09:47 EXEC SPC_GET_TAX_RATE '2013/10/11';
2018-01-16 16:09:47 EXEC SPC_COM_GET_COMBOBOX 'sales_detail_div';
2018-01-16 16:09:47 EXEC SPC_COM_GET_COMBOBOX 'unit_q_div';
2018-01-16 16:09:47 EXEC SPC_COM_GET_COMBOBOX 'unit_m_div';
2018-01-16 16:09:47 EXEC SPC_COM_GET_COMBOBOX 'unit_w_div';
2018-01-16 16:09:52 EXEC SPC_004_PI_ORDER_CONFIRM_FND1 '','','','','1','10';
2018-01-16 16:09:55 EXEC SPC_004_PI_ORDER_CONFIRM_FND1 '','','','RT-180103027','1','10';
2018-01-16 16:09:58 EXEC SPC_COM_GET_COMBOBOX 'shipment_div';
2018-01-16 16:09:58 EXEC SPC_COM_GET_COMBOBOX 'trade_terms_div';
2018-01-16 16:09:58 EXEC SPC_COM_GET_COMBOBOX 'currency_div';
2018-01-16 16:09:58 EXEC SPC_COM_GET_COMBOBOX 'port_country_div';
2018-01-16 16:09:58 EXEC SPC_COM_GET_COMBOBOX 'port_city_div';
2018-01-16 16:09:58 EXEC SPC_COM_GET_COMBOBOX 'payment_conditions_div';
2018-01-16 16:09:58 EXEC SPC_COM_GET_COMBOBOX 'unit_m_div';
2018-01-16 16:09:58 EXEC SPC_COM_GET_COMBOBOX 'unit_q_div';
2018-01-16 16:09:58 EXEC SPC_COM_GET_COMBOBOX 'unit_w_div';
2018-01-16 16:09:58 EXEC SPC_COM_GET_COMBOBOX 'sales_detail_div';
2018-01-16 16:09:59 EXEC SPC_COM_GET_COMBOBOX 'bank_div';
2018-01-16 16:09:59 EXEC SPC_GET_TAX_RATE '2018/01/16';
2018-01-16 16:09:59 EXEC SPC_001_PI_DETAIL_INQ1 'RT-180103027';
2018-01-16 16:10:32 EXEC SPC_COM_GET_COMBOBOX 'unit_q_div';
2018-01-16 16:10:32 EXEC SPC_GET_TAX_RATE '2018/01/03';
2018-01-16 16:10:32 EXEC SPC_COM_GET_COMBOBOX 'unit_w_div';
2018-01-16 16:10:32 EXEC SPC_COM_GET_COMBOBOX 'unit_m_div';
2018-01-16 16:10:32 EXEC SPC_COM_GET_COMBOBOX 'sales_detail_div';
2018-01-16 16:14:19 EXEC SPC_COM_GET_COMBOBOX 'port_country_div';
2018-01-16 16:14:19 EXEC SPC_COM_GET_COMBOBOX 'trade_terms_div';
2018-01-16 16:14:19 EXEC SPC_COM_GET_COMBOBOX 'shipment_div';
2018-01-16 16:14:19 EXEC SPC_COM_GET_COMBOBOX 'currency_div';
2018-01-16 16:14:19 EXEC SPC_COM_GET_COMBOBOX 'port_city_div';
2018-01-16 16:14:20 EXEC SPC_COM_GET_COMBOBOX 'payment_conditions_div';
2018-01-16 16:14:20 EXEC SPC_COM_GET_COMBOBOX 'bank_div';
2018-01-16 16:14:52 EXEC SPC_COM_GET_COMBOBOX 'unit_m_div';
2018-01-16 16:14:52 EXEC SPC_GET_TAX_RATE '2018/01/03';
2018-01-16 16:14:52 EXEC SPC_COM_GET_COMBOBOX 'sales_detail_div';
2018-01-16 16:14:52 EXEC SPC_COM_GET_COMBOBOX 'unit_q_div';
2018-01-16 16:14:52 EXEC SPC_COM_GET_COMBOBOX 'unit_w_div';
2018-01-16 16:17:28 EXEC SPC_GET_CONSTANT '';
2018-01-16 16:17:28 EXEC SPC_003_PI_EXCEL_INQ1 'RT-180103027','','003_pi-excel','';
2018-01-16 16:26:20 EXEC SPC_004_PI_ORDER_CONFIRM_FND1 '','','','','1','10';
2018-01-16 16:26:24 EXEC SPC_COM_GET_COMBOBOX 'port_country_div';
2018-01-16 16:26:24 EXEC SPC_COM_GET_COMBOBOX 'unit_q_div';
2018-01-16 16:26:25 EXEC SPC_COM_GET_COMBOBOX 'unit_w_div';
2018-01-16 16:26:25 EXEC SPC_COM_GET_COMBOBOX 'port_city_div';
2018-01-16 16:26:25 EXEC SPC_COM_GET_COMBOBOX 'unit_m_div';
2018-01-16 16:26:25 EXEC SPC_COM_GET_COMBOBOX 'shipment_div';
2018-01-16 16:26:25 EXEC SPC_COM_GET_COMBOBOX 'payment_conditions_div';
2018-01-16 16:26:26 EXEC SPC_COM_GET_COMBOBOX 'currency_div';
2018-01-16 16:26:26 EXEC SPC_COM_GET_COMBOBOX 'trade_terms_div';
2018-01-16 16:26:26 EXEC SPC_GET_TAX_RATE '2018/01/16';
2018-01-16 16:26:26 EXEC SPC_COM_GET_COMBOBOX 'bank_div';
2018-01-16 16:26:26 EXEC SPC_COM_GET_COMBOBOX 'sales_detail_div';
2018-01-16 16:26:26 EXEC SPC_001_PI_DETAIL_INQ1 'RT-131220001';
2018-01-16 16:26:27 EXEC SPC_COM_GET_COMBOBOX 'sales_detail_div';
2018-01-16 16:26:27 EXEC SPC_COM_GET_COMBOBOX 'unit_q_div';
2018-01-16 16:26:27 EXEC SPC_COM_GET_COMBOBOX 'unit_w_div';
2018-01-16 16:26:27 EXEC SPC_GET_TAX_RATE '2013/12/20';
2018-01-16 16:26:27 EXEC SPC_COM_GET_COMBOBOX 'unit_m_div';
2018-01-16 16:26:30 EXEC SPC_GET_CONSTANT '';
2018-01-16 16:26:30 EXEC SPC_003_PI_EXCEL_INQ1 'RT-131220001','','003_pi-excel','';
2018-01-16 16:28:17 EXEC SPC_COM_GET_COMBOBOX 'port_country_div';
2018-01-16 16:28:17 EXEC SPC_COM_GET_COMBOBOX 'currency_div';
2018-01-16 16:28:17 EXEC SPC_COM_GET_COMBOBOX 'payment_conditions_div';
2018-01-16 16:28:17 EXEC SPC_COM_GET_COMBOBOX 'shipment_div';
2018-01-16 16:28:17 EXEC SPC_COM_GET_COMBOBOX 'port_city_div';
2018-01-16 16:28:18 EXEC SPC_COM_GET_COMBOBOX 'bank_div';
2018-01-16 16:28:18 EXEC SPC_COM_GET_COMBOBOX 'unit_q_div';
2018-01-16 16:28:18 EXEC SPC_COM_GET_COMBOBOX 'unit_m_div';
2018-01-16 16:28:18 EXEC SPC_COM_GET_COMBOBOX 'unit_w_div';
2018-01-16 16:28:18 EXEC SPC_GET_TAX_RATE '2013/12/20';
2018-01-16 16:28:18 EXEC SPC_COM_GET_COMBOBOX 'sales_detail_div';
2018-01-16 16:28:18 EXEC SPC_COM_GET_COMBOBOX 'trade_terms_div';
2018-01-16 16:28:21 EXEC SPC_GET_CONSTANT '';
2018-01-16 16:28:21 EXEC SPC_003_PI_EXCEL_INQ1 'RT-131220001','','003_pi-excel','';
2018-01-16 16:28:48 EXEC SPC_GET_CONSTANT '';
2018-01-16 16:28:48 EXEC SPC_003_PI_EXCEL_INQ1 'RT-131220001','','003_pi-excel','';
2018-01-16 16:28:54 EXEC SPC_COM_GET_COMBOBOX 'currency_div';
2018-01-16 16:28:54 EXEC SPC_COM_GET_COMBOBOX 'trade_terms_div';
2018-01-16 16:28:54 EXEC SPC_COM_GET_COMBOBOX 'port_country_div';
2018-01-16 16:28:54 EXEC SPC_COM_GET_COMBOBOX 'port_city_div';
2018-01-16 16:28:54 EXEC SPC_COM_GET_COMBOBOX 'unit_q_div';
2018-01-16 16:28:54 EXEC SPC_COM_GET_COMBOBOX 'unit_w_div';
2018-01-16 16:28:54 EXEC SPC_COM_GET_COMBOBOX 'unit_m_div';
2018-01-16 16:28:55 EXEC SPC_COM_GET_COMBOBOX 'sales_detail_div';
2018-01-16 16:28:55 EXEC SPC_COM_GET_COMBOBOX 'bank_div';
2018-01-16 16:28:55 EXEC SPC_GET_TAX_RATE '2018/01/16';
2018-01-16 16:28:55 EXEC SPC_001_PI_DETAIL_INQ1 'RT-131220001';
2018-01-16 16:28:56 EXEC SPC_COM_GET_COMBOBOX 'unit_w_div';
2018-01-16 16:28:56 EXEC SPC_COM_GET_COMBOBOX 'unit_m_div';
2018-01-16 16:28:56 EXEC SPC_GET_TAX_RATE '2013/12/20';
2018-01-16 16:28:56 EXEC SPC_COM_GET_COMBOBOX 'unit_q_div';
2018-01-16 16:28:56 EXEC SPC_COM_GET_COMBOBOX 'sales_detail_div';
2018-01-16 16:28:57 EXEC SPC_COM_GET_COMBOBOX 'payment_conditions_div';
2018-01-16 16:28:57 EXEC SPC_COM_GET_COMBOBOX 'shipment_div';
2018-01-16 16:28:58 EXEC SPC_GET_CONSTANT '';
2018-01-16 16:28:58 EXEC SPC_003_PI_EXCEL_INQ1 'RT-131220001','','003_pi-excel','';
2018-01-16 16:36:54 EXEC SPC_GET_TAX_RATE '2013/12/20';
2018-01-16 16:36:54 EXEC SPC_COM_GET_COMBOBOX 'unit_m_div';
2018-01-16 16:36:54 EXEC SPC_COM_GET_COMBOBOX 'unit_w_div';
2018-01-16 16:36:54 EXEC SPC_COM_GET_COMBOBOX 'unit_q_div';
2018-01-16 16:36:54 EXEC SPC_COM_GET_COMBOBOX 'sales_detail_div';
2018-01-16 16:56:53 EXEC SPC_COM_GET_COMBOBOX 'port_country_div';
2018-01-16 16:56:54 EXEC SPC_COM_GET_COMBOBOX 'unit_q_div';
2018-01-16 16:56:54 EXEC SPC_COM_GET_COMBOBOX 'trade_terms_div';
2018-01-16 16:56:54 EXEC SPC_COM_GET_COMBOBOX 'port_city_div';
2018-01-16 16:56:54 EXEC SPC_COM_GET_COMBOBOX 'unit_w_div';
2018-01-16 16:56:54 EXEC SPC_COM_GET_COMBOBOX 'shipment_div';
2018-01-16 16:56:54 EXEC SPC_COM_GET_COMBOBOX 'currency_div';
2018-01-16 16:56:54 EXEC SPC_COM_GET_COMBOBOX 'payment_conditions_div';
2018-01-16 16:56:55 EXEC SPC_COM_GET_COMBOBOX 'sales_detail_div';
2018-01-16 16:56:55 EXEC SPC_COM_GET_COMBOBOX 'unit_m_div';
2018-01-16 16:56:55 EXEC SPC_COM_GET_COMBOBOX 'bank_div';
2018-01-16 16:56:55 EXEC SPC_GET_TAX_RATE '2018/01/16';
2018-01-16 16:56:55 EXEC SPC_001_PI_DETAIL_INQ1 'RT-131220001';
2018-01-16 16:56:56 EXEC SPC_COM_GET_COMBOBOX 'sales_detail_div';
2018-01-16 16:56:56 EXEC SPC_COM_GET_COMBOBOX 'unit_w_div';
2018-01-16 16:56:56 EXEC SPC_COM_GET_COMBOBOX 'unit_q_div';
2018-01-16 16:56:56 EXEC SPC_COM_GET_COMBOBOX 'unit_m_div';
2018-01-16 16:56:56 EXEC SPC_GET_TAX_RATE '2013/12/20';
2018-01-16 17:52:25 EXEC SPC_004_PI_ORDER_CONFIRM_FND1 '','','','','1','10';
2018-01-16 17:52:29 EXEC SPC_COM_GET_COMBOBOX 'port_city_div';
2018-01-16 17:52:29 EXEC SPC_COM_GET_COMBOBOX 'unit_q_div';
2018-01-16 17:52:30 EXEC SPC_COM_GET_COMBOBOX 'unit_w_div';
2018-01-16 17:52:30 EXEC SPC_COM_GET_COMBOBOX 'unit_m_div';
2018-01-16 17:52:30 EXEC SPC_COM_GET_COMBOBOX 'port_country_div';
2018-01-16 17:52:30 EXEC SPC_COM_GET_COMBOBOX 'shipment_div';
2018-01-16 17:52:30 EXEC SPC_COM_GET_COMBOBOX 'payment_conditions_div';
2018-01-16 17:52:31 EXEC SPC_COM_GET_COMBOBOX 'trade_terms_div';
2018-01-16 17:52:31 EXEC SPC_COM_GET_COMBOBOX 'currency_div';
2018-01-16 17:52:31 EXEC SPC_COM_GET_COMBOBOX 'bank_div';
_div';
2018-01-16 17:52:31 EXEC SPC_GET_TAX_RATE '2018/01/16';
2018-01-16 17:52:31 EXEC SPC_001_PI_DETAIL_INQ1 'RT-131220001';
2018-01-16 17:52:32 EXEC SPC_COM_GET_COMBOBOX 'sales_detail_div';
2018-01-16 17:52:32 EXEC SPC_COM_GET_COMBOBOX 'unit_m_div';
2018-01-16 17:52:32 EXEC SPC_GET_TAX_RATE '2013/12/20';
2018-01-16 17:52:32 EXEC SPC_COM_GET_COMBOBOX 'unit_q_div';
2018-01-16 17:52:32 EXEC SPC_COM_GET_COMBOBOX 'unit_w_div';
2018-01-16 17:52:44 EXEC SPC_GET_CONSTANT '';
2018-01-16 17:52:44 EXEC SPC_003_PI_EXCEL_INQ1 'RT-131220001','','003_pi-excel','';
2018-01-16 17:54:17 EXEC SPC_COM_GET_COMBOBOX 'sales_detail_div';
2018-01-16 17:54:17 EXEC SPC_COM_GET_COMBOBOX 'unit_q_div';
2018-01-16 17:54:17 EXEC SPC_GET_TAX_RATE '2013/12/20';
2018-01-16 17:54:17 EXEC SPC_COM_GET_COMBOBOX 'unit_w_div';
2018-01-16 17:54:17 EXEC SPC_COM_GET_COMBOBOX 'unit_m_div';
2018-01-16 17:54:30 EXEC SPC_GET_CONSTANT '';
2018-01-16 17:54:30 EXEC SPC_003_PI_EXCEL_INQ1 'RT-131220001','','003_pi-excel','';
2018-01-16 17:54:38 EXEC SPC_COM_GET_COMBOBOX 'unit_w_div';
2018-01-16 17:54:38 EXEC SPC_GET_TAX_RATE '2013/12/20';
2018-01-16 17:54:38 EXEC SPC_COM_GET_COMBOBOX 'unit_q_div';
2018-01-16 17:54:38 EXEC SPC_COM_GET_COMBOBOX 'unit_m_div';
2018-01-16 17:54:38 EXEC SPC_COM_GET_COMBOBOX 'sales_detail_div';
2018-01-16 17:54:40 EXEC SPC_COM_GET_COMBOBOX 'trade_terms_div';
2018-01-16 17:54:40 EXEC SPC_COM_GET_COMBOBOX 'port_country_div';
2018-01-16 17:54:40 EXEC SPC_COM_GET_COMBOBOX 'port_city_div';
2018-01-16 17:54:40 EXEC SPC_COM_GET_COMBOBOX 'payment_conditions_div';
2018-01-16 17:54:40 EXEC SPC_COM_GET_COMBOBOX 'shipment_div';
2018-01-16 17:54:40 EXEC SPC_COM_GET_COMBOBOX 'currency_div';
2018-01-16 17:54:41 EXEC SPC_COM_GET_COMBOBOX 'unit_q_div';
2018-01-16 17:54:41 EXEC SPC_COM_GET_COMBOBOX 'unit_w_div';
2018-01-16 17:54:41 EXEC SPC_COM_GET_COMBOBOX 'sales_detail_div';
2018-01-16 17:54:41 EXEC SPC_COM_GET_COMBOBOX 'unit_m_div';
2018-01-16 17:54:41 EXEC SPC_COM_GET_COMBOBOX 'bank_div';
2018-01-16 17:54:41 EXEC SPC_GET_TAX_RATE '2018/01/16';
2018-01-16 17:54:41 EXEC SPC_001_PI_DETAIL_INQ1 'RT-131220001';
2018-01-16 17:54:42 EXEC SPC_COM_GET_COMBOBOX 'unit_q_div';
2018-01-16 17:54:42 EXEC SPC_COM_GET_COMBOBOX 'unit_w_div';
2018-01-16 17:54:42 EXEC SPC_GET_TAX_RATE '2013/12/20';
2018-01-16 17:54:42 EXEC SPC_COM_GET_COMBOBOX 'sales_detail_div';
2018-01-16 17:54:42 EXEC SPC_COM_GET_COMBOBOX 'unit_m_div';
2018-01-16 17:55:08 EXEC SPC_GET_CONSTANT '';
2018-01-16 17:55:08 EXEC SPC_003_PI_EXCEL_INQ1 'RT-131220001','','003_pi-excel','';
2018-01-16 17:55:14 EXEC SPC_COM_GET_COMBOBOX 'port_country_div';
2018-01-16 17:55:14 EXEC SPC_COM_GET_COMBOBOX 'payment_conditions_div';
2018-01-16 17:55:14 EXEC SPC_COM_GET_COMBOBOX 'port_city_div';
2018-01-16 17:55:14 EXEC SPC_COM_GET_COMBOBOX 'trade_terms_div';
2018-01-16 17:55:14 EXEC SPC_COM_GET_COMBOBOX 'shipment_div';
2018-01-16 17:55:15 EXEC SPC_GET_TAX_RATE '2018/01/16';
2018-01-16 17:55:15 EXEC SPC_COM_GET_COMBOBOX 'unit_m_div';
2018-01-16 17:55:15 EXEC SPC_COM_GET_COMBOBOX 'unit_w_div';
iv';
2018-01-16 17:55:15 EXEC SPC_COM_GET_COMBOBOX 'unit_q_div';
2018-01-16 17:55:15 EXEC SPC_COM_GET_COMBOBOX 'bank_div';
2018-01-16 17:55:15 EXEC SPC_001_PI_DETAIL_INQ1 'RT-131220001';
2018-01-16 17:55:16 EXEC SPC_COM_GET_COMBOBOX 'unit_q_div';
2018-01-16 17:55:16 EXEC SPC_GET_TAX_RATE '2013/12/20';
2018-01-16 17:55:16 EXEC SPC_COM_GET_COMBOBOX 'sales_detail_div';
2018-01-16 17:55:16 EXEC SPC_COM_GET_COMBOBOX 'unit_m_div';
2018-01-16 17:55:16 EXEC SPC_COM_GET_COMBOBOX 'unit_w_div';
2018-01-16 17:55:22 EXEC SPC_GET_CONSTANT '';
2018-01-16 17:55:22 EXEC SPC_003_PI_EXCEL_INQ1 'RT-131220001','','003_pi-excel','';
2018-01-16 17:55:45 EXEC SPC_GET_CONSTANT '';
2018-01-16 17:55:45 EXEC SPC_003_PI_EXCEL_INQ1 'RT-131220001','','003_pi-excel','';
2018-01-16 17:56:14 EXEC SPC_GET_CONSTANT '';
2018-01-16 17:56:14 EXEC SPC_003_PI_EXCEL_INQ1 'RT-131220001','','003_pi-excel','';
2018-01-16 18:24:27 EXEC SPC_COM_GET_COMBOBOX 'in_out_div';
2018-01-16 18:24:28 EXEC SPC_COM_GET_COMBOBOX 'in_out_data_div';
2018-01-16 18:48:07 EXEC SPC_004_PI_ORDER_CONFIRM_FND1 '','','','','1','10';
2018-01-16 18:48:11 EXEC SPC_COM_GET_COMBOBOX 'port_country_div';
2018-01-16 18:48:11 EXEC SPC_COM_GET_COMBOBOX 'unit_q_div';
2018-01-16 18:48:12 EXEC SPC_COM_GET_COMBOBOX 'unit_w_div';
2018-01-16 18:48:12 EXEC SPC_COM_GET_COMBOBOX 'shipment_div';
2018-01-16 18:48:12 EXEC SPC_COM_GET_COMBOBOX 'payment_conditions_div';
2018-01-16 18:48:12 EXEC SPC_COM_GET_COMBOBOX 'port_city_div';
2018-01-16 18:48:12 EXEC SPC_COM_GET_COMBOBOX 'trade_terms_div';
2018-01-16 18:48:12 EXEC SPC_COM_GET_COMBOBOX 'currency_div';
2018-01-16 18:48:12 EXEC SPC_COM_GET_COMBOBOX 'unit_m_div';
2018-01-16 18:48:12 EXEC SPC_GET_TAX_RATE '2018/01/16';
2018-01-16 18:48:12 EXEC SPC_COM_GET_COMBOBOX 'sales_detail_div';
2018-01-16 18:48:12 EXEC SPC_COM_GET_COMBOBOX 'bank_div';
2018-01-16 18:48:12 EXEC SPC_001_PI_DETAIL_INQ1 'RT-131220001';
2018-01-16 18:48:13 EXEC SPC_COM_GET_COMBOBOX 'sales_detail_div';
2018-01-16 18:48:13 EXEC SPC_COM_GET_COMBOBOX 'unit_q_div';
2018-01-16 18:48:13 EXEC SPC_COM_GET_COMBOBOX 'unit_w_div';
2018-01-16 18:48:13 EXEC SPC_COM_GET_COMBOBOX 'unit_m_div';
2018-01-16 18:48:13 EXEC SPC_GET_TAX_RATE '2013/12/20';
2018-01-16 18:48:14 EXEC SPC_GET_CONSTANT '';
2018-01-16 18:48:14 EXEC SPC_003_PI_EXCEL_INQ1 'RT-131220001','','003_pi-excel','';
2018-01-16 19:01:54 EXEC SPC_GET_CONSTANT '';
2018-01-16 19:01:54 EXEC SPC_003_PI_EXCEL_INQ1 'RT-131220001','','003_pi-excel','';
2018-01-16 19:02:31 EXEC SPC_GET_CONSTANT '';
2018-01-16 19:02:31 EXEC SPC_003_PI_EXCEL_INQ1 'RT-131220001','','003_pi-excel','';
2018-01-16 19:04:20 EXEC SPC_GET_CONSTANT '';
2018-01-16 19:04:20 EXEC SPC_003_PI_EXCEL_INQ1 'RT-131220001','','003_pi-excel','';
2018-01-16 19:06:21 EXEC SPC_GET_CONSTANT '';
2018-01-16 19:06:21 EXEC SPC_003_PI_EXCEL_INQ1 'RT-131220001','','003_pi-excel','';
2018-01-16 19:07:00 EXEC SPC_GET_CONSTANT '';
2018-01-16 19:07:00 EXEC SPC_003_PI_EXCEL_INQ1 'RT-131220001','','003_pi-excel','';
2018-01-16 19:07:36 EXEC SPC_GET_CONSTANT '';
2018-01-16 19:07:36 EXEC SPC_003_PI_EXCEL_INQ1 'RT-131220001','','003_pi-excel','';
2018-01-16 19:10:23 EXEC SPC_GET_CONSTANT '';
2018-01-16 19:10:23 EXEC SPC_003_PI_EXCEL_INQ1 'RT-131220001','','003_pi-excel','';
2018-01-16 19:11:41 EXEC SPC_GET_CONSTANT '';
2018-01-16 19:11:41 EXEC SPC_003_PI_EXCEL_INQ1 'RT-131220001','','003_pi-excel','';
2018-01-16 19:16:24 EXEC SPC_GET_CONSTANT '';
2018-01-16 19:16:24 EXEC SPC_003_PI_EXCEL_INQ1 'RT-131220001','','003_pi-excel','';
2018-01-16 19:17:06 EXEC SPC_GET_CONSTANT '';
2018-01-16 19:17:06 EXEC SPC_003_PI_EXCEL_INQ1 'RT-131220001','','003_pi-excel','';
2018-01-16 19:35:29 EXEC SPC_GET_CONSTANT '';
2018-01-16 19:35:29 EXEC SPC_003_PI_EXCEL_INQ1 'RT-131220001','','003_pi-excel','';
