2018-07-05 20:08:47 EXEC SPC_073_LOGIN_ACT1 '812','812';
2018-07-05 20:08:47 EXEC SPC_GET_CONSTANT '';
2018-07-05 20:08:48 EXEC SPC_GET_PERMISSION_AUTH '999','manufacturing-instruction-search','view';
2018-07-05 20:08:48 EXEC SPC_COM_GET_COMBOBOX 'manufacture_kind_div';
2018-07-05 20:08:48 EXEC SPC_COM_GET_COMBOBOX 'outsourcing_div';
2018-07-05 20:08:48 EXEC SPC_COM_GET_COMBOBOX 'production_status_div';
2018-07-05 20:08:48 EXEC SPC_COM_GET_COMBOBOX 'done_div';
2018-07-05 20:08:57 EXEC SPC_GET_PERMISSION_AUTH '999','pi-search','view';
2018-07-05 20:08:57 EXEC SPC_COM_GET_COMBOBOX 'pi_status_div';
2018-07-05 20:09:01 EXEC SPC_GET_PERMISSION_AUTH '999','pi-detail','view';
2018-07-05 20:09:01 EXEC SPC_COM_GET_COMBOBOX 'port_country_div';
2018-07-05 20:09:01 EXEC SPC_COM_GET_COMBOBOX 'port_city_div';
2018-07-05 20:09:01 EXEC SPC_COM_GET_COMBOBOX 'shipment_div';
2018-07-05 20:09:01 EXEC SPC_COM_GET_COMBOBOX 'currency_div';
2018-07-05 20:09:01 EXEC SPC_COM_GET_COMBOBOX 'trade_terms_div';
2018-07-05 20:09:01 EXEC SPC_COM_GET_COMBOBOX 'payment_conditions_div';
2018-07-05 20:09:01 EXEC SPC_COM_GET_COMBOBOX 'unit_q_div';
2018-07-05 20:09:01 EXEC SPC_COM_GET_COMBOBOX 'unit_w_div';
2018-07-05 20:09:01 EXEC SPC_COM_GET_COMBOBOX 'unit_m_div';
2018-07-05 20:09:01 EXEC SPC_COM_GET_COMBOBOX 'sales_detail_div';
2018-07-05 20:09:01 EXEC SPC_COM_GET_COMBOBOX 'bank_div';
2018-07-05 20:09:02 EXEC SPC_GET_TAX_RATE '2018/07/05';
