2018-05-09 10:24:29 EXEC SPC_COM_GET_COMBOBOX 'outsourcing_div';
2018-05-09 10:24:29 EXEC SPC_COM_GET_COMBOBOX 'done_div';
2018-05-09 10:24:29 EXEC SPC_COM_GET_COMBOBOX 'production_status_div';
2018-05-09 10:24:42 EXEC SPC_COM_GET_COMBOBOX 'done_div';
2018-05-09 10:24:42 EXEC SPC_COM_GET_COMBOBOX 'production_status_div';
2018-05-09 10:24:42 EXEC SPC_COM_GET_COMBOBOX 'outsourcing_div';
2018-05-09 10:25:28 EXEC SPC_073_LOGIN_ACT1 '001','123456';
2018-05-09 10:25:28 EXEC SPC_GET_CONSTANT '';
2018-05-09 10:32:40 EXEC SPC_COM_GET_COMBOBOX 'outsourcing_div';
2018-05-09 10:32:41 EXEC SPC_COM_GET_COMBOBOX 'done_div';
2018-05-09 10:32:41 EXEC SPC_COM_GET_COMBOBOX 'production_status_div';
2018-05-09 10:46:47 EXEC SPC_027_MANUFACTURING_INSTRUCTION_SEARCH_FND1 '','','','','','','','','','','1','10';
2018-05-09 13:26:37 EXEC SPC_COM_GET_COMBOBOX 'manufacture_status_div';
2018-05-09 13:26:40 EXEC SPC_COM_GET_COMBOBOX 'manufacture_kind_div';
2018-05-09 13:26:49 EXEC SPC_063_PRODUCT_MASTER_SEARCH_FND1 '','','1','10';
2018-05-09 13:26:52 EXEC SPC_REFER_PRODUCT_CD '000011';
2018-05-09 13:27:01 EXEC SPC_025_INTERNAL_ORDER_DETAIL_ACT1 'I','','[{"in_order_detail_no":"","product_cd":"000011","manufacture_kind_div":"2","in_order_qty":"10","hope_delivery_date":"2018\/05\/31","detail_remarks":"","disp_order":"1","manufacture_status_div":"0"}]','','025_internal-order-detail','';
2018-05-09 13:27:02 EXEC SPC_025_INTERNAL_ORDER_DETAIL_INQ1 '1805090001';
2018-05-09 13:27:02 EXEC SPC_COM_GET_COMBOBOX 'manufacture_kind_div';
2018-05-09 13:27:06 EXEC SPC_COM_GET_COMBOBOX 'manufacture_kind_div';
2018-05-09 13:27:07 EXEC SPC_COM_GET_COMBOBOX 'exists_div';
2018-05-09 13:27:08 EXEC SPC_028_MANUFACTURE_REPORT_SEARCH_FND1 '','','','','','','','1','10';
2018-05-09 13:27:10 EXEC SPC_028_MANUFACTURE_REPORT_SEARCH_FND1 '','','','','','','','14','10';
2018-05-09 13:27:32 EXEC SPC_028_MANUFACTURE_REPORT_SEARCH_ACT1 '[{"in_order_no":"1805090001","in_order_detail_no":"1","product_cd":"000011","manufacture_qty":"10","remaining_qty":"10","remarks":""}]','','028_manufacture-instruction-report','';
2018-05-09 13:27:37 EXEC SPC_028_MANUFACTURE_REPORT_SEARCH_FND1 '','','','','','','','14','10';
2018-05-09 13:27:46 EXEC SPC_COM_GET_COMBOBOX 'production_status_div';
2018-05-09 13:27:46 EXEC SPC_COM_GET_COMBOBOX 'outsourcing_div';
2018-05-09 13:27:47 EXEC SPC_COM_GET_COMBOBOX 'done_div';
2018-05-09 13:27:49 EXEC SPC_027_MANUFACTURING_INSTRUCTION_SEARCH_FND1 '','','','','','','','','','','1','10';
2018-05-09 13:28:01 EXEC SPC_047_MANUFACTURING_COMPLETION_PROCESS_INQ1 '20180002';
2018-05-09 13:28:11 EXEC SPC_COM_GET_COMBOBOX 'outsourcing_div';
2018-05-09 13:28:11 EXEC SPC_COM_GET_COMBOBOX 'production_status_div';
2018-05-09 13:28:11 EXEC SPC_COM_GET_COMBOBOX 'done_div';
2018-05-09 13:28:11 EXEC SPC_027_MANUFACTURING_INSTRUCTION_SEARCH_FND1 '','','','','','','','','','','1','10';
2018-05-09 13:28:11 EXEC SPC_027_MANUFACTURING_INSTRUCTION_SEARCH_FND1 '','','','','','','','','','','1','10';
2018-05-09 13:28:12 EXEC SPC_027_MANUFACTURING_INSTRUCTION_SEARCH_FND1 '','','','','','','','','','','1','10';
2018-05-09 13:44:57 EXEC SPC_027_MANUFACTURING_INSTRUCTION_SEARCH_FND1 '','','','','','','','','','','1','10';
2018-05-09 15:17:46 EXEC SPC_COM_GET_COMBOBOX 'port_country_div';
2018-05-09 15:17:47 EXEC SPC_COM_GET_COMBOBOX 'unit_w_div';
2018-05-09 15:17:47 EXEC SPC_COM_GET_COMBOBOX 'unit_m_div';
2018-05-09 15:17:47 EXEC SPC_COM_GET_COMBOBOX 'currency_div';
2018-05-09 15:17:47 EXEC SPC_COM_GET_COMBOBOX 'trade_terms_div';
2018-05-09 15:17:48 EXEC SPC_COM_GET_COMBOBOX 'unit_q_div';
2018-05-09 15:17:48 EXEC SPC_COM_GET_COMBOBOX 'payment_conditions_div';
2018-05-09 15:17:48 EXEC SPC_COM_GET_COMBOBOX 'sales_detail_div';
2018-05-09 15:17:48 EXEC SPC_COM_GET_COMBOBOX 'bank_div';
2018-05-09 15:17:48 EXEC SPC_GET_TAX_RATE '2018/05/09';
2018-05-09 15:17:48 EXEC SPC_COM_GET_COMBOBOX 'port_city_div';
2018-05-09 15:17:49 EXEC SPC_COM_GET_COMBOBOX 'shipment_div';
2018-05-09 15:29:46 EXEC SPC_028_MANUFACTURE_REPORT_SEARCH_FND1 '','','','','','','','1','10';
