2018-03-22 10:26:39 EXEC SPC_COM_GET_COMBOBOX 'currency_div';
2018-03-22 10:26:39 EXEC SPC_COM_GET_COMBOBOX 'port_country_div';
2018-03-22 10:26:39 EXEC SPC_COM_GET_COMBOBOX 'in_out_div';
2018-03-22 10:26:39 EXEC SPC_COM_GET_COMBOBOX 'port_city_div';
2018-03-22 10:26:39 EXEC SPC_COM_GET_COMBOBOX 'shipment_div';
2018-03-22 10:26:39 EXEC SPC_COM_GET_COMBOBOX 'in_out_data_div';
2018-03-22 10:26:40 EXEC SPC_COM_GET_COMBOBOX 'payment_conditions_div';
2018-03-22 10:26:41 EXEC SPC_COM_GET_COMBOBOX 'unit_w_div';
2018-03-22 10:26:41 EXEC SPC_COM_GET_COMBOBOX 'sales_detail_div';
2018-03-22 10:26:41 EXEC SPC_COM_GET_COMBOBOX 'bank_div';
2018-03-22 10:26:41 EXEC SPC_COM_GET_COMBOBOX 'unit_q_div';
2018-03-22 10:26:41 EXEC SPC_COM_GET_COMBOBOX 'unit_m_div';
2018-03-22 10:26:41 EXEC SPC_COM_GET_COMBOBOX 'trade_terms_div';
2018-03-22 10:26:43 EXEC SPC_GET_TAX_RATE '2018/03/21';
2018-03-22 10:26:59 EXEC SPC_073_LOGIN_ACT1 '001','123456';
2018-03-22 10:26:59 EXEC SPC_GET_CONSTANT '';
2018-03-22 10:30:26 EXEC SPC_COM_GET_COMBOBOX 'in_out_data_div';
2018-03-22 10:30:26 EXEC SPC_COM_GET_COMBOBOX 'in_out_div';
2018-03-22 10:32:27 EXEC SPC_COM_GET_COMBOBOX 'in_out_div';
2018-03-22 10:32:27 EXEC SPC_COM_GET_COMBOBOX 'in_out_data_div';
2018-03-22 10:35:08 EXEC SPC_049_INPUT_OUTPUT_FND1 '','','','','','','','1','10';
2018-03-22 10:35:12 EXEC SPC_COM_GET_COMBOBOX 'in_out_div';
2018-03-22 10:35:12 EXEC SPC_COM_GET_COMBOBOX 'in_out_data_div';
2018-03-22 10:35:13 EXEC SPC_048_INPUT_OUTPUT_DETAIL_INQ1 'SY201701050001';
2018-03-22 10:35:14 EXEC SPC_COM_GET_COMBOBOX 'in_out_div';
2018-03-22 10:35:14 EXEC SPC_COM_GET_COMBOBOX 'in_out_data_div';
2018-03-22 10:35:15 EXEC SPC_049_INPUT_OUTPUT_FND1 '','','','','','','','1','10';
2018-03-22 10:35:17 EXEC SPC_048_INPUT_OUTPUT_DETAIL_INQ1 'SY201803210006';
2018-03-22 10:35:42 EXEC SPC_048_INPUT_OUTPUT_DETAIL_ACT1 'U','SY201803210006','2','2018/03/31','00','so0002','備考 備考','[{"in_out_detail_no":"1","item_cd":"000112","serial_no":"10","in_out_qty":"10","remarks":"\u5099\u80031"},{"in_out_detail_no":"2","item_cd":"000112","serial_no":"20","in_out_qty":"30","remarks":"\u5099\u80031"},{"in_out_detail_no":"3","item_cd":"000112","serial_no":"30","in_out_qty":"20","remarks":"\u5099\u80031"}]','001','048_input_output_detail','192.168.5.206';
2018-03-22 10:35:43 EXEC SPC_048_INPUT_OUTPUT_DETAIL_INQ1 'SY201803210006';
2018-03-22 10:35:51 EXEC SPC_COM_GET_COMBOBOX 'in_out_data_div';
2018-03-22 10:35:51 EXEC SPC_COM_GET_COMBOBOX 'in_out_div';
2018-03-22 10:35:54 EXEC SPC_049_INPUT_OUTPUT_FND1 '','','','','','','','1','10';
2018-03-22 10:35:55 EXEC SPC_049_INPUT_OUTPUT_FND1 '','','','','','','','2','10';
2018-03-22 10:35:57 EXEC SPC_048_INPUT_OUTPUT_DETAIL_INQ1 'SY201803210010';
2018-03-22 10:36:00 EXEC SPC_COM_GET_COMBOBOX 'in_out_div';
2018-03-22 10:36:00 EXEC SPC_COM_GET_COMBOBOX 'in_out_data_div';
2018-03-22 10:36:01 EXEC SPC_049_INPUT_OUTPUT_FND1 '','','','','','','','1','10';
2018-03-22 10:36:03 EXEC SPC_049_INPUT_OUTPUT_FND1 '','','','','','','','2','10';
2018-03-22 10:36:06 EXEC SPC_048_INPUT_OUTPUT_DETAIL_INQ1 'SY201803210008';
2018-03-22 10:36:10 EXEC SPC_048_INPUT_OUTPUT_DETAIL_ACT1 'U','SY201803210008','5','2018/03/21','00','so0004','','[{"in_out_detail_no":"1","item_cd":"000113","serial_no":"10","in_out_qty":"0","remarks":""},{"in_out_detail_no":"2","item_cd":"000114","serial_no":"10","in_out_qty":"10","remarks":""}]','001','048_input_output_detail','192.168.5.206';
2018-03-22 10:36:11 EXEC SPC_048_INPUT_OUTPUT_DETAIL_INQ1 'SY201803210008';
2018-03-22 10:50:31 EXEC SPC_COM_GET_COMBOBOX 'in_out_div';
2018-03-22 10:50:32 EXEC SPC_COM_GET_COMBOBOX 'in_out_data_div';
2018-03-22 10:50:36 EXEC SPC_COM_GET_COMBOBOX 'in_out_div';
2018-03-22 10:50:36 EXEC SPC_COM_GET_COMBOBOX 'in_out_data_div';
2018-03-22 10:50:42 EXEC SPC_WAREHOUSE_SEARCH '','','1','10';
2018-03-22 10:50:47 EXEC SPC_COMPONENT_PRODUCT_FND '','','1','','1','10';
2018-03-22 10:50:49 EXEC SPC_048_INPUT_OUTPUT_DETAIL_INQ2 '000115';
2018-03-22 10:50:56 EXEC SPC_048_INPUT_OUTPUT_DETAIL_ACT1 'I','','5','2018/03/09','00','so0004','','[{"in_out_detail_no":"1","item_cd":"000115","serial_no":"10","in_out_qty":"10","remarks":"10"}]','001','048_input_output_detail','192.168.5.206';
2018-03-22 10:50:57 EXEC SPC_048_INPUT_OUTPUT_DETAIL_INQ1 'SY201803220001';
2018-03-22 10:51:30 EXEC SPC_048_INPUT_OUTPUT_DETAIL_ACT1 'I','SY201803220001','5','2018/03/09','00','so0004','','[{"in_out_detail_no":"1","item_cd":"000115","serial_no":"1020","in_out_qty":"10","remarks":"10"}]','001','048_input_output_detail','192.168.5.206';
2018-03-22 10:51:31 EXEC SPC_048_INPUT_OUTPUT_DETAIL_INQ1 'SY201803220002';
2018-03-22 10:55:46 EXEC SPC_048_INPUT_OUTPUT_DETAIL_ACT1 'I','SY201803220002','5','2018/03/09','00','so0004','','[{"in_out_detail_no":"1","item_cd":"000115","serial_no":"1020","in_out_qty":"10","remarks":"10"}]','001','048_input_output_detail','192.168.5.206';
2018-03-22 10:55:48 EXEC SPC_048_INPUT_OUTPUT_DETAIL_INQ1 'SY201803220003';
2018-03-22 10:56:12 EXEC SPC_COMPONENT_PRODUCT_FND '','','','','1','10';
2018-03-22 10:56:14 EXEC SPC_048_INPUT_OUTPUT_DETAIL_INQ2 '000115';
2018-03-22 10:56:23 EXEC SPC_048_INPUT_OUTPUT_DETAIL_ACT1 'I','SY201803220003','5','2018/03/09','00','so0004','','[{"in_out_detail_no":"1","item_cd":"000115","serial_no":"1020","in_out_qty":"10","remarks":"10"},{"in_out_detail_no":"2","item_cd":"000115","serial_no":"1111","in_out_qty":"1111","remarks":"1111"}]','001','048_input_output_detail','192.168.5.206';
2018-03-22 10:56:24 EXEC SPC_048_INPUT_OUTPUT_DETAIL_INQ1 'SY201803220004';
2018-03-22 10:57:58 EXEC SPC_048_INPUT_OUTPUT_DETAIL_ACT1 'I','SY201803220004','5','2018/03/09','00','so0004','','[{"in_out_detail_no":"1","item_cd":"000115","serial_no":"1020","in_out_qty":"10","remarks":"10"},{"in_out_detail_no":"2","item_cd":"000115","serial_no":"1111","in_out_qty":"1111","remarks":"1111"}]','001','048_input_output_detail','192.168.5.206';
2018-03-22 10:58:00 EXEC SPC_048_INPUT_OUTPUT_DETAIL_INQ1 'SY201803220005';
2018-03-22 10:58:36 EXEC SPC_COMPONENT_PRODUCT_FND '','','','','1','10';
2018-03-22 10:58:37 EXEC SPC_048_INPUT_OUTPUT_DETAIL_INQ2 '000111';
2018-03-22 10:58:41 EXEC SPC_COMPONENT_PRODUCT_FND '','','','','1','10';
2018-03-22 10:58:44 EXEC SPC_048_INPUT_OUTPUT_DETAIL_INQ2 '000115';
2018-03-22 10:58:56 EXEC SPC_048_INPUT_OUTPUT_DETAIL_ACT1 'I','SY201803220005','5','2018/03/09','00','so0004','','[{"in_out_detail_no":"1","item_cd":"000115","serial_no":"1020","in_out_qty":"10","remarks":"10"},{"in_out_detail_no":"2","item_cd":"000115","serial_no":"1111","in_out_qty":"1111","remarks":"1111"},{"in_out_detail_no":"3","item_cd":"000115","serial_no":"2222","in_out_qty":"20210","remarks":"12014025"}]','001','048_input_output_detail','192.168.5.206';
2018-03-22 10:58:57 EXEC SPC_048_INPUT_OUTPUT_DETAIL_INQ1 'SY201803220006';
2018-03-22 10:59:15 EXEC SPC_COMPONENT_PRODUCT_FND '','','','','1','10';
2018-03-22 10:59:17 EXEC SPC_048_INPUT_OUTPUT_DETAIL_INQ2 '000115';
2018-03-22 10:59:28 EXEC SPC_048_INPUT_OUTPUT_DETAIL_ACT1 'I','SY201803220006','5','2018/03/09','00','so0004','','[{"in_out_detail_no":"1","item_cd":"000115","serial_no":"1020","in_out_qty":"10","remarks":"10"},{"in_out_detail_no":"2","item_cd":"000115","serial_no":"1111","in_out_qty":"1111","remarks":"1111"},{"in_out_detail_no":"3","item_cd":"000115","serial_no":"2222","in_out_qty":"20210","remarks":"12014025"},{"in_out_detail_no":"4","item_cd":"000115","serial_no":"3333","in_out_qty":"254343","remarks":"gsdgsd"}]','001','048_input_output_detail','192.168.5.206';
2018-03-22 10:59:29 EXEC SPC_048_INPUT_OUTPUT_DETAIL_INQ1 'SY201803220007';
2018-03-22 11:02:11 EXEC SPC_WAREHOUSE_SEARCH '','','1','10';
2018-03-22 11:02:34 EXEC SPC_WAREHOUSE_SEARCH '','','1','10';
2018-03-22 11:02:38 EXEC SPC_048_INPUT_OUTPUT_DETAIL_ACT1 'I','SY201803220007','5','2018/03/09','00','so0002','','[{"in_out_detail_no":"1","item_cd":"000115","serial_no":"1020","in_out_qty":"10","remarks":"10"},{"in_out_detail_no":"2","item_cd":"000115","serial_no":"1111","in_out_qty":"1111","remarks":"1111"},{"in_out_detail_no":"3","item_cd":"000115","serial_no":"2222","in_out_qty":"20210","remarks":"12014025"},{"in_out_detail_no":"4","item_cd":"000115","serial_no":"3333","in_out_qty":"254343","remarks":"gsdgsd"}]','001','048_input_output_detail','192.168.5.206';
2018-03-22 11:02:39 EXEC SPC_048_INPUT_OUTPUT_DETAIL_INQ1 'SY201803220008';
2018-03-22 11:03:17 EXEC SPC_COMPONENT_PRODUCT_FND '','','1','','1','10';
2018-03-22 11:03:18 EXEC SPC_COMPONENT_PRODUCT_FND '','','1','','18','10';
2018-03-22 11:03:20 EXEC SPC_048_INPUT_OUTPUT_DETAIL_INQ2 'P999';
2018-03-22 11:03:43 EXEC SPC_048_INPUT_OUTPUT_DETAIL_ACT1 'I','SY201803220008','5','2018/03/09','00','so0002','','[{"in_out_detail_no":"1","item_cd":"000115","serial_no":"1020","in_out_qty":"10","remarks":"10"},{"in_out_detail_no":"2","item_cd":"000115","serial_no":"1111","in_out_qty":"1111","remarks":"1111"},{"in_out_detail_no":"3","item_cd":"000115","serial_no":"2222","in_out_qty":"20210","remarks":"12014025"},{"in_out_detail_no":"4","item_cd":"P999","serial_no":"3333","in_out_qty":"254343","remarks":"gsdgsd"}]','001','048_input_output_detail','192.168.5.206';
2018-03-22 11:03:44 EXEC SPC_048_INPUT_OUTPUT_DETAIL_INQ1 'SY201803220009';
2018-03-22 11:04:08 EXEC SPC_COMPONENT_PRODUCT_FND '','','1','','1','10';
2018-03-22 11:04:13 EXEC SPC_COMPONENT_PRODUCT_FND '','','1','','18','10';
2018-03-22 11:04:14 EXEC SPC_COMPONENT_PRODUCT_FND '','','1','','17','10';
2018-03-22 15:03:13 EXEC SPC_COMPONENT_PRODUCT_FND '','','','','1','10';
2018-03-22 15:03:17 EXEC SPC_COMPONENT_PRODUCT_FND '','','','1','1','10';
2018-03-22 15:03:18 EXEC SPC_048_INPUT_OUTPUT_DETAIL_INQ2 '20503';
2018-03-22 15:03:37 EXEC SPC_COM_GET_COMBOBOX 'in_out_div';
2018-03-22 15:03:38 EXEC SPC_COM_GET_COMBOBOX 'in_out_data_div';
2018-03-22 15:38:25 EXEC SPC_COM_GET_COMBOBOX 'in_out_div';
2018-03-22 15:38:25 EXEC SPC_COM_GET_COMBOBOX 'in_out_data_div';
2018-03-22 15:38:32 EXEC SPC_COM_GET_COMBOBOX 'in_out_div';
2018-03-22 15:38:32 EXEC SPC_COM_GET_COMBOBOX 'in_out_data_div';
2018-03-22 15:38:33 EXEC SPC_049_INPUT_OUTPUT_FND1 '','','','','','','','1','10';
2018-03-22 15:38:36 EXEC SPC_048_INPUT_OUTPUT_DETAIL_INQ1 'SY201803210006';
2018-03-22 15:38:44 EXEC SPC_COMPONENT_PRODUCT_FND '','','1','','1','10';
2018-03-22 15:38:46 EXEC SPC_048_INPUT_OUTPUT_DETAIL_INQ2 '000111';
2018-03-22 15:38:50 EXEC SPC_COMPONENT_PRODUCT_FND '','','','','1','10';
2018-03-22 15:38:51 EXEC SPC_048_INPUT_OUTPUT_DETAIL_INQ2 '000112';
2018-03-22 15:43:35 EXEC SPC_COM_GET_COMBOBOX 'in_out_div';
2018-03-22 15:43:35 EXEC SPC_COM_GET_COMBOBOX 'in_out_data_div';
2018-03-22 15:43:36 EXEC SPC_048_INPUT_OUTPUT_DETAIL_INQ1 'SY201803210006';
2018-03-22 15:44:26 EXEC SPC_COM_GET_COMBOBOX 'in_out_data_div';
2018-03-22 15:44:26 EXEC SPC_COM_GET_COMBOBOX 'in_out_div';
2018-03-22 15:44:26 EXEC SPC_048_INPUT_OUTPUT_DETAIL_INQ1 'SY201803210006';
2018-03-22 15:44:54 EXEC SPC_COM_GET_COMBOBOX 'in_out_data_div';
2018-03-22 15:44:54 EXEC SPC_COM_GET_COMBOBOX 'in_out_div';
2018-03-22 15:44:54 EXEC SPC_048_INPUT_OUTPUT_DETAIL_INQ1 'SY201803210006';
2018-03-22 15:44:55 EXEC SPC_048_INPUT_OUTPUT_DETAIL_INQ1 'SY201803210006';
2018-03-22 15:44:56 EXEC SPC_048_INPUT_OUTPUT_DETAIL_INQ1 'SY201803210006';
2018-03-22 15:44:56 EXEC SPC_048_INPUT_OUTPUT_DETAIL_INQ1 'SY201803210006';
2018-03-22 15:44:56 EXEC SPC_048_INPUT_OUTPUT_DETAIL_INQ1 'SY201803210006';
2018-03-22 15:44:57 EXEC SPC_048_INPUT_OUTPUT_DETAIL_INQ1 'SY201803210006';
2018-03-22 15:44:57 EXEC SPC_048_INPUT_OUTPUT_DETAIL_INQ1 'SY201803210006';
2018-03-22 15:44:58 EXEC SPC_048_INPUT_OUTPUT_DETAIL_INQ1 'SY201803210006';
2018-03-22 15:44:58 EXEC SPC_048_INPUT_OUTPUT_DETAIL_INQ1 'SY201803210006';
2018-03-22 15:44:59 EXEC SPC_048_INPUT_OUTPUT_DETAIL_INQ1 'SY201803210006';
2018-03-22 15:44:59 EXEC SPC_048_INPUT_OUTPUT_DETAIL_INQ1 'SY201803210006';
2018-03-22 15:44:59 EXEC SPC_048_INPUT_OUTPUT_DETAIL_INQ1 'SY201803210006';
2018-03-22 15:45:00 EXEC SPC_048_INPUT_OUTPUT_DETAIL_INQ1 'SY201803210006';
2018-03-22 15:45:00 EXEC SPC_048_INPUT_OUTPUT_DETAIL_INQ1 'SY201803210006';
2018-03-22 15:45:01 EXEC SPC_048_INPUT_OUTPUT_DETAIL_INQ1 'SY201803210006';
2018-03-22 15:45:01 EXEC SPC_048_INPUT_OUTPUT_DETAIL_INQ1 'SY201803210006';
2018-03-22 15:45:02 EXEC SPC_048_INPUT_OUTPUT_DETAIL_INQ1 'SY201803210006';
2018-03-22 15:45:02 EXEC SPC_048_INPUT_OUTPUT_DETAIL_INQ1 'SY201803210006';
2018-03-22 15:45:02 EXEC SPC_048_INPUT_OUTPUT_DETAIL_INQ1 'SY201803210006';
2018-03-22 15:45:03 EXEC SPC_048_INPUT_OUTPUT_DETAIL_INQ1 'SY201803210006';
2018-03-22 15:45:03 EXEC SPC_048_INPUT_OUTPUT_DETAIL_INQ1 'SY201803210006';
2018-03-22 15:45:04 EXEC SPC_048_INPUT_OUTPUT_DETAIL_INQ1 'SY201803210006';
2018-03-22 15:45:04 EXEC SPC_048_INPUT_OUTPUT_DETAIL_INQ1 'SY201803210006';
2018-03-22 15:45:04 EXEC SPC_048_INPUT_OUTPUT_DETAIL_INQ1 'SY201803210006';
2018-03-22 15:45:05 EXEC SPC_048_INPUT_OUTPUT_DETAIL_INQ1 'SY201803210006';
2018-03-22 15:45:05 EXEC SPC_048_INPUT_OUTPUT_DETAIL_INQ1 'SY201803210006';
2018-03-22 15:45:05 EXEC SPC_048_INPUT_OUTPUT_DETAIL_INQ1 'SY201803210006';
2018-03-22 15:45:06 EXEC SPC_048_INPUT_OUTPUT_DETAIL_INQ1 'SY201803210006';
2018-03-22 15:45:06 EXEC SPC_048_INPUT_OUTPUT_DETAIL_INQ1 'SY201803210006';
2018-03-22 15:45:07 EXEC SPC_048_INPUT_OUTPUT_DETAIL_INQ1 'SY201803210006';
2018-03-22 15:45:07 EXEC SPC_048_INPUT_OUTPUT_DETAIL_INQ1 'SY201803210006';
2018-03-22 15:45:08 EXEC SPC_048_INPUT_OUTPUT_DETAIL_INQ1 'SY201803210006';
2018-03-22 15:45:08 EXEC SPC_048_INPUT_OUTPUT_DETAIL_INQ1 'SY201803210006';
2018-03-22 15:45:08 EXEC SPC_048_INPUT_OUTPUT_DETAIL_INQ1 'SY201803210006';
2018-03-22 15:45:09 EXEC SPC_048_INPUT_OUTPUT_DETAIL_INQ1 'SY201803210006';
2018-03-22 15:45:09 EXEC SPC_048_INPUT_OUTPUT_DETAIL_INQ1 'SY201803210006';
2018-03-22 15:45:09 EXEC SPC_048_INPUT_OUTPUT_DETAIL_INQ1 'SY201803210006';
2018-03-22 15:45:10 EXEC SPC_048_INPUT_OUTPUT_DETAIL_INQ1 'SY201803210006';
2018-03-22 15:45:10 EXEC SPC_048_INPUT_OUTPUT_DETAIL_INQ1 'SY201803210006';
2018-03-22 15:45:10 EXEC SPC_048_INPUT_OUTPUT_DETAIL_INQ1 'SY201803210006';
2018-03-22 15:45:11 EXEC SPC_048_INPUT_OUTPUT_DETAIL_INQ1 'SY201803210006';
2018-03-22 15:45:11 EXEC SPC_048_INPUT_OUTPUT_DETAIL_INQ1 'SY201803210006';
2018-03-22 15:45:12 EXEC SPC_048_INPUT_OUTPUT_DETAIL_INQ1 'SY201803210006';
2018-03-22 15:45:12 EXEC SPC_048_INPUT_OUTPUT_DETAIL_INQ1 'SY201803210006';
2018-03-22 15:45:12 EXEC SPC_048_INPUT_OUTPUT_DETAIL_INQ1 'SY201803210006';
2018-03-22 15:45:13 EXEC SPC_048_INPUT_OUTPUT_DETAIL_INQ1 'SY201803210006';
2018-03-22 15:45:13 EXEC SPC_048_INPUT_OUTPUT_DETAIL_INQ1 'SY201803210006';
2018-03-22 15:45:13 EXEC SPC_048_INPUT_OUTPUT_DETAIL_INQ1 'SY201803210006';
2018-03-22 15:45:14 EXEC SPC_048_INPUT_OUTPUT_DETAIL_INQ1 'SY201803210006';
2018-03-22 15:45:14 EXEC SPC_048_INPUT_OUTPUT_DETAIL_INQ1 'SY201803210006';
2018-03-22 15:45:15 EXEC SPC_048_INPUT_OUTPUT_DETAIL_INQ1 'SY201803210006';
2018-03-22 15:45:15 EXEC SPC_048_INPUT_OUTPUT_DETAIL_INQ1 'SY201803210006';
2018-03-22 15:45:15 EXEC SPC_048_INPUT_OUTPUT_DETAIL_INQ1 'SY201803210006';
2018-03-22 15:45:16 EXEC SPC_048_INPUT_OUTPUT_DETAIL_INQ1 'SY201803210006';
2018-03-22 15:45:16 EXEC SPC_048_INPUT_OUTPUT_DETAIL_INQ1 'SY201803210006';
2018-03-22 15:45:17 EXEC SPC_048_INPUT_OUTPUT_DETAIL_INQ1 'SY201803210006';
2018-03-22 15:45:17 EXEC SPC_048_INPUT_OUTPUT_DETAIL_INQ1 'SY201803210006';
2018-03-22 15:45:18 EXEC SPC_048_INPUT_OUTPUT_DETAIL_INQ1 'SY201803210006';
2018-03-22 15:45:18 EXEC SPC_048_INPUT_OUTPUT_DETAIL_INQ1 'SY201803210006';
2018-03-22 15:45:18 EXEC SPC_048_INPUT_OUTPUT_DETAIL_INQ1 'SY201803210006';
2018-03-22 15:45:19 EXEC SPC_048_INPUT_OUTPUT_DETAIL_INQ1 'SY201803210006';
2018-03-22 15:45:19 EXEC SPC_048_INPUT_OUTPUT_DETAIL_INQ1 'SY201803210006';
2018-03-22 15:45:19 EXEC SPC_048_INPUT_OUTPUT_DETAIL_INQ1 'SY201803210006';
2018-03-22 15:45:20 EXEC SPC_048_INPUT_OUTPUT_DETAIL_INQ1 'SY201803210006';
2018-03-22 15:45:20 EXEC SPC_048_INPUT_OUTPUT_DETAIL_INQ1 'SY201803210006';
2018-03-22 15:45:20 EXEC SPC_048_INPUT_OUTPUT_DETAIL_INQ1 'SY201803210006';
2018-03-22 15:45:21 EXEC SPC_048_INPUT_OUTPUT_DETAIL_INQ1 'SY201803210006';
2018-03-22 15:45:21 EXEC SPC_048_INPUT_OUTPUT_DETAIL_INQ1 'SY201803210006';
2018-03-22 15:45:21 EXEC SPC_048_INPUT_OUTPUT_DETAIL_INQ1 'SY201803210006';
2018-03-22 15:45:22 EXEC SPC_048_INPUT_OUTPUT_DETAIL_INQ1 'SY201803210006';
2018-03-22 15:45:22 EXEC SPC_048_INPUT_OUTPUT_DETAIL_INQ1 'SY201803210006';
2018-03-22 15:45:22 EXEC SPC_048_INPUT_OUTPUT_DETAIL_INQ1 'SY201803210006';
2018-03-22 15:45:22 EXEC SPC_048_INPUT_OUTPUT_DETAIL_INQ1 'SY201803210006';
2018-03-22 15:45:23 EXEC SPC_048_INPUT_OUTPUT_DETAIL_INQ1 'SY201803210006';
2018-03-22 15:45:23 EXEC SPC_048_INPUT_OUTPUT_DETAIL_INQ1 'SY201803210006';
2018-03-22 15:45:23 EXEC SPC_048_INPUT_OUTPUT_DETAIL_INQ1 'SY201803210006';
2018-03-22 15:45:24 EXEC SPC_048_INPUT_OUTPUT_DETAIL_INQ1 'SY201803210006';
2018-03-22 15:45:24 EXEC SPC_048_INPUT_OUTPUT_DETAIL_INQ1 'SY201803210006';
2018-03-22 15:45:24 EXEC SPC_048_INPUT_OUTPUT_DETAIL_INQ1 'SY201803210006';
2018-03-22 15:45:25 EXEC SPC_048_INPUT_OUTPUT_DETAIL_INQ1 'SY201803210006';
2018-03-22 15:45:25 EXEC SPC_048_INPUT_OUTPUT_DETAIL_INQ1 'SY201803210006';
2018-03-22 15:45:25 EXEC SPC_048_INPUT_OUTPUT_DETAIL_INQ1 'SY201803210006';
2018-03-22 15:45:26 EXEC SPC_048_INPUT_OUTPUT_DETAIL_INQ1 'SY201803210006';
2018-03-22 15:45:26 EXEC SPC_048_INPUT_OUTPUT_DETAIL_INQ1 'SY201803210006';
2018-03-22 15:45:26 EXEC SPC_048_INPUT_OUTPUT_DETAIL_INQ1 'SY201803210006';
2018-03-22 15:45:27 EXEC SPC_048_INPUT_OUTPUT_DETAIL_INQ1 'SY201803210006';
2018-03-22 15:45:27 EXEC SPC_048_INPUT_OUTPUT_DETAIL_INQ1 'SY201803210006';
2018-03-22 15:45:27 EXEC SPC_048_INPUT_OUTPUT_DETAIL_INQ1 'SY201803210006';
2018-03-22 15:45:27 EXEC SPC_048_INPUT_OUTPUT_DETAIL_INQ1 'SY201803210006';
2018-03-22 15:45:28 EXEC SPC_048_INPUT_OUTPUT_DETAIL_INQ1 'SY201803210006';
2018-03-22 15:45:28 EXEC SPC_048_INPUT_OUTPUT_DETAIL_INQ1 'SY201803210006';
2018-03-22 15:45:28 EXEC SPC_048_INPUT_OUTPUT_DETAIL_INQ1 'SY201803210006';
2018-03-22 15:45:29 EXEC SPC_048_INPUT_OUTPUT_DETAIL_INQ1 'SY201803210006';
2018-03-22 15:45:29 EXEC SPC_048_INPUT_OUTPUT_DETAIL_INQ1 'SY201803210006';
2018-03-22 15:45:29 EXEC SPC_048_INPUT_OUTPUT_DETAIL_INQ1 'SY201803210006';
2018-03-22 15:45:30 EXEC SPC_048_INPUT_OUTPUT_DETAIL_INQ1 'SY201803210006';
2018-03-22 15:45:30 EXEC SPC_048_INPUT_OUTPUT_DETAIL_INQ1 'SY201803210006';
2018-03-22 15:45:30 EXEC SPC_048_INPUT_OUTPUT_DETAIL_INQ1 'SY201803210006';
2018-03-22 15:45:31 EXEC SPC_048_INPUT_OUTPUT_DETAIL_INQ1 'SY201803210006';
2018-03-22 15:45:31 EXEC SPC_048_INPUT_OUTPUT_DETAIL_INQ1 'SY201803210006';
2018-03-22 15:45:31 EXEC SPC_048_INPUT_OUTPUT_DETAIL_INQ1 'SY201803210006';
2018-03-22 15:45:32 EXEC SPC_048_INPUT_OUTPUT_DETAIL_INQ1 'SY201803210006';
2018-03-22 15:45:32 EXEC SPC_048_INPUT_OUTPUT_DETAIL_INQ1 'SY201803210006';
2018-03-22 15:45:32 EXEC SPC_048_INPUT_OUTPUT_DETAIL_INQ1 'SY201803210006';
2018-03-22 15:45:33 EXEC SPC_048_INPUT_OUTPUT_DETAIL_INQ1 'SY201803210006';
2018-03-22 15:45:33 EXEC SPC_048_INPUT_OUTPUT_DETAIL_INQ1 'SY201803210006';
2018-03-22 15:45:33 EXEC SPC_048_INPUT_OUTPUT_DETAIL_INQ1 'SY201803210006';
2018-03-22 15:45:33 EXEC SPC_048_INPUT_OUTPUT_DETAIL_INQ1 'SY201803210006';
2018-03-22 15:45:34 EXEC SPC_048_INPUT_OUTPUT_DETAIL_INQ1 'SY201803210006';
2018-03-22 15:45:34 EXEC SPC_048_INPUT_OUTPUT_DETAIL_INQ1 'SY201803210006';
2018-03-22 15:45:34 EXEC SPC_048_INPUT_OUTPUT_DETAIL_INQ1 'SY201803210006';
2018-03-22 15:45:35 EXEC SPC_048_INPUT_OUTPUT_DETAIL_INQ1 'SY201803210006';
2018-03-22 15:45:35 EXEC SPC_048_INPUT_OUTPUT_DETAIL_INQ1 'SY201803210006';
2018-03-22 15:45:35 EXEC SPC_048_INPUT_OUTPUT_DETAIL_INQ1 'SY201803210006';
2018-03-22 15:45:36 EXEC SPC_048_INPUT_OUTPUT_DETAIL_INQ1 'SY201803210006';
2018-03-22 15:45:36 EXEC SPC_048_INPUT_OUTPUT_DETAIL_INQ1 'SY201803210006';
2018-03-22 15:45:36 EXEC SPC_048_INPUT_OUTPUT_DETAIL_INQ1 'SY201803210006';
2018-03-22 15:45:37 EXEC SPC_048_INPUT_OUTPUT_DETAIL_INQ1 'SY201803210006';
2018-03-22 15:45:37 EXEC SPC_048_INPUT_OUTPUT_DETAIL_INQ1 'SY201803210006';
2018-03-22 15:45:37 EXEC SPC_048_INPUT_OUTPUT_DETAIL_INQ1 'SY201803210006';
2018-03-22 15:45:38 EXEC SPC_048_INPUT_OUTPUT_DETAIL_INQ1 'SY201803210006';
2018-03-22 15:45:39 EXEC SPC_COM_GET_COMBOBOX 'in_out_div';
2018-03-22 15:45:39 EXEC SPC_COM_GET_COMBOBOX 'in_out_data_div';
2018-03-22 15:45:39 EXEC SPC_048_INPUT_OUTPUT_DETAIL_INQ1 'SY201803210006';
2018-03-22 15:45:40 EXEC SPC_048_INPUT_OUTPUT_DETAIL_INQ1 'SY201803210006';
2018-03-22 15:45:40 EXEC SPC_048_INPUT_OUTPUT_DETAIL_INQ1 'SY201803210006';
2018-03-22 15:45:41 EXEC SPC_048_INPUT_OUTPUT_DETAIL_INQ1 'SY201803210006';
2018-03-22 15:45:41 EXEC SPC_048_INPUT_OUTPUT_DETAIL_INQ1 'SY201803210006';
2018-03-22 15:45:41 EXEC SPC_048_INPUT_OUTPUT_DETAIL_INQ1 'SY201803210006';
2018-03-22 15:45:41 EXEC SPC_048_INPUT_OUTPUT_DETAIL_INQ1 'SY201803210006';
2018-03-22 15:45:42 EXEC SPC_048_INPUT_OUTPUT_DETAIL_INQ1 'SY201803210006';
2018-03-22 15:45:42 EXEC SPC_048_INPUT_OUTPUT_DETAIL_INQ1 'SY201803210006';
2018-03-22 15:45:42 EXEC SPC_048_INPUT_OUTPUT_DETAIL_INQ1 'SY201803210006';
2018-03-22 15:45:43 EXEC SPC_048_INPUT_OUTPUT_DETAIL_INQ1 'SY201803210006';
2018-03-22 15:45:43 EXEC SPC_048_INPUT_OUTPUT_DETAIL_INQ1 'SY201803210006';
2018-03-22 15:45:43 EXEC SPC_048_INPUT_OUTPUT_DETAIL_INQ1 'SY201803210006';
2018-03-22 15:45:44 EXEC SPC_048_INPUT_OUTPUT_DETAIL_INQ1 'SY201803210006';
2018-03-22 15:45:44 EXEC SPC_048_INPUT_OUTPUT_DETAIL_INQ1 'SY201803210006';
2018-03-22 15:45:44 EXEC SPC_048_INPUT_OUTPUT_DETAIL_INQ1 'SY201803210006';
2018-03-22 15:45:44 EXEC SPC_048_INPUT_OUTPUT_DETAIL_INQ1 'SY201803210006';
2018-03-22 15:45:45 EXEC SPC_048_INPUT_OUTPUT_DETAIL_INQ1 'SY201803210006';
2018-03-22 15:45:45 EXEC SPC_048_INPUT_OUTPUT_DETAIL_INQ1 'SY201803210006';
2018-03-22 15:45:45 EXEC SPC_048_INPUT_OUTPUT_DETAIL_INQ1 'SY201803210006';
2018-03-22 15:45:46 EXEC SPC_048_INPUT_OUTPUT_DETAIL_INQ1 'SY201803210006';
2018-03-22 15:45:46 EXEC SPC_048_INPUT_OUTPUT_DETAIL_INQ1 'SY201803210006';
2018-03-22 15:45:46 EXEC SPC_048_INPUT_OUTPUT_DETAIL_INQ1 'SY201803210006';
2018-03-22 15:45:47 EXEC SPC_048_INPUT_OUTPUT_DETAIL_INQ1 'SY201803210006';
2018-03-22 15:45:47 EXEC SPC_048_INPUT_OUTPUT_DETAIL_INQ1 'SY201803210006';
2018-03-22 15:45:47 EXEC SPC_048_INPUT_OUTPUT_DETAIL_INQ1 'SY201803210006';
2018-03-22 15:45:47 EXEC SPC_048_INPUT_OUTPUT_DETAIL_INQ1 'SY201803210006';
2018-03-22 15:45:48 EXEC SPC_048_INPUT_OUTPUT_DETAIL_INQ1 'SY201803210006';
2018-03-22 15:45:48 EXEC SPC_048_INPUT_OUTPUT_DETAIL_INQ1 'SY201803210006';
2018-03-22 15:45:48 EXEC SPC_048_INPUT_OUTPUT_DETAIL_INQ1 'SY201803210006';
2018-03-22 15:45:49 EXEC SPC_048_INPUT_OUTPUT_DETAIL_INQ1 'SY201803210006';
2018-03-22 15:45:49 EXEC SPC_048_INPUT_OUTPUT_DETAIL_INQ1 'SY201803210006';
2018-03-22 15:45:49 EXEC SPC_048_INPUT_OUTPUT_DETAIL_INQ1 'SY201803210006';
2018-03-22 15:45:50 EXEC SPC_048_INPUT_OUTPUT_DETAIL_INQ1 'SY201803210006';
2018-03-22 15:45:50 EXEC SPC_048_INPUT_OUTPUT_DETAIL_INQ1 'SY201803210006';
2018-03-22 15:45:50 EXEC SPC_048_INPUT_OUTPUT_DETAIL_INQ1 'SY201803210006';
2018-03-22 15:45:51 EXEC SPC_048_INPUT_OUTPUT_DETAIL_INQ1 'SY201803210006';
2018-03-22 15:45:51 EXEC SPC_048_INPUT_OUTPUT_DETAIL_INQ1 'SY201803210006';
2018-03-22 15:45:51 EXEC SPC_048_INPUT_OUTPUT_DETAIL_INQ1 'SY201803210006';
2018-03-22 15:45:52 EXEC SPC_048_INPUT_OUTPUT_DETAIL_INQ1 'SY201803210006';
2018-03-22 15:45:52 EXEC SPC_048_INPUT_OUTPUT_DETAIL_INQ1 'SY201803210006';
2018-03-22 15:45:52 EXEC SPC_048_INPUT_OUTPUT_DETAIL_INQ1 'SY201803210006';
2018-03-22 15:45:52 EXEC SPC_048_INPUT_OUTPUT_DETAIL_INQ1 'SY201803210006';
2018-03-22 15:45:53 EXEC SPC_048_INPUT_OUTPUT_DETAIL_INQ1 'SY201803210006';
2018-03-22 15:45:53 EXEC SPC_048_INPUT_OUTPUT_DETAIL_INQ1 'SY201803210006';
2018-03-22 15:45:53 EXEC SPC_048_INPUT_OUTPUT_DETAIL_INQ1 'SY201803210006';
2018-03-22 15:45:54 EXEC SPC_048_INPUT_OUTPUT_DETAIL_INQ1 'SY201803210006';
2018-03-22 15:45:54 EXEC SPC_048_INPUT_OUTPUT_DETAIL_INQ1 'SY201803210006';
2018-03-22 15:45:54 EXEC SPC_048_INPUT_OUTPUT_DETAIL_INQ1 'SY201803210006';
2018-03-22 15:45:55 EXEC SPC_048_INPUT_OUTPUT_DETAIL_INQ1 'SY201803210006';
2018-03-22 15:45:55 EXEC SPC_048_INPUT_OUTPUT_DETAIL_INQ1 'SY201803210006';
2018-03-22 15:45:55 EXEC SPC_048_INPUT_OUTPUT_DETAIL_INQ1 'SY201803210006';
2018-03-22 15:45:56 EXEC SPC_048_INPUT_OUTPUT_DETAIL_INQ1 'SY201803210006';
2018-03-22 15:45:56 EXEC SPC_048_INPUT_OUTPUT_DETAIL_INQ1 'SY201803210006';
2018-03-22 15:45:56 EXEC SPC_048_INPUT_OUTPUT_DETAIL_INQ1 'SY201803210006';
2018-03-22 15:45:56 EXEC SPC_048_INPUT_OUTPUT_DETAIL_INQ1 'SY201803210006';
2018-03-22 15:45:57 EXEC SPC_048_INPUT_OUTPUT_DETAIL_INQ1 'SY201803210006';
2018-03-22 15:45:57 EXEC SPC_048_INPUT_OUTPUT_DETAIL_INQ1 'SY201803210006';
2018-03-22 15:45:57 EXEC SPC_048_INPUT_OUTPUT_DETAIL_INQ1 'SY201803210006';
2018-03-22 15:45:58 EXEC SPC_048_INPUT_OUTPUT_DETAIL_INQ1 'SY201803210006';
2018-03-22 15:45:58 EXEC SPC_048_INPUT_OUTPUT_DETAIL_INQ1 'SY201803210006';
2018-03-22 15:45:58 EXEC SPC_048_INPUT_OUTPUT_DETAIL_INQ1 'SY201803210006';
2018-03-22 15:45:59 EXEC SPC_048_INPUT_OUTPUT_DETAIL_INQ1 'SY201803210006';
2018-03-22 15:45:59 EXEC SPC_048_INPUT_OUTPUT_DETAIL_INQ1 'SY201803210006';
2018-03-22 15:45:59 EXEC SPC_048_INPUT_OUTPUT_DETAIL_INQ1 'SY201803210006';
2018-03-22 15:45:59 EXEC SPC_048_INPUT_OUTPUT_DETAIL_INQ1 'SY201803210006';
2018-03-22 15:46:00 EXEC SPC_048_INPUT_OUTPUT_DETAIL_INQ1 'SY201803210006';
2018-03-22 15:46:00 EXEC SPC_048_INPUT_OUTPUT_DETAIL_INQ1 'SY201803210006';
2018-03-22 15:46:01 EXEC SPC_048_INPUT_OUTPUT_DETAIL_INQ1 'SY201803210006';
2018-03-22 15:46:01 EXEC SPC_048_INPUT_OUTPUT_DETAIL_INQ1 'SY201803210006';
2018-03-22 15:46:02 EXEC SPC_048_INPUT_OUTPUT_DETAIL_INQ1 'SY201803210006';
2018-03-22 15:46:02 EXEC SPC_048_INPUT_OUTPUT_DETAIL_INQ1 'SY201803210006';
2018-03-22 15:46:02 EXEC SPC_048_INPUT_OUTPUT_DETAIL_INQ1 'SY201803210006';
2018-03-22 15:46:03 EXEC SPC_048_INPUT_OUTPUT_DETAIL_INQ1 'SY201803210006';
2018-03-22 15:46:03 EXEC SPC_048_INPUT_OUTPUT_DETAIL_INQ1 'SY201803210006';
2018-03-22 15:46:04 EXEC SPC_048_INPUT_OUTPUT_DETAIL_INQ1 'SY201803210006';
2018-03-22 15:46:05 EXEC SPC_048_INPUT_OUTPUT_DETAIL_INQ1 'SY201803210006';
2018-03-22 15:46:05 EXEC SPC_048_INPUT_OUTPUT_DETAIL_INQ1 'SY201803210006';
2018-03-22 15:46:05 EXEC SPC_048_INPUT_OUTPUT_DETAIL_INQ1 'SY201803210006';
2018-03-22 15:46:06 EXEC SPC_048_INPUT_OUTPUT_DETAIL_INQ1 'SY201803210006';
2018-03-22 15:46:06 EXEC SPC_048_INPUT_OUTPUT_DETAIL_INQ1 'SY201803210006';
2018-03-22 15:46:06 EXEC SPC_048_INPUT_OUTPUT_DETAIL_INQ1 'SY201803210006';
2018-03-22 15:46:07 EXEC SPC_048_INPUT_OUTPUT_DETAIL_INQ1 'SY201803210006';
2018-03-22 15:46:07 EXEC SPC_048_INPUT_OUTPUT_DETAIL_INQ1 'SY201803210006';
2018-03-22 15:46:07 EXEC SPC_048_INPUT_OUTPUT_DETAIL_INQ1 'SY201803210006';
2018-03-22 15:46:08 EXEC SPC_048_INPUT_OUTPUT_DETAIL_INQ1 'SY201803210006';
2018-03-22 15:46:08 EXEC SPC_048_INPUT_OUTPUT_DETAIL_INQ1 'SY201803210006';
2018-03-22 15:46:08 EXEC SPC_048_INPUT_OUTPUT_DETAIL_INQ1 'SY201803210006';
2018-03-22 15:46:09 EXEC SPC_048_INPUT_OUTPUT_DETAIL_INQ1 'SY201803210006';
2018-03-22 15:46:09 EXEC SPC_048_INPUT_OUTPUT_DETAIL_INQ1 'SY201803210006';
2018-03-22 15:46:09 EXEC SPC_048_INPUT_OUTPUT_DETAIL_INQ1 'SY201803210006';
2018-03-22 15:46:10 EXEC SPC_048_INPUT_OUTPUT_DETAIL_INQ1 'SY201803210006';
2018-03-22 15:46:10 EXEC SPC_048_INPUT_OUTPUT_DETAIL_INQ1 'SY201803210006';
2018-03-22 15:46:10 EXEC SPC_048_INPUT_OUTPUT_DETAIL_INQ1 'SY201803210006';
2018-03-22 15:46:10 EXEC SPC_048_INPUT_OUTPUT_DETAIL_INQ1 'SY201803210006';
2018-03-22 15:46:11 EXEC SPC_048_INPUT_OUTPUT_DETAIL_INQ1 'SY201803210006';
2018-03-22 15:46:11 EXEC SPC_048_INPUT_OUTPUT_DETAIL_INQ1 'SY201803210006';
2018-03-22 15:46:11 EXEC SPC_048_INPUT_OUTPUT_DETAIL_INQ1 'SY201803210006';
2018-03-22 15:46:12 EXEC SPC_048_INPUT_OUTPUT_DETAIL_INQ1 'SY201803210006';
2018-03-22 15:46:12 EXEC SPC_048_INPUT_OUTPUT_DETAIL_INQ1 'SY201803210006';
2018-03-22 15:46:12 EXEC SPC_048_INPUT_OUTPUT_DETAIL_INQ1 'SY201803210006';
2018-03-22 15:46:13 EXEC SPC_048_INPUT_OUTPUT_DETAIL_INQ1 'SY201803210006';
2018-03-22 15:46:13 EXEC SPC_048_INPUT_OUTPUT_DETAIL_INQ1 'SY201803210006';
2018-03-22 15:46:13 EXEC SPC_048_INPUT_OUTPUT_DETAIL_INQ1 'SY201803210006';
2018-03-22 15:46:14 EXEC SPC_048_INPUT_OUTPUT_DETAIL_INQ1 'SY201803210006';
2018-03-22 15:46:14 EXEC SPC_048_INPUT_OUTPUT_DETAIL_INQ1 'SY201803210006';
2018-03-22 15:46:14 EXEC SPC_048_INPUT_OUTPUT_DETAIL_INQ1 'SY201803210006';
2018-03-22 15:46:14 EXEC SPC_048_INPUT_OUTPUT_DETAIL_INQ1 'SY201803210006';
2018-03-22 15:46:15 EXEC SPC_048_INPUT_OUTPUT_DETAIL_INQ1 'SY201803210006';
2018-03-22 15:46:15 EXEC SPC_048_INPUT_OUTPUT_DETAIL_INQ1 'SY201803210006';
2018-03-22 15:46:15 EXEC SPC_048_INPUT_OUTPUT_DETAIL_INQ1 'SY201803210006';
2018-03-22 15:46:16 EXEC SPC_048_INPUT_OUTPUT_DETAIL_INQ1 'SY201803210006';
2018-03-22 15:46:16 EXEC SPC_048_INPUT_OUTPUT_DETAIL_INQ1 'SY201803210006';
2018-03-22 15:46:16 EXEC SPC_048_INPUT_OUTPUT_DETAIL_INQ1 'SY201803210006';
2018-03-22 15:46:17 EXEC SPC_048_INPUT_OUTPUT_DETAIL_INQ1 'SY201803210006';
2018-03-22 15:46:17 EXEC SPC_048_INPUT_OUTPUT_DETAIL_INQ1 'SY201803210006';
2018-03-22 15:46:17 EXEC SPC_048_INPUT_OUTPUT_DETAIL_INQ1 'SY201803210006';
2018-03-22 15:46:18 EXEC SPC_048_INPUT_OUTPUT_DETAIL_INQ1 'SY201803210006';
2018-03-22 15:46:18 EXEC SPC_048_INPUT_OUTPUT_DETAIL_INQ1 'SY201803210006';
2018-03-22 15:46:18 EXEC SPC_048_INPUT_OUTPUT_DETAIL_INQ1 'SY201803210006';
2018-03-22 15:46:19 EXEC SPC_048_INPUT_OUTPUT_DETAIL_INQ1 'SY201803210006';
2018-03-22 15:46:19 EXEC SPC_048_INPUT_OUTPUT_DETAIL_INQ1 'SY201803210006';
2018-03-22 15:46:19 EXEC SPC_048_INPUT_OUTPUT_DETAIL_INQ1 'SY201803210006';
2018-03-22 15:46:20 EXEC SPC_048_INPUT_OUTPUT_DETAIL_INQ1 'SY201803210006';
2018-03-22 15:46:20 EXEC SPC_048_INPUT_OUTPUT_DETAIL_INQ1 'SY201803210006';
2018-03-22 15:46:20 EXEC SPC_048_INPUT_OUTPUT_DETAIL_INQ1 'SY201803210006';
2018-03-22 15:46:21 EXEC SPC_048_INPUT_OUTPUT_DETAIL_INQ1 'SY201803210006';
2018-03-22 15:46:21 EXEC SPC_048_INPUT_OUTPUT_DETAIL_INQ1 'SY201803210006';
2018-03-22 15:46:21 EXEC SPC_048_INPUT_OUTPUT_DETAIL_INQ1 'SY201803210006';
2018-03-22 15:46:22 EXEC SPC_048_INPUT_OUTPUT_DETAIL_INQ1 'SY201803210006';
2018-03-22 15:46:22 EXEC SPC_048_INPUT_OUTPUT_DETAIL_INQ1 'SY201803210006';
2018-03-22 15:46:22 EXEC SPC_048_INPUT_OUTPUT_DETAIL_INQ1 'SY201803210006';
2018-03-22 15:46:23 EXEC SPC_048_INPUT_OUTPUT_DETAIL_INQ1 'SY201803210006';
2018-03-22 15:46:23 EXEC SPC_048_INPUT_OUTPUT_DETAIL_INQ1 'SY201803210006';
2018-03-22 15:46:23 EXEC SPC_048_INPUT_OUTPUT_DETAIL_INQ1 'SY201803210006';
2018-03-22 15:46:24 EXEC SPC_048_INPUT_OUTPUT_DETAIL_INQ1 'SY201803210006';
2018-03-22 15:46:24 EXEC SPC_048_INPUT_OUTPUT_DETAIL_INQ1 'SY201803210006';
2018-03-22 15:46:24 EXEC SPC_048_INPUT_OUTPUT_DETAIL_INQ1 'SY201803210006';
2018-03-22 15:46:25 EXEC SPC_048_INPUT_OUTPUT_DETAIL_INQ1 'SY201803210006';
2018-03-22 15:46:25 EXEC SPC_048_INPUT_OUTPUT_DETAIL_INQ1 'SY201803210006';
2018-03-22 15:46:25 EXEC SPC_048_INPUT_OUTPUT_DETAIL_INQ1 'SY201803210006';
2018-03-22 15:46:25 EXEC SPC_048_INPUT_OUTPUT_DETAIL_INQ1 'SY201803210006';
2018-03-22 15:46:26 EXEC SPC_048_INPUT_OUTPUT_DETAIL_INQ1 'SY201803210006';
2018-03-22 15:46:26 EXEC SPC_048_INPUT_OUTPUT_DETAIL_INQ1 'SY201803210006';
2018-03-22 15:46:26 EXEC SPC_048_INPUT_OUTPUT_DETAIL_INQ1 'SY201803210006';
2018-03-22 15:46:27 EXEC SPC_048_INPUT_OUTPUT_DETAIL_INQ1 'SY201803210006';
2018-03-22 15:46:27 EXEC SPC_048_INPUT_OUTPUT_DETAIL_INQ1 'SY201803210006';
2018-03-22 15:46:27 EXEC SPC_048_INPUT_OUTPUT_DETAIL_INQ1 'SY201803210006';
2018-03-22 15:46:28 EXEC SPC_048_INPUT_OUTPUT_DETAIL_INQ1 'SY201803210006';
2018-03-22 15:46:28 EXEC SPC_048_INPUT_OUTPUT_DETAIL_INQ1 'SY201803210006';
2018-03-22 15:46:28 EXEC SPC_048_INPUT_OUTPUT_DETAIL_INQ1 'SY201803210006';
2018-03-22 15:46:29 EXEC SPC_048_INPUT_OUTPUT_DETAIL_INQ1 'SY201803210006';
2018-03-22 15:46:29 EXEC SPC_048_INPUT_OUTPUT_DETAIL_INQ1 'SY201803210006';
2018-03-22 15:46:29 EXEC SPC_048_INPUT_OUTPUT_DETAIL_INQ1 'SY201803210006';
2018-03-22 15:46:30 EXEC SPC_048_INPUT_OUTPUT_DETAIL_INQ1 'SY201803210006';
2018-03-22 15:46:30 EXEC SPC_048_INPUT_OUTPUT_DETAIL_INQ1 'SY201803210006';
2018-03-22 15:46:30 EXEC SPC_048_INPUT_OUTPUT_DETAIL_INQ1 'SY201803210006';
2018-03-22 15:46:31 EXEC SPC_048_INPUT_OUTPUT_DETAIL_INQ1 'SY201803210006';
2018-03-22 15:46:31 EXEC SPC_048_INPUT_OUTPUT_DETAIL_INQ1 'SY201803210006';
2018-03-22 15:46:31 EXEC SPC_048_INPUT_OUTPUT_DETAIL_INQ1 'SY201803210006';
2018-03-22 15:46:32 EXEC SPC_048_INPUT_OUTPUT_DETAIL_INQ1 'SY201803210006';
2018-03-22 15:46:32 EXEC SPC_048_INPUT_OUTPUT_DETAIL_INQ1 'SY201803210006';
2018-03-22 15:46:33 EXEC SPC_048_INPUT_OUTPUT_DETAIL_INQ1 'SY201803210006';
2018-03-22 15:46:33 EXEC SPC_048_INPUT_OUTPUT_DETAIL_INQ1 'SY201803210006';
2018-03-22 15:46:34 EXEC SPC_048_INPUT_OUTPUT_DETAIL_INQ1 'SY201803210006';
2018-03-22 15:46:34 EXEC SPC_048_INPUT_OUTPUT_DETAIL_INQ1 'SY201803210006';
2018-03-22 15:46:34 EXEC SPC_048_INPUT_OUTPUT_DETAIL_INQ1 'SY201803210006';
2018-03-22 15:46:34 EXEC SPC_048_INPUT_OUTPUT_DETAIL_INQ1 'SY201803210006';
2018-03-22 15:46:35 EXEC SPC_048_INPUT_OUTPUT_DETAIL_INQ1 'SY201803210006';
2018-03-22 15:46:35 EXEC SPC_048_INPUT_OUTPUT_DETAIL_INQ1 'SY201803210006';
2018-03-22 15:46:35 EXEC SPC_048_INPUT_OUTPUT_DETAIL_INQ1 'SY201803210006';
2018-03-22 15:46:36 EXEC SPC_048_INPUT_OUTPUT_DETAIL_INQ1 'SY201803210006';
2018-03-22 15:46:36 EXEC SPC_048_INPUT_OUTPUT_DETAIL_INQ1 'SY201803210006';
2018-03-22 15:46:36 EXEC SPC_048_INPUT_OUTPUT_DETAIL_INQ1 'SY201803210006';
2018-03-22 15:46:36 EXEC SPC_048_INPUT_OUTPUT_DETAIL_INQ1 'SY201803210006';
2018-03-22 15:46:37 EXEC SPC_048_INPUT_OUTPUT_DETAIL_INQ1 'SY201803210006';
2018-03-22 15:46:37 EXEC SPC_048_INPUT_OUTPUT_DETAIL_INQ1 'SY201803210006';
2018-03-22 15:46:37 EXEC SPC_048_INPUT_OUTPUT_DETAIL_INQ1 'SY201803210006';
2018-03-22 15:46:38 EXEC SPC_048_INPUT_OUTPUT_DETAIL_INQ1 'SY201803210006';
2018-03-22 15:46:38 EXEC SPC_048_INPUT_OUTPUT_DETAIL_INQ1 'SY201803210006';
2018-03-22 15:46:38 EXEC SPC_048_INPUT_OUTPUT_DETAIL_INQ1 'SY201803210006';
2018-03-22 15:46:39 EXEC SPC_048_INPUT_OUTPUT_DETAIL_INQ1 'SY201803210006';
2018-03-22 15:46:39 EXEC SPC_048_INPUT_OUTPUT_DETAIL_INQ1 'SY201803210006';
2018-03-22 15:46:39 EXEC SPC_048_INPUT_OUTPUT_DETAIL_INQ1 'SY201803210006';
2018-03-22 15:46:39 EXEC SPC_048_INPUT_OUTPUT_DETAIL_INQ1 'SY201803210006';
2018-03-22 15:46:40 EXEC SPC_048_INPUT_OUTPUT_DETAIL_INQ1 'SY201803210006';
2018-03-22 15:46:40 EXEC SPC_048_INPUT_OUTPUT_DETAIL_INQ1 'SY201803210006';
2018-03-22 15:46:40 EXEC SPC_048_INPUT_OUTPUT_DETAIL_INQ1 'SY201803210006';
2018-03-22 15:46:41 EXEC SPC_048_INPUT_OUTPUT_DETAIL_INQ1 'SY201803210006';
2018-03-22 15:46:41 EXEC SPC_048_INPUT_OUTPUT_DETAIL_INQ1 'SY201803210006';
2018-03-22 15:46:41 EXEC SPC_048_INPUT_OUTPUT_DETAIL_INQ1 'SY201803210006';
2018-03-22 15:46:42 EXEC SPC_048_INPUT_OUTPUT_DETAIL_INQ1 'SY201803210006';
2018-03-22 15:46:42 EXEC SPC_048_INPUT_OUTPUT_DETAIL_INQ1 'SY201803210006';
2018-03-22 15:46:42 EXEC SPC_048_INPUT_OUTPUT_DETAIL_INQ1 'SY201803210006';
2018-03-22 15:46:42 EXEC SPC_048_INPUT_OUTPUT_DETAIL_INQ1 'SY201803210006';
2018-03-22 15:46:43 EXEC SPC_048_INPUT_OUTPUT_DETAIL_INQ1 'SY201803210006';
2018-03-22 15:46:43 EXEC SPC_048_INPUT_OUTPUT_DETAIL_INQ1 'SY201803210006';
2018-03-22 15:46:43 EXEC SPC_048_INPUT_OUTPUT_DETAIL_INQ1 'SY201803210006';
2018-03-22 15:46:44 EXEC SPC_048_INPUT_OUTPUT_DETAIL_INQ1 'SY201803210006';
2018-03-22 15:46:44 EXEC SPC_048_INPUT_OUTPUT_DETAIL_INQ1 'SY201803210006';
2018-03-22 15:46:44 EXEC SPC_048_INPUT_OUTPUT_DETAIL_INQ1 'SY201803210006';
2018-03-22 15:46:44 EXEC SPC_048_INPUT_OUTPUT_DETAIL_INQ1 'SY201803210006';
2018-03-22 15:46:45 EXEC SPC_048_INPUT_OUTPUT_DETAIL_INQ1 'SY201803210006';
2018-03-22 15:46:45 EXEC SPC_048_INPUT_OUTPUT_DETAIL_INQ1 'SY201803210006';
2018-03-22 15:46:45 EXEC SPC_048_INPUT_OUTPUT_DETAIL_INQ1 'SY201803210006';
2018-03-22 15:46:46 EXEC SPC_048_INPUT_OUTPUT_DETAIL_INQ1 'SY201803210006';
2018-03-22 15:46:46 EXEC SPC_048_INPUT_OUTPUT_DETAIL_INQ1 'SY201803210006';
2018-03-22 15:46:46 EXEC SPC_048_INPUT_OUTPUT_DETAIL_INQ1 'SY201803210006';
2018-03-22 15:46:47 EXEC SPC_048_INPUT_OUTPUT_DETAIL_INQ1 'SY201803210006';
2018-03-22 15:46:47 EXEC SPC_048_INPUT_OUTPUT_DETAIL_INQ1 'SY201803210006';
2018-03-22 15:46:47 EXEC SPC_048_INPUT_OUTPUT_DETAIL_INQ1 'SY201803210006';
2018-03-22 15:46:47 EXEC SPC_048_INPUT_OUTPUT_DETAIL_INQ1 'SY201803210006';
2018-03-22 15:46:48 EXEC SPC_048_INPUT_OUTPUT_DETAIL_INQ1 'SY201803210006';
2018-03-22 15:46:48 EXEC SPC_048_INPUT_OUTPUT_DETAIL_INQ1 'SY201803210006';
2018-03-22 15:46:48 EXEC SPC_048_INPUT_OUTPUT_DETAIL_INQ1 'SY201803210006';
2018-03-22 15:46:49 EXEC SPC_048_INPUT_OUTPUT_DETAIL_INQ1 'SY201803210006';
2018-03-22 15:46:49 EXEC SPC_048_INPUT_OUTPUT_DETAIL_INQ1 'SY201803210006';
2018-03-22 15:46:49 EXEC SPC_048_INPUT_OUTPUT_DETAIL_INQ1 'SY201803210006';
2018-03-22 15:46:49 EXEC SPC_048_INPUT_OUTPUT_DETAIL_INQ1 'SY201803210006';
2018-03-22 15:46:50 EXEC SPC_048_INPUT_OUTPUT_DETAIL_INQ1 'SY201803210006';
2018-03-22 15:46:50 EXEC SPC_048_INPUT_OUTPUT_DETAIL_INQ1 'SY201803210006';
2018-03-22 15:46:50 EXEC SPC_048_INPUT_OUTPUT_DETAIL_INQ1 'SY201803210006';
2018-03-22 15:46:51 EXEC SPC_048_INPUT_OUTPUT_DETAIL_INQ1 'SY201803210006';
2018-03-22 15:46:51 EXEC SPC_048_INPUT_OUTPUT_DETAIL_INQ1 'SY201803210006';
2018-03-22 15:46:51 EXEC SPC_048_INPUT_OUTPUT_DETAIL_INQ1 'SY201803210006';
2018-03-22 15:46:51 EXEC SPC_048_INPUT_OUTPUT_DETAIL_INQ1 'SY201803210006';
2018-03-22 15:46:52 EXEC SPC_048_INPUT_OUTPUT_DETAIL_INQ1 'SY201803210006';
2018-03-22 15:46:52 EXEC SPC_048_INPUT_OUTPUT_DETAIL_INQ1 'SY201803210006';
2018-03-22 15:46:52 EXEC SPC_048_INPUT_OUTPUT_DETAIL_INQ1 'SY201803210006';
2018-03-22 15:46:53 EXEC SPC_048_INPUT_OUTPUT_DETAIL_INQ1 'SY201803210006';
2018-03-22 15:46:53 EXEC SPC_048_INPUT_OUTPUT_DETAIL_INQ1 'SY201803210006';
2018-03-22 15:46:53 EXEC SPC_048_INPUT_OUTPUT_DETAIL_INQ1 'SY201803210006';
2018-03-22 15:46:54 EXEC SPC_048_INPUT_OUTPUT_DETAIL_INQ1 'SY201803210006';
2018-03-22 15:46:54 EXEC SPC_048_INPUT_OUTPUT_DETAIL_INQ1 'SY201803210006';
2018-03-22 15:46:54 EXEC SPC_048_INPUT_OUTPUT_DETAIL_INQ1 'SY201803210006';
2018-03-22 15:46:54 EXEC SPC_048_INPUT_OUTPUT_DETAIL_INQ1 'SY201803210006';
2018-03-22 15:46:55 EXEC SPC_048_INPUT_OUTPUT_DETAIL_INQ1 'SY201803210006';
2018-03-22 15:46:55 EXEC SPC_048_INPUT_OUTPUT_DETAIL_INQ1 'SY201803210006';
2018-03-22 15:46:55 EXEC SPC_048_INPUT_OUTPUT_DETAIL_INQ1 'SY201803210006';
2018-03-22 15:46:56 EXEC SPC_048_INPUT_OUTPUT_DETAIL_INQ1 'SY201803210006';
2018-03-22 15:46:56 EXEC SPC_048_INPUT_OUTPUT_DETAIL_INQ1 'SY201803210006';
2018-03-22 15:46:56 EXEC SPC_048_INPUT_OUTPUT_DETAIL_INQ1 'SY201803210006';
2018-03-22 15:46:57 EXEC SPC_048_INPUT_OUTPUT_DETAIL_INQ1 'SY201803210006';
2018-03-22 15:46:57 EXEC SPC_048_INPUT_OUTPUT_DETAIL_INQ1 'SY201803210006';
2018-03-22 15:46:57 EXEC SPC_048_INPUT_OUTPUT_DETAIL_INQ1 'SY201803210006';
2018-03-22 15:46:57 EXEC SPC_048_INPUT_OUTPUT_DETAIL_INQ1 'SY201803210006';
2018-03-22 15:46:58 EXEC SPC_048_INPUT_OUTPUT_DETAIL_INQ1 'SY201803210006';
2018-03-22 15:46:58 EXEC SPC_048_INPUT_OUTPUT_DETAIL_INQ1 'SY201803210006';
2018-03-22 15:46:58 EXEC SPC_048_INPUT_OUTPUT_DETAIL_INQ1 'SY201803210006';
2018-03-22 15:46:59 EXEC SPC_048_INPUT_OUTPUT_DETAIL_INQ1 'SY201803210006';
2018-03-22 15:46:59 EXEC SPC_048_INPUT_OUTPUT_DETAIL_INQ1 'SY201803210006';
2018-03-22 15:47:00 EXEC SPC_048_INPUT_OUTPUT_DETAIL_INQ1 'SY201803210006';
2018-03-22 15:47:00 EXEC SPC_048_INPUT_OUTPUT_DETAIL_INQ1 'SY201803210006';
2018-03-22 15:47:01 EXEC SPC_048_INPUT_OUTPUT_DETAIL_INQ1 'SY201803210006';
2018-03-22 15:47:01 EXEC SPC_048_INPUT_OUTPUT_DETAIL_INQ1 'SY201803210006';
2018-03-22 15:47:02 EXEC SPC_048_INPUT_OUTPUT_DETAIL_INQ1 'SY201803210006';
2018-03-22 15:47:02 EXEC SPC_048_INPUT_OUTPUT_DETAIL_INQ1 'SY201803210006';
2018-03-22 15:47:02 EXEC SPC_048_INPUT_OUTPUT_DETAIL_INQ1 'SY201803210006';
2018-03-22 15:47:03 EXEC SPC_048_INPUT_OUTPUT_DETAIL_INQ1 'SY201803210006';
2018-03-22 15:47:03 EXEC SPC_048_INPUT_OUTPUT_DETAIL_INQ1 'SY201803210006';
2018-03-22 15:47:04 EXEC SPC_048_INPUT_OUTPUT_DETAIL_INQ1 'SY201803210006';
2018-03-22 15:47:04 EXEC SPC_048_INPUT_OUTPUT_DETAIL_INQ1 'SY201803210006';
2018-03-22 15:47:04 EXEC SPC_048_INPUT_OUTPUT_DETAIL_INQ1 'SY201803210006';
2018-03-22 15:47:05 EXEC SPC_048_INPUT_OUTPUT_DETAIL_INQ1 'SY201803210006';
2018-03-22 15:47:05 EXEC SPC_048_INPUT_OUTPUT_DETAIL_INQ1 'SY201803210006';
2018-03-22 15:47:05 EXEC SPC_048_INPUT_OUTPUT_DETAIL_INQ1 'SY201803210006';
2018-03-22 15:47:06 EXEC SPC_048_INPUT_OUTPUT_DETAIL_INQ1 'SY201803210006';
2018-03-22 15:47:06 EXEC SPC_048_INPUT_OUTPUT_DETAIL_INQ1 'SY201803210006';
2018-03-22 15:47:07 EXEC SPC_048_INPUT_OUTPUT_DETAIL_INQ1 'SY201803210006';
2018-03-22 15:47:07 EXEC SPC_048_INPUT_OUTPUT_DETAIL_INQ1 'SY201803210006';
2018-03-22 15:47:07 EXEC SPC_048_INPUT_OUTPUT_DETAIL_INQ1 'SY201803210006';
2018-03-22 15:47:08 EXEC SPC_048_INPUT_OUTPUT_DETAIL_INQ1 'SY201803210006';
2018-03-22 15:47:08 EXEC SPC_048_INPUT_OUTPUT_DETAIL_INQ1 'SY201803210006';
2018-03-22 15:47:08 EXEC SPC_048_INPUT_OUTPUT_DETAIL_INQ1 'SY201803210006';
2018-03-22 15:47:09 EXEC SPC_048_INPUT_OUTPUT_DETAIL_INQ1 'SY201803210006';
2018-03-22 15:47:09 EXEC SPC_048_INPUT_OUTPUT_DETAIL_INQ1 'SY201803210006';
2018-03-22 15:47:10 EXEC SPC_048_INPUT_OUTPUT_DETAIL_INQ1 'SY201803210006';
2018-03-22 15:47:10 EXEC SPC_048_INPUT_OUTPUT_DETAIL_INQ1 'SY201803210006';
2018-03-22 15:47:10 EXEC SPC_048_INPUT_OUTPUT_DETAIL_INQ1 'SY201803210006';
2018-03-22 15:47:11 EXEC SPC_048_INPUT_OUTPUT_DETAIL_INQ1 'SY201803210006';
2018-03-22 15:47:11 EXEC SPC_048_INPUT_OUTPUT_DETAIL_INQ1 'SY201803210006';
2018-03-22 15:47:11 EXEC SPC_048_INPUT_OUTPUT_DETAIL_INQ1 'SY201803210006';
2018-03-22 15:47:12 EXEC SPC_048_INPUT_OUTPUT_DETAIL_INQ1 'SY201803210006';
2018-03-22 15:47:12 EXEC SPC_048_INPUT_OUTPUT_DETAIL_INQ1 'SY201803210006';
2018-03-22 15:47:12 EXEC SPC_048_INPUT_OUTPUT_DETAIL_INQ1 'SY201803210006';
2018-03-22 15:47:13 EXEC SPC_048_INPUT_OUTPUT_DETAIL_INQ1 'SY201803210006';
2018-03-22 15:47:13 EXEC SPC_048_INPUT_OUTPUT_DETAIL_INQ1 'SY201803210006';
2018-03-22 15:47:13 EXEC SPC_048_INPUT_OUTPUT_DETAIL_INQ1 'SY201803210006';
2018-03-22 15:47:14 EXEC SPC_048_INPUT_OUTPUT_DETAIL_INQ1 'SY201803210006';
2018-03-22 15:47:14 EXEC SPC_048_INPUT_OUTPUT_DETAIL_INQ1 'SY201803210006';
2018-03-22 15:47:14 EXEC SPC_048_INPUT_OUTPUT_DETAIL_INQ1 'SY201803210006';
2018-03-22 15:47:14 EXEC SPC_048_INPUT_OUTPUT_DETAIL_INQ1 'SY201803210006';
2018-03-22 15:47:15 EXEC SPC_048_INPUT_OUTPUT_DETAIL_INQ1 'SY201803210006';
2018-03-22 15:47:15 EXEC SPC_048_INPUT_OUTPUT_DETAIL_INQ1 'SY201803210006';
2018-03-22 15:47:15 EXEC SPC_048_INPUT_OUTPUT_DETAIL_INQ1 'SY201803210006';
2018-03-22 15:47:16 EXEC SPC_048_INPUT_OUTPUT_DETAIL_INQ1 'SY201803210006';
2018-03-22 15:47:16 EXEC SPC_048_INPUT_OUTPUT_DETAIL_INQ1 'SY201803210006';
2018-03-22 15:47:16 EXEC SPC_048_INPUT_OUTPUT_DETAIL_INQ1 'SY201803210006';
2018-03-22 15:47:16 EXEC SPC_048_INPUT_OUTPUT_DETAIL_INQ1 'SY201803210006';
2018-03-22 15:47:17 EXEC SPC_048_INPUT_OUTPUT_DETAIL_INQ1 'SY201803210006';
2018-03-22 15:47:17 EXEC SPC_048_INPUT_OUTPUT_DETAIL_INQ1 'SY201803210006';
2018-03-22 15:47:17 EXEC SPC_048_INPUT_OUTPUT_DETAIL_INQ1 'SY201803210006';
2018-03-22 15:47:18 EXEC SPC_048_INPUT_OUTPUT_DETAIL_INQ1 'SY201803210006';
2018-03-22 15:47:18 EXEC SPC_048_INPUT_OUTPUT_DETAIL_INQ1 'SY201803210006';
2018-03-22 15:47:18 EXEC SPC_048_INPUT_OUTPUT_DETAIL_INQ1 'SY201803210006';
2018-03-22 15:47:19 EXEC SPC_048_INPUT_OUTPUT_DETAIL_INQ1 'SY201803210006';
2018-03-22 15:47:19 EXEC SPC_048_INPUT_OUTPUT_DETAIL_INQ1 'SY201803210006';
2018-03-22 15:47:19 EXEC SPC_048_INPUT_OUTPUT_DETAIL_INQ1 'SY201803210006';
2018-03-22 15:47:19 EXEC SPC_048_INPUT_OUTPUT_DETAIL_INQ1 'SY201803210006';
2018-03-22 15:47:20 EXEC SPC_048_INPUT_OUTPUT_DETAIL_INQ1 'SY201803210006';
2018-03-22 15:47:20 EXEC SPC_048_INPUT_OUTPUT_DETAIL_INQ1 'SY201803210006';
2018-03-22 15:47:20 EXEC SPC_048_INPUT_OUTPUT_DETAIL_INQ1 'SY201803210006';
2018-03-22 15:47:21 EXEC SPC_048_INPUT_OUTPUT_DETAIL_INQ1 'SY201803210006';
2018-03-22 15:47:21 EXEC SPC_048_INPUT_OUTPUT_DETAIL_INQ1 'SY201803210006';
2018-03-22 15:47:21 EXEC SPC_048_INPUT_OUTPUT_DETAIL_INQ1 'SY201803210006';
2018-03-22 15:47:22 EXEC SPC_048_INPUT_OUTPUT_DETAIL_INQ1 'SY201803210006';
2018-03-22 15:47:22 EXEC SPC_048_INPUT_OUTPUT_DETAIL_INQ1 'SY201803210006';
2018-03-22 15:47:22 EXEC SPC_048_INPUT_OUTPUT_DETAIL_INQ1 'SY201803210006';
2018-03-22 15:47:22 EXEC SPC_048_INPUT_OUTPUT_DETAIL_INQ1 'SY201803210006';
2018-03-22 15:47:23 EXEC SPC_048_INPUT_OUTPUT_DETAIL_INQ1 'SY201803210006';
2018-03-22 15:47:23 EXEC SPC_048_INPUT_OUTPUT_DETAIL_INQ1 'SY201803210006';
2018-03-22 15:47:23 EXEC SPC_048_INPUT_OUTPUT_DETAIL_INQ1 'SY201803210006';
2018-03-22 15:47:24 EXEC SPC_048_INPUT_OUTPUT_DETAIL_INQ1 'SY201803210006';
2018-03-22 15:47:24 EXEC SPC_048_INPUT_OUTPUT_DETAIL_INQ1 'SY201803210006';
2018-03-22 15:47:24 EXEC SPC_048_INPUT_OUTPUT_DETAIL_INQ1 'SY201803210006';
2018-03-22 15:47:24 EXEC SPC_048_INPUT_OUTPUT_DETAIL_INQ1 'SY201803210006';
2018-03-22 15:47:25 EXEC SPC_048_INPUT_OUTPUT_DETAIL_INQ1 'SY201803210006';
2018-03-22 15:47:25 EXEC SPC_048_INPUT_OUTPUT_DETAIL_INQ1 'SY201803210006';
2018-03-22 15:47:25 EXEC SPC_048_INPUT_OUTPUT_DETAIL_INQ1 'SY201803210006';
2018-03-22 15:47:26 EXEC SPC_048_INPUT_OUTPUT_DETAIL_INQ1 'SY201803210006';
2018-03-22 15:47:26 EXEC SPC_048_INPUT_OUTPUT_DETAIL_INQ1 'SY201803210006';
2018-03-22 15:47:26 EXEC SPC_048_INPUT_OUTPUT_DETAIL_INQ1 'SY201803210006';
2018-03-22 15:47:27 EXEC SPC_048_INPUT_OUTPUT_DETAIL_INQ1 'SY201803210006';
2018-03-22 15:47:27 EXEC SPC_048_INPUT_OUTPUT_DETAIL_INQ1 'SY201803210006';
2018-03-22 15:47:27 EXEC SPC_048_INPUT_OUTPUT_DETAIL_INQ1 'SY201803210006';
2018-03-22 15:47:27 EXEC SPC_048_INPUT_OUTPUT_DETAIL_INQ1 'SY201803210006';
2018-03-22 15:47:28 EXEC SPC_048_INPUT_OUTPUT_DETAIL_INQ1 'SY201803210006';
2018-03-22 15:47:28 EXEC SPC_048_INPUT_OUTPUT_DETAIL_INQ1 'SY201803210006';
2018-03-22 15:47:28 EXEC SPC_048_INPUT_OUTPUT_DETAIL_INQ1 'SY201803210006';
2018-03-22 15:47:29 EXEC SPC_048_INPUT_OUTPUT_DETAIL_INQ1 'SY201803210006';
2018-03-22 15:47:29 EXEC SPC_048_INPUT_OUTPUT_DETAIL_INQ1 'SY201803210006';
2018-03-22 15:47:29 EXEC SPC_048_INPUT_OUTPUT_DETAIL_INQ1 'SY201803210006';
2018-03-22 15:47:30 EXEC SPC_048_INPUT_OUTPUT_DETAIL_INQ1 'SY201803210006';
2018-03-22 15:47:30 EXEC SPC_048_INPUT_OUTPUT_DETAIL_INQ1 'SY201803210006';
2018-03-22 15:47:30 EXEC SPC_048_INPUT_OUTPUT_DETAIL_INQ1 'SY201803210006';
2018-03-22 15:47:31 EXEC SPC_048_INPUT_OUTPUT_DETAIL_INQ1 'SY201803210006';
2018-03-22 15:47:31 EXEC SPC_048_INPUT_OUTPUT_DETAIL_INQ1 'SY201803210006';
2018-03-22 15:47:31 EXEC SPC_048_INPUT_OUTPUT_DETAIL_INQ1 'SY201803210006';
2018-03-22 15:47:32 EXEC SPC_048_INPUT_OUTPUT_DETAIL_INQ1 'SY201803210006';
2018-03-22 15:47:32 EXEC SPC_048_INPUT_OUTPUT_DETAIL_INQ1 'SY201803210006';
2018-03-22 15:47:32 EXEC SPC_048_INPUT_OUTPUT_DETAIL_INQ1 'SY201803210006';
2018-03-22 15:47:33 EXEC SPC_048_INPUT_OUTPUT_DETAIL_INQ1 'SY201803210006';
2018-03-22 15:47:33 EXEC SPC_048_INPUT_OUTPUT_DETAIL_INQ1 'SY201803210006';
2018-03-22 15:47:33 EXEC SPC_048_INPUT_OUTPUT_DETAIL_INQ1 'SY201803210006';
2018-03-22 15:47:33 EXEC SPC_048_INPUT_OUTPUT_DETAIL_INQ1 'SY201803210006';
2018-03-22 15:47:34 EXEC SPC_048_INPUT_OUTPUT_DETAIL_INQ1 'SY201803210006';
2018-03-22 15:47:34 EXEC SPC_048_INPUT_OUTPUT_DETAIL_INQ1 'SY201803210006';
2018-03-22 15:47:34 EXEC SPC_048_INPUT_OUTPUT_DETAIL_INQ1 'SY201803210006';
2018-03-22 15:47:35 EXEC SPC_048_INPUT_OUTPUT_DETAIL_INQ1 'SY201803210006';
2018-03-22 15:47:35 EXEC SPC_048_INPUT_OUTPUT_DETAIL_INQ1 'SY201803210006';
2018-03-22 15:47:35 EXEC SPC_048_INPUT_OUTPUT_DETAIL_INQ1 'SY201803210006';
2018-03-22 15:47:36 EXEC SPC_048_INPUT_OUTPUT_DETAIL_INQ1 'SY201803210006';
2018-03-22 15:47:36 EXEC SPC_048_INPUT_OUTPUT_DETAIL_INQ1 'SY201803210006';
2018-03-22 15:47:36 EXEC SPC_048_INPUT_OUTPUT_DETAIL_INQ1 'SY201803210006';
2018-03-22 15:47:36 EXEC SPC_048_INPUT_OUTPUT_DETAIL_INQ1 'SY201803210006';
2018-03-22 15:47:37 EXEC SPC_048_INPUT_OUTPUT_DETAIL_INQ1 'SY201803210006';
2018-03-22 15:47:37 EXEC SPC_048_INPUT_OUTPUT_DETAIL_INQ1 'SY201803210006';
2018-03-22 15:47:37 EXEC SPC_048_INPUT_OUTPUT_DETAIL_INQ1 'SY201803210006';
2018-03-22 15:47:38 EXEC SPC_048_INPUT_OUTPUT_DETAIL_INQ1 'SY201803210006';
2018-03-22 15:47:38 EXEC SPC_048_INPUT_OUTPUT_DETAIL_INQ1 'SY201803210006';
2018-03-22 15:47:38 EXEC SPC_048_INPUT_OUTPUT_DETAIL_INQ1 'SY201803210006';
2018-03-22 15:47:38 EXEC SPC_048_INPUT_OUTPUT_DETAIL_INQ1 'SY201803210006';
2018-03-22 15:47:39 EXEC SPC_048_INPUT_OUTPUT_DETAIL_INQ1 'SY201803210006';
2018-03-22 15:47:39 EXEC SPC_048_INPUT_OUTPUT_DETAIL_INQ1 'SY201803210006';
2018-03-22 15:47:39 EXEC SPC_048_INPUT_OUTPUT_DETAIL_INQ1 'SY201803210006';
2018-03-22 15:47:40 EXEC SPC_048_INPUT_OUTPUT_DETAIL_INQ1 'SY201803210006';
2018-03-22 15:47:40 EXEC SPC_048_INPUT_OUTPUT_DETAIL_INQ1 'SY201803210006';
2018-03-22 15:47:40 EXEC SPC_048_INPUT_OUTPUT_DETAIL_INQ1 'SY201803210006';
2018-03-22 15:47:40 EXEC SPC_048_INPUT_OUTPUT_DETAIL_INQ1 'SY201803210006';
2018-03-22 15:47:41 EXEC SPC_048_INPUT_OUTPUT_DETAIL_INQ1 'SY201803210006';
2018-03-22 15:47:41 EXEC SPC_048_INPUT_OUTPUT_DETAIL_INQ1 'SY201803210006';
2018-03-22 15:47:41 EXEC SPC_048_INPUT_OUTPUT_DETAIL_INQ1 'SY201803210006';
2018-03-22 15:47:42 EXEC SPC_048_INPUT_OUTPUT_DETAIL_INQ1 'SY201803210006';
2018-03-22 15:47:42 EXEC SPC_048_INPUT_OUTPUT_DETAIL_INQ1 'SY201803210006';
2018-03-22 15:47:42 EXEC SPC_048_INPUT_OUTPUT_DETAIL_INQ1 'SY201803210006';
2018-03-22 15:47:42 EXEC SPC_048_INPUT_OUTPUT_DETAIL_INQ1 'SY201803210006';
2018-03-22 15:47:43 EXEC SPC_048_INPUT_OUTPUT_DETAIL_INQ1 'SY201803210006';
2018-03-22 15:47:43 EXEC SPC_048_INPUT_OUTPUT_DETAIL_INQ1 'SY201803210006';
2018-03-22 15:47:43 EXEC SPC_048_INPUT_OUTPUT_DETAIL_INQ1 'SY201803210006';
2018-03-22 15:47:43 EXEC SPC_048_INPUT_OUTPUT_DETAIL_INQ1 'SY201803210006';
2018-03-22 15:47:44 EXEC SPC_048_INPUT_OUTPUT_DETAIL_INQ1 'SY201803210006';
2018-03-22 15:47:44 EXEC SPC_048_INPUT_OUTPUT_DETAIL_INQ1 'SY201803210006';
2018-03-22 15:47:44 EXEC SPC_048_INPUT_OUTPUT_DETAIL_INQ1 'SY201803210006';
2018-03-22 15:47:45 EXEC SPC_048_INPUT_OUTPUT_DETAIL_INQ1 'SY201803210006';
2018-03-22 15:47:45 EXEC SPC_048_INPUT_OUTPUT_DETAIL_INQ1 'SY201803210006';
2018-03-22 15:47:45 EXEC SPC_048_INPUT_OUTPUT_DETAIL_INQ1 'SY201803210006';
2018-03-22 15:47:45 EXEC SPC_048_INPUT_OUTPUT_DETAIL_INQ1 'SY201803210006';
2018-03-22 15:47:46 EXEC SPC_048_INPUT_OUTPUT_DETAIL_INQ1 'SY201803210006';
2018-03-22 15:47:46 EXEC SPC_048_INPUT_OUTPUT_DETAIL_INQ1 'SY201803210006';
2018-03-22 15:47:46 EXEC SPC_048_INPUT_OUTPUT_DETAIL_INQ1 'SY201803210006';
2018-03-22 15:47:47 EXEC SPC_048_INPUT_OUTPUT_DETAIL_INQ1 'SY201803210006';
2018-03-22 15:47:47 EXEC SPC_048_INPUT_OUTPUT_DETAIL_INQ1 'SY201803210006';
2018-03-22 15:47:47 EXEC SPC_048_INPUT_OUTPUT_DETAIL_INQ1 'SY201803210006';
2018-03-22 15:47:47 EXEC SPC_048_INPUT_OUTPUT_DETAIL_INQ1 'SY201803210006';
2018-03-22 15:47:48 EXEC SPC_048_INPUT_OUTPUT_DETAIL_INQ1 'SY201803210006';
2018-03-22 15:47:48 EXEC SPC_048_INPUT_OUTPUT_DETAIL_INQ1 'SY201803210006';
2018-03-22 15:47:48 EXEC SPC_048_INPUT_OUTPUT_DETAIL_INQ1 'SY201803210006';
2018-03-22 15:47:49 EXEC SPC_048_INPUT_OUTPUT_DETAIL_INQ1 'SY201803210006';
2018-03-22 15:47:49 EXEC SPC_048_INPUT_OUTPUT_DETAIL_INQ1 'SY201803210006';
2018-03-22 15:47:49 EXEC SPC_048_INPUT_OUTPUT_DETAIL_INQ1 'SY201803210006';
2018-03-22 15:47:49 EXEC SPC_048_INPUT_OUTPUT_DETAIL_INQ1 'SY201803210006';
2018-03-22 15:47:50 EXEC SPC_048_INPUT_OUTPUT_DETAIL_INQ1 'SY201803210006';
2018-03-22 15:47:50 EXEC SPC_048_INPUT_OUTPUT_DETAIL_INQ1 'SY201803210006';
2018-03-22 15:47:50 EXEC SPC_048_INPUT_OUTPUT_DETAIL_INQ1 'SY201803210006';
2018-03-22 15:47:51 EXEC SPC_048_INPUT_OUTPUT_DETAIL_INQ1 'SY201803210006';
2018-03-22 15:47:51 EXEC SPC_048_INPUT_OUTPUT_DETAIL_INQ1 'SY201803210006';
2018-03-22 15:47:51 EXEC SPC_048_INPUT_OUTPUT_DETAIL_INQ1 'SY201803210006';
2018-03-22 15:47:51 EXEC SPC_048_INPUT_OUTPUT_DETAIL_INQ1 'SY201803210006';
2018-03-22 15:47:52 EXEC SPC_048_INPUT_OUTPUT_DETAIL_INQ1 'SY201803210006';
2018-03-22 15:47:52 EXEC SPC_048_INPUT_OUTPUT_DETAIL_INQ1 'SY201803210006';
2018-03-22 15:47:52 EXEC SPC_048_INPUT_OUTPUT_DETAIL_INQ1 'SY201803210006';
2018-03-22 15:47:53 EXEC SPC_048_INPUT_OUTPUT_DETAIL_INQ1 'SY201803210006';
2018-03-22 15:47:53 EXEC SPC_048_INPUT_OUTPUT_DETAIL_INQ1 'SY201803210006';
2018-03-22 15:47:53 EXEC SPC_048_INPUT_OUTPUT_DETAIL_INQ1 'SY201803210006';
2018-03-22 15:47:53 EXEC SPC_048_INPUT_OUTPUT_DETAIL_INQ1 'SY201803210006';
2018-03-22 15:47:54 EXEC SPC_048_INPUT_OUTPUT_DETAIL_INQ1 'SY201803210006';
2018-03-22 15:47:54 EXEC SPC_048_INPUT_OUTPUT_DETAIL_INQ1 'SY201803210006';
2018-03-22 15:47:54 EXEC SPC_048_INPUT_OUTPUT_DETAIL_INQ1 'SY201803210006';
2018-03-22 15:47:55 EXEC SPC_048_INPUT_OUTPUT_DETAIL_INQ1 'SY201803210006';
2018-03-22 15:47:55 EXEC SPC_048_INPUT_OUTPUT_DETAIL_INQ1 'SY201803210006';
2018-03-22 15:47:55 EXEC SPC_048_INPUT_OUTPUT_DETAIL_INQ1 'SY201803210006';
2018-03-22 15:47:56 EXEC SPC_048_INPUT_OUTPUT_DETAIL_INQ1 'SY201803210006';
2018-03-22 15:47:56 EXEC SPC_048_INPUT_OUTPUT_DETAIL_INQ1 'SY201803210006';
2018-03-22 15:47:56 EXEC SPC_048_INPUT_OUTPUT_DETAIL_INQ1 'SY201803210006';
2018-03-22 15:47:56 EXEC SPC_048_INPUT_OUTPUT_DETAIL_INQ1 'SY201803210006';
2018-03-22 15:47:57 EXEC SPC_048_INPUT_OUTPUT_DETAIL_INQ1 'SY201803210006';
2018-03-22 15:47:57 EXEC SPC_048_INPUT_OUTPUT_DETAIL_INQ1 'SY201803210006';
2018-03-22 15:47:57 EXEC SPC_048_INPUT_OUTPUT_DETAIL_INQ1 'SY201803210006';
2018-03-22 15:47:58 EXEC SPC_048_INPUT_OUTPUT_DETAIL_INQ1 'SY201803210006';
2018-03-22 15:47:58 EXEC SPC_048_INPUT_OUTPUT_DETAIL_INQ1 'SY201803210006';
2018-03-22 15:47:58 EXEC SPC_048_INPUT_OUTPUT_DETAIL_INQ1 'SY201803210006';
2018-03-22 15:47:58 EXEC SPC_048_INPUT_OUTPUT_DETAIL_INQ1 'SY201803210006';
2018-03-22 15:47:59 EXEC SPC_048_INPUT_OUTPUT_DETAIL_INQ1 'SY201803210006';
2018-03-22 15:47:59 EXEC SPC_048_INPUT_OUTPUT_DETAIL_INQ1 'SY201803210006';
2018-03-22 15:47:59 EXEC SPC_048_INPUT_OUTPUT_DETAIL_INQ1 'SY201803210006';
2018-03-22 15:48:00 EXEC SPC_048_INPUT_OUTPUT_DETAIL_INQ1 'SY201803210006';
2018-03-22 15:48:00 EXEC SPC_048_INPUT_OUTPUT_DETAIL_INQ1 'SY201803210006';
2018-03-22 15:48:00 EXEC SPC_048_INPUT_OUTPUT_DETAIL_INQ1 'SY201803210006';
2018-03-22 15:48:00 EXEC SPC_048_INPUT_OUTPUT_DETAIL_INQ1 'SY201803210006';
2018-03-22 15:48:01 EXEC SPC_048_INPUT_OUTPUT_DETAIL_INQ1 'SY201803210006';
2018-03-22 15:48:01 EXEC SPC_048_INPUT_OUTPUT_DETAIL_INQ1 'SY201803210006';
2018-03-22 15:48:02 EXEC SPC_048_INPUT_OUTPUT_DETAIL_INQ1 'SY201803210006';
2018-03-22 15:48:02 EXEC SPC_048_INPUT_OUTPUT_DETAIL_INQ1 'SY201803210006';
2018-03-22 15:48:02 EXEC SPC_048_INPUT_OUTPUT_DETAIL_INQ1 'SY201803210006';
2018-03-22 15:48:03 EXEC SPC_048_INPUT_OUTPUT_DETAIL_INQ1 'SY201803210006';
2018-03-22 15:48:03 EXEC SPC_048_INPUT_OUTPUT_DETAIL_INQ1 'SY201803210006';
2018-03-22 15:48:03 EXEC SPC_048_INPUT_OUTPUT_DETAIL_INQ1 'SY201803210006';
2018-03-22 15:48:04 EXEC SPC_048_INPUT_OUTPUT_DETAIL_INQ1 'SY201803210006';
2018-03-22 15:48:04 EXEC SPC_048_INPUT_OUTPUT_DETAIL_INQ1 'SY201803210006';
2018-03-22 15:48:04 EXEC SPC_048_INPUT_OUTPUT_DETAIL_INQ1 'SY201803210006';
2018-03-22 15:48:04 EXEC SPC_048_INPUT_OUTPUT_DETAIL_INQ1 'SY201803210006';
2018-03-22 15:48:05 EXEC SPC_048_INPUT_OUTPUT_DETAIL_INQ1 'SY201803210006';
2018-03-22 15:48:05 EXEC SPC_048_INPUT_OUTPUT_DETAIL_INQ1 'SY201803210006';
2018-03-22 15:48:05 EXEC SPC_048_INPUT_OUTPUT_DETAIL_INQ1 'SY201803210006';
2018-03-22 15:48:06 EXEC SPC_048_INPUT_OUTPUT_DETAIL_INQ1 'SY201803210006';
2018-03-22 15:48:06 EXEC SPC_048_INPUT_OUTPUT_DETAIL_INQ1 'SY201803210006';
2018-03-22 15:48:06 EXEC SPC_048_INPUT_OUTPUT_DETAIL_INQ1 'SY201803210006';
2018-03-22 15:48:06 EXEC SPC_048_INPUT_OUTPUT_DETAIL_INQ1 'SY201803210006';
2018-03-22 15:48:07 EXEC SPC_048_INPUT_OUTPUT_DETAIL_INQ1 'SY201803210006';
2018-03-22 15:48:07 EXEC SPC_048_INPUT_OUTPUT_DETAIL_INQ1 'SY201803210006';
2018-03-22 15:48:07 EXEC SPC_048_INPUT_OUTPUT_DETAIL_INQ1 'SY201803210006';
2018-03-22 15:48:08 EXEC SPC_048_INPUT_OUTPUT_DETAIL_INQ1 'SY201803210006';
2018-03-22 15:48:08 EXEC SPC_048_INPUT_OUTPUT_DETAIL_INQ1 'SY201803210006';
2018-03-22 15:48:08 EXEC SPC_048_INPUT_OUTPUT_DETAIL_INQ1 'SY201803210006';
2018-03-22 15:48:08 EXEC SPC_048_INPUT_OUTPUT_DETAIL_INQ1 'SY201803210006';
2018-03-22 15:48:09 EXEC SPC_048_INPUT_OUTPUT_DETAIL_INQ1 'SY201803210006';
2018-03-22 15:48:09 EXEC SPC_048_INPUT_OUTPUT_DETAIL_INQ1 'SY201803210006';
2018-03-22 15:48:10 EXEC SPC_048_INPUT_OUTPUT_DETAIL_INQ1 'SY201803210006';
2018-03-22 15:48:10 EXEC SPC_048_INPUT_OUTPUT_DETAIL_INQ1 'SY201803210006';
2018-03-22 15:48:10 EXEC SPC_048_INPUT_OUTPUT_DETAIL_INQ1 'SY201803210006';
2018-03-22 15:48:11 EXEC SPC_048_INPUT_OUTPUT_DETAIL_INQ1 'SY201803210006';
2018-03-22 15:48:11 EXEC SPC_048_INPUT_OUTPUT_DETAIL_INQ1 'SY201803210006';
2018-03-22 15:48:11 EXEC SPC_048_INPUT_OUTPUT_DETAIL_INQ1 'SY201803210006';
2018-03-22 15:48:12 EXEC SPC_048_INPUT_OUTPUT_DETAIL_INQ1 'SY201803210006';
2018-03-22 15:48:12 EXEC SPC_048_INPUT_OUTPUT_DETAIL_INQ1 'SY201803210006';
2018-03-22 15:48:12 EXEC SPC_048_INPUT_OUTPUT_DETAIL_INQ1 'SY201803210006';
2018-03-22 15:48:13 EXEC SPC_048_INPUT_OUTPUT_DETAIL_INQ1 'SY201803210006';
2018-03-22 15:48:13 EXEC SPC_048_INPUT_OUTPUT_DETAIL_INQ1 'SY201803210006';
2018-03-22 15:48:13 EXEC SPC_048_INPUT_OUTPUT_DETAIL_INQ1 'SY201803210006';
2018-03-22 15:48:13 EXEC SPC_048_INPUT_OUTPUT_DETAIL_INQ1 'SY201803210006';
2018-03-22 15:48:14 EXEC SPC_048_INPUT_OUTPUT_DETAIL_INQ1 'SY201803210006';
2018-03-22 15:48:14 EXEC SPC_048_INPUT_OUTPUT_DETAIL_INQ1 'SY201803210006';
2018-03-22 15:48:14 EXEC SPC_048_INPUT_OUTPUT_DETAIL_INQ1 'SY201803210006';
2018-03-22 15:48:15 EXEC SPC_048_INPUT_OUTPUT_DETAIL_INQ1 'SY201803210006';
2018-03-22 15:48:15 EXEC SPC_048_INPUT_OUTPUT_DETAIL_INQ1 'SY201803210006';
2018-03-22 15:48:15 EXEC SPC_048_INPUT_OUTPUT_DETAIL_INQ1 'SY201803210006';
2018-03-22 15:48:16 EXEC SPC_048_INPUT_OUTPUT_DETAIL_INQ1 'SY201803210006';
2018-03-22 15:48:16 EXEC SPC_048_INPUT_OUTPUT_DETAIL_INQ1 'SY201803210006';
2018-03-22 15:48:16 EXEC SPC_048_INPUT_OUTPUT_DETAIL_INQ1 'SY201803210006';
2018-03-22 15:48:16 EXEC SPC_048_INPUT_OUTPUT_DETAIL_INQ1 'SY201803210006';
2018-03-22 15:48:17 EXEC SPC_048_INPUT_OUTPUT_DETAIL_INQ1 'SY201803210006';
2018-03-22 15:48:17 EXEC SPC_048_INPUT_OUTPUT_DETAIL_INQ1 'SY201803210006';
2018-03-22 15:48:17 EXEC SPC_048_INPUT_OUTPUT_DETAIL_INQ1 'SY201803210006';
2018-03-22 15:48:18 EXEC SPC_048_INPUT_OUTPUT_DETAIL_INQ1 'SY201803210006';
2018-03-22 15:48:18 EXEC SPC_048_INPUT_OUTPUT_DETAIL_INQ1 'SY201803210006';
2018-03-22 15:48:18 EXEC SPC_048_INPUT_OUTPUT_DETAIL_INQ1 'SY201803210006';
2018-03-22 15:48:19 EXEC SPC_048_INPUT_OUTPUT_DETAIL_INQ1 'SY201803210006';
2018-03-22 15:48:19 EXEC SPC_048_INPUT_OUTPUT_DETAIL_INQ1 'SY201803210006';
2018-03-22 15:48:19 EXEC SPC_048_INPUT_OUTPUT_DETAIL_INQ1 'SY201803210006';
2018-03-22 15:48:19 EXEC SPC_048_INPUT_OUTPUT_DETAIL_INQ1 'SY201803210006';
2018-03-22 15:48:20 EXEC SPC_048_INPUT_OUTPUT_DETAIL_INQ1 'SY201803210006';
2018-03-22 15:48:20 EXEC SPC_048_INPUT_OUTPUT_DETAIL_INQ1 'SY201803210006';
2018-03-22 15:48:20 EXEC SPC_048_INPUT_OUTPUT_DETAIL_INQ1 'SY201803210006';
2018-03-22 15:48:21 EXEC SPC_048_INPUT_OUTPUT_DETAIL_INQ1 'SY201803210006';
2018-03-22 15:48:21 EXEC SPC_048_INPUT_OUTPUT_DETAIL_INQ1 'SY201803210006';
2018-03-22 15:48:21 EXEC SPC_048_INPUT_OUTPUT_DETAIL_INQ1 'SY201803210006';
2018-03-22 15:48:21 EXEC SPC_048_INPUT_OUTPUT_DETAIL_INQ1 'SY201803210006';
2018-03-22 15:48:22 EXEC SPC_048_INPUT_OUTPUT_DETAIL_INQ1 'SY201803210006';
2018-03-22 15:48:22 EXEC SPC_048_INPUT_OUTPUT_DETAIL_INQ1 'SY201803210006';
2018-03-22 15:48:22 EXEC SPC_048_INPUT_OUTPUT_DETAIL_INQ1 'SY201803210006';
2018-03-22 15:48:23 EXEC SPC_048_INPUT_OUTPUT_DETAIL_INQ1 'SY201803210006';
2018-03-22 15:48:23 EXEC SPC_048_INPUT_OUTPUT_DETAIL_INQ1 'SY201803210006';
2018-03-22 15:48:23 EXEC SPC_048_INPUT_OUTPUT_DETAIL_INQ1 'SY201803210006';
2018-03-22 15:48:23 EXEC SPC_048_INPUT_OUTPUT_DETAIL_INQ1 'SY201803210006';
2018-03-22 15:48:24 EXEC SPC_048_INPUT_OUTPUT_DETAIL_INQ1 'SY201803210006';
2018-03-22 15:48:24 EXEC SPC_048_INPUT_OUTPUT_DETAIL_INQ1 'SY201803210006';
2018-03-22 15:48:24 EXEC SPC_048_INPUT_OUTPUT_DETAIL_INQ1 'SY201803210006';
2018-03-22 15:48:25 EXEC SPC_048_INPUT_OUTPUT_DETAIL_INQ1 'SY201803210006';
2018-03-22 15:48:25 EXEC SPC_048_INPUT_OUTPUT_DETAIL_INQ1 'SY201803210006';
2018-03-22 15:48:25 EXEC SPC_048_INPUT_OUTPUT_DETAIL_INQ1 'SY201803210006';
2018-03-22 15:48:25 EXEC SPC_048_INPUT_OUTPUT_DETAIL_INQ1 'SY201803210006';
2018-03-22 15:48:26 EXEC SPC_048_INPUT_OUTPUT_DETAIL_INQ1 'SY201803210006';
2018-03-22 15:48:26 EXEC SPC_048_INPUT_OUTPUT_DETAIL_INQ1 'SY201803210006';
2018-03-22 15:48:26 EXEC SPC_048_INPUT_OUTPUT_DETAIL_INQ1 'SY201803210006';
2018-03-22 15:48:27 EXEC SPC_048_INPUT_OUTPUT_DETAIL_INQ1 'SY201803210006';
2018-03-22 15:48:27 EXEC SPC_048_INPUT_OUTPUT_DETAIL_INQ1 'SY201803210006';
2018-03-22 15:48:27 EXEC SPC_048_INPUT_OUTPUT_DETAIL_INQ1 'SY201803210006';
2018-03-22 15:48:28 EXEC SPC_048_INPUT_OUTPUT_DETAIL_INQ1 'SY201803210006';
2018-03-22 15:48:28 EXEC SPC_048_INPUT_OUTPUT_DETAIL_INQ1 'SY201803210006';
2018-03-22 15:48:28 EXEC SPC_048_INPUT_OUTPUT_DETAIL_INQ1 'SY201803210006';
2018-03-22 15:48:28 EXEC SPC_048_INPUT_OUTPUT_DETAIL_INQ1 'SY201803210006';
2018-03-22 15:48:29 EXEC SPC_048_INPUT_OUTPUT_DETAIL_INQ1 'SY201803210006';
2018-03-22 15:48:29 EXEC SPC_048_INPUT_OUTPUT_DETAIL_INQ1 'SY201803210006';
2018-03-22 15:48:29 EXEC SPC_048_INPUT_OUTPUT_DETAIL_INQ1 'SY201803210006';
2018-03-22 15:48:30 EXEC SPC_048_INPUT_OUTPUT_DETAIL_INQ1 'SY201803210006';
2018-03-22 15:48:30 EXEC SPC_048_INPUT_OUTPUT_DETAIL_INQ1 'SY201803210006';
2018-03-22 15:48:30 EXEC SPC_048_INPUT_OUTPUT_DETAIL_INQ1 'SY201803210006';
2018-03-22 15:48:31 EXEC SPC_048_INPUT_OUTPUT_DETAIL_INQ1 'SY201803210006';
2018-03-22 15:48:31 EXEC SPC_048_INPUT_OUTPUT_DETAIL_INQ1 'SY201803210006';
2018-03-22 15:48:31 EXEC SPC_048_INPUT_OUTPUT_DETAIL_INQ1 'SY201803210006';
2018-03-22 15:48:32 EXEC SPC_048_INPUT_OUTPUT_DETAIL_INQ1 'SY201803210006';
2018-03-22 15:48:32 EXEC SPC_048_INPUT_OUTPUT_DETAIL_INQ1 'SY201803210006';
2018-03-22 15:48:32 EXEC SPC_048_INPUT_OUTPUT_DETAIL_INQ1 'SY201803210006';
2018-03-22 15:48:33 EXEC SPC_048_INPUT_OUTPUT_DETAIL_INQ1 'SY201803210006';
2018-03-22 15:48:33 EXEC SPC_048_INPUT_OUTPUT_DETAIL_INQ1 'SY201803210006';
2018-03-22 15:48:33 EXEC SPC_048_INPUT_OUTPUT_DETAIL_INQ1 'SY201803210006';
2018-03-22 15:48:34 EXEC SPC_048_INPUT_OUTPUT_DETAIL_INQ1 'SY201803210006';
2018-03-22 15:48:34 EXEC SPC_048_INPUT_OUTPUT_DETAIL_INQ1 'SY201803210006';
2018-03-22 15:48:34 EXEC SPC_048_INPUT_OUTPUT_DETAIL_INQ1 'SY201803210006';
2018-03-22 15:48:35 EXEC SPC_048_INPUT_OUTPUT_DETAIL_INQ1 'SY201803210006';
2018-03-22 15:48:35 EXEC SPC_048_INPUT_OUTPUT_DETAIL_INQ1 'SY201803210006';
2018-03-22 15:48:35 EXEC SPC_048_INPUT_OUTPUT_DETAIL_INQ1 'SY201803210006';
2018-03-22 15:48:35 EXEC SPC_048_INPUT_OUTPUT_DETAIL_INQ1 'SY201803210006';
2018-03-22 15:48:36 EXEC SPC_048_INPUT_OUTPUT_DETAIL_INQ1 'SY201803210006';
2018-03-22 15:48:36 EXEC SPC_048_INPUT_OUTPUT_DETAIL_INQ1 'SY201803210006';
2018-03-22 15:48:36 EXEC SPC_048_INPUT_OUTPUT_DETAIL_INQ1 'SY201803210006';
2018-03-22 15:48:37 EXEC SPC_048_INPUT_OUTPUT_DETAIL_INQ1 'SY201803210006';
2018-03-22 15:48:37 EXEC SPC_048_INPUT_OUTPUT_DETAIL_INQ1 'SY201803210006';
2018-03-22 15:48:38 EXEC SPC_048_INPUT_OUTPUT_DETAIL_INQ1 'SY201803210006';
2018-03-22 15:48:39 EXEC SPC_COM_GET_COMBOBOX 'in_out_div';
2018-03-22 15:48:39 EXEC SPC_COM_GET_COMBOBOX 'in_out_data_div';
2018-03-22 15:48:39 EXEC SPC_048_INPUT_OUTPUT_DETAIL_INQ1 'SY201803210006';
2018-03-22 15:49:28 EXEC SPC_COM_GET_COMBOBOX 'in_out_div';
2018-03-22 15:49:28 EXEC SPC_COM_GET_COMBOBOX 'in_out_data_div';
2018-03-22 15:49:28 EXEC SPC_048_INPUT_OUTPUT_DETAIL_INQ1 'SY201803210006';
2018-03-22 15:49:58 EXEC SPC_COM_GET_COMBOBOX 'in_out_data_div';
2018-03-22 15:49:58 EXEC SPC_COM_GET_COMBOBOX 'in_out_div';
2018-03-22 15:49:58 EXEC SPC_048_INPUT_OUTPUT_DETAIL_INQ1 'SY201803210006';
2018-03-22 15:50:12 EXEC SPC_COM_GET_COMBOBOX 'in_out_div';
2018-03-22 15:50:13 EXEC SPC_COM_GET_COMBOBOX 'in_out_data_div';
2018-03-22 15:50:13 EXEC SPC_048_INPUT_OUTPUT_DETAIL_INQ1 'SY201803210006';
2018-03-22 15:50:54 EXEC SPC_COM_GET_COMBOBOX 'in_out_data_div';
2018-03-22 15:50:54 EXEC SPC_COM_GET_COMBOBOX 'in_out_div';
2018-03-22 15:50:56 EXEC SPC_049_INPUT_OUTPUT_FND1 '','','','','','','','1','10';
2018-03-22 15:50:58 EXEC SPC_048_INPUT_OUTPUT_DETAIL_INQ1 'SY201803210005';
2018-03-22 15:51:16 EXEC SPC_COM_GET_COMBOBOX 'in_out_data_div';
2018-03-22 15:51:16 EXEC SPC_COM_GET_COMBOBOX 'in_out_div';
2018-03-22 15:51:16 EXEC SPC_048_INPUT_OUTPUT_DETAIL_INQ1 'SY201803210005';
2018-03-22 16:23:10 EXEC SPC_COM_GET_COMBOBOX 'fwd_status_div';
2018-03-22 16:26:14 EXEC SPC_COM_GET_COMBOBOX 'forwarding_div';
2018-03-22 16:26:15 EXEC SPC_COM_GET_COMBOBOX 'forwarder_div';
2018-03-22 16:26:15 EXEC SPC_COM_GET_COMBOBOX 'forwarding_way_div';
2018-03-22 16:26:15 EXEC SPC_COM_GET_COMBOBOX 'forwarding_warehouse_div';
2018-03-22 16:26:15 EXEC SPC_COM_GET_COMBOBOX 'packing_method_div';
2018-03-22 16:26:20 EXEC SPC_COM_GET_COMBOBOX 'rcv_status_div';
2018-03-22 16:26:22 EXEC SPC_006_ACCEPT_SEARCH_FND1 '','','','','','1','10';
2018-03-22 16:26:24 EXEC SPC_010_SHIPMENT_DETAIL_INQ1 'J-18010004';
2018-03-22 16:26:58 EXEC SPC_COM_GET_COMBOBOX 'forwarding_way_div';
2018-03-22 16:26:58 EXEC SPC_COM_GET_COMBOBOX 'forwarding_warehouse_div';
2018-03-22 16:26:58 EXEC SPC_COM_GET_COMBOBOX 'forwarding_div';
2018-03-22 16:26:58 EXEC SPC_COM_GET_COMBOBOX 'forwarder_div';
2018-03-22 16:26:58 EXEC SPC_COM_GET_COMBOBOX 'packing_method_div';
2018-03-22 16:28:55 EXEC SPC_COM_GET_COMBOBOX 'forwarding_div';
2018-03-22 16:28:55 EXEC SPC_COM_GET_COMBOBOX 'packing_method_div';
2018-03-22 16:28:55 EXEC SPC_COM_GET_COMBOBOX 'forwarding_warehouse_div';
2018-03-22 16:28:55 EXEC SPC_COM_GET_COMBOBOX 'forwarder_div';
2018-03-22 16:28:55 EXEC SPC_COM_GET_COMBOBOX 'forwarding_way_div';
2018-03-22 16:28:59 EXEC SPC_COM_GET_COMBOBOX 'rcv_status_div';
2018-03-22 16:29:01 EXEC SPC_006_ACCEPT_SEARCH_FND1 '','','','','','1','10';
2018-03-22 16:29:03 EXEC SPC_010_SHIPMENT_DETAIL_INQ1 'J-18010010';
2018-03-22 16:29:21 EXEC SPC_COM_GET_COMBOBOX 'forwarding_warehouse_div';
2018-03-22 16:29:21 EXEC SPC_COM_GET_COMBOBOX 'packing_method_div';
2018-03-22 16:29:21 EXEC SPC_COM_GET_COMBOBOX 'forwarding_way_div';
2018-03-22 16:29:21 EXEC SPC_COM_GET_COMBOBOX 'forwarder_div';
2018-03-22 16:29:21 EXEC SPC_COM_GET_COMBOBOX 'forwarding_div';
2018-03-22 16:29:27 EXEC SPC_COM_GET_COMBOBOX 'rcv_status_div';
2018-03-22 16:29:28 EXEC SPC_006_ACCEPT_SEARCH_FND1 '','','','','','1','10';
2018-03-22 16:29:30 EXEC SPC_010_SHIPMENT_DETAIL_INQ1 'J-18010004';
2018-03-22 16:30:29 EXEC SPC_COM_GET_COMBOBOX 'forwarding_div';
2018-03-22 16:30:29 EXEC SPC_COM_GET_COMBOBOX 'forwarding_warehouse_div';
2018-03-22 16:30:29 EXEC SPC_COM_GET_COMBOBOX 'forwarding_way_div';
2018-03-22 16:30:29 EXEC SPC_COM_GET_COMBOBOX 'forwarder_div';
2018-03-22 16:30:29 EXEC SPC_COM_GET_COMBOBOX 'packing_method_div';
2018-03-22 16:30:40 EXEC SPC_COM_GET_COMBOBOX 'rcv_status_div';
2018-03-22 16:30:41 EXEC SPC_006_ACCEPT_SEARCH_FND1 '','','','','','1','10';
2018-03-22 16:30:43 EXEC SPC_010_SHIPMENT_DETAIL_INQ1 'J-18010014';
2018-03-22 16:32:55 EXEC SPC_COM_GET_COMBOBOX 'forwarding_div';
2018-03-22 16:32:55 EXEC SPC_COM_GET_COMBOBOX 'forwarding_way_div';
2018-03-22 16:32:55 EXEC SPC_COM_GET_COMBOBOX 'packing_method_div';
2018-03-22 16:32:55 EXEC SPC_COM_GET_COMBOBOX 'forwarder_div';
2018-03-22 16:32:55 EXEC SPC_COM_GET_COMBOBOX 'forwarding_warehouse_div';
2018-03-22 16:33:00 EXEC SPC_COM_GET_COMBOBOX 'rcv_status_div';
2018-03-22 16:33:02 EXEC SPC_006_ACCEPT_SEARCH_FND1 '','','','','','1','10';
2018-03-22 16:33:03 EXEC SPC_010_SHIPMENT_DETAIL_INQ1 'J-18010004';
2018-03-22 16:33:26 EXEC SPC_COM_GET_COMBOBOX 'rcv_status_div';
2018-03-22 16:33:28 EXEC SPC_006_ACCEPT_SEARCH_FND1 '','','','','','1','10';
2018-03-22 16:33:31 EXEC SPC_010_SHIPMENT_DETAIL_INQ1 'J-18010010';
2018-03-22 16:33:34 EXEC SPC_COM_GET_COMBOBOX 'rcv_status_div';
2018-03-22 16:33:38 EXEC SPC_006_ACCEPT_SEARCH_FND1 '','','','','10','1','10';
2018-03-22 16:33:44 EXEC SPC_010_SHIPMENT_DETAIL_INQ1 'J-18010109';
2018-03-22 16:33:47 EXEC SPC_COM_GET_COMBOBOX 'rcv_status_div';
2018-03-22 16:33:49 EXEC SPC_006_ACCEPT_SEARCH_FND1 '','','','','','1','10';
2018-03-22 16:33:51 EXEC SPC_010_SHIPMENT_DETAIL_INQ1 'J-18010014';
2018-03-22 16:33:54 EXEC SPC_010_SHIPMENT_DETAIL_ACT1 'I','','0','','','J-18010014','','03','','so0002','02','','02','','1','','','999999','[{"index_no":"0","fwd_detail_no":"1","no":"1","product_cd":"7","fwd_qty":"4322","list_serial":[{"serial_no":""}]},{"index_no":"1","fwd_detail_no":"2","no":"2","product_cd":"8","fwd_qty":"5345","list_serial":[{"serial_no":""}]}]','','010_shipment-detail','';
2018-03-22 16:33:56 EXEC SPC_010_SHIPMENT_DETAIL_INQ3 'S-18030022';
2018-03-22 16:36:04 EXEC SPC_COM_GET_COMBOBOX 'fwd_status_div';
2018-03-22 16:36:05 EXEC SPC_011_SHIPMENT_SEARCH_FND1 '','','','','','','1','10';
2018-03-22 16:36:32 EXEC SPC_011_SHIPMENT_SEARCH_FND1 '','','','','','','1','10';
2018-03-22 16:36:40 EXEC SPC_011_SHIPMENT_SEARCH_FND1 '','','','','','20','1','10';
2018-03-22 16:36:42 EXEC SPC_011_SHIPMENT_SEARCH_FND1 '','','','','','20','2','10';
2018-03-22 16:36:52 EXEC SPC_012_SHIPMENT_DETAIL_EXCEL_ACT1 '[{"fwd_no":"S-18030018"}]','','012_shipment-excel','';
2018-03-22 16:38:10 EXEC SPC_COM_GET_COMBOBOX 'fwd_status_div';
2018-03-22 16:39:09 EXEC SPC_011_SHIPMENT_SEARCH_FND1 '','','','','','20','1','10';
2018-03-22 16:39:11 EXEC SPC_011_SHIPMENT_SEARCH_FND1 '','','','','','20','2','10';
2018-03-22 16:39:15 EXEC SPC_012_SHIPMENT_DETAIL_EXCEL_ACT1 '[{"fwd_no":"S-18030018"}]','','012_shipment-excel','';
2018-03-22 16:39:22 EXEC SPC_COM_GET_COMBOBOX 'fwd_status_div';
2018-03-22 16:40:12 EXEC SPC_COM_GET_COMBOBOX 'fwd_status_div';
2018-03-22 16:40:15 EXEC SPC_011_SHIPMENT_SEARCH_FND1 '','','','','','20','1','10';
2018-03-22 16:40:17 EXEC SPC_011_SHIPMENT_SEARCH_FND1 '','','','','','20','2','10';
2018-03-22 16:40:24 EXEC SPC_012_SHIPMENT_DETAIL_EXCEL_ACT1 '[{"fwd_no":"S-18030018"}]','','012_shipment-excel','';
2018-03-22 16:40:30 EXEC SPC_COM_GET_COMBOBOX 'fwd_status_div';
2018-03-22 16:40:34 EXEC SPC_011_SHIPMENT_SEARCH_FND1 '','','','','','20','1','10';
2018-03-22 16:40:36 EXEC SPC_011_SHIPMENT_SEARCH_FND1 '','','','','','20','2','10';
2018-03-22 16:40:40 EXEC SPC_012_SHIPMENT_DETAIL_EXCEL_ACT1 '[{"fwd_no":"S-18030018"}]','','012_shipment-excel','';
2018-03-22 16:40:58 EXEC SPC_COM_GET_COMBOBOX 'fwd_status_div';
2018-03-22 16:41:55 EXEC SPC_COM_GET_COMBOBOX 'fwd_status_div';
2018-03-22 16:42:02 EXEC SPC_011_SHIPMENT_SEARCH_FND1 '','','','','','20','1','10';
2018-03-22 16:42:04 EXEC SPC_011_SHIPMENT_SEARCH_FND1 '','','','','','20','2','10';
2018-03-22 16:42:09 EXEC SPC_012_SHIPMENT_DETAIL_EXCEL_ACT1 '[{"fwd_no":"S-18030018"}]','','012_shipment-excel','';
2018-03-22 16:44:24 EXEC SPC_COM_GET_COMBOBOX 'fwd_status_div';
2018-03-22 16:44:28 EXEC SPC_COM_GET_COMBOBOX 'fwd_status_div';
2018-03-22 16:44:30 EXEC SPC_011_SHIPMENT_SEARCH_FND1 '','','','','','20','1','10';
2018-03-22 16:44:31 EXEC SPC_011_SHIPMENT_SEARCH_FND1 '','','','','','20','2','10';
2018-03-22 16:44:35 EXEC SPC_012_SHIPMENT_DETAIL_EXCEL_ACT1 '[{"fwd_no":"S-18030018"}]','','012_shipment-excel','';
2018-03-22 16:45:13 EXEC SPC_COM_GET_COMBOBOX 'fwd_status_div';
2018-03-22 16:45:15 EXEC SPC_011_SHIPMENT_SEARCH_FND1 '','','','','','20','1','10';
2018-03-22 16:45:18 EXEC SPC_011_SHIPMENT_SEARCH_FND1 '','','','','','20','2','10';
2018-03-22 16:45:22 EXEC SPC_012_SHIPMENT_DETAIL_EXCEL_ACT1 '[{"fwd_no":"S-18030018"}]','','012_shipment-excel','';
2018-03-22 16:49:27 EXEC SPC_011_SHIPMENT_SEARCH_FND1 '','','','','','20','1','10';
2018-03-22 16:51:01 EXEC SPC_COM_GET_COMBOBOX 'forwarding_div';
2018-03-22 16:51:02 EXEC SPC_COM_GET_COMBOBOX 'forwarding_way_div';
2018-03-22 16:51:02 EXEC SPC_COM_GET_COMBOBOX 'forwarder_div';
2018-03-22 16:51:02 EXEC SPC_COM_GET_COMBOBOX 'packing_method_div';
2018-03-22 16:51:02 EXEC SPC_COM_GET_COMBOBOX 'forwarding_warehouse_div';
2018-03-22 16:51:14 EXEC SPC_COM_GET_COMBOBOX 'rcv_status_div';
2018-03-22 16:51:15 EXEC SPC_006_ACCEPT_SEARCH_FND1 '','','','','','1','10';
2018-03-22 16:51:18 EXEC SPC_006_ACCEPT_SEARCH_FND1 '','','','','20','1','10';
2018-03-22 16:51:22 EXEC SPC_006_ACCEPT_SEARCH_FND1 '','','','','10','1','10';
2018-03-22 16:51:24 EXEC SPC_010_SHIPMENT_DETAIL_INQ1 'J-18010105';
2018-03-22 16:51:26 EXEC SPC_COM_GET_COMBOBOX 'rcv_status_div';
2018-03-22 16:51:30 EXEC SPC_006_ACCEPT_SEARCH_FND1 '','','','','20','1','10';
2018-03-22 16:51:35 EXEC SPC_COM_GET_COMBOBOX 'rcv_status_div';
2018-03-22 16:51:39 EXEC SPC_006_ACCEPT_SEARCH_FND1 '','','','','10','1','10';
2018-03-22 16:52:03 EXEC SPC_006_ACCEPT_SEARCH_FND1 '','','','','20','1','10';
2018-03-22 16:52:05 EXEC SPC_010_SHIPMENT_DETAIL_INQ1 'J-18010010';
2018-03-22 18:12:54 EXEC SPC_COM_GET_COMBOBOX 'in_out_div';
2018-03-22 18:12:55 EXEC SPC_048_INPUT_OUTPUT_DETAIL_INQ1 'SY201803210005';
2018-03-22 18:12:55 EXEC SPC_COM_GET_COMBOBOX 'in_out_data_div';
2018-03-22 18:13:12 EXEC SPC_COM_GET_COMBOBOX 'in_out_data_div';
2018-03-22 18:13:12 EXEC SPC_COM_GET_COMBOBOX 'in_out_div';
2018-03-22 18:13:15 EXEC SPC_COM_GET_COMBOBOX 'in_out_data_div';
2018-03-22 18:13:15 EXEC SPC_COM_GET_COMBOBOX 'in_out_div';
2018-03-22 18:19:20 EXEC SPC_WAREHOUSE_SEARCH '','','1','10';
2018-03-22 18:19:24 EXEC SPC_COMPONENT_PRODUCT_FND '','','','','1','10';
2018-03-22 18:19:26 EXEC SPC_048_INPUT_OUTPUT_DETAIL_INQ2 '000113';
2018-03-22 18:19:31 EXEC SPC_048_INPUT_OUTPUT_DETAIL_ACT1 'I','','2','2018/03/22','00','so0002','','[{"in_out_detail_no":"1","item_cd":"000113","serial_no":"10","in_out_qty":"10","remarks":"10"}]','','048_input_output_detail','';
2018-03-22 18:19:32 EXEC SPC_048_INPUT_OUTPUT_DETAIL_INQ1 'SY201803220010';
2018-03-22 18:19:35 EXEC SPC_048_INPUT_OUTPUT_DETAIL_ACT1 'I','SY201803220010','5','2018/03/22','00','so0002','','[{"in_out_detail_no":"1","item_cd":"000113","serial_no":"10","in_out_qty":"10","remarks":"10"}]','','048_input_output_detail','';
2018-03-22 18:19:37 EXEC SPC_048_INPUT_OUTPUT_DETAIL_INQ1 'SY201803220011';
2018-03-22 18:20:25 EXEC SPC_048_INPUT_OUTPUT_DETAIL_ACT1 'I','SY201803220011','5','2018/03/22','00','so0002','','[{"in_out_detail_no":"1","item_cd":"000113","serial_no":"10","in_out_qty":"10","remarks":"10"}]','','048_input_output_detail','';
2018-03-22 18:20:26 EXEC SPC_048_INPUT_OUTPUT_DETAIL_INQ1 'SY201803220012';
2018-03-22 18:22:35 EXEC SPC_048_INPUT_OUTPUT_DETAIL_ACT1 'I','SY201803220012','5','2018/03/22','00','so0002','','[{"in_out_detail_no":"1","item_cd":"000113","serial_no":"10","in_out_qty":"10","remarks":"10"}]','','048_input_output_detail','';
2018-03-22 18:22:37 EXEC SPC_048_INPUT_OUTPUT_DETAIL_INQ1 'SY201803220013';
2018-03-22 18:23:24 EXEC SPC_048_INPUT_OUTPUT_DETAIL_ACT1 'I','SY201803220013','2','2018/03/22','00','so0002','','[{"in_out_detail_no":"1","item_cd":"000113","serial_no":"10","in_out_qty":"10","remarks":"10"}]','','048_input_output_detail','';
2018-03-22 18:23:39 EXEC SPC_COMPONENT_PRODUCT_FND '','','1','','1','10';
2018-03-22 18:23:40 EXEC SPC_048_INPUT_OUTPUT_DETAIL_INQ2 '000113';
2018-03-22 18:23:43 EXEC SPC_048_INPUT_OUTPUT_DETAIL_ACT1 'I','SY201803220013','2','2018/03/22','00','so0002','','[{"in_out_detail_no":"1","item_cd":"000113","serial_no":"10","in_out_qty":"10","remarks":"10"}]','','048_input_output_detail','';
2018-03-22 18:25:16 EXEC SPC_048_INPUT_OUTPUT_DETAIL_ACT1 'I','SY201803220013','2','2018/03/22','00','so0002','','[{"in_out_detail_no":"1","item_cd":"000113","serial_no":"10","in_out_qty":"10","remarks":"10"}]','','048_input_output_detail','';
2018-03-22 18:25:35 EXEC SPC_048_INPUT_OUTPUT_DETAIL_ACT1 'I','SY201803220013','2','2018/03/22','00','so0002','','[{"in_out_detail_no":"1","item_cd":"000113","serial_no":"10","in_out_qty":"10","remarks":"10"}]','','048_input_output_detail','';
2018-03-22 18:26:52 EXEC SPC_048_INPUT_OUTPUT_DETAIL_ACT1 'I','SY201803220013','2','2018/03/22','00','so0002','','[{"in_out_detail_no":"1","item_cd":"000113","serial_no":"10","in_out_qty":"10","remarks":"10"}]','','048_input_output_detail','';
2018-03-22 18:26:57 EXEC SPC_048_INPUT_OUTPUT_DETAIL_ACT1 'I','SY201803220013','2','2018/03/22','00','so0002','','[{"in_out_detail_no":"1","item_cd":"000113","serial_no":"10","in_out_qty":"10","remarks":"10"}]','','048_input_output_detail','';
2018-03-22 18:27:02 EXEC SPC_COM_GET_COMBOBOX 'in_out_div';
2018-03-22 18:27:03 EXEC SPC_COM_GET_COMBOBOX 'in_out_data_div';
2018-03-22 18:27:09 EXEC SPC_WAREHOUSE_SEARCH '','','1','10';
2018-03-22 18:27:16 EXEC SPC_COMPONENT_PRODUCT_FND '','','','','1','10';
2018-03-22 18:27:18 EXEC SPC_COMPONENT_PRODUCT_FND '','','1','','1','10';
2018-03-22 18:27:20 EXEC SPC_048_INPUT_OUTPUT_DETAIL_INQ2 '000112';
2018-03-22 18:27:25 EXEC SPC_COMPONENT_PRODUCT_FND '','','','','1','10';
2018-03-22 18:27:27 EXEC SPC_048_INPUT_OUTPUT_DETAIL_INQ2 '000115';
2018-03-22 18:27:28 EXEC SPC_048_INPUT_OUTPUT_DETAIL_ACT1 'I','','2','2018/03/22','00','so0002','備考','[{"in_out_detail_no":"1","item_cd":"000115","serial_no":"","in_out_qty":"10","remarks":"10"}]','','048_input_output_detail','';
2018-03-22 18:27:30 EXEC SPC_048_INPUT_OUTPUT_DETAIL_INQ1 'NY201803220001';
2018-03-22 18:27:33 EXEC SPC_048_INPUT_OUTPUT_DETAIL_ACT1 'I','NY201803220001','5','2018/03/22','00','so0002','備考','[{"in_out_detail_no":"1","item_cd":"000115","serial_no":"","in_out_qty":"10","remarks":"10"}]','','048_input_output_detail','';
2018-03-22 18:27:54 EXEC SPC_048_INPUT_OUTPUT_DETAIL_ACT1 'I','NY201803220001','5','2018/03/22','00','so0002','備考','[{"in_out_detail_no":"1","item_cd":"000115","serial_no":"","in_out_qty":"10","remarks":"10"}]','','048_input_output_detail','';
2018-03-22 18:27:59 EXEC SPC_COM_GET_COMBOBOX 'in_out_data_div';
2018-03-22 18:27:59 EXEC SPC_COM_GET_COMBOBOX 'in_out_div';
2018-03-22 18:28:07 EXEC SPC_WAREHOUSE_SEARCH '','','1','10';
2018-03-22 18:28:11 EXEC SPC_COMPONENT_PRODUCT_FND '','','','','1','10';
2018-03-22 18:28:12 EXEC SPC_048_INPUT_OUTPUT_DETAIL_INQ2 '000112';
2018-03-22 18:28:21 EXEC SPC_COMPONENT_PRODUCT_FND '','','','','1','10';
2018-03-22 18:28:23 EXEC SPC_048_INPUT_OUTPUT_DETAIL_INQ2 '000115';
2018-03-22 18:28:25 EXEC SPC_048_INPUT_OUTPUT_DETAIL_ACT1 'I','','5','2018/03/29','00','so0004','備考','[{"in_out_detail_no":"1","item_cd":"000115","serial_no":"","in_out_qty":"10","remarks":"10"}]','','048_input_output_detail','';
2018-03-22 18:28:58 EXEC SPC_048_INPUT_OUTPUT_DETAIL_ACT1 'I','','5','2018/03/29','00','so0004','備考','[{"in_out_detail_no":"1","item_cd":"000115","serial_no":"","in_out_qty":"10","remarks":"10"}]','','048_input_output_detail','';
2018-03-22 18:28:59 EXEC SPC_048_INPUT_OUTPUT_DETAIL_INQ1 'SY201803220001';
2018-03-22 18:29:02 EXEC SPC_048_INPUT_OUTPUT_DETAIL_ACT1 'I','SY201803220001','2','2018/03/29','00','so0004','備考','[{"in_out_detail_no":"1","item_cd":"000115","serial_no":"","in_out_qty":"10","remarks":"10"}]','','048_input_output_detail','';
2018-03-22 18:29:03 EXEC SPC_048_INPUT_OUTPUT_DETAIL_INQ1 'NY201803220001';
2018-03-22 18:29:08 EXEC SPC_048_INPUT_OUTPUT_DETAIL_ACT1 'I','NY201803220001','5','2018/03/29','00','so0004','備考','[{"in_out_detail_no":"1","item_cd":"000115","serial_no":"","in_out_qty":"10","remarks":"10"}]','','048_input_output_detail','';
2018-03-22 18:29:09 EXEC SPC_048_INPUT_OUTPUT_DETAIL_INQ1 'SY201803220002';
2018-03-22 18:29:47 EXEC SPC_COMPONENT_PRODUCT_FND '','','','','1','10';
2018-03-22 18:29:49 EXEC SPC_048_INPUT_OUTPUT_DETAIL_INQ2 '000115';
2018-03-22 18:29:57 EXEC SPC_048_INPUT_OUTPUT_DETAIL_ACT1 'I','SY201803220002','5','2018/03/29','00','so0004','備考','[{"in_out_detail_no":"1","item_cd":"000115","serial_no":"10","in_out_qty":"10","remarks":"10"},{"in_out_detail_no":"2","item_cd":"000115","serial_no":"20","in_out_qty":"10","remarks":"10"}]','','048_input_output_detail','';
2018-03-22 18:29:58 EXEC SPC_048_INPUT_OUTPUT_DETAIL_INQ1 'SY201803220003';
2018-03-22 18:30:00 EXEC SPC_048_INPUT_OUTPUT_DETAIL_ACT1 'I','SY201803220003','2','2018/03/29','00','so0004','備考','[{"in_out_detail_no":"1","item_cd":"000115","serial_no":"10","in_out_qty":"10","remarks":"10"},{"in_out_detail_no":"2","item_cd":"000115","serial_no":"20","in_out_qty":"10","remarks":"10"}]','','048_input_output_detail','';
2018-03-22 18:30:02 EXEC SPC_048_INPUT_OUTPUT_DETAIL_INQ1 'NY201803220002';
2018-03-22 18:35:43 EXEC SPC_COM_GET_COMBOBOX 'in_out_div';
2018-03-22 18:35:44 EXEC SPC_COM_GET_COMBOBOX 'in_out_data_div';
2018-03-22 18:35:45 EXEC SPC_049_INPUT_OUTPUT_FND1 '','','','','','','','1','10';
2018-03-22 18:35:50 EXEC SPC_COM_GET_COMBOBOX 'in_out_div';
2018-03-22 18:35:50 EXEC SPC_COM_GET_COMBOBOX 'in_out_data_div';
2018-03-22 18:35:51 EXEC SPC_048_INPUT_OUTPUT_DETAIL_INQ1 'SY201803220002';
2018-03-22 18:39:54 EXEC SPC_COMPONENT_PRODUCT_FND '','','','','1','10';
2018-03-22 18:39:56 EXEC SPC_048_INPUT_OUTPUT_DETAIL_INQ2 '000111';
2018-03-22 18:53:50 EXEC SPC_COM_GET_COMBOBOX 'in_out_div';
2018-03-22 18:53:51 EXEC SPC_COM_GET_COMBOBOX 'in_out_data_div';
2018-03-22 18:53:51 EXEC SPC_048_INPUT_OUTPUT_DETAIL_INQ1 'SY201803220002';
2018-03-22 18:53:57 EXEC SPC_COMPONENT_PRODUCT_FND '','','','','1','10';
2018-03-22 18:53:58 EXEC SPC_048_INPUT_OUTPUT_DETAIL_INQ2 '000004';
2018-03-22 18:54:10 EXEC SPC_COM_GET_COMBOBOX 'in_out_div';
2018-03-22 18:54:10 EXEC SPC_COM_GET_COMBOBOX 'in_out_data_div';
2018-03-22 18:54:10 EXEC SPC_048_INPUT_OUTPUT_DETAIL_INQ1 'SY201803220002';
2018-03-22 18:54:14 EXEC SPC_COMPONENT_PRODUCT_FND '','','','','1','10';
2018-03-22 18:54:16 EXEC SPC_048_INPUT_OUTPUT_DETAIL_INQ2 '000112';
2018-03-22 18:54:32 EXEC SPC_COM_GET_COMBOBOX 'in_out_data_div';
2018-03-22 18:54:32 EXEC SPC_COM_GET_COMBOBOX 'in_out_div';
2018-03-22 18:54:32 EXEC SPC_048_INPUT_OUTPUT_DETAIL_INQ1 'SY201803220002';
2018-03-22 18:54:36 EXEC SPC_COMPONENT_PRODUCT_FND '','','','','1','10';
2018-03-22 18:54:38 EXEC SPC_048_INPUT_OUTPUT_DETAIL_INQ2 '000004';
2018-03-22 18:57:51 EXEC SPC_COM_GET_COMBOBOX 'in_out_div';
2018-03-22 18:57:51 EXEC SPC_COM_GET_COMBOBOX 'in_out_data_div';
2018-03-22 18:57:51 EXEC SPC_048_INPUT_OUTPUT_DETAIL_INQ1 'SY201803220002';
2018-03-22 18:58:45 EXEC SPC_COM_GET_COMBOBOX 'in_out_data_div';
2018-03-22 18:58:45 EXEC SPC_COM_GET_COMBOBOX 'in_out_div';
2018-03-22 18:58:45 EXEC SPC_048_INPUT_OUTPUT_DETAIL_INQ1 'SY201803220002';
2018-03-22 18:58:58 EXEC SPC_COM_GET_COMBOBOX 'in_out_div';
2018-03-22 18:58:58 EXEC SPC_COM_GET_COMBOBOX 'in_out_data_div';
2018-03-22 18:58:59 EXEC SPC_049_INPUT_OUTPUT_FND1 '','','','','','','','1','10';
2018-03-22 18:59:01 EXEC SPC_048_INPUT_OUTPUT_DETAIL_INQ1 'SY201803220001';
2018-03-22 18:59:08 EXEC SPC_048_INPUT_OUTPUT_DETAIL_ACT1 'U','SY201803220001','5','2018/03/29','00','so0004','備考','[{"in_out_detail_no":"1","item_cd":"000115","serial_no":"10","in_out_qty":"10","remarks":"10"}]','','048_input_output_detail','';
2018-03-22 18:59:09 EXEC SPC_048_INPUT_OUTPUT_DETAIL_INQ1 'SY201803220001';
2018-03-22 18:59:20 EXEC SPC_COM_GET_COMBOBOX 'in_out_data_div';
2018-03-22 18:59:20 EXEC SPC_COM_GET_COMBOBOX 'in_out_div';
2018-03-22 18:59:23 EXEC SPC_COM_GET_COMBOBOX 'in_out_div';
2018-03-22 18:59:23 EXEC SPC_COM_GET_COMBOBOX 'in_out_data_div';
2018-03-22 18:59:28 EXEC SPC_COMPONENT_PRODUCT_FND '','','','','1','10';
2018-03-22 18:59:29 EXEC SPC_048_INPUT_OUTPUT_DETAIL_INQ2 '000110';
2018-03-22 18:59:34 EXEC SPC_COMPONENT_PRODUCT_FND '','','','','1','10';
2018-03-22 18:59:36 EXEC SPC_048_INPUT_OUTPUT_DETAIL_INQ2 '000115';
2018-03-22 18:59:45 EXEC SPC_WAREHOUSE_SEARCH '','','1','10';
2018-03-22 18:59:50 EXEC SPC_048_INPUT_OUTPUT_DETAIL_ACT1 'I','','2','2018/03/16','00','so0004','備考','[{"in_out_detail_no":"1","item_cd":"000110","serial_no":"","in_out_qty":"10","remarks":"10"},{"in_out_detail_no":"2","item_cd":"000115","serial_no":"10","in_out_qty":"10","remarks":"10"}]','','048_input_output_detail','';
2018-03-22 18:59:52 EXEC SPC_048_INPUT_OUTPUT_DETAIL_INQ1 'NY201803220003';
2018-03-22 19:00:42 EXEC SPC_COMPONENT_PRODUCT_FND '','','1','','1','10';
2018-03-22 19:00:45 EXEC SPC_048_INPUT_OUTPUT_DETAIL_INQ2 '000114';
2018-03-22 19:01:56 EXEC SPC_COM_GET_COMBOBOX 'in_out_data_div';
2018-03-22 19:01:56 EXEC SPC_COM_GET_COMBOBOX 'in_out_div';
2018-03-22 19:02:03 EXEC SPC_WAREHOUSE_SEARCH '','','1','10';
2018-03-22 19:02:09 EXEC SPC_COMPONENT_PRODUCT_FND '','','','','1','10';
2018-03-22 19:02:10 EXEC SPC_048_INPUT_OUTPUT_DETAIL_INQ2 '000115';
2018-03-22 19:02:36 EXEC SPC_048_INPUT_OUTPUT_DETAIL_INQ2 '';
2018-03-22 19:02:43 EXEC SPC_COMPONENT_PRODUCT_FND '','','','','1','10';
2018-03-22 19:02:45 EXEC SPC_048_INPUT_OUTPUT_DETAIL_INQ2 '000114';
2018-03-22 19:02:53 EXEC SPC_048_INPUT_OUTPUT_DETAIL_ACT1 'I','','5','2018/03/24','00','so0004','','[{"in_out_detail_no":"1","item_cd":"000114","serial_no":"1000","in_out_qty":"10","remarks":"10"}]','','048_input_output_detail','';
2018-03-22 19:02:54 EXEC SPC_048_INPUT_OUTPUT_DETAIL_INQ1 'SY201803220004';
2018-03-22 19:03:00 EXEC SPC_COMPONENT_PRODUCT_FND '','','','','1','10';
2018-03-22 19:03:04 EXEC SPC_048_INPUT_OUTPUT_DETAIL_INQ2 '000115';
