2018-02-06 10:20:38 EXEC SPC_COM_GET_COMBOBOX 'port_country_div';
2018-02-06 10:20:38 EXEC SPC_COM_GET_COMBOBOX 'unit_m_div';
2018-02-06 10:20:38 EXEC SPC_COM_GET_COMBOBOX 'sales_detail_div';
2018-02-06 10:20:38 EXEC SPC_COM_GET_COMBOBOX 'unit_q_div';
2018-02-06 10:20:38 EXEC SPC_COM_GET_COMBOBOX 'payment_conditions_div';
2018-02-06 10:20:38 EXEC SPC_COM_GET_COMBOBOX 'trade_terms_div';
2018-02-06 10:20:39 EXEC SPC_COM_GET_COMBOBOX 'bank_div';
2018-02-06 10:20:39 EXEC SPC_COM_GET_COMBOBOX 'shipment_div';
2018-02-06 10:20:39 EXEC SPC_COM_GET_COMBOBOX 'unit_w_div';
2018-02-06 10:20:39 EXEC SPC_COM_GET_COMBOBOX 'port_city_div';
2018-02-06 10:20:39 EXEC SPC_GET_TAX_RATE '2018/02/06';
2018-02-06 10:20:39 EXEC SPC_COM_GET_COMBOBOX 'currency_div';
2018-02-06 10:20:57 EXEC SPC_COM_GET_COMBOBOX 'currency_div';
2018-02-06 10:20:57 EXEC SPC_COM_GET_COMBOBOX 'port_city_div';
2018-02-06 10:20:57 EXEC SPC_COM_GET_COMBOBOX 'payment_conditions_div';
2018-02-06 10:20:57 EXEC SPC_COM_GET_COMBOBOX 'trade_terms_div';
2018-02-06 10:20:57 EXEC SPC_COM_GET_COMBOBOX 'port_country_div';
2018-02-06 10:20:57 EXEC SPC_COM_GET_COMBOBOX 'shipment_div';
2018-02-06 10:20:57 EXEC SPC_COM_GET_COMBOBOX 'unit_q_div';
2018-02-06 10:20:57 EXEC SPC_COM_GET_COMBOBOX 'unit_m_div';
2018-02-06 10:20:57 EXEC SPC_COM_GET_COMBOBOX 'unit_w_div';
2018-02-06 10:20:57 EXEC SPC_COM_GET_COMBOBOX 'sales_detail_div';
2018-02-06 10:20:57 EXEC SPC_COM_GET_COMBOBOX 'bank_div';
2018-02-06 10:20:57 EXEC SPC_GET_TAX_RATE '2018/02/06';
2018-02-06 10:21:58 EXEC SPC_COM_GET_COMBOBOX 'shipment_div';
2018-02-06 10:21:58 EXEC SPC_COM_GET_COMBOBOX 'trade_terms_div';
2018-02-06 10:21:58 EXEC SPC_COM_GET_COMBOBOX 'currency_div';
2018-02-06 10:21:58 EXEC SPC_COM_GET_COMBOBOX 'port_country_div';
2018-02-06 10:21:58 EXEC SPC_COM_GET_COMBOBOX 'port_city_div';
2018-02-06 10:21:58 EXEC SPC_COM_GET_COMBOBOX 'payment_conditions_div';
2018-02-06 10:21:59 EXEC SPC_COM_GET_COMBOBOX 'unit_q_div';
2018-02-06 10:21:59 EXEC SPC_COM_GET_COMBOBOX 'unit_m_div';
2018-02-06 10:21:59 EXEC SPC_GET_TAX_RATE '2018/02/06';
2018-02-06 10:21:59 EXEC SPC_COM_GET_COMBOBOX 'bank_div';
2018-02-06 10:21:59 EXEC SPC_COM_GET_COMBOBOX 'unit_w_div';
2018-02-06 10:21:59 EXEC SPC_COM_GET_COMBOBOX 'sales_detail_div';
2018-02-06 10:24:15 EXEC SPC_COM_GET_COMBOBOX 'port_country_div';
2018-02-06 10:24:15 EXEC SPC_COM_GET_COMBOBOX 'payment_conditions_div';
2018-02-06 10:24:15 EXEC SPC_COM_GET_COMBOBOX 'shipment_div';
2018-02-06 10:24:15 EXEC SPC_COM_GET_COMBOBOX 'currency_div';
2018-02-06 10:24:15 EXEC SPC_COM_GET_COMBOBOX 'trade_terms_div';
2018-02-06 10:24:15 EXEC SPC_COM_GET_COMBOBOX 'port_city_div';
2018-02-06 10:24:15 EXEC SPC_COM_GET_COMBOBOX 'unit_w_div';
2018-02-06 10:24:15 EXEC SPC_COM_GET_COMBOBOX 'unit_q_div';
2018-02-06 10:24:15 EXEC SPC_COM_GET_COMBOBOX 'unit_m_div';
2018-02-06 10:24:15 EXEC SPC_GET_TAX_RATE '2018/02/06';
2018-02-06 10:24:15 EXEC SPC_COM_GET_COMBOBOX 'bank_div';
2018-02-06 10:24:15 EXEC SPC_COM_GET_COMBOBOX 'sales_detail_div';
2018-02-06 10:26:08 EXEC SPC_COM_GET_COMBOBOX 'currency_div';
2018-02-06 10:26:08 EXEC SPC_COM_GET_COMBOBOX 'trade_terms_div';
2018-02-06 10:26:08 EXEC SPC_COM_GET_COMBOBOX 'payment_conditions_div';
2018-02-06 10:26:08 EXEC SPC_COM_GET_COMBOBOX 'port_city_div';
2018-02-06 10:26:08 EXEC SPC_COM_GET_COMBOBOX 'port_country_div';
2018-02-06 10:26:08 EXEC SPC_COM_GET_COMBOBOX 'shipment_div';
2018-02-06 10:26:08 EXEC SPC_COM_GET_COMBOBOX 'bank_div';

2018-02-06 10:26:09 EXEC SPC_COM_GET_COMBOBOX 'unit_q_div';
2018-02-06 10:26:09 EXEC SPC_COM_GET_COMBOBOX 'unit_w_div';
2018-02-06 10:26:09 EXEC SPC_GET_TAX_RATE '2018/02/06';
il_div';
2018-02-06 10:31:03 EXEC SPC_COM_GET_COMBOBOX 'port_country_div';
2018-02-06 10:31:03 EXEC SPC_COM_GET_COMBOBOX 'port_city_div';
2018-02-06 10:31:03 EXEC SPC_COM_GET_COMBOBOX 'trade_terms_div';
2018-02-06 10:31:03 EXEC SPC_COM_GET_COMBOBOX 'currency_div';
2018-02-06 10:31:03 EXEC SPC_COM_GET_COMBOBOX 'payment_conditions_div';
2018-02-06 10:31:03 EXEC SPC_COM_GET_COMBOBOX 'shipment_div';
2018-02-06 10:31:03 EXEC SPC_COM_GET_COMBOBOX 'unit_q_div';
2018-02-06 10:31:03 EXEC SPC_COM_GET_COMBOBOX 'sales_detail_div';
2018-02-06 10:31:03 EXEC SPC_COM_GET_COMBOBOX 'unit_w_div';
2018-02-06 10:31:04 EXEC SPC_COM_GET_COMBOBOX 'bank_div';
2018-02-06 10:31:04 EXEC SPC_COM_GET_COMBOBOX 'unit_m_div';
2018-02-06 10:31:04 EXEC SPC_GET_TAX_RATE '2018/02/06';
2018-02-06 10:31:30 EXEC SPC_001_PI_DETAIL_INQ1 'RT-131001001';
2018-02-06 10:31:31 EXEC SPC_GET_TAX_RATE '2013/10/01';
2018-02-06 10:31:31 EXEC SPC_COM_GET_COMBOBOX 'unit_m_div';
2018-02-06 10:31:31 EXEC SPC_COM_GET_COMBOBOX 'sales_detail_div';
2018-02-06 10:31:31 EXEC SPC_COM_GET_COMBOBOX 'unit_q_div';
2018-02-06 10:31:31 EXEC SPC_COM_GET_COMBOBOX 'unit_w_div';
2018-02-06 10:31:35 EXEC SPC_GET_CONSTANT '';
2018-02-06 10:31:35 EXEC SPC_003_PI_EXCEL_INQ1 'RT-131001001','','003_pi-excel','';
2018-02-06 10:39:05 EXEC SPC_GET_CONSTANT '';
2018-02-06 10:39:05 EXEC SPC_003_PI_EXCEL_INQ1 'RT-131001001','','003_pi-excel','';
2018-02-06 10:47:33 EXEC SPC_GET_CONSTANT '';
2018-02-06 10:47:33 EXEC SPC_003_PI_EXCEL_INQ1 'RT-131001001','','003_pi-excel','';
2018-02-06 10:48:16 EXEC SPC_GET_CONSTANT '';
2018-02-06 10:48:16 EXEC SPC_003_PI_EXCEL_INQ1 'RT-131001001','','003_pi-excel','';
2018-02-06 10:58:38 EXEC SPC_GET_CONSTANT '';
2018-02-06 10:58:38 EXEC SPC_003_PI_EXCEL_INQ1 'RT-131001001','','003_pi-excel','';
2018-02-06 10:58:46 EXEC SPC_COM_GET_COMBOBOX 'pi_status_div';
2018-02-06 10:59:10 EXEC SPC_002_PI_SEARCH_FND1 '','','','','','','','','1','10';
2018-02-06 10:59:13 EXEC SPC_002_PI_SEARCH_FND1 '','','','','','','','','2','10';
2018-02-06 10:59:14 EXEC SPC_002_PI_SEARCH_FND1 '','','','','','','','','3','10';
2018-02-06 10:59:15 EXEC SPC_002_PI_SEARCH_FND1 '','','','','','','','','4','10';
2018-02-06 10:59:17 EXEC SPC_002_PI_SEARCH_FND1 '','','','','','','','','5','10';
2018-02-06 10:59:18 EXEC SPC_002_PI_SEARCH_FND1 '','','','','','','','','6','10';
2018-02-06 10:59:20 EXEC SPC_002_PI_SEARCH_FND1 '','','','','','','','','46','10';
2018-02-06 10:59:24 EXEC SPC_COM_GET_COMBOBOX 'port_country_div';
2018-02-06 10:59:25 EXEC SPC_COM_GET_COMBOBOX 'unit_q_div';
2018-02-06 10:59:25 EXEC SPC_COM_GET_COMBOBOX 'unit_w_div';
2018-02-06 10:59:26 EXEC SPC_COM_GET_COMBOBOX 'port_city_div';
2018-02-06 10:59:26 EXEC SPC_COM_GET_COMBOBOX 'payment_conditions_div';
2018-02-06 10:59:26 EXEC SPC_COM_GET_COMBOBOX 'shipment_div';
2018-02-06 10:59:26 EXEC SPC_COM_GET_COMBOBOX 'currency_div';
2018-02-06 10:59:26 EXEC SPC_COM_GET_COMBOBOX 'trade_terms_div';
2018-02-06 10:59:26 EXEC SPC_COM_GET_COMBOBOX 'unit_m_div';
2018-02-06 10:59:26 EXEC SPC_COM_GET_COMBOBOX 'sales_detail_div';
2018-02-06 10:59:26 EXEC SPC_COM_GET_COMBOBOX 'bank_div';
2018-02-06 10:59:26 EXEC SPC_001_PI_DETAIL_INQ1 'RT-180201009';
2018-02-06 10:59:27 EXEC SPC_COM_GET_COMBOBOX 'sales_detail_div';
2018-02-06 10:59:27 EXEC SPC_COM_GET_COMBOBOX 'unit_w_div';
2018-02-06 10:59:27 EXEC SPC_COM_GET_COMBOBOX 'unit_q_div';
2018-02-06 10:59:27 EXEC SPC_COM_GET_COMBOBOX 'unit_m_div';
2018-02-06 10:59:27 EXEC SPC_GET_TAX_RATE '2018/02/01';
2018-02-06 10:59:32 EXEC SPC_GET_CONSTANT '';
2018-02-06 10:59:32 EXEC SPC_003_PI_EXCEL_INQ1 'RT-180201009','','003_pi-excel','';
2018-02-06 11:01:49 EXEC SPC_GET_CONSTANT '';
2018-02-06 11:01:49 EXEC SPC_003_PI_EXCEL_INQ1 'RT-180201009','','003_pi-excel','';
2018-02-06 11:04:11 EXEC SPC_GET_CONSTANT '';
2018-02-06 11:04:11 EXEC SPC_003_PI_EXCEL_INQ1 'RT-180201009','','003_pi-excel','';
2018-02-06 11:09:42 EXEC SPC_GET_CONSTANT '';
2018-02-06 11:09:42 EXEC SPC_003_PI_EXCEL_INQ1 'RT-180201009','','003_pi-excel','';
2018-02-06 11:09:58 EXEC SPC_GET_CONSTANT '';
2018-02-06 11:09:58 EXEC SPC_003_PI_EXCEL_INQ1 'RT-180201009','','003_pi-excel','';
2018-02-06 11:10:17 EXEC SPC_COM_GET_COMBOBOX 'port_country_div';
2018-02-06 11:10:18 EXEC SPC_COM_GET_COMBOBOX 'unit_q_div';
2018-02-06 11:10:18 EXEC SPC_COM_GET_COMBOBOX 'unit_w_div';
2018-02-06 11:10:19 EXEC SPC_COM_GET_COMBOBOX 'port_city_div';
2018-02-06 11:10:19 EXEC SPC_COM_GET_COMBOBOX 'currency_div';
2018-02-06 11:10:19 EXEC SPC_COM_GET_COMBOBOX 'unit_m_div';
2018-02-06 11:10:19 EXEC SPC_COM_GET_COMBOBOX 'payment_conditions_div';
2018-02-06 11:10:19 EXEC SPC_COM_GET_COMBOBOX 'shipment_div';
2018-02-06 11:10:19 EXEC SPC_COM_GET_COMBOBOX 'trade_terms_div';
2018-02-06 11:10:19 EXEC SPC_GET_TAX_RATE '2018/02/06';
2018-02-06 11:10:19 EXEC SPC_COM_GET_COMBOBOX 'sales_detail_div';
2018-02-06 11:10:19 EXEC SPC_001_PI_DETAIL_INQ1 'RT-180201009';
2018-02-06 11:10:19 EXEC SPC_COM_GET_COMBOBOX 'bank_div';
2018-02-06 11:10:20 EXEC SPC_COM_GET_COMBOBOX 'unit_w_div';
2018-02-06 11:10:20 EXEC SPC_COM_GET_COMBOBOX 'unit_q_div';
2018-02-06 11:10:20 EXEC SPC_GET_TAX_RATE '2018/02/01';
2018-02-06 11:10:20 EXEC SPC_COM_GET_COMBOBOX 'sales_detail_div';
2018-02-06 11:10:20 EXEC SPC_COM_GET_COMBOBOX 'unit_m_div';
2018-02-06 11:10:23 EXEC SPC_GET_CONSTANT '';
2018-02-06 11:10:23 EXEC SPC_003_PI_EXCEL_INQ1 'RT-180201009','','003_pi-excel','';
2018-02-06 11:10:40 EXEC SPC_GET_CONSTANT '';
2018-02-06 11:10:40 EXEC SPC_003_PI_EXCEL_INQ1 'RT-180201009','','003_pi-excel','';
2018-02-06 11:11:05 EXEC SPC_GET_CONSTANT '';
2018-02-06 11:11:05 EXEC SPC_003_PI_EXCEL_INQ1 'RT-180201009','','003_pi-excel','';
2018-02-06 11:11:16 EXEC SPC_001_PI_DETAIL_ACT1 'A','RT-180201009','20','2018/02/01','F000','ABDULLAH BAGHAFFAR SONS CO.,LTD.','P.O.Box.20 Jeddah 21411','','F921','001','SY','(+843)438-543-534534','(+843)438-543-534534','','ALBIZ (S) PTE. LTD','Abdullah bin Abdullatif AL-Sheekh St. Beside Saudi British Bank','Abdullah bin Abdullatif AL-Sheekh St. Beside Saudi British Bank','F98342','004','TR','(+843)438-543-534534','(+843)438-543-534534','ABDULLAH BAGHAFFAR','JEDDAH','Shipping Mark3','Shipping Mark4','Standard Export Carton','','USD','060','01','02','003','NL','02','Payment','[{"pi_detail_no":"1","sales_detail_div":"0","product_cd":"10001","description":"Mobile Photoelectric colorimeter Model AP-1000M with standard accessories","qty":"1","unit_of_m_div":"002","unit_price":"645.46","amount":"645.46","detail_tax":"58.1","unit_measure_qty":"0.5","unit_measure_price":"001","outside_remarks":"","unit_net_weight":"0.8","unit_net_weight_div":"001","net_weight":"0.8","unit_gross_weight":"0.7","gross_weight":"0.7","measure":"0.5"},{"pi_detail_no":"2","sales_detail_div":"0","product_cd":"10001","description":"AP-101\u7528\u30a2\u30ca\u30ed\u30b0\u30b1\u30fc\u30d6\u30eb","qty":"1","unit_of_m_div":"002","unit_price":"65464","amount":"65464","detail_tax":"5891.76","unit_measure_qty":"0.5","unit_measure_price":"001","outside_remarks":"","unit_net_weight":"0.8","unit_net_weight_div":"001","net_weight":"0.8","unit_gross_weight":"0.7","gross_weight":"0.7","measure":"0.5"},{"pi_detail_no":"3","sales_detail_div":"0","product_cd":"10001","description":"\u793e\u5916\u7528\u5099\u8003\u793e\u5916\u7528\u5099\u8003\u793e\u5916\u7528\u5099\u8003\u793e\u5916\u7528\u5099\u8003\u793e\u5916\u7528\u5099\u8003\u793e\u5916\u7528\u5099\u8003\u793e\u5916\u7528\u5099\u8003\u793e\u5916\u7528\u5099\u8003\u793e\u5916\u7528\u5099\u8003\u793e\u5916\u7528\u5099\u8003\u793e\u5916\u7528\u5099\u8003\u793e\u5916\u7528\u5099\u8003\u793e\u5916\u7528\u5099\u8003\u793e\u5916\u7528\u5099\u8003\u793e\u5916\u7528\u5099\u8003\u793e\u5916\u7528\u5099\u8003\u793e\u5916\u7528\u5099\u8003\u793e\u5916\u7528\u5099\u8003\u793e\u5916\u7528\u5099\u8003\u793e\u5916\u7528\u5099\u8003\u793e\u5916\u7528\u5099\u8003\u793e\u5916\u7528\u5099\u8003\u793e\u5916\u7528\u5099\u8003","qty":"1","unit_of_m_div":"002","unit_price":"6546","amount":"6546","detail_tax":"589.14","unit_measure_qty":"0.5","unit_measure_price":"001","outside_remarks":"","unit_net_weight":"0.8","unit_net_weight_div":"001","net_weight":"0.8","unit_gross_weight":"0.7","gross_weight":"0.7","measure":"0.5"},{"pi_detail_no":"4","sales_detail_div":"3","product_cd":"10001","description":"Mobile Photoelectric colorimeter Model AP-1000M with standard accessories","qty":"654","unit_of_m_div":"002","unit_price":"645","amount":"421830","detail_tax":"37964.7","unit_measure_qty":"0.5","unit_measure_price":"001","outside_remarks":"","unit_net_weight":"0.8","unit_net_weight_div":"001","net_weight":"523.2","unit_gross_weight":"0.7","gross_weight":"457.8","measure":"327"},{"pi_detail_no":"5","sales_detail_div":"0","product_cd":"10007","description":"\u793e\u5916\u7528\u5099\u8003\u793e\u5916\u7528\u5099\u8003\u793e\u5916\u7528\u5099\u8003\u793e\u5916\u7528\u5099\u8003\u793e\u5916\u7528\u5099\u8003\u793e\u5916\u7528\u5099\u8003\u793e\u5916\u7528\u5099\u8003\u793e\u5916\u7528\u5099\u8003\u793e\u5916\u7528\u5099\u8003\u793e\u5916\u7528\u5099\u8003\u793e\u5916\u7528\u5099\u8003\u793e\u5916\u7528\u5099\u8003\u793e\u5916\u7528\u5099\u8003\u793e\u5916\u7528\u5099\u8003\u793e\u5916\u7528\u5099\u8003\u793e\u5916\u7528\u5099\u8003\u793e\u5916\u7528\u5099\u8003\u793e\u5916\u7528\u5099\u8003\u793e\u5916\u7528\u5099\u8003\u793e\u5916\u7528\u5099\u8003\u793e\u5916\u7528\u5099\u8003","qty":"645","unit_of_m_div":"001","unit_price":"645","amount":"416025","detail_tax":"37442.25","unit_measure_qty":"645","unit_measure_price":"001","outside_remarks":"","unit_net_weight":"16","unit_net_weight_div":"001","net_weight":"10320","unit_gross_weight":"20","gross_weight":"12900","measure":"416025"},{"pi_detail_no":"6","sales_detail_div":"0","product_cd":"10007","description":"\uff97\uff8a\uff9e\uff70\uff8a\uff9f\uff6f\uff77\uff9d\uff78\uff9e(HC-702)\uff9b\uff70\uff80\uff70","qty":"645","unit_of_m_div":"001","unit_price":"65464","amount":"42224280","detail_tax":"3800185.2","unit_measure_qty":"645","unit_measure_price":"001","outside_remarks":"","unit_net_weight":"16","unit_net_weight_div":"001","net_weight":"10320","unit_gross_weight":"20","gross_weight":"12900","measure":"416025"},{"pi_detail_no":"7","sales_detail_div":"0","product_cd":"10007","description":"Digital UV-VIS Spectrophotometer Model PD-3000UV with standard accessories (220VAC 50\/60Hz)","qty":"886","unit_of_m_div":"001","unit_price":"65464","amount":"58001104","detail_tax":"5220099.36","unit_measure_qty":"0","unit_measure_price":"001","outside_remarks":"","unit_net_weight":"16","unit_net_weight_div":"001","net_weight":"14176","unit_gross_weight":"20","gross_weight":"17720","measure":"0"},{"pi_detail_no":"8","sales_detail_div":"0","product_cd":"10007","description":"Digital UV-VIS Spectrophotometer Model PD-3000UV with standard accessories (220VAC 50\/60Hz)","qty":"786","unit_of_m_div":"001","unit_price":"6456","amount":"5074416","detail_tax":"456697.44","unit_measure_qty":"0","unit_measure_price":"001","outside_remarks":"\uff8b\uff9f\uff8d\uff9f\uff6f\uff84+50\uff81\uff6f\uff8c\uff9f\uff7e\uff6f\uff84","unit_net_weight":"16","unit_net_weight_div":"001","net_weight":"12576","unit_gross_weight":"20","gross_weight":"15720","measure":"0"},{"pi_detail_no":"9","sales_detail_div":"0","product_cd":"10005","description":"Digital Spectrophotometer Model PD-303S (5 parameters type) with micoprocessor and Standard accessories","qty":"685","unit_of_m_div":"001","unit_price":"645654","amount":"442272990","detail_tax":"39804569.1","unit_measure_qty":"0","unit_measure_price":"001","outside_remarks":"AP-101\u7528\u30a2\u30ca\u30ed\u30b0\u30b1\u30fc\u30d6\u30eb","unit_net_weight":"4","unit_net_weight_div":"001","net_weight":"2740","unit_gross_weight":"6.4","gross_weight":"4384","measure":"0"},{"pi_detail_no":"10","sales_detail_div":"3","product_cd":"10007","description":"Digital UV-VIS Spectrophotometer Model PD-3000UV with standard accessories (220VAC 50\/60Hz)","qty":"789","unit_of_m_div":"001","unit_price":"64564","amount":"50940996","detail_tax":"4584689.64","unit_measure_qty":"0","unit_measure_price":"001","outside_remarks":"","unit_net_weight":"16","unit_net_weight_div":"001","net_weight":"12624","unit_gross_weight":"20","gross_weight":"15780","measure":"0"},{"pi_detail_no":"11","sales_detail_div":"0","product_cd":"10007","description":"Digital UV-VIS Spectrophotometer Model PD-3000UV with standard accessories (220VAC 50\/60Hz)","qty":"76","unit_of_m_div":"001","unit_price":"64564","amount":"4906864","detail_tax":"441617.76","unit_measure_qty":"0","unit_measure_price":"001","outside_remarks":"\u793e\u5916\u7528\u5099\u8003\u793e\u5916\u7528\u5099\u8003\u793e\u5916\u7528\u5099\u8003\u793e\u5916\u7528\u5099\u8003\u793e\u5916\u7528\u5099\u8003\u793e\u5916\u7528\u5099\u8003\u793e\u5916\u7528\u5099\u8003\u793e\u5916\u7528\u5099\u8003\u793e\u5916\u7528\u5099\u8003\u793e\u5916\u7528\u5099\u8003\u793e\u5916\u7528\u5099\u8003\u793e\u5916\u7528\u5099\u8003\u793e\u5916\u7528\u5099\u8003\u793e\u5916\u7528\u5099\u8003\u793e\u5916\u7528\u5099\u8003\u793e\u5916\u7528\u5099\u8003\u793e\u5916\u7528\u5099\u8003\u793e\u5916\u7528\u5099\u8003\u793e\u5916\u7528\u5099\u8003\u793e\u5916\u7528\u5099\u8003\u793e\u5916\u7528\u5099\u8003\u793e\u5916\u7528\u5099\u8003\u793e\u5916\u7528\u5099\u8003\u793e\u5916\u7528\u5099\u8003","unit_net_weight":"16","unit_net_weight_div":"001","net_weight":"1216","unit_gross_weight":"20","gross_weight":"1520","measure":"0"},{"pi_detail_no":"12","sales_detail_div":"0","product_cd":"10005","description":"\u793e\u5916\u7528\u5099\u8003\u793e\u5916\u7528\u5099\u8003\u793e\u5916\u7528\u5099\u8003\u793e\u5916\u7528\u5099\u8003\u793e\u5916\u7528\u5099\u8003\u793e\u5916\u7528\u5099\u8003\u793e\u5916\u7528\u5099\u8003\u793e\u5916\u7528\u5099\u8003\u793e\u5916\u7528\u5099\u8003\u793e\u5916\u7528\u5099\u8003\u793e\u5916\u7528\u5099\u8003\u793e\u5916\u7528\u5099\u8003\u793e\u5916\u7528\u5099\u8003\u793e\u5916\u7528\u5099\u8003\u793e\u5916\u7528\u5099\u8003\u793e\u5916\u7528\u5099\u8003\u793e\u5916\u7528\u5099\u8003\u793e\u5916\u7528\u5099\u8003\u793e\u5916\u7528\u5099\u8003\u793e\u5916\u7528\u5099\u8003\u793e\u5916\u7528\u5099\u8003\u793e\u5916\u7528\u5099\u8003\u793e\u5916\u7528\u5099\u8003\u793e\u5916\u7528\u5099\u8003","qty":"66","unit_of_m_div":"001","unit_price":"645645","amount":"42612570","detail_tax":"3835131.3","unit_measure_qty":"0","unit_measure_price":"001","outside_remarks":"\u793e\u5916\u7528\u5099\u8003\u793e\u5916\u7528\u5099\u8003\u793e\u5916\u7528\u5099\u8003\u793e\u5916\u7528\u5099\u8003\u793e\u5916\u7528\u5099\u8003\u793e\u5916\u7528\u5099\u8003\u793e\u5916\u7528\u5099\u8003\u793e\u5916\u7528\u5099\u8003\u793e\u5916\u7528\u5099\u8003\u793e\u5916\u7528\u5099\u8003\u793e\u5916\u7528\u5099\u8003\u793e\u5916\u7528\u5099\u8003\u793e\u5916\u7528\u5099\u8003\u793e\u5916\u7528\u5099\u8003\u793e\u5916\u7528\u5099\u8003\u793e\u5916\u7528\u5099\u8003\u793e\u5916\u7528\u5099\u8003\u793e\u5916\u7528\u5099\u8003\u793e\u5916\u7528\u5099\u8003\u793e\u5916\u7528\u5099\u8003\u793e\u5916\u7528\u5099\u8003\u793e\u5916\u7528\u5099\u8003\u793e\u5916\u7528\u5099\u8003\u793e\u5916\u7528\u5099\u8003","unit_net_weight":"4","unit_net_weight_div":"001","net_weight":"264","unit_gross_weight":"6.4","gross_weight":"422.4","measure":"0"},{"pi_detail_no":"13","sales_detail_div":"0","product_cd":"10005","description":"AP-101\u7528\u30a2\u30ca\u30ed\u30b0\u30b1\u30fc\u30d6\u30eb","qty":"6456","unit_of_m_div":"001","unit_price":"6456","amount":"41679936","detail_tax":"3751194.24","unit_measure_qty":"645","unit_measure_price":"001","outside_remarks":"\u793e\u5916\u7528\u5099\u8003\u793e\u5916\u7528\u5099\u8003\u793e\u5916\u7528\u5099\u8003\u793e\u5916\u7528\u5099\u8003\u793e\u5916\u7528\u5099\u8003\u793e\u5916\u7528\u5099\u8003\u793e\u5916\u7528\u5099\u8003\u793e\u5916\u7528\u5099\u8003\u793e\u5916\u7528\u5099\u8003\u793e\u5916\u7528\u5099\u8003\u793e\u5916\u7528\u5099\u8003\u793e\u5916\u7528\u5099\u8003\u793e\u5916\u7528\u5099\u8003\u793e\u5916\u7528\u5099\u8003\u793e\u5916\u7528\u5099\u8003\u793e\u5916\u7528\u5099\u8003\u793e\u5916\u7528\u5099\u8003\u793e\u5916\u7528\u5099\u8003\u793e\u5916\u7528\u5099\u8003\u793e\u5916\u7528\u5099\u8003\u793e\u5916\u7528\u5099\u8003\u793e\u5916\u7528\u5099\u8003\u793e\u5916\u7528\u5099\u8003\u793e\u5916\u7528\u5099\u8003","unit_net_weight":"4","unit_net_weight_div":"001","net_weight":"25824","unit_gross_weight":"6.4","gross_weight":"41318.4","measure":"4164120"},{"pi_detail_no":"14","sales_detail_div":"3","product_cd":"PD001","description":"Dignissimos consectetur excepturi enim harum quis excepturi culpa laborum Nulla ut tempor voluptatem sed voluptatibus","qty":"886","unit_of_m_div":"001","unit_price":"756756.46","amount":"670486223.56","detail_tax":"60343760.12","unit_measure_qty":"413","unit_measure_price":"002","outside_remarks":"\u793e\u5916\u7528\u5099\u8003\u793e\u5916\u7528\u5099\u8003\u793e\u5916\u7528\u5099\u8003\u793e\u5916\u7528\u5099\u8003\u793e\u5916\u7528\u5099\u8003\u793e\u5916\u7528\u5099\u8003\u793e\u5916\u7528\u5099\u8003\u793e\u5916\u7528\u5099\u8003\u793e\u5916\u7528\u5099\u8003\u793e\u5916\u7528\u5099\u8003\u793e\u5916\u7528\u5099\u8003\u793e\u5916\u7528\u5099\u8003\u793e\u5916\u7528\u5099\u8003\u793e\u5916\u7528\u5099\u8003\u793e\u5916\u7528\u5099\u8003\u793e\u5916\u7528\u5099\u8003\u793e\u5916\u7528\u5099\u8003\u793e\u5916\u7528\u5099\u8003\u793e\u5916\u7528\u5099\u8003\u793e\u5916\u7528\u5099\u8003\u793e\u5916\u7528\u5099\u8003\u793e\u5916\u7528\u5099\u8003\u793e\u5916\u7528\u5099\u8003\u793e\u5916\u7528\u5099\u8003","unit_net_weight":"787","unit_net_weight_div":"001","net_weight":"697282","unit_gross_weight":"41231","gross_weight":"36530666","measure":"365918"},{"pi_detail_no":"15","sales_detail_div":"3","product_cd":"0003","description":"ACT\u6e2c\u5b9a\u6a5f\u793e\u5916\u7528\u5099\u8003\u793e\u5916\u7528\u5099\u8003\u793e\u5916\u7528\u5099\u8003\u793e\u5916\u7528\u5099\u8003\u793e\u5916\u7528\u5099\u8003\u793e\u5916\u7528\u5099\u8003\u793e\u5916\u7528\u5099\u8003\u793e\u5916\u7528\u5099\u8003\u793e\u5916\u7528\u5099\u8003\u793e\u5916\u7528\u5099\u8003\u793e\u5916\u7528\u5099\u8003\u793e\u5916\u7528\u5099\u8003\u793e\u5916\u7528\u5099\u8003\u793e\u5916\u7528\u5099\u8003\u793e\u5916\u7528\u5099\u8003\u793e\u5916\u7528\u5099\u8003\u793e\u5916\u7528\u5099\u8003\u793e\u5916\u7528\u5099\u8003\u793e\u5916\u7528\u5099\u8003\u793e\u5916\u7528\u5099\u8003\u793e\u5916\u7528\u5099\u8003\u793e\u5916\u7528\u5099\u8003\u793e\u5916\u7528\u5099","qty":"966","unit_of_m_div":"001","unit_price":"96797.78","amount":"93506655.48","detail_tax":"8415599","unit_measure_qty":"867.78","unit_measure_price":"001","outside_remarks":"\u793e\u5916\u7528\u5099\u8003\u793e\u5916\u7528\u5099\u8003\u793e\u5916\u7528\u5099\u8003\u793e\u5916\u7528\u5099\u8003\u793e\u5916\u7528\u5099\u8003\u793e\u5916\u7528\u5099\u8003\u793e\u5916\u7528\u5099\u8003\u793e\u5916\u7528\u5099\u8003\u793e\u5916\u7528\u5099\u8003\u793e\u5916\u7528\u5099\u8003\u793e\u5916\u7528\u5099\u8003\u793e\u5916\u7528\u5099\u8003\u793e\u5916\u7528\u5099\u8003\u793e\u5916\u7528\u5099\u8003\u793e\u5916\u7528\u5099\u8003\u793e\u5916\u7528\u5099\u8003\u793e\u5916\u7528\u5099\u8003\u793e\u5916\u7528\u5099\u8003\u793e\u5916\u7528\u5099\u8003\u793e\u5916\u7528\u5099\u8003\u793e\u5916\u7528\u5099\u8003\u793e\u5916\u7528\u5099\u8003\u793e\u5916\u7528\u5099\u8003\u793e\u5916\u7528\u5099\u8003","unit_net_weight":"1","unit_net_weight_div":"001","net_weight":"966","unit_gross_weight":"86786.86","gross_weight":"83836106.76","measure":"838275.48"},{"pi_detail_no":"16","sales_detail_div":"0","product_cd":"99992","description":"FOB(FCA)charge\u793e\u5916\u7528\u5099\u8003\u793e\u5916\u7528\u5099\u8003\u793e\u5916\u7528\u5099\u8003\u793e\u5916\u7528\u5099\u8003\u793e\u5916\u7528\u5099\u8003\u793e\u5916\u7528\u5099\u8003\u793e\u5916\u7528\u5099\u8003\u793e\u5916\u7528\u5099\u8003\u793e\u5916\u7528\u5099\u8003\u793e\u5916\u7528\u5099\u8003\u793e\u5916\u7528\u5099\u8003\u793e\u5916\u7528\u5099\u8003\u793e\u5916\u7528\u5099\u8003\u793e\u5916\u7528\u5099\u8003\u793e\u5916\u7528\u5099\u8003\u793e\u5916\u7528\u5099\u8003\u793e\u5916\u7528\u5099\u8003\u793e\u5916\u7528\u5099\u8003\u793e\u5916\u7528\u5099\u8003\u793e\u5916\u7528\u5099\u8003\u793e\u5916\u7528\u5099\u8003\u793e","qty":"1","unit_of_m_div":"001","unit_price":"97897","amount":"97897","detail_tax":"8810.73","unit_measure_qty":"0","unit_measure_price":"001","outside_remarks":"","unit_net_weight":"1","unit_net_weight_div":"001","net_weight":"1","unit_gross_weight":"67867","gross_weight":"67867","measure":"0"},{"pi_detail_no":"17","sales_detail_div":"3","product_cd":"0005","description":"AP-101\u7528\u30a2\u30ca\u30ed\u30b0\u30b1\u30fc\u30d6\u30eb","qty":"999999","unit_of_m_div":"001","unit_price":"999","amount":"998999001","detail_tax":"89909910.09","unit_measure_qty":"756.86","unit_measure_price":"001","outside_remarks":"\u793e\u5916\u7528\u5099\u8003\u793e\u5916\u7528\u5099\u8003\u793e\u5916\u7528\u5099\u8003\u793e\u5916\u7528\u5099\u8003\u793e\u5916\u7528\u5099\u8003\u793e\u5916\u7528\u5099\u8003\u793e\u5916\u7528\u5099\u8003\u793e\u5916\u7528\u5099\u8003\u793e\u5916\u7528\u5099\u8003\u793e\u5916\u7528\u5099\u8003\u793e\u5916\u7528\u5099\u8003\u793e\u5916\u7528\u5099\u8003\u793e\u5916\u7528\u5099\u8003\u793e\u5916\u7528\u5099\u8003\u793e\u5916\u7528\u5099\u8003\u793e\u5916\u7528\u5099\u8003\u793e\u5916\u7528\u5099\u8003\u793e\u5916\u7528\u5099\u8003\u793e\u5916\u7528\u5099\u8003\u793e\u5916\u7528\u5099\u8003\u793e\u5916\u7528\u5099\u8003\u793e\u5916\u7528\u5099\u8003\u793e\u5916\u7528\u5099\u8003\u793e\u5916\u7528\u5099\u8003","unit_net_weight":"1","unit_net_weight_div":"001","net_weight":"999999","unit_gross_weight":"75675.67","gross_weight":"75675594324.33","measure":"756859243.14"},{"pi_detail_no":"18","sales_detail_div":"0","product_cd":"6501","description":"Halogen lamp for PD-3000UV(e)","qty":"1","unit_of_m_div":"001","unit_price":"867868","amount":"867868","detail_tax":"78108.12","unit_measure_qty":"0","unit_measure_price":"001","outside_remarks":"","unit_net_weight":"1","unit_net_weight_div":"001","net_weight":"1","unit_gross_weight":"86786.68","gross_weight":"86786.68","measure":"0"},{"pi_detail_no":"19","sales_detail_div":"3","product_cd":"99992","description":"FOB(FCA)charge\u793e\u5916\u7528\u5099\u8003\u793e\u5916\u7528\u5099\u8003\u793e\u5916\u7528\u5099\u8003\u793e\u5916\u7528\u5099\u8003\u793e\u5916\u7528\u5099\u8003\u793e\u5916\u7528\u5099\u8003\u793e\u5916\u7528\u5099\u8003\u793e\u5916\u7528\u5099\u8003\u793e\u5916\u7528\u5099\u8003\u793e\u5916\u7528\u5099\u8003\u793e\u5916\u7528\u5099\u8003\u793e\u5916\u7528\u5099\u8003\u793e\u5916\u7528\u5099\u8003\u793e\u5916\u7528\u5099\u8003\u793e\u5916\u7528\u5099\u8003\u793e\u5916\u7528\u5099\u8003\u793e\u5916\u7528\u5099\u8003\u793e\u5916\u7528\u5099\u8003\u793e\u5916\u7528\u5099\u8003\u793e\u5916\u7528\u5099\u8003\u793e\u5916\u7528\u5099\u8003\u793e","qty":"1","unit_of_m_div":"002","unit_price":"75675567.78","amount":"75675567.78","detail_tax":"6810801.1","unit_measure_qty":"867.67","unit_measure_price":"001","outside_remarks":"","unit_net_weight":"1","unit_net_weight_div":"001","net_weight":"1","unit_gross_weight":"86786.78","gross_weight":"86786.78","measure":"867.67"},{"pi_detail_no":"20","sales_detail_div":"0","product_cd":"6263","description":"BR-501 holder ring\u793e\u5916\u7528\u5099\u8003\u793e\u5916\u7528\u5099\u8003\u793e\u5916\u7528\u5099\u8003\u793e\u5916\u7528\u5099\u8003\u793e\u5916\u7528\u5099\u8003\u793e\u5916\u7528\u5099\u8003\u793e\u5916\u7528\u5099\u8003\u793e\u5916\u7528\u5099\u8003\u793e\u5916\u7528\u5099\u8003\u793e\u5916\u7528\u5099\u8003\u793e\u5916\u7528\u5099\u8003\u793e\u5916\u7528\u5099\u8003\u793e\u5916\u7528\u5099\u8003\u793e\u5916\u7528\u5099\u8003\u793e\u5916\u7528\u5099\u8003\u793e\u5916\u7528\u5099\u8003\u793e\u5916\u7528\u5099\u8003\u793e\u5916\u7528\u5099\u8003\u793e\u5916\u7528\u5099\u8003\u793e\u5916\u7528\u5099\u8003\u793e\u5916","qty":"86","unit_of_m_div":"001","unit_price":"56756.67","amount":"4881073.62","detail_tax":"439296.63","unit_measure_qty":"867.68","unit_measure_price":"001","outside_remarks":"","unit_net_weight":"886","unit_net_weight_div":"001","net_weight":"76196","unit_gross_weight":"0","gross_weight":"0","measure":"74620.48"},{"pi_detail_no":"21","sales_detail_div":"3","product_cd":"6263","description":"BR-501 holder ring\u793e\u5916\u7528\u5099\u8003\u793e\u5916\u7528\u5099\u8003\u793e\u5916\u7528\u5099\u8003\u793e\u5916\u7528\u5099\u8003\u793e\u5916\u7528\u5099\u8003\u793e\u5916\u7528\u5099\u8003\u793e\u5916\u7528\u5099\u8003\u793e\u5916\u7528\u5099\u8003\u793e\u5916\u7528\u5099\u8003\u793e\u5916\u7528\u5099\u8003\u793e\u5916\u7528\u5099\u8003\u793e\u5916\u7528\u5099\u8003\u793e\u5916\u7528\u5099\u8003\u793e\u5916\u7528\u5099\u8003\u793e\u5916\u7528\u5099\u8003\u793e\u5916\u7528\u5099\u8003\u793e\u5916\u7528\u5099\u8003\u793e\u5916\u7528\u5099\u8003\u793e\u5916\u7528\u5099\u8003\u793e\u5916\u7528\u5099\u8003\u793e\u5916","qty":"788","unit_of_m_div":"001","unit_price":"86786","amount":"68387368","detail_tax":"6154863.12","unit_measure_qty":"867.67","unit_measure_price":"001","outside_remarks":"","unit_net_weight":"7897","unit_net_weight_div":"001","net_weight":"6222836","unit_gross_weight":"86786.78","gross_weight":"68387982.64","measure":"683723.96"},{"pi_detail_no":"22","sales_detail_div":"0","product_cd":"6263","description":"BR-501 holder ring\u793e\u5916\u7528\u5099\u8003\u793e\u5916\u7528\u5099\u8003\u793e\u5916\u7528\u5099\u8003\u793e\u5916\u7528\u5099\u8003\u793e\u5916\u7528\u5099\u8003\u793e\u5916\u7528\u5099\u8003\u793e\u5916\u7528\u5099\u8003\u793e\u5916\u7528\u5099\u8003\u793e\u5916\u7528\u5099\u8003\u793e\u5916\u7528\u5099\u8003\u793e\u5916\u7528\u5099\u8003\u793e\u5916\u7528\u5099\u8003\u793e\u5916\u7528\u5099\u8003\u793e\u5916\u7528\u5099\u8003\u793e\u5916\u7528\u5099\u8003\u793e\u5916\u7528\u5099\u8003\u793e\u5916\u7528\u5099\u8003\u793e\u5916\u7528\u5099\u8003\u793e\u5916\u7528\u5099\u8003\u793e\u5916\u7528\u5099\u8003\u793e\u5916","qty":"1","unit_of_m_div":"001","unit_price":"86786.76","amount":"86786.76","detail_tax":"7810.81","unit_measure_qty":"567.67","unit_measure_price":"001","outside_remarks":"","unit_net_weight":"897","unit_net_weight_div":"001","net_weight":"897","unit_gross_weight":"97897.78","gross_weight":"97897.78","measure":"567.67"},{"pi_detail_no":"23","sales_detail_div":"0","product_cd":"6263","description":"BR-501 holder ring\u793e\u5916\u7528\u5099\u8003\u793e\u5916\u7528\u5099\u8003\u793e\u5916\u7528\u5099\u8003\u793e\u5916\u7528\u5099\u8003\u793e\u5916\u7528\u5099\u8003\u793e\u5916\u7528\u5099\u8003\u793e\u5916\u7528\u5099\u8003\u793e\u5916\u7528\u5099\u8003\u793e\u5916\u7528\u5099\u8003\u793e\u5916\u7528\u5099\u8003\u793e\u5916\u7528\u5099\u8003\u793e\u5916\u7528\u5099\u8003\u793e\u5916\u7528\u5099\u8003\u793e\u5916\u7528\u5099\u8003\u793e\u5916\u7528\u5099\u8003\u793e\u5916\u7528\u5099\u8003\u793e\u5916\u7528\u5099\u8003\u793e\u5916\u7528\u5099\u8003\u793e\u5916\u7528\u5099\u8003\u793e\u5916\u7528\u5099\u8003\u793e\u5916","qty":"7887","unit_of_m_div":"001","unit_price":"86786.78","amount":"684487333.86","detail_tax":"61603860.5","unit_measure_qty":"867.67","unit_measure_price":"001","outside_remarks":"","unit_net_weight":"1","unit_net_weight_div":"001","net_weight":"7887","unit_gross_weight":"8585.68","gross_weight":"67715258.16","measure":"6843313.29"},{"pi_detail_no":"24","sales_detail_div":"3","product_cd":"10001","description":"Mobile Photoelectric colorimeter Model AP-1000M with standard accessories","qty":"90","unit_of_m_div":"002","unit_price":"86786.68","amount":"7810801.2","detail_tax":"702972.11","unit_measure_qty":"0.5","unit_measure_price":"001","outside_remarks":"","unit_net_weight":"0.8","unit_net_weight_div":"001","net_weight":"72","unit_gross_weight":"0.7","gross_weight":"63","measure":"45"},{"pi_detail_no":"25","sales_detail_div":"3","product_cd":"10005","description":"Digital Spectrophotometer Model PD-303S (5 parameters type) with micoprocessor and Standard accessories","qty":"76","unit_of_m_div":"001","unit_price":"86786.67","amount":"6595786.92","detail_tax":"593620.83","unit_measure_qty":"867.67","unit_measure_price":"001","outside_remarks":"","unit_net_weight":"87","unit_net_weight_div":"001","net_weight":"6612","unit_gross_weight":"86786.67","gross_weight":"6595786.92","measure":"65942.92"},{"pi_detail_no":"26","sales_detail_div":"3","product_cd":"10006","description":"Digital UV-VIS Spectrophotometer Model PD-303UV with standard accessories (110\/220VAC 50\/60Hz)","qty":"87","unit_of_m_div":"001","unit_price":"86786.67","amount":"7550440.29","detail_tax":"679539.63","unit_measure_qty":"0","unit_measure_price":"001","outside_remarks":"","unit_net_weight":"75","unit_net_weight_div":"001","net_weight":"6525","unit_gross_weight":"16.5","gross_weight":"1435.5","measure":"0"},{"pi_detail_no":"27","sales_detail_div":"0","product_cd":"10006","description":"Digital UV-VIS Spectrophotometer Model PD-303UV with standard accessories (110\/220VAC 50\/60Hz)","qty":"75","unit_of_m_div":"001","unit_price":"86786.68","amount":"6509001","detail_tax":"585810.09","unit_measure_qty":"867.67","unit_measure_price":"001","outside_remarks":"","unit_net_weight":"12","unit_net_weight_div":"001","net_weight":"900","unit_gross_weight":"16.5","gross_weight":"1237.5","measure":"65075.25"},{"pi_detail_no":"28","sales_detail_div":"3","product_cd":"10006","description":"Digital UV-VIS Spectrophotometer Model PD-303UV with standard accessories (110\/220VAC 50\/60Hz)","qty":"1","unit_of_m_div":"001","unit_price":"86786.67","amount":"86786.67","detail_tax":"7810.8","unit_measure_qty":"756.67","unit_measure_price":"001","outside_remarks":"","unit_net_weight":"756","unit_net_weight_div":"001","net_weight":"756","unit_gross_weight":"16.5","gross_weight":"16.5","measure":"756.67"},{"pi_detail_no":"29","sales_detail_div":"3","product_cd":"10006","description":"Digital UV-VIS Spectrophotometer Model PD-303UV with standard accessories (110\/220VAC 50\/60Hz)","qty":"756","unit_of_m_div":"001","unit_price":"676867.97","amount":"511712185.32","detail_tax":"46054096.68","unit_measure_qty":"867.78","unit_measure_price":"001","outside_remarks":"","unit_net_weight":"876","unit_net_weight_div":"001","net_weight":"662256","unit_gross_weight":"16.5","gross_weight":"12474","measure":"656041.68"},{"pi_detail_no":"30","sales_detail_div":"0","product_cd":"10006","description":"Digital UV-VIS Spectrophotometer Model PD-303UV with standard accessories (110\/220VAC 50\/60Hz)","qty":"117","unit_of_m_div":"001","unit_price":"9999999.11","amount":"1169999895.87","detail_tax":"105299990.63","unit_measure_qty":"0","unit_measure_price":"001","outside_remarks":"","unit_net_weight":"12","unit_net_weight_div":"001","net_weight":"1404","unit_gross_weight":"16.5","gross_weight":"1930.5","measure":"0"}]','1023509','002','75939139744.75','001','8775176.6','001','771450889.71','001','4996364338.79','88888886.78','8678678.78','0','5093931904.35','Around 1 month after receipt of payment','','Japan','APEL CO.,LTD.','This Proforma invoice is valid for 2 weeks from the date of  issue.','- If a consulate visa is required, the related fees should be paid by the buyer.','- In case of transport by air and/or container, FOB, C&F and CIF in this proforma invoice','shall be respectively equivalent to FCA, CPT and CIP stipulated in Incoterms 2000.','- In the event that the dollar (euro)falls against the Japanese yen by more than 5% from','the rate of proforma invoice date, the prices will not be effective.','* Remittance charge must be covered by sender.','*** Warranty period after shipment***','3 years: PD-303, BR-501','1 year: AP-120, AP-1000M, PD-303S, PD-3000UV, BR-5200, BR-5200P, HC-702, HG-220','*Our bank account is only Japanese one.(We have no bank account outside Japan)','812','','','001_pi-detail','';
2018-02-06 11:11:18 EXEC SPC_001_PI_DETAIL_INQ1 'RT-180201009';
2018-02-06 11:11:19 EXEC SPC_COM_GET_COMBOBOX 'sales_detail_div';
2018-02-06 11:11:19 EXEC SPC_COM_GET_COMBOBOX 'unit_q_div';
2018-02-06 11:11:19 EXEC SPC_COM_GET_COMBOBOX 'unit_w_div';
2018-02-06 11:11:19 EXEC SPC_COM_GET_COMBOBOX 'unit_m_div';
2018-02-06 11:11:19 EXEC SPC_GET_TAX_RATE '2018/02/01';
2018-02-06 11:11:25 EXEC SPC_GET_CONSTANT '';
2018-02-06 11:11:25 EXEC SPC_003_PI_EXCEL_INQ1 'RT-180201009','','003_pi-excel','';
2018-02-06 11:11:47 EXEC SPC_GET_CONSTANT '';
2018-02-06 11:11:47 EXEC SPC_003_PI_EXCEL_INQ1 'RT-180201009','','003_pi-excel','';
2018-02-06 11:14:11 EXEC SPC_GET_CONSTANT '';
2018-02-06 11:14:11 EXEC SPC_003_PI_EXCEL_INQ1 'RT-180201009','','003_pi-excel','';
2018-02-06 11:18:24 EXEC SPC_GET_CONSTANT '';
2018-02-06 11:18:24 EXEC SPC_003_PI_EXCEL_INQ1 'RT-180201009','','003_pi-excel','';
2018-02-06 11:19:50 EXEC SPC_001_PI_DETAIL_ACT4 'RT-180201009','','','001_pi-detail','';
2018-02-06 11:19:51 EXEC SPC_001_PI_DETAIL_INQ1 'RT-180201009';
2018-02-06 11:19:51 EXEC SPC_GET_TAX_RATE '2018/02/01';
2018-02-06 11:19:52 EXEC SPC_COM_GET_COMBOBOX 'sales_detail_div';
2018-02-06 11:19:52 EXEC SPC_COM_GET_COMBOBOX 'unit_m_div';
2018-02-06 11:19:52 EXEC SPC_COM_GET_COMBOBOX 'unit_q_div';
2018-02-06 11:19:52 EXEC SPC_COM_GET_COMBOBOX 'unit_w_div';
2018-02-06 11:20:15 EXEC SPC_001_PI_DETAIL_ACT1 'A','RT-180201009','10','2018/02/01','F000','ABDULLAH BAGHAFFAR SONS CO.,LTD.','P.O.Box.20 Jeddah 21411','','F921','001','SY','(+843)438-543-534534','(+843)438-543-534534','','ALBIZ (S) PTE. LTD','Abdullah bin Abdullatif AL-Sheekh St. Beside Saudi British Bank','Abdullah bin Abdullatif AL-Sheekh St. Beside Saudi British Bank','F98342','004','TR','(+843)438-543-534534','(+843)438-543-534534','ABDULLAH BAGHAFFAR','JEDDAH','Shipping Mark3','Shipping Mark4','Standard Export Carton','','USD','060','01','02','003','NL','02','Payment','[{"pi_detail_no":"1","sales_detail_div":"0","product_cd":"10001","description":"Mobile Photoelectric colorimeter Model AP-1000M with standard accessories","qty":"1","unit_of_m_div":"002","unit_price":"645.46","amount":"645.46","detail_tax":"58.1","unit_measure_qty":"0.5","unit_measure_price":"001","outside_remarks":"","unit_net_weight":"0.8","unit_net_weight_div":"001","net_weight":"0.8","unit_gross_weight":"0.7","gross_weight":"0.7","measure":"0.5"},{"pi_detail_no":"2","sales_detail_div":"0","product_cd":"10001","description":"AP-101\u7528\u30a2\u30ca\u30ed\u30b0\u30b1\u30fc\u30d6\u30eb","qty":"1","unit_of_m_div":"002","unit_price":"65464","amount":"65464","detail_tax":"5891.76","unit_measure_qty":"0.5","unit_measure_price":"001","outside_remarks":"","unit_net_weight":"0.8","unit_net_weight_div":"001","net_weight":"0.8","unit_gross_weight":"0.7","gross_weight":"0.7","measure":"0.5"},{"pi_detail_no":"3","sales_detail_div":"0","product_cd":"10001","description":"Mobile Photoelectric colorimeter Model AP-1000M with standard accessories","qty":"1","unit_of_m_div":"002","unit_price":"6546","amount":"6546","detail_tax":"589.14","unit_measure_qty":"0.5","unit_measure_price":"001","outside_remarks":"","unit_net_weight":"0.8","unit_net_weight_div":"001","net_weight":"0.8","unit_gross_weight":"0.7","gross_weight":"0.7","measure":"0.5"},{"pi_detail_no":"4","sales_detail_div":"3","product_cd":"10001","description":"Mobile Photoelectric colorimeter Model AP-1000M with standard accessories","qty":"654","unit_of_m_div":"002","unit_price":"645","amount":"421830","detail_tax":"37964.7","unit_measure_qty":"0.5","unit_measure_price":"001","outside_remarks":"","unit_net_weight":"0.8","unit_net_weight_div":"001","net_weight":"523.2","unit_gross_weight":"0.7","gross_weight":"457.8","measure":"327"},{"pi_detail_no":"5","sales_detail_div":"0","product_cd":"10007","description":"Mobile Photoelectric colorimeter Model AP-1000M with standard accessories Mobile Photoelectric colorimeter Model AP-1000","qty":"645","unit_of_m_div":"001","unit_price":"645","amount":"416025","detail_tax":"37442.25","unit_measure_qty":"645","unit_measure_price":"001","outside_remarks":"","unit_net_weight":"16","unit_net_weight_div":"001","net_weight":"10320","unit_gross_weight":"20","gross_weight":"12900","measure":"416025"},{"pi_detail_no":"6","sales_detail_div":"0","product_cd":"10007","description":"\uff97\uff8a\uff9e\uff70\uff8a\uff9f\uff6f\uff77\uff9d\uff78\uff9e(HC-702)\uff9b\uff70\uff80\uff70","qty":"645","unit_of_m_div":"001","unit_price":"65464","amount":"42224280","detail_tax":"3800185.2","unit_measure_qty":"645","unit_measure_price":"001","outside_remarks":"","unit_net_weight":"16","unit_net_weight_div":"001","net_weight":"10320","unit_gross_weight":"20","gross_weight":"12900","measure":"416025"},{"pi_detail_no":"7","sales_detail_div":"0","product_cd":"10007","description":"Digital UV-VIS Spectrophotometer Model PD-3000UV with standard accessories (220VAC 50\/60Hz)","qty":"886","unit_of_m_div":"001","unit_price":"65464","amount":"58001104","detail_tax":"5220099.36","unit_measure_qty":"0","unit_measure_price":"001","outside_remarks":"","unit_net_weight":"16","unit_net_weight_div":"001","net_weight":"14176","unit_gross_weight":"20","gross_weight":"17720","measure":"0"},{"pi_detail_no":"8","sales_detail_div":"0","product_cd":"10007","description":"Digital UV-VIS Spectrophotometer Model PD-3000UV with standard accessories (220VAC 50\/60Hz)","qty":"786","unit_of_m_div":"001","unit_price":"6456","amount":"5074416","detail_tax":"456697.44","unit_measure_qty":"0","unit_measure_price":"001","outside_remarks":"\uff8b\uff9f\uff8d\uff9f\uff6f\uff84+50\uff81\uff6f\uff8c\uff9f\uff7e\uff6f\uff84","unit_net_weight":"16","unit_net_weight_div":"001","net_weight":"12576","unit_gross_weight":"20","gross_weight":"15720","measure":"0"},{"pi_detail_no":"9","sales_detail_div":"0","product_cd":"10005","description":"Digital Spectrophotometer Model PD-303S (5 parameters type) with micoprocessor and Standard accessories","qty":"685","unit_of_m_div":"001","unit_price":"645654","amount":"442272990","detail_tax":"39804569.1","unit_measure_qty":"0","unit_measure_price":"001","outside_remarks":"AP-101\u7528\u30a2\u30ca\u30ed\u30b0\u30b1\u30fc\u30d6\u30eb","unit_net_weight":"4","unit_net_weight_div":"001","net_weight":"2740","unit_gross_weight":"6.4","gross_weight":"4384","measure":"0"},{"pi_detail_no":"10","sales_detail_div":"3","product_cd":"10007","description":"Digital UV-VIS Spectrophotometer Model PD-3000UV with standard accessories (220VAC 50\/60Hz)","qty":"789","unit_of_m_div":"001","unit_price":"64564","amount":"50940996","detail_tax":"4584689.64","unit_measure_qty":"0","unit_measure_price":"001","outside_remarks":"","unit_net_weight":"16","unit_net_weight_div":"001","net_weight":"12624","unit_gross_weight":"20","gross_weight":"15780","measure":"0"},{"pi_detail_no":"11","sales_detail_div":"0","product_cd":"10007","description":"Digital UV-VIS Spectrophotometer Model PD-3000UV with standard accessories (220VAC 50\/60Hz)","qty":"76","unit_of_m_div":"001","unit_price":"64564","amount":"4906864","detail_tax":"441617.76","unit_measure_qty":"0","unit_measure_price":"001","outside_remarks":"Mobile Photoelectric colorimeter Model AP-1000M with standard accessories","unit_net_weight":"16","unit_net_weight_div":"001","net_weight":"1216","unit_gross_weight":"20","gross_weight":"1520","measure":"0"},{"pi_detail_no":"12","sales_detail_div":"0","product_cd":"10005","description":"Mobile Photoelectric colorimeter Model AP-1000M with standard accessories","qty":"66","unit_of_m_div":"001","unit_price":"645645","amount":"42612570","detail_tax":"3835131.3","unit_measure_qty":"0","unit_measure_price":"001","outside_remarks":"Mobile Photoelectric colorimeter Model AP-1000M with standard accessories","unit_net_weight":"4","unit_net_weight_div":"001","net_weight":"264","unit_gross_weight":"6.4","gross_weight":"422.4","measure":"0"},{"pi_detail_no":"13","sales_detail_div":"0","product_cd":"10005","description":"AP-101\u7528\u30a2\u30ca\u30ed\u30b0\u30b1\u30fc\u30d6\u30eb","qty":"6456","unit_of_m_div":"001","unit_price":"6456","amount":"41679936","detail_tax":"3751194.24","unit_measure_qty":"645","unit_measure_price":"001","outside_remarks":"Mobile Photoelectric colorimeter Model AP-1000M with standard accessories","unit_net_weight":"4","unit_net_weight_div":"001","net_weight":"25824","unit_gross_weight":"6.4","gross_weight":"41318.4","measure":"4164120"},{"pi_detail_no":"14","sales_detail_div":"3","product_cd":"PD001","description":"Dignissimos consectetur excepturi enim harum quis excepturi culpa laborum Nulla ut tempor voluptatem sed voluptatibus","qty":"886","unit_of_m_div":"001","unit_price":"756756.46","amount":"670486223.56","detail_tax":"60343760.12","unit_measure_qty":"413","unit_measure_price":"002","outside_remarks":"\u793e\u5916\u7528\u5099\u8003\u793e\u5916\u7528\u5099\u8003\u793e\u5916\u7528\u5099\u8003\u793e\u5916\u7528\u5099\u8003\u793e\u5916\u7528\u5099\u8003\u793e\u5916\u7528\u5099\u8003\u793e\u5916\u7528\u5099\u8003\u793e\u5916\u7528\u5099\u8003\u793e\u5916\u7528\u5099\u8003\u793e\u5916\u7528\u5099\u8003\u793e\u5916\u7528\u5099\u8003\u793e\u5916\u7528\u5099\u8003\u793e\u5916\u7528\u5099\u8003\u793e\u5916\u7528\u5099\u8003\u793e\u5916\u7528\u5099\u8003\u793e\u5916\u7528\u5099\u8003\u793e\u5916\u7528\u5099\u8003\u793e\u5916\u7528\u5099\u8003\u793e\u5916\u7528\u5099\u8003\u793e\u5916\u7528\u5099\u8003\u793e\u5916\u7528\u5099\u8003\u793e\u5916\u7528\u5099\u8003\u793e\u5916\u7528\u5099\u8003\u793e\u5916\u7528\u5099\u8003","unit_net_weight":"787","unit_net_weight_div":"001","net_weight":"697282","unit_gross_weight":"41231","gross_weight":"36530666","measure":"365918"},{"pi_detail_no":"15","sales_detail_div":"3","product_cd":"0003","description":"ACT\u6e2c\u5b9a\u6a5f\u793e\u5916\u7528\u5099\u8003\u793e\u5916\u7528\u5099\u8003\u793e\u5916\u7528\u5099\u8003\u793e\u5916\u7528\u5099\u8003\u793e\u5916\u7528\u5099\u8003\u793e\u5916\u7528\u5099\u8003\u793e\u5916\u7528\u5099\u8003\u793e\u5916\u7528\u5099\u8003\u793e\u5916\u7528\u5099\u8003\u793e\u5916\u7528\u5099\u8003\u793e\u5916\u7528\u5099\u8003\u793e\u5916\u7528\u5099\u8003\u793e\u5916\u7528\u5099\u8003\u793e\u5916\u7528\u5099\u8003\u793e\u5916\u7528\u5099\u8003\u793e\u5916\u7528\u5099\u8003\u793e\u5916\u7528\u5099\u8003\u793e\u5916\u7528\u5099\u8003\u793e\u5916\u7528\u5099\u8003\u793e\u5916\u7528\u5099\u8003\u793e\u5916\u7528\u5099\u8003\u793e\u5916\u7528\u5099\u8003\u793e\u5916\u7528\u5099","qty":"966","unit_of_m_div":"001","unit_price":"96797.78","amount":"93506655.48","detail_tax":"8415599","unit_measure_qty":"867.78","unit_measure_price":"001","outside_remarks":"\u793e\u5916\u7528\u5099\u8003\u793e\u5916\u7528\u5099\u8003\u793e\u5916\u7528\u5099\u8003\u793e\u5916\u7528\u5099\u8003\u793e\u5916\u7528\u5099\u8003\u793e\u5916\u7528\u5099\u8003\u793e\u5916\u7528\u5099\u8003\u793e\u5916\u7528\u5099\u8003\u793e\u5916\u7528\u5099\u8003\u793e\u5916\u7528\u5099\u8003\u793e\u5916\u7528\u5099\u8003\u793e\u5916\u7528\u5099\u8003\u793e\u5916\u7528\u5099\u8003\u793e\u5916\u7528\u5099\u8003\u793e\u5916\u7528\u5099\u8003\u793e\u5916\u7528\u5099\u8003\u793e\u5916\u7528\u5099\u8003\u793e\u5916\u7528\u5099\u8003\u793e\u5916\u7528\u5099\u8003\u793e\u5916\u7528\u5099\u8003\u793e\u5916\u7528\u5099\u8003\u793e\u5916\u7528\u5099\u8003\u793e\u5916\u7528\u5099\u8003\u793e\u5916\u7528\u5099\u8003","unit_net_weight":"1","unit_net_weight_div":"001","net_weight":"966","unit_gross_weight":"86786.86","gross_weight":"83836106.76","measure":"838275.48"},{"pi_detail_no":"16","sales_detail_div":"0","product_cd":"99992","description":"FOB(FCA)charge\u793e\u5916\u7528\u5099\u8003\u793e\u5916\u7528\u5099\u8003\u793e\u5916\u7528\u5099\u8003\u793e\u5916\u7528\u5099\u8003\u793e\u5916\u7528\u5099\u8003\u793e\u5916\u7528\u5099\u8003\u793e\u5916\u7528\u5099\u8003\u793e\u5916\u7528\u5099\u8003\u793e\u5916\u7528\u5099\u8003\u793e\u5916\u7528\u5099\u8003\u793e\u5916\u7528\u5099\u8003\u793e\u5916\u7528\u5099\u8003\u793e\u5916\u7528\u5099\u8003\u793e\u5916\u7528\u5099\u8003\u793e\u5916\u7528\u5099\u8003\u793e\u5916\u7528\u5099\u8003\u793e\u5916\u7528\u5099\u8003\u793e\u5916\u7528\u5099\u8003\u793e\u5916\u7528\u5099\u8003\u793e\u5916\u7528\u5099\u8003\u793e\u5916\u7528\u5099\u8003\u793e","qty":"1","unit_of_m_div":"001","unit_price":"97897","amount":"97897","detail_tax":"8810.73","unit_measure_qty":"0","unit_measure_price":"001","outside_remarks":"","unit_net_weight":"1","unit_net_weight_div":"001","net_weight":"1","unit_gross_weight":"67867","gross_weight":"67867","measure":"0"},{"pi_detail_no":"17","sales_detail_div":"3","product_cd":"0005","description":"AP-101\u7528\u30a2\u30ca\u30ed\u30b0\u30b1\u30fc\u30d6\u30eb","qty":"999999","unit_of_m_div":"001","unit_price":"999","amount":"998999001","detail_tax":"89909910.09","unit_measure_qty":"756.86","unit_measure_price":"001","outside_remarks":"\u793e\u5916\u7528\u5099\u8003\u793e\u5916\u7528\u5099\u8003\u793e\u5916\u7528\u5099\u8003\u793e\u5916\u7528\u5099\u8003\u793e\u5916\u7528\u5099\u8003\u793e\u5916\u7528\u5099\u8003\u793e\u5916\u7528\u5099\u8003\u793e\u5916\u7528\u5099\u8003\u793e\u5916\u7528\u5099\u8003\u793e\u5916\u7528\u5099\u8003\u793e\u5916\u7528\u5099\u8003\u793e\u5916\u7528\u5099\u8003\u793e\u5916\u7528\u5099\u8003\u793e\u5916\u7528\u5099\u8003\u793e\u5916\u7528\u5099\u8003\u793e\u5916\u7528\u5099\u8003\u793e\u5916\u7528\u5099\u8003\u793e\u5916\u7528\u5099\u8003\u793e\u5916\u7528\u5099\u8003\u793e\u5916\u7528\u5099\u8003\u793e\u5916\u7528\u5099\u8003\u793e\u5916\u7528\u5099\u8003\u793e\u5916\u7528\u5099\u8003\u793e\u5916\u7528\u5099\u8003","unit_net_weight":"1","unit_net_weight_div":"001","net_weight":"999999","unit_gross_weight":"75675.67","gross_weight":"75675594324.33","measure":"756859243.14"},{"pi_detail_no":"18","sales_detail_div":"0","product_cd":"6501","description":"Halogen lamp for PD-3000UV(e)","qty":"1","unit_of_m_div":"001","unit_price":"867868","amount":"867868","detail_tax":"78108.12","unit_measure_qty":"0","unit_measure_price":"001","outside_remarks":"","unit_net_weight":"1","unit_net_weight_div":"001","net_weight":"1","unit_gross_weight":"86786.68","gross_weight":"86786.68","measure":"0"},{"pi_detail_no":"19","sales_detail_div":"3","product_cd":"99992","description":"FOB(FCA)charge\u793e\u5916\u7528\u5099\u8003\u793e\u5916\u7528\u5099\u8003\u793e\u5916\u7528\u5099\u8003\u793e\u5916\u7528\u5099\u8003\u793e\u5916\u7528\u5099\u8003\u793e\u5916\u7528\u5099\u8003\u793e\u5916\u7528\u5099\u8003\u793e\u5916\u7528\u5099\u8003\u793e\u5916\u7528\u5099\u8003\u793e\u5916\u7528\u5099\u8003\u793e\u5916\u7528\u5099\u8003\u793e\u5916\u7528\u5099\u8003\u793e\u5916\u7528\u5099\u8003\u793e\u5916\u7528\u5099\u8003\u793e\u5916\u7528\u5099\u8003\u793e\u5916\u7528\u5099\u8003\u793e\u5916\u7528\u5099\u8003\u793e\u5916\u7528\u5099\u8003\u793e\u5916\u7528\u5099\u8003\u793e\u5916\u7528\u5099\u8003\u793e\u5916\u7528\u5099\u8003\u793e","qty":"1","unit_of_m_div":"002","unit_price":"75675567.78","amount":"75675567.78","detail_tax":"6810801.1","unit_measure_qty":"867.67","unit_measure_price":"001","outside_remarks":"","unit_net_weight":"1","unit_net_weight_div":"001","net_weight":"1","unit_gross_weight":"86786.78","gross_weight":"86786.78","measure":"867.67"},{"pi_detail_no":"20","sales_detail_div":"0","product_cd":"6263","description":"BR-501 holder ring\u793e\u5916\u7528\u5099\u8003\u793e\u5916\u7528\u5099\u8003\u793e\u5916\u7528\u5099\u8003\u793e\u5916\u7528\u5099\u8003\u793e\u5916\u7528\u5099\u8003\u793e\u5916\u7528\u5099\u8003\u793e\u5916\u7528\u5099\u8003\u793e\u5916\u7528\u5099\u8003\u793e\u5916\u7528\u5099\u8003\u793e\u5916\u7528\u5099\u8003\u793e\u5916\u7528\u5099\u8003\u793e\u5916\u7528\u5099\u8003\u793e\u5916\u7528\u5099\u8003\u793e\u5916\u7528\u5099\u8003\u793e\u5916\u7528\u5099\u8003\u793e\u5916\u7528\u5099\u8003\u793e\u5916\u7528\u5099\u8003\u793e\u5916\u7528\u5099\u8003\u793e\u5916\u7528\u5099\u8003\u793e\u5916\u7528\u5099\u8003\u793e\u5916","qty":"86","unit_of_m_div":"001","unit_price":"56756.67","amount":"4881073.62","detail_tax":"439296.63","unit_measure_qty":"867.68","unit_measure_price":"001","outside_remarks":"","unit_net_weight":"886","unit_net_weight_div":"001","net_weight":"76196","unit_gross_weight":"0","gross_weight":"0","measure":"74620.48"},{"pi_detail_no":"21","sales_detail_div":"3","product_cd":"6263","description":"BR-501 holder ring\u793e\u5916\u7528\u5099\u8003\u793e\u5916\u7528\u5099\u8003\u793e\u5916\u7528\u5099\u8003\u793e\u5916\u7528\u5099\u8003\u793e\u5916\u7528\u5099\u8003\u793e\u5916\u7528\u5099\u8003\u793e\u5916\u7528\u5099\u8003\u793e\u5916\u7528\u5099\u8003\u793e\u5916\u7528\u5099\u8003\u793e\u5916\u7528\u5099\u8003\u793e\u5916\u7528\u5099\u8003\u793e\u5916\u7528\u5099\u8003\u793e\u5916\u7528\u5099\u8003\u793e\u5916\u7528\u5099\u8003\u793e\u5916\u7528\u5099\u8003\u793e\u5916\u7528\u5099\u8003\u793e\u5916\u7528\u5099\u8003\u793e\u5916\u7528\u5099\u8003\u793e\u5916\u7528\u5099\u8003\u793e\u5916\u7528\u5099\u8003\u793e\u5916","qty":"788","unit_of_m_div":"001","unit_price":"86786","amount":"68387368","detail_tax":"6154863.12","unit_measure_qty":"867.67","unit_measure_price":"001","outside_remarks":"","unit_net_weight":"7897","unit_net_weight_div":"001","net_weight":"6222836","unit_gross_weight":"86786.78","gross_weight":"68387982.64","measure":"683723.96"},{"pi_detail_no":"22","sales_detail_div":"0","product_cd":"6263","description":"BR-501 holder ring\u793e\u5916\u7528\u5099\u8003\u793e\u5916\u7528\u5099\u8003\u793e\u5916\u7528\u5099\u8003\u793e\u5916\u7528\u5099\u8003\u793e\u5916\u7528\u5099\u8003\u793e\u5916\u7528\u5099\u8003\u793e\u5916\u7528\u5099\u8003\u793e\u5916\u7528\u5099\u8003\u793e\u5916\u7528\u5099\u8003\u793e\u5916\u7528\u5099\u8003\u793e\u5916\u7528\u5099\u8003\u793e\u5916\u7528\u5099\u8003\u793e\u5916\u7528\u5099\u8003\u793e\u5916\u7528\u5099\u8003\u793e\u5916\u7528\u5099\u8003\u793e\u5916\u7528\u5099\u8003\u793e\u5916\u7528\u5099\u8003\u793e\u5916\u7528\u5099\u8003\u793e\u5916\u7528\u5099\u8003\u793e\u5916\u7528\u5099\u8003\u793e\u5916","qty":"1","unit_of_m_div":"001","unit_price":"86786.76","amount":"86786.76","detail_tax":"7810.81","unit_measure_qty":"567.67","unit_measure_price":"001","outside_remarks":"","unit_net_weight":"897","unit_net_weight_div":"001","net_weight":"897","unit_gross_weight":"97897.78","gross_weight":"97897.78","measure":"567.67"},{"pi_detail_no":"23","sales_detail_div":"0","product_cd":"6263","description":"BR-501 holder ring\u793e\u5916\u7528\u5099\u8003\u793e\u5916\u7528\u5099\u8003\u793e\u5916\u7528\u5099\u8003\u793e\u5916\u7528\u5099\u8003\u793e\u5916\u7528\u5099\u8003\u793e\u5916\u7528\u5099\u8003\u793e\u5916\u7528\u5099\u8003\u793e\u5916\u7528\u5099\u8003\u793e\u5916\u7528\u5099\u8003\u793e\u5916\u7528\u5099\u8003\u793e\u5916\u7528\u5099\u8003\u793e\u5916\u7528\u5099\u8003\u793e\u5916\u7528\u5099\u8003\u793e\u5916\u7528\u5099\u8003\u793e\u5916\u7528\u5099\u8003\u793e\u5916\u7528\u5099\u8003\u793e\u5916\u7528\u5099\u8003\u793e\u5916\u7528\u5099\u8003\u793e\u5916\u7528\u5099\u8003\u793e\u5916\u7528\u5099\u8003\u793e\u5916","qty":"7887","unit_of_m_div":"001","unit_price":"86786.78","amount":"684487333.86","detail_tax":"61603860.5","unit_measure_qty":"867.67","unit_measure_price":"001","outside_remarks":"","unit_net_weight":"1","unit_net_weight_div":"001","net_weight":"7887","unit_gross_weight":"8585.68","gross_weight":"67715258.16","measure":"6843313.29"},{"pi_detail_no":"24","sales_detail_div":"3","product_cd":"10001","description":"Mobile Photoelectric colorimeter Model AP-1000M with standard accessories","qty":"90","unit_of_m_div":"002","unit_price":"86786.68","amount":"7810801.2","detail_tax":"702972.11","unit_measure_qty":"0.5","unit_measure_price":"001","outside_remarks":"","unit_net_weight":"0.8","unit_net_weight_div":"001","net_weight":"72","unit_gross_weight":"0.7","gross_weight":"63","measure":"45"},{"pi_detail_no":"25","sales_detail_div":"3","product_cd":"10005","description":"Digital Spectrophotometer Model PD-303S (5 parameters type) with micoprocessor and Standard accessories","qty":"76","unit_of_m_div":"001","unit_price":"86786.67","amount":"6595786.92","detail_tax":"593620.83","unit_measure_qty":"867.67","unit_measure_price":"001","outside_remarks":"","unit_net_weight":"87","unit_net_weight_div":"001","net_weight":"6612","unit_gross_weight":"86786.67","gross_weight":"6595786.92","measure":"65942.92"},{"pi_detail_no":"26","sales_detail_div":"3","product_cd":"10006","description":"Digital UV-VIS Spectrophotometer Model PD-303UV with standard accessories (110\/220VAC 50\/60Hz)","qty":"87","unit_of_m_div":"001","unit_price":"86786.67","amount":"7550440.29","detail_tax":"679539.63","unit_measure_qty":"0","unit_measure_price":"001","outside_remarks":"","unit_net_weight":"75","unit_net_weight_div":"001","net_weight":"6525","unit_gross_weight":"16.5","gross_weight":"1435.5","measure":"0"},{"pi_detail_no":"27","sales_detail_div":"0","product_cd":"10006","description":"Digital UV-VIS Spectrophotometer Model PD-303UV with standard accessories (110\/220VAC 50\/60Hz)","qty":"75","unit_of_m_div":"001","unit_price":"86786.68","amount":"6509001","detail_tax":"585810.09","unit_measure_qty":"867.67","unit_measure_price":"001","outside_remarks":"","unit_net_weight":"12","unit_net_weight_div":"001","net_weight":"900","unit_gross_weight":"16.5","gross_weight":"1237.5","measure":"65075.25"},{"pi_detail_no":"28","sales_detail_div":"3","product_cd":"10006","description":"Digital UV-VIS Spectrophotometer Model PD-303UV with standard accessories (110\/220VAC 50\/60Hz)","qty":"1","unit_of_m_div":"001","unit_price":"86786.67","amount":"86786.67","detail_tax":"7810.8","unit_measure_qty":"756.67","unit_measure_price":"001","outside_remarks":"","unit_net_weight":"756","unit_net_weight_div":"001","net_weight":"756","unit_gross_weight":"16.5","gross_weight":"16.5","measure":"756.67"},{"pi_detail_no":"29","sales_detail_div":"3","product_cd":"10006","description":"Digital UV-VIS Spectrophotometer Model PD-303UV with standard accessories (110\/220VAC 50\/60Hz)","qty":"756","unit_of_m_div":"001","unit_price":"676867.97","amount":"511712185.32","detail_tax":"46054096.68","unit_measure_qty":"867.78","unit_measure_price":"001","outside_remarks":"","unit_net_weight":"876","unit_net_weight_div":"001","net_weight":"662256","unit_gross_weight":"16.5","gross_weight":"12474","measure":"656041.68"},{"pi_detail_no":"30","sales_detail_div":"0","product_cd":"10006","description":"Digital UV-VIS Spectrophotometer Model PD-303UV with standard accessories (110\/220VAC 50\/60Hz)","qty":"117","unit_of_m_div":"001","unit_price":"9999999.11","amount":"1169999895.87","detail_tax":"105299990.63","unit_measure_qty":"0","unit_measure_price":"001","outside_remarks":"","unit_net_weight":"12","unit_net_weight_div":"001","net_weight":"1404","unit_gross_weight":"16.5","gross_weight":"1930.5","measure":"0"}]','1023509','002','75939139744.75','001','8775176.6','001','771450889.71','001','4996364338.79','88888886.78','8678678.78','0','5093931904.35','Around 1 month after receipt of payment','','Japan','APEL CO.,LTD.','This Proforma invoice is valid for 2 weeks from the date of  issue.','- If a consulate visa is required, the related fees should be paid by the buyer.','- In case of transport by air and/or container, FOB, C&F and CIF in this proforma invoice','shall be respectively equivalent to FCA, CPT and CIP stipulated in Incoterms 2000.','- In the event that the dollar (euro)falls against the Japanese yen by more than 5% from','the rate of proforma invoice date, the prices will not be effective.','* Remittance charge must be covered by sender.','*** Warranty period after shipment***','3 years: PD-303, BR-501','1 year: AP-120, AP-1000M, PD-303S, PD-3000UV, BR-5200, BR-5200P, HC-702, HG-220','*Our bank account is only Japanese one.(We have no bank account outside Japan)','812','','','001_pi-detail','';
2018-02-06 11:20:16 EXEC SPC_001_PI_DETAIL_INQ1 'RT-180201009';
2018-02-06 11:20:17 EXEC SPC_COM_GET_COMBOBOX 'unit_m_div';
2018-02-06 11:20:17 EXEC SPC_GET_TAX_RATE '2018/02/01';
2018-02-06 11:20:17 EXEC SPC_COM_GET_COMBOBOX 'sales_detail_div';
2018-02-06 11:20:17 EXEC SPC_COM_GET_COMBOBOX 'unit_q_div';
2018-02-06 11:20:17 EXEC SPC_COM_GET_COMBOBOX 'unit_w_div';
2018-02-06 11:20:22 EXEC SPC_001_PI_DETAIL_ACT3 'RT-180201009','','','001_pi-detail','';
2018-02-06 11:20:23 EXEC SPC_001_PI_DETAIL_INQ1 'RT-180201009';
2018-02-06 11:20:24 EXEC SPC_GET_TAX_RATE '2018/02/01';
2018-02-06 11:20:24 EXEC SPC_COM_GET_COMBOBOX 'unit_q_div';
2018-02-06 11:20:24 EXEC SPC_COM_GET_COMBOBOX 'unit_w_div';
2018-02-06 11:20:24 EXEC SPC_COM_GET_COMBOBOX 'sales_detail_div';
2018-02-06 11:20:24 EXEC SPC_COM_GET_COMBOBOX 'unit_m_div';
2018-02-06 11:20:26 EXEC SPC_GET_CONSTANT '';
2018-02-06 11:20:26 EXEC SPC_003_PI_EXCEL_INQ1 'RT-180201009','','003_pi-excel','';
2018-02-06 11:24:18 EXEC SPC_GET_CONSTANT '';
2018-02-06 11:24:18 EXEC SPC_003_PI_EXCEL_INQ1 'RT-180201009','','003_pi-excel','';
2018-02-06 11:26:41 EXEC SPC_GET_CONSTANT '';
2018-02-06 11:26:41 EXEC SPC_003_PI_EXCEL_INQ1 'RT-180201009','','003_pi-excel','';
2018-02-06 11:27:39 EXEC SPC_COM_GET_COMBOBOX 'port_country_div';
2018-02-06 11:27:40 EXEC SPC_COM_GET_COMBOBOX 'unit_q_div';
2018-02-06 11:27:40 EXEC SPC_COM_GET_COMBOBOX 'unit_w_div';
2018-02-06 11:27:40 EXEC SPC_COM_GET_COMBOBOX 'unit_m_div';
2018-02-06 11:27:41 EXEC SPC_COM_GET_COMBOBOX 'sales_detail_div';
2018-02-06 11:27:41 EXEC SPC_COM_GET_COMBOBOX 'shipment_div';
2018-02-06 11:27:41 EXEC SPC_COM_GET_COMBOBOX 'payment_conditions_div';
2018-02-06 11:27:41 EXEC SPC_COM_GET_COMBOBOX 'port_city_div';
2018-02-06 11:27:41 EXEC SPC_COM_GET_COMBOBOX 'bank_div';
2018-02-06 11:27:41 EXEC SPC_COM_GET_COMBOBOX 'trade_terms_div';
2018-02-06 11:27:42 EXEC SPC_GET_TAX_RATE '2018/02/06';
2018-02-06 11:27:42 EXEC SPC_COM_GET_COMBOBOX 'currency_div';
2018-02-06 11:27:52 EXEC SPC_001_PI_DETAIL_INQ1 'RT-131001001';
2018-02-06 11:27:53 EXEC SPC_COM_GET_COMBOBOX 'unit_q_div';
2018-02-06 11:27:53 EXEC SPC_GET_TAX_RATE '2013/10/01';
2018-02-06 11:27:53 EXEC SPC_COM_GET_COMBOBOX 'unit_m_div';
2018-02-06 11:27:53 EXEC SPC_COM_GET_COMBOBOX 'unit_w_div';
2018-02-06 11:27:53 EXEC SPC_COM_GET_COMBOBOX 'sales_detail_div';
2018-02-06 11:27:55 EXEC SPC_GET_CONSTANT '';
2018-02-06 11:27:55 EXEC SPC_003_PI_EXCEL_INQ1 'RT-131001001','','003_pi-excel','';
2018-02-06 11:31:03 EXEC SPC_COM_GET_COMBOBOX 'target_div';
2018-02-06 11:31:04 EXEC SPC_COM_GET_COMBOBOX 'deposit_div';
2018-02-06 11:31:04 EXEC SPC_COM_GET_COMBOBOX 'rete_confirm_div';
2018-02-06 11:31:04 EXEC SPC_COM_GET_COMBOBOX 'currency_div';
2018-02-06 11:31:04 EXEC SPC_COM_GET_COMBOBOX 'bank_div';
2018-02-06 11:31:04 EXEC SPC_COM_GET_COMBOBOX 'deposit_way_div';
2018-02-06 11:31:04 EXEC SPC_020_DEPOSIT_DETAIL_INQ2 '';
2018-02-06 11:31:05 EXEC SPC_GET_LIB_COUNTRY '';
2018-02-06 11:31:05 EXEC SPC_REFER_CLIENT_CD '';
2018-02-06 11:31:19 EXEC SPC_020_DEPOSIT_DETAIL_INQ2 '';
2018-02-06 11:39:10 EXEC SPC_COM_GET_COMBOBOX 'pi_status_div';
2018-02-06 11:39:14 EXEC SPC_002_PI_SEARCH_FND1 '','','','','','','','20','1','10';
2018-02-06 11:39:16 EXEC SPC_002_PI_SEARCH_FND1 '','','','','','','','20','7','10';
2018-02-06 11:39:20 EXEC SPC_002_PI_SEARCH_FND1 '','','','','','','','20','6','10';
2018-02-06 11:39:23 EXEC SPC_GET_CONSTANT '';
2018-02-06 11:39:23 EXEC SPC_003_PI_EXCEL_INQ1 'RT-180201009','','003_pi-excel','';
2018-02-06 11:41:03 EXEC SPC_COM_GET_COMBOBOX 'in_out_div';
2018-02-06 11:41:03 EXEC SPC_COM_GET_COMBOBOX 'in_out_data_div';
2018-02-06 11:41:05 EXEC SPC_049_INPUT_OUTPUT_FND1 '','','','','','','','1','10';
2018-02-06 11:41:09 EXEC SPC_049_INPUT_OUTPUT_FND1 '','','','','','','','1','10';
2018-02-06 11:42:02 EXEC SPC_COM_GET_COMBOBOX 'pi_status_div';
2018-02-06 11:42:04 EXEC SPC_002_PI_SEARCH_FND1 '','','','','','','','','1','10';
2018-02-06 11:42:06 EXEC SPC_002_PI_SEARCH_FND1 '','','','','','','','','1','50';
2018-02-06 11:42:47 EXEC SPC_049_INPUT_OUTPUT_FND1 '','','','','','','','1','10';
2018-02-06 11:43:06 EXEC SPC_049_INPUT_OUTPUT_FND1 '','','','','','','','1','10';
2018-02-06 11:43:08 EXEC SPC_049_INPUT_OUTPUT_FND1 '','','','','','','','1','10';
2018-02-06 11:45:09 EXEC SPC_COM_GET_COMBOBOX 'in_out_div';
2018-02-06 11:45:09 EXEC SPC_COM_GET_COMBOBOX 'in_out_data_div';
2018-02-06 11:45:13 EXEC SPC_049_INPUT_OUTPUT_FND1 '','','','','','','','1','10';
2018-02-06 11:45:14 EXEC SPC_049_INPUT_OUTPUT_FND1 '','','','','','','','1','50';
2018-02-06 11:45:17 EXEC SPC_049_INPUT_OUTPUT_FND1 '','','','','','','','1','100';
2018-02-06 11:45:51 EXEC SPC_049_INPUT_OUTPUT_FND1 '','','','','','2','','1','100';
2018-02-06 11:45:54 EXEC SPC_COM_GET_COMBOBOX 'in_out_div';
2018-02-06 11:45:54 EXEC SPC_COM_GET_COMBOBOX 'in_out_data_div';
2018-02-06 11:45:58 EXEC SPC_049_INPUT_OUTPUT_FND1 '','','','','','2','','1','10';
2018-02-06 11:46:02 EXEC SPC_COM_GET_COMBOBOX 'in_out_div';
2018-02-06 11:46:04 EXEC SPC_COM_GET_COMBOBOX 'in_out_data_div';
2018-02-06 11:46:05 EXEC SPC_049_INPUT_OUTPUT_FND1 '','','','','','','','1','10';
2018-02-06 11:46:05 EXEC SPC_049_INPUT_OUTPUT_FND1 '','','','','','2','','1','10';
2018-02-06 11:46:08 EXEC SPC_COM_GET_COMBOBOX 'in_out_div';
2018-02-06 11:46:08 EXEC SPC_COM_GET_COMBOBOX 'in_out_data_div';
2018-02-06 11:46:14 EXEC SPC_049_INPUT_OUTPUT_FND1 '','','','','','2','10','1','10';
2018-02-06 11:46:18 EXEC SPC_COM_GET_COMBOBOX 'in_out_div';
2018-02-06 11:46:20 EXEC SPC_COM_GET_COMBOBOX 'in_out_div';
2018-02-06 11:46:20 EXEC SPC_COM_GET_COMBOBOX 'in_out_data_div';
2018-02-06 11:46:21 EXEC SPC_049_INPUT_OUTPUT_FND1 '','','','','','2','','1','10';

2018-02-06 12:06:32 EXEC SPC_COM_GET_COMBOBOX 'pi_status_div';
2018-02-06 12:06:33 EXEC SPC_002_PI_SEARCH_FND1 '','','','','','','','','1','10';
2018-02-06 12:06:36 EXEC SPC_002_PI_SEARCH_FND1 '','','','','','','','20','1','10';
2018-02-06 12:06:38 EXEC SPC_002_PI_SEARCH_FND1 '','','','','','','','20','7','10';
2018-02-06 12:06:39 EXEC SPC_002_PI_SEARCH_FND1 '','','','','','','','20','6','10';
2018-02-06 12:06:43 EXEC SPC_GET_CONSTANT '';
2018-02-06 12:06:43 EXEC SPC_003_PI_EXCEL_INQ1 'RT-180201009','','003_pi-excel','';
2018-02-06 12:07:44 EXEC SPC_GET_CONSTANT '';
2018-02-06 12:07:44 EXEC SPC_003_PI_EXCEL_INQ1 'RT-180201009','','003_pi-excel','';
2018-02-06 12:09:31 EXEC SPC_GET_CONSTANT '';
2018-02-06 12:09:31 EXEC SPC_003_PI_EXCEL_INQ1 'RT-180201009','','003_pi-excel','';
2018-02-06 12:15:01 EXEC SPC_GET_CONSTANT '';
2018-02-06 12:15:01 EXEC SPC_003_PI_EXCEL_INQ1 'RT-180201009','','003_pi-excel','';
2018-02-06 12:16:49 EXEC SPC_GET_CONSTANT '';
2018-02-06 12:16:49 EXEC SPC_003_PI_EXCEL_INQ1 'RT-180201009','','003_pi-excel','';
2018-02-06 12:48:19 EXEC SPC_GET_CONSTANT '';
2018-02-06 12:48:19 EXEC SPC_003_PI_EXCEL_INQ1 'RT-180201009','','003_pi-excel','';
2018-02-06 12:50:48 EXEC SPC_GET_CONSTANT '';
2018-02-06 12:50:48 EXEC SPC_003_PI_EXCEL_INQ1 'RT-180201009','','003_pi-excel','';
2018-02-06 12:58:12 EXEC SPC_GET_CONSTANT '';
2018-02-06 12:58:12 EXEC SPC_003_PI_EXCEL_INQ1 'RT-180201009','','003_pi-excel','';
2018-02-06 12:59:43 EXEC SPC_GET_CONSTANT '';
2018-02-06 12:59:43 EXEC SPC_003_PI_EXCEL_INQ1 'RT-180201009','','003_pi-excel','';
2018-02-06 13:00:17 EXEC SPC_GET_CONSTANT '';
2018-02-06 13:00:17 EXEC SPC_003_PI_EXCEL_INQ1 'RT-180201009','','003_pi-excel','';
2018-02-06 13:59:12 EXEC SPC_GET_CONSTANT '';
2018-02-06 13:59:12 EXEC SPC_003_PI_EXCEL_INQ1 'RT-180201009','','003_pi-excel','';
2018-02-06 14:53:29 EXEC SPC_GET_CONSTANT '';
2018-02-06 14:53:29 EXEC SPC_003_PI_EXCEL_INQ1 'RT-180201009','','003_pi-excel','';
2018-02-06 14:56:21 EXEC SPC_GET_CONSTANT '';
2018-02-06 14:56:21 EXEC SPC_003_PI_EXCEL_INQ1 'RT-180201009','','003_pi-excel','';
2018-02-06 14:57:22 EXEC SPC_COM_GET_COMBOBOX 'port_country_div';
2018-02-06 14:57:23 EXEC SPC_COM_GET_COMBOBOX 'unit_q_div';
2018-02-06 14:57:24 EXEC SPC_COM_GET_COMBOBOX 'unit_w_div';
2018-02-06 14:57:24 EXEC SPC_COM_GET_COMBOBOX 'unit_m_div';
2018-02-06 14:57:24 EXEC SPC_COM_GET_COMBOBOX 'currency_div';
2018-02-06 14:57:24 EXEC SPC_COM_GET_COMBOBOX 'payment_conditions_div';
2018-02-06 14:57:24 EXEC SPC_COM_GET_COMBOBOX 'shipment_div';
2018-02-06 14:57:24 EXEC SPC_COM_GET_COMBOBOX 'trade_terms_div';
2018-02-06 14:57:24 EXEC SPC_COM_GET_COMBOBOX 'port_city_div';
2018-02-06 14:57:24 EXEC SPC_COM_GET_COMBOBOX 'sales_detail_div';
2018-02-06 14:57:24 EXEC SPC_GET_TAX_RATE '2018/02/06';
2018-02-06 14:57:24 EXEC SPC_COM_GET_COMBOBOX 'bank_div';
2018-02-06 14:57:25 EXEC SPC_001_PI_DETAIL_INQ1 'RT-180201009';
2018-02-06 14:57:25 EXEC SPC_GET_TAX_RATE '2018/02/01';
';
2018-02-06 14:57:25 EXEC SPC_COM_GET_COMBOBOX 'sales_detail_div';
2018-02-06 14:57:25 EXEC SPC_COM_GET_COMBOBOX 'unit_m_div';
2018-02-06 14:57:25 EXEC SPC_COM_GET_COMBOBOX 'unit_w_div';
2018-02-06 14:57:28 EXEC SPC_001_PI_DETAIL_ACT4 'RT-180201009','','','001_pi-detail','';
2018-02-06 14:57:30 EXEC SPC_001_PI_DETAIL_INQ1 'RT-180201009';
2018-02-06 14:57:30 EXEC SPC_COM_GET_COMBOBOX 'sales_detail_div';
2018-02-06 14:57:30 EXEC SPC_COM_GET_COMBOBOX 'unit_w_div';
2018-02-06 14:57:30 EXEC SPC_COM_GET_COMBOBOX 'unit_m_div';
2018-02-06 14:57:30 EXEC SPC_GET_TAX_RATE '2018/02/01';
2018-02-06 14:57:30 EXEC SPC_COM_GET_COMBOBOX 'unit_q_div';
2018-02-06 14:57:42 EXEC SPC_COM_GET_COMBOBOX 'pi_status_div';
2018-02-06 14:57:43 EXEC SPC_002_PI_SEARCH_FND1 '','','','','','','','20','6','10';
2018-02-06 15:25:26 EXEC SPC_COM_GET_COMBOBOX 'port_city_div';
2018-02-06 15:25:26 EXEC SPC_COM_GET_COMBOBOX 'unit_q_div';
2018-02-06 15:25:27 EXEC SPC_COM_GET_COMBOBOX 'trade_terms_div';
2018-02-06 15:25:27 EXEC SPC_COM_GET_COMBOBOX 'payment_conditions_div';
2018-02-06 15:25:27 EXEC SPC_COM_GET_COMBOBOX 'port_country_div';
2018-02-06 15:25:27 EXEC SPC_COM_GET_COMBOBOX 'unit_w_div';
2018-02-06 15:25:27 EXEC SPC_COM_GET_COMBOBOX 'shipment_div';
2018-02-06 15:25:27 EXEC SPC_COM_GET_COMBOBOX 'bank_div';
2018-02-06 15:25:27 EXEC SPC_COM_GET_COMBOBOX 'sales_detail_div';
2018-02-06 15:25:27 EXEC SPC_COM_GET_COMBOBOX 'unit_m_div';
2018-02-06 15:25:27 EXEC SPC_GET_TAX_RATE '2018/02/06';
2018-02-06 15:25:27 EXEC SPC_001_PI_DETAIL_INQ1 'RT-180201009';
2018-02-06 15:25:28 EXEC SPC_COM_GET_COMBOBOX 'unit_q_div';
2018-02-06 15:25:28 EXEC SPC_COM_GET_COMBOBOX 'sales_detail_div';
2018-02-06 15:25:28 EXEC SPC_COM_GET_COMBOBOX 'unit_m_div';
2018-02-06 15:25:28 EXEC SPC_COM_GET_COMBOBOX 'unit_w_div';
2018-02-06 15:25:28 EXEC SPC_GET_TAX_RATE '2018/02/01';
2018-02-06 15:25:37 EXEC SPC_COM_GET_COMBOBOX 'port_country_div';
2018-02-06 15:25:37 EXEC SPC_COM_GET_COMBOBOX 'currency_div';
2018-02-06 15:25:37 EXEC SPC_COM_GET_COMBOBOX 'shipment_div';
2018-02-06 15:25:37 EXEC SPC_COM_GET_COMBOBOX 'port_city_div';
2018-02-06 15:25:37 EXEC SPC_COM_GET_COMBOBOX 'trade_terms_div';
div';
2018-02-06 15:25:37 EXEC SPC_COM_GET_COMBOBOX 'unit_q_div';
2018-02-06 15:25:37 EXEC SPC_GET_TAX_RATE '2018/02/06';
2018-02-06 15:25:37 EXEC SPC_COM_GET_COMBOBOX 'unit_w_div';
2018-02-06 15:25:37 EXEC SPC_COM_GET_COMBOBOX 'unit_m_div';
2018-02-06 15:25:37 EXEC SPC_COM_GET_COMBOBOX 'bank_div';
2018-02-06 15:25:37 EXEC SPC_COM_GET_COMBOBOX 'sales_detail_div';
2018-02-06 15:25:55 EXEC SPC_COM_GET_COMBOBOX 'pi_status_div';
2018-02-06 16:29:16 EXEC SPC_COM_GET_COMBOBOX 'pi_status_div';
2018-02-06 16:29:20 EXEC SPC_002_PI_SEARCH_FND1 '','','','','','','','20','1','10';
2018-02-06 16:29:22 EXEC SPC_002_PI_SEARCH_FND1 '','','','','','','','20','3','10';
2018-02-06 16:29:24 EXEC SPC_002_PI_SEARCH_FND1 '','','','','','','','20','2','10';
2018-02-06 16:29:30 EXEC SPC_GET_CONSTANT '';
2018-02-06 16:29:30 EXEC SPC_003_PI_EXCEL_INQ1 'RT-140109002','','003_pi-excel','';
2018-02-06 16:31:01 EXEC SPC_002_PI_SEARCH_FND1 '','','','','','','','20','3','10';
2018-02-06 16:31:24 EXEC SPC_COM_GET_COMBOBOX 'port_country_div';
2018-02-06 16:31:24 EXEC SPC_COM_GET_COMBOBOX 'unit_q_div';
2018-02-06 16:31:25 EXEC SPC_COM_GET_COMBOBOX 'unit_w_div';
2018-02-06 16:31:25 EXEC SPC_COM_GET_COMBOBOX 'unit_m_div';
2018-02-06 16:31:25 EXEC SPC_COM_GET_COMBOBOX 'port_city_div';
2018-02-06 16:31:25 EXEC SPC_COM_GET_COMBOBOX 'currency_div';
2018-02-06 16:31:25 EXEC SPC_COM_GET_COMBOBOX 'shipment_div';
2018-02-06 16:31:26 EXEC SPC_COM_GET_COMBOBOX 'trade_terms_div';
2018-02-06 16:31:26 EXEC SPC_COM_GET_COMBOBOX 'payment_conditions_div';
2018-02-06 16:31:26 EXEC SPC_COM_GET_COMBOBOX 'sales_detail_div';
2018-02-06 16:31:26 EXEC SPC_COM_GET_COMBOBOX 'bank_div';
2018-02-06 16:31:28 EXEC SPC_COM_GET_COMBOBOX 'currency_div';
2018-02-06 16:31:29 EXEC SPC_COM_GET_COMBOBOX 'port_country_div';
2018-02-06 16:31:29 EXEC SPC_COM_GET_COMBOBOX 'shipment_div';
2018-02-06 16:31:29 EXEC SPC_COM_GET_COMBOBOX 'port_city_div';
2018-02-06 16:31:29 EXEC SPC_COM_GET_COMBOBOX 'trade_terms_div';
2018-02-06 16:31:29 EXEC SPC_COM_GET_COMBOBOX 'payment_conditions_div';
2018-02-06 16:31:29 EXEC SPC_COM_GET_COMBOBOX 'unit_w_div';
2018-02-06 16:31:29 EXEC SPC_COM_GET_COMBOBOX 'sales_detail_div';
2018-02-06 16:31:29 EXEC SPC_COM_GET_COMBOBOX 'bank_div';
2018-02-06 16:31:29 EXEC SPC_COM_GET_COMBOBOX 'unit_m_div';
2018-02-06 16:31:29 EXEC SPC_COM_GET_COMBOBOX 'unit_q_div';
2018-02-06 16:31:29 EXEC SPC_GET_TAX_RATE '2018/02/06';
2018-02-06 16:31:35 EXEC SPC_001_PI_DETAIL_INQ1 'RT-131001001';
2018-02-06 16:31:36 EXEC SPC_COM_GET_COMBOBOX 'unit_q_div';
2018-02-06 16:31:36 EXEC SPC_COM_GET_COMBOBOX 'sales_detail_div';
2018-02-06 16:31:36 EXEC SPC_GET_TAX_RATE '2013/10/01';
2018-02-06 16:31:36 EXEC SPC_COM_GET_COMBOBOX 'unit_m_div';
2018-02-06 16:31:36 EXEC SPC_COM_GET_COMBOBOX 'unit_w_div';
2018-02-06 16:31:38 EXEC SPC_GET_CONSTANT '';
2018-02-06 16:31:38 EXEC SPC_003_PI_EXCEL_INQ1 'RT-131001001','','003_pi-excel','';
2018-02-06 16:31:59 EXEC SPC_001_PI_DETAIL_ACT4 'RT-131001001','','','001_pi-detail','';
2018-02-06 16:32:00 EXEC SPC_001_PI_DETAIL_INQ1 'RT-131001001';
2018-02-06 16:32:01 EXEC SPC_GET_TAX_RATE '2013/10/01';
2018-02-06 16:32:01 EXEC SPC_COM_GET_COMBOBOX 'unit_w_div';
2018-02-06 16:32:01 EXEC SPC_COM_GET_COMBOBOX 'sales_detail_div';
2018-02-06 16:32:01 EXEC SPC_COM_GET_COMBOBOX 'unit_m_div';
2018-02-06 16:32:01 EXEC SPC_COM_GET_COMBOBOX 'unit_q_div';
2018-02-06 16:32:13 EXEC SPC_001_PI_DETAIL_ACT1 'U','RT-131001001','10','2013/10/01','F0192','PT. BESHA ANALITIKA','Komplek Perkantoran Gading Bukit Indah Blok N-23,','Jl. Bukit Gading Raya, Kelapa Gading Permai, Jakarta 14240','','045','JP','62-21-45856666','62-21-45857600','','Sampai Express Service Agencies Pte. LTD. QQ PT. Besha Analitika','No 625 Lorong Toa Payoh, Blok A General Magnetic Building,','Singapore 319519','319519','056','SG','65-67435051','65-67435211','PT. BESHA','Singapore','PT. BESHA Singapore Singapore','PT. BESHA Singapore Singapore','()pi_packing','01','USD','060','01','02','056','SG','01','Advance payment','[{"pi_detail_no":"1","sales_detail_div":"0","product_cd":"10007","description":"Digital UV-VIS Spectrophotometer Model PD-3000UV with standard accessories (110\/220VAC 50\/60Hz)","qty":"999991","unit_of_m_div":"006","unit_price":"45656.46","amount":"45656049091.86","detail_tax":"2282802454.6","unit_measure_qty":"989","unit_measure_price":"001","outside_remarks":"Digital UV-VIS Spectrophotometer Model PD-3000UV with standard accessories (110\/220VAC 50\/60Hz)","unit_net_weight":"98898","unit_net_weight_div":"001","net_weight":"98897109918","unit_gross_weight":"98989","gross_weight":"98988109099","measure":"988991099"},{"pi_detail_no":"2","sales_detail_div":"3","product_cd":"0009","description":"MM1","qty":"98089","unit_of_m_div":"001","unit_price":"8908980","amount":"873872939220","detail_tax":"43693646961","unit_measure_qty":"890","unit_measure_price":"001","outside_remarks":"Digital UV-VIS Spectrophotometer","unit_net_weight":"89","unit_net_weight_div":"001","net_weight":"8729921","unit_gross_weight":"89","gross_weight":"8729921","measure":"87299210"},{"pi_detail_no":"3","sales_detail_div":"0","product_cd":"0008","description":"ZZ-001","qty":"890","unit_of_m_div":"001","unit_price":"65757","amount":"58523730","detail_tax":"2926186.5","unit_measure_qty":"0","unit_measure_price":"001","outside_remarks":"Digital UV-VIS Spectrophotometer Model PD-3000UV with standard accessories (110\/220VAC 50\/60Hz)","unit_net_weight":"89","unit_net_weight_div":"001","net_weight":"79210","unit_gross_weight":"75674","gross_weight":"67349860","measure":"0"},{"pi_detail_no":"4","sales_detail_div":"0","product_cd":"0005","description":"BR-5200P","qty":"87","unit_of_m_div":"001","unit_price":"0","amount":"0","detail_tax":"0","unit_measure_qty":"111","unit_measure_price":"001","outside_remarks":"Digital UV-VIS Spectrophotometer Model PD-3000UV with standard accessories (110\/220VAC 50\/60Hz)","unit_net_weight":"1.8","unit_net_weight_div":"001","net_weight":"156.6","unit_gross_weight":"75675","gross_weight":"6583725","measure":"9657"},{"pi_detail_no":"5","sales_detail_div":"3","product_cd":"10007","description":"PD-3000UV-200","qty":"6757","unit_of_m_div":"001","unit_price":"6767","amount":"45724619","detail_tax":"2286230.95","unit_measure_qty":"678","unit_measure_price":"001","outside_remarks":"Digital UV-VIS Spectrophotometer Model PD-3000UV with standard accessories (110\/220VAC 50\/60Hz)","unit_net_weight":"16","unit_net_weight_div":"001","net_weight":"108112","unit_gross_weight":"20","gross_weight":"135140","measure":"4581246"}]','1105814','006','99070907745','001','98906027317.6','001','1080881212','001','919633236660.86','10','10','45981661833','965614898513.86','()pi_time_of_shipment','002','()pi_country_of_origin','()pi_manufacture','()pi_varidity','()pi_other_conditions1','()pi_other_conditions2','()pi_other_conditions3','()pi_other_conditions4','()pi_other_conditions5','()pi_other_conditions6','()pi_other_conditions7','()pi_other_conditions8','()pi_other_conditions9','()pi_other_conditions10','812','','','001_pi-detail','';
2018-02-06 16:32:13 EXEC SPC_001_PI_DETAIL_INQ1 'RT-131001001';
2018-02-06 16:32:14 EXEC SPC_COM_GET_COMBOBOX 'sales_detail_div';
2018-02-06 16:32:14 EXEC SPC_COM_GET_COMBOBOX 'unit_q_div';
2018-02-06 16:32:14 EXEC SPC_GET_TAX_RATE '2013/10/01';
2018-02-06 16:32:14 EXEC SPC_COM_GET_COMBOBOX 'unit_w_div';
2018-02-06 16:32:14 EXEC SPC_COM_GET_COMBOBOX 'unit_m_div';
2018-02-06 16:32:16 EXEC SPC_001_PI_DETAIL_ACT3 'RT-131001001','','','001_pi-detail','';
2018-02-06 16:32:17 EXEC SPC_001_PI_DETAIL_INQ1 'RT-131001001';
2018-02-06 16:32:18 EXEC SPC_COM_GET_COMBOBOX 'unit_q_div';
2018-02-06 16:32:18 EXEC SPC_COM_GET_COMBOBOX 'unit_m_div';
2018-02-06 16:32:18 EXEC SPC_GET_TAX_RATE '2013/10/01';
2018-02-06 16:32:18 EXEC SPC_COM_GET_COMBOBOX 'sales_detail_div';
2018-02-06 16:32:18 EXEC SPC_COM_GET_COMBOBOX 'unit_w_div';
2018-02-06 16:32:21 EXEC SPC_GET_CONSTANT '';
2018-02-06 16:32:21 EXEC SPC_003_PI_EXCEL_INQ1 'RT-131001001','','003_pi-excel','';
2018-02-06 16:39:42 EXEC SPC_GET_CONSTANT '';
2018-02-06 16:39:42 EXEC SPC_003_PI_EXCEL_INQ1 'RT-131001001','','003_pi-excel','';
2018-02-06 16:48:23 EXEC SPC_COM_GET_COMBOBOX 'in_out_div';
2018-02-06 16:48:23 EXEC SPC_COM_GET_COMBOBOX 'in_out_data_div';
2018-02-06 16:51:56 EXEC SPC_COM_GET_COMBOBOX 'pi_status_div';
2018-02-06 16:51:59 EXEC SPC_002_PI_SEARCH_FND1 '','','','','','','','20','1','10';
2018-02-06 16:52:06 EXEC SPC_002_PI_SEARCH_FND1 '','','','','','','','20','1','100';
2018-02-06 16:52:15 EXEC SPC_GET_CONSTANT '';
2018-02-06 16:52:15 EXEC SPC_003_PI_EXCEL_INQ1 'RT-131001001','','003_pi-excel','';
2018-02-06 16:52:16 EXEC SPC_003_PI_EXCEL_INQ1 'RT-140107004','','003_pi-excel','';
2018-02-06 16:52:16 EXEC SPC_003_PI_EXCEL_INQ1 'RT-140109002','','003_pi-excel','';
2018-02-06 16:52:17 EXEC SPC_003_PI_EXCEL_INQ1 'RT-140110002','','003_pi-excel','';
2018-02-06 16:52:17 EXEC SPC_003_PI_EXCEL_INQ1 'RT-140114001','','003_pi-excel','';
2018-02-06 16:52:18 EXEC SPC_003_PI_EXCEL_INQ1 'RT-140114003','','003_pi-excel','';
2018-02-06 16:52:18 EXEC SPC_003_PI_EXCEL_INQ1 'RT-180103008','','003_pi-excel','';
2018-02-06 16:52:19 EXEC SPC_003_PI_EXCEL_INQ1 'RT-180117001','','003_pi-excel','';
2018-02-06 16:52:19 EXEC SPC_003_PI_EXCEL_INQ1 'RT-180117003','','003_pi-excel','';
2018-02-06 16:52:19 EXEC SPC_003_PI_EXCEL_INQ1 'RT-180117004','','003_pi-excel','';
2018-02-06 16:52:20 EXEC SPC_003_PI_EXCEL_INQ1 'RT-180205001','','003_pi-excel','';
2018-02-06 16:52:46 EXEC SPC_COM_GET_COMBOBOX 'manufacture_status_div';
2018-02-06 16:52:48 EXEC SPC_026_INTERNAL_ORDER_SEARCH_FND1 '','','','','','','1','10';
2018-02-06 16:52:52 EXEC SPC_026_INTERNAL_ORDER_SEARCH_FND1 '','','','','','','1','50';
2018-02-06 16:53:26 EXEC SPC_073_LOGIN_ACT1 '812','812';
2018-02-06 16:53:26 EXEC SPC_GET_CONSTANT '';
2018-02-06 16:53:42 EXEC SPC_COM_GET_COMBOBOX 'manufacture_status_div';
2018-02-06 16:53:44 EXEC SPC_026_INTERNAL_ORDER_SEARCH_FND1 '','','','','','','1','10';
2018-02-06 16:53:46 EXEC SPC_026_INTERNAL_ORDER_SEARCH_FND1 '','','','','','','1','100';
2018-02-06 16:53:53 EXEC dbo.SPC_026_INTERNAL_ORDER_DETAIL_INQ1 '1801240001';
2018-02-06 16:53:54 EXEC dbo.SPC_026_INTERNAL_ORDER_DETAIL_INQ1 '1801240002';
2018-02-06 16:53:54 EXEC dbo.SPC_026_INTERNAL_ORDER_DETAIL_INQ1 '1801240004';
2018-02-06 16:54:06 EXEC dbo.SPC_026_INTERNAL_ORDER_DETAIL_INQ1 '1801240001';
2018-02-06 16:54:07 EXEC dbo.SPC_026_INTERNAL_ORDER_DETAIL_INQ1 '1801240001';
2018-02-06 16:54:07 EXEC dbo.SPC_026_INTERNAL_ORDER_DETAIL_INQ1 '1801240001';
2018-02-06 16:54:07 EXEC dbo.SPC_026_INTERNAL_ORDER_DETAIL_INQ1 '1801240001';
2018-02-06 16:54:07 EXEC dbo.SPC_026_INTERNAL_ORDER_DETAIL_INQ1 '1801240001';
2018-02-06 16:54:08 EXEC dbo.SPC_026_INTERNAL_ORDER_DETAIL_INQ1 '1801240002';
2018-02-06 16:54:08 EXEC dbo.SPC_026_INTERNAL_ORDER_DETAIL_INQ1 '1801240002';
2018-02-06 16:54:09 EXEC dbo.SPC_026_INTERNAL_ORDER_DETAIL_INQ1 '1801240002';
2018-02-06 16:54:09 EXEC dbo.SPC_026_INTERNAL_ORDER_DETAIL_INQ1 '1801240002';
2018-02-06 16:54:10 EXEC dbo.SPC_026_INTERNAL_ORDER_DETAIL_INQ1 '1801240002';
2018-02-06 16:54:11 EXEC dbo.SPC_026_INTERNAL_ORDER_DETAIL_INQ1 '1801240002';
2018-02-06 16:54:11 EXEC dbo.SPC_026_INTERNAL_ORDER_DETAIL_INQ1 '1801240002';
2018-02-06 16:54:12 EXEC dbo.SPC_026_INTERNAL_ORDER_DETAIL_INQ1 '1801240002';
2018-02-06 16:54:13 EXEC dbo.SPC_026_INTERNAL_ORDER_DETAIL_INQ1 '1801240002';
2018-02-06 16:54:13 EXEC dbo.SPC_026_INTERNAL_ORDER_DETAIL_INQ1 '1801240002';
2018-02-06 16:54:14 EXEC dbo.SPC_026_INTERNAL_ORDER_DETAIL_INQ1 '1801240002';
2018-02-06 16:54:15 EXEC dbo.SPC_026_INTERNAL_ORDER_DETAIL_INQ1 '1801240002';
2018-02-06 16:54:15 EXEC dbo.SPC_026_INTERNAL_ORDER_DETAIL_INQ1 '1801240002';
2018-02-06 16:54:16 EXEC dbo.SPC_026_INTERNAL_ORDER_DETAIL_INQ1 '1801240002';
2018-02-06 16:54:16 EXEC dbo.SPC_026_INTERNAL_ORDER_DETAIL_INQ1 '1801240002';
2018-02-06 16:54:17 EXEC dbo.SPC_026_INTERNAL_ORDER_DETAIL_INQ1 '1801240002';
2018-02-06 16:54:17 EXEC dbo.SPC_026_INTERNAL_ORDER_DETAIL_INQ1 '1801240002';
2018-02-06 16:54:18 EXEC dbo.SPC_026_INTERNAL_ORDER_DETAIL_INQ1 '1801240002';
2018-02-06 16:54:19 EXEC dbo.SPC_026_INTERNAL_ORDER_DETAIL_INQ1 '1801240002';
2018-02-06 16:54:19 EXEC dbo.SPC_026_INTERNAL_ORDER_DETAIL_INQ1 '1801240002';
2018-02-06 16:54:20 EXEC dbo.SPC_026_INTERNAL_ORDER_DETAIL_INQ1 '1801240002';
2018-02-06 16:54:20 EXEC dbo.SPC_026_INTERNAL_ORDER_DETAIL_INQ1 '1801240002';
2018-02-06 16:54:21 EXEC dbo.SPC_026_INTERNAL_ORDER_DETAIL_INQ1 '1801240002';
2018-02-06 16:54:21 EXEC dbo.SPC_026_INTERNAL_ORDER_DETAIL_INQ1 '1801240002';
2018-02-06 16:54:22 EXEC dbo.SPC_026_INTERNAL_ORDER_DETAIL_INQ1 '1801240002';
2018-02-06 16:54:22 EXEC dbo.SPC_026_INTERNAL_ORDER_DETAIL_INQ1 '1801240002';
2018-02-06 16:54:23 EXEC dbo.SPC_026_INTERNAL_ORDER_DETAIL_INQ1 '1801240002';
2018-02-06 16:54:24 EXEC dbo.SPC_026_INTERNAL_ORDER_DETAIL_INQ1 '1801240002';
2018-02-06 16:54:24 EXEC dbo.SPC_026_INTERNAL_ORDER_DETAIL_INQ1 '1801240002';
2018-02-06 16:54:25 EXEC dbo.SPC_026_INTERNAL_ORDER_DETAIL_INQ1 '1801240002';
2018-02-06 16:54:25 EXEC dbo.SPC_026_INTERNAL_ORDER_DETAIL_INQ1 '1801240004';
2018-02-06 16:54:26 EXEC dbo.SPC_026_INTERNAL_ORDER_DETAIL_INQ1 '1801240004';
2018-02-06 16:54:26 EXEC dbo.SPC_026_INTERNAL_ORDER_DETAIL_INQ1 '1801240004';
2018-02-06 16:54:26 EXEC dbo.SPC_026_INTERNAL_ORDER_DETAIL_INQ1 '1801240004';
2018-02-06 16:54:27 EXEC dbo.SPC_026_INTERNAL_ORDER_DETAIL_INQ1 '1801240004';
2018-02-06 16:54:27 EXEC dbo.SPC_026_INTERNAL_ORDER_DETAIL_INQ1 '1801240004';
2018-02-06 16:54:28 EXEC dbo.SPC_026_INTERNAL_ORDER_DETAIL_INQ1 '1801240004';
2018-02-06 16:54:28 EXEC dbo.SPC_026_INTERNAL_ORDER_DETAIL_INQ1 '1801240004';
2018-02-06 16:54:29 EXEC dbo.SPC_026_INTERNAL_ORDER_DETAIL_INQ1 '1801240004';
2018-02-06 16:54:30 EXEC dbo.SPC_026_INTERNAL_ORDER_DETAIL_INQ1 '1801240004';
2018-02-06 16:54:31 EXEC dbo.SPC_026_INTERNAL_ORDER_DETAIL_INQ1 '1801240004';
2018-02-06 16:54:31 EXEC dbo.SPC_026_INTERNAL_ORDER_DETAIL_INQ1 '1801240004';
2018-02-06 16:54:32 EXEC dbo.SPC_026_INTERNAL_ORDER_DETAIL_INQ1 '1801240004';
2018-02-06 16:54:33 EXEC dbo.SPC_026_INTERNAL_ORDER_DETAIL_INQ1 '1801240004';
2018-02-06 16:54:33 EXEC dbo.SPC_026_INTERNAL_ORDER_DETAIL_INQ1 '1801240004';
2018-02-06 16:54:34 EXEC dbo.SPC_026_INTERNAL_ORDER_DETAIL_INQ1 '1801240004';
2018-02-06 16:54:34 EXEC dbo.SPC_026_INTERNAL_ORDER_DETAIL_INQ1 '1801240004';
2018-02-06 16:54:35 EXEC dbo.SPC_026_INTERNAL_ORDER_DETAIL_INQ1 '1801240004';
2018-02-06 16:54:35 EXEC dbo.SPC_026_INTERNAL_ORDER_DETAIL_INQ1 '1801240004';
2018-02-06 16:54:36 EXEC dbo.SPC_026_INTERNAL_ORDER_DETAIL_INQ1 '1801240004';
2018-02-06 16:54:36 EXEC dbo.SPC_026_INTERNAL_ORDER_DETAIL_INQ1 '1801240004';
2018-02-06 16:54:37 EXEC dbo.SPC_026_INTERNAL_ORDER_DETAIL_INQ1 '1801240005';
2018-02-06 16:54:37 EXEC dbo.SPC_026_INTERNAL_ORDER_DETAIL_INQ1 '1801240005';
2018-02-06 16:54:38 EXEC dbo.SPC_026_INTERNAL_ORDER_DETAIL_INQ1 '1801240005';
2018-02-06 16:54:38 EXEC dbo.SPC_026_INTERNAL_ORDER_DETAIL_INQ1 '1801240005';
2018-02-06 16:54:39 EXEC dbo.SPC_026_INTERNAL_ORDER_DETAIL_INQ1 '1801240005';
2018-02-06 16:54:39 EXEC dbo.SPC_026_INTERNAL_ORDER_DETAIL_INQ1 '1801240005';
2018-02-06 16:54:40 EXEC dbo.SPC_026_INTERNAL_ORDER_DETAIL_INQ1 '1801240005';
2018-02-06 16:54:40 EXEC dbo.SPC_026_INTERNAL_ORDER_DETAIL_INQ1 '1801240005';
2018-02-06 16:54:40 EXEC dbo.SPC_026_INTERNAL_ORDER_DETAIL_INQ1 '1801240005';
2018-02-06 16:54:41 EXEC dbo.SPC_026_INTERNAL_ORDER_DETAIL_INQ1 '1801240005';
2018-02-06 16:54:41 EXEC dbo.SPC_026_INTERNAL_ORDER_DETAIL_INQ1 '1801240005';
2018-02-06 16:54:42 EXEC dbo.SPC_026_INTERNAL_ORDER_DETAIL_INQ1 '1801240005';
2018-02-06 16:54:42 EXEC dbo.SPC_026_INTERNAL_ORDER_DETAIL_INQ1 '1801240005';
2018-02-06 16:54:43 EXEC dbo.SPC_026_INTERNAL_ORDER_DETAIL_INQ1 '1801240005';
2018-02-06 16:54:43 EXEC dbo.SPC_026_INTERNAL_ORDER_DETAIL_INQ1 '1801240005';
2018-02-06 16:54:44 EXEC dbo.SPC_026_INTERNAL_ORDER_DETAIL_INQ1 '1801240005';
2018-02-06 16:54:44 EXEC dbo.SPC_026_INTERNAL_ORDER_DETAIL_INQ1 '1801240005';
2018-02-06 16:54:44 EXEC dbo.SPC_026_INTERNAL_ORDER_DETAIL_INQ1 '1801240005';
2018-02-06 16:54:45 EXEC dbo.SPC_026_INTERNAL_ORDER_DETAIL_INQ1 '1801240005';
2018-02-06 16:54:45 EXEC dbo.SPC_026_INTERNAL_ORDER_DETAIL_INQ1 '1801240005';
2018-02-06 16:54:46 EXEC dbo.SPC_026_INTERNAL_ORDER_DETAIL_INQ1 '1801240005';
2018-02-06 16:54:46 EXEC dbo.SPC_026_INTERNAL_ORDER_DETAIL_INQ1 '1801240006';
2018-02-06 16:54:46 EXEC dbo.SPC_026_INTERNAL_ORDER_DETAIL_INQ1 '1801260001';
2018-02-06 16:54:46 EXEC dbo.SPC_026_INTERNAL_ORDER_DETAIL_INQ1 '1802020001';
2018-02-06 16:54:47 EXEC dbo.SPC_026_INTERNAL_ORDER_DETAIL_INQ1 '1802020001';
2018-02-06 16:54:47 EXEC dbo.SPC_026_INTERNAL_ORDER_DETAIL_INQ1 '1802020001';
2018-02-06 16:57:05 EXEC SPC_COM_GET_COMBOBOX 'pi_status_div';
2018-02-06 16:57:15 EXEC SPC_049_INPUT_OUTPUT_FND1 '','','','','','','','1','10';
2018-02-06 16:57:16 EXEC SPC_049_INPUT_OUTPUT_FND1 '','','','','','','','1','50';
2018-02-06 16:57:18 EXEC SPC_049_INPUT_OUTPUT_FND1 '','','','','','','','1','100';
2018-02-06 18:48:48 EXEC SPC_COM_GET_COMBOBOX 'port_country_div';
2018-02-06 18:48:48 EXEC SPC_COM_GET_COMBOBOX 'unit_q_div';
2018-02-06 18:48:49 EXEC SPC_COM_GET_COMBOBOX 'unit_w_div';
2018-02-06 18:48:49 EXEC SPC_COM_GET_COMBOBOX 'payment_conditions_div';
2018-02-06 18:48:49 EXEC SPC_COM_GET_COMBOBOX 'currency_div';
2018-02-06 18:48:49 EXEC SPC_COM_GET_COMBOBOX 'shipment_div';
2018-02-06 18:48:49 EXEC SPC_COM_GET_COMBOBOX 'port_city_div';
2018-02-06 18:48:49 EXEC SPC_COM_GET_COMBOBOX 'trade_terms_div';
2018-02-06 18:48:49 EXEC SPC_COM_GET_COMBOBOX 'unit_m_div';
2018-02-06 18:48:49 EXEC SPC_COM_GET_COMBOBOX 'bank_div';
2018-02-06 18:48:49 EXEC SPC_COM_GET_COMBOBOX 'sales_detail_div';
2018-02-06 18:48:49 EXEC SPC_GET_TAX_RATE '2018/02/06';
2018-02-06 18:48:49 EXEC SPC_001_PI_DETAIL_INQ1 'RT-131001001';
2018-02-06 18:48:50 EXEC SPC_COM_GET_COMBOBOX 'unit_m_div';
2018-02-06 18:48:50 EXEC SPC_COM_GET_COMBOBOX 'unit_q_div';
2018-02-06 18:48:50 EXEC SPC_COM_GET_COMBOBOX 'unit_w_div';
2018-02-06 18:48:50 EXEC SPC_COM_GET_COMBOBOX 'sales_detail_div';
2018-02-06 18:48:50 EXEC SPC_GET_TAX_RATE '2013/10/01';
2018-02-06 18:51:19 EXEC SPC_GET_TAX_RATE '';
2018-02-06 18:51:50 EXEC SPC_GET_TAX_RATE '2018/02/28';
2018-02-06 18:52:05 EXEC SPC_GET_TAX_RATE '2012/02/01';
