2018-02-28 10:42:53 EXEC SPC_073_LOGIN_ACT1 '001','123456';
2018-02-28 10:42:53 EXEC SPC_GET_CONSTANT '';
2018-02-28 11:53:44 EXEC SPC_GET_TAX_RATE '2018/02/28';
2018-02-28 12:16:41 EXEC SPC_GET_TAX_RATE '2018/02/28';
2018-02-28 12:18:01 EXEC SPC_GET_TAX_RATE '2018/02/28';
2018-02-28 12:18:04 EXEC SPC_COM_GET_COMBOBOX 'buy_status_div';
2018-02-28 12:18:05 EXEC SPC_032_PURCHASE_REQUEST_SEARCH_FND1 '','','','','','','','1','10';
2018-02-28 12:18:10 EXEC SPC_COM_GET_COMBOBOX 'buy_status_div';
2018-02-28 12:18:13 EXEC SPC_GET_TAX_RATE '2018/02/28';
2018-02-28 12:18:18 EXEC SPC_055_SUPPLIERS_MASTER_SEARCH_FND1 '','','','','','','0','0','0','1','10';
2018-02-28 12:18:20 EXEC SPC_REFER_CLIENT_CD '001';
2018-02-28 12:18:30 EXEC SPC_069_COMPONENT_MASTER_SEARCH_FND1 '','','','1','10';
2018-02-28 12:18:32 EXEC SPC_031_PURCHASE_REQUEST_DETAIL_INQ2 '00012','001';
2018-02-28 12:18:41 EXEC SPC_031_PURCHASE_REQUEST_DETAIL_ACT1 'I','','10','2018/02/28','001','仕入先担当者名','件名','','備考','[{"buy_detail_no":"1","parts_cd":"00012","buy_qty":"10","buy_unit_price":"33.33","buy_detail_amt":"333.29","buy_detail_tax":"26.66","detail_remarks":"0"}]','333.29','26.66','27','360.29','001','031_purchase_request-detail','192.168.5.206';
2018-02-28 12:18:42 EXEC SPC_031_PURCHASE_REQUEST_DETAIL_INQ1 'KI201802280001';
2018-02-28 12:18:42 EXEC SPC_GET_TAX_RATE '2018/02/28';
2018-02-28 12:19:10 EXEC SPC_031_PURCHASE_REQUEST_DETAIL_ACT1 'I','KI201802280001','10','2018/02/28','001','仕入先担当者名','件名','','備考','[{"buy_detail_no":"1","parts_cd":"00012","buy_qty":"10","buy_unit_price":"33.33","buy_detail_amt":"333.29","buy_detail_tax":"26.66","detail_remarks":"0"}]','333.29','26.66','27','360.29','001','031_purchase_request-detail','192.168.5.206';
2018-02-28 12:19:11 EXEC SPC_031_PURCHASE_REQUEST_DETAIL_INQ1 'KI201802280002';
2018-02-28 12:19:12 EXEC SPC_GET_TAX_RATE '2018/02/28';
2018-02-28 12:19:48 EXEC SPC_GET_TAX_RATE '2018/02/28';
2018-02-28 12:19:52 EXEC SPC_055_SUPPLIERS_MASTER_SEARCH_FND1 '','','','','','','0','0','0','1','10';
2018-02-28 12:19:54 EXEC SPC_REFER_CLIENT_CD 'ape76';
2018-02-28 12:20:00 EXEC SPC_069_COMPONENT_MASTER_SEARCH_FND1 '','','','1','10';
2018-02-28 12:20:02 EXEC SPC_031_PURCHASE_REQUEST_DETAIL_INQ2 '00014','ape76';
2018-02-28 12:20:09 EXEC SPC_031_PURCHASE_REQUEST_DETAIL_ACT1 'I','','10','2018/02/28','ape76','仕入先担当者名','件名','','','[{"buy_detail_no":"1","parts_cd":"00014","buy_qty":"22","buy_unit_price":"33.33","buy_detail_amt":"733.26","buy_detail_tax":"58.66","detail_remarks":""}]','733.26','58.66','59','792.26','001','031_purchase_request-detail','192.168.5.206';
2018-02-28 12:20:10 EXEC SPC_031_PURCHASE_REQUEST_DETAIL_INQ1 'KI201802280003';
2018-02-28 12:20:10 EXEC SPC_GET_TAX_RATE '2018/02/28';
2018-02-28 12:20:12 EXEC SPC_031_PURCHASE_REQUEST_DETAIL_ACT1 'I','KI201802280003','10','2018/02/28','ape76','仕入先担当者名','件名','','','[{"buy_detail_no":"1","parts_cd":"00014","buy_qty":"22","buy_unit_price":"33.33","buy_detail_amt":"733.26","buy_detail_tax":"58.66","detail_remarks":""}]','733.26','58.66','59','792.26','001','031_purchase_request-detail','192.168.5.206';
2018-02-28 12:20:13 EXEC SPC_031_PURCHASE_REQUEST_DETAIL_INQ1 'KI201802280004';
2018-02-28 12:20:14 EXEC SPC_GET_TAX_RATE '2018/02/28';
2018-02-28 12:25:15 EXEC SPC_GET_TAX_RATE '19970104';
2018-02-28 12:25:24 EXEC SPC_GET_TAX_RATE '19970401';
2018-02-28 12:25:31 EXEC SPC_GET_TAX_RATE '2018/02/28';
2018-02-28 12:25:38 EXEC SPC_COM_GET_COMBOBOX 'buy_status_div';
2018-02-28 12:25:39 EXEC SPC_032_PURCHASE_REQUEST_SEARCH_FND1 '','','','','','','','1','10';
2018-02-28 12:29:26 EXEC SPC_032_PURCHASE_REQUEST_SEARCH_FND1 '','','','','','','','2','10';
2018-02-28 12:29:29 EXEC SPC_GET_TAX_RATE '2018/02/28';
2018-02-28 12:29:31 EXEC SPC_031_PURCHASE_REQUEST_DETAIL_INQ1 'KI201802280004';
2018-02-28 12:29:32 EXEC SPC_GET_TAX_RATE '2018/02/28';
2018-02-28 12:29:39 EXEC SPC_GET_TAX_RATE '19970401';
2018-02-28 12:30:04 EXEC SPC_GET_TAX_RATE '19970104';
2018-02-28 12:30:11 EXEC SPC_GET_TAX_RATE '1997/04/01';
2018-02-28 12:31:16 EXEC SPC_GET_TAX_RATE '2018/02/28';
2018-02-28 12:31:16 EXEC SPC_031_PURCHASE_REQUEST_DETAIL_INQ1 'KI201802280004';
2018-02-28 12:31:17 EXEC SPC_GET_TAX_RATE '2018/02/28';
2018-02-28 12:31:28 EXEC SPC_GET_TAX_RATE '19970401';
2018-02-28 12:31:37 EXEC SPC_GET_TAX_RATE '1997/04/02';
2018-02-28 12:32:30 EXEC SPC_GET_TAX_RATE '2018/02/28';
2018-02-28 12:32:30 EXEC SPC_031_PURCHASE_REQUEST_DETAIL_INQ1 'KI201802280004';
2018-02-28 12:32:30 EXEC SPC_GET_TAX_RATE '2018/02/28';
2018-02-28 12:32:37 EXEC SPC_GET_TAX_RATE '1997/04/01';
2018-02-28 12:32:48 EXEC SPC_GET_TAX_RATE '1997/04/02';
2018-02-28 12:32:51 EXEC SPC_GET_TAX_RATE '1997/04/01';
2018-02-28 12:33:18 EXEC SPC_GET_TAX_RATE '2018/02/26';
2018-02-28 12:33:30 EXEC SPC_GET_TAX_RATE '1997/04/01';
2018-02-28 12:33:38 EXEC SPC_GET_TAX_RATE '1997/04/02';
2018-02-28 12:34:35 EXEC SPC_GET_TAX_RATE '2018/02/28';
2018-02-28 12:34:35 EXEC SPC_031_PURCHASE_REQUEST_DETAIL_INQ1 'KI201802280004';
2018-02-28 12:34:36 EXEC SPC_GET_TAX_RATE '2018/02/28';
2018-02-28 12:34:49 EXEC SPC_GET_TAX_RATE '1997/04/01';
2018-02-28 12:35:30 EXEC SPC_GET_TAX_RATE '2018/02/28';
2018-02-28 12:35:30 EXEC SPC_031_PURCHASE_REQUEST_DETAIL_INQ1 'KI201802280004';
2018-02-28 12:35:31 EXEC SPC_GET_TAX_RATE '2018/02/28';
2018-02-28 12:35:40 EXEC SPC_GET_TAX_RATE '1997/04/01';
2018-02-28 12:38:09 EXEC SPC_GET_TAX_RATE '2018/02/28';
2018-02-28 12:38:10 EXEC SPC_031_PURCHASE_REQUEST_DETAIL_INQ1 'KI201802280004';
2018-02-28 12:38:10 EXEC SPC_GET_TAX_RATE '2018/02/28';
2018-02-28 12:38:15 EXEC SPC_GET_TAX_RATE '19970401';
2018-02-28 12:43:24 EXEC SPC_069_COMPONENT_MASTER_SEARCH_FND1 '','','','1','10';
2018-02-28 12:43:25 EXEC SPC_031_PURCHASE_REQUEST_DETAIL_INQ2 '00011','ape76';
2018-02-28 12:43:37 EXEC SPC_GET_CONSTANT '';
2018-02-28 12:43:58 EXEC SPC_031_PURCHASE_REQUEST_DETAIL_ACT1 'U','KI201802280004','10','1997/04/01','ape76','仕入先担当者名','件名','','','[{"buy_detail_no":"1","parts_cd":"00014","buy_qty":"22","buy_unit_price":"33.33","buy_detail_amt":"733.26","buy_detail_tax":"58.66","detail_remarks":""},{"buy_detail_no":"2","parts_cd":"00011","buy_qty":"10","buy_unit_price":"0","buy_detail_amt":"0","buy_detail_tax":"0","detail_remarks":""}]','733.26','58.66','37','770.26','001','031_purchase_request-detail','192.168.5.206';
2018-02-28 12:43:59 EXEC SPC_031_PURCHASE_REQUEST_DETAIL_INQ1 'KI201802280004';
2018-02-28 12:44:00 EXEC SPC_GET_TAX_RATE '1997/04/01';
2018-02-28 12:48:22 EXEC SPC_031_PURCHASE_REQUEST_DETAIL_ACT1 'U','KI201802280004','10','1997/04/01','ape76','仕入先担当者名','件名','','','[{"buy_detail_no":"1","parts_cd":"00014","buy_qty":"22","buy_unit_price":"33.33","buy_detail_amt":"733.26","buy_detail_tax":"58.66","detail_remarks":""},{"buy_detail_no":"2","parts_cd":"00011","buy_qty":"10","buy_unit_price":"0","buy_detail_amt":"0","buy_detail_tax":"0","detail_remarks":""}]','733.26','58.66','37','770.26','001','031_purchase_request-detail','192.168.5.206';
2018-02-28 12:49:01 EXEC SPC_031_PURCHASE_REQUEST_DETAIL_ACT1 'U','KI201802280004','10','1997/04/01','ape76','仕入先担当者名','件名','','','[{"buy_detail_no":"1","parts_cd":"00014","buy_qty":"22","buy_unit_price":"33.33","buy_detail_amt":"733.26","buy_detail_tax":"58.66","detail_remarks":""},{"buy_detail_no":"2","parts_cd":"00011","buy_qty":"10","buy_unit_price":"0","buy_detail_amt":"0","buy_detail_tax":"0","detail_remarks":""}]','733.26','58.66','37','770.26','001','031_purchase_request-detail','192.168.5.206';
2018-02-28 12:49:02 EXEC SPC_031_PURCHASE_REQUEST_DETAIL_INQ1 'KI201802280004';
2018-02-28 12:49:38 EXEC SPC_GET_TAX_RATE '';
2018-02-28 12:49:44 EXEC SPC_GET_TAX_RATE '2018/02/28';
2018-02-28 12:49:45 EXEC SPC_031_PURCHASE_REQUEST_DETAIL_INQ1 'KI201802280004';
2018-02-28 12:49:46 EXEC SPC_GET_TAX_RATE '1997/04/01';
2018-02-28 12:51:06 EXEC SPC_031_PURCHASE_REQUEST_DETAIL_ACT1 'U','KI201802280004','10','1997/04/01','ape76','仕入先担当者名','件名','','','[{"buy_detail_no":"1","parts_cd":"00014","buy_qty":"22","buy_unit_price":"33.33","buy_detail_amt":"733.26","buy_detail_tax":"58.66","detail_remarks":""},{"buy_detail_no":"2","parts_cd":"00011","buy_qty":"10","buy_unit_price":"0","buy_detail_amt":"0","buy_detail_tax":"0","detail_remarks":""}]','733.26','58.66','37','770.26','001','031_purchase_request-detail','192.168.5.206';
2018-02-28 12:51:08 EXEC SPC_031_PURCHASE_REQUEST_DETAIL_INQ1 'KI201802280004';
2018-02-28 12:51:08 EXEC SPC_GET_TAX_RATE '1997/04/01';
2018-02-28 12:51:18 EXEC SPC_031_PURCHASE_REQUEST_DETAIL_ACT1 'U','KI201802280004','10','1997/04/01','ape76','仕入先担当者名','件名','','','[{"buy_detail_no":"1","parts_cd":"00014","buy_qty":"22","buy_unit_price":"33.33","buy_detail_amt":"733.26","buy_detail_tax":"22","detail_remarks":""},{"buy_detail_no":"2","parts_cd":"00011","buy_qty":"10","buy_unit_price":"0","buy_detail_amt":"0","buy_detail_tax":"0","detail_remarks":""}]','733.26','22','37','770.26','001','031_purchase_request-detail','192.168.5.206';
2018-02-28 12:51:19 EXEC SPC_031_PURCHASE_REQUEST_DETAIL_INQ1 'KI201802280004';
2018-02-28 12:51:19 EXEC SPC_GET_TAX_RATE '1997/04/01';
2018-02-28 12:51:40 EXEC SPC_031_PURCHASE_REQUEST_DETAIL_ACT1 'U','KI201802280004','10','1997/04/01','ape76','仕入先担当者名','件名','','','[{"buy_detail_no":"1","parts_cd":"00014","buy_qty":"22","buy_unit_price":"33.33","buy_detail_amt":"733.26","buy_detail_tax":"22","detail_remarks":""},{"buy_detail_no":"2","parts_cd":"00011","buy_qty":"10","buy_unit_price":"0","buy_detail_amt":"0","buy_detail_tax":"0","detail_remarks":""}]','733.26','220','37','770.26','001','031_purchase_request-detail','192.168.5.206';
2018-02-28 12:51:41 EXEC SPC_031_PURCHASE_REQUEST_DETAIL_INQ1 'KI201802280004';
2018-02-28 12:51:42 EXEC SPC_GET_TAX_RATE '1997/04/01';
2018-02-28 12:51:53 EXEC SPC_031_PURCHASE_REQUEST_DETAIL_ACT1 'U','KI201802280004','10','1997/04/01','ape76','仕入先担当者名','件名','','','[{"buy_detail_no":"1","parts_cd":"00014","buy_qty":"22","buy_unit_price":"33.33","buy_detail_amt":"733.26","buy_detail_tax":"22","detail_remarks":""},{"buy_detail_no":"2","parts_cd":"00011","buy_qty":"10","buy_unit_price":"0","buy_detail_amt":"0","buy_detail_tax":"0","detail_remarks":""}]','733.26','22','37','770.26','001','031_purchase_request-detail','192.168.5.206';
2018-02-28 12:51:54 EXEC SPC_031_PURCHASE_REQUEST_DETAIL_INQ1 'KI201802280004';
2018-02-28 12:51:55 EXEC SPC_GET_TAX_RATE '1997/04/01';
2018-02-28 12:52:44 EXEC SPC_031_PURCHASE_REQUEST_DETAIL_ACT1 'U','KI201802280004','10','1997/04/01','ape76','仕入先担当者名','件名','','','[{"buy_detail_no":"1","parts_cd":"00014","buy_qty":"22","buy_unit_price":"33.33","buy_detail_amt":"733.26","buy_detail_tax":"22","detail_remarks":""},{"buy_detail_no":"2","parts_cd":"00011","buy_qty":"10","buy_unit_price":"0","buy_detail_amt":"0","buy_detail_tax":"0","detail_remarks":""}]','733.26','22','37','770.26','001','031_purchase_request-detail','192.168.5.206';
2018-02-28 12:52:45 EXEC SPC_031_PURCHASE_REQUEST_DETAIL_INQ1 'KI201802280004';
2018-02-28 12:52:46 EXEC SPC_GET_TAX_RATE '1997/04/01';
2018-02-28 13:39:14 EXEC SPC_031_PURCHASE_REQUEST_DETAIL_ACT1 'U','KI201802280004','10','1997/04/01','ape76','仕入先担当者名','件名','','','[{"buy_detail_no":"1","parts_cd":"00014","buy_qty":"22","buy_unit_price":"33.33","buy_detail_amt":"733.26","buy_detail_tax":"22","detail_remarks":""},{"buy_detail_no":"2","parts_cd":"00011","buy_qty":"10","buy_unit_price":"0","buy_detail_amt":"0","buy_detail_tax":"0","detail_remarks":""}]','733.26','22','37','770.26','001','031_purchase_request-detail','192.168.5.206';
2018-02-28 13:39:15 EXEC SPC_031_PURCHASE_REQUEST_DETAIL_INQ1 'KI201802280004';
2018-02-28 13:39:16 EXEC SPC_GET_TAX_RATE '1997/04/01';
2018-02-28 13:39:36 EXEC SPC_031_PURCHASE_REQUEST_DETAIL_ACT1 'U','KI201802280004','10','1997/04/01','ape76','仕入先担当者名','件名','','','[{"buy_detail_no":"1","parts_cd":"00014","buy_qty":"22","buy_unit_price":"33.33","buy_detail_amt":"733.26","buy_detail_tax":"22","detail_remarks":""},{"buy_detail_no":"2","parts_cd":"00011","buy_qty":"10","buy_unit_price":"0","buy_detail_amt":"0","buy_detail_tax":"0","detail_remarks":""}]','733.26','22','37','770.26','001','031_purchase_request-detail','192.168.5.206';
2018-02-28 13:39:37 EXEC SPC_031_PURCHASE_REQUEST_DETAIL_INQ1 'KI201802280004';
2018-02-28 13:39:38 EXEC SPC_GET_TAX_RATE '1997/04/01';
2018-02-28 13:39:43 EXEC SPC_031_PURCHASE_REQUEST_DETAIL_ACT1 'U','KI201802280004','10','1997/04/01','ape76','仕入先担当者名','件名','','','[{"buy_detail_no":"1","parts_cd":"00014","buy_qty":"22","buy_unit_price":"33.33","buy_detail_amt":"733.26","buy_detail_tax":"22","detail_remarks":""},{"buy_detail_no":"2","parts_cd":"00011","buy_qty":"10","buy_unit_price":"0","buy_detail_amt":"0","buy_detail_tax":"0","detail_remarks":""}]','733.26','22','37','770.26','001','031_purchase_request-detail','192.168.5.206';
2018-02-28 13:39:44 EXEC SPC_031_PURCHASE_REQUEST_DETAIL_INQ1 'KI201802280004';
2018-02-28 13:39:44 EXEC SPC_GET_TAX_RATE '1997/04/01';
2018-02-28 13:39:58 EXEC SPC_031_PURCHASE_REQUEST_DETAIL_ACT1 'U','KI201802280004','10','1997/04/01','ape76','仕入先担当者名','件名','','','[{"buy_detail_no":"1","parts_cd":"00014","buy_qty":"22","buy_unit_price":"33.33","buy_detail_amt":"733.26","buy_detail_tax":"22","detail_remarks":""},{"buy_detail_no":"2","parts_cd":"00011","buy_qty":"10","buy_unit_price":"0","buy_detail_amt":"0","buy_detail_tax":"0","detail_remarks":""}]','733.26','220','37','770.26','001','031_purchase_request-detail','192.168.5.206';
2018-02-28 13:39:59 EXEC SPC_031_PURCHASE_REQUEST_DETAIL_INQ1 'KI201802280004';
2018-02-28 13:39:59 EXEC SPC_GET_TAX_RATE '1997/04/01';
2018-02-28 13:40:29 EXEC SPC_031_PURCHASE_REQUEST_DETAIL_ACT1 'U','KI201802280004','10','1997/04/01','ape76','仕入先担当者名','件名','','','[{"buy_detail_no":"1","parts_cd":"00014","buy_qty":"22","buy_unit_price":"33.33","buy_detail_amt":"733.26","buy_detail_tax":"22","detail_remarks":""},{"buy_detail_no":"2","parts_cd":"00011","buy_qty":"10","buy_unit_price":"0","buy_detail_amt":"0","buy_detail_tax":"0","detail_remarks":""}]','733.26','220','37','770.26','001','031_purchase_request-detail','192.168.5.206';
2018-02-28 13:40:30 EXEC SPC_031_PURCHASE_REQUEST_DETAIL_INQ1 'KI201802280004';
2018-02-28 13:40:30 EXEC SPC_GET_TAX_RATE '1997/04/01';
2018-02-28 13:40:46 EXEC SPC_031_PURCHASE_REQUEST_DETAIL_ACT1 'U','KI201802280004','10','1997/04/01','ape76','仕入先担当者名','件名','','','[{"buy_detail_no":"1","parts_cd":"00014","buy_qty":"22","buy_unit_price":"33.33","buy_detail_amt":"733.26","buy_detail_tax":"22","detail_remarks":""},{"buy_detail_no":"2","parts_cd":"00011","buy_qty":"10","buy_unit_price":"0","buy_detail_amt":"0","buy_detail_tax":"0","detail_remarks":""}]','733.26','220','37','770.26','001','031_purchase_request-detail','192.168.5.206';
2018-02-28 13:40:47 EXEC SPC_031_PURCHASE_REQUEST_DETAIL_INQ1 'KI201802280004';
2018-02-28 13:40:48 EXEC SPC_GET_TAX_RATE '1997/04/01';
2018-02-28 13:40:56 EXEC SPC_GET_TAX_RATE '2018/02/28';
2018-02-28 13:40:56 EXEC SPC_031_PURCHASE_REQUEST_DETAIL_INQ1 'KI201802280004';
2018-02-28 13:40:57 EXEC SPC_GET_TAX_RATE '1997/04/01';
2018-02-28 13:41:02 EXEC SPC_031_PURCHASE_REQUEST_DETAIL_ACT1 'U','KI201802280004','10','1997/04/01','ape76','仕入先担当者名','件名','','','[{"buy_detail_no":"1","parts_cd":"00014","buy_qty":"22","buy_unit_price":"33.33","buy_detail_amt":"733.26","buy_detail_tax":"22","detail_remarks":""},{"buy_detail_no":"2","parts_cd":"00011","buy_qty":"10","buy_unit_price":"0","buy_detail_amt":"0","buy_detail_tax":"0","detail_remarks":""}]','733.26','22','37','770.26','001','031_purchase_request-detail','192.168.5.206';
2018-02-28 13:41:03 EXEC SPC_031_PURCHASE_REQUEST_DETAIL_INQ1 'KI201802280004';
2018-02-28 13:41:04 EXEC SPC_GET_TAX_RATE '1997/04/01';
2018-02-28 13:41:23 EXEC SPC_031_PURCHASE_REQUEST_DETAIL_ACT1 'U','KI201802280004','10','1997/04/01','ape76','仕入先担当者名','件名','','','[{"buy_detail_no":"1","parts_cd":"00014","buy_qty":"22","buy_unit_price":"2.33","buy_detail_amt":"51.26","buy_detail_tax":"2.56","detail_remarks":""},{"buy_detail_no":"2","parts_cd":"00011","buy_qty":"10","buy_unit_price":"0","buy_detail_amt":"0","buy_detail_tax":"0","detail_remarks":""}]','51.26','2.56','3','54.26','001','031_purchase_request-detail','192.168.5.206';
2018-02-28 13:41:25 EXEC SPC_031_PURCHASE_REQUEST_DETAIL_INQ1 'KI201802280004';
2018-02-28 13:41:25 EXEC SPC_GET_TAX_RATE '1997/04/01';
2018-02-28 13:45:11 EXEC SPC_031_PURCHASE_REQUEST_DETAIL_ACT1 'U','KI201802280004','10','1997/04/01','ape76','仕入先担当者名','件名','','','[{"buy_detail_no":"1","parts_cd":"00014","buy_qty":"22","buy_unit_price":"2.33","buy_detail_amt":"51.26","buy_detail_tax":"2.56","detail_remarks":""},{"buy_detail_no":"2","parts_cd":"00011","buy_qty":"10","buy_unit_price":"0","buy_detail_amt":"0","buy_detail_tax":"0","detail_remarks":""}]','51.26','2.56','3','54.26','001','031_purchase_request-detail','192.168.5.206';
2018-02-28 13:45:12 EXEC SPC_031_PURCHASE_REQUEST_DETAIL_INQ1 'KI201802280004';
2018-02-28 13:45:13 EXEC SPC_GET_TAX_RATE '1997/04/01';
2018-02-28 13:51:29 EXEC SPC_031_PURCHASE_REQUEST_DETAIL_ACT1 'U','KI201802280004','10','1997/04/01','ape76','仕入先担当者名','件名','','','[{"buy_detail_no":"1","parts_cd":"00014","buy_qty":"685322","buy_unit_price":"99","buy_detail_amt":"67846878","buy_detail_tax":"3392343.9","detail_remarks":""},{"buy_detail_no":"2","parts_cd":"00011","buy_qty":"10","buy_unit_price":"0","buy_detail_amt":"0","buy_detail_tax":"0","detail_remarks":""}]','67846878','3392343.9','3392344','71239222','001','031_purchase_request-detail','192.168.5.206';
2018-02-28 13:51:30 EXEC SPC_031_PURCHASE_REQUEST_DETAIL_INQ1 'KI201802280004';
2018-02-28 13:51:31 EXEC SPC_GET_TAX_RATE '1997/04/01';
2018-02-28 16:05:50 EXEC SPC_GET_TAX_RATE '2018/02/28';
2018-02-28 16:05:58 EXEC SPC_COM_GET_COMBOBOX 'buy_status_div';
2018-02-28 16:05:59 EXEC SPC_032_PURCHASE_REQUEST_SEARCH_FND1 '','','','','','','','1','10';
2018-02-28 16:06:01 EXEC SPC_032_PURCHASE_REQUEST_SEARCH_FND1 '','','','','','','','1','10';
2018-02-28 16:06:15 EXEC SPC_COM_GET_COMBOBOX 'buy_status_div';
2018-02-28 16:06:16 EXEC SPC_032_PURCHASE_REQUEST_SEARCH_FND1 '','','','','','','','1','10';
2018-02-28 16:06:18 EXEC SPC_GET_TAX_RATE '2018/02/28';
2018-02-28 16:06:22 EXEC SPC_055_SUPPLIERS_MASTER_SEARCH_FND1 '','','','','','','0','0','0','1','10';
2018-02-28 16:06:23 EXEC SPC_REFER_CLIENT_CD 'ape76';
2018-02-28 16:06:31 EXEC SPC_069_COMPONENT_MASTER_SEARCH_FND1 '','','','1','10';
2018-02-28 16:06:32 EXEC SPC_031_PURCHASE_REQUEST_DETAIL_INQ2 '00010','ape76';
2018-02-28 16:06:41 EXEC SPC_031_PURCHASE_REQUEST_DETAIL_ACT1 'I','','10','2018/02/28','ape76','仕入先担当者名','件名','','備考','[{"buy_detail_no":"1","parts_cd":"00010","buy_qty":"45","buy_unit_price":"3.33","buy_detail_amt":"149.85","buy_detail_tax":"11.99","detail_remarks":""}]','149.85','11.99','12','161.85','','031_purchase_request-detail','';
2018-02-28 16:06:42 EXEC SPC_031_PURCHASE_REQUEST_DETAIL_INQ1 'KI201802280001';
2018-02-28 16:06:42 EXEC SPC_GET_TAX_RATE '2018/02/28';
2018-02-28 16:06:46 EXEC SPC_069_COMPONENT_MASTER_SEARCH_FND1 '','','','1','10';
2018-02-28 16:06:48 EXEC SPC_031_PURCHASE_REQUEST_DETAIL_INQ2 '00014','ape76';
2018-02-28 16:06:58 EXEC SPC_031_PURCHASE_REQUEST_DETAIL_ACT1 'I','KI201802280001','10','2018/02/28','ape76','仕入先担当者名','件名','','備考','[{"buy_detail_no":"1","parts_cd":"00010","buy_qty":"45","buy_unit_price":"3.33","buy_detail_amt":"149.85","buy_detail_tax":"11.99","detail_remarks":"\u5099\u8003"},{"buy_detail_no":"2","parts_cd":"00014","buy_qty":"733","buy_unit_price":"8.33","buy_detail_amt":"6105.89","buy_detail_tax":"488.47","detail_remarks":"\u5099\u8003"}]','6255.74','11.99488','500','6755.74','','031_purchase_request-detail','';
2018-02-28 16:07:15 EXEC SPC_031_PURCHASE_REQUEST_DETAIL_INQ1 'KI201802280002';
2018-02-28 16:07:15 EXEC SPC_GET_TAX_RATE '2018/02/28';
2018-02-28 16:07:17 EXEC SPC_031_PURCHASE_REQUEST_DETAIL_ACT1 'I','KI201802280002','10','2018/02/28','ape76','仕入先担当者名','件名','','備考','[{"buy_detail_no":"1","parts_cd":"00010","buy_qty":"45","buy_unit_price":"3.33","buy_detail_amt":"149.85","buy_detail_tax":"11.99","detail_remarks":"\u5099\u8003"},{"buy_detail_no":"2","parts_cd":"00014","buy_qty":"733","buy_unit_price":"8.33","buy_detail_amt":"6105.89","buy_detail_tax":"488.47","detail_remarks":"\u5099\u8003"}]','6255.74','11.99488','500','6755.74','','031_purchase_request-detail','';
2018-02-28 16:07:19 EXEC SPC_031_PURCHASE_REQUEST_DETAIL_INQ1 'KI201802280003';
2018-02-28 16:07:19 EXEC SPC_GET_TAX_RATE '2018/02/28';
2018-02-28 16:07:21 EXEC SPC_031_PURCHASE_REQUEST_DETAIL_ACT1 'I','KI201802280003','10','2018/02/28','ape76','仕入先担当者名','件名','','備考','[{"buy_detail_no":"1","parts_cd":"00010","buy_qty":"45","buy_unit_price":"3.33","buy_detail_amt":"149.85","buy_detail_tax":"11.99","detail_remarks":"\u5099\u8003"},{"buy_detail_no":"2","parts_cd":"00014","buy_qty":"733","buy_unit_price":"8.33","buy_detail_amt":"6105.89","buy_detail_tax":"488.47","detail_remarks":"\u5099\u8003"}]','6255.74','11.99488','500','6755.74','','031_purchase_request-detail','';
2018-02-28 16:07:22 EXEC SPC_031_PURCHASE_REQUEST_DETAIL_INQ1 'KI201802280004';
2018-02-28 16:07:22 EXEC SPC_GET_TAX_RATE '2018/02/28';
2018-02-28 16:07:26 EXEC SPC_031_PURCHASE_REQUEST_DETAIL_ACT1 'I','KI201802280004','10','2018/02/28','ape76','仕入先担当者名','件名','','備考','[{"buy_detail_no":"1","parts_cd":"00010","buy_qty":"45","buy_unit_price":"3.33","buy_detail_amt":"149.85","buy_detail_tax":"11.99","detail_remarks":"\u5099\u8003"},{"buy_detail_no":"2","parts_cd":"00014","buy_qty":"733","buy_unit_price":"8.33","buy_detail_amt":"6105.89","buy_detail_tax":"488.47","detail_remarks":"\u5099\u8003"}]','6255.74','11.99488','500','6755.74','','031_purchase_request-detail','';
2018-02-28 16:07:27 EXEC SPC_031_PURCHASE_REQUEST_DETAIL_INQ1 'KI201802280005';
2018-02-28 16:07:27 EXEC SPC_GET_TAX_RATE '2018/02/28';
2018-02-28 16:07:29 EXEC SPC_031_PURCHASE_REQUEST_DETAIL_ACT1 'I','KI201802280005','10','2018/02/28','ape76','仕入先担当者名','件名','','備考','[{"buy_detail_no":"1","parts_cd":"00010","buy_qty":"45","buy_unit_price":"3.33","buy_detail_amt":"149.85","buy_detail_tax":"11.99","detail_remarks":"\u5099\u8003"},{"buy_detail_no":"2","parts_cd":"00014","buy_qty":"733","buy_unit_price":"8.33","buy_detail_amt":"6105.89","buy_detail_tax":"488.47","detail_remarks":"\u5099\u8003"}]','6255.74','11.99488','500','6755.74','','031_purchase_request-detail','';
2018-02-28 16:07:30 EXEC SPC_031_PURCHASE_REQUEST_DETAIL_INQ1 'KI201802280006';
2018-02-28 16:07:30 EXEC SPC_GET_TAX_RATE '2018/02/28';
2018-02-28 16:08:00 EXEC SPC_031_PURCHASE_REQUEST_DETAIL_ACT1 'I','KI201802280006','10','2018/02/28','ape76','仕入先担当者名','件名','','備考','[{"buy_detail_no":"1","parts_cd":"00010","buy_qty":"999999","buy_unit_price":"9","buy_detail_amt":"8999991","buy_detail_tax":"719999.28","detail_remarks":"\u5099\u8003"},{"buy_detail_no":"2","parts_cd":"00014","buy_qty":"733","buy_unit_price":"8.33","buy_detail_amt":"6105.89","buy_detail_tax":"488.47","detail_remarks":"\u5099\u8003"}]','9006096.89','719999.28488','720488','9726584.89','','031_purchase_request-detail','';
2018-02-28 16:08:01 EXEC SPC_031_PURCHASE_REQUEST_DETAIL_INQ1 'KI201802280007';
2018-02-28 16:08:02 EXEC SPC_GET_TAX_RATE '2018/02/28';
2018-02-28 16:08:16 EXEC SPC_GET_TAX_RATE '2018/02/28';
2018-02-28 16:09:10 EXEC SPC_GET_TAX_RATE '2018/02/28';
2018-02-28 16:09:12 EXEC SPC_COM_GET_COMBOBOX 'buy_status_div';
2018-02-28 16:09:13 EXEC SPC_032_PURCHASE_REQUEST_SEARCH_FND1 '','','','','','','','1','10';
2018-02-28 16:09:17 EXEC SPC_031_PURCHASE_REQUEST_DETAIL_INQ1 'KI201802280002';
2018-02-28 16:09:17 EXEC SPC_GET_TAX_RATE '2018/02/28';
2018-02-28 16:11:08 EXEC SPC_COM_GET_COMBOBOX 'port_country_div';
2018-02-28 16:11:08 EXEC SPC_COM_GET_COMBOBOX 'trade_terms_div';
2018-02-28 16:11:08 EXEC SPC_COM_GET_COMBOBOX 'shipment_div';
2018-02-28 16:11:08 EXEC SPC_COM_GET_COMBOBOX 'unit_q_div';
2018-02-28 16:11:09 EXEC SPC_COM_GET_COMBOBOX 'bank_div';
2018-02-28 16:11:09 EXEC SPC_COM_GET_COMBOBOX 'sales_detail_div';
2018-02-28 16:11:10 EXEC SPC_COM_GET_COMBOBOX 'unit_m_div';
2018-02-28 16:11:10 EXEC SPC_GET_TAX_RATE '2018/02/28';
2018-02-28 16:11:10 EXEC SPC_COM_GET_COMBOBOX 'unit_w_div';
2018-02-28 16:11:10 EXEC SPC_COM_GET_COMBOBOX 'currency_div';
2018-02-28 16:11:10 EXEC SPC_COM_GET_COMBOBOX 'port_city_div';
2018-02-28 16:11:10 EXEC SPC_COM_GET_COMBOBOX 'payment_conditions_div';
2018-02-28 16:11:12 EXEC SPC_COM_GET_COMBOBOX 'pi_status_div';
2018-02-28 16:11:13 EXEC SPC_002_PI_SEARCH_FND1 '','','','','','','','','1','10';
2018-02-28 16:11:14 EXEC SPC_001_PI_DETAIL_INQ1 'RT-130827001';
2018-02-28 16:11:15 EXEC SPC_COM_GET_COMBOBOX 'unit_w_div';
2018-02-28 16:11:15 EXEC SPC_COM_GET_COMBOBOX 'unit_q_div';
2018-02-28 16:11:15 EXEC SPC_GET_TAX_RATE '2013/08/27';
2018-02-28 16:11:15 EXEC SPC_COM_GET_COMBOBOX 'unit_m_div';
2018-02-28 16:11:15 EXEC SPC_COM_GET_COMBOBOX 'sales_detail_div';
2018-02-28 16:11:23 EXEC SPC_COM_GET_COMBOBOX 'payment_conditions_div';
2018-02-28 16:11:23 EXEC SPC_COM_GET_COMBOBOX 'shipment_div';
2018-02-28 16:11:23 EXEC SPC_COM_GET_COMBOBOX 'currency_div';
2018-02-28 16:11:23 EXEC SPC_COM_GET_COMBOBOX 'trade_terms_div';
2018-02-28 16:11:23 EXEC SPC_COM_GET_COMBOBOX 'port_country_div';
2018-02-28 16:11:23 EXEC SPC_COM_GET_COMBOBOX 'port_city_div';
2018-02-28 16:11:24 EXEC SPC_COM_GET_COMBOBOX 'unit_q_div';
2018-02-28 16:11:24 EXEC SPC_COM_GET_COMBOBOX 'sales_detail_div';
2018-02-28 16:11:24 EXEC SPC_COM_GET_COMBOBOX 'unit_w_div';
2018-02-28 16:11:24 EXEC SPC_COM_GET_COMBOBOX 'unit_m_div';
2018-02-28 16:11:24 EXEC SPC_GET_TAX_RATE '2018/02/28';
2018-02-28 16:11:24 EXEC SPC_COM_GET_COMBOBOX 'bank_div';
2018-02-28 16:12:40 EXEC SPC_COM_GET_COMBOBOX 'pi_status_div';
2018-02-28 16:12:43 EXEC SPC_002_PI_SEARCH_FND1 '','','','','','','','10','1','10';
2018-02-28 16:12:44 EXEC SPC_001_PI_DETAIL_INQ1 'RT-140115001';
2018-02-28 16:12:45 EXEC SPC_COM_GET_COMBOBOX 'unit_q_div';
2018-02-28 16:12:45 EXEC SPC_GET_TAX_RATE '2014/01/15';
2018-02-28 16:12:45 EXEC SPC_COM_GET_COMBOBOX 'sales_detail_div';
2018-02-28 16:12:45 EXEC SPC_COM_GET_COMBOBOX 'unit_w_div';
2018-02-28 16:12:45 EXEC SPC_COM_GET_COMBOBOX 'unit_m_div';
2018-02-28 16:13:37 EXEC SPC_GET_TAX_RATE '2018/02/28';
2018-02-28 16:13:39 EXEC SPC_COM_GET_COMBOBOX 'buy_status_div';
2018-02-28 16:13:40 EXEC SPC_032_PURCHASE_REQUEST_SEARCH_FND1 '','','','','','','','1','10';
2018-02-28 16:13:42 EXEC SPC_031_PURCHASE_REQUEST_DETAIL_INQ1 'KI201802280001';
2018-02-28 16:13:43 EXEC SPC_GET_TAX_RATE '2018/02/28';
2018-02-28 16:14:30 EXEC SPC_GET_TAX_RATE '2018/02/28';
2018-02-28 16:14:30 EXEC SPC_031_PURCHASE_REQUEST_DETAIL_INQ1 'KI201802280001';
2018-02-28 16:14:31 EXEC SPC_GET_TAX_RATE '2018/02/28';
2018-02-28 16:15:22 EXEC SPC_GET_TAX_RATE '2018/02/28';
2018-02-28 16:15:22 EXEC SPC_031_PURCHASE_REQUEST_DETAIL_INQ1 'KI201802280001';
2018-02-28 16:15:23 EXEC SPC_GET_TAX_RATE '2018/02/28';
2018-02-28 16:15:33 EXEC SPC_031_PURCHASE_REQUEST_DETAIL_ACT1 'U','KI201802280001','10','2018/02/28','ape76','仕入先担当者名','件名','','備考','[{"buy_detail_no":"1","parts_cd":"00010","buy_qty":"999999","buy_unit_price":"7","buy_detail_amt":"6999993","buy_detail_tax":"559999.44","detail_remarks":""}]','6999993','559999.44','559999','7559992','','031_purchase_request-detail','';
2018-02-28 16:15:34 EXEC SPC_031_PURCHASE_REQUEST_DETAIL_INQ1 'KI201802280001';
2018-02-28 16:15:35 EXEC SPC_GET_TAX_RATE '2018/02/28';
2018-02-28 16:17:37 EXEC SPC_069_COMPONENT_MASTER_SEARCH_FND1 '','','','1','10';
2018-02-28 16:17:39 EXEC SPC_031_PURCHASE_REQUEST_DETAIL_INQ2 '00007','ape76';
2018-02-28 16:17:44 EXEC SPC_031_PURCHASE_REQUEST_DETAIL_ACT1 'U','KI201802280001','10','2018/02/28','ape76','仕入先担当者名','件名','','備考','[{"buy_detail_no":"1","parts_cd":"00010","buy_qty":"999999","buy_unit_price":"7","buy_detail_amt":"6999993","buy_detail_tax":"559999.44","detail_remarks":""},{"buy_detail_no":"2","parts_cd":"00007","buy_qty":"66","buy_unit_price":"0","buy_detail_amt":"0","buy_detail_tax":"0","detail_remarks":""}]','6999993','559999.44','559999','7559992','','031_purchase_request-detail','';
2018-02-28 16:17:45 EXEC SPC_031_PURCHASE_REQUEST_DETAIL_INQ1 'KI201802280001';
2018-02-28 16:17:46 EXEC SPC_GET_TAX_RATE '2018/02/28';
2018-02-28 16:27:22 EXEC SPC_GET_TAX_RATE '2018/02/28';
2018-02-28 16:27:23 EXEC SPC_031_PURCHASE_REQUEST_DETAIL_INQ1 'KI201802280001';
2018-02-28 16:27:23 EXEC SPC_GET_TAX_RATE '2018/02/28';
2018-02-28 16:28:18 EXEC SPC_GET_TAX_RATE '2018/02/28';
2018-02-28 16:28:19 EXEC SPC_031_PURCHASE_REQUEST_DETAIL_INQ1 'KI201802280001';
2018-02-28 16:28:21 EXEC SPC_GET_TAX_RATE '';
2018-02-28 16:28:29 EXEC SPC_GET_TAX_RATE '2018/02/28';
2018-02-28 16:28:29 EXEC SPC_031_PURCHASE_REQUEST_DETAIL_INQ1 'KI201802280001';
2018-02-28 16:28:30 EXEC SPC_GET_TAX_RATE '2018/02/28';
2018-02-28 17:00:51 EXEC SPC_GET_TAX_RATE '2018/02/28';
2018-02-28 17:00:52 EXEC SPC_031_PURCHASE_REQUEST_DETAIL_INQ1 'KI201802280001';
2018-02-28 17:00:52 EXEC SPC_GET_TAX_RATE '2018/02/28';
2018-02-28 17:01:02 EXEC SPC_031_PURCHASE_REQUEST_DETAIL_ACT1 'U','KI201802280001','10','2018/02/28','ape76','仕入先担当者名','件名','','備考','[{"buy_detail_no":"1","parts_cd":"00010","buy_qty":"999999","buy_unit_price":"7","buy_detail_amt":"6999993","buy_detail_tax":"559999.44","detail_remarks":""},{"buy_detail_no":"2","parts_cd":"00007","buy_qty":"66","buy_unit_price":"0","buy_detail_amt":"0","buy_detail_tax":"0","detail_remarks":""}]','6999993','559999.44','559999','7559992','','031_purchase_request-detail','';
2018-02-28 17:01:03 EXEC SPC_031_PURCHASE_REQUEST_DETAIL_INQ1 'KI201802280001';
2018-02-28 17:01:04 EXEC SPC_GET_TAX_RATE '2018/02/28';
2018-02-28 17:01:18 EXEC SPC_GET_TAX_RATE '2018/02/28';
2018-02-28 17:01:18 EXEC SPC_031_PURCHASE_REQUEST_DETAIL_INQ1 'KI201802280001';
2018-02-28 17:01:19 EXEC SPC_GET_TAX_RATE '2018/02/28';
2018-02-28 17:01:21 EXEC SPC_031_PURCHASE_REQUEST_DETAIL_ACT1 'U','KI201802280001','10','2018/02/28','ape76','仕入先担当者名','件名','','備考','[{"buy_detail_no":"1","parts_cd":"00010","buy_qty":"999999","buy_unit_price":"7","buy_detail_amt":"6999993","buy_detail_tax":"559999.44","detail_remarks":""},{"buy_detail_no":"2","parts_cd":"00007","buy_qty":"66","buy_unit_price":"0","buy_detail_amt":"0","buy_detail_tax":"0","detail_remarks":""}]','6999993','559999.44','559999','7559992','','031_purchase_request-detail','';
2018-02-28 17:01:22 EXEC SPC_031_PURCHASE_REQUEST_DETAIL_INQ1 'KI201802280001';
2018-02-28 17:01:23 EXEC SPC_GET_TAX_RATE '2018/02/28';
2018-02-28 17:02:10 EXEC SPC_031_PURCHASE_REQUEST_DETAIL_ACT1 'U','KI201802280001','10','2018/02/28','ape76','仕入先担当者名','件名','','備考','[{"buy_detail_no":"1","parts_cd":"00010","buy_qty":"999999","buy_unit_price":"7","buy_detail_amt":"6999993","buy_detail_tax":"559999.44","detail_remarks":""},{"buy_detail_no":"2","parts_cd":"00007","buy_qty":"66","buy_unit_price":"0","buy_detail_amt":"0","buy_detail_tax":"0","detail_remarks":""}]','6999993','559999.44','559999','7559992','','031_purchase_request-detail','';
2018-02-28 17:02:11 EXEC SPC_031_PURCHASE_REQUEST_DETAIL_INQ1 'KI201802280001';
2018-02-28 17:02:12 EXEC SPC_GET_TAX_RATE '2018/02/28';
2018-02-28 17:02:16 EXEC SPC_031_PURCHASE_REQUEST_DETAIL_ACT1 'U','KI201802280001','10','2018/02/28','ape76','仕入先担当者名','件名','','備考','[{"buy_detail_no":"1","parts_cd":"00010","buy_qty":"999999","buy_unit_price":"7","buy_detail_amt":"6999993","buy_detail_tax":"559999.44","detail_remarks":""},{"buy_detail_no":"2","parts_cd":"00007","buy_qty":"66","buy_unit_price":"0","buy_detail_amt":"0","buy_detail_tax":"0","detail_remarks":""}]','6999993','559999.44','559999','7559992','','031_purchase_request-detail','';
2018-02-28 17:02:17 EXEC SPC_031_PURCHASE_REQUEST_DETAIL_INQ1 'KI201802280001';
2018-02-28 17:02:17 EXEC SPC_GET_TAX_RATE '2018/02/28';
2018-02-28 17:03:37 EXEC SPC_031_PURCHASE_REQUEST_DETAIL_ACT1 'U','KI201802280001','10','2018/02/28','ape76','仕入先担当者名','件名','','備考','[{"buy_detail_no":"1","parts_cd":"00010","buy_qty":"999999","buy_unit_price":"7","buy_detail_amt":"6999993","buy_detail_tax":"559999.44","detail_remarks":""},{"buy_detail_no":"2","parts_cd":"00007","buy_qty":"66","buy_unit_price":"0","buy_detail_amt":"0","buy_detail_tax":"0","detail_remarks":""}]','6999993','559999.44','559999','7559992','','031_purchase_request-detail','';
2018-02-28 17:03:38 EXEC SPC_031_PURCHASE_REQUEST_DETAIL_INQ1 'KI201802280001';
2018-02-28 17:03:39 EXEC SPC_GET_TAX_RATE '2018/02/28';
2018-02-28 17:04:12 EXEC SPC_031_PURCHASE_REQUEST_DETAIL_ACT1 'U','KI201802280001','10','2018/02/28','ape76','仕入先担当者名','件名','','備考','[{"buy_detail_no":"1","parts_cd":"00010","buy_qty":"999999","buy_unit_price":"7","buy_detail_amt":"6999993","buy_detail_tax":"559999.44","detail_remarks":""},{"buy_detail_no":"2","parts_cd":"00007","buy_qty":"66","buy_unit_price":"0","buy_detail_amt":"0","buy_detail_tax":"0","detail_remarks":""}]','6999993','559999.44','559999','7559992','','031_purchase_request-detail','';
2018-02-28 17:04:13 EXEC SPC_031_PURCHASE_REQUEST_DETAIL_INQ1 'KI201802280001';
2018-02-28 17:04:13 EXEC SPC_GET_TAX_RATE '2018/02/28';
2018-02-28 17:08:51 EXEC SPC_069_COMPONENT_MASTER_SEARCH_FND1 '','','','1','10';
2018-02-28 17:08:52 EXEC SPC_031_PURCHASE_REQUEST_DETAIL_INQ2 '00010','ape76';
2018-02-28 17:13:25 EXEC SPC_031_PURCHASE_REQUEST_DETAIL_ACT1 'U','KI201802280001','10','2018/02/28','ape76','仕入先担当者名','件名','','備考','[{"buy_detail_no":"1","parts_cd":"00010","buy_qty":"999999","buy_unit_price":"99999","buy_detail_amt":"99998900001","buy_detail_tax":"7999912000.08","detail_remarks":""},{"buy_detail_no":"2","parts_cd":"00007","buy_qty":"999999","buy_unit_price":"99999","buy_detail_amt":"99998900001","buy_detail_tax":"7999912000.08","detail_remarks":""},{"buy_detail_no":"3","parts_cd":"00010","buy_qty":"99999","buy_unit_price":"99999","buy_detail_amt":"9999800001","buy_detail_tax":"799984000.08","detail_remarks":""}]','209997600003','7999912000.0888','16799808000','226797408003','','031_purchase_request-detail','';
2018-02-28 17:13:26 EXEC SPC_031_PURCHASE_REQUEST_DETAIL_INQ1 'KI201802280001';
2018-02-28 17:13:27 EXEC SPC_GET_TAX_RATE '2018/02/28';
2018-02-28 17:16:13 EXEC SPC_COM_GET_COMBOBOX 'buy_status_div';
2018-02-28 17:16:44 EXEC SPC_COM_GET_COMBOBOX 'buy_status_div';
2018-02-28 17:18:52 EXEC SPC_032_PURCHASE_REQUEST_SEARCH_FND1 '','','','','','','','1','10';
2018-02-28 17:18:58 EXEC SPC_032_PURCHASE_REQUEST_SEARCH_FND1 '','','','','','','','1','10';
2018-02-28 17:19:10 EXEC SPC_GET_TAX_RATE '2018/02/28';
2018-02-28 17:19:11 EXEC SPC_031_PURCHASE_REQUEST_DETAIL_INQ1 'KI201802280002';
2018-02-28 17:19:11 EXEC SPC_GET_TAX_RATE '2018/02/28';
2018-02-28 17:19:17 EXEC SPC_031_PURCHASE_REQUEST_DETAIL_ACT1 'U','KI201802280002','10','2018/02/28','ape76','仕入先担当者名','件名','','備考','[{"buy_detail_no":"1","parts_cd":"00010","buy_qty":"45","buy_unit_price":"3.33","buy_detail_amt":"149.85","buy_detail_tax":"11.99","detail_remarks":"\u5099\u8003"},{"buy_detail_no":"2","parts_cd":"00014","buy_qty":"733","buy_unit_price":"0.5","buy_detail_amt":"366.5","buy_detail_tax":"29.32","detail_remarks":"\u5099\u8003"}]','516.35','11.9929','41','557.35','','031_purchase_request-detail','';
2018-02-28 17:19:18 EXEC SPC_031_PURCHASE_REQUEST_DETAIL_INQ1 'KI201802280002';
2018-02-28 17:19:19 EXEC SPC_GET_TAX_RATE '2018/02/28';
2018-02-28 17:21:35 EXEC SPC_COM_GET_COMBOBOX 'buy_status_div';
2018-02-28 17:21:38 EXEC SPC_GET_TAX_RATE '2018/02/28';
2018-02-28 17:21:40 EXEC SPC_055_SUPPLIERS_MASTER_SEARCH_FND1 '','','','','','','0','0','0','1','10';
2018-02-28 17:21:44 EXEC SPC_REFER_CLIENT_CD 'F0015';
2018-02-28 17:21:47 EXEC SPC_REFER_CLIENT_CD 'F0018';
2018-02-28 17:21:51 EXEC SPC_031_PURCHASE_REQUEST_DETAIL_INQ2 '0022','F0018';
2018-02-28 17:21:53 EXEC SPC_031_PURCHASE_REQUEST_DETAIL_INQ2 '00022','F0018';
2018-02-28 17:22:16 EXEC SPC_COM_GET_COMBOBOX 'buy_status_div';
2018-02-28 17:22:17 EXEC SPC_032_PURCHASE_REQUEST_SEARCH_FND1 '','','','','','','','1','10';
2018-02-28 17:27:21 EXEC SPC_COM_GET_COMBOBOX 'buy_status_div';
2018-02-28 17:27:23 EXEC SPC_032_PURCHASE_REQUEST_SEARCH_FND1 '','','','','','','','1','10';
2018-02-28 17:27:30 EXEC SPC_032_PURCHASE_REQUEST_SEARCH_ACT1 '[{"buy_no":"KI201802280001","buy_status_div":"10"}]','','032_purchase_request-search','';
2018-02-28 17:27:31 EXEC SPC_032_PURCHASE_REQUEST_SEARCH_FND1 '','','','','','','','1','10';
2018-02-28 17:27:37 EXEC SPC_032_PURCHASE_REQUEST_SEARCH_ACT1 '[{"buy_no":"KI201802280001","buy_status_div":"10"}]','','032_purchase_request-search','';
2018-02-28 17:27:38 EXEC SPC_032_PURCHASE_REQUEST_SEARCH_FND1 '','','','','','','','1','10';
2018-02-28 17:27:43 EXEC SPC_032_PURCHASE_REQUEST_SEARCH_FND1 '','','','','','','','1','10';
2018-02-28 17:27:48 EXEC SPC_GET_TAX_RATE '2018/02/28';
2018-02-28 17:27:49 EXEC SPC_031_PURCHASE_REQUEST_DETAIL_INQ1 'KI201802280001';
2018-02-28 17:27:49 EXEC SPC_GET_TAX_RATE '2018/02/28';
2018-02-28 17:27:51 EXEC SPC_COM_GET_COMBOBOX 'buy_status_div';
2018-02-28 17:27:52 EXEC SPC_032_PURCHASE_REQUEST_SEARCH_FND1 '','','','','','','','1','10';
2018-02-28 17:27:59 EXEC SPC_032_PURCHASE_REQUEST_SEARCH_ACT1 '[{"buy_no":"KI201802280001","buy_status_div":"10"}]','','032_purchase_request-search','';
2018-02-28 17:28:08 EXEC SPC_032_PURCHASE_REQUEST_SEARCH_FND1 '','','','','','','','1','10';
2018-02-28 17:28:25 EXEC SPC_032_PURCHASE_REQUEST_SEARCH_FND1 '','','','','','','','1','10';
2018-02-28 17:28:28 EXEC SPC_GET_TAX_RATE '2018/02/28';
2018-02-28 17:28:28 EXEC SPC_031_PURCHASE_REQUEST_DETAIL_INQ1 'KI201802280001';
2018-02-28 17:28:28 EXEC SPC_GET_TAX_RATE '2018/02/28';
2018-02-28 17:28:32 EXEC SPC_COM_GET_COMBOBOX 'buy_status_div';
2018-02-28 17:28:33 EXEC SPC_032_PURCHASE_REQUEST_SEARCH_FND1 '','','','','','','','1','10';
2018-02-28 17:28:55 EXEC SPC_032_PURCHASE_REQUEST_SEARCH_ACT1 '[{"buy_no":"KI201802280001","buy_status_div":"10"}]','','032_purchase_request-search','';
2018-02-28 17:28:56 EXEC SPC_032_PURCHASE_REQUEST_SEARCH_FND1 '','','','','','','','1','10';
2018-02-28 17:29:11 EXEC SPC_032_PURCHASE_REQUEST_SEARCH_ACT1 '[{"buy_no":"KI201802280001","buy_status_div":"10"},{"buy_no":"KI201802280001","buy_status_div":"10"}]','','032_purchase_request-search','';
2018-02-28 17:29:13 EXEC SPC_032_PURCHASE_REQUEST_SEARCH_FND1 '','','','','','','','1','10';
2018-02-28 17:29:53 EXEC SPC_032_PURCHASE_REQUEST_SEARCH_FND1 '','','','','','','','2','10';
2018-02-28 17:29:56 EXEC SPC_032_PURCHASE_REQUEST_SEARCH_FND1 '','','','','','','','3','10';
2018-02-28 17:29:57 EXEC SPC_032_PURCHASE_REQUEST_SEARCH_FND1 '','','','','','','','6','10';
2018-02-28 17:30:58 EXEC SPC_032_PURCHASE_REQUEST_SEARCH_ACT1 '[{"buy_no":"KI201802280021","buy_status_div":"10"}]','','032_purchase_request-search','';
2018-02-28 17:31:04 EXEC SPC_032_PURCHASE_REQUEST_SEARCH_FND1 '','','','','','','','1','10';
2018-02-28 17:31:08 EXEC SPC_032_PURCHASE_REQUEST_SEARCH_FND1 '','','','','','','','6','10';
2018-02-28 17:31:09 EXEC SPC_032_PURCHASE_REQUEST_SEARCH_FND1 '','','','','','','','1','10';
2018-02-28 17:31:20 EXEC SPC_032_PURCHASE_REQUEST_SEARCH_ACT1 '[{"buy_no":"KI201802280001","buy_status_div":"10"},{"buy_no":"KI201802280002","buy_status_div":"10"}]','','032_purchase_request-search','';
2018-02-28 17:31:22 EXEC SPC_032_PURCHASE_REQUEST_SEARCH_FND1 '','','','','','','','1','10';
2018-02-28 17:32:26 EXEC SPC_032_PURCHASE_REQUEST_SEARCH_ACT1 '[{"buy_no":"KI201802280001","buy_status_div":"10"},{"buy_no":"KI201802280001","buy_status_div":"10"},{"buy_no":"KI201802280001","buy_status_div":"10"}]','','032_purchase_request-search','';
2018-02-28 17:34:20 EXEC SPC_032_PURCHASE_REQUEST_SEARCH_ACT1 '[{"buy_no":"KI201802280001","buy_status_div":"10"},{"buy_no":"KI201802280001","buy_status_div":"10"},{"buy_no":"KI201802280001","buy_status_div":"10"}]','','032_purchase_request-search','';
2018-02-28 17:34:42 EXEC SPC_032_PURCHASE_REQUEST_SEARCH_ACT1 '[{"buy_no":"KI201802280001","buy_status_div":"10"},{"buy_no":"KI201802280001","buy_status_div":"10"},{"buy_no":"KI201802280001","buy_status_div":"10"}]','','032_purchase_request-search','';
2018-02-28 17:35:10 EXEC SPC_032_PURCHASE_REQUEST_SEARCH_ACT1 '[{"buy_no":"KI201802280001","buy_status_div":"10"},{"buy_no":"KI201802280001","buy_status_div":"10"},{"buy_no":"KI201802280001","buy_status_div":"10"}]','','032_purchase_request-search','';
2018-02-28 17:36:49 EXEC SPC_032_PURCHASE_REQUEST_SEARCH_ACT1 '[{"buy_no":"KI201802280001","buy_status_div":"10"},{"buy_no":"KI201802280001","buy_status_div":"10"},{"buy_no":"KI201802280001","buy_status_div":"10"},{"buy_no":"KI201802280002","buy_status_div":"10"}]','','032_purchase_request-search','';
2018-02-28 17:36:50 EXEC SPC_032_PURCHASE_REQUEST_SEARCH_FND1 '','','','','','','','1','10';
2018-02-28 17:37:07 EXEC SPC_032_PURCHASE_REQUEST_SEARCH_FND1 '','','','','','','','1','10';
2018-02-28 17:37:11 EXEC SPC_GET_TAX_RATE '2018/02/28';
2018-02-28 17:37:14 EXEC SPC_055_SUPPLIERS_MASTER_SEARCH_FND1 '','','','','','','0','0','0','1','10';
2018-02-28 17:37:16 EXEC SPC_REFER_CLIENT_CD '1111';
2018-02-28 17:37:24 EXEC SPC_069_COMPONENT_MASTER_SEARCH_FND1 '','','','1','10';
2018-02-28 17:37:26 EXEC SPC_031_PURCHASE_REQUEST_DETAIL_INQ2 '000123','1111';
2018-02-28 17:37:31 EXEC SPC_031_PURCHASE_REQUEST_DETAIL_ACT1 'I','','10','2018/02/28','1111','仕入先担当者名','件名','','備考','[{"buy_detail_no":"1","parts_cd":"000123","buy_qty":"54","buy_unit_price":"542","buy_detail_amt":"29268","buy_detail_tax":"351.22","detail_remarks":""}]','29268','351.22','351','29619','','031_purchase_request-detail','';
2018-02-28 17:37:32 EXEC SPC_031_PURCHASE_REQUEST_DETAIL_INQ1 'KI201802280001';
2018-02-28 17:37:32 EXEC SPC_GET_TAX_RATE '2018/02/28';
2018-02-28 17:37:33 EXEC SPC_031_PURCHASE_REQUEST_DETAIL_ACT1 'I','KI201802280001','10','2018/02/28','1111','仕入先担当者名','件名','','備考','[{"buy_detail_no":"1","parts_cd":"000123","buy_qty":"54","buy_unit_price":"542","buy_detail_amt":"29268","buy_detail_tax":"351.22","detail_remarks":""}]','29268','351.22','351','29619','','031_purchase_request-detail','';
2018-02-28 17:37:34 EXEC SPC_031_PURCHASE_REQUEST_DETAIL_INQ1 'KI201802280002';
2018-02-28 17:37:35 EXEC SPC_GET_TAX_RATE '2018/02/28';
2018-02-28 17:37:36 EXEC SPC_031_PURCHASE_REQUEST_DETAIL_ACT1 'I','KI201802280002','10','2018/02/28','1111','仕入先担当者名','件名','','備考','[{"buy_detail_no":"1","parts_cd":"000123","buy_qty":"54","buy_unit_price":"542","buy_detail_amt":"29268","buy_detail_tax":"351.22","detail_remarks":""}]','29268','351.22','351','29619','','031_purchase_request-detail','';
2018-02-28 17:37:38 EXEC SPC_031_PURCHASE_REQUEST_DETAIL_INQ1 'KI201802280003';
2018-02-28 17:37:38 EXEC SPC_GET_TAX_RATE '2018/02/28';
2018-02-28 17:37:40 EXEC SPC_031_PURCHASE_REQUEST_DETAIL_ACT1 'I','KI201802280003','10','2018/02/28','1111','仕入先担当者名','件名','','備考','[{"buy_detail_no":"1","parts_cd":"000123","buy_qty":"54","buy_unit_price":"542","buy_detail_amt":"29268","buy_detail_tax":"351.22","detail_remarks":""}]','29268','351.22','351','29619','','031_purchase_request-detail','';
2018-02-28 17:37:41 EXEC SPC_031_PURCHASE_REQUEST_DETAIL_INQ1 'KI201802280004';
2018-02-28 17:37:41 EXEC SPC_GET_TAX_RATE '2018/02/28';
2018-02-28 17:37:43 EXEC SPC_031_PURCHASE_REQUEST_DETAIL_ACT1 'I','KI201802280004','10','2018/02/28','1111','仕入先担当者名','件名','','備考','[{"buy_detail_no":"1","parts_cd":"000123","buy_qty":"54","buy_unit_price":"542","buy_detail_amt":"29268","buy_detail_tax":"351.22","detail_remarks":""}]','29268','351.22','351','29619','','031_purchase_request-detail','';
2018-02-28 17:37:44 EXEC SPC_031_PURCHASE_REQUEST_DETAIL_INQ1 'KI201802280005';
2018-02-28 17:37:44 EXEC SPC_GET_TAX_RATE '2018/02/28';
2018-02-28 17:37:46 EXEC SPC_COM_GET_COMBOBOX 'buy_status_div';
2018-02-28 17:37:47 EXEC SPC_032_PURCHASE_REQUEST_SEARCH_FND1 '','','','','','','','1','10';
2018-02-28 17:37:51 EXEC SPC_032_PURCHASE_REQUEST_SEARCH_ACT1 '[{"buy_no":"KI201802280001","buy_status_div":"10"},{"buy_no":"KI201802280002","buy_status_div":"10"}]','','032_purchase_request-search','';
2018-02-28 17:37:53 EXEC SPC_032_PURCHASE_REQUEST_SEARCH_FND1 '','','','','','','','1','10';
2018-02-28 17:38:34 EXEC SPC_032_PURCHASE_REQUEST_SEARCH_ACT1 '[{"buy_no":"KI201802280003","buy_status_div":"10"}]','','032_purchase_request-search','';
2018-02-28 17:38:35 EXEC SPC_032_PURCHASE_REQUEST_SEARCH_FND1 '','','','','','','','1','10';
2018-02-28 17:38:47 EXEC SPC_032_PURCHASE_REQUEST_SEARCH_ACT1 '[{"buy_no":"KI201802280004","buy_status_div":"10"}]','','032_purchase_request-search','';
2018-02-28 17:39:20 EXEC SPC_032_PURCHASE_REQUEST_SEARCH_FND1 '','','','','','','','1','10';
2018-02-28 17:39:24 EXEC SPC_032_PURCHASE_REQUEST_SEARCH_ACT1 '[{"buy_no":"KI201802280001","buy_status_div":"10"},{"buy_no":"KI201802280001","buy_status_div":"10"}]','','032_purchase_request-search','';
2018-02-28 17:39:25 EXEC SPC_032_PURCHASE_REQUEST_SEARCH_FND1 '','','','','','','','1','10';
2018-02-28 17:40:44 EXEC SPC_032_PURCHASE_REQUEST_SEARCH_ACT1 '[{"buy_no":"KI201802280001","buy_status_div":"10"},{"buy_no":"KI201802280001","buy_status_div":"10"}]','','032_purchase_request-search','';
2018-02-28 17:40:45 EXEC SPC_032_PURCHASE_REQUEST_SEARCH_FND1 '','','','','','','','1','10';
2018-02-28 17:41:14 EXEC SPC_032_PURCHASE_REQUEST_SEARCH_FND1 '','','','','','','','1','10';
2018-02-28 17:41:35 EXEC SPC_032_PURCHASE_REQUEST_SEARCH_FND1 '','','','','','sds','','1','10';
2018-02-28 17:43:48 EXEC SPC_GET_TAX_RATE '2018/02/28';
2018-02-28 17:43:49 EXEC SPC_031_PURCHASE_REQUEST_DETAIL_INQ2 '00010','';
2018-02-28 17:43:57 EXEC SPC_REFER_CLIENT_CD '00010';
2018-02-28 17:47:17 EXEC SPC_COM_GET_COMBOBOX 'buy_status_div';
2018-02-28 17:47:18 EXEC SPC_032_PURCHASE_REQUEST_SEARCH_FND1 '','','','','','sds','','1','10';
2018-02-28 17:47:19 EXEC SPC_032_PURCHASE_REQUEST_SEARCH_FND1 '','','','','','sds','','1','10';
2018-02-28 17:54:44 EXEC SPC_COM_GET_COMBOBOX 'buy_status_div';
2018-02-28 17:55:18 EXEC SPC_COM_GET_COMBOBOX 'buy_status_div';
2018-02-28 17:56:58 EXEC SPC_COM_GET_COMBOBOX 'buy_status_div';
2018-02-28 17:58:19 EXEC SPC_032_PURCHASE_REQUEST_SEARCH_FND1 '','','','','','','','1','10';
2018-02-28 17:58:53 EXEC SPC_COM_GET_COMBOBOX 'buy_status_div';
2018-02-28 17:59:13 EXEC SPC_032_PURCHASE_REQUEST_SEARCH_FND1 '2018/02/18','2018/03/30','','','','','','1','10';
2018-02-28 18:03:30 EXEC SPC_COM_GET_COMBOBOX 'buy_status_div';
2018-02-28 18:03:32 EXEC SPC_032_PURCHASE_REQUEST_SEARCH_FND1 '','','','','','','','1','10';
2018-02-28 18:03:38 EXEC SPC_GET_CONSTANT '';
2018-02-28 18:04:38 EXEC SPC_GET_CONSTANT '';
2018-02-28 18:04:38 EXEC SPC_033_PURCHASE_REQUEST_EXPORT_ACT1 'KI201802280001','','033_purchase_request-excel','';
2018-02-28 18:05:45 EXEC SPC_032_PURCHASE_REQUEST_SEARCH_FND1 '','','','','','','','1','10';
2018-02-28 18:08:47 EXEC SPC_COM_GET_COMBOBOX 'buy_status_div';
2018-02-28 18:08:49 EXEC SPC_032_PURCHASE_REQUEST_SEARCH_FND1 '','','','','','','','1','10';
2018-02-28 18:08:53 EXEC SPC_GET_TAX_RATE '2018/02/28';
2018-02-28 18:08:55 EXEC SPC_031_PURCHASE_REQUEST_DETAIL_INQ1 'KI201802280001';
2018-02-28 18:08:56 EXEC SPC_GET_TAX_RATE '2018/02/28';
2018-02-28 18:08:58 EXEC SPC_031_PURCHASE_REQUEST_DETAIL_ACT1 'U','KI201802280001','20','2018/02/28','ape76','仕入先担当者名','件名','','備考','[{"buy_detail_no":"1","parts_cd":"00010","buy_qty":"999999","buy_unit_price":"99999","buy_detail_amt":"99998900001","buy_detail_tax":"7999912000.08","detail_remarks":""},{"buy_detail_no":"2","parts_cd":"00007","buy_qty":"999999","buy_unit_price":"99999","buy_detail_amt":"99998900001","buy_detail_tax":"7999912000.08","detail_remarks":""},{"buy_detail_no":"3","parts_cd":"00010","buy_qty":"99999","buy_unit_price":"99999","buy_detail_amt":"9999800001","buy_detail_tax":"799984000.08","detail_remarks":""}]','209997600003','7999912000.0888','16799808000','226797408003','','031_purchase_request-detail','';
2018-02-28 18:10:29 EXEC SPC_031_PURCHASE_REQUEST_DETAIL_ACT1 'U','KI201802280001','20','2018/02/28','ape76','仕入先担当者名','件名','','備考','[{"buy_detail_no":"1","parts_cd":"00010","buy_qty":"999999","buy_unit_price":"99999","buy_detail_amt":"99998900001","buy_detail_tax":"7999912000.08","detail_remarks":""},{"buy_detail_no":"2","parts_cd":"00007","buy_qty":"999999","buy_unit_price":"99999","buy_detail_amt":"99998900001","buy_detail_tax":"7999912000.08","detail_remarks":""},{"buy_detail_no":"3","parts_cd":"00010","buy_qty":"99999","buy_unit_price":"99999","buy_detail_amt":"9999800001","buy_detail_tax":"799984000.08","detail_remarks":""}]','209997600003','7999912000.0888','16799808000','226797408003','','031_purchase_request-detail','';
2018-02-28 18:10:30 EXEC SPC_031_PURCHASE_REQUEST_DETAIL_INQ1 'KI201802280001';
2018-02-28 18:10:31 EXEC SPC_GET_TAX_RATE '2018/02/28';
2018-02-28 18:11:55 EXEC SPC_GET_CONSTANT '';
2018-02-28 18:11:55 EXEC SPC_033_PURCHASE_REQUEST_EXPORT_ACT1 'KI201802280001','','033_purchase_request-excel','';
2018-02-28 18:13:50 EXEC SPC_GET_CONSTANT '';
2018-02-28 18:13:50 EXEC SPC_033_PURCHASE_REQUEST_EXPORT_ACT1 'KI201802280001','','033_purchase_request-excel','';
2018-02-28 18:17:09 EXEC SPC_031_PURCHASE_REQUEST_DETAIL_ACT1 'U','KI201802280001','20','2018/02/28','ape76','仕入先担当者名','件名','','備考','[{"buy_detail_no":"1","parts_cd":"00010","buy_qty":"999999","buy_unit_price":"99999","buy_detail_amt":"99998900001","buy_detail_tax":"7999912000.08","detail_remarks":""},{"buy_detail_no":"2","parts_cd":"00007","buy_qty":"999999","buy_unit_price":"99999","buy_detail_amt":"99998900001","buy_detail_tax":"7999912000.08","detail_remarks":""},{"buy_detail_no":"3","parts_cd":"00010","buy_qty":"99999","buy_unit_price":"99999","buy_detail_amt":"9999800001","buy_detail_tax":"799984000.08","detail_remarks":""}]','209997600003','7999912000.0888','16799808000','226797408003','','031_purchase_request-detail','';
2018-02-28 18:17:10 EXEC SPC_031_PURCHASE_REQUEST_DETAIL_INQ1 'KI201802280001';
2018-02-28 18:17:11 EXEC SPC_GET_TAX_RATE '2018/02/28';
2018-02-28 18:24:59 EXEC SPC_COM_GET_COMBOBOX 'buy_status_div';
2018-02-28 18:25:00 EXEC SPC_032_PURCHASE_REQUEST_SEARCH_FND1 '','','','','','','','1','10';
2018-02-28 18:25:01 EXEC SPC_032_PURCHASE_REQUEST_SEARCH_FND1 '','','','','','','','1','10';
2018-02-28 18:25:06 EXEC SPC_032_PURCHASE_REQUEST_SEARCH_FND1 '','','','','','','10','1','10';
2018-02-28 18:25:15 EXEC SPC_032_PURCHASE_REQUEST_SEARCH_FND1 '','','','','','','10','1','10';
2018-02-28 18:25:55 EXEC SPC_032_PURCHASE_REQUEST_SEARCH_FND1 '','','','','','','10','1','10';
2018-02-28 18:29:02 EXEC SPC_032_PURCHASE_REQUEST_SEARCH_FND1 '','','','','','','10','1','10';
2018-02-28 18:29:06 EXEC SPC_GET_TAX_RATE '2018/02/28';
2018-02-28 18:29:06 EXEC SPC_031_PURCHASE_REQUEST_DETAIL_INQ1 'KI201802280001';
2018-02-28 18:29:07 EXEC SPC_GET_TAX_RATE '2018/02/28';
2018-02-28 18:29:08 EXEC SPC_GET_CONSTANT '';
2018-02-28 18:29:08 EXEC SPC_033_PURCHASE_REQUEST_EXPORT_ACT1 'KI201802280001','','033_purchase_request-excel','';
2018-02-28 18:30:01 EXEC SPC_GET_CONSTANT '';
2018-02-28 18:30:01 EXEC SPC_033_PURCHASE_REQUEST_EXPORT_ACT1 'KI201802280001','','033_purchase_request-excel','';
2018-02-28 18:30:58 EXEC SPC_GET_CONSTANT '';
2018-02-28 18:30:58 EXEC SPC_033_PURCHASE_REQUEST_EXPORT_ACT1 'KI201802280001','','033_purchase_request-excel','';
2018-02-28 18:33:08 EXEC SPC_GET_CONSTANT '';
2018-02-28 18:33:08 EXEC SPC_033_PURCHASE_REQUEST_EXPORT_ACT1 'KI201802280001','','033_purchase_request-excel','';
2018-02-28 18:34:51 EXEC SPC_GET_CONSTANT '';
2018-02-28 18:34:51 EXEC SPC_033_PURCHASE_REQUEST_EXPORT_ACT1 'KI201802280001','','033_purchase_request-excel','';
2018-02-28 18:54:27 EXEC SPC_GET_CONSTANT '';
2018-02-28 18:54:27 EXEC SPC_033_PURCHASE_REQUEST_EXPORT_ACT1 'KI201802280001','','033_purchase_request-excel','';
2018-02-28 18:56:22 EXEC SPC_GET_CONSTANT '';
2018-02-28 18:56:22 EXEC SPC_033_PURCHASE_REQUEST_EXPORT_ACT1 'KI201802280001','','033_purchase_request-excel','';
2018-02-28 18:56:56 EXEC SPC_GET_CONSTANT '';
2018-02-28 18:56:56 EXEC SPC_033_PURCHASE_REQUEST_EXPORT_ACT1 'KI201802280001','','033_purchase_request-excel','';
2018-02-28 19:04:58 EXEC SPC_GET_CONSTANT '';
2018-02-28 19:04:58 EXEC SPC_033_PURCHASE_REQUEST_EXPORT_ACT1 'KI201802280001','','033_purchase_request-excel','';
2018-02-28 19:27:55 EXEC SPC_COM_GET_COMBOBOX 'buy_status_div';
2018-02-28 19:27:56 EXEC SPC_032_PURCHASE_REQUEST_SEARCH_FND1 '','','','','','','10','1','10';
2018-02-28 19:27:56 EXEC SPC_032_PURCHASE_REQUEST_SEARCH_FND1 '','','','','','','10','1','10';
2018-02-28 19:32:36 EXEC SPC_GET_TAX_RATE '2018/02/28';
2018-02-28 19:32:37 EXEC SPC_031_PURCHASE_REQUEST_DETAIL_INQ1 'KI201802280001';
2018-02-28 19:32:37 EXEC SPC_GET_TAX_RATE '2018/02/28';
