2018-01-10 10:30:44 EXEC SPC_COM_GET_COMBOBOX 'port_city_div';
2018-01-10 10:30:44 EXEC SPC_COM_GET_COMBOBOX 'port_country_div';
2018-01-10 10:30:44 EXEC SPC_COM_GET_COMBOBOX 'currency_div';
2018-01-10 10:30:44 EXEC SPC_COM_GET_COMBOBOX 'shipment_div';
2018-01-10 10:30:44 EXEC SPC_COM_GET_COMBOBOX 'payment_conditions_div';
2018-01-10 10:30:44 EXEC SPC_COM_GET_COMBOBOX 'trade_terms_div';
2018-01-10 10:30:47 EXEC SPC_COM_GET_COMBOBOX 'unit_q_div';
2018-01-10 10:30:48 EXEC SPC_COM_GET_COMBOBOX 'unit_m_div';
2018-01-10 10:30:48 EXEC SPC_GET_TAX_RATE '2018/01/10';
2018-01-10 10:30:48 EXEC SPC_COM_GET_COMBOBOX 'unit_w_div';
2018-01-10 10:30:48 EXEC SPC_COM_GET_COMBOBOX 'sales_detail_div';
2018-01-10 10:30:48 EXEC SPC_COM_GET_COMBOBOX 'bank_div';
2018-01-10 10:32:06 EXEC SPC_COM_GET_COMBOBOX 'port_country_div';
2018-01-10 10:32:06 EXEC SPC_COM_GET_COMBOBOX 'payment_conditions_div';
2018-01-10 10:32:06 EXEC SPC_COM_GET_COMBOBOX 'trade_terms_div';
2018-01-10 10:32:06 EXEC SPC_COM_GET_COMBOBOX 'port_city_div';
2018-01-10 10:32:06 EXEC SPC_COM_GET_COMBOBOX 'shipment_div';
2018-01-10 10:32:06 EXEC SPC_COM_GET_COMBOBOX 'currency_div';
2018-01-10 10:32:07 EXEC SPC_COM_GET_COMBOBOX 'unit_m_div';
2018-01-10 10:32:07 EXEC SPC_COM_GET_COMBOBOX 'unit_w_div';
2018-01-10 10:32:07 EXEC SPC_COM_GET_COMBOBOX 'sales_detail_div';
2018-01-10 10:32:07 EXEC SPC_COM_GET_COMBOBOX 'unit_q_div';
2018-01-10 10:32:07 EXEC SPC_COM_GET_COMBOBOX 'bank_div';
2018-01-10 10:32:09 EXEC SPC_GET_TAX_RATE '2018/01/10';
2018-01-10 10:32:17 EXEC SPC_COM_GET_COMBOBOX 'port_country_div';
2018-01-10 10:32:17 EXEC SPC_COM_GET_COMBOBOX 'port_city_div';
2018-01-10 10:32:17 EXEC SPC_COM_GET_COMBOBOX 'currency_div';
2018-01-10 10:32:17 EXEC SPC_COM_GET_COMBOBOX 'shipment_div';
2018-01-10 10:32:17 EXEC SPC_COM_GET_COMBOBOX 'trade_terms_div';
2018-01-10 10:32:17 EXEC SPC_COM_GET_COMBOBOX 'payment_conditions_div';
2018-01-10 10:32:18 EXEC SPC_COM_GET_COMBOBOX 'unit_q_div';
2018-01-10 10:32:18 EXEC SPC_COM_GET_COMBOBOX 'unit_w_div';
2018-01-10 10:32:18 EXEC SPC_COM_GET_COMBOBOX 'unit_m_div';
2018-01-10 10:32:18 EXEC SPC_COM_GET_COMBOBOX 'sales_detail_div';
2018-01-10 10:32:18 EXEC SPC_COM_GET_COMBOBOX 'bank_div';
2018-01-10 10:32:20 EXEC SPC_GET_TAX_RATE '2018/01/10';
2018-01-10 10:32:29 EXEC SPC_COM_GET_COMBOBOX 'pi_status_div';
2018-01-10 10:32:32 EXEC SPC_COM_GET_COMBOBOX 'shipment_div';
2018-01-10 10:32:32 EXEC SPC_COM_GET_COMBOBOX 'port_city_div';
2018-01-10 10:32:32 EXEC SPC_COM_GET_COMBOBOX 'payment_conditions_div';
2018-01-10 10:32:32 EXEC SPC_COM_GET_COMBOBOX 'currency_div';
2018-01-10 10:32:32 EXEC SPC_COM_GET_COMBOBOX 'trade_terms_div';
2018-01-10 10:32:32 EXEC SPC_COM_GET_COMBOBOX 'port_country_div';
2018-01-10 10:32:33 EXEC SPC_COM_GET_COMBOBOX 'unit_q_div';
2018-01-10 10:32:33 EXEC SPC_COM_GET_COMBOBOX 'bank_div';
2018-01-10 10:32:33 EXEC SPC_COM_GET_COMBOBOX 'unit_m_div';
2018-01-10 10:32:33 EXEC SPC_COM_GET_COMBOBOX 'sales_detail_div';
2018-01-10 10:32:33 EXEC SPC_COM_GET_COMBOBOX 'unit_w_div';
2018-01-10 10:32:33 EXEC SPC_GET_TAX_RATE '2018/01/10';
2018-01-10 10:33:02 EXEC SPC_073_LOGIN_ACT1 '001','123456';
2018-01-10 10:33:02 EXEC SPC_GET_CONSTANT '';
2018-01-10 10:33:16 EXEC SPC_COM_GET_COMBOBOX 'pi_status_div';
2018-01-10 10:33:17 EXEC SPC_002_PI_SEARCH_FND1 '','','','','','','','','1','10';
2018-01-10 10:33:19 EXEC SPC_002_PI_SEARCH_FND1 '','','','','','','','','1','10';
2018-01-10 10:36:57 EXEC SPC_COM_GET_COMBOBOX 'pi_status_div';
2018-01-10 10:38:36 EXEC SPC_002_PI_SEARCH_FND1 '','','','','','','','','1','10';
2018-01-10 10:39:41 EXEC SPC_COM_GET_COMBOBOX 'pi_status_div';
2018-01-10 10:39:48 EXEC SPC_COM_GET_COMBOBOX 'pi_status_div';
2018-01-10 10:40:19 EXEC SPC_COM_GET_COMBOBOX 'pi_status_div';
2018-01-10 10:40:40 EXEC SPC_COM_GET_COMBOBOX 'pi_status_div';
2018-01-10 10:41:09 EXEC SPC_COM_GET_COMBOBOX 'pi_status_div';
2018-01-10 10:41:28 EXEC SPC_COM_GET_COMBOBOX 'pi_status_div';
2018-01-10 10:42:10 EXEC SPC_COM_GET_COMBOBOX 'pi_status_div';
2018-01-10 10:48:51 EXEC SPC_COM_GET_COMBOBOX 'pi_status_div';
2018-01-10 10:53:22 EXEC SPC_004_PI_ORDER_CONFIRM_FND1 '','','','','1','10';
2018-01-10 10:53:25 EXEC SPC_COM_GET_COMBOBOX 'port_country_div';
2018-01-10 10:53:26 EXEC SPC_COM_GET_COMBOBOX 'unit_q_div';
2018-01-10 10:53:27 EXEC SPC_COM_GET_COMBOBOX 'unit_w_div';
2018-01-10 10:53:27 EXEC SPC_COM_GET_COMBOBOX 'trade_terms_div';
2018-01-10 10:53:27 EXEC SPC_COM_GET_COMBOBOX 'payment_conditions_div';
2018-01-10 10:53:27 EXEC SPC_COM_GET_COMBOBOX 'shipment_div';
2018-01-10 10:53:27 EXEC SPC_COM_GET_COMBOBOX 'port_city_div';
2018-01-10 10:53:27 EXEC SPC_COM_GET_COMBOBOX 'currency_div';
2018-01-10 10:53:27 EXEC SPC_COM_GET_COMBOBOX 'unit_m_div';
2018-01-10 10:53:27 EXEC SPC_GET_TAX_RATE '2018/01/10';
2018-01-10 10:53:27 EXEC SPC_COM_GET_COMBOBOX 'sales_detail_div';
2018-01-10 10:53:27 EXEC SPC_COM_GET_COMBOBOX 'bank_div';
2018-01-10 10:53:27 EXEC SPC_001_PI_DETAIL_INQ1 'RT-131015002';
2018-01-10 10:53:28 EXEC SPC_GET_TAX_RATE '2013/10/15';
2018-01-10 10:53:28 EXEC SPC_COM_GET_COMBOBOX 'unit_q_div';
2018-01-10 10:53:28 EXEC SPC_COM_GET_COMBOBOX 'unit_w_div';
2018-01-10 10:53:28 EXEC SPC_COM_GET_COMBOBOX 'sales_detail_div';
2018-01-10 10:53:28 EXEC SPC_COM_GET_COMBOBOX 'unit_m_div';
2018-01-10 10:53:58 EXEC SPC_COM_GET_COMBOBOX 'pi_status_div';
2018-01-10 10:54:36 EXEC SPC_COM_GET_COMBOBOX 'pi_status_div';
2018-01-10 10:54:49 EXEC SPC_COM_GET_COMBOBOX 'pi_status_div';
2018-01-10 10:55:28 EXEC SPC_COM_GET_COMBOBOX 'pi_status_div';
2018-01-10 10:55:55 EXEC SPC_COM_GET_COMBOBOX 'pi_status_div';
2018-01-10 10:57:10 EXEC SPC_COM_GET_COMBOBOX 'pi_status_div';
2018-01-10 10:57:39 EXEC SPC_COM_GET_COMBOBOX 'pi_status_div';
2018-01-10 10:57:44 EXEC SPC_002_PI_SEARCH_FND1 '','','','','','','','','1','10';
2018-01-10 10:57:49 EXEC SPC_COM_GET_COMBOBOX 'port_country_div';
2018-01-10 10:57:49 EXEC SPC_COM_GET_COMBOBOX 'port_city_div';
2018-01-10 10:57:49 EXEC SPC_COM_GET_COMBOBOX 'payment_conditions_div';
2018-01-10 10:57:49 EXEC SPC_COM_GET_COMBOBOX 'currency_div';
2018-01-10 10:57:49 EXEC SPC_COM_GET_COMBOBOX 'trade_terms_div';
2018-01-10 10:57:50 EXEC SPC_COM_GET_COMBOBOX 'shipment_div';
2018-01-10 10:57:50 EXEC SPC_COM_GET_COMBOBOX 'unit_m_div';
2018-01-10 10:57:50 EXEC SPC_COM_GET_COMBOBOX 'unit_w_div';
2018-01-10 10:57:50 EXEC SPC_COM_GET_COMBOBOX 'unit_q_div';
2018-01-10 10:57:50 EXEC SPC_COM_GET_COMBOBOX 'sales_detail_div';
2018-01-10 10:57:50 EXEC SPC_COM_GET_COMBOBOX 'bank_div';
2018-01-10 10:57:50 EXEC SPC_GET_TAX_RATE '2018/01/10';
2018-01-10 10:58:21 EXEC SPC_COM_GET_COMBOBOX 'shipment_div';
2018-01-10 10:58:21 EXEC SPC_COM_GET_COMBOBOX 'trade_terms_div';
2018-01-10 10:58:22 EXEC SPC_COM_GET_COMBOBOX 'port_city_div';
;
2018-01-10 10:58:22 EXEC SPC_COM_GET_COMBOBOX 'currency_div';
2018-01-10 10:58:22 EXEC SPC_COM_GET_COMBOBOX 'payment_conditions_div';
2018-01-10 10:58:22 EXEC SPC_COM_GET_COMBOBOX 'unit_q_div';
2018-01-10 10:58:22 EXEC SPC_COM_GET_COMBOBOX 'unit_w_div';
2018-01-10 10:58:22 EXEC SPC_COM_GET_COMBOBOX 'sales_detail_div';
2018-01-10 10:58:22 EXEC SPC_COM_GET_COMBOBOX 'unit_m_div';
2018-01-10 10:58:22 EXEC SPC_COM_GET_COMBOBOX 'bank_div';
2018-01-10 10:58:22 EXEC SPC_GET_TAX_RATE '2018/01/10';
2018-01-10 10:58:29 EXEC SPC_004_PI_ORDER_CONFIRM_FND1 '','','','','1','10';
2018-01-10 10:58:34 EXEC SPC_COM_GET_COMBOBOX 'payment_conditions_div';
2018-01-10 10:58:34 EXEC SPC_COM_GET_COMBOBOX 'port_country_div';
2018-01-10 10:58:34 EXEC SPC_COM_GET_COMBOBOX 'trade_terms_div';
2018-01-10 10:58:35 EXEC SPC_COM_GET_COMBOBOX 'currency_div';
2018-01-10 10:58:35 EXEC SPC_COM_GET_COMBOBOX 'port_city_div';
2018-01-10 10:58:35 EXEC SPC_COM_GET_COMBOBOX 'shipment_div';
2018-01-10 10:58:35 EXEC SPC_COM_GET_COMBOBOX 'unit_q_div';
2018-01-10 10:58:35 EXEC SPC_COM_GET_COMBOBOX 'sales_detail_div';
2018-01-10 10:58:35 EXEC SPC_COM_GET_COMBOBOX 'unit_w_div';
2018-01-10 10:58:35 EXEC SPC_COM_GET_COMBOBOX 'bank_div';
2018-01-10 10:58:35 EXEC SPC_COM_GET_COMBOBOX 'unit_m_div';
2018-01-10 10:58:35 EXEC SPC_GET_TAX_RATE '2018/01/10';
2018-01-10 10:58:35 EXEC SPC_001_PI_DETAIL_INQ1 'RT-131015002';
2018-01-10 10:58:36 EXEC SPC_COM_GET_COMBOBOX 'unit_w_div';
2018-01-10 10:58:36 EXEC SPC_GET_TAX_RATE '2013/10/15';
2018-01-10 10:58:36 EXEC SPC_COM_GET_COMBOBOX 'unit_m_div';
2018-01-10 10:58:36 EXEC SPC_COM_GET_COMBOBOX 'unit_q_div';
2018-01-10 10:58:36 EXEC SPC_COM_GET_COMBOBOX 'sales_detail_div';
2018-01-10 11:10:33 EXEC SPC_004_PI_ORDER_CONFIRM_FND1 '','','','','1','10';
2018-01-10 11:10:34 EXEC SPC_004_PI_ORDER_CONFIRM_FND1 '','','','','28','10';
2018-01-10 11:13:52 EXEC SPC_004_PI_ORDER_CONFIRM_ACT1 '[{"pi_no":"RT-150423001"}]','2018/01/10','001','004_pi-order-confirm','192.168.5.206';
2018-01-10 11:13:54 EXEC SPC_004_PI_ORDER_CONFIRM_FND1 '','','','','1','10';
2018-01-10 11:16:33 EXEC SPC_004_PI_ORDER_CONFIRM_FND1 '','','','','28','10';
2018-01-10 11:21:08 EXEC SPC_004_PI_ORDER_CONFIRM_ACT1 '[{"pi_no":"RT-150423002"}]','2018/01/10','001','004_pi-order-confirm','192.168.5.206';
2018-01-10 11:21:10 EXEC SPC_004_PI_ORDER_CONFIRM_FND1 '','','','','1','10';
2018-01-10 11:21:20 EXEC SPC_004_PI_ORDER_CONFIRM_FND1 '','','','','28','10';
2018-01-10 11:22:43 EXEC SPC_004_PI_ORDER_CONFIRM_FND1 '','','','','1','10';
2018-01-10 11:22:44 EXEC SPC_004_PI_ORDER_CONFIRM_FND1 '','','','','28','10';
2018-01-10 11:23:20 EXEC SPC_004_PI_ORDER_CONFIRM_ACT1 '[{"pi_no":"RT-150508001"}]','2018/01/10','001','004_pi-order-confirm','192.168.5.206';
2018-01-10 11:23:20 EXEC SPC_004_PI_ORDER_CONFIRM_FND1 '','','','','1','10';
2018-01-10 11:23:36 EXEC SPC_004_PI_ORDER_CONFIRM_FND1 '','','','','1','10';
2018-01-10 11:24:32 EXEC SPC_004_PI_ORDER_CONFIRM_FND1 '','','','','28','10';
2018-01-10 11:24:35 EXEC SPC_004_PI_ORDER_CONFIRM_FND1 '','','','','27','10';
2018-01-10 11:32:40 EXEC SPC_COM_GET_COMBOBOX 'pi_status_div';
2018-01-10 11:32:43 EXEC SPC_002_PI_SEARCH_FND1 '','','','','','','','20','1','10';
2018-01-10 11:32:46 EXEC SPC_COM_GET_COMBOBOX 'port_city_div';
2018-01-10 11:32:47 EXEC SPC_COM_GET_COMBOBOX 'unit_q_div';
2018-01-10 11:32:47 EXEC SPC_COM_GET_COMBOBOX 'unit_w_div';
2018-01-10 11:32:48 EXEC SPC_COM_GET_COMBOBOX 'shipment_div';
2018-01-10 11:32:48 EXEC SPC_COM_GET_COMBOBOX 'port_country_div';
2018-01-10 11:32:48 EXEC SPC_COM_GET_COMBOBOX 'payment_conditions_div';
2018-01-10 11:32:48 EXEC SPC_COM_GET_COMBOBOX 'trade_terms_div';
2018-01-10 11:32:48 EXEC SPC_COM_GET_COMBOBOX 'unit_m_div';
2018-01-10 11:32:48 EXEC SPC_COM_GET_COMBOBOX 'currency_div';
2018-01-10 11:32:48 EXEC SPC_COM_GET_COMBOBOX 'bank_div';
2018-01-10 11:32:48 EXEC SPC_COM_GET_COMBOBOX 'sales_detail_div';
2018-01-10 11:32:48 EXEC SPC_GET_TAX_RATE '2018/01/10';
2018-01-10 11:32:48 EXEC SPC_001_PI_DETAIL_INQ1 'RT-131001001';
2018-01-10 11:32:49 EXEC SPC_COM_GET_COMBOBOX 'sales_detail_div';
2018-01-10 11:32:49 EXEC SPC_GET_TAX_RATE '2013/10/01';
2018-01-10 11:32:49 EXEC SPC_COM_GET_COMBOBOX 'unit_m_div';
2018-01-10 11:32:49 EXEC SPC_COM_GET_COMBOBOX 'unit_w_div';
2018-01-10 11:32:49 EXEC SPC_COM_GET_COMBOBOX 'unit_q_div';
2018-01-10 11:32:56 EXEC SPC_COM_GET_COMBOBOX 'currency_div';
2018-01-10 11:32:56 EXEC SPC_COM_GET_COMBOBOX 'port_country_div';
2018-01-10 11:32:56 EXEC SPC_COM_GET_COMBOBOX 'trade_terms_div';
2018-01-10 11:32:56 EXEC SPC_COM_GET_COMBOBOX 'port_city_div';
2018-01-10 11:32:56 EXEC SPC_COM_GET_COMBOBOX 'shipment_div';
2018-01-10 11:32:56 EXEC SPC_COM_GET_COMBOBOX 'payment_conditions_div';
2018-01-10 11:32:56 EXEC SPC_COM_GET_COMBOBOX 'unit_q_div';
2018-01-10 11:32:56 EXEC SPC_COM_GET_COMBOBOX 'unit_m_div';
2018-01-10 11:32:56 EXEC SPC_COM_GET_COMBOBOX 'unit_w_div';
2018-01-10 11:32:56 EXEC SPC_GET_TAX_RATE '2018/01/10';
2018-01-10 11:32:56 EXEC SPC_COM_GET_COMBOBOX 'sales_detail_div';
2018-01-10 11:32:56 EXEC SPC_COM_GET_COMBOBOX 'bank_div';
2018-01-10 11:32:57 EXEC SPC_001_PI_DETAIL_INQ1 'RT-131001001';
2018-01-10 11:32:57 EXEC SPC_COM_GET_COMBOBOX 'unit_q_div';
2018-01-10 11:32:57 EXEC SPC_COM_GET_COMBOBOX 'unit_w_div';
2018-01-10 11:32:57 EXEC SPC_GET_TAX_RATE '2013/10/01';
2018-01-10 11:32:57 EXEC SPC_COM_GET_COMBOBOX 'sales_detail_div';
2018-01-10 11:32:58 EXEC SPC_COM_GET_COMBOBOX 'unit_m_div';
2018-01-10 11:33:35 EXEC SPC_GET_TAX_RATE '2013/10/01';
2018-01-10 11:33:35 EXEC SPC_COM_GET_COMBOBOX 'unit_m_div';
2018-01-10 11:33:35 EXEC SPC_COM_GET_COMBOBOX 'unit_w_div';
2018-01-10 11:33:35 EXEC SPC_COM_GET_COMBOBOX 'sales_detail_div';
2018-01-10 11:33:35 EXEC SPC_COM_GET_COMBOBOX 'unit_q_div';
2018-01-10 11:33:58 EXEC SPC_COM_GET_COMBOBOX 'unit_q_div';
2018-01-10 11:33:58 EXEC SPC_GET_TAX_RATE '2013/10/01';
2018-01-10 11:33:58 EXEC SPC_COM_GET_COMBOBOX 'sales_detail_div';
2018-01-10 11:33:58 EXEC SPC_COM_GET_COMBOBOX 'unit_w_div';
2018-01-10 11:33:59 EXEC SPC_COM_GET_COMBOBOX 'unit_m_div';
2018-01-10 11:34:16 EXEC SPC_COM_GET_COMBOBOX 'unit_q_div';
2018-01-10 11:34:16 EXEC SPC_GET_TAX_RATE '2013/10/01';
';
2018-01-10 11:34:16 EXEC SPC_COM_GET_COMBOBOX 'sales_detail_div';
2018-01-10 11:34:16 EXEC SPC_COM_GET_COMBOBOX 'unit_m_div';
2018-01-10 11:34:18 EXEC SPC_COM_GET_COMBOBOX 'port_city_div';
2018-01-10 11:34:18 EXEC SPC_COM_GET_COMBOBOX 'shipment_div';
2018-01-10 11:34:18 EXEC SPC_COM_GET_COMBOBOX 'port_country_div';
2018-01-10 11:34:18 EXEC SPC_COM_GET_COMBOBOX 'trade_terms_div';
2018-01-10 11:34:18 EXEC SPC_COM_GET_COMBOBOX 'payment_conditions_div';
2018-01-10 11:34:18 EXEC SPC_COM_GET_COMBOBOX 'currency_div';
2018-01-10 11:34:18 EXEC SPC_COM_GET_COMBOBOX 'unit_w_div';
2018-01-10 11:34:18 EXEC SPC_COM_GET_COMBOBOX 'sales_detail_div';
2018-01-10 11:34:19 EXEC SPC_COM_GET_COMBOBOX 'unit_m_div';
2018-01-10 11:34:19 EXEC SPC_COM_GET_COMBOBOX 'bank_div';
2018-01-10 11:34:19 EXEC SPC_COM_GET_COMBOBOX 'unit_q_div';
2018-01-10 11:34:19 EXEC SPC_GET_TAX_RATE '2018/01/10';
2018-01-10 11:34:19 EXEC SPC_001_PI_DETAIL_INQ1 'RT-131001001';
2018-01-10 11:34:20 EXEC SPC_COM_GET_COMBOBOX 'unit_q_div';
2018-01-10 11:34:20 EXEC SPC_COM_GET_COMBOBOX 'unit_m_div';
2018-01-10 11:34:20 EXEC SPC_GET_TAX_RATE '2013/10/01';
2018-01-10 11:34:20 EXEC SPC_COM_GET_COMBOBOX 'unit_w_div';
2018-01-10 11:34:20 EXEC SPC_COM_GET_COMBOBOX 'sales_detail_div';
2018-01-10 11:35:37 EXEC SPC_COM_GET_COMBOBOX 'unit_q_div';
2018-01-10 11:35:38 EXEC SPC_COM_GET_COMBOBOX 'unit_m_div';
2018-01-10 11:35:38 EXEC SPC_COM_GET_COMBOBOX 'sales_detail_div';
2018-01-10 11:35:38 EXEC SPC_COM_GET_COMBOBOX 'unit_w_div';
2018-01-10 11:35:38 EXEC SPC_GET_TAX_RATE '2013/10/01';
2018-01-10 11:36:15 EXEC SPC_GET_TAX_RATE '2013/10/01';
2018-01-10 11:36:15 EXEC SPC_COM_GET_COMBOBOX 'unit_w_div';
2018-01-10 11:36:15 EXEC SPC_COM_GET_COMBOBOX 'unit_q_div';
2018-01-10 11:36:15 EXEC SPC_COM_GET_COMBOBOX 'unit_m_div';
2018-01-10 11:36:15 EXEC SPC_COM_GET_COMBOBOX 'sales_detail_div';
2018-01-10 11:36:18 EXEC SPC_GET_CONSTANT '';
2018-01-10 11:36:26 EXEC SPC_COM_GET_COMBOBOX 'unit_w_div';
2018-01-10 11:36:26 EXEC SPC_COM_GET_COMBOBOX 'unit_m_div';
2018-01-10 11:36:26 EXEC SPC_GET_TAX_RATE '2013/10/01';
2018-01-10 11:36:26 EXEC SPC_COM_GET_COMBOBOX 'unit_q_div';
2018-01-10 11:36:26 EXEC SPC_COM_GET_COMBOBOX 'sales_detail_div';
2018-01-10 11:36:30 EXEC SPC_GET_CONSTANT '';
2018-01-10 11:36:30 EXEC SPC_001_PI_DETAIL_INQ1 'RT-131001001';
2018-01-10 11:45:19 EXEC SPC_COM_GET_COMBOBOX 'port_country_div';
2018-01-10 11:45:20 EXEC SPC_COM_GET_COMBOBOX 'unit_q_div';
2018-01-10 11:45:20 EXEC SPC_COM_GET_COMBOBOX 'shipment_div';
2018-01-10 11:45:20 EXEC SPC_COM_GET_COMBOBOX 'port_city_div';
2018-01-10 11:45:20 EXEC SPC_COM_GET_COMBOBOX 'currency_div';
2018-01-10 11:45:20 EXEC SPC_COM_GET_COMBOBOX 'payment_conditions_div';
2018-01-10 11:45:20 EXEC SPC_COM_GET_COMBOBOX 'trade_terms_div';
2018-01-10 11:45:21 EXEC SPC_COM_GET_COMBOBOX 'unit_w_div';
2018-01-10 11:45:21 EXEC SPC_COM_GET_COMBOBOX 'unit_m_div';
2018-01-10 11:45:21 EXEC SPC_COM_GET_COMBOBOX 'sales_detail_div';
2018-01-10 11:45:21 EXEC SPC_COM_GET_COMBOBOX 'bank_div';
2018-01-10 11:45:21 EXEC SPC_GET_TAX_RATE '2018/01/10';
2018-01-10 11:45:21 EXEC SPC_001_PI_DETAIL_INQ1 'RT-131001001';
2018-01-10 11:45:22 EXEC SPC_COM_GET_COMBOBOX 'unit_q_div';
2018-01-10 11:45:22 EXEC SPC_GET_TAX_RATE '2013/10/01';
2018-01-10 11:45:22 EXEC SPC_COM_GET_COMBOBOX 'sales_detail_div';
2018-01-10 11:45:22 EXEC SPC_COM_GET_COMBOBOX 'unit_w_div';
2018-01-10 11:45:22 EXEC SPC_COM_GET_COMBOBOX 'unit_m_div';
2018-01-10 11:46:20 EXEC SPC_GET_CONSTANT '';
2018-01-10 11:46:20 EXEC SPC_001_PI_DETAIL_INQ1 'RT-131001001';
2018-01-10 11:47:06 EXEC SPC_GET_CONSTANT '';
2018-01-10 11:47:06 EXEC SPC_001_PI_DETAIL_INQ1 'RT-131001001';
2018-01-10 11:47:48 EXEC SPC_COM_GET_COMBOBOX 'port_country_div';
2018-01-10 11:47:48 EXEC SPC_COM_GET_COMBOBOX 'shipment_div';
2018-01-10 11:47:49 EXEC SPC_COM_GET_COMBOBOX 'port_city_div';
2018-01-10 11:47:49 EXEC SPC_COM_GET_COMBOBOX 'trade_terms_div';
2018-01-10 11:47:49 EXEC SPC_COM_GET_COMBOBOX 'payment_conditions_div';
2018-01-10 11:47:49 EXEC SPC_COM_GET_COMBOBOX 'currency_div';
2018-01-10 11:47:49 EXEC SPC_COM_GET_COMBOBOX 'unit_m_div';
2018-01-10 11:47:49 EXEC SPC_COM_GET_COMBOBOX 'sales_detail_div';
2018-01-10 11:47:49 EXEC SPC_COM_GET_COMBOBOX 'unit_q_div';
2018-01-10 11:47:49 EXEC SPC_COM_GET_COMBOBOX 'unit_w_div';
2018-01-10 11:47:49 EXEC SPC_COM_GET_COMBOBOX 'bank_div';
2018-01-10 11:47:49 EXEC SPC_GET_TAX_RATE '2018/01/10';
2018-01-10 11:47:50 EXEC SPC_001_PI_DETAIL_INQ1 'RT-131001001';
2018-01-10 11:47:50 EXEC SPC_COM_GET_COMBOBOX 'unit_w_div';
2018-01-10 11:47:50 EXEC SPC_COM_GET_COMBOBOX 'sales_detail_div';
2018-01-10 11:47:50 EXEC SPC_COM_GET_COMBOBOX 'unit_q_div';
2018-01-10 11:47:50 EXEC SPC_COM_GET_COMBOBOX 'unit_m_div';
2018-01-10 11:47:51 EXEC SPC_GET_TAX_RATE '2013/10/01';
2018-01-10 11:47:52 EXEC SPC_GET_CONSTANT '';
2018-01-10 11:47:52 EXEC SPC_001_PI_DETAIL_INQ1 'RT-131001001';
2018-01-10 11:48:21 EXEC SPC_COM_GET_COMBOBOX 'sales_detail_div';
2018-01-10 11:48:21 EXEC SPC_COM_GET_COMBOBOX 'unit_m_div';
2018-01-10 11:48:21 EXEC SPC_COM_GET_COMBOBOX 'unit_w_div';
2018-01-10 11:48:21 EXEC SPC_GET_TAX_RATE '2013/10/01';
2018-01-10 11:48:21 EXEC SPC_COM_GET_COMBOBOX 'unit_q_div';
2018-01-10 11:48:24 EXEC SPC_COM_GET_COMBOBOX 'port_country_div2018-01-10 11:48:24 EXEC SPC_COM_GET_COMBOBOX 'port_city_div';
2018-01-10 11:48:24 EXEC SPC_COM_GET_COMBOBOX 'currency_div';
2018-01-10 11:48:24 EXEC SPC_COM_GET_COMBOBOX 'payment_conditions_div';
2018-01-10 11:48:24 EXEC SPC_COM_GET_COMBOBOX 'trade_terms_div';
2018-01-10 11:48:25 EXEC SPC_COM_GET_COMBOBOX 'unit_w_div';
2018-01-10 11:48:25 EXEC SPC_COM_GET_COMBOBOX 'unit_m_div';
2018-01-10 11:48:25 EXEC SPC_COM_GET_COMBOBOX 'sales_detail_div';
2018-01-10 11:48:25 EXEC SPC_COM_GET_COMBOBOX 'unit_q_div';
2018-01-10 11:48:25 EXEC SPC_COM_GET_COMBOBOX 'bank_div';
2018-01-10 11:48:25 EXEC SPC_GET_TAX_RATE '2018/01/10';
2018-01-10 11:48:25 EXEC SPC_001_PI_DETAIL_INQ1 'RT-131001001';
2018-01-10 11:48:26 EXEC SPC_COM_GET_COMBOBOX 'unit_q_div';
2018-01-10 11:48:26 EXEC SPC_COM_GET_COMBOBOX 'sales_detail_div';
2018-01-10 11:48:26 EXEC SPC_COM_GET_COMBOBOX 'unit_w_div';
2018-01-10 11:48:26 EXEC SPC_GET_TAX_RATE '2013/10/01';
2018-01-10 11:48:26 EXEC SPC_COM_GET_COMBOBOX 'unit_m_div';
2018-01-10 11:48:28 EXEC SPC_GET_CONSTANT '';
2018-01-10 11:48:28 EXEC SPC_001_PI_DETAIL_INQ1 'RT-131001001';
2018-01-10 11:55:59 EXEC SPC_COM_GET_COMBOBOX 'port_country_div';
2018-01-10 11:56:00 EXEC SPC_COM_GET_COMBOBOX 'unit_q_div';
2018-01-10 11:56:00 EXEC SPC_COM_GET_COMBOBOX 'shipment_div';
2018-01-10 11:56:00 EXEC SPC_COM_GET_COMBOBOX 'port_city_div';
2018-01-10 11:56:00 EXEC SPC_COM_GET_COMBOBOX 'payment_conditions_div';
2018-01-10 11:56:00 EXEC SPC_COM_GET_COMBOBOX 'currency_div';
2018-01-10 11:56:00 EXEC SPC_COM_GET_COMBOBOX 'trade_terms_div';
2018-01-10 11:56:00 EXEC SPC_COM_GET_COMBOBOX 'unit_w_div';
2018-01-10 11:56:01 EXEC SPC_COM_GET_COMBOBOX 'unit_m_div';
2018-01-10 11:56:01 EXEC SPC_COM_GET_COMBOBOX 'bank_div';
2018-01-10 11:56:01 EXEC SPC_COM_GET_COMBOBOX 'sales_detail_div';
2018-01-10 11:56:01 EXEC SPC_GET_TAX_RATE '2018/01/10';
2018-01-10 11:56:01 EXEC SPC_001_PI_DETAIL_INQ1 'RT-131001001';
2018-01-10 11:56:01 EXEC SPC_COM_GET_COMBOBOX 'unit_m_div';
2018-01-10 11:56:01 EXEC SPC_COM_GET_COMBOBOX 'sales_detail_div';
2018-01-10 11:56:01 EXEC SPC_GET_TAX_RATE '2013/10/01';
2018-01-10 11:56:01 EXEC SPC_COM_GET_COMBOBOX 'unit_q_div';
2018-01-10 11:56:03 EXEC SPC_GET_CONSTANT '';
2018-01-10 11:56:03 EXEC SPC_001_PI_DETAIL_INQ1 'RT-131001001';
2018-01-10 11:56:34 EXEC SPC_COM_GET_COMBOBOX 'currency_div';
2018-01-10 11:56:34 EXEC SPC_COM_GET_COMBOBOX 'port_country_div';
2018-01-10 11:56:35 EXEC SPC_COM_GET_COMBOBOX 'port_city_div';
s_div';
2018-01-10 11:56:35 EXEC SPC_COM_GET_COMBOBOX 'shipment_div';
2018-01-10 11:56:35 EXEC SPC_COM_GET_COMBOBOX 'trade_terms_div';
2018-01-10 11:56:35 EXEC SPC_GET_TAX_RATE '2018/01/10';
2018-01-10 11:56:35 EXEC SPC_COM_GET_COMBOBOX 'unit_m_div';
2018-01-10 11:56:35 EXEC SPC_COM_GET_COMBOBOX 'sales_detail_div';
2018-01-10 11:56:35 EXEC SPC_COM_GET_COMBOBOX 'unit_w_div';
2018-01-10 11:56:35 EXEC SPC_COM_GET_COMBOBOX 'bank_div';
2018-01-10 11:56:35 EXEC SPC_COM_GET_COMBOBOX 'unit_q_div';
2018-01-10 11:56:36 EXEC SPC_001_PI_DETAIL_INQ1 'RT-131001001';
2018-01-10 11:56:36 EXEC SPC_COM_GET_COMBOBOX 'unit_m_div';
2018-01-10 11:56:36 EXEC SPC_COM_GET_COMBOBOX 'sales_detail_div';
2018-01-10 11:56:37 EXEC SPC_COM_GET_COMBOBOX 'unit_w_div';
2018-01-10 11:56:37 EXEC SPC_COM_GET_COMBOBOX 'unit_q_div';
2018-01-10 11:56:37 EXEC SPC_GET_TAX_RATE '2013/10/01';
2018-01-10 11:56:40 EXEC SPC_GET_CONSTANT '';
2018-01-10 11:56:40 EXEC SPC_001_PI_DETAIL_INQ1 'RT-131001001';
2018-01-10 11:56:53 EXEC SPC_COM_GET_COMBOBOX 'unit_m_div';
2018-01-10 11:56:53 EXEC SPC_GET_TAX_RATE '2013/10/01';
2018-01-10 11:56:53 EXEC SPC_COM_GET_COMBOBOX 'unit_q_div';
2018-01-10 11:56:53 EXEC SPC_COM_GET_COMBOBOX 'unit_w_div';
2018-01-10 11:56:53 EXEC SPC_COM_GET_COMBOBOX 'sales_detail_div';
2018-01-10 11:56:55 EXEC SPC_GET_CONSTANT '';
2018-01-10 11:56:55 EXEC SPC_001_PI_DETAIL_INQ1 'RT-131001001';
2018-01-10 11:59:11 EXEC SPC_COM_GET_COMBOBOX 'currency_div';
2018-01-10 11:59:11 EXEC SPC_COM_GET_COMBOBOX 'payment_conditions_div';
2018-01-10 11:59:11 EXEC SPC_COM_GET_COMBOBOX 'port_country_div';
2018-01-10 11:59:11 EXEC SPC_COM_GET_COMBOBOX 'port_city_div';
2018-01-10 11:59:11 EXEC SPC_COM_GET_COMBOBOX 'shipment_div';
2018-01-10 11:59:11 EXEC SPC_COM_GET_COMBOBOX 'trade_terms_div';
2018-01-10 11:59:12 EXEC SPC_COM_GET_COMBOBOX 'unit_m_div';
2018-01-10 11:59:12 EXEC SPC_COM_GET_COMBOBOX 'unit_w_div';
2018-01-10 11:59:12 EXEC SPC_COM_GET_COMBOBOX 'unit_q_div';
2018-01-10 11:59:12 EXEC SPC_COM_GET_COMBOBOX 'bank_div';
2018-01-10 11:59:12 EXEC SPC_COM_GET_COMBOBOX 'sales_detail_div';
2018-01-10 11:59:12 EXEC SPC_GET_TAX_RATE '2018/01/10';
2018-01-10 11:59:13 EXEC SPC_001_PI_DETAIL_INQ1 'RT-131001001';
2018-01-10 11:59:13 EXEC SPC_COM_GET_COMBOBOX 'unit_m_div';
iv';
2018-01-10 11:59:13 EXEC SPC_GET_TAX_RATE '2013/10/01';
2018-01-10 11:59:13 EXEC SPC_COM_GET_COMBOBOX 'unit_q_div';
2018-01-10 11:59:13 EXEC SPC_COM_GET_COMBOBOX 'unit_w_div';
2018-01-10 11:59:15 EXEC SPC_GET_CONSTANT '';
2018-01-10 11:59:15 EXEC SPC_001_PI_DETAIL_INQ1 'RT-131001001';
2018-01-10 12:00:15 EXEC SPC_GET_CONSTANT '';
2018-01-10 12:00:15 EXEC SPC_001_PI_DETAIL_INQ1 'RT-131001001';
2018-01-10 12:07:29 EXEC SPC_004_PI_ORDER_CONFIRM_FND1 '','','','','1','10';
2018-01-10 12:08:08 EXEC SPC_004_PI_ORDER_CONFIRM_FND1 '','','','','1','10';
2018-01-10 12:08:09 EXEC SPC_004_PI_ORDER_CONFIRM_FND1 '','','','','28','10';
2018-01-10 12:08:59 EXEC SPC_004_PI_ORDER_CONFIRM_ACT1 '[{"pi_no":"RT-150423001"}]','2018/01/10','001','004_pi-order-confirm','192.168.5.206';
2018-01-10 12:09:00 EXEC SPC_004_PI_ORDER_CONFIRM_FND1 '','','','','1','10';
2018-01-10 12:09:46 EXEC SPC_004_PI_ORDER_CONFIRM_FND1 '','','','','1','10';
2018-01-10 12:09:47 EXEC SPC_004_PI_ORDER_CONFIRM_FND1 '','','','','28','10';
2018-01-10 12:09:50 EXEC SPC_004_PI_ORDER_CONFIRM_ACT1 '[{"pi_no":"RT-150423001"}]','2018/01/10','001','004_pi-order-confirm','192.168.5.206';
2018-01-10 12:09:51 EXEC SPC_004_PI_ORDER_CONFIRM_FND1 '','','','','1','10';
2018-01-10 12:11:41 EXEC SPC_004_PI_ORDER_CONFIRM_FND1 '','','','','1','10';
2018-01-10 12:11:43 EXEC SPC_004_PI_ORDER_CONFIRM_FND1 '','','','','28','10';
2018-01-10 12:11:45 EXEC SPC_004_PI_ORDER_CONFIRM_ACT1 '[{"pi_no":"RT-150423001"}]','2018/01/10','001','004_pi-order-confirm','192.168.5.206';
2018-01-10 12:11:46 EXEC SPC_004_PI_ORDER_CONFIRM_FND1 '','','','','1','10';
2018-01-10 12:15:13 EXEC SPC_004_PI_ORDER_CONFIRM_FND1 '','','','','1','10';
2018-01-10 12:15:19 EXEC SPC_004_PI_ORDER_CONFIRM_FND1 '','','','','57','10';
2018-01-10 12:15:23 EXEC SPC_004_PI_ORDER_CONFIRM_FND1 '','','','150423001','1','10';
2018-01-10 12:15:27 EXEC SPC_004_PI_ORDER_CONFIRM_ACT1 '[{"pi_no":"RT-150423001"}]','2018/01/10','001','004_pi-order-confirm','192.168.5.206';
2018-01-10 12:15:29 EXEC SPC_004_PI_ORDER_CONFIRM_FND1 '','','','150423001','1','10';
2018-01-10 12:15:35 EXEC SPC_004_PI_ORDER_CONFIRM_FND1 '','','','150423001','1','10';
2018-01-10 12:15:50 EXEC SPC_004_PI_ORDER_CONFIRM_FND1 '','','','150423001','1','10';
2018-01-10 12:15:54 EXEC SPC_COM_GET_COMBOBOX 'port_country_div';
2018-01-10 12:15:55 EXEC SPC_COM_GET_COMBOBOX 'unit_q_div';
2018-01-10 12:15:56 EXEC SPC_COM_GET_COMBOBOX 'unit_w_div';
2018-01-10 12:15:56 EXEC SPC_COM_GET_COMBOBOX 'trade_terms_div';
2018-01-10 12:15:56 EXEC SPC_COM_GET_COMBOBOX 'shipment_div';
2018-01-10 12:15:56 EXEC SPC_COM_GET_COMBOBOX 'currency_div';
2018-01-10 12:15:56 EXEC SPC_COM_GET_COMBOBOX 'port_city_div';
2018-01-10 12:15:56 EXEC SPC_COM_GET_COMBOBOX 'payment_conditions_div';
2018-01-10 12:15:56 EXEC SPC_COM_GET_COMBOBOX 'unit_m_div';
2018-01-10 12:15:57 EXEC SPC_COM_GET_COMBOBOX 'sales_detail_div';
2018-01-10 12:15:57 EXEC SPC_COM_GET_COMBOBOX 'bank_div';
2018-01-10 12:15:57 EXEC SPC_001_PI_DETAIL_INQ1 'RT-150423001';
2018-01-10 12:15:57 EXEC SPC_GET_TAX_RATE '2018/01/10';
2018-01-10 12:15:57 EXEC SPC_COM_GET_COMBOBOX 'unit_m_div';
2018-01-10 12:15:57 EXEC SPC_COM_GET_COMBOBOX 'sales_detail_div';
2018-01-10 12:15:57 EXEC SPC_COM_GET_COMBOBOX 'unit_q_div';
2018-01-10 12:15:57 EXEC SPC_GET_TAX_RATE '2015/04/23';
2018-01-10 12:15:57 EXEC SPC_COM_GET_COMBOBOX 'unit_w_div';
2018-01-10 12:17:00 EXEC SPC_004_PI_ORDER_CONFIRM_FND1 '','','','','1','10';
2018-01-10 12:17:02 EXEC SPC_004_PI_ORDER_CONFIRM_FND1 '','','','','57','10';
2018-01-10 12:17:07 EXEC SPC_004_PI_ORDER_CONFIRM_FND1 '','','','150423001','1','10';
2018-01-10 12:17:10 EXEC SPC_004_PI_ORDER_CONFIRM_ACT1 '[{"pi_no":"RT-150423001"}]','2018/01/10','001','004_pi-order-confirm','192.168.5.206';
2018-01-10 12:17:13 EXEC SPC_004_PI_ORDER_CONFIRM_FND1 '','','','150423001','1','10';
2018-01-10 12:18:01 EXEC SPC_004_PI_ORDER_CONFIRM_ACT1 '[{"pi_no":"RT-150423001"}]','2018/01/10','001','004_pi-order-confirm','192.168.5.206';
2018-01-10 12:18:02 EXEC SPC_004_PI_ORDER_CONFIRM_FND1 '','','','150423001','1','10';
2018-01-10 12:20:22 EXEC SPC_004_PI_ORDER_CONFIRM_FND1 '','','','150423001','1','10';
2018-01-10 12:20:26 EXEC SPC_004_PI_ORDER_CONFIRM_ACT1 '[{"pi_no":"RT-150423001"}]','2018/01/10','001','004_pi-order-confirm','192.168.5.206';
2018-01-10 12:20:27 EXEC SPC_004_PI_ORDER_CONFIRM_FND1 '','','','150423001','1','10';
2018-01-10 12:23:01 EXEC SPC_004_PI_ORDER_CONFIRM_FND1 '','','','','1','10';
2018-01-10 12:23:05 EXEC SPC_004_PI_ORDER_CONFIRM_FND1 '','','','150423001','1','10';
2018-01-10 12:23:09 EXEC SPC_004_PI_ORDER_CONFIRM_ACT1 '[{"pi_no":"RT-150423001"}]','2018/01/10','001','004_pi-order-confirm','192.168.5.206';
2018-01-10 12:23:10 EXEC SPC_004_PI_ORDER_CONFIRM_FND1 '','','','150423001','1','10';
2018-01-10 12:23:41 EXEC SPC_004_PI_ORDER_CONFIRM_FND1 '','','','150423001','1','10';
2018-01-10 12:23:53 EXEC SPC_004_PI_ORDER_CONFIRM_ACT1 '[{"pi_no":"RT-150423001"}]','2018/01/10','001','004_pi-order-confirm','192.168.5.206';
2018-01-10 12:23:54 EXEC SPC_004_PI_ORDER_CONFIRM_FND1 '','','','150423001','1','10';
2018-01-10 12:26:54 EXEC SPC_COM_GET_COMBOBOX 'pi_status_div';
2018-01-10 12:37:36 EXEC SPC_004_PI_ORDER_CONFIRM_FND1 '','','','150423001','1','10';
2018-01-10 12:37:39 EXEC SPC_004_PI_ORDER_CONFIRM_ACT1 '[{"pi_no":"RT-150423001"}]','2018/01/10','001','004_pi-order-confirm','192.168.5.206';
2018-01-10 12:37:40 EXEC SPC_004_PI_ORDER_CONFIRM_FND1 '','','','150423001','1','10';
2018-01-10 12:47:41 EXEC SPC_004_PI_ORDER_CONFIRM_FND1 '','','','150423001','1','10';
2018-01-10 12:47:43 EXEC SPC_004_PI_ORDER_CONFIRM_ACT1 '[{"pi_no":"RT-150423001"}]','2018/01/10','001','004_pi-order-confirm','192.168.5.206';
2018-01-10 12:47:44 EXEC SPC_004_PI_ORDER_CONFIRM_FND1 '','','','150423001','1','10';
2018-01-10 12:50:37 EXEC SPC_004_PI_ORDER_CONFIRM_FND1 '','','','150423001','1','10';
2018-01-10 12:50:40 EXEC SPC_004_PI_ORDER_CONFIRM_ACT1 '[{"pi_no":"RT-150423001"}]','2018/01/10','001','004_pi-order-confirm','192.168.5.206';
2018-01-10 12:50:41 EXEC SPC_004_PI_ORDER_CONFIRM_FND1 '','','','150423001','1','10';
2018-01-10 13:11:48 EXEC SPC_004_PI_ORDER_CONFIRM_FND1 '','','','150423001','1','10';
2018-01-10 13:14:21 EXEC SPC_004_PI_ORDER_CONFIRM_FND1 '','','','150423001','1','10';
2018-01-10 13:14:23 EXEC SPC_004_PI_ORDER_CONFIRM_FND1 '','','','','1','10';
2018-01-10 13:14:25 EXEC SPC_004_PI_ORDER_CONFIRM_FND1 '','','','','57','10';
2018-01-10 13:15:15 EXEC SPC_004_PI_ORDER_CONFIRM_FND1 '','','','','1','10';
2018-01-10 13:15:17 EXEC SPC_004_PI_ORDER_CONFIRM_FND1 '','','','','56','10';
2018-01-10 13:18:58 EXEC SPC_004_PI_ORDER_CONFIRM_FND1 '','','','','1','10';
2018-01-10 13:19:00 EXEC SPC_004_PI_ORDER_CONFIRM_FND1 '','','','','57','10';
2018-01-10 13:21:38 EXEC SPC_004_PI_ORDER_CONFIRM_FND1 '','','','','56','10';
2018-01-10 13:24:06 EXEC SPC_004_PI_ORDER_CONFIRM_ACT1 '[{"pi_no":"RT-150421001"},{"pi_no":"RT-150422001"},{"pi_no":"RT-150423001"},{"pi_no":"RT-150423002"}]','2018/01/10','001','004_pi-order-confirm','192.168.5.206';
2018-01-10 13:24:07 EXEC SPC_004_PI_ORDER_CONFIRM_FND1 '','','','','1','10';
2018-01-10 16:02:42 EXEC SPC_004_PI_ORDER_CONFIRM_FND1 '','','','','1','10';
2018-01-10 16:02:47 EXEC SPC_004_PI_ORDER_CONFIRM_FND1 '','','','','1','50';
2018-01-10 16:02:53 EXEC SPC_004_PI_ORDER_CONFIRM_FND1 '','','','','1','50';
2018-01-10 16:02:58 EXEC SPC_004_PI_ORDER_CONFIRM_FND1 '','','','','1','50';
2018-01-10 16:03:06 EXEC SPC_004_PI_ORDER_CONFIRM_FND1 '','','','','1','50';
2018-01-10 16:03:35 EXEC SPC_004_PI_ORDER_CONFIRM_FND1 '','','','','2','50';
2018-01-10 16:03:51 EXEC SPC_004_PI_ORDER_CONFIRM_FND1 '','','','','1','50';
2018-01-10 16:03:58 EXEC SPC_004_PI_ORDER_CONFIRM_FND1 '','','','','2','50';
2018-01-10 16:04:16 EXEC SPC_004_PI_ORDER_CONFIRM_FND1 '','','','','3','50';
2018-01-10 16:04:25 EXEC SPC_004_PI_ORDER_CONFIRM_FND1 '','','','','1','50';
2018-01-10 16:04:29 EXEC SPC_004_PI_ORDER_CONFIRM_FND1 '','','','','1','50';
2018-01-10 16:04:34 EXEC SPC_004_PI_ORDER_CONFIRM_FND1 '','','','','2','50';
2018-01-10 16:04:39 EXEC SPC_004_PI_ORDER_CONFIRM_FND1 '','','','','1','50';
2018-01-10 16:04:42 EXEC SPC_004_PI_ORDER_CONFIRM_FND1 '','','','','2','50';
2018-01-10 16:04:43 EXEC SPC_004_PI_ORDER_CONFIRM_FND1 '','','','','3','50';
2018-01-10 16:04:48 EXEC SPC_004_PI_ORDER_CONFIRM_FND1 '','','','','1','50';
2018-01-10 16:04:53 EXEC SPC_004_PI_ORDER_CONFIRM_FND1 '','','','','1','50';
2018-01-10 16:04:58 EXEC SPC_004_PI_ORDER_CONFIRM_FND1 '','','','','2','50';
2018-01-10 16:05:02 EXEC SPC_004_PI_ORDER_CONFIRM_FND1 '','','','','1','50';
2018-01-10 16:05:09 EXEC SPC_004_PI_ORDER_CONFIRM_FND1 '','','','','2','50';
2018-01-10 16:05:10 EXEC SPC_004_PI_ORDER_CONFIRM_FND1 '','','','','3','50';
2018-01-10 16:05:12 EXEC SPC_004_PI_ORDER_CONFIRM_FND1 '','','','','4','50';
2018-01-10 16:05:16 EXEC SPC_004_PI_ORDER_CONFIRM_FND1 '','','','','1','50';
2018-01-10 16:05:29 EXEC SPC_004_PI_ORDER_CONFIRM_FND1 '','','','','1','50';
2018-01-10 16:05:36 EXEC SPC_004_PI_ORDER_CONFIRM_FND1 '','','','','1','10';
2018-01-10 16:05:40 EXEC SPC_004_PI_ORDER_CONFIRM_FND1 '','','','','1','10';
2018-01-10 16:06:21 EXEC SPC_004_PI_ORDER_CONFIRM_FND1 '','','','','1','10';
2018-01-10 16:10:50 EXEC SPC_004_PI_ORDER_CONFIRM_FND1 '','','','','1','10';
2018-01-10 16:10:56 EXEC SPC_004_PI_ORDER_CONFIRM_FND1 '','','','','1','50';
2018-01-10 16:11:02 EXEC SPC_004_PI_ORDER_CONFIRM_FND1 '','','','','2','50';
2018-01-10 16:12:47 EXEC SPC_004_PI_ORDER_CONFIRM_FND1 '','','','','1','50';
2018-01-10 16:12:56 EXEC SPC_004_PI_ORDER_CONFIRM_FND1 '','','','130827001','1','50';
2018-01-10 16:13:13 EXEC SPC_004_PI_ORDER_CONFIRM_FND1 '','','','','1','50';
2018-01-10 16:13:20 EXEC SPC_004_PI_ORDER_CONFIRM_FND1 '','','','','2','50';
2018-01-10 16:13:25 EXEC SPC_004_PI_ORDER_CONFIRM_FND1 '','','','','12','50';
2018-01-10 16:56:56 EXEC SPC_COM_GET_COMBOBOX 'pi_status_div';
2018-01-10 16:56:59 EXEC SPC_002_PI_SEARCH_FND1 '','','','','','','','20','1','10';
2018-01-10 16:57:04 EXEC SPC_COM_GET_COMBOBOX 'port_city_div';
2018-01-10 16:57:04 EXEC SPC_COM_GET_COMBOBOX 'payment_conditions_div';
2018-01-10 16:57:05 EXEC SPC_COM_GET_COMBOBOX 'unit_q_div';
2018-01-10 16:57:05 EXEC SPC_COM_GET_COMBOBOX 'port_country_div';
2018-01-10 16:57:05 EXEC SPC_COM_GET_COMBOBOX 'shipment_div';
2018-01-10 16:57:05 EXEC SPC_COM_GET_COMBOBOX 'trade_terms_div';
2018-01-10 16:57:05 EXEC SPC_COM_GET_COMBOBOX 'currency_div';
2018-01-10 16:57:06 EXEC SPC_COM_GET_COMBOBOX 'unit_w_div';
2018-01-10 16:57:06 EXEC SPC_COM_GET_COMBOBOX 'unit_m_div';
2018-01-10 16:57:06 EXEC SPC_COM_GET_COMBOBOX 'sales_detail_div';
2018-01-10 16:57:06 EXEC SPC_001_PI_DETAIL_INQ1 'RT-130827001';
2018-01-10 16:57:06 EXEC SPC_GET_TAX_RATE '2018/01/10';
2018-01-10 16:57:07 EXEC SPC_COM_GET_COMBOBOX 'sales_detail_div';
2018-01-10 16:57:07 EXEC SPC_COM_GET_COMBOBOX 'unit_w_div';
2018-01-10 16:57:07 EXEC SPC_COM_GET_COMBOBOX 'unit_m_div';
2018-01-10 16:57:07 EXEC SPC_GET_TAX_RATE '2013/08/27';
2018-01-10 16:57:07 EXEC SPC_COM_GET_COMBOBOX 'unit_q_div';
2018-01-10 16:57:20 EXEC SPC_GET_CONSTANT '';
2018-01-10 16:57:20 EXEC SPC_001_PI_DETAIL_INQ1 'RT-130827001';
2018-01-10 17:02:08 EXEC SPC_GET_CONSTANT '';
2018-01-10 17:02:08 EXEC SPC_001_PI_DETAIL_INQ1 'RT-130827001';
2018-01-10 17:07:21 EXEC SPC_GET_CONSTANT '';
2018-01-10 17:07:21 EXEC SPC_001_PI_DETAIL_INQ1 'RT-130827001';
2018-01-10 17:07:29 EXEC SPC_GET_CONSTANT '';
2018-01-10 17:07:29 EXEC SPC_001_PI_DETAIL_INQ1 'RT-130827001';
2018-01-10 17:10:07 EXEC SPC_GET_CONSTANT '';
2018-01-10 17:10:07 EXEC SPC_001_PI_DETAIL_INQ1 'RT-130827001';
2018-01-10 17:15:01 EXEC SPC_GET_CONSTANT '';
2018-01-10 17:15:02 EXEC SPC_001_PI_DETAIL_INQ1 'RT-130827001';
2018-01-10 17:15:07 EXEC SPC_COM_GET_COMBOBOX 'port_country_div';
2018-01-10 17:15:08 EXEC SPC_COM_GET_COMBOBOX 'unit_q_div';
2018-01-10 17:15:08 EXEC SPC_COM_GET_COMBOBOX 'unit_w_div';
2018-01-10 17:15:09 EXEC SPC_COM_GET_COMBOBOX 'unit_m_div';
2018-01-10 17:15:09 EXEC SPC_COM_GET_COMBOBOX 'sales_detail_div';
2018-01-10 17:15:09 EXEC SPC_COM_GET_COMBOBOX 'bank_div';
2018-01-10 17:15:10 EXEC SPC_COM_GET_COMBOBOX 'trade_terms_div';
2018-01-10 17:15:10 EXEC SPC_COM_GET_COMBOBOX 'shipment_div';
2018-01-10 17:15:10 EXEC SPC_COM_GET_COMBOBOX 'port_city_div';
2018-01-10 17:15:10 EXEC SPC_COM_GET_COMBOBOX 'payment_conditions_div';
2018-01-10 17:15:10 EXEC SPC_GET_TAX_RATE '2018/01/10';
2018-01-10 17:15:10 EXEC SPC_001_PI_DETAIL_INQ1 'RT-130827001';
2018-01-10 17:15:11 EXEC SPC_COM_GET_COMBOBOX 'currency_div';
2018-01-10 17:15:11 EXEC SPC_COM_GET_COMBOBOX 'unit_q_div';
2018-01-10 17:15:11 EXEC SPC_COM_GET_COMBOBOX 'unit_w_div';
2018-01-10 17:15:11 EXEC SPC_COM_GET_COMBOBOX 'sales_detail_div';
2018-01-10 17:15:11 EXEC SPC_GET_TAX_RATE '2013/08/27';
2018-01-10 17:15:11 EXEC SPC_COM_GET_COMBOBOX 'unit_m_div';
2018-01-10 17:15:13 EXEC SPC_GET_CONSTANT '';
2018-01-10 17:15:13 EXEC SPC_001_PI_DETAIL_INQ1 'RT-130827001';
2018-01-10 17:17:33 EXEC SPC_GET_CONSTANT '';
2018-01-10 17:17:33 EXEC SPC_001_PI_DETAIL_INQ1 'RT-130827001';
2018-01-10 17:20:11 EXEC SPC_GET_CONSTANT '';
2018-01-10 17:20:11 EXEC SPC_001_PI_DETAIL_INQ1 'RT-130827001';
2018-01-10 17:22:31 EXEC SPC_GET_CONSTANT '';
2018-01-10 17:22:31 EXEC SPC_001_PI_DETAIL_INQ1 'RT-130827001';
2018-01-10 17:23:58 EXEC SPC_GET_CONSTANT '';
2018-01-10 17:23:58 EXEC SPC_001_PI_DETAIL_INQ1 'RT-130827001';
2018-01-10 17:24:42 EXEC SPC_GET_CONSTANT '';
2018-01-10 17:24:42 EXEC SPC_001_PI_DETAIL_INQ1 'RT-130827001';
2018-01-10 17:26:19 EXEC SPC_GET_CONSTANT '';
2018-01-10 17:26:19 EXEC SPC_001_PI_DETAIL_INQ1 'RT-130827001';
2018-01-10 17:26:51 EXEC SPC_GET_CONSTANT '';
2018-01-10 17:26:51 EXEC SPC_001_PI_DETAIL_INQ1 'RT-130827001';
2018-01-10 17:27:56 EXEC SPC_GET_CONSTANT '';
2018-01-10 17:27:56 EXEC SPC_001_PI_DETAIL_INQ1 'RT-130827001';
2018-01-10 17:29:14 EXEC SPC_GET_CONSTANT '';
2018-01-10 17:29:14 EXEC SPC_001_PI_DETAIL_INQ1 'RT-130827001';
2018-01-10 17:30:56 EXEC SPC_GET_CONSTANT '';
2018-01-10 17:30:56 EXEC SPC_001_PI_DETAIL_INQ1 'RT-130827001';
2018-01-10 17:32:15 EXEC SPC_GET_CONSTANT '';
2018-01-10 17:32:15 EXEC SPC_001_PI_DETAIL_INQ1 'RT-130827001';
2018-01-10 17:34:17 EXEC SPC_GET_CONSTANT '';
2018-01-10 17:34:17 EXEC SPC_001_PI_DETAIL_INQ1 'RT-130827001';
2018-01-10 17:35:38 EXEC SPC_GET_CONSTANT '';
2018-01-10 17:35:38 EXEC SPC_001_PI_DETAIL_INQ1 'RT-130827001';
2018-01-10 17:36:19 EXEC SPC_GET_CONSTANT '';
2018-01-10 17:36:19 EXEC SPC_001_PI_DETAIL_INQ1 'RT-130827001';
2018-01-10 17:36:52 EXEC SPC_GET_CONSTANT '';
2018-01-10 17:36:52 EXEC SPC_001_PI_DETAIL_INQ1 'RT-130827001';
2018-01-10 17:37:23 EXEC SPC_GET_CONSTANT '';
2018-01-10 17:37:23 EXEC SPC_001_PI_DETAIL_INQ1 'RT-130827001';
2018-01-10 17:37:46 EXEC SPC_GET_CONSTANT '';
2018-01-10 17:37:46 EXEC SPC_001_PI_DETAIL_INQ1 'RT-130827001';
2018-01-10 17:38:11 EXEC SPC_GET_CONSTANT '';
2018-01-10 17:38:11 EXEC SPC_001_PI_DETAIL_INQ1 'RT-130827001';
2018-01-10 17:40:35 EXEC SPC_GET_CONSTANT '';
2018-01-10 17:40:35 EXEC SPC_001_PI_DETAIL_INQ1 'RT-130827001';
2018-01-10 17:41:50 EXEC SPC_GET_CONSTANT '';
2018-01-10 17:41:50 EXEC SPC_001_PI_DETAIL_INQ1 'RT-130827001';
2018-01-10 17:43:21 EXEC SPC_GET_CONSTANT '';
2018-01-10 17:43:21 EXEC SPC_001_PI_DETAIL_INQ1 'RT-130827001';
2018-01-10 17:44:31 EXEC SPC_COM_GET_COMBOBOX 'port_country_div';
2018-01-10 17:44:31 EXEC SPC_COM_GET_COMBOBOX 'unit_q_div';
2018-01-10 17:44:32 EXEC SPC_COM_GET_COMBOBOX 'unit_w_div';
2018-01-10 17:44:32 EXEC SPC_COM_GET_COMBOBOX 'unit_m_div';
2018-01-10 17:44:33 EXEC SPC_COM_GET_COMBOBOX 'sales_detail_div';
2018-01-10 17:44:33 EXEC SPC_COM_GET_COMBOBOX 'bank_div';
2018-01-10 17:44:34 EXEC SPC_GET_TAX_RATE '2018/01/10';
2018-01-10 17:44:34 EXEC SPC_001_PI_DETAIL_INQ1 'RT-130827001';
2018-01-10 17:44:34 EXEC SPC_COM_GET_COMBOBOX 'currency_div';
2018-01-10 17:44:34 EXEC SPC_COM_GET_COMBOBOX 'trade_terms_div';
2018-01-10 17:44:34 EXEC SPC_COM_GET_COMBOBOX 'payment_conditions_div';
2018-01-10 17:44:34 EXEC SPC_COM_GET_COMBOBOX 'shipment_div';
2018-01-10 17:44:35 EXEC SPC_COM_GET_COMBOBOX 'unit_w_div';
2018-01-10 17:44:35 EXEC SPC_GET_TAX_RATE '2013/08/27';
2018-01-10 17:44:35 EXEC SPC_COM_GET_COMBOBOX 'unit_m_div';
2018-01-10 17:44:35 EXEC SPC_COM_GET_COMBOBOX 'unit_q_div';
2018-01-10 17:44:35 EXEC SPC_COM_GET_COMBOBOX 'sales_detail_div';
2018-01-10 17:44:35 EXEC SPC_COM_GET_COMBOBOX 'port_city_div';
2018-01-10 17:44:36 EXEC SPC_GET_CONSTANT '';
2018-01-10 17:44:36 EXEC SPC_001_PI_DETAIL_INQ1 'RT-130827001';
2018-01-10 17:46:54 EXEC SPC_GET_CONSTANT '';
2018-01-10 17:46:54 EXEC SPC_001_PI_DETAIL_INQ1 'RT-130827001';
2018-01-10 17:49:46 EXEC SPC_GET_CONSTANT '';
2018-01-10 17:49:46 EXEC SPC_001_PI_DETAIL_INQ1 'RT-130827001';
2018-01-10 17:50:55 EXEC SPC_GET_CONSTANT '';
2018-01-10 17:50:55 EXEC SPC_001_PI_DETAIL_INQ1 'RT-130827001';
2018-01-10 18:05:14 EXEC SPC_GET_CONSTANT '';
2018-01-10 18:05:14 EXEC SPC_001_PI_DETAIL_INQ1 'RT-130827001';
2018-01-10 18:06:03 EXEC SPC_GET_CONSTANT '';
2018-01-10 18:06:03 EXEC SPC_001_PI_DETAIL_INQ1 'RT-130827001';
2018-01-10 18:07:17 EXEC SPC_GET_CONSTANT '';
2018-01-10 18:07:17 EXEC SPC_001_PI_DETAIL_INQ1 'RT-130827001';
2018-01-10 18:10:41 EXEC SPC_GET_CONSTANT '';
2018-01-10 18:10:41 EXEC SPC_001_PI_DETAIL_INQ1 'RT-130827001';
2018-01-10 18:13:56 EXEC SPC_GET_CONSTANT '';
2018-01-10 18:13:56 EXEC SPC_001_PI_DETAIL_INQ1 'RT-130827001';
2018-01-10 18:17:59 EXEC SPC_GET_CONSTANT '';
2018-01-10 18:17:59 EXEC SPC_001_PI_DETAIL_INQ1 'RT-130827001';
2018-01-10 18:18:53 EXEC SPC_GET_CONSTANT '';
2018-01-10 18:18:53 EXEC SPC_001_PI_DETAIL_INQ1 'RT-130827001';
2018-01-10 18:31:02 EXEC SPC_GET_CONSTANT '';
2018-01-10 18:31:02 EXEC SPC_001_PI_DETAIL_INQ1 'RT-130827001';
2018-01-10 18:35:38 EXEC SPC_COM_GET_COMBOBOX 'port_country_div';
2018-01-10 18:35:39 EXEC SPC_COM_GET_COMBOBOX 'unit_q_div';
2018-01-10 18:35:40 EXEC SPC_COM_GET_COMBOBOX 'unit_w_div';
2018-01-10 18:35:40 EXEC SPC_COM_GET_COMBOBOX 'trade_terms_div';
2018-01-10 18:35:40 EXEC SPC_COM_GET_COMBOBOX 'currency_div';
2018-01-10 18:35:40 EXEC SPC_COM_GET_COMBOBOX 'shipment_div';
2018-01-10 18:35:40 EXEC SPC_COM_GET_COMBOBOX 'payment_conditions_div';
2018-01-10 18:35:40 EXEC SPC_COM_GET_COMBOBOX 'unit_m_div';
2018-01-10 18:35:40 EXEC SPC_COM_GET_COMBOBOX 'port_city_div';
2018-01-10 18:35:41 EXEC SPC_COM_GET_COMBOBOX 'sales_detail_div';
2018-01-10 18:35:41 EXEC SPC_GET_TAX_RATE '2018/01/10';
2018-01-10 18:35:41 EXEC SPC_COM_GET_COMBOBOX 'bank_div';
2018-01-10 18:35:41 EXEC SPC_001_PI_DETAIL_INQ1 'RT-130827001';
2018-01-10 18:35:42 EXEC SPC_COM_GET_COMBOBOX 'unit_q_div';
2018-01-10 18:35:42 EXEC SPC_COM_GET_COMBOBOX 'unit_m_div';
2018-01-10 18:35:42 EXEC SPC_COM_GET_COMBOBOX 'unit_w_div';
2018-01-10 18:35:42 EXEC SPC_GET_TAX_RATE '2013/08/27';
2018-01-10 18:35:42 EXEC SPC_COM_GET_COMBOBOX 'sales_detail_div';
2018-01-10 18:35:44 EXEC SPC_GET_CONSTANT '';
2018-01-10 18:35:44 EXEC SPC_001_PI_DETAIL_INQ1 'RT-130827001';
2018-01-10 18:37:02 EXEC SPC_GET_CONSTANT '';
2018-01-10 18:37:02 EXEC SPC_001_PI_DETAIL_INQ1 'RT-130827001';
2018-01-10 18:37:41 EXEC SPC_GET_CONSTANT '';
2018-01-10 18:37:41 EXEC SPC_001_PI_DETAIL_INQ1 'RT-130827001';
2018-01-10 18:38:08 EXEC SPC_GET_CONSTANT '';
2018-01-10 18:38:08 EXEC SPC_001_PI_DETAIL_INQ1 'RT-130827001';
2018-01-10 18:39:00 EXEC SPC_GET_CONSTANT '';
2018-01-10 18:39:00 EXEC SPC_001_PI_DETAIL_INQ1 'RT-130827001';
2018-01-10 18:39:30 EXEC SPC_GET_CONSTANT '';
2018-01-10 18:39:30 EXEC SPC_001_PI_DETAIL_INQ1 'RT-130827001';
2018-01-10 18:40:03 EXEC SPC_GET_CONSTANT '';
2018-01-10 18:40:03 EXEC SPC_001_PI_DETAIL_INQ1 'RT-130827001';
2018-01-10 18:40:26 EXEC SPC_GET_CONSTANT '';
2018-01-10 18:40:26 EXEC SPC_001_PI_DETAIL_INQ1 'RT-130827001';
2018-01-10 18:41:59 EXEC SPC_GET_CONSTANT '';
2018-01-10 18:41:59 EXEC SPC_001_PI_DETAIL_INQ1 'RT-130827001';
2018-01-10 18:43:53 EXEC SPC_GET_CONSTANT '';
2018-01-10 18:43:53 EXEC SPC_001_PI_DETAIL_INQ1 'RT-130827001';
2018-01-10 18:44:14 EXEC SPC_GET_CONSTANT '';
2018-01-10 18:44:14 EXEC SPC_001_PI_DETAIL_INQ1 'RT-130827001';
2018-01-10 18:46:52 EXEC SPC_GET_CONSTANT '';
2018-01-10 18:46:52 EXEC SPC_001_PI_DETAIL_INQ1 'RT-130827001';
2018-01-10 18:52:16 EXEC SPC_GET_CONSTANT '';
2018-01-10 18:52:16 EXEC SPC_001_PI_DETAIL_INQ1 'RT-130827001';
2018-01-10 18:53:37 EXEC SPC_GET_CONSTANT '';
2018-01-10 18:53:37 EXEC SPC_001_PI_DETAIL_INQ1 'RT-130827001';
2018-01-10 18:54:07 EXEC SPC_GET_CONSTANT '';
2018-01-10 18:54:07 EXEC SPC_001_PI_DETAIL_INQ1 'RT-130827001';
2018-01-10 18:54:44 EXEC SPC_GET_CONSTANT '';
2018-01-10 18:54:44 EXEC SPC_001_PI_DETAIL_INQ1 'RT-130827001';
2018-01-10 19:12:40 EXEC SPC_GET_CONSTANT '';
2018-01-10 19:12:40 EXEC SPC_001_PI_DETAIL_INQ1 'RT-130827001';
2018-01-10 19:21:35 EXEC SPC_004_PI_ORDER_CONFIRM_FND1 '','','','','1','10';
2018-01-10 19:21:50 EXEC SPC_004_PI_ORDER_CONFIRM_FND1 '','','','','1','10';
2018-01-10 19:21:54 EXEC SPC_004_PI_ORDER_CONFIRM_ACT1 '[{"pi_no":"RT-180109006"}]','2018/01/10','','004_pi-order-confirm','';
2018-01-10 19:21:56 EXEC SPC_004_PI_ORDER_CONFIRM_FND1 '','','','','1','10';
2018-01-10 19:28:16 EXEC SPC_COM_GET_COMBOBOX 'port_country_div';
2018-01-10 19:28:17 EXEC SPC_COM_GET_COMBOBOX 'unit_q_div';
2018-01-10 19:28:17 EXEC SPC_COM_GET_COMBOBOX 'payment_conditions_div';
2018-01-10 19:28:17 EXEC SPC_COM_GET_COMBOBOX 'port_city_div';
2018-01-10 19:28:17 EXEC SPC_COM_GET_COMBOBOX 'currency_div';
2018-01-10 19:28:17 EXEC SPC_COM_GET_COMBOBOX 'unit_w_div';
2018-01-10 19:28:17 EXEC SPC_COM_GET_COMBOBOX 'shipment_div';
2018-01-10 19:28:17 EXEC SPC_COM_GET_COMBOBOX 'trade_terms_div';
2018-01-10 19:28:18 EXEC SPC_COM_GET_COMBOBOX 'bank_div';
2018-01-10 19:28:18 EXEC SPC_COM_GET_COMBOBOX 'sales_detail_div';
2018-01-10 19:28:18 EXEC SPC_GET_TAX_RATE '2018/01/10';
2018-01-10 19:28:18 EXEC SPC_COM_GET_COMBOBOX 'unit_m_div';
2018-01-10 19:28:18 EXEC SPC_001_PI_DETAIL_INQ1 'RT-180109006';
2018-01-10 19:28:18 EXEC SPC_COM_GET_COMBOBOX 'unit_q_div';
2018-01-10 19:28:18 EXEC SPC_GET_TAX_RATE '2018/01/09';
2018-01-10 19:28:18 EXEC SPC_COM_GET_COMBOBOX 'unit_m_div';
2018-01-10 19:28:19 EXEC SPC_COM_GET_COMBOBOX 'sales_detail_div';
2018-01-10 19:28:19 EXEC SPC_COM_GET_COMBOBOX 'unit_w_div';
2018-01-10 19:28:22 EXEC SPC_001_PI_DETAIL_ACT1 'A','RT-180109006','2018/01/09','ape76','APEL CO.,LTD.','951 Angyouryou Negishi','Kawaguchi','333-0834','065','JP','+81-48-280-3055','+81-48-283-5045','','APEL CO.,LTD.','951 Angyouryou Negishi','Kawaguchi','333-0834','065','JP','+81-48-280-3055','+81-48-283-5045','APEL CO., LTD.','Saitama','','','(未定)pi_packing','01','USD','060','01','02','','','02','Payment','[{"pi_detail_no":"1","sales_detail_div":"0","product_cd":"0005","description":"BR-5200P","qty":"4322","unit_of_m_div":"001","unit_price":"99999999.99","amount":"432199999956.78","detail_tax":"38897999996.11","unit_measure_qty":"111","unit_measure_price":"001","outside_remarks":"","unit_net_weight":"1.8","unit_net_weight_div":"001","net_weight":"7779.6","unit_gross_weight":"1","gross_weight":"4322","measure":"479742"},{"pi_detail_no":"2","sales_detail_div":"0","product_cd":"0009","description":"MM1","qty":"5345","unit_of_m_div":"001","unit_price":"5346.86","amount":"28578966.7","detail_tax":"2572107.1","unit_measure_qty":"17","unit_measure_price":"001","outside_remarks":"","unit_net_weight":"12","unit_net_weight_div":"001","net_weight":"64140","unit_gross_weight":"15","gross_weight":"80175","measure":"90865"}]','9667','001','84497','001','71919.6','001','570607','001','432228578923.48','5435','654.97','38900572103','471129157116.45','(未定)pi_time_of_shipment','','(未定)pi_country_of_origin','(未定)pi_manufacture','(未定)pi_varidity','(未定)pi_other_conditions1','(未定)pi_other_conditions2','(未定)pi_other_conditions3','(未定)pi_other_conditions4','(未定)pi_other_conditions5','(未定)pi_other_conditions6','(未定)pi_other_conditions7','(未定)pi_other_conditions8','(未定)pi_other_conditions9','(未定)pi_other_conditions10','812','','','001_pi-detail','';
2018-01-10 19:28:27 EXEC SPC_001_PI_DETAIL_ACT4 'RT-180109006','','001_pi-detail','';
2018-01-10 19:28:28 EXEC SPC_001_PI_DETAIL_INQ1 'RT-180109006';
2018-01-10 19:28:29 EXEC SPC_GET_TAX_RATE '2018/01/09';
';
2018-01-10 19:28:29 EXEC SPC_COM_GET_COMBOBOX 'unit_q_div';
2018-01-10 19:28:29 EXEC SPC_COM_GET_COMBOBOX 'sales_detail_div';
2018-01-10 19:28:29 EXEC SPC_COM_GET_COMBOBOX 'unit_m_div';
2018-01-10 19:28:33 EXEC SPC_001_PI_DETAIL_ACT1 'A','RT-180109006','2018/01/09','ape76','APEL CO.,LTD.','951 Angyouryou Negishi','Kawaguchi','333-0834','065','JP','+81-48-280-3055','+81-48-283-5045','','APEL CO.,LTD.','951 Angyouryou Negishi','Kawaguchi','333-0834','065','JP','+81-48-280-3055','+81-48-283-5045','APEL CO., LTD.','Saitama','','','(未定)pi_packing','01','USD','060','01','02','','','02','Payment','[{"pi_detail_no":"1","sales_detail_div":"0","product_cd":"0005","description":"BR-5200P","qty":"4322","unit_of_m_div":"001","unit_price":"99999999.99","amount":"432199999956.78","detail_tax":"38897999996.11","unit_measure_qty":"111","unit_measure_price":"001","outside_remarks":"","unit_net_weight":"1.8","unit_net_weight_div":"001","net_weight":"7779.6","unit_gross_weight":"1","gross_weight":"4322","measure":"479742"},{"pi_detail_no":"2","sales_detail_div":"0","product_cd":"0009","description":"MM1","qty":"5345","unit_of_m_div":"001","unit_price":"5346.86","amount":"28578966.7","detail_tax":"2572107.1","unit_measure_qty":"17","unit_measure_price":"001","outside_remarks":"","unit_net_weight":"12","unit_net_weight_div":"001","net_weight":"64140","unit_gross_weight":"15","gross_weight":"80175","measure":"90865"}]','9667','001','84497','001','71919.6','001','570607','001','432228578923.48','5435','654.97','38900572103','471129157116.45','(未定)pi_time_of_shipment','','(未定)pi_country_of_origin','(未定)pi_manufacture','(未定)pi_varidity','(未定)pi_other_conditions1','(未定)pi_other_conditions2','(未定)pi_other_conditions3','(未定)pi_other_conditions4','(未定)pi_other_conditions5','(未定)pi_other_conditions6','(未定)pi_other_conditions7','(未定)pi_other_conditions8','(未定)pi_other_conditions9','(未定)pi_other_conditions10','812','','','001_pi-detail','';
2018-01-10 19:28:34 EXEC SPC_001_PI_DETAIL_INQ1 'RT-180109006';
2018-01-10 19:28:35 EXEC SPC_COM_GET_COMBOBOX 'unit_m_div';
2018-01-10 19:28:35 EXEC SPC_GET_TAX_RATE '2018/01/09';
2018-01-10 19:28:35 EXEC SPC_COM_GET_COMBOBOX 'unit_q_div';
2018-01-10 19:28:35 EXEC SPC_COM_GET_COMBOBOX 'sales_detail_div';
2018-01-10 19:28:35 EXEC SPC_COM_GET_COMBOBOX 'unit_w_div';
2018-01-10 19:28:57 EXEC SPC_001_PI_DETAIL_ACT1 'A','RT-180109006','2018/01/09','ape76','APEL CO.,LTD.','951 Angyouryou Negishi','Kawaguchi','333-0834','065','JP','+81-48-280-3055','+81-48-283-5045','','APEL CO.,LTD.','951 Angyouryou Negishi','Kawaguchi','333-0834','065','JP','+81-48-280-3055','+81-48-283-5045','APEL CO., LTD.','Saitama','','','(未定)pi_packing','01','USD','060','01','02','','','02','Payment','[{"pi_detail_no":"1","sales_detail_div":"0","product_cd":"0005","description":"BR-5200P","qty":"4322","unit_of_m_div":"001","unit_price":"99999999.99","amount":"432199999956.78","detail_tax":"38897999996.11","unit_measure_qty":"111","unit_measure_price":"001","outside_remarks":"","unit_net_weight":"1.8","unit_net_weight_div":"001","net_weight":"7779.6","unit_gross_weight":"1","gross_weight":"4322","measure":"479742"},{"pi_detail_no":"2","sales_detail_div":"0","product_cd":"0009","description":"MM1","qty":"5345","unit_of_m_div":"001","unit_price":"5346.86","amount":"28578966.7","detail_tax":"2572107.1","unit_measure_qty":"17","unit_measure_price":"001","outside_remarks":"","unit_net_weight":"12","unit_net_weight_div":"001","net_weight":"64140","unit_gross_weight":"15","gross_weight":"80175","measure":"90865"}]','9667','001','84497','001','71919.6','001','570607','001','432228578923.48','5435','654.97','38900572103','471129157116.45','(未定)pi_time_of_shipment','','(未定)pi_country_of_origin','(未定)pi_manufacture','(未定)pi_varidity','(未定)pi_other_conditions1','(未定)pi_other_conditions2','(未定)pi_other_conditions3','(未定)pi_other_conditions4','(未定)pi_other_conditions5','(未定)pi_other_conditions6','(未定)pi_other_conditions7','(未定)pi_other_conditions8','(未定)pi_other_conditions9','(未定)pi_other_conditions10','812','','','001_pi-detail','';
2018-01-10 19:28:58 EXEC SPC_001_PI_DETAIL_INQ1 'RT-180109006';
2018-01-10 19:28:58 EXEC SPC_COM_GET_COMBOBOX 'unit_q_div';
2018-01-10 19:28:58 EXEC SPC_GET_TAX_RATE '2018/01/09';
2018-01-10 19:28:58 EXEC SPC_COM_GET_COMBOBOX 'sales_detail_div';
2018-01-10 19:28:58 EXEC SPC_COM_GET_COMBOBOX 'unit_m_div';
2018-01-10 19:28:59 EXEC SPC_COM_GET_COMBOBOX 'unit_w_div';
2018-01-10 19:29:04 EXEC SPC_001_PI_DETAIL_ACT3 'RT-180109006','','001_pi-detail','';
2018-01-10 19:29:05 EXEC SPC_001_PI_DETAIL_INQ1 'RT-180109006';
2018-01-10 19:29:06 EXEC SPC_COM_GET_COMBOBOX 'unit_w_div';
2018-01-10 19:29:06 EXEC SPC_GET_TAX_RATE '2018/01/09';
2018-01-10 19:29:06 EXEC SPC_COM_GET_COMBOBOX 'unit_m_div';
2018-01-10 19:29:06 EXEC SPC_COM_GET_COMBOBOX 'unit_q_div';
2018-01-10 19:29:06 EXEC SPC_COM_GET_COMBOBOX 'sales_detail_div';
2018-01-10 19:29:11 EXEC SPC_004_PI_ORDER_CONFIRM_FND1 '','','','','1','10';
2018-01-10 19:29:17 EXEC SPC_004_PI_ORDER_CONFIRM_ACT1 '[{"pi_no":"RT-180109006"}]','2018/01/10','','004_pi-order-confirm','';
2018-01-10 19:29:37 EXEC SPC_004_PI_ORDER_CONFIRM_ACT1 '[{"pi_no":"RT-180109006"}]','2018/01/10','','004_pi-order-confirm','';
2018-01-10 19:29:38 EXEC SPC_004_PI_ORDER_CONFIRM_FND1 '','','','','1','10';
2018-01-10 19:30:21 EXEC SPC_004_PI_ORDER_CONFIRM_FND1 '','','','','1','10';
2018-01-10 19:30:33 EXEC SPC_COM_GET_COMBOBOX 'pi_status_div';
2018-01-10 19:30:34 EXEC SPC_002_PI_SEARCH_FND1 '','','','','','','','','1','10';
2018-01-10 19:32:25 EXEC SPC_002_PI_SEARCH_FND1 '','','','','','','','','1','10';
2018-01-10 19:32:34 EXEC SPC_004_PI_ORDER_CONFIRM_FND1 '','','','','1','10';
2018-01-10 19:33:29 EXEC SPC_COM_GET_COMBOBOX 'port_country_div';
2018-01-10 19:33:29 EXEC SPC_COM_GET_COMBOBOX 'payment_conditions_div';
2018-01-10 19:33:29 EXEC SPC_COM_GET_COMBOBOX 'shipment_div';
2018-01-10 19:33:29 EXEC SPC_COM_GET_COMBOBOX 'currency_div';
2018-01-10 19:33:29 EXEC SPC_COM_GET_COMBOBOX 'trade_terms_div';
2018-01-10 19:33:29 EXEC SPC_COM_GET_COMBOBOX 'port_city_div';
2018-01-10 19:33:29 EXEC SPC_COM_GET_COMBOBOX 'unit_q_div';
2018-01-10 19:33:29 EXEC SPC_COM_GET_COMBOBOX 'unit_w_div';
2018-01-10 19:33:29 EXEC SPC_COM_GET_COMBOBOX 'unit_m_div';
2018-01-10 19:33:30 EXEC SPC_COM_GET_COMBOBOX 'sales_detail_div';
2018-01-10 19:33:30 EXEC SPC_GET_TAX_RATE '2018/01/10';
2018-01-10 19:33:30 EXEC SPC_001_PI_DETAIL_INQ1 'RT-180109006';
2018-01-10 19:33:30 EXEC SPC_COM_GET_COMBOBOX 'bank_div';
2018-01-10 19:33:31 EXEC SPC_COM_GET_COMBOBOX 'sales_detail_div';
2018-01-10 19:33:31 EXEC SPC_COM_GET_COMBOBOX 'unit_w_div';
2018-01-10 19:33:31 EXEC SPC_COM_GET_COMBOBOX 'unit_q_div';
2018-01-10 19:33:31 EXEC SPC_COM_GET_COMBOBOX 'unit_m_div';
2018-01-10 19:33:31 EXEC SPC_GET_TAX_RATE '2018/01/09';
2018-01-10 19:33:32 EXEC SPC_001_PI_DETAIL_ACT4 'RT-180109006','','001_pi-detail','';
2018-01-10 19:33:34 EXEC SPC_001_PI_DETAIL_INQ1 'RT-180109006';
2018-01-10 19:33:34 EXEC SPC_COM_GET_COMBOBOX 'unit_w_div';
2018-01-10 19:33:34 EXEC SPC_GET_TAX_RATE '2018/01/09';
2018-01-10 19:33:34 EXEC SPC_COM_GET_COMBOBOX 'sales_detail_div';
2018-01-10 19:33:34 EXEC SPC_COM_GET_COMBOBOX 'unit_m_div';
2018-01-10 19:33:34 EXEC SPC_COM_GET_COMBOBOX 'unit_q_div';
2018-01-10 19:33:41 EXEC SPC_001_PI_DETAIL_ACT1 'A','RT-180109006','2018/01/09','ape76','APEL CO.,LTD.','951 Angyouryou Negishi','Kawaguchi','333-0834','065','JP','+81-48-280-3055','+81-48-283-5045','','APEL CO.,LTD.','951 Angyouryou Negishi','Kawaguchi','333-0834','065','JP','+81-48-280-3055','+81-48-283-5045','APEL CO., LTD.','Saitama','','','(未定)pi_packing','01','USD','060','01','02','','','02','Payment','[{"pi_detail_no":"1","sales_detail_div":"0","product_cd":"0005","description":"BR-5200P","qty":"4322","unit_of_m_div":"001","unit_price":"999","amount":"4317678","detail_tax":"388591.2","unit_measure_qty":"111","unit_measure_price":"001","outside_remarks":"","unit_net_weight":"1.8","unit_net_weight_div":"001","net_weight":"7779.6","unit_gross_weight":"1","gross_weight":"4322","measure":"479742"},{"pi_detail_no":"2","sales_detail_div":"0","product_cd":"0009","description":"MM1","qty":"5345","unit_of_m_div":"001","unit_price":"5346.86","amount":"28578966.7","detail_tax":"2572107.1","unit_measure_qty":"17","unit_measure_price":"001","outside_remarks":"","unit_net_weight":"12","unit_net_weight_div":"001","net_weight":"64140","unit_gross_weight":"15","gross_weight":"80175","measure":"90865"}]','9667','001','84497','001','71919.6','001','570607','001','32896644.7','5435','654.97','2960698','35863432.67','(未定)pi_time_of_shipment','','(未定)pi_country_of_origin','(未定)pi_manufacture','(未定)pi_varidity','(未定)pi_other_conditions1','(未定)pi_other_conditions2','(未定)pi_other_conditions3','(未定)pi_other_conditions4','(未定)pi_other_conditions5','(未定)pi_other_conditions6','(未定)pi_other_conditions7','(未定)pi_other_conditions8','(未定)pi_other_conditions9','(未定)pi_other_conditions10','812','','','001_pi-detail','';
2018-01-10 19:33:42 EXEC SPC_001_PI_DETAIL_INQ1 'RT-180109006';
2018-01-10 19:33:43 EXEC SPC_COM_GET_COMBOBOX 'unit_q_div';
2018-01-10 19:33:43 EXEC SPC_GET_TAX_RATE '2018/01/09';
2018-01-10 19:33:43 EXEC SPC_COM_GET_COMBOBOX 'unit_w_div';
2018-01-10 19:33:43 EXEC SPC_COM_GET_COMBOBOX 'unit_m_div';
2018-01-10 19:33:43 EXEC SPC_COM_GET_COMBOBOX 'sales_detail_div';
2018-01-10 19:33:45 EXEC SPC_001_PI_DETAIL_ACT3 'RT-180109006','','001_pi-detail','';
2018-01-10 19:33:46 EXEC SPC_001_PI_DETAIL_INQ1 'RT-180109006';
2018-01-10 19:33:46 EXEC SPC_COM_GET_COMBOBOX 'unit_w_div';
2018-01-10 19:33:46 EXEC SPC_COM_GET_COMBOBOX 'unit_q_div';
2018-01-10 19:33:46 EXEC SPC_COM_GET_COMBOBOX 'sales_detail_div';
2018-01-10 19:33:46 EXEC SPC_COM_GET_COMBOBOX 'unit_m_div';
2018-01-10 19:33:46 EXEC SPC_GET_TAX_RATE '2018/01/09';
2018-01-10 19:33:59 EXEC SPC_004_PI_ORDER_CONFIRM_FND1 '','','','','1','10';
2018-01-10 19:34:03 EXEC SPC_004_PI_ORDER_CONFIRM_ACT1 '[{"pi_no":"RT-180109006"}]','2018/01/10','','004_pi-order-confirm','';
2018-01-10 19:34:04 EXEC SPC_004_PI_ORDER_CONFIRM_FND1 '','','','','1','10';
2018-01-10 19:34:32 EXEC SPC_COM_GET_COMBOBOX 'payment_conditions_div';
2018-01-10 19:34:32 EXEC SPC_COM_GET_COMBOBOX 'trade_terms_div';
2018-01-10 19:34:32 EXEC SPC_COM_GET_COMBOBOX 'shipment_div';
2018-01-10 19:34:32 EXEC SPC_COM_GET_COMBOBOX 'port_city_div';
2018-01-10 19:34:32 EXEC SPC_COM_GET_COMBOBOX 'currency_div';
2018-01-10 19:34:32 EXEC SPC_COM_GET_COMBOBOX 'port_country_div';
2018-01-10 19:34:32 EXEC SPC_COM_GET_COMBOBOX 'unit_q_div';
2018-01-10 19:34:32 EXEC SPC_GET_TAX_RATE '2018/01/10';
2018-01-10 19:34:32 EXEC SPC_COM_GET_COMBOBOX 'sales_detail_div';
2018-01-10 19:34:32 EXEC SPC_COM_GET_COMBOBOX 'unit_m_div';
2018-01-10 19:34:32 EXEC SPC_COM_GET_COMBOBOX 'unit_w_div';
2018-01-10 19:34:33 EXEC SPC_COM_GET_COMBOBOX 'bank_div';
2018-01-10 19:34:33 EXEC SPC_001_PI_DETAIL_INQ1 'RT-131210001';
2018-01-10 19:34:34 EXEC SPC_COM_GET_COMBOBOX 'unit_m_div';
2018-01-10 19:34:34 EXEC SPC_GET_TAX_RATE '2013/12/10';
2018-01-10 19:34:34 EXEC SPC_COM_GET_COMBOBOX 'unit_w_div';
2018-01-10 19:34:34 EXEC SPC_COM_GET_COMBOBOX 'sales_detail_div';
2018-01-10 19:34:34 EXEC SPC_COM_GET_COMBOBOX 'unit_q_div';
