2018-05-21 10:20:29 EXEC SPC_COM_GET_COMBOBOX 'outsourcing_div';
iv';
2018-05-21 10:22:49 EXEC SPC_073_LOGIN_ACT1 '001','123456';
2018-05-21 10:23:11 EXEC SPC_073_LOGIN_ACT1 '111','111';
2018-05-21 10:23:11 EXEC SPC_GET_CONSTANT '';
2018-05-21 10:29:02 EXEC SPC_COM_GET_COMBOBOX 'outsourcing_div';
2018-05-21 10:29:02 EXEC SPC_COM_GET_COMBOBOX 'production_status_div';
2018-05-21 10:29:02 EXEC SPC_COM_GET_COMBOBOX 'done_div';
2018-05-21 10:34:00 EXEC SPC_027_MANUFACTURING_INSTRUCTION_SEARCH_FND1 '','','','','','','','','','','1','10';
2018-05-21 10:34:46 EXEC SPC_027_MANUFACTURING_INSTRUCTION_EXPORT_ACT1 '[{"manufacture_no":"20180001"}]','111','027_manufacturing-instruction-search','192.168.5.206';
2018-05-21 10:51:16 EXEC SPC_027_MANUFACTURING_INSTRUCTION_SEARCH_FND1 '','','','','','','','','','','1','10';
2018-05-21 12:49:35 EXEC SPC_027_MANUFACTURING_INSTRUCTION_SEARCH_FND1 '','','','','','','','','','','1','10';
2018-05-21 12:50:12 EXEC SPC_027_MANUFACTURING_INSTRUCTION_SEARCH_FND1 '','','','','','','','','','','2','10';
2018-05-21 12:50:14 EXEC SPC_027_MANUFACTURING_INSTRUCTION_SEARCH_FND1 '','','','','','','','','','','3','10';
2018-05-21 12:50:15 EXEC SPC_027_MANUFACTURING_INSTRUCTION_SEARCH_FND1 '','','','','','','','','','','4','10';
2018-05-21 12:50:17 EXEC SPC_027_MANUFACTURING_INSTRUCTION_SEARCH_FND1 '','','','','','','','','','','5','10';
2018-05-21 12:50:19 EXEC SPC_027_MANUFACTURING_INSTRUCTION_SEARCH_FND1 '','','','','','','','','','','6','10';
2018-05-21 12:50:21 EXEC SPC_027_MANUFACTURING_INSTRUCTION_SEARCH_FND1 '','','','','','','','','','','1','10';
2018-05-21 12:50:24 EXEC SPC_027_MANUFACTURING_INSTRUCTION_SEARCH_FND1 '','','','','','','','','','','1','10';
2018-05-21 12:50:29 EXEC SPC_027_MANUFACTURING_INSTRUCTION_SEARCH_FND1 '','','','','','','','','','1','1','10';
2018-05-21 12:50:34 EXEC SPC_027_MANUFACTURING_INSTRUCTION_SEARCH_FND1 '','','','','','','','','','','1','10';
2018-05-21 14:42:37 EXEC SPC_027_MANUFACTURING_INSTRUCTION_SEARCH_FND1 '','','','','','','','','','','1','10';
2018-05-21 17:10:08 EXEC SPC_COM_GET_COMBOBOX 'port_country_div';
2018-05-21 17:10:09 EXEC SPC_COM_GET_COMBOBOX 'sales_detail_div';
2018-05-21 17:10:09 EXEC SPC_COM_GET_COMBOBOX 'currency_div';
2018-05-21 17:10:09 EXEC SPC_COM_GET_COMBOBOX 'trade_terms_div';
2018-05-21 17:10:09 EXEC SPC_COM_GET_COMBOBOX 'shipment_div';
2018-05-21 17:10:09 EXEC SPC_COM_GET_COMBOBOX 'payment_conditions_div';
2018-05-21 17:10:09 EXEC SPC_COM_GET_COMBOBOX 'port_city_div';
2018-05-21 17:10:09 EXEC SPC_COM_GET_COMBOBOX 'unit_q_div';
2018-05-21 17:10:10 EXEC SPC_COM_GET_COMBOBOX 'unit_w_div';
2018-05-21 17:10:10 EXEC SPC_COM_GET_COMBOBOX 'storage_manager_div';
2018-05-21 17:10:10 EXEC SPC_COM_GET_COMBOBOX 'unit_m_div';
2018-05-21 17:10:10 EXEC SPC_GET_TAX_RATE '2018/05/21';
