2018-03-21 10:29:35 EXEC SPC_GET_TAX_RATE '2018/03/21';
2018-03-21 10:29:43 EXEC SPC_073_LOGIN_ACT1 '001','123456';
2018-03-21 10:29:43 EXEC SPC_GET_CONSTANT '';
2018-03-21 10:32:28 EXEC SPC_COM_GET_COMBOBOX 'in_out_data_div';
2018-03-21 10:32:29 EXEC SPC_COM_GET_COMBOBOX 'in_out_div';
2018-03-21 10:55:28 EXEC SPC_COM_GET_COMBOBOX 'unit_q_div';
2018-03-21 11:01:02 EXEC SPC_COM_GET_COMBOBOX 'in_out_div';
2018-03-21 11:01:02 EXEC SPC_COM_GET_COMBOBOX 'in_out_data_div';
2018-03-21 11:01:05 EXEC SPC_COM_GET_COMBOBOX 'in_out_data_div';
2018-03-21 11:01:05 EXEC SPC_COM_GET_COMBOBOX 'in_out_div';
2018-03-21 11:01:06 EXEC SPC_049_INPUT_OUTPUT_FND1 '','','','','','','','1','10';
2018-03-21 11:01:08 EXEC SPC_048_INPUT_OUTPUT_DETAIL_INQ1 'SY201701050003';
2018-03-21 11:04:36 EXEC SPC_COM_GET_COMBOBOX 'in_out_div';
2018-03-21 11:04:36 EXEC SPC_COM_GET_COMBOBOX 'in_out_data_div';
2018-03-21 11:04:37 EXEC SPC_048_INPUT_OUTPUT_DETAIL_INQ1 'SY201701050003';
2018-03-21 11:04:40 EXEC SPC_048_INPUT_OUTPUT_DETAIL_INQ1 'SY201701050001';
2018-03-21 11:04:42 EXEC SPC_048_INPUT_OUTPUT_DETAIL_INQ1 'SY201701050003';
2018-03-21 11:05:17 EXEC SPC_048_INPUT_OUTPUT_DETAIL_INQ1 'SY201701050001';
2018-03-21 11:07:06 EXEC SPC_048_INPUT_OUTPUT_DETAIL_INQ1 'SY201701050002';
2018-03-21 11:07:09 EXEC SPC_048_INPUT_OUTPUT_DETAIL_INQ1 'SY201701050003';
2018-03-21 11:08:53 EXEC SPC_048_INPUT_OUTPUT_DETAIL_INQ1 'SY201701050002';
2018-03-21 11:08:55 EXEC SPC_048_INPUT_OUTPUT_DETAIL_INQ1 'SY201701050003';
2018-03-21 11:09:16 EXEC SPC_048_INPUT_OUTPUT_DETAIL_INQ1 'SY201701050002';
2018-03-21 11:09:25 EXEC SPC_048_INPUT_OUTPUT_DETAIL_INQ1 'SY201701050001';
2018-03-21 11:09:52 EXEC SPC_048_INPUT_OUTPUT_DETAIL_INQ1 'SY201701050002';
2018-03-21 11:09:57 EXEC SPC_048_INPUT_OUTPUT_DETAIL_INQ1 'SY201701050001';
2018-03-21 11:10:31 EXEC SPC_048_INPUT_OUTPUT_DETAIL_INQ1 'SY201701050003';
2018-03-21 11:10:36 EXEC SPC_048_INPUT_OUTPUT_DETAIL_INQ1 'SY201701050002';
2018-03-21 11:11:17 EXEC SPC_COM_GET_COMBOBOX 'in_out_div';
2018-03-21 11:11:19 EXEC SPC_048_INPUT_OUTPUT_DETAIL_INQ1 'SY201701050002';
2018-03-21 11:11:19 EXEC SPC_COM_GET_COMBOBOX 'in_out_data_div';
2018-03-21 11:11:22 EXEC SPC_048_INPUT_OUTPUT_DETAIL_INQ1 'SY201701050003';
2018-03-21 11:11:24 EXEC SPC_048_INPUT_OUTPUT_DETAIL_INQ1 'SY201701050002';
2018-03-21 11:11:26 EXEC SPC_048_INPUT_OUTPUT_DETAIL_INQ1 'SY201701050001';
2018-03-21 11:11:31 EXEC SPC_048_INPUT_OUTPUT_DETAIL_INQ1 'SY201701050000';
2018-03-21 11:11:42 EXEC SPC_048_INPUT_OUTPUT_DETAIL_INQ1 'SY201701050001';
2018-03-21 11:12:21 EXEC SPC_048_INPUT_OUTPUT_DETAIL_INQ1 'SY201701050005';
2018-03-21 11:13:27 EXEC SPC_COM_GET_COMBOBOX 'in_out_div';
2018-03-21 11:13:27 EXEC SPC_COM_GET_COMBOBOX 'in_out_data_div';
2018-03-21 11:13:27 EXEC SPC_048_INPUT_OUTPUT_DETAIL_INQ1 'SY201701050001';
2018-03-21 11:13:31 EXEC SPC_048_INPUT_OUTPUT_DETAIL_INQ1 'SY201701050007';
2018-03-21 11:13:53 EXEC SPC_COM_GET_COMBOBOX 'in_out_div';
2018-03-21 11:13:53 EXEC SPC_COM_GET_COMBOBOX 'in_out_data_div';
2018-03-21 11:13:53 EXEC SPC_048_INPUT_OUTPUT_DETAIL_INQ1 'SY201701050001';
2018-03-21 11:13:56 EXEC SPC_048_INPUT_OUTPUT_DETAIL_INQ1 'SY201701050007';
2018-03-21 11:14:20 EXEC SPC_COM_GET_COMBOBOX 'in_out_data_div';
2018-03-21 11:14:20 EXEC SPC_COM_GET_COMBOBOX 'in_out_div';
2018-03-21 11:14:20 EXEC SPC_048_INPUT_OUTPUT_DETAIL_INQ1 'SY201701050001';
2018-03-21 11:14:23 EXEC SPC_048_INPUT_OUTPUT_DETAIL_INQ1 'SY201701050007';
2018-03-21 11:15:01 EXEC SPC_COM_GET_COMBOBOX 'in_out_data_div';
2018-03-21 11:15:01 EXEC SPC_COM_GET_COMBOBOX 'in_out_div';
2018-03-21 11:15:01 EXEC SPC_048_INPUT_OUTPUT_DETAIL_INQ1 'SY201701050001';
2018-03-21 11:15:05 EXEC SPC_048_INPUT_OUTPUT_DETAIL_INQ1 'SY201701050009';
2018-03-21 11:15:20 EXEC SPC_COM_GET_COMBOBOX 'in_out_data_div';
2018-03-21 11:15:20 EXEC SPC_048_INPUT_OUTPUT_DETAIL_INQ1 'SY201701050001';
2018-03-21 11:15:20 EXEC SPC_COM_GET_COMBOBOX 'in_out_div';
2018-03-21 11:15:30 EXEC SPC_COM_GET_COMBOBOX 'in_out_div';
2018-03-21 11:15:30 EXEC SPC_COM_GET_COMBOBOX 'in_out_data_div';
2018-03-21 11:15:30 EXEC SPC_048_INPUT_OUTPUT_DETAIL_INQ1 'SY201701050001';
2018-03-21 11:15:44 EXEC SPC_COM_GET_COMBOBOX 'in_out_div';
2018-03-21 11:15:44 EXEC SPC_COM_GET_COMBOBOX 'in_out_data_div';
2018-03-21 11:15:44 EXEC SPC_048_INPUT_OUTPUT_DETAIL_INQ1 'SY201701050001';
2018-03-21 11:15:49 EXEC SPC_048_INPUT_OUTPUT_DETAIL_INQ1 'SY201701050007';
2018-03-21 11:16:34 EXEC SPC_COM_GET_COMBOBOX 'in_out_data_div';
2018-03-21 11:16:34 EXEC SPC_COM_GET_COMBOBOX 'in_out_div';
2018-03-21 11:16:34 EXEC SPC_048_INPUT_OUTPUT_DETAIL_INQ1 'SY201701050001';
2018-03-21 11:16:37 EXEC SPC_048_INPUT_OUTPUT_DETAIL_INQ1 'SY201701050007';
2018-03-21 11:17:14 EXEC SPC_COM_GET_COMBOBOX 'in_out_data_div';
2018-03-21 11:17:14 EXEC SPC_048_INPUT_OUTPUT_DETAIL_INQ1 'SY201701050001';
2018-03-21 11:17:14 EXEC SPC_COM_GET_COMBOBOX 'in_out_div';
2018-03-21 11:17:17 EXEC SPC_048_INPUT_OUTPUT_DETAIL_INQ1 'SY201701050002';
2018-03-21 11:17:20 EXEC SPC_048_INPUT_OUTPUT_DETAIL_INQ1 'SY201701050006';
2018-03-21 11:18:02 EXEC SPC_COM_GET_COMBOBOX 'in_out_div';
2018-03-21 11:18:02 EXEC SPC_COM_GET_COMBOBOX 'in_out_data_div';
2018-03-21 11:18:02 EXEC SPC_048_INPUT_OUTPUT_DETAIL_INQ1 'SY201701050002';
2018-03-21 11:18:07 EXEC SPC_048_INPUT_OUTPUT_DETAIL_INQ1 'SY201701050003';
2018-03-21 11:18:39 EXEC SPC_COM_GET_COMBOBOX 'in_out_data_div';
2018-03-21 11:18:39 EXEC SPC_COM_GET_COMBOBOX 'in_out_div';
2018-03-21 11:18:39 EXEC SPC_048_INPUT_OUTPUT_DETAIL_INQ1 'SY201701050003';
2018-03-21 11:18:42 EXEC SPC_048_INPUT_OUTPUT_DETAIL_INQ1 'SY201701050002';
2018-03-21 11:18:45 EXEC SPC_048_INPUT_OUTPUT_DETAIL_INQ1 'SY201701050003';
2018-03-21 11:18:58 EXEC SPC_COM_GET_COMBOBOX 'in_out_div';
2018-03-21 11:18:58 EXEC SPC_COM_GET_COMBOBOX 'in_out_data_div';
2018-03-21 11:18:58 EXEC SPC_048_INPUT_OUTPUT_DETAIL_INQ1 'SY201701050003';
2018-03-21 11:19:01 EXEC SPC_048_INPUT_OUTPUT_DETAIL_INQ1 'SY201701050002';
2018-03-21 11:19:03 EXEC SPC_048_INPUT_OUTPUT_DETAIL_INQ1 'SY201701050001';
2018-03-21 11:19:07 EXEC SPC_048_INPUT_OUTPUT_DETAIL_INQ1 'SY201701050005';
2018-03-21 11:37:36 EXEC SPC_COM_GET_COMBOBOX 'in_out_div';
2018-03-21 11:37:36 EXEC SPC_COM_GET_COMBOBOX 'in_out_data_div';
2018-03-21 11:37:37 EXEC SPC_049_INPUT_OUTPUT_FND1 '','','','','','','','1','10';
2018-03-21 11:37:39 EXEC SPC_048_INPUT_OUTPUT_DETAIL_INQ1 'SY201701050003';
2018-03-21 11:39:21 EXEC SPC_COM_GET_COMBOBOX 'in_out_data_div';
2018-03-21 11:39:21 EXEC SPC_COM_GET_COMBOBOX 'in_out_div';
2018-03-21 11:39:22 EXEC SPC_048_INPUT_OUTPUT_DETAIL_INQ1 'SY201701050003';
2018-03-21 11:42:22 EXEC SPC_COM_GET_COMBOBOX 'in_out_div';
2018-03-21 11:42:22 EXEC SPC_COM_GET_COMBOBOX 'in_out_data_div';
2018-03-21 11:42:22 EXEC SPC_048_INPUT_OUTPUT_DETAIL_INQ1 'SY201701050003';
2018-03-21 11:42:47 EXEC SPC_COM_GET_COMBOBOX 'in_out_data_div';
2018-03-21 11:42:47 EXEC SPC_COM_GET_COMBOBOX 'in_out_div';
2018-03-21 11:42:47 EXEC SPC_048_INPUT_OUTPUT_DETAIL_INQ1 'SY201701050003';
2018-03-21 11:43:29 EXEC SPC_048_INPUT_OUTPUT_DETAIL_INQ1 'SY201701050006';
2018-03-21 11:43:39 EXEC SPC_COM_GET_COMBOBOX 'in_out_div';
2018-03-21 11:43:39 EXEC SPC_COM_GET_COMBOBOX 'in_out_data_div';
2018-03-21 11:43:39 EXEC SPC_048_INPUT_OUTPUT_DETAIL_INQ1 'SY201701050003';
2018-03-21 11:44:01 EXEC SPC_048_INPUT_OUTPUT_DETAIL_INQ1 'SY201701050006';
2018-03-21 11:44:07 EXEC SPC_COM_GET_COMBOBOX 'in_out_div';
2018-03-21 11:44:07 EXEC SPC_048_INPUT_OUTPUT_DETAIL_INQ1 'SY201701050003';
2018-03-21 11:44:07 EXEC SPC_COM_GET_COMBOBOX 'in_out_data_div';
2018-03-21 11:44:43 EXEC SPC_COM_GET_COMBOBOX 'in_out_div';
2018-03-21 11:44:43 EXEC SPC_COM_GET_COMBOBOX 'in_out_data_div';
2018-03-21 11:44:43 EXEC SPC_048_INPUT_OUTPUT_DETAIL_INQ1 'SY201701050003';
2018-03-21 11:44:49 EXEC SPC_COM_GET_COMBOBOX 'in_out_data_div';
2018-03-21 11:44:49 EXEC SPC_COM_GET_COMBOBOX 'in_out_div';
2018-03-21 11:44:49 EXEC SPC_048_INPUT_OUTPUT_DETAIL_INQ1 'SY201701050003';
2018-03-21 11:46:16 EXEC SPC_COM_GET_COMBOBOX 'in_out_data_div';
2018-03-21 11:46:16 EXEC SPC_COM_GET_COMBOBOX 'in_out_div';
2018-03-21 11:46:16 EXEC SPC_048_INPUT_OUTPUT_DETAIL_INQ1 'SY201701050003';
2018-03-21 11:46:36 EXEC SPC_COM_GET_COMBOBOX 'in_out_div';
2018-03-21 11:46:36 EXEC SPC_COM_GET_COMBOBOX 'in_out_data_div';
2018-03-21 11:46:36 EXEC SPC_048_INPUT_OUTPUT_DETAIL_INQ1 'SY201701050003';
2018-03-21 11:47:44 EXEC SPC_COM_GET_COMBOBOX 'in_out_data_div';
2018-03-21 11:47:44 EXEC SPC_COM_GET_COMBOBOX 'in_out_div';
2018-03-21 11:47:44 EXEC SPC_048_INPUT_OUTPUT_DETAIL_INQ1 'SY201701050003';
2018-03-21 11:48:01 EXEC SPC_COM_GET_COMBOBOX 'in_out_data_div';
2018-03-21 11:48:01 EXEC SPC_COM_GET_COMBOBOX 'in_out_div';
2018-03-21 11:48:01 EXEC SPC_048_INPUT_OUTPUT_DETAIL_INQ1 'SY201701050003';
2018-03-21 11:48:59 EXEC SPC_COM_GET_COMBOBOX 'in_out_data_div';
2018-03-21 11:48:59 EXEC SPC_COM_GET_COMBOBOX 'in_out_div';
2018-03-21 11:48:59 EXEC SPC_048_INPUT_OUTPUT_DETAIL_INQ1 'SY201701050003';
2018-03-21 11:50:08 EXEC SPC_COM_GET_COMBOBOX 'fwd_status_div';
2018-03-21 11:50:13 EXEC SPC_COM_GET_COMBOBOX 'fwd_status_div';
2018-03-21 11:50:23 EXEC SPC_011_SHIPMENT_SEARCH_FND1 '','','','','','20','1','10';
2018-03-21 11:50:26 EXEC SPC_COM_GET_COMBOBOX 'forwarding_way_div';
2018-03-21 11:50:26 EXEC SPC_COM_GET_COMBOBOX 'forwarding_div';
2018-03-21 11:50:26 EXEC SPC_COM_GET_COMBOBOX 'forwarding_warehouse_div';
2018-03-21 11:50:27 EXEC SPC_COM_GET_COMBOBOX 'forwarder_div';
2018-03-21 11:50:27 EXEC SPC_COM_GET_COMBOBOX 'packing_method_div';
2018-03-21 11:50:32 EXEC SPC_COM_GET_COMBOBOX 'fwd_status_div';
2018-03-21 11:50:32 EXEC SPC_011_SHIPMENT_SEARCH_FND1 '','','','','','20','1','10';
2018-03-21 11:50:37 EXEC SPC_COM_GET_COMBOBOX 'forwarding_way_div';
2018-03-21 11:50:37 EXEC SPC_COM_GET_COMBOBOX 'packing_method_div';
2018-03-21 11:50:37 EXEC SPC_COM_GET_COMBOBOX 'forwarding_div';
2018-03-21 11:50:37 EXEC SPC_COM_GET_COMBOBOX 'forwarding_warehouse_div';
2018-03-21 11:50:37 EXEC SPC_COM_GET_COMBOBOX 'forwarder_div';
2018-03-21 11:50:50 EXEC SPC_COM_GET_COMBOBOX 'fwd_status_div';
2018-03-21 11:50:50 EXEC SPC_011_SHIPMENT_SEARCH_FND1 '','','','','','20','1','10';
2018-03-21 11:51:15 EXEC SPC_COM_GET_COMBOBOX 'forwarding_way_div';
2018-03-21 11:51:15 EXEC SPC_COM_GET_COMBOBOX 'forwarding_div';
2018-03-21 11:51:15 EXEC SPC_COM_GET_COMBOBOX 'forwarding_warehouse_div';
2018-03-21 11:51:15 EXEC SPC_COM_GET_COMBOBOX 'forwarder_div';
2018-03-21 11:51:15 EXEC SPC_COM_GET_COMBOBOX 'packing_method_div';
2018-03-21 12:31:31 EXEC SPC_COM_GET_COMBOBOX 'in_out_data_div';
2018-03-21 12:31:31 EXEC SPC_COM_GET_COMBOBOX 'in_out_div';
2018-03-21 12:31:31 EXEC SPC_048_INPUT_OUTPUT_DETAIL_INQ1 'SY201701050003';
2018-03-21 12:32:22 EXEC SPC_073_LOGIN_ACT1 '001','123456';
2018-03-21 12:32:22 EXEC SPC_GET_CONSTANT '';
2018-03-21 12:32:31 EXEC SPC_COM_GET_COMBOBOX 'in_out_div';
2018-03-21 12:32:31 EXEC SPC_COM_GET_COMBOBOX 'in_out_data_div';
2018-03-21 12:32:34 EXEC SPC_COM_GET_COMBOBOX 'in_out_data_div';
2018-03-21 12:32:34 EXEC SPC_COM_GET_COMBOBOX 'in_out_div';
2018-03-21 12:32:35 EXEC SPC_049_INPUT_OUTPUT_FND1 '','','','','','','','1','10';
2018-03-21 12:32:36 EXEC SPC_048_INPUT_OUTPUT_DETAIL_INQ1 'SY201701050003';
2018-03-21 12:32:44 EXEC SPC_073_LOGIN_ACT1 '001','123456';
2018-03-21 12:32:44 EXEC SPC_GET_CONSTANT '';
2018-03-21 12:32:51 EXEC SPC_COM_GET_COMBOBOX 'in_out_data_div';
2018-03-21 12:32:51 EXEC SPC_COM_GET_COMBOBOX 'in_out_div';
2018-03-21 12:32:55 EXEC SPC_COM_GET_COMBOBOX 'in_out_div';
2018-03-21 12:32:55 EXEC SPC_COM_GET_COMBOBOX 'in_out_data_div';
2018-03-21 12:33:27 EXEC SPC_COM_GET_COMBOBOX 'in_out_data_div';
2018-03-21 12:33:27 EXEC SPC_COM_GET_COMBOBOX 'in_out_div';
2018-03-21 12:33:30 EXEC SPC_COM_GET_COMBOBOX 'in_out_div';
v';
2018-03-21 12:33:31 EXEC SPC_049_INPUT_OUTPUT_FND1 '','','','','','','','1','10';
2018-03-21 12:33:32 EXEC SPC_048_INPUT_OUTPUT_DETAIL_INQ1 'SY201701050003';
2018-03-21 12:36:02 EXEC SPC_COM_GET_COMBOBOX 'in_out_data_div';
2018-03-21 12:36:02 EXEC SPC_COM_GET_COMBOBOX 'in_out_div';
2018-03-21 12:36:02 EXEC SPC_048_INPUT_OUTPUT_DETAIL_INQ1 'SY201701050003';
2018-03-21 12:39:13 EXEC SPC_COM_GET_COMBOBOX 'in_out_div';
2018-03-21 12:39:13 EXEC SPC_COM_GET_COMBOBOX 'in_out_data_div';
2018-03-21 12:39:13 EXEC SPC_048_INPUT_OUTPUT_DETAIL_INQ1 'SY201701050003';
2018-03-21 12:41:45 EXEC SPC_COM_GET_COMBOBOX 'in_out_div';
2018-03-21 12:41:45 EXEC SPC_COM_GET_COMBOBOX 'in_out_data_div';
2018-03-21 12:41:45 EXEC SPC_048_INPUT_OUTPUT_DETAIL_INQ1 'SY201701050003';
2018-03-21 12:42:50 EXEC SPC_COM_GET_COMBOBOX 'in_out_data_div';
2018-03-21 12:42:50 EXEC SPC_COM_GET_COMBOBOX 'in_out_div';
2018-03-21 12:42:50 EXEC SPC_048_INPUT_OUTPUT_DETAIL_INQ1 'SY201701050003';
2018-03-21 12:43:09 EXEC SPC_048_INPUT_OUTPUT_DETAIL_ACT1 'U','SY201701050003','2','2018/01/01','10','so0004','remarks','[{"in_out_detail_no":"1","item_cd ":"000004","serial_no ":"123456","in_out_qty ":"123456","remarks ":"detail remarks detail remarks detail remarks detail remarks detail remarks detail remarks detail remarks detail remarks detail remarks detail remarks detail remarks"}]','001','048_input_output_detail','192.168.5.206';
2018-03-21 12:44:55 EXEC SPC_COM_GET_COMBOBOX 'in_out_data_div';
2018-03-21 12:44:56 EXEC SPC_COM_GET_COMBOBOX 'in_out_div';
2018-03-21 12:44:56 EXEC SPC_048_INPUT_OUTPUT_DETAIL_INQ1 'SY201701050003';
2018-03-21 12:45:18 EXEC SPC_COM_GET_COMBOBOX 'in_out_data_div';
2018-03-21 12:45:18 EXEC SPC_COM_GET_COMBOBOX 'in_out_div';
2018-03-21 12:45:18 EXEC SPC_048_INPUT_OUTPUT_DETAIL_INQ1 'SY201701050003';
2018-03-21 12:47:12 EXEC SPC_048_INPUT_OUTPUT_DETAIL_ACT1 'U','SY201701050003','2','2018/01/01','10','so0004','remarks remarks','[{"in_out_detail_no":"1","item_cd ":"000004","serial_no ":"123456","in_out_qty ":"123456","remarks ":"detail remarks detail remarks detail remarks detail remarks detail remarks detail remarks detail remarks detail remarks detail remarks detail remarks detail remarks"}]','001','048_input_output_detail','192.168.5.206';
2018-03-21 12:47:40 EXEC SPC_COMPONENT_PRODUCT_FND '','','','','1','10';
2018-03-21 12:47:46 EXEC SPC_048_INPUT_OUTPUT_DETAIL_ACT1 'U','SY201701050003','2','2018/01/01','10','so0004','remarks remarks','[{"in_out_detail_no":"1","item_cd ":"000004","serial_no ":"123456","in_out_qty ":"123456","remarks ":"detail remarks detail remarks detail remarks detail remarks detail remarks detail remarks detail remarks detail remarks detail remarks detail remarks detail remarks"}]','001','048_input_output_detail','192.168.5.206';
2018-03-21 12:48:41 EXEC SPC_COMPONENT_PRODUCT_FND '','','1','','1','10';
2018-03-21 12:48:44 EXEC SPC_COMPONENT_PRODUCT_FND '','','','1','1','10';
2018-03-21 12:48:49 EXEC SPC_048_INPUT_OUTPUT_DETAIL_ACT1 'U','SY201701050003','2','2018/01/01','10','so0004','remarks remarks','[{"in_out_detail_no":"1","item_cd ":"000121","serial_no ":"123456","in_out_qty ":"123456","remarks ":"detail remarks detail remarks detail remarks detail remarks detail remarks detail remarks detail remarks detail remarks detail remarks detail remarks detail remarks"}]','001','048_input_output_detail','192.168.5.206';
2018-03-21 12:50:07 EXEC SPC_048_INPUT_OUTPUT_DETAIL_ACT1 'U','SY201701050003','2','2018/01/01','10','so0004','remarks remarks','[{"in_out_detail_no":"1","item_cd ":"000121","serial_no ":"123456","in_out_qty ":"123456","remarks ":"detail remarks detail remarks detail remarks detail remarks detail remarks detail remarks detail remarks detail remarks detail remarks detail remarks detail remarks"}]','001','048_input_output_detail','192.168.5.206';
2018-03-21 12:50:29 EXEC SPC_048_INPUT_OUTPUT_DETAIL_ACT1 'U','SY201701050003','2','2018/01/01','10','so0004','remarks remarks','[{"in_out_detail_no":"1","item_cd ":"000121","serial_no ":"123456","in_out_qty ":"123456","remarks ":"detail remarks detail remarks detail remarks detail remarks detail remarks detail remarks detail remarks detail remarks detail remarks detail remarks detail remarks"}]','001','048_input_output_detail','192.168.5.206';
2018-03-21 13:07:40 EXEC SPC_COM_GET_COMBOBOX 'in_out_div';
2018-03-21 13:07:41 EXEC SPC_COM_GET_COMBOBOX 'in_out_data_div';
2018-03-21 13:07:41 EXEC SPC_048_INPUT_OUTPUT_DETAIL_INQ1 'SY201701050003';
2018-03-21 13:08:50 EXEC SPC_COMPONENT_PRODUCT_FND '','','1','','1','10';
2018-03-21 13:21:06 EXEC SPC_COMPONENT_PRODUCT_FND '','','','','1','10';
2018-03-21 13:21:09 EXEC SPC_COMPONENT_PRODUCT_FND '','','1','','1','10';
2018-03-21 13:21:18 EXEC SPC_048_INPUT_OUTPUT_DETAIL_ACT1 'U','SY201701050003','2','2018/01/01','10','so0004','remarks','[{"in_out_detail_no":"1","item_cd":"000004","serial_no":"123456","in_out_qty":"123456","remarks":"detail remarks detail remarks detail remarks detail remarks detail remarks detail remarks detail remarks detail remarks detail remarks detail remarks detail remarks"},{"in_out_detail_no":"2","item_cd":"000004","serial_no":"123456","in_out_qty":"10","remarks":"detail remarks detail remarks detail remarks detail remarks detail remarks detail remarks detail remarks detail remarks detail remarks detail remarks detail remarks"}]','001','048_input_output_detail','192.168.5.206';
2018-03-21 13:21:19 EXEC SPC_048_INPUT_OUTPUT_DETAIL_INQ1 'SY201701050003';
2018-03-21 13:23:43 EXEC SPC_COM_GET_COMBOBOX 'in_out_div';
2018-03-21 13:23:44 EXEC SPC_048_INPUT_OUTPUT_DETAIL_INQ1 'SY201701050003';
2018-03-21 13:23:44 EXEC SPC_COM_GET_COMBOBOX 'in_out_data_div';
2018-03-21 13:24:36 EXEC SPC_COM_GET_COMBOBOX 'in_out_div';
2018-03-21 13:24:36 EXEC SPC_COM_GET_COMBOBOX 'in_out_data_div';
2018-03-21 13:24:39 EXEC SPC_048_INPUT_OUTPUT_DETAIL_INQ1 'SY201701050002';
2018-03-21 13:26:22 EXEC SPC_COM_GET_COMBOBOX 'in_out_div';
2018-03-21 13:26:22 EXEC SPC_COM_GET_COMBOBOX 'in_out_data_div';
2018-03-21 13:26:22 EXEC SPC_048_INPUT_OUTPUT_DETAIL_INQ1 'SY201701050002';
2018-03-21 13:28:13 EXEC SPC_COM_GET_COMBOBOX 'in_out_data_div';
2018-03-21 13:28:13 EXEC SPC_048_INPUT_OUTPUT_DETAIL_INQ1 'SY201701050002';
2018-03-21 13:28:13 EXEC SPC_COM_GET_COMBOBOX 'in_out_div';
2018-03-21 13:35:24 EXEC SPC_COM_GET_COMBOBOX 'in_out_div';
2018-03-21 13:35:25 EXEC SPC_COM_GET_COMBOBOX 'in_out_data_div';
2018-03-21 13:35:28 EXEC SPC_COM_GET_COMBOBOX 'in_out_data_div';
2018-03-21 13:35:28 EXEC SPC_COM_GET_COMBOBOX 'in_out_div';
2018-03-21 13:36:06 EXEC SPC_WAREHOUSE_SEARCH '','','1','10';
2018-03-21 13:36:15 EXEC SPC_COMPONENT_PRODUCT_FND '','','1','','1','10';
2018-03-21 13:37:19 EXEC SPC_COM_GET_COMBOBOX 'in_out_div';
2018-03-21 13:37:19 EXEC SPC_COM_GET_COMBOBOX 'in_out_data_div';
2018-03-21 13:37:26 EXEC SPC_WAREHOUSE_SEARCH '','','1','10';
2018-03-21 13:37:33 EXEC SPC_COMPONENT_PRODUCT_FND '','','1','','1','10';
2018-03-21 13:38:14 EXEC SPC_COM_GET_COMBOBOX 'in_out_div';
2018-03-21 13:38:14 EXEC SPC_COM_GET_COMBOBOX 'in_out_data_div';
2018-03-21 13:38:22 EXEC SPC_WAREHOUSE_SEARCH '','','1','10';
2018-03-21 13:38:27 EXEC SPC_COMPONENT_PRODUCT_FND '','','','','1','10';
2018-03-21 13:39:30 EXEC SPC_COM_GET_COMBOBOX 'in_out_data_div';
2018-03-21 13:39:30 EXEC SPC_COM_GET_COMBOBOX 'in_out_div';
2018-03-21 13:39:38 EXEC SPC_WAREHOUSE_SEARCH '','','1','10';
2018-03-21 13:39:44 EXEC SPC_COMPONENT_PRODUCT_FND '','','','','1','10';
2018-03-21 13:39:49 EXEC SPC_COMPONENT_PRODUCT_FND '','','','','1','10';
2018-03-21 13:39:52 EXEC SPC_COMPONENT_PRODUCT_FND '','','1','','1','10';
2018-03-21 13:40:54 EXEC SPC_COM_GET_COMBOBOX 'in_out_div';
2018-03-21 13:40:54 EXEC SPC_COM_GET_COMBOBOX 'in_out_data_div';
2018-03-21 13:41:00 EXEC SPC_WAREHOUSE_SEARCH '','','1','10';
2018-03-21 13:41:07 EXEC SPC_COMPONENT_PRODUCT_FND '','','','','1','10';
2018-03-21 13:41:13 EXEC SPC_048_INPUT_OUTPUT_DETAIL_ACT1 'I','','2','2018/03/17','00','so0004','備考','[{"in_out_detail_no":"1","item_cd":"000112","serial_no":"","in_out_qty":"10","remarks":"10"}]','001','048_input_output_detail','192.168.5.206';
2018-03-21 13:41:14 EXEC SPC_048_INPUT_OUTPUT_DETAIL_INQ1 'SY201803210001';
2018-03-21 13:42:00 EXEC SPC_048_INPUT_OUTPUT_DETAIL_ACT1 'I','','2','2018/03/17','00','so0004','備考','[{"in_out_detail_no":"1","item_cd":"000112","serial_no":"","in_out_qty":"10","remarks":"10"}]','001','048_input_output_detail','192.168.5.206';
2018-03-21 13:42:01 EXEC SPC_048_INPUT_OUTPUT_DETAIL_INQ1 'SY201803210002';
2018-03-21 13:48:11 EXEC SPC_COM_GET_COMBOBOX 'in_out_div';
2018-03-21 13:48:12 EXEC SPC_COM_GET_COMBOBOX 'in_out_data_div';
2018-03-21 13:48:23 EXEC SPC_WAREHOUSE_SEARCH '','','1','10';
2018-03-21 13:48:28 EXEC SPC_COMPONENT_PRODUCT_FND '','','','','1','10';
2018-03-21 13:48:31 EXEC SPC_COMPONENT_PRODUCT_FND '','','1','','1','10';
2018-03-21 13:48:38 EXEC SPC_048_INPUT_OUTPUT_DETAIL_ACT1 'I','','2','2018/03/09','00','so0004','備考','[{"in_out_detail_no":"1","item_cd":"0003","serial_no":"","in_out_qty":"10","remarks":"10"}]','001','048_input_output_detail','192.168.5.206';
2018-03-21 13:48:39 EXEC SPC_048_INPUT_OUTPUT_DETAIL_INQ1 'SY201803210003';
2018-03-21 13:49:02 EXEC SPC_048_INPUT_OUTPUT_DETAIL_ACT1 'I','SY201803210003','2','','00','so0004','備考','[{"in_out_detail_no":"1","item_cd":"0003","serial_no":"","in_out_qty":"10","remarks":"10"}]','001','048_input_output_detail','192.168.5.206';
2018-03-21 13:49:03 EXEC SPC_048_INPUT_OUTPUT_DETAIL_INQ1 'SY201803210004';
2018-03-21 13:49:35 EXEC SPC_COM_GET_COMBOBOX 'in_out_div';
2018-03-21 13:49:35 EXEC SPC_COM_GET_COMBOBOX 'in_out_data_div';
2018-03-21 13:49:37 EXEC SPC_COM_GET_COMBOBOX 'in_out_div';
2018-03-21 13:49:37 EXEC SPC_COM_GET_COMBOBOX 'in_out_data_div';
2018-03-21 13:49:38 EXEC SPC_049_INPUT_OUTPUT_FND1 '','','','','','','','1','10';
2018-03-21 13:49:46 EXEC SPC_048_INPUT_OUTPUT_DETAIL_INQ1 'SY201803210004';
2018-03-21 13:58:04 EXEC SPC_COM_GET_COMBOBOX 'in_out_div';
2018-03-21 13:58:05 EXEC SPC_COM_GET_COMBOBOX 'in_out_data_div';
2018-03-21 13:58:07 EXEC SPC_COM_GET_COMBOBOX 'in_out_data_div';
2018-03-21 13:58:16 EXEC SPC_WAREHOUSE_SEARCH '','','1','10';
2018-03-21 13:58:21 EXEC SPC_COMPONENT_PRODUCT_FND '','','','','1','10';
2018-03-21 13:58:24 EXEC SPC_COMPONENT_PRODUCT_FND '','','1','','1','10';
2018-03-21 13:58:32 EXEC SPC_COMPONENT_PRODUCT_FND '','','','','1','10';
2018-03-21 13:58:36 EXEC SPC_COMPONENT_PRODUCT_FND '','','1','','1','10';
2018-03-21 13:58:55 EXEC SPC_048_INPUT_OUTPUT_DETAIL_ACT1 'I','','2','2018/03/31','00','so0002','備考','[{"in_out_detail_no":"1","item_cd":"000112","serial_no":"","in_out_qty":"10","remarks":"\u5099\u80031"},{"in_out_detail_no":"2","item_cd":"000112","serial_no":"","in_out_qty":"20","remarks":"\u5099\u80031"}]','001','048_input_output_detail','192.168.5.206';
2018-03-21 13:58:56 EXEC SPC_048_INPUT_OUTPUT_DETAIL_INQ1 'SY201803210005';
2018-03-21 13:59:05 EXEC SPC_COMPONENT_PRODUCT_FND '','','','','1','10';
2018-03-21 13:59:09 EXEC SPC_COMPONENT_PRODUCT_FND '','','','','1','10';
2018-03-21 13:59:21 EXEC SPC_048_INPUT_OUTPUT_DETAIL_ACT1 'I','SY201803210005','2','2018/03/31','00','so0002','備考','[{"in_out_detail_no":"1","item_cd":"000112","serial_no":"","in_out_qty":"10","remarks":"\u5099\u80031"},{"in_out_detail_no":"2","item_cd":"000112","serial_no":"","in_out_qty":"20","remarks":"\u5099\u80031"},{"in_out_detail_no":"3","item_cd":"000112","serial_no":"","in_out_qty":"20","remarks":"\u5099\u80031"}]','001','048_input_output_detail','192.168.5.206';
2018-03-21 13:59:23 EXEC SPC_048_INPUT_OUTPUT_DETAIL_INQ1 'SY201803210006';
2018-03-21 14:00:39 EXEC SPC_COM_GET_COMBOBOX 'in_out_div';
2018-03-21 14:00:39 EXEC SPC_COM_GET_COMBOBOX 'in_out_data_div';
2018-03-21 14:57:30 EXEC SPC_COM_GET_COMBOBOX 'in_out_data_div';
2018-03-21 14:57:30 EXEC SPC_COM_GET_COMBOBOX 'in_out_div';
2018-03-21 15:12:47 EXEC SPC_COM_GET_COMBOBOX 'in_out_div';
2018-03-21 15:12:47 EXEC SPC_COM_GET_COMBOBOX 'in_out_data_div';
2018-03-21 15:13:14 EXEC SPC_COM_GET_COMBOBOX 'in_out_data_div';
2018-03-21 15:13:14 EXEC SPC_COM_GET_COMBOBOX 'in_out_div';
2018-03-21 15:13:17 EXEC SPC_049_INPUT_OUTPUT_FND1 '','','','','','','','1','10';
2018-03-21 15:13:24 EXEC SPC_COM_GET_COMBOBOX 'in_out_div';
2018-03-21 15:13:24 EXEC SPC_COM_GET_COMBOBOX 'in_out_data_div';
2018-03-21 15:13:27 EXEC SPC_COM_GET_COMBOBOX 'in_out_data_div';
2018-03-21 15:13:27 EXEC SPC_COM_GET_COMBOBOX 'in_out_div';
2018-03-21 15:13:28 EXEC SPC_049_INPUT_OUTPUT_FND1 '','','','','','','','1','10';
2018-03-21 15:13:28 EXEC SPC_049_INPUT_OUTPUT_FND1 '','','','','','','','1','10';
2018-03-21 15:13:31 EXEC SPC_COM_GET_COMBOBOX 'in_out_div';
2018-03-21 15:13:31 EXEC SPC_COM_GET_COMBOBOX 'in_out_data_div';
2018-03-21 15:13:32 EXEC SPC_048_INPUT_OUTPUT_DETAIL_INQ1 'SY201701050002';
2018-03-21 15:13:35 EXEC SPC_COM_GET_COMBOBOX 'in_out_data_div';
2018-03-21 15:13:35 EXEC SPC_COM_GET_COMBOBOX 'in_out_div';
2018-03-21 15:13:36 EXEC SPC_049_INPUT_OUTPUT_FND1 '','','','','','','','1','10';
2018-03-21 15:13:39 EXEC SPC_048_INPUT_OUTPUT_DETAIL_INQ1 'SY201803210006';
2018-03-21 15:32:01 EXEC SPC_COM_GET_COMBOBOX 'in_out_div';
2018-03-21 15:32:02 EXEC SPC_COM_GET_COMBOBOX 'in_out_data_div';
2018-03-21 15:32:02 EXEC SPC_048_INPUT_OUTPUT_DETAIL_INQ1 'SY201803210006';
2018-03-21 15:32:10 EXEC SPC_048_INPUT_OUTPUT_DETAIL_ACT1 'U','SY201803210006','2','2018/03/31','00','so0002','備考','[{"in_out_detail_no":"1","item_cd":"000112","serial_no":"","in_out_qty":"10","remarks":"\u5099\u80031"},{"in_out_detail_no":"2","item_cd":"000112","serial_no":"","in_out_qty":"20","remarks":"\u5099\u80031"},{"in_out_detail_no":"3","item_cd":"000112","serial_no":"","in_out_qty":"20","remarks":"\u5099\u80031"}]','001','048_input_output_detail','192.168.5.206';
2018-03-21 15:32:12 EXEC SPC_048_INPUT_OUTPUT_DETAIL_INQ1 'SY201803210006';
2018-03-21 15:32:33 EXEC SPC_COM_GET_COMBOBOX 'in_out_div';
2018-03-21 15:32:33 EXEC SPC_COM_GET_COMBOBOX 'in_out_data_div';
2018-03-21 15:32:33 EXEC SPC_048_INPUT_OUTPUT_DETAIL_INQ1 'SY201803210006';
2018-03-21 15:37:56 EXEC SPC_COM_GET_COMBOBOX 'in_out_div';
2018-03-21 15:37:56 EXEC SPC_COM_GET_COMBOBOX 'in_out_data_div';
2018-03-21 15:37:56 EXEC SPC_048_INPUT_OUTPUT_DETAIL_INQ1 'SY201803210006';
2018-03-21 15:38:45 EXEC SPC_COM_GET_COMBOBOX 'in_out_div';
2018-03-21 15:38:45 EXEC SPC_COM_GET_COMBOBOX 'in_out_data_div';
2018-03-21 15:38:48 EXEC SPC_COM_GET_COMBOBOX 'in_out_data_div';
2018-03-21 15:38:48 EXEC SPC_COM_GET_COMBOBOX 'in_out_div';
2018-03-21 15:38:56 EXEC SPC_WAREHOUSE_SEARCH '','','1','10';
2018-03-21 15:39:04 EXEC SPC_COMPONENT_PRODUCT_FND '','','','','1','10';
2018-03-21 15:39:06 EXEC SPC_COMPONENT_PRODUCT_FND '','','1','','1','10';
2018-03-21 15:39:16 EXEC SPC_COMPONENT_PRODUCT_FND '','','','','1','10';
2018-03-21 15:39:18 EXEC SPC_COMPONENT_PRODUCT_FND '','','1','','1','10';
2018-03-21 15:39:27 EXEC SPC_COMPONENT_PRODUCT_FND '','','1','','1','10';
2018-03-21 15:40:00 EXEC SPC_COMPONENT_PRODUCT_FND '','','','','1','10';
2018-03-21 15:40:49 EXEC SPC_COM_GET_COMBOBOX 'in_out_div';
2018-03-21 15:40:49 EXEC SPC_COM_GET_COMBOBOX 'in_out_data_div';
2018-03-21 15:40:59 EXEC SPC_WAREHOUSE_SEARCH '','','1','10';
2018-03-21 15:41:10 EXEC SPC_COMPONENT_PRODUCT_FND '','','1','','1','10';
2018-03-21 15:41:20 EXEC SPC_COMPONENT_PRODUCT_FND '','','1','','1','10';
2018-03-21 15:41:31 EXEC SPC_COMPONENT_PRODUCT_FND '','','1','','1','10';
2018-03-21 15:42:39 EXEC SPC_COM_GET_COMBOBOX 'in_out_data_div';
2018-03-21 15:42:40 EXEC SPC_COM_GET_COMBOBOX 'in_out_div';
2018-03-21 15:42:47 EXEC SPC_WAREHOUSE_SEARCH '','','1','10';
2018-03-21 15:42:53 EXEC SPC_COMPONENT_PRODUCT_FND '','','','','1','10';
2018-03-21 15:42:55 EXEC SPC_COMPONENT_PRODUCT_FND '','','1','','1','10';
2018-03-21 15:43:05 EXEC SPC_COMPONENT_PRODUCT_FND '','','1','','1','10';
2018-03-21 15:43:49 EXEC SPC_COM_GET_COMBOBOX 'in_out_div';
2018-03-21 15:43:49 EXEC SPC_COM_GET_COMBOBOX 'in_out_data_div';
2018-03-21 15:43:55 EXEC SPC_WAREHOUSE_SEARCH '','','1','10';
2018-03-21 15:44:03 EXEC SPC_COMPONENT_PRODUCT_FND '','','1','','1','10';
2018-03-21 15:44:12 EXEC SPC_COMPONENT_PRODUCT_FND '','','1','','1','10';
2018-03-21 15:44:20 EXEC SPC_COMPONENT_PRODUCT_FND '','','','','1','10';
2018-03-21 15:45:17 EXEC SPC_COM_GET_COMBOBOX 'in_out_div';
2018-03-21 15:45:17 EXEC SPC_COM_GET_COMBOBOX 'in_out_data_div';
2018-03-21 15:45:25 EXEC SPC_WAREHOUSE_SEARCH '','','1','10';
2018-03-21 15:45:31 EXEC SPC_COMPONENT_PRODUCT_FND '','','','','1','10';
2018-03-21 15:45:34 EXEC SPC_COMPONENT_PRODUCT_FND '','','1','','1','10';
2018-03-21 15:45:44 EXEC SPC_COMPONENT_PRODUCT_FND '','','1','','1','10';
2018-03-21 15:45:54 EXEC SPC_COMPONENT_PRODUCT_FND '','','1','','1','10';
2018-03-21 15:46:28 EXEC SPC_COMPONENT_PRODUCT_FND '','','','','1','10';
2018-03-21 15:46:43 EXEC SPC_COMPONENT_PRODUCT_FND '','','1','','1','10';
2018-03-21 15:47:00 EXEC SPC_COMPONENT_PRODUCT_FND '','','','','1','10';
2018-03-21 15:48:44 EXEC SPC_COM_GET_COMBOBOX 'in_out_div';
2018-03-21 15:48:44 EXEC SPC_COM_GET_COMBOBOX 'in_out_data_div';
2018-03-21 15:48:51 EXEC SPC_WAREHOUSE_SEARCH '','','1','10';
2018-03-21 15:48:56 EXEC SPC_COMPONENT_PRODUCT_FND '','','','','1','10';
2018-03-21 15:48:58 EXEC SPC_COMPONENT_PRODUCT_FND '','','1','','1','10';
2018-03-21 15:49:05 EXEC SPC_COMPONENT_PRODUCT_FND '','','','','1','10';
2018-03-21 15:49:24 EXEC SPC_COMPONENT_PRODUCT_FND '','','','','1','10';
2018-03-21 15:49:41 EXEC SPC_COMPONENT_PRODUCT_FND '','','1','','1','10';
2018-03-21 15:50:57 EXEC SPC_COMPONENT_PRODUCT_FND '','','1','','1','10';
2018-03-21 15:51:24 EXEC SPC_COM_GET_COMBOBOX 'in_out_div';
2018-03-21 15:51:24 EXEC SPC_COM_GET_COMBOBOX 'in_out_data_div';
2018-03-21 15:51:31 EXEC SPC_COMPONENT_PRODUCT_FND '','','','','1','10';
2018-03-21 15:51:33 EXEC SPC_COMPONENT_PRODUCT_FND '','','1','','1','10';
2018-03-21 15:51:43 EXEC SPC_COM_GET_COMBOBOX 'in_out_data_div';
2018-03-21 15:51:43 EXEC SPC_COM_GET_COMBOBOX 'in_out_div';
2018-03-21 15:51:51 EXEC SPC_WAREHOUSE_SEARCH '','','1','10';
2018-03-21 15:51:57 EXEC SPC_COMPONENT_PRODUCT_FND '','','','','1','10';
2018-03-21 15:52:00 EXEC SPC_COMPONENT_PRODUCT_FND '','','1','','1','10';
2018-03-21 15:52:24 EXEC SPC_COM_GET_COMBOBOX 'in_out_div';
2018-03-21 15:52:24 EXEC SPC_COM_GET_COMBOBOX 'in_out_data_div';
2018-03-21 15:52:31 EXEC SPC_WAREHOUSE_SEARCH '','','1','10';
2018-03-21 15:52:38 EXEC SPC_COMPONENT_PRODUCT_FND '','','','','1','10';
2018-03-21 15:52:41 EXEC SPC_COMPONENT_PRODUCT_FND '','','1','','1','10';
2018-03-21 15:52:50 EXEC SPC_COMPONENT_PRODUCT_FND '','','','','1','10';
2018-03-21 15:52:52 EXEC SPC_COMPONENT_PRODUCT_FND '','','1','','1','10';
2018-03-21 15:55:23 EXEC SPC_COM_GET_COMBOBOX 'in_out_div';
2018-03-21 15:55:23 EXEC SPC_COM_GET_COMBOBOX 'in_out_data_div';
2018-03-21 15:55:35 EXEC SPC_WAREHOUSE_SEARCH '','','1','10';
2018-03-21 15:55:41 EXEC SPC_COMPONENT_PRODUCT_FND '','','','','1','10';
2018-03-21 15:55:43 EXEC SPC_COMPONENT_PRODUCT_FND '','','1','','1','10';
2018-03-21 15:55:54 EXEC SPC_COMPONENT_PRODUCT_FND '','','1','','1','10';
2018-03-21 15:56:07 EXEC SPC_COMPONENT_PRODUCT_FND '','','','','1','10';
2018-03-21 15:56:10 EXEC SPC_COMPONENT_PRODUCT_FND '','','1','','1','10';
2018-03-21 15:56:21 EXEC SPC_COMPONENT_PRODUCT_FND '','','1','','1','10';
2018-03-21 15:56:23 EXEC SPC_COMPONENT_PRODUCT_FND '','','1','','18','10';
2018-03-21 15:58:01 EXEC SPC_COMPONENT_PRODUCT_FND '','','','','1','10';
2018-03-21 16:02:26 EXEC SPC_COM_GET_COMBOBOX 'in_out_div';
2018-03-21 16:02:26 EXEC SPC_COM_GET_COMBOBOX 'in_out_data_div';
2018-03-21 16:02:38 EXEC SPC_WAREHOUSE_SEARCH '','','1','10';
2018-03-21 16:02:42 EXEC SPC_COMPONENT_PRODUCT_FND '','','','','1','10';
2018-03-21 16:02:44 EXEC SPC_COMPONENT_PRODUCT_FND '','','1','','1','10';
2018-03-21 16:02:45 EXEC SPC_048_INPUT_OUTPUT_DETAIL_INQ2 '000004';
2018-03-21 16:02:57 EXEC SPC_COMPONENT_PRODUCT_FND '','','1','','1','10';
2018-03-21 16:03:00 EXEC SPC_048_INPUT_OUTPUT_DETAIL_INQ2 '000113';
2018-03-21 16:03:07 EXEC SPC_COMPONENT_PRODUCT_FND '','','','','1','10';
2018-03-21 16:03:09 EXEC SPC_048_INPUT_OUTPUT_DETAIL_INQ2 '000113';
2018-03-21 16:05:26 EXEC SPC_COM_GET_COMBOBOX 'in_out_div';
2018-03-21 16:05:26 EXEC SPC_COM_GET_COMBOBOX 'in_out_data_div';
2018-03-21 16:06:14 EXEC SPC_COMPONENT_PRODUCT_FND '','','','','1','10';
2018-03-21 16:06:16 EXEC SPC_048_INPUT_OUTPUT_DETAIL_INQ2 '000113';
2018-03-21 16:06:25 EXEC SPC_COMPONENT_PRODUCT_FND '','','','','1','10';
2018-03-21 16:06:29 EXEC SPC_COMPONENT_PRODUCT_FND '','','1','','1','10';
2018-03-21 16:06:30 EXEC SPC_048_INPUT_OUTPUT_DETAIL_INQ2 '000113';
2018-03-21 16:09:41 EXEC SPC_073_LOGIN_ACT1 '001','123456';
2018-03-21 16:09:41 EXEC SPC_GET_CONSTANT '';
2018-03-21 16:09:58 EXEC SPC_COM_GET_COMBOBOX 'in_out_div';
2018-03-21 16:09:58 EXEC SPC_COM_GET_COMBOBOX 'in_out_data_div';
2018-03-21 16:10:02 EXEC SPC_COM_GET_COMBOBOX 'in_out_div';
2018-03-21 16:10:02 EXEC SPC_COM_GET_COMBOBOX 'in_out_data_div';
2018-03-21 16:10:09 EXEC SPC_WAREHOUSE_SEARCH '','','1','10';
2018-03-21 16:10:17 EXEC SPC_COMPONENT_PRODUCT_FND '','','1','','1','10';
2018-03-21 16:10:18 EXEC SPC_048_INPUT_OUTPUT_DETAIL_INQ2 '000004';
2018-03-21 16:10:23 EXEC SPC_COMPONENT_PRODUCT_FND '','','1','','1','10';
2018-03-21 16:10:27 EXEC SPC_048_INPUT_OUTPUT_DETAIL_INQ2 '000113';
2018-03-21 16:10:34 EXEC SPC_048_INPUT_OUTPUT_DETAIL_INQ2 '000113';
2018-03-21 16:12:04 EXEC SPC_COMPONENT_PRODUCT_FND '','','','','1','10';
2018-03-21 16:12:06 EXEC SPC_048_INPUT_OUTPUT_DETAIL_INQ2 '000113';
2018-03-21 16:12:45 EXEC SPC_048_INPUT_OUTPUT_DETAIL_ACT1 'I','','5','2018/03/21','00','so0004','備考','[{"in_out_detail_no":"1","item_cd":"000113","serial_no":"10","in_out_qty":"10","remarks":"10"},{"in_out_detail_no":"2","item_cd":"000113","serial_no":"22","in_out_qty":"10","remarks":"10"},{"in_out_detail_no":"3","item_cd":"000113","serial_no":"111","in_out_qty":"10","remarks":""}]','001','048_input_output_detail','192.168.5.206';
2018-03-21 16:12:46 EXEC SPC_048_INPUT_OUTPUT_DETAIL_INQ1 'SY201803210007';
2018-03-21 16:14:32 EXEC SPC_COM_GET_COMBOBOX 'in_out_div';
2018-03-21 16:14:32 EXEC SPC_COM_GET_COMBOBOX 'in_out_data_div';
2018-03-21 16:14:37 EXEC SPC_WAREHOUSE_SEARCH '','','1','10';
2018-03-21 16:14:41 EXEC SPC_COMPONENT_PRODUCT_FND '','','','','1','10';
2018-03-21 16:14:43 EXEC SPC_048_INPUT_OUTPUT_DETAIL_INQ2 '000113';
2018-03-21 16:14:49 EXEC SPC_COMPONENT_PRODUCT_FND '','','','','1','10';
2018-03-21 16:14:50 EXEC SPC_048_INPUT_OUTPUT_DETAIL_INQ2 '000114';
2018-03-21 16:14:55 EXEC SPC_048_INPUT_OUTPUT_DETAIL_ACT1 'I','','5','','00','so0004','','[{"in_out_detail_no":"1","item_cd":"000113","serial_no":"10","in_out_qty":"0","remarks":""},{"in_out_detail_no":"2","item_cd":"000114","serial_no":"10","in_out_qty":"10","remarks":""}]','001','048_input_output_detail','192.168.5.206';
2018-03-21 16:14:56 EXEC SPC_048_INPUT_OUTPUT_DETAIL_INQ1 'SY201803210008';
2018-03-21 16:15:05 EXEC SPC_048_INPUT_OUTPUT_DETAIL_ACT1 'I','SY201803210008','5','2018/03/21','00','so0004','','[{"in_out_detail_no":"1","item_cd":"000113","serial_no":"10","in_out_qty":"11111","remarks":""},{"in_out_detail_no":"2","item_cd":"000114","serial_no":"10","in_out_qty":"10","remarks":""}]','001','048_input_output_detail','192.168.5.206';
2018-03-21 16:15:06 EXEC SPC_048_INPUT_OUTPUT_DETAIL_INQ1 'SY201803210009';
2018-03-21 16:15:12 EXEC SPC_COMPONENT_PRODUCT_FND '','','','','1','10';
2018-03-21 16:15:14 EXEC SPC_048_INPUT_OUTPUT_DETAIL_INQ2 '000113';
2018-03-21 16:23:24 EXEC SPC_COM_GET_COMBOBOX 'in_out_div';
2018-03-21 16:23:24 EXEC SPC_COM_GET_COMBOBOX 'in_out_data_div';
2018-03-21 16:48:03 EXEC SPC_WAREHOUSE_SEARCH '','','1','10';
2018-03-21 16:48:06 EXEC SPC_COMPONENT_PRODUCT_FND '','','','','1','10';
2018-03-21 16:48:08 EXEC SPC_048_INPUT_OUTPUT_DETAIL_INQ2 '000121';
2018-03-21 16:48:16 EXEC SPC_048_INPUT_OUTPUT_DETAIL_ACT1 'I','','5','2018/03/14','00','so0004','','[{"in_out_detail_no":"1","item_cd":"000121","serial_no":"","in_out_qty":"1111111","remarks":"10"}]','001','048_input_output_detail','192.168.5.206';
2018-03-21 16:48:21 EXEC SPC_COMPONENT_PRODUCT_FND '','','1','','1','10';
2018-03-21 16:48:23 EXEC SPC_048_INPUT_OUTPUT_DETAIL_INQ2 '000004';
2018-03-21 16:48:26 EXEC SPC_048_INPUT_OUTPUT_DETAIL_ACT1 'I','','5','2018/03/14','00','so0004','','[{"in_out_detail_no":"1","item_cd":"000004","serial_no":"","in_out_qty":"1111111","remarks":"10"}]','001','048_input_output_detail','192.168.5.206';
2018-03-21 16:48:27 EXEC SPC_048_INPUT_OUTPUT_DETAIL_INQ1 'SY201803210010';
2018-03-21 16:48:46 EXEC SPC_COM_GET_COMBOBOX 'shipment_div';
2018-03-21 16:48:47 EXEC SPC_COM_GET_COMBOBOX 'unit_q_div';
2018-03-21 16:48:47 EXEC SPC_COM_GET_COMBOBOX 'port_country_div';
2018-03-21 16:48:47 EXEC SPC_COM_GET_COMBOBOX 'currency_div';
2018-03-21 16:48:47 EXEC SPC_COM_GET_COMBOBOX 'port_city_div';
2018-03-21 16:48:47 EXEC SPC_COM_GET_COMBOBOX 'trade_terms_div';
2018-03-21 16:48:47 EXEC SPC_COM_GET_COMBOBOX 'unit_m_div';
2018-03-21 16:48:47 EXEC SPC_COM_GET_COMBOBOX 'unit_w_div';
2018-03-21 16:48:48 EXEC SPC_COM_GET_COMBOBOX 'bank_div';
2018-03-21 16:48:48 EXEC SPC_GET_TAX_RATE '2018/03/21';
2018-03-21 16:48:48 EXEC SPC_COM_GET_COMBOBOX 'payment_conditions_div';
2018-03-21 16:48:48 EXEC SPC_COM_GET_COMBOBOX 'sales_detail_div';
2018-03-21 16:49:41 EXEC SPC_COM_GET_COMBOBOX 'in_out_div';
2018-03-21 16:49:41 EXEC SPC_COM_GET_COMBOBOX 'in_out_data_div';
2018-03-21 16:52:11 EXEC SPC_GET_LIB_WAREHOUSE '0002';
2018-03-21 16:54:24 EXEC SPC_COM_GET_COMBOBOX 'in_out_data_div';
2018-03-21 16:54:35 EXEC SPC_COM_GET_COMBOBOX 'in_out_div';
v';
2018-03-21 16:54:55 EXEC SPC_COM_GET_COMBOBOX 'in_out_div';
2018-03-21 16:54:55 EXEC SPC_COM_GET_COMBOBOX 'in_out_data_div';
2018-03-21 16:55:01 EXEC SPC_GET_LIB_WAREHOUSE '001';
2018-03-21 16:55:06 EXEC SPC_COMPONENT_PRODUCT_FND '','','','','1','10';
2018-03-21 16:55:09 EXEC SPC_COMPONENT_PRODUCT_FND '','','','1','1','10';
2018-03-21 16:55:10 EXEC SPC_048_INPUT_OUTPUT_DETAIL_INQ2 '000122';
2018-03-21 16:55:15 EXEC SPC_048_INPUT_OUTPUT_DETAIL_ACT1 'I','','5','2018/03/16','00','001','備考','[{"in_out_detail_no":"1","item_cd":"000122","serial_no":"","in_out_qty":"10","remarks":"10"}]','001','048_input_output_detail','192.168.5.206';
2018-03-21 16:55:42 EXEC SPC_COM_GET_COMBOBOX 'in_out_data_div';
2018-03-21 16:55:42 EXEC SPC_COM_GET_COMBOBOX 'in_out_div';
2018-03-21 16:56:01 EXEC SPC_WAREHOUSE_SEARCH '','','1','10';
2018-03-21 16:56:11 EXEC SPC_COMPONENT_PRODUCT_FND '','','','','1','10';
2018-03-21 16:56:12 EXEC SPC_048_INPUT_OUTPUT_DETAIL_INQ2 '000111';
2018-03-21 16:56:18 EXEC SPC_GET_LIB_WAREHOUSE '001';
2018-03-21 16:56:20 EXEC SPC_048_INPUT_OUTPUT_DETAIL_ACT1 'I','','2','2018/03/21','00','001','備考','[{"in_out_detail_no":"1","item_cd":"000111","serial_no":"","in_out_qty":"10","remarks":"10"}]','001','048_input_output_detail','192.168.5.206';
2018-03-21 16:57:41 EXEC SPC_COM_GET_COMBOBOX 'in_out_div';
2018-03-21 16:57:41 EXEC SPC_COM_GET_COMBOBOX 'in_out_data_div';
2018-03-21 16:57:47 EXEC SPC_GET_LIB_WAREHOUSE '002';
2018-03-21 16:57:51 EXEC SPC_048_INPUT_OUTPUT_DETAIL_INQ2 '001';
2018-03-21 16:57:54 EXEC SPC_048_INPUT_OUTPUT_DETAIL_ACT1 'I','','5','2018/03/21','00','002','備考','[{"in_out_detail_no":"1","item_cd":"001","serial_no":"","in_out_qty":"10","remarks":"10"}]','001','048_input_output_detail','192.168.5.206';
