2018-05-30 10:40:33 EXEC SPC_073_LOGIN_ACT1 '001','123456';
2018-05-30 10:40:39 EXEC SPC_073_LOGIN_ACT1 '111','111';
2018-05-30 10:40:39 EXEC SPC_GET_CONSTANT '';
2018-05-30 10:42:00 EXEC SPC_GET_PERMISSION_AUTH '999','invoice-detail','view';
2018-05-30 10:42:00 EXEC SPC_COM_GET_COMBOBOX 'port_country_div';
2018-05-30 10:42:00 EXEC SPC_COM_GET_COMBOBOX 'port_city_div';
2018-05-30 10:42:00 EXEC SPC_COM_GET_COMBOBOX 'shipment_div';
2018-05-30 10:42:00 EXEC SPC_COM_GET_COMBOBOX 'currency_div';
2018-05-30 10:42:00 EXEC SPC_COM_GET_COMBOBOX 'trade_terms_div';
2018-05-30 10:42:00 EXEC SPC_COM_GET_COMBOBOX 'payment_conditions_div';
2018-05-30 10:42:00 EXEC SPC_COM_GET_COMBOBOX 'unit_q_div';
2018-05-30 10:42:00 EXEC SPC_COM_GET_COMBOBOX 'unit_w_div';
2018-05-30 10:42:00 EXEC SPC_COM_GET_COMBOBOX 'unit_m_div';
2018-05-30 10:42:00 EXEC SPC_COM_GET_COMBOBOX 'sales_detail_div';
2018-05-30 10:42:00 EXEC SPC_COM_GET_COMBOBOX 'storage_manager_div';
2018-05-30 10:42:01 EXEC SPC_GET_TAX_RATE '2018/05/30';
2018-05-30 10:42:06 EXEC SPC_GET_PERMISSION_AUTH '999','invoice-search','view';
2018-05-30 10:42:06 EXEC SPC_COM_GET_COMBOBOX 'inv_data_div';
2018-05-30 10:43:29 EXEC SPC_GET_PERMISSION_AUTH '999','popup-accept-search','view';
2018-05-30 10:43:29 EXEC SPC_COM_GET_COMBOBOX 'rcv_status_div';
2018-05-30 10:43:32 EXEC SPC_GET_PERMISSION_AUTH '999','popup-accept-search','search';
2018-05-30 10:43:32 EXEC SPC_006_ACCEPT_SEARCH_FND1 '','','','','','1','10';
2018-05-30 10:51:58 EXEC SPC_GET_PERMISSION_AUTH '999','invoice-search','search';
2018-05-30 10:51:58 EXEC SPC_015_INVOICE_SEARCH_FND1 '','','','J-18010001','','','','','1','10';
2018-05-30 10:52:02 EXEC SPC_GET_PERMISSION_AUTH '999','invoice-search','search';
2018-05-30 10:52:10 EXEC SPC_015_INVOICE_SEARCH_FND1 '','','','','','','','','1','10';
2018-05-30 11:08:55 EXEC SPC_GET_TAX_RATE '2018/05/30';
2018-05-30 11:09:01 EXEC SPC_GET_PERMISSION_AUTH '999','component-list-search','view';
2018-05-30 11:09:04 EXEC SPC_GET_PERMISSION_AUTH '999','component-list-detail','view';
2018-05-30 11:09:04 EXEC SPC_COM_GET_COMBOBOX 'unit_q_div';
2018-05-30 11:17:01 EXEC SPC_073_LOGIN_ACT1 '111','111';
2018-05-30 11:17:01 EXEC SPC_GET_CONSTANT '';
2018-05-30 11:17:02 EXEC SPC_GET_PERMISSION_AUTH '999','invoice-detail','view';
2018-05-30 11:17:02 EXEC SPC_COM_GET_COMBOBOX 'port_country_div';
2018-05-30 11:17:02 EXEC SPC_COM_GET_COMBOBOX 'port_city_div';
2018-05-30 11:17:02 EXEC SPC_COM_GET_COMBOBOX 'shipment_div';
2018-05-30 11:17:02 EXEC SPC_COM_GET_COMBOBOX 'currency_div';
2018-05-30 11:17:02 EXEC SPC_COM_GET_COMBOBOX 'trade_terms_div';
2018-05-30 11:17:02 EXEC SPC_COM_GET_COMBOBOX 'payment_conditions_div';
2018-05-30 11:17:02 EXEC SPC_COM_GET_COMBOBOX 'unit_q_div';
2018-05-30 11:17:02 EXEC SPC_COM_GET_COMBOBOX 'unit_w_div';
2018-05-30 11:17:02 EXEC SPC_COM_GET_COMBOBOX 'unit_m_div';
2018-05-30 11:17:02 EXEC SPC_COM_GET_COMBOBOX 'sales_detail_div';
2018-05-30 11:17:02 EXEC SPC_COM_GET_COMBOBOX 'storage_manager_div';
2018-05-30 11:17:09 EXEC SPC_GET_TAX_RATE '2018/05/30';
2018-05-30 11:17:42 EXEC SPC_GET_PERMISSION_AUTH '999','invoice-search','view';
2018-05-30 11:17:42 EXEC SPC_COM_GET_COMBOBOX 'inv_data_div';
2018-05-30 11:34:51 EXEC SPC_GET_PERMISSION_AUTH '999','invoice-detail','view';
2018-05-30 11:34:51 EXEC SPC_COM_GET_COMBOBOX 'port_country_div';
2018-05-30 11:34:51 EXEC SPC_COM_GET_COMBOBOX 'port_city_div';
2018-05-30 11:34:51 EXEC SPC_COM_GET_COMBOBOX 'shipment_div';
2018-05-30 11:34:51 EXEC SPC_COM_GET_COMBOBOX 'currency_div';
2018-05-30 11:34:51 EXEC SPC_COM_GET_COMBOBOX 'trade_terms_div';
2018-05-30 11:34:51 EXEC SPC_COM_GET_COMBOBOX 'payment_conditions_div';
2018-05-30 11:34:51 EXEC SPC_COM_GET_COMBOBOX 'unit_q_div';
2018-05-30 11:34:51 EXEC SPC_COM_GET_COMBOBOX 'unit_w_div';
2018-05-30 11:34:51 EXEC SPC_COM_GET_COMBOBOX 'unit_m_div';
2018-05-30 11:34:51 EXEC SPC_COM_GET_COMBOBOX 'sales_detail_div';
2018-05-30 11:34:51 EXEC SPC_COM_GET_COMBOBOX 'storage_manager_div';
2018-05-30 11:34:53 EXEC SPC_GET_TAX_RATE '2018/05/30';
2018-05-30 11:35:39 EXEC SPC_GET_PERMISSION_AUTH '999','popup-city-search','view';
2018-05-30 11:35:41 EXEC SPC_GET_PERMISSION_AUTH '999','popup-city-search','search';
2018-05-30 11:35:41 EXEC SPC_CITY_SEARCH '','','1','10';
2018-05-30 11:35:43 EXEC SPC_GET_LIB_CITY_COUNTRY '003';
2018-05-30 11:50:41 EXEC SPC_GET_PERMISSION_AUTH '999','popup-component-product-search','view';
2018-05-30 11:50:44 EXEC SPC_GET_PERMISSION_AUTH '999','popup-component-product-search','search';
2018-05-30 11:50:44 EXEC SPC_COMPONENT_PRODUCT_FND '','','','','1','10';
2018-05-30 11:50:47 EXEC SPC_GET_ITEM '00001';
2018-05-30 11:50:47 EXEC SPC_GET_PERMISSION_AUTH '999','','view';
2018-05-30 11:50:47 EXEC SPC_070_COMPONENT_LIST_DETAIL_INQ1 '00001','';
2018-05-30 11:55:26 EXEC SPC_GET_PERMISSION_AUTH '999','component-list-search','view';
2018-05-30 11:55:28 EXEC SPC_GET_PERMISSION_AUTH '999','component-list-search','search';
2018-05-30 11:55:28 EXEC SPC_072_COMPONENT_LIST_SEARCH_FND1 '','','1','10';
2018-05-30 11:55:40 EXEC SPC_GET_ITEM '00010';
2018-05-30 11:58:55 EXEC SPC_GET_PERMISSION_AUTH '999','component-list-detail','view';
2018-05-30 11:58:55 EXEC SPC_COM_GET_COMBOBOX 'unit_q_div';
2018-05-30 11:59:55 EXEC SPC_GET_PERMISSION_AUTH '999','component-list-search','search';
2018-05-30 11:59:55 EXEC SPC_072_COMPONENT_LIST_SEARCH_FND1 '00010','','1','10';
2018-05-30 12:00:13 EXEC SPC_GET_PERMISSION_AUTH '999','popup-component-product-search','view';
2018-05-30 12:00:15 EXEC SPC_GET_PERMISSION_AUTH '999','popup-component-product-search','search';
2018-05-30 12:00:15 EXEC SPC_COMPONENT_PRODUCT_FND '','','','','1','10';
2018-05-30 12:00:16 EXEC SPC_GET_ITEM '00001';
2018-05-30 12:00:16 EXEC SPC_GET_PERMISSION_AUTH '999','','view';
2018-05-30 12:00:16 EXEC SPC_070_COMPONENT_LIST_DETAIL_INQ1 '00001','';
2018-05-30 12:29:51 EXEC SPC_GET_ITEM '00011';
2018-05-30 12:29:57 EXEC SPC_GET_ITEM '00002';
2018-05-30 12:29:57 EXEC SPC_GET_PERMISSION_AUTH '999','','view';
2018-05-30 12:29:57 EXEC SPC_070_COMPONENT_LIST_DETAIL_INQ1 '00002','';
2018-05-30 12:30:15 EXEC SPC_GET_ITEM '00001';
2018-05-30 12:30:15 EXEC SPC_GET_PERMISSION_AUTH '999','','view';
2018-05-30 12:30:15 EXEC SPC_070_COMPONENT_LIST_DETAIL_INQ1 '00001','';
2018-05-30 12:30:28 EXEC SPC_GET_ITEM '00002';
2018-05-30 12:30:28 EXEC SPC_GET_PERMISSION_AUTH '999','','view';
2018-05-30 12:30:28 EXEC SPC_070_COMPONENT_LIST_DETAIL_INQ1 '00002','';
2018-05-30 12:30:33 EXEC SPC_GET_ITEM '00001';
2018-05-30 12:30:33 EXEC SPC_GET_PERMISSION_AUTH '999','','view';
2018-05-30 12:30:34 EXEC SPC_070_COMPONENT_LIST_DETAIL_INQ1 '00001','';
2018-05-30 12:32:12 EXEC SPC_GET_ITEM '00010';
2018-05-30 12:32:20 EXEC SPC_GET_ITEM '00001';
2018-05-30 12:32:24 EXEC SPC_GET_ITEM '00001';
2018-05-30 12:32:29 EXEC SPC_GET_PERMISSION_AUTH '999','popup-component-product-search','view';
2018-05-30 12:32:31 EXEC SPC_GET_PERMISSION_AUTH '999','popup-component-product-search','search';
2018-05-30 12:32:31 EXEC SPC_COMPONENT_PRODUCT_FND '','','','','1','10';
2018-05-30 12:32:33 EXEC SPC_GET_ITEM '00005';
2018-05-30 12:32:48 EXEC SPC_GET_PERMISSION_AUTH '999','popup-component-product-search','view';
2018-05-30 12:32:51 EXEC SPC_GET_PERMISSION_AUTH '999','popup-component-product-search','search';
2018-05-30 12:32:51 EXEC SPC_COMPONENT_PRODUCT_FND '','','','1','1','10';
2018-05-30 12:32:54 EXEC SPC_GET_ITEM '00001';
2018-05-30 12:32:59 EXEC SPC_GET_PERMISSION_AUTH '999','component-list-search','search';
2018-05-30 12:32:59 EXEC SPC_072_COMPONENT_LIST_SEARCH_FND1 '00001','00001','1','10';
2018-05-30 12:33:02 EXEC SPC_GET_ITEM '';
2018-05-30 12:33:03 EXEC SPC_GET_PERMISSION_AUTH '999','component-list-search','search';
2018-05-30 12:33:03 EXEC SPC_072_COMPONENT_LIST_SEARCH_FND1 '','00001','1','10';
2018-05-30 12:33:07 EXEC SPC_GET_PERMISSION_AUTH '999','component-list-search','search';
2018-05-30 12:33:07 EXEC SPC_072_COMPONENT_LIST_SEARCH_FND1 '','00001','1','10';
2018-05-30 12:33:10 EXEC SPC_GET_ITEM '';
2018-05-30 12:33:11 EXEC SPC_GET_ITEM '00001';
2018-05-30 12:33:11 EXEC SPC_GET_PERMISSION_AUTH '999','component-list-search','search';
2018-05-30 12:33:11 EXEC SPC_072_COMPONENT_LIST_SEARCH_FND1 '00001','','1','10';
2018-05-30 12:33:13 EXEC SPC_GET_PERMISSION_AUTH '999','component-list-search','search';
2018-05-30 12:33:13 EXEC SPC_072_COMPONENT_LIST_SEARCH_FND1 '00001','','1','10';
2018-05-30 12:35:02 EXEC SPC_GET_PERMISSION_AUTH '999','component-list-search','search';
2018-05-30 12:35:02 EXEC SPC_072_COMPONENT_LIST_SEARCH_FND1 '00001','','1','10';
2018-05-30 12:35:11 EXEC SPC_GET_PERMISSION_AUTH '999','component-list-search','search';
2018-05-30 12:35:11 EXEC SPC_072_COMPONENT_LIST_SEARCH_FND1 '00001','','1','10';
2018-05-30 12:39:45 EXEC SPC_GET_PERMISSION_AUTH '999','component-list-detail','view';
2018-05-30 12:39:45 EXEC SPC_COM_GET_COMBOBOX 'unit_q_div';
2018-05-30 12:39:49 EXEC SPC_GET_PERMISSION_AUTH '999','popup-component-product-search','view';
2018-05-30 12:39:51 EXEC SPC_GET_PERMISSION_AUTH '999','popup-component-product-search','search';
2018-05-30 12:39:51 EXEC SPC_COMPONENT_PRODUCT_FND '','','','','1','10';
2018-05-30 12:39:52 EXEC SPC_GET_ITEM '00001';
2018-05-30 12:39:53 EXEC SPC_GET_PERMISSION_AUTH '999','','view';
2018-05-30 12:39:53 EXEC SPC_070_COMPONENT_LIST_DETAIL_INQ1 '00001','';
2018-05-30 12:41:23 EXEC SPC_GET_PERMISSION_AUTH '999','component-list-detail','view';
2018-05-30 12:41:23 EXEC SPC_COM_GET_COMBOBOX 'unit_q_div';
2018-05-30 12:41:26 EXEC SPC_GET_PERMISSION_AUTH '999','popup-component-product-search','view';
2018-05-30 12:41:28 EXEC SPC_GET_PERMISSION_AUTH '999','popup-component-product-search','search';
2018-05-30 12:41:28 EXEC SPC_COMPONENT_PRODUCT_FND '','','','','1','10';
2018-05-30 12:41:29 EXEC SPC_GET_ITEM '00001';
2018-05-30 12:41:29 EXEC SPC_GET_PERMISSION_AUTH '999','','view';
2018-05-30 12:41:29 EXEC SPC_070_COMPONENT_LIST_DETAIL_INQ1 '00001','';
2018-05-30 12:44:59 EXEC SPC_GET_PERMISSION_AUTH '999','component-list-detail','view';
2018-05-30 12:44:59 EXEC SPC_COM_GET_COMBOBOX 'unit_q_div';
2018-05-30 12:45:03 EXEC SPC_GET_PERMISSION_AUTH '999','popup-component-product-search','view';
2018-05-30 12:45:06 EXEC SPC_GET_PERMISSION_AUTH '999','popup-component-product-search','search';
2018-05-30 12:45:06 EXEC SPC_COMPONENT_PRODUCT_FND '','','1','','1','10';
2018-05-30 12:45:08 EXEC SPC_GET_ITEM '0002';
2018-05-30 12:45:08 EXEC SPC_GET_PERMISSION_AUTH '999','','view';
2018-05-30 12:45:08 EXEC SPC_070_COMPONENT_LIST_DETAIL_INQ1 '0002','';
2018-05-30 12:45:20 EXEC SPC_GET_PERMISSION_AUTH '999','component-list-detail','view';
2018-05-30 12:45:20 EXEC SPC_COM_GET_COMBOBOX 'unit_q_div';
2018-05-30 12:45:22 EXEC SPC_GET_PERMISSION_AUTH '999','popup-component-product-search','view';
2018-05-30 12:45:25 EXEC SPC_GET_PERMISSION_AUTH '999','popup-component-product-search','search';
2018-05-30 12:45:25 EXEC SPC_COMPONENT_PRODUCT_FND '','','1','','1','10';
2018-05-30 12:45:26 EXEC SPC_GET_ITEM '0002';
2018-05-30 12:45:26 EXEC SPC_GET_PERMISSION_AUTH '999','','view';
2018-05-30 12:45:26 EXEC SPC_070_COMPONENT_LIST_DETAIL_INQ1 '0002','';
2018-05-30 12:45:28 EXEC SPC_GET_PERMISSION_AUTH '999','popup-component-product-search','view';
2018-05-30 12:45:31 EXEC SPC_GET_PERMISSION_AUTH '999','popup-component-product-search','search';
2018-05-30 12:45:31 EXEC SPC_COMPONENT_PRODUCT_FND '','','','1','1','10';
2018-05-30 12:45:32 EXEC SPC_GET_ITEM '00001';
2018-05-30 12:45:32 EXEC SPC_GET_PERMISSION_AUTH '999','','view';
2018-05-30 12:45:32 EXEC SPC_070_COMPONENT_LIST_DETAIL_INQ1 '0002','00001';
2018-05-30 12:48:39 EXEC SPC_GET_PERMISSION_AUTH '999','component-list-detail','view';
2018-05-30 12:48:39 EXEC SPC_COM_GET_COMBOBOX 'unit_q_div';
2018-05-30 12:48:51 EXEC SPC_GET_PERMISSION_AUTH '999','popup-component-product-search','view';
2018-05-30 12:48:54 EXEC SPC_GET_PERMISSION_AUTH '999','popup-component-product-search','search';
2018-05-30 12:48:54 EXEC SPC_COMPONENT_PRODUCT_FND '','','','','1','10';
2018-05-30 12:48:56 EXEC SPC_GET_ITEM '00001';
2018-05-30 12:48:56 EXEC SPC_GET_PERMISSION_AUTH '999','','view';
2018-05-30 12:48:56 EXEC SPC_070_COMPONENT_LIST_DETAIL_INQ1 '00001','';
2018-05-30 12:49:54 EXEC SPC_GET_PERMISSION_AUTH '999','component-list-detail','view';
2018-05-30 12:49:54 EXEC SPC_COM_GET_COMBOBOX 'unit_q_div';
2018-05-30 12:49:58 EXEC SPC_GET_PERMISSION_AUTH '999','popup-component-product-search','view';
2018-05-30 12:50:01 EXEC SPC_GET_PERMISSION_AUTH '999','popup-component-product-search','search';
2018-05-30 12:50:01 EXEC SPC_COMPONENT_PRODUCT_FND '','','1','','1','10';
2018-05-30 12:50:02 EXEC SPC_GET_ITEM '0002';
2018-05-30 12:50:02 EXEC SPC_GET_PERMISSION_AUTH '999','','view';
2018-05-30 12:50:02 EXEC SPC_070_COMPONENT_LIST_DETAIL_INQ1 '0002','';
2018-05-30 12:50:04 EXEC SPC_GET_PERMISSION_AUTH '999','popup-component-product-search','view';
2018-05-30 12:50:06 EXEC SPC_GET_PERMISSION_AUTH '999','popup-component-product-search','search';
2018-05-30 12:50:06 EXEC SPC_COMPONENT_PRODUCT_FND '','','','1','1','10';
2018-05-30 12:50:08 EXEC SPC_GET_ITEM '00001';
2018-05-30 12:50:08 EXEC SPC_GET_PERMISSION_AUTH '999','','view';
2018-05-30 12:50:08 EXEC SPC_070_COMPONENT_LIST_DETAIL_INQ1 '0002','00001';
2018-05-30 12:51:41 EXEC SPC_GET_PERMISSION_AUTH '999','component-list-detail','view';
2018-05-30 12:51:41 EXEC SPC_COM_GET_COMBOBOX 'unit_q_div';
2018-05-30 12:52:24 EXEC SPC_GET_PERMISSION_AUTH '999','component-list-detail','view';
2018-05-30 12:52:24 EXEC SPC_COM_GET_COMBOBOX 'unit_q_div';
2018-05-30 12:52:43 EXEC SPC_GET_PERMISSION_AUTH '999','component-list-detail','view';
2018-05-30 12:52:43 EXEC SPC_COM_GET_COMBOBOX 'unit_q_div';
2018-05-30 12:52:51 EXEC SPC_GET_PERMISSION_AUTH '999','component-list-detail','view';
2018-05-30 12:52:51 EXEC SPC_COM_GET_COMBOBOX 'unit_q_div';
2018-05-30 13:00:22 EXEC SPC_GET_PERMISSION_AUTH '999','popup-component-product-search','view';
2018-05-30 13:00:24 EXEC SPC_GET_PERMISSION_AUTH '999','popup-component-product-search','search';
2018-05-30 13:00:24 EXEC SPC_COMPONENT_PRODUCT_FND '','','','','1','10';
2018-05-30 13:00:26 EXEC SPC_GET_ITEM '00001';
2018-05-30 13:00:26 EXEC SPC_GET_PERMISSION_AUTH '999','','view';
2018-05-30 13:00:26 EXEC SPC_070_COMPONENT_LIST_DETAIL_INQ1 '00001','';
2018-05-30 13:00:27 EXEC SPC_GET_PERMISSION_AUTH '999','popup-component-product-search','view';
2018-05-30 13:00:29 EXEC SPC_GET_PERMISSION_AUTH '999','popup-component-product-search','search';
2018-05-30 13:00:29 EXEC SPC_COMPONENT_PRODUCT_FND '','','','','1','10';
2018-05-30 13:00:30 EXEC SPC_GET_ITEM '00001';
2018-05-30 13:00:31 EXEC SPC_GET_PERMISSION_AUTH '999','','view';
2018-05-30 13:00:31 EXEC SPC_070_COMPONENT_LIST_DETAIL_INQ1 '00001','00001';
2018-05-30 13:00:44 EXEC SPC_GET_PERMISSION_AUTH '999','component-list-detail','save';
2018-05-30 13:00:44 EXEC SPC_070_COMPONENT_LIST_DETAIL_ACT1 'I','00001','00001','999','001','2018/05/02','2018/05/16','','111','070_component-list-detail','192.168.5.206';
2018-05-30 13:00:51 EXEC SPC_GET_PERMISSION_AUTH '999','','view';
2018-05-30 13:00:51 EXEC SPC_070_COMPONENT_LIST_DETAIL_INQ1 '00001','00001';
2018-05-30 13:01:28 EXEC SPC_GET_PERMISSION_AUTH '999','component-list-detail','view';
2018-05-30 13:01:28 EXEC SPC_COM_GET_COMBOBOX 'unit_q_div';
2018-05-30 13:12:14 EXEC SPC_GET_PERMISSION_AUTH '999','popup-component-product-search','view';
2018-05-30 13:12:16 EXEC SPC_GET_PERMISSION_AUTH '999','popup-component-product-search','search';
2018-05-30 13:12:16 EXEC SPC_COMPONENT_PRODUCT_FND '','','','','1','10';
2018-05-30 13:12:18 EXEC SPC_GET_ITEM '00001';
2018-05-30 13:12:18 EXEC SPC_GET_PERMISSION_AUTH '999','','view';
2018-05-30 13:12:18 EXEC SPC_070_COMPONENT_LIST_DETAIL_INQ1 '00001','';
2018-05-30 13:12:45 EXEC SPC_GET_PERMISSION_AUTH '999','popup-component-product-search','view';
2018-05-30 13:12:50 EXEC SPC_GET_PERMISSION_AUTH '999','popup-component-product-search','search';
2018-05-30 13:12:50 EXEC SPC_COMPONENT_PRODUCT_FND '','','','1','1','10';
2018-05-30 13:12:54 EXEC SPC_GET_PERMISSION_AUTH '999','popup-component-product-search','search';
2018-05-30 13:12:54 EXEC SPC_COMPONENT_PRODUCT_FND '','','','1','2','10';
2018-05-30 13:12:56 EXEC SPC_GET_PERMISSION_AUTH '999','popup-component-product-search','search';
2018-05-30 13:12:56 EXEC SPC_COMPONENT_PRODUCT_FND '','','','1','3','10';
2018-05-30 13:12:59 EXEC SPC_GET_PERMISSION_AUTH '999','popup-component-product-search','search';
2018-05-30 13:12:59 EXEC SPC_COMPONENT_PRODUCT_FND '','','','1','1','100';
2018-05-30 13:13:05 EXEC SPC_GET_ITEM 'Labore';
2018-05-30 13:13:05 EXEC SPC_GET_PERMISSION_AUTH '999','','view';
2018-05-30 13:13:05 EXEC SPC_070_COMPONENT_LIST_DETAIL_INQ1 'Labore','';
2018-05-30 13:16:13 EXEC SPC_GET_PERMISSION_AUTH '999','component-list-detail','view';
2018-05-30 13:16:13 EXEC SPC_COM_GET_COMBOBOX 'unit_q_div';
2018-05-30 13:16:15 EXEC SPC_GET_PERMISSION_AUTH '999','popup-component-product-search','view';
2018-05-30 13:16:19 EXEC SPC_GET_PERMISSION_AUTH '999','popup-component-product-search','search';
2018-05-30 13:16:19 EXEC SPC_COMPONENT_PRODUCT_FND '','','','1','1','10';
2018-05-30 13:16:21 EXEC SPC_GET_PERMISSION_AUTH '999','popup-component-product-search','search';
2018-05-30 13:16:21 EXEC SPC_COMPONENT_PRODUCT_FND '','','','1','1','100';
2018-05-30 13:16:24 EXEC SPC_GET_ITEM 'Perfer';
2018-05-30 13:16:25 EXEC SPC_GET_PERMISSION_AUTH '999','','view';
2018-05-30 13:16:25 EXEC SPC_070_COMPONENT_LIST_DETAIL_INQ1 'Perfer','';
2018-05-30 13:17:59 EXEC SPC_GET_PERMISSION_AUTH '999','component-list-detail','view';
2018-05-30 13:17:59 EXEC SPC_COM_GET_COMBOBOX 'unit_q_div';
2018-05-30 13:18:02 EXEC SPC_GET_PERMISSION_AUTH '999','popup-component-product-search','view';
2018-05-30 13:18:05 EXEC SPC_GET_PERMISSION_AUTH '999','popup-component-product-search','search';
2018-05-30 13:18:05 EXEC SPC_COMPONENT_PRODUCT_FND '','','1','','1','10';
2018-05-30 13:18:07 EXEC SPC_GET_ITEM '0002';
2018-05-30 13:18:08 EXEC SPC_GET_PERMISSION_AUTH '999','','view';
2018-05-30 13:18:08 EXEC SPC_070_COMPONENT_LIST_DETAIL_INQ1 '0002','';
2018-05-30 13:18:08 EXEC SPC_GET_PERMISSION_AUTH '999','popup-component-product-search','view';
2018-05-30 13:18:10 EXEC SPC_GET_PERMISSION_AUTH '999','popup-component-product-search','search';
2018-05-30 13:18:10 EXEC SPC_COMPONENT_PRODUCT_FND '','','','','1','10';
2018-05-30 13:18:14 EXEC SPC_GET_PERMISSION_AUTH '999','popup-component-product-search','search';
2018-05-30 13:18:14 EXEC SPC_COMPONENT_PRODUCT_FND '','','','1','1','10';
2018-05-30 13:18:17 EXEC SPC_GET_PERMISSION_AUTH '999','popup-component-product-search','search';
2018-05-30 13:18:17 EXEC SPC_COMPONENT_PRODUCT_FND '','','1','1','1','10';
2018-05-30 13:18:19 EXEC SPC_GET_PERMISSION_AUTH '999','popup-component-product-search','search';
2018-05-30 13:18:19 EXEC SPC_COMPONENT_PRODUCT_FND '','','1','','1','10';
2018-05-30 13:18:20 EXEC SPC_GET_ITEM '0002';
2018-05-30 13:18:20 EXEC SPC_GET_PERMISSION_AUTH '999','','view';
2018-05-30 13:18:20 EXEC SPC_070_COMPONENT_LIST_DETAIL_INQ1 '0002','0002';
2018-05-30 13:18:51 EXEC SPC_073_LOGIN_ACT1 '111','111';
2018-05-30 13:18:51 EXEC SPC_GET_CONSTANT '';
2018-05-30 13:18:56 EXEC SPC_GET_PERMISSION_AUTH '999','manufacturing-instruction-search','view';
2018-05-30 13:18:56 EXEC SPC_COM_GET_COMBOBOX 'outsourcing_div';
2018-05-30 13:18:56 EXEC SPC_COM_GET_COMBOBOX 'production_status_div';
2018-05-30 13:18:56 EXEC SPC_COM_GET_COMBOBOX 'done_div';
2018-05-30 13:19:02 EXEC SPC_GET_PERMISSION_AUTH '999','component-list-detail','view';
2018-05-30 13:19:02 EXEC SPC_COM_GET_COMBOBOX 'unit_q_div';
2018-05-30 13:19:06 EXEC SPC_GET_ITEM '0002';
2018-05-30 13:19:06 EXEC SPC_GET_PERMISSION_AUTH '999','','view';
2018-05-30 13:19:06 EXEC SPC_070_COMPONENT_LIST_DETAIL_INQ1 '0002','';
2018-05-30 13:19:08 EXEC SPC_GET_ITEM '0002';
2018-05-30 13:19:09 EXEC SPC_GET_PERMISSION_AUTH '999','','view';
2018-05-30 13:19:09 EXEC SPC_070_COMPONENT_LIST_DETAIL_INQ1 '0002','0002';
2018-05-30 13:19:09 EXEC SPC_GET_ITEM '00029';
2018-05-30 13:19:10 EXEC SPC_GET_PERMISSION_AUTH '999','','view';
2018-05-30 13:19:10 EXEC SPC_070_COMPONENT_LIST_DETAIL_INQ1 '0002','00029';
2018-05-30 13:19:19 EXEC SPC_GET_ITEM '0002';
2018-05-30 13:19:20 EXEC SPC_GET_PERMISSION_AUTH '999','','view';
2018-05-30 13:19:20 EXEC SPC_070_COMPONENT_LIST_DETAIL_INQ1 '0002','0002';
2018-05-30 13:19:43 EXEC SPC_GET_ITEM '0003';
2018-05-30 13:19:43 EXEC SPC_GET_PERMISSION_AUTH '999','','view';
2018-05-30 13:19:43 EXEC SPC_070_COMPONENT_LIST_DETAIL_INQ1 '0002','0003';
2018-05-30 13:21:20 EXEC SPC_073_LOGIN_ACT1 '111','111';
2018-05-30 13:21:20 EXEC SPC_GET_CONSTANT '';
2018-05-30 13:21:27 EXEC SPC_GET_PERMISSION_AUTH '999','component-list-detail','view';
2018-05-30 13:21:27 EXEC SPC_COM_GET_COMBOBOX 'unit_q_div';
2018-05-30 13:21:32 EXEC SPC_GET_ITEM '0002';
2018-05-30 13:21:32 EXEC SPC_GET_PERMISSION_AUTH '999','','view';
2018-05-30 13:21:32 EXEC SPC_070_COMPONENT_LIST_DETAIL_INQ1 '0002','';
2018-05-30 13:21:34 EXEC SPC_GET_ITEM '0002';
2018-05-30 13:21:34 EXEC SPC_GET_PERMISSION_AUTH '999','','view';
2018-05-30 13:21:34 EXEC SPC_070_COMPONENT_LIST_DETAIL_INQ1 '0002','0002';
2018-05-30 13:21:58 EXEC SPC_GET_ITEM '0003';
2018-05-30 13:21:58 EXEC SPC_GET_PERMISSION_AUTH '999','','view';
2018-05-30 13:21:58 EXEC SPC_070_COMPONENT_LIST_DETAIL_INQ1 '0002','0003';
2018-05-30 13:23:32 EXEC SPC_GET_PERMISSION_AUTH '999','component-list-detail','view';
2018-05-30 13:23:32 EXEC SPC_COM_GET_COMBOBOX 'unit_q_div';
2018-05-30 13:23:50 EXEC SPC_GET_ITEM '0002';
2018-05-30 13:23:51 EXEC SPC_GET_PERMISSION_AUTH '999','','view';
2018-05-30 13:23:51 EXEC SPC_070_COMPONENT_LIST_DETAIL_INQ1 '0002','';
2018-05-30 13:23:53 EXEC SPC_GET_ITEM '0002';
2018-05-30 13:23:53 EXEC SPC_GET_PERMISSION_AUTH '999','','view';
2018-05-30 13:23:53 EXEC SPC_070_COMPONENT_LIST_DETAIL_INQ1 '0002','0002';
2018-05-30 13:24:13 EXEC SPC_GET_PERMISSION_AUTH '999','component-list-detail','view';
2018-05-30 13:24:13 EXEC SPC_COM_GET_COMBOBOX 'unit_q_div';
2018-05-30 13:24:18 EXEC SPC_GET_ITEM '0002';
2018-05-30 13:24:18 EXEC SPC_GET_PERMISSION_AUTH '999','','view';
2018-05-30 13:24:18 EXEC SPC_070_COMPONENT_LIST_DETAIL_INQ1 '0002','';
2018-05-30 13:24:20 EXEC SPC_GET_ITEM '0002';
2018-05-30 13:24:20 EXEC SPC_GET_PERMISSION_AUTH '999','','view';
2018-05-30 13:24:20 EXEC SPC_070_COMPONENT_LIST_DETAIL_INQ1 '0002','0002';
2018-05-30 13:24:34 EXEC SPC_GET_ITEM '0003';
2018-05-30 13:24:34 EXEC SPC_GET_PERMISSION_AUTH '999','','view';
2018-05-30 13:24:34 EXEC SPC_070_COMPONENT_LIST_DETAIL_INQ1 '0002','0003';
2018-05-30 13:32:10 EXEC SPC_GET_PERMISSION_AUTH '999','popup-component-product-search','view';
2018-05-30 13:32:13 EXEC SPC_GET_PERMISSION_AUTH '999','popup-component-product-search','search';
2018-05-30 13:32:13 EXEC SPC_COMPONENT_PRODUCT_FND '','','','1','1','10';
2018-05-30 13:32:15 EXEC SPC_GET_ITEM '00001';
2018-05-30 13:32:15 EXEC SPC_GET_PERMISSION_AUTH '999','','view';
2018-05-30 13:32:15 EXEC SPC_070_COMPONENT_LIST_DETAIL_INQ1 '00001','0003';
2018-05-30 13:32:17 EXEC SPC_GET_PERMISSION_AUTH '999','popup-component-product-search','view';
2018-05-30 13:32:27 EXEC SPC_GET_PERMISSION_AUTH '999','component-list-detail','save';
2018-05-30 13:32:27 EXEC SPC_070_COMPONENT_LIST_DETAIL_ACT1 'I','00001','0003','9','001','2018/05/02','2018/05/11','','111','070_component-list-detail','192.168.5.206';
2018-05-30 13:32:29 EXEC SPC_GET_PERMISSION_AUTH '999','','view';
2018-05-30 13:32:29 EXEC SPC_070_COMPONENT_LIST_DETAIL_INQ1 '00001','0003';
2018-05-30 13:32:32 EXEC SPC_GET_PERMISSION_AUTH '999','popup-component-product-search','view';
2018-05-30 13:32:35 EXEC SPC_GET_PERMISSION_AUTH '999','popup-component-product-search','search';
2018-05-30 13:32:35 EXEC SPC_COMPONENT_PRODUCT_FND '','','1','','1','10';
2018-05-30 13:32:36 EXEC SPC_GET_ITEM '0002';
2018-05-30 13:32:37 EXEC SPC_GET_PERMISSION_AUTH '999','','view';
2018-05-30 13:32:37 EXEC SPC_070_COMPONENT_LIST_DETAIL_INQ1 '0002','0003';
2018-05-30 13:32:45 EXEC SPC_GET_PERMISSION_AUTH '999','component-list-detail','save';
2018-05-30 13:32:45 EXEC SPC_070_COMPONENT_LIST_DETAIL_ACT1 'I','0002','0003','4','001','2018/05/09','2018/05/18','','111','070_component-list-detail','192.168.5.206';
2018-05-30 13:32:46 EXEC SPC_GET_PERMISSION_AUTH '999','','view';
2018-05-30 13:32:46 EXEC SPC_070_COMPONENT_LIST_DETAIL_INQ1 '0002','0003';
2018-05-30 13:40:23 EXEC SPC_GET_PERMISSION_AUTH '999','component-list-detail','view';
2018-05-30 13:40:23 EXEC SPC_COM_GET_COMBOBOX 'unit_q_div';
2018-05-30 13:43:11 EXEC SPC_GET_ITEM '000004';
2018-05-30 13:43:11 EXEC SPC_GET_PERMISSION_AUTH '999','','view';
2018-05-30 13:43:11 EXEC SPC_070_COMPONENT_LIST_DETAIL_INQ1 '000004','';
2018-05-30 13:43:21 EXEC SPC_GET_ITEM '000002';
2018-05-30 13:43:21 EXEC SPC_GET_PERMISSION_AUTH '999','','view';
2018-05-30 13:43:21 EXEC SPC_070_COMPONENT_LIST_DETAIL_INQ1 '000002','';
2018-05-30 13:43:23 EXEC SPC_GET_PERMISSION_AUTH '999','popup-component-product-search','view';
2018-05-30 13:43:27 EXEC SPC_GET_PERMISSION_AUTH '999','popup-component-product-search','search';
2018-05-30 13:43:27 EXEC SPC_COMPONENT_PRODUCT_FND '','','','1','1','10';
2018-05-30 13:43:31 EXEC SPC_GET_PERMISSION_AUTH '999','popup-component-product-search','search';
2018-05-30 13:43:31 EXEC SPC_COMPONENT_PRODUCT_FND '','','1','1','1','10';
2018-05-30 13:43:34 EXEC SPC_GET_PERMISSION_AUTH '999','popup-component-product-search','search';
2018-05-30 13:43:34 EXEC SPC_COMPONENT_PRODUCT_FND '','','1','','1','10';
2018-05-30 13:43:37 EXEC SPC_GET_PERMISSION_AUTH '999','popup-component-product-search','search';
2018-05-30 13:43:37 EXEC SPC_COMPONENT_PRODUCT_FND '','','1','','19','10';
2018-05-30 13:43:39 EXEC SPC_GET_PERMISSION_AUTH '999','popup-component-product-search','search';
2018-05-30 13:43:39 EXEC SPC_COMPONENT_PRODUCT_FND '','','1','','1','100';
2018-05-30 13:43:48 EXEC SPC_GET_PERMISSION_AUTH '999','popup-component-product-search','search';
2018-05-30 13:43:48 EXEC SPC_COMPONENT_PRODUCT_FND '','','','1','1','100';
2018-05-30 13:44:00 EXEC SPC_GET_PERMISSION_AUTH '999','popup-component-product-search','search';
2018-05-30 13:44:00 EXEC SPC_COMPONENT_PRODUCT_FND '000004','','','1','1','100';
2018-05-30 13:44:02 EXEC SPC_GET_PERMISSION_AUTH '999','popup-component-product-search','search';
2018-05-30 13:44:02 EXEC SPC_COMPONENT_PRODUCT_FND '000004','','','','1','10';
2018-05-30 13:45:26 EXEC SPC_GET_PERMISSION_AUTH '999','popup-component-product-search','view';
2018-05-30 13:45:29 EXEC SPC_GET_PERMISSION_AUTH '999','popup-component-product-search','search';
2018-05-30 13:45:29 EXEC SPC_COMPONENT_PRODUCT_FND '000005','','','','1','10';
2018-05-30 13:45:37 EXEC SPC_GET_PERMISSION_AUTH '999','popup-component-product-search','view';
2018-05-30 13:45:40 EXEC SPC_GET_PERMISSION_AUTH '999','popup-component-product-search','search';
2018-05-30 13:45:40 EXEC SPC_COMPONENT_PRODUCT_FND '1002','','','','1','10';
2018-05-30 13:45:43 EXEC SPC_GET_PERMISSION_AUTH '999','popup-component-product-search','search';
2018-05-30 13:45:43 EXEC SPC_COMPONENT_PRODUCT_FND '1002','','','','1','10';
2018-05-30 13:45:46 EXEC SPC_GET_PERMISSION_AUTH '999','popup-component-product-search','search';
2018-05-30 13:45:46 EXEC SPC_COMPONENT_PRODUCT_FND '','','','','1','10';
2018-05-30 13:45:55 EXEC SPC_GET_ITEM '';
2018-05-30 13:45:56 EXEC SPC_GET_PERMISSION_AUTH '999','','view';
2018-05-30 13:45:56 EXEC SPC_070_COMPONENT_LIST_DETAIL_INQ1 '','';
2018-05-30 13:45:59 EXEC SPC_GET_ITEM '1002';
2018-05-30 13:46:00 EXEC SPC_GET_PERMISSION_AUTH '999','','view';
2018-05-30 13:46:00 EXEC SPC_070_COMPONENT_LIST_DETAIL_INQ1 '1002','';
2018-05-30 13:46:09 EXEC SPC_GET_ITEM '0003';
2018-05-30 13:46:09 EXEC SPC_GET_PERMISSION_AUTH '999','','view';
2018-05-30 13:46:09 EXEC SPC_070_COMPONENT_LIST_DETAIL_INQ1 '0003','';
2018-05-30 13:46:23 EXEC SPC_GET_PERMISSION_AUTH '999','popup-component-product-search','view';
2018-05-30 13:46:25 EXEC SPC_GET_PERMISSION_AUTH '999','popup-component-product-search','search';
2018-05-30 13:46:25 EXEC SPC_COMPONENT_PRODUCT_FND '','','','','1','10';
2018-05-30 13:46:26 EXEC SPC_GET_ITEM '00005';
2018-05-30 13:46:27 EXEC SPC_GET_PERMISSION_AUTH '999','','view';
2018-05-30 13:46:27 EXEC SPC_070_COMPONENT_LIST_DETAIL_INQ1 '0003','00005';
2018-05-30 13:46:40 EXEC SPC_GET_PERMISSION_AUTH '999','component-list-detail','save';
2018-05-30 13:46:40 EXEC SPC_070_COMPONENT_LIST_DETAIL_ACT1 'I','0003','00005','9','001','2018/05/02','2018/05/17','','111','070_component-list-detail','192.168.5.206';
2018-05-30 13:46:41 EXEC SPC_GET_PERMISSION_AUTH '999','','view';
2018-05-30 13:46:41 EXEC SPC_070_COMPONENT_LIST_DETAIL_INQ1 '0003','00005';
2018-05-30 13:47:27 EXEC SPC_GET_PERMISSION_AUTH '999','component-list-detail','save';
2018-05-30 13:47:27 EXEC SPC_070_COMPONENT_LIST_DETAIL_ACT1 'U','0003','00005','9','001','2018/05/02','2018/05/17','','111','070_component-list-detail','192.168.5.206';
2018-05-30 13:47:28 EXEC SPC_GET_PERMISSION_AUTH '999','','view';
2018-05-30 13:47:28 EXEC SPC_070_COMPONENT_LIST_DETAIL_INQ1 '0003','00005';
2018-05-30 13:47:52 EXEC SPC_GET_PERMISSION_AUTH '999','component-list-detail','save';
2018-05-30 13:47:52 EXEC SPC_070_COMPONENT_LIST_DETAIL_ACT1 'U','0003','00005','9','001','2018/05/02','2018/05/17','','111','070_component-list-detail','192.168.5.206';
2018-05-30 13:47:53 EXEC SPC_GET_PERMISSION_AUTH '999','','view';
2018-05-30 13:47:53 EXEC SPC_070_COMPONENT_LIST_DETAIL_INQ1 '0003','00005';
2018-05-30 13:48:30 EXEC SPC_GET_PERMISSION_AUTH '999','component-list-detail','save';
2018-05-30 13:48:30 EXEC SPC_070_COMPONENT_LIST_DETAIL_ACT1 'U','0003','00005','9','001','2018/05/02','2018/05/17','','111','070_component-list-detail','192.168.5.206';
2018-05-30 13:49:01 EXEC SPC_GET_PERMISSION_AUTH '999','component-list-detail','save';
2018-05-30 13:49:01 EXEC SPC_070_COMPONENT_LIST_DETAIL_ACT1 'U','0003','00005','9','001','2018/05/02','2018/05/17','','111','070_component-list-detail','192.168.5.206';
2018-05-30 13:49:02 EXEC SPC_GET_PERMISSION_AUTH '999','','view';
2018-05-30 13:49:02 EXEC SPC_070_COMPONENT_LIST_DETAIL_INQ1 '0003','00005';
2018-05-30 13:49:30 EXEC SPC_GET_ITEM '00011';
2018-05-30 13:49:31 EXEC SPC_GET_PERMISSION_AUTH '999','','view';
2018-05-30 13:49:31 EXEC SPC_070_COMPONENT_LIST_DETAIL_INQ1 '00011','00005';
2018-05-30 13:49:38 EXEC SPC_GET_PERMISSION_AUTH '999','component-list-detail','save';
2018-05-30 13:49:38 EXEC SPC_070_COMPONENT_LIST_DETAIL_ACT1 'I','00011','00005','9','001','2018/05/09','2018/05/24','','111','070_component-list-detail','192.168.5.206';
2018-05-30 13:49:47 EXEC SPC_GET_PERMISSION_AUTH '999','component-list-detail','save';
2018-05-30 13:49:47 EXEC SPC_070_COMPONENT_LIST_DETAIL_ACT1 'I','00011','00005','9','001','2018/05/09','2018/05/24','','111','070_component-list-detail','192.168.5.206';
2018-05-30 15:50:10 EXEC SPC_073_LOGIN_ACT1 '111','111';
2018-05-30 15:50:10 EXEC SPC_GET_CONSTANT '';
2018-05-30 15:50:11 EXEC SPC_GET_PERMISSION_AUTH '999','component-list-detail','view';
2018-05-30 15:50:11 EXEC SPC_COM_GET_COMBOBOX 'unit_q_div';
2018-05-30 16:20:18 EXEC SPC_GET_PERMISSION_AUTH '999','manufacturing-instruction-search','view';
2018-05-30 16:20:18 EXEC SPC_COM_GET_COMBOBOX 'outsourcing_div';
2018-05-30 16:20:18 EXEC SPC_COM_GET_COMBOBOX 'production_status_div';
2018-05-30 16:20:18 EXEC SPC_COM_GET_COMBOBOX 'done_div';
2018-05-30 16:20:22 EXEC SPC_GET_PERMISSION_AUTH '999','input-output-detail','view';
2018-05-30 16:20:22 EXEC SPC_COM_GET_COMBOBOX 'in_out_div';
2018-05-30 16:20:22 EXEC SPC_COM_GET_COMBOBOX 'in_out_data_div';
2018-05-30 16:20:31 EXEC SPC_GET_PERMISSION_AUTH '999','input-output-search','view';
2018-05-30 16:20:31 EXEC SPC_COM_GET_COMBOBOX 'in_out_div';
2018-05-30 16:20:31 EXEC SPC_COM_GET_COMBOBOX 'in_out_data_div';
2018-05-30 16:20:33 EXEC SPC_GET_PERMISSION_AUTH '999','input-output-detail','view';
2018-05-30 16:20:33 EXEC SPC_COM_GET_COMBOBOX 'in_out_div';
2018-05-30 16:20:33 EXEC SPC_COM_GET_COMBOBOX 'in_out_data_div';
2018-05-30 16:21:07 EXEC SPC_GET_PERMISSION_AUTH '999','','view';
2018-05-30 16:21:07 EXEC SPC_048_INPUT_OUTPUT_DETAIL_INQ2 '000115';
2018-05-30 16:23:38 EXEC SPC_GET_PERMISSION_AUTH '999','component-list-detail','view';
2018-05-30 16:23:38 EXEC SPC_COM_GET_COMBOBOX 'unit_q_div';
2018-05-30 16:23:42 EXEC SPC_GET_PERMISSION_AUTH '999','input-output-detail','view';
2018-05-30 16:23:42 EXEC SPC_COM_GET_COMBOBOX 'in_out_div';
2018-05-30 16:23:42 EXEC SPC_COM_GET_COMBOBOX 'in_out_data_div';
2018-05-30 16:24:13 EXEC SPC_GET_PERMISSION_AUTH '999','input-output-detail','view';
2018-05-30 16:24:13 EXEC SPC_COM_GET_COMBOBOX 'in_out_div';
2018-05-30 16:24:13 EXEC SPC_COM_GET_COMBOBOX 'in_out_data_div';
2018-05-30 16:31:35 EXEC SPC_GET_PERMISSION_AUTH '999','popup-component-product-search','view';
2018-05-30 16:33:20 EXEC SPC_GET_PERMISSION_AUTH '999','popup-component-product-search','search';
2018-05-30 16:33:20 EXEC SPC_COMPONENT_PRODUCT_FND '','','1','','1','10';
2018-05-30 16:33:22 EXEC SPC_GET_PERMISSION_AUTH '999','popup-component-product-search','search';
2018-05-30 16:33:22 EXEC SPC_COMPONENT_PRODUCT_FND '','','1','','1','100';
2018-05-30 16:33:27 EXEC SPC_GET_ITEM '13008';
2018-05-30 16:33:27 EXEC SPC_GET_PERMISSION_AUTH '999','','view';
2018-05-30 16:33:27 EXEC SPC_070_COMPONENT_LIST_DETAIL_INQ1 '13008','';
2018-05-30 16:33:33 EXEC SPC_GET_PERMISSION_AUTH '999','popup-component-product-search','view';
2018-05-30 16:33:37 EXEC SPC_GET_PERMISSION_AUTH '999','popup-component-product-search','search';
2018-05-30 16:33:37 EXEC SPC_COMPONENT_PRODUCT_FND '','','','','1','10';
2018-05-30 16:33:40 EXEC SPC_GET_PERMISSION_AUTH '999','popup-component-product-search','search';
2018-05-30 16:33:40 EXEC SPC_COMPONENT_PRODUCT_FND '','','','','1','100';
2018-05-30 16:33:45 EXEC SPC_GET_ITEM '01133';
2018-05-30 16:33:45 EXEC SPC_GET_PERMISSION_AUTH '999','','view';
2018-05-30 16:33:45 EXEC SPC_070_COMPONENT_LIST_DETAIL_INQ1 '01133','';
2018-05-30 16:42:34 EXEC SPC_GET_PERMISSION_AUTH '999','component-list-detail','view';
2018-05-30 16:42:34 EXEC SPC_COM_GET_COMBOBOX 'unit_q_div';
2018-05-30 16:42:39 EXEC SPC_GET_ITEM '01133';
2018-05-30 16:42:40 EXEC SPC_GET_PERMISSION_AUTH '999','','view';
2018-05-30 16:42:40 EXEC SPC_070_COMPONENT_LIST_DETAIL_INQ1 '01133','';
2018-05-30 16:42:54 EXEC SPC_GET_ITEM '01133';
2018-05-30 16:42:54 EXEC SPC_GET_PERMISSION_AUTH '999','','view';
2018-05-30 16:42:54 EXEC SPC_070_COMPONENT_LIST_DETAIL_INQ1 '01133','01133';
2018-05-30 16:49:35 EXEC SPC_GET_PERMISSION_AUTH '999','component-list-detail','view';
2018-05-30 16:49:35 EXEC SPC_COM_GET_COMBOBOX 'unit_q_div';
2018-05-30 16:49:39 EXEC SPC_GET_ITEM '01133';
2018-05-30 16:49:39 EXEC SPC_GET_PERMISSION_AUTH '999','','view';
2018-05-30 16:49:39 EXEC SPC_070_COMPONENT_LIST_DETAIL_INQ1 '','01133';
2018-05-30 16:50:02 EXEC SPC_GET_PERMISSION_AUTH '999','component-list-detail','view';
2018-05-30 16:50:02 EXEC SPC_COM_GET_COMBOBOX 'unit_q_div';
2018-05-30 16:50:07 EXEC SPC_GET_ITEM '01133';
2018-05-30 16:50:07 EXEC SPC_GET_PERMISSION_AUTH '999','','view';
2018-05-30 16:50:07 EXEC SPC_070_COMPONENT_LIST_DETAIL_INQ1 '','01133';
2018-05-30 16:50:25 EXEC SPC_GET_PERMISSION_AUTH '999','component-list-detail','view';
2018-05-30 16:50:25 EXEC SPC_COM_GET_COMBOBOX 'unit_q_div';
2018-05-30 16:50:31 EXEC SPC_GET_ITEM '0133';
2018-05-30 16:50:31 EXEC SPC_GET_PERMISSION_AUTH '999','','view';
2018-05-30 16:50:31 EXEC SPC_070_COMPONENT_LIST_DETAIL_INQ1 '','0133';
2018-05-30 16:50:33 EXEC SPC_GET_ITEM '01133';
2018-05-30 16:50:34 EXEC SPC_GET_PERMISSION_AUTH '999','','view';
2018-05-30 16:50:34 EXEC SPC_070_COMPONENT_LIST_DETAIL_INQ1 '','01133';
2018-05-30 16:52:02 EXEC SPC_GET_PERMISSION_AUTH '999','component-list-detail','view';
2018-05-30 16:52:02 EXEC SPC_COM_GET_COMBOBOX 'unit_q_div';
2018-05-30 16:52:06 EXEC SPC_GET_ITEM '01133';
2018-05-30 16:52:06 EXEC SPC_GET_PERMISSION_AUTH '999','','view';
2018-05-30 16:52:06 EXEC SPC_070_COMPONENT_LIST_DETAIL_INQ1 '01133','';
2018-05-30 16:52:08 EXEC SPC_GET_ITEM '01133';
2018-05-30 16:52:08 EXEC SPC_GET_PERMISSION_AUTH '999','','view';
2018-05-30 16:52:08 EXEC SPC_070_COMPONENT_LIST_DETAIL_INQ1 '01133','01133';
2018-05-30 16:53:19 EXEC SPC_GET_PERMISSION_AUTH '999','component-list-detail','view';
2018-05-30 16:53:19 EXEC SPC_COM_GET_COMBOBOX 'unit_q_div';
2018-05-30 17:04:48 EXEC SPC_GET_PERMISSION_AUTH '999','input-output-detail','view';
2018-05-30 17:04:48 EXEC SPC_COM_GET_COMBOBOX 'in_out_div';
2018-05-30 17:04:48 EXEC SPC_COM_GET_COMBOBOX 'in_out_data_div';
2018-05-30 17:04:50 EXEC SPC_GET_PERMISSION_AUTH '999','component-list-detail','view';
2018-05-30 17:04:50 EXEC SPC_COM_GET_COMBOBOX 'unit_q_div';
2018-05-30 17:04:54 EXEC SPC_GET_PERMISSION_AUTH '999','popup-component-product-search','view';
2018-05-30 17:04:57 EXEC SPC_GET_PERMISSION_AUTH '999','popup-component-product-search','search';
2018-05-30 17:04:57 EXEC SPC_COMPONENT_PRODUCT_FND '','','1','','1','10';
2018-05-30 17:04:59 EXEC SPC_GET_ITEM '0002';
2018-05-30 17:04:59 EXEC SPC_GET_PERMISSION_AUTH '999','','view';
2018-05-30 17:04:59 EXEC SPC_070_COMPONENT_LIST_DETAIL_INQ1 '0002','';
2018-05-30 17:05:00 EXEC SPC_GET_PERMISSION_AUTH '999','popup-component-product-search','view';
2018-05-30 17:05:03 EXEC SPC_GET_PERMISSION_AUTH '999','popup-component-product-search','search';
2018-05-30 17:05:03 EXEC SPC_COMPONENT_PRODUCT_FND '','','','1','1','10';
2018-05-30 17:05:05 EXEC SPC_GET_ITEM '00005';
2018-05-30 17:05:05 EXEC SPC_GET_PERMISSION_AUTH '999','','view';
2018-05-30 17:05:05 EXEC SPC_070_COMPONENT_LIST_DETAIL_INQ1 '0002','00005';
2018-05-30 17:05:09 EXEC SPC_GET_PERMISSION_AUTH '999','component-list-detail','save';
2018-05-30 17:05:09 EXEC SPC_070_COMPONENT_LIST_DETAIL_ACT1 'I','0002','00005','9','001','','','','111','070_component-list-detail','192.168.5.206';
2018-05-30 17:05:10 EXEC SPC_GET_PERMISSION_AUTH '999','','view';
2018-05-30 17:05:10 EXEC SPC_070_COMPONENT_LIST_DETAIL_INQ1 '0002','00005';
2018-05-30 17:05:17 EXEC SPC_GET_PERMISSION_AUTH '999','component-list-detail','save';
2018-05-30 17:05:18 EXEC SPC_070_COMPONENT_LIST_DETAIL_ACT1 'U','0002','00005','9','001','','','','111','070_component-list-detail','192.168.5.206';
2018-05-30 17:05:18 EXEC SPC_GET_PERMISSION_AUTH '999','','view';
2018-05-30 17:05:18 EXEC SPC_070_COMPONENT_LIST_DETAIL_INQ1 '0002','00005';
2018-05-30 17:05:20 EXEC SPC_GET_PERMISSION_AUTH '999','component-list-detail','view';
2018-05-30 17:05:20 EXEC SPC_COM_GET_COMBOBOX 'unit_q_div';
2018-05-30 17:05:23 EXEC SPC_GET_ITEM '0002';
2018-05-30 17:05:24 EXEC SPC_GET_PERMISSION_AUTH '999','','view';
2018-05-30 17:05:24 EXEC SPC_070_COMPONENT_LIST_DETAIL_INQ1 '0002','';
2018-05-30 17:05:26 EXEC SPC_GET_PERMISSION_AUTH '999','popup-component-product-search','view';
2018-05-30 17:05:29 EXEC SPC_GET_PERMISSION_AUTH '999','popup-component-product-search','search';
2018-05-30 17:05:29 EXEC SPC_COMPONENT_PRODUCT_FND '','','','1','1','10';
2018-05-30 17:05:31 EXEC SPC_GET_ITEM '00005';
2018-05-30 17:05:31 EXEC SPC_GET_PERMISSION_AUTH '999','','view';
2018-05-30 17:05:31 EXEC SPC_070_COMPONENT_LIST_DETAIL_INQ1 '0002','00005';
2018-05-30 17:33:18 EXEC SPC_GET_PERMISSION_AUTH '999','order-confirm','view';
2018-05-30 17:33:25 EXEC SPC_GET_PERMISSION_AUTH '999','pi-search','view';
2018-05-30 17:33:27 EXEC SPC_COM_GET_COMBOBOX 'pi_status_div';
2018-05-30 17:33:29 EXEC SPC_GET_PERMISSION_AUTH '999','pi-search','search';
2018-05-30 17:33:29 EXEC SPC_002_PI_SEARCH_FND1 '','','','','','','','','1','10';
2018-05-30 17:33:32 EXEC SPC_GET_PERMISSION_AUTH '999','','view';
2018-05-30 17:33:45 EXEC SPC_GET_PERMISSION_AUTH '999','pi-search','search';
2018-05-30 17:33:45 EXEC SPC_002_PI_SEARCH_FND1 '','','','','','','','','1','10';
2018-05-30 17:33:48 EXEC SPC_GET_PERMISSION_AUTH '999','','view';
2018-05-30 17:34:23 EXEC SPC_GET_PERMISSION_AUTH '999','pi-search','search';
2018-05-30 17:34:23 EXEC SPC_002_PI_SEARCH_FND1 '','','','','','','','10','1','10';
2018-05-30 17:34:25 EXEC SPC_GET_PERMISSION_AUTH '999','pi-search','search';
2018-05-30 17:34:25 EXEC SPC_002_PI_SEARCH_FND1 '','','','','','','','','1','10';
2018-05-30 17:37:16 EXEC SPC_GET_PERMISSION_AUTH '999','input-output-detail','view';
2018-05-30 17:37:16 EXEC SPC_COM_GET_COMBOBOX 'in_out_div';
2018-05-30 17:37:16 EXEC SPC_COM_GET_COMBOBOX 'in_out_data_div';
2018-05-30 17:37:28 EXEC SPC_GET_PERMISSION_AUTH '999','manufacturing-instruction-search','view';
2018-05-30 17:37:28 EXEC SPC_COM_GET_COMBOBOX 'outsourcing_div';
2018-05-30 17:37:28 EXEC SPC_COM_GET_COMBOBOX 'production_status_div';
2018-05-30 17:37:28 EXEC SPC_COM_GET_COMBOBOX 'done_div';
2018-05-30 17:37:31 EXEC SPC_GET_PERMISSION_AUTH '999','component-list-detail','view';
2018-05-30 17:37:31 EXEC SPC_COM_GET_COMBOBOX 'unit_q_div';
2018-05-30 17:37:35 EXEC SPC_GET_ITEM '01133';
2018-05-30 17:37:35 EXEC SPC_GET_PERMISSION_AUTH '999','','view';
2018-05-30 17:37:35 EXEC SPC_070_COMPONENT_LIST_DETAIL_INQ1 '01133','';
2018-05-30 17:37:37 EXEC SPC_GET_ITEM '';
2018-05-30 17:37:37 EXEC SPC_GET_PERMISSION_AUTH '999','','view';
2018-05-30 17:37:37 EXEC SPC_070_COMPONENT_LIST_DETAIL_INQ1 '','';
2018-05-30 18:01:09 EXEC SPC_GET_PERMISSION_AUTH '999','pi-detail','view';
2018-05-30 18:01:09 EXEC SPC_COM_GET_COMBOBOX 'port_country_div';
2018-05-30 18:01:09 EXEC SPC_COM_GET_COMBOBOX 'port_city_div';
2018-05-30 18:01:09 EXEC SPC_COM_GET_COMBOBOX 'shipment_div';
2018-05-30 18:01:09 EXEC SPC_COM_GET_COMBOBOX 'currency_div';
2018-05-30 18:01:09 EXEC SPC_COM_GET_COMBOBOX 'trade_terms_div';
2018-05-30 18:01:09 EXEC SPC_COM_GET_COMBOBOX 'payment_conditions_div';
2018-05-30 18:01:09 EXEC SPC_COM_GET_COMBOBOX 'unit_q_div';
2018-05-30 18:01:09 EXEC SPC_COM_GET_COMBOBOX 'unit_w_div';
2018-05-30 18:01:09 EXEC SPC_COM_GET_COMBOBOX 'unit_m_div';
2018-05-30 18:01:09 EXEC SPC_COM_GET_COMBOBOX 'sales_detail_div';
2018-05-30 18:01:09 EXEC SPC_COM_GET_COMBOBOX 'bank_div';
2018-05-30 18:01:10 EXEC SPC_GET_PERMISSION_AUTH '999','pi-detail','view';
2018-05-30 18:01:10 EXEC SPC_COM_GET_COMBOBOX 'port_country_div';
2018-05-30 18:01:10 EXEC SPC_COM_GET_COMBOBOX 'port_city_div';
2018-05-30 18:01:10 EXEC SPC_COM_GET_COMBOBOX 'shipment_div';
2018-05-30 18:01:10 EXEC SPC_COM_GET_COMBOBOX 'currency_div';
2018-05-30 18:01:10 EXEC SPC_COM_GET_COMBOBOX 'trade_terms_div';
2018-05-30 18:01:10 EXEC SPC_GET_PERMISSION_AUTH '999','pi-detail','view';
2018-05-30 18:01:10 EXEC SPC_COM_GET_COMBOBOX 'port_country_div';
2018-05-30 18:01:10 EXEC SPC_COM_GET_COMBOBOX 'port_city_div';
s_div';
2018-05-30 18:01:10 EXEC SPC_COM_GET_COMBOBOX 'shipment_div';
2018-05-30 18:01:10 EXEC SPC_COM_GET_COMBOBOX 'unit_q_div';
2018-05-30 18:01:10 EXEC SPC_COM_GET_COMBOBOX 'currency_div';
2018-05-30 18:01:10 EXEC SPC_COM_GET_COMBOBOX 'unit_w_div';
2018-05-30 18:01:10 EXEC SPC_COM_GET_COMBOBOX 'trade_terms_div';
2018-05-30 18:01:10 EXEC SPC_COM_GET_COMBOBOX 'unit_m_div';
2018-05-30 18:01:10 EXEC SPC_COM_GET_COMBOBOX 'sales_detail_div';
2018-05-30 18:01:10 EXEC SPC_COM_GET_COMBOBOX 'payment_conditions_div';
2018-05-30 18:01:10 EXEC SPC_COM_GET_COMBOBOX 'bank_div';
2018-05-30 18:01:10 EXEC SPC_COM_GET_COMBOBOX 'unit_q_div';
2018-05-30 18:01:10 EXEC SPC_COM_GET_COMBOBOX 'unit_w_div';
2018-05-30 18:01:10 EXEC SPC_COM_GET_COMBOBOX 'unit_m_div';
2018-05-30 18:01:10 EXEC SPC_COM_GET_COMBOBOX 'sales_detail_div';
2018-05-30 18:01:10 EXEC SPC_COM_GET_COMBOBOX 'bank_div';
2018-05-30 18:01:12 EXEC SPC_GET_TAX_RATE '2018/05/30';
2018-05-30 18:01:12 EXEC SPC_GET_PERMISSION_AUTH '999','','view';
2018-05-30 18:01:12 EXEC SPC_COM_GET_COMBOBOX 'unit_q_div';
2018-05-30 18:01:12 EXEC SPC_COM_GET_COMBOBOX 'unit_w_div';
2018-05-30 18:01:12 EXEC SPC_COM_GET_COMBOBOX 'unit_m_div';
2018-05-30 18:01:12 EXEC SPC_COM_GET_COMBOBOX 'sales_detail_div';
2018-05-30 18:01:12 EXEC SPC_001_PI_DETAIL_INQ1 'RT-130827001';
2018-05-30 18:01:13 EXEC SPC_GET_TAX_RATE '2013/08/27';
2018-05-30 18:01:18 EXEC SPC_GET_PERMISSION_AUTH '999','pi-search','print';
2018-05-30 18:01:18 EXEC SPC_GET_CONSTANT '';
2018-05-30 18:01:18 EXEC SPC_003_PI_EXCEL_ACT1 '{"pi_no":"RT-130827001","pi_status_div":"30"}','111','003_pi-excel','192.168.5.206';
