2018-01-24 10:29:40 EXEC SPC_COM_GET_COMBOBOX 'port_country_div';
2018-01-24 10:29:40 EXEC SPC_COM_GET_COMBOBOX 'unit_q_div';
2018-01-24 10:29:40 EXEC SPC_COM_GET_COMBOBOX 'currency_div';
2018-01-24 10:29:40 EXEC SPC_COM_GET_COMBOBOX 'port_city_div';
2018-01-24 10:29:41 EXEC SPC_COM_GET_COMBOBOX 'payment_conditions_div';
2018-01-24 10:29:41 EXEC SPC_COM_GET_COMBOBOX 'trade_terms_div';
2018-01-24 10:29:41 EXEC SPC_COM_GET_COMBOBOX 'shipment_div';
2018-01-24 10:29:41 EXEC SPC_COM_GET_COMBOBOX 'unit_w_div';
2018-01-24 10:29:41 EXEC SPC_COM_GET_COMBOBOX 'unit_m_div';
2018-01-24 10:29:41 EXEC SPC_COM_GET_COMBOBOX 'sales_detail_div';
2018-01-24 10:29:41 EXEC SPC_GET_TAX_RATE '2018/01/24';
2018-01-24 10:29:41 EXEC SPC_COM_GET_COMBOBOX 'bank_div';
2018-01-24 10:29:49 EXEC SPC_COM_GET_COMBOBOX 'pi_status_div';
2018-01-24 10:32:26 EXEC SPC_002_PI_SEARCH_FND1 '','','','','','','','20','1','10';
2018-01-24 10:33:25 EXEC SPC_002_PI_SEARCH_FND1 '','','','','','','','20','2','10';
2018-01-24 10:33:30 EXEC SPC_002_PI_SEARCH_FND1 '','','','','','','','20','3','10';
2018-01-24 10:33:34 EXEC SPC_COM_GET_COMBOBOX 'port_country_div';
2018-01-24 10:33:34 EXEC SPC_COM_GET_COMBOBOX 'payment_conditions_div';
2018-01-24 10:33:34 EXEC SPC_COM_GET_COMBOBOX 'port_city_div';
2018-01-24 10:33:34 EXEC SPC_COM_GET_COMBOBOX 'currency_div';
2018-01-24 10:33:34 EXEC SPC_COM_GET_COMBOBOX 'trade_terms_div';
2018-01-24 10:33:35 EXEC SPC_COM_GET_COMBOBOX 'shipment_div';
2018-01-24 10:33:35 EXEC SPC_COM_GET_COMBOBOX 'unit_q_div';
2018-01-24 10:33:35 EXEC SPC_COM_GET_COMBOBOX 'unit_w_div';
2018-01-24 10:33:35 EXEC SPC_COM_GET_COMBOBOX 'bank_div';
2018-01-24 10:33:35 EXEC SPC_COM_GET_COMBOBOX 'unit_m_div';
2018-01-24 10:33:35 EXEC SPC_COM_GET_COMBOBOX 'sales_detail_div';
2018-01-24 10:33:35 EXEC SPC_GET_TAX_RATE '2018/01/24';
2018-01-24 10:33:35 EXEC SPC_001_PI_DETAIL_INQ1 'RT-131217001';
2018-01-24 10:33:36 EXEC SPC_COM_GET_COMBOBOX 'unit_m_div';
2018-01-24 10:33:36 EXEC SPC_COM_GET_COMBOBOX 'unit_w_div';
2018-01-24 10:33:36 EXEC SPC_COM_GET_COMBOBOX 'sales_detail_div';
2018-01-24 10:33:36 EXEC SPC_GET_TAX_RATE '2013/12/17';
2018-01-24 10:33:36 EXEC SPC_COM_GET_COMBOBOX 'unit_q_div';
2018-01-24 10:34:36 EXEC SPC_GET_CONSTANT '';
2018-01-24 10:34:36 EXEC SPC_003_PI_EXCEL_INQ1 'RT-131217001','','003_pi-excel','';
2018-01-24 10:44:57 EXEC SPC_COM_GET_COMBOBOX 'pi_status_div';
2018-01-24 10:51:37 EXEC SPC_GET_CONSTANT '';
2018-01-24 10:51:37 EXEC SPC_003_PI_EXCEL_INQ1 'RT-131217001','','003_pi-excel','';
2018-01-24 10:52:06 EXEC SPC_GET_CONSTANT '';
2018-01-24 10:52:06 EXEC SPC_003_PI_EXCEL_INQ1 'RT-131217001','','003_pi-excel','';
2018-01-24 10:52:47 EXEC SPC_GET_CONSTANT '';
2018-01-24 10:52:47 EXEC SPC_003_PI_EXCEL_INQ1 'RT-131217001','','003_pi-excel','';
2018-01-24 10:55:53 EXEC SPC_GET_CONSTANT '';
2018-01-24 10:55:53 EXEC SPC_003_PI_EXCEL_INQ1 'RT-131217001','','003_pi-excel','';
2018-01-24 11:00:03 EXEC SPC_GET_CONSTANT '';
2018-01-24 11:00:03 EXEC SPC_003_PI_EXCEL_INQ1 'RT-131217001','','003_pi-excel','';
2018-01-24 11:04:39 EXEC SPC_GET_CONSTANT '';
2018-01-24 11:04:39 EXEC SPC_003_PI_EXCEL_INQ1 'RT-131217001','','003_pi-excel','';
2018-01-24 11:20:12 EXEC SPC_GET_CONSTANT '';
2018-01-24 11:20:12 EXEC SPC_003_PI_EXCEL_INQ1 'RT-131217001','','003_pi-excel','';
2018-01-24 11:21:00 EXEC SPC_GET_TAX_RATE '2013/12/17';
2018-01-24 11:21:01 EXEC SPC_COM_GET_COMBOBOX 'unit_q_div';
2018-01-24 11:21:01 EXEC SPC_COM_GET_COMBOBOX 'unit_w_div';
2018-01-24 11:21:01 EXEC SPC_COM_GET_COMBOBOX 'sales_detail_div';
2018-01-24 11:21:01 EXEC SPC_COM_GET_COMBOBOX 'unit_m_div';
2018-01-24 11:21:19 EXEC SPC_GET_CONSTANT '';
2018-01-24 11:21:19 EXEC SPC_003_PI_EXCEL_INQ1 'RT-131217001','','003_pi-excel','';
2018-01-24 11:21:48 EXEC SPC_COM_GET_COMBOBOX 'sales_detail_div';
2018-01-24 11:21:48 EXEC SPC_GET_TAX_RATE '2013/12/17';
2018-01-24 11:21:48 EXEC SPC_COM_GET_COMBOBOX 'unit_m_div';
2018-01-24 11:21:48 EXEC SPC_COM_GET_COMBOBOX 'unit_w_div';
2018-01-24 11:21:48 EXEC SPC_COM_GET_COMBOBOX 'unit_q_div';
2018-01-24 11:21:50 EXEC SPC_GET_CONSTANT '';
2018-01-24 11:21:50 EXEC SPC_003_PI_EXCEL_INQ1 'RT-131217001','','003_pi-excel','';
2018-01-24 11:22:08 EXEC SPC_GET_CONSTANT '';
2018-01-24 11:22:08 EXEC SPC_003_PI_EXCEL_INQ1 'RT-131217001','','003_pi-excel','';
2018-01-24 11:22:20 EXEC SPC_GET_CONSTANT '';
2018-01-24 11:22:20 EXEC SPC_003_PI_EXCEL_INQ1 'RT-131217001','','003_pi-excel','';
2018-01-24 11:24:21 EXEC SPC_GET_CONSTANT '';
2018-01-24 11:24:21 EXEC SPC_003_PI_EXCEL_INQ1 'RT-131217001','','003_pi-excel','';
2018-01-24 11:39:50 EXEC SPC_GET_CONSTANT '';
2018-01-24 11:39:50 EXEC SPC_003_PI_EXCEL_INQ1 'RT-131217001','','003_pi-excel','';
2018-01-24 11:42:48 EXEC SPC_GET_CONSTANT '';
2018-01-24 11:42:48 EXEC SPC_003_PI_EXCEL_INQ1 'RT-131217001','','003_pi-excel','';
2018-01-24 11:43:15 EXEC SPC_001_PI_DETAIL_ACT4 'RT-131217001','','','001_pi-detail','';
2018-01-24 11:43:16 EXEC SPC_001_PI_DETAIL_INQ1 'RT-131217001';
2018-01-24 11:43:17 EXEC SPC_GET_TAX_RATE '2013/12/17';
2018-01-24 11:43:17 EXEC SPC_COM_GET_COMBOBOX 'unit_m_div';
2018-01-24 11:43:17 EXEC SPC_COM_GET_COMBOBOX 'unit_q_div';
2018-01-24 11:43:17 EXEC SPC_COM_GET_COMBOBOX 'sales_detail_div';
2018-01-24 11:43:17 EXEC SPC_COM_GET_COMBOBOX 'unit_w_div';
2018-01-24 11:43:26 EXEC SPC_001_PI_DETAIL_ACT1 'A','RT-131217001','10','2013/12/17','F0262','ALCAPORT TRADE','No. 9A Chopin Street, Ideal Subdivision','Commonwealth Avenue, Philippines 1118','1118','040','PH','632-585-6516','632-962-5436','','ALCAPORT TRADE ASIA','No. 9A Chopin Street, Ideal Subdivision','Commonwealth Avenue, Philippines 1118','1118','040','PH','632-585-6516','632-962-5436','VietNam','Manila','Singapo','MADE IN JAPAN','Standard Export Carton','02','USD','060','01','03','040','PH','01','Advance payment','[{"pi_detail_no":"1","sales_detail_div":"0","product_cd":"10003","description":"Digital Photoelectric Colorimeter Model AP-120 with standard accessories","qty":"10","unit_of_m_div":"001","unit_price":"500","amount":"5000","detail_tax":"250","unit_measure_qty":"10","unit_measure_price":"001","outside_remarks":"","unit_net_weight":"10","unit_net_weight_div":"001","net_weight":"100","unit_gross_weight":"10","gross_weight":"100","measure":"100"},{"pi_detail_no":"2","sales_detail_div":"0","product_cd":"10001","description":"Mobile Photoelectric colorimeter Model AP-1000M with standard accessories","qty":"10","unit_of_m_div":"001","unit_price":"750","amount":"7500","detail_tax":"375","unit_measure_qty":"10","unit_measure_price":"001","outside_remarks":"","unit_net_weight":"0.8","unit_net_weight_div":"001","net_weight":"8","unit_gross_weight":"1.7","gross_weight":"17","measure":"100"},{"pi_detail_no":"3","sales_detail_div":"0","product_cd":"000111","description":"Description Mobile Photoelectric colorimeter Model AP-1000M with standard accessories Mobile Photoelectric colorimeter M","qty":"10","unit_of_m_div":"003","unit_price":"10","amount":"100","detail_tax":"5","unit_measure_qty":"51","unit_measure_price":"001","outside_remarks":"","unit_net_weight":"15659","unit_net_weight_div":"001","net_weight":"156590","unit_gross_weight":"2194","gross_weight":"21940","measure":"510"}]','30','001','22057','001','156698','001','710','001','12600','10','0','0','12610','Around 3 weeks after receipt of payment','','Japan','APEL CO.,LTD.','This Proforma invoice is valid for 3 weeks from the date of  issue.','- If a consulate visa is required, the related fees should be paid by the buyer.','- In case of transport by air and/or container, FOB, C&F and CIF in this proforma invoice','shall be respectively equivalent to FCA, CPT and CIP stipulated in Incoterms 2000.','- In the even that the dollar (euro)falls against the Japanese yen by more than 5% from','the rate of proforma invoice date, the prices will not be effective.','Other Conditions 6','*** Warranty period after shipment***','3 years: PD-303, BR-501','1 year: AP-120, AP-1000M, PD-303S, PD-3000UV, BR-5200, BR-5200P, HC-702','','002','','','001_pi-detail','';
2018-01-24 11:43:27 EXEC SPC_001_PI_DETAIL_INQ1 'RT-131217001';
2018-01-24 11:43:27 EXEC SPC_COM_GET_COMBOBOX 'unit_m_div';
2018-01-24 11:43:27 EXEC SPC_COM_GET_COMBOBOX 'sales_detail_div';
2018-01-24 11:43:27 EXEC SPC_GET_TAX_RATE '2013/12/17';
2018-01-24 11:43:27 EXEC SPC_COM_GET_COMBOBOX 'unit_q_div';
2018-01-24 11:43:28 EXEC SPC_COM_GET_COMBOBOX 'unit_w_div';
2018-01-24 11:43:30 EXEC SPC_001_PI_DETAIL_ACT3 'RT-131217001','','','001_pi-detail','';
2018-01-24 11:43:31 EXEC SPC_001_PI_DETAIL_INQ1 'RT-131217001';
2018-01-24 11:43:32 EXEC SPC_COM_GET_COMBOBOX 'unit_w_div';
2018-01-24 11:43:32 EXEC SPC_COM_GET_COMBOBOX 'unit_m_div';
2018-01-24 11:43:32 EXEC SPC_COM_GET_COMBOBOX 'sales_detail_div';
2018-01-24 11:43:32 EXEC SPC_GET_TAX_RATE '2013/12/17';
2018-01-24 11:43:32 EXEC SPC_COM_GET_COMBOBOX 'unit_q_div';
2018-01-24 11:43:35 EXEC SPC_GET_CONSTANT '';
2018-01-24 11:43:35 EXEC SPC_003_PI_EXCEL_INQ1 'RT-131217001','','003_pi-excel','';
2018-01-24 11:45:03 EXEC SPC_001_PI_DETAIL_ACT4 'RT-131217001','','','001_pi-detail','';
2018-01-24 11:45:04 EXEC SPC_001_PI_DETAIL_INQ1 'RT-131217001';
2018-01-24 11:45:05 EXEC SPC_GET_TAX_RATE '2013/12/17';
2018-01-24 11:45:05 EXEC SPC_COM_GET_COMBOBOX 'unit_w_div';
2018-01-24 11:45:05 EXEC SPC_COM_GET_COMBOBOX 'sales_detail_div';
2018-01-24 11:45:05 EXEC SPC_COM_GET_COMBOBOX 'unit_q_div';
2018-01-24 11:45:05 EXEC SPC_COM_GET_COMBOBOX 'unit_m_div';
2018-01-24 11:45:16 EXEC SPC_001_PI_DETAIL_ACT1 'A','RT-131217001','10','2013/12/17','F0262','ALCAPORT TRADE','No. 9A Chopin Street, Ideal Subdivision','Commonwealth Avenue, Philippines 1118','1118','040','PH','632-585-6516','632-962-5436','','ALCAPORT TRADE ASIA','No. 9A Chopin Street, Ideal Subdivision','Commonwealth Avenue, Philippines 1118','1118','040','PH','632-585-6516','632-962-5436','VietNam','Manila','Singapo','MADE IN JAPAN','Standard Export Carton','02','USD','060','01','03','040','PH','01','Advance payment','[{"pi_detail_no":"1","sales_detail_div":"0","product_cd":"10003","description":"Digital Photoelectric Colorimeter Model AP-120 with standard accessories","qty":"10","unit_of_m_div":"001","unit_price":"500","amount":"5000","detail_tax":"250","unit_measure_qty":"10","unit_measure_price":"001","outside_remarks":"","unit_net_weight":"10","unit_net_weight_div":"001","net_weight":"100","unit_gross_weight":"10","gross_weight":"100","measure":"100"},{"pi_detail_no":"2","sales_detail_div":"0","product_cd":"10001","description":"Mobile Photoelectric colorimeter Model AP-1000M with standard accessories","qty":"10","unit_of_m_div":"001","unit_price":"750","amount":"7500","detail_tax":"375","unit_measure_qty":"10","unit_measure_price":"001","outside_remarks":"","unit_net_weight":"0.8","unit_net_weight_div":"001","net_weight":"8","unit_gross_weight":"1.7","gross_weight":"17","measure":"100"},{"pi_detail_no":"3","sales_detail_div":"0","product_cd":"000111","description":"Description Mobile Photoelectric colorimeter Model AP-1000M with standard accessories Mobile Photoelectric colorimeter M","qty":"10","unit_of_m_div":"003","unit_price":"10","amount":"100","detail_tax":"5","unit_measure_qty":"51","unit_measure_price":"001","outside_remarks":"","unit_net_weight":"15659","unit_net_weight_div":"001","net_weight":"156590","unit_gross_weight":"2194","gross_weight":"21940","measure":"510"}]','30','001','22057','001','156698','001','710','001','12600','10','0','0','12610','Around 3 weeks after receipt of payment','','Japan','APEL CO.,LTD.','This Proforma invoice is valid for 3 weeks from the date of  issue.','- If a consulate visa is required, the related fees should be paid by the buyer.','- In case of transport by air and/or container, FOB, C&F and CIF in this proforma invoice','shall be respectively equivalent to FCA, CPT and CIP stipulated in Incoterms 2000.','- In the even that the dollar (euro)falls against the Japanese yen by more than 5% from','the rate of proforma invoice date, the prices will not be effective.','Other Conditions 6','*** Warranty period after shipment***','3 years: PD-303, BR-501','1 year: AP-120, AP-1000M, PD-303S, PD-3000UV, BR-5200, BR-5200P, HC-702','Other Conditions 10','002','','','001_pi-detail','';
2018-01-24 11:45:26 EXEC SPC_001_PI_DETAIL_INQ1 'RT-131217001';
2018-01-24 11:45:27 EXEC SPC_COM_GET_COMBOBOX 'unit_q_div';
2018-01-24 11:45:27 EXEC SPC_COM_GET_COMBOBOX 'unit_m_div';
2018-01-24 11:45:27 EXEC SPC_COM_GET_COMBOBOX 'unit_w_div';
2018-01-24 11:45:27 EXEC SPC_COM_GET_COMBOBOX 'sales_detail_div';
2018-01-24 11:45:27 EXEC SPC_GET_TAX_RATE '2013/12/17';
2018-01-24 11:45:30 EXEC SPC_001_PI_DETAIL_ACT3 'RT-131217001','','','001_pi-detail','';
2018-01-24 11:45:31 EXEC SPC_001_PI_DETAIL_INQ1 'RT-131217001';
2018-01-24 11:45:31 EXEC SPC_COM_GET_COMBOBOX 'sales_detail_div';
2018-01-24 11:45:31 EXEC SPC_GET_TAX_RATE '2013/12/17';
2018-01-24 11:45:31 EXEC SPC_COM_GET_COMBOBOX 'unit_m_div';
2018-01-24 11:45:31 EXEC SPC_COM_GET_COMBOBOX 'unit_q_div';
2018-01-24 11:45:31 EXEC SPC_COM_GET_COMBOBOX 'unit_w_div';
2018-01-24 11:45:38 EXEC SPC_GET_CONSTANT '';
2018-01-24 11:45:38 EXEC SPC_003_PI_EXCEL_INQ1 'RT-131217001','','003_pi-excel','';
2018-01-24 11:46:26 EXEC SPC_073_LOGIN_ACT1 '001','123456';
2018-01-24 11:46:26 EXEC SPC_GET_CONSTANT '';
2018-01-24 11:46:36 EXEC SPC_COM_GET_COMBOBOX 'currency_div';
2018-01-24 11:46:36 EXEC SPC_COM_GET_COMBOBOX 'shipment_div';
2018-01-24 11:46:36 EXEC SPC_COM_GET_COMBOBOX 'payment_conditions_div';
2018-01-24 11:46:36 EXEC SPC_COM_GET_COMBOBOX 'port_city_div';
2018-01-24 11:46:36 EXEC SPC_COM_GET_COMBOBOX 'trade_terms_div';
2018-01-24 11:46:36 EXEC SPC_COM_GET_COMBOBOX 'port_country_div';
2018-01-24 11:46:36 EXEC SPC_COM_GET_COMBOBOX 'unit_w_div';
2018-01-24 11:46:36 EXEC SPC_COM_GET_COMBOBOX 'unit_m_div';
2018-01-24 11:46:36 EXEC SPC_COM_GET_COMBOBOX 'unit_q_div';
2018-01-24 11:46:36 EXEC SPC_COM_GET_COMBOBOX 'bank_div';
2018-01-24 11:46:36 EXEC SPC_COM_GET_COMBOBOX 'sales_detail_div';
2018-01-24 11:46:36 EXEC SPC_GET_TAX_RATE '2018/01/24';
2018-01-24 11:46:38 EXEC SPC_001_PI_DETAIL_INQ1 'RT-131217001';
2018-01-24 11:46:39 EXEC SPC_GET_TAX_RATE '2013/12/17';
2018-01-24 11:46:39 EXEC SPC_COM_GET_COMBOBOX 'unit_m_div';
2018-01-24 11:46:39 EXEC SPC_COM_GET_COMBOBOX 'sales_detail_div';
2018-01-24 11:46:39 EXEC SPC_COM_GET_COMBOBOX 'unit_w_div';
2018-01-24 11:46:39 EXEC SPC_COM_GET_COMBOBOX 'unit_q_div';
2018-01-24 11:52:22 EXEC SPC_GET_CONSTANT '';
2018-01-24 11:52:22 EXEC SPC_003_PI_EXCEL_INQ1 'RT-131217001','001','003_pi-excel','192.168.5.206';
2018-01-24 11:52:56 EXEC SPC_COM_GET_COMBOBOX 'port_country_div';
2018-01-24 11:52:56 EXEC SPC_COM_GET_COMBOBOX 'unit_q_div';
2018-01-24 11:52:57 EXEC SPC_COM_GET_COMBOBOX 'unit_w_div';
2018-01-24 11:52:57 EXEC SPC_COM_GET_COMBOBOX 'port_city_div';
2018-01-24 11:52:57 EXEC SPC_COM_GET_COMBOBOX 'shipment_div';
2018-01-24 11:52:57 EXEC SPC_COM_GET_COMBOBOX 'trade_terms_div';
2018-01-24 11:52:57 EXEC SPC_COM_GET_COMBOBOX 'payment_conditions_div';
2018-01-24 11:52:57 EXEC SPC_COM_GET_COMBOBOX 'currency_div';
2018-01-24 11:52:57 EXEC SPC_COM_GET_COMBOBOX 'unit_m_div';
2018-01-24 11:52:57 EXEC SPC_COM_GET_COMBOBOX 'sales_detail_div';
2018-01-24 11:52:57 EXEC SPC_GET_TAX_RATE '2018/01/24';
2018-01-24 11:52:57 EXEC SPC_COM_GET_COMBOBOX 'bank_div';
2018-01-24 11:52:57 EXEC SPC_001_PI_DETAIL_INQ1 'RT-131217001';
2018-01-24 11:52:58 EXEC SPC_COM_GET_COMBOBOX 'unit_w_div';
2018-01-24 11:52:58 EXEC SPC_COM_GET_COMBOBOX 'unit_m_div';
2018-01-24 11:52:58 EXEC SPC_GET_TAX_RATE '2013/12/17';
2018-01-24 11:52:58 EXEC SPC_COM_GET_COMBOBOX 'sales_detail_div';
2018-01-24 11:52:58 EXEC SPC_COM_GET_COMBOBOX 'unit_q_div';
2018-01-24 11:53:03 EXEC SPC_001_PI_DETAIL_ACT4 'RT-131217001','','001','001_pi-detail','192.168.5.206';
2018-01-24 11:53:05 EXEC SPC_001_PI_DETAIL_INQ1 'RT-131217001';
2018-01-24 11:53:05 EXEC SPC_COM_GET_COMBOBOX 'unit_w_div';
2018-01-24 11:53:05 EXEC SPC_GET_TAX_RATE '2013/12/17';
2018-01-24 11:53:06 EXEC SPC_COM_GET_COMBOBOX 'unit_m_div';
2018-01-24 11:53:06 EXEC SPC_COM_GET_COMBOBOX 'unit_q_div';
2018-01-24 11:53:06 EXEC SPC_COM_GET_COMBOBOX 'sales_detail_div';
2018-01-24 11:54:34 EXEC SPC_COM_GET_COMBOBOX 'currency_div';
2018-01-24 11:54:34 EXEC SPC_COM_GET_COMBOBOX 'port_city_div';
2018-01-24 11:54:34 EXEC SPC_COM_GET_COMBOBOX 'port_country_div';
2018-01-24 11:54:34 EXEC SPC_COM_GET_COMBOBOX 'payment_conditions_div';
2018-01-24 11:54:34 EXEC SPC_COM_GET_COMBOBOX 'trade_terms_div';
2018-01-24 11:54:34 EXEC SPC_COM_GET_COMBOBOX 'shipment_div';
2018-01-24 11:54:35 EXEC SPC_COM_GET_COMBOBOX 'bank_div';
2018-01-24 11:54:35 EXEC SPC_COM_GET_COMBOBOX 'unit_w_div';
2018-01-24 11:54:35 EXEC SPC_COM_GET_COMBOBOX 'sales_detail_div';
2018-01-24 11:54:35 EXEC SPC_GET_TAX_RATE '2018/01/24';
2018-01-24 11:54:35 EXEC SPC_COM_GET_COMBOBOX 'unit_q_div';
2018-01-24 11:54:35 EXEC SPC_COM_GET_COMBOBOX 'unit_m_div';
2018-01-24 11:54:35 EXEC SPC_001_PI_DETAIL_INQ1 'RT-131217001';
2018-01-24 11:54:36 EXEC SPC_COM_GET_COMBOBOX 'unit_w_div';
2018-01-24 11:54:36 EXEC SPC_COM_GET_COMBOBOX 'unit_q_div';
2018-01-24 11:54:36 EXEC SPC_GET_TAX_RATE '2013/12/17';
2018-01-24 11:54:36 EXEC SPC_COM_GET_COMBOBOX 'sales_detail_div';
2018-01-24 11:54:36 EXEC SPC_COM_GET_COMBOBOX 'unit_m_div';
2018-01-24 11:54:40 EXEC SPC_001_PI_DETAIL_ACT3 'RT-131217001','','001','001_pi-detail','192.168.5.206';
2018-01-24 11:54:41 EXEC SPC_001_PI_DETAIL_INQ1 'RT-131217001';
2018-01-24 11:54:42 EXEC SPC_COM_GET_COMBOBOX 'unit_w_div';
2018-01-24 11:54:42 EXEC SPC_COM_GET_COMBOBOX 'unit_q_div';
2018-01-24 11:54:42 EXEC SPC_GET_TAX_RATE '2013/12/17';
2018-01-24 11:54:42 EXEC SPC_COM_GET_COMBOBOX 'unit_m_div';
2018-01-24 11:54:42 EXEC SPC_COM_GET_COMBOBOX 'sales_detail_div';
2018-01-24 11:55:07 EXEC SPC_001_PI_DETAIL_ACT4 'RT-131217001','','001','001_pi-detail','192.168.5.206';
2018-01-24 11:55:08 EXEC SPC_001_PI_DETAIL_INQ1 'RT-131217001';
2018-01-24 11:55:09 EXEC SPC_COM_GET_COMBOBOX 'unit_m_div';
2018-01-24 11:55:09 EXEC SPC_COM_GET_COMBOBOX 'unit_w_div';
2018-01-24 11:55:09 EXEC SPC_COM_GET_COMBOBOX 'sales_detail_div';
2018-01-24 11:55:09 EXEC SPC_GET_TAX_RATE '2013/12/17';
2018-01-24 11:55:09 EXEC SPC_COM_GET_COMBOBOX 'unit_q_div';
2018-01-24 11:55:43 EXEC SPC_COM_GET_COMBOBOX 'payment_conditions_div';
2018-01-24 11:55:43 EXEC SPC_COM_GET_COMBOBOX 'port_city_div';
2018-01-24 11:55:43 EXEC SPC_COM_GET_COMBOBOX 'currency_div';
;
2018-01-24 11:55:43 EXEC SPC_COM_GET_COMBOBOX 'shipment_div';
2018-01-24 11:55:43 EXEC SPC_COM_GET_COMBOBOX 'port_country_div';
2018-01-24 11:55:43 EXEC SPC_COM_GET_COMBOBOX 'bank_div';
2018-01-24 11:55:43 EXEC SPC_COM_GET_COMBOBOX 'unit_q_div';
2018-01-24 11:55:43 EXEC SPC_COM_GET_COMBOBOX 'unit_m_div';
2018-01-24 11:55:43 EXEC SPC_GET_TAX_RATE '2018/01/24';
2018-01-24 11:55:43 EXEC SPC_COM_GET_COMBOBOX 'sales_detail_div';
2018-01-24 11:55:44 EXEC SPC_001_PI_DETAIL_INQ1 'RT-131217001';
2018-01-24 11:55:44 EXEC SPC_COM_GET_COMBOBOX 'unit_q_div';
2018-01-24 11:55:44 EXEC SPC_COM_GET_COMBOBOX 'unit_w_div';
2018-01-24 11:55:44 EXEC SPC_COM_GET_COMBOBOX 'sales_detail_div';
2018-01-24 11:55:44 EXEC SPC_GET_TAX_RATE '2013/12/17';
2018-01-24 11:55:44 EXEC SPC_COM_GET_COMBOBOX 'unit_m_div';
2018-01-24 11:55:47 EXEC SPC_001_PI_DETAIL_ACT3 'RT-131217001','','001','001_pi-detail','192.168.5.206';
2018-01-24 11:55:48 EXEC SPC_001_PI_DETAIL_INQ1 'RT-131217001';
2018-01-24 11:55:48 EXEC SPC_COM_GET_COMBOBOX 'unit_w_div';
2018-01-24 11:55:48 EXEC SPC_COM_GET_COMBOBOX 'sales_detail_div';
2018-01-24 11:55:48 EXEC SPC_COM_GET_COMBOBOX 'unit_m_div';
2018-01-24 11:55:49 EXEC SPC_COM_GET_COMBOBOX 'unit_q_div';
2018-01-24 11:55:48 EXEC SPC_GET_TAX_RATE '2013/12/17';
2018-01-24 11:59:06 EXEC SPC_GET_CONSTANT '';
2018-01-24 11:59:06 EXEC SPC_003_PI_EXCEL_INQ1 'RT-131217001','001','003_pi-excel','192.168.5.206';
2018-01-24 12:00:15 EXEC SPC_001_PI_DETAIL_ACT4 'RT-131217001','','001','001_pi-detail','192.168.5.206';
2018-01-24 12:00:16 EXEC SPC_001_PI_DETAIL_INQ1 'RT-131217001';
2018-01-24 12:00:16 EXEC SPC_GET_TAX_RATE '2013/12/17';
2018-01-24 12:00:16 EXEC SPC_COM_GET_COMBOBOX 'unit_q_div';
2018-01-24 12:00:16 EXEC SPC_COM_GET_COMBOBOX 'unit_w_div';
2018-01-24 12:00:16 EXEC SPC_COM_GET_COMBOBOX 'sales_detail_div';
2018-01-24 12:00:17 EXEC SPC_COM_GET_COMBOBOX 'unit_m_div';
2018-01-24 12:00:53 EXEC SPC_077_USER_MASTER_SEARCH_FND1 '','','','1','10';
2018-01-24 12:00:54 EXEC SPC_GET_USER '001';
2018-01-24 12:00:57 EXEC SPC_001_PI_DETAIL_ACT1 'U','RT-131217001','10','2013/12/17','F0262','ALCAPORT TRADE','No. 9A Chopin Street, Ideal Subdivision','Commonwealth Avenue, Philippines 1118','1118','040','PH','632-585-6516','632-962-5436','','ALCAPORT TRADE ASIA','No. 9A Chopin Street, Ideal Subdivision','Commonwealth Avenue, Philippines 1118','1118','040','PH','632-585-6516','632-962-5436','VietNam','Manila','Singapo','MADE IN JAPAN','Standard Export Carton','02','USD','060','01','03','040','PH','01','Advance payment','[{"pi_detail_no":"1","sales_detail_div":"0","product_cd":"10003","description":"Digital Photoelectric Colorimeter Model AP-120 with standard accessories","qty":"10","unit_of_m_div":"001","unit_price":"500","amount":"5000","detail_tax":"250","unit_measure_qty":"10","unit_measure_price":"001","outside_remarks":"","unit_net_weight":"10","unit_net_weight_div":"001","net_weight":"100","unit_gross_weight":"10","gross_weight":"100","measure":"100"},{"pi_detail_no":"2","sales_detail_div":"0","product_cd":"10001","description":"Mobile Photoelectric colorimeter Model AP-1000M with standard accessories","qty":"10","unit_of_m_div":"001","unit_price":"750","amount":"7500","detail_tax":"375","unit_measure_qty":"10","unit_measure_price":"001","outside_remarks":"","unit_net_weight":"0.8","unit_net_weight_div":"001","net_weight":"8","unit_gross_weight":"1.7","gross_weight":"17","measure":"100"},{"pi_detail_no":"3","sales_detail_div":"0","product_cd":"000111","description":"Description Mobile Photoelectric colorimeter Model AP-1000M with standard accessories Mobile Photoelectric colorimeter M","qty":"10","unit_of_m_div":"003","unit_price":"10","amount":"100","detail_tax":"5","unit_measure_qty":"51","unit_measure_price":"001","outside_remarks":"","unit_net_weight":"15659","unit_net_weight_div":"001","net_weight":"156590","unit_gross_weight":"2194","gross_weight":"21940","measure":"510"}]','30','001','22057','001','156698','001','710','001','12600','10','0','0','12610','Around 3 weeks after receipt of payment','','Japan','APEL CO.,LTD.','This Proforma invoice is valid for 3 weeks from the date of  issue.','- If a consulate visa is required, the related fees should be paid by the buyer.','- In case of transport by air and/or container, FOB, C&F and CIF in this proforma invoice','shall be respectively equivalent to FCA, CPT and CIP stipulated in Incoterms 2000.','- In the even that the dollar (euro)falls against the Japanese yen by more than 5% from','the rate of proforma invoice date, the prices will not be effective.','Other Conditions 6','*** Warranty period after shipment***','3 years: PD-303, BR-501','1 year: AP-120, AP-1000M, PD-303S, PD-3000UV, BR-5200, BR-5200P, HC-702','Other Conditions 10','001','','001','001_pi-detail','192.168.5.206';
2018-01-24 12:00:58 EXEC SPC_001_PI_DETAIL_INQ1 'RT-131217001';
2018-01-24 12:00:59 EXEC SPC_COM_GET_COMBOBOX 'sales_detail_div';
2018-01-24 12:00:59 EXEC SPC_COM_GET_COMBOBOX 'unit_m_div';
2018-01-24 12:00:59 EXEC SPC_COM_GET_COMBOBOX 'unit_q_div';
2018-01-24 12:00:59 EXEC SPC_COM_GET_COMBOBOX 'unit_w_div';
2018-01-24 12:00:59 EXEC SPC_GET_TAX_RATE '2013/12/17';
2018-01-24 12:01:01 EXEC SPC_001_PI_DETAIL_ACT3 'RT-131217001','','001','001_pi-detail','192.168.5.206';
2018-01-24 12:01:02 EXEC SPC_001_PI_DETAIL_INQ1 'RT-131217001';
2018-01-24 12:01:03 EXEC SPC_COM_GET_COMBOBOX 'unit_w_div';
2018-01-24 12:01:03 EXEC SPC_GET_TAX_RATE '2013/12/17';
il_div';
2018-01-24 12:01:03 EXEC SPC_COM_GET_COMBOBOX 'unit_q_div';
2018-01-24 12:01:03 EXEC SPC_COM_GET_COMBOBOX 'unit_m_div';
2018-01-24 12:01:05 EXEC SPC_GET_CONSTANT '';
2018-01-24 12:01:05 EXEC SPC_003_PI_EXCEL_INQ1 'RT-131217001','001','003_pi-excel','192.168.5.206';
2018-01-24 12:09:48 EXEC SPC_COM_GET_COMBOBOX 'possible_div';
2018-01-24 12:09:55 EXEC SPC_057_LIBRARY_MASTER_SEARCH_FND1 'position_div','','','','','1','10';
2018-01-24 12:19:21 EXEC SPC_GET_CONSTANT '';
2018-01-24 12:19:21 EXEC SPC_003_PI_EXCEL_INQ1 'RT-131217001','001','003_pi-excel','192.168.5.206';
2018-01-24 12:20:18 EXEC SPC_GET_TAX_RATE '2013/12/17';
2018-01-24 12:20:19 EXEC SPC_COM_GET_COMBOBOX 'unit_q_div';
2018-01-24 12:20:19 EXEC SPC_COM_GET_COMBOBOX 'sales_detail_div';
2018-01-24 12:20:19 EXEC SPC_COM_GET_COMBOBOX 'unit_w_div';
2018-01-24 12:20:19 EXEC SPC_COM_GET_COMBOBOX 'unit_m_div';
2018-01-24 12:20:23 EXEC SPC_COM_GET_COMBOBOX 'currency_div';
2018-01-24 12:20:23 EXEC SPC_COM_GET_COMBOBOX 'payment_conditions_div';
2018-01-24 12:20:23 EXEC SPC_COM_GET_COMBOBOX 'port_country_div';
2018-01-24 12:20:23 EXEC SPC_COM_GET_COMBOBOX 'trade_terms_div';
2018-01-24 12:20:23 EXEC SPC_COM_GET_COMBOBOX 'shipment_div';
2018-01-24 12:20:24 EXEC SPC_COM_GET_COMBOBOX 'unit_w_div';
2018-01-24 12:20:24 EXEC SPC_COM_GET_COMBOBOX 'sales_detail_div';
2018-01-24 12:20:24 EXEC SPC_COM_GET_COMBOBOX 'unit_q_div';
2018-01-24 12:20:24 EXEC SPC_COM_GET_COMBOBOX 'unit_m_div';
2018-01-24 12:20:24 EXEC SPC_COM_GET_COMBOBOX 'port_city_div';
2018-01-24 12:20:24 EXEC SPC_GET_TAX_RATE '2018/01/24';
2018-01-24 12:20:24 EXEC SPC_001_PI_DETAIL_INQ1 'RT-131217001';
2018-01-24 12:20:25 EXEC SPC_GET_TAX_RATE '2013/12/17';
2018-01-24 12:20:25 EXEC SPC_COM_GET_COMBOBOX 'unit_m_div';
2018-01-24 12:20:25 EXEC SPC_COM_GET_COMBOBOX 'sales_detail_div';
2018-01-24 12:20:25 EXEC SPC_COM_GET_COMBOBOX 'unit_q_div';
2018-01-24 12:20:25 EXEC SPC_COM_GET_COMBOBOX 'unit_w_div';
2018-01-24 12:20:27 EXEC SPC_GET_CONSTANT '';
2018-01-24 12:20:27 EXEC SPC_003_PI_EXCEL_INQ1 'RT-131217001','001','003_pi-excel','192.168.5.206';
2018-01-24 12:20:30 EXEC SPC_COM_GET_COMBOBOX 'unit_m_div';
2018-01-24 12:20:30 EXEC SPC_GET_TAX_RATE '2013/12/17';
2018-01-24 12:20:30 EXEC SPC_COM_GET_COMBOBOX 'unit_w_div';
2018-01-24 12:20:30 EXEC SPC_COM_GET_COMBOBOX 'sales_detail_div';
2018-01-24 12:20:30 EXEC SPC_COM_GET_COMBOBOX 'unit_q_div';
2018-01-24 12:21:40 EXEC SPC_GET_CONSTANT '';
2018-01-24 12:21:40 EXEC SPC_003_PI_EXCEL_INQ1 'RT-131217001','001','003_pi-excel','192.168.5.206';
2018-01-24 12:21:43 EXEC SPC_GET_TAX_RATE '2013/12/17';
2018-01-24 12:21:43 EXEC SPC_COM_GET_COMBOBOX 'unit_w_div';
2018-01-24 12:21:43 EXEC SPC_COM_GET_COMBOBOX 'unit_q_div';
2018-01-24 12:21:43 EXEC SPC_COM_GET_COMBOBOX 'unit_m_div';
2018-01-24 12:21:43 EXEC SPC_COM_GET_COMBOBOX 'sales_detail_div';
2018-01-24 12:22:19 EXEC SPC_GET_CONSTANT '';
2018-01-24 12:22:19 EXEC SPC_003_PI_EXCEL_INQ1 'RT-131217001','001','003_pi-excel','192.168.5.206';
2018-01-24 12:22:23 EXEC SPC_COM_GET_COMBOBOX 'unit_m_div';
2018-01-24 12:22:23 EXEC SPC_GET_TAX_RATE '2013/12/17';
2018-01-24 12:22:23 EXEC SPC_COM_GET_COMBOBOX 'unit_w_div';
2018-01-24 12:22:23 EXEC SPC_COM_GET_COMBOBOX 'sales_detail_div';
2018-01-24 12:22:23 EXEC SPC_COM_GET_COMBOBOX 'unit_q_div';
2018-01-24 12:22:25 EXEC SPC_COM_GET_COMBOBOX 'trade_terms_div';
2018-01-24 12:22:25 EXEC SPC_COM_GET_COMBOBOX 'shipment_div';
2018-01-24 12:22:25 EXEC SPC_COM_GET_COMBOBOX 'currency_div';
2018-01-24 12:22:25 EXEC SPC_COM_GET_COMBOBOX 'payment_conditions_div';
2018-01-24 12:22:26 EXEC SPC_COM_GET_COMBOBOX 'port_country_div';
2018-01-24 12:22:26 EXEC SPC_COM_GET_COMBOBOX 'port_city_div';
2018-01-24 12:22:26 EXEC SPC_COM_GET_COMBOBOX 'unit_q_div';
2018-01-24 12:22:26 EXEC SPC_COM_GET_COMBOBOX 'unit_m_div';
2018-01-24 12:22:26 EXEC SPC_COM_GET_COMBOBOX 'sales_detail_div';
2018-01-24 12:22:26 EXEC SPC_COM_GET_COMBOBOX 'unit_w_div';
2018-01-24 12:22:26 EXEC SPC_GET_TAX_RATE '2018/01/24';
2018-01-24 12:22:26 EXEC SPC_COM_GET_COMBOBOX 'bank_div';
2018-01-24 12:22:26 EXEC SPC_001_PI_DETAIL_INQ1 'RT-131217001';
2018-01-24 12:22:27 EXEC SPC_COM_GET_COMBOBOX 'sales_detail_div';
2018-01-24 12:22:27 EXEC SPC_COM_GET_COMBOBOX 'unit_m_div';
2018-01-24 12:22:27 EXEC SPC_GET_TAX_RATE '2013/12/17';
2018-01-24 12:22:27 EXEC SPC_COM_GET_COMBOBOX 'unit_q_div';
2018-01-24 12:22:27 EXEC SPC_COM_GET_COMBOBOX 'unit_w_div';
2018-01-24 12:23:20 EXEC SPC_GET_CONSTANT '';
2018-01-24 12:23:20 EXEC SPC_003_PI_EXCEL_INQ1 'RT-131217001','001','003_pi-excel','192.168.5.206';
2018-01-24 12:23:23 EXEC SPC_COM_GET_COMBOBOX 'sales_detail_div';
2018-01-24 12:23:23 EXEC SPC_GET_TAX_RATE '2013/12/17';
2018-01-24 12:23:23 EXEC SPC_COM_GET_COMBOBOX 'unit_q_div';
2018-01-24 12:23:23 EXEC SPC_COM_GET_COMBOBOX 'unit_m_div';
2018-01-24 12:23:23 EXEC SPC_COM_GET_COMBOBOX 'unit_w_div';
2018-01-24 12:25:13 EXEC SPC_GET_CONSTANT '';
2018-01-24 12:25:13 EXEC SPC_003_PI_EXCEL_INQ1 'RT-131217001','001','003_pi-excel','192.168.5.206';
2018-01-24 12:25:16 EXEC SPC_GET_TAX_RATE '2013/12/17';
2018-01-24 12:25:16 EXEC SPC_COM_GET_COMBOBOX 'unit_w_div';
2018-01-24 12:25:16 EXEC SPC_COM_GET_COMBOBOX 'sales_detail_div';
2018-01-24 12:25:16 EXEC SPC_COM_GET_COMBOBOX 'unit_q_div';
2018-01-24 12:25:16 EXEC SPC_COM_GET_COMBOBOX 'unit_m_div';
2018-01-24 12:25:36 EXEC SPC_GET_CONSTANT '';
2018-01-24 12:25:36 EXEC SPC_003_PI_EXCEL_INQ1 'RT-131217001','001','003_pi-excel','192.168.5.206';
2018-01-24 12:25:39 EXEC SPC_GET_TAX_RATE '2013/12/17';
2018-01-24 12:25:39 EXEC SPC_COM_GET_COMBOBOX 'unit_m_div';
2018-01-24 12:25:39 EXEC SPC_COM_GET_COMBOBOX 'unit_w_div';
2018-01-24 12:25:39 EXEC SPC_COM_GET_COMBOBOX 'unit_q_div';
2018-01-24 12:25:39 EXEC SPC_COM_GET_COMBOBOX 'sales_detail_div';
2018-01-24 12:25:42 EXEC SPC_COM_GET_COMBOBOX 'trade_terms_div';
2018-01-24 12:25:42 EXEC SPC_COM_GET_COMBOBOX 'port_city_div';
2018-01-24 12:25:42 EXEC SPC_COM_GET_COMBOBOX 'shipment_div';
2018-01-24 12:25:42 EXEC SPC_COM_GET_COMBOBOX 'port_country_div';
2018-01-24 12:25:42 EXEC SPC_COM_GET_COMBOBOX 'payment_conditions_div';
2018-01-24 12:25:42 EXEC SPC_COM_GET_COMBOBOX 'currency_div';
2018-01-24 12:25:43 EXEC SPC_COM_GET_COMBOBOX 'bank_div';
2018-01-24 12:25:43 EXEC SPC_COM_GET_COMBOBOX 'unit_w_div';
2018-01-24 12:25:43 EXEC SPC_COM_GET_COMBOBOX 'unit_q_div';
2018-01-24 12:25:43 EXEC SPC_GET_TAX_RATE '2018/01/24';
2018-01-24 12:25:43 EXEC SPC_COM_GET_COMBOBOX 'unit_m_div';
2018-01-24 12:25:43 EXEC SPC_COM_GET_COMBOBOX 'sales_detail_div';
2018-01-24 12:25:43 EXEC SPC_001_PI_DETAIL_INQ1 'RT-131217001';
2018-01-24 12:25:44 EXEC SPC_COM_GET_COMBOBOX 'unit_w_div';
2018-01-24 12:25:44 EXEC SPC_GET_TAX_RATE '2013/12/17';
2018-01-24 12:25:44 EXEC SPC_COM_GET_COMBOBOX 'unit_m_div';
2018-01-24 12:25:44 EXEC SPC_COM_GET_COMBOBOX 'unit_q_div';
2018-01-24 12:25:44 EXEC SPC_COM_GET_COMBOBOX 'sales_detail_div';
2018-01-24 12:25:55 EXEC SPC_GET_CONSTANT '';
2018-01-24 12:25:55 EXEC SPC_003_PI_EXCEL_INQ1 'RT-131217001','001','003_pi-excel','192.168.5.206';
2018-01-24 12:25:57 EXEC SPC_COM_GET_COMBOBOX 'unit_w_div';
2018-01-24 12:25:57 EXEC SPC_GET_TAX_RATE '2013/12/17';
2018-01-24 12:25:57 EXEC SPC_COM_GET_COMBOBOX 'sales_detail_div';
2018-01-24 12:25:57 EXEC SPC_COM_GET_COMBOBOX 'unit_q_div';
2018-01-24 12:25:57 EXEC SPC_COM_GET_COMBOBOX 'unit_m_div';
2018-01-24 12:26:07 EXEC SPC_GET_CONSTANT '';
2018-01-24 12:26:07 EXEC SPC_003_PI_EXCEL_INQ1 'RT-131217001','001','003_pi-excel','192.168.5.206';
2018-01-24 12:26:12 EXEC SPC_COM_GET_COMBOBOX 'sales_detail_div';
2018-01-24 12:26:12 EXEC SPC_COM_GET_COMBOBOX 'unit_q_div';
2018-01-24 12:26:12 EXEC SPC_GET_TAX_RATE '2013/12/17';
2018-01-24 12:26:12 EXEC SPC_COM_GET_COMBOBOX 'unit_w_div';
2018-01-24 12:26:12 EXEC SPC_COM_GET_COMBOBOX 'unit_m_div';
2018-01-24 12:28:04 EXEC SPC_GET_CONSTANT '';
2018-01-24 12:28:04 EXEC SPC_003_PI_EXCEL_INQ1 'RT-131217001','001','003_pi-excel','192.168.5.206';
2018-01-24 12:28:41 EXEC SPC_GET_CONSTANT '';
2018-01-24 12:28:41 EXEC SPC_003_PI_EXCEL_INQ1 'RT-131217001','001','003_pi-excel','192.168.5.206';
2018-01-24 12:29:54 EXEC SPC_GET_TAX_RATE '2013/12/17';
2018-01-24 12:29:54 EXEC SPC_COM_GET_COMBOBOX 'unit_w_div';
2018-01-24 12:29:54 EXEC SPC_COM_GET_COMBOBOX 'sales_detail_div';
2018-01-24 12:29:54 EXEC SPC_COM_GET_COMBOBOX 'unit_m_div';
2018-01-24 12:29:54 EXEC SPC_COM_GET_COMBOBOX 'unit_q_div';
2018-01-24 12:29:57 EXEC SPC_GET_CONSTANT '';
2018-01-24 12:29:57 EXEC SPC_003_PI_EXCEL_INQ1 'RT-131217001','001','003_pi-excel','192.168.5.206';
2018-01-24 12:30:01 EXEC SPC_COM_GET_COMBOBOX 'unit_m_div';
2018-01-24 12:30:01 EXEC SPC_COM_GET_COMBOBOX 'sales_detail_div';
2018-01-24 12:30:01 EXEC SPC_COM_GET_COMBOBOX 'unit_w_div';
2018-01-24 12:30:01 EXEC SPC_GET_TAX_RATE '2013/12/17';
';
2018-01-24 12:30:27 EXEC SPC_GET_CONSTANT '';
2018-01-24 12:30:27 EXEC SPC_003_PI_EXCEL_INQ1 'RT-131217001','001','003_pi-excel','192.168.5.206';
2018-01-24 12:30:44 EXEC SPC_COM_GET_COMBOBOX 'unit_q_div';
2018-01-24 12:30:44 EXEC SPC_COM_GET_COMBOBOX 'unit_w_div';
2018-01-24 12:30:44 EXEC SPC_COM_GET_COMBOBOX 'unit_m_div';
2018-01-24 12:30:44 EXEC SPC_COM_GET_COMBOBOX 'sales_detail_div';
2018-01-24 12:30:44 EXEC SPC_GET_TAX_RATE '2013/12/17';
2018-01-24 12:30:46 EXEC SPC_GET_CONSTANT '';
2018-01-24 12:30:46 EXEC SPC_003_PI_EXCEL_INQ1 'RT-131217001','001','003_pi-excel','192.168.5.206';
2018-01-24 12:30:49 EXEC SPC_COM_GET_COMBOBOX 'unit_w_div';
2018-01-24 12:30:49 EXEC SPC_COM_GET_COMBOBOX 'sales_detail_div';
2018-01-24 12:30:49 EXEC SPC_GET_TAX_RATE '2013/12/17';
2018-01-24 12:30:49 EXEC SPC_COM_GET_COMBOBOX 'unit_m_div';
2018-01-24 12:30:49 EXEC SPC_COM_GET_COMBOBOX 'unit_q_div';
2018-01-24 12:31:30 EXEC SPC_GET_CONSTANT '';
2018-01-24 12:31:30 EXEC SPC_003_PI_EXCEL_INQ1 'RT-131217001','001','003_pi-excel','192.168.5.206';
2018-01-24 12:32:07 EXEC SPC_GET_TAX_RATE '2013/12/17';
2018-01-24 12:32:07 EXEC SPC_COM_GET_COMBOBOX 'unit_m_div';
2018-01-24 12:32:07 EXEC SPC_COM_GET_COMBOBOX 'unit_q_div';
2018-01-24 12:32:07 EXEC SPC_COM_GET_COMBOBOX 'sales_detail_div';
2018-01-24 12:32:07 EXEC SPC_COM_GET_COMBOBOX 'unit_w_div';
2018-01-24 12:32:09 EXEC SPC_GET_CONSTANT '';
2018-01-24 12:32:09 EXEC SPC_003_PI_EXCEL_INQ1 'RT-131217001','001','003_pi-excel','192.168.5.206';
2018-01-24 12:32:12 EXEC SPC_GET_TAX_RATE '2013/12/17';
2018-01-24 12:32:12 EXEC SPC_COM_GET_COMBOBOX 'unit_w_div';
2018-01-24 12:32:12 EXEC SPC_COM_GET_COMBOBOX 'unit_m_div';
2018-01-24 12:32:12 EXEC SPC_COM_GET_COMBOBOX 'unit_q_div';
2018-01-24 12:32:12 EXEC SPC_COM_GET_COMBOBOX 'sales_detail_div';
2018-01-24 12:32:24 EXEC SPC_GET_CONSTANT '';
2018-01-24 12:32:25 EXEC SPC_003_PI_EXCEL_INQ1 'RT-131217001','001','003_pi-excel','192.168.5.206';
2018-01-24 12:32:51 EXEC SPC_GET_CONSTANT '';
2018-01-24 12:32:51 EXEC SPC_003_PI_EXCEL_INQ1 'RT-131217001','001','003_pi-excel','192.168.5.206';
2018-01-24 12:33:01 EXEC SPC_GET_TAX_RATE '2013/12/17';
2018-01-24 12:33:02 EXEC SPC_COM_GET_COMBOBOX 'unit_q_div';
2018-01-24 12:33:02 EXEC SPC_COM_GET_COMBOBOX 'unit_w_div';
2018-01-24 12:33:02 EXEC SPC_COM_GET_COMBOBOX 'sales_detail_div';
2018-01-24 12:33:02 EXEC SPC_COM_GET_COMBOBOX 'unit_m_div';
2018-01-24 12:33:04 EXEC SPC_GET_CONSTANT '';
2018-01-24 12:33:04 EXEC SPC_003_PI_EXCEL_INQ1 'RT-131217001','001','003_pi-excel','192.168.5.206';
2018-01-24 12:33:45 EXEC SPC_GET_CONSTANT '';
2018-01-24 12:33:45 EXEC SPC_003_PI_EXCEL_INQ1 'RT-131217001','001','003_pi-excel','192.168.5.206';
2018-01-24 12:33:48 EXEC SPC_COM_GET_COMBOBOX 'sales_detail_div';
2018-01-24 12:33:48 EXEC SPC_COM_GET_COMBOBOX 'unit_m_div';
2018-01-24 12:33:48 EXEC SPC_COM_GET_COMBOBOX 'unit_w_div';
2018-01-24 12:33:48 EXEC SPC_GET_TAX_RATE '2013/12/17';
2018-01-24 12:33:48 EXEC SPC_COM_GET_COMBOBOX 'unit_q_div';
2018-01-24 12:34:16 EXEC SPC_GET_CONSTANT '';
2018-01-24 12:34:16 EXEC SPC_003_PI_EXCEL_INQ1 'RT-131217001','001','003_pi-excel','192.168.5.206';
2018-01-24 12:34:38 EXEC SPC_GET_CONSTANT '';
2018-01-24 12:34:38 EXEC SPC_003_PI_EXCEL_INQ1 'RT-131217001','001','003_pi-excel','192.168.5.206';
2018-01-24 12:34:41 EXEC SPC_COM_GET_COMBOBOX 'sales_detail_div';
2018-01-24 12:34:41 EXEC SPC_GET_TAX_RATE '2013/12/17';
2018-01-24 12:34:41 EXEC SPC_COM_GET_COMBOBOX 'unit_q_div';
2018-01-24 12:34:41 EXEC SPC_COM_GET_COMBOBOX 'unit_m_div';
2018-01-24 12:34:41 EXEC SPC_COM_GET_COMBOBOX 'unit_w_div';
2018-01-24 12:34:55 EXEC SPC_GET_CONSTANT '';
2018-01-24 12:34:55 EXEC SPC_003_PI_EXCEL_INQ1 'RT-131217001','001','003_pi-excel','192.168.5.206';
2018-01-24 12:34:58 EXEC SPC_COM_GET_COMBOBOX 'sales_detail_div';
2018-01-24 12:34:58 EXEC SPC_COM_GET_COMBOBOX 'unit_w_div';
2018-01-24 12:34:58 EXEC SPC_COM_GET_COMBOBOX 'unit_m_div';
2018-01-24 12:34:59 EXEC SPC_GET_TAX_RATE '2013/12/17';
2018-01-24 12:35:07 EXEC SPC_GET_CONSTANT '';
2018-01-24 12:35:07 EXEC SPC_003_PI_EXCEL_INQ1 'RT-131217001','001','003_pi-excel','192.168.5.206';
2018-01-24 12:35:20 EXEC SPC_GET_CONSTANT '';
2018-01-24 12:35:20 EXEC SPC_003_PI_EXCEL_INQ1 'RT-131217001','001','003_pi-excel','192.168.5.206';
2018-01-24 12:35:37 EXEC SPC_GET_CONSTANT '';
2018-01-24 12:35:37 EXEC SPC_003_PI_EXCEL_INQ1 'RT-131217001','001','003_pi-excel','192.168.5.206';
2018-01-24 12:35:45 EXEC SPC_COM_GET_COMBOBOX 'sales_detail_div';
2018-01-24 12:35:46 EXEC SPC_GET_TAX_RATE '2013/12/17';
2018-01-24 12:35:46 EXEC SPC_COM_GET_COMBOBOX 'unit_q_div';
2018-01-24 12:35:46 EXEC SPC_COM_GET_COMBOBOX 'unit_m_div';
2018-01-24 12:35:46 EXEC SPC_COM_GET_COMBOBOX 'unit_w_div';
2018-01-24 12:35:48 EXEC SPC_GET_CONSTANT '';
2018-01-24 12:35:48 EXEC SPC_003_PI_EXCEL_INQ1 'RT-131217001','001','003_pi-excel','192.168.5.206';
2018-01-24 12:36:11 EXEC SPC_GET_CONSTANT '';
2018-01-24 12:36:11 EXEC SPC_003_PI_EXCEL_INQ1 'RT-131217001','001','003_pi-excel','192.168.5.206';
2018-01-24 12:36:14 EXEC SPC_COM_GET_COMBOBOX 'sales_detail_div';
2018-01-24 12:36:14 EXEC SPC_GET_TAX_RATE '2013/12/17';
2018-01-24 12:36:14 EXEC SPC_COM_GET_COMBOBOX 'unit_q_div';
2018-01-24 12:36:14 EXEC SPC_COM_GET_COMBOBOX 'unit_w_div';
2018-01-24 12:36:14 EXEC SPC_COM_GET_COMBOBOX 'unit_m_div';
2018-01-24 12:36:26 EXEC SPC_GET_CONSTANT '';
2018-01-24 12:36:26 EXEC SPC_003_PI_EXCEL_INQ1 'RT-131217001','001','003_pi-excel','192.168.5.206';
2018-01-24 12:36:29 EXEC SPC_COM_GET_COMBOBOX 'unit_w_div';
2018-01-24 12:36:29 EXEC SPC_COM_GET_COMBOBOX 'sales_detail_div';
2018-01-24 12:36:29 EXEC SPC_COM_GET_COMBOBOX 'unit_m_div';
2018-01-24 12:36:29 EXEC SPC_GET_TAX_RATE '2013/12/17';
2018-01-24 12:36:29 EXEC SPC_COM_GET_COMBOBOX 'unit_q_div';
2018-01-24 12:36:43 EXEC SPC_GET_CONSTANT '';
2018-01-24 12:36:43 EXEC SPC_003_PI_EXCEL_INQ1 'RT-131217001','001','003_pi-excel','192.168.5.206';
2018-01-24 12:36:48 EXEC SPC_COM_GET_COMBOBOX 'unit_q_div';
2018-01-24 12:36:48 EXEC SPC_GET_TAX_RATE '2013/12/17';
2018-01-24 12:36:48 EXEC SPC_COM_GET_COMBOBOX 'sales_detail_div';
2018-01-24 12:36:48 EXEC SPC_COM_GET_COMBOBOX 'unit_w_div';
2018-01-24 12:36:48 EXEC SPC_COM_GET_COMBOBOX 'unit_m_div';
2018-01-24 12:36:59 EXEC SPC_GET_CONSTANT '';
2018-01-24 12:36:59 EXEC SPC_003_PI_EXCEL_INQ1 'RT-131217001','001','003_pi-excel','192.168.5.206';
2018-01-24 12:37:02 EXEC SPC_COM_GET_COMBOBOX 'unit_q_div';
2018-01-24 12:37:02 EXEC SPC_COM_GET_COMBOBOX 'unit_m_div';
2018-01-24 12:37:02 EXEC SPC_COM_GET_COMBOBOX 'sales_detail_div';
2018-01-24 12:37:02 EXEC SPC_COM_GET_COMBOBOX 'unit_w_div';
2018-01-24 12:37:02 EXEC SPC_GET_TAX_RATE '2013/12/17';
2018-01-24 12:37:10 EXEC SPC_GET_CONSTANT '';
2018-01-24 12:37:10 EXEC SPC_003_PI_EXCEL_INQ1 'RT-131217001','001','003_pi-excel','192.168.5.206';
2018-01-24 12:37:13 EXEC SPC_COM_GET_COMBOBOX 'unit_q_div';
2018-01-24 12:37:13 EXEC SPC_COM_GET_COMBOBOX 'sales_detail_div';
2018-01-24 12:37:13 EXEC SPC_COM_GET_COMBOBOX 'unit_w_div';
2018-01-24 12:37:13 EXEC SPC_GET_TAX_RATE '2013/12/17';
2018-01-24 12:37:26 EXEC SPC_GET_CONSTANT '';
2018-01-24 12:37:26 EXEC SPC_003_PI_EXCEL_INQ1 'RT-131217001','001','003_pi-excel','192.168.5.206';
2018-01-24 12:37:29 EXEC SPC_COM_GET_COMBOBOX 'sales_detail_div';
2018-01-24 12:37:29 EXEC SPC_COM_GET_COMBOBOX 'unit_m_div';
2018-01-24 12:37:29 EXEC SPC_COM_GET_COMBOBOX 'unit_w_div';
2018-01-24 12:37:29 EXEC SPC_GET_TAX_RATE '2013/12/17';
2018-01-24 12:37:29 EXEC SPC_COM_GET_COMBOBOX 'unit_q_div';
2018-01-24 12:37:38 EXEC SPC_GET_CONSTANT '';
2018-01-24 12:37:38 EXEC SPC_003_PI_EXCEL_INQ1 'RT-131217001','001','003_pi-excel','192.168.5.206';
2018-01-24 12:37:41 EXEC SPC_COM_GET_COMBOBOX 'unit_m_div';
2018-01-24 12:37:41 EXEC SPC_COM_GET_COMBOBOX 'unit_q_div';
2018-01-24 12:37:41 EXEC SPC_GET_TAX_RATE '2013/12/17';
2018-01-24 12:37:41 EXEC SPC_COM_GET_COMBOBOX 'sales_detail_div';
2018-01-24 12:37:42 EXEC SPC_COM_GET_COMBOBOX 'unit_w_div';
2018-01-24 12:37:47 EXEC SPC_GET_CONSTANT '';
2018-01-24 12:37:47 EXEC SPC_003_PI_EXCEL_INQ1 'RT-131217001','001','003_pi-excel','192.168.5.206';
2018-01-24 12:37:50 EXEC SPC_GET_TAX_RATE '2013/12/17';
2018-01-24 12:37:50 EXEC SPC_COM_GET_COMBOBOX 'unit_q_div';
2018-01-24 12:37:50 EXEC SPC_COM_GET_COMBOBOX 'unit_w_div';
2018-01-24 12:37:50 EXEC SPC_COM_GET_COMBOBOX 'unit_m_div';
2018-01-24 12:37:50 EXEC SPC_COM_GET_COMBOBOX 'sales_detail_div';
2018-01-24 12:38:04 EXEC SPC_GET_CONSTANT '';
2018-01-24 12:38:04 EXEC SPC_003_PI_EXCEL_INQ1 'RT-131217001','001','003_pi-excel','192.168.5.206';
2018-01-24 12:38:13 EXEC SPC_GET_CONSTANT '';
2018-01-24 12:38:13 EXEC SPC_003_PI_EXCEL_INQ1 'RT-131217001','001','003_pi-excel','192.168.5.206';
2018-01-24 12:38:16 EXEC SPC_COM_GET_COMBOBOX 'sales_detail_div';
2018-01-24 12:38:16 EXEC SPC_COM_GET_COMBOBOX 'unit_q_div';
2018-01-24 12:38:16 EXEC SPC_GET_TAX_RATE '2013/12/17';
2018-01-24 12:38:16 EXEC SPC_COM_GET_COMBOBOX 'unit_w_div';
2018-01-24 12:38:17 EXEC SPC_COM_GET_COMBOBOX 'unit_m_div';
2018-01-24 12:38:32 EXEC SPC_GET_CONSTANT '';
2018-01-24 12:38:32 EXEC SPC_003_PI_EXCEL_INQ1 'RT-131217001','001','003_pi-excel','192.168.5.206';
2018-01-24 12:38:46 EXEC SPC_GET_CONSTANT '';
2018-01-24 12:38:46 EXEC SPC_003_PI_EXCEL_INQ1 'RT-131217001','001','003_pi-excel','192.168.5.206';
2018-01-24 12:39:11 EXEC SPC_GET_TAX_RATE '2013/12/17';
2018-01-24 12:39:11 EXEC SPC_COM_GET_COMBOBOX 'unit_w_div';
2018-01-24 12:39:11 EXEC SPC_COM_GET_COMBOBOX 'unit_m_div';
2018-01-24 12:39:11 EXEC SPC_COM_GET_COMBOBOX 'unit_q_div';
2018-01-24 12:39:11 EXEC SPC_COM_GET_COMBOBOX 'sales_detail_div';
2018-01-24 12:39:13 EXEC SPC_GET_CONSTANT '';
2018-01-24 12:39:13 EXEC SPC_003_PI_EXCEL_INQ1 'RT-131217001','001','003_pi-excel','192.168.5.206';
2018-01-24 12:39:27 EXEC SPC_GET_CONSTANT '';
2018-01-24 12:39:27 EXEC SPC_003_PI_EXCEL_INQ1 'RT-131217001','001','003_pi-excel','192.168.5.206';
2018-01-24 12:39:40 EXEC SPC_GET_CONSTANT '';
2018-01-24 12:39:40 EXEC SPC_003_PI_EXCEL_INQ1 'RT-131217001','001','003_pi-excel','192.168.5.206';
2018-01-24 12:40:01 EXEC SPC_COM_GET_COMBOBOX 'unit_q_div';
2018-01-24 12:40:01 EXEC SPC_COM_GET_COMBOBOX 'sales_detail_div';
2018-01-24 12:40:01 EXEC SPC_COM_GET_COMBOBOX 'unit_w_div';
2018-01-24 12:40:01 EXEC SPC_COM_GET_COMBOBOX 'unit_m_div';
2018-01-24 12:40:03 EXEC SPC_GET_CONSTANT '';
2018-01-24 12:40:03 EXEC SPC_003_PI_EXCEL_INQ1 'RT-131217001','001','003_pi-excel','192.168.5.206';
2018-01-24 12:40:12 EXEC SPC_GET_CONSTANT '';
2018-01-24 12:40:12 EXEC SPC_003_PI_EXCEL_INQ1 'RT-131217001','001','003_pi-excel','192.168.5.206';
2018-01-24 12:40:20 EXEC SPC_GET_CONSTANT '';
2018-01-24 12:40:20 EXEC SPC_003_PI_EXCEL_INQ1 'RT-131217001','001','003_pi-excel','192.168.5.206';
2018-01-24 12:40:28 EXEC SPC_GET_CONSTANT '';
2018-01-24 12:40:28 EXEC SPC_003_PI_EXCEL_INQ1 'RT-131217001','001','003_pi-excel','192.168.5.206';
2018-01-24 12:40:37 EXEC SPC_GET_CONSTANT '';
2018-01-24 12:40:37 EXEC SPC_003_PI_EXCEL_INQ1 'RT-131217001','001','003_pi-excel','192.168.5.206';
2018-01-24 12:40:52 EXEC SPC_GET_TAX_RATE '2013/12/17';
2018-01-24 12:40:52 EXEC SPC_COM_GET_COMBOBOX 'unit_w_div';
2018-01-24 12:40:52 EXEC SPC_COM_GET_COMBOBOX 'unit_m_div';
2018-01-24 12:40:52 EXEC SPC_COM_GET_COMBOBOX 'sales_detail_div';
2018-01-24 12:40:52 EXEC SPC_COM_GET_COMBOBOX 'unit_q_div';
2018-01-24 12:41:01 EXEC SPC_GET_CONSTANT '';
2018-01-24 12:41:01 EXEC SPC_003_PI_EXCEL_INQ1 'RT-131217001','001','003_pi-excel','192.168.5.206';
2018-01-24 12:41:13 EXEC SPC_COM_GET_COMBOBOX 'unit_q_div';
2018-01-24 12:41:13 EXEC SPC_GET_TAX_RATE '2013/12/17';
2018-01-24 12:41:13 EXEC SPC_COM_GET_COMBOBOX 'unit_m_div';
2018-01-24 12:41:13 EXEC SPC_COM_GET_COMBOBOX 'sales_detail_div';
2018-01-24 12:41:13 EXEC SPC_COM_GET_COMBOBOX 'unit_w_div';
2018-01-24 12:41:15 EXEC SPC_GET_CONSTANT '';
2018-01-24 12:41:15 EXEC SPC_003_PI_EXCEL_INQ1 'RT-131217001','001','003_pi-excel','192.168.5.206';
2018-01-24 12:41:18 EXEC SPC_GET_TAX_RATE '2013/12/17';
2018-01-24 12:41:18 EXEC SPC_COM_GET_COMBOBOX 'unit_w_div';
2018-01-24 12:41:18 EXEC SPC_COM_GET_COMBOBOX 'sales_detail_div';
2018-01-24 12:41:18 EXEC SPC_COM_GET_COMBOBOX 'unit_m_div';
2018-01-24 12:41:18 EXEC SPC_COM_GET_COMBOBOX 'unit_q_div';
2018-01-24 12:41:22 EXEC SPC_GET_CONSTANT '';
2018-01-24 12:41:22 EXEC SPC_003_PI_EXCEL_INQ1 'RT-131217001','001','003_pi-excel','192.168.5.206';
2018-01-24 12:41:25 EXEC SPC_COM_GET_COMBOBOX 'unit_q_div';
2018-01-24 12:41:25 EXEC SPC_COM_GET_COMBOBOX 'unit_m_div';
2018-01-24 12:41:25 EXEC SPC_COM_GET_COMBOBOX 'unit_w_div';
2018-01-24 12:41:25 EXEC SPC_COM_GET_COMBOBOX 'sales_detail_div';
2018-01-24 12:41:25 EXEC SPC_GET_TAX_RATE '2013/12/17';
2018-01-24 12:41:32 EXEC SPC_GET_CONSTANT '';
2018-01-24 12:41:32 EXEC SPC_003_PI_EXCEL_INQ1 'RT-131217001','001','003_pi-excel','192.168.5.206';
2018-01-24 12:41:38 EXEC SPC_COM_GET_COMBOBOX 'sales_detail_div';
2018-01-24 12:41:38 EXEC SPC_GET_TAX_RATE '2013/12/17';
2018-01-24 12:41:38 EXEC SPC_COM_GET_COMBOBOX 'unit_q_div';
2018-01-24 12:41:38 EXEC SPC_COM_GET_COMBOBOX 'unit_w_div';
2018-01-24 12:41:38 EXEC SPC_COM_GET_COMBOBOX 'unit_m_div';
2018-01-24 12:41:42 EXEC SPC_GET_CONSTANT '';
2018-01-24 12:41:42 EXEC SPC_003_PI_EXCEL_INQ1 'RT-131217001','001','003_pi-excel','192.168.5.206';
2018-01-24 12:41:48 EXEC SPC_COM_GET_COMBOBOX 'sales_detail_div';
2018-01-24 12:41:48 EXEC SPC_COM_GET_COMBOBOX 'unit_q_div';
2018-01-24 12:41:48 EXEC SPC_GET_TAX_RATE '2013/12/17';
2018-01-24 12:41:48 EXEC SPC_COM_GET_COMBOBOX 'unit_w_div';
2018-01-24 12:41:48 EXEC SPC_COM_GET_COMBOBOX 'unit_m_div';
2018-01-24 12:41:50 EXEC SPC_GET_CONSTANT '';
2018-01-24 12:41:50 EXEC SPC_003_PI_EXCEL_INQ1 'RT-131217001','001','003_pi-excel','192.168.5.206';
2018-01-24 12:41:59 EXEC SPC_GET_CONSTANT '';
2018-01-24 12:41:59 EXEC SPC_003_PI_EXCEL_INQ1 'RT-131217001','001','003_pi-excel','192.168.5.206';
2018-01-24 12:42:02 EXEC SPC_COM_GET_COMBOBOX 'unit_q_div';
2018-01-24 12:42:02 EXEC SPC_GET_TAX_RATE '2013/12/17';
2018-01-24 12:42:02 EXEC SPC_COM_GET_COMBOBOX 'unit_m_div';
2018-01-24 12:42:02 EXEC SPC_COM_GET_COMBOBOX 'unit_w_div';
2018-01-24 12:42:02 EXEC SPC_COM_GET_COMBOBOX 'sales_detail_div';
2018-01-24 12:42:08 EXEC SPC_GET_CONSTANT '';
2018-01-24 12:42:08 EXEC SPC_003_PI_EXCEL_INQ1 'RT-131217001','001','003_pi-excel','192.168.5.206';
2018-01-24 12:44:26 EXEC SPC_GET_CONSTANT '';
2018-01-24 12:44:26 EXEC SPC_003_PI_EXCEL_INQ1 'RT-131217001','001','003_pi-excel','192.168.5.206';
2018-01-24 12:49:31 EXEC SPC_GET_CONSTANT '';
2018-01-24 12:49:32 EXEC SPC_003_PI_EXCEL_INQ1 'RT-131217001','001','003_pi-excel','192.168.5.206';
2018-01-24 12:50:36 EXEC SPC_GET_CONSTANT '';
2018-01-24 12:50:36 EXEC SPC_003_PI_EXCEL_INQ1 'RT-131217001','001','003_pi-excel','192.168.5.206';
2018-01-24 12:50:55 EXEC SPC_GET_TAX_RATE '2013/12/17';
2018-01-24 12:50:56 EXEC SPC_COM_GET_COMBOBOX 'unit_q_div';
2018-01-24 12:50:56 EXEC SPC_COM_GET_COMBOBOX 'unit_w_div';
2018-01-24 12:50:56 EXEC SPC_COM_GET_COMBOBOX 'sales_detail_div';
2018-01-24 12:50:56 EXEC SPC_COM_GET_COMBOBOX 'unit_m_div';
2018-01-24 12:51:06 EXEC SPC_GET_CONSTANT '';
2018-01-24 12:51:06 EXEC SPC_003_PI_EXCEL_INQ1 'RT-131217001','001','003_pi-excel','192.168.5.206';
2018-01-24 12:51:22 EXEC SPC_GET_CONSTANT '';
2018-01-24 12:51:22 EXEC SPC_003_PI_EXCEL_INQ1 'RT-131217001','001','003_pi-excel','192.168.5.206';
2018-01-24 13:01:23 EXEC SPC_GET_CONSTANT '';
2018-01-24 13:01:23 EXEC SPC_003_PI_EXCEL_INQ1 'RT-131217001','001','003_pi-excel','192.168.5.206';
2018-01-24 13:01:36 EXEC SPC_GET_TAX_RATE '2013/12/17';
2018-01-24 13:01:37 EXEC SPC_COM_GET_COMBOBOX 'unit_w_div';
2018-01-24 13:01:37 EXEC SPC_COM_GET_COMBOBOX 'sales_detail_div';
2018-01-24 13:01:37 EXEC SPC_COM_GET_COMBOBOX 'unit_q_div';
2018-01-24 13:01:37 EXEC SPC_COM_GET_COMBOBOX 'unit_m_div';
2018-01-24 13:06:29 EXEC SPC_COM_GET_COMBOBOX 'pi_status_div';
2018-01-24 13:06:31 EXEC SPC_002_PI_SEARCH_FND1 '','','','','','','','20','1','10';
2018-01-24 13:10:33 EXEC SPC_GET_CONSTANT '';
2018-01-24 13:11:09 EXEC SPC_GET_CONSTANT '';
2018-01-24 13:11:28 EXEC SPC_GET_TAX_RATE '2013/12/17';
2018-01-24 13:11:30 EXEC SPC_COM_GET_COMBOBOX 'unit_m_div';
2018-01-24 13:11:30 EXEC SPC_COM_GET_COMBOBOX 'unit_q_div';
2018-01-24 13:11:30 EXEC SPC_COM_GET_COMBOBOX 'sales_detail_div';
2018-01-24 13:11:30 EXEC SPC_COM_GET_COMBOBOX 'unit_w_div';
2018-01-24 13:11:31 EXEC SPC_GET_CONSTANT '';
2018-01-24 13:12:08 EXEC SPC_GET_CONSTANT '';
2018-01-24 13:12:44 EXEC SPC_GET_CONSTANT '';
2018-01-24 13:13:04 EXEC SPC_COM_GET_COMBOBOX 'unit_w_div';
2018-01-24 13:13:05 EXEC SPC_COM_GET_COMBOBOX 'unit_q_div';
2018-01-24 13:13:05 EXEC SPC_GET_TAX_RATE '2013/12/17';
2018-01-24 13:13:05 EXEC SPC_COM_GET_COMBOBOX 'unit_m_div';
2018-01-24 13:13:05 EXEC SPC_COM_GET_COMBOBOX 'sales_detail_div';
2018-01-24 13:13:27 EXEC SPC_GET_CONSTANT '';
2018-01-24 13:13:27 EXEC SPC_003_PI_EXCEL_INQ1 'RT-131011003','001','003_pi-excel','192.168.5.206';
2018-01-24 13:14:06 EXEC SPC_GET_CONSTANT '';
2018-01-24 13:14:12 EXEC SPC_GET_CONSTANT '';
2018-01-24 13:14:29 EXEC SPC_GET_TAX_RATE '2013/12/17';
2018-01-24 13:14:29 EXEC SPC_COM_GET_COMBOBOX 'unit_w_div';
2018-01-24 13:14:29 EXEC SPC_COM_GET_COMBOBOX 'unit_m_div';
2018-01-24 13:14:29 EXEC SPC_COM_GET_COMBOBOX 'unit_q_div';
2018-01-24 13:14:29 EXEC SPC_COM_GET_COMBOBOX 'sales_detail_div';
2018-01-24 13:14:31 EXEC SPC_COM_GET_COMBOBOX 'port_country_div';
2018-01-24 13:14:31 EXEC SPC_COM_GET_COMBOBOX 'payment_conditions_div';
2018-01-24 13:14:31 EXEC SPC_COM_GET_COMBOBOX 'shipment_div';
2018-01-24 13:14:31 EXEC SPC_COM_GET_COMBOBOX 'currency_div';
2018-01-24 13:14:31 EXEC SPC_COM_GET_COMBOBOX 'trade_terms_div';
2018-01-24 13:14:31 EXEC SPC_COM_GET_COMBOBOX 'port_city_div';
2018-01-24 13:14:31 EXEC SPC_COM_GET_COMBOBOX 'unit_q_div';
2018-01-24 13:14:32 EXEC SPC_COM_GET_COMBOBOX 'unit_m_div';
2018-01-24 13:14:32 EXEC SPC_COM_GET_COMBOBOX 'bank_div';
2018-01-24 13:14:32 EXEC SPC_COM_GET_COMBOBOX 'unit_w_div';
2018-01-24 13:14:32 EXEC SPC_COM_GET_COMBOBOX 'sales_detail_div';
2018-01-24 13:14:32 EXEC SPC_GET_TAX_RATE '2018/01/24';
2018-01-24 13:14:32 EXEC SPC_001_PI_DETAIL_INQ1 'RT-131217001';
2018-01-24 13:14:32 EXEC SPC_COM_GET_COMBOBOX 'unit_q_div';
2018-01-24 13:14:32 EXEC SPC_COM_GET_COMBOBOX 'unit_m_div';
2018-01-24 13:14:32 EXEC SPC_COM_GET_COMBOBOX 'unit_w_div';
2018-01-24 13:14:33 EXEC SPC_COM_GET_COMBOBOX 'sales_detail_div';
2018-01-24 13:14:33 EXEC SPC_GET_TAX_RATE '2013/12/17';
2018-01-24 13:14:39 EXEC SPC_GET_CONSTANT '';
2018-01-24 13:14:39 EXEC SPC_003_PI_EXCEL_INQ1 'RT-131011003','001','003_pi-excel','192.168.5.206';
2018-01-24 13:14:55 EXEC SPC_COM_GET_COMBOBOX 'sales_detail_div';
2018-01-24 13:14:55 EXEC SPC_COM_GET_COMBOBOX 'unit_w_div';
2018-01-24 13:14:55 EXEC SPC_COM_GET_COMBOBOX 'unit_m_div';
2018-01-24 13:14:55 EXEC SPC_GET_TAX_RATE '2013/12/17';
2018-01-24 13:14:55 EXEC SPC_COM_GET_COMBOBOX 'unit_q_div';
2018-01-24 13:15:03 EXEC SPC_GET_CONSTANT '';
2018-01-24 13:15:04 EXEC SPC_003_PI_EXCEL_INQ1 'RT-131011003','001','003_pi-excel','192.168.5.206';
2018-01-24 13:18:04 EXEC SPC_GET_CONSTANT '';
2018-01-24 13:18:04 EXEC SPC_003_PI_EXCEL_INQ1 'RT-131217001','001','003_pi-excel','192.168.5.206';
2018-01-24 13:20:06 EXEC SPC_GET_TAX_RATE '2013/12/17';
2018-01-24 13:20:06 EXEC SPC_COM_GET_COMBOBOX 'unit_w_div';
2018-01-24 13:20:06 EXEC SPC_COM_GET_COMBOBOX 'unit_q_div';
2018-01-24 13:20:06 EXEC SPC_COM_GET_COMBOBOX 'unit_m_div';
2018-01-24 13:20:06 EXEC SPC_COM_GET_COMBOBOX 'sales_detail_div';
2018-01-24 13:20:10 EXEC SPC_GET_CONSTANT '';
2018-01-24 13:20:10 EXEC SPC_003_PI_EXCEL_INQ1 'RT-131217001','001','003_pi-excel','192.168.5.206';
2018-01-24 13:24:02 EXEC SPC_GET_CONSTANT '';
2018-01-24 13:24:02 EXEC SPC_003_PI_EXCEL_INQ1 '001','003_pi-excel','192.168.5.206';
2018-01-24 13:24:15 EXEC SPC_GET_CONSTANT '';
2018-01-24 13:24:15 EXEC SPC_003_PI_EXCEL_INQ1 'RT-131217001','001','003_pi-excel','192.168.5.206';
2018-01-24 13:24:15 EXEC SPC_003_PI_EXCEL_INQ1 'RT-131217001','001','003_pi-excel','192.168.5.206';
2018-01-24 13:24:16 EXEC SPC_003_PI_EXCEL_INQ1 'RT-131217001','001','003_pi-excel','192.168.5.206';
2018-01-24 13:24:35 EXEC SPC_COM_GET_COMBOBOX 'unit_m_div';
2018-01-24 13:24:35 EXEC SPC_GET_TAX_RATE '2013/12/17';
2018-01-24 13:24:35 EXEC SPC_COM_GET_COMBOBOX 'unit_q_div';
2018-01-24 13:24:35 EXEC SPC_COM_GET_COMBOBOX 'sales_detail_div';
2018-01-24 13:24:35 EXEC SPC_COM_GET_COMBOBOX 'unit_w_div';
2018-01-24 13:24:37 EXEC SPC_GET_CONSTANT '';
2018-01-24 13:24:37 EXEC SPC_003_PI_EXCEL_INQ1 'RT-131217001','001','003_pi-excel','192.168.5.206';
2018-01-24 13:24:37 EXEC SPC_003_PI_EXCEL_INQ1 'RT-131217001','001','003_pi-excel','192.168.5.206';
2018-01-24 13:24:38 EXEC SPC_003_PI_EXCEL_INQ1 'RT-131217001','001','003_pi-excel','192.168.5.206';
2018-01-24 13:25:33 EXEC SPC_COM_GET_COMBOBOX 'unit_q_div';
2018-01-24 13:25:33 EXEC SPC_COM_GET_COMBOBOX 'sales_detail_div';
2018-01-24 13:25:33 EXEC SPC_COM_GET_COMBOBOX 'unit_w_div';
2018-01-24 13:25:33 EXEC SPC_GET_TAX_RATE '2013/12/17';
2018-01-24 13:25:33 EXEC SPC_COM_GET_COMBOBOX 'unit_m_div';
2018-01-24 13:25:46 EXEC SPC_GET_CONSTANT '';
2018-01-24 13:26:02 EXEC SPC_GET_CONSTANT '';
2018-01-24 13:26:27 EXEC SPC_GET_CONSTANT '';
2018-01-24 13:26:39 EXEC SPC_GET_CONSTANT '';
2018-01-24 13:26:49 EXEC SPC_GET_CONSTANT '';
2018-01-24 13:27:06 EXEC SPC_GET_CONSTANT '';
2018-01-24 13:27:37 EXEC SPC_GET_CONSTANT '';
2018-01-24 13:28:03 EXEC SPC_GET_CONSTANT '';
2018-01-24 13:28:09 EXEC SPC_GET_CONSTANT '';
2018-01-24 13:28:16 EXEC SPC_GET_CONSTANT '';
2018-01-24 13:28:22 EXEC SPC_GET_TAX_RATE '2013/12/17';
2018-01-24 13:28:22 EXEC SPC_COM_GET_COMBOBOX 'unit_w_div';
2018-01-24 13:28:22 EXEC SPC_COM_GET_COMBOBOX 'unit_q_div';
2018-01-24 13:28:22 EXEC SPC_COM_GET_COMBOBOX 'unit_m_div';
2018-01-24 13:28:22 EXEC SPC_COM_GET_COMBOBOX 'sales_detail_div';
2018-01-24 13:28:26 EXEC SPC_GET_CONSTANT '';
2018-01-24 13:28:26 EXEC SPC_003_PI_EXCEL_INQ1 'RT-131011003','001','003_pi-excel','192.168.5.206';
2018-01-24 13:28:26 EXEC SPC_003_PI_EXCEL_INQ1 'RT-131011002','001','003_pi-excel','192.168.5.206';
2018-01-24 13:28:27 EXEC SPC_003_PI_EXCEL_INQ1 'RT-131217001','001','003_pi-excel','192.168.5.206';
2018-01-24 13:29:56 EXEC SPC_COM_GET_COMBOBOX 'unit_w_div';
2018-01-24 13:29:56 EXEC SPC_COM_GET_COMBOBOX 'unit_q_div';
2018-01-24 13:29:56 EXEC SPC_COM_GET_COMBOBOX 'sales_detail_div';
2018-01-24 13:29:56 EXEC SPC_GET_TAX_RATE '2013/12/17';
2018-01-24 13:29:56 EXEC SPC_COM_GET_COMBOBOX 'unit_m_div';
2018-01-24 13:30:01 EXEC SPC_GET_CONSTANT '';
2018-01-24 13:30:01 EXEC SPC_003_PI_EXCEL_INQ1 'RT-131011003','001','003_pi-excel','192.168.5.206';
2018-01-24 13:30:01 EXEC SPC_003_PI_EXCEL_INQ1 'RT-131011002','001','003_pi-excel','192.168.5.206';
2018-01-24 13:30:01 EXEC SPC_003_PI_EXCEL_INQ1 'RT-131217001','001','003_pi-excel','192.168.5.206';
2018-01-24 13:38:45 EXEC SPC_COM_GET_COMBOBOX 'unit_q_div';
2018-01-24 13:38:45 EXEC SPC_GET_TAX_RATE '2013/12/17';
2018-01-24 13:38:45 EXEC SPC_COM_GET_COMBOBOX 'sales_detail_div';
2018-01-24 13:38:45 EXEC SPC_COM_GET_COMBOBOX 'unit_m_div';
2018-01-24 13:38:45 EXEC SPC_COM_GET_COMBOBOX 'unit_w_div';
2018-01-24 13:47:50 EXEC SPC_GET_CONSTANT '';
2018-01-24 13:47:50 EXEC SPC_003_PI_EXCEL_INQ1 'RT-131011003','001','003_pi-excel','192.168.5.206';
2018-01-24 13:47:50 EXEC SPC_003_PI_EXCEL_INQ1 'RT-131011002','001','003_pi-excel','192.168.5.206';
2018-01-24 13:47:50 EXEC SPC_003_PI_EXCEL_INQ1 'RT-131217001','001','003_pi-excel','192.168.5.206';
2018-01-24 13:48:11 EXEC SPC_GET_CONSTANT '';
2018-01-24 13:48:11 EXEC SPC_003_PI_EXCEL_INQ1 'RT-131217001','001','003_pi-excel','192.168.5.206';
2018-01-24 13:50:33 EXEC SPC_GET_CONSTANT '';
2018-01-24 13:50:33 EXEC SPC_003_PI_EXCEL_INQ1 'RT-131011003','001','003_pi-excel','192.168.5.206';
2018-01-24 13:50:33 EXEC SPC_003_PI_EXCEL_INQ1 'RT-131011002','001','003_pi-excel','192.168.5.206';
2018-01-24 13:50:34 EXEC SPC_003_PI_EXCEL_INQ1 'RT-131217001','001','003_pi-excel','192.168.5.206';
2018-01-24 13:50:51 EXEC SPC_GET_TAX_RATE '2013/12/17';
2018-01-24 13:50:52 EXEC SPC_COM_GET_COMBOBOX 'unit_m_div';
2018-01-24 13:50:52 EXEC SPC_COM_GET_COMBOBOX 'unit_w_div';
2018-01-24 13:50:52 EXEC SPC_COM_GET_COMBOBOX 'sales_detail_div';
2018-01-24 13:50:52 EXEC SPC_COM_GET_COMBOBOX 'unit_q_div';
2018-01-24 13:50:55 EXEC SPC_GET_CONSTANT '';
2018-01-24 13:50:55 EXEC SPC_003_PI_EXCEL_INQ1 'RT-131011003','001','003_pi-excel','192.168.5.206';
2018-01-24 13:50:55 EXEC SPC_003_PI_EXCEL_INQ1 'RT-131011002','001','003_pi-excel','192.168.5.206';
2018-01-24 13:50:56 EXEC SPC_003_PI_EXCEL_INQ1 'RT-131217001','001','003_pi-excel','192.168.5.206';
2018-01-24 13:51:27 EXEC SPC_COM_GET_COMBOBOX 'unit_w_div';
2018-01-24 13:51:27 EXEC SPC_COM_GET_COMBOBOX 'sales_detail_div';
2018-01-24 13:51:27 EXEC SPC_COM_GET_COMBOBOX 'unit_m_div';
2018-01-24 13:51:27 EXEC SPC_COM_GET_COMBOBOX 'unit_q_div';
2018-01-24 13:51:27 EXEC SPC_GET_TAX_RATE '2013/12/17';
2018-01-24 13:51:30 EXEC SPC_GET_CONSTANT '';
2018-01-24 13:51:31 EXEC SPC_003_PI_EXCEL_INQ1 'RT-131217001','001','003_pi-excel','192.168.5.206';
2018-01-24 14:00:19 EXEC SPC_COM_GET_COMBOBOX 'unit_q_div';
2018-01-24 14:00:19 EXEC SPC_COM_GET_COMBOBOX 'unit_m_div';
2018-01-24 14:00:19 EXEC SPC_GET_TAX_RATE '2013/12/17';
2018-01-24 14:00:19 EXEC SPC_COM_GET_COMBOBOX 'sales_detail_div';
2018-01-24 14:00:19 EXEC SPC_COM_GET_COMBOBOX 'unit_w_div';
2018-01-24 14:00:43 EXEC SPC_COM_GET_COMBOBOX 'sales_detail_div';
2018-01-24 14:00:43 EXEC SPC_COM_GET_COMBOBOX 'unit_m_div';
2018-01-24 14:00:43 EXEC SPC_GET_TAX_RATE '2013/12/17';
2018-01-24 14:00:43 EXEC SPC_COM_GET_COMBOBOX 'unit_w_div';
2018-01-24 14:00:43 EXEC SPC_COM_GET_COMBOBOX 'unit_q_div';
2018-01-24 14:00:52 EXEC SPC_COM_GET_COMBOBOX 'sales_detail_div';
2018-01-24 14:00:52 EXEC SPC_COM_GET_COMBOBOX 'unit_m_div';
2018-01-24 14:00:52 EXEC SPC_GET_TAX_RATE '2013/12/17';
2018-01-24 14:00:52 EXEC SPC_COM_GET_COMBOBOX 'unit_q_div';
2018-01-24 14:00:52 EXEC SPC_COM_GET_COMBOBOX 'unit_w_div';
2018-01-24 14:00:54 EXEC SPC_COM_GET_COMBOBOX 'port_city_div';
2018-01-24 14:00:54 EXEC SPC_COM_GET_COMBOBOX 'port_country_div';
2018-01-24 14:00:54 EXEC SPC_COM_GET_COMBOBOX 'trade_terms_div';
2018-01-24 14:00:54 EXEC SPC_COM_GET_COMBOBOX 'shipment_div';
2018-01-24 14:00:54 EXEC SPC_COM_GET_COMBOBOX 'payment_conditions_div';
2018-01-24 14:00:54 EXEC SPC_COM_GET_COMBOBOX 'currency_div';
2018-01-24 14:00:54 EXEC SPC_COM_GET_COMBOBOX 'unit_w_div';
2018-01-24 14:00:54 EXEC SPC_COM_GET_COMBOBOX 'unit_q_div';
2018-01-24 14:00:54 EXEC SPC_COM_GET_COMBOBOX 'unit_m_div';
2018-01-24 14:00:54 EXEC SPC_COM_GET_COMBOBOX 'sales_detail_div';
2018-01-24 14:00:54 EXEC SPC_GET_TAX_RATE '2018/01/24';
2018-01-24 14:00:54 EXEC SPC_COM_GET_COMBOBOX 'bank_div';
2018-01-24 14:00:55 EXEC SPC_001_PI_DETAIL_INQ1 'RT-131217001';
2018-01-24 14:00:55 EXEC SPC_COM_GET_COMBOBOX 'unit_q_div';
2018-01-24 14:00:55 EXEC SPC_COM_GET_COMBOBOX 'unit_m_div';
2018-01-24 14:00:55 EXEC SPC_COM_GET_COMBOBOX 'unit_w_div';
2018-01-24 14:00:55 EXEC SPC_COM_GET_COMBOBOX 'sales_detail_div';
2018-01-24 14:00:55 EXEC SPC_GET_TAX_RATE '2013/12/17';
2018-01-24 14:00:58 EXEC SPC_GET_CONSTANT '';
2018-01-24 14:01:11 EXEC SPC_GET_CONSTANT '';
2018-01-24 15:07:05 EXEC SPC_GET_CONSTANT '';
2018-01-24 15:07:36 EXEC SPC_GET_CONSTANT '';
2018-01-24 15:08:36 EXEC SPC_GET_CONSTANT '';
2018-01-24 15:09:24 EXEC SPC_GET_CONSTANT '';
2018-01-24 15:10:06 EXEC SPC_GET_CONSTANT '';
2018-01-24 15:10:26 EXEC SPC_GET_CONSTANT '';
2018-01-24 15:11:20 EXEC SPC_GET_CONSTANT '';
2018-01-24 15:11:42 EXEC SPC_GET_CONSTANT '';
2018-01-24 15:11:51 EXEC SPC_GET_CONSTANT '';
2018-01-24 15:13:03 EXEC SPC_COM_GET_COMBOBOX 'port_country_div';
2018-01-24 15:13:03 EXEC SPC_COM_GET_COMBOBOX 'unit_q_div';
2018-01-24 15:13:04 EXEC SPC_COM_GET_COMBOBOX 'unit_w_div';
2018-01-24 15:13:04 EXEC SPC_COM_GET_COMBOBOX 'shipment_div';
2018-01-24 15:13:04 EXEC SPC_COM_GET_COMBOBOX 'port_city_div';
2018-01-24 15:13:05 EXEC SPC_COM_GET_COMBOBOX 'currency_div';
2018-01-24 15:13:05 EXEC SPC_COM_GET_COMBOBOX 'trade_terms_div';
2018-01-24 15:13:05 EXEC SPC_COM_GET_COMBOBOX 'payment_conditions_div';
2018-01-24 15:13:05 EXEC SPC_COM_GET_COMBOBOX 'unit_m_div';
2018-01-24 15:13:05 EXEC SPC_COM_GET_COMBOBOX 'bank_div';
2018-01-24 15:13:05 EXEC SPC_COM_GET_COMBOBOX 'sales_detail_div';
2018-01-24 15:13:05 EXEC SPC_GET_TAX_RATE '2018/01/24';
2018-01-24 15:13:05 EXEC SPC_001_PI_DETAIL_INQ1 'RT-131217001';
2018-01-24 15:13:06 EXEC SPC_COM_GET_COMBOBOX 'sales_detail_div';
2018-01-24 15:13:06 EXEC SPC_COM_GET_COMBOBOX 'unit_m_div';
2018-01-24 15:13:06 EXEC SPC_GET_TAX_RATE '2013/12/17';
2018-01-24 15:13:06 EXEC SPC_COM_GET_COMBOBOX 'unit_w_div';
2018-01-24 15:13:06 EXEC SPC_COM_GET_COMBOBOX 'unit_q_div';
2018-01-24 15:13:17 EXEC SPC_GET_CONSTANT '';
2018-01-24 15:23:28 EXEC SPC_COM_GET_COMBOBOX 'port_country_div';
2018-01-24 15:23:29 EXEC SPC_COM_GET_COMBOBOX 'unit_q_div';
2018-01-24 15:23:29 EXEC SPC_COM_GET_COMBOBOX 'currency_div';
2018-01-24 15:23:29 EXEC SPC_COM_GET_COMBOBOX 'port_city_div';
2018-01-24 15:23:29 EXEC SPC_COM_GET_COMBOBOX 'trade_terms_div';
2018-01-24 15:23:29 EXEC SPC_COM_GET_COMBOBOX 'shipment_div';
2018-01-24 15:23:29 EXEC SPC_COM_GET_COMBOBOX 'unit_w_div';
2018-01-24 15:23:29 EXEC SPC_COM_GET_COMBOBOX 'unit_m_div';
2018-01-24 15:23:29 EXEC SPC_COM_GET_COMBOBOX 'payment_conditions_div';
2018-01-24 15:23:29 EXEC SPC_COM_GET_COMBOBOX 'sales_detail_div';
2018-01-24 15:23:30 EXEC SPC_GET_TAX_RATE '2018/01/24';
2018-01-24 15:23:30 EXEC SPC_COM_GET_COMBOBOX 'bank_div';
2018-01-24 15:23:34 EXEC SPC_001_PI_DETAIL_INQ1 'jk';
2018-01-24 15:23:37 EXEC SPC_COM_GET_COMBOBOX 'pi_status_div';
2018-01-24 15:23:39 EXEC SPC_002_PI_SEARCH_FND1 '','','','','','','','','1','10';
2018-01-24 15:23:40 EXEC SPC_001_PI_DETAIL_INQ1 'RT-130827001';
2018-01-24 15:23:41 EXEC SPC_COM_GET_COMBOBOX 'unit_w_div';
2018-01-24 15:23:41 EXEC SPC_COM_GET_COMBOBOX 'unit_m_div';
2018-01-24 15:23:41 EXEC SPC_COM_GET_COMBOBOX 'sales_detail_div';
2018-01-24 15:23:41 EXEC SPC_COM_GET_COMBOBOX 'unit_q_div';
2018-01-24 15:25:39 EXEC SPC_GET_CONSTANT '';
2018-01-24 15:25:39 EXEC SPC_003_PI_EXCEL_INQ1 'RT-131217001','001','003_pi-excel','192.168.5.206';
2018-01-24 15:27:15 EXEC SPC_COM_GET_COMBOBOX 'pi_status_div';
2018-01-24 15:27:21 EXEC SPC_COM_GET_COMBOBOX 'port_country_div';
2018-01-24 15:27:21 EXEC SPC_COM_GET_COMBOBOX 'trade_terms_div';
2018-01-24 15:27:21 EXEC SPC_COM_GET_COMBOBOX 'port_city_div';
2018-01-24 15:27:21 EXEC SPC_COM_GET_COMBOBOX 'shipment_div';
2018-01-24 15:27:21 EXEC SPC_COM_GET_COMBOBOX 'payment_conditions_div';
2018-01-24 15:27:21 EXEC SPC_COM_GET_COMBOBOX 'currency_div';
2018-01-24 15:27:21 EXEC SPC_COM_GET_COMBOBOX 'unit_q_div';
2018-01-24 15:27:21 EXEC SPC_COM_GET_COMBOBOX 'bank_div';
2018-01-24 15:27:21 EXEC SPC_COM_GET_COMBOBOX 'sales_detail_div';
2018-01-24 15:27:21 EXEC SPC_COM_GET_COMBOBOX 'unit_w_div';
2018-01-24 15:27:21 EXEC SPC_COM_GET_COMBOBOX 'unit_m_div';
2018-01-24 15:27:22 EXEC SPC_GET_TAX_RATE '2018/01/24';
2018-01-24 15:27:24 EXEC SPC_001_PI_DETAIL_INQ1 'RT-131217001';
2018-01-24 15:27:25 EXEC SPC_COM_GET_COMBOBOX 'sales_detail_div';
2018-01-24 15:27:25 EXEC SPC_COM_GET_COMBOBOX 'unit_q_div';
2018-01-24 15:27:25 EXEC SPC_COM_GET_COMBOBOX 'unit_w_div';
2018-01-24 15:27:25 EXEC SPC_GET_TAX_RATE '2013/12/17';
2018-01-24 15:27:25 EXEC SPC_COM_GET_COMBOBOX 'unit_m_div';
2018-01-24 15:27:34 EXEC SPC_002_PI_SEARCH_FND1 '','','','','','','','20','1','10';
2018-01-24 15:27:37 EXEC SPC_002_PI_SEARCH_FND1 '','','','','','','','10','1','10';
2018-01-24 15:31:21 EXEC SPC_COM_GET_COMBOBOX 'pi_status_div';
2018-01-24 15:31:23 EXEC SPC_002_PI_SEARCH_FND1 '','','','','','','','20','1','10';
2018-01-24 15:31:48 EXEC SPC_COM_GET_COMBOBOX 'pi_status_div';
2018-01-24 15:31:51 EXEC SPC_002_PI_SEARCH_FND1 '','','','','','','','20','1','10';
2018-01-24 15:31:59 EXEC SPC_GET_CONSTANT '';
2018-01-24 15:31:59 EXEC SPC_003_PI_EXCEL_INQ1 'RT-131011002','001','003_pi-excel','192.168.5.206';
2018-01-24 15:32:00 EXEC SPC_003_PI_EXCEL_INQ1 'RT-131011003','001','003_pi-excel','192.168.5.206';
2018-01-24 15:32:00 EXEC SPC_003_PI_EXCEL_INQ1 'RT-131011004','001','003_pi-excel','192.168.5.206';
2018-01-24 15:33:29 EXEC SPC_GET_CONSTANT '';
2018-01-24 15:33:29 EXEC SPC_003_PI_EXCEL_INQ1 'RT-131015001','001','003_pi-excel','192.168.5.206';
2018-01-24 15:41:34 EXEC SPC_COM_GET_COMBOBOX 'port_country_div';
2018-01-24 15:41:34 EXEC SPC_COM_GET_COMBOBOX 'unit_q_div';
2018-01-24 15:41:35 EXEC SPC_COM_GET_COMBOBOX 'currency_div';
2018-01-24 15:41:35 EXEC SPC_COM_GET_COMBOBOX 'trade_terms_div';
2018-01-24 15:41:35 EXEC SPC_COM_GET_COMBOBOX 'unit_w_div';
2018-01-24 15:41:35 EXEC SPC_COM_GET_COMBOBOX 'shipment_div';
2018-01-24 15:41:35 EXEC SPC_COM_GET_COMBOBOX 'payment_conditions_div';
2018-01-24 15:41:36 EXEC SPC_COM_GET_COMBOBOX 'bank_div';
2018-01-24 15:41:36 EXEC SPC_COM_GET_COMBOBOX 'unit_m_div';
2018-01-24 15:41:36 EXEC SPC_COM_GET_COMBOBOX 'sales_detail_div';
2018-01-24 15:41:36 EXEC SPC_GET_TAX_RATE '2018/01/24';
2018-01-24 15:41:36 EXEC SPC_001_PI_DETAIL_INQ1 'RT-131217001';
2018-01-24 15:41:37 EXEC SPC_COM_GET_COMBOBOX 'sales_detail_div';
2018-01-24 15:41:37 EXEC SPC_COM_GET_COMBOBOX 'unit_w_div';
2018-01-24 15:41:37 EXEC SPC_COM_GET_COMBOBOX 'unit_q_div';
2018-01-24 15:41:37 EXEC SPC_GET_TAX_RATE '2013/12/17';
2018-01-24 15:41:37 EXEC SPC_COM_GET_COMBOBOX 'unit_m_div';
2018-01-24 15:41:42 EXEC SPC_GET_CONSTANT '';
2018-01-24 15:41:42 EXEC SPC_003_PI_EXCEL_INQ1 'RT-131217001','001','003_pi-excel','192.168.5.206';
2018-01-24 15:42:19 EXEC SPC_GET_CONSTANT '';
2018-01-24 15:42:38 EXEC SPC_GET_CONSTANT '';
2018-01-24 15:43:03 EXEC SPC_GET_CONSTANT '';
2018-01-24 15:43:28 EXEC SPC_GET_CONSTANT '';
2018-01-24 15:43:28 EXEC SPC_003_PI_EXCEL_INQ1 'RT-131217001','001','003_pi-excel','192.168.5.206';
2018-01-24 15:44:11 EXEC SPC_GET_CONSTANT '';
2018-01-24 15:44:11 EXEC SPC_003_PI_EXCEL_INQ1 'RT-131217001','001','003_pi-excel','192.168.5.206';
2018-01-24 15:44:32 EXEC SPC_GET_CONSTANT '';
2018-01-24 15:44:32 EXEC SPC_003_PI_EXCEL_INQ1 'RT-131011002','001','003_pi-excel','192.168.5.206';
2018-01-24 15:44:32 EXEC SPC_003_PI_EXCEL_INQ1 'RT-131011003','001','003_pi-excel','192.168.5.206';
2018-01-24 15:44:33 EXEC SPC_003_PI_EXCEL_INQ1 'RT-131011004','001','003_pi-excel','192.168.5.206';
2018-01-24 15:44:33 EXEC SPC_003_PI_EXCEL_INQ1 'RT-131015001','001','003_pi-excel','192.168.5.206';
2018-01-24 15:45:45 EXEC SPC_002_PI_SEARCH_FND1 '','','','','','','','20','1','10';
2018-01-24 15:45:52 EXEC SPC_GET_CONSTANT '';
2018-01-24 15:45:52 EXEC SPC_003_PI_EXCEL_INQ1 'RT-131011002','001','003_pi-excel','192.168.5.206';
2018-01-24 15:45:53 EXEC SPC_003_PI_EXCEL_INQ1 'RT-131011003','001','003_pi-excel','192.168.5.206';
2018-01-24 15:45:53 EXEC SPC_003_PI_EXCEL_INQ1 'RT-131011004','001','003_pi-excel','192.168.5.206';
2018-01-24 15:45:53 EXEC SPC_003_PI_EXCEL_INQ1 'RT-131015001','001','003_pi-excel','192.168.5.206';
2018-01-24 15:45:54 EXEC SPC_003_PI_EXCEL_INQ1 'RT-131015002','001','003_pi-excel','192.168.5.206';
2018-01-24 15:51:54 EXEC SPC_GET_CONSTANT '';
2018-01-24 15:51:54 EXEC SPC_003_PI_EXCEL_INQ1 'RT-131217001','001','003_pi-excel','192.168.5.206';
2018-01-24 15:52:30 EXEC SPC_001_PI_DETAIL_ACT4 'RT-131217001','','001','001_pi-detail','192.168.5.206';
2018-01-24 15:52:32 EXEC SPC_001_PI_DETAIL_INQ1 'RT-131217001';
2018-01-24 15:52:33 EXEC SPC_GET_TAX_RATE '2013/12/17';
2018-01-24 15:52:34 EXEC SPC_COM_GET_COMBOBOX 'unit_w_div';
2018-01-24 15:52:34 EXEC SPC_COM_GET_COMBOBOX 'unit_q_div';
2018-01-24 15:52:34 EXEC SPC_COM_GET_COMBOBOX 'sales_detail_div';
2018-01-24 15:52:34 EXEC SPC_COM_GET_COMBOBOX 'unit_m_div';
2018-01-24 15:52:39 EXEC SPC_063_PRODUCT_MASTER_SEARCH_FND1 '','','1','10';
2018-01-24 15:52:42 EXEC SPC_001_PI_DETAIL_INQ3 '000112','2013/12/17','F0262','PH','USD';
2018-01-24 15:53:00 EXEC SPC_063_PRODUCT_MASTER_SEARCH_FND1 '','','1','10';
2018-01-24 15:53:02 EXEC SPC_001_PI_DETAIL_INQ3 '0004','2013/12/17','F0262','PH','USD';
2018-01-24 15:53:21 EXEC SPC_063_PRODUCT_MASTER_SEARCH_FND1 '','','1','10';
2018-01-24 15:53:23 EXEC SPC_001_PI_DETAIL_INQ3 '000115','2013/12/17','F0262','PH','USD';
2018-01-24 15:53:36 EXEC SPC_001_PI_DETAIL_ACT1 'U','RT-131217001','10','2013/12/17','F0262','ALCAPORT TRADE','No. 9A Chopin Street, Ideal Subdivision','Commonwealth Avenue, Philippines 1118','1118','040','PH','632-585-6516','632-962-5436','','ALCAPORT TRADE ASIA','No. 9A Chopin Street, Ideal Subdivision','Commonwealth Avenue, Philippines 1118','1118','040','PH','632-585-6516','632-962-5436','VietNam','Manila','Singapo','MADE IN JAPAN','Standard Export Carton','02','USD','060','01','03','040','PH','01','Advance payment','[{"pi_detail_no":"1","sales_detail_div":"0","product_cd":"10003","description":"Digital Photoelectric Colorimeter Model AP-120 with standard accessories","qty":"10","unit_of_m_div":"001","unit_price":"500","amount":"5000","detail_tax":"250","unit_measure_qty":"10","unit_measure_price":"001","outside_remarks":"","unit_net_weight":"10","unit_net_weight_div":"001","net_weight":"100","unit_gross_weight":"10","gross_weight":"100","measure":"100"},{"pi_detail_no":"2","sales_detail_div":"0","product_cd":"10001","description":"Mobile Photoelectric colorimeter Model AP-1000M with standard accessories","qty":"10","unit_of_m_div":"001","unit_price":"750","amount":"7500","detail_tax":"375","unit_measure_qty":"10","unit_measure_price":"001","outside_remarks":"","unit_net_weight":"0.8","unit_net_weight_div":"001","net_weight":"8","unit_gross_weight":"1.7","gross_weight":"17","measure":"100"},{"pi_detail_no":"3","sales_detail_div":"0","product_cd":"000111","description":"Description Mobile Photoelectric colorimeter Model AP-1000M with standard accessories Mobile Photoelectric colorimeter M","qty":"10","unit_of_m_div":"003","unit_price":"10","amount":"100","detail_tax":"5","unit_measure_qty":"51","unit_measure_price":"001","outside_remarks":"","unit_net_weight":"15659","unit_net_weight_div":"001","net_weight":"156590","unit_gross_weight":"2194","gross_weight":"21940","measure":"510"},{"pi_detail_no":"4","sales_detail_div":"3","product_cd":"000112","description":"Description Mobile Photoelectric colorimeter Model AP-1000M with standard accessories Mobile Photoelectric colorimeter M","qty":"10","unit_of_m_div":"002","unit_price":"10","amount":"100","detail_tax":"5","unit_measure_qty":"888","unit_measure_price":"001","outside_remarks":"","unit_net_weight":"11212.13","unit_net_weight_div":"001","net_weight":"112121.3","unit_gross_weight":"16543.5","gross_weight":"165435","measure":"8880"},{"pi_detail_no":"5","sales_detail_div":"0","product_cd":"0004","description":"Description Mobile Photoelectric colorimeter Model AP-1000M with standard accessories Mobile Photoelectric colorimeter M","qty":"10","unit_of_m_div":"001","unit_price":"10","amount":"100","detail_tax":"5","unit_measure_qty":"10","unit_measure_price":"001","outside_remarks":"","unit_net_weight":"10","unit_net_weight_div":"001","net_weight":"100","unit_gross_weight":"10","gross_weight":"100","measure":"100"},{"pi_detail_no":"6","sales_detail_div":"0","product_cd":"000115","description":"Description Mobile Photoelectric colorimeter Model AP-1000M with standard accessories Mobile Photoelectric colorimeter M","qty":"10","unit_of_m_div":"002","unit_price":"10","amount":"100","detail_tax":"5","unit_measure_qty":"999.99","unit_measure_price":"001","outside_remarks":"","unit_net_weight":"-99999.12","unit_net_weight_div":"","net_weight":"-999991.2","unit_gross_weight":"28451.11","gross_weight":"284511.1","measure":"9999.9"}]','60','001','472103.1','001','-731071.9','001','19689.9','001','12900','10','0','0','12910','Around 3 weeks after receipt of payment','','Japan','APEL CO.,LTD.','This Proforma invoice is valid for 3 weeks from the date of  issue.','- If a consulate visa is required, the related fees should be paid by the buyer.','- In case of transport by air and/or container, FOB, C&F and CIF in this proforma invoice','shall be respectively equivalent to FCA, CPT and CIP stipulated in Incoterms 2000.','- In the even that the dollar (euro)falls against the Japanese yen by more than 5% from','the rate of proforma invoice date, the prices will not be effective.','Other Conditions 6','*** Warranty period after shipment***','3 years: PD-303, BR-501','1 year: AP-120, AP-1000M, PD-303S, PD-3000UV, BR-5200, BR-5200P, HC-702','Other Conditions 10','001','','001','001_pi-detail','192.168.5.206';
2018-01-24 15:53:38 EXEC SPC_001_PI_DETAIL_INQ1 'RT-131217001';
2018-01-24 15:53:38 EXEC SPC_COM_GET_COMBOBOX 'unit_w_div';
2018-01-24 15:53:38 EXEC SPC_COM_GET_COMBOBOX 'unit_q_div';
2018-01-24 15:53:38 EXEC SPC_COM_GET_COMBOBOX 'unit_m_div';
2018-01-24 15:53:38 EXEC SPC_GET_TAX_RATE '2013/12/17';
2018-01-24 15:53:39 EXEC SPC_COM_GET_COMBOBOX 'sales_detail_div';
2018-01-24 15:53:42 EXEC SPC_001_PI_DETAIL_ACT3 'RT-131217001','','001','001_pi-detail','192.168.5.206';
2018-01-24 15:53:43 EXEC SPC_001_PI_DETAIL_INQ1 'RT-131217001';
2018-01-24 15:53:44 EXEC SPC_COM_GET_COMBOBOX 'unit_q_div';
iv';
2018-01-24 15:53:44 EXEC SPC_COM_GET_COMBOBOX 'unit_m_div';
2018-01-24 15:53:44 EXEC SPC_COM_GET_COMBOBOX 'unit_w_div';
2018-01-24 15:53:44 EXEC SPC_GET_TAX_RATE '2013/12/17';
2018-01-24 15:53:47 EXEC SPC_001_PI_DETAIL_ACT1 'U','RT-131217001','20','2013/12/17','F0262','ALCAPORT TRADE','No. 9A Chopin Street, Ideal Subdivision','Commonwealth Avenue, Philippines 1118','1118','040','PH','632-585-6516','632-962-5436','','ALCAPORT TRADE ASIA','No. 9A Chopin Street, Ideal Subdivision','Commonwealth Avenue, Philippines 1118','1118','040','PH','632-585-6516','632-962-5436','VietNam','Manila','Singapo','MADE IN JAPAN','Standard Export Carton','02','USD','060','01','03','040','PH','01','Advance payment','[{"pi_detail_no":"1","sales_detail_div":"0","product_cd":"10003","description":"Digital Photoelectric Colorimeter Model AP-120 with standard accessories","qty":"10","unit_of_m_div":"001","unit_price":"500","amount":"5000","detail_tax":"250","unit_measure_qty":"10","unit_measure_price":"001","outside_remarks":"","unit_net_weight":"10","unit_net_weight_div":"001","net_weight":"100","unit_gross_weight":"10","gross_weight":"100","measure":"100"},{"pi_detail_no":"2","sales_detail_div":"0","product_cd":"10001","description":"Mobile Photoelectric colorimeter Model AP-1000M with standard accessories","qty":"10","unit_of_m_div":"001","unit_price":"750","amount":"7500","detail_tax":"375","unit_measure_qty":"10","unit_measure_price":"001","outside_remarks":"","unit_net_weight":"0.8","unit_net_weight_div":"001","net_weight":"8","unit_gross_weight":"1.7","gross_weight":"17","measure":"100"},{"pi_detail_no":"3","sales_detail_div":"0","product_cd":"000111","description":"Description Mobile Photoelectric colorimeter Model AP-1000M with standard accessories Mobile Photoelectric colorimeter M","qty":"10","unit_of_m_div":"003","unit_price":"10","amount":"100","detail_tax":"5","unit_measure_qty":"51","unit_measure_price":"001","outside_remarks":"","unit_net_weight":"15659","unit_net_weight_div":"001","net_weight":"156590","unit_gross_weight":"2194","gross_weight":"21940","measure":"510"},{"pi_detail_no":"4","sales_detail_div":"3","product_cd":"000112","description":"Description Mobile Photoelectric colorimeter Model AP-1000M with standard accessories Mobile Photoelectric colorimeter M","qty":"10","unit_of_m_div":"002","unit_price":"10","amount":"100","detail_tax":"5","unit_measure_qty":"888","unit_measure_price":"001","outside_remarks":"","unit_net_weight":"11212.13","unit_net_weight_div":"001","net_weight":"112121.3","unit_gross_weight":"16543.5","gross_weight":"165435","measure":"8880"},{"pi_detail_no":"5","sales_detail_div":"0","product_cd":"0004","description":"Description Mobile Photoelectric colorimeter Model AP-1000M with standard accessories Mobile Photoelectric colorimeter M","qty":"10","unit_of_m_div":"001","unit_price":"10","amount":"100","detail_tax":"5","unit_measure_qty":"10","unit_measure_price":"001","outside_remarks":"","unit_net_weight":"10","unit_net_weight_div":"001","net_weight":"100","unit_gross_weight":"10","gross_weight":"100","measure":"100"},{"pi_detail_no":"6","sales_detail_div":"0","product_cd":"000115","description":"Description Mobile Photoelectric colorimeter Model AP-1000M with standard accessories Mobile Photoelectric colorimeter M","qty":"10","unit_of_m_div":"002","unit_price":"10","amount":"100","detail_tax":"5","unit_measure_qty":"999.99","unit_measure_price":"001","outside_remarks":"","unit_net_weight":"-99999.12","unit_net_weight_div":"","net_weight":"-999991.2","unit_gross_weight":"28451.11","gross_weight":"284511.1","measure":"9999.9"}]','60','001','472103.1','001','-731071.9','001','19689.9','001','12900','10','0','0','12910','Around 3 weeks after receipt of payment','','Japan','APEL CO.,LTD.','This Proforma invoice is valid for 3 weeks from the date of  issue.','- If a consulate visa is required, the related fees should be paid by the buyer.','- In case of transport by air and/or container, FOB, C&F and CIF in this proforma invoice','shall be respectively equivalent to FCA, CPT and CIP stipulated in Incoterms 2000.','- In the even that the dollar (euro)falls against the Japanese yen by more than 5% from','the rate of proforma invoice date, the prices will not be effective.','Other Conditions 6','*** Warranty period after shipment***','3 years: PD-303, BR-501','1 year: AP-120, AP-1000M, PD-303S, PD-3000UV, BR-5200, BR-5200P, HC-702','Other Conditions 10','001','','001','001_pi-detail','192.168.5.206';
2018-01-24 15:53:48 EXEC SPC_001_PI_DETAIL_INQ1 'RT-131217001';
2018-01-24 15:53:49 EXEC SPC_COM_GET_COMBOBOX 'unit_q_div';
2018-01-24 15:53:49 EXEC SPC_COM_GET_COMBOBOX 'sales_detail_div';
2018-01-24 15:53:49 EXEC SPC_COM_GET_COMBOBOX 'unit_m_div';
2018-01-24 15:53:49 EXEC SPC_COM_GET_COMBOBOX 'unit_w_div';
2018-01-24 15:53:49 EXEC SPC_GET_TAX_RATE '2013/12/17';
2018-01-24 15:53:55 EXEC SPC_GET_CONSTANT '';
2018-01-24 15:53:55 EXEC SPC_003_PI_EXCEL_INQ1 'RT-131217001','001','003_pi-excel','192.168.5.206';
2018-01-24 15:54:55 EXEC SPC_002_PI_SEARCH_FND1 '','','','','','','','20','1','10';
2018-01-24 15:54:57 EXEC SPC_002_PI_SEARCH_FND1 '','','','','','','','20','2','10';
2018-01-24 15:54:59 EXEC SPC_002_PI_SEARCH_FND1 '','','','','','','','20','3','10';
2018-01-24 15:56:19 EXEC SPC_COM_GET_COMBOBOX 'pi_status_div';
2018-01-24 15:56:22 EXEC SPC_002_PI_SEARCH_FND1 '','','','','','','','20','1','10';
2018-01-24 15:59:23 EXEC SPC_002_PI_SEARCH_FND1 '','','','','','','','20','2','10';
2018-01-24 15:59:24 EXEC SPC_002_PI_SEARCH_FND1 '','','','','','','','20','3','10';
2018-01-24 16:00:11 EXEC SPC_GET_CONSTANT '';
2018-01-24 16:00:11 EXEC SPC_003_PI_EXCEL_INQ1 'RT-131216001','001','003_pi-excel','192.168.5.206';
2018-01-24 16:00:12 EXEC SPC_003_PI_EXCEL_INQ1 'RT-131216002','001','003_pi-excel','192.168.5.206';
2018-01-24 16:00:12 EXEC SPC_003_PI_EXCEL_INQ1 'RT-131217001','001','003_pi-excel','192.168.5.206';
2018-01-24 16:08:28 EXEC SPC_COM_GET_COMBOBOX 'pi_status_div';
2018-01-24 16:08:32 EXEC SPC_002_PI_SEARCH_FND1 '','','','','','','','20','1','10';
2018-01-24 16:08:33 EXEC SPC_002_PI_SEARCH_FND1 '','','','','','','','20','2','10';
2018-01-24 16:08:34 EXEC SPC_002_PI_SEARCH_FND1 '','','','','','','','20','3','10';
2018-01-24 16:08:40 EXEC SPC_GET_CONSTANT '';
2018-01-24 16:08:40 EXEC SPC_003_PI_EXCEL_INQ1 'RT-131216001','001','003_pi-excel','192.168.5.206';
2018-01-24 16:08:40 EXEC SPC_003_PI_EXCEL_INQ1 'RT-131216002','001','003_pi-excel','192.168.5.206';
2018-01-24 16:08:41 EXEC SPC_003_PI_EXCEL_INQ1 'RT-131217001','001','003_pi-excel','192.168.5.206';
2018-01-24 16:10:47 EXEC SPC_002_PI_SEARCH_FND1 '','','','','','','','20','1','10';
2018-01-24 16:14:53 EXEC SPC_GET_CONSTANT '';
2018-01-24 16:14:54 EXEC SPC_003_PI_EXCEL_INQ1 'RT-131217001','001','003_pi-excel','192.168.5.206';
2018-01-24 16:15:09 EXEC SPC_GET_CONSTANT '';
2018-01-24 16:15:09 EXEC SPC_003_PI_EXCEL_INQ1 'RT-131217001','001','003_pi-excel','192.168.5.206';
2018-01-24 16:19:29 EXEC SPC_GET_CONSTANT '';
2018-01-24 16:19:29 EXEC SPC_003_PI_EXCEL_INQ1 'RT-131217001','001','003_pi-excel','192.168.5.206';
2018-01-24 16:28:46 EXEC SPC_GET_CONSTANT '';
2018-01-24 16:28:46 EXEC SPC_003_PI_EXCEL_INQ1 'RT-131217001','001','003_pi-excel','192.168.5.206';
2018-01-24 16:29:14 EXEC SPC_GET_CONSTANT '';
2018-01-24 16:29:14 EXEC SPC_003_PI_EXCEL_INQ1 'RT-131217001','001','003_pi-excel','192.168.5.206';
2018-01-24 16:31:20 EXEC SPC_GET_CONSTANT '';
2018-01-24 16:31:20 EXEC SPC_003_PI_EXCEL_INQ1 'RT-131217001','001','003_pi-excel','192.168.5.206';
2018-01-24 16:31:37 EXEC SPC_GET_CONSTANT '';
2018-01-24 16:31:37 EXEC SPC_003_PI_EXCEL_INQ1 'RT-131217001','001','003_pi-excel','192.168.5.206';
2018-01-24 16:59:05 EXEC SPC_GET_CONSTANT '';
2018-01-24 16:59:05 EXEC SPC_003_PI_EXCEL_INQ1 'RT-131011002','001','003_pi-excel','192.168.5.206';
2018-01-24 16:59:05 EXEC SPC_003_PI_EXCEL_INQ1 'RT-131011003','001','003_pi-excel','192.168.5.206';
2018-01-24 16:59:06 EXEC SPC_003_PI_EXCEL_INQ1 'RT-131011004','001','003_pi-excel','192.168.5.206';
2018-01-24 16:59:06 EXEC SPC_003_PI_EXCEL_INQ1 'RT-131015001','001','003_pi-excel','192.168.5.206';
2018-01-24 16:59:06 EXEC SPC_003_PI_EXCEL_INQ1 'RT-131015002','001','003_pi-excel','192.168.5.206';
2018-01-24 16:59:07 EXEC SPC_003_PI_EXCEL_INQ1 'RT-131017001','001','003_pi-excel','192.168.5.206';
2018-01-24 16:59:07 EXEC SPC_003_PI_EXCEL_INQ1 'RT-131019001','001','003_pi-excel','192.168.5.206';
2018-01-24 16:59:08 EXEC SPC_003_PI_EXCEL_INQ1 'RT-131022001','001','003_pi-excel','192.168.5.206';
2018-01-24 17:03:08 EXEC SPC_GET_CONSTANT '';
2018-01-24 17:03:08 EXEC SPC_003_PI_EXCEL_INQ1 'RT-131011002','001','003_pi-excel','192.168.5.206';
2018-01-24 17:03:09 EXEC SPC_003_PI_EXCEL_INQ1 'RT-131011003','001','003_pi-excel','192.168.5.206';
2018-01-24 17:03:09 EXEC SPC_003_PI_EXCEL_INQ1 'RT-131011004','001','003_pi-excel','192.168.5.206';
2018-01-24 17:03:10 EXEC SPC_003_PI_EXCEL_INQ1 'RT-131015001','001','003_pi-excel','192.168.5.206';
2018-01-24 17:03:10 EXEC SPC_003_PI_EXCEL_INQ1 'RT-131015002','001','003_pi-excel','192.168.5.206';
2018-01-24 17:03:10 EXEC SPC_003_PI_EXCEL_INQ1 'RT-131017001','001','003_pi-excel','192.168.5.206';
2018-01-24 17:03:11 EXEC SPC_003_PI_EXCEL_INQ1 'RT-131019001','001','003_pi-excel','192.168.5.206';
2018-01-24 17:03:12 EXEC SPC_003_PI_EXCEL_INQ1 'RT-131022001','001','003_pi-excel','192.168.5.206';
2018-01-24 17:03:42 EXEC SPC_GET_CONSTANT '';
2018-01-24 17:03:42 EXEC SPC_003_PI_EXCEL_INQ1 'RT-131011002','001','003_pi-excel','192.168.5.206';
2018-01-24 17:03:50 EXEC SPC_GET_CONSTANT '';
2018-01-24 17:03:50 EXEC SPC_003_PI_EXCEL_INQ1 'RT-131217001','001','003_pi-excel','192.168.5.206';
2018-01-24 17:10:19 EXEC SPC_GET_CONSTANT '';
2018-01-24 17:10:19 EXEC SPC_003_PI_EXCEL_INQ1 'RT-131217001','001','003_pi-excel','192.168.5.206';
2018-01-24 17:10:48 EXEC SPC_GET_CONSTANT '';
2018-01-24 17:10:48 EXEC SPC_003_PI_EXCEL_INQ1 'RT-131217001','001','003_pi-excel','192.168.5.206';
2018-01-24 17:12:03 EXEC SPC_GET_CONSTANT '';
2018-01-24 17:12:03 EXEC SPC_003_PI_EXCEL_INQ1 'RT-131217001','001','003_pi-excel','192.168.5.206';
2018-01-24 17:12:23 EXEC SPC_GET_CONSTANT '';
2018-01-24 17:12:23 EXEC SPC_003_PI_EXCEL_INQ1 'RT-131217001','001','003_pi-excel','192.168.5.206';
2018-01-24 17:12:49 EXEC SPC_GET_CONSTANT '';
2018-01-24 17:12:49 EXEC SPC_003_PI_EXCEL_INQ1 'RT-131217001','001','003_pi-excel','192.168.5.206';
2018-01-24 17:42:34 EXEC SPC_GET_CONSTANT '';
2018-01-24 17:42:34 EXEC SPC_003_PI_EXCEL_INQ1 'RT-131217001','001','003_pi-excel','192.168.5.206';
2018-01-24 17:44:15 EXEC SPC_GET_CONSTANT '';
2018-01-24 17:44:15 EXEC SPC_003_PI_EXCEL_INQ1 'RT-131011002','001','003_pi-excel','192.168.5.206';
2018-01-24 17:44:51 EXEC SPC_GET_CONSTANT '';
2018-01-24 17:44:51 EXEC SPC_003_PI_EXCEL_INQ1 'RT-131015002','001','003_pi-excel','192.168.5.206';
2018-01-24 17:45:59 EXEC SPC_GET_CONSTANT '';
2018-01-24 17:45:59 EXEC SPC_003_PI_EXCEL_INQ1 'RT-131011003','001','003_pi-excel','192.168.5.206';
2018-01-24 17:53:01 EXEC SPC_GET_CONSTANT '';
2018-01-24 17:53:01 EXEC SPC_003_PI_EXCEL_INQ1 'RT-131011003','001','003_pi-excel','192.168.5.206';
2018-01-24 17:55:46 EXEC SPC_GET_CONSTANT '';
2018-01-24 17:55:46 EXEC SPC_003_PI_EXCEL_INQ1 'RT-131217001','001','003_pi-excel','192.168.5.206';
