2018-04-05 10:30:50 EXEC SPC_COM_GET_COMBOBOX 'port_country_div';
2018-04-05 10:30:50 EXEC SPC_COM_GET_COMBOBOX 'port_city_div';
2018-04-05 10:30:50 EXEC SPC_COM_GET_COMBOBOX 'unit_q_div';
2018-04-05 10:30:50 EXEC SPC_COM_GET_COMBOBOX 'sales_detail_div';
2018-04-05 10:30:50 EXEC SPC_COM_GET_COMBOBOX 'payment_conditions_div';
2018-04-05 10:30:51 EXEC SPC_COM_GET_COMBOBOX 'shipment_div';
2018-04-05 10:30:51 EXEC SPC_COM_GET_COMBOBOX 'trade_terms_div';
2018-04-05 10:30:51 EXEC SPC_COM_GET_COMBOBOX 'currency_div';
2018-04-05 10:30:51 EXEC SPC_COM_GET_COMBOBOX 'unit_m_div';
2018-04-05 10:30:51 EXEC SPC_COM_GET_COMBOBOX 'unit_w_div';
2018-04-05 10:30:51 EXEC SPC_COM_GET_COMBOBOX 'storage_manager_div';
2018-04-05 11:37:33 EXEC SPC_GET_TAX_RATE '2018/04/05';
2018-04-05 11:40:53 EXEC SPC_GET_TAX_RATE '2018/04/05';
2018-04-05 11:41:07 EXEC SPC_COM_GET_COMBOBOX 'buy_status_div';
2018-04-05 11:41:10 EXEC SPC_GET_TAX_RATE '2018/04/05';
2018-04-05 11:55:27 EXEC SPC_COM_GET_COMBOBOX 'buy_status_div';
2018-04-05 11:55:28 EXEC SPC_032_PURCHASE_REQUEST_SEARCH_FND1 '','','','','','','','1','10';
2018-04-05 11:55:32 EXEC SPC_032_PURCHASE_REQUEST_SEARCH_FND1 '','','','','','','10','1','10';
2018-04-05 11:55:40 EXEC SPC_GET_TAX_RATE '2018/04/05';
2018-04-05 11:55:41 EXEC SPC_031_PURCHASE_REQUEST_DETAIL_INQ1 'KI201803270001';
2018-04-05 11:55:41 EXEC SPC_GET_TAX_RATE '2018/03/27';
2018-04-05 11:57:18 EXEC SPC_031_PURCHASE_REQUEST_DETAIL_ACT3 'KI201803270001','001','','031_purchase_request','';
2018-04-05 12:03:31 EXEC SPC_073_LOGIN_ACT1 '001','123456';
2018-04-05 12:03:31 EXEC SPC_GET_CONSTANT '';
2018-04-05 12:03:41 EXEC SPC_COM_GET_COMBOBOX 'buy_status_div';
2018-04-05 12:03:44 EXEC SPC_032_PURCHASE_REQUEST_SEARCH_FND1 '','','','','','','10','1','10';
2018-04-05 12:03:48 EXEC SPC_GET_TAX_RATE '2018/04/05';
2018-04-05 12:03:49 EXEC SPC_031_PURCHASE_REQUEST_DETAIL_INQ1 'KI201803270001';
2018-04-05 12:03:50 EXEC SPC_GET_TAX_RATE '2018/03/27';
2018-04-05 12:03:52 EXEC SPC_031_PURCHASE_REQUEST_DETAIL_ACT3 'KI201803270001','001','001','031_purchase_request','192.168.5.206';
2018-04-05 12:04:05 EXEC SPC_COM_GET_COMBOBOX 'buy_status_div';
2018-04-05 12:04:05 EXEC SPC_032_PURCHASE_REQUEST_SEARCH_FND1 '','','','','','','10','1','10';
2018-04-05 12:04:08 EXEC SPC_032_PURCHASE_REQUEST_SEARCH_FND1 '','','','','','','20','1','10';
2018-04-05 12:04:11 EXEC SPC_032_PURCHASE_REQUEST_SEARCH_FND1 '','','','','','','10','1','10';
2018-04-05 12:04:15 EXEC SPC_GET_TAX_RATE '2018/04/05';
2018-04-05 12:04:15 EXEC SPC_031_PURCHASE_REQUEST_DETAIL_INQ1 'KI201803270001';
2018-04-05 12:04:16 EXEC SPC_GET_TAX_RATE '2018/03/27';
2018-04-05 12:04:45 EXEC SPC_031_PURCHASE_REQUEST_DETAIL_ACT3 'KI201803270001','001','001','031_purchase_request','192.168.5.206';
2018-04-05 12:04:46 EXEC SPC_031_PURCHASE_REQUEST_DETAIL_INQ1 'KI201803270001';
2018-04-05 12:04:46 EXEC SPC_GET_TAX_RATE '2018/03/27';
2018-04-05 12:04:51 EXEC SPC_031_PURCHASE_REQUEST_DETAIL_ACT3 'KI201803270001','001','001','031_purchase_request','192.168.5.206';
2018-04-05 12:04:52 EXEC SPC_031_PURCHASE_REQUEST_DETAIL_INQ1 'KI201803270001';
2018-04-05 12:04:53 EXEC SPC_GET_TAX_RATE '2018/03/27';
2018-04-05 12:04:57 EXEC SPC_COM_GET_COMBOBOX 'buy_status_div';
2018-04-05 12:04:58 EXEC SPC_032_PURCHASE_REQUEST_SEARCH_FND1 '','','','','','','10','1','10';
2018-04-05 12:04:59 EXEC SPC_032_PURCHASE_REQUEST_SEARCH_FND1 '','','','','','','10','1','10';
2018-04-05 12:05:02 EXEC SPC_032_PURCHASE_REQUEST_SEARCH_FND1 '','','','','','','20','1','10';
2018-04-05 12:05:05 EXEC SPC_032_PURCHASE_REQUEST_SEARCH_FND1 '','','','','','','10','1','10';
2018-04-05 12:05:09 EXEC SPC_GET_TAX_RATE '2018/04/05';
2018-04-05 12:05:09 EXEC SPC_031_PURCHASE_REQUEST_DETAIL_INQ1 'KI201803270001';
2018-04-05 12:05:10 EXEC SPC_GET_TAX_RATE '2018/03/27';
2018-04-05 12:05:14 EXEC SPC_031_PURCHASE_REQUEST_DETAIL_ACT3 'KI201803270001','001','001','031_purchase_request','192.168.5.206';
2018-04-05 12:05:15 EXEC SPC_031_PURCHASE_REQUEST_DETAIL_INQ1 'KI201803270001';
2018-04-05 12:05:16 EXEC SPC_GET_TAX_RATE '2018/03/27';
2018-04-05 12:06:49 EXEC SPC_031_PURCHASE_REQUEST_DETAIL_ACT3 'KI201803270001','001','001','031_purchase_request','192.168.5.206';
2018-04-05 12:06:50 EXEC SPC_031_PURCHASE_REQUEST_DETAIL_INQ1 'KI201803270001';
2018-04-05 12:06:50 EXEC SPC_GET_TAX_RATE '2018/03/27';
2018-04-05 12:06:54 EXEC SPC_COM_GET_COMBOBOX 'buy_status_div';
2018-04-05 12:06:55 EXEC SPC_032_PURCHASE_REQUEST_SEARCH_FND1 '','','','','','','10','1','10';
2018-04-05 12:06:57 EXEC SPC_032_PURCHASE_REQUEST_SEARCH_FND1 '','','','','','','20','1','10';
2018-04-05 12:07:03 EXEC SPC_032_PURCHASE_REQUEST_SEARCH_FND1 '','','','','','','10','1','10';
2018-04-05 12:07:06 EXEC SPC_032_PURCHASE_REQUEST_SEARCH_FND1 '','','','','','','20','1','10';
2018-04-05 12:07:09 EXEC SPC_GET_TAX_RATE '2018/04/05';
2018-04-05 12:07:10 EXEC SPC_031_PURCHASE_REQUEST_DETAIL_INQ1 'KI201803270001';
2018-04-05 12:07:10 EXEC SPC_GET_TAX_RATE '2018/03/27';
2018-04-05 12:07:12 EXEC SPC_031_PURCHASE_REQUEST_DETAIL_ACT3 'KI201803270001','001','001','031_purchase_request','192.168.5.206';
2018-04-05 12:08:06 EXEC SPC_GET_TAX_RATE '2018/04/05';
2018-04-05 12:08:06 EXEC SPC_031_PURCHASE_REQUEST_DETAIL_INQ1 'KI201803270001';
2018-04-05 12:08:06 EXEC SPC_GET_TAX_RATE '2018/03/27';
2018-04-05 12:08:09 EXEC SPC_031_PURCHASE_REQUEST_DETAIL_ACT3 'KI201803270001','001','001','031_purchase_request','192.168.5.206';
2018-04-05 12:08:10 EXEC SPC_031_PURCHASE_REQUEST_DETAIL_INQ1 'KI201803270001';
2018-04-05 12:08:10 EXEC SPC_GET_TAX_RATE '2018/03/27';
2018-04-05 12:08:13 EXEC SPC_031_PURCHASE_REQUEST_DETAIL_ACT3 'KI201803270001','001','001','031_purchase_request','192.168.5.206';
2018-04-05 12:15:29 EXEC SPC_GET_TAX_RATE '2018/04/05';
2018-04-05 12:15:30 EXEC SPC_031_PURCHASE_REQUEST_DETAIL_INQ1 'KI201803270001';
2018-04-05 12:15:30 EXEC SPC_GET_TAX_RATE '2018/03/27';
2018-04-05 12:15:42 EXEC SPC_031_PURCHASE_REQUEST_DETAIL_ACT3 'KI201803270001','001','001','031_purchase_request','192.168.5.206';
2018-04-05 12:15:43 EXEC SPC_031_PURCHASE_REQUEST_DETAIL_INQ1 'KI201803270001';
2018-04-05 12:15:43 EXEC SPC_GET_TAX_RATE '2018/03/27';
2018-04-05 12:15:50 EXEC SPC_031_PURCHASE_REQUEST_DETAIL_ACT3 'KI201803270001','001','001','031_purchase_request','192.168.5.206';
2018-04-05 12:15:53 EXEC SPC_COM_GET_COMBOBOX 'buy_status_div';
2018-04-05 12:15:54 EXEC SPC_032_PURCHASE_REQUEST_SEARCH_FND1 '','','','','','','20','1','10';
2018-04-05 12:15:58 EXEC SPC_032_PURCHASE_REQUEST_SEARCH_FND1 '','','','','','','10','1','10';
2018-04-05 12:16:19 EXEC SPC_032_PURCHASE_REQUEST_SEARCH_FND1 '','','','','','','10','1','10';
2018-04-05 12:16:24 EXEC SPC_GET_TAX_RATE '2018/04/05';
2018-04-05 12:16:24 EXEC SPC_031_PURCHASE_REQUEST_DETAIL_INQ1 'KI201803270001';
2018-04-05 12:16:25 EXEC SPC_GET_TAX_RATE '2018/03/27';
2018-04-05 12:16:30 EXEC SPC_031_PURCHASE_REQUEST_DETAIL_ACT3 'KI201803270001','001','001','031_purchase_request','192.168.5.206';
2018-04-05 12:16:40 EXEC SPC_031_PURCHASE_REQUEST_DETAIL_ACT3 'KI201803270001','001','001','031_purchase_request','192.168.5.206';
2018-04-05 12:16:50 EXEC SPC_031_PURCHASE_REQUEST_DETAIL_ACT3 'KI201803270001','001','001','031_purchase_request','192.168.5.206';
2018-04-05 12:16:58 EXEC SPC_031_PURCHASE_REQUEST_DETAIL_ACT3 'KI201803270001','001','001','031_purchase_request','192.168.5.206';
2018-04-05 12:17:04 EXEC SPC_COM_GET_COMBOBOX 'buy_status_div';
2018-04-05 12:17:05 EXEC SPC_032_PURCHASE_REQUEST_SEARCH_FND1 '','','','','','','10','1','10';
2018-04-05 12:17:28 EXEC SPC_032_PURCHASE_REQUEST_SEARCH_FND1 '','','','','','','10','1','10';
2018-04-05 12:17:31 EXEC SPC_GET_TAX_RATE '2018/04/05';
2018-04-05 12:17:31 EXEC SPC_031_PURCHASE_REQUEST_DETAIL_INQ1 'KI201803270001';
2018-04-05 12:17:32 EXEC SPC_GET_TAX_RATE '2018/03/27';
2018-04-05 12:17:47 EXEC SPC_031_PURCHASE_REQUEST_DETAIL_ACT3 'KI201803270001','001','001','031_purchase_request','192.168.5.206';
2018-04-05 12:17:51 EXEC SPC_COM_GET_COMBOBOX 'buy_status_div';
2018-04-05 12:17:52 EXEC SPC_032_PURCHASE_REQUEST_SEARCH_FND1 '','','','','','','10','1','10';
2018-04-05 12:17:56 EXEC SPC_GET_TAX_RATE '2018/04/05';
2018-04-05 12:17:56 EXEC SPC_031_PURCHASE_REQUEST_DETAIL_INQ1 'KI201803270001';
2018-04-05 12:17:57 EXEC SPC_GET_TAX_RATE '2018/03/27';
2018-04-05 12:17:58 EXEC SPC_031_PURCHASE_REQUEST_DETAIL_ACT3 'KI201803270001','001','001','031_purchase_request','192.168.5.206';
2018-04-05 12:18:09 EXEC SPC_031_PURCHASE_REQUEST_DETAIL_ACT3 'KI201803270001','001','001','031_purchase_request','192.168.5.206';
2018-04-05 12:18:10 EXEC SPC_031_PURCHASE_REQUEST_DETAIL_INQ1 'KI201803270001';
2018-04-05 12:18:10 EXEC SPC_GET_TAX_RATE '2018/03/27';
2018-04-05 12:18:12 EXEC SPC_031_PURCHASE_REQUEST_DETAIL_ACT3 'KI201803270001','001','001','031_purchase_request','192.168.5.206';
2018-04-05 12:18:16 EXEC SPC_COM_GET_COMBOBOX 'buy_status_div';
2018-04-05 12:18:16 EXEC SPC_032_PURCHASE_REQUEST_SEARCH_FND1 '','','','','','','10','1','10';
2018-04-05 12:24:59 EXEC SPC_032_PURCHASE_REQUEST_SEARCH_FND1 '','','','','','','10','1','10';
2018-04-05 12:25:18 EXEC SPC_032_PURCHASE_REQUEST_SEARCH_FND1 '','','','','','','10','1','10';
2018-04-05 12:25:21 EXEC SPC_GET_TAX_RATE '2018/04/05';
2018-04-05 12:25:22 EXEC SPC_031_PURCHASE_REQUEST_DETAIL_INQ1 'KI201803270001';
2018-04-05 12:25:22 EXEC SPC_GET_TAX_RATE '2018/03/27';
2018-04-05 12:25:24 EXEC SPC_031_PURCHASE_REQUEST_DETAIL_ACT3 'KI201803270001','001','001','031_purchase_request','192.168.5.206';
2018-04-05 12:25:29 EXEC SPC_COM_GET_COMBOBOX 'buy_status_div';
2018-04-05 12:25:30 EXEC SPC_032_PURCHASE_REQUEST_SEARCH_FND1 '','','','','','','10','1','10';
2018-04-05 12:25:33 EXEC SPC_032_PURCHASE_REQUEST_SEARCH_FND1 '','','','','','','20','1','10';
2018-04-05 12:25:35 EXEC SPC_032_PURCHASE_REQUEST_SEARCH_FND1 '','','','','','','10','1','10';
2018-04-05 12:25:42 EXEC SPC_GET_TAX_RATE '2018/04/05';
2018-04-05 12:25:43 EXEC SPC_031_PURCHASE_REQUEST_DETAIL_INQ1 'KI201803270001';
2018-04-05 12:25:43 EXEC SPC_GET_TAX_RATE '2018/03/27';
2018-04-05 12:25:45 EXEC SPC_031_PURCHASE_REQUEST_DETAIL_ACT3 'KI201803270001','001','001','031_purchase_request','192.168.5.206';
2018-04-05 12:25:46 EXEC SPC_031_PURCHASE_REQUEST_DETAIL_INQ1 'KI201803270001';
2018-04-05 12:25:47 EXEC SPC_GET_TAX_RATE '2018/03/27';
2018-04-05 12:25:49 EXEC SPC_031_PURCHASE_REQUEST_DETAIL_ACT3 'KI201803270001','001','001','031_purchase_request','192.168.5.206';
2018-04-05 14:00:09 EXEC SPC_COM_GET_COMBOBOX 'port_city_div';
2018-04-05 14:00:10 EXEC SPC_COM_GET_COMBOBOX 'sales_detail_div';
2018-04-05 14:00:10 EXEC SPC_COM_GET_COMBOBOX 'unit_q_div';
2018-04-05 14:00:10 EXEC SPC_COM_GET_COMBOBOX 'trade_terms_div';
2018-04-05 14:00:10 EXEC SPC_COM_GET_COMBOBOX 'currency_div';
2018-04-05 14:00:10 EXEC SPC_COM_GET_COMBOBOX 'shipment_div';
2018-04-05 14:00:10 EXEC SPC_COM_GET_COMBOBOX 'port_country_div';
2018-04-05 14:00:11 EXEC SPC_COM_GET_COMBOBOX 'payment_conditions_div';
2018-04-05 14:00:11 EXEC SPC_COM_GET_COMBOBOX 'unit_w_div';
2018-04-05 14:00:11 EXEC SPC_COM_GET_COMBOBOX 'storage_manager_div';
2018-04-05 16:35:03 EXEC SPC_COM_GET_COMBOBOX 'port_city_div';
2018-04-05 16:35:04 EXEC SPC_COM_GET_COMBOBOX 'sales_detail_div';
2018-04-05 16:35:04 EXEC SPC_COM_GET_COMBOBOX 'unit_q_div';
2018-04-05 16:35:05 EXEC SPC_COM_GET_COMBOBOX 'payment_conditions_div';
2018-04-05 16:35:05 EXEC SPC_COM_GET_COMBOBOX 'port_country_div';
2018-04-05 16:35:05 EXEC SPC_COM_GET_COMBOBOX 'shipment_div';
2018-04-05 16:35:05 EXEC SPC_COM_GET_COMBOBOX 'currency_div';
2018-04-05 16:35:05 EXEC SPC_COM_GET_COMBOBOX 'trade_terms_div';
2018-04-05 16:35:05 EXEC SPC_COM_GET_COMBOBOX 'unit_w_div';
2018-04-05 16:35:05 EXEC SPC_COM_GET_COMBOBOX 'storage_manager_div';
2018-04-05 16:35:05 EXEC SPC_COM_GET_COMBOBOX 'unit_m_div';
2018-04-05 16:35:42 EXEC SPC_COM_GET_COMBOBOX 'shipment_div';
2018-04-05 16:35:42 EXEC SPC_COM_GET_COMBOBOX 'port_city_div';
2018-04-05 16:35:42 EXEC SPC_COM_GET_COMBOBOX 'payment_conditions_div';
2018-04-05 16:35:42 EXEC SPC_COM_GET_COMBOBOX 'trade_terms_div';
2018-04-05 16:35:42 EXEC SPC_COM_GET_COMBOBOX 'port_country_div';
2018-04-05 16:35:42 EXEC SPC_COM_GET_COMBOBOX 'currency_div';
2018-04-05 16:35:43 EXEC SPC_COM_GET_COMBOBOX 'unit_q_div';
2018-04-05 16:35:43 EXEC SPC_COM_GET_COMBOBOX 'unit_w_div';
2018-04-05 16:35:43 EXEC SPC_COM_GET_COMBOBOX 'sales_detail_div';
2018-04-05 16:35:43 EXEC SPC_COM_GET_COMBOBOX 'storage_manager_div';
2018-04-05 16:35:43 EXEC SPC_COM_GET_COMBOBOX 'unit_m_div';
2018-04-05 16:36:04 EXEC SPC_COM_GET_COMBOBOX 'port_city_div';
2018-04-05 16:36:04 EXEC SPC_COM_GET_COMBOBOX 'currency_div';
2018-04-05 16:36:04 EXEC SPC_COM_GET_COMBOBOX 'shipment_div';
2018-04-05 16:36:04 EXEC SPC_COM_GET_COMBOBOX 'payment_conditions_div';
2018-04-05 16:36:04 EXEC SPC_COM_GET_COMBOBOX 'trade_terms_div';
2018-04-05 16:36:05 EXEC SPC_COM_GET_COMBOBOX 'port_country_div';
2018-04-05 16:36:05 EXEC SPC_COM_GET_COMBOBOX 'sales_detail_div';
2018-04-05 16:36:05 EXEC SPC_COM_GET_COMBOBOX 'storage_manager_div';
2018-04-05 16:36:05 EXEC SPC_COM_GET_COMBOBOX 'unit_q_div';
2018-04-05 16:36:05 EXEC SPC_COM_GET_COMBOBOX 'unit_w_div';
2018-04-05 16:36:05 EXEC SPC_COM_GET_COMBOBOX 'unit_m_div';
2018-04-05 16:40:39 EXEC SPC_COM_GET_COMBOBOX 'trade_terms_div';
2018-04-05 16:40:39 EXEC SPC_COM_GET_COMBOBOX 'port_city_div';
2018-04-05 16:40:39 EXEC SPC_COM_GET_COMBOBOX 'port_country_div';
2018-04-05 16:40:39 EXEC SPC_COM_GET_COMBOBOX 'shipment_div';
2018-04-05 16:40:39 EXEC SPC_COM_GET_COMBOBOX 'currency_div';
2018-04-05 16:40:40 EXEC SPC_COM_GET_COMBOBOX 'payment_conditions_div';
2018-04-05 16:40:40 EXEC SPC_COM_GET_COMBOBOX 'sales_detail_div';
2018-04-05 16:40:40 EXEC SPC_COM_GET_COMBOBOX 'unit_q_div';
2018-04-05 16:40:40 EXEC SPC_COM_GET_COMBOBOX 'unit_m_div';
2018-04-05 16:40:40 EXEC SPC_COM_GET_COMBOBOX 'storage_manager_div';
2018-04-05 16:40:40 EXEC SPC_COM_GET_COMBOBOX 'unit_w_div';
2018-04-05 16:42:02 EXEC SPC_COM_GET_COMBOBOX 'shipment_div';
2018-04-05 16:42:02 EXEC SPC_COM_GET_COMBOBOX 'port_country_div';
2018-04-05 16:42:02 EXEC SPC_COM_GET_COMBOBOX 'port_city_div';
2018-04-05 16:42:02 EXEC SPC_COM_GET_COMBOBOX 'currency_div';
2018-04-05 16:42:02 EXEC SPC_COM_GET_COMBOBOX 'trade_terms_div';
2018-04-05 16:42:02 EXEC SPC_COM_GET_COMBOBOX 'payment_conditions_div';
2018-04-05 16:42:03 EXEC SPC_COM_GET_COMBOBOX 'unit_q_div';
2018-04-05 16:42:03 EXEC SPC_COM_GET_COMBOBOX 'storage_manager_div';
2018-04-05 16:42:03 EXEC SPC_COM_GET_COMBOBOX 'sales_detail_div';
2018-04-05 16:42:03 EXEC SPC_COM_GET_COMBOBOX 'unit_w_div';
2018-04-05 16:42:03 EXEC SPC_COM_GET_COMBOBOX 'unit_m_div';
2018-04-05 16:42:16 EXEC SPC_COM_GET_COMBOBOX 'port_country_div';
2018-04-05 16:42:16 EXEC SPC_COM_GET_COMBOBOX 'port_city_div';
2018-04-05 16:42:16 EXEC SPC_COM_GET_COMBOBOX 'payment_conditions_div';
2018-04-05 16:42:16 EXEC SPC_COM_GET_COMBOBOX 'currency_div';
2018-04-05 16:42:16 EXEC SPC_COM_GET_COMBOBOX 'trade_terms_div';
2018-04-05 16:42:16 EXEC SPC_COM_GET_COMBOBOX 'shipment_div';
2018-04-05 16:42:16 EXEC SPC_COM_GET_COMBOBOX 'sales_detail_div';
2018-04-05 16:42:16 EXEC SPC_COM_GET_COMBOBOX 'unit_q_div';
2018-04-05 16:42:16 EXEC SPC_COM_GET_COMBOBOX 'unit_w_div';
2018-04-05 16:42:16 EXEC SPC_COM_GET_COMBOBOX 'storage_manager_div';
2018-04-05 16:42:16 EXEC SPC_COM_GET_COMBOBOX 'unit_m_div';
2018-04-05 16:42:40 EXEC SPC_COM_GET_COMBOBOX 'port_city_div';
2018-04-05 16:42:40 EXEC SPC_COM_GET_COMBOBOX 'port_country_div';
2018-04-05 16:42:41 EXEC SPC_COM_GET_COMBOBOX 'currency_div';
2018-04-05 16:42:41 EXEC SPC_COM_GET_COMBOBOX 'payment_conditions_div';
2018-04-05 16:42:41 EXEC SPC_COM_GET_COMBOBOX 'trade_terms_div';
2018-04-05 16:42:42 EXEC SPC_COM_GET_COMBOBOX 'unit_q_div';
2018-04-05 16:42:42 EXEC SPC_COM_GET_COMBOBOX 'sales_detail_div';
2018-04-05 16:42:42 EXEC SPC_COM_GET_COMBOBOX 'unit_w_div';
2018-04-05 16:42:42 EXEC SPC_COM_GET_COMBOBOX 'unit_m_div';
2018-04-05 16:42:42 EXEC SPC_COM_GET_COMBOBOX 'storage_manager_div';
2018-04-05 16:43:57 EXEC SPC_COM_GET_COMBOBOX 'trade_terms_div';
2018-04-05 16:43:57 EXEC SPC_COM_GET_COMBOBOX 'port_country_div';
2018-04-05 16:43:57 EXEC SPC_COM_GET_COMBOBOX 'currency_div';
2018-04-05 16:43:57 EXEC SPC_COM_GET_COMBOBOX 'port_city_div';
2018-04-05 16:43:57 EXEC SPC_COM_GET_COMBOBOX 'shipment_div';
2018-04-05 16:43:57 EXEC SPC_COM_GET_COMBOBOX 'payment_conditions_div';
2018-04-05 16:43:58 EXEC SPC_COM_GET_COMBOBOX 'storage_manager_div';
2018-04-05 16:43:58 EXEC SPC_COM_GET_COMBOBOX 'unit_q_div';
2018-04-05 16:43:58 EXEC SPC_COM_GET_COMBOBOX 'unit_m_div';
2018-04-05 16:43:58 EXEC SPC_COM_GET_COMBOBOX 'unit_w_div';
2018-04-05 16:43:58 EXEC SPC_COM_GET_COMBOBOX 'sales_detail_div';
2018-04-05 16:44:08 EXEC SPC_COM_GET_COMBOBOX 'fwd_status_div';
2018-04-05 16:44:10 EXEC SPC_011_SHIPMENT_SEARCH_FND1 '','','','','','','1','10';
2018-04-05 16:44:18 EXEC SPC_COM_GET_COMBOBOX 'fwd_status_div';
2018-04-05 16:44:33 EXEC SPC_COM_GET_COMBOBOX 'port_city_div';
2018-04-05 16:44:34 EXEC SPC_COM_GET_COMBOBOX 'port_country_div';
2018-04-05 16:44:34 EXEC SPC_COM_GET_COMBOBOX 'trade_terms_div';
2018-04-05 16:44:34 EXEC SPC_COM_GET_COMBOBOX 'currency_div';
2018-04-05 16:44:34 EXEC SPC_COM_GET_COMBOBOX 'payment_conditions_div';
2018-04-05 16:44:34 EXEC SPC_COM_GET_COMBOBOX 'shipment_div';
2018-04-05 16:44:34 EXEC SPC_COM_GET_COMBOBOX 'sales_detail_div';
2018-04-05 16:44:34 EXEC SPC_COM_GET_COMBOBOX 'unit_w_div';
2018-04-05 16:44:34 EXEC SPC_COM_GET_COMBOBOX 'unit_q_div';
2018-04-05 16:44:34 EXEC SPC_COM_GET_COMBOBOX 'storage_manager_div';
2018-04-05 16:44:34 EXEC SPC_COM_GET_COMBOBOX 'unit_m_div';
2018-04-05 16:44:49 EXEC SPC_COM_GET_COMBOBOX 'port_city_div';
2018-04-05 16:44:49 EXEC SPC_COM_GET_COMBOBOX 'trade_terms_div';
2018-04-05 16:44:49 EXEC SPC_COM_GET_COMBOBOX 'payment_conditions_div';
2018-04-05 16:44:49 EXEC SPC_COM_GET_COMBOBOX 'port_country_div';
2018-04-05 16:44:49 EXEC SPC_COM_GET_COMBOBOX 'shipment_div';
2018-04-05 16:44:49 EXEC SPC_COM_GET_COMBOBOX 'currency_div';
2018-04-05 16:44:49 EXEC SPC_COM_GET_COMBOBOX 'unit_w_div';
2018-04-05 16:44:49 EXEC SPC_COM_GET_COMBOBOX 'unit_q_div';
2018-04-05 16:44:50 EXEC SPC_COM_GET_COMBOBOX 'unit_m_div';
2018-04-05 16:44:50 EXEC SPC_COM_GET_COMBOBOX 'sales_detail_div';
2018-04-05 16:44:50 EXEC SPC_COM_GET_COMBOBOX 'storage_manager_div';
2018-04-05 16:49:39 EXEC SPC_COM_GET_COMBOBOX 'port_country_div';
2018-04-05 16:49:39 EXEC SPC_COM_GET_COMBOBOX 'trade_terms_div';
2018-04-05 16:49:39 EXEC SPC_COM_GET_COMBOBOX 'payment_conditions_div';
2018-04-05 16:49:39 EXEC SPC_COM_GET_COMBOBOX 'port_city_div';
2018-04-05 16:49:39 EXEC SPC_COM_GET_COMBOBOX 'currency_div';
2018-04-05 16:49:39 EXEC SPC_COM_GET_COMBOBOX 'shipment_div';
2018-04-05 16:49:39 EXEC SPC_COM_GET_COMBOBOX 'unit_q_div';
2018-04-05 16:49:39 EXEC SPC_COM_GET_COMBOBOX 'sales_detail_div';
2018-04-05 16:49:40 EXEC SPC_COM_GET_COMBOBOX 'unit_m_div';
2018-04-05 16:49:40 EXEC SPC_COM_GET_COMBOBOX 'storage_manager_div';
2018-04-05 16:51:09 EXEC SPC_COM_GET_COMBOBOX 'rcv_status_div';
2018-04-05 16:51:16 EXEC SPC_COM_GET_COMBOBOX 'rcv_status_div';
2018-04-05 16:51:27 EXEC SPC_COM_GET_COMBOBOX 'rcv_status_div';
2018-04-05 16:51:53 EXEC SPC_COM_GET_COMBOBOX 'rcv_status_div';
2018-04-05 16:52:21 EXEC SPC_COM_GET_COMBOBOX 'port_city_div';
2018-04-05 16:52:21 EXEC SPC_COM_GET_COMBOBOX 'shipment_div';
2018-04-05 16:52:21 EXEC SPC_COM_GET_COMBOBOX 'trade_terms_div';
2018-04-05 16:52:21 EXEC SPC_COM_GET_COMBOBOX 'port_country_div';
2018-04-05 16:52:21 EXEC SPC_COM_GET_COMBOBOX 'payment_conditions_div';
2018-04-05 16:52:21 EXEC SPC_COM_GET_COMBOBOX 'currency_div';
2018-04-05 16:52:22 EXEC SPC_COM_GET_COMBOBOX 'sales_detail_div';
2018-04-05 16:52:22 EXEC SPC_COM_GET_COMBOBOX 'unit_q_div';
2018-04-05 16:52:22 EXEC SPC_COM_GET_COMBOBOX 'unit_m_div';
2018-04-05 16:52:22 EXEC SPC_COM_GET_COMBOBOX 'unit_w_div';
2018-04-05 16:52:22 EXEC SPC_COM_GET_COMBOBOX 'storage_manager_div';
2018-04-05 16:52:34 EXEC SPC_COM_GET_COMBOBOX 'port_city_div';
2018-04-05 16:52:34 EXEC SPC_COM_GET_COMBOBOX 'payment_conditions_div';
2018-04-05 16:52:34 EXEC SPC_COM_GET_COMBOBOX 'shipment_div';
2018-04-05 16:52:34 EXEC SPC_COM_GET_COMBOBOX 'port_country_div';
2018-04-05 16:52:34 EXEC SPC_COM_GET_COMBOBOX 'currency_div';
2018-04-05 16:52:34 EXEC SPC_COM_GET_COMBOBOX 'trade_terms_div';
2018-04-05 16:52:35 EXEC SPC_COM_GET_COMBOBOX 'sales_detail_div';
2018-04-05 16:52:35 EXEC SPC_COM_GET_COMBOBOX 'unit_q_div';
2018-04-05 16:52:35 EXEC SPC_COM_GET_COMBOBOX 'unit_w_div';
2018-04-05 16:52:35 EXEC SPC_COM_GET_COMBOBOX 'unit_m_div';
2018-04-05 16:52:35 EXEC SPC_COM_GET_COMBOBOX 'storage_manager_div';
2018-04-05 16:54:09 EXEC SPC_COM_GET_COMBOBOX 'shipment_div';
2018-04-05 16:54:10 EXEC SPC_COM_GET_COMBOBOX 'trade_terms_div';
2018-04-05 16:54:10 EXEC SPC_COM_GET_COMBOBOX 'port_country_div';
2018-04-05 16:54:10 EXEC SPC_COM_GET_COMBOBOX 'currency_div';
2018-04-05 16:54:10 EXEC SPC_COM_GET_COMBOBOX 'port_city_div';
2018-04-05 16:54:10 EXEC SPC_COM_GET_COMBOBOX 'payment_conditions_div';
2018-04-05 16:54:10 EXEC SPC_COM_GET_COMBOBOX 'unit_q_div';
2018-04-05 16:54:10 EXEC SPC_COM_GET_COMBOBOX 'sales_detail_div';
2018-04-05 16:54:10 EXEC SPC_COM_GET_COMBOBOX 'unit_w_div';
2018-04-05 16:54:10 EXEC SPC_COM_GET_COMBOBOX 'unit_m_div';
2018-04-05 16:54:10 EXEC SPC_COM_GET_COMBOBOX 'storage_manager_div';
2018-04-05 16:55:43 EXEC SPC_COM_GET_COMBOBOX 'currency_div';
2018-04-05 16:55:43 EXEC SPC_COM_GET_COMBOBOX 'payment_conditions_div';
2018-04-05 16:55:43 EXEC SPC_COM_GET_COMBOBOX 'shipment_div';
2018-04-05 16:55:43 EXEC SPC_COM_GET_COMBOBOX 'port_city_div';
2018-04-05 16:55:43 EXEC SPC_COM_GET_COMBOBOX 'trade_terms_div';
2018-04-05 16:55:43 EXEC SPC_COM_GET_COMBOBOX 'port_country_div';
2018-04-05 16:55:44 EXEC SPC_COM_GET_COMBOBOX 'unit_w_div';
2018-04-05 16:55:44 EXEC SPC_COM_GET_COMBOBOX 'sales_detail_div';
2018-04-05 16:55:44 EXEC SPC_COM_GET_COMBOBOX 'unit_q_div';
2018-04-05 16:55:44 EXEC SPC_COM_GET_COMBOBOX 'unit_m_div';
2018-04-05 16:55:44 EXEC SPC_COM_GET_COMBOBOX 'storage_manager_div';
2018-04-05 17:01:24 EXEC SPC_COM_GET_COMBOBOX 'port_city_div';
2018-04-05 17:01:25 EXEC SPC_COM_GET_COMBOBOX 'sales_detail_div';
2018-04-05 17:01:25 EXEC SPC_COM_GET_COMBOBOX 'unit_q_div';
2018-04-05 17:01:25 EXEC SPC_COM_GET_COMBOBOX 'shipment_div';
2018-04-05 17:01:25 EXEC SPC_COM_GET_COMBOBOX 'currency_div';
2018-04-05 17:01:26 EXEC SPC_COM_GET_COMBOBOX 'unit_w_div';
2018-04-05 17:01:26 EXEC SPC_COM_GET_COMBOBOX 'port_country_div';
2018-04-05 17:01:26 EXEC SPC_COM_GET_COMBOBOX 'trade_terms_div';
2018-04-05 17:01:26 EXEC SPC_COM_GET_COMBOBOX 'payment_conditions_div';
2018-04-05 17:01:26 EXEC SPC_COM_GET_COMBOBOX 'unit_m_div';
2018-04-05 17:01:26 EXEC SPC_COM_GET_COMBOBOX 'storage_manager_div';
2018-04-05 17:02:38 EXEC SPC_COM_GET_COMBOBOX 'port_country_div';
2018-04-05 17:02:38 EXEC SPC_COM_GET_COMBOBOX 'port_city_div';
2018-04-05 17:02:38 EXEC SPC_COM_GET_COMBOBOX 'shipment_div';
2018-04-05 17:02:39 EXEC SPC_COM_GET_COMBOBOX 'currency_div';
2018-04-05 17:02:39 EXEC SPC_COM_GET_COMBOBOX 'payment_conditions_div';
2018-04-05 17:02:39 EXEC SPC_COM_GET_COMBOBOX 'trade_terms_div';
2018-04-05 17:02:39 EXEC SPC_COM_GET_COMBOBOX 'unit_q_div';
2018-04-05 17:02:39 EXEC SPC_COM_GET_COMBOBOX 'unit_m_div';
2018-04-05 17:02:39 EXEC SPC_COM_GET_COMBOBOX 'sales_detail_div';
2018-04-05 17:02:39 EXEC SPC_COM_GET_COMBOBOX 'unit_w_div';
2018-04-05 17:02:39 EXEC SPC_COM_GET_COMBOBOX 'storage_manager_div';
2018-04-05 17:03:13 EXEC SPC_COM_GET_COMBOBOX 'port_country_div';
2018-04-05 17:03:13 EXEC SPC_COM_GET_COMBOBOX 'shipment_div';
2018-04-05 17:03:13 EXEC SPC_COM_GET_COMBOBOX 'port_city_div';
2018-04-05 17:03:14 EXEC SPC_COM_GET_COMBOBOX 'currency_div';
2018-04-05 17:03:14 EXEC SPC_COM_GET_COMBOBOX 'trade_terms_div';
2018-04-05 17:03:14 EXEC SPC_COM_GET_COMBOBOX 'payment_conditions_div';
2018-04-05 17:03:14 EXEC SPC_COM_GET_COMBOBOX 'unit_q_div';
2018-04-05 17:03:14 EXEC SPC_COM_GET_COMBOBOX 'sales_detail_div';
2018-04-05 17:03:14 EXEC SPC_COM_GET_COMBOBOX 'unit_m_div';
2018-04-05 17:03:14 EXEC SPC_COM_GET_COMBOBOX 'unit_w_div';
2018-04-05 17:03:14 EXEC SPC_COM_GET_COMBOBOX 'storage_manager_div';
2018-04-05 17:05:32 EXEC SPC_COM_GET_COMBOBOX 'port_country_div';
2018-04-05 17:05:32 EXEC SPC_COM_GET_COMBOBOX 'shipment_div';
2018-04-05 17:05:32 EXEC SPC_COM_GET_COMBOBOX 'trade_terms_div';
2018-04-05 17:05:32 EXEC SPC_COM_GET_COMBOBOX 'port_city_div';
2018-04-05 17:05:32 EXEC SPC_COM_GET_COMBOBOX 'currency_div';
2018-04-05 17:05:32 EXEC SPC_COM_GET_COMBOBOX 'payment_conditions_div';
2018-04-05 17:05:33 EXEC SPC_COM_GET_COMBOBOX 'sales_detail_div';
2018-04-05 17:05:33 EXEC SPC_COM_GET_COMBOBOX 'storage_manager_div';
2018-04-05 17:05:33 EXEC SPC_COM_GET_COMBOBOX 'unit_m_div';
2018-04-05 17:05:33 EXEC SPC_COM_GET_COMBOBOX 'unit_w_div';
2018-04-05 17:05:33 EXEC SPC_COM_GET_COMBOBOX 'unit_q_div';
2018-04-05 17:06:39 EXEC SPC_COM_GET_COMBOBOX 'trade_terms_div';
2018-04-05 17:06:39 EXEC SPC_COM_GET_COMBOBOX 'port_city_div';
2018-04-05 17:06:39 EXEC SPC_COM_GET_COMBOBOX 'shipment_div';
2018-04-05 17:06:39 EXEC SPC_COM_GET_COMBOBOX 'currency_div';
2018-04-05 17:06:39 EXEC SPC_COM_GET_COMBOBOX 'payment_conditions_div';
2018-04-05 17:06:39 EXEC SPC_COM_GET_COMBOBOX 'port_country_div';
2018-04-05 17:06:39 EXEC SPC_COM_GET_COMBOBOX 'sales_detail_div';
2018-04-05 17:06:39 EXEC SPC_COM_GET_COMBOBOX 'unit_m_div';
2018-04-05 17:06:40 EXEC SPC_COM_GET_COMBOBOX 'unit_q_div';
2018-04-05 17:06:40 EXEC SPC_COM_GET_COMBOBOX 'storage_manager_div';
2018-04-05 17:06:40 EXEC SPC_COM_GET_COMBOBOX 'unit_w_div';
2018-04-05 17:07:36 EXEC SPC_COM_GET_COMBOBOX 'port_country_div';
2018-04-05 17:07:36 EXEC SPC_COM_GET_COMBOBOX 'currency_div';
2018-04-05 17:07:36 EXEC SPC_COM_GET_COMBOBOX 'shipment_div';
2018-04-05 17:07:36 EXEC SPC_COM_GET_COMBOBOX 'port_city_div';
2018-04-05 17:07:36 EXEC SPC_COM_GET_COMBOBOX 'trade_terms_div';
2018-04-05 17:07:36 EXEC SPC_COM_GET_COMBOBOX 'payment_conditions_div';
2018-04-05 17:07:36 EXEC SPC_COM_GET_COMBOBOX 'sales_detail_div';
2018-04-05 17:07:36 EXEC SPC_COM_GET_COMBOBOX 'unit_w_div';
2018-04-05 17:07:36 EXEC SPC_COM_GET_COMBOBOX 'unit_m_div';
2018-04-05 17:07:36 EXEC SPC_COM_GET_COMBOBOX 'unit_q_div';
2018-04-05 17:07:36 EXEC SPC_COM_GET_COMBOBOX 'storage_manager_div';
2018-04-05 17:07:47 EXEC SPC_COM_GET_COMBOBOX 'payment_conditions_div';
2018-04-05 17:07:47 EXEC SPC_COM_GET_COMBOBOX 'shipment_div';
2018-04-05 17:07:47 EXEC SPC_COM_GET_COMBOBOX 'currency_div';
2018-04-05 17:07:47 EXEC SPC_COM_GET_COMBOBOX 'port_country_div';
2018-04-05 17:07:47 EXEC SPC_COM_GET_COMBOBOX 'trade_terms_div';
2018-04-05 17:07:47 EXEC SPC_COM_GET_COMBOBOX 'port_city_div';
2018-04-05 17:07:47 EXEC SPC_COM_GET_COMBOBOX 'sales_detail_div';
2018-04-05 17:07:47 EXEC SPC_COM_GET_COMBOBOX 'unit_w_div';
2018-04-05 17:07:47 EXEC SPC_COM_GET_COMBOBOX 'unit_q_div';
2018-04-05 17:07:47 EXEC SPC_COM_GET_COMBOBOX 'unit_m_div';
2018-04-05 17:07:47 EXEC SPC_COM_GET_COMBOBOX 'storage_manager_div';
2018-04-05 17:08:01 EXEC SPC_COM_GET_COMBOBOX 'port_city_div';
2018-04-05 17:08:01 EXEC SPC_COM_GET_COMBOBOX 'currency_div';
2018-04-05 17:08:01 EXEC SPC_COM_GET_COMBOBOX 'payment_conditions_div';
2018-04-05 17:08:01 EXEC SPC_COM_GET_COMBOBOX 'port_country_div';
2018-04-05 17:08:01 EXEC SPC_COM_GET_COMBOBOX 'trade_terms_div';
2018-04-05 17:08:01 EXEC SPC_COM_GET_COMBOBOX 'shipment_div';
2018-04-05 17:08:02 EXEC SPC_COM_GET_COMBOBOX 'unit_q_div';
2018-04-05 17:08:02 EXEC SPC_COM_GET_COMBOBOX 'unit_w_div';
2018-04-05 17:08:02 EXEC SPC_COM_GET_COMBOBOX 'storage_manager_div';
2018-04-05 17:08:02 EXEC SPC_COM_GET_COMBOBOX 'unit_m_div';
2018-04-05 17:08:02 EXEC SPC_COM_GET_COMBOBOX 'sales_detail_div';
2018-04-05 17:08:20 EXEC SPC_COM_GET_COMBOBOX 'payment_conditions_div';
2018-04-05 17:08:20 EXEC SPC_COM_GET_COMBOBOX 'port_country_div';
2018-04-05 17:08:20 EXEC SPC_COM_GET_COMBOBOX 'trade_terms_div';
2018-04-05 17:08:20 EXEC SPC_COM_GET_COMBOBOX 'currency_div';
2018-04-05 17:08:20 EXEC SPC_COM_GET_COMBOBOX 'port_city_div';
2018-04-05 17:08:21 EXEC SPC_COM_GET_COMBOBOX 'shipment_div';
2018-04-05 17:08:21 EXEC SPC_COM_GET_COMBOBOX 'sales_detail_div';
2018-04-05 17:08:21 EXEC SPC_COM_GET_COMBOBOX 'unit_w_div';
2018-04-05 17:08:21 EXEC SPC_COM_GET_COMBOBOX 'unit_q_div';
2018-04-05 17:08:21 EXEC SPC_COM_GET_COMBOBOX 'unit_m_div';
2018-04-05 17:08:21 EXEC SPC_COM_GET_COMBOBOX 'storage_manager_div';
2018-04-05 17:11:23 EXEC SPC_COM_GET_COMBOBOX 'port_city_div';
2018-04-05 17:11:23 EXEC SPC_COM_GET_COMBOBOX 'shipment_div';
2018-04-05 17:11:23 EXEC SPC_COM_GET_COMBOBOX 'currency_div';
2018-04-05 17:11:23 EXEC SPC_COM_GET_COMBOBOX 'port_country_div';
2018-04-05 17:11:24 EXEC SPC_COM_GET_COMBOBOX 'payment_conditions_div';
2018-04-05 17:11:24 EXEC SPC_COM_GET_COMBOBOX 'sales_detail_div';
2018-04-05 17:11:24 EXEC SPC_COM_GET_COMBOBOX 'unit_q_div';
2018-04-05 17:11:24 EXEC SPC_COM_GET_COMBOBOX 'unit_m_div';
2018-04-05 17:11:24 EXEC SPC_COM_GET_COMBOBOX 'unit_w_div';
2018-04-05 17:11:24 EXEC SPC_COM_GET_COMBOBOX 'storage_manager_div';
2018-04-05 17:11:47 EXEC SPC_COM_GET_COMBOBOX 'currency_div';
2018-04-05 17:11:47 EXEC SPC_COM_GET_COMBOBOX 'port_country_div';
2018-04-05 17:11:47 EXEC SPC_COM_GET_COMBOBOX 'shipment_div';
2018-04-05 17:11:47 EXEC SPC_COM_GET_COMBOBOX 'trade_terms_div';
2018-04-05 17:11:47 EXEC SPC_COM_GET_COMBOBOX 'port_city_div';
2018-04-05 17:11:47 EXEC SPC_COM_GET_COMBOBOX 'payment_conditions_div';
2018-04-05 17:11:47 EXEC SPC_COM_GET_COMBOBOX 'sales_detail_div';
2018-04-05 17:11:47 EXEC SPC_COM_GET_COMBOBOX 'storage_manager_div';
2018-04-05 17:11:47 EXEC SPC_COM_GET_COMBOBOX 'unit_q_div';
2018-04-05 17:11:47 EXEC SPC_COM_GET_COMBOBOX 'unit_w_div';
2018-04-05 17:11:47 EXEC SPC_COM_GET_COMBOBOX 'unit_m_div';
2018-04-05 17:31:59 EXEC SPC_COM_GET_COMBOBOX 'port_country_div';
2018-04-05 17:32:00 EXEC SPC_COM_GET_COMBOBOX 'sales_detail_div';
2018-04-05 17:32:01 EXEC SPC_COM_GET_COMBOBOX 'unit_q_div';
2018-04-05 17:32:01 EXEC SPC_COM_GET_COMBOBOX 'currency_div';
2018-04-05 17:32:01 EXEC SPC_COM_GET_COMBOBOX 'unit_w_div';
2018-04-05 17:32:02 EXEC SPC_COM_GET_COMBOBOX 'shipment_div';
2018-04-05 17:32:02 EXEC SPC_COM_GET_COMBOBOX 'trade_terms_div';
2018-04-05 17:32:02 EXEC SPC_COM_GET_COMBOBOX 'payment_conditions_div';
2018-04-05 17:32:02 EXEC SPC_COM_GET_COMBOBOX 'port_city_div';
2018-04-05 17:32:02 EXEC SPC_COM_GET_COMBOBOX 'unit_m_div';
2018-04-05 17:32:02 EXEC SPC_COM_GET_COMBOBOX 'storage_manager_div';
2018-04-05 17:54:33 EXEC SPC_004_PI_ORDER_CONFIRM_FND1 '','','','','1','10';
2018-04-05 17:54:44 EXEC SPC_004_PI_ORDER_CONFIRM_ACT1 '[{"pi_no":"RT-131011004"},{"pi_no":"RT-131015001"}]','2018/04/05','','004_pi-order-confirm','';
2018-04-05 17:54:46 EXEC SPC_004_PI_ORDER_CONFIRM_FND1 '','','','','1','10';
2018-04-05 17:54:51 EXEC SPC_004_PI_ORDER_CONFIRM_FND1 '','','','','1','10';
2018-04-05 18:20:54 EXEC SPC_COM_GET_COMBOBOX 'port_city_div';
2018-04-05 18:20:55 EXEC SPC_COM_GET_COMBOBOX 'sales_detail_div';
2018-04-05 18:20:55 EXEC SPC_COM_GET_COMBOBOX 'unit_q_div';
2018-04-05 18:20:56 EXEC SPC_COM_GET_COMBOBOX 'shipment_div';
2018-04-05 18:20:56 EXEC SPC_COM_GET_COMBOBOX 'payment_conditions_div';
2018-04-05 18:20:56 EXEC SPC_COM_GET_COMBOBOX 'port_country_div';
2018-04-05 18:20:56 EXEC SPC_COM_GET_COMBOBOX 'unit_w_div';
2018-04-05 18:20:56 EXEC SPC_COM_GET_COMBOBOX 'currency_div';
2018-04-05 18:20:56 EXEC SPC_COM_GET_COMBOBOX 'trade_terms_div';
2018-04-05 18:20:56 EXEC SPC_COM_GET_COMBOBOX 'unit_m_div';
2018-04-05 18:20:56 EXEC SPC_COM_GET_COMBOBOX 'storage_manager_div';
2018-04-05 18:21:18 EXEC SPC_COM_GET_COMBOBOX 'payment_conditions_div';
2018-04-05 18:21:18 EXEC SPC_COM_GET_COMBOBOX 'currency_div';
2018-04-05 18:21:18 EXEC SPC_COM_GET_COMBOBOX 'port_city_div';
2018-04-05 18:21:18 EXEC SPC_COM_GET_COMBOBOX 'shipment_div';
2018-04-05 18:21:18 EXEC SPC_COM_GET_COMBOBOX 'port_country_div';
2018-04-05 18:21:18 EXEC SPC_COM_GET_COMBOBOX 'unit_q_div';
2018-04-05 18:21:18 EXEC SPC_COM_GET_COMBOBOX 'unit_w_div';
2018-04-05 18:21:18 EXEC SPC_COM_GET_COMBOBOX 'sales_detail_div';
2018-04-05 18:21:18 EXEC SPC_COM_GET_COMBOBOX 'storage_manager_div';
2018-04-05 18:21:19 EXEC SPC_COM_GET_COMBOBOX 'unit_m_div';
2018-04-05 18:21:46 EXEC SPC_COM_GET_COMBOBOX 'port_country_div';
2018-04-05 18:21:46 EXEC SPC_COM_GET_COMBOBOX 'port_city_div';
2018-04-05 18:21:46 EXEC SPC_COM_GET_COMBOBOX 'shipment_div';
2018-04-05 18:21:46 EXEC SPC_COM_GET_COMBOBOX 'payment_conditions_div';
2018-04-05 18:21:46 EXEC SPC_COM_GET_COMBOBOX 'currency_div';
2018-04-05 18:21:46 EXEC SPC_COM_GET_COMBOBOX 'trade_terms_div';
2018-04-05 18:21:47 EXEC SPC_COM_GET_COMBOBOX 'unit_w_div';
2018-04-05 18:21:47 EXEC SPC_COM_GET_COMBOBOX 'unit_q_div';
2018-04-05 18:21:47 EXEC SPC_COM_GET_COMBOBOX 'sales_detail_div';
2018-04-05 18:21:47 EXEC SPC_COM_GET_COMBOBOX 'storage_manager_div';
2018-04-05 18:21:47 EXEC SPC_COM_GET_COMBOBOX 'unit_m_div';
2018-04-05 18:22:54 EXEC SPC_COM_GET_COMBOBOX 'shipment_div';
2018-04-05 18:22:54 EXEC SPC_COM_GET_COMBOBOX 'port_country_div';
2018-04-05 18:22:54 EXEC SPC_COM_GET_COMBOBOX 'port_city_div';
2018-04-05 18:22:54 EXEC SPC_COM_GET_COMBOBOX 'payment_conditions_div';
2018-04-05 18:22:54 EXEC SPC_COM_GET_COMBOBOX 'trade_terms_div';
2018-04-05 18:22:54 EXEC SPC_COM_GET_COMBOBOX 'currency_div';
2018-04-05 18:22:54 EXEC SPC_COM_GET_COMBOBOX 'unit_w_div';
2018-04-05 18:22:54 EXEC SPC_COM_GET_COMBOBOX 'unit_q_div';
2018-04-05 18:22:54 EXEC SPC_COM_GET_COMBOBOX 'unit_m_div';
2018-04-05 18:22:54 EXEC SPC_COM_GET_COMBOBOX 'storage_manager_div';
2018-04-05 18:22:54 EXEC SPC_COM_GET_COMBOBOX 'sales_detail_div';
2018-04-05 18:23:50 EXEC SPC_COM_GET_COMBOBOX 'currency_div';
2018-04-05 18:23:50 EXEC SPC_COM_GET_COMBOBOX 'port_country_div';
2018-04-05 18:23:51 EXEC SPC_COM_GET_COMBOBOX 'trade_terms_div';
2018-04-05 18:23:51 EXEC SPC_COM_GET_COMBOBOX 'payment_conditions_div';
2018-04-05 18:23:51 EXEC SPC_COM_GET_COMBOBOX 'port_city_div';
2018-04-05 18:23:51 EXEC SPC_COM_GET_COMBOBOX 'shipment_div';
2018-04-05 18:23:51 EXEC SPC_COM_GET_COMBOBOX 'sales_detail_div';
2018-04-05 18:23:51 EXEC SPC_COM_GET_COMBOBOX 'unit_q_div';
2018-04-05 18:23:51 EXEC SPC_COM_GET_COMBOBOX 'unit_w_div';
2018-04-05 18:23:51 EXEC SPC_COM_GET_COMBOBOX 'unit_m_div';
2018-04-05 18:23:51 EXEC SPC_COM_GET_COMBOBOX 'storage_manager_div';
2018-04-05 18:24:14 EXEC SPC_COM_GET_COMBOBOX 'currency_div';
2018-04-05 18:24:14 EXEC SPC_COM_GET_COMBOBOX 'trade_terms_div';
2018-04-05 18:24:14 EXEC SPC_COM_GET_COMBOBOX 'port_country_div';
2018-04-05 18:24:14 EXEC SPC_COM_GET_COMBOBOX 'shipment_div';
2018-04-05 18:24:14 EXEC SPC_COM_GET_COMBOBOX 'payment_conditions_div';
2018-04-05 18:24:14 EXEC SPC_COM_GET_COMBOBOX 'port_city_div';
2018-04-05 18:24:14 EXEC SPC_COM_GET_COMBOBOX 'sales_detail_div';
2018-04-05 18:24:14 EXEC SPC_COM_GET_COMBOBOX 'unit_w_div';
2018-04-05 18:24:14 EXEC SPC_COM_GET_COMBOBOX 'unit_m_div';
2018-04-05 18:24:14 EXEC SPC_COM_GET_COMBOBOX 'unit_q_div';
2018-04-05 18:24:14 EXEC SPC_COM_GET_COMBOBOX 'storage_manager_div';
2018-04-05 18:25:50 EXEC SPC_COM_GET_COMBOBOX 'shipment_div';
2018-04-05 18:25:50 EXEC SPC_COM_GET_COMBOBOX 'payment_conditions_div';
2018-04-05 18:25:50 EXEC SPC_COM_GET_COMBOBOX 'port_city_div';
2018-04-05 18:25:50 EXEC SPC_COM_GET_COMBOBOX 'currency_div';
2018-04-05 18:25:50 EXEC SPC_COM_GET_COMBOBOX 'port_country_div';
2018-04-05 18:25:50 EXEC SPC_COM_GET_COMBOBOX 'trade_terms_div';
2018-04-05 18:25:51 EXEC SPC_COM_GET_COMBOBOX 'unit_q_div';
2018-04-05 18:25:51 EXEC SPC_COM_GET_COMBOBOX 'unit_w_div';
2018-04-05 18:25:51 EXEC SPC_COM_GET_COMBOBOX 'storage_manager_div';
2018-04-05 18:25:51 EXEC SPC_COM_GET_COMBOBOX 'sales_detail_div';
2018-04-05 18:25:51 EXEC SPC_COM_GET_COMBOBOX 'unit_m_div';
2018-04-05 18:28:56 EXEC SPC_COM_GET_COMBOBOX 'port_city_div';
2018-04-05 18:28:56 EXEC SPC_COM_GET_COMBOBOX 'shipment_div';
2018-04-05 18:28:56 EXEC SPC_COM_GET_COMBOBOX 'port_country_div';
2018-04-05 18:28:56 EXEC SPC_COM_GET_COMBOBOX 'trade_terms_div';
2018-04-05 18:28:56 EXEC SPC_COM_GET_COMBOBOX 'payment_conditions_div';
2018-04-05 18:28:57 EXEC SPC_COM_GET_COMBOBOX 'sales_detail_div';
2018-04-05 18:28:57 EXEC SPC_COM_GET_COMBOBOX 'unit_q_div';
2018-04-05 18:28:57 EXEC SPC_COM_GET_COMBOBOX 'unit_m_div';
2018-04-05 18:28:57 EXEC SPC_COM_GET_COMBOBOX 'unit_w_div';
2018-04-05 18:28:57 EXEC SPC_COM_GET_COMBOBOX 'storage_manager_div';
2018-04-05 18:29:22 EXEC SPC_COM_GET_COMBOBOX 'port_city_div';
2018-04-05 18:29:22 EXEC SPC_COM_GET_COMBOBOX 'trade_terms_div';
2018-04-05 18:29:22 EXEC SPC_COM_GET_COMBOBOX 'shipment_div';
2018-04-05 18:29:22 EXEC SPC_COM_GET_COMBOBOX 'currency_div';
2018-04-05 18:29:22 EXEC SPC_COM_GET_COMBOBOX 'port_country_div';
2018-04-05 18:29:22 EXEC SPC_COM_GET_COMBOBOX 'payment_conditions_div';
2018-04-05 18:29:22 EXEC SPC_COM_GET_COMBOBOX 'unit_m_div';
2018-04-05 18:29:22 EXEC SPC_COM_GET_COMBOBOX 'unit_q_div';
2018-04-05 18:29:22 EXEC SPC_COM_GET_COMBOBOX 'storage_manager_div';
2018-04-05 18:29:22 EXEC SPC_COM_GET_COMBOBOX 'sales_detail_div';
2018-04-05 18:29:23 EXEC SPC_COM_GET_COMBOBOX 'unit_w_div';
2018-04-05 18:30:49 EXEC SPC_COM_GET_COMBOBOX 'port_country_div';
2018-04-05 18:30:49 EXEC SPC_COM_GET_COMBOBOX 'shipment_div';
2018-04-05 18:30:49 EXEC SPC_COM_GET_COMBOBOX 'port_city_div';
2018-04-05 18:30:49 EXEC SPC_COM_GET_COMBOBOX 'payment_conditions_div';
2018-04-05 18:30:49 EXEC SPC_COM_GET_COMBOBOX 'currency_div';
2018-04-05 18:30:49 EXEC SPC_COM_GET_COMBOBOX 'trade_terms_div';
2018-04-05 18:30:49 EXEC SPC_COM_GET_COMBOBOX 'unit_w_div';
2018-04-05 18:30:49 EXEC SPC_COM_GET_COMBOBOX 'storage_manager_div';
2018-04-05 18:30:49 EXEC SPC_COM_GET_COMBOBOX 'sales_detail_div';
2018-04-05 18:30:49 EXEC SPC_COM_GET_COMBOBOX 'unit_m_div';
2018-04-05 18:30:49 EXEC SPC_COM_GET_COMBOBOX 'unit_q_div';
2018-04-05 18:31:27 EXEC SPC_COM_GET_COMBOBOX 'port_city_div';
2018-04-05 18:31:27 EXEC SPC_COM_GET_COMBOBOX 'payment_conditions_div';
2018-04-05 18:31:27 EXEC SPC_COM_GET_COMBOBOX 'currency_div';
2018-04-05 18:31:27 EXEC SPC_COM_GET_COMBOBOX 'trade_terms_div';
2018-04-05 18:31:27 EXEC SPC_COM_GET_COMBOBOX 'port_country_div';
2018-04-05 18:31:27 EXEC SPC_COM_GET_COMBOBOX 'shipment_div';
2018-04-05 18:31:28 EXEC SPC_COM_GET_COMBOBOX 'sales_detail_div';
2018-04-05 18:31:28 EXEC SPC_COM_GET_COMBOBOX 'unit_q_div';
2018-04-05 18:31:28 EXEC SPC_COM_GET_COMBOBOX 'unit_w_div';
2018-04-05 18:31:28 EXEC SPC_COM_GET_COMBOBOX 'storage_manager_div';
2018-04-05 18:31:28 EXEC SPC_COM_GET_COMBOBOX 'unit_m_div';
2018-04-05 18:32:25 EXEC SPC_COM_GET_COMBOBOX 'port_country_div';
2018-04-05 18:32:25 EXEC SPC_COM_GET_COMBOBOX 'payment_conditions_div';
2018-04-05 18:32:25 EXEC SPC_COM_GET_COMBOBOX 'trade_terms_div';
2018-04-05 18:32:25 EXEC SPC_COM_GET_COMBOBOX 'port_city_div';
2018-04-05 18:32:25 EXEC SPC_COM_GET_COMBOBOX 'currency_div';
2018-04-05 18:32:26 EXEC SPC_COM_GET_COMBOBOX 'shipment_div';
2018-04-05 18:32:26 EXEC SPC_COM_GET_COMBOBOX 'sales_detail_div';
2018-04-05 18:32:26 EXEC SPC_COM_GET_COMBOBOX 'unit_m_div';
2018-04-05 18:32:26 EXEC SPC_COM_GET_COMBOBOX 'unit_q_div';
2018-04-05 18:32:26 EXEC SPC_COM_GET_COMBOBOX 'unit_w_div';
2018-04-05 18:32:26 EXEC SPC_COM_GET_COMBOBOX 'storage_manager_div';
2018-04-05 18:33:25 EXEC SPC_COM_GET_COMBOBOX 'port_city_div';
2018-04-05 18:33:25 EXEC SPC_COM_GET_COMBOBOX 'trade_terms_div';
2018-04-05 18:33:25 EXEC SPC_COM_GET_COMBOBOX 'shipment_div';
2018-04-05 18:33:25 EXEC SPC_COM_GET_COMBOBOX 'payment_conditions_div';
2018-04-05 18:33:26 EXEC SPC_COM_GET_COMBOBOX 'port_country_div';
2018-04-05 18:33:26 EXEC SPC_COM_GET_COMBOBOX 'sales_detail_div';
2018-04-05 18:33:26 EXEC SPC_COM_GET_COMBOBOX 'unit_w_div';
2018-04-05 18:33:26 EXEC SPC_COM_GET_COMBOBOX 'unit_q_div';
2018-04-05 18:33:26 EXEC SPC_COM_GET_COMBOBOX 'unit_m_div';
2018-04-05 18:33:26 EXEC SPC_COM_GET_COMBOBOX 'storage_manager_div';
2018-04-05 18:33:45 EXEC SPC_COM_GET_COMBOBOX 'port_city_div';
2018-04-05 18:33:45 EXEC SPC_COM_GET_COMBOBOX 'shipment_div';
2018-04-05 18:33:45 EXEC SPC_COM_GET_COMBOBOX 'port_country_div';
2018-04-05 18:33:45 EXEC SPC_COM_GET_COMBOBOX 'currency_div';
2018-04-05 18:33:45 EXEC SPC_COM_GET_COMBOBOX 'payment_conditions_div';
2018-04-05 18:33:45 EXEC SPC_COM_GET_COMBOBOX 'trade_terms_div';
2018-04-05 18:33:46 EXEC SPC_COM_GET_COMBOBOX 'unit_q_div';
2018-04-05 18:33:46 EXEC SPC_COM_GET_COMBOBOX 'sales_detail_div';
2018-04-05 18:33:46 EXEC SPC_COM_GET_COMBOBOX 'unit_w_div';
2018-04-05 18:33:46 EXEC SPC_COM_GET_COMBOBOX 'unit_m_div';
2018-04-05 18:33:46 EXEC SPC_COM_GET_COMBOBOX 'storage_manager_div';
2018-04-05 18:34:16 EXEC SPC_COM_GET_COMBOBOX 'port_country_div';
2018-04-05 18:34:16 EXEC SPC_COM_GET_COMBOBOX 'currency_div';
2018-04-05 18:34:16 EXEC SPC_COM_GET_COMBOBOX 'port_city_div';
2018-04-05 18:34:16 EXEC SPC_COM_GET_COMBOBOX 'payment_conditions_div';
2018-04-05 18:34:16 EXEC SPC_COM_GET_COMBOBOX 'trade_terms_div';
2018-04-05 18:34:16 EXEC SPC_COM_GET_COMBOBOX 'shipment_div';
2018-04-05 18:34:17 EXEC SPC_COM_GET_COMBOBOX 'unit_w_div';
2018-04-05 18:34:17 EXEC SPC_COM_GET_COMBOBOX 'unit_q_div';
2018-04-05 18:34:17 EXEC SPC_COM_GET_COMBOBOX 'unit_m_div';
2018-04-05 18:34:17 EXEC SPC_COM_GET_COMBOBOX 'sales_detail_div';
2018-04-05 18:34:17 EXEC SPC_COM_GET_COMBOBOX 'storage_manager_div';
2018-04-05 18:36:02 EXEC SPC_COM_GET_COMBOBOX 'port_country_div';
2018-04-05 18:36:02 EXEC SPC_COM_GET_COMBOBOX 'trade_terms_div';
2018-04-05 18:36:02 EXEC SPC_COM_GET_COMBOBOX 'port_city_div';
2018-04-05 18:36:02 EXEC SPC_COM_GET_COMBOBOX 'shipment_div';
2018-04-05 18:36:02 EXEC SPC_COM_GET_COMBOBOX 'currency_div';
2018-04-05 18:36:02 EXEC SPC_COM_GET_COMBOBOX 'payment_conditions_div';
2018-04-05 18:36:02 EXEC SPC_COM_GET_COMBOBOX 'storage_manager_div';
2018-04-05 18:36:02 EXEC SPC_COM_GET_COMBOBOX 'unit_w_div';
2018-04-05 18:36:02 EXEC SPC_COM_GET_COMBOBOX 'unit_q_div';
2018-04-05 18:36:02 EXEC SPC_COM_GET_COMBOBOX 'sales_detail_div';
2018-04-05 18:36:02 EXEC SPC_COM_GET_COMBOBOX 'unit_m_div';
2018-04-05 18:36:18 EXEC SPC_COM_GET_COMBOBOX 'port_country_div';
2018-04-05 18:36:18 EXEC SPC_COM_GET_COMBOBOX 'currency_div';
2018-04-05 18:36:18 EXEC SPC_COM_GET_COMBOBOX 'shipment_div';
2018-04-05 18:36:18 EXEC SPC_COM_GET_COMBOBOX 'port_city_div';
2018-04-05 18:36:18 EXEC SPC_COM_GET_COMBOBOX 'trade_terms_div';
2018-04-05 18:36:18 EXEC SPC_COM_GET_COMBOBOX 'payment_conditions_div';
2018-04-05 18:36:18 EXEC SPC_COM_GET_COMBOBOX 'sales_detail_div';
2018-04-05 18:36:18 EXEC SPC_COM_GET_COMBOBOX 'unit_w_div';
2018-04-05 18:36:18 EXEC SPC_COM_GET_COMBOBOX 'unit_q_div';
2018-04-05 18:36:18 EXEC SPC_COM_GET_COMBOBOX 'unit_m_div';
2018-04-05 18:36:18 EXEC SPC_COM_GET_COMBOBOX 'storage_manager_div';
2018-04-05 18:37:45 EXEC SPC_COM_GET_COMBOBOX 'port_city_div';
2018-04-05 18:37:45 EXEC SPC_COM_GET_COMBOBOX 'trade_terms_div';
2018-04-05 18:37:45 EXEC SPC_COM_GET_COMBOBOX 'port_country_div';
2018-04-05 18:37:45 EXEC SPC_COM_GET_COMBOBOX 'shipment_div';
2018-04-05 18:37:45 EXEC SPC_COM_GET_COMBOBOX 'payment_conditions_div';
2018-04-05 18:37:45 EXEC SPC_COM_GET_COMBOBOX 'currency_div';
2018-04-05 18:37:45 EXEC SPC_COM_GET_COMBOBOX 'storage_manager_div';
2018-04-05 18:37:45 EXEC SPC_COM_GET_COMBOBOX 'sales_detail_div';
2018-04-05 18:37:45 EXEC SPC_COM_GET_COMBOBOX 'unit_m_div';
2018-04-05 18:37:45 EXEC SPC_COM_GET_COMBOBOX 'unit_w_div';
2018-04-05 18:37:45 EXEC SPC_COM_GET_COMBOBOX 'unit_q_div';
2018-04-05 18:38:38 EXEC SPC_COM_GET_COMBOBOX 'port_country_div';
2018-04-05 18:38:38 EXEC SPC_COM_GET_COMBOBOX 'port_city_div';
2018-04-05 18:38:38 EXEC SPC_COM_GET_COMBOBOX 'payment_conditions_div';
2018-04-05 18:38:38 EXEC SPC_COM_GET_COMBOBOX 'currency_div';
2018-04-05 18:38:38 EXEC SPC_COM_GET_COMBOBOX 'trade_terms_div';
2018-04-05 18:38:38 EXEC SPC_COM_GET_COMBOBOX 'shipment_div';
2018-04-05 18:38:38 EXEC SPC_COM_GET_COMBOBOX 'sales_detail_div';
2018-04-05 18:38:39 EXEC SPC_COM_GET_COMBOBOX 'unit_w_div';
2018-04-05 18:38:39 EXEC SPC_COM_GET_COMBOBOX 'unit_q_div';
2018-04-05 18:38:39 EXEC SPC_COM_GET_COMBOBOX 'unit_m_div';
2018-04-05 18:38:39 EXEC SPC_COM_GET_COMBOBOX 'storage_manager_div';
2018-04-05 18:39:00 EXEC SPC_COM_GET_COMBOBOX 'port_city_div';
2018-04-05 18:39:00 EXEC SPC_COM_GET_COMBOBOX 'shipment_div';
2018-04-05 18:39:00 EXEC SPC_COM_GET_COMBOBOX 'payment_conditions_div';
2018-04-05 18:39:00 EXEC SPC_COM_GET_COMBOBOX 'port_country_div';
2018-04-05 18:39:00 EXEC SPC_COM_GET_COMBOBOX 'currency_div';
2018-04-05 18:39:00 EXEC SPC_COM_GET_COMBOBOX 'trade_terms_div';
2018-04-05 18:39:00 EXEC SPC_COM_GET_COMBOBOX 'unit_m_div';
2018-04-05 18:39:00 EXEC SPC_COM_GET_COMBOBOX 'unit_q_div';
2018-04-05 18:39:00 EXEC SPC_COM_GET_COMBOBOX 'unit_w_div';
2018-04-05 18:39:00 EXEC SPC_COM_GET_COMBOBOX 'storage_manager_div';
2018-04-05 18:39:00 EXEC SPC_COM_GET_COMBOBOX 'sales_detail_div';
2018-04-05 18:41:52 EXEC SPC_COM_GET_COMBOBOX 'port_city_div';
2018-04-05 18:41:52 EXEC SPC_COM_GET_COMBOBOX 'currency_div';
2018-04-05 18:41:52 EXEC SPC_COM_GET_COMBOBOX 'port_country_div';
2018-04-05 18:41:52 EXEC SPC_COM_GET_COMBOBOX 'payment_conditions_div';
2018-04-05 18:41:52 EXEC SPC_COM_GET_COMBOBOX 'shipment_div';
2018-04-05 18:41:52 EXEC SPC_COM_GET_COMBOBOX 'unit_m_div';
2018-04-05 18:41:52 EXEC SPC_COM_GET_COMBOBOX 'storage_manager_div';
2018-04-05 18:41:52 EXEC SPC_COM_GET_COMBOBOX 'sales_detail_div';
2018-04-05 18:41:52 EXEC SPC_COM_GET_COMBOBOX 'unit_w_div';
2018-04-05 18:41:52 EXEC SPC_COM_GET_COMBOBOX 'unit_q_div';
2018-04-05 18:43:15 EXEC SPC_COM_GET_COMBOBOX 'payment_conditions_div';
2018-04-05 18:43:15 EXEC SPC_COM_GET_COMBOBOX 'currency_div';
2018-04-05 18:43:15 EXEC SPC_COM_GET_COMBOBOX 'port_country_div';
2018-04-05 18:43:15 EXEC SPC_COM_GET_COMBOBOX 'port_city_div';
2018-04-05 18:43:15 EXEC SPC_COM_GET_COMBOBOX 'trade_terms_div';
2018-04-05 18:43:15 EXEC SPC_COM_GET_COMBOBOX 'shipment_div';
2018-04-05 18:43:16 EXEC SPC_COM_GET_COMBOBOX 'unit_q_div';
2018-04-05 18:43:16 EXEC SPC_COM_GET_COMBOBOX 'sales_detail_div';
2018-04-05 18:43:16 EXEC SPC_COM_GET_COMBOBOX 'unit_m_div';
2018-04-05 18:43:16 EXEC SPC_COM_GET_COMBOBOX 'storage_manager_div';
2018-04-05 18:43:16 EXEC SPC_COM_GET_COMBOBOX 'unit_w_div';
2018-04-05 18:43:57 EXEC SPC_COM_GET_COMBOBOX 'port_country_div';
2018-04-05 18:43:57 EXEC SPC_COM_GET_COMBOBOX 'payment_conditions_div';
2018-04-05 18:43:58 EXEC SPC_COM_GET_COMBOBOX 'port_city_div';
2018-04-05 18:43:58 EXEC SPC_COM_GET_COMBOBOX 'shipment_div';
2018-04-05 18:43:58 EXEC SPC_COM_GET_COMBOBOX 'currency_div';
2018-04-05 18:43:58 EXEC SPC_COM_GET_COMBOBOX 'trade_terms_div';
2018-04-05 18:43:58 EXEC SPC_COM_GET_COMBOBOX 'sales_detail_div';
2018-04-05 18:43:58 EXEC SPC_COM_GET_COMBOBOX 'unit_q_div';
2018-04-05 18:43:58 EXEC SPC_COM_GET_COMBOBOX 'storage_manager_div';
2018-04-05 18:43:58 EXEC SPC_COM_GET_COMBOBOX 'unit_m_div';
2018-04-05 18:43:58 EXEC SPC_COM_GET_COMBOBOX 'unit_w_div';
2018-04-05 18:44:37 EXEC SPC_COM_GET_COMBOBOX 'port_city_div';
2018-04-05 18:44:37 EXEC SPC_COM_GET_COMBOBOX 'currency_div';
2018-04-05 18:44:37 EXEC SPC_COM_GET_COMBOBOX 'trade_terms_div';
2018-04-05 18:44:37 EXEC SPC_COM_GET_COMBOBOX 'port_country_div';
2018-04-05 18:44:37 EXEC SPC_COM_GET_COMBOBOX 'shipment_div';
2018-04-05 18:44:37 EXEC SPC_COM_GET_COMBOBOX 'payment_conditions_div';
2018-04-05 18:44:38 EXEC SPC_COM_GET_COMBOBOX 'unit_m_div';
2018-04-05 18:44:38 EXEC SPC_COM_GET_COMBOBOX 'sales_detail_div';
2018-04-05 18:44:38 EXEC SPC_COM_GET_COMBOBOX 'unit_w_div';
2018-04-05 18:44:38 EXEC SPC_COM_GET_COMBOBOX 'storage_manager_div';
2018-04-05 18:44:38 EXEC SPC_COM_GET_COMBOBOX 'unit_q_div';
2018-04-05 18:45:24 EXEC SPC_COM_GET_COMBOBOX 'port_city_div';
2018-04-05 18:45:24 EXEC SPC_COM_GET_COMBOBOX 'currency_div';
2018-04-05 18:45:24 EXEC SPC_COM_GET_COMBOBOX 'port_country_div';
2018-04-05 18:45:24 EXEC SPC_COM_GET_COMBOBOX 'payment_conditions_div';
2018-04-05 18:45:24 EXEC SPC_COM_GET_COMBOBOX 'trade_terms_div';
2018-04-05 18:45:24 EXEC SPC_COM_GET_COMBOBOX 'shipment_div';
2018-04-05 18:45:25 EXEC SPC_COM_GET_COMBOBOX 'unit_w_div';
2018-04-05 18:45:25 EXEC SPC_COM_GET_COMBOBOX 'sales_detail_div';
2018-04-05 18:45:25 EXEC SPC_COM_GET_COMBOBOX 'unit_q_div';
2018-04-05 18:45:25 EXEC SPC_COM_GET_COMBOBOX 'unit_m_div';
2018-04-05 18:45:25 EXEC SPC_COM_GET_COMBOBOX 'storage_manager_div';
2018-04-05 19:23:12 EXEC SPC_COM_GET_COMBOBOX 'port_country_div';
2018-04-05 19:23:12 EXEC SPC_COM_GET_COMBOBOX 'shipment_div';
2018-04-05 19:23:12 EXEC SPC_COM_GET_COMBOBOX 'port_city_div';
2018-04-05 19:23:12 EXEC SPC_COM_GET_COMBOBOX 'currency_div';
2018-04-05 19:23:12 EXEC SPC_COM_GET_COMBOBOX 'unit_q_div';
2018-04-05 19:23:13 EXEC SPC_COM_GET_COMBOBOX 'unit_m_div';
2018-04-05 19:23:13 EXEC SPC_COM_GET_COMBOBOX 'unit_w_div';
2018-04-05 19:23:13 EXEC SPC_COM_GET_COMBOBOX 'sales_detail_div';
2018-04-05 19:23:13 EXEC SPC_COM_GET_COMBOBOX 'bank_div';
2018-04-05 19:23:13 EXEC SPC_COM_GET_COMBOBOX 'trade_terms_div';
2018-04-05 19:23:13 EXEC SPC_COM_GET_COMBOBOX 'payment_conditions_div';
2018-04-05 19:23:13 EXEC SPC_GET_TAX_RATE '2018/04/05';
2018-04-05 19:25:48 EXEC SPC_COM_GET_COMBOBOX 'currency_div';
2018-04-05 19:25:48 EXEC SPC_COM_GET_COMBOBOX 'port_country_div';
2018-04-05 19:25:48 EXEC SPC_COM_GET_COMBOBOX 'payment_conditions_div';
2018-04-05 19:25:48 EXEC SPC_COM_GET_COMBOBOX 'port_city_div';
2018-04-05 19:25:48 EXEC SPC_COM_GET_COMBOBOX 'shipment_div';
2018-04-05 19:25:48 EXEC SPC_COM_GET_COMBOBOX 'trade_terms_div';
2018-04-05 19:25:49 EXEC SPC_COM_GET_COMBOBOX 'unit_w_div';
2018-04-05 19:25:49 EXEC SPC_COM_GET_COMBOBOX 'sales_detail_div';
2018-04-05 19:25:49 EXEC SPC_COM_GET_COMBOBOX 'unit_q_div';
2018-04-05 19:25:49 EXEC SPC_COM_GET_COMBOBOX 'storage_manager_div';
2018-04-05 19:25:49 EXEC SPC_COM_GET_COMBOBOX 'unit_m_div';
2018-04-05 19:25:56 EXEC SPC_COM_GET_COMBOBOX 'inv_data_div';
2018-04-05 19:26:00 EXEC SPC_COM_GET_COMBOBOX 'currency_div';
2018-04-05 19:26:00 EXEC SPC_COM_GET_COMBOBOX 'payment_conditions_div';
2018-04-05 19:26:00 EXEC SPC_COM_GET_COMBOBOX 'port_country_div';
2018-04-05 19:26:00 EXEC SPC_COM_GET_COMBOBOX 'port_city_div';
2018-04-05 19:26:00 EXEC SPC_COM_GET_COMBOBOX 'trade_terms_div';
2018-04-05 19:26:00 EXEC SPC_COM_GET_COMBOBOX 'shipment_div';
2018-04-05 19:26:00 EXEC SPC_COM_GET_COMBOBOX 'sales_detail_div';
2018-04-05 19:26:00 EXEC SPC_COM_GET_COMBOBOX 'unit_w_div';
2018-04-05 19:26:00 EXEC SPC_COM_GET_COMBOBOX 'unit_q_div';
2018-04-05 19:26:00 EXEC SPC_COM_GET_COMBOBOX 'storage_manager_div';
2018-04-05 19:26:00 EXEC SPC_COM_GET_COMBOBOX 'unit_m_div';
2018-04-05 19:26:11 EXEC SPC_COM_GET_COMBOBOX 'port_country_div';
2018-04-05 19:26:11 EXEC SPC_COM_GET_COMBOBOX 'currency_div';
2018-04-05 19:26:11 EXEC SPC_COM_GET_COMBOBOX 'port_city_div';
2018-04-05 19:26:11 EXEC SPC_COM_GET_COMBOBOX 'shipment_div';
2018-04-05 19:26:11 EXEC SPC_COM_GET_COMBOBOX 'trade_terms_div';
2018-04-05 19:26:11 EXEC SPC_COM_GET_COMBOBOX 'payment_conditions_div';
2018-04-05 19:26:12 EXEC SPC_COM_GET_COMBOBOX 'storage_manager_div';
2018-04-05 19:26:12 EXEC SPC_COM_GET_COMBOBOX 'unit_m_div';
2018-04-05 19:26:12 EXEC SPC_COM_GET_COMBOBOX 'sales_detail_div';
2018-04-05 19:26:12 EXEC SPC_COM_GET_COMBOBOX 'unit_w_div';
2018-04-05 19:26:12 EXEC SPC_COM_GET_COMBOBOX 'unit_q_div';
2018-04-05 19:26:52 EXEC SPC_COM_GET_COMBOBOX 'shipment_div';
2018-04-05 19:26:52 EXEC SPC_COM_GET_COMBOBOX 'payment_conditions_div';
2018-04-05 19:26:52 EXEC SPC_COM_GET_COMBOBOX 'port_country_div';
2018-04-05 19:26:52 EXEC SPC_COM_GET_COMBOBOX 'currency_div';
2018-04-05 19:26:52 EXEC SPC_COM_GET_COMBOBOX 'port_city_div';
2018-04-05 19:26:52 EXEC SPC_COM_GET_COMBOBOX 'trade_terms_div';
2018-04-05 19:26:53 EXEC SPC_COM_GET_COMBOBOX 'sales_detail_div';
2018-04-05 19:26:53 EXEC SPC_COM_GET_COMBOBOX 'unit_w_div';
2018-04-05 19:26:53 EXEC SPC_COM_GET_COMBOBOX 'unit_m_div';
2018-04-05 19:26:53 EXEC SPC_COM_GET_COMBOBOX 'unit_q_div';
2018-04-05 19:26:53 EXEC SPC_COM_GET_COMBOBOX 'storage_manager_div';
2018-04-05 19:28:23 EXEC SPC_COM_GET_COMBOBOX 'port_city_div';
2018-04-05 19:28:23 EXEC SPC_COM_GET_COMBOBOX 'currency_div';
2018-04-05 19:28:23 EXEC SPC_COM_GET_COMBOBOX 'trade_terms_div';
2018-04-05 19:28:23 EXEC SPC_COM_GET_COMBOBOX 'payment_conditions_div';
2018-04-05 19:28:23 EXEC SPC_COM_GET_COMBOBOX 'port_country_div';
2018-04-05 19:28:23 EXEC SPC_COM_GET_COMBOBOX 'shipment_div';
2018-04-05 19:28:23 EXEC SPC_COM_GET_COMBOBOX 'unit_q_div';
2018-04-05 19:28:23 EXEC SPC_COM_GET_COMBOBOX 'unit_m_div';
2018-04-05 19:28:23 EXEC SPC_COM_GET_COMBOBOX 'storage_manager_div';
2018-04-05 19:28:23 EXEC SPC_COM_GET_COMBOBOX 'sales_detail_div';
2018-04-05 19:28:23 EXEC SPC_COM_GET_COMBOBOX 'unit_w_div';
2018-04-05 19:30:37 EXEC SPC_COM_GET_COMBOBOX 'port_country_div';
2018-04-05 19:30:37 EXEC SPC_COM_GET_COMBOBOX 'port_city_div';
2018-04-05 19:30:37 EXEC SPC_COM_GET_COMBOBOX 'trade_terms_div';
2018-04-05 19:30:37 EXEC SPC_COM_GET_COMBOBOX 'currency_div';
2018-04-05 19:30:37 EXEC SPC_COM_GET_COMBOBOX 'shipment_div';
2018-04-05 19:30:37 EXEC SPC_COM_GET_COMBOBOX 'payment_conditions_div';
2018-04-05 19:30:37 EXEC SPC_COM_GET_COMBOBOX 'unit_m_div';
2018-04-05 19:30:37 EXEC SPC_COM_GET_COMBOBOX 'sales_detail_div';
2018-04-05 19:30:37 EXEC SPC_COM_GET_COMBOBOX 'unit_w_div';
2018-04-05 19:30:37 EXEC SPC_COM_GET_COMBOBOX 'unit_q_div';
2018-04-05 19:30:37 EXEC SPC_COM_GET_COMBOBOX 'storage_manager_div';
2018-04-05 19:34:05 EXEC SPC_COM_GET_COMBOBOX 'port_city_div';
2018-04-05 19:34:05 EXEC SPC_COM_GET_COMBOBOX 'port_country_div';
2018-04-05 19:34:05 EXEC SPC_COM_GET_COMBOBOX 'trade_terms_div';
2018-04-05 19:34:05 EXEC SPC_COM_GET_COMBOBOX 'payment_conditions_div';
2018-04-05 19:34:05 EXEC SPC_COM_GET_COMBOBOX 'currency_div';
2018-04-05 19:34:05 EXEC SPC_COM_GET_COMBOBOX 'shipment_div';
2018-04-05 19:34:06 EXEC SPC_COM_GET_COMBOBOX 'storage_manager_div';
2018-04-05 19:34:06 EXEC SPC_COM_GET_COMBOBOX 'unit_q_div';
2018-04-05 19:34:06 EXEC SPC_COM_GET_COMBOBOX 'sales_detail_div';
2018-04-05 19:34:06 EXEC SPC_COM_GET_COMBOBOX 'unit_m_div';
2018-04-05 19:34:06 EXEC SPC_COM_GET_COMBOBOX 'unit_w_div';
2018-04-05 19:36:37 EXEC SPC_COM_GET_COMBOBOX 'port_city_div';
2018-04-05 19:36:37 EXEC SPC_COM_GET_COMBOBOX 'shipment_div';
2018-04-05 19:36:37 EXEC SPC_COM_GET_COMBOBOX 'currency_div';
2018-04-05 19:36:37 EXEC SPC_COM_GET_COMBOBOX 'port_country_div';
2018-04-05 19:36:37 EXEC SPC_COM_GET_COMBOBOX 'trade_terms_div';
2018-04-05 19:36:37 EXEC SPC_COM_GET_COMBOBOX 'payment_conditions_div';
2018-04-05 19:36:38 EXEC SPC_COM_GET_COMBOBOX 'unit_w_div';
2018-04-05 19:36:38 EXEC SPC_COM_GET_COMBOBOX 'sales_detail_div';
2018-04-05 19:36:38 EXEC SPC_COM_GET_COMBOBOX 'unit_m_div';
2018-04-05 19:36:38 EXEC SPC_COM_GET_COMBOBOX 'storage_manager_div';
2018-04-05 19:36:38 EXEC SPC_COM_GET_COMBOBOX 'unit_q_div';
2018-04-05 19:37:19 EXEC SPC_COM_GET_COMBOBOX 'port_country_div';
2018-04-05 19:37:19 EXEC SPC_COM_GET_COMBOBOX 'port_city_div';
2018-04-05 19:37:19 EXEC SPC_COM_GET_COMBOBOX 'trade_terms_div';
2018-04-05 19:37:19 EXEC SPC_COM_GET_COMBOBOX 'payment_conditions_div';
2018-04-05 19:37:19 EXEC SPC_COM_GET_COMBOBOX 'shipment_div';
2018-04-05 19:37:19 EXEC SPC_COM_GET_COMBOBOX 'currency_div';
2018-04-05 19:37:19 EXEC SPC_COM_GET_COMBOBOX 'unit_w_div';
2018-04-05 19:37:19 EXEC SPC_COM_GET_COMBOBOX 'unit_q_div';
2018-04-05 19:37:19 EXEC SPC_COM_GET_COMBOBOX 'sales_detail_div';
2018-04-05 19:37:19 EXEC SPC_COM_GET_COMBOBOX 'unit_m_div';
2018-04-05 19:37:20 EXEC SPC_COM_GET_COMBOBOX 'storage_manager_div';
2018-04-05 19:38:07 EXEC SPC_COM_GET_COMBOBOX 'currency_div';
2018-04-05 19:38:07 EXEC SPC_COM_GET_COMBOBOX 'trade_terms_div';
2018-04-05 19:38:07 EXEC SPC_COM_GET_COMBOBOX 'payment_conditions_div';
2018-04-05 19:38:07 EXEC SPC_COM_GET_COMBOBOX 'port_city_div';
2018-04-05 19:38:07 EXEC SPC_COM_GET_COMBOBOX 'port_country_div';
2018-04-05 19:38:07 EXEC SPC_COM_GET_COMBOBOX 'shipment_div';
2018-04-05 19:38:08 EXEC SPC_COM_GET_COMBOBOX 'unit_w_div';
2018-04-05 19:38:08 EXEC SPC_COM_GET_COMBOBOX 'storage_manager_div';
2018-04-05 19:38:08 EXEC SPC_COM_GET_COMBOBOX 'unit_m_div';
2018-04-05 19:38:08 EXEC SPC_COM_GET_COMBOBOX 'sales_detail_div';
2018-04-05 19:38:08 EXEC SPC_COM_GET_COMBOBOX 'unit_q_div';
