2018-05-08 10:30:46 EXEC SPC_COM_GET_COMBOBOX 'unit_q_div';
2018-05-08 10:43:27 EXEC SPC_COM_GET_COMBOBOX 'buy_status_div';
2018-05-08 11:15:45 EXEC SPC_064_SELLING_UNIT_PRICE_BY_CLIENT_DETAIL_INQ1 '','1','','';
2018-05-08 11:33:45 EXEC SPC_REFER_PRODUCT_CD '145623';
2018-05-08 11:33:46 EXEC SPC_064_SELLING_UNIT_PRICE_BY_CLIENT_DETAIL_INQ1 '','1','','';
2018-05-08 12:02:41 EXEC SPC_COM_GET_COMBOBOX 'parts_kind_div';
2018-05-08 12:02:41 EXEC SPC_COM_GET_COMBOBOX 'exists_div';
2018-05-08 12:02:41 EXEC SPC_COM_GET_COMBOBOX 'unit_q_div';
2018-05-08 12:02:42 EXEC SPC_COM_GET_COMBOBOX 'parts_order_div';
2018-05-08 12:02:42 EXEC SPC_COM_GET_COMBOBOX 'order_level_div';
2018-05-08 12:02:48 EXEC SPC_069_COMPONENT_MASTER_SEARCH_FND1 '','','','1','10';
2018-05-08 12:02:51 EXEC SPC_069_COMPONENT_MASTER_SEARCH_FND1 'hcfgh','','','1','10';
2018-05-08 12:36:20 EXEC SPC_COM_GET_COMBOBOX 'outsourcing_div';
2018-05-08 12:36:21 EXEC SPC_COM_GET_COMBOBOX 'done_div';
2018-05-08 12:36:21 EXEC SPC_COM_GET_COMBOBOX 'production_status_div';
2018-05-08 12:36:28 EXEC SPC_027_MANUFACTURING_INSTRUCTION_SEARCH_FND1 '','','','','','','','','','','1','10';
2018-05-08 12:36:30 EXEC SPC_027_MANUFACTURING_INSTRUCTION_SEARCH_FND1 '','','','','','','','','','','1','10';
2018-05-08 12:36:34 EXEC SPC_027_MANUFACTURING_INSTRUCTION_SEARCH_FND1 '','','','','','','','','','','1','10';
2018-05-08 13:24:24 EXEC SPC_027_MANUFACTURING_INSTRUCTION_SEARCH_FND1 '','','','','','','','','','','1','10';
2018-05-08 13:34:29 EXEC SPC_027_MANUFACTURING_INSTRUCTION_SEARCH_FND1 '','','','','','','','','','','1','10';
2018-05-08 13:34:36 EXEC SPC_027_MANUFACTURING_INSTRUCTION_SEARCH_FND1 '','','','','','','','','','','1','10';
