2018-05-15 14:53:17 EXEC SPC_GET_TAX_RATE '2018/05/15';
2018-05-15 14:53:44 EXEC SPC_GET_TAX_RATE '2018/05/15';
2018-05-15 14:56:12 EXEC SPC_073_LOGIN_ACT1 '001','123456';
2018-05-15 14:56:12 EXEC SPC_GET_CONSTANT '';
2018-05-15 15:12:03 EXEC SPC_COM_GET_COMBOBOX 'work_hour_div';
2018-05-15 15:12:04 EXEC SPC_COM_GET_COMBOBOX 'work_time_div';
2018-05-15 15:12:04 EXEC SPC_GET_USER '001';
2018-05-15 15:12:13 EXEC SPC_COM_GET_COMBOBOX 'production_status_div';
2018-05-15 15:12:13 EXEC SPC_COM_GET_COMBOBOX 'done_div';
2018-05-15 15:12:14 EXEC SPC_COM_GET_COMBOBOX 'outsourcing_div';
2018-05-15 15:14:33 EXEC SPC_027_MANUFACTURING_INSTRUCTION_SEARCH_FND1 '','','','','','','','','','','1','10';
2018-05-15 15:16:50 EXEC SPC_027_MANUFACTURING_INSTRUCTION_SEARCH_FND1 '','','','','','','','','','','1','10';
2018-05-15 15:17:13 EXEC SPC_027_MANUFACTURING_INSTRUCTION_SEARCH_FND1 '','','','','','','','','','','1','10';
2018-05-15 15:22:21 EXEC SPC_027_MANUFACTURING_INSTRUCTION_SEARCH_FND1 '','','','','','','','','','','1','10';
2018-05-15 15:33:32 EXEC SPC_027_MANUFACTURING_INSTRUCTION_SEARCH_FND1 '','','','','','','','','','','1','10';
2018-05-15 15:34:52 EXEC SPC_027_MANUFACTURING_INSTRUCTION_SEARCH_FND1 '','','','','','','','','','','1','10';
2018-05-15 15:42:50 EXEC SPC_027_MANUFACTURING_INSTRUCTION_SEARCH_FND1 '','','','','','','','','','','1','10';
2018-05-15 15:55:09 EXEC SPC_027_MANUFACTURING_INSTRUCTION_SEARCH_FND1 '','','','','','','','','','','1','10';
2018-05-15 15:55:13 EXEC SPC_027_MANUFACTURING_INSTRUCTION_SEARCH_FND1 '','','','','','','','','','','1','10';
2018-05-15 16:00:29 EXEC SPC_027_MANUFACTURING_INSTRUCTION_SEARCH_FND1 '','','','','','','','','','','1','10';
2018-05-15 16:00:32 EXEC SPC_027_MANUFACTURING_INSTRUCTION_SEARCH_FND1 '','','','','','','','','','','1','50';
2018-05-15 16:00:34 EXEC SPC_027_MANUFACTURING_INSTRUCTION_SEARCH_FND1 '','','','','','','','','','','1','100';
2018-05-15 16:00:36 EXEC SPC_027_MANUFACTURING_INSTRUCTION_SEARCH_FND1 '','','','','','','','','','','1','10';
2018-05-15 16:00:38 EXEC SPC_027_MANUFACTURING_INSTRUCTION_SEARCH_FND1 '','','','','','','','','','','1','10';
2018-05-15 16:00:40 EXEC SPC_027_MANUFACTURING_INSTRUCTION_SEARCH_FND1 '','','','','','','','','','','1','50';
2018-05-15 16:00:42 EXEC SPC_027_MANUFACTURING_INSTRUCTION_SEARCH_FND1 '','','','','','','','','','','1','10';
2018-05-15 16:00:44 EXEC SPC_027_MANUFACTURING_INSTRUCTION_SEARCH_FND1 '','','','','','','','','','','1','10';
2018-05-15 16:00:48 EXEC SPC_027_MANUFACTURING_INSTRUCTION_SEARCH_FND1 '','','','','','','','','','','1','100';
2018-05-15 16:00:50 EXEC SPC_027_MANUFACTURING_INSTRUCTION_SEARCH_FND1 '','','','','','','','','','','1','10';
2018-05-15 16:08:36 EXEC SPC_COM_GET_COMBOBOX 'pi_status_div';
2018-05-15 16:08:48 EXEC SPC_002_PI_SEARCH_FND1 '','','','','','','','','1','10';
2018-05-15 16:08:51 EXEC SPC_COM_GET_COMBOBOX 'port_country_div';
2018-05-15 16:08:52 EXEC SPC_COM_GET_COMBOBOX 'unit_q_div';
2018-05-15 16:08:52 EXEC SPC_COM_GET_COMBOBOX 'unit_w_div';
2018-05-15 16:08:53 EXEC SPC_COM_GET_COMBOBOX 'trade_terms_div';
2018-05-15 16:08:53 EXEC SPC_COM_GET_COMBOBOX 'shipment_div';
2018-05-15 16:08:53 EXEC SPC_COM_GET_COMBOBOX 'currency_div';
2018-05-15 16:08:53 EXEC SPC_COM_GET_COMBOBOX 'port_city_div';
2018-05-15 16:08:53 EXEC SPC_COM_GET_COMBOBOX 'unit_m_div';
2018-05-15 16:08:53 EXEC SPC_COM_GET_COMBOBOX 'payment_conditions_div';
2018-05-15 16:08:53 EXEC SPC_GET_TAX_RATE '2018/05/15';
2018-05-15 16:08:53 EXEC SPC_COM_GET_COMBOBOX 'sales_detail_div';
2018-05-15 16:08:53 EXEC SPC_COM_GET_COMBOBOX 'bank_div';
2018-05-15 16:08:54 EXEC SPC_001_PI_DETAIL_INQ1 'RT-130827001';
2018-05-15 16:08:54 EXEC SPC_GET_TAX_RATE '2013/08/31';
2018-05-15 16:08:54 EXEC SPC_COM_GET_COMBOBOX 'unit_w_div';
2018-05-15 16:08:54 EXEC SPC_COM_GET_COMBOBOX 'unit_q_div';
2018-05-15 16:08:54 EXEC SPC_COM_GET_COMBOBOX 'unit_m_div';
2018-05-15 16:08:54 EXEC SPC_COM_GET_COMBOBOX 'sales_detail_div';
2018-05-15 16:08:59 EXEC SPC_COM_GET_COMBOBOX 'pi_status_div';
2018-05-15 16:09:00 EXEC SPC_002_PI_SEARCH_FND1 '','','','','','','','','1','10';
2018-05-15 16:09:04 EXEC SPC_COM_GET_COMBOBOX 'port_country_div';
2018-05-15 16:09:04 EXEC SPC_COM_GET_COMBOBOX 'trade_terms_div';
2018-05-15 16:09:04 EXEC SPC_COM_GET_COMBOBOX 'shipment_div';
2018-05-15 16:09:04 EXEC SPC_COM_GET_COMBOBOX 'payment_conditions_div';
2018-05-15 16:09:04 EXEC SPC_COM_GET_COMBOBOX 'currency_div';
2018-05-15 16:09:04 EXEC SPC_COM_GET_COMBOBOX 'port_city_div';
2018-05-15 16:09:05 EXEC SPC_COM_GET_COMBOBOX 'unit_w_div';
2018-05-15 16:09:05 EXEC SPC_COM_GET_COMBOBOX 'bank_div';
2018-05-15 16:09:05 EXEC SPC_COM_GET_COMBOBOX 'unit_q_div';
2018-05-15 16:09:05 EXEC SPC_GET_TAX_RATE '2018/05/15';
2018-05-15 16:09:05 EXEC SPC_COM_GET_COMBOBOX 'sales_detail_div';
2018-05-15 16:09:05 EXEC SPC_COM_GET_COMBOBOX 'unit_m_div';
2018-05-15 16:09:07 EXEC SPC_COM_GET_COMBOBOX 'pi_status_div';
2018-05-15 16:09:12 EXEC SPC_002_PI_SEARCH_FND1 '','','','','','','','10','1','10';
2018-05-15 16:09:14 EXEC SPC_001_PI_DETAIL_INQ1 'RT-131001001';
2018-05-15 16:09:15 EXEC SPC_COM_GET_COMBOBOX 'unit_q_div';
2018-05-15 16:09:15 EXEC SPC_COM_GET_COMBOBOX 'unit_w_div';
2018-05-15 16:09:15 EXEC SPC_COM_GET_COMBOBOX 'sales_detail_div';
2018-05-15 16:09:15 EXEC SPC_COM_GET_COMBOBOX 'unit_m_div';
2018-05-15 16:09:15 EXEC SPC_GET_TAX_RATE '2013/10/01';
2018-05-15 16:45:50 EXEC SPC_COM_GET_COMBOBOX 'pi_status_div';
2018-05-15 16:45:52 EXEC SPC_002_PI_SEARCH_FND1 '','','','','','','','','1','10';
2018-05-15 16:45:56 EXEC SPC_002_PI_SEARCH_FND1 '','','','','jgh','','','','1','10';
2018-05-15 16:45:59 EXEC SPC_COM_GET_COMBOBOX 'pi_status_div';
2018-05-15 18:54:06 EXEC SPC_COM_GET_COMBOBOX 'parts_kind_div';
2018-05-15 18:54:06 EXEC SPC_COM_GET_COMBOBOX 'unit_q_div';
2018-05-15 18:54:06 EXEC SPC_COM_GET_COMBOBOX 'parts_order_div';
2018-05-15 18:54:07 EXEC SPC_COM_GET_COMBOBOX 'exists_div';
2018-05-15 18:54:07 EXEC SPC_COM_GET_COMBOBOX 'order_level_div';
2018-05-15 18:56:36 EXEC SPC_COM_GET_COMBOBOX 'production_status_div';
2018-05-15 18:56:36 EXEC SPC_COM_GET_COMBOBOX 'outsourcing_div';
2018-05-15 18:56:36 EXEC SPC_COM_GET_COMBOBOX 'done_div';
2018-05-15 18:56:47 EXEC SPC_COM_GET_COMBOBOX 'manufacture_kind_div';
2018-05-15 18:56:47 EXEC SPC_COM_GET_COMBOBOX 'exists_div';
2018-05-15 18:57:02 EXEC SPC_063_PRODUCT_MASTER_SEARCH_FND1 '','','1','10';
2018-05-15 18:57:35 EXEC SPC_028_MANUFACTURE_REPORT_SEARCH_FND1 '','','','','0002','','','1','10';
