2018-03-02 10:40:16 EXEC SPC_073_LOGIN_ACT1 '001','123456';
2018-03-02 10:40:16 EXEC SPC_GET_CONSTANT '';
2018-03-02 10:45:13 EXEC SPC_COM_GET_COMBOBOX 'buy_status_div';
2018-03-02 10:45:15 EXEC SPC_032_PURCHASE_REQUEST_SEARCH_FND1 '','','','','','','','1','10';
2018-03-02 10:45:18 EXEC SPC_GET_CONSTANT '';
2018-03-02 10:45:19 EXEC SPC_033_PURCHASE_REQUEST_EXPORT_ACT1 '[{"buy_no":"KI201803010001","buy_status_div":"20"},{"buy_no":"KI201803010001","buy_status_div":"20"},{"buy_no":"KI201803010002","buy_status_div":"10"},{"buy_no":"KI201803010003","buy_status_div":"10"},{"buy_no":"KI201803010005","buy_status_div":"10"},{"buy_no":"KI201803010005","buy_status_div":"10"},{"buy_no":"KI201803010005","buy_status_div":"10"},{"buy_no":"KI201803010005","buy_status_div":"10"},{"buy_no":"KI201803010005","buy_status_div":"10"},{"buy_no":"KI201803010005","buy_status_div":"10"}]','001','032_purchase_request-search','192.168.5.206';
2018-03-02 10:48:15 EXEC SPC_GET_TAX_RATE '2018/03/02';
2018-03-02 10:51:37 EXEC SPC_055_SUPPLIERS_MASTER_SEARCH_FND1 '','','','','','','0','0','0','1','10';
2018-03-02 10:51:39 EXEC SPC_REFER_CLIENT_CD '1111';
2018-03-02 10:51:43 EXEC SPC_069_COMPONENT_MASTER_SEARCH_FND1 '','','','1','10';
2018-03-02 10:51:45 EXEC SPC_031_PURCHASE_REQUEST_DETAIL_INQ2 '20502','1111';
2018-03-02 10:52:03 EXEC SPC_GET_TAX_RATE '2018/03/01';
2018-03-02 10:52:06 EXEC SPC_031_PURCHASE_REQUEST_DETAIL_ACT1 'I','','10','2018/03/01','1111','仕入先担当者名','件名','2018/03/17','備考','[{"buy_detail_no":"1","parts_cd":"20502","buy_qty":"3333","buy_unit_price":"3.33","buy_detail_amt":"11098.89","buy_detail_tax":"133.19","detail_remarks":"\t\u5099\u8003"}]','11098.89','133.19','133','11231.89','001','031_purchase_request-detail','192.168.5.206';
2018-03-02 10:52:08 EXEC SPC_031_PURCHASE_REQUEST_DETAIL_INQ1 'KI201803020001';
2018-03-02 10:52:08 EXEC SPC_GET_TAX_RATE '2018/03/01';
2018-03-02 11:06:03 EXEC SPC_COM_GET_COMBOBOX 'buy_status_div';
2018-03-02 11:06:03 EXEC SPC_032_PURCHASE_REQUEST_SEARCH_FND1 '','','','','','','','1','10';
2018-03-02 11:06:07 EXEC SPC_GET_CONSTANT '';
2018-03-02 11:06:07 EXEC SPC_033_PURCHASE_REQUEST_EXPORT_ACT1 '[{"buy_no":"KI201803010001","buy_status_div":"20"}]','001','032_purchase_request-search','192.168.5.206';
2018-03-02 11:16:49 EXEC SPC_GET_CONSTANT '';
2018-03-02 11:16:49 EXEC SPC_033_PURCHASE_REQUEST_EXPORT_ACT1 '[{"buy_no":"KI201803010001","buy_status_div":"20"}]','001','032_purchase_request-search','192.168.5.206';
2018-03-02 11:20:59 EXEC SPC_COM_GET_COMBOBOX 'buy_status_div';
2018-03-02 11:21:47 EXEC SPC_032_PURCHASE_REQUEST_SEARCH_FND1 '','','','','','','','1','10';
2018-03-02 11:21:54 EXEC SPC_GET_TAX_RATE '2018/03/02';
2018-03-02 11:21:55 EXEC SPC_031_PURCHASE_REQUEST_DETAIL_INQ1 'KI201803010001';
2018-03-02 11:21:55 EXEC SPC_GET_TAX_RATE '2018/03/01';
2018-03-02 11:21:58 EXEC SPC_COM_GET_COMBOBOX 'buy_status_div';
2018-03-02 11:21:59 EXEC SPC_032_PURCHASE_REQUEST_SEARCH_FND1 '','','','','','','','1','10';
2018-03-02 11:22:05 EXEC SPC_GET_CONSTANT '';
2018-03-02 11:22:05 EXEC SPC_033_PURCHASE_REQUEST_EXPORT_ACT1 '[{"buy_no":"KI201803010001","buy_status_div":"20"}]','001','032_purchase_request-search','192.168.5.206';
2018-03-02 11:22:11 EXEC SPC_031_PURCHASE_REQUEST_DETAIL_ACT2 'KI201803010001','001','031_purchase_request','192.168.5.206';
2018-03-02 11:22:25 EXEC SPC_031_PURCHASE_REQUEST_DETAIL_INQ1 'KI201803010003';
2018-03-02 11:22:25 EXEC SPC_GET_TAX_RATE '2018/03/01';
2018-03-02 11:22:31 EXEC SPC_031_PURCHASE_REQUEST_DETAIL_ACT2 'KI201803010003','001','031_purchase_request','192.168.5.206';
2018-03-02 11:22:36 EXEC SPC_GET_CONSTANT '';
2018-03-02 11:22:36 EXEC SPC_033_PURCHASE_REQUEST_EXPORT_ACT1 '[{"buy_no":"KI201803010003","buy_status_div":"10"}]','001','032_purchase_request-search','192.168.5.206';
2018-03-02 11:23:04 EXEC SPC_GET_CONSTANT '';
2018-03-02 11:23:04 EXEC SPC_033_PURCHASE_REQUEST_EXPORT_ACT1 '[{"buy_no":"KI201803010003","buy_status_div":"10"}]','001','032_purchase_request-search','192.168.5.206';
2018-03-02 11:23:10 EXEC SPC_GET_CONSTANT '';
2018-03-02 11:23:10 EXEC SPC_033_PURCHASE_REQUEST_EXPORT_ACT1 '[{"buy_no":"KI201803010003","buy_status_div":"10"}]','001','032_purchase_request-search','192.168.5.206';
2018-03-02 11:26:41 EXEC SPC_GET_CONSTANT '';
2018-03-02 11:26:41 EXEC SPC_033_PURCHASE_REQUEST_EXPORT_ACT1 '[{"buy_no":"KI201803010003","buy_status_div":"10"}]','001','032_purchase_request-search','192.168.5.206';
2018-03-02 11:27:11 EXEC SPC_GET_CONSTANT '';
2018-03-02 11:27:11 EXEC SPC_033_PURCHASE_REQUEST_EXPORT_ACT1 '[{"buy_no":"KI201803010003","buy_status_div":"10"}]','001','032_purchase_request-search','192.168.5.206';
2018-03-02 11:27:24 EXEC SPC_GET_CONSTANT '';
2018-03-02 11:27:24 EXEC SPC_033_PURCHASE_REQUEST_EXPORT_ACT1 '[{"buy_no":"KI201803010003","buy_status_div":"10"}]','001','032_purchase_request-search','192.168.5.206';
2018-03-02 11:27:45 EXEC SPC_GET_CONSTANT '';
2018-03-02 11:27:45 EXEC SPC_033_PURCHASE_REQUEST_EXPORT_ACT1 '[{"buy_no":"KI201803010003","buy_status_div":"10"}]','001','032_purchase_request-search','192.168.5.206';
2018-03-02 11:28:38 EXEC SPC_GET_CONSTANT '';
2018-03-02 11:28:38 EXEC SPC_033_PURCHASE_REQUEST_EXPORT_ACT1 '[{"buy_no":"KI201803010003","buy_status_div":"10"}]','001','032_purchase_request-search','192.168.5.206';
2018-03-02 11:29:57 EXEC SPC_GET_CONSTANT '';
2018-03-02 11:29:57 EXEC SPC_033_PURCHASE_REQUEST_EXPORT_ACT1 '[{"buy_no":"KI201803010003","buy_status_div":"10"}]','001','032_purchase_request-search','192.168.5.206';
2018-03-02 11:30:17 EXEC SPC_GET_CONSTANT '';
2018-03-02 11:30:17 EXEC SPC_033_PURCHASE_REQUEST_EXPORT_ACT1 '[{"buy_no":"KI201803010003","buy_status_div":"10"}]','001','032_purchase_request-search','192.168.5.206';
2018-03-02 11:31:39 EXEC SPC_GET_CONSTANT '';
2018-03-02 11:31:39 EXEC SPC_033_PURCHASE_REQUEST_EXPORT_ACT1 '[{"buy_no":"KI201803010003","buy_status_div":"10"}]','001','032_purchase_request-search','192.168.5.206';
2018-03-02 11:31:56 EXEC SPC_GET_CONSTANT '';
2018-03-02 11:31:56 EXEC SPC_033_PURCHASE_REQUEST_EXPORT_ACT1 '[{"buy_no":"KI201803010003","buy_status_div":"10"}]','001','032_purchase_request-search','192.168.5.206';
2018-03-02 11:32:21 EXEC SPC_GET_CONSTANT '';
2018-03-02 11:32:21 EXEC SPC_033_PURCHASE_REQUEST_EXPORT_ACT1 '[{"buy_no":"KI201803010003","buy_status_div":"10"}]','001','032_purchase_request-search','192.168.5.206';
2018-03-02 11:34:12 EXEC SPC_GET_CONSTANT '';
2018-03-02 11:34:12 EXEC SPC_033_PURCHASE_REQUEST_EXPORT_ACT1 '[{"buy_no":"KI201803010003","buy_status_div":"10"}]','001','032_purchase_request-search','192.168.5.206';
2018-03-02 11:34:28 EXEC SPC_GET_CONSTANT '';
2018-03-02 11:34:28 EXEC SPC_033_PURCHASE_REQUEST_EXPORT_ACT1 '[{"buy_no":"KI201803010003","buy_status_div":"10"}]','001','032_purchase_request-search','192.168.5.206';
2018-03-02 11:34:32 EXEC SPC_GET_CONSTANT '';
2018-03-02 11:34:32 EXEC SPC_033_PURCHASE_REQUEST_EXPORT_ACT1 '[{"buy_no":"KI201803010003","buy_status_div":"10"},{"buy_no":"KI201803010005","buy_status_div":"10"}]','001','032_purchase_request-search','192.168.5.206';
2018-03-02 11:35:02 EXEC SPC_GET_CONSTANT '';
2018-03-02 11:35:02 EXEC SPC_033_PURCHASE_REQUEST_EXPORT_ACT1 '[{"buy_no":"KI201803010003","buy_status_div":"10"},{"buy_no":"KI201803010005","buy_status_div":"10"}]','001','032_purchase_request-search','192.168.5.206';
2018-03-02 11:35:06 EXEC SPC_GET_CONSTANT '';
2018-03-02 11:35:06 EXEC SPC_033_PURCHASE_REQUEST_EXPORT_ACT1 '[{"buy_no":"KI201803010003","buy_status_div":"10"},{"buy_no":"KI201803010005","buy_status_div":"10"},{"buy_no":"KI201803010005","buy_status_div":"10"}]','001','032_purchase_request-search','192.168.5.206';
2018-03-02 11:36:17 EXEC SPC_GET_CONSTANT '';
2018-03-02 11:36:17 EXEC SPC_033_PURCHASE_REQUEST_EXPORT_ACT1 '[{"buy_no":"KI201803010003","buy_status_div":"10"},{"buy_no":"KI201803010005","buy_status_div":"10"},{"buy_no":"KI201803010005","buy_status_div":"10"}]','001','032_purchase_request-search','192.168.5.206';
2018-03-02 11:36:27 EXEC SPC_GET_CONSTANT '';
2018-03-02 11:36:27 EXEC SPC_033_PURCHASE_REQUEST_EXPORT_ACT1 '[{"buy_no":"KI201803010001","buy_status_div":"20"},{"buy_no":"KI201803010003","buy_status_div":"10"},{"buy_no":"KI201803010005","buy_status_div":"10"}]','001','032_purchase_request-search','192.168.5.206';
2018-03-02 11:36:33 EXEC SPC_GET_CONSTANT '';
2018-03-02 11:36:34 EXEC SPC_033_PURCHASE_REQUEST_EXPORT_ACT1 '[{"buy_no":"KI201803010003","buy_status_div":"10"}]','001','032_purchase_request-search','192.168.5.206';
2018-03-02 11:38:48 EXEC SPC_COM_GET_COMBOBOX 'port_country_div';
2018-03-02 11:38:48 EXEC SPC_COM_GET_COMBOBOX 'unit_q_div';
2018-03-02 11:38:49 EXEC SPC_COM_GET_COMBOBOX 'unit_w_div';
2018-03-02 11:38:49 EXEC SPC_COM_GET_COMBOBOX 'trade_terms_div';
2018-03-02 11:38:49 EXEC SPC_COM_GET_COMBOBOX 'port_city_div';
2018-03-02 11:38:49 EXEC SPC_COM_GET_COMBOBOX 'shipment_div';
2018-03-02 11:38:49 EXEC SPC_COM_GET_COMBOBOX 'currency_div';
2018-03-02 11:38:49 EXEC SPC_COM_GET_COMBOBOX 'payment_conditions_div';
2018-03-02 11:38:49 EXEC SPC_COM_GET_COMBOBOX 'sales_detail_div';
2018-03-02 11:38:50 EXEC SPC_COM_GET_COMBOBOX 'bank_div';
2018-03-02 11:38:50 EXEC SPC_COM_GET_COMBOBOX 'unit_m_div';
2018-03-02 11:38:50 EXEC SPC_GET_TAX_RATE '2018/03/02';
2018-03-02 11:55:58 EXEC SPC_GET_LIB_CITY_COUNTRY '045';
2018-03-02 12:27:01 EXEC SPC_GET_TAX_RATE '2018/03/02';
2018-03-02 12:27:01 EXEC SPC_031_PURCHASE_REQUEST_DETAIL_INQ1 'KI201803010005';
2018-03-02 12:27:02 EXEC SPC_GET_TAX_RATE '2018/03/01';
2018-03-02 12:29:16 EXEC SPC_GET_TAX_RATE '2018/03/02';
2018-03-02 12:29:17 EXEC SPC_031_PURCHASE_REQUEST_DETAIL_INQ1 'KI201803010005';
2018-03-02 12:29:17 EXEC SPC_GET_TAX_RATE '2018/03/01';
2018-03-02 12:29:19 EXEC SPC_GET_CONSTANT '';
2018-03-02 12:29:19 EXEC SPC_033_PURCHASE_REQUEST_EXPORT_ACT1 '{"buy_no":"KI201803010005","buy_status_div":"10"}','001','032_purchase_request-search','192.168.5.206';
2018-03-02 12:38:05 EXEC SPC_GET_CONSTANT '';
2018-03-02 12:38:05 EXEC SPC_033_PURCHASE_REQUEST_EXPORT_ACT1 '{"buy_no":"KI201803010005","buy_status_div":"10"}','001','032_purchase_request-search','192.168.5.206';
2018-03-02 15:13:02 EXEC SPC_GET_TAX_RATE '2018/03/02';
2018-03-02 15:13:08 EXEC SPC_COM_GET_COMBOBOX 'buy_status_div';
2018-03-02 15:13:10 EXEC SPC_032_PURCHASE_REQUEST_SEARCH_FND1 '','','','','','','','1','10';
2018-03-02 15:13:16 EXEC SPC_GET_CONSTANT '';
2018-03-02 15:13:16 EXEC SPC_033_PURCHASE_REQUEST_EXPORT_ACT1 '[{"buy_no":"KI201803010005","buy_status_div":"10"}]','','032_purchase_request-search','';
2018-03-02 15:15:00 EXEC SPC_032_PURCHASE_REQUEST_SEARCH_FND1 '','','','','','','','1','10';
2018-03-02 15:18:08 EXEC SPC_COM_GET_COMBOBOX 'pi_status_div';
2018-03-02 15:18:10 EXEC SPC_002_PI_SEARCH_FND1 '','','','','','','','','1','10';
2018-03-02 15:18:13 EXEC SPC_002_PI_SEARCH_FND1 '','','','','','','','20','1','10';
2018-03-02 15:18:17 EXEC SPC_COM_GET_COMBOBOX 'port_city_div';
2018-03-02 15:18:18 EXEC SPC_COM_GET_COMBOBOX 'unit_q_div';
2018-03-02 15:18:18 EXEC SPC_COM_GET_COMBOBOX 'unit_w_div';
2018-03-02 15:18:19 EXEC SPC_COM_GET_COMBOBOX 'unit_m_div';
2018-03-02 15:18:19 EXEC SPC_COM_GET_COMBOBOX 'port_country_div';
2018-03-02 15:18:19 EXEC SPC_COM_GET_COMBOBOX 'shipment_div';
2018-03-02 15:18:19 EXEC SPC_COM_GET_COMBOBOX 'currency_div';
2018-03-02 15:18:19 EXEC SPC_COM_GET_COMBOBOX 'payment_conditions_div';
2018-03-02 15:18:20 EXEC SPC_COM_GET_COMBOBOX 'trade_terms_div';
2018-03-02 15:18:20 EXEC SPC_COM_GET_COMBOBOX 'sales_detail_div';
2018-03-02 15:18:20 EXEC SPC_GET_TAX_RATE '2018/03/02';
2018-03-02 15:18:20 EXEC SPC_COM_GET_COMBOBOX 'bank_div';
2018-03-02 15:18:20 EXEC SPC_001_PI_DETAIL_INQ1 'RT-130827001';
2018-03-02 15:18:20 EXEC SPC_COM_GET_COMBOBOX 'unit_w_div';
2018-03-02 15:18:20 EXEC SPC_COM_GET_COMBOBOX 'unit_m_div';
2018-03-02 15:18:21 EXEC SPC_COM_GET_COMBOBOX 'unit_q_div';
2018-03-02 15:18:21 EXEC SPC_GET_TAX_RATE '2013/08/27';
2018-03-02 15:18:21 EXEC SPC_COM_GET_COMBOBOX 'sales_detail_div';
2018-03-02 15:19:58 EXEC SPC_GET_CONSTANT '';
2018-03-02 15:19:58 EXEC SPC_003_PI_EXCEL_INQ1 'RT-130827001','','003_pi-excel','';
2018-03-02 15:20:10 EXEC SPC_COM_GET_COMBOBOX 'port_city_div';
2018-03-02 15:20:10 EXEC SPC_COM_GET_COMBOBOX 'shipment_div';
2018-03-02 15:20:10 EXEC SPC_COM_GET_COMBOBOX 'currency_div';
2018-03-02 15:20:10 EXEC SPC_COM_GET_COMBOBOX 'trade_terms_div';
2018-03-02 15:20:10 EXEC SPC_COM_GET_COMBOBOX 'port_country_div';
2018-03-02 15:20:11 EXEC SPC_COM_GET_COMBOBOX 'payment_conditions_div';
2018-03-02 15:20:11 EXEC SPC_COM_GET_COMBOBOX 'sales_detail_div';
2018-03-02 15:20:11 EXEC SPC_COM_GET_COMBOBOX 'unit_m_div';
2018-03-02 15:20:11 EXEC SPC_COM_GET_COMBOBOX 'unit_q_div';
2018-03-02 15:20:11 EXEC SPC_COM_GET_COMBOBOX 'unit_w_div';
2018-03-02 15:20:11 EXEC SPC_COM_GET_COMBOBOX 'bank_div';
2018-03-02 15:20:11 EXEC SPC_001_PI_DETAIL_INQ1 'RT-130827001';
2018-03-02 15:20:11 EXEC SPC_GET_TAX_RATE '2018/03/02';
2018-03-02 15:20:12 EXEC SPC_GET_TAX_RATE '2013/08/27';
2018-03-02 15:20:12 EXEC SPC_COM_GET_COMBOBOX 'sales_detail_div';
2018-03-02 15:20:12 EXEC SPC_COM_GET_COMBOBOX 'unit_w_div';
2018-03-02 15:20:12 EXEC SPC_COM_GET_COMBOBOX 'unit_m_div';
2018-03-02 15:20:12 EXEC SPC_COM_GET_COMBOBOX 'unit_q_div';
2018-03-02 15:33:03 EXEC SPC_GET_CONSTANT '';
2018-03-02 15:33:03 EXEC SPC_003_PI_EXCEL_ACT1 '{"pi_no":"RT-130827001","pi_status_div":"20"}','','003_pi-excel','';
2018-03-02 15:33:18 EXEC SPC_GET_CONSTANT '';
2018-03-02 15:33:18 EXEC SPC_003_PI_EXCEL_ACT1 '{"pi_no":"RT-130827001","pi_status_div":"20"}','','003_pi-excel','';
2018-03-02 15:35:33 EXEC SPC_GET_CONSTANT '';
2018-03-02 15:35:33 EXEC SPC_003_PI_EXCEL_ACT1 '{"pi_no":"RT-130827001","pi_status_div":"20"}','','003_pi-excel','';
2018-03-02 16:04:29 EXEC SPC_COM_GET_COMBOBOX 'port_city_div';
2018-03-02 16:04:30 EXEC SPC_COM_GET_COMBOBOX 'unit_q_div';
2018-03-02 16:04:30 EXEC SPC_COM_GET_COMBOBOX 'port_country_div';
2018-03-02 16:04:30 EXEC SPC_COM_GET_COMBOBOX 'shipment_div';
2018-03-02 16:04:30 EXEC SPC_COM_GET_COMBOBOX 'payment_conditions_div';
2018-03-02 16:04:30 EXEC SPC_COM_GET_COMBOBOX 'trade_terms_div';
2018-03-02 16:04:30 EXEC SPC_COM_GET_COMBOBOX 'currency_div';
2018-03-02 16:04:30 EXEC SPC_COM_GET_COMBOBOX 'unit_w_div';
2018-03-02 16:04:30 EXEC SPC_COM_GET_COMBOBOX 'unit_m_div';
2018-03-02 16:04:30 EXEC SPC_COM_GET_COMBOBOX 'bank_div';
2018-03-02 16:04:31 EXEC SPC_GET_TAX_RATE '2018/03/02';
2018-03-02 16:04:31 EXEC SPC_001_PI_DETAIL_INQ1 'RT-130827001';
2018-03-02 16:04:31 EXEC SPC_COM_GET_COMBOBOX 'sales_detail_div';
2018-03-02 16:04:31 EXEC SPC_GET_TAX_RATE '2013/08/27';
2018-03-02 16:04:31 EXEC SPC_COM_GET_COMBOBOX 'unit_w_div';
2018-03-02 16:04:31 EXEC SPC_COM_GET_COMBOBOX 'unit_q_div';
2018-03-02 16:04:31 EXEC SPC_COM_GET_COMBOBOX 'unit_m_div';
2018-03-02 16:04:31 EXEC SPC_COM_GET_COMBOBOX 'sales_detail_div';
2018-03-02 16:04:33 EXEC SPC_COM_GET_COMBOBOX 'pi_status_div';
2018-03-02 16:04:34 EXEC SPC_002_PI_SEARCH_FND1 '','','','','','','','','1','10';
2018-03-02 16:04:37 EXEC SPC_002_PI_SEARCH_FND1 '','','','','','','','10','1','10';
2018-03-02 16:04:56 EXEC SPC_002_PI_SEARCH_FND1 '','','','','','','','20','1','10';
2018-03-02 16:06:39 EXEC SPC_COM_GET_COMBOBOX 'pi_status_div';
2018-03-02 16:06:40 EXEC SPC_002_PI_SEARCH_FND1 '','','','','','','','','1','10';
2018-03-02 16:06:43 EXEC SPC_002_PI_SEARCH_FND1 '','','','','','','','20','1','10';
2018-03-02 16:06:46 EXEC SPC_GET_CONSTANT '';
2018-03-02 16:06:46 EXEC SPC_003_PI_EXCEL_ACT1 '[{"pi_no":"RT-130827001","pi_status_div":"20"}]','','003_pi-excel','';
2018-03-02 16:07:02 EXEC SPC_GET_CONSTANT '';
2018-03-02 16:07:02 EXEC SPC_003_PI_EXCEL_ACT1 '[{"pi_no":"RT-130827001","pi_status_div":"20"},{"pi_no":"RT-130827001","pi_status_div":"20"},{"pi_no":"RT-131011003","pi_status_div":"20"},{"pi_no":"RT-131011004","pi_status_div":"20"},{"pi_no":"RT-131015001","pi_status_div":"20"},{"pi_no":"RT-131015002","pi_status_div":"20"},{"pi_no":"RT-131017001","pi_status_div":"20"},{"pi_no":"RT-131019001","pi_status_div":"20"},{"pi_no":"RT-131019001","pi_status_div":"20"},{"pi_no":"RT-131022001","pi_status_div":"20"}]','','003_pi-excel','';
2018-03-02 16:07:12 EXEC SPC_002_PI_SEARCH_FND1 '','','','','','','','10','1','10';
2018-03-02 16:07:17 EXEC SPC_GET_CONSTANT '';
2018-03-02 16:07:17 EXEC SPC_003_PI_EXCEL_ACT1 '[{"pi_no":"RT-131001001","pi_status_div":"10"}]','','003_pi-excel','';
2018-03-02 16:07:21 EXEC SPC_GET_CONSTANT '';
2018-03-02 16:07:22 EXEC SPC_003_PI_EXCEL_ACT1 '[{"pi_no":"RT-131001001","pi_status_div":"10"},{"pi_no":"RT-131001001","pi_status_div":"10"},{"pi_no":"RT-131001001","pi_status_div":"10"},{"pi_no":"RT-180112002","pi_status_div":"10"},{"pi_no":"RT-180112003","pi_status_div":"10"},{"pi_no":"RT-180112003","pi_status_div":"10"},{"pi_no":"RT-180112003","pi_status_div":"10"},{"pi_no":"RT-180118001","pi_status_div":"10"},{"pi_no":"RT-180118002","pi_status_div":"10"},{"pi_no":"RT-180118002","pi_status_div":"10"}]','','003_pi-excel','';
2018-03-02 16:08:23 EXEC SPC_COM_GET_COMBOBOX 'port_country_div';
2018-03-02 16:08:23 EXEC SPC_COM_GET_COMBOBOX 'shipment_div';
2018-03-02 16:08:23 EXEC SPC_COM_GET_COMBOBOX 'currency_div';
2018-03-02 16:08:23 EXEC SPC_COM_GET_COMBOBOX 'payment_conditions_div';
2018-03-02 16:08:23 EXEC SPC_COM_GET_COMBOBOX 'trade_terms_div';
2018-03-02 16:08:24 EXEC SPC_COM_GET_COMBOBOX 'unit_q_div';
2018-03-02 16:08:24 EXEC SPC_COM_GET_COMBOBOX 'port_city_div';
2018-03-02 16:08:24 EXEC SPC_COM_GET_COMBOBOX 'unit_m_div';
2018-03-02 16:08:24 EXEC SPC_COM_GET_COMBOBOX 'unit_w_div';
2018-03-02 16:08:24 EXEC SPC_COM_GET_COMBOBOX 'bank_div';
2018-03-02 16:08:24 EXEC SPC_COM_GET_COMBOBOX 'sales_detail_div';
2018-03-02 16:08:24 EXEC SPC_GET_TAX_RATE '2018/03/02';
2018-03-02 16:08:24 EXEC SPC_001_PI_DETAIL_INQ1 'RT-131001001';
2018-03-02 16:08:25 EXEC SPC_COM_GET_COMBOBOX 'unit_q_div';
2018-03-02 16:08:25 EXEC SPC_COM_GET_COMBOBOX 'unit_m_div';
2018-03-02 16:08:25 EXEC SPC_GET_TAX_RATE '2013/10/01';
2018-03-02 16:08:25 EXEC SPC_COM_GET_COMBOBOX 'sales_detail_div';
2018-03-02 16:08:25 EXEC SPC_COM_GET_COMBOBOX 'unit_w_div';
2018-03-02 16:08:28 EXEC SPC_COM_GET_COMBOBOX 'pi_status_div';
2018-03-02 16:08:33 EXEC SPC_002_PI_SEARCH_FND1 '','','','','','','','10','1','10';
2018-03-02 16:08:43 EXEC SPC_001_PI_DETAIL_ACT3 'RT-131001001','','','001_pi-detail','';
2018-03-02 16:08:44 EXEC SPC_001_PI_DETAIL_INQ1 'RT-131001001';
2018-03-02 16:08:45 EXEC SPC_COM_GET_COMBOBOX 'unit_w_div';
2018-03-02 16:08:45 EXEC SPC_COM_GET_COMBOBOX 'sales_detail_div';
2018-03-02 16:08:45 EXEC SPC_GET_TAX_RATE '2013/10/01';
2018-03-02 16:08:45 EXEC SPC_COM_GET_COMBOBOX 'unit_q_div';
2018-03-02 16:08:45 EXEC SPC_COM_GET_COMBOBOX 'unit_m_div';
2018-03-02 16:08:47 EXEC SPC_GET_CONSTANT '';
2018-03-02 16:08:47 EXEC SPC_003_PI_EXCEL_ACT1 '[{"pi_no":"RT-131001001","pi_status_div":"10"}]','','003_pi-excel','';
2018-03-02 16:12:41 EXEC SPC_002_PI_SEARCH_FND1 '','','','','','','','10','1','10';
2018-03-02 16:12:45 EXEC SPC_GET_CONSTANT '';
2018-03-02 16:12:45 EXEC SPC_003_PI_EXCEL_ACT1 '[{"pi_no":"RT-180112002","pi_status_div":"10"},{"pi_no":"RT-180112003","pi_status_div":"10"},{"pi_no":"RT-180112003","pi_status_div":"10"},{"pi_no":"RT-180112003","pi_status_div":"10"},{"pi_no":"RT-180118001","pi_status_div":"10"},{"pi_no":"RT-180118002","pi_status_div":"10"},{"pi_no":"RT-180118002","pi_status_div":"10"},{"pi_no":"RT-180123001","pi_status_div":"10"},{"pi_no":"RT-180123002","pi_status_div":"10"},{"pi_no":"RT-180209001","pi_status_div":"10"}]','','003_pi-excel','';
2018-03-02 16:12:50 EXEC SPC_002_PI_SEARCH_FND1 '','','','','','','','20','1','10';
2018-03-02 16:12:57 EXEC SPC_001_PI_DETAIL_ACT4 'RT-131001001','','','001_pi-detail','';
2018-03-02 16:12:59 EXEC SPC_001_PI_DETAIL_INQ1 'RT-131001001';
2018-03-02 16:13:00 EXEC SPC_GET_TAX_RATE '2013/10/01';
2018-03-02 16:13:00 EXEC SPC_COM_GET_COMBOBOX 'sales_detail_div';
2018-03-02 16:13:00 EXEC SPC_COM_GET_COMBOBOX 'unit_m_div';
2018-03-02 16:13:00 EXEC SPC_COM_GET_COMBOBOX 'unit_w_div';
2018-03-02 16:13:00 EXEC SPC_COM_GET_COMBOBOX 'unit_q_div';
2018-03-02 16:13:02 EXEC SPC_001_PI_DETAIL_INQ1 'RT-130827001';
2018-03-02 16:13:02 EXEC SPC_GET_TAX_RATE '2013/08/27';
2018-03-02 16:13:02 EXEC SPC_COM_GET_COMBOBOX 'unit_w_div';
2018-03-02 16:13:02 EXEC SPC_COM_GET_COMBOBOX 'unit_q_div';
2018-03-02 16:13:02 EXEC SPC_COM_GET_COMBOBOX 'unit_m_div';
2018-03-02 16:13:02 EXEC SPC_COM_GET_COMBOBOX 'sales_detail_div';
2018-03-02 16:13:13 EXEC SPC_COM_GET_COMBOBOX 'pi_status_div';
2018-03-02 16:13:14 EXEC SPC_002_PI_SEARCH_FND1 '','','','','','','','10','1','10';
2018-03-02 16:13:25 EXEC SPC_002_PI_SEARCH_FND1 '','','','','','','','20','1','10';
2018-03-02 16:13:28 EXEC SPC_002_PI_SEARCH_ACT1 '[{"pi_no":"RT-130827001","pi_status_div":"20"}]','','002_pi-search','';
2018-03-02 16:13:31 EXEC SPC_GET_CONSTANT '';
2018-03-02 16:13:31 EXEC SPC_003_PI_EXCEL_ACT1 '[{"pi_no":"RT-130827001","pi_status_div":"20"}]','','003_pi-excel','';
2018-03-02 16:13:44 EXEC SPC_002_PI_SEARCH_ACT1 '[{"pi_no":"RT-130827001","pi_status_div":"20"}]','','002_pi-search','';
2018-03-02 16:13:48 EXEC SPC_002_PI_SEARCH_FND1 '','','','','','','','20','1','10';
2018-03-02 16:13:57 EXEC SPC_002_PI_SEARCH_ACT1 '[{"pi_no":"RT-130827001","pi_status_div":"20"}]','','002_pi-search','';
2018-03-02 16:14:09 EXEC SPC_COM_GET_COMBOBOX 'port_city_div';
2018-03-02 16:14:09 EXEC SPC_COM_GET_COMBOBOX 'payment_conditions_div';
2018-03-02 16:14:09 EXEC SPC_COM_GET_COMBOBOX 'trade_terms_div';
2018-03-02 16:14:09 EXEC SPC_COM_GET_COMBOBOX 'port_country_div';
2018-03-02 16:14:09 EXEC SPC_COM_GET_COMBOBOX 'currency_div';
2018-03-02 16:14:10 EXEC SPC_COM_GET_COMBOBOX 'shipment_div';
2018-03-02 16:14:10 EXEC SPC_COM_GET_COMBOBOX 'unit_w_div';
2018-03-02 16:14:10 EXEC SPC_COM_GET_COMBOBOX 'unit_m_div';
2018-03-02 16:14:10 EXEC SPC_COM_GET_COMBOBOX 'unit_q_div';
2018-03-02 16:14:10 EXEC SPC_COM_GET_COMBOBOX 'sales_detail_div';
2018-03-02 16:14:10 EXEC SPC_COM_GET_COMBOBOX 'bank_div';
2018-03-02 16:14:10 EXEC SPC_GET_TAX_RATE '2018/03/02';
2018-03-02 16:14:10 EXEC SPC_001_PI_DETAIL_INQ1 'RT-130827001';
2018-03-02 16:14:11 EXEC SPC_GET_TAX_RATE '2013/08/27';
2018-03-02 16:14:11 EXEC SPC_COM_GET_COMBOBOX 'unit_q_div';
2018-03-02 16:14:11 EXEC SPC_COM_GET_COMBOBOX 'sales_detail_div';
2018-03-02 16:14:11 EXEC SPC_COM_GET_COMBOBOX 'unit_m_div';
2018-03-02 16:14:11 EXEC SPC_COM_GET_COMBOBOX 'unit_w_div';
2018-03-02 16:14:15 EXEC SPC_001_PI_DETAIL_ACT4 'RT-130827001','社内用備考 社内用備考','','001_pi-detail','';
2018-03-02 16:14:16 EXEC SPC_001_PI_DETAIL_INQ1 'RT-130827001';
2018-03-02 16:14:16 EXEC SPC_COM_GET_COMBOBOX 'unit_w_div';
2018-03-02 16:14:16 EXEC SPC_COM_GET_COMBOBOX 'unit_m_div';
2018-03-02 16:14:16 EXEC SPC_COM_GET_COMBOBOX 'unit_q_div';
2018-03-02 16:14:16 EXEC SPC_GET_TAX_RATE '2013/08/27';
2018-03-02 16:14:16 EXEC SPC_COM_GET_COMBOBOX 'sales_detail_div';
2018-03-02 16:14:19 EXEC SPC_GET_CONSTANT '';
2018-03-02 16:14:19 EXEC SPC_003_PI_EXCEL_ACT1 '[{"pi_no":"RT-130827001","pi_status_div":"20"}]','','003_pi-excel','';
2018-03-02 19:00:40 EXEC SPC_COM_GET_COMBOBOX 'pi_status_div';
2018-03-02 19:00:42 EXEC SPC_002_PI_SEARCH_FND1 '','','','','','','','','1','10';
2018-03-02 19:00:45 EXEC SPC_002_PI_SEARCH_FND1 '','','','','','','','20','1','10';
2018-03-02 19:00:49 EXEC SPC_GET_CONSTANT '';
2018-03-02 19:00:49 EXEC SPC_003_PI_EXCEL_ACT1 '[{"pi_no":"RT-131011003","pi_status_div":"20"},{"pi_no":"RT-131011004","pi_status_div":"20"},{"pi_no":"RT-131015001","pi_status_div":"20"},{"pi_no":"RT-131015002","pi_status_div":"20"},{"pi_no":"RT-131017001","pi_status_div":"20"},{"pi_no":"RT-131019001","pi_status_div":"20"},{"pi_no":"RT-131019001","pi_status_div":"20"},{"pi_no":"RT-131022001","pi_status_div":"20"},{"pi_no":"RT-131022001","pi_status_div":"20"},{"pi_no":"RT-131115001","pi_status_div":"20"}]','','003_pi-excel','';
2018-03-02 19:00:58 EXEC SPC_GET_CONSTANT '';
2018-03-02 19:00:58 EXEC SPC_003_PI_EXCEL_ACT1 '[{"pi_no":"RT-131011003","pi_status_div":"20"}]','','003_pi-excel','';
2018-03-02 19:01:04 EXEC SPC_COM_GET_COMBOBOX 'port_country_div';
2018-03-02 19:01:04 EXEC SPC_COM_GET_COMBOBOX 'unit_q_div';
2018-03-02 19:01:05 EXEC SPC_COM_GET_COMBOBOX 'unit_w_div';
2018-03-02 19:01:05 EXEC SPC_COM_GET_COMBOBOX 'unit_m_div';
2018-03-02 19:01:05 EXEC SPC_COM_GET_COMBOBOX 'shipment_div';
2018-03-02 19:01:05 EXEC SPC_COM_GET_COMBOBOX 'currency_div';
2018-03-02 19:01:05 EXEC SPC_COM_GET_COMBOBOX 'payment_conditions_div';
2018-03-02 19:01:05 EXEC SPC_COM_GET_COMBOBOX 'port_city_div';
2018-03-02 19:01:06 EXEC SPC_COM_GET_COMBOBOX 'trade_terms_div';
2018-03-02 19:01:06 EXEC SPC_COM_GET_COMBOBOX 'sales_detail_div';
2018-03-02 19:01:06 EXEC SPC_COM_GET_COMBOBOX 'bank_div';
2018-03-02 19:01:06 EXEC SPC_GET_TAX_RATE '2018/03/02';
2018-03-02 19:01:06 EXEC SPC_001_PI_DETAIL_INQ1 'RT-131011004';
2018-03-02 19:01:07 EXEC SPC_COM_GET_COMBOBOX 'unit_q_div';
2018-03-02 19:01:07 EXEC SPC_COM_GET_COMBOBOX 'sales_detail_div';
2018-03-02 19:01:07 EXEC SPC_COM_GET_COMBOBOX 'unit_m_div';
2018-03-02 19:01:07 EXEC SPC_GET_TAX_RATE '2013/10/11';
2018-03-02 19:01:07 EXEC SPC_COM_GET_COMBOBOX 'unit_w_div';
2018-03-02 19:01:12 EXEC SPC_COM_GET_COMBOBOX 'shipment_div';
2018-03-02 19:01:12 EXEC SPC_COM_GET_COMBOBOX 'trade_terms_div';
2018-03-02 19:01:12 EXEC SPC_COM_GET_COMBOBOX 'port_city_div';
2018-03-02 19:01:13 EXEC SPC_COM_GET_COMBOBOX 'currency_div';
2018-03-02 19:01:13 EXEC SPC_COM_GET_COMBOBOX 'port_country_div';
2018-03-02 19:01:13 EXEC SPC_COM_GET_COMBOBOX 'payment_conditions_div';
2018-03-02 19:01:13 EXEC SPC_COM_GET_COMBOBOX 'unit_q_div';
2018-03-02 19:01:13 EXEC SPC_COM_GET_COMBOBOX 'unit_w_div';
2018-03-02 19:01:13 EXEC SPC_COM_GET_COMBOBOX 'unit_m_div';
2018-03-02 19:01:13 EXEC SPC_COM_GET_COMBOBOX 'sales_detail_div';
2018-03-02 19:01:13 EXEC SPC_COM_GET_COMBOBOX 'bank_div';
2018-03-02 19:01:13 EXEC SPC_GET_TAX_RATE '2018/03/02';
2018-03-02 19:01:14 EXEC SPC_001_PI_DETAIL_INQ1 'RT-131011004';
2018-03-02 19:01:14 EXEC SPC_COM_GET_COMBOBOX 'unit_m_div';
2018-03-02 19:01:14 EXEC SPC_GET_TAX_RATE '2013/10/11';
2018-03-02 19:01:14 EXEC SPC_COM_GET_COMBOBOX 'sales_detail_div';
2018-03-02 19:01:14 EXEC SPC_COM_GET_COMBOBOX 'unit_q_div';
2018-03-02 19:01:14 EXEC SPC_COM_GET_COMBOBOX 'unit_w_div';
2018-03-02 19:01:17 EXEC SPC_GET_CONSTANT '';
2018-03-02 19:01:17 EXEC SPC_003_PI_EXCEL_ACT1 '{"pi_no":"RT-131011004","pi_status_div":"20"}','','003_pi-excel','';
2018-03-02 19:43:08 EXEC SPC_GET_CONSTANT '';
2018-03-02 19:43:08 EXEC SPC_003_PI_EXCEL_ACT1 '{"pi_no":"RT-131011004","pi_status_div":"20"}','','003_pi-excel','';
2018-03-02 20:01:49 EXEC SPC_GET_CONSTANT '';
2018-03-02 20:01:49 EXEC SPC_003_PI_EXCEL_ACT1 '{"pi_no":"RT-131011004","pi_status_div":"20"}','','003_pi-excel','';
