2018-09-27 12:28:35 EXEC SPC_073_LOGIN_ACT1 '812','812';
2018-09-27 12:28:35 EXEC SPC_GET_CONSTANT '';
2018-09-27 12:28:35 EXEC SPC_GET_PERMISSION_AUTH '999','provisional-shipment-search','view';
2018-09-27 12:28:49 EXEC SPC_GET_PERMISSION_AUTH '999','provisional-shipment-search','search';
2018-09-27 12:28:49 EXEC SPC_008_PROVISIONAL_SHIPMENT_SEARCH_FND1 '','','KS-18090018','','','1','10','0';
2018-09-27 12:29:02 EXEC SPC_GET_PERMISSION_AUTH '999','provisional-shipment-search','search';
2018-09-27 12:29:02 EXEC SPC_008_PROVISIONAL_SHIPMENT_SEARCH_FND1 '','','KS-18090018','','','1','100','0';
2018-09-27 12:29:13 EXEC SPC_GET_PERMISSION_AUTH '999','provisional-shipment-search','output';
2018-09-27 12:29:13 EXEC SPC_008_PROVISIONAL_SHIPMENT_SEARCH_FND1 '','','KS-18090018','','','1','0','0';
2018-09-27 12:31:06 EXEC SPC_073_LOGIN_ACT1 '812','812';
2018-09-27 12:31:06 EXEC SPC_GET_CONSTANT '';
2018-09-27 12:31:06 EXEC SPC_GET_PERMISSION_AUTH '999','provisional-shipment-search','view';
2018-09-27 12:31:25 EXEC SPC_GET_PERMISSION_AUTH '999','provisional-shipment-search','search';
2018-09-27 12:31:25 EXEC SPC_008_PROVISIONAL_SHIPMENT_SEARCH_FND1 '','','KS-18090018','','','1','10','0';
2018-09-27 12:31:32 EXEC SPC_GET_PERMISSION_AUTH '999','provisional-shipment-search','export-excel';
2018-09-27 12:31:32 EXEC SPC_009_PROVISIONAL_SHIPMENT_DETAIL_EXCEL_ACT1 '[{"fwd_no":"KS-18090018"},{"fwd_no":"KS-18090018"},{"fwd_no":"KS-18090018"},{"fwd_no":"KS-18090018"},{"fwd_no":"KS-18090018"},{"fwd_no":"KS-18090018"},{"fwd_no":"KS-18090018"},{"fwd_no":"KS-18090018"},{"fwd_no":"KS-18090018"},{"fwd_no":"KS-18090018"}]','812','007_provisional_shipment-excel','192.168.5.206';
2018-09-27 12:34:14 EXEC SPC_GET_PERMISSION_AUTH '999','provisional-shipment-search','export-excel';
2018-09-27 12:34:14 EXEC SPC_009_PROVISIONAL_SHIPMENT_DETAIL_EXCEL_ACT1 '[{"fwd_no":"KS-18090018"},{"fwd_no":"KS-18090018"},{"fwd_no":"KS-18090018"},{"fwd_no":"KS-18090018"},{"fwd_no":"KS-18090018"},{"fwd_no":"KS-18090018"},{"fwd_no":"KS-18090018"},{"fwd_no":"KS-18090018"},{"fwd_no":"KS-18090018"},{"fwd_no":"KS-18090018"}]','812','007_provisional_shipment-excel','192.168.5.206';
2018-09-27 12:36:20 EXEC SPC_073_LOGIN_ACT1 '812','812';
2018-09-27 12:36:20 EXEC SPC_GET_CONSTANT '';
2018-09-27 12:36:21 EXEC SPC_GET_PERMISSION_AUTH '999','provisional-shipment-search','view';
2018-09-27 12:36:30 EXEC SPC_GET_PERMISSION_AUTH '999','provisional-shipment-search','search';
2018-09-27 12:36:30 EXEC SPC_008_PROVISIONAL_SHIPMENT_SEARCH_FND1 '','','KS-18090018','','','1','10','0';
2018-09-27 12:36:35 EXEC SPC_GET_PERMISSION_AUTH '999','provisional-shipment-search','export-excel';
2018-09-27 12:36:35 EXEC SPC_009_PROVISIONAL_SHIPMENT_DETAIL_EXCEL_ACT1 '[{"fwd_no":"KS-18090018"},{"fwd_no":"KS-18090018"},{"fwd_no":"KS-18090018"},{"fwd_no":"KS-18090018"},{"fwd_no":"KS-18090018"},{"fwd_no":"KS-18090018"},{"fwd_no":"KS-18090018"},{"fwd_no":"KS-18090018"},{"fwd_no":"KS-18090018"},{"fwd_no":"KS-18090018"}]','812','007_provisional_shipment-excel','192.168.5.206';
2018-09-27 12:37:48 EXEC SPC_GET_PERMISSION_AUTH '999','provisional-shipment-search','export-excel';
2018-09-27 12:37:48 EXEC SPC_009_PROVISIONAL_SHIPMENT_DETAIL_EXCEL_ACT1 '[{"fwd_no":"KS-18090018"},{"fwd_no":"KS-18090018"},{"fwd_no":"KS-18090018"},{"fwd_no":"KS-18090018"},{"fwd_no":"KS-18090018"},{"fwd_no":"KS-18090018"},{"fwd_no":"KS-18090018"},{"fwd_no":"KS-18090018"},{"fwd_no":"KS-18090018"},{"fwd_no":"KS-18090018"}]','812','007_provisional_shipment-excel','192.168.5.206';
2018-09-27 12:41:07 EXEC SPC_073_LOGIN_ACT1 '812','812';
2018-09-27 12:41:07 EXEC SPC_GET_CONSTANT '';
2018-09-27 12:41:07 EXEC SPC_GET_PERMISSION_AUTH '999','provisional-shipment-search','view';
2018-09-27 12:41:29 EXEC SPC_GET_PERMISSION_AUTH '999','provisional-shipment-search','search';
2018-09-27 12:41:29 EXEC SPC_008_PROVISIONAL_SHIPMENT_SEARCH_FND1 '','','KS-18090018','','','1','10','0';
2018-09-27 12:41:33 EXEC SPC_GET_PERMISSION_AUTH '999','provisional-shipment-search','export-excel';
2018-09-27 12:41:33 EXEC SPC_009_PROVISIONAL_SHIPMENT_DETAIL_EXCEL_ACT1 '[{"fwd_no":"KS-18090018"},{"fwd_no":"KS-18090018"},{"fwd_no":"KS-18090018"},{"fwd_no":"KS-18090018"},{"fwd_no":"KS-18090018"},{"fwd_no":"KS-18090018"},{"fwd_no":"KS-18090018"},{"fwd_no":"KS-18090018"},{"fwd_no":"KS-18090018"},{"fwd_no":"KS-18090018"}]','812','007_provisional_shipment-excel','192.168.5.206';
2018-09-27 12:46:14 EXEC SPC_073_LOGIN_ACT1 '812','812';
2018-09-27 12:46:14 EXEC SPC_GET_CONSTANT '';
2018-09-27 12:46:14 EXEC SPC_GET_PERMISSION_AUTH '999','provisional-shipment-search','view';
2018-09-27 12:47:28 EXEC SPC_073_LOGIN_ACT1 '812','812';
2018-09-27 12:47:28 EXEC SPC_GET_CONSTANT '';
2018-09-27 12:47:37 EXEC SPC_GET_PERMISSION_AUTH '999','pi-search','view';
2018-09-27 12:47:38 EXEC SPC_COM_GET_COMBOBOX 'pi_status_div';
2018-09-27 12:47:42 EXEC SPC_GET_PERMISSION_AUTH '999','pi-search','search';
2018-09-27 12:47:42 EXEC SPC_002_PI_SEARCH_FND1 '','','','','','','','','1','10','','0';
2018-09-27 12:47:46 EXEC SPC_GET_PERMISSION_AUTH '999','pi-search','search';
2018-09-27 12:47:46 EXEC SPC_002_PI_SEARCH_FND1 '','','','','','','','20','1','10','','0';
2018-09-27 12:47:50 EXEC SPC_GET_PERMISSION_AUTH '999','','view';
2018-09-27 12:47:50 EXEC SPC_002_PI_SEARCH_FND1 '','','','','','','','20','1','0','','0';
2018-09-27 12:48:03 EXEC SPC_GET_PERMISSION_AUTH '999','pi-search','print';
2018-09-27 12:48:03 EXEC SPC_GET_CONSTANT '';
2018-09-27 12:48:03 EXEC SPC_GET_CONSTANT '';
2018-09-27 12:48:03 EXEC SPC_003_PI_EXCEL_ACT1 '[{"pi_no":"RT-140116001","pi_status_div":"20"}]','812','003_pi-excel','192.168.5.206';
2018-09-27 12:51:13 EXEC SPC_073_LOGIN_ACT1 '812','812';
2018-09-27 12:51:13 EXEC SPC_GET_CONSTANT '';
2018-09-27 12:51:14 EXEC SPC_GET_PERMISSION_AUTH '999','provisional-shipment-search','view';
2018-09-27 12:51:46 EXEC SPC_GET_PERMISSION_AUTH '999','provisional-shipment-search','search';
2018-09-27 12:51:47 EXEC SPC_008_PROVISIONAL_SHIPMENT_SEARCH_FND1 '','','KS-18090018','','','1','10','0';
2018-09-27 12:51:51 EXEC SPC_GET_PERMISSION_AUTH '999','provisional-shipment-search','export-excel';
2018-09-27 12:51:51 EXEC SPC_009_PROVISIONAL_SHIPMENT_DETAIL_EXCEL_ACT1 '[{"fwd_no":"KS-18090018"},{"fwd_no":"KS-18090018"},{"fwd_no":"KS-18090018"},{"fwd_no":"KS-18090018"},{"fwd_no":"KS-18090018"},{"fwd_no":"KS-18090018"},{"fwd_no":"KS-18090018"},{"fwd_no":"KS-18090018"},{"fwd_no":"KS-18090018"},{"fwd_no":"KS-18090018"}]','812','007_provisional_shipment-excel','192.168.5.206';
2018-09-27 12:52:40 EXEC SPC_GET_PERMISSION_AUTH '999','provisional-shipment-search','export-excel';
2018-09-27 12:52:40 EXEC SPC_009_PROVISIONAL_SHIPMENT_DETAIL_EXCEL_ACT1 '[{"fwd_no":"KS-18090018"},{"fwd_no":"KS-18090018"},{"fwd_no":"KS-18090018"},{"fwd_no":"KS-18090018"},{"fwd_no":"KS-18090018"},{"fwd_no":"KS-18090018"},{"fwd_no":"KS-18090018"},{"fwd_no":"KS-18090018"},{"fwd_no":"KS-18090018"},{"fwd_no":"KS-18090018"}]','812','007_provisional_shipment-excel','192.168.5.206';
2018-09-27 12:54:44 EXEC SPC_GET_PERMISSION_AUTH '999','provisional-shipment-search','export-excel';
2018-09-27 12:54:44 EXEC SPC_009_PROVISIONAL_SHIPMENT_DETAIL_EXCEL_ACT1 '[{"fwd_no":"KS-18090018"},{"fwd_no":"KS-18090018"},{"fwd_no":"KS-18090018"},{"fwd_no":"KS-18090018"},{"fwd_no":"KS-18090018"},{"fwd_no":"KS-18090018"},{"fwd_no":"KS-18090018"},{"fwd_no":"KS-18090018"},{"fwd_no":"KS-18090018"},{"fwd_no":"KS-18090018"}]','812','007_provisional_shipment-excel','192.168.5.206';
2018-09-27 12:56:36 EXEC SPC_073_LOGIN_ACT1 '812','812';
2018-09-27 12:56:36 EXEC SPC_GET_CONSTANT '';
2018-09-27 12:56:37 EXEC SPC_GET_PERMISSION_AUTH '999','provisional-shipment-search','view';
2018-09-27 12:56:38 EXEC SPC_073_LOGIN_ACT1 '812','812';
2018-09-27 12:56:38 EXEC SPC_GET_CONSTANT '';
2018-09-27 12:56:46 EXEC SPC_GET_PERMISSION_AUTH '999','provisional-shipment-search','search';
2018-09-27 12:56:46 EXEC SPC_008_PROVISIONAL_SHIPMENT_SEARCH_FND1 '','','KS-18090018','','','1','10','0';
2018-09-27 12:56:50 EXEC SPC_GET_PERMISSION_AUTH '999','provisional-shipment-search','export-excel';
2018-09-27 12:56:50 EXEC SPC_009_PROVISIONAL_SHIPMENT_DETAIL_EXCEL_ACT1 '[{"fwd_no":"KS-18090018"},{"fwd_no":"KS-18090018"},{"fwd_no":"KS-18090018"},{"fwd_no":"KS-18090018"},{"fwd_no":"KS-18090018"},{"fwd_no":"KS-18090018"},{"fwd_no":"KS-18090018"},{"fwd_no":"KS-18090018"},{"fwd_no":"KS-18090018"},{"fwd_no":"KS-18090018"}]','812','007_provisional_shipment-excel','192.168.5.206';
2018-09-27 13:08:37 EXEC SPC_073_LOGIN_ACT1 '812','812';
2018-09-27 13:08:37 EXEC SPC_GET_CONSTANT '';
2018-09-27 13:08:37 EXEC SPC_GET_PERMISSION_AUTH '999','provisional-shipment-search','view';
2018-09-27 13:08:51 EXEC SPC_GET_PERMISSION_AUTH '999','provisional-shipment-search','search';
2018-09-27 13:08:51 EXEC SPC_008_PROVISIONAL_SHIPMENT_SEARCH_FND1 '','','','','','1','10','0';
2018-09-27 13:09:03 EXEC SPC_GET_PERMISSION_AUTH '999','provisional-shipment-search','search';
2018-09-27 13:09:03 EXEC SPC_008_PROVISIONAL_SHIPMENT_SEARCH_FND1 '','','','','','1','100','0';
2018-09-27 13:09:16 EXEC SPC_GET_PERMISSION_AUTH '999','provisional-shipment-search','export-excel';
2018-09-27 13:09:16 EXEC SPC_009_PROVISIONAL_SHIPMENT_DETAIL_EXCEL_ACT1 '[{"fwd_no":"KS-18020066"}]','812','007_provisional_shipment-excel','192.168.5.206';
2018-09-27 13:11:05 EXEC SPC_073_LOGIN_ACT1 '812','812';
2018-09-27 13:11:05 EXEC SPC_GET_CONSTANT '';
2018-09-27 13:11:05 EXEC SPC_GET_PERMISSION_AUTH '999','provisional-shipment-search','view';
2018-09-27 13:11:20 EXEC SPC_GET_PERMISSION_AUTH '999','provisional-shipment-search','search';
2018-09-27 13:11:21 EXEC SPC_008_PROVISIONAL_SHIPMENT_SEARCH_FND1 '','','','','','1','10','0';
2018-09-27 13:11:23 EXEC SPC_GET_PERMISSION_AUTH '999','provisional-shipment-search','search';
2018-09-27 13:11:23 EXEC SPC_008_PROVISIONAL_SHIPMENT_SEARCH_FND1 '','','','','','1','100','0';
2018-09-27 13:11:29 EXEC SPC_GET_PERMISSION_AUTH '999','provisional-shipment-search','export-excel';
2018-09-27 13:11:29 EXEC SPC_009_PROVISIONAL_SHIPMENT_DETAIL_EXCEL_ACT1 '[{"fwd_no":"KS-18020067"}]','812','007_provisional_shipment-excel','192.168.5.206';
2018-09-27 13:11:47 EXEC SPC_GET_PERMISSION_AUTH '999','provisional-shipment-search','search';
2018-09-27 13:11:47 EXEC SPC_008_PROVISIONAL_SHIPMENT_SEARCH_FND1 '','','','','','7','100','0';
2018-09-27 13:11:53 EXEC SPC_GET_PERMISSION_AUTH '999','provisional-shipment-search','export-excel';
2018-09-27 13:11:53 EXEC SPC_009_PROVISIONAL_SHIPMENT_DETAIL_EXCEL_ACT1 '[{"fwd_no":"KS-18090020"}]','812','007_provisional_shipment-excel','192.168.5.206';
2018-09-27 13:12:06 EXEC SPC_GET_PERMISSION_AUTH '999','provisional-shipment-search','search';
2018-09-27 13:12:06 EXEC SPC_008_PROVISIONAL_SHIPMENT_SEARCH_FND1 '','','','','','6','100','0';
2018-09-27 13:12:10 EXEC SPC_GET_PERMISSION_AUTH '999','provisional-shipment-search','search';
2018-09-27 13:12:11 EXEC SPC_008_PROVISIONAL_SHIPMENT_SEARCH_FND1 '','','','','','5','100','0';
2018-09-27 13:12:15 EXEC SPC_GET_PERMISSION_AUTH '999','provisional-shipment-search','search';
2018-09-27 13:12:15 EXEC SPC_008_PROVISIONAL_SHIPMENT_SEARCH_FND1 '','','','','','4','100','0';
2018-09-27 13:12:35 EXEC SPC_GET_PERMISSION_AUTH '999','provisional-shipment-search','search';
2018-09-27 13:12:35 EXEC SPC_008_PROVISIONAL_SHIPMENT_SEARCH_FND1 '','','KS-18090018','','','1','100','0';
2018-09-27 13:12:43 EXEC SPC_GET_PERMISSION_AUTH '999','provisional-shipment-search','export-excel';
2018-09-27 13:12:43 EXEC SPC_009_PROVISIONAL_SHIPMENT_DETAIL_EXCEL_ACT1 '[{"fwd_no":"KS-18090018"}]','812','007_provisional_shipment-excel','192.168.5.206';
2018-09-27 13:14:19 EXEC SPC_GET_PERMISSION_AUTH '999','provisional-shipment-search','export-excel';
2018-09-27 13:14:19 EXEC SPC_009_PROVISIONAL_SHIPMENT_DETAIL_EXCEL_ACT1 '[{"fwd_no":"KS-18090018"}]','812','007_provisional_shipment-excel','192.168.5.206';
2018-09-27 13:16:59 EXEC SPC_073_LOGIN_ACT1 '812','812';
2018-09-27 13:16:59 EXEC SPC_GET_CONSTANT '';
2018-09-27 13:16:59 EXEC SPC_GET_PERMISSION_AUTH '999','provisional-shipment-search','view';
2018-09-27 13:17:08 EXEC SPC_GET_PERMISSION_AUTH '999','provisional-shipment-search','search';
2018-09-27 13:17:08 EXEC SPC_008_PROVISIONAL_SHIPMENT_SEARCH_FND1 '','','KS-18090018','','','1','10','0';
2018-09-27 13:17:12 EXEC SPC_GET_PERMISSION_AUTH '999','provisional-shipment-search','export-excel';
2018-09-27 13:17:12 EXEC SPC_009_PROVISIONAL_SHIPMENT_DETAIL_EXCEL_ACT1 '[{"fwd_no":"KS-18090018"}]','812','007_provisional_shipment-excel','192.168.5.206';
2018-09-27 13:18:10 EXEC SPC_GET_PERMISSION_AUTH '999','provisional-shipment-search','export-excel';
2018-09-27 13:18:10 EXEC SPC_009_PROVISIONAL_SHIPMENT_DETAIL_EXCEL_ACT1 '[{"fwd_no":"KS-18090018"}]','812','007_provisional_shipment-excel','192.168.5.206';
2018-09-27 13:18:20 EXEC SPC_GET_PERMISSION_AUTH '999','provisional-shipment-search','view';
2018-09-27 13:19:02 EXEC SPC_GET_PERMISSION_AUTH '999','provisional-shipment-search','search';
2018-09-27 13:19:02 EXEC SPC_008_PROVISIONAL_SHIPMENT_SEARCH_FND1 '','','KS-18090018','','','1','10','0';
2018-09-27 13:19:06 EXEC SPC_GET_PERMISSION_AUTH '999','provisional-shipment-search','export-excel';
2018-09-27 13:19:06 EXEC SPC_009_PROVISIONAL_SHIPMENT_DETAIL_EXCEL_ACT1 '[{"fwd_no":"KS-18090018"}]','812','007_provisional_shipment-excel','192.168.5.206';
2018-09-27 13:19:41 EXEC SPC_GET_PERMISSION_AUTH '999','provisional-shipment-search','export-excel';
2018-09-27 13:19:41 EXEC SPC_009_PROVISIONAL_SHIPMENT_DETAIL_EXCEL_ACT1 '[{"fwd_no":"KS-18090018"}]','812','007_provisional_shipment-excel','192.168.5.206';
2018-09-27 13:21:48 EXEC SPC_073_LOGIN_ACT1 '812','812';
2018-09-27 13:21:48 EXEC SPC_GET_CONSTANT '';
2018-09-27 13:21:48 EXEC SPC_GET_PERMISSION_AUTH '999','provisional-shipment-search','view';
2018-09-27 13:21:52 EXEC SPC_GET_PERMISSION_AUTH '999','provisional-shipment-search','search';
2018-09-27 13:21:52 EXEC SPC_008_PROVISIONAL_SHIPMENT_SEARCH_FND1 '','','KS-18090018','','','1','10','0';
2018-09-27 13:21:56 EXEC SPC_GET_PERMISSION_AUTH '999','provisional-shipment-search','export-excel';
2018-09-27 13:21:56 EXEC SPC_009_PROVISIONAL_SHIPMENT_DETAIL_EXCEL_ACT1 '[{"fwd_no":"KS-18090018"}]','812','007_provisional_shipment-excel','192.168.5.206';
2018-09-27 13:23:39 EXEC SPC_GET_PERMISSION_AUTH '999','provisional-shipment-search','export-excel';
2018-09-27 13:23:39 EXEC SPC_009_PROVISIONAL_SHIPMENT_DETAIL_EXCEL_ACT1 '[{"fwd_no":"KS-18090018"}]','812','007_provisional_shipment-excel','192.168.5.206';
2018-09-27 13:25:15 EXEC SPC_073_LOGIN_ACT1 '812','812';
2018-09-27 13:25:15 EXEC SPC_GET_CONSTANT '';
2018-09-27 13:25:15 EXEC SPC_GET_PERMISSION_AUTH '999','provisional-shipment-search','view';
2018-09-27 13:25:30 EXEC SPC_GET_PERMISSION_AUTH '999','provisional-shipment-search','search';
2018-09-27 13:25:30 EXEC SPC_008_PROVISIONAL_SHIPMENT_SEARCH_FND1 '','','KS-18090018','','','1','10','0';
2018-09-27 13:25:35 EXEC SPC_GET_PERMISSION_AUTH '999','provisional-shipment-search','export-excel';
2018-09-27 13:25:35 EXEC SPC_009_PROVISIONAL_SHIPMENT_DETAIL_EXCEL_ACT1 '[{"fwd_no":"KS-18090018"}]','812','007_provisional_shipment-excel','192.168.5.206';
2018-09-27 13:26:41 EXEC SPC_GET_PERMISSION_AUTH '999','provisional-shipment-search','export-excel';
2018-09-27 13:26:41 EXEC SPC_009_PROVISIONAL_SHIPMENT_DETAIL_EXCEL_ACT1 '[{"fwd_no":"KS-18090018"}]','812','007_provisional_shipment-excel','192.168.5.206';
2018-09-27 13:27:38 EXEC SPC_GET_PERMISSION_AUTH '999','provisional-shipment-search','search';
2018-09-27 13:27:38 EXEC SPC_008_PROVISIONAL_SHIPMENT_SEARCH_FND1 '','','KS-180900','','','1','10','0';
2018-09-27 13:27:42 EXEC SPC_GET_PERMISSION_AUTH '999','provisional-shipment-search','search';
2018-09-27 13:27:42 EXEC SPC_008_PROVISIONAL_SHIPMENT_SEARCH_FND1 '','','','','','1','10','0';
2018-09-27 13:27:45 EXEC SPC_GET_PERMISSION_AUTH '999','provisional-shipment-search','search';
2018-09-27 13:27:45 EXEC SPC_008_PROVISIONAL_SHIPMENT_SEARCH_FND1 '','','','','','1','100','0';
2018-09-27 13:27:51 EXEC SPC_GET_PERMISSION_AUTH '999','provisional-shipment-search','export-excel';
2018-09-27 13:27:51 EXEC SPC_009_PROVISIONAL_SHIPMENT_DETAIL_EXCEL_ACT1 '[{"fwd_no":"KS-18020067"}]','812','007_provisional_shipment-excel','192.168.5.206';
2018-09-27 13:29:31 EXEC SPC_GET_PERMISSION_AUTH '999','provisional-shipment-search','view';
2018-09-27 13:29:36 EXEC SPC_GET_PERMISSION_AUTH '999','provisional-shipment-search','search';
2018-09-27 13:29:36 EXEC SPC_008_PROVISIONAL_SHIPMENT_SEARCH_FND1 '','','','','','1','10','0';
2018-09-27 13:29:39 EXEC SPC_GET_PERMISSION_AUTH '999','provisional-shipment-search','search';
2018-09-27 13:29:39 EXEC SPC_008_PROVISIONAL_SHIPMENT_SEARCH_FND1 '','','','','','1','100','0';
2018-09-27 13:29:41 EXEC SPC_GET_PERMISSION_AUTH '999','provisional-shipment-search','search';
2018-09-27 13:29:41 EXEC SPC_008_PROVISIONAL_SHIPMENT_SEARCH_FND1 '','','','','','2','100','0';
2018-09-27 13:29:49 EXEC SPC_GET_PERMISSION_AUTH '999','provisional-shipment-search','export-excel';
2018-09-27 13:29:49 EXEC SPC_009_PROVISIONAL_SHIPMENT_DETAIL_EXCEL_ACT1 '[{"fwd_no":"KS-18020068"}]','812','007_provisional_shipment-excel','192.168.5.206';
2018-09-27 16:30:15 EXEC SPC_073_LOGIN_ACT1 '812','812';
2018-09-27 16:30:15 EXEC SPC_GET_CONSTANT '';
2018-09-27 16:34:58 EXEC SPC_073_LOGIN_ACT1 '812','812';
2018-09-27 16:34:58 EXEC SPC_GET_CONSTANT '';
2018-09-27 16:35:34 EXEC SPC_GET_PERMISSION_AUTH '999','shipment-detail','view';
2018-09-27 16:35:34 EXEC SPC_COM_GET_COMBOBOX 'forwarding_div';
2018-09-27 16:35:34 EXEC SPC_COM_GET_COMBOBOX 'shipment_div';
2018-09-27 16:35:34 EXEC SPC_COM_GET_COMBOBOX 'forwarding_warehouse_div';
2018-09-27 16:35:34 EXEC SPC_COM_GET_COMBOBOX 'forwarder_div';
2018-09-27 16:35:34 EXEC SPC_COM_GET_COMBOBOX 'packing_method_div';
2018-09-27 16:35:34 EXEC SPC_COM_GET_COMBOBOX 'user_training_check_div';
2018-09-27 16:35:48 EXEC SPC_GET_PERMISSION_AUTH '999','','view';
2018-09-27 16:35:48 EXEC SPC_010_SHIPMENT_DETAIL_INQ3 'S-18090032';
2018-09-27 16:35:51 EXEC SPC_GET_PERMISSION_AUTH '999','shipment-detail','export-excel';
2018-09-27 16:35:51 EXEC SPC_012_SHIPMENT_DETAIL_EXCEL_ACT1 '{"fwd_no":"S-18090032"}','812','012_shipment-excel','192.168.5.206';
2018-09-27 16:37:21 EXEC SPC_073_LOGIN_ACT1 '812','812';
2018-09-27 16:37:21 EXEC SPC_GET_CONSTANT '';
2018-09-27 16:37:21 EXEC SPC_GET_PERMISSION_AUTH '999','shipment-detail','view';
2018-09-27 16:37:21 EXEC SPC_COM_GET_COMBOBOX 'forwarding_div';
2018-09-27 16:37:21 EXEC SPC_COM_GET_COMBOBOX 'shipment_div';
2018-09-27 16:37:21 EXEC SPC_COM_GET_COMBOBOX 'forwarding_warehouse_div';
2018-09-27 16:37:21 EXEC SPC_COM_GET_COMBOBOX 'forwarder_div';
2018-09-27 16:37:21 EXEC SPC_COM_GET_COMBOBOX 'packing_method_div';
2018-09-27 16:37:21 EXEC SPC_COM_GET_COMBOBOX 'user_training_check_div';
2018-09-27 16:37:27 EXEC SPC_GET_PERMISSION_AUTH '999','','view';
2018-09-27 16:37:27 EXEC SPC_010_SHIPMENT_DETAIL_INQ3 'S-18030009';
2018-09-27 16:37:34 EXEC SPC_GET_PERMISSION_AUTH '999','','view';
2018-09-27 16:37:34 EXEC SPC_010_SHIPMENT_DETAIL_INQ3 'S-18090032';
2018-09-27 16:37:37 EXEC SPC_GET_PERMISSION_AUTH '999','shipment-detail','export-excel';
2018-09-27 16:37:37 EXEC SPC_012_SHIPMENT_DETAIL_EXCEL_ACT1 '{"fwd_no":"S-18090032"}','812','012_shipment-excel','192.168.5.206';
