2018-04-17 10:42:54 EXEC SPC_COM_GET_COMBOBOX 'inv_data_div';
2018-04-17 10:59:04 EXEC SPC_COM_GET_COMBOBOX 'inv_data_div';
2018-04-17 10:59:31 EXEC SPC_073_LOGIN_ACT1 '001','123456';
2018-04-17 10:59:31 EXEC SPC_GET_CONSTANT '';
2018-04-17 10:59:40 EXEC SPC_COM_GET_COMBOBOX 'inv_data_div';
2018-04-17 11:00:47 EXEC SPC_COM_GET_COMBOBOX 'port_city_div';
2018-04-17 11:00:47 EXEC SPC_COM_GET_COMBOBOX 'sales_detail_div';
2018-04-17 11:00:48 EXEC SPC_COM_GET_COMBOBOX 'unit_q_div';
2018-04-17 11:00:49 EXEC SPC_COM_GET_COMBOBOX 'payment_conditions_div';
2018-04-17 11:00:49 EXEC SPC_COM_GET_COMBOBOX 'unit_w_div';
2018-04-17 11:00:49 EXEC SPC_COM_GET_COMBOBOX 'port_country_div';
2018-04-17 11:00:49 EXEC SPC_COM_GET_COMBOBOX 'shipment_div';
2018-04-17 11:00:49 EXEC SPC_COM_GET_COMBOBOX 'trade_terms_div';
2018-04-17 11:00:49 EXEC SPC_COM_GET_COMBOBOX 'currency_div';
2018-04-17 11:00:49 EXEC SPC_COM_GET_COMBOBOX 'storage_manager_div';
2018-04-17 11:00:49 EXEC SPC_COM_GET_COMBOBOX 'unit_m_div';
2018-04-17 11:00:50 EXEC SPC_GET_TAX_RATE '2018/04/17';
2018-04-17 11:01:13 EXEC SPC_COM_GET_COMBOBOX 'fwd_status_div';
2018-04-17 11:01:16 EXEC SPC_011_SHIPMENT_SEARCH_FND1 '','','','','','20','1','10';
2018-04-17 11:01:30 EXEC SPC_011_SHIPMENT_SEARCH_FND1 '','','','','','20','1','10';
2018-04-17 11:01:34 EXEC SPC_011_SHIPMENT_SEARCH_FND1 '','','','','','10','1','10';
2018-04-17 11:17:11 EXEC SPC_COM_GET_COMBOBOX 'fwd_status_div';
2018-04-17 11:17:18 EXEC SPC_011_SHIPMENT_SEARCH_FND1 '','','','','','20','1','10';
2018-04-17 11:17:20 EXEC SPC_014_INVOICE_DETAIL_INQ2 'S-18030023','1';
2018-04-17 11:17:20 EXEC SPC_GET_TAX_RATE '2018/04/17';
2018-04-17 11:17:21 EXEC SPC_COM_GET_COMBOBOX 'unit_m_div';
2018-04-17 11:17:21 EXEC SPC_COM_GET_COMBOBOX 'sales_detail_div';
2018-04-17 11:17:21 EXEC SPC_COM_GET_COMBOBOX 'unit_w_div';
2018-04-17 11:17:21 EXEC SPC_COM_GET_COMBOBOX 'unit_q_div';
2018-04-17 11:17:25 EXEC SPC_COM_GET_COMBOBOX 'fwd_status_div';
2018-04-17 11:17:28 EXEC SPC_011_SHIPMENT_SEARCH_FND1 '','','','','','20','1','10';
2018-04-17 11:17:30 EXEC SPC_014_INVOICE_DETAIL_INQ2 'S-18030004','1';
2018-04-17 11:17:31 EXEC SPC_COM_GET_COMBOBOX 'unit_w_div';
2018-04-17 11:17:31 EXEC SPC_COM_GET_COMBOBOX 'sales_detail_div';
2018-04-17 11:17:31 EXEC SPC_COM_GET_COMBOBOX 'unit_m_div';
2018-04-17 11:17:31 EXEC SPC_COM_GET_COMBOBOX 'unit_q_div';
2018-04-17 11:17:31 EXEC SPC_GET_TAX_RATE '2018/04/17';
2018-04-17 11:24:35 EXEC SPC_COM_GET_COMBOBOX 'port_city_div';
2018-04-17 11:24:36 EXEC SPC_COM_GET_COMBOBOX 'sales_detail_div';
2018-04-17 11:24:36 EXEC SPC_COM_GET_COMBOBOX 'unit_q_div';
2018-04-17 11:24:37 EXEC SPC_COM_GET_COMBOBOX 'unit_w_div';
2018-04-17 11:24:37 EXEC SPC_COM_GET_COMBOBOX 'trade_terms_div';
2018-04-17 11:24:37 EXEC SPC_COM_GET_COMBOBOX 'shipment_div';
2018-04-17 11:24:37 EXEC SPC_COM_GET_COMBOBOX 'currency_div';
2018-04-17 11:24:37 EXEC SPC_COM_GET_COMBOBOX 'unit_m_div';
2018-04-17 11:24:37 EXEC SPC_COM_GET_COMBOBOX 'port_country_div';
2018-04-17 11:24:37 EXEC SPC_COM_GET_COMBOBOX 'payment_conditions_div';
2018-04-17 11:24:38 EXEC SPC_GET_TAX_RATE '2018/04/17';
2018-04-17 11:24:38 EXEC SPC_COM_GET_COMBOBOX 'storage_manager_div';
2018-04-17 11:24:44 EXEC SPC_COM_GET_COMBOBOX 'fwd_status_div';
2018-04-17 11:24:47 EXEC SPC_011_SHIPMENT_SEARCH_FND1 '','','','','','20','1','10';
2018-04-17 11:24:49 EXEC SPC_014_INVOICE_DETAIL_INQ2 'S-18030004','1';
2018-04-17 11:24:49 EXEC SPC_COM_GET_COMBOBOX 'unit_w_div';
2018-04-17 11:24:49 EXEC SPC_COM_GET_COMBOBOX 'unit_q_div';
2018-04-17 11:24:49 EXEC SPC_COM_GET_COMBOBOX 'unit_m_div';
2018-04-17 11:24:49 EXEC SPC_GET_TAX_RATE '2018/04/17';
2018-04-17 11:24:49 EXEC SPC_COM_GET_COMBOBOX 'sales_detail_div';
2018-04-17 11:28:06 EXEC SPC_COM_GET_COMBOBOX 'port_city_div';
2018-04-17 11:28:06 EXEC SPC_COM_GET_COMBOBOX 'port_country_div';
2018-04-17 11:28:06 EXEC SPC_COM_GET_COMBOBOX 'trade_terms_div';
2018-04-17 11:28:06 EXEC SPC_COM_GET_COMBOBOX 'currency_div';
2018-04-17 11:28:06 EXEC SPC_COM_GET_COMBOBOX 'shipment_div';
2018-04-17 11:28:07 EXEC SPC_COM_GET_COMBOBOX 'payment_conditions_div';
2018-04-17 11:28:07 EXEC SPC_COM_GET_COMBOBOX 'sales_detail_div';
2018-04-17 11:28:07 EXEC SPC_COM_GET_COMBOBOX 'storage_manager_div';
2018-04-17 11:28:07 EXEC SPC_COM_GET_COMBOBOX 'unit_m_div';
2018-04-17 11:28:07 EXEC SPC_COM_GET_COMBOBOX 'unit_q_div';
2018-04-17 11:28:07 EXEC SPC_COM_GET_COMBOBOX 'unit_w_div';
2018-04-17 11:28:07 EXEC SPC_GET_TAX_RATE '2018/04/17';
2018-04-17 11:28:12 EXEC SPC_COM_GET_COMBOBOX 'fwd_status_div';
2018-04-17 11:28:14 EXEC SPC_011_SHIPMENT_SEARCH_FND1 '','','','','','20','1','10';
2018-04-17 11:28:16 EXEC SPC_014_INVOICE_DETAIL_INQ2 'S-18030004','1';
2018-04-17 11:28:17 EXEC SPC_COM_GET_COMBOBOX 'unit_m_div';
2018-04-17 11:28:17 EXEC SPC_COM_GET_COMBOBOX 'unit_w_div';
2018-04-17 11:28:17 EXEC SPC_COM_GET_COMBOBOX 'sales_detail_div';
2018-04-17 11:28:17 EXEC SPC_COM_GET_COMBOBOX 'unit_q_div';
2018-04-17 11:28:17 EXEC SPC_GET_TAX_RATE '2018/04/17';
2018-04-17 11:30:31 EXEC SPC_COM_GET_COMBOBOX 'port_city_div';
2018-04-17 11:30:31 EXEC SPC_COM_GET_COMBOBOX 'currency_div';
2018-04-17 11:30:31 EXEC SPC_COM_GET_COMBOBOX 'payment_conditions_div';
2018-04-17 11:30:31 EXEC SPC_COM_GET_COMBOBOX 'port_country_div';
2018-04-17 11:30:31 EXEC SPC_COM_GET_COMBOBOX 'shipment_div';
2018-04-17 11:30:31 EXEC SPC_COM_GET_COMBOBOX 'trade_terms_div';
2018-04-17 11:30:31 EXEC SPC_GET_TAX_RATE '2018/04/17';
2018-04-17 11:30:31 EXEC SPC_COM_GET_COMBOBOX 'unit_q_div';
2018-04-17 11:30:31 EXEC SPC_COM_GET_COMBOBOX 'sales_detail_div';
2018-04-17 11:30:31 EXEC SPC_COM_GET_COMBOBOX 'unit_w_div';
2018-04-17 11:30:31 EXEC SPC_COM_GET_COMBOBOX 'unit_m_div';
2018-04-17 11:30:31 EXEC SPC_COM_GET_COMBOBOX 'storage_manager_div';
2018-04-17 11:30:38 EXEC SPC_COM_GET_COMBOBOX 'fwd_status_div';
2018-04-17 11:30:41 EXEC SPC_011_SHIPMENT_SEARCH_FND1 '','','','','','20','1','10';
2018-04-17 11:30:43 EXEC SPC_014_INVOICE_DETAIL_INQ2 'S-18030004','1';
2018-04-17 11:30:44 EXEC SPC_COM_GET_COMBOBOX 'sales_detail_div';
2018-04-17 11:30:44 EXEC SPC_COM_GET_COMBOBOX 'unit_w_div';
2018-04-17 11:30:44 EXEC SPC_GET_TAX_RATE '2018/04/17';
2018-04-17 11:30:44 EXEC SPC_COM_GET_COMBOBOX 'unit_m_div';
2018-04-17 11:30:44 EXEC SPC_COM_GET_COMBOBOX 'unit_q_div';
2018-04-17 11:39:25 EXEC SPC_COM_GET_COMBOBOX 'port_city_div';
2018-04-17 11:39:26 EXEC SPC_COM_GET_COMBOBOX 'sales_detail_div';
2018-04-17 11:39:26 EXEC SPC_COM_GET_COMBOBOX 'port_country_div';
2018-04-17 11:39:26 EXEC SPC_COM_GET_COMBOBOX 'unit_q_div';
2018-04-17 11:39:26 EXEC SPC_COM_GET_COMBOBOX 'trade_terms_div';
2018-04-17 11:39:26 EXEC SPC_COM_GET_COMBOBOX 'currency_div';
2018-04-17 11:39:26 EXEC SPC_COM_GET_COMBOBOX 'shipment_div';
2018-04-17 11:39:26 EXEC SPC_COM_GET_COMBOBOX 'payment_conditions_div';
2018-04-17 11:39:27 EXEC SPC_COM_GET_COMBOBOX 'unit_m_div';
2018-04-17 11:39:27 EXEC SPC_GET_TAX_RATE '2018/04/17';
2018-04-17 11:39:27 EXEC SPC_COM_GET_COMBOBOX 'storage_manager_div';
2018-04-17 11:39:27 EXEC SPC_COM_GET_COMBOBOX 'unit_w_div';
2018-04-17 11:40:10 EXEC SPC_COM_GET_COMBOBOX 'fwd_status_div';
2018-04-17 11:40:13 EXEC SPC_011_SHIPMENT_SEARCH_FND1 '','','','','','20','1','10';
2018-04-17 11:40:15 EXEC SPC_014_INVOICE_DETAIL_INQ2 'S-18030004','1';
2018-04-17 11:40:16 EXEC SPC_GET_TAX_RATE '2018/04/17';
2018-04-17 11:40:16 EXEC SPC_COM_GET_COMBOBOX 'unit_w_div';
2018-04-17 11:40:16 EXEC SPC_COM_GET_COMBOBOX 'unit_m_div';
2018-04-17 11:40:16 EXEC SPC_COM_GET_COMBOBOX 'unit_q_div';
2018-04-17 11:40:16 EXEC SPC_COM_GET_COMBOBOX 'sales_detail_div';
2018-04-17 11:42:26 EXEC SPC_COM_GET_COMBOBOX 'port_city_div';
2018-04-17 11:42:26 EXEC SPC_COM_GET_COMBOBOX 'port_country_div';
2018-04-17 11:42:26 EXEC SPC_COM_GET_COMBOBOX 'currency_div';
2018-04-17 11:42:26 EXEC SPC_COM_GET_COMBOBOX 'payment_conditions_div';
2018-04-17 11:42:26 EXEC SPC_COM_GET_COMBOBOX 'shipment_div';
2018-04-17 11:42:26 EXEC SPC_COM_GET_COMBOBOX 'trade_terms_div';
2018-04-17 11:42:26 EXEC SPC_COM_GET_COMBOBOX 'unit_q_div';
2018-04-17 11:42:26 EXEC SPC_COM_GET_COMBOBOX 'sales_detail_div';
2018-04-17 11:42:26 EXEC SPC_COM_GET_COMBOBOX 'unit_w_div';
2018-04-17 11:42:26 EXEC SPC_COM_GET_COMBOBOX 'storage_manager_div';
2018-04-17 11:42:26 EXEC SPC_COM_GET_COMBOBOX 'unit_m_div';
2018-04-17 11:42:27 EXEC SPC_GET_TAX_RATE '2018/04/17';
2018-04-17 11:42:30 EXEC SPC_COM_GET_COMBOBOX 'fwd_status_div';
2018-04-17 11:42:33 EXEC SPC_011_SHIPMENT_SEARCH_FND1 '','','','','','20','1','10';
2018-04-17 11:42:35 EXEC SPC_014_INVOICE_DETAIL_INQ2 'S-18030004','1';
2018-04-17 11:42:36 EXEC SPC_COM_GET_COMBOBOX 'unit_m_div';
2018-04-17 11:42:36 EXEC SPC_COM_GET_COMBOBOX 'unit_w_div';
2018-04-17 11:42:36 EXEC SPC_COM_GET_COMBOBOX 'unit_q_div';
iv';
2018-04-17 11:42:36 EXEC SPC_GET_TAX_RATE '2018/04/17';
2018-04-17 11:48:40 EXEC SPC_COM_GET_COMBOBOX 'port_city_div';
2018-04-17 11:48:41 EXEC SPC_COM_GET_COMBOBOX 'sales_detail_div';
2018-04-17 11:48:41 EXEC SPC_COM_GET_COMBOBOX 'unit_q_div';
2018-04-17 11:48:42 EXEC SPC_COM_GET_COMBOBOX 'unit_w_div';
2018-04-17 11:48:42 EXEC SPC_COM_GET_COMBOBOX 'currency_div';
2018-04-17 11:48:42 EXEC SPC_COM_GET_COMBOBOX 'port_country_div';
2018-04-17 11:48:42 EXEC SPC_COM_GET_COMBOBOX 'trade_terms_div';
2018-04-17 11:48:42 EXEC SPC_COM_GET_COMBOBOX 'unit_m_div';
2018-04-17 11:48:42 EXEC SPC_COM_GET_COMBOBOX 'payment_conditions_div';
2018-04-17 11:48:42 EXEC SPC_COM_GET_COMBOBOX 'shipment_div';
2018-04-17 11:48:42 EXEC SPC_COM_GET_COMBOBOX 'storage_manager_div';
2018-04-17 11:48:43 EXEC SPC_GET_TAX_RATE '2018/04/17';
2018-04-17 11:49:38 EXEC SPC_COM_GET_COMBOBOX 'port_city_div';
2018-04-17 11:49:38 EXEC SPC_COM_GET_COMBOBOX 'port_country_div';
2018-04-17 11:49:38 EXEC SPC_COM_GET_COMBOBOX 'trade_terms_div';
2018-04-17 11:49:38 EXEC SPC_COM_GET_COMBOBOX 'currency_div';
2018-04-17 11:49:38 EXEC SPC_COM_GET_COMBOBOX 'shipment_div';
2018-04-17 11:49:38 EXEC SPC_COM_GET_COMBOBOX 'payment_conditions_div';
2018-04-17 11:49:38 EXEC SPC_COM_GET_COMBOBOX 'unit_q_div';
2018-04-17 11:49:38 EXEC SPC_COM_GET_COMBOBOX 'unit_m_div';
2018-04-17 11:49:38 EXEC SPC_COM_GET_COMBOBOX 'sales_detail_div';
2018-04-17 11:49:38 EXEC SPC_COM_GET_COMBOBOX 'unit_w_div';
2018-04-17 11:49:38 EXEC SPC_COM_GET_COMBOBOX 'storage_manager_div';
2018-04-17 11:49:39 EXEC SPC_GET_TAX_RATE '2018/04/17';
2018-04-17 11:54:39 EXEC SPC_COM_GET_COMBOBOX 'port_city_div';
2018-04-17 11:54:39 EXEC SPC_COM_GET_COMBOBOX 'port_country_div';
2018-04-17 11:54:39 EXEC SPC_COM_GET_COMBOBOX 'shipment_div';
2018-04-17 11:54:39 EXEC SPC_COM_GET_COMBOBOX 'currency_div';
2018-04-17 11:54:39 EXEC SPC_COM_GET_COMBOBOX 'payment_conditions_div';
2018-04-17 11:54:39 EXEC SPC_COM_GET_COMBOBOX 'trade_terms_div';
2018-04-17 11:54:40 EXEC SPC_COM_GET_COMBOBOX 'unit_q_div';
2018-04-17 11:54:40 EXEC SPC_COM_GET_COMBOBOX 'unit_w_div';
2018-04-17 11:54:40 EXEC SPC_COM_GET_COMBOBOX 'sales_detail_div';
2018-04-17 11:54:40 EXEC SPC_COM_GET_COMBOBOX 'unit_m_div';
2018-04-17 11:54:40 EXEC SPC_COM_GET_COMBOBOX 'storage_manager_div';
2018-04-17 11:54:40 EXEC SPC_GET_TAX_RATE '2018/04/17';
2018-04-17 11:57:31 EXEC SPC_COM_GET_COMBOBOX 'fwd_status_div';
2018-04-17 11:57:34 EXEC SPC_011_SHIPMENT_SEARCH_FND1 '','','','','','20','1','10';
2018-04-17 11:57:36 EXEC SPC_014_INVOICE_DETAIL_INQ2 'S-18030004','1';
2018-04-17 11:57:38 EXEC SPC_COM_GET_COMBOBOX 'sales_detail_div';
2018-04-17 11:57:38 EXEC SPC_GET_TAX_RATE '2018/04/17';
2018-04-17 11:57:38 EXEC SPC_COM_GET_COMBOBOX 'unit_m_div';
2018-04-17 11:57:38 EXEC SPC_COM_GET_COMBOBOX 'unit_q_div';
2018-04-17 11:57:38 EXEC SPC_COM_GET_COMBOBOX 'unit_w_div';
2018-04-17 11:59:39 EXEC SPC_GET_TAX_RATE '2017/04/05';
2018-04-17 12:09:45 EXEC SPC_GET_TAX_RATE '2018/04/17';
2018-04-17 13:30:27 EXEC SPC_COM_GET_COMBOBOX 'in_out_data_div';
2018-04-17 13:30:27 EXEC SPC_COM_GET_COMBOBOX 'in_out_div';
2018-04-17 13:30:34 EXEC SPC_049_INPUT_OUTPUT_FND1 '','','','','','2','','1','10';
2018-04-17 13:30:41 EXEC SPC_049_INPUT_OUTPUT_FND1 '','','','','','5','','1','10';
2018-04-17 13:30:44 EXEC SPC_049_INPUT_OUTPUT_FND1 '','','','','','2','','1','10';
2018-04-17 13:30:47 EXEC SPC_049_INPUT_OUTPUT_FND1 '','','','','','5','','1','10';
2018-04-17 17:39:12 EXEC SPC_COM_GET_COMBOBOX 'port_city_div';
2018-04-17 17:39:13 EXEC SPC_COM_GET_COMBOBOX 'sales_detail_div';
2018-04-17 17:39:13 EXEC SPC_COM_GET_COMBOBOX 'unit_q_div';
2018-04-17 17:39:14 EXEC SPC_COM_GET_COMBOBOX 'currency_div';
2018-04-17 17:39:14 EXEC SPC_COM_GET_COMBOBOX 'trade_terms_div';
2018-04-17 17:39:14 EXEC SPC_COM_GET_COMBOBOX 'unit_w_div';
2018-04-17 17:39:14 EXEC SPC_COM_GET_COMBOBOX 'payment_conditions_div';
2018-04-17 17:39:14 EXEC SPC_COM_GET_COMBOBOX 'port_country_div';
2018-04-17 17:39:14 EXEC SPC_COM_GET_COMBOBOX 'shipment_div';
2018-04-17 17:39:14 EXEC SPC_COM_GET_COMBOBOX 'unit_m_div';
2018-04-17 17:39:15 EXEC SPC_COM_GET_COMBOBOX 'storage_manager_div';
2018-04-17 17:39:15 EXEC SPC_GET_TAX_RATE '2018/04/17';
2018-04-17 17:39:24 EXEC SPC_COM_GET_COMBOBOX 'inv_data_div';
2018-04-17 17:39:28 EXEC SPC_COM_GET_COMBOBOX 'currency_div';
2018-04-17 17:39:28 EXEC SPC_COM_GET_COMBOBOX 'shipment_div';
2018-04-17 17:39:28 EXEC SPC_COM_GET_COMBOBOX 'port_country_div';
2018-04-17 17:39:28 EXEC SPC_COM_GET_COMBOBOX 'payment_conditions_div';
2018-04-17 17:39:28 EXEC SPC_COM_GET_COMBOBOX 'port_city_div';
2018-04-17 17:39:28 EXEC SPC_COM_GET_COMBOBOX 'trade_terms_div';
2018-04-17 17:39:29 EXEC SPC_COM_GET_COMBOBOX 'unit_q_div';
2018-04-17 17:39:29 EXEC SPC_COM_GET_COMBOBOX 'sales_detail_div';
2018-04-17 17:39:29 EXEC SPC_COM_GET_COMBOBOX 'storage_manager_div';
2018-04-17 17:39:29 EXEC SPC_COM_GET_COMBOBOX 'unit_w_div';
2018-04-17 17:39:29 EXEC SPC_COM_GET_COMBOBOX 'unit_m_div';
2018-04-17 17:39:29 EXEC SPC_GET_TAX_RATE '2018/04/17';
2018-04-17 17:39:34 EXEC SPC_COM_GET_COMBOBOX 'fwd_status_div';
2018-04-17 17:39:37 EXEC SPC_011_SHIPMENT_SEARCH_FND1 '','','','','','20','1','10';
2018-04-17 17:39:39 EXEC SPC_014_INVOICE_DETAIL_INQ2 'S-18030004','1';
2018-04-17 17:39:40 EXEC SPC_GET_TAX_RATE '2018/04/17';
2018-04-17 17:39:40 EXEC SPC_COM_GET_COMBOBOX 'unit_q_div';
2018-04-17 17:39:40 EXEC SPC_COM_GET_COMBOBOX 'unit_w_div';
2018-04-17 17:39:40 EXEC SPC_COM_GET_COMBOBOX 'unit_m_div';
2018-04-17 17:39:40 EXEC SPC_COM_GET_COMBOBOX 'sales_detail_div';
2018-04-17 17:59:19 EXEC SPC_008_PROVISIONAL_SHIPMENT_SEARCH_FND1 '','','','','','1','10';
2018-04-17 17:59:20 EXEC SPC_014_INVOICE_DETAIL_INQ2 'KS-18020008','0';
2018-04-17 17:59:21 EXEC SPC_GET_TAX_RATE '2018/04/17';
2018-04-17 17:59:22 EXEC SPC_COM_GET_COMBOBOX 'unit_w_div';
2018-04-17 17:59:22 EXEC SPC_COM_GET_COMBOBOX 'unit_m_div';
2018-04-17 17:59:22 EXEC SPC_COM_GET_COMBOBOX 'unit_q_div';
2018-04-17 17:59:23 EXEC SPC_COM_GET_COMBOBOX 'sales_detail_div';
2018-04-17 18:24:57 EXEC SPC_COM_GET_COMBOBOX 'fwd_status_div';
2018-04-17 18:25:00 EXEC SPC_011_SHIPMENT_SEARCH_FND1 '','','','','','20','1','10';
2018-04-17 18:25:05 EXEC SPC_014_INVOICE_DETAIL_INQ2 'S-18030004','1';
2018-04-17 18:25:05 EXEC SPC_GET_TAX_RATE '2018/04/17';
2018-04-17 18:25:07 EXEC SPC_COM_GET_COMBOBOX 'sales_detail_div';
2018-04-17 18:25:07 EXEC SPC_COM_GET_COMBOBOX 'unit_q_div';
2018-04-17 18:25:07 EXEC SPC_COM_GET_COMBOBOX 'unit_m_div';
2018-04-17 18:25:07 EXEC SPC_COM_GET_COMBOBOX 'unit_w_div';
2018-04-17 18:25:15 EXEC SPC_COM_GET_COMBOBOX 'port_city_div';
2018-04-17 18:25:15 EXEC SPC_COM_GET_COMBOBOX 'port_country_div';
2018-04-17 18:25:15 EXEC SPC_COM_GET_COMBOBOX 'payment_conditions_div';
2018-04-17 18:25:15 EXEC SPC_COM_GET_COMBOBOX 'shipment_div';
2018-04-17 18:25:15 EXEC SPC_COM_GET_COMBOBOX 'currency_div';
2018-04-17 18:25:16 EXEC SPC_COM_GET_COMBOBOX 'sales_detail_div';
2018-04-17 18:25:16 EXEC SPC_COM_GET_COMBOBOX 'unit_q_div';
2018-04-17 18:25:16 EXEC SPC_COM_GET_COMBOBOX 'unit_m_div';
2018-04-17 18:25:16 EXEC SPC_COM_GET_COMBOBOX 'storage_manager_div';
2018-04-17 18:25:16 EXEC SPC_COM_GET_COMBOBOX 'unit_w_div';
2018-04-17 18:25:16 EXEC SPC_GET_TAX_RATE '2018/04/17';
2018-04-17 18:25:17 EXEC SPC_COM_GET_COMBOBOX 'trade_terms_div';
2018-04-17 18:25:28 EXEC SPC_COM_GET_COMBOBOX 'fwd_status_div';
2018-04-17 18:25:32 EXEC SPC_011_SHIPMENT_SEARCH_FND1 '','','','','','20','1','10';
2018-04-17 18:25:34 EXEC SPC_014_INVOICE_DETAIL_INQ2 'S-18030004','1';
2018-04-17 18:25:35 EXEC SPC_COM_GET_COMBOBOX 'unit_w_div';
2018-04-17 18:25:35 EXEC SPC_COM_GET_COMBOBOX 'sales_detail_div';
2018-04-17 18:25:35 EXEC SPC_COM_GET_COMBOBOX 'unit_q_div';
2018-04-17 18:25:35 EXEC SPC_GET_TAX_RATE '2018/04/17';
2018-04-17 18:25:35 EXEC SPC_COM_GET_COMBOBOX 'unit_m_div';
2018-04-17 18:38:03 EXEC SPC_COM_GET_COMBOBOX 'port_city_div';
2018-04-17 18:38:04 EXEC SPC_COM_GET_COMBOBOX 'sales_detail_div';
2018-04-17 18:38:05 EXEC SPC_COM_GET_COMBOBOX 'unit_q_div';
2018-04-17 18:38:05 EXEC SPC_COM_GET_COMBOBOX 'unit_w_div';
2018-04-17 18:38:05 EXEC SPC_COM_GET_COMBOBOX 'payment_conditions_div';
2018-04-17 18:38:06 EXEC SPC_COM_GET_COMBOBOX 'trade_terms_div';
2018-04-17 18:38:06 EXEC SPC_COM_GET_COMBOBOX 'currency_div';
2018-04-17 18:38:06 EXEC SPC_COM_GET_COMBOBOX 'unit_m_div';
2018-04-17 18:38:06 EXEC SPC_COM_GET_COMBOBOX 'shipment_div';
2018-04-17 18:38:06 EXEC SPC_COM_GET_COMBOBOX 'port_country_div';
2018-04-17 18:38:06 EXEC SPC_COM_GET_COMBOBOX 'storage_manager_div';
2018-04-17 18:38:06 EXEC SPC_GET_TAX_RATE '2018/04/17';
2018-04-17 18:58:29 EXEC SPC_073_LOGIN_ACT1 '001','123456';
2018-04-17 18:58:29 EXEC SPC_GET_CONSTANT '';
2018-04-17 18:59:03 EXEC SPC_COM_GET_COMBOBOX 'inv_data_div';
2018-04-17 18:59:07 EXEC SPC_COM_GET_COMBOBOX 'port_country_div';
2018-04-17 18:59:08 EXEC SPC_COM_GET_COMBOBOX 'sales_detail_div';
2018-04-17 18:59:08 EXEC SPC_COM_GET_COMBOBOX 'unit_q_div';
2018-04-17 18:59:09 EXEC SPC_COM_GET_COMBOBOX 'unit_w_div';
2018-04-17 18:59:09 EXEC SPC_COM_GET_COMBOBOX 'port_city_div';
2018-04-17 18:59:09 EXEC SPC_COM_GET_COMBOBOX 'shipment_div';
2018-04-17 18:59:09 EXEC SPC_COM_GET_COMBOBOX 'trade_terms_div';
2018-04-17 18:59:10 EXEC SPC_COM_GET_COMBOBOX 'unit_m_div';
2018-04-17 18:59:10 EXEC SPC_COM_GET_COMBOBOX 'payment_conditions_div';
2018-04-17 18:59:10 EXEC SPC_COM_GET_COMBOBOX 'currency_div';
2018-04-17 18:59:10 EXEC SPC_COM_GET_COMBOBOX 'storage_manager_div';
2018-04-17 18:59:10 EXEC SPC_GET_TAX_RATE '2018/04/17';
2018-04-17 18:59:13 EXEC SPC_COM_GET_COMBOBOX 'fwd_status_div';
2018-04-17 18:59:16 EXEC SPC_011_SHIPMENT_SEARCH_FND1 '','','','','','20','1','10';
2018-04-17 18:59:19 EXEC SPC_014_INVOICE_DETAIL_INQ2 'S-18030021','1';
2018-04-17 18:59:20 EXEC SPC_COM_GET_COMBOBOX 'unit_q_div';
2018-04-17 18:59:20 EXEC SPC_GET_TAX_RATE '2018/04/17';
2018-04-17 18:59:20 EXEC SPC_COM_GET_COMBOBOX 'unit_w_div';
2018-04-17 18:59:20 EXEC SPC_COM_GET_COMBOBOX 'unit_m_div';
2018-04-17 18:59:20 EXEC SPC_COM_GET_COMBOBOX 'sales_detail_div';
2018-04-17 19:24:42 EXEC SPC_COM_GET_COMBOBOX 'move_status_div';
2018-04-17 19:24:44 EXEC SPC_042_SHIFTING_REQUEST_LIST_SEARCH_FND1 '','','','','','','','','','','1','10';
2018-04-17 19:25:20 EXEC SPC_COM_GET_COMBOBOX 'move_status_div';
2018-04-17 19:25:29 EXEC SPC_042_SHIFTING_REQUEST_LIST_SEARCH_FND1 '','','','','','','','','','','1','10';
