2018-02-21 10:33:22 EXEC SPC_073_LOGIN_ACT1 '001','123456';
2018-02-21 10:33:22 EXEC SPC_GET_CONSTANT '';
2018-02-21 10:33:40 EXEC SPC_COM_GET_COMBOBOX 'port_country_div';
2018-02-21 10:33:41 EXEC SPC_COM_GET_COMBOBOX 'sales_detail_div';
2018-02-21 10:33:42 EXEC SPC_COM_GET_COMBOBOX 'bank_div';
2018-02-21 10:33:42 EXEC SPC_COM_GET_COMBOBOX 'unit_q_div';
2018-02-21 10:33:42 EXEC SPC_COM_GET_COMBOBOX 'unit_w_div';
2018-02-21 10:33:42 EXEC SPC_COM_GET_COMBOBOX 'trade_terms_div';
2018-02-21 10:33:42 EXEC SPC_COM_GET_COMBOBOX 'shipment_div';
2018-02-21 10:33:42 EXEC SPC_COM_GET_COMBOBOX 'payment_conditions_div';
2018-02-21 10:33:43 EXEC SPC_COM_GET_COMBOBOX 'port_city_div';
2018-02-21 10:33:43 EXEC SPC_COM_GET_COMBOBOX 'unit_m_div';
2018-02-21 10:33:43 EXEC SPC_GET_TAX_RATE '2018/02/21';
2018-02-21 10:33:43 EXEC SPC_COM_GET_COMBOBOX 'currency_div';
2018-02-21 10:33:50 EXEC SPC_COM_GET_COMBOBOX 'pi_status_div';
2018-02-21 10:34:41 EXEC SPC_002_PI_SEARCH_FND1 '','','','','','','','','1','10';
2018-02-21 10:34:50 EXEC SPC_002_PI_SEARCH_FND1 '','','','','','','','','2','10';
2018-02-21 10:34:51 EXEC SPC_002_PI_SEARCH_FND1 '','','','','','','','','3','10';
2018-02-21 10:34:52 EXEC SPC_002_PI_SEARCH_FND1 '','','','','','','','','4','10';
2018-02-21 10:34:54 EXEC SPC_002_PI_SEARCH_FND1 '','','','','','','','','5','10';
2018-02-21 10:34:55 EXEC SPC_002_PI_SEARCH_FND1 '','','','','','','','','6','10';
2018-02-21 10:34:57 EXEC SPC_002_PI_SEARCH_FND1 '','','','','','','','','100','10';
2018-02-21 10:35:01 EXEC SPC_002_PI_SEARCH_FND1 '','','','','','','','','99','10';
2018-02-21 10:39:03 EXEC SPC_GET_TAX_RATE '';
2018-02-21 10:40:06 EXEC SPC_GET_TAX_RATE '';
2018-02-21 10:40:47 EXEC SPC_COM_GET_COMBOBOX 'pi_status_div';
2018-02-21 10:40:50 EXEC SPC_COM_GET_COMBOBOX 'shipment_div';
2018-02-21 10:40:50 EXEC SPC_COM_GET_COMBOBOX 'unit_q_div';
2018-02-21 10:40:51 EXEC SPC_COM_GET_COMBOBOX 'unit_w_div';
2018-02-21 10:40:51 EXEC SPC_COM_GET_COMBOBOX 'trade_terms_div';
2018-02-21 10:40:51 EXEC SPC_COM_GET_COMBOBOX 'port_country_div';
2018-02-21 10:40:51 EXEC SPC_COM_GET_COMBOBOX 'port_city_div';
2018-02-21 10:40:51 EXEC SPC_COM_GET_COMBOBOX 'payment_conditions_div';
2018-02-21 10:40:51 EXEC SPC_COM_GET_COMBOBOX 'currency_div';
2018-02-21 10:40:51 EXEC SPC_COM_GET_COMBOBOX 'unit_m_div';
2018-02-21 10:40:51 EXEC SPC_GET_TAX_RATE '2018/02/21';

2018-02-21 10:40:51 EXEC SPC_COM_GET_COMBOBOX 'sales_detail_div';
2018-02-21 10:40:52 EXEC SPC_COM_GET_COMBOBOX 'pi_status_div';
2018-02-21 10:40:53 EXEC SPC_002_PI_SEARCH_FND1 '','','','','','','','','99','10';
2018-02-21 10:40:55 EXEC SPC_COM_GET_COMBOBOX 'port_country_div';
2018-02-21 10:40:55 EXEC SPC_COM_GET_COMBOBOX 'payment_conditions_div';
2018-02-21 10:40:55 EXEC SPC_COM_GET_COMBOBOX 'port_city_div';
2018-02-21 10:40:55 EXEC SPC_COM_GET_COMBOBOX 'currency_div';
2018-02-21 10:40:55 EXEC SPC_COM_GET_COMBOBOX 'trade_terms_div';
2018-02-21 10:40:55 EXEC SPC_COM_GET_COMBOBOX 'shipment_div';
2018-02-21 10:40:56 EXEC SPC_COM_GET_COMBOBOX 'unit_m_div';
2018-02-21 10:40:56 EXEC SPC_COM_GET_COMBOBOX 'bank_div';
2018-02-21 10:40:56 EXEC SPC_COM_GET_COMBOBOX 'unit_q_div';
2018-02-21 10:40:56 EXEC SPC_GET_TAX_RATE '2018/02/21';
2018-02-21 10:40:56 EXEC SPC_COM_GET_COMBOBOX 'unit_w_div';
2018-02-21 10:40:56 EXEC SPC_COM_GET_COMBOBOX 'sales_detail_div';
2018-02-21 10:41:02 EXEC SPC_GET_TAX_RATE '';
2018-02-21 10:44:29 EXEC SPC_GET_TAX_RATE '';
2018-02-21 10:44:43 EXEC SPC_GET_TAX_RATE '';
2018-02-21 10:44:48 EXEC SPC_GET_TAX_RATE '2018/02/24';
2018-02-21 10:44:54 EXEC SPC_055_SUPPLIERS_MASTER_SEARCH_FND1 '','','','','','','0','0','0','1','10';
2018-02-21 10:44:55 EXEC SPC_REFER_CLIENT_CD '001';
2018-02-21 10:45:20 EXEC SPC_069_COMPONENT_MASTER_SEARCH_FND1 '','','','1','10';
2018-02-21 10:45:21 EXEC SPC_031_PURCHASE_REQUEST_DETAIL_INQ2 '000122','001';
2018-02-21 10:45:38 EXEC SPC_GET_TAX_RATE '';
2018-02-21 10:45:42 EXEC SPC_GET_TAX_RATE '2018/02/22';
2018-02-21 10:49:50 EXEC SPC_GET_TAX_RATE '';
2018-02-21 10:50:43 EXEC SPC_GET_TAX_RATE '';
2018-02-21 11:02:49 EXEC SPC_GET_TAX_RATE '';
2018-02-21 11:03:53 EXEC SPC_GET_TAX_RATE '2018/02/24';
2018-02-21 11:03:57 EXEC SPC_055_SUPPLIERS_MASTER_SEARCH_FND1 '','','','','','','0','0','0','1','10';
2018-02-21 11:03:59 EXEC SPC_REFER_CLIENT_CD '1111';
2018-02-21 11:07:17 EXEC SPC_069_COMPONENT_MASTER_SEARCH_FND1 '','','','1','10';
2018-02-21 11:07:20 EXEC SPC_031_PURCHASE_REQUEST_DETAIL_INQ2 '20505','1111';
2018-02-21 11:08:08 EXEC SPC_GET_TAX_RATE '';
2018-02-21 11:10:56 EXEC SPC_031_PURCHASE_REQUEST_DETAIL_INQ1 'KI201802120006';
2018-02-21 11:10:57 EXEC SPC_GET_TAX_RATE '2018-02-22';
2018-02-21 11:14:56 EXEC SPC_031_PURCHASE_REQUEST_DETAIL_ACT1 'U','KI201802120006','20','2018-02-22','666','仕入先担当者名','件名','2018-02-24','備考','[{"buy_detail_no":"1","parts_cd":"000123","buy_qty":"20","buy_unit_price":"10","buy_detail_amt":"200","buy_detail_tax":"2","detail_remarks":"abc"},{"buy_detail_no":"2","parts_cd":"20501","buy_qty":"70","buy_unit_price":"10","buy_detail_amt":"700","buy_detail_tax":"8","detail_remarks":"0"},{"buy_detail_no":"3","parts_cd":"20501","buy_qty":"10","buy_unit_price":"10","buy_detail_amt":"100","buy_detail_tax":"1","detail_remarks":"0"}]','1000','281','12','1012','001','031_purchase_request-detail','192.168.5.206';
2018-02-21 11:14:57 EXEC SPC_031_PURCHASE_REQUEST_DETAIL_INQ1 'KI201802120006';
2018-02-21 11:14:58 EXEC SPC_GET_TAX_RATE '2018-02-22';
2018-02-21 11:15:09 EXEC SPC_GET_TAX_RATE '';
2018-02-21 11:15:11 EXEC SPC_031_PURCHASE_REQUEST_DETAIL_INQ1 'KI201802120006';
2018-02-21 11:15:12 EXEC SPC_GET_TAX_RATE '2018-02-22';
2018-02-21 11:15:17 EXEC SPC_055_SUPPLIERS_MASTER_SEARCH_FND1 '','','','','','','0','0','0','1','10';
2018-02-21 11:15:21 EXEC SPC_REFER_CLIENT_CD 'ape76';
2018-02-21 11:15:25 EXEC SPC_031_PURCHASE_REQUEST_DETAIL_ACT1 'U','KI201802120006','20','2018-02-22','ape76','仕入先担当者名','件名','2018-02-24','備考','[{"buy_detail_no":"1","parts_cd":"000123","buy_qty":"20","buy_unit_price":"10","buy_detail_amt":"200","buy_detail_tax":"2","detail_remarks":"abc"},{"buy_detail_no":"2","parts_cd":"20501","buy_qty":"70","buy_unit_price":"10","buy_detail_amt":"700","buy_detail_tax":"8","detail_remarks":"0"},{"buy_detail_no":"3","parts_cd":"20501","buy_qty":"10","buy_unit_price":"10","buy_detail_amt":"100","buy_detail_tax":"1","detail_remarks":"0"}]','1000','281','12','1012','001','031_purchase_request-detail','192.168.5.206';
2018-02-21 11:15:26 EXEC SPC_031_PURCHASE_REQUEST_DETAIL_INQ1 'KI201802120006';
2018-02-21 11:15:27 EXEC SPC_GET_TAX_RATE '2018-02-22';
2018-02-21 11:15:52 EXEC SPC_COM_GET_COMBOBOX 'port_country_div';
2018-02-21 11:15:52 EXEC SPC_COM_GET_COMBOBOX 'payment_conditions_div';
2018-02-21 11:15:53 EXEC SPC_GET_TAX_RATE '2018/02/21';
2018-02-21 11:15:53 EXEC SPC_COM_GET_COMBOBOX 'unit_m_div';
2018-02-21 11:15:53 EXEC SPC_COM_GET_COMBOBOX 'unit_q_div';
2018-02-21 11:15:53 EXEC SPC_COM_GET_COMBOBOX 'currency_div';
2018-02-21 11:15:53 EXEC SPC_COM_GET_COMBOBOX 'port_city_div';
2018-02-21 11:15:53 EXEC SPC_COM_GET_COMBOBOX 'trade_terms_div';
2018-02-21 11:15:54 EXEC SPC_COM_GET_COMBOBOX 'unit_w_div';
2018-02-21 11:15:54 EXEC SPC_COM_GET_COMBOBOX 'bank_div';
2018-02-21 11:15:54 EXEC SPC_COM_GET_COMBOBOX 'sales_detail_div';
2018-02-21 11:15:54 EXEC SPC_COM_GET_COMBOBOX 'shipment_div';
2018-02-21 11:17:58 EXEC SPC_GET_TAX_RATE '';
2018-02-21 11:18:12 EXEC SPC_031_PURCHASE_REQUEST_DETAIL_INQ1 'TXT_parts_cd';
2018-02-21 11:18:19 EXEC SPC_031_PURCHASE_REQUEST_DETAIL_INQ1 '';
2018-02-21 11:18:23 EXEC SPC_031_PURCHASE_REQUEST_DETAIL_INQ1 'KI201802120006';
2018-02-21 11:18:24 EXEC SPC_GET_TAX_RATE '2018-02-22';
2018-02-21 11:18:31 EXEC SPC_055_SUPPLIERS_MASTER_SEARCH_FND1 '','','','','','','0','0','0','1','10';
2018-02-21 11:18:34 EXEC SPC_REFER_CLIENT_CD 'ape76';
2018-02-21 11:19:03 EXEC SPC_GET_TAX_RATE '';
2018-02-21 11:19:09 EXEC SPC_069_COMPONENT_MASTER_SEARCH_FND1 '','','','1','10';
2018-02-21 11:19:10 EXEC SPC_031_PURCHASE_REQUEST_DETAIL_INQ2 '000122','';
2018-02-21 11:19:25 EXEC SPC_GET_TAX_RATE '';
2018-02-21 11:19:57 EXEC SPC_GET_TAX_RATE '';
2018-02-21 11:20:09 EXEC SPC_GET_TAX_RATE '';
2018-02-21 11:20:25 EXEC SPC_COM_GET_COMBOBOX 'pi_status_div';
2018-02-21 11:20:27 EXEC SPC_002_PI_SEARCH_FND1 '','','','','','','','','1','10';
2018-02-21 11:20:29 EXEC SPC_001_PI_DETAIL_INQ1 'RT-130827001';
2018-02-21 11:20:30 EXEC SPC_GET_TAX_RATE '2013/08/27';
2018-02-21 11:20:30 EXEC SPC_COM_GET_COMBOBOX 'sales_detail_div';
2018-02-21 11:20:30 EXEC SPC_COM_GET_COMBOBOX 'unit_m_div';
2018-02-21 11:20:30 EXEC SPC_COM_GET_COMBOBOX 'unit_q_div';
2018-02-21 11:20:30 EXEC SPC_COM_GET_COMBOBOX 'unit_w_div';
2018-02-21 11:22:57 EXEC SPC_GET_TAX_RATE '';
2018-02-21 11:23:08 EXEC SPC_GET_TAX_RATE '';
2018-02-21 11:24:42 EXEC SPC_GET_TAX_RATE '';
2018-02-21 11:25:34 EXEC SPC_GET_TAX_RATE '';
2018-02-21 11:25:58 EXEC SPC_GET_TAX_RATE '';
2018-02-21 11:26:00 EXEC SPC_GET_TAX_RATE '';
2018-02-21 11:26:06 EXEC SPC_055_SUPPLIERS_MASTER_SEARCH_FND1 '','','','','','','0','0','0','1','10';
2018-02-21 11:26:08 EXEC SPC_REFER_CLIENT_CD 'ape76';
2018-02-21 11:26:21 EXEC SPC_031_PURCHASE_REQUEST_DETAIL_INQ1 'KI201802120005';
2018-02-21 11:26:24 EXEC SPC_031_PURCHASE_REQUEST_DETAIL_INQ1 'KI201802120006';
2018-02-21 11:26:25 EXEC SPC_GET_TAX_RATE '2018-02-22';
2018-02-21 11:28:29 EXEC SPC_GET_TAX_RATE '';
2018-02-21 11:29:13 EXEC SPC_GET_TAX_RATE '2018/02/24';
2018-02-21 11:29:16 EXEC SPC_055_SUPPLIERS_MASTER_SEARCH_FND1 '','','','','','','0','0','0','1','10';
2018-02-21 11:29:18 EXEC SPC_REFER_CLIENT_CD '1111';
2018-02-21 11:29:31 EXEC SPC_069_COMPONENT_MASTER_SEARCH_FND1 '','','','1','10';
2018-02-21 11:29:33 EXEC SPC_031_PURCHASE_REQUEST_DETAIL_INQ2 '20505','1111';
2018-02-21 11:31:17 EXEC SPC_031_PURCHASE_REQUEST_DETAIL_ACT1 'I','','10','2018/02/24','1111','仕入先担当者名','件名','2018/02/21','備考','[{"buy_detail_no":"1","parts_cd":"20505","buy_qty":"10","buy_unit_price":"10","buy_detail_amt":"10","buy_detail_tax":"1","detail_remarks":"\u5099\u8003"}]','100','1','1','101','001','031_purchase_request-detail','192.168.5.206';
2018-02-21 11:31:18 EXEC SPC_031_PURCHASE_REQUEST_DETAIL_INQ1 'KI201802210001';
2018-02-21 11:31:19 EXEC SPC_GET_TAX_RATE '2018-02-24';
2018-02-21 11:37:17 EXEC SPC_GET_TAX_RATE '2018/02/28';
2018-02-21 11:37:20 EXEC SPC_031_PURCHASE_REQUEST_DETAIL_ACT1 'I','KI201802210001','10','2018/02/28','1111','仕入先担当者名','件名','2018-02-21','備考','[{"buy_detail_no":"1","parts_cd":"20505","buy_qty":"10","buy_unit_price":"10","buy_detail_amt":"10","buy_detail_tax":"1","detail_remarks":"\u5099\u8003"}]','100','1','1','101','001','031_purchase_request-detail','192.168.5.206';
2018-02-21 11:37:21 EXEC SPC_031_PURCHASE_REQUEST_DETAIL_INQ1 'KI201802210002';
2018-02-21 11:37:21 EXEC SPC_GET_TAX_RATE '2018-02-28';
2018-02-21 11:37:48 EXEC SPC_GET_TAX_RATE '';
2018-02-21 11:37:50 EXEC SPC_031_PURCHASE_REQUEST_DETAIL_INQ1 'I201802210002';
2018-02-21 11:37:54 EXEC SPC_031_PURCHASE_REQUEST_DETAIL_INQ1 'KI201802210002';
2018-02-21 11:37:54 EXEC SPC_GET_TAX_RATE '2018-02-28';
2018-02-21 11:40:09 EXEC SPC_GET_TAX_RATE '';
2018-02-21 11:40:12 EXEC SPC_GET_TAX_RATE '2018/02/28';
2018-02-21 11:40:15 EXEC SPC_055_SUPPLIERS_MASTER_SEARCH_FND1 '','','','','','','0','0','0','1','10';
2018-02-21 11:40:17 EXEC SPC_REFER_CLIENT_CD '001';
2018-02-21 11:40:29 EXEC SPC_069_COMPONENT_MASTER_SEARCH_FND1 '','','','1','10';
2018-02-21 11:40:32 EXEC SPC_031_PURCHASE_REQUEST_DETAIL_INQ2 '20501','001';
2018-02-21 11:40:39 EXEC SPC_031_PURCHASE_REQUEST_DETAIL_ACT1 'I','','10','2018/02/28','001','仕入先担当者名','件名','2018/02/22','備考','[{"buy_detail_no":"1","parts_cd":"20501","buy_qty":"10","buy_unit_price":"10","buy_detail_amt":"10","buy_detail_tax":"1","detail_remarks":"\u5099\u8003"}]','100','1','1','101','001','031_purchase_request-detail','192.168.5.206';
2018-02-21 11:41:25 EXEC SPC_031_PURCHASE_REQUEST_DETAIL_INQ1 'KI201802210003';
2018-02-21 11:41:26 EXEC SPC_GET_TAX_RATE '2018-02-28';
2018-02-21 11:43:07 EXEC SPC_GET_TAX_RATE '2018/02/26';
2018-02-21 11:43:10 EXEC SPC_031_PURCHASE_REQUEST_DETAIL_ACT1 'I','KI201802210003','10','2018/02/26','001','仕入先担当者名','件名','2018-02-22','備考','[{"buy_detail_no":"1","parts_cd":"20501","buy_qty":"10","buy_unit_price":"10","buy_detail_amt":"10","buy_detail_tax":"1","detail_remarks":"\u5099\u8003"}]','100','1','1','101','001','031_purchase_request-detail','192.168.5.206';
2018-02-21 11:43:11 EXEC SPC_031_PURCHASE_REQUEST_DETAIL_INQ1 'KI201802210004';
2018-02-21 11:43:12 EXEC SPC_GET_TAX_RATE '2018/02/26';
2018-02-21 12:47:48 EXEC SPC_GET_TAX_RATE '';
2018-02-21 12:49:18 EXEC SPC_GET_TAX_RATE '';
2018-02-21 12:51:53 EXEC SPC_031_PURCHASE_REQUEST_DETAIL_INQ1 'KI201802210001';
2018-02-21 12:51:54 EXEC SPC_GET_TAX_RATE '2018/02/24';
2018-02-21 12:54:08 EXEC SPC_031_PURCHASE_REQUEST_DETAIL_ACT1 'U','KI201802210001','10','2018/02/24','1111','name supplies','name','2018-02-21','備考','[{"buy_detail_no":"1","parts_cd":"20505","buy_qty":"10","buy_unit_price":"10","buy_detail_amt":"10","buy_detail_tax":"1","detail_remarks":"\u5099\u8003"}]','100','1','1','101','001','031_purchase_request-detail','192.168.5.206';
2018-02-21 12:54:09 EXEC SPC_031_PURCHASE_REQUEST_DETAIL_INQ1 'KI201802210001';
2018-02-21 12:54:10 EXEC SPC_GET_TAX_RATE '2018/02/24';
2018-02-21 12:54:20 EXEC SPC_031_PURCHASE_REQUEST_DETAIL_ACT1 'U','KI201802210001','10','2018/02/24','1111','name supplies','name','2018-02-21','備考','[{"buy_detail_no":"1","parts_cd":"20505","buy_qty":"10","buy_unit_price":"10","buy_detail_amt":"10","buy_detail_tax":"1","detail_remarks":"\u5099\u8003"}]','100','1','1','101','001','031_purchase_request-detail','192.168.5.206';
2018-02-21 12:57:14 EXEC SPC_031_PURCHASE_REQUEST_DETAIL_INQ1 'KI201802210001';
2018-02-21 12:57:15 EXEC SPC_GET_TAX_RATE '2018/02/24';
2018-02-21 12:57:56 EXEC SPC_031_PURCHASE_REQUEST_DETAIL_ACT2 'KI201802210001','001','031_purchase_request','192.168.5.206';
2018-02-21 13:10:21 EXEC SPC_031_PURCHASE_REQUEST_DETAIL_INQ1 'KI201802210002';
2018-02-21 13:10:21 EXEC SPC_GET_TAX_RATE '2018/02/28';
2018-02-21 13:10:52 EXEC SPC_031_PURCHASE_REQUEST_DETAIL_ACT3 'KI201802210002','001','031_purchase_request','192.168.5.206';
2018-02-21 13:11:09 EXEC SPC_031_PURCHASE_REQUEST_DETAIL_INQ1 'KI201802210003';
2018-02-21 13:11:09 EXEC SPC_GET_TAX_RATE '2018/02/28';
2018-02-21 13:11:13 EXEC SPC_031_PURCHASE_REQUEST_DETAIL_INQ1 'KI201802210002';
2018-02-21 13:11:14 EXEC SPC_GET_TAX_RATE '2018/02/28';
2018-02-21 13:12:44 EXEC SPC_GET_TAX_RATE '';
2018-02-21 13:12:49 EXEC SPC_031_PURCHASE_REQUEST_DETAIL_INQ1 'KI201802210003';
2018-02-21 13:12:49 EXEC SPC_GET_TAX_RATE '2018/02/28';
2018-02-21 13:12:51 EXEC SPC_031_PURCHASE_REQUEST_DETAIL_INQ1 'KI201802210002';
2018-02-21 13:12:52 EXEC SPC_GET_TAX_RATE '2018/02/28';
2018-02-21 13:12:55 EXEC SPC_031_PURCHASE_REQUEST_DETAIL_INQ1 'KI201802210003';
2018-02-21 13:12:55 EXEC SPC_GET_TAX_RATE '2018/02/28';
2018-02-21 13:15:31 EXEC SPC_GET_TAX_RATE '';
2018-02-21 13:15:34 EXEC SPC_031_PURCHASE_REQUEST_DETAIL_INQ1 'KI201802210002';
2018-02-21 13:15:35 EXEC SPC_GET_TAX_RATE '2018/02/28';
2018-02-21 13:15:40 EXEC SPC_GET_TAX_RATE '';
2018-02-21 13:15:44 EXEC SPC_GET_TAX_RATE '';
2018-02-21 13:15:48 EXEC SPC_GET_TAX_RATE '';
2018-02-21 13:15:50 EXEC SPC_031_PURCHASE_REQUEST_DETAIL_INQ1 'KI201802210002';
2018-02-21 13:15:51 EXEC SPC_GET_TAX_RATE '2018/02/28';
2018-02-21 13:16:39 EXEC SPC_GET_TAX_RATE '';
2018-02-21 13:16:48 EXEC SPC_031_PURCHASE_REQUEST_DETAIL_INQ1 'KI201802210002';
2018-02-21 13:16:49 EXEC SPC_GET_TAX_RATE '2018/02/28';
2018-02-21 13:16:54 EXEC SPC_GET_TAX_RATE '';
2018-02-21 13:16:57 EXEC SPC_031_PURCHASE_REQUEST_DETAIL_INQ1 'KI201802210002';
2018-02-21 13:16:57 EXEC SPC_GET_TAX_RATE '2018/02/28';
2018-02-21 13:16:59 EXEC SPC_031_PURCHASE_REQUEST_DETAIL_ACT3 'KI201802210002','001','031_purchase_request','192.168.5.206';
2018-02-21 13:18:29 EXEC SPC_GET_TAX_RATE '';
2018-02-21 13:18:39 EXEC SPC_031_PURCHASE_REQUEST_DETAIL_INQ1 'KI201802210002';
2018-02-21 13:18:43 EXEC SPC_GET_TAX_RATE '';
2018-02-21 13:18:46 EXEC SPC_031_PURCHASE_REQUEST_DETAIL_INQ1 'KI201802210002';
2018-02-21 13:19:16 EXEC SPC_GET_TAX_RATE '';
2018-02-21 13:19:20 EXEC SPC_031_PURCHASE_REQUEST_DETAIL_INQ1 'KI201802210002';
2018-02-21 13:19:20 EXEC SPC_GET_TAX_RATE '2018/02/28';
2018-02-21 13:19:34 EXEC SPC_031_PURCHASE_REQUEST_DETAIL_ACT1 'U','KI201802210002','20','2018/02/28','1111','name supplies','name','2018-02-21','備考','[{"buy_detail_no":"1","parts_cd":"20505","buy_qty":"10","buy_unit_price":"10","buy_detail_amt":"10","buy_detail_tax":"1","detail_remarks":"\u5099\u8003"}]','100','1','1','101','001','031_purchase_request-detail','192.168.5.206';
2018-02-21 13:19:35 EXEC SPC_031_PURCHASE_REQUEST_DETAIL_INQ1 'KI201802210002';
2018-02-21 13:19:36 EXEC SPC_GET_TAX_RATE '2018/02/28';
2018-02-21 13:19:42 EXEC SPC_GET_TAX_RATE '';
2018-02-21 13:19:46 EXEC SPC_GET_TAX_RATE '2018/02/24';
2018-02-21 13:19:48 EXEC SPC_055_SUPPLIERS_MASTER_SEARCH_FND1 '','','','','','','0','0','0','1','10';
2018-02-21 13:19:51 EXEC SPC_REFER_CLIENT_CD 'ape76b';
2018-02-21 13:20:02 EXEC SPC_069_COMPONENT_MASTER_SEARCH_FND1 '','','','1','10';
2018-02-21 13:20:03 EXEC SPC_031_PURCHASE_REQUEST_DETAIL_INQ2 '20501','ape76b';
2018-02-21 13:20:10 EXEC SPC_031_PURCHASE_REQUEST_DETAIL_ACT1 'I','','10','2018/02/24','ape76b','仕入先担当者名','件名','2018/02/16','備考','[{"buy_detail_no":"1","parts_cd":"20501","buy_qty":"10","buy_unit_price":"10","buy_detail_amt":"10","buy_detail_tax":"1","detail_remarks":"\u5099\u8003"}]','100','1','1','101','001','031_purchase_request-detail','192.168.5.206';
2018-02-21 13:20:11 EXEC SPC_031_PURCHASE_REQUEST_DETAIL_INQ1 'KI201802210005';
2018-02-21 13:20:11 EXEC SPC_GET_TAX_RATE '2018/02/24';
2018-02-21 13:20:18 EXEC SPC_031_PURCHASE_REQUEST_DETAIL_ACT1 'I','KI201802210005','10','2018/02/24','ape76b','仕入先担当者名','件名','2018-02-16','備考','[{"buy_detail_no":"1","parts_cd":"20501","buy_qty":"10","buy_unit_price":"10","buy_detail_amt":"10","buy_detail_tax":"1","detail_remarks":"\u5099\u8003"}]','100','1','1','101','001','031_purchase_request-detail','192.168.5.206';
2018-02-21 13:20:19 EXEC SPC_031_PURCHASE_REQUEST_DETAIL_INQ1 'KI201802210006';
2018-02-21 13:20:19 EXEC SPC_GET_TAX_RATE '2018/02/24';
2018-02-21 13:21:23 EXEC SPC_GET_TAX_RATE '';
2018-02-21 13:21:28 EXEC SPC_031_PURCHASE_REQUEST_DETAIL_INQ1 'KI201802210006';
2018-02-21 13:21:29 EXEC SPC_GET_TAX_RATE '2018/02/24';
2018-02-21 13:21:40 EXEC SPC_031_PURCHASE_REQUEST_DETAIL_INQ1 'KI201802210002';
2018-02-21 13:21:40 EXEC SPC_GET_TAX_RATE '2018/02/28';
2018-02-21 13:21:43 EXEC SPC_031_PURCHASE_REQUEST_DETAIL_INQ1 'KI201802210006';
2018-02-21 13:21:44 EXEC SPC_GET_TAX_RATE '2018/02/24';
2018-02-21 13:21:46 EXEC SPC_031_PURCHASE_REQUEST_DETAIL_INQ1 'KI201802210002';
2018-02-21 13:21:46 EXEC SPC_GET_TAX_RATE '2018/02/28';
2018-02-21 13:21:52 EXEC SPC_031_PURCHASE_REQUEST_DETAIL_INQ1 'KI201802210005';
2018-02-21 13:21:52 EXEC SPC_GET_TAX_RATE '2018/02/24';
2018-02-21 13:21:56 EXEC SPC_REFER_CLIENT_CD 'ffff';
2018-02-21 13:22:01 EXEC SPC_031_PURCHASE_REQUEST_DETAIL_ACT1 'U','KI201802210005','10','2018/02/24','ffff','仕入先担当者名','件名','2018-02-16','備考','[{"buy_detail_no":"1","parts_cd":"20501","buy_qty":"10","buy_unit_price":"10","buy_detail_amt":"10","buy_detail_tax":"1","detail_remarks":"\u5099\u8003"}]','100','1','1','101','001','031_purchase_request-detail','192.168.5.206';
2018-02-21 13:22:11 EXEC SPC_031_PURCHASE_REQUEST_DETAIL_INQ1 'KI201802210002';
2018-02-21 13:22:11 EXEC SPC_GET_TAX_RATE '2018/02/28';
2018-02-21 13:23:00 EXEC SPC_031_PURCHASE_REQUEST_DETAIL_ACT3 'KI201802210002','001','031_purchase_request','192.168.5.206';
2018-02-21 13:23:04 EXEC SPC_031_PURCHASE_REQUEST_DETAIL_INQ1 'KI201802210006';
2018-02-21 13:23:04 EXEC SPC_GET_TAX_RATE '2018/02/24';
2018-02-21 13:25:01 EXEC SPC_GET_TAX_RATE '';
2018-02-21 13:25:06 EXEC SPC_031_PURCHASE_REQUEST_DETAIL_INQ1 'KI201802210005';
2018-02-21 13:25:06 EXEC SPC_GET_TAX_RATE '2018/02/24';
2018-02-21 13:25:08 EXEC SPC_031_PURCHASE_REQUEST_DETAIL_ACT3 'KI201802210005','001','031_purchase_request','192.168.5.206';
2018-02-21 13:25:09 EXEC SPC_031_PURCHASE_REQUEST_DETAIL_INQ1 'KI201802210005';
2018-02-21 13:25:10 EXEC SPC_GET_TAX_RATE '2018/02/24';
2018-02-21 13:25:16 EXEC SPC_031_PURCHASE_REQUEST_DETAIL_INQ1 'KI201802210006';
2018-02-21 13:25:17 EXEC SPC_GET_TAX_RATE '2018/02/24';
2018-02-21 13:25:19 EXEC SPC_031_PURCHASE_REQUEST_DETAIL_ACT3 'KI201802210006','001','031_purchase_request','192.168.5.206';
2018-02-21 13:25:20 EXEC SPC_031_PURCHASE_REQUEST_DETAIL_INQ1 'KI201802210006';
2018-02-21 13:25:20 EXEC SPC_GET_TAX_RATE '2018/02/24';
2018-02-21 13:25:22 EXEC SPC_031_PURCHASE_REQUEST_DETAIL_ACT3 'KI201802210006','001','031_purchase_request','192.168.5.206';
2018-02-21 13:26:23 EXEC SPC_GET_TAX_RATE '';
2018-02-21 13:26:27 EXEC SPC_031_PURCHASE_REQUEST_DETAIL_INQ1 'KI201802210006';
2018-02-21 13:26:27 EXEC SPC_GET_TAX_RATE '2018/02/24';
2018-02-21 13:26:29 EXEC SPC_031_PURCHASE_REQUEST_DETAIL_ACT2 'KI201802210006','001','031_purchase_request','192.168.5.206';
2018-02-21 13:26:34 EXEC SPC_031_PURCHASE_REQUEST_DETAIL_ACT2 'KI201802210006','001','031_purchase_request','192.168.5.206';
2018-02-21 13:26:36 EXEC SPC_031_PURCHASE_REQUEST_DETAIL_INQ1 'KI201802210003';
2018-02-21 13:26:37 EXEC SPC_GET_TAX_RATE '2018/02/28';
2018-02-21 13:26:39 EXEC SPC_031_PURCHASE_REQUEST_DETAIL_ACT2 'KI201802210003','001','031_purchase_request','192.168.5.206';
2018-02-21 13:26:58 EXEC SPC_031_PURCHASE_REQUEST_DETAIL_INQ1 'KI201802090031';
2018-02-21 13:26:58 EXEC SPC_GET_TAX_RATE '2018/02/24';
2018-02-21 13:27:13 EXEC SPC_031_PURCHASE_REQUEST_DETAIL_ACT1 'U','KI201802090031','10','2018/02/24','1111','77777','7777','2018-02-17','備考','[{"buy_detail_no":"1","parts_cd":"000123","buy_qty":"1111","buy_unit_price":"1111","buy_detail_amt":"1111","buy_detail_tax":"0","detail_remarks":"\u5099\u8003"},{"buy_detail_no":"2","parts_cd":"000122","buy_qty":"100","buy_unit_price":"100","buy_detail_amt":"10000","buy_detail_tax":"0","detail_remarks":"\u5099\u8003"}]','11111','0','0','11244','001','031_purchase_request-detail','192.168.5.206';
2018-02-21 13:27:14 EXEC SPC_031_PURCHASE_REQUEST_DETAIL_INQ1 'KI201802090031';
2018-02-21 13:27:14 EXEC SPC_GET_TAX_RATE '2018/02/24';
2018-02-21 13:27:18 EXEC SPC_GET_TAX_RATE '';
2018-02-21 13:27:24 EXEC SPC_031_PURCHASE_REQUEST_DETAIL_INQ1 'KI201802090032';
2018-02-21 13:27:24 EXEC SPC_GET_TAX_RATE '2018/02/24';
2018-02-21 13:27:28 EXEC SPC_031_PURCHASE_REQUEST_DETAIL_INQ1 'KI201802090031';
2018-02-21 13:27:29 EXEC SPC_GET_TAX_RATE '2018/02/24';
2018-02-21 13:27:48 EXEC SPC_031_PURCHASE_REQUEST_DETAIL_INQ1 'KI201802210005';
2018-02-21 13:27:49 EXEC SPC_GET_TAX_RATE '2018/02/24';
2018-02-21 13:27:53 EXEC SPC_031_PURCHASE_REQUEST_DETAIL_ACT1 'U','KI201802210005','20','2018/02/24','ape76b','仕入先担当者名','件名','2018-02-16','備考','[{"buy_detail_no":"1","parts_cd":"20501","buy_qty":"10","buy_unit_price":"10","buy_detail_amt":"10","buy_detail_tax":"1","detail_remarks":"\u5099\u8003"}]','100','1','1','101','001','031_purchase_request-detail','192.168.5.206';
2018-02-21 13:27:54 EXEC SPC_031_PURCHASE_REQUEST_DETAIL_INQ1 'KI201802210005';
2018-02-21 13:27:55 EXEC SPC_GET_TAX_RATE '2018/02/24';
2018-02-21 13:31:40 EXEC SPC_031_PURCHASE_REQUEST_DETAIL_ACT2 'KI201802210005','001','031_purchase_request','192.168.5.206';
2018-02-21 13:43:17 EXEC SPC_031_PURCHASE_REQUEST_DETAIL_ACT3 'KI201802210005','001','031_purchase_request','192.168.5.206';
2018-02-21 13:43:55 EXEC SPC_031_PURCHASE_REQUEST_DETAIL_ACT3 'KI201802210005','001','031_purchase_request','192.168.5.206';
2018-02-21 13:45:55 EXEC SPC_031_PURCHASE_REQUEST_DETAIL_ACT3 'KI201802210005','001','031_purchase_request','192.168.5.206';
2018-02-21 13:47:38 EXEC SPC_GET_TAX_RATE '';
2018-02-21 13:47:43 EXEC SPC_031_PURCHASE_REQUEST_DETAIL_INQ1 'KI201802090031';
2018-02-21 13:47:43 EXEC SPC_GET_TAX_RATE '2018/02/24';
2018-02-21 13:47:45 EXEC SPC_031_PURCHASE_REQUEST_DETAIL_ACT1 'U','KI201802090031','10','2018/02/24','1111','77777','7777','2018-02-17','備考','[{"buy_detail_no":"1","parts_cd":"000123","buy_qty":"1111","buy_unit_price":"1111","buy_detail_amt":"1111","buy_detail_tax":"0","detail_remarks":"\u5099\u8003"},{"buy_detail_no":"2","parts_cd":"000122","buy_qty":"100","buy_unit_price":"100","buy_detail_amt":"10000","buy_detail_tax":"0","detail_remarks":"\u5099\u8003"}]','11111','0','0','11244','001','031_purchase_request-detail','192.168.5.206';
2018-02-21 13:47:46 EXEC SPC_031_PURCHASE_REQUEST_DETAIL_INQ1 'KI201802090031';
2018-02-21 13:47:46 EXEC SPC_GET_TAX_RATE '2018/02/24';
2018-02-21 13:47:52 EXEC SPC_031_PURCHASE_REQUEST_DETAIL_ACT1 'U','KI201802090031','10','2018/02/24','1111','888','888','2018-02-17','備考','[{"buy_detail_no":"1","parts_cd":"000123","buy_qty":"1111","buy_unit_price":"1111","buy_detail_amt":"1111","buy_detail_tax":"0","detail_remarks":"\u5099\u8003"},{"buy_detail_no":"2","parts_cd":"000122","buy_qty":"100","buy_unit_price":"100","buy_detail_amt":"10000","buy_detail_tax":"0","detail_remarks":"\u5099\u8003"}]','11111','0','0','11244','001','031_purchase_request-detail','192.168.5.206';
2018-02-21 13:47:53 EXEC SPC_031_PURCHASE_REQUEST_DETAIL_INQ1 'KI201802090031';
2018-02-21 13:47:53 EXEC SPC_GET_TAX_RATE '2018/02/24';
2018-02-21 13:47:55 EXEC SPC_031_PURCHASE_REQUEST_DETAIL_ACT3 'KI201802090031','001','031_purchase_request','192.168.5.206';
2018-02-21 13:47:56 EXEC SPC_031_PURCHASE_REQUEST_DETAIL_INQ1 'KI201802090031';
2018-02-21 13:47:56 EXEC SPC_GET_TAX_RATE '2018/02/24';
2018-02-21 13:47:58 EXEC SPC_031_PURCHASE_REQUEST_DETAIL_ACT2 'KI201802090031','001','031_purchase_request','192.168.5.206';
2018-02-21 13:48:04 EXEC SPC_031_PURCHASE_REQUEST_DETAIL_ACT1 'U','KI201802090031','20','2018/02/24','1111','888','888','2018-02-17','備考','[{"buy_detail_no":"1","parts_cd":"000123","buy_qty":"1111","buy_unit_price":"1111","buy_detail_amt":"1111","buy_detail_tax":"0","detail_remarks":"\u5099\u8003"}]','1111','0','13','1124','001','031_purchase_request-detail','192.168.5.206';
2018-02-21 13:48:05 EXEC SPC_031_PURCHASE_REQUEST_DETAIL_INQ1 'KI201802090031';
2018-02-21 13:48:05 EXEC SPC_GET_TAX_RATE '2018/02/24';
2018-02-21 13:48:08 EXEC SPC_031_PURCHASE_REQUEST_DETAIL_INQ1 'KI201802090032';
2018-02-21 13:48:08 EXEC SPC_GET_TAX_RATE '2018/02/24';
2018-02-21 13:48:10 EXEC SPC_031_PURCHASE_REQUEST_DETAIL_INQ1 'KI201802090031';
2018-02-21 13:48:10 EXEC SPC_GET_TAX_RATE '2018/02/24';
2018-02-21 13:51:53 EXEC SPC_031_PURCHASE_REQUEST_DETAIL_INQ1 'KI201802090037';
2018-02-21 13:51:57 EXEC SPC_031_PURCHASE_REQUEST_DETAIL_ACT1 'U','KI201802090037','20','2018/02/24','1111','888','888','2018-02-17','備考','[{"buy_detail_no":"1","parts_cd":"000123","buy_qty":"1111","buy_unit_price":"1111","buy_detail_amt":"1111","buy_detail_tax":"0","detail_remarks":"\u5099\u8003"}]','1111','0','13','1124','001','031_purchase_request-detail','192.168.5.206';
2018-02-21 13:52:03 EXEC SPC_REFER_CLIENT_CD '222';
2018-02-21 13:52:06 EXEC SPC_031_PURCHASE_REQUEST_DETAIL_ACT1 'U','KI201802090037','20','2018/02/24','222','888','888','2018-02-17','備考','[{"buy_detail_no":"1","parts_cd":"000123","buy_qty":"1111","buy_unit_price":"1111","buy_detail_amt":"1111","buy_detail_tax":"0","detail_remarks":"\u5099\u8003"}]','1111','0','13','1124','001','031_purchase_request-detail','192.168.5.206';
2018-02-21 13:53:48 EXEC SPC_GET_TAX_RATE '';
2018-02-21 13:53:51 EXEC SPC_031_PURCHASE_REQUEST_DETAIL_INQ1 'KI201802090032';
2018-02-21 13:53:52 EXEC SPC_GET_TAX_RATE '2018/02/24';
2018-02-21 13:53:55 EXEC SPC_031_PURCHASE_REQUEST_DETAIL_INQ1 'KI201802090037';
2018-02-21 13:53:58 EXEC SPC_031_PURCHASE_REQUEST_DETAIL_ACT1 'U','KI201802090037','10','2018/02/24','1111','66666','6666','2018-02-17','','[{"buy_detail_no":"1","parts_cd":"000123","buy_qty":"1111","buy_unit_price":"1111","buy_detail_amt":"1111","buy_detail_tax":"0","detail_remarks":"14812"},{"buy_detail_no":"2","parts_cd":"000122","buy_qty":"100","buy_unit_price":"100","buy_detail_amt":"10000","buy_detail_tax":"0","detail_remarks":"120"}]','11111','0','0','11244','001','031_purchase_request-detail','192.168.5.206';
2018-02-21 13:54:05 EXEC SPC_REFER_CLIENT_CD '222';
2018-02-21 13:54:07 EXEC SPC_031_PURCHASE_REQUEST_DETAIL_ACT1 'U','KI201802090037','10','2018/02/24','222','66666','6666','2018-02-17','','[{"buy_detail_no":"1","parts_cd":"000123","buy_qty":"1111","buy_unit_price":"1111","buy_detail_amt":"1111","buy_detail_tax":"0","detail_remarks":"14812"},{"buy_detail_no":"2","parts_cd":"000122","buy_qty":"100","buy_unit_price":"100","buy_detail_amt":"10000","buy_detail_tax":"0","detail_remarks":"120"}]','11111','0','0','11244','001','031_purchase_request-detail','192.168.5.206';
2018-02-21 13:54:19 EXEC SPC_GET_TAX_RATE '';
2018-02-21 13:54:24 EXEC SPC_031_PURCHASE_REQUEST_DETAIL_INQ1 'KI201802090031';
2018-02-21 13:54:24 EXEC SPC_GET_TAX_RATE '2018/02/24';
2018-02-21 13:54:28 EXEC SPC_031_PURCHASE_REQUEST_DETAIL_INQ1 'KI201802090037';
2018-02-21 13:54:31 EXEC SPC_031_PURCHASE_REQUEST_DETAIL_ACT1 'U','KI201802090037','20','2018/02/24','1111','888','888','2018-02-17','備考','[{"buy_detail_no":"1","parts_cd":"000123","buy_qty":"1111","buy_unit_price":"1111","buy_detail_amt":"1111","buy_detail_tax":"0","detail_remarks":"\u5099\u8003"}]','1111','0','13','1124','001','031_purchase_request-detail','192.168.5.206';
2018-02-21 13:54:41 EXEC SPC_REFER_CLIENT_CD '2222';
2018-02-21 13:54:43 EXEC SPC_031_PURCHASE_REQUEST_DETAIL_ACT1 'U','KI201802090037','20','2018/02/24','2222','888','888','2018-02-17','備考','[{"buy_detail_no":"1","parts_cd":"000123","buy_qty":"1111","buy_unit_price":"1111","buy_detail_amt":"1111","buy_detail_tax":"0","detail_remarks":"\u5099\u8003"}]','1111','0','13','1124','001','031_purchase_request-detail','192.168.5.206';
2018-02-21 13:54:50 EXEC SPC_REFER_CLIENT_CD '222';
2018-02-21 13:54:53 EXEC SPC_031_PURCHASE_REQUEST_DETAIL_ACT1 'U','KI201802090037','20','2018/02/24','222','888','888','2018-02-17','備考','[{"buy_detail_no":"1","parts_cd":"000123","buy_qty":"1111","buy_unit_price":"1111","buy_detail_amt":"1111","buy_detail_tax":"0","detail_remarks":"\u5099\u8003"}]','1111','0','13','1124','001','031_purchase_request-detail','192.168.5.206';
2018-02-21 13:54:58 EXEC SPC_REFER_CLIENT_CD '2222';
2018-02-21 13:55:00 EXEC SPC_031_PURCHASE_REQUEST_DETAIL_ACT1 'U','KI201802090037','20','2018/02/24','2222','888','888','2018-02-17','備考','[{"buy_detail_no":"1","parts_cd":"000123","buy_qty":"1111","buy_unit_price":"1111","buy_detail_amt":"1111","buy_detail_tax":"0","detail_remarks":"\u5099\u8003"}]','1111','0','13','1124','001','031_purchase_request-detail','192.168.5.206';
2018-02-21 13:55:25 EXEC SPC_069_COMPONENT_MASTER_SEARCH_FND1 '','','','1','10';
2018-02-21 13:55:27 EXEC SPC_031_PURCHASE_REQUEST_DETAIL_INQ2 '20505','2222';
2018-02-21 13:55:34 EXEC SPC_031_PURCHASE_REQUEST_DETAIL_INQ2 '222222','2222';
2018-02-21 13:55:39 EXEC SPC_031_PURCHASE_REQUEST_DETAIL_ACT1 'U','KI201802090037','20','2018/02/24','2222','888','888','2018-02-17','備考','[{"buy_detail_no":"1","parts_cd":"000123","buy_qty":"1111","buy_unit_price":"1111","buy_detail_amt":"1111","buy_detail_tax":"0","detail_remarks":"\u5099\u8003"},{"buy_detail_no":"2","parts_cd":"222222","buy_qty":"10","buy_unit_price":"10","buy_detail_amt":"100","buy_detail_tax":"1","detail_remarks":"0"}]','1211','1','15','1226','001','031_purchase_request-detail','192.168.5.206';
2018-02-21 13:56:04 EXEC SPC_031_PURCHASE_REQUEST_DETAIL_ACT1 'U','KI201802090037','20','2018/02/24','2222','888','888','2018-02-17','備考','[{"buy_detail_no":"1","parts_cd":"000123","buy_qty":"1111","buy_unit_price":"1111","buy_detail_amt":"1111","buy_detail_tax":"0","detail_remarks":"\u5099\u8003"},{"buy_detail_no":"2","parts_cd":"222222","buy_qty":"10","buy_unit_price":"10","buy_detail_amt":"100","buy_detail_tax":"1","detail_remarks":"0"}]','1211','1','15','1226','001','031_purchase_request-detail','192.168.5.206';
2018-02-21 13:56:08 EXEC SPC_GET_TAX_RATE '';
2018-02-21 13:56:13 EXEC SPC_031_PURCHASE_REQUEST_DETAIL_INQ1 'KI201802090032';
2018-02-21 13:56:13 EXEC SPC_GET_TAX_RATE '2018/02/24';
2018-02-21 13:56:18 EXEC SPC_031_PURCHASE_REQUEST_DETAIL_INQ1 'KI201802090037';
2018-02-21 13:56:26 EXEC SPC_069_COMPONENT_MASTER_SEARCH_FND1 '','','','1','10';
2018-02-21 13:56:30 EXEC SPC_031_PURCHASE_REQUEST_DETAIL_INQ2 '20505','1111';
2018-02-21 13:56:32 EXEC SPC_031_PURCHASE_REQUEST_DETAIL_INQ2 '20504','1111';
2018-02-21 13:56:40 EXEC SPC_031_PURCHASE_REQUEST_DETAIL_INQ2 '44444','1111';
2018-02-21 13:56:44 EXEC SPC_031_PURCHASE_REQUEST_DETAIL_ACT1 'U','KI201802090037','10','2018/02/24','1111','66666','6666','2018-02-17','','[{"buy_detail_no":"1","parts_cd":"000123","buy_qty":"1111","buy_unit_price":"1111","buy_detail_amt":"1111","buy_detail_tax":"0","detail_remarks":"14812"},{"buy_detail_no":"2","parts_cd":"000122","buy_qty":"100","buy_unit_price":"100","buy_detail_amt":"10000","buy_detail_tax":"0","detail_remarks":"120"},{"buy_detail_no":"3","parts_cd":"44444","buy_qty":"10","buy_unit_price":"10","buy_detail_amt":"100","buy_detail_tax":"1","detail_remarks":"0"}]','11211','1','135','11346','001','031_purchase_request-detail','192.168.5.206';
2018-02-21 13:56:49 EXEC SPC_031_PURCHASE_REQUEST_DETAIL_INQ2 '20504','1111';
2018-02-21 13:56:54 EXEC SPC_031_PURCHASE_REQUEST_DETAIL_ACT1 'U','KI201802090037','10','2018/02/24','1111','66666','6666','2018-02-17','','[{"buy_detail_no":"1","parts_cd":"000123","buy_qty":"1111","buy_unit_price":"1111","buy_detail_amt":"1111","buy_detail_tax":"0","detail_remarks":"14812"},{"buy_detail_no":"2","parts_cd":"000122","buy_qty":"100","buy_unit_price":"100","buy_detail_amt":"10000","buy_detail_tax":"0","detail_remarks":"120"},{"buy_detail_no":"3","parts_cd":"20504","buy_qty":"10","buy_unit_price":"10","buy_detail_amt":"100","buy_detail_tax":"1","detail_remarks":"0"}]','11211','1','135','11346','001','031_purchase_request-detail','192.168.5.206';
2018-02-21 13:58:43 EXEC SPC_031_PURCHASE_REQUEST_DETAIL_ACT1 'U','KI201802090037','10','2018/02/24','1111','66666','6666','2018-02-17','','[{"buy_detail_no":"1","parts_cd":"000123","buy_qty":"1111","buy_unit_price":"1111","buy_detail_amt":"1111","buy_detail_tax":"0","detail_remarks":"14812"},{"buy_detail_no":"2","parts_cd":"000122","buy_qty":"100","buy_unit_price":"100","buy_detail_amt":"10000","buy_detail_tax":"0","detail_remarks":"120"},{"buy_detail_no":"3","parts_cd":"20504","buy_qty":"10","buy_unit_price":"10","buy_detail_amt":"100","buy_detail_tax":"1","detail_remarks":"0"}]','11211','1','135','11346','001','031_purchase_request-detail','192.168.5.206';
2018-02-21 13:58:53 EXEC SPC_031_PURCHASE_REQUEST_DETAIL_INQ1 'KI201802090031';
2018-02-21 13:58:53 EXEC SPC_GET_TAX_RATE '2018/02/24';
2018-02-21 13:58:59 EXEC SPC_031_PURCHASE_REQUEST_DETAIL_INQ1 'KI201802090032';
2018-02-21 13:58:59 EXEC SPC_GET_TAX_RATE '2018/02/24';
2018-02-21 13:59:02 EXEC SPC_031_PURCHASE_REQUEST_DETAIL_INQ1 'KI201802090037';
2018-02-21 13:59:44 EXEC SPC_031_PURCHASE_REQUEST_DETAIL_INQ1 'KI201802090038';
2018-02-21 15:11:56 EXEC SPC_COM_GET_COMBOBOX 'pi_status_div';
2018-02-21 15:12:01 EXEC SPC_002_PI_SEARCH_FND1 '','','','','','','','','1','10';
2018-02-21 15:12:04 EXEC SPC_002_PI_SEARCH_FND1 '','','','','','','','20','1','10';
2018-02-21 15:12:07 EXEC SPC_GET_CONSTANT '';
2018-02-21 15:12:08 EXEC SPC_003_PI_EXCEL_INQ1 'RT-131011003','001','003_pi-excel','192.168.5.206';
2018-02-21 15:13:23 EXEC SPC_GET_CONSTANT '';
2018-02-21 15:13:23 EXEC SPC_003_PI_EXCEL_INQ1 'RT-131011003','001','003_pi-excel','192.168.5.206';
2018-02-21 15:17:44 EXEC SPC_GET_TAX_RATE '';
2018-02-21 15:18:30 EXEC SPC_GET_TAX_RATE '';
2018-02-21 15:18:45 EXEC SPC_031_PURCHASE_REQUEST_DETAIL_INQ1 'KI201802210006';
2018-02-21 15:18:45 EXEC SPC_GET_TAX_RATE '2018/02/24';
2018-02-21 15:18:55 EXEC SPC_031_PURCHASE_REQUEST_DETAIL_INQ1 'KI201802210007';
2018-02-21 15:20:30 EXEC SPC_GET_TAX_RATE '';
2018-02-21 15:20:34 EXEC SPC_031_PURCHASE_REQUEST_DETAIL_INQ1 'KI201802210007';
2018-02-21 15:20:38 EXEC SPC_031_PURCHASE_REQUEST_DETAIL_INQ1 'KI201802210006';
2018-02-21 15:20:39 EXEC SPC_GET_TAX_RATE '2018/02/24';
2018-02-21 15:20:40 EXEC SPC_031_PURCHASE_REQUEST_DETAIL_INQ1 'KI201802210007';
2018-02-21 15:47:21 EXEC SPC_COM_GET_COMBOBOX 'possible_div';
2018-02-21 15:47:25 EXEC SPC_057_LIBRARY_MASTER_SEARCH_FND1 'status','','','','','1','10';
2018-02-21 15:47:29 EXEC SPC_057_LIBRARY_MASTER_SEARCH_FND1 'status','','','','','2','10';
2018-02-21 15:49:02 EXEC SPC_COM_GET_COMBOBOX 'pi_status_div';
2018-02-21 15:50:46 EXEC SPC_COM_GET_COMBOBOX 'parts_kind_div';
2018-02-21 15:50:47 EXEC SPC_COM_GET_COMBOBOX 'order_level_div';
2018-02-21 15:50:47 EXEC SPC_COM_GET_COMBOBOX 'exists_div';
2018-02-21 15:50:47 EXEC SPC_COM_GET_COMBOBOX 'parts_order_div';
2018-02-21 15:50:47 EXEC SPC_COM_GET_COMBOBOX 'unit_q_div';
2018-02-21 15:50:48 EXEC SPC_067_COMPONENT_MASTER_DETAIL_INQ1 '';
2018-02-21 15:50:56 EXEC SPC_COM_GET_COMBOBOX 'unit_q_div';
2018-02-21 15:52:02 EXEC SPC_COM_GET_COMBOBOX 'unit_q_div';
2018-02-21 15:52:06 EXEC SPC_COM_GET_COMBOBOX 'purchase_status_div';
2018-02-21 15:59:55 EXEC SPC_COM_GET_COMBOBOX 'purchase_status_div';
2018-02-21 16:00:16 EXEC SPC_COM_GET_COMBOBOX 'purchase_status_div';
2018-02-21 16:00:19 EXEC SPC_GET_TAX_RATE '';
2018-02-21 16:00:36 EXEC SPC_COM_GET_COMBOBOX 'purchase_status_div';
2018-02-21 16:00:40 EXEC SPC_GET_TAX_RATE '';
2018-02-21 16:01:46 EXEC SPC_COM_GET_COMBOBOX 'purchase_status_div';
2018-02-21 16:01:50 EXEC SPC_GET_TAX_RATE '';
2018-02-21 16:02:10 EXEC SPC_COM_GET_COMBOBOX 'purchase_status_div';
2018-02-21 16:02:13 EXEC SPC_GET_TAX_RATE '';
2018-02-21 16:04:22 EXEC SPC_GET_TAX_RATE '';
2018-02-21 16:04:25 EXEC SPC_COM_GET_COMBOBOX 'purchase_status_div';
2018-02-21 16:04:28 EXEC SPC_GET_TAX_RATE '';
2018-02-21 16:04:59 EXEC SPC_GET_TAX_RATE '';
2018-02-21 16:05:08 EXEC SPC_031_PURCHASE_REQUEST_DETAIL_INQ1 'J-16060013';
2018-02-21 16:05:10 EXEC SPC_GET_TAX_RATE '';
2018-02-21 16:05:12 EXEC SPC_COM_GET_COMBOBOX 'purchase_status_div';
2018-02-21 16:05:18 EXEC SPC_GET_TAX_RATE '';
2018-02-21 16:05:59 EXEC SPC_COM_GET_COMBOBOX 'purchase_status_div';
2018-02-21 16:06:03 EXEC SPC_GET_TAX_RATE '';
2018-02-21 16:06:05 EXEC SPC_COM_GET_COMBOBOX 'purchase_status_div';
2018-02-21 16:06:09 EXEC SPC_GET_TAX_RATE '';
2018-02-21 16:06:09 EXEC SPC_031_PURCHASE_REQUEST_DETAIL_INQ1 'J-16060010';
2018-02-21 16:06:11 EXEC SPC_GET_TAX_RATE '';
2018-02-21 16:06:36 EXEC SPC_COM_GET_COMBOBOX 'purchase_status_div';
2018-02-21 16:06:38 EXEC SPC_COM_GET_COMBOBOX 'purchase_status_div';
2018-02-21 16:06:41 EXEC SPC_GET_TAX_RATE '';
2018-02-21 16:06:41 EXEC SPC_031_PURCHASE_REQUEST_DETAIL_INQ1 'J-16060010';
2018-02-21 16:06:43 EXEC SPC_GET_TAX_RATE '';
2018-02-21 16:06:46 EXEC SPC_031_PURCHASE_REQUEST_DETAIL_INQ1 'J-16060016';
2018-02-21 16:06:47 EXEC SPC_GET_TAX_RATE '';
2018-02-21 16:06:50 EXEC SPC_COM_GET_COMBOBOX 'purchase_status_div';
2018-02-21 16:06:52 EXEC SPC_GET_TAX_RATE '';
2018-02-21 16:07:00 EXEC SPC_COM_GET_COMBOBOX 'purchase_status_div';
2018-02-21 16:08:12 EXEC SPC_COM_GET_COMBOBOX 'purchase_status_div';
2018-02-21 16:08:48 EXEC SPC_COM_GET_COMBOBOX 'purchase_status_div';
2018-02-21 16:19:02 EXEC SPC_COM_GET_COMBOBOX 'purchase_status_div';
2018-02-21 16:19:21 EXEC SPC_COM_GET_COMBOBOX 'purchase_status_div';
2018-02-21 16:27:37 EXEC SPC_COM_GET_COMBOBOX 'pi_status_div';
2018-02-21 16:37:29 EXEC SPC_COM_GET_COMBOBOX 'possible_div';
2018-02-21 16:37:39 EXEC SPC_057_LIBRARY_MASTER_SEARCH_FND1 'buy_status_div','','','','','1','10';
2018-02-21 16:38:22 EXEC SPC_057_LIBRARY_MASTER_SEARCH_FND1 'buy_status_div','','','','','1','10';
2018-02-21 16:38:25 EXEC SPC_COM_GET_COMBOBOX 'buy_status_div';
2018-02-21 16:45:59 EXEC SPC_GET_TAX_RATE '';
2018-02-21 16:48:38 EXEC SPC_COM_GET_COMBOBOX 'buy_status_div';
2018-02-21 16:50:39 EXEC SPC_COM_GET_COMBOBOX 'buy_status_div';
2018-02-21 17:52:13 EXEC SPC_COM_GET_COMBOBOX 'buy_status_div';
2018-02-21 18:00:30 EXEC SPC_GET_TAX_RATE '';
2018-02-21 18:12:15 EXEC SPC_COM_GET_COMBOBOX 'buy_status_div';
2018-02-21 18:20:55 EXEC SPC_COM_GET_COMBOBOX 'pi_status_div';
2018-02-21 19:20:00 EXEC SPC_COM_GET_COMBOBOX 'pi_status_div';
2018-02-21 19:23:42 EXEC SPC_COM_GET_COMBOBOX 'buy_status_div';
2018-02-21 19:23:48 EXEC SPC_GET_TAX_RATE '';
2018-02-21 19:24:29 EXEC SPC_COM_GET_COMBOBOX 'buy_status_div';
2018-02-21 19:25:04 EXEC SPC_COM_GET_COMBOBOX 'buy_status_div';
2018-02-21 19:38:53 EXEC SPC_COM_GET_COMBOBOX 'buy_status_div';
