2018-03-07 10:29:40 EXEC SPC_GET_TAX_RATE '2018/03/07';
2018-03-07 10:29:40 EXEC SPC_031_PURCHASE_REQUEST_DETAIL_INQ1 'KI201803010002';
2018-03-07 10:29:42 EXEC SPC_GET_TAX_RATE '2018/03/01';
2018-03-07 10:30:31 EXEC SPC_073_LOGIN_ACT1 '001','123456';
2018-03-07 10:30:31 EXEC SPC_GET_CONSTANT '';
2018-03-07 10:31:16 EXEC SPC_COM_GET_COMBOBOX 'forwarding_div';
2018-03-07 10:31:16 EXEC SPC_COM_GET_COMBOBOX 'forwarding_way_div';
2018-03-07 10:31:17 EXEC SPC_COM_GET_COMBOBOX 'forwarder_div';
2018-03-07 10:31:17 EXEC SPC_COM_GET_COMBOBOX 'forwarding_warehouse_div';
2018-03-07 10:31:18 EXEC SPC_COM_GET_COMBOBOX 'packing_method_div';
2018-03-07 10:31:29 EXEC SPC_COM_GET_COMBOBOX 'rcv_status_div';
2018-03-07 10:31:30 EXEC SPC_006_ACCEPT_SEARCH_FND1 '','','','','','1','10';
2018-03-07 10:31:37 EXEC SPC_COM_GET_COMBOBOX 'rcv_status_div';
2018-03-07 10:31:39 EXEC SPC_006_ACCEPT_SEARCH_FND1 '','','','','','1','10';
2018-03-07 10:32:40 EXEC SPC_COM_GET_COMBOBOX 'rcv_status_div';
2018-03-07 10:32:41 EXEC SPC_006_ACCEPT_SEARCH_FND1 '','','','','','1','10';
2018-03-07 10:32:56 EXEC SPC_COM_GET_COMBOBOX 'forwarding_div';
2018-03-07 10:32:56 EXEC SPC_COM_GET_COMBOBOX 'forwarding_way_div';
2018-03-07 10:32:56 EXEC SPC_COM_GET_COMBOBOX 'forwarder_div';
2018-03-07 10:32:56 EXEC SPC_COM_GET_COMBOBOX 'forwarding_warehouse_div';
2018-03-07 10:32:56 EXEC SPC_COM_GET_COMBOBOX 'packing_method_div';
2018-03-07 10:32:59 EXEC SPC_COM_GET_COMBOBOX 'rcv_status_div';
2018-03-07 10:33:00 EXEC SPC_006_ACCEPT_SEARCH_FND1 '','','','','','1','10';
2018-03-07 10:33:17 EXEC SPC_COM_GET_COMBOBOX 'forwarder_div';
2018-03-07 10:33:17 EXEC SPC_COM_GET_COMBOBOX 'packing_method_div';
2018-03-07 10:33:17 EXEC SPC_COM_GET_COMBOBOX 'forwarding_way_div';
2018-03-07 10:33:17 EXEC SPC_COM_GET_COMBOBOX 'forwarding_div';
2018-03-07 10:33:17 EXEC SPC_COM_GET_COMBOBOX 'forwarding_warehouse_div';
2018-03-07 10:37:29 EXEC SPC_COM_GET_COMBOBOX 'packing_method_div';
2018-03-07 10:37:29 EXEC SPC_COM_GET_COMBOBOX 'forwarding_way_div';
2018-03-07 10:37:29 EXEC SPC_COM_GET_COMBOBOX 'forwarder_div';
2018-03-07 10:37:29 EXEC SPC_COM_GET_COMBOBOX 'forwarding_div';
2018-03-07 10:37:29 EXEC SPC_COM_GET_COMBOBOX 'forwarding_warehouse_div';
2018-03-07 10:37:31 EXEC SPC_COM_GET_COMBOBOX 'rcv_status_div';
2018-03-07 10:37:33 EXEC SPC_006_ACCEPT_SEARCH_FND1 '','','','','','1','10';
2018-03-07 10:37:35 EXEC SPC_010_SHIPMENT_DETAIL_INQ1 'J-18010004';
2018-03-07 10:37:38 EXEC SPC_COM_GET_COMBOBOX 'serial_forward_div';
2018-03-07 10:37:38 EXEC SPC_COM_GET_COMBOBOX 'production_status_div';
2018-03-07 10:37:43 EXEC SPC_073_LOGIN_ACT1 '','';
2018-03-07 10:37:47 EXEC SPC_COM_GET_COMBOBOX 'forwarder_div';
2018-03-07 10:37:47 EXEC SPC_COM_GET_COMBOBOX 'packing_method_div';
2018-03-07 10:37:47 EXEC SPC_COM_GET_COMBOBOX 'forwarding_warehouse_div';
2018-03-07 10:37:47 EXEC SPC_COM_GET_COMBOBOX 'forwarding_way_div';
2018-03-07 10:37:47 EXEC SPC_COM_GET_COMBOBOX 'forwarding_div';
2018-03-07 10:38:05 EXEC SPC_COM_GET_COMBOBOX 'rcv_status_div';
2018-03-07 10:38:07 EXEC SPC_006_ACCEPT_SEARCH_FND1 '','','','','','1','10';
2018-03-07 10:38:09 EXEC SPC_010_SHIPMENT_DETAIL_INQ1 'J-18010004';
2018-03-07 10:38:11 EXEC SPC_COM_GET_COMBOBOX 'serial_forward_div';
2018-03-07 10:38:11 EXEC SPC_COM_GET_COMBOBOX 'production_status_div';
2018-03-07 10:38:17 EXEC SPC_COM_GET_COMBOBOX 'forwarder_div';
2018-03-07 10:38:17 EXEC SPC_COM_GET_COMBOBOX 'forwarding_div';
2018-03-07 10:38:17 EXEC SPC_COM_GET_COMBOBOX 'forwarding_warehouse_div';
2018-03-07 10:38:17 EXEC SPC_COM_GET_COMBOBOX 'forwarding_way_div';
2018-03-07 10:38:17 EXEC SPC_COM_GET_COMBOBOX 'packing_method_div';
2018-03-07 10:39:00 EXEC SPC_COM_GET_COMBOBOX 'rcv_status_div';
2018-03-07 10:39:01 EXEC SPC_006_ACCEPT_SEARCH_FND1 '','','','','','1','10';
2018-03-07 10:39:03 EXEC SPC_010_SHIPMENT_DETAIL_INQ1 'J-18010004';
2018-03-07 10:39:06 EXEC SPC_COM_GET_COMBOBOX 'serial_forward_div';
2018-03-07 10:39:06 EXEC SPC_COM_GET_COMBOBOX 'production_status_div';
2018-03-07 10:39:11 EXEC SPC_073_LOGIN_ACT1 '','';
2018-03-07 10:39:16 EXEC SPC_COM_GET_COMBOBOX 'forwarder_div';
2018-03-07 10:39:16 EXEC SPC_COM_GET_COMBOBOX 'forwarding_warehouse_div';
2018-03-07 10:39:16 EXEC SPC_COM_GET_COMBOBOX 'packing_method_div';
2018-03-07 10:39:16 EXEC SPC_COM_GET_COMBOBOX 'forwarding_way_div';
2018-03-07 10:39:16 EXEC SPC_COM_GET_COMBOBOX 'forwarding_div';
2018-03-07 10:39:41 EXEC SPC_COM_GET_COMBOBOX 'packing_method_div';
2018-03-07 10:39:41 EXEC SPC_COM_GET_COMBOBOX 'forwarding_div';
2018-03-07 10:39:41 EXEC SPC_COM_GET_COMBOBOX 'forwarding_warehouse_div';
2018-03-07 10:39:41 EXEC SPC_COM_GET_COMBOBOX 'forwarding_way_div';
2018-03-07 10:39:41 EXEC SPC_COM_GET_COMBOBOX 'forwarder_div';
2018-03-07 10:39:45 EXEC SPC_COM_GET_COMBOBOX 'rcv_status_div';
2018-03-07 10:39:48 EXEC SPC_006_ACCEPT_SEARCH_FND1 '','','','','','1','10';
2018-03-07 10:39:50 EXEC SPC_010_SHIPMENT_DETAIL_INQ1 'J-18010004';
2018-03-07 10:39:52 EXEC SPC_COM_GET_COMBOBOX 'production_status_div';
2018-03-07 10:39:52 EXEC SPC_COM_GET_COMBOBOX 'serial_forward_div';
2018-03-07 10:40:22 EXEC SPC_COM_GET_COMBOBOX 'serial_forward_div';
2018-03-07 10:40:22 EXEC SPC_COM_GET_COMBOBOX 'production_status_div';
2018-03-07 10:41:07 EXEC SPC_COM_GET_COMBOBOX 'forwarding_way_div';
2018-03-07 10:41:07 EXEC SPC_COM_GET_COMBOBOX 'forwarding_warehouse_div';
2018-03-07 10:41:07 EXEC SPC_COM_GET_COMBOBOX 'forwarding_div';
2018-03-07 10:41:07 EXEC SPC_COM_GET_COMBOBOX 'packing_method_div';
2018-03-07 10:41:07 EXEC SPC_COM_GET_COMBOBOX 'forwarder_div';
2018-03-07 10:41:09 EXEC SPC_COM_GET_COMBOBOX 'rcv_status_div';
2018-03-07 10:41:11 EXEC SPC_006_ACCEPT_SEARCH_FND1 '','','','','','1','10';
2018-03-07 10:41:13 EXEC SPC_010_SHIPMENT_DETAIL_INQ1 'J-18010004';
2018-03-07 10:41:15 EXEC SPC_COM_GET_COMBOBOX 'production_status_div';
2018-03-07 10:41:15 EXEC SPC_COM_GET_COMBOBOX 'serial_forward_div';
2018-03-07 10:41:34 EXEC SPC_COM_GET_COMBOBOX 'serial_forward_div';
2018-03-07 10:41:34 EXEC SPC_COM_GET_COMBOBOX 'production_status_div';
2018-03-07 10:41:47 EXEC SPC_COM_GET_COMBOBOX 'production_status_div';
2018-03-07 10:41:47 EXEC SPC_COM_GET_COMBOBOX 'serial_forward_div';
2018-03-07 10:41:47 EXEC SPC_102_SHIPMENT_SERIAL_SEARCH_FND2 '
				10005
			';
2018-03-07 10:42:33 EXEC SPC_COM_GET_COMBOBOX 'forwarding_div';
2018-03-07 10:42:33 EXEC SPC_COM_GET_COMBOBOX 'forwarder_div';
2018-03-07 10:42:33 EXEC SPC_COM_GET_COMBOBOX 'forwarding_way_div';
2018-03-07 10:42:33 EXEC SPC_COM_GET_COMBOBOX 'forwarding_warehouse_div';
2018-03-07 10:42:33 EXEC SPC_COM_GET_COMBOBOX 'packing_method_div';
2018-03-07 10:42:36 EXEC SPC_COM_GET_COMBOBOX 'rcv_status_div';
2018-03-07 10:42:38 EXEC SPC_006_ACCEPT_SEARCH_FND1 '','','','','','1','10';
2018-03-07 10:42:40 EXEC SPC_010_SHIPMENT_DETAIL_INQ1 'J-18010004';
2018-03-07 10:42:42 EXEC SPC_COM_GET_COMBOBOX 'serial_forward_div';
2018-03-07 10:42:42 EXEC SPC_COM_GET_COMBOBOX 'production_status_div';
2018-03-07 10:42:42 EXEC SPC_102_SHIPMENT_SERIAL_SEARCH_FND2 '
				10005
			';
2018-03-07 10:43:06 EXEC SPC_COM_GET_COMBOBOX 'forwarding_warehouse_div';
2018-03-07 10:43:06 EXEC SPC_COM_GET_COMBOBOX 'forwarding_way_div';
2018-03-07 10:43:06 EXEC SPC_COM_GET_COMBOBOX 'forwarding_div';
2018-03-07 10:43:06 EXEC SPC_COM_GET_COMBOBOX 'forwarder_div';
v';
2018-03-07 10:43:08 EXEC SPC_COM_GET_COMBOBOX 'rcv_status_div';
2018-03-07 10:43:09 EXEC SPC_006_ACCEPT_SEARCH_FND1 '','','','','','1','10';
2018-03-07 10:43:10 EXEC SPC_010_SHIPMENT_DETAIL_INQ1 'J-18010004';
2018-03-07 10:43:13 EXEC SPC_COM_GET_COMBOBOX 'serial_forward_div';
2018-03-07 10:43:13 EXEC SPC_COM_GET_COMBOBOX 'production_status_div';
2018-03-07 10:43:13 EXEC SPC_102_SHIPMENT_SERIAL_SEARCH_FND2 'J-18010004','
				10005
			';
2018-03-07 10:43:44 EXEC SPC_COM_GET_COMBOBOX 'forwarding_div';
2018-03-07 10:43:44 EXEC SPC_COM_GET_COMBOBOX 'forwarding_way_div';
2018-03-07 10:43:44 EXEC SPC_COM_GET_COMBOBOX 'forwarding_warehouse_div';
2018-03-07 10:43:44 EXEC SPC_COM_GET_COMBOBOX 'forwarder_div';
2018-03-07 10:43:44 EXEC SPC_COM_GET_COMBOBOX 'packing_method_div';
2018-03-07 10:43:47 EXEC SPC_COM_GET_COMBOBOX 'rcv_status_div';
2018-03-07 10:43:48 EXEC SPC_006_ACCEPT_SEARCH_FND1 '','','','','','1','10';
2018-03-07 10:43:50 EXEC SPC_010_SHIPMENT_DETAIL_INQ1 'J-18010004';
2018-03-07 10:43:52 EXEC SPC_COM_GET_COMBOBOX 'production_status_div';
2018-03-07 10:43:52 EXEC SPC_102_SHIPMENT_SERIAL_SEARCH_FND2 'J-18010004','10005';
2018-03-07 10:43:52 EXEC SPC_COM_GET_COMBOBOX 'serial_forward_div';
2018-03-07 10:44:42 EXEC SPC_COM_GET_COMBOBOX 'production_status_div';
2018-03-07 10:44:42 EXEC SPC_COM_GET_COMBOBOX 'serial_forward_div';
2018-03-07 10:44:42 EXEC SPC_102_SHIPMENT_SERIAL_SEARCH_FND2 'J-18010004','10007';
2018-03-07 10:45:58 EXEC SPC_GET_TAX_RATE '2018/03/07';
2018-03-07 10:46:02 EXEC SPC_COM_GET_COMBOBOX 'buy_status_div';
2018-03-07 10:46:04 EXEC SPC_GET_TAX_RATE '2018/03/07';
2018-03-07 10:46:22 EXEC SPC_COM_GET_COMBOBOX 'currency_div';
2018-03-07 10:46:22 EXEC SPC_COM_GET_COMBOBOX 'trade_terms_div';
2018-03-07 10:46:22 EXEC SPC_GET_TAX_RATE '2018/03/07';
2018-03-07 10:46:22 EXEC SPC_COM_GET_COMBOBOX 'unit_q_div';
2018-03-07 10:46:22 EXEC SPC_COM_GET_COMBOBOX 'shipment_div';
2018-03-07 10:46:23 EXEC SPC_COM_GET_COMBOBOX 'port_country_div';
2018-03-07 10:46:23 EXEC SPC_COM_GET_COMBOBOX 'port_city_div';
2018-03-07 10:46:23 EXEC SPC_COM_GET_COMBOBOX 'payment_conditions_div';
2018-03-07 10:46:23 EXEC SPC_COM_GET_COMBOBOX 'bank_div';
2018-03-07 10:46:23 EXEC SPC_COM_GET_COMBOBOX 'unit_w_div';
2018-03-07 10:46:23 EXEC SPC_COM_GET_COMBOBOX 'unit_m_div';
2018-03-07 10:46:24 EXEC SPC_COM_GET_COMBOBOX 'sales_detail_div';
2018-03-07 10:47:09 EXEC SPC_GET_TAX_RATE '2018/03/07';
2018-03-07 10:47:28 EXEC SPC_COM_GET_COMBOBOX 'port_country_div';
2018-03-07 10:47:28 EXEC SPC_COM_GET_COMBOBOX 'port_city_div';
2018-03-07 10:47:28 EXEC SPC_COM_GET_COMBOBOX 'payment_conditions_div';
2018-03-07 10:47:28 EXEC SPC_COM_GET_COMBOBOX 'currency_div';
2018-03-07 10:47:28 EXEC SPC_COM_GET_COMBOBOX 'shipment_div';
2018-03-07 10:47:28 EXEC SPC_COM_GET_COMBOBOX 'trade_terms_div';
2018-03-07 10:47:29 EXEC SPC_COM_GET_COMBOBOX 'bank_div';
2018-03-07 10:47:29 EXEC SPC_COM_GET_COMBOBOX 'unit_m_div';
2018-03-07 10:47:29 EXEC SPC_COM_GET_COMBOBOX 'sales_detail_div';
2018-03-07 10:47:29 EXEC SPC_COM_GET_COMBOBOX 'unit_q_div';
2018-03-07 10:47:29 EXEC SPC_GET_TAX_RATE '2018/03/07';
2018-03-07 10:47:29 EXEC SPC_COM_GET_COMBOBOX 'unit_w_div';
2018-03-07 10:47:59 EXEC SPC_COM_GET_COMBOBOX 'shipment_div';
2018-03-07 10:47:59 EXEC SPC_COM_GET_COMBOBOX 'currency_div';
2018-03-07 10:47:59 EXEC SPC_COM_GET_COMBOBOX 'payment_conditions_div';
2018-03-07 10:47:59 EXEC SPC_COM_GET_COMBOBOX 'port_country_div';
2018-03-07 10:47:59 EXEC SPC_COM_GET_COMBOBOX 'trade_terms_div';
2018-03-07 10:47:59 EXEC SPC_COM_GET_COMBOBOX 'port_city_div';
2018-03-07 10:47:59 EXEC SPC_COM_GET_COMBOBOX 'unit_m_div';
2018-03-07 10:47:59 EXEC SPC_COM_GET_COMBOBOX 'unit_q_div';
2018-03-07 10:47:59 EXEC SPC_COM_GET_COMBOBOX 'sales_detail_div';
2018-03-07 10:47:59 EXEC SPC_COM_GET_COMBOBOX 'unit_w_div';
2018-03-07 10:47:59 EXEC SPC_COM_GET_COMBOBOX 'bank_div';
2018-03-07 10:47:59 EXEC SPC_GET_TAX_RATE '2018/03/07';
2018-03-07 10:50:40 EXEC SPC_COM_GET_COMBOBOX 'production_status_div';
2018-03-07 10:50:41 EXEC SPC_COM_GET_COMBOBOX 'serial_forward_div';
2018-03-07 10:50:41 EXEC SPC_102_SHIPMENT_SERIAL_SEARCH_FND2 'J-18010004','10007';
2018-03-07 10:56:57 EXEC SPC_COM_GET_COMBOBOX 'port_country_div';
2018-03-07 10:56:57 EXEC SPC_COM_GET_COMBOBOX 'bank_div';
2018-03-07 10:56:57 EXEC SPC_COM_GET_COMBOBOX 'trade_terms_div';
2018-03-07 10:56:57 EXEC SPC_COM_GET_COMBOBOX 'port_city_div';
2018-03-07 10:56:57 EXEC SPC_COM_GET_COMBOBOX 'shipment_div';
2018-03-07 10:56:57 EXEC SPC_COM_GET_COMBOBOX 'payment_conditions_div';
2018-03-07 10:56:57 EXEC SPC_COM_GET_COMBOBOX 'currency_div';
2018-03-07 10:56:58 EXEC SPC_GET_TAX_RATE '2018/03/07';
2018-03-07 10:56:58 EXEC SPC_COM_GET_COMBOBOX 'unit_w_div';
2018-03-07 10:56:58 EXEC SPC_COM_GET_COMBOBOX 'unit_q_div';
2018-03-07 10:56:58 EXEC SPC_COM_GET_COMBOBOX 'sales_detail_div';
2018-03-07 10:56:58 EXEC SPC_COM_GET_COMBOBOX 'unit_m_div';
2018-03-07 11:04:24 EXEC SPC_COM_GET_COMBOBOX 'buy_status_div';
2018-03-07 11:04:32 EXEC SPC_032_PURCHASE_REQUEST_SEARCH_FND1 '','','','','','','','1','10';
2018-03-07 11:07:12 EXEC SPC_GET_TAX_RATE '2018/03/07';
2018-03-07 11:07:13 EXEC SPC_031_PURCHASE_REQUEST_DETAIL_INQ1 'KI201803010001';
2018-03-07 11:07:14 EXEC SPC_GET_TAX_RATE '2018/03/01';
2018-03-07 11:07:16 EXEC SPC_GET_CONSTANT '';
2018-03-07 11:07:16 EXEC SPC_033_PURCHASE_REQUEST_EXPORT_ACT1 '{"buy_no":"KI201803010001","buy_status_div":"20"}','','032_purchase_request-search','';
2018-03-07 11:07:47 EXEC SPC_GET_TAX_RATE '2018/03/07';
2018-03-07 11:07:53 EXEC SPC_GET_CONSTANT '';
2018-03-07 11:07:53 EXEC SPC_033_PURCHASE_REQUEST_EXPORT_ACT1 '{"buy_no":"","buy_status_div":""}','','032_purchase_request-search','';
2018-03-07 11:08:49 EXEC SPC_GET_TAX_RATE '2018/03/07';
2018-03-07 11:08:49 EXEC SPC_031_PURCHASE_REQUEST_DETAIL_INQ1 'KI201803010001';
2018-03-07 11:08:50 EXEC SPC_GET_TAX_RATE '2018/03/01';
2018-03-07 11:08:51 EXEC SPC_GET_TAX_RATE '2018/03/07';
2018-03-07 11:09:39 EXEC SPC_GET_TAX_RATE '2018/03/07';
2018-03-07 11:09:39 EXEC SPC_031_PURCHASE_REQUEST_DETAIL_INQ1 'KI201803010001';
2018-03-07 11:09:40 EXEC SPC_GET_TAX_RATE '2018/03/01';
2018-03-07 11:13:54 EXEC SPC_COM_GET_COMBOBOX 'buy_status_div';
2018-03-07 11:13:55 EXEC SPC_032_PURCHASE_REQUEST_SEARCH_FND1 '','','','','','','','1','10';
2018-03-07 11:13:57 EXEC SPC_032_PURCHASE_REQUEST_SEARCH_FND1 '','','','','','','','1','10';
2018-03-07 11:14:00 EXEC SPC_GET_TAX_RATE '2018/03/07';
2018-03-07 11:14:00 EXEC SPC_031_PURCHASE_REQUEST_DETAIL_INQ1 'KI201802280001';
2018-03-07 11:14:01 EXEC SPC_GET_TAX_RATE '2018/02/28';
2018-03-07 11:14:02 EXEC SPC_GET_CONSTANT '';
2018-03-07 11:14:03 EXEC SPC_033_PURCHASE_REQUEST_EXPORT_ACT1 '{"buy_no":"KI201802280001","buy_status_div":"20"}','','032_purchase_request-search','';
2018-03-07 11:19:18 EXEC SPC_COM_GET_COMBOBOX 'serial_forward_div';
2018-03-07 11:19:18 EXEC SPC_COM_GET_COMBOBOX 'production_status_div';
2018-03-07 11:19:33 EXEC SPC_COM_GET_COMBOBOX 'forwarding_div';
2018-03-07 11:19:33 EXEC SPC_COM_GET_COMBOBOX 'forwarding_way_div';
2018-03-07 11:19:33 EXEC SPC_COM_GET_COMBOBOX 'forwarder_div';
2018-03-07 11:19:34 EXEC SPC_COM_GET_COMBOBOX 'forwarding_warehouse_div';
2018-03-07 11:19:34 EXEC SPC_COM_GET_COMBOBOX 'packing_method_div';
2018-03-07 11:19:36 EXEC SPC_COM_GET_COMBOBOX 'rcv_status_div';
2018-03-07 11:19:37 EXEC SPC_006_ACCEPT_SEARCH_FND1 '','','','','','1','10';
2018-03-07 11:19:39 EXEC SPC_010_SHIPMENT_DETAIL_INQ1 'J-18010004';
2018-03-07 11:19:41 EXEC SPC_COM_GET_COMBOBOX 'serial_forward_div';
2018-03-07 11:19:41 EXEC SPC_102_SHIPMENT_SERIAL_SEARCH_FND2 'J-18010004','10005';
2018-03-07 11:19:41 EXEC SPC_COM_GET_COMBOBOX 'production_status_div';
2018-03-07 11:19:43 EXEC SPC_102_SHIPMENT_SERIAL_SEARCH_FND1 '10005','','','','','';
2018-03-07 11:20:00 EXEC SPC_102_SHIPMENT_SERIAL_SEARCH_FND1 '10005','','','','','';
2018-03-07 11:23:32 EXEC SPC_102_SHIPMENT_SERIAL_SEARCH_FND1 '10005','','','','','';
2018-03-07 11:23:39 EXEC SPC_102_SHIPMENT_SERIAL_SEARCH_FND1 '10005','','','','','';
2018-03-07 11:23:56 EXEC SPC_102_SHIPMENT_SERIAL_SEARCH_FND1 '10005','','','','','';
2018-03-07 11:24:28 EXEC SPC_102_SHIPMENT_SERIAL_SEARCH_FND1 '10005','','','','','';
2018-03-07 11:24:43 EXEC SPC_102_SHIPMENT_SERIAL_SEARCH_FND1 '10005','','','','','';
2018-03-07 11:25:30 EXEC SPC_102_SHIPMENT_SERIAL_SEARCH_FND1 '10005','','','','','';
2018-03-07 11:25:58 EXEC SPC_102_SHIPMENT_SERIAL_SEARCH_FND1 '10005','','','','','';
2018-03-07 11:26:19 EXEC SPC_COM_GET_COMBOBOX 'forwarding_div';
2018-03-07 11:26:20 EXEC SPC_COM_GET_COMBOBOX 'packing_method_div';
2018-03-07 11:26:20 EXEC SPC_COM_GET_COMBOBOX 'forwarding_warehouse_div';
2018-03-07 11:26:20 EXEC SPC_COM_GET_COMBOBOX 'forwarder_div';
2018-03-07 11:26:20 EXEC SPC_COM_GET_COMBOBOX 'forwarding_way_div';
2018-03-07 11:26:33 EXEC SPC_COM_GET_COMBOBOX 'forwarding_warehouse_div';
2018-03-07 11:26:33 EXEC SPC_COM_GET_COMBOBOX 'forwarding_div';
2018-03-07 11:26:33 EXEC SPC_COM_GET_COMBOBOX 'packing_method_div';
2018-03-07 11:26:33 EXEC SPC_COM_GET_COMBOBOX 'forwarding_way_div';
2018-03-07 11:26:33 EXEC SPC_COM_GET_COMBOBOX 'forwarder_div';
2018-03-07 11:26:35 EXEC SPC_COM_GET_COMBOBOX 'rcv_status_div';
2018-03-07 11:26:37 EXEC SPC_006_ACCEPT_SEARCH_FND1 '','','','','','1','10';
2018-03-07 11:26:38 EXEC SPC_010_SHIPMENT_DETAIL_INQ1 'J-18010004';
2018-03-07 11:26:43 EXEC SPC_COM_GET_COMBOBOX 'production_status_div';
2018-03-07 11:26:43 EXEC SPC_COM_GET_COMBOBOX 'serial_forward_div';
2018-03-07 11:26:43 EXEC SPC_102_SHIPMENT_SERIAL_SEARCH_FND2 'J-18010004','10005';
2018-03-07 11:26:46 EXEC SPC_102_SHIPMENT_SERIAL_SEARCH_FND1 '10005','','','','','';
2018-03-07 11:27:01 EXEC SPC_102_SHIPMENT_SERIAL_SEARCH_FND1 '10005','','','','','';
2018-03-07 11:28:12 EXEC SPC_COM_GET_COMBOBOX 'forwarding_div';
2018-03-07 11:28:12 EXEC SPC_COM_GET_COMBOBOX 'forwarding_warehouse_div';
2018-03-07 11:28:12 EXEC SPC_COM_GET_COMBOBOX 'forwarding_way_div';
2018-03-07 11:28:12 EXEC SPC_COM_GET_COMBOBOX 'forwarder_div';
2018-03-07 11:28:15 EXEC SPC_COM_GET_COMBOBOX 'rcv_status_div';
2018-03-07 11:28:17 EXEC SPC_006_ACCEPT_SEARCH_FND1 '','','','','','1','10';
2018-03-07 11:28:19 EXEC SPC_010_SHIPMENT_DETAIL_INQ1 'J-18010004';
2018-03-07 11:28:22 EXEC SPC_102_SHIPMENT_SERIAL_SEARCH_FND2 'J-18010004','10007';
2018-03-07 11:28:22 EXEC SPC_COM_GET_COMBOBOX 'serial_forward_div';
2018-03-07 11:28:22 EXEC SPC_COM_GET_COMBOBOX 'production_status_div';
2018-03-07 11:28:24 EXEC SPC_102_SHIPMENT_SERIAL_SEARCH_FND1 '10007','','','','','';
2018-03-07 11:28:27 EXEC SPC_COM_GET_COMBOBOX 'serial_forward_div';
2018-03-07 11:28:27 EXEC SPC_102_SHIPMENT_SERIAL_SEARCH_FND2 'J-18010004','10005';
2018-03-07 11:28:27 EXEC SPC_COM_GET_COMBOBOX 'production_status_div';
2018-03-07 11:28:29 EXEC SPC_102_SHIPMENT_SERIAL_SEARCH_FND1 '10005','','','','','';
2018-03-07 11:29:14 EXEC SPC_COM_GET_COMBOBOX 'serial_forward_div';
2018-03-07 11:29:14 EXEC SPC_COM_GET_COMBOBOX 'production_status_div';
2018-03-07 11:29:14 EXEC SPC_102_SHIPMENT_SERIAL_SEARCH_FND2 'J-18010004','10007';
2018-03-07 11:30:19 EXEC SPC_COM_GET_COMBOBOX 'serial_forward_div';
2018-03-07 11:30:19 EXEC SPC_COM_GET_COMBOBOX 'production_status_div';
2018-03-07 11:30:19 EXEC SPC_102_SHIPMENT_SERIAL_SEARCH_FND2 'J-18010004','10005';
2018-03-07 11:40:19 EXEC SPC_COM_GET_COMBOBOX 'rcv_status_div';
2018-03-07 11:40:33 EXEC SPC_010_SHIPMENT_DETAIL_INQ1 'KS-1802000';
2018-03-07 11:41:17 EXEC SPC_010_SHIPMENT_DETAIL_INQ1 'J-18010018';
2018-03-07 11:41:41 EXEC SPC_COM_GET_COMBOBOX 'production_status_div';
2018-03-07 11:41:41 EXEC SPC_102_SHIPMENT_SERIAL_SEARCH_FND2 'J-18010018','5';
2018-03-07 11:41:46 EXEC SPC_102_SHIPMENT_SERIAL_SEARCH_FND2 'J-18010018','9';
2018-03-07 11:41:46 EXEC SPC_COM_GET_COMBOBOX 'production_status_div';
2018-03-07 11:41:46 EXEC SPC_COM_GET_COMBOBOX 'serial_forward_div';
2018-03-07 11:45:46 EXEC SPC_010_SHIPMENT_DETAIL_INQ1 'J-18010019';
2018-03-07 11:45:49 EXEC SPC_010_SHIPMENT_DETAIL_INQ1 'J-18010018';
2018-03-07 11:46:54 EXEC SPC_010_SHIPMENT_DETAIL_INQ1 'J-18010019';
2018-03-07 11:46:58 EXEC SPC_010_SHIPMENT_DETAIL_INQ1 'J-18010018';
2018-03-07 11:47:01 EXEC SPC_COM_GET_COMBOBOX 'production_status_div';
2018-03-07 11:47:01 EXEC SPC_COM_GET_COMBOBOX 'serial_forward_div';
2018-03-07 11:47:01 EXEC SPC_102_SHIPMENT_SERIAL_SEARCH_FND2 'J-18010018','000115';
2018-03-07 11:47:04 EXEC SPC_102_SHIPMENT_SERIAL_SEARCH_FND1 '000115','','','','','';
2018-03-07 11:47:21 EXEC SPC_102_SHIPMENT_SERIAL_SEARCH_FND1 '000115','','','','','';
2018-03-07 11:47:34 EXEC SPC_102_SHIPMENT_SERIAL_SEARCH_FND1 '000115','','','','','';
2018-03-07 11:47:43 EXEC SPC_102_SHIPMENT_SERIAL_SEARCH_FND1 '000115','','','','','';
2018-03-07 11:49:28 EXEC SPC_COM_GET_COMBOBOX 'production_status_div';
2018-03-07 11:49:28 EXEC SPC_COM_GET_COMBOBOX 'serial_forward_div';
2018-03-07 11:49:28 EXEC SPC_102_SHIPMENT_SERIAL_SEARCH_FND2 'J-18010018','000115';
2018-03-07 11:49:58 EXEC SPC_COM_GET_COMBOBOX 'rcv_status_div';
2018-03-07 11:49:59 EXEC SPC_006_ACCEPT_SEARCH_FND1 '','','','','','1','10';
2018-03-07 11:50:02 EXEC SPC_006_ACCEPT_SEARCH_FND1 '','','','','','2','10';
2018-03-07 11:50:07 EXEC SPC_010_SHIPMENT_DETAIL_INQ1 'J-18010018';
2018-03-07 11:53:58 EXEC SPC_COM_GET_COMBOBOX 'buy_status_div';
2018-03-07 11:54:00 EXEC SPC_032_PURCHASE_REQUEST_SEARCH_FND1 '','','','','','','','1','10';
2018-03-07 11:54:04 EXEC SPC_GET_TAX_RATE '2018/03/07';
2018-03-07 11:54:04 EXEC SPC_031_PURCHASE_REQUEST_DETAIL_INQ1 'KI201803010005';
2018-03-07 11:54:04 EXEC SPC_GET_TAX_RATE '2018/03/01';
2018-03-07 11:54:08 EXEC SPC_REFER_CLIENT_CD '';
2018-03-07 11:54:11 EXEC SPC_REFER_CLIENT_CD '001';
2018-03-07 11:55:23 EXEC SPC_REFER_CLIENT_CD '001000';
2018-03-07 11:55:31 EXEC SPC_REFER_CLIENT_CD '000000';
2018-03-07 11:55:43 EXEC SPC_REFER_CLIENT_CD '111111';
2018-03-07 12:02:26 EXEC SPC_031_PURCHASE_REQUEST_DETAIL_INQ1 'KI201803010498';
2018-03-07 12:02:27 EXEC SPC_GET_TAX_RATE '';
2018-03-07 12:02:32 EXEC SPC_REFER_CLIENT_CD '001';
2018-03-07 12:02:34 EXEC SPC_031_PURCHASE_REQUEST_DETAIL_ACT3 'KI201803010498','','031_purchase_request','';
2018-03-07 12:02:39 EXEC SPC_REFER_CLIENT_CD '';
2018-03-07 12:02:39 EXEC SPC_031_PURCHASE_REQUEST_DETAIL_INQ1 'KI201803010005';
2018-03-07 12:02:40 EXEC SPC_GET_TAX_RATE '2018/03/01';
2018-03-07 12:12:48 EXEC SPC_GET_CONSTANT '';
2018-03-07 12:12:49 EXEC SPC_033_PURCHASE_REQUEST_EXPORT_ACT1 '{"buy_no":"KI201803010005","buy_status_div":"10"}','','032_purchase_request-search','';
2018-03-07 12:49:07 EXEC SPC_COM_GET_COMBOBOX 'buy_status_div';
2018-03-07 12:49:08 EXEC SPC_032_PURCHASE_REQUEST_SEARCH_FND1 '','','','','','','','1','10';
2018-03-07 12:49:12 EXEC SPC_GET_TAX_RATE '2018/03/07';
2018-03-07 12:49:12 EXEC SPC_031_PURCHASE_REQUEST_DETAIL_INQ1 'KI201803010001';
2018-03-07 12:49:12 EXEC SPC_GET_TAX_RATE '2018/03/01';
2018-03-07 12:49:14 EXEC SPC_COM_GET_COMBOBOX 'buy_status_div';
2018-03-07 12:49:15 EXEC SPC_032_PURCHASE_REQUEST_SEARCH_FND1 '','','','','','','','1','10';
2018-03-07 12:49:17 EXEC SPC_032_PURCHASE_REQUEST_SEARCH_FND1 '','','','','','','10','1','10';
2018-03-07 12:49:19 EXEC SPC_GET_TAX_RATE '2018/03/07';
2018-03-07 12:49:20 EXEC SPC_031_PURCHASE_REQUEST_DETAIL_INQ1 'KI201803010002';
2018-03-07 12:49:20 EXEC SPC_GET_TAX_RATE '2018/03/01';
2018-03-07 12:49:23 EXEC SPC_REFER_CLIENT_CD '002';
2018-03-07 12:49:27 EXEC SPC_031_PURCHASE_REQUEST_DETAIL_ACT3 'KI201803010002','002','','031_purchase_request','';
2018-03-07 12:49:28 EXEC SPC_031_PURCHASE_REQUEST_DETAIL_INQ1 'KI201803010002';
2018-03-07 12:49:29 EXEC SPC_GET_TAX_RATE '2018/03/01';
2018-03-07 12:51:25 EXEC SPC_REFER_CLIENT_CD '812';
2018-03-07 12:51:27 EXEC SPC_031_PURCHASE_REQUEST_DETAIL_ACT3 'KI201803010002','812','','031_purchase_request','';
2018-03-07 12:51:30 EXEC SPC_COM_GET_COMBOBOX 'buy_status_div';
2018-03-07 12:51:31 EXEC SPC_032_PURCHASE_REQUEST_SEARCH_FND1 '','','','','','','10','1','10';
2018-03-07 12:51:35 EXEC SPC_GET_TAX_RATE '2018/03/07';
2018-03-07 12:51:35 EXEC SPC_031_PURCHASE_REQUEST_DETAIL_INQ1 'KI201803010005';
2018-03-07 12:51:35 EXEC SPC_GET_TAX_RATE '2018/03/01';
2018-03-07 12:51:45 EXEC SPC_REFER_CLIENT_CD '812';
2018-03-07 12:51:48 EXEC SPC_031_PURCHASE_REQUEST_DETAIL_ACT3 'KI201803010005','812','','031_purchase_request','';
2018-03-07 12:51:49 EXEC SPC_031_PURCHASE_REQUEST_DETAIL_INQ1 'KI201803010005';
2018-03-07 12:51:50 EXEC SPC_GET_TAX_RATE '2018/03/01';
2018-03-07 14:54:42 EXEC SPC_COM_GET_COMBOBOX 'buy_status_div';
2018-03-07 14:54:45 EXEC SPC_032_PURCHASE_REQUEST_SEARCH_FND1 '','','','','','','','1','10';
2018-03-07 14:54:50 EXEC SPC_032_PURCHASE_REQUEST_SEARCH_FND1 '','','','','','','','2','10';
2018-03-07 14:54:52 EXEC SPC_032_PURCHASE_REQUEST_SEARCH_FND1 '','','','','','','','3','10';
2018-03-07 14:54:54 EXEC SPC_032_PURCHASE_REQUEST_SEARCH_FND1 '','','','','','','','4','10';
2018-03-07 14:54:56 EXEC SPC_032_PURCHASE_REQUEST_SEARCH_FND1 '','','','','','','','5','10';
2018-03-07 14:54:58 EXEC SPC_032_PURCHASE_REQUEST_SEARCH_FND1 '','','','','','','','6','10';
2018-03-07 14:54:59 EXEC SPC_032_PURCHASE_REQUEST_SEARCH_FND1 '','','','','','','','7','10';
2018-03-07 14:55:01 EXEC SPC_032_PURCHASE_REQUEST_SEARCH_FND1 '','','','','','','','8','10';
2018-03-07 14:55:10 EXEC SPC_032_PURCHASE_REQUEST_SEARCH_FND1 '','','','','','','','9','10';
2018-03-07 14:55:12 EXEC SPC_032_PURCHASE_REQUEST_SEARCH_FND1 '','','','','','','','61','10';
2018-03-07 14:55:14 EXEC SPC_032_PURCHASE_REQUEST_SEARCH_FND1 '','','','','','','','60','10';
2018-03-07 14:55:16 EXEC SPC_032_PURCHASE_REQUEST_SEARCH_FND1 '','','','','','','','61','10';
2018-03-07 14:55:18 EXEC SPC_031_PURCHASE_REQUEST_DETAIL_INQ1 'KI201803070008';
2018-03-07 14:55:19 EXEC SPC_GET_TAX_RATE '2018/03/07';
2018-03-07 14:55:33 EXEC SPC_COM_GET_COMBOBOX 'buy_status_div';
2018-03-07 14:55:34 EXEC SPC_032_PURCHASE_REQUEST_SEARCH_FND1 '','','','','','','','1','10';
2018-03-07 14:55:36 EXEC SPC_031_PURCHASE_REQUEST_DETAIL_INQ1 'KI201802280001';
2018-03-07 14:55:36 EXEC SPC_GET_TAX_RATE '2018/02/28';
2018-03-07 14:55:45 EXEC SPC_COM_GET_COMBOBOX 'buy_status_div';
2018-03-07 14:55:49 EXEC SPC_032_PURCHASE_REQUEST_SEARCH_FND1 '','','','','','','10','1','10';
2018-03-07 14:55:51 EXEC SPC_031_PURCHASE_REQUEST_DETAIL_INQ1 'KI201803010012';
2018-03-07 14:55:52 EXEC SPC_GET_TAX_RATE '2018/03/01';
2018-03-07 14:56:18 EXEC SPC_GET_TAX_RATE '2018/03/07';
2018-03-07 14:56:18 EXEC SPC_031_PURCHASE_REQUEST_DETAIL_INQ1 'KI201803010012';
2018-03-07 14:56:18 EXEC SPC_GET_TAX_RATE '2018/03/01';
2018-03-07 14:56:26 EXEC SPC_COM_GET_COMBOBOX 'buy_status_div';
2018-03-07 14:56:28 EXEC SPC_032_PURCHASE_REQUEST_SEARCH_FND1 '','','','','','','','1','10';
2018-03-07 14:56:31 EXEC SPC_032_PURCHASE_REQUEST_SEARCH_FND1 '','','','','','','10','1','10';
2018-03-07 14:56:33 EXEC SPC_031_PURCHASE_REQUEST_DETAIL_INQ1 'KI201803010012';
2018-03-07 14:56:33 EXEC SPC_GET_TAX_RATE '2018/03/01';
2018-03-07 14:56:36 EXEC SPC_REFER_CLIENT_CD '812';
2018-03-07 14:56:39 EXEC SPC_031_PURCHASE_REQUEST_DETAIL_ACT3 'KI201803010012','812','','031_purchase_request','';
2018-03-07 14:56:41 EXEC SPC_031_PURCHASE_REQUEST_DETAIL_INQ1 'KI201803010012';
2018-03-07 14:56:42 EXEC SPC_GET_TAX_RATE '2018/03/01';
2018-03-07 14:56:49 EXEC SPC_031_PURCHASE_REQUEST_DETAIL_ACT3 'KI201803010012','812','','031_purchase_request','';
2018-03-07 14:57:56 EXEC SPC_102_SHIPMENT_SERIAL_SEARCH_FND2 'J-18010018','000115';
2018-03-07 14:57:56 EXEC SPC_COM_GET_COMBOBOX 'production_status_div';
2018-03-07 14:57:58 EXEC SPC_COM_GET_COMBOBOX 'serial_forward_div';
2018-03-07 14:58:23 EXEC SPC_COM_GET_COMBOBOX 'serial_forward_div';
2018-03-07 14:58:23 EXEC SPC_COM_GET_COMBOBOX 'production_status_div';
2018-03-07 14:58:23 EXEC SPC_102_SHIPMENT_SERIAL_SEARCH_FND2 'J-18010018','000115';
2018-03-07 14:58:36 EXEC SPC_102_SHIPMENT_SERIAL_SEARCH_FND1 '000115','','','','','';
2018-03-07 15:08:20 EXEC SPC_COM_GET_COMBOBOX 'production_status_div';
2018-03-07 15:08:20 EXEC SPC_102_SHIPMENT_SERIAL_SEARCH_FND2 'J-18010018','000115';
2018-03-07 15:08:20 EXEC SPC_COM_GET_COMBOBOX 'serial_forward_div';
2018-03-07 15:08:22 EXEC SPC_102_SHIPMENT_SERIAL_SEARCH_FND1 '000115','','','','','';
2018-03-07 15:41:56 EXEC SPC_COM_GET_COMBOBOX 'production_status_div';
2018-03-07 15:41:56 EXEC SPC_COM_GET_COMBOBOX 'serial_forward_div';
2018-03-07 15:41:56 EXEC SPC_102_SHIPMENT_SERIAL_SEARCH_FND2 'J-18010018','000115';
2018-03-07 15:42:00 EXEC SPC_102_SHIPMENT_SERIAL_SEARCH_FND1 '000115','','','','','';
2018-03-07 15:42:10 EXEC SPC_102_SHIPMENT_SERIAL_SEARCH_FND1 '000115','','20180001','','','';
2018-03-07 15:43:52 EXEC SPC_102_SHIPMENT_SERIAL_SEARCH_FND1 '000115','','','','','';
2018-03-07 15:43:58 EXEC SPC_COM_GET_COMBOBOX 'production_status_div';
2018-03-07 15:43:58 EXEC SPC_COM_GET_COMBOBOX 'serial_forward_div';
2018-03-07 15:43:58 EXEC SPC_102_SHIPMENT_SERIAL_SEARCH_FND2 'J-18010018','000115';
2018-03-07 15:44:00 EXEC SPC_102_SHIPMENT_SERIAL_SEARCH_FND1 '000115','','','','','';
2018-03-07 15:45:21 EXEC SPC_102_SHIPMENT_SERIAL_SEARCH_FND1 '000115','','KS-18020008','KS-18020008','','';
2018-03-07 15:45:26 EXEC SPC_102_SHIPMENT_SERIAL_SEARCH_FND1 '000115','','','','','';
2018-03-07 15:45:38 EXEC SPC_COM_GET_COMBOBOX 'production_status_div';
2018-03-07 15:45:38 EXEC SPC_COM_GET_COMBOBOX 'serial_forward_div';
2018-03-07 15:45:38 EXEC SPC_102_SHIPMENT_SERIAL_SEARCH_FND2 'J-18010018','000115';
2018-03-07 15:45:40 EXEC SPC_102_SHIPMENT_SERIAL_SEARCH_FND1 '000115','','','','','';
2018-03-07 15:46:39 EXEC SPC_COM_GET_COMBOBOX 'production_status_div';
2018-03-07 15:46:39 EXEC SPC_102_SHIPMENT_SERIAL_SEARCH_FND2 'J-18010018','000115';
2018-03-07 15:46:39 EXEC SPC_COM_GET_COMBOBOX 'serial_forward_div';
2018-03-07 15:46:40 EXEC SPC_102_SHIPMENT_SERIAL_SEARCH_FND1 '000115','','','','','';
2018-03-07 15:48:25 EXEC SPC_COM_GET_COMBOBOX 'serial_forward_div';
2018-03-07 15:48:25 EXEC SPC_102_SHIPMENT_SERIAL_SEARCH_FND2 'J-18010018','000115';
2018-03-07 15:48:25 EXEC SPC_COM_GET_COMBOBOX 'production_status_div';
2018-03-07 15:48:26 EXEC SPC_102_SHIPMENT_SERIAL_SEARCH_FND1 '000115','','','','','';
2018-03-07 16:20:36 EXEC SPC_COM_GET_COMBOBOX 'serial_forward_div';
2018-03-07 16:20:36 EXEC SPC_COM_GET_COMBOBOX 'production_status_div';
2018-03-07 16:20:36 EXEC SPC_102_SHIPMENT_SERIAL_SEARCH_FND2 'J-18010018','000115';
2018-03-07 16:34:26 EXEC SPC_COM_GET_COMBOBOX 'buy_status_div';
2018-03-07 16:34:29 EXEC SPC_032_PURCHASE_REQUEST_SEARCH_FND1 '','','','','','','10','1','10';
2018-03-07 16:37:34 EXEC SPC_COM_GET_COMBOBOX 'production_status_div';
2018-03-07 16:37:35 EXEC SPC_102_SHIPMENT_SERIAL_SEARCH_FND2 'J-18010018','000115';
2018-03-07 16:37:35 EXEC SPC_COM_GET_COMBOBOX 'serial_forward_div';
2018-03-07 16:37:35 EXEC SPC_102_SHIPMENT_SERIAL_SEARCH_FND1 '000115','','','','','';
2018-03-07 16:37:40 EXEC SPC_102_SHIPMENT_SERIAL_SEARCH_FND1 '000115','6','','','','';
2018-03-07 16:37:44 EXEC SPC_102_SHIPMENT_SERIAL_SEARCH_FND1 '000115','2','','','','';
2018-03-07 16:37:47 EXEC SPC_102_SHIPMENT_SERIAL_SEARCH_FND1 '000115','1','','','','';
2018-03-07 16:37:50 EXEC SPC_102_SHIPMENT_SERIAL_SEARCH_FND1 '000115','','','','','';
2018-03-07 16:38:23 EXEC SPC_102_SHIPMENT_SERIAL_SEARCH_FND1 '000115','','','','','';
2018-03-07 16:39:40 EXEC SPC_COM_GET_COMBOBOX 'production_status_div';
2018-03-07 16:39:40 EXEC SPC_COM_GET_COMBOBOX 'serial_forward_div';
2018-03-07 16:39:40 EXEC SPC_102_SHIPMENT_SERIAL_SEARCH_FND2 'J-18010018','000115';
2018-03-07 16:39:42 EXEC SPC_102_SHIPMENT_SERIAL_SEARCH_FND1 '000115','','','','','';
2018-03-07 16:39:45 EXEC SPC_102_SHIPMENT_SERIAL_SEARCH_FND1 '000115','5','','','','';
2018-03-07 16:39:50 EXEC SPC_102_SHIPMENT_SERIAL_SEARCH_FND1 '000115','3','','','','';
2018-03-07 16:39:54 EXEC SPC_102_SHIPMENT_SERIAL_SEARCH_FND1 '000115','1','','','','';
2018-03-07 16:45:47 EXEC SPC_032_PURCHASE_REQUEST_SEARCH_FND1 '','','','','','','10','1','10';
2018-03-07 16:45:53 EXEC SPC_GET_TAX_RATE '2018/03/07';
2018-03-07 16:45:54 EXEC SPC_031_PURCHASE_REQUEST_DETAIL_INQ1 'KI201803020001';
2018-03-07 16:45:54 EXEC SPC_GET_TAX_RATE '2018/03/01';
2018-03-07 16:46:01 EXEC SPC_032_PURCHASE_REQUEST_SEARCH_FND1 '','','','','','','10','1','10';
2018-03-07 16:46:05 EXEC SPC_031_PURCHASE_REQUEST_DETAIL_ACT2 'KI201803020001','','031_purchase_request','';
2018-03-07 16:46:09 EXEC SPC_032_PURCHASE_REQUEST_SEARCH_ACT1 '[{"buy_no":"KI201803020001","buy_status_div":"10"}]','','032_purchase_request-search','';
2018-03-07 16:51:07 EXEC SPC_032_PURCHASE_REQUEST_SEARCH_INQ1 '','','','','','','10';
2018-03-07 16:51:38 EXEC SPC_032_PURCHASE_REQUEST_SEARCH_FND1 '','','','','fff','','10','1','10';
2018-03-07 16:51:40 EXEC SPC_032_PURCHASE_REQUEST_SEARCH_INQ1 '','','','','fff','','10';
2018-03-07 17:52:53 EXEC SPC_032_PURCHASE_REQUEST_SEARCH_FND1 '','','','','','','10','1','10';
