2018-01-08 10:42:54 EXEC SPC_004_PI_ORDER_CONFIRM_FND1 '','','','','1','10';
2018-01-08 10:43:19 EXEC SPC_073_LOGIN_ACT1 '001','123456';
2018-01-08 10:43:19 EXEC SPC_GET_CONSTANT '';
2018-01-08 10:43:50 EXEC SPC_004_PI_ORDER_CONFIRM_FND1 '','','','','1','10';
2018-01-08 10:43:59 EXEC SPC_004_PI_ORDER_CONFIRM_FND1 '','','','','1','10';
2018-01-08 10:44:02 EXEC SPC_004_PI_ORDER_CONFIRM_FND1 '','','jmhf','','1','10';
2018-01-08 10:44:04 EXEC SPC_004_PI_ORDER_CONFIRM_FND1 '','','jmhf','','1','10';
2018-01-08 10:44:07 EXEC SPC_004_PI_ORDER_CONFIRM_FND1 '','','','','1','10';
2018-01-08 10:46:05 EXEC SPC_004_PI_ORDER_CONFIRM_FND1 '','','kk','','1','10';
2018-01-08 10:46:09 EXEC SPC_004_PI_ORDER_CONFIRM_FND1 '','','kkl','','1','10';
2018-01-08 10:46:14 EXEC SPC_004_PI_ORDER_CONFIRM_FND1 '','','kkl','','1','10';
2018-01-08 10:46:17 EXEC SPC_004_PI_ORDER_CONFIRM_FND1 '','','','','1','10';
2018-01-08 10:46:22 EXEC SPC_004_PI_ORDER_CONFIRM_FND1 '','','','RT-131004001','1','10';
2018-01-08 10:46:30 EXEC SPC_COM_GET_COMBOBOX 'port_country_div';
2018-01-08 10:46:30 EXEC SPC_COM_GET_COMBOBOX 'shipment_div';
2018-01-08 10:46:30 EXEC SPC_COM_GET_COMBOBOX 'unit_w_div';
2018-01-08 10:46:31 EXEC SPC_COM_GET_COMBOBOX 'currency_div';
2018-01-08 10:46:31 EXEC SPC_COM_GET_COMBOBOX 'trade_terms_div';
2018-01-08 10:46:31 EXEC SPC_COM_GET_COMBOBOX 'unit_m_div';
2018-01-08 10:46:31 EXEC SPC_COM_GET_COMBOBOX 'sales_detail_div';
2018-01-08 10:46:31 EXEC SPC_COM_GET_COMBOBOX 'bank_div';
2018-01-08 10:46:31 EXEC SPC_COM_GET_COMBOBOX 'unit_q_div';
2018-01-08 10:46:31 EXEC SPC_COM_GET_COMBOBOX 'payment_conditions_div';
2018-01-08 10:46:32 EXEC SPC_COM_GET_COMBOBOX 'port_city_div';
2018-01-08 10:46:32 EXEC SPC_001_PI_DETAIL_INQ1 'RT-131004001';
2018-01-08 10:46:32 EXEC SPC_GET_TAX_RATE '2018/01/08';
2018-01-08 10:46:35 EXEC SPC_COM_GET_COMBOBOX 'unit_q_div';
2018-01-08 10:46:35 EXEC SPC_GET_TAX_RATE '2013/10/04';
2018-01-08 10:46:35 EXEC SPC_COM_GET_COMBOBOX 'unit_m_div';
2018-01-08 10:46:35 EXEC SPC_COM_GET_COMBOBOX 'unit_w_div';
2018-01-08 10:46:35 EXEC SPC_COM_GET_COMBOBOX 'sales_detail_div';
2018-01-08 10:46:39 EXEC SPC_004_PI_ORDER_CONFIRM_FND1 '','','','RT-131004001','1','10';
2018-01-08 10:48:15 EXEC SPC_004_PI_ORDER_CONFIRM_FND1 '','','','RT-131004001','1','10';
2018-01-08 10:51:43 EXEC SPC_004_PI_ORDER_CONFIRM_FND1 '','','','','1','10';
2018-01-08 10:52:00 EXEC SPC_004_PI_ORDER_CONFIRM_FND1 '','','','','2','10';
2018-01-08 10:54:13 EXEC SPC_004_PI_ORDER_CONFIRM_FND1 '','','','','1','10';
2018-01-08 10:54:51 EXEC SPC_004_PI_ORDER_CONFIRM_FND1 '','','','','1','10';
2018-01-08 10:54:53 EXEC SPC_004_PI_ORDER_CONFIRM_FND1 '','','','','1','10';
2018-01-08 10:55:05 EXEC SPC_004_PI_ORDER_CONFIRM_FND1 '','','','RT-131004001','1','10';
2018-01-08 10:55:09 EXEC SPC_004_PI_ORDER_CONFIRM_ACT1 '[{"pi_no":"RT-131004001"}]','001','004_pi-order-confirm','192.168.5.206';
2018-01-08 10:55:42 EXEC SPC_004_PI_ORDER_CONFIRM_FND1 '','','','RT-131004001','1','10';
2018-01-08 10:55:45 EXEC SPC_004_PI_ORDER_CONFIRM_FND1 '','','','','1','10';
2018-01-08 10:55:50 EXEC SPC_004_PI_ORDER_CONFIRM_FND1 '','','','RT-131008001','1','10';
2018-01-08 10:55:53 EXEC SPC_004_PI_ORDER_CONFIRM_ACT1 '[{"pi_no":"RT-131008001"}]','001','004_pi-order-confirm','192.168.5.206';
2018-01-08 10:56:01 EXEC SPC_004_PI_ORDER_CONFIRM_FND1 '','','','RT-131008001','1','10';
2018-01-08 10:58:24 EXEC SPC_004_PI_ORDER_CONFIRM_FND1 '','','','RT-131008001','1','10';
2018-01-08 10:58:26 EXEC SPC_004_PI_ORDER_CONFIRM_FND1 '','','','','1','10';
2018-01-08 10:59:53 EXEC SPC_004_PI_ORDER_CONFIRM_FND1 '','','','','1','10';
2018-01-08 11:00:28 EXEC SPC_004_PI_ORDER_CONFIRM_FND1 '','','','','1','10';
2018-01-08 11:00:38 EXEC SPC_004_PI_ORDER_CONFIRM_FND1 '','','','','1','10';
2018-01-08 11:01:04 EXEC SPC_004_PI_ORDER_CONFIRM_FND1 '','','','','1','10';
2018-01-08 11:01:13 EXEC SPC_004_PI_ORDER_CONFIRM_FND1 '','','','','2','10';
2018-01-08 11:01:16 EXEC SPC_004_PI_ORDER_CONFIRM_FND1 '','','','','2','100';
2018-01-08 11:01:21 EXEC SPC_004_PI_ORDER_CONFIRM_FND1 '','','','','4','100';
2018-01-08 11:01:23 EXEC SPC_004_PI_ORDER_CONFIRM_FND1 '','','','','4','10';
2018-01-08 11:02:57 EXEC SPC_004_PI_ORDER_CONFIRM_FND1 '','','','','5','10';
2018-01-08 11:02:59 EXEC SPC_004_PI_ORDER_CONFIRM_FND1 '','','','','6','10';
2018-01-08 11:03:00 EXEC SPC_004_PI_ORDER_CONFIRM_FND1 '','','','','7','10';
2018-01-08 11:03:01 EXEC SPC_004_PI_ORDER_CONFIRM_FND1 '','','','','32','10';
2018-01-08 11:03:03 EXEC SPC_004_PI_ORDER_CONFIRM_FND1 '','','','','1','10';
2018-01-08 11:03:05 EXEC SPC_004_PI_ORDER_CONFIRM_FND1 '','','','','2','10';
2018-01-08 11:04:51 EXEC SPC_004_PI_ORDER_CONFIRM_FND1 '','','','','1','10';
2018-01-08 11:13:33 EXEC SPC_COM_GET_COMBOBOX 'payment_conditions_div';
2018-01-08 11:13:33 EXEC SPC_COM_GET_COMBOBOX 'unit_q_div';
2018-01-08 11:13:34 EXEC SPC_COM_GET_COMBOBOX 'shipment_div';
2018-01-08 11:13:34 EXEC SPC_COM_GET_COMBOBOX 'trade_terms_div';
2018-01-08 11:13:34 EXEC SPC_COM_GET_COMBOBOX 'currency_div';
2018-01-08 11:13:34 EXEC SPC_COM_GET_COMBOBOX 'port_country_div';
2018-01-08 11:13:34 EXEC SPC_COM_GET_COMBOBOX 'unit_w_div';
2018-01-08 11:13:34 EXEC SPC_COM_GET_COMBOBOX 'port_city_div';
2018-01-08 11:13:34 EXEC SPC_COM_GET_COMBOBOX 'unit_m_div';
2018-01-08 11:13:34 EXEC SPC_COM_GET_COMBOBOX 'sales_detail_div';
2018-01-08 11:13:34 EXEC SPC_COM_GET_COMBOBOX 'bank_div';
2018-01-08 11:13:34 EXEC SPC_GET_TAX_RATE '2018/01/08';
2018-01-08 11:13:34 EXEC SPC_001_PI_DETAIL_INQ1 'RT-131009001';
2018-01-08 11:13:35 EXEC SPC_GET_TAX_RATE '2013/10/09';
2018-01-08 11:13:35 EXEC SPC_COM_GET_COMBOBOX 'unit_m_div';
2018-01-08 11:13:35 EXEC SPC_COM_GET_COMBOBOX 'unit_w_div';
2018-01-08 11:13:35 EXEC SPC_COM_GET_COMBOBOX 'unit_q_div';
2018-01-08 11:13:36 EXEC SPC_COM_GET_COMBOBOX 'sales_detail_div';
2018-01-08 11:13:37 EXEC SPC_004_PI_ORDER_CONFIRM_FND1 '','','','','1','10';
2018-01-08 11:14:03 EXEC SPC_COM_GET_COMBOBOX 'pi_status_div';
2018-01-08 11:14:08 EXEC SPC_002_PI_SEARCH_FND1 '','','','','','','','','1','10';
2018-01-08 11:14:12 EXEC SPC_COM_GET_COMBOBOX 'currency_div';
2018-01-08 11:14:12 EXEC SPC_COM_GET_COMBOBOX 'trade_terms_div';
2018-01-08 11:14:12 EXEC SPC_COM_GET_COMBOBOX 'shipment_div';
2018-01-08 11:14:12 EXEC SPC_COM_GET_COMBOBOX 'port_country_div';
2018-01-08 11:14:12 EXEC SPC_COM_GET_COMBOBOX 'port_city_div';
2018-01-08 11:14:12 EXEC SPC_COM_GET_COMBOBOX 'payment_conditions_div';
2018-01-08 11:14:12 EXEC SPC_COM_GET_COMBOBOX 'unit_q_div';
2018-01-08 11:14:12 EXEC SPC_COM_GET_COMBOBOX 'unit_w_div';
2018-01-08 11:14:12 EXEC SPC_COM_GET_COMBOBOX 'unit_m_div';
2018-01-08 11:14:12 EXEC SPC_COM_GET_COMBOBOX 'sales_detail_div';
2018-01-08 11:14:12 EXEC SPC_COM_GET_COMBOBOX 'bank_div';
2018-01-08 11:14:13 EXEC SPC_GET_TAX_RATE '2018/01/08';
2018-01-08 11:14:13 EXEC SPC_001_PI_DETAIL_INQ1 'RT-130827001';
2018-01-08 11:14:14 EXEC SPC_COM_GET_COMBOBOX 'sales_detail_div';
2018-01-08 11:14:14 EXEC SPC_COM_GET_COMBOBOX 'unit_m_div';
2018-01-08 11:14:14 EXEC SPC_COM_GET_COMBOBOX 'unit_w_div';
2018-01-08 11:14:14 EXEC SPC_GET_TAX_RATE '2013/08/27';
2018-01-08 11:14:14 EXEC SPC_COM_GET_COMBOBOX 'unit_q_div';
2018-01-08 11:14:27 EXEC SPC_COM_GET_COMBOBOX 'pi_status_div';
2018-01-08 11:14:27 EXEC SPC_002_PI_SEARCH_FND1 '','','','','','','','','1','10';
2018-01-08 11:14:29 EXEC SPC_002_PI_SEARCH_FND1 '','','','','','','','10','1','10';
2018-01-08 11:14:33 EXEC SPC_COM_GET_COMBOBOX 'shipment_div';
2018-01-08 11:14:33 EXEC SPC_COM_GET_COMBOBOX 'currency_div';
2018-01-08 11:14:33 EXEC SPC_COM_GET_COMBOBOX 'trade_terms_div';
2018-01-08 11:14:33 EXEC SPC_COM_GET_COMBOBOX 'port_city_div';
2018-01-08 11:14:33 EXEC SPC_COM_GET_COMBOBOX 'port_country_div';
2018-01-08 11:14:33 EXEC SPC_COM_GET_COMBOBOX 'payment_conditions_div';
2018-01-08 11:14:33 EXEC SPC_COM_GET_COMBOBOX 'unit_q_div';
2018-01-08 11:14:33 EXEC SPC_COM_GET_COMBOBOX 'unit_w_div';
2018-01-08 11:14:33 EXEC SPC_COM_GET_COMBOBOX 'sales_detail_div';
2018-01-08 11:14:33 EXEC SPC_COM_GET_COMBOBOX 'unit_m_div';
2018-01-08 11:14:33 EXEC SPC_COM_GET_COMBOBOX 'bank_div';
2018-01-08 11:14:34 EXEC SPC_GET_TAX_RATE '2018/01/08';
2018-01-08 11:14:34 EXEC SPC_001_PI_DETAIL_INQ1 'RT-131209002';
2018-01-08 11:14:35 EXEC SPC_COM_GET_COMBOBOX 'sales_detail_div';
2018-01-08 11:14:35 EXEC SPC_COM_GET_COMBOBOX 'unit_m_div';
2018-01-08 11:14:35 EXEC SPC_COM_GET_COMBOBOX 'unit_q_div';
2018-01-08 11:14:35 EXEC SPC_COM_GET_COMBOBOX 'unit_w_div';
2018-01-08 11:14:35 EXEC SPC_GET_TAX_RATE '2013/12/09';
2018-01-08 11:20:05 EXEC SPC_COM_GET_COMBOBOX 'port_country_div';
2018-01-08 11:20:06 EXEC SPC_COM_GET_COMBOBOX 'unit_q_div';
2018-01-08 11:20:06 EXEC SPC_COM_GET_COMBOBOX 'shipment_div';
2018-01-08 11:20:06 EXEC SPC_COM_GET_COMBOBOX 'currency_div';
2018-01-08 11:20:06 EXEC SPC_COM_GET_COMBOBOX 'port_city_div';
2018-01-08 11:20:06 EXEC SPC_COM_GET_COMBOBOX 'trade_terms_div';
2018-01-08 11:20:06 EXEC SPC_COM_GET_COMBOBOX 'payment_conditions_div';
2018-01-08 11:20:06 EXEC SPC_COM_GET_COMBOBOX 'unit_w_div';
2018-01-08 11:20:07 EXEC SPC_COM_GET_COMBOBOX 'bank_div';
2018-01-08 11:20:07 EXEC SPC_COM_GET_COMBOBOX 'sales_detail_div';
2018-01-08 11:20:07 EXEC SPC_COM_GET_COMBOBOX 'unit_m_div';
2018-01-08 11:20:07 EXEC SPC_GET_TAX_RATE '2018/01/08';
2018-01-08 11:20:07 EXEC SPC_001_PI_DETAIL_INQ1 'RT-131209002';
2018-01-08 11:20:08 EXEC SPC_COM_GET_COMBOBOX 'unit_q_div';
2018-01-08 11:20:08 EXEC SPC_COM_GET_COMBOBOX 'unit_w_div';
2018-01-08 11:20:08 EXEC SPC_COM_GET_COMBOBOX 'unit_m_div';
2018-01-08 11:20:08 EXEC SPC_GET_TAX_RATE '2013/12/09';
2018-01-08 11:20:08 EXEC SPC_COM_GET_COMBOBOX 'sales_detail_div';
2018-01-08 11:20:10 EXEC SPC_COM_GET_COMBOBOX 'pi_status_div';
2018-01-08 11:20:11 EXEC SPC_002_PI_SEARCH_FND1 '','','','','','','','10','1','10';
2018-01-08 11:20:16 EXEC SPC_COM_GET_COMBOBOX 'port_country_div';
2018-01-08 11:20:16 EXEC SPC_COM_GET_COMBOBOX 'trade_terms_div';
2018-01-08 11:20:16 EXEC SPC_COM_GET_COMBOBOX 'shipment_div';
2018-01-08 11:20:16 EXEC SPC_COM_GET_COMBOBOX 'payment_conditions_div';
2018-01-08 11:20:16 EXEC SPC_COM_GET_COMBOBOX 'currency_div';
2018-01-08 11:20:16 EXEC SPC_COM_GET_COMBOBOX 'port_city_div';
2018-01-08 11:20:16 EXEC SPC_COM_GET_COMBOBOX 'sales_detail_div';
2018-01-08 11:20:16 EXEC SPC_COM_GET_COMBOBOX 'unit_q_div';
2018-01-08 11:20:16 EXEC SPC_COM_GET_COMBOBOX 'bank_div';
2018-01-08 11:20:16 EXEC SPC_COM_GET_COMBOBOX 'unit_w_div';
2018-01-08 11:20:16 EXEC SPC_COM_GET_COMBOBOX 'unit_m_div';
2018-01-08 11:20:16 EXEC SPC_GET_TAX_RATE '2018/01/08';
2018-01-08 11:20:17 EXEC SPC_001_PI_DETAIL_INQ1 'RT-131209002';
2018-01-08 11:20:18 EXEC SPC_COM_GET_COMBOBOX 'unit_m_div';
2018-01-08 11:20:18 EXEC SPC_COM_GET_COMBOBOX 'unit_q_div';
2018-01-08 11:20:18 EXEC SPC_COM_GET_COMBOBOX 'sales_detail_div';
2018-01-08 11:20:18 EXEC SPC_GET_TAX_RATE '2013/12/09';
2018-01-08 11:20:18 EXEC SPC_COM_GET_COMBOBOX 'unit_w_div';
2018-01-08 11:20:33 EXEC SPC_COM_GET_COMBOBOX 'port_city_div';
2018-01-08 11:20:33 EXEC SPC_COM_GET_COMBOBOX 'port_country_div';
2018-01-08 11:20:33 EXEC SPC_COM_GET_COMBOBOX 'shipment_div';
2018-01-08 11:20:33 EXEC SPC_COM_GET_COMBOBOX 'currency_div';
2018-01-08 11:20:33 EXEC SPC_COM_GET_COMBOBOX 'payment_conditions_div';
2018-01-08 11:20:33 EXEC SPC_COM_GET_COMBOBOX 'trade_terms_div';
2018-01-08 11:20:34 EXEC SPC_COM_GET_COMBOBOX 'unit_q_div';
2018-01-08 11:20:34 EXEC SPC_COM_GET_COMBOBOX 'sales_detail_div';
2018-01-08 11:20:34 EXEC SPC_COM_GET_COMBOBOX 'unit_w_div';
2018-01-08 11:20:34 EXEC SPC_GET_TAX_RATE '2018/01/08';
2018-01-08 11:20:34 EXEC SPC_COM_GET_COMBOBOX 'bank_div';
2018-01-08 11:20:34 EXEC SPC_COM_GET_COMBOBOX 'unit_m_div';
2018-01-08 11:20:34 EXEC SPC_001_PI_DETAIL_INQ1 'RT-131209002';
2018-01-08 11:20:35 EXEC SPC_GET_TAX_RATE '2013/12/09';
2018-01-08 11:20:35 EXEC SPC_COM_GET_COMBOBOX 'unit_q_div';
2018-01-08 11:20:35 EXEC SPC_COM_GET_COMBOBOX 'unit_w_div';
2018-01-08 11:20:35 EXEC SPC_COM_GET_COMBOBOX 'unit_m_div';
2018-01-08 11:20:35 EXEC SPC_COM_GET_COMBOBOX 'sales_detail_div';
2018-01-08 11:21:58 EXEC SPC_COM_GET_COMBOBOX 'trade_terms_div';
2018-01-08 11:21:58 EXEC SPC_COM_GET_COMBOBOX 'port_country_div';
2018-01-08 11:21:58 EXEC SPC_COM_GET_COMBOBOX 'shipment_div';
2018-01-08 11:21:58 EXEC SPC_COM_GET_COMBOBOX 'payment_conditions_div';
2018-01-08 11:21:58 EXEC SPC_COM_GET_COMBOBOX 'port_city_div';
2018-01-08 11:21:58 EXEC SPC_COM_GET_COMBOBOX 'currency_div';
2018-01-08 11:21:58 EXEC SPC_COM_GET_COMBOBOX 'bank_div';
2018-01-08 11:21:58 EXEC SPC_GET_TAX_RATE '2018/01/08';
2018-01-08 11:21:58 EXEC SPC_COM_GET_COMBOBOX 'sales_detail_div';
2018-01-08 11:21:58 EXEC SPC_COM_GET_COMBOBOX 'unit_m_div';
2018-01-08 11:21:58 EXEC SPC_COM_GET_COMBOBOX 'unit_q_div';
2018-01-08 11:21:58 EXEC SPC_COM_GET_COMBOBOX 'unit_w_div';
2018-01-08 11:21:59 EXEC SPC_001_PI_DETAIL_INQ1 'RT-131209002';
2018-01-08 11:22:00 EXEC SPC_COM_GET_COMBOBOX 'unit_m_div';
iv';
2018-01-08 11:22:00 EXEC SPC_GET_TAX_RATE '2013/12/09';
2018-01-08 11:22:00 EXEC SPC_COM_GET_COMBOBOX 'unit_w_div';
2018-01-08 11:22:00 EXEC SPC_COM_GET_COMBOBOX 'unit_q_div';
2018-01-08 11:22:42 EXEC SPC_COM_GET_COMBOBOX 'trade_terms_div';
2018-01-08 11:22:42 EXEC SPC_COM_GET_COMBOBOX 'shipment_div';
2018-01-08 11:22:42 EXEC SPC_COM_GET_COMBOBOX 'port_country_div';
2018-01-08 11:22:42 EXEC SPC_COM_GET_COMBOBOX 'currency_div';
2018-01-08 11:22:42 EXEC SPC_COM_GET_COMBOBOX 'port_city_div';
2018-01-08 11:22:43 EXEC SPC_COM_GET_COMBOBOX 'payment_conditions_div';
2018-01-08 11:22:43 EXEC SPC_COM_GET_COMBOBOX 'unit_w_div';
2018-01-08 11:22:43 EXEC SPC_COM_GET_COMBOBOX 'bank_div';
2018-01-08 11:22:43 EXEC SPC_COM_GET_COMBOBOX 'unit_q_div';
2018-01-08 11:22:43 EXEC SPC_COM_GET_COMBOBOX 'unit_m_div';
2018-01-08 11:22:43 EXEC SPC_COM_GET_COMBOBOX 'sales_detail_div';
2018-01-08 11:22:43 EXEC SPC_GET_TAX_RATE '2018/01/08';
2018-01-08 11:22:43 EXEC SPC_001_PI_DETAIL_INQ1 'RT-131209002';
2018-01-08 11:22:44 EXEC SPC_GET_TAX_RATE '2013/12/09';
2018-01-08 11:22:44 EXEC SPC_COM_GET_COMBOBOX 'unit_q_div';
2018-01-08 11:22:44 EXEC SPC_COM_GET_COMBOBOX 'sales_detail_div';
2018-01-08 11:22:44 EXEC SPC_COM_GET_COMBOBOX 'unit_m_div';
2018-01-08 11:22:44 EXEC SPC_COM_GET_COMBOBOX 'unit_w_div';
2018-01-08 11:23:15 EXEC SPC_COM_GET_COMBOBOX 'port_country_div';
2018-01-08 11:23:15 EXEC SPC_COM_GET_COMBOBOX 'shipment_div';
2018-01-08 11:23:15 EXEC SPC_COM_GET_COMBOBOX 'currency_div';
2018-01-08 11:23:15 EXEC SPC_COM_GET_COMBOBOX 'port_city_div';
2018-01-08 11:23:15 EXEC SPC_COM_GET_COMBOBOX 'trade_terms_div';
2018-01-08 11:23:15 EXEC SPC_COM_GET_COMBOBOX 'payment_conditions_div';
2018-01-08 11:23:16 EXEC SPC_COM_GET_COMBOBOX 'unit_w_div';
2018-01-08 11:23:16 EXEC SPC_COM_GET_COMBOBOX 'bank_div';
2018-01-08 11:23:16 EXEC SPC_GET_TAX_RATE '2018/01/08';
2018-01-08 11:23:16 EXEC SPC_COM_GET_COMBOBOX 'sales_detail_div';
2018-01-08 11:23:16 EXEC SPC_COM_GET_COMBOBOX 'unit_m_div';
2018-01-08 11:23:16 EXEC SPC_001_PI_DETAIL_INQ1 'RT-131209002';
2018-01-08 11:23:17 EXEC SPC_COM_GET_COMBOBOX 'unit_q_div';
2018-01-08 11:23:17 EXEC SPC_COM_GET_COMBOBOX 'sales_detail_div';
2018-01-08 11:23:17 EXEC SPC_COM_GET_COMBOBOX 'unit_w_div';
2018-01-08 11:23:17 EXEC SPC_GET_TAX_RATE '2013/12/09';
2018-01-08 11:23:17 EXEC SPC_COM_GET_COMBOBOX 'unit_m_div';
2018-01-08 11:23:21 EXEC SPC_COM_GET_COMBOBOX 'pi_status_div';
2018-01-08 11:23:23 EXEC SPC_002_PI_SEARCH_FND1 '','','','','','','','','1','10';
2018-01-08 11:23:27 EXEC SPC_002_PI_SEARCH_FND1 '','','','','','','','10','1','10';
2018-01-08 11:23:30 EXEC SPC_COM_GET_COMBOBOX 'port_city_div';
2018-01-08 11:23:30 EXEC SPC_COM_GET_COMBOBOX 'port_country_div';
2018-01-08 11:23:30 EXEC SPC_COM_GET_COMBOBOX 'shipment_div';
2018-01-08 11:23:30 EXEC SPC_COM_GET_COMBOBOX 'currency_div';
2018-01-08 11:23:30 EXEC SPC_COM_GET_COMBOBOX 'trade_terms_div';
2018-01-08 11:23:30 EXEC SPC_COM_GET_COMBOBOX 'payment_conditions_div';
2018-01-08 11:23:31 EXEC SPC_COM_GET_COMBOBOX 'unit_w_div';
2018-01-08 11:23:31 EXEC SPC_COM_GET_COMBOBOX 'sales_detail_div';
2018-01-08 11:23:31 EXEC SPC_COM_GET_COMBOBOX 'unit_m_div';
2018-01-08 11:23:31 EXEC SPC_COM_GET_COMBOBOX 'unit_q_div';
2018-01-08 11:23:31 EXEC SPC_GET_TAX_RATE '2018/01/08';
2018-01-08 11:23:31 EXEC SPC_COM_GET_COMBOBOX 'bank_div';
2018-01-08 11:23:31 EXEC SPC_001_PI_DETAIL_INQ1 'RT-131211001';
2018-01-08 11:23:32 EXEC SPC_COM_GET_COMBOBOX 'unit_q_div';
2018-01-08 11:23:32 EXEC SPC_COM_GET_COMBOBOX 'sales_detail_div';
2018-01-08 11:23:32 EXEC SPC_COM_GET_COMBOBOX 'unit_m_div';
2018-01-08 11:23:32 EXEC SPC_COM_GET_COMBOBOX 'unit_w_div';
2018-01-08 11:23:32 EXEC SPC_GET_TAX_RATE '2013/12/11';
2018-01-08 11:23:36 EXEC SPC_COM_GET_COMBOBOX 'pi_status_div';
2018-01-08 11:23:36 EXEC SPC_002_PI_SEARCH_FND1 '','','','','','','','10','1','10';
2018-01-08 11:23:38 EXEC SPC_002_PI_SEARCH_FND1 '','','','','','','','20','1','10';
2018-01-08 11:23:43 EXEC SPC_COM_GET_COMBOBOX 'port_city_div';
2018-01-08 11:23:43 EXEC SPC_COM_GET_COMBOBOX 'currency_div';
2018-01-08 11:23:43 EXEC SPC_COM_GET_COMBOBOX 'port_country_div';
2018-01-08 11:23:43 EXEC SPC_COM_GET_COMBOBOX 'trade_terms_div';
2018-01-08 11:23:43 EXEC SPC_COM_GET_COMBOBOX 'shipment_div';
2018-01-08 11:23:43 EXEC SPC_COM_GET_COMBOBOX 'payment_conditions_div';
2018-01-08 11:23:43 EXEC SPC_COM_GET_COMBOBOX 'unit_w_div';
2018-01-08 11:23:43 EXEC SPC_COM_GET_COMBOBOX 'unit_q_div';
2018-01-08 11:23:43 EXEC SPC_COM_GET_COMBOBOX 'sales_detail_div';
2018-01-08 11:23:44 EXEC SPC_COM_GET_COMBOBOX 'unit_m_div';
2018-01-08 11:23:44 EXEC SPC_GET_TAX_RATE '2018/01/08';
2018-01-08 11:23:44 EXEC SPC_COM_GET_COMBOBOX 'bank_div';
2018-01-08 11:23:44 EXEC SPC_001_PI_DETAIL_INQ1 'RT-131001001';
2018-01-08 11:23:45 EXEC SPC_COM_GET_COMBOBOX 'unit_m_div';
2018-01-08 11:23:45 EXEC SPC_COM_GET_COMBOBOX 'unit_w_div';
2018-01-08 11:23:45 EXEC SPC_COM_GET_COMBOBOX 'unit_q_div';
2018-01-08 11:23:45 EXEC SPC_GET_TAX_RATE '2013/10/01';
2018-01-08 11:23:45 EXEC SPC_COM_GET_COMBOBOX 'sales_detail_div';
2018-01-08 11:23:49 EXEC SPC_COM_GET_COMBOBOX 'pi_status_div';
2018-01-08 11:23:50 EXEC SPC_002_PI_SEARCH_FND1 '','','','','','','','20','1','10';
2018-01-08 11:23:52 EXEC SPC_002_PI_SEARCH_FND1 '','','','','','','','10','1','10';
2018-01-08 11:23:56 EXEC SPC_COM_GET_COMBOBOX 'payment_conditions_div';
2018-01-08 11:23:56 EXEC SPC_COM_GET_COMBOBOX 'port_city_div';
2018-01-08 11:23:56 EXEC SPC_COM_GET_COMBOBOX 'trade_terms_div';
2018-01-08 11:23:56 EXEC SPC_COM_GET_COMBOBOX 'port_country_div';
2018-01-08 11:23:56 EXEC SPC_COM_GET_COMBOBOX 'shipment_div';
2018-01-08 11:23:56 EXEC SPC_COM_GET_COMBOBOX 'currency_div';
2018-01-08 11:23:57 EXEC SPC_COM_GET_COMBOBOX 'unit_w_div';
2018-01-08 11:23:57 EXEC SPC_COM_GET_COMBOBOX 'unit_q_div';
2018-01-08 11:23:57 EXEC SPC_COM_GET_COMBOBOX 'sales_detail_div';
2018-01-08 11:23:57 EXEC SPC_COM_GET_COMBOBOX 'unit_m_div';
2018-01-08 11:23:57 EXEC SPC_GET_TAX_RATE '2018/01/08';
2018-01-08 11:23:57 EXEC SPC_COM_GET_COMBOBOX 'bank_div';
2018-01-08 11:23:57 EXEC SPC_001_PI_DETAIL_INQ1 'RT-131209002';
2018-01-08 11:23:58 EXEC SPC_COM_GET_COMBOBOX 'unit_q_div';
2018-01-08 11:23:58 EXEC SPC_COM_GET_COMBOBOX 'sales_detail_div';
2018-01-08 11:23:58 EXEC SPC_COM_GET_COMBOBOX 'unit_m_div';
2018-01-08 11:23:58 EXEC SPC_COM_GET_COMBOBOX 'unit_w_div';
2018-01-08 11:23:58 EXEC SPC_GET_TAX_RATE '2013/12/09';
2018-01-08 11:24:49 EXEC SPC_COM_GET_COMBOBOX 'currency_div';
2018-01-08 11:24:49 EXEC SPC_COM_GET_COMBOBOX 'port_country_div';
2018-01-08 11:24:49 EXEC SPC_COM_GET_COMBOBOX 'trade_terms_div';
2018-01-08 11:24:49 EXEC SPC_COM_GET_COMBOBOX 'port_city_div';
2018-01-08 11:24:49 EXEC SPC_COM_GET_COMBOBOX 'shipment_div';
2018-01-08 11:24:49 EXEC SPC_COM_GET_COMBOBOX 'payment_conditions_div';
2018-01-08 11:24:49 EXEC SPC_COM_GET_COMBOBOX 'unit_q_div';
2018-01-08 11:24:50 EXEC SPC_COM_GET_COMBOBOX 'sales_detail_div';
2018-01-08 11:24:50 EXEC SPC_COM_GET_COMBOBOX 'unit_w_div';
2018-01-08 11:24:50 EXEC SPC_COM_GET_COMBOBOX 'unit_m_div';
2018-01-08 11:24:50 EXEC SPC_COM_GET_COMBOBOX 'bank_div';
2018-01-08 11:24:50 EXEC SPC_GET_TAX_RATE '2018/01/08';
2018-01-08 11:24:50 EXEC SPC_001_PI_DETAIL_INQ1 'RT-131209002';
2018-01-08 11:24:51 EXEC SPC_COM_GET_COMBOBOX 'unit_w_div';
2018-01-08 11:24:51 EXEC SPC_COM_GET_COMBOBOX 'unit_q_div';
2018-01-08 11:24:51 EXEC SPC_GET_TAX_RATE '2013/12/09';
2018-01-08 11:24:51 EXEC SPC_COM_GET_COMBOBOX 'unit_m_div';
2018-01-08 11:24:51 EXEC SPC_COM_GET_COMBOBOX 'sales_detail_div';
2018-01-08 11:25:30 EXEC SPC_COM_GET_COMBOBOX 'shipment_div';
2018-01-08 11:25:30 EXEC SPC_COM_GET_COMBOBOX 'payment_conditions_div';
2018-01-08 11:25:30 EXEC SPC_COM_GET_COMBOBOX 'port_country_div';
2018-01-08 11:25:30 EXEC SPC_COM_GET_COMBOBOX 'port_city_div';
2018-01-08 11:25:30 EXEC SPC_COM_GET_COMBOBOX 'currency_div';
2018-01-08 11:25:30 EXEC SPC_COM_GET_COMBOBOX 'trade_terms_div';
2018-01-08 11:25:30 EXEC SPC_COM_GET_COMBOBOX 'unit_w_div';
2018-01-08 11:25:31 EXEC SPC_COM_GET_COMBOBOX 'unit_q_div';
2018-01-08 11:25:31 EXEC SPC_COM_GET_COMBOBOX 'unit_m_div';
2018-01-08 11:25:31 EXEC SPC_COM_GET_COMBOBOX 'sales_detail_div';
2018-01-08 11:25:31 EXEC SPC_COM_GET_COMBOBOX 'bank_div';
2018-01-08 11:25:31 EXEC SPC_GET_TAX_RATE '2018/01/08';
2018-01-08 11:25:31 EXEC SPC_001_PI_DETAIL_INQ1 'RT-131209002';
2018-01-08 11:25:32 EXEC SPC_GET_TAX_RATE '2013/12/09';
2018-01-08 11:25:32 EXEC SPC_COM_GET_COMBOBOX 'unit_m_div';
2018-01-08 11:25:32 EXEC SPC_COM_GET_COMBOBOX 'unit_w_div';
2018-01-08 11:25:32 EXEC SPC_COM_GET_COMBOBOX 'unit_q_div';
2018-01-08 11:25:32 EXEC SPC_COM_GET_COMBOBOX 'sales_detail_div';
2018-01-08 11:26:02 EXEC SPC_COM_GET_COMBOBOX 'port_country_div';
2018-01-08 11:26:02 EXEC SPC_COM_GET_COMBOBOX 'shipment_div';
2018-01-08 11:26:02 EXEC SPC_COM_GET_COMBOBOX 'trade_terms_div';
2018-01-08 11:26:02 EXEC SPC_COM_GET_COMBOBOX 'port_city_div';
2018-01-08 11:26:02 EXEC SPC_COM_GET_COMBOBOX 'currency_div';
2018-01-08 11:26:02 EXEC SPC_COM_GET_COMBOBOX 'payment_conditions_div';
2018-01-08 11:26:03 EXEC SPC_COM_GET_COMBOBOX 'unit_w_div';
2018-01-08 11:26:03 EXEC SPC_COM_GET_COMBOBOX 'unit_m_div';
2018-01-08 11:26:03 EXEC SPC_COM_GET_COMBOBOX 'unit_q_div';
2018-01-08 11:26:03 EXEC SPC_COM_GET_COMBOBOX 'sales_detail_div';
2018-01-08 11:26:03 EXEC SPC_GET_TAX_RATE '2018/01/08';
2018-01-08 11:26:03 EXEC SPC_COM_GET_COMBOBOX 'bank_div';
2018-01-08 11:26:03 EXEC SPC_001_PI_DETAIL_INQ1 'RT-131209002';
2018-01-08 11:26:04 EXEC SPC_GET_TAX_RATE '2013/12/09';
';
2018-01-08 11:26:04 EXEC SPC_COM_GET_COMBOBOX 'unit_w_div';
2018-01-08 11:26:04 EXEC SPC_COM_GET_COMBOBOX 'unit_q_div';
2018-01-08 11:26:04 EXEC SPC_COM_GET_COMBOBOX 'sales_detail_div';
2018-01-08 11:27:34 EXEC SPC_COM_GET_COMBOBOX 'port_country_div';
2018-01-08 11:27:34 EXEC SPC_COM_GET_COMBOBOX 'port_city_div';
2018-01-08 11:27:34 EXEC SPC_COM_GET_COMBOBOX 'currency_div';
2018-01-08 11:27:34 EXEC SPC_COM_GET_COMBOBOX 'payment_conditions_div';
2018-01-08 11:27:34 EXEC SPC_COM_GET_COMBOBOX 'shipment_div';
2018-01-08 11:27:35 EXEC SPC_COM_GET_COMBOBOX 'trade_terms_div';
2018-01-08 11:27:35 EXEC SPC_COM_GET_COMBOBOX 'sales_detail_div';
2018-01-08 11:27:35 EXEC SPC_COM_GET_COMBOBOX 'unit_q_div';
2018-01-08 11:27:35 EXEC SPC_COM_GET_COMBOBOX 'bank_div';
2018-01-08 11:27:35 EXEC SPC_COM_GET_COMBOBOX 'unit_w_div';
2018-01-08 11:27:35 EXEC SPC_COM_GET_COMBOBOX 'unit_m_div';
2018-01-08 11:27:35 EXEC SPC_GET_TAX_RATE '2018/01/08';
2018-01-08 11:27:35 EXEC SPC_001_PI_DETAIL_INQ1 'RT-131209002';
2018-01-08 11:27:36 EXEC SPC_COM_GET_COMBOBOX 'unit_m_div';
2018-01-08 11:27:36 EXEC SPC_COM_GET_COMBOBOX 'unit_w_div';
2018-01-08 11:27:36 EXEC SPC_GET_TAX_RATE '2013/12/09';
il_div';
2018-01-08 11:27:36 EXEC SPC_COM_GET_COMBOBOX 'unit_q_div';
2018-01-08 11:29:00 EXEC SPC_COM_GET_COMBOBOX 'currency_div';
2018-01-08 11:29:00 EXEC SPC_COM_GET_COMBOBOX 'trade_terms_div';
2018-01-08 11:29:00 EXEC SPC_COM_GET_COMBOBOX 'payment_conditions_div';
2018-01-08 11:29:00 EXEC SPC_COM_GET_COMBOBOX 'shipment_div';
2018-01-08 11:29:00 EXEC SPC_COM_GET_COMBOBOX 'port_country_div';
2018-01-08 11:29:00 EXEC SPC_COM_GET_COMBOBOX 'port_city_div';
2018-01-08 11:29:00 EXEC SPC_COM_GET_COMBOBOX 'unit_m_div';
2018-01-08 11:29:00 EXEC SPC_COM_GET_COMBOBOX 'sales_detail_div';
2018-01-08 11:29:00 EXEC SPC_COM_GET_COMBOBOX 'bank_div';
2018-01-08 11:29:01 EXEC SPC_GET_TAX_RATE '2018/01/08';
2018-01-08 11:29:01 EXEC SPC_COM_GET_COMBOBOX 'unit_q_div';
2018-01-08 11:29:01 EXEC SPC_COM_GET_COMBOBOX 'unit_w_div';
2018-01-08 11:29:01 EXEC SPC_001_PI_DETAIL_INQ1 'RT-131209002';
2018-01-08 11:29:02 EXEC SPC_COM_GET_COMBOBOX 'unit_w_div';
2018-01-08 11:29:02 EXEC SPC_GET_TAX_RATE '2013/12/09';
il_div';
2018-01-08 11:29:02 EXEC SPC_COM_GET_COMBOBOX 'unit_m_div';
2018-01-08 11:29:02 EXEC SPC_COM_GET_COMBOBOX 'unit_q_div';
2018-01-08 11:31:31 EXEC SPC_COM_GET_COMBOBOX 'port_country_div';
2018-01-08 11:31:31 EXEC SPC_COM_GET_COMBOBOX 'shipment_div';
2018-01-08 11:31:32 EXEC SPC_COM_GET_COMBOBOX 'payment_conditions_div';
2018-01-08 11:31:32 EXEC SPC_COM_GET_COMBOBOX 'port_city_div';
2018-01-08 11:31:32 EXEC SPC_COM_GET_COMBOBOX 'currency_div';
2018-01-08 11:31:32 EXEC SPC_COM_GET_COMBOBOX 'trade_terms_div';
2018-01-08 11:31:32 EXEC SPC_COM_GET_COMBOBOX 'unit_q_div';
2018-01-08 11:31:32 EXEC SPC_COM_GET_COMBOBOX 'unit_w_div';
2018-01-08 11:31:32 EXEC SPC_COM_GET_COMBOBOX 'bank_div';
2018-01-08 11:31:32 EXEC SPC_COM_GET_COMBOBOX 'unit_m_div';
2018-01-08 11:31:32 EXEC SPC_COM_GET_COMBOBOX 'sales_detail_div';
2018-01-08 11:31:32 EXEC SPC_GET_TAX_RATE '2018/01/08';
2018-01-08 11:31:33 EXEC SPC_001_PI_DETAIL_INQ1 'RT-131209002';
2018-01-08 11:31:33 EXEC SPC_GET_TAX_RATE '2013/12/09';
2018-01-08 11:31:33 EXEC SPC_COM_GET_COMBOBOX 'sales_detail_div';
2018-01-08 11:31:34 EXEC SPC_COM_GET_COMBOBOX 'unit_q_div';
2018-01-08 11:31:34 EXEC SPC_COM_GET_COMBOBOX 'unit_w_div';
2018-01-08 11:32:51 EXEC SPC_COM_GET_COMBOBOX 'payment_conditions_div';
2018-01-08 11:32:51 EXEC SPC_COM_GET_COMBOBOX 'shipment_div';
2018-01-08 11:32:51 EXEC SPC_COM_GET_COMBOBOX 'trade_terms_div';
2018-01-08 11:32:51 EXEC SPC_COM_GET_COMBOBOX 'currency_div';
2018-01-08 11:32:51 EXEC SPC_COM_GET_COMBOBOX 'port_country_div';
2018-01-08 11:32:51 EXEC SPC_COM_GET_COMBOBOX 'port_city_div';
2018-01-08 11:32:51 EXEC SPC_COM_GET_COMBOBOX 'bank_div';
2018-01-08 11:32:51 EXEC SPC_COM_GET_COMBOBOX 'unit_m_div';
2018-01-08 11:32:51 EXEC SPC_COM_GET_COMBOBOX 'unit_w_div';
2018-01-08 11:32:51 EXEC SPC_COM_GET_COMBOBOX 'unit_q_div';
2018-01-08 11:32:52 EXEC SPC_GET_TAX_RATE '2018/01/08';
2018-01-08 11:32:52 EXEC SPC_COM_GET_COMBOBOX 'sales_detail_div';
2018-01-08 11:32:52 EXEC SPC_001_PI_DETAIL_INQ1 'RT-131209002';
2018-01-08 11:32:53 EXEC SPC_COM_GET_COMBOBOX 'unit_q_div';
2018-01-08 11:32:53 EXEC SPC_GET_TAX_RATE '2013/12/09';
2018-01-08 11:32:53 EXEC SPC_COM_GET_COMBOBOX 'unit_w_div';
2018-01-08 11:32:53 EXEC SPC_COM_GET_COMBOBOX 'sales_detail_div';
2018-01-08 11:32:53 EXEC SPC_COM_GET_COMBOBOX 'unit_m_div';
2018-01-08 11:33:30 EXEC SPC_COM_GET_COMBOBOX 'trade_terms_div';
2018-01-08 11:33:30 EXEC SPC_COM_GET_COMBOBOX 'shipment_div';
2018-01-08 11:33:30 EXEC SPC_COM_GET_COMBOBOX 'port_city_div';
2018-01-08 11:33:30 EXEC SPC_COM_GET_COMBOBOX 'port_country_div';
2018-01-08 11:33:30 EXEC SPC_COM_GET_COMBOBOX 'currency_div';
2018-01-08 11:33:30 EXEC SPC_COM_GET_COMBOBOX 'payment_conditions_div';
2018-01-08 11:33:30 EXEC SPC_GET_TAX_RATE '2018/01/08';
2018-01-08 11:33:30 EXEC SPC_COM_GET_COMBOBOX 'unit_m_div';
2018-01-08 11:33:30 EXEC SPC_COM_GET_COMBOBOX 'unit_q_div';
2018-01-08 11:33:30 EXEC SPC_COM_GET_COMBOBOX 'unit_w_div';
2018-01-08 11:33:30 EXEC SPC_COM_GET_COMBOBOX 'bank_div';
2018-01-08 11:33:30 EXEC SPC_COM_GET_COMBOBOX 'sales_detail_div';
2018-01-08 11:33:31 EXEC SPC_001_PI_DETAIL_INQ1 'RT-131209002';
2018-01-08 11:33:32 EXEC SPC_GET_TAX_RATE '2013/12/09';
2018-01-08 11:33:32 EXEC SPC_COM_GET_COMBOBOX 'unit_m_div';
2018-01-08 11:33:32 EXEC SPC_COM_GET_COMBOBOX 'sales_detail_div';
2018-01-08 11:33:32 EXEC SPC_COM_GET_COMBOBOX 'unit_q_div';
2018-01-08 11:33:32 EXEC SPC_COM_GET_COMBOBOX 'unit_w_div';
2018-01-08 11:34:33 EXEC SPC_COM_GET_COMBOBOX 'currency_div';
2018-01-08 11:34:33 EXEC SPC_COM_GET_COMBOBOX 'shipment_div';
2018-01-08 11:34:33 EXEC SPC_COM_GET_COMBOBOX 'payment_conditions_div';
2018-01-08 11:34:33 EXEC SPC_COM_GET_COMBOBOX 'port_country_div';
2018-01-08 11:34:33 EXEC SPC_COM_GET_COMBOBOX 'trade_terms_div';
2018-01-08 11:34:33 EXEC SPC_COM_GET_COMBOBOX 'port_city_div';
2018-01-08 11:34:33 EXEC SPC_COM_GET_COMBOBOX 'unit_q_div';
2018-01-08 11:34:33 EXEC SPC_COM_GET_COMBOBOX 'sales_detail_div';
2018-01-08 11:34:33 EXEC SPC_COM_GET_COMBOBOX 'unit_w_div';
2018-01-08 11:34:33 EXEC SPC_COM_GET_COMBOBOX 'bank_div';
2018-01-08 11:34:33 EXEC SPC_COM_GET_COMBOBOX 'unit_m_div';
2018-01-08 11:34:33 EXEC SPC_GET_TAX_RATE '2018/01/08';
2018-01-08 11:34:34 EXEC SPC_001_PI_DETAIL_INQ1 'RT-131209002';
2018-01-08 11:34:34 EXEC SPC_COM_GET_COMBOBOX 'unit_m_div';
2018-01-08 11:34:34 EXEC SPC_COM_GET_COMBOBOX 'sales_detail_div';
2018-01-08 11:34:35 EXEC SPC_COM_GET_COMBOBOX 'unit_w_div';
2018-01-08 11:34:35 EXEC SPC_COM_GET_COMBOBOX 'unit_q_div';
2018-01-08 11:34:35 EXEC SPC_GET_TAX_RATE '2013/12/09';
2018-01-08 11:36:03 EXEC SPC_COM_GET_COMBOBOX 'trade_terms_div';
2018-01-08 11:36:03 EXEC SPC_COM_GET_COMBOBOX 'port_city_div';
2018-01-08 11:36:03 EXEC SPC_COM_GET_COMBOBOX 'shipment_div';
2018-01-08 11:36:03 EXEC SPC_COM_GET_COMBOBOX 'payment_conditions_div';
2018-01-08 11:36:03 EXEC SPC_COM_GET_COMBOBOX 'port_country_div';
2018-01-08 11:36:03 EXEC SPC_COM_GET_COMBOBOX 'currency_div';
2018-01-08 11:36:03 EXEC SPC_COM_GET_COMBOBOX 'unit_m_div';
2018-01-08 11:36:03 EXEC SPC_COM_GET_COMBOBOX 'unit_w_div';
2018-01-08 11:36:04 EXEC SPC_COM_GET_COMBOBOX 'unit_q_div';
2018-01-08 11:36:04 EXEC SPC_COM_GET_COMBOBOX 'sales_detail_div';
2018-01-08 11:36:04 EXEC SPC_COM_GET_COMBOBOX 'bank_div';
2018-01-08 11:36:04 EXEC SPC_GET_TAX_RATE '2018/01/08';
2018-01-08 11:36:04 EXEC SPC_001_PI_DETAIL_INQ1 'RT-131209002';
2018-01-08 11:36:05 EXEC SPC_COM_GET_COMBOBOX 'unit_w_div';
2018-01-08 11:36:05 EXEC SPC_COM_GET_COMBOBOX 'sales_detail_div';
2018-01-08 11:36:05 EXEC SPC_GET_TAX_RATE '2013/12/09';
2018-01-08 11:36:05 EXEC SPC_COM_GET_COMBOBOX 'unit_q_div';
2018-01-08 11:36:05 EXEC SPC_COM_GET_COMBOBOX 'unit_m_div';
2018-01-08 11:36:16 EXEC SPC_COM_GET_COMBOBOX 'port_city_div';
2018-01-08 11:36:16 EXEC SPC_COM_GET_COMBOBOX 'payment_conditions_div';
2018-01-08 11:36:16 EXEC SPC_COM_GET_COMBOBOX 'port_country_div';
2018-01-08 11:36:16 EXEC SPC_COM_GET_COMBOBOX 'trade_terms_div';
2018-01-08 11:36:16 EXEC SPC_COM_GET_COMBOBOX 'currency_div';
2018-01-08 11:36:17 EXEC SPC_COM_GET_COMBOBOX 'shipment_div';
2018-01-08 11:36:17 EXEC SPC_COM_GET_COMBOBOX 'unit_m_div';
2018-01-08 11:36:17 EXEC SPC_COM_GET_COMBOBOX 'unit_q_div';
2018-01-08 11:36:17 EXEC SPC_COM_GET_COMBOBOX 'bank_div';
2018-01-08 11:36:17 EXEC SPC_GET_TAX_RATE '2018/01/08';
2018-01-08 11:36:17 EXEC SPC_COM_GET_COMBOBOX 'sales_detail_div';
2018-01-08 11:36:17 EXEC SPC_001_PI_DETAIL_INQ1 'RT-131209002';
2018-01-08 11:36:18 EXEC SPC_COM_GET_COMBOBOX 'unit_w_div';
2018-01-08 11:36:18 EXEC SPC_COM_GET_COMBOBOX 'unit_m_div';
2018-01-08 11:36:18 EXEC SPC_GET_TAX_RATE '2013/12/09';
2018-01-08 11:36:18 EXEC SPC_COM_GET_COMBOBOX 'unit_q_div';
2018-01-08 11:36:18 EXEC SPC_COM_GET_COMBOBOX 'sales_detail_div';
2018-01-08 11:37:15 EXEC SPC_COM_GET_COMBOBOX 'port_country_div';
2018-01-08 11:37:15 EXEC SPC_COM_GET_COMBOBOX 'shipment_div';
2018-01-08 11:37:15 EXEC SPC_COM_GET_COMBOBOX 'port_city_div';
2018-01-08 11:37:15 EXEC SPC_COM_GET_COMBOBOX 'payment_conditions_div';
2018-01-08 11:37:16 EXEC SPC_COM_GET_COMBOBOX 'currency_div';
2018-01-08 11:37:16 EXEC SPC_COM_GET_COMBOBOX 'trade_terms_div';
2018-01-08 11:37:16 EXEC SPC_COM_GET_COMBOBOX 'unit_w_div';
2018-01-08 11:37:16 EXEC SPC_COM_GET_COMBOBOX 'unit_m_div';
2018-01-08 11:37:16 EXEC SPC_COM_GET_COMBOBOX 'unit_q_div';
2018-01-08 11:37:16 EXEC SPC_COM_GET_COMBOBOX 'sales_detail_div';
2018-01-08 11:37:16 EXEC SPC_COM_GET_COMBOBOX 'bank_div';
2018-01-08 11:37:16 EXEC SPC_GET_TAX_RATE '2018/01/08';
2018-01-08 11:37:17 EXEC SPC_001_PI_DETAIL_INQ1 'RT-131209002';
2018-01-08 11:37:17 EXEC SPC_COM_GET_COMBOBOX 'unit_w_div';
2018-01-08 11:37:17 EXEC SPC_GET_TAX_RATE '2013/12/09';
2018-01-08 11:37:17 EXEC SPC_COM_GET_COMBOBOX 'unit_q_div';
2018-01-08 11:37:17 EXEC SPC_COM_GET_COMBOBOX 'sales_detail_div';
2018-01-08 11:37:17 EXEC SPC_COM_GET_COMBOBOX 'unit_m_div';
2018-01-08 11:37:50 EXEC SPC_COM_GET_COMBOBOX 'currency_div';
2018-01-08 11:37:50 EXEC SPC_COM_GET_COMBOBOX 'port_country_div';
2018-01-08 11:37:50 EXEC SPC_COM_GET_COMBOBOX 'payment_conditions_div';
2018-01-08 11:37:51 EXEC SPC_COM_GET_COMBOBOX 'port_city_div';
2018-01-08 11:37:51 EXEC SPC_COM_GET_COMBOBOX 'trade_terms_div';
2018-01-08 11:37:51 EXEC SPC_COM_GET_COMBOBOX 'shipment_div';
2018-01-08 11:37:51 EXEC SPC_COM_GET_COMBOBOX 'unit_q_div';
2018-01-08 11:37:51 EXEC SPC_COM_GET_COMBOBOX 'unit_m_div';
2018-01-08 11:37:51 EXEC SPC_COM_GET_COMBOBOX 'unit_w_div';
2018-01-08 11:37:51 EXEC SPC_COM_GET_COMBOBOX 'bank_div';
2018-01-08 11:37:51 EXEC SPC_COM_GET_COMBOBOX 'sales_detail_div';
2018-01-08 11:37:51 EXEC SPC_GET_TAX_RATE '2018/01/08';
2018-01-08 11:37:52 EXEC SPC_001_PI_DETAIL_INQ1 'RT-131209002';
2018-01-08 11:37:52 EXEC SPC_COM_GET_COMBOBOX 'unit_q_div';
2018-01-08 11:37:52 EXEC SPC_COM_GET_COMBOBOX 'sales_detail_div';
2018-01-08 11:37:52 EXEC SPC_COM_GET_COMBOBOX 'unit_m_div';
2018-01-08 11:37:52 EXEC SPC_COM_GET_COMBOBOX 'unit_w_div';
2018-01-08 11:37:53 EXEC SPC_GET_TAX_RATE '2013/12/09';
2018-01-08 11:38:38 EXEC SPC_COM_GET_COMBOBOX 'port_country_div';
2018-01-08 11:38:38 EXEC SPC_COM_GET_COMBOBOX 'shipment_div';
2018-01-08 11:38:38 EXEC SPC_COM_GET_COMBOBOX 'payment_conditions_div';
2018-01-08 11:38:38 EXEC SPC_COM_GET_COMBOBOX 'currency_div';
2018-01-08 11:38:38 EXEC SPC_COM_GET_COMBOBOX 'trade_terms_div';
2018-01-08 11:38:38 EXEC SPC_COM_GET_COMBOBOX 'port_city_div';
2018-01-08 11:38:39 EXEC SPC_COM_GET_COMBOBOX 'unit_w_div';
2018-01-08 11:38:39 EXEC SPC_COM_GET_COMBOBOX 'unit_q_div';
2018-01-08 11:38:39 EXEC SPC_COM_GET_COMBOBOX 'sales_detail_div';
2018-01-08 11:38:39 EXEC SPC_COM_GET_COMBOBOX 'bank_div';
2018-01-08 11:38:39 EXEC SPC_GET_TAX_RATE '2018/01/08';
2018-01-08 11:38:39 EXEC SPC_COM_GET_COMBOBOX 'unit_m_div';
2018-01-08 11:38:39 EXEC SPC_001_PI_DETAIL_INQ1 'RT-131209002';
2018-01-08 11:38:40 EXEC SPC_COM_GET_COMBOBOX 'unit_q_div';
2018-01-08 11:38:40 EXEC SPC_COM_GET_COMBOBOX 'unit_m_div';
2018-01-08 11:38:40 EXEC SPC_GET_TAX_RATE '2013/12/09';
2018-01-08 11:38:40 EXEC SPC_COM_GET_COMBOBOX 'unit_w_div';
2018-01-08 11:38:40 EXEC SPC_COM_GET_COMBOBOX 'sales_detail_div';
2018-01-08 11:39:44 EXEC SPC_COM_GET_COMBOBOX 'trade_terms_div';
2018-01-08 11:39:44 EXEC SPC_COM_GET_COMBOBOX 'currency_div';
2018-01-08 11:39:44 EXEC SPC_COM_GET_COMBOBOX 'port_country_div';
2018-01-08 11:39:44 EXEC SPC_COM_GET_COMBOBOX 'port_city_div';
2018-01-08 11:39:44 EXEC SPC_COM_GET_COMBOBOX 'shipment_div';
2018-01-08 11:39:44 EXEC SPC_COM_GET_COMBOBOX 'payment_conditions_div';
2018-01-08 11:39:44 EXEC SPC_COM_GET_COMBOBOX 'unit_q_div';
2018-01-08 11:39:44 EXEC SPC_COM_GET_COMBOBOX 'unit_w_div';
2018-01-08 11:39:44 EXEC SPC_COM_GET_COMBOBOX 'unit_m_div';
2018-01-08 11:39:44 EXEC SPC_GET_TAX_RATE '2018/01/08';
2018-01-08 11:39:44 EXEC SPC_COM_GET_COMBOBOX 'sales_detail_div';
2018-01-08 11:39:44 EXEC SPC_COM_GET_COMBOBOX 'bank_div';
2018-01-08 11:39:45 EXEC SPC_001_PI_DETAIL_INQ1 'RT-131209002';
2018-01-08 11:39:46 EXEC SPC_COM_GET_COMBOBOX 'unit_w_div';
2018-01-08 11:39:46 EXEC SPC_COM_GET_COMBOBOX 'unit_m_div';
2018-01-08 11:39:46 EXEC SPC_COM_GET_COMBOBOX 'unit_q_div';
2018-01-08 11:39:46 EXEC SPC_COM_GET_COMBOBOX 'sales_detail_div';
2018-01-08 11:39:46 EXEC SPC_GET_TAX_RATE '2013/12/09';
2018-01-08 11:39:55 EXEC SPC_COM_GET_COMBOBOX 'currency_div';
2018-01-08 11:39:55 EXEC SPC_COM_GET_COMBOBOX 'port_country_div';
2018-01-08 11:39:55 EXEC SPC_COM_GET_COMBOBOX 'payment_conditions_div';
2018-01-08 11:39:55 EXEC SPC_COM_GET_COMBOBOX 'port_city_div';
2018-01-08 11:39:56 EXEC SPC_COM_GET_COMBOBOX 'trade_terms_div';
2018-01-08 11:39:56 EXEC SPC_COM_GET_COMBOBOX 'shipment_div';
2018-01-08 11:39:56 EXEC SPC_COM_GET_COMBOBOX 'unit_w_div';
2018-01-08 11:39:56 EXEC SPC_COM_GET_COMBOBOX 'sales_detail_div';
2018-01-08 11:39:56 EXEC SPC_COM_GET_COMBOBOX 'bank_div';
2018-01-08 11:39:56 EXEC SPC_COM_GET_COMBOBOX 'unit_m_div';
2018-01-08 11:39:56 EXEC SPC_COM_GET_COMBOBOX 'unit_q_div';
2018-01-08 11:39:56 EXEC SPC_GET_TAX_RATE '2018/01/08';
2018-01-08 11:40:31 EXEC SPC_COM_GET_COMBOBOX 'shipment_div';
2018-01-08 11:40:31 EXEC SPC_COM_GET_COMBOBOX 'trade_terms_div';
2018-01-08 11:40:31 EXEC SPC_COM_GET_COMBOBOX 'payment_conditions_div';
2018-01-08 11:40:31 EXEC SPC_COM_GET_COMBOBOX 'currency_div';
2018-01-08 11:40:31 EXEC SPC_COM_GET_COMBOBOX 'port_city_div';
2018-01-08 11:40:31 EXEC SPC_COM_GET_COMBOBOX 'port_country_div';
2018-01-08 11:40:32 EXEC SPC_COM_GET_COMBOBOX 'sales_detail_div';
2018-01-08 11:40:32 EXEC SPC_COM_GET_COMBOBOX 'unit_q_div';
2018-01-08 11:40:32 EXEC SPC_COM_GET_COMBOBOX 'bank_div';
2018-01-08 11:40:32 EXEC SPC_COM_GET_COMBOBOX 'unit_w_div';
2018-01-08 11:40:32 EXEC SPC_COM_GET_COMBOBOX 'unit_m_div';
2018-01-08 11:40:32 EXEC SPC_GET_TAX_RATE '2018/01/08';
2018-01-08 11:40:33 EXEC SPC_COM_GET_COMBOBOX 'trade_terms_div';
2018-01-08 11:40:33 EXEC SPC_COM_GET_COMBOBOX 'payment_conditions_div';
2018-01-08 11:40:33 EXEC SPC_COM_GET_COMBOBOX 'unit_q_div';
2018-01-08 11:40:33 EXEC SPC_COM_GET_COMBOBOX 'unit_w_div';
2018-01-08 11:40:33 EXEC SPC_COM_GET_COMBOBOX 'unit_m_div';
2018-01-08 11:40:33 EXEC SPC_COM_GET_COMBOBOX 'sales_detail_div';
2018-01-08 11:40:34 EXEC SPC_GET_TAX_RATE '2018/01/08';
2018-01-08 11:40:34 EXEC SPC_COM_GET_COMBOBOX 'bank_div';
2018-01-08 11:40:36 EXEC SPC_COM_GET_COMBOBOX 'currency_div';
2018-01-08 11:40:36 EXEC SPC_COM_GET_COMBOBOX 'port_city_div';
2018-01-08 11:40:36 EXEC SPC_COM_GET_COMBOBOX 'shipment_div';
2018-01-08 11:40:36 EXEC SPC_COM_GET_COMBOBOX 'port_country_div';
2018-01-08 11:42:20 EXEC SPC_COM_GET_COMBOBOX 'currency_div';
2018-01-08 11:42:20 EXEC SPC_COM_GET_COMBOBOX 'port_country_div';
2018-01-08 11:42:20 EXEC SPC_COM_GET_COMBOBOX 'shipment_div';
2018-01-08 11:42:20 EXEC SPC_COM_GET_COMBOBOX 'payment_conditions_div';
2018-01-08 11:42:20 EXEC SPC_COM_GET_COMBOBOX 'trade_terms_div';
2018-01-08 11:42:21 EXEC SPC_COM_GET_COMBOBOX 'unit_w_div';
2018-01-08 11:42:21 EXEC SPC_COM_GET_COMBOBOX 'unit_q_div';
2018-01-08 11:42:21 EXEC SPC_COM_GET_COMBOBOX 'sales_detail_div';
2018-01-08 11:42:21 EXEC SPC_COM_GET_COMBOBOX 'unit_m_div';
2018-01-08 11:42:21 EXEC SPC_COM_GET_COMBOBOX 'bank_div';
2018-01-08 11:42:21 EXEC SPC_GET_TAX_RATE '2018/01/08';
2018-01-08 11:42:22 EXEC SPC_COM_GET_COMBOBOX 'port_city_div';
2018-01-08 11:44:42 EXEC SPC_COM_GET_COMBOBOX 'port_country_div';
2018-01-08 11:44:42 EXEC SPC_COM_GET_COMBOBOX 'payment_conditions_div';
2018-01-08 11:44:42 EXEC SPC_COM_GET_COMBOBOX 'trade_terms_div';
2018-01-08 11:44:42 EXEC SPC_COM_GET_COMBOBOX 'currency_div';
2018-01-08 11:44:43 EXEC SPC_COM_GET_COMBOBOX 'port_city_div';
2018-01-08 11:44:43 EXEC SPC_COM_GET_COMBOBOX 'shipment_div';
2018-01-08 11:44:43 EXEC SPC_COM_GET_COMBOBOX 'sales_detail_div';
2018-01-08 11:44:43 EXEC SPC_COM_GET_COMBOBOX 'unit_m_div';
2018-01-08 11:44:43 EXEC SPC_COM_GET_COMBOBOX 'unit_w_div';
2018-01-08 11:44:43 EXEC SPC_COM_GET_COMBOBOX 'unit_q_div';
2018-01-08 11:44:43 EXEC SPC_GET_TAX_RATE '2018/01/08';
2018-01-08 11:44:43 EXEC SPC_COM_GET_COMBOBOX 'bank_div';
2018-01-08 12:19:46 EXEC SPC_COM_GET_COMBOBOX 'pi_status_div';
2018-01-08 15:19:31 EXEC SPC_COM_GET_COMBOBOX 'pi_status_div';
2018-01-08 15:20:27 EXEC SPC_COM_GET_COMBOBOX 'paydate_condition_div';
2018-01-08 15:20:28 EXEC SPC_COM_GET_COMBOBOX 'allocation_div';
2018-01-08 15:20:29 EXEC SPC_COM_GET_COMBOBOX 'round_div';
2018-01-08 15:20:29 EXEC SPC_COM_GET_COMBOBOX 'payment_conditions_div';
2018-01-08 15:20:29 EXEC SPC_COM_GET_COMBOBOX 'currency_div';
2018-01-08 15:20:29 EXEC SPC_COM_GET_COMBOBOX 'bank_div';
2018-01-08 15:20:30 EXEC SPC_COM_GET_COMBOBOX 'exists_div';
2018-01-08 15:20:30 EXEC SPC_COM_GET_COMBOBOX 'payment_nums_div';
2018-01-08 15:20:30 EXEC SPC_COM_GET_COMBOBOX 'payday_condition_div';
2018-01-08 15:20:31 EXEC SPC_COM_GET_COMBOBOX 'postpay_date_div';
2018-01-08 15:22:03 EXEC SPC_COM_GET_COMBOBOX 'unit_q_div';
2018-01-08 15:22:03 EXEC SPC_COM_GET_COMBOBOX 'port_country_div';
2018-01-08 15:22:03 EXEC SPC_COM_GET_COMBOBOX 'port_city_div';
2018-01-08 15:22:03 EXEC SPC_COM_GET_COMBOBOX 'shipment_div';
2018-01-08 15:22:03 EXEC SPC_COM_GET_COMBOBOX 'currency_div';
2018-01-08 15:22:03 EXEC SPC_COM_GET_COMBOBOX 'trade_terms_div';
2018-01-08 15:22:04 EXEC SPC_COM_GET_COMBOBOX 'unit_m_div';
2018-01-08 15:22:04 EXEC SPC_COM_GET_COMBOBOX 'payment_conditions_div';
2018-01-08 15:22:04 EXEC SPC_COM_GET_COMBOBOX 'unit_w_div';
2018-01-08 15:22:04 EXEC SPC_COM_GET_COMBOBOX 'bank_div';
2018-01-08 15:22:04 EXEC SPC_GET_TAX_RATE '2018/01/08';
2018-01-08 15:22:04 EXEC SPC_COM_GET_COMBOBOX 'sales_detail_div';
2018-01-08 15:59:58 EXEC SPC_063_PRODUCT_MASTER_SEARCH_FND1 '','','1','10';
2018-01-08 16:40:21 EXEC SPC_COM_GET_COMBOBOX 'port_city_div';
2018-01-08 16:40:22 EXEC SPC_COM_GET_COMBOBOX 'unit_q_div';
2018-01-08 16:40:22 EXEC SPC_COM_GET_COMBOBOX 'shipment_div';
2018-01-08 16:40:22 EXEC SPC_COM_GET_COMBOBOX 'unit_w_div';
2018-01-08 16:40:22 EXEC SPC_COM_GET_COMBOBOX 'port_country_div';
2018-01-08 16:40:22 EXEC SPC_COM_GET_COMBOBOX 'currency_div';
2018-01-08 16:40:22 EXEC SPC_COM_GET_COMBOBOX 'trade_terms_div';
2018-01-08 16:40:22 EXEC SPC_COM_GET_COMBOBOX 'sales_detail_div';
2018-01-08 16:40:23 EXEC SPC_COM_GET_COMBOBOX 'unit_m_div';
2018-01-08 16:45:56 EXEC SPC_COM_GET_COMBOBOX 'port_country_div';
2018-01-08 16:45:56 EXEC SPC_COM_GET_COMBOBOX 'trade_terms_div';
2018-01-08 16:45:56 EXEC SPC_COM_GET_COMBOBOX 'payment_conditions_div';
2018-01-08 16:45:57 EXEC SPC_COM_GET_COMBOBOX 'unit_q_div';
2018-01-08 16:45:57 EXEC SPC_COM_GET_COMBOBOX 'unit_w_div';
2018-01-08 16:45:57 EXEC SPC_COM_GET_COMBOBOX 'unit_m_div';
2018-01-08 16:45:57 EXEC SPC_COM_GET_COMBOBOX 'bank_div';
2018-01-08 16:45:57 EXEC SPC_COM_GET_COMBOBOX 'sales_detail_div';
2018-01-08 16:45:57 EXEC SPC_GET_TAX_RATE '2018/01/08';
2018-01-08 16:45:57 EXEC SPC_COM_GET_COMBOBOX 'port_city_div';
2018-01-08 16:45:57 EXEC SPC_COM_GET_COMBOBOX 'currency_div';
2018-01-08 16:45:57 EXEC SPC_COM_GET_COMBOBOX 'shipment_div';
2018-01-08 16:46:03 EXEC SPC_COM_GET_COMBOBOX 'pi_status_div';
2018-01-08 16:46:04 EXEC SPC_002_PI_SEARCH_FND1 '','','','','','','','','1','10';
2018-01-08 16:46:07 EXEC SPC_001_PI_DETAIL_INQ1 'RT-130827001';
2018-01-08 16:46:08 EXEC SPC_GET_TAX_RATE '2013/08/27';
2018-01-08 16:46:08 EXEC SPC_COM_GET_COMBOBOX 'unit_q_div';
2018-01-08 16:46:08 EXEC SPC_COM_GET_COMBOBOX 'unit_m_div';
2018-01-08 16:46:08 EXEC SPC_COM_GET_COMBOBOX 'sales_detail_div';
2018-01-08 16:46:08 EXEC SPC_COM_GET_COMBOBOX 'unit_w_div';
2018-01-08 16:46:19 EXEC SPC_COM_GET_COMBOBOX 'trade_terms_div';
2018-01-08 16:46:19 EXEC SPC_COM_GET_COMBOBOX 'port_country_div';
2018-01-08 16:46:19 EXEC SPC_COM_GET_COMBOBOX 'shipment_div';
2018-01-08 16:46:19 EXEC SPC_COM_GET_COMBOBOX 'currency_div';
2018-01-08 16:46:19 EXEC SPC_COM_GET_COMBOBOX 'payment_conditions_div';
2018-01-08 16:46:19 EXEC SPC_COM_GET_COMBOBOX 'port_city_div';
2018-01-08 16:46:20 EXEC SPC_GET_TAX_RATE '2018/01/08';
2018-01-08 16:46:20 EXEC SPC_COM_GET_COMBOBOX 'unit_w_div';
2018-01-08 16:46:20 EXEC SPC_COM_GET_COMBOBOX 'unit_m_div';
2018-01-08 16:46:20 EXEC SPC_COM_GET_COMBOBOX 'unit_q_div';
2018-01-08 16:46:20 EXEC SPC_COM_GET_COMBOBOX 'bank_div';
2018-01-08 16:46:20 EXEC SPC_COM_GET_COMBOBOX 'sales_detail_div';
2018-01-08 16:46:23 EXEC SPC_COM_GET_COMBOBOX 'pi_status_div';
2018-01-08 16:46:27 EXEC SPC_002_PI_SEARCH_FND1 '','','','','','','','10','1','10';
2018-01-08 16:46:29 EXEC SPC_001_PI_DETAIL_INQ1 'RT-131209002';
2018-01-08 16:46:30 EXEC SPC_GET_TAX_RATE '2013/12/09';
2018-01-08 16:46:30 EXEC SPC_COM_GET_COMBOBOX 'unit_w_div';
2018-01-08 16:46:30 EXEC SPC_COM_GET_COMBOBOX 'unit_m_div';
2018-01-08 16:46:30 EXEC SPC_COM_GET_COMBOBOX 'sales_detail_div';
2018-01-08 16:46:30 EXEC SPC_COM_GET_COMBOBOX 'unit_q_div';
2018-01-08 16:46:39 EXEC SPC_COM_GET_COMBOBOX 'pi_status_div';
2018-01-08 16:46:42 EXEC SPC_002_PI_SEARCH_FND1 '','','','','','','','20','1','10';
2018-01-08 16:46:48 EXEC SPC_001_PI_DETAIL_INQ1 'RT-131001001';
2018-01-08 16:46:50 EXEC SPC_GET_TAX_RATE '2013/10/01';
2018-01-08 16:46:50 EXEC SPC_COM_GET_COMBOBOX 'unit_q_div';
2018-01-08 16:46:50 EXEC SPC_COM_GET_COMBOBOX 'sales_detail_div';
2018-01-08 16:46:50 EXEC SPC_COM_GET_COMBOBOX 'unit_w_div';
2018-01-08 16:46:50 EXEC SPC_COM_GET_COMBOBOX 'unit_m_div';
2018-01-08 17:01:53 EXEC SPC_COM_GET_COMBOBOX 'port_country_div';
2018-01-08 17:01:54 EXEC SPC_COM_GET_COMBOBOX 'unit_q_div';
2018-01-08 17:01:54 EXEC SPC_COM_GET_COMBOBOX 'port_city_div';
2018-01-08 17:01:54 EXEC SPC_COM_GET_COMBOBOX 'currency_div';
2018-01-08 17:01:54 EXEC SPC_COM_GET_COMBOBOX 'shipment_div';
2018-01-08 17:01:54 EXEC SPC_COM_GET_COMBOBOX 'payment_conditions_div';
2018-01-08 17:01:54 EXEC SPC_COM_GET_COMBOBOX 'trade_terms_div';
2018-01-08 17:01:55 EXEC SPC_COM_GET_COMBOBOX 'unit_w_div';
2018-01-08 17:01:55 EXEC SPC_GET_TAX_RATE '2018/01/08';
2018-01-08 17:01:55 EXEC SPC_COM_GET_COMBOBOX 'bank_div';
2018-01-08 17:01:55 EXEC SPC_001_PI_DETAIL_INQ1 'RT-131001001';
2018-01-08 17:01:55 EXEC SPC_COM_GET_COMBOBOX 'sales_detail_div';
2018-01-08 17:01:55 EXEC SPC_COM_GET_COMBOBOX 'unit_m_div';
2018-01-08 17:01:56 EXEC SPC_COM_GET_COMBOBOX 'sales_detail_div';
2018-01-08 17:01:56 EXEC SPC_COM_GET_COMBOBOX 'unit_w_div';
2018-01-08 17:01:56 EXEC SPC_COM_GET_COMBOBOX 'unit_m_div';
2018-01-08 17:01:56 EXEC SPC_GET_TAX_RATE '2013/10/01';
2018-01-08 17:01:56 EXEC SPC_COM_GET_COMBOBOX 'unit_q_div';
2018-01-08 17:02:00 EXEC SPC_COM_GET_COMBOBOX 'trade_terms_div';
2018-01-08 17:02:00 EXEC SPC_COM_GET_COMBOBOX 'port_country_div';
2018-01-08 17:02:00 EXEC SPC_COM_GET_COMBOBOX 'port_city_div';
2018-01-08 17:02:00 EXEC SPC_COM_GET_COMBOBOX 'currency_div';
2018-01-08 17:02:00 EXEC SPC_COM_GET_COMBOBOX 'payment_conditions_div';
2018-01-08 17:02:00 EXEC SPC_COM_GET_COMBOBOX 'shipment_div';
2018-01-08 17:02:01 EXEC SPC_COM_GET_COMBOBOX 'unit_q_div';
2018-01-08 17:02:01 EXEC SPC_COM_GET_COMBOBOX 'unit_m_div';
2018-01-08 17:02:01 EXEC SPC_COM_GET_COMBOBOX 'sales_detail_div';
2018-01-08 17:02:01 EXEC SPC_COM_GET_COMBOBOX 'unit_w_div';
2018-01-08 17:02:01 EXEC SPC_COM_GET_COMBOBOX 'bank_div';
2018-01-08 17:02:01 EXEC SPC_GET_TAX_RATE '2018/01/08';
2018-01-08 17:02:06 EXEC SPC_063_PRODUCT_MASTER_SEARCH_FND1 '','','1','10';
2018-01-08 17:02:08 EXEC SPC_001_PI_DETAIL_INQ3 '000110','2018/01/08','','','';
2018-01-08 17:02:35 EXEC SPC_063_PRODUCT_MASTER_SEARCH_FND1 '','','1','10';
2018-01-08 17:02:38 EXEC SPC_001_PI_DETAIL_INQ3 '0004','2018/01/08','','','';
2018-01-08 17:04:01 EXEC SPC_001_PI_DETAIL_INQ3 '004','2018/01/08','','','';
2018-01-08 17:04:04 EXEC SPC_001_PI_DETAIL_INQ3 '00004','2018/01/08','','','';
2018-01-08 17:04:08 EXEC SPC_001_PI_DETAIL_INQ3 '0004','2018/01/08','','','';
2018-01-08 17:05:06 EXEC SPC_063_PRODUCT_MASTER_SEARCH_FND1 '','','1','10';
2018-01-08 17:05:13 EXEC SPC_063_PRODUCT_MASTER_SEARCH_FND1 '','','1','10';
2018-01-08 17:05:35 EXEC SPC_063_PRODUCT_MASTER_SEARCH_FND1 '','','1','10';
2018-01-08 17:06:23 EXEC SPC_063_PRODUCT_MASTER_SEARCH_FND1 '','','1','10';
2018-01-08 17:07:29 EXEC SPC_063_PRODUCT_MASTER_SEARCH_FND1 '','','1','10';
2018-01-08 17:10:10 EXEC SPC_COM_GET_COMBOBOX 'deposit_div';
2018-01-08 17:10:11 EXEC SPC_COM_GET_COMBOBOX 'deposit_way_div';
2018-01-08 17:10:11 EXEC SPC_COM_GET_COMBOBOX 'bank_div';
2018-01-08 17:10:11 EXEC SPC_COM_GET_COMBOBOX 'currency_div';
2018-01-08 17:10:11 EXEC SPC_COM_GET_COMBOBOX 'rete_confirm_div';
2018-01-08 17:10:11 EXEC SPC_COM_GET_COMBOBOX 'target_div';
2018-01-08 17:14:06 EXEC SPC_COM_GET_COMBOBOX 'trade_terms_div';
2018-01-08 17:14:06 EXEC SPC_COM_GET_COMBOBOX 'currency_div';
2018-01-08 17:14:06 EXEC SPC_COM_GET_COMBOBOX 'shipment_div';
2018-01-08 17:14:06 EXEC SPC_COM_GET_COMBOBOX 'payment_conditions_div';
2018-01-08 17:14:06 EXEC SPC_COM_GET_COMBOBOX 'port_city_div';
2018-01-08 17:14:06 EXEC SPC_COM_GET_COMBOBOX 'port_country_div';
2018-01-08 17:14:07 EXEC SPC_COM_GET_COMBOBOX 'unit_q_div';
2018-01-08 17:14:07 EXEC SPC_COM_GET_COMBOBOX 'unit_m_div';
2018-01-08 17:14:07 EXEC SPC_COM_GET_COMBOBOX 'bank_div';
2018-01-08 17:14:07 EXEC SPC_COM_GET_COMBOBOX 'unit_w_div';
2018-01-08 17:14:07 EXEC SPC_COM_GET_COMBOBOX 'sales_detail_div';
2018-01-08 17:14:07 EXEC SPC_GET_TAX_RATE '2018/01/08';
2018-01-08 17:14:14 EXEC SPC_063_PRODUCT_MASTER_SEARCH_FND1 '','','1','10';
2018-01-08 17:15:24 EXEC SPC_063_PRODUCT_MASTER_SEARCH_FND1 '','','1','10';
2018-01-08 17:15:26 EXEC SPC_001_PI_DETAIL_INQ3 '0003','2018/01/08','','','';
2018-01-08 17:16:00 EXEC SPC_063_PRODUCT_MASTER_SEARCH_FND1 '','','1','10';
2018-01-08 17:16:03 EXEC SPC_001_PI_DETAIL_INQ3 '0002','2018/01/08','','','';
2018-01-08 17:21:53 EXEC SPC_GET_TAX_RATE '1900/01/01';
2018-01-08 17:22:15 EXEC SPC_COM_GET_COMBOBOX 'pi_status_div';
2018-01-08 17:22:23 EXEC SPC_002_PI_SEARCH_FND1 '1900/01/01','','','','','','','','1','10';
2018-01-08 17:23:00 EXEC SPC_COM_GET_COMBOBOX 'port_city_div';
2018-01-08 17:23:01 EXEC SPC_COM_GET_COMBOBOX 'unit_q_div';
2018-01-08 17:23:02 EXEC SPC_COM_GET_COMBOBOX 'unit_w_div';
2018-01-08 17:23:02 EXEC SPC_COM_GET_COMBOBOX 'currency_div';
2018-01-08 17:23:02 EXEC SPC_COM_GET_COMBOBOX 'trade_terms_div';
2018-01-08 17:23:02 EXEC SPC_COM_GET_COMBOBOX 'port_country_div';
2018-01-08 17:23:02 EXEC SPC_COM_GET_COMBOBOX 'shipment_div';
2018-01-08 17:23:02 EXEC SPC_COM_GET_COMBOBOX 'payment_conditions_div';
2018-01-08 17:23:02 EXEC SPC_COM_GET_COMBOBOX 'unit_m_div';
2018-01-08 17:23:03 EXEC SPC_COM_GET_COMBOBOX 'sales_detail_div';
2018-01-08 17:23:03 EXEC SPC_GET_TAX_RATE '2018/01/08';
2018-01-08 17:23:03 EXEC SPC_001_PI_DETAIL_INQ1 'RT-130827001';
2018-01-08 17:23:03 EXEC SPC_COM_GET_COMBOBOX 'bank_div';
2018-01-08 17:23:04 EXEC SPC_COM_GET_COMBOBOX 'sales_detail_div';
2018-01-08 17:23:04 EXEC SPC_COM_GET_COMBOBOX 'unit_w_div';
2018-01-08 17:23:04 EXEC SPC_GET_TAX_RATE '2013/08/27';
2018-01-08 17:23:04 EXEC SPC_COM_GET_COMBOBOX 'unit_m_div';
2018-01-08 17:23:04 EXEC SPC_COM_GET_COMBOBOX 'unit_q_div';
2018-01-08 17:23:07 EXEC SPC_COM_GET_COMBOBOX 'pi_status_div';
2018-01-08 17:23:07 EXEC SPC_002_PI_SEARCH_FND1 '1900/01/01','','','','','','','','1','10';
2018-01-08 17:23:10 EXEC SPC_002_PI_SEARCH_FND1 '1900/01/01','','','','','','','10','1','10';
2018-01-08 17:23:14 EXEC SPC_COM_GET_COMBOBOX 'port_country_div';
2018-01-08 17:23:14 EXEC SPC_COM_GET_COMBOBOX 'trade_terms_div';
2018-01-08 17:23:14 EXEC SPC_COM_GET_COMBOBOX 'payment_conditions_div';
2018-01-08 17:23:15 EXEC SPC_COM_GET_COMBOBOX 'shipment_div';
2018-01-08 17:23:15 EXEC SPC_COM_GET_COMBOBOX 'port_city_div';
2018-01-08 17:23:15 EXEC SPC_COM_GET_COMBOBOX 'currency_div';
2018-01-08 17:23:15 EXEC SPC_COM_GET_COMBOBOX 'unit_w_div';
2018-01-08 17:23:15 EXEC SPC_COM_GET_COMBOBOX 'unit_q_div';
2018-01-08 17:23:15 EXEC SPC_COM_GET_COMBOBOX 'sales_detail_div';
2018-01-08 17:23:15 EXEC SPC_GET_TAX_RATE '2018/01/08';
';
2018-01-08 17:23:15 EXEC SPC_COM_GET_COMBOBOX 'bank_div';
2018-01-08 17:23:16 EXEC SPC_001_PI_DETAIL_INQ1 'RT-131209002';
2018-01-08 17:23:16 EXEC SPC_COM_GET_COMBOBOX 'sales_detail_div';
2018-01-08 17:23:16 EXEC SPC_COM_GET_COMBOBOX 'unit_m_div';
2018-01-08 17:23:16 EXEC SPC_GET_TAX_RATE '2013/12/09';
2018-01-08 17:23:17 EXEC SPC_COM_GET_COMBOBOX 'unit_w_div';
2018-01-08 17:23:17 EXEC SPC_COM_GET_COMBOBOX 'unit_q_div';
2018-01-08 17:23:19 EXEC SPC_GET_TAX_RATE '1900/01/01';
2018-01-08 17:23:24 EXEC SPC_001_PI_DETAIL_ACT1 'R','RT-131209002','1900/01/01','F0271','Kimnguu Instrument & Chemical Im-Ex JSC (Kimex JSC)','No. 215 Nguyen Khoai road,','Hai Ba Trung Dist, Hanoi city','','074','VN','84-4-39842-258','84-4-39842.256','','Kimnguu Instrument & Chemical Im-Ex JSC (Kimex JSC)','No. 215 Nguyen Khoai road,','Hai Ba Trung Dist, Hanoi city','','074','VN','84-4-39842-258','84-4-39842.256','Kimex JSC','Hanoi','','MADE IN JAPAN','Standard Export Carton','05','USD','060','01','03','074','VN','01','Advance payment','[{"pi_detail_no":"1","sales_detail_div":"0","product_cd":"10007","description":"Digital UV-VIS Spectrophotometer Model PD-3000UV with standard accessories (110\/220VAC 50\/60Hz)","qty":"1","unit_of_m_div":"001","unit_price":"3100","amount":"3100","detail_tax":"37.2","unit_measure_qty":"0","unit_measure_price":"001","outside_remarks":"","unit_net_weight":"0","unit_net_weight_div":"001","net_weight":"0","unit_gross_weight":"0","gross_weight":"0","measure":"0"}]','1','001','0','001','0','001','0','001','3100','165','0','0','3265','Around 3 weeks after receipt of payment','','Japan','APEL CO.,LTD.','This Proforma invoice is valid for 2 weeks from the date of  issue.','- If a consulate visa is required, the related fees should be paid by the buyer.','- In case of transport by air and/or container, FOB, C&F and CIF in this proforma invoice','shall be respectively equivalent to FCA, CPT and CIP stipulated in Incoterms 2000.','- In the even that the dollar (euro)falls against the Japanese yen by more than 5% from','the rate of proforma invoice date, the prices will not be effective.','','*** Warranty period after shipment***','3 years: PD-303, BR-501','1 year: AP-120, AP-1000M, PD-303S, PD-3000UV, BR-5200, BR-5200P, HC-702','','002','','','001_pi-detail','';
2018-01-08 17:23:25 EXEC SPC_001_PI_DETAIL_INQ1 'RT-131209002';
2018-01-08 17:23:26 EXEC SPC_COM_GET_COMBOBOX 'unit_w_div';
2018-01-08 17:23:26 EXEC SPC_COM_GET_COMBOBOX 'unit_q_div';
2018-01-08 17:23:26 EXEC SPC_COM_GET_COMBOBOX 'sales_detail_div';
2018-01-08 17:23:26 EXEC SPC_COM_GET_COMBOBOX 'unit_m_div';
2018-01-08 17:23:26 EXEC SPC_GET_TAX_RATE '1900/01/01';
2018-01-08 17:23:31 EXEC SPC_COM_GET_COMBOBOX 'port_country_div';
2018-01-08 17:23:31 EXEC SPC_COM_GET_COMBOBOX 'trade_terms_div';
2018-01-08 17:23:31 EXEC SPC_COM_GET_COMBOBOX 'shipment_div';
2018-01-08 17:23:31 EXEC SPC_COM_GET_COMBOBOX 'payment_conditions_div';
2018-01-08 17:23:31 EXEC SPC_COM_GET_COMBOBOX 'currency_div';
2018-01-08 17:23:31 EXEC SPC_COM_GET_COMBOBOX 'sales_detail_div';
2018-01-08 17:23:31 EXEC SPC_COM_GET_COMBOBOX 'unit_q_div';
2018-01-08 17:23:31 EXEC SPC_COM_GET_COMBOBOX 'bank_div';
2018-01-08 17:23:31 EXEC SPC_COM_GET_COMBOBOX 'unit_m_div';
2018-01-08 17:23:32 EXEC SPC_COM_GET_COMBOBOX 'unit_w_div';
2018-01-08 17:23:32 EXEC SPC_GET_TAX_RATE '2018/01/08';
2018-01-08 17:23:32 EXEC SPC_001_PI_DETAIL_INQ1 'RT-131209002';
2018-01-08 17:23:33 EXEC SPC_COM_GET_COMBOBOX 'sales_detail_div';
2018-01-08 17:23:33 EXEC SPC_COM_GET_COMBOBOX 'port_city_div';
2018-01-08 17:23:33 EXEC SPC_GET_TAX_RATE '1900/01/01';
2018-01-08 17:23:33 EXEC SPC_COM_GET_COMBOBOX 'unit_m_div';
2018-01-08 17:23:33 EXEC SPC_COM_GET_COMBOBOX 'unit_q_div';
2018-01-08 17:23:33 EXEC SPC_COM_GET_COMBOBOX 'unit_w_div';
2018-01-08 17:34:14 EXEC SPC_COM_GET_COMBOBOX 'pi_status_div';
2018-01-08 17:34:20 EXEC SPC_002_PI_SEARCH_FND1 '','','','','','','','','1','10';
2018-01-08 17:34:30 EXEC SPC_002_PI_SEARCH_FND1 '1900/01/01','1900/01/01','','','','','','','1','10';
2018-01-08 17:34:41 EXEC SPC_COM_GET_COMBOBOX 'pi_status_div';
2018-01-08 17:34:49 EXEC SPC_002_PI_SEARCH_FND1 '1900/01/01','1900/01/01','','','','','','','1','10';
2018-01-08 17:43:41 EXEC SPC_COM_GET_COMBOBOX 'pi_status_div';
2018-01-08 17:44:36 EXEC SPC_COM_GET_COMBOBOX 'sales_unit_price_kind_div';
2018-01-08 18:21:00 EXEC SPC_COM_GET_COMBOBOX 'port_country_div';
2018-01-08 18:21:00 EXEC SPC_COM_GET_COMBOBOX 'port_city_div';
2018-01-08 18:21:00 EXEC SPC_COM_GET_COMBOBOX 'unit_q_div';
2018-01-08 18:21:00 EXEC SPC_COM_GET_COMBOBOX 'unit_w_div';
2018-01-08 18:21:01 EXEC SPC_COM_GET_COMBOBOX 'sales_detail_div';
2018-01-08 18:21:01 EXEC SPC_COM_GET_COMBOBOX 'unit_m_div';
2018-01-08 18:21:01 EXEC SPC_COM_GET_COMBOBOX 'bank_div';
2018-01-08 18:21:01 EXEC SPC_COM_GET_COMBOBOX 'shipment_div';
2018-01-08 18:21:01 EXEC SPC_COM_GET_COMBOBOX 'payment_conditions_div';
2018-01-08 18:21:02 EXEC SPC_COM_GET_COMBOBOX 'trade_terms_div';
2018-01-08 18:21:02 EXEC SPC_COM_GET_COMBOBOX 'currency_div';
2018-01-08 18:21:12 EXEC SPC_063_PRODUCT_MASTER_SEARCH_FND1 '','','1','10';
2018-01-08 18:21:14 EXEC SPC_063_PRODUCT_MASTER_SEARCH_FND1 '','','2','10';
2018-01-08 18:21:16 EXEC SPC_063_PRODUCT_MASTER_SEARCH_FND1 '','','3','10';
2018-01-08 18:21:19 EXEC SPC_001_PI_DETAIL_INQ3 '10001','2018/01/08','','','';
2018-01-08 18:21:25 EXEC SPC_COM_GET_COMBOBOX 'currency_div';
2018-01-08 18:21:25 EXEC SPC_COM_GET_COMBOBOX 'port_city_div';
2018-01-08 18:21:25 EXEC SPC_COM_GET_COMBOBOX 'port_country_div';
2018-01-08 18:21:25 EXEC SPC_COM_GET_COMBOBOX 'trade_terms_div';
2018-01-08 18:21:25 EXEC SPC_COM_GET_COMBOBOX 'payment_conditions_div';
2018-01-08 18:21:25 EXEC SPC_COM_GET_COMBOBOX 'shipment_div';
2018-01-08 18:21:26 EXEC SPC_COM_GET_COMBOBOX 'unit_q_div';
2018-01-08 18:21:26 EXEC SPC_COM_GET_COMBOBOX 'unit_w_div';
2018-01-08 18:21:26 EXEC SPC_COM_GET_COMBOBOX 'unit_m_div';
2018-01-08 18:21:26 EXEC SPC_COM_GET_COMBOBOX 'sales_detail_div';
2018-01-08 18:21:26 EXEC SPC_COM_GET_COMBOBOX 'bank_div';
2018-01-08 18:21:26 EXEC SPC_GET_TAX_RATE '2018/01/08';
2018-01-08 18:23:05 EXEC SPC_COM_GET_COMBOBOX 'port_country_div';
2018-01-08 18:23:05 EXEC SPC_COM_GET_COMBOBOX 'port_city_div';
2018-01-08 18:23:05 EXEC SPC_COM_GET_COMBOBOX 'currency_div';
2018-01-08 18:23:05 EXEC SPC_COM_GET_COMBOBOX 'trade_terms_div';
2018-01-08 18:23:05 EXEC SPC_COM_GET_COMBOBOX 'shipment_div';
2018-01-08 18:23:05 EXEC SPC_COM_GET_COMBOBOX 'payment_conditions_div';
2018-01-08 18:23:06 EXEC SPC_COM_GET_COMBOBOX 'sales_detail_div';
2018-01-08 18:23:06 EXEC SPC_COM_GET_COMBOBOX 'unit_w_div';
2018-01-08 18:23:06 EXEC SPC_COM_GET_COMBOBOX 'bank_div';
2018-01-08 18:23:06 EXEC SPC_GET_TAX_RATE '2018/01/08';
2018-01-08 18:23:06 EXEC SPC_COM_GET_COMBOBOX 'unit_m_div';
2018-01-08 18:23:06 EXEC SPC_COM_GET_COMBOBOX 'unit_q_div';
2018-01-08 18:23:15 EXEC SPC_063_PRODUCT_MASTER_SEARCH_FND1 '','','1','10';
2018-01-08 18:23:18 EXEC SPC_063_PRODUCT_MASTER_SEARCH_FND1 '','','2','10';
2018-01-08 18:23:19 EXEC SPC_063_PRODUCT_MASTER_SEARCH_FND1 '','','3','10';
2018-01-08 18:23:22 EXEC SPC_001_PI_DETAIL_INQ3 '10001','2018/01/08','','','';
2018-01-08 18:23:49 EXEC SPC_COM_GET_COMBOBOX 'port_country_div';
2018-01-08 18:23:49 EXEC SPC_COM_GET_COMBOBOX 'port_city_div';
2018-01-08 18:23:49 EXEC SPC_COM_GET_COMBOBOX 'shipment_div';
2018-01-08 18:23:49 EXEC SPC_COM_GET_COMBOBOX 'payment_conditions_div';
2018-01-08 18:23:49 EXEC SPC_COM_GET_COMBOBOX 'trade_terms_div';
2018-01-08 18:23:49 EXEC SPC_COM_GET_COMBOBOX 'currency_div';
2018-01-08 18:23:50 EXEC SPC_COM_GET_COMBOBOX 'sales_detail_div';
2018-01-08 18:23:50 EXEC SPC_COM_GET_COMBOBOX 'bank_div';
2018-01-08 18:23:50 EXEC SPC_COM_GET_COMBOBOX 'unit_q_div';
2018-01-08 18:23:50 EXEC SPC_COM_GET_COMBOBOX 'unit_m_div';
2018-01-08 18:23:50 EXEC SPC_COM_GET_COMBOBOX 'unit_w_div';
2018-01-08 18:23:50 EXEC SPC_GET_TAX_RATE '2018/01/08';
2018-01-08 18:23:54 EXEC SPC_063_PRODUCT_MASTER_SEARCH_FND1 '','','1','10';
2018-01-08 18:23:56 EXEC SPC_063_PRODUCT_MASTER_SEARCH_FND1 '','','2','10';
2018-01-08 18:23:57 EXEC SPC_063_PRODUCT_MASTER_SEARCH_FND1 '','','3','10';
2018-01-08 18:24:59 EXEC SPC_063_PRODUCT_MASTER_SEARCH_FND1 '','','1','10';
2018-01-08 18:25:01 EXEC SPC_063_PRODUCT_MASTER_SEARCH_FND1 '','','2','10';
2018-01-08 18:25:02 EXEC SPC_063_PRODUCT_MASTER_SEARCH_FND1 '','','3','10';
2018-01-08 18:45:53 EXEC SPC_COM_GET_COMBOBOX 'shipment_div';
2018-01-08 18:45:54 EXEC SPC_COM_GET_COMBOBOX 'unit_q_div';
2018-01-08 18:45:54 EXEC SPC_COM_GET_COMBOBOX 'payment_conditions_div';
2018-01-08 18:45:54 EXEC SPC_COM_GET_COMBOBOX 'unit_w_div';
2018-01-08 18:45:54 EXEC SPC_COM_GET_COMBOBOX 'port_country_div';
2018-01-08 18:45:54 EXEC SPC_COM_GET_COMBOBOX 'currency_div';
2018-01-08 18:45:54 EXEC SPC_COM_GET_COMBOBOX 'port_city_div';
2018-01-08 18:45:55 EXEC SPC_COM_GET_COMBOBOX 'trade_terms_div';
2018-01-08 18:45:55 EXEC SPC_COM_GET_COMBOBOX 'sales_detail_div';
2018-01-08 18:45:55 EXEC SPC_GET_TAX_RATE '2018/01/08';
2018-01-08 18:45:55 EXEC SPC_COM_GET_COMBOBOX 'unit_m_div';
2018-01-08 18:45:55 EXEC SPC_COM_GET_COMBOBOX 'bank_div';
2018-01-08 18:46:28 EXEC SPC_COM_GET_COMBOBOX 'payment_conditions_div';
2018-01-08 18:46:28 EXEC SPC_COM_GET_COMBOBOX 'shipment_div';
2018-01-08 18:46:28 EXEC SPC_COM_GET_COMBOBOX 'trade_terms_div';
2018-01-08 18:46:28 EXEC SPC_COM_GET_COMBOBOX 'port_country_div';
2018-01-08 18:46:28 EXEC SPC_COM_GET_COMBOBOX 'currency_div';
2018-01-08 18:46:28 EXEC SPC_COM_GET_COMBOBOX 'port_city_div';
2018-01-08 18:46:28 EXEC SPC_COM_GET_COMBOBOX 'sales_detail_div';
2018-01-08 18:46:28 EXEC SPC_COM_GET_COMBOBOX 'unit_q_div';
2018-01-08 18:46:28 EXEC SPC_COM_GET_COMBOBOX 'bank_div';
2018-01-08 18:46:28 EXEC SPC_COM_GET_COMBOBOX 'unit_w_div';
2018-01-08 18:46:28 EXEC SPC_GET_TAX_RATE '2018/01/08';
2018-01-08 18:46:28 EXEC SPC_COM_GET_COMBOBOX 'unit_m_div';
2018-01-08 18:46:33 EXEC SPC_COM_GET_COMBOBOX 'pi_status_div';
2018-01-08 18:47:15 EXEC SPC_COM_GET_COMBOBOX 'port_country_div';
2018-01-08 18:47:15 EXEC SPC_COM_GET_COMBOBOX 'shipment_div';
2018-01-08 18:47:15 EXEC SPC_COM_GET_COMBOBOX 'payment_conditions_div';
2018-01-08 18:47:15 EXEC SPC_COM_GET_COMBOBOX 'trade_terms_div';
2018-01-08 18:47:15 EXEC SPC_COM_GET_COMBOBOX 'port_city_div';
2018-01-08 18:47:15 EXEC SPC_COM_GET_COMBOBOX 'currency_div';
2018-01-08 18:47:16 EXEC SPC_COM_GET_COMBOBOX 'unit_w_div';
2018-01-08 18:47:16 EXEC SPC_COM_GET_COMBOBOX 'unit_q_div';
2018-01-08 18:47:16 EXEC SPC_COM_GET_COMBOBOX 'unit_m_div';
2018-01-08 18:47:16 EXEC SPC_COM_GET_COMBOBOX 'sales_detail_div';
2018-01-08 18:47:16 EXEC SPC_COM_GET_COMBOBOX 'bank_div';
2018-01-08 18:47:16 EXEC SPC_GET_TAX_RATE '2018/01/08';
2018-01-08 18:47:22 EXEC SPC_COM_GET_COMBOBOX 'shipment_div';
2018-01-08 18:47:22 EXEC SPC_COM_GET_COMBOBOX 'payment_conditions_div';
2018-01-08 18:47:22 EXEC SPC_COM_GET_COMBOBOX 'currency_div';
2018-01-08 18:47:22 EXEC SPC_COM_GET_COMBOBOX 'port_country_div';
2018-01-08 18:47:22 EXEC SPC_COM_GET_COMBOBOX 'port_city_div';
2018-01-08 18:47:22 EXEC SPC_COM_GET_COMBOBOX 'trade_terms_div';
2018-01-08 18:47:23 EXEC SPC_COM_GET_COMBOBOX 'unit_m_div';
2018-01-08 18:47:23 EXEC SPC_GET_TAX_RATE '2018/01/08';
2018-01-08 18:47:23 EXEC SPC_COM_GET_COMBOBOX 'unit_w_div';
2018-01-08 18:47:23 EXEC SPC_COM_GET_COMBOBOX 'bank_div';
2018-01-08 18:47:23 EXEC SPC_COM_GET_COMBOBOX 'sales_detail_div';
2018-01-08 18:47:23 EXEC SPC_COM_GET_COMBOBOX 'unit_q_div';
2018-01-08 18:47:29 EXEC SPC_001_PI_DETAIL_INQ2 'f001','1';
2018-01-08 18:47:32 EXEC SPC_055_SUPPLIERS_MASTER_SEARCH_FND1 '','','','','','','0','0','0','1','10';
2018-01-08 18:47:34 EXEC SPC_001_PI_DETAIL_INQ2 '001','1';
2018-01-08 18:47:43 EXEC SPC_055_SUPPLIERS_MASTER_SEARCH_FND1 '','','','','','','0','0','0','1','10';
2018-01-08 18:47:45 EXEC SPC_001_PI_DETAIL_INQ2 'F0004','1';
2018-01-08 18:47:57 EXEC SPC_GET_LIB_CITY_COUNTRY '004';
2018-01-08 18:47:59 EXEC SPC_GET_LIB_CITY_COUNTRY '001';
2018-01-08 18:48:05 EXEC SPC_GET_USER '812';
2018-01-08 18:48:15 EXEC SPC_001_PI_DETAIL_INQ3 '10001','2018/01/08','F0004','TR','EUR';
2018-01-08 18:48:35 EXEC SPC_001_PI_DETAIL_ACT1 'I','','2018/01/08','F0004','ADVANCED TRADING AGENCIES CO.','TlaAl-Ali Al-Hikma Building, 3rd floor.','P.O.Box 960904 Amman 11196','','004','TR','962-6-515010','962-6-5154802','','ADVANCED TRADING AGENCIES CO.','TlaAl-Ali Al-Hikma Building, 3rd floor.','P.O.Box 960904 Amman 11196','','001','SY','962-6-515010','962-6-5154802','APEL CO., LTD.','','','','Standard Export Carton','','EUR','060','01','02','','','01','Payment','[{"pi_detail_no":"1","sales_detail_div":"0","product_cd":"10001","description":"Description","qty":"100","unit_of_m_div":"002","unit_price":"11","amount":"1100","detail_tax":"99","unit_measure_qty":"10","unit_measure_price":"002","outside_remarks":"\u793e\u5916\u7528\u5099\u8003","unit_net_weight":"100","unit_net_weight_div":"","net_weight":"10000","unit_gross_weight":"10","gross_weight":"1000","measure":"1000"}]','100','002','1000','','10000','','1000','002','1100','10','10','0','1120','Around 1 month after receipt of payment','','Japan','APEL CO.,LTD.','This Proforma invoice is valid for 2 weeks from the date of  issue.','- If a consulate visa is required, the related fees should be paid by the buyer.','- In case of transport by air and/or container, FOB, C&F and CIF in this proforma invoice','shall be respectively equivalent to FCA, CPT and CIP stipulated in Incoterms 2000.','- In the event that the dollar (euro)falls against the Japanese yen by more than 5% from','the rate of proforma invoice date, the prices will not be effective.','* Remittance charge must be covered by sender.','*** Warranty period after shipment***','3 years: PD-303, BR-501','1 year: AP-120, AP-1000M, PD-303S, PD-3000UV, BR-5200, BR-5200P, HC-702, HG-220','*Our bank account is only Japanese one.(We have no bank account outside Japan)','812','','','001_pi-detail','';
2018-01-08 18:48:37 EXEC SPC_001_PI_DETAIL_INQ1 'RT-180108007';
2018-01-08 18:48:37 EXEC SPC_COM_GET_COMBOBOX 'unit_q_div';
2018-01-08 18:48:37 EXEC SPC_COM_GET_COMBOBOX 'unit_m_div';
2018-01-08 18:48:37 EXEC SPC_COM_GET_COMBOBOX 'unit_w_div';
2018-01-08 18:48:38 EXEC SPC_GET_TAX_RATE '2018/01/08';
2018-01-08 18:48:38 EXEC SPC_COM_GET_COMBOBOX 'sales_detail_div';
2018-01-08 18:48:45 EXEC SPC_001_PI_DETAIL_ACT1 'I','RT-180108007','2018/01/08','F0004','ADVANCED TRADING AGENCIES CO.','TlaAl-Ali Al-Hikma Building, 3rd floor.','P.O.Box 960904 Amman 11196','','004','TR','962-6-515010','962-6-5154802','','ADVANCED TRADING AGENCIES CO.','TlaAl-Ali Al-Hikma Building, 3rd floor.','P.O.Box 960904 Amman 11196','','001','SY','962-6-515010','962-6-5154802','APEL CO., LTD.','','','','Standard Export Carton','','EUR','060','01','02','','','01','Payment','[{"pi_detail_no":"1","sales_detail_div":"0","product_cd":"10001","description":"Description","qty":"100","unit_of_m_div":"002","unit_price":"11","amount":"1100","detail_tax":"99","unit_measure_qty":"10","unit_measure_price":"002","outside_remarks":"\u793e\u5916\u7528\u5099\u8003","unit_net_weight":"100","unit_net_weight_div":"","net_weight":"10000","unit_gross_weight":"10","gross_weight":"1000","measure":"1000"}]','100','002','1000','','10000','','1000','002','1100','10','10','0','1120','Around 1 month after receipt of payment','','Japan','APEL CO.,LTD.','This Proforma invoice is valid for 2 weeks from the date of  issue.','- If a consulate visa is required, the related fees should be paid by the buyer.','- In case of transport by air and/or container, FOB, C&F and CIF in this proforma invoice','shall be respectively equivalent to FCA, CPT and CIP stipulated in Incoterms 2000.','- In the event that the dollar (euro)falls against the Japanese yen by more than 5% from','the rate of proforma invoice date, the prices will not be effective.','* Remittance charge must be covered by sender.','*** Warranty period after shipment***','3 years: PD-303, BR-501','1 year: AP-120, AP-1000M, PD-303S, PD-3000UV, BR-5200, BR-5200P, HC-702, HG-220','*Our bank account is only Japanese one.(We have no bank account outside Japan)','812','','','001_pi-detail','';
2018-01-08 18:48:47 EXEC SPC_001_PI_DETAIL_INQ1 'RT-180108008';
2018-01-08 18:48:47 EXEC SPC_COM_GET_COMBOBOX 'sales_detail_div';
2018-01-08 18:48:47 EXEC SPC_COM_GET_COMBOBOX 'unit_q_div';
2018-01-08 18:48:48 EXEC SPC_COM_GET_COMBOBOX 'unit_w_div';
2018-01-08 18:48:48 EXEC SPC_COM_GET_COMBOBOX 'unit_m_div';
2018-01-08 18:48:48 EXEC SPC_GET_TAX_RATE '2018/01/08';
2018-01-08 18:50:29 EXEC SPC_004_PI_ORDER_CONFIRM_FND1 '','','','','1','10';
2018-01-08 18:51:03 EXEC SPC_004_PI_ORDER_CONFIRM_FND1 '','','','','1','10';
2018-01-08 18:55:19 EXEC SPC_004_PI_ORDER_CONFIRM_FND1 '','','','','1','10';
2018-01-08 19:05:30 EXEC SPC_COM_GET_COMBOBOX 'port_country_div';
2018-01-08 19:05:30 EXEC SPC_COM_GET_COMBOBOX 'unit_q_div';
2018-01-08 19:05:31 EXEC SPC_COM_GET_COMBOBOX 'unit_w_div';
2018-01-08 19:05:31 EXEC SPC_COM_GET_COMBOBOX 'port_city_div';
2018-01-08 19:05:31 EXEC SPC_COM_GET_COMBOBOX 'shipment_div';
2018-01-08 19:05:31 EXEC SPC_COM_GET_COMBOBOX 'trade_terms_div';
2018-01-08 19:05:31 EXEC SPC_COM_GET_COMBOBOX 'currency_div';
2018-01-08 19:05:31 EXEC SPC_COM_GET_COMBOBOX 'payment_conditions_div';
2018-01-08 19:05:32 EXEC SPC_COM_GET_COMBOBOX 'unit_m_div';
2018-01-08 19:05:32 EXEC SPC_COM_GET_COMBOBOX 'sales_detail_div';
2018-01-08 19:05:32 EXEC SPC_COM_GET_COMBOBOX 'bank_div';
2018-01-08 19:05:32 EXEC SPC_GET_TAX_RATE '2018/01/08';
2018-01-08 19:05:34 EXEC SPC_001_PI_DETAIL_INQ3 '0009','2018/01/08','','','';
2018-01-08 19:06:01 EXEC SPC_001_PI_DETAIL_INQ2 'F0003','1';
2018-01-08 19:06:09 EXEC SPC_001_PI_DETAIL_INQ3 '0008','2018/01/08','F0003','SY','USD';
2018-01-08 19:06:14 EXEC SPC_001_PI_DETAIL_INQ3 '00009','2018/01/08','F0003','SY','USD';
2018-01-08 19:06:16 EXEC SPC_001_PI_DETAIL_INQ3 '0009','2018/01/08','F0003','SY','USD';
2018-01-08 19:24:55 EXEC SPC_004_PI_ORDER_CONFIRM_FND1 '','','','','1','10';
2018-01-08 19:35:38 EXEC SPC_073_LOGIN_ACT1 '812','812';
2018-01-08 19:35:38 EXEC SPC_GET_CONSTANT '';
