2018-09-25 15:51:38 EXEC SPC_073_LOGIN_ACT1 '812','812';
2018-09-25 15:51:38 EXEC SPC_GET_CONSTANT '';
2018-09-25 15:51:45 EXEC SPC_GET_PERMISSION_AUTH '999','suppliers-master-search','view';
2018-09-25 15:51:45 EXEC SPC_COM_GET_COMBOBOX 'sales_unit_price_kind_div';
2018-09-25 15:51:49 EXEC SPC_GET_PERMISSION_AUTH '999','suppliers-master-search','search';
2018-09-25 15:51:49 EXEC SPC_055_SUPPLIERS_MASTER_SEARCH_FND1 '','','','','','','0','0','0','1','10';
2018-09-25 15:51:53 EXEC SPC_GET_PERMISSION_AUTH '999','suppliers-master-search','search';
2018-09-25 15:51:53 EXEC SPC_055_SUPPLIERS_MASTER_SEARCH_FND1 '','','','','','','0','0','0','2','10';
2018-09-25 15:51:55 EXEC SPC_GET_PERMISSION_AUTH '999','suppliers-master-search','search';
2018-09-25 15:51:55 EXEC SPC_055_SUPPLIERS_MASTER_SEARCH_FND1 '','','','','','','0','0','0','3','10';
2018-09-25 15:51:56 EXEC SPC_GET_PERMISSION_AUTH '999','suppliers-master-search','search';
2018-09-25 15:51:57 EXEC SPC_055_SUPPLIERS_MASTER_SEARCH_FND1 '','','','','','','0','0','0','4','10';
2018-09-25 15:51:58 EXEC SPC_GET_PERMISSION_AUTH '999','suppliers-master-search','search';
2018-09-25 15:51:58 EXEC SPC_055_SUPPLIERS_MASTER_SEARCH_FND1 '','','','','','','0','0','0','5','10';
2018-09-25 15:52:00 EXEC SPC_GET_PERMISSION_AUTH '999','suppliers-master-search','search';
2018-09-25 15:52:00 EXEC SPC_055_SUPPLIERS_MASTER_SEARCH_FND1 '','','','','','','0','0','0','6','10';
2018-09-25 15:52:12 EXEC SPC_GET_PERMISSION_AUTH '999','suppliers-master-search','search';
2018-09-25 15:52:12 EXEC SPC_055_SUPPLIERS_MASTER_SEARCH_FND1 '','','','','','','0','0','0','65','10';
2018-09-25 15:52:15 EXEC SPC_GET_PERMISSION_AUTH '999','suppliers-master-search','search';
2018-09-25 15:52:15 EXEC SPC_055_SUPPLIERS_MASTER_SEARCH_FND1 '','','','','','','0','0','0','1','10';
2018-09-25 15:52:39 EXEC SPC_GET_PERMISSION_AUTH '999','suppliers-master-search','search';
2018-09-25 15:52:39 EXEC SPC_055_SUPPLIERS_MASTER_SEARCH_FND1 '','','','','','','0','0','0','2','10';
2018-09-25 15:52:40 EXEC SPC_GET_PERMISSION_AUTH '999','suppliers-master-search','search';
2018-09-25 15:52:40 EXEC SPC_055_SUPPLIERS_MASTER_SEARCH_FND1 '','','','','','','0','0','0','3','10';
2018-09-25 15:52:42 EXEC SPC_GET_PERMISSION_AUTH '999','suppliers-master-search','search';
2018-09-25 15:52:42 EXEC SPC_055_SUPPLIERS_MASTER_SEARCH_FND1 '','','','','','','0','0','0','4','10';
2018-09-25 15:52:43 EXEC SPC_GET_PERMISSION_AUTH '999','suppliers-master-search','search';
2018-09-25 15:52:43 EXEC SPC_055_SUPPLIERS_MASTER_SEARCH_FND1 '','','','','','','0','0','0','5','10';
2018-09-25 15:52:45 EXEC SPC_GET_PERMISSION_AUTH '999','suppliers-master-search','search';
2018-09-25 15:52:45 EXEC SPC_055_SUPPLIERS_MASTER_SEARCH_FND1 '','','','','','','0','0','0','6','10';
2018-09-25 15:52:46 EXEC SPC_GET_PERMISSION_AUTH '999','suppliers-master-search','search';
2018-09-25 15:52:46 EXEC SPC_055_SUPPLIERS_MASTER_SEARCH_FND1 '','','','','','','0','0','0','7','10';
2018-09-25 15:52:48 EXEC SPC_GET_PERMISSION_AUTH '999','suppliers-master-search','search';
2018-09-25 15:52:48 EXEC SPC_055_SUPPLIERS_MASTER_SEARCH_FND1 '','','','','','','0','0','0','8','10';
2018-09-25 16:12:29 EXEC SPC_073_LOGIN_ACT1 '812','812';
2018-09-25 16:12:29 EXEC SPC_GET_CONSTANT '';
2018-09-25 16:12:50 EXEC SPC_GET_PERMISSION_AUTH '999','pi-search','view';
2018-09-25 16:12:50 EXEC SPC_COM_GET_COMBOBOX 'pi_status_div';
2018-09-25 16:12:52 EXEC SPC_GET_PERMISSION_AUTH '999','pi-search','search';
2018-09-25 16:12:52 EXEC SPC_002_PI_SEARCH_FND1 '','','','','','','','','1','10','','0';
2018-09-25 16:12:54 EXEC SPC_GET_PERMISSION_AUTH '999','pi-detail','view';
2018-09-25 16:12:54 EXEC SPC_COM_GET_COMBOBOX 'port_country_div';
2018-09-25 16:12:54 EXEC SPC_COM_GET_COMBOBOX 'port_city_div';
2018-09-25 16:12:54 EXEC SPC_COM_GET_COMBOBOX 'shipment_div';
2018-09-25 16:12:54 EXEC SPC_COM_GET_COMBOBOX 'currency_div';
2018-09-25 16:12:54 EXEC SPC_COM_GET_COMBOBOX 'trade_terms_div';
2018-09-25 16:12:54 EXEC SPC_COM_GET_COMBOBOX 'payment_conditions_div';
2018-09-25 16:12:54 EXEC SPC_COM_GET_COMBOBOX 'unit_q_div';
2018-09-25 16:12:54 EXEC SPC_COM_GET_COMBOBOX 'unit_w_div';
2018-09-25 16:12:54 EXEC SPC_COM_GET_COMBOBOX 'unit_m_div';
2018-09-25 16:12:54 EXEC SPC_COM_GET_COMBOBOX 'sales_detail_div';
2018-09-25 16:12:54 EXEC SPC_COM_GET_COMBOBOX 'bank_div';
2018-09-25 16:12:56 EXEC SPC_GET_TAX_RATE '2018/09/25';
2018-09-25 16:12:56 EXEC SPC_GET_PERMISSION_AUTH '999','','view';
2018-09-25 16:12:56 EXEC SPC_COM_GET_COMBOBOX 'unit_q_div';
2018-09-25 16:12:56 EXEC SPC_COM_GET_COMBOBOX 'unit_w_div';
2018-09-25 16:12:56 EXEC SPC_COM_GET_COMBOBOX 'unit_m_div';
2018-09-25 16:12:56 EXEC SPC_COM_GET_COMBOBOX 'sales_detail_div';
2018-09-25 16:12:56 EXEC SPC_001_PI_DETAIL_INQ1 'RT-130827001';
2018-09-25 16:12:57 EXEC SPC_GET_TAX_RATE '2013/08/27';
2018-09-25 16:13:07 EXEC SPC_073_LOGIN_ACT1 '812','812';
2018-09-25 16:13:07 EXEC SPC_GET_CONSTANT '';
2018-09-25 16:13:08 EXEC SPC_GET_PERMISSION_AUTH '999','pi-search','view';
2018-09-25 16:13:08 EXEC SPC_COM_GET_COMBOBOX 'pi_status_div';
2018-09-25 16:13:09 EXEC SPC_GET_PERMISSION_AUTH '999','pi-search','search';
2018-09-25 16:13:09 EXEC SPC_002_PI_SEARCH_FND1 '','','','','','','','','1','10','','0';
2018-09-25 16:13:19 EXEC SPC_GET_PERMISSION_AUTH '999','pi-search','search';
2018-09-25 16:13:19 EXEC SPC_002_PI_SEARCH_FND1 '','','','','','','','10','1','10','','0';
2018-09-25 16:13:21 EXEC SPC_GET_PERMISSION_AUTH '999','pi-detail','view';
2018-09-25 16:13:21 EXEC SPC_COM_GET_COMBOBOX 'port_country_div';
2018-09-25 16:13:21 EXEC SPC_COM_GET_COMBOBOX 'port_city_div';
2018-09-25 16:13:21 EXEC SPC_COM_GET_COMBOBOX 'shipment_div';
2018-09-25 16:13:21 EXEC SPC_COM_GET_COMBOBOX 'currency_div';
2018-09-25 16:13:21 EXEC SPC_COM_GET_COMBOBOX 'trade_terms_div';
2018-09-25 16:13:21 EXEC SPC_COM_GET_COMBOBOX 'payment_conditions_div';
2018-09-25 16:13:21 EXEC SPC_COM_GET_COMBOBOX 'unit_q_div';
2018-09-25 16:13:21 EXEC SPC_COM_GET_COMBOBOX 'unit_w_div';
2018-09-25 16:13:21 EXEC SPC_COM_GET_COMBOBOX 'unit_m_div';
2018-09-25 16:13:21 EXEC SPC_COM_GET_COMBOBOX 'sales_detail_div';
2018-09-25 16:13:21 EXEC SPC_COM_GET_COMBOBOX 'bank_div';
2018-09-25 16:13:22 EXEC SPC_GET_PERMISSION_AUTH '999','','view';
2018-09-25 16:13:22 EXEC SPC_GET_TAX_RATE '2018/09/25';
2018-09-25 16:13:22 EXEC SPC_COM_GET_COMBOBOX 'unit_q_div';
2018-09-25 16:13:22 EXEC SPC_COM_GET_COMBOBOX 'unit_w_div';
2018-09-25 16:13:22 EXEC SPC_COM_GET_COMBOBOX 'unit_m_div';
2018-09-25 16:13:22 EXEC SPC_COM_GET_COMBOBOX 'sales_detail_div';
2018-09-25 16:13:22 EXEC SPC_001_PI_DETAIL_INQ1 'RT-140130001';
2018-09-25 16:13:23 EXEC SPC_GET_TAX_RATE '2014/01/30';
2018-09-25 16:13:41 EXEC SPC_GET_PERMISSION_AUTH '999','','view';
2018-09-25 16:13:41 EXEC SPC_001_PI_DETAIL_INQ2 'F003','1';
2018-09-25 16:13:43 EXEC SPC_GET_PERMISSION_AUTH '999','popup-suppliers-master-search','view';
2018-09-25 16:13:46 EXEC SPC_GET_PERMISSION_AUTH '999','popup-suppliers-master-search','search';
2018-09-25 16:13:46 EXEC SPC_055_SUPPLIERS_MASTER_SEARCH_FND1 '','','','','','','0','0','0','1','10';
2018-09-25 16:13:50 EXEC SPC_GET_PERMISSION_AUTH '999','','view';
2018-09-25 16:13:50 EXEC SPC_001_PI_DETAIL_INQ2 'F0008','1';
2018-09-25 16:14:00 EXEC SPC_GET_PERMISSION_AUTH '999','','view';
2018-09-25 16:14:00 EXEC SPC_001_PI_DETAIL_INQ2 'F0003','1';
2018-09-25 16:14:07 EXEC SPC_GET_PERMISSION_AUTH '999','','view';
2018-09-25 16:14:07 EXEC SPC_001_PI_DETAIL_INQ2 'F0005','1';
2018-09-25 16:15:21 EXEC SPC_GET_PERMISSION_AUTH '999','pi-detail','view';
2018-09-25 16:15:21 EXEC SPC_COM_GET_COMBOBOX 'port_country_div';
2018-09-25 16:15:21 EXEC SPC_COM_GET_COMBOBOX 'port_city_div';
2018-09-25 16:15:21 EXEC SPC_COM_GET_COMBOBOX 'shipment_div';
2018-09-25 16:15:21 EXEC SPC_COM_GET_COMBOBOX 'currency_div';
2018-09-25 16:15:21 EXEC SPC_COM_GET_COMBOBOX 'trade_terms_div';
2018-09-25 16:15:21 EXEC SPC_COM_GET_COMBOBOX 'payment_conditions_div';
2018-09-25 16:15:21 EXEC SPC_COM_GET_COMBOBOX 'unit_q_div';
2018-09-25 16:15:21 EXEC SPC_COM_GET_COMBOBOX 'unit_w_div';
2018-09-25 16:15:21 EXEC SPC_COM_GET_COMBOBOX 'unit_m_div';
2018-09-25 16:15:21 EXEC SPC_COM_GET_COMBOBOX 'sales_detail_div';
2018-09-25 16:15:21 EXEC SPC_COM_GET_COMBOBOX 'bank_div';
2018-09-25 16:15:22 EXEC SPC_GET_TAX_RATE '2018/09/25';
2018-09-25 16:15:49 EXEC SPC_GET_PERMISSION_AUTH '999','popup-city-search','view';
2018-09-25 16:15:51 EXEC SPC_GET_PERMISSION_AUTH '999','popup-city-search','search';
2018-09-25 16:15:52 EXEC SPC_CITY_SEARCH '','','1','10';
2018-09-25 16:16:03 EXEC SPC_GET_PERMISSION_AUTH '999','popup-city-search','search';
2018-09-25 16:16:03 EXEC SPC_CITY_SEARCH '','','1','50';
2018-09-25 16:16:11 EXEC SPC_GET_PERMISSION_AUTH '999','popup-city-search','search';
2018-09-25 16:16:11 EXEC SPC_CITY_SEARCH 'JP','','1','50';
2018-09-25 16:16:17 EXEC SPC_GET_PERMISSION_AUTH '999','popup-city-search','search';
2018-09-25 16:16:17 EXEC SPC_CITY_SEARCH '045','','1','50';
2018-09-25 16:16:19 EXEC SPC_GET_LIB_CITY_COUNTRY '045';
2018-09-25 16:18:07 EXEC SPC_GET_LIB_CITY_COUNTRY '004';
2018-09-25 16:18:45 EXEC SPC_GET_LIB_CITY_COUNTRY '045';
2018-09-25 16:20:04 EXEC SPC_GET_LIB_CITY_COUNTRY '004';
2018-09-25 16:21:53 EXEC SPC_073_LOGIN_ACT1 '812','812';
2018-09-25 16:21:53 EXEC SPC_GET_CONSTANT '';
2018-09-25 16:21:59 EXEC SPC_GET_PERMISSION_AUTH '999','invoice-search','view';
2018-09-25 16:21:59 EXEC SPC_COM_GET_COMBOBOX 'inv_data_div';
2018-09-25 16:22:02 EXEC SPC_GET_PERMISSION_AUTH '999','invoice-detail','view';
2018-09-25 16:22:02 EXEC SPC_COM_GET_COMBOBOX 'port_country_div';
2018-09-25 16:22:02 EXEC SPC_COM_GET_COMBOBOX 'port_city_div';
2018-09-25 16:22:02 EXEC SPC_COM_GET_COMBOBOX 'shipment_div';
2018-09-25 16:22:02 EXEC SPC_COM_GET_COMBOBOX 'currency_div';
2018-09-25 16:22:02 EXEC SPC_COM_GET_COMBOBOX 'trade_terms_div';
2018-09-25 16:22:02 EXEC SPC_COM_GET_COMBOBOX 'payment_conditions_div';
2018-09-25 16:22:02 EXEC SPC_COM_GET_COMBOBOX 'unit_q_div';
2018-09-25 16:22:02 EXEC SPC_COM_GET_COMBOBOX 'unit_w_div';
2018-09-25 16:22:02 EXEC SPC_COM_GET_COMBOBOX 'unit_m_div';
2018-09-25 16:22:02 EXEC SPC_COM_GET_COMBOBOX 'sales_detail_div';
2018-09-25 16:22:02 EXEC SPC_COM_GET_COMBOBOX 'storage_manager_div';
2018-09-25 16:22:03 EXEC SPC_GET_TAX_RATE '2018/09/25';
2018-09-25 16:22:33 EXEC SPC_GET_LIB_CITY_COUNTRY '045';
2018-09-25 16:23:01 EXEC SPC_GET_LIB_CITY_COUNTRY '004';
2018-09-25 16:23:41 EXEC SPC_073_LOGIN_ACT1 '812','812';
2018-09-25 16:23:41 EXEC SPC_GET_CONSTANT '';
2018-09-25 16:23:41 EXEC SPC_GET_PERMISSION_AUTH '999','invoice-detail','view';
2018-09-25 16:23:41 EXEC SPC_COM_GET_COMBOBOX 'port_country_div';
2018-09-25 16:23:41 EXEC SPC_COM_GET_COMBOBOX 'port_city_div';
2018-09-25 16:23:41 EXEC SPC_COM_GET_COMBOBOX 'shipment_div';
2018-09-25 16:23:41 EXEC SPC_COM_GET_COMBOBOX 'currency_div';
2018-09-25 16:23:41 EXEC SPC_COM_GET_COMBOBOX 'trade_terms_div';
2018-09-25 16:23:41 EXEC SPC_COM_GET_COMBOBOX 'payment_conditions_div';
2018-09-25 16:23:41 EXEC SPC_COM_GET_COMBOBOX 'unit_q_div';
2018-09-25 16:23:41 EXEC SPC_COM_GET_COMBOBOX 'unit_w_div';
2018-09-25 16:23:41 EXEC SPC_COM_GET_COMBOBOX 'unit_m_div';
2018-09-25 16:23:41 EXEC SPC_COM_GET_COMBOBOX 'sales_detail_div';
2018-09-25 16:23:41 EXEC SPC_COM_GET_COMBOBOX 'storage_manager_div';
2018-09-25 16:23:42 EXEC SPC_GET_TAX_RATE '2018/09/25';
2018-09-25 16:23:51 EXEC SPC_GET_PERMISSION_AUTH '999','popup-suppliers-master-search','view';
2018-09-25 16:23:54 EXEC SPC_GET_PERMISSION_AUTH '999','popup-suppliers-master-search','search';
2018-09-25 16:23:55 EXEC SPC_055_SUPPLIERS_MASTER_SEARCH_FND1 '','','','','','','0','0','0','1','10';
2018-09-25 16:23:57 EXEC SPC_GET_PERMISSION_AUTH '999','','view';
2018-09-25 16:23:57 EXEC SPC_001_PI_DETAIL_INQ2 'F000','1';
2018-09-25 16:26:58 EXEC SPC_GET_PERMISSION_AUTH '999','invoice-detail','view';
2018-09-25 16:26:58 EXEC SPC_COM_GET_COMBOBOX 'port_country_div';
2018-09-25 16:26:58 EXEC SPC_COM_GET_COMBOBOX 'port_city_div';
2018-09-25 16:26:58 EXEC SPC_COM_GET_COMBOBOX 'shipment_div';
2018-09-25 16:26:58 EXEC SPC_COM_GET_COMBOBOX 'currency_div';
2018-09-25 16:26:58 EXEC SPC_COM_GET_COMBOBOX 'trade_terms_div';
2018-09-25 16:26:58 EXEC SPC_COM_GET_COMBOBOX 'payment_conditions_div';
2018-09-25 16:26:58 EXEC SPC_COM_GET_COMBOBOX 'unit_q_div';
2018-09-25 16:26:58 EXEC SPC_COM_GET_COMBOBOX 'unit_w_div';
2018-09-25 16:26:58 EXEC SPC_COM_GET_COMBOBOX 'unit_m_div';
2018-09-25 16:26:58 EXEC SPC_COM_GET_COMBOBOX 'sales_detail_div';
2018-09-25 16:26:58 EXEC SPC_COM_GET_COMBOBOX 'storage_manager_div';
2018-09-25 16:27:00 EXEC SPC_GET_TAX_RATE '2018/09/25';
