2018-03-16 10:29:02 EXEC SPC_COM_GET_COMBOBOX 'in_out_div';
2018-03-16 10:29:02 EXEC SPC_COM_GET_COMBOBOX 'in_out_data_div';
2018-03-16 10:45:29 EXEC SPC_COM_GET_COMBOBOX 'inv_data_div';
2018-03-16 10:45:32 EXEC SPC_COM_GET_COMBOBOX 'inv_data_div';
2018-03-16 10:45:33 EXEC SPC_015_INVOICE_SEARCH_FND1 '','','','','','','','','1','10';
2018-03-16 10:45:38 EXEC SPC_COM_GET_COMBOBOX 'port_city_div';
2018-03-16 10:45:39 EXEC SPC_COM_GET_COMBOBOX 'storage_manager_div';
2018-03-16 10:45:39 EXEC SPC_COM_GET_COMBOBOX 'currency_div';
2018-03-16 10:45:40 EXEC SPC_COM_GET_COMBOBOX 'unit_q_div';
2018-03-16 10:45:40 EXEC SPC_COM_GET_COMBOBOX 'payment_conditions_div';
2018-03-16 10:45:40 EXEC SPC_COM_GET_COMBOBOX 'shipment_div';
;
2018-03-16 10:45:40 EXEC SPC_COM_GET_COMBOBOX 'port_country_div';
2018-03-16 10:45:40 EXEC SPC_COM_GET_COMBOBOX 'sales_detail_div';
2018-03-16 10:45:40 EXEC SPC_COM_GET_COMBOBOX 'unit_m_div';
2018-03-16 10:45:40 EXEC SPC_COM_GET_COMBOBOX 'unit_w_div';
2018-03-16 10:45:51 EXEC SPC_COM_GET_COMBOBOX 'inv_data_div';
2018-03-16 10:45:53 EXEC SPC_015_INVOICE_SEARCH_FND1 '','','','','','','','','1','10';
2018-03-16 10:46:32 EXEC SPC_015_INVOICE_SEARCH_FND1 '','','','','','','','','1','10';
2018-03-16 10:46:39 EXEC SPC_GET_CONSTANT '';
2018-03-16 10:46:39 EXEC SPC_016_INVOICE_EXPORT_ACT2 '[{"inv_no":"E-180301001"}]','','015-invoice-search','';
2018-03-16 10:53:25 EXEC SPC_015_INVOICE_SEARCH_FND1 '','','','','','','','','2','10';
2018-03-16 10:53:38 EXEC SPC_015_INVOICE_SEARCH_FND1 '','','','','','','','','3','10';
2018-03-16 10:54:34 EXEC SPC_073_LOGIN_ACT1 '001','123456';
2018-03-16 10:54:34 EXEC SPC_GET_CONSTANT '';
2018-03-16 10:57:33 EXEC SPC_COM_GET_COMBOBOX 'fwd_status_div';
2018-03-16 10:57:35 EXEC SPC_011_SHIPMENT_SEARCH_FND1 '','','','','','','1','10';
2018-03-16 10:57:44 EXEC SPC_011_SHIPMENT_SEARCH_FND1 '','','','','','10','1','10';
2018-03-16 11:02:48 EXEC SPC_COM_GET_COMBOBOX 'inv_data_div';
2018-03-16 11:02:54 EXEC SPC_COM_GET_COMBOBOX 'port_country_div';
2018-03-16 11:02:54 EXEC SPC_COM_GET_COMBOBOX 'sales_detail_div';
2018-03-16 11:02:54 EXEC SPC_COM_GET_COMBOBOX 'unit_q_div';
2018-03-16 11:02:55 EXEC SPC_COM_GET_COMBOBOX 'unit_w_div';
2018-03-16 11:02:57 EXEC SPC_COM_GET_COMBOBOX 'unit_m_div';
2018-03-16 11:02:58 EXEC SPC_COM_GET_COMBOBOX 'currency_div';
2018-03-16 11:02:58 EXEC SPC_COM_GET_COMBOBOX 'storage_manager_div';
2018-03-16 11:02:58 EXEC SPC_COM_GET_COMBOBOX 'payment_conditions_div';
2018-03-16 11:02:58 EXEC SPC_COM_GET_COMBOBOX 'trade_terms_div';
2018-03-16 11:02:58 EXEC SPC_COM_GET_COMBOBOX 'shipment_div';
2018-03-16 11:02:58 EXEC SPC_COM_GET_COMBOBOX 'port_city_div';
2018-03-16 11:03:00 EXEC SPC_COM_GET_COMBOBOX 'inv_data_div';
2018-03-16 11:03:05 EXEC SPC_COM_GET_COMBOBOX 'inv_data_div';
2018-03-16 11:03:07 EXEC SPC_015_INVOICE_SEARCH_FND1 '','','','','','','','','1','10';
2018-03-16 11:03:10 EXEC SPC_COM_GET_COMBOBOX 'port_city_div';
2018-03-16 11:03:10 EXEC SPC_COM_GET_COMBOBOX 'payment_conditions_div';
2018-03-16 11:03:10 EXEC SPC_COM_GET_COMBOBOX 'shipment_div';
2018-03-16 11:03:10 EXEC SPC_COM_GET_COMBOBOX 'currency_div';
2018-03-16 11:03:10 EXEC SPC_COM_GET_COMBOBOX 'trade_terms_div';
2018-03-16 11:03:10 EXEC SPC_COM_GET_COMBOBOX 'port_country_div';
2018-03-16 11:03:11 EXEC SPC_COM_GET_COMBOBOX 'unit_q_div';
2018-03-16 11:03:11 EXEC SPC_COM_GET_COMBOBOX 'sales_detail_div';
2018-03-16 11:03:11 EXEC SPC_COM_GET_COMBOBOX 'unit_w_div';
2018-03-16 11:03:11 EXEC SPC_COM_GET_COMBOBOX 'storage_manager_div';
2018-03-16 11:03:11 EXEC SPC_COM_GET_COMBOBOX 'unit_m_div';
2018-03-16 11:03:13 EXEC SPC_COM_GET_COMBOBOX 'inv_data_div';
2018-03-16 11:03:14 EXEC SPC_015_INVOICE_SEARCH_FND1 '','','','','','','','','1','10';
2018-03-16 11:03:22 EXEC SPC_019_SHIPPING_MARK_EXPORT_FND1 'E-180301001';
2018-03-16 11:03:59 EXEC SPC_019_SHIPPING_MARK_EXPORT_FND1 'E-180301001';
2018-03-16 11:20:14 EXEC SPC_GET_TAX_RATE '2018/03/16';
2018-03-16 11:20:18 EXEC SPC_031_PURCHASE_REQUEST_DETAIL_INQ1 '2222';
2018-03-16 11:20:18 EXEC SPC_031_PURCHASE_REQUEST_DETAIL_INQ1 '2222';
2018-03-16 11:36:20 EXEC SPC_011_SHIPMENT_SEARCH_FND1 '','','','','','10','1','10';
2018-03-16 11:37:01 EXEC SPC_011_SHIPMENT_SEARCH_FND1 '','','','','','10','13','10';
2018-03-16 11:39:06 EXEC SPC_GET_TAX_RATE '2018/03/16';
2018-03-16 11:39:06 EXEC SPC_031_PURCHASE_REQUEST_DETAIL_INQ1 '2222';
2018-03-16 11:45:07 EXEC SPC_GET_TAX_RATE '2018/03/16';
2018-03-16 11:45:07 EXEC SPC_031_PURCHASE_REQUEST_DETAIL_INQ1 '2222';
2018-03-16 12:02:32 EXEC SPC_GET_TAX_RATE '2018/03/16';
2018-03-16 12:02:36 EXEC SPC_031_PURCHASE_REQUEST_DETAIL_INQ1 '2222';
2018-03-16 12:02:36 EXEC SPC_031_PURCHASE_REQUEST_DETAIL_INQ1 '2222';
2018-03-16 15:43:28 EXEC SPC_COM_GET_COMBOBOX 'in_out_data_div';
2018-03-16 15:43:28 EXEC SPC_COM_GET_COMBOBOX 'in_out_div';
2018-03-16 15:58:23 EXEC SPC_COM_GET_COMBOBOX 'in_out_div';
2018-03-16 15:58:23 EXEC SPC_COM_GET_COMBOBOX 'in_out_data_div';
2018-03-16 15:58:29 EXEC SPC_COM_GET_COMBOBOX 'in_out_div';
2018-03-16 15:58:29 EXEC SPC_COM_GET_COMBOBOX 'in_out_data_div';
2018-03-16 15:58:33 EXEC SPC_COM_GET_COMBOBOX 'in_out_div';
2018-03-16 15:58:33 EXEC SPC_COM_GET_COMBOBOX 'in_out_data_div';
2018-03-16 15:58:34 EXEC SPC_049_INPUT_OUTPUT_FND1 '','','','','','','','1','10';
2018-03-16 15:58:38 EXEC SPC_COM_GET_COMBOBOX 'in_out_data_div';
2018-03-16 15:58:38 EXEC SPC_COM_GET_COMBOBOX 'in_out_div';
2018-03-16 15:58:40 EXEC SPC_COM_GET_COMBOBOX 'in_out_div';
v';
2018-03-16 15:58:40 EXEC SPC_049_INPUT_OUTPUT_FND1 '','','','','','','','1','10';
2018-03-16 15:58:40 EXEC SPC_049_INPUT_OUTPUT_FND1 '','','','','','','','1','10';
2018-03-16 15:59:44 EXEC SPC_COM_GET_COMBOBOX 'in_out_data_div';
2018-03-16 15:59:44 EXEC SPC_COM_GET_COMBOBOX 'in_out_div';
2018-03-16 16:01:59 EXEC SPC_COM_GET_COMBOBOX 'in_out_div';
2018-03-16 16:01:59 EXEC SPC_COM_GET_COMBOBOX 'in_out_data_div';
2018-03-16 16:02:20 EXEC SPC_COM_GET_COMBOBOX 'in_out_div';
2018-03-16 16:02:20 EXEC SPC_COM_GET_COMBOBOX 'in_out_data_div';
2018-03-16 16:03:57 EXEC SPC_COM_GET_COMBOBOX 'in_out_div';
2018-03-16 16:03:57 EXEC SPC_COM_GET_COMBOBOX 'in_out_data_div';
2018-03-16 16:03:58 EXEC SPC_049_INPUT_OUTPUT_FND1 '','','','','','','','1','10';
2018-03-16 16:04:02 EXEC SPC_COM_GET_COMBOBOX 'in_out_data_div';
2018-03-16 16:04:02 EXEC SPC_COM_GET_COMBOBOX 'in_out_div';
2018-03-16 16:13:32 EXEC SPC_COM_GET_COMBOBOX 'in_out_div';
2018-03-16 16:13:32 EXEC SPC_COM_GET_COMBOBOX 'in_out_data_div';
2018-03-16 16:13:39 EXEC SPC_COM_GET_COMBOBOX 'in_out_data_div';
2018-03-16 16:13:39 EXEC SPC_COM_GET_COMBOBOX 'in_out_div';
2018-03-16 16:16:40 EXEC SPC_COM_GET_COMBOBOX 'in_out_div';
2018-03-16 16:16:40 EXEC SPC_COM_GET_COMBOBOX 'in_out_data_div';
2018-03-16 16:20:20 EXEC SPC_COM_GET_COMBOBOX 'in_out_div';
2018-03-16 16:20:20 EXEC SPC_COM_GET_COMBOBOX 'in_out_data_div';
2018-03-16 16:21:09 EXEC SPC_COM_GET_COMBOBOX 'in_out_data_div';
2018-03-16 16:21:09 EXEC SPC_COM_GET_COMBOBOX 'in_out_div';
2018-03-16 16:21:21 EXEC SPC_COM_GET_COMBOBOX 'in_out_div';
2018-03-16 16:21:21 EXEC SPC_COM_GET_COMBOBOX 'in_out_data_div';
2018-03-16 16:21:24 EXEC SPC_049_INPUT_OUTPUT_FND1 '','','','','','','','1','10';
2018-03-16 18:03:32 EXEC SPC_049_INPUT_OUTPUT_FND1 '','','','','','','','1','10';
2018-03-16 18:11:32 EXEC SPC_049_INPUT_OUTPUT_FND1 '','','','','','','','1','10';
2018-03-16 18:39:20 EXEC SPC_COM_GET_COMBOBOX 'pi_status_div';
2018-03-16 18:39:23 EXEC SPC_COM_GET_COMBOBOX 'rcv_status_div';
2018-03-16 18:39:25 EXEC SPC_COM_GET_COMBOBOX 'rcv_status_div';
2018-03-16 18:39:28 EXEC SPC_COM_GET_COMBOBOX 'rcv_status_div';
2018-03-16 18:39:46 EXEC SPC_COM_GET_COMBOBOX 'pi_status_div';
2018-03-16 18:39:48 EXEC SPC_COM_GET_COMBOBOX 'rcv_status_div';
2018-03-16 18:39:52 EXEC SPC_COM_GET_COMBOBOX 'rcv_status_div';
2018-03-16 18:39:58 EXEC SPC_COM_GET_COMBOBOX 'rcv_status_div';
2018-03-16 18:40:21 EXEC SPC_COM_GET_COMBOBOX 'pi_status_div';
2018-03-16 18:40:30 EXEC SPC_COM_GET_COMBOBOX 'rcv_status_div';
2018-03-16 18:40:35 EXEC SPC_COM_GET_COMBOBOX 'rcv_status_div';
2018-03-16 18:40:42 EXEC SPC_COM_GET_COMBOBOX 'rcv_status_div';
2018-03-16 18:40:59 EXEC SPC_COM_GET_COMBOBOX 'pi_status_div';
2018-03-16 18:41:04 EXEC SPC_COM_GET_COMBOBOX 'rcv_status_div';
2018-03-16 18:41:18 EXEC SPC_COM_GET_COMBOBOX 'rcv_status_div';
2018-03-16 18:42:43 EXEC SPC_COM_GET_COMBOBOX 'forwarding_div';
2018-03-16 18:42:44 EXEC SPC_COM_GET_COMBOBOX 'packing_method_div';
2018-03-16 18:42:44 EXEC SPC_COM_GET_COMBOBOX 'forwarder_div';
2018-03-16 18:42:44 EXEC SPC_COM_GET_COMBOBOX 'forwarding_warehouse_div';
2018-03-16 18:42:45 EXEC SPC_COM_GET_COMBOBOX 'forwarding_way_div';
2018-03-16 18:42:46 EXEC SPC_COM_GET_COMBOBOX 'fwd_status_div';
2018-03-16 18:42:52 EXEC SPC_COUNTRY_SEARCH '','','1','10';
2018-03-16 18:42:57 EXEC SPC_011_SHIPMENT_SEARCH_FND1 '','','','','AE','','1','10';
2018-03-16 18:43:02 EXEC SPC_COM_GET_COMBOBOX 'pi_status_div';
2018-03-16 18:43:05 EXEC SPC_COM_GET_COMBOBOX 'rcv_status_div';
2018-03-16 18:43:09 EXEC SPC_COM_GET_COMBOBOX 'rcv_status_div';
2018-03-16 18:43:35 EXEC SPC_006_ACCEPT_SEARCH_FND1 '','','','','','1','10';
2018-03-16 18:43:47 EXEC SPC_COM_GET_COMBOBOX 'rcv_status_div';
2018-03-16 18:43:53 EXEC SPC_COM_GET_COMBOBOX 'rcv_status_div';
2018-03-16 18:43:58 EXEC SPC_COM_GET_COMBOBOX 'rcv_status_div';
2018-03-16 18:44:10 EXEC SPC_COM_GET_COMBOBOX 'rcv_status_div';
2018-03-16 18:44:14 EXEC SPC_COM_GET_COMBOBOX 'rcv_status_div';
2018-03-16 18:44:17 EXEC SPC_COM_GET_COMBOBOX 'rcv_status_div';
2018-03-16 18:45:16 EXEC SPC_COM_GET_COMBOBOX 'forwarding_way_div';
2018-03-16 18:45:16 EXEC SPC_COM_GET_COMBOBOX 'forwarding_div';
2018-03-16 18:45:16 EXEC SPC_COM_GET_COMBOBOX 'packing_method_div';
2018-03-16 18:45:16 EXEC SPC_COM_GET_COMBOBOX 'forwarder_div';
2018-03-16 18:45:16 EXEC SPC_COM_GET_COMBOBOX 'forwarding_warehouse_div';
2018-03-16 18:46:50 EXEC SPC_COM_GET_COMBOBOX 'rcv_status_div';
2018-03-16 18:46:52 EXEC SPC_COM_GET_COMBOBOX 'rcv_status_div';
2018-03-16 18:46:55 EXEC SPC_COM_GET_COMBOBOX 'rcv_status_div';
2018-03-16 18:47:51 EXEC SPC_COM_GET_COMBOBOX 'forwarding_div';
2018-03-16 18:47:51 EXEC SPC_COM_GET_COMBOBOX 'forwarding_warehouse_div';
2018-03-16 18:47:51 EXEC SPC_COM_GET_COMBOBOX 'forwarder_div';
2018-03-16 18:47:51 EXEC SPC_COM_GET_COMBOBOX 'forwarding_way_div';
2018-03-16 18:47:53 EXEC SPC_COM_GET_COMBOBOX 'pi_status_div';
2018-03-16 18:48:01 EXEC SPC_COM_GET_COMBOBOX 'rcv_status_div';
2018-03-16 18:48:03 EXEC SPC_COM_GET_COMBOBOX 'rcv_status_div';
2018-03-16 18:48:06 EXEC SPC_COM_GET_COMBOBOX 'rcv_status_div';
2018-03-16 18:48:23 EXEC SPC_COM_GET_COMBOBOX 'forwarder_div';
2018-03-16 18:48:23 EXEC SPC_COM_GET_COMBOBOX 'forwarding_warehouse_div';
2018-03-16 18:48:23 EXEC SPC_COM_GET_COMBOBOX 'forwarding_way_div';
2018-03-16 18:48:23 EXEC SPC_COM_GET_COMBOBOX 'forwarding_div';
2018-03-16 18:48:23 EXEC SPC_COM_GET_COMBOBOX 'packing_method_div';
2018-03-16 18:48:26 EXEC SPC_COM_GET_COMBOBOX 'pi_status_div';
2018-03-16 18:48:28 EXEC SPC_COM_GET_COMBOBOX 'rcv_status_div';
2018-03-16 18:48:31 EXEC SPC_COM_GET_COMBOBOX 'rcv_status_div';
2018-03-16 18:48:37 EXEC SPC_COM_GET_COMBOBOX 'rcv_status_div';
2018-03-16 18:48:39 EXEC SPC_COM_GET_COMBOBOX 'rcv_status_div';
2018-03-16 18:48:47 EXEC SPC_006_ACCEPT_SEARCH_FND1 '','','','','','1','10';
2018-03-16 18:49:03 EXEC SPC_COM_GET_COMBOBOX 'rcv_status_div';
2018-03-16 18:50:47 EXEC SPC_049_INPUT_OUTPUT_FND1 '','','','','','','','1','10';
2018-03-16 18:50:50 EXEC SPC_COM_GET_COMBOBOX 'in_out_div';
2018-03-16 18:50:50 EXEC SPC_COM_GET_COMBOBOX 'in_out_data_div';
2018-03-16 19:29:01 EXEC SPC_COM_GET_COMBOBOX 'buy_status_div';
2018-03-16 19:29:22 EXEC SPC_072_COMPONENT_LIST_SEARCH_FND1 '','','1','10';
2018-03-16 19:30:35 EXEC SPC_GET_ITEM '000004';
2018-03-16 19:30:37 EXEC SPC_072_COMPONENT_LIST_SEARCH_FND1 '000004','','1','10';
2018-03-16 19:30:44 EXEC SPC_072_COMPONENT_LIST_SEARCH_FND1 '000004','','1','10';
2018-03-16 19:30:46 EXEC SPC_072_COMPONENT_LIST_SEARCH_FND1 '000004','','1','10';
2018-03-16 19:30:52 EXEC SPC_072_COMPONENT_LIST_SEARCH_FND1 '000004','','1','10';
2018-03-16 19:31:00 EXEC SPC_072_COMPONENT_LIST_SEARCH_FND1 '000004','','1','10';
2018-03-16 19:31:26 EXEC SPC_072_COMPONENT_LIST_SEARCH_FND1 '000004','','1','10';
2018-03-16 19:31:29 EXEC SPC_072_COMPONENT_LIST_SEARCH_FND1 '000004','','1','10';
2018-03-16 19:32:34 EXEC SPC_COMPONENT_PRODUCT_FND '','','','','1','10';
2018-03-16 19:32:36 EXEC SPC_GET_ITEM '000004';
2018-03-16 19:32:38 EXEC SPC_072_COMPONENT_LIST_SEARCH_FND1 '000004','000004','1','10';
2018-03-16 19:32:46 EXEC SPC_GET_ITEM '';
2018-03-16 19:32:47 EXEC SPC_072_COMPONENT_LIST_SEARCH_FND1 '000004','','1','10';
2018-03-16 19:32:54 EXEC SPC_072_COMPONENT_LIST_SEARCH_FND1 '000004','','1','10';
2018-03-16 19:33:44 EXEC SPC_GET_ITEM '';
2018-03-16 19:33:48 EXEC SPC_COMPONENT_PRODUCT_FND '','','','','1','10';
2018-03-16 19:33:49 EXEC SPC_GET_ITEM '000111';
2018-03-16 19:33:52 EXEC SPC_072_COMPONENT_LIST_SEARCH_FND1 '','000111','1','10';
2018-03-16 19:33:53 EXEC SPC_072_COMPONENT_LIST_SEARCH_FND1 '','000111','1','10';
2018-03-16 19:33:54 EXEC SPC_072_COMPONENT_LIST_SEARCH_FND1 '','000111','1','10';
2018-03-16 19:34:27 EXEC SPC_072_COMPONENT_LIST_SEARCH_FND1 '','000111','1','10';
2018-03-16 19:34:38 EXEC SPC_072_COMPONENT_LIST_SEARCH_FND1 '','000111','1','10';
2018-03-16 19:34:50 EXEC SPC_GET_ITEM '000004';
2018-03-16 19:34:51 EXEC SPC_GET_ITEM '000111000004';
2018-03-16 19:35:15 EXEC SPC_COM_GET_COMBOBOX 'rcv_status_div';
2018-03-16 19:35:21 EXEC SPC_006_ACCEPT_SEARCH_FND1 '','','','','','1','10';
2018-03-16 19:35:29 EXEC SPC_006_ACCEPT_SEARCH_FND1 '','','','','','1','10';
2018-03-16 19:35:48 EXEC SPC_006_ACCEPT_SEARCH_FND1 '','','J-18010004','','','1','10';
2018-03-16 19:36:10 EXEC SPC_GET_ITEM '';
2018-03-16 19:36:13 EXEC SPC_GET_ITEM '000 04';
2018-03-16 19:37:19 EXEC SPC_GET_ITEM '000 04';
2018-03-16 19:37:30 EXEC SPC_072_COMPONENT_LIST_SEARCH_FND1 '000 04','','1','10';
2018-03-16 19:38:27 EXEC SPC_072_COMPONENT_LIST_SEARCH_FND1 '','','1','10';
2018-03-16 19:38:51 EXEC SPC_072_COMPONENT_LIST_SEARCH_FND1 '','','1','10';
2018-03-16 19:39:02 EXEC SPC_GET_ITEM '000 04';
2018-03-16 19:39:07 EXEC SPC_072_COMPONENT_LIST_SEARCH_FND1 '000 04','','1','10';
2018-03-16 19:46:36 EXEC SPC_072_COMPONENT_LIST_SEARCH_FND1 '000 04','','1','10';
2018-03-16 19:47:25 EXEC SPC_072_COMPONENT_LIST_SEARCH_FND1 '000 04','','1','10';
2018-03-16 19:48:18 EXEC SPC_072_COMPONENT_LIST_SEARCH_FND1 '000 04','','1','10';
2018-03-16 19:49:03 EXEC SPC_072_COMPONENT_LIST_SEARCH_FND1 '','','1','10';
