2018-06-21 15:09:19 EXEC SPC_073_LOGIN_ACT1 '0002','apelans';
2018-06-21 15:09:19 EXEC SPC_GET_CONSTANT '';
2018-06-21 15:09:27 EXEC SPC_GET_PERMISSION_AUTH '999','pi-search','view';
2018-06-21 15:09:27 EXEC SPC_COM_GET_COMBOBOX 'pi_status_div';
2018-06-21 15:10:57 EXEC SPC_GET_PERMISSION_AUTH '999','pi-search','search';
2018-06-21 15:10:57 EXEC SPC_002_PI_SEARCH_FND1 '','','','','RT-130827002','','','','1','10';
2018-06-21 15:11:03 EXEC SPC_GET_PERMISSION_AUTH '999','pi-search','print';
2018-06-21 15:11:03 EXEC SPC_GET_CONSTANT '';
2018-06-21 15:11:03 EXEC SPC_GET_CONSTANT '';
2018-06-21 15:11:03 EXEC SPC_003_PI_EXCEL_ACT1 '[{"pi_no":"RT-130827002","pi_status_div":"90"},{"pi_no":"RT-130827002","pi_status_div":"90"},{"pi_no":"RT-130827002","pi_status_div":"90"},{"pi_no":"RT-130827002","pi_status_div":"90"}]','0002','003_pi-excel','192.168.5.206';
2018-06-21 15:11:16 EXEC SPC_GET_PERMISSION_AUTH '999','','view';
2018-06-21 15:11:16 EXEC SPC_002_PI_SEARCH_FND1 '','','','','RT-130827002','','','','1','0';
2018-06-21 15:11:25 EXEC SPC_GET_PERMISSION_AUTH '999','pi-search','print';
2018-06-21 15:11:25 EXEC SPC_GET_CONSTANT '';
2018-06-21 15:11:25 EXEC SPC_GET_CONSTANT '';
2018-06-21 15:11:25 EXEC SPC_003_PI_EXCEL_ACT1 '[{"pi_no":"RT-130827002","pi_status_div":"90"},{"pi_no":"RT-130827002","pi_status_div":"90"},{"pi_no":"RT-130827002","pi_status_div":"90"},{"pi_no":"RT-130827002","pi_status_div":"90"}]','0002','003_pi-excel','192.168.5.206';
2018-06-21 15:11:42 EXEC SPC_GET_PERMISSION_AUTH '999','pi-search','approve';
2018-06-21 15:11:42 EXEC SPC_002_PI_SEARCH_ACT1 '[{"pi_no":"RT-130827002","pi_status_div":"90"},{"pi_no":"RT-130827002","pi_status_div":"90"},{"pi_no":"RT-130827002","pi_status_div":"90"},{"pi_no":"RT-130827002","pi_status_div":"90"}]','0002','002_pi-search','192.168.5.206';
2018-06-21 15:11:46 EXEC SPC_GET_PERMISSION_AUTH '999','pi-detail','view';
2018-06-21 15:11:46 EXEC SPC_COM_GET_COMBOBOX 'port_country_div';
2018-06-21 15:11:46 EXEC SPC_COM_GET_COMBOBOX 'port_city_div';
2018-06-21 15:11:46 EXEC SPC_COM_GET_COMBOBOX 'shipment_div';
2018-06-21 15:11:46 EXEC SPC_COM_GET_COMBOBOX 'currency_div';
2018-06-21 15:11:46 EXEC SPC_COM_GET_COMBOBOX 'trade_terms_div';
2018-06-21 15:11:46 EXEC SPC_COM_GET_COMBOBOX 'payment_conditions_div';
2018-06-21 15:11:46 EXEC SPC_COM_GET_COMBOBOX 'unit_q_div';
2018-06-21 15:11:46 EXEC SPC_COM_GET_COMBOBOX 'unit_w_div';
2018-06-21 15:11:46 EXEC SPC_COM_GET_COMBOBOX 'unit_m_div';
2018-06-21 15:11:46 EXEC SPC_COM_GET_COMBOBOX 'sales_detail_div';
2018-06-21 15:11:46 EXEC SPC_COM_GET_COMBOBOX 'bank_div';
2018-06-21 15:11:48 EXEC SPC_GET_TAX_RATE '2018/06/21';
2018-06-21 15:11:48 EXEC SPC_GET_PERMISSION_AUTH '999','','view';
2018-06-21 15:11:48 EXEC SPC_COM_GET_COMBOBOX 'unit_q_div';
2018-06-21 15:11:48 EXEC SPC_COM_GET_COMBOBOX 'unit_w_div';
2018-06-21 15:11:48 EXEC SPC_COM_GET_COMBOBOX 'unit_m_div';
2018-06-21 15:11:48 EXEC SPC_COM_GET_COMBOBOX 'sales_detail_div';
2018-06-21 15:11:48 EXEC SPC_001_PI_DETAIL_INQ1 'RT-130827002';
2018-06-21 15:11:49 EXEC SPC_GET_TAX_RATE '2013/08/27';
2018-06-21 15:12:00 EXEC SPC_GET_PERMISSION_AUTH '999','pi-search','view';
2018-06-21 15:12:00 EXEC SPC_COM_GET_COMBOBOX 'pi_status_div';
2018-06-21 15:12:01 EXEC SPC_GET_PERMISSION_AUTH '999','pi-search','search';
2018-06-21 15:12:01 EXEC SPC_002_PI_SEARCH_FND1 '','','','','RT-130827002','','','','1','10';
2018-06-21 15:12:06 EXEC SPC_GET_PERMISSION_AUTH '999','pi-search','approve';
2018-06-21 15:12:06 EXEC SPC_002_PI_SEARCH_ACT1 '[{"pi_no":"RT-130827002","pi_status_div":"90"},{"pi_no":"RT-130827002","pi_status_div":"90"},{"pi_no":"RT-130827002","pi_status_div":"90"},{"pi_no":"RT-130827002","pi_status_div":"90"}]','0002','002_pi-search','192.168.5.206';
2018-06-21 15:14:23 EXEC SPC_GET_PERMISSION_AUTH '999','pi-search','print';
2018-06-21 15:14:23 EXEC SPC_GET_CONSTANT '';
2018-06-21 15:14:23 EXEC SPC_GET_CONSTANT '';
2018-06-21 15:14:23 EXEC SPC_003_PI_EXCEL_ACT1 '[{"pi_no":"RT-130827002","pi_status_div":"90"},{"pi_no":"RT-130827002","pi_status_div":"90"},{"pi_no":"RT-130827002","pi_status_div":"90"},{"pi_no":"RT-130827002","pi_status_div":"90"}]','0002','003_pi-excel','192.168.5.206';
2018-06-21 15:15:51 EXEC SPC_GET_PERMISSION_AUTH '999','pi-search','search';
2018-06-21 15:15:51 EXEC SPC_002_PI_SEARCH_FND1 '','','','','RT-130827002','','','90','1','10';
2018-06-21 15:16:02 EXEC SPC_GET_PERMISSION_AUTH '999','pi-search','search';
2018-06-21 15:16:02 EXEC SPC_002_PI_SEARCH_FND1 '','','','','RT-180522002','','','90','1','10';
2018-06-21 15:16:05 EXEC SPC_GET_PERMISSION_AUTH '999','pi-search','search';
2018-06-21 15:16:05 EXEC SPC_002_PI_SEARCH_FND1 '','','','','RT-180522002','','','','1','10';
2018-06-21 15:16:11 EXEC SPC_GET_PERMISSION_AUTH '999','pi-search','print';
2018-06-21 15:16:11 EXEC SPC_GET_CONSTANT '';
2018-06-21 15:16:11 EXEC SPC_GET_CONSTANT '';
2018-06-21 15:16:11 EXEC SPC_003_PI_EXCEL_ACT1 '[{"pi_no":"RT-180522002","pi_status_div":"20"}]','0002','003_pi-excel','192.168.5.206';
2018-06-21 15:19:06 EXEC SPC_GET_PERMISSION_AUTH '999','pi-search','print';
2018-06-21 15:19:06 EXEC SPC_GET_CONSTANT '';
2018-06-21 15:19:06 EXEC SPC_GET_CONSTANT '';
2018-06-21 15:19:06 EXEC SPC_003_PI_EXCEL_ACT1 '[{"pi_no":"RT-180522002","pi_status_div":"20"}]','0002','003_pi-excel','192.168.5.206';
2018-06-21 15:19:48 EXEC SPC_GET_PERMISSION_AUTH '999','pi-search','print';
2018-06-21 15:19:48 EXEC SPC_GET_CONSTANT '';
2018-06-21 15:19:48 EXEC SPC_GET_CONSTANT '';
2018-06-21 15:19:48 EXEC SPC_003_PI_EXCEL_ACT1 '[{"pi_no":"RT-180522002","pi_status_div":"20"}]','0002','003_pi-excel','192.168.5.206';
2018-06-21 15:20:27 EXEC SPC_GET_PERMISSION_AUTH '999','pi-search','print';
2018-06-21 15:20:27 EXEC SPC_GET_CONSTANT '';
2018-06-21 15:20:27 EXEC SPC_GET_CONSTANT '';
2018-06-21 15:20:27 EXEC SPC_003_PI_EXCEL_ACT1 '[{"pi_no":"RT-180522002","pi_status_div":"20"}]','0002','003_pi-excel','192.168.5.206';
2018-06-21 15:21:21 EXEC SPC_GET_PERMISSION_AUTH '999','pi-search','print';
2018-06-21 15:21:21 EXEC SPC_GET_CONSTANT '';
2018-06-21 15:21:21 EXEC SPC_GET_CONSTANT '';
2018-06-21 15:21:21 EXEC SPC_003_PI_EXCEL_ACT1 '[{"pi_no":"RT-180522002","pi_status_div":"20"}]','0002','003_pi-excel','192.168.5.206';
2018-06-21 15:21:36 EXEC SPC_GET_PERMISSION_AUTH '999','pi-detail','view';
2018-06-21 15:21:36 EXEC SPC_COM_GET_COMBOBOX 'port_country_div';
2018-06-21 15:21:36 EXEC SPC_COM_GET_COMBOBOX 'port_city_div';
2018-06-21 15:21:36 EXEC SPC_COM_GET_COMBOBOX 'shipment_div';
2018-06-21 15:21:36 EXEC SPC_COM_GET_COMBOBOX 'currency_div';
2018-06-21 15:21:36 EXEC SPC_COM_GET_COMBOBOX 'trade_terms_div';
2018-06-21 15:21:36 EXEC SPC_COM_GET_COMBOBOX 'payment_conditions_div';
2018-06-21 15:21:36 EXEC SPC_COM_GET_COMBOBOX 'unit_q_div';
2018-06-21 15:21:36 EXEC SPC_COM_GET_COMBOBOX 'unit_w_div';
2018-06-21 15:21:36 EXEC SPC_COM_GET_COMBOBOX 'unit_m_div';
2018-06-21 15:21:36 EXEC SPC_COM_GET_COMBOBOX 'sales_detail_div';
2018-06-21 15:21:36 EXEC SPC_COM_GET_COMBOBOX 'bank_div';
2018-06-21 15:21:37 EXEC SPC_GET_TAX_RATE '2018/06/21';
2018-06-21 15:21:38 EXEC SPC_GET_PERMISSION_AUTH '999','','view';
2018-06-21 15:21:38 EXEC SPC_COM_GET_COMBOBOX 'unit_q_div';
2018-06-21 15:21:38 EXEC SPC_COM_GET_COMBOBOX 'unit_w_div';
2018-06-21 15:21:38 EXEC SPC_COM_GET_COMBOBOX 'unit_m_div';
2018-06-21 15:21:38 EXEC SPC_COM_GET_COMBOBOX 'sales_detail_div';
2018-06-21 15:21:38 EXEC SPC_001_PI_DETAIL_INQ1 'RT-180522002';
2018-06-21 15:21:38 EXEC SPC_GET_TAX_RATE '2018/05/22';
2018-06-21 15:21:51 EXEC SPC_GET_PERMISSION_AUTH '999','pi-search','print';
2018-06-21 15:21:51 EXEC SPC_GET_CONSTANT '';
2018-06-21 15:21:51 EXEC SPC_GET_CONSTANT '';
2018-06-21 15:21:51 EXEC SPC_003_PI_EXCEL_ACT1 '{"pi_no":"RT-180522002","pi_status_div":"20"}','0002','003_pi-excel','192.168.5.206';
2018-06-21 15:22:27 EXEC SPC_GET_PERMISSION_AUTH '999','pi-search','print';
2018-06-21 15:22:27 EXEC SPC_GET_CONSTANT '';
2018-06-21 15:22:27 EXEC SPC_GET_CONSTANT '';
2018-06-21 15:22:27 EXEC SPC_003_PI_EXCEL_ACT1 '{"pi_no":"RT-180522002","pi_status_div":"20"}','0002','003_pi-excel','192.168.5.206';
2018-06-21 15:24:37 EXEC SPC_GET_PERMISSION_AUTH '999','pi-search','print';
2018-06-21 15:24:37 EXEC SPC_GET_CONSTANT '';
2018-06-21 15:24:37 EXEC SPC_GET_CONSTANT '';
2018-06-21 15:24:37 EXEC SPC_003_PI_EXCEL_ACT1 '{"pi_no":"RT-180522002","pi_status_div":"20"}','0002','003_pi-excel','192.168.5.206';
2018-06-21 15:25:12 EXEC SPC_GET_PERMISSION_AUTH '999','pi-search','print';
2018-06-21 15:25:12 EXEC SPC_GET_CONSTANT '';
2018-06-21 15:25:12 EXEC SPC_GET_CONSTANT '';
2018-06-21 15:25:12 EXEC SPC_003_PI_EXCEL_ACT1 '{"pi_no":"RT-180522002","pi_status_div":"20"}','0002','003_pi-excel','192.168.5.206';
2018-06-21 15:25:26 EXEC SPC_GET_PERMISSION_AUTH '999','pi-search','print';
2018-06-21 15:25:26 EXEC SPC_GET_CONSTANT '';
2018-06-21 15:25:26 EXEC SPC_GET_CONSTANT '';
2018-06-21 15:25:26 EXEC SPC_003_PI_EXCEL_ACT1 '{"pi_no":"RT-180522002","pi_status_div":"20"}','0002','003_pi-excel','192.168.5.206';
2018-06-21 15:26:27 EXEC SPC_GET_PERMISSION_AUTH '999','pi-search','print';
2018-06-21 15:26:27 EXEC SPC_GET_CONSTANT '';
2018-06-21 15:26:27 EXEC SPC_GET_CONSTANT '';
2018-06-21 15:26:27 EXEC SPC_003_PI_EXCEL_ACT1 '{"pi_no":"RT-180522002","pi_status_div":"20"}','0002','003_pi-excel','192.168.5.206';
2018-06-21 15:31:15 EXEC SPC_GET_PERMISSION_AUTH '999','pi-search','print';
2018-06-21 15:31:15 EXEC SPC_GET_CONSTANT '';
2018-06-21 15:31:15 EXEC SPC_GET_CONSTANT '';
2018-06-21 15:31:16 EXEC SPC_003_PI_EXCEL_ACT1 '{"pi_no":"RT-180522002","pi_status_div":"20"}','0002','003_pi-excel','192.168.5.206';
2018-06-21 15:31:27 EXEC SPC_GET_PERMISSION_AUTH '999','pi-search','print';
2018-06-21 15:31:27 EXEC SPC_GET_CONSTANT '';
2018-06-21 15:31:27 EXEC SPC_GET_CONSTANT '';
2018-06-21 15:31:27 EXEC SPC_003_PI_EXCEL_ACT1 '{"pi_no":"RT-180522002","pi_status_div":"20"}','0002','003_pi-excel','192.168.5.206';
2018-06-21 15:31:43 EXEC SPC_GET_PERMISSION_AUTH '999','pi-search','print';
2018-06-21 15:31:43 EXEC SPC_GET_CONSTANT '';
2018-06-21 15:31:43 EXEC SPC_GET_CONSTANT '';
2018-06-21 15:31:43 EXEC SPC_003_PI_EXCEL_ACT1 '{"pi_no":"RT-180522002","pi_status_div":"20"}','0002','003_pi-excel','192.168.5.206';
2018-06-21 15:32:00 EXEC SPC_GET_PERMISSION_AUTH '999','pi-search','print';
2018-06-21 15:32:00 EXEC SPC_GET_CONSTANT '';
2018-06-21 15:32:00 EXEC SPC_GET_CONSTANT '';
2018-06-21 15:32:00 EXEC SPC_003_PI_EXCEL_ACT1 '{"pi_no":"RT-180522002","pi_status_div":"20"}','0002','003_pi-excel','192.168.5.206';
2018-06-21 15:35:40 EXEC SPC_GET_PERMISSION_AUTH '999','pi-detail','approve-cancel';
2018-06-21 15:35:40 EXEC SPC_001_PI_DETAIL_ACT4 'RT-180522002','xxxxxxxxx1xxxxxxxxx2xxxxxxxxx3xxxxxxxxx4xxxxxxxxx5xxxxxxxxx6xxxxxxxxx7xxxxxxxxx8xxxxxxxxx9xxxxxxxxx0xxxxxxxxx1xxxxxxxxx2xxxxxxxxx1xxxxxxxxx2xxxxxxxxx3xxxxxxxxx4xxxxxxxxx5xxxxxxxxx6xxxxxxxxx7xxxxxxxxx8','0002','001_pi-detail','192.168.5.206';
2018-06-21 15:35:41 EXEC SPC_GET_PERMISSION_AUTH '999','','view';
2018-06-21 15:35:41 EXEC SPC_COM_GET_COMBOBOX 'unit_q_div';
2018-06-21 15:35:41 EXEC SPC_COM_GET_COMBOBOX 'unit_w_div';
2018-06-21 15:35:41 EXEC SPC_COM_GET_COMBOBOX 'unit_m_div';
2018-06-21 15:35:41 EXEC SPC_COM_GET_COMBOBOX 'sales_detail_div';
2018-06-21 15:35:41 EXEC SPC_001_PI_DETAIL_INQ1 'RT-180522002';
2018-06-21 15:35:41 EXEC SPC_GET_TAX_RATE '2018/05/22';
2018-06-21 15:36:29 EXEC SPC_GET_PERMISSION_AUTH '999','pi-detail','save';
2018-06-21 15:36:29 EXEC SPC_001_PI_DETAIL_ACT1 'A','RT-180522002','10','2018/05/22','F0001','xxxxxxxxx1xxxxxxxxx','Yeniyol Cad. No.16/18/kat 6 Izzetpasa mah','Sisli-Istanbul,','','029','TR','90-212-2241524','90-212-2249767','F0002','xxxxxxxxx1xxxxxxxxx','P.O.Box.20 Jeddah 21411','','','073','SA','966-2-660-4480','966-2-669-6307','xxxxxxxxx1xxxxxxxxx','xxxxxxxxx1xxxxxxxxx','xxxxxxxxx1xxxxxxxxx','xxxxxxxxx1xxxxxxxxx','xxxxxxxxx1xxxxxxxxx2xxxxxxxxx3xx','99','JPY','060','JP','13','999','XX','99','xxxxxxxxx1xxxxxxxxx2xxxxxxxxx3xxxxxxxxx4xxxxxxxxx5xxxxxxxxx6xxxxxxxxx7xxxxxxxxx8','[{"pi_detail_no":"1","sales_detail_div":"0","product_cd":"99999","description":"xxxxxxxxx1xxxxxxxxx","qty":"123456","unit_of_m_div":"010","unit_price":"123456","amount":"15241383936","detail_tax":"1219310714.88","unit_measure_qty":"123","unit_measure_price":"001","outside_remarks":"xxxxxxxxx1xxxxxxxxx","unit_net_weight":"12345","unit_net_weight_div":"001","net_weight":"1524064320","unit_gross_weight":"12345","gross_weight":"1524064320","measure":"15185088"}]','123456','010','1524064320','001','1524064320','001','15185088','001','15241383936','12345678','0','0','15253729614','xxxxxxxxx1xxxxxxxxx','003','xxxxxxxxx1xxxxxxxxx','xxxxxxxxx1xxxxxxxxx','xxxxxxxxx1xxxxxxxxx','xxxxxxxxx1xxxxxxxxx','xxxxxxxxx1xxxxxxxxx','xxxxxxxxx1xxxxxxxxx','xxxxxxxxx1xxxxxxxxx','xxxxxxxxx1xxxxxxxxx','xxxxxxxxx1xxxxxxxxx','xxxxxxxxx1xxxxxxxxx','xxxxxxxxx1xxxxxxxxx','xxxxxxxxx1xxxxxxxxx','xxxxxxxxx1xxxxxxxxx','apelkaigai76','xxxxxxxxx1xxxxxxxxx','0002','001_pi-detail','192.168.5.206';
2018-06-21 15:36:31 EXEC SPC_GET_PERMISSION_AUTH '999','','view';
2018-06-21 15:36:31 EXEC SPC_COM_GET_COMBOBOX 'unit_q_div';
2018-06-21 15:36:31 EXEC SPC_COM_GET_COMBOBOX 'unit_w_div';
2018-06-21 15:36:31 EXEC SPC_COM_GET_COMBOBOX 'unit_m_div';
2018-06-21 15:36:31 EXEC SPC_COM_GET_COMBOBOX 'sales_detail_div';
2018-06-21 15:36:31 EXEC SPC_001_PI_DETAIL_INQ1 'RT-180522002';
2018-06-21 15:36:31 EXEC SPC_GET_TAX_RATE '2018/05/22';
2018-06-21 15:36:40 EXEC SPC_GET_PERMISSION_AUTH '999','pi-detail','save';
2018-06-21 15:36:40 EXEC SPC_001_PI_DETAIL_ACT1 'U','RT-180522002','10','2018/05/22','F0001','xxxxxxxxx1xxxxxxxxx','Yeniyol Cad. No.16/18/kat 6 Izzetpasa mah','Sisli-Istanbul,','','029','TR','90-212-2241524','90-212-2249767','F0002','xxxxxxxxx1xxxxxxxxx','P.O.Box.20 Jeddah 21411','','','073','SA','966-2-660-4480','966-2-669-6307','xxxxxxxxx1xxxxxxxxx','xxxxxxxxx1xxxxxxxxx','xxxxxxxxx1xxxxxxxxx','xxxxxxxxx1xxxxxxxxx','xxxxxxxxx1xxxxxxxxx2xxxxxxxxx3xx','99','JPY','060','JP','13','999','XX','99','xxxxxxxxx1xxxxxxxxx2xxxxxxxxx3xxxxxxxxx4xxxxxxxxx5xxxxxxxxx6xxxxxxxxx7xxxxxxxxx8','[{"pi_detail_no":"1","sales_detail_div":"0","product_cd":"99999","description":"xxxxxxxxx1xxxxxxxxx","qty":"123456","unit_of_m_div":"010","unit_price":"123456","amount":"15241383936","detail_tax":"1219310714.88","unit_measure_qty":"123","unit_measure_price":"001","outside_remarks":"xxxxxxxxx1xxxxxxxxx","unit_net_weight":"12345","unit_net_weight_div":"001","net_weight":"1524064320","unit_gross_weight":"12345","gross_weight":"1524064320","measure":"15185088"}]','123456','010','1524064320','001','1524064320','001','15185088','001','15241383936','12345678','0','0','15253729614','xxxxxxxxx1xxxxxxxxx','003','xxxxxxxxx1xxxxxxxxx','xxxxxxxxx1xxxxxxxxx','xxxxxxxxx1xxxxxxxxx','xxxxxxxxx1xxxxxxxxx','xxxxxxxxx1xxxxxxxxx','xxxxxxxxx1xxxxxxxxx','xxxxxxxxx1xxxxxxxxx','xxxxxxxxx1xxxxxxxxx','xxxxxxxxx1xxxxxxxxx','xxxxxxxxx1xxxxxxxxx','xxxxxxxxx1xxxxxxxxx','xxxxxxxxx1xxxxxxxxx','xxxxxxxxx1xxxxxxxxx','apelkaigai76','xxxxxxxxx1xxxxxxxxx','0002','001_pi-detail','192.168.5.206';
2018-06-21 15:36:42 EXEC SPC_GET_PERMISSION_AUTH '999','','view';
2018-06-21 15:36:42 EXEC SPC_COM_GET_COMBOBOX 'unit_q_div';
2018-06-21 15:36:42 EXEC SPC_COM_GET_COMBOBOX 'unit_w_div';
2018-06-21 15:36:42 EXEC SPC_COM_GET_COMBOBOX 'unit_m_div';
2018-06-21 15:36:42 EXEC SPC_COM_GET_COMBOBOX 'sales_detail_div';
2018-06-21 15:36:42 EXEC SPC_001_PI_DETAIL_INQ1 'RT-180522002';
2018-06-21 15:36:43 EXEC SPC_GET_TAX_RATE '2018/05/22';
2018-06-21 15:36:43 EXEC SPC_GET_PERMISSION_AUTH '999','pi-detail','approve';
2018-06-21 15:36:44 EXEC SPC_001_PI_DETAIL_ACT3 'RT-180522002','xxxxxxxxx1xxxxxxxxx','0002','001_pi-detail','192.168.5.206';
2018-06-21 15:36:45 EXEC SPC_GET_PERMISSION_AUTH '999','','view';
2018-06-21 15:36:45 EXEC SPC_COM_GET_COMBOBOX 'unit_q_div';
2018-06-21 15:36:45 EXEC SPC_COM_GET_COMBOBOX 'unit_w_div';
2018-06-21 15:36:45 EXEC SPC_COM_GET_COMBOBOX 'unit_m_div';
2018-06-21 15:36:45 EXEC SPC_COM_GET_COMBOBOX 'sales_detail_div';
2018-06-21 15:36:45 EXEC SPC_001_PI_DETAIL_INQ1 'RT-180522002';
2018-06-21 15:36:45 EXEC SPC_GET_TAX_RATE '2018/05/22';
2018-06-21 15:36:47 EXEC SPC_GET_PERMISSION_AUTH '999','pi-search','print';
2018-06-21 15:36:47 EXEC SPC_GET_CONSTANT '';
2018-06-21 15:36:47 EXEC SPC_GET_CONSTANT '';
2018-06-21 15:36:47 EXEC SPC_003_PI_EXCEL_ACT1 '{"pi_no":"RT-180522002","pi_status_div":"20"}','0002','003_pi-excel','192.168.5.206';
2018-06-21 15:37:16 EXEC SPC_GET_PERMISSION_AUTH '999','pi-search','print';
2018-06-21 15:37:16 EXEC SPC_GET_CONSTANT '';
2018-06-21 15:37:16 EXEC SPC_GET_CONSTANT '';
2018-06-21 15:37:16 EXEC SPC_003_PI_EXCEL_ACT1 '{"pi_no":"RT-180522002","pi_status_div":"20"}','0002','003_pi-excel','192.168.5.206';
2018-06-21 15:39:35 EXEC SPC_GET_PERMISSION_AUTH '999','pi-detail','approve-cancel';
2018-06-21 15:39:35 EXEC SPC_001_PI_DETAIL_ACT4 'RT-180522002','xxxxxxxxx1xxxxxxxxx','0002','001_pi-detail','192.168.5.206';
2018-06-21 15:39:36 EXEC SPC_GET_PERMISSION_AUTH '999','','view';
2018-06-21 15:39:36 EXEC SPC_COM_GET_COMBOBOX 'unit_q_div';
2018-06-21 15:39:36 EXEC SPC_COM_GET_COMBOBOX 'unit_w_div';
2018-06-21 15:39:36 EXEC SPC_COM_GET_COMBOBOX 'unit_m_div';
2018-06-21 15:39:36 EXEC SPC_COM_GET_COMBOBOX 'sales_detail_div';
2018-06-21 15:39:37 EXEC SPC_001_PI_DETAIL_INQ1 'RT-180522002';
2018-06-21 15:39:37 EXEC SPC_GET_TAX_RATE '2018/05/22';
2018-06-21 15:39:44 EXEC SPC_GET_LIB_COUNTRY '00';
2018-06-21 15:39:50 EXEC SPC_GET_LIB_COUNTRY '45';
2018-06-21 15:39:52 EXEC SPC_GET_LIB_COUNTRY '01';
2018-06-21 15:39:54 EXEC SPC_GET_PERMISSION_AUTH '999','popup-country-search','view';
2018-06-21 15:39:57 EXEC SPC_GET_PERMISSION_AUTH '999','popup-country-search','search';
2018-06-21 15:39:57 EXEC SPC_COUNTRY_SEARCH '','','1','10';
2018-06-21 15:39:58 EXEC SPC_GET_LIB_COUNTRY 'AF';
2018-06-21 15:40:03 EXEC SPC_GET_LIB_CITY_COUNTRY '001';
2018-06-21 15:40:07 EXEC SPC_GET_LIB_CITY_COUNTRY '045';
2018-06-21 15:40:11 EXEC SPC_GET_LIB_CITY_COUNTRY '999';
2018-06-21 16:34:39 EXEC SPC_073_LOGIN_ACT1 '0002','apelans';
2018-06-21 16:34:39 EXEC SPC_GET_CONSTANT '';
2018-06-21 16:34:39 EXEC SPC_073_LOGIN_ACT1 '0002','apelans';
2018-06-21 16:34:39 EXEC SPC_GET_CONSTANT '';
2018-06-21 16:34:49 EXEC SPC_GET_PERMISSION_AUTH '999','pi-search','view';
2018-06-21 16:34:49 EXEC SPC_COM_GET_COMBOBOX 'pi_status_div';
2018-06-21 16:34:52 EXEC SPC_GET_PI_ACCEPT 'RT-1805220';
2018-06-21 16:34:53 EXEC SPC_GET_PERMISSION_AUTH '999','pi-search','search';
2018-06-21 16:34:53 EXEC SPC_002_PI_SEARCH_FND1 '','','','','','RT-1805220','','','1','10';
2018-06-21 16:34:57 EXEC SPC_GET_PI_ACCEPT '';
2018-06-21 16:34:58 EXEC SPC_GET_PERMISSION_AUTH '999','pi-search','search';
2018-06-21 16:34:58 EXEC SPC_002_PI_SEARCH_FND1 '','','','','RT-180522002','','','','1','10';
2018-06-21 16:35:03 EXEC SPC_GET_PERMISSION_AUTH '999','pi-search','print';
2018-06-21 16:35:03 EXEC SPC_GET_CONSTANT '';
2018-06-21 16:35:03 EXEC SPC_GET_CONSTANT '';
2018-06-21 16:35:03 EXEC SPC_003_PI_EXCEL_ACT1 '[{"pi_no":"RT-180522002","pi_status_div":"10"}]','0002','003_pi-excel','192.168.5.206';
2018-06-21 16:35:07 EXEC SPC_GET_PERMISSION_AUTH '999','pi-detail','view';
2018-06-21 16:35:07 EXEC SPC_COM_GET_COMBOBOX 'port_country_div';
2018-06-21 16:35:07 EXEC SPC_COM_GET_COMBOBOX 'port_city_div';
2018-06-21 16:35:07 EXEC SPC_COM_GET_COMBOBOX 'shipment_div';
2018-06-21 16:35:07 EXEC SPC_COM_GET_COMBOBOX 'currency_div';
2018-06-21 16:35:07 EXEC SPC_COM_GET_COMBOBOX 'trade_terms_div';
2018-06-21 16:35:07 EXEC SPC_COM_GET_COMBOBOX 'payment_conditions_div';
2018-06-21 16:35:07 EXEC SPC_COM_GET_COMBOBOX 'unit_q_div';
2018-06-21 16:35:07 EXEC SPC_COM_GET_COMBOBOX 'unit_w_div';
2018-06-21 16:35:07 EXEC SPC_COM_GET_COMBOBOX 'unit_m_div';
2018-06-21 16:35:07 EXEC SPC_COM_GET_COMBOBOX 'sales_detail_div';
2018-06-21 16:35:07 EXEC SPC_COM_GET_COMBOBOX 'bank_div';
2018-06-21 16:35:09 EXEC SPC_GET_PERMISSION_AUTH '999','','view';
2018-06-21 16:35:09 EXEC SPC_GET_TAX_RATE '2018/06/21';
2018-06-21 16:35:09 EXEC SPC_COM_GET_COMBOBOX 'unit_q_div';
2018-06-21 16:35:09 EXEC SPC_COM_GET_COMBOBOX 'unit_w_div';
2018-06-21 16:35:09 EXEC SPC_COM_GET_COMBOBOX 'unit_m_div';
2018-06-21 16:35:09 EXEC SPC_COM_GET_COMBOBOX 'sales_detail_div';
2018-06-21 16:35:09 EXEC SPC_001_PI_DETAIL_INQ1 'RT-180522002';
2018-06-21 16:35:10 EXEC SPC_GET_TAX_RATE '2018/05/22';
2018-06-21 16:35:12 EXEC SPC_GET_PERMISSION_AUTH '999','pi-detail','approve';
2018-06-21 16:35:12 EXEC SPC_001_PI_DETAIL_ACT3 'RT-180522002','xxxxxxxxx1xxxxxxxxx','0002','001_pi-detail','192.168.5.206';
2018-06-21 16:35:13 EXEC SPC_GET_PERMISSION_AUTH '999','','view';
2018-06-21 16:35:13 EXEC SPC_COM_GET_COMBOBOX 'unit_q_div';
2018-06-21 16:35:13 EXEC SPC_COM_GET_COMBOBOX 'unit_w_div';
2018-06-21 16:35:13 EXEC SPC_COM_GET_COMBOBOX 'unit_m_div';
2018-06-21 16:35:13 EXEC SPC_COM_GET_COMBOBOX 'sales_detail_div';
2018-06-21 16:35:13 EXEC SPC_001_PI_DETAIL_INQ1 'RT-180522002';
2018-06-21 16:35:13 EXEC SPC_GET_TAX_RATE '2018/05/22';
2018-06-21 16:35:15 EXEC SPC_GET_PERMISSION_AUTH '999','pi-search','print';
2018-06-21 16:35:15 EXEC SPC_GET_CONSTANT '';
2018-06-21 16:35:15 EXEC SPC_GET_CONSTANT '';
2018-06-21 16:35:15 EXEC SPC_003_PI_EXCEL_ACT1 '{"pi_no":"RT-180522002","pi_status_div":"20"}','0002','003_pi-excel','192.168.5.206';
2018-06-21 16:35:48 EXEC SPC_GET_PERMISSION_AUTH '999','pi-detail','approve-cancel';
2018-06-21 16:35:48 EXEC SPC_001_PI_DETAIL_ACT4 'RT-180522002','xxxxxxxxx1xxxxxxxxx','0002','001_pi-detail','192.168.5.206';
2018-06-21 16:35:49 EXEC SPC_GET_PERMISSION_AUTH '999','','view';
2018-06-21 16:35:49 EXEC SPC_COM_GET_COMBOBOX 'unit_q_div';
2018-06-21 16:35:49 EXEC SPC_COM_GET_COMBOBOX 'unit_w_div';
2018-06-21 16:35:49 EXEC SPC_COM_GET_COMBOBOX 'unit_m_div';
2018-06-21 16:35:49 EXEC SPC_COM_GET_COMBOBOX 'sales_detail_div';
2018-06-21 16:35:49 EXEC SPC_001_PI_DETAIL_INQ1 'RT-180522002';
2018-06-21 16:35:50 EXEC SPC_GET_TAX_RATE '2018/05/22';
2018-06-21 16:36:23 EXEC SPC_GET_PERMISSION_AUTH '999','pi-detail','save';
2018-06-21 16:36:23 EXEC SPC_001_PI_DETAIL_ACT1 'R','RT-180522002','10','2018/05/22','F0001','xxxxxxxxx1xxxxxxxxxxxxxxxxxx1xxxxxxxxxxxxxxxxxx1xxxxxxxxxxxxxxxxxx1xxxxxxxxxxxxxxxxxx1xxxxxxxxxxxxxxxxxx1xxxxxxxxxxxxxxx','Yeniyol Cad. No.16/18/kat 6 Izzetpasa mah','Sisli-Istanbul,','','029','TR','90-212-2241524','90-212-2249767','F0002','xxxxxxxxx1xxxxxxxxxxxxxxxxxx1xxxxxxxxxxxxxxxxxx1xxxxxxxxxxxxxxxxxx1xxxxxxxxxxxxxxxxxx1xxxxxxxxxxxxxxxxxx1xxxxxxxxxxxxxxx','P.O.Box.20 Jeddah 21411','','','073','SA','966-2-660-4480','966-2-669-6307','xxxxxxxxx1xxxxxxxxxxxxxxxxxx1xxxxxxxxxxxxxxxxxx1xxxxxxxxxxxxxxxxxx1xxxxxxxxxxxxxxxxxx1xxxxxxxxxxxxxxxxxx1xxxxxxxxxxxxxxx','xxxxxxxxx1xxxxxxxxxxxxxxxxxx1xxxxxxxxxxxxxxxxxx1xxxxxxxxxxxxxxxxxx1xxxxxxxxxxxxxxxxxx1xxxxxxxxxxxxxxxxxx1xxxxxxxxxxxxxxx','xxxxxxxxx1xxxxxxxxxxxxxxxxxx1xxxxxxxxxxxxxxxxxx1xxxxxxxxxxxxxxxxxx1xxxxxxxxxxxxxxxxxx1xxxxxxxxxxxxxxxxxx1xxxxxxxxxxxxxxx','xxxxxxxxx1xxxxxxxxxxxxxxxxxx1xxxxxxxxxxxxxxxxxx1xxxxxxxxxxxxxxxxxx1xxxxxxxxxxxxxxxxxx1xxxxxxxxxxxxxxxxxx1xxxxxxxxxxxxxxx','xxxxxxxxx1xxxxxxxxxxxxxxxxxx1xxx','99','JPY','060','JP','13','999','XX','99','xxxxxxxxx1xxxxxxxxxxxxxxxxxx1xxxxxxxxxxxxxxxxxx1xxxxxxxxxxxxxxxxxx1xxxxxxxxxxxxxxxxxx1xxxxxxxxxxxxxxxxxx1xxxxxxxxxxxxxxxxxxxxxxxx1xxxxxxxxxxxxxxxxxx1xxxxxxxxxxxxxxxxxx1xxxxxxxxxxxxxxxxxx1xxxxxxxxxxxxxxxxxx1xxxxxxxxxxxxxxxxxx1xxxxxxxxxxxxxxxxxxxxxxxx1xxxxxx','[{"pi_detail_no":"1","sales_detail_div":"0","product_cd":"99999","description":"xxxxxxxxx1xxxxxxxxxxxxxxxxxx1xxxxxxxxxxxxxxxxxx1xxxxxxxxxxxxxxxxxx1xxxxxxxxxxxxxxxxxx1xxxxxxxxxxxxxxxxxx1xxxxxxxxxxxxxxx","qty":"123456","unit_of_m_div":"010","unit_price":"123456","amount":"15241383936","detail_tax":"1219310714.88","unit_measure_qty":"123","unit_measure_price":"001","outside_remarks":"xxxxxxxxx1xxxxxxxxxxxxxxx1xxxxxxxxxxxxxxxxxx1xxxxxxxxxxxxxxxxxx1xxxxxxxxxxxxxxxxxx1xxxxxxxxxxxxxxxxxx1xxxxxxxxxxxxxxxxxx1xxxxxxxxxxxxxxxxxxxxxxxx1xxxxxxxxxxxxxxxxxx1xxxxxxxxxxxxxxxxxx1xxxxxxxxxxxxxxxx","unit_net_weight":"12345","unit_net_weight_div":"001","net_weight":"1524064320","unit_gross_weight":"12345","gross_weight":"1524064320","measure":"15185088"}]','123456','010','1524064320','001','1524064320','001','15185088','001','15241383936','12345678','0','0','15253729614','xxxxxxxxx1xxxxxxxxxxxxxxxxxx1xxxxxxxxxxxxxxxxxx1xxxxxxxxxxxxxxxx','003','xxxxxxxxx1xxxxxxxxxxxxxx1xxxxxxx','xxxxxxxxx1xxxxxxxxx','xxxxxxxxx1xxxxxxxxxxxxxx1xxxxxxxxxxxxxxxxxx1xxxxxxxxxxxxxxxxxx1xxxxxxxxxxxxxxxxxx1xxxxxxxxxxxxxxxxxx1xxxxxxxxxxxxxxxxxx1xxxxxxxxxxxxxxxxxxxxxxxx1xxxxxxxxxxxxxxxxxx1xxxxxxxxxxxxxxxxxx1xxxxxxxxxxxxxxxxx','xxxxxxxxx1xxxxxxxxxxxxxxx1xxxxxxxxxxxxxxxxxx1xxxxxxxxxxxxxxxxxx1xxxxxxxxxxxxxxxxxx1xxxxxxxxxxxxxxxxxx1xxxxxxxxxxxxxxxxxx','xxxxxxxxx1xxxxxxxxxxxxxxxxxx1xxxxxxxxxxxxxxxxxx1xxxxxxxxxxxxxxxxxx1xxxxxxxxxxxxxxxxxx1xxxxxxxxxxxxxxxxxx1xxxxxxxxxxxxxxx','xxxxxxxxx1xxxxxxxxxxxxxxxxxx1xxxxxxxxxxxxxxxxxx1xxxxxxxxxxxxxxxxxx1xxxxxxxxxxxxxxxxxx1xxxxxxxxxxxxxxxxxx1xxxxxxxxxxxxxxx','xxxxxxxxx1xxxxxxxxxxxxxxxxxx1xxxxxxxxxxxxxxxxxx1xxxxxxxxxxxxxxxxxx1xxxxxxxxxxxxxxxxxx1xxxxxxxxxxxxxxxxxx1xxxxxxxxxxxxxxx','xxxxxxxxx1xxxxxxxxxxxxxxxxxx1xxxxxxxxxxxxxxxxxx1xxxxxxxxxxxxxxxxxx1xxxxxxxxxxxxxxxxxx1xxxxxxxxxxxxxxxxxx1xxxxxxxxxxxxxxx','xxxxxxxxx1xxxxxxxxxxxxxxxxxx1xxxxxxxxxxxxxxxxxx1xxxxxxxxxxxxxxxxxx1xxxxxxxxxxxxxxxxxx1xxxxxxxxxxxxxxxxxx1xxxxxxxxxxxxxxx','xxxxxxxxx1xxxxxxxxxxxxxxxxxx1xxxxxxxxxxxxxxxxxx1xxxxxxxxxxxxxxxxxx1xxxxxxxxxxxxxxxxxx1xxxxxxxxxxxxxxxxxx1xxxxxxxxxxxxxxx','xxxxxxxxx1xxxxxxxxxxxxxxxxxx1xxxxxxxxxxxxxxxxxx1xxxxxxxxxxxxxxxxxx1xxxxxxxxxxxxxxxxxx1xxxxxxxxxxxxxxxxxx1xxxxxxxxxxxxxxx','xxxxxxxxx1xxxxxxxxxxxxxxxxxx1xxxxxxxxxxxxxxxxxx1xxxxxxxxxxxxxxxxxx1xxxxxxxxxxxxxxxxxx1xxxxxxxxxxxxxxxxxx1xxxxxxxxxxxxxxx','xxxxxxxxx1xxxxxxxxxxxxxxxxxx1xxxxxxxxxxxxxxxxxx1xxxxxxxxxxxxxxxxxx1xxxxxxxxxxxxxxxxxx1xxxxxxxxxxxxxxxxxx1xxxxxxxxxxxxxxx','apelkaigai76','xxxxxxxxx1xxxxxxxxxxxxxxxxxx1xxxxxxxxxxxxxxxxxx1xxxxxxxxxxxxxxxxxx1xxxxxxxxxxxxxxxxxx1xxxxxxxxxxxxxxxxxx1xxxxxxxxxxxxxxxxxx1xxxxxxxxxxxxxxxxxxxxxxxx1xxxxxxxxxxxxxxxxxx1xxxxxxxxxxxxxxxxxx1xxxxxxxxxxxxx','0002','001_pi-detail','192.168.5.206';
2018-06-21 16:36:24 EXEC SPC_GET_PERMISSION_AUTH '999','','view';
2018-06-21 16:36:24 EXEC SPC_COM_GET_COMBOBOX 'unit_q_div';
2018-06-21 16:36:24 EXEC SPC_COM_GET_COMBOBOX 'unit_w_div';
2018-06-21 16:36:24 EXEC SPC_COM_GET_COMBOBOX 'unit_m_div';
2018-06-21 16:36:24 EXEC SPC_COM_GET_COMBOBOX 'sales_detail_div';
2018-06-21 16:36:24 EXEC SPC_001_PI_DETAIL_INQ1 'RT-180522002';
2018-06-21 16:36:24 EXEC SPC_GET_TAX_RATE '2018/05/22';
2018-06-21 16:36:28 EXEC SPC_GET_PERMISSION_AUTH '999','pi-detail','approve';
2018-06-21 16:36:28 EXEC SPC_001_PI_DETAIL_ACT3 'RT-180522002','xxxxxxxxx1xxxxxxxxxxxxxxxxxx1xxxxxxxxxxxxxxxxxx1xxxxxxxxxxxxxxxxxx1xxxxxxxxxxxxxxxxxx1xxxxxxxxxxxxxxxxxx1xxxxxxxxxxxxxxxxxx1xxxxxxxxxxxxxxxxxxxxxxxx1xxxxxxxxxxxxxxxxxx1xxxxxxxxxxxxxxxxxx1xxxxxxxxxxxxx','0002','001_pi-detail','192.168.5.206';
2018-06-21 16:36:29 EXEC SPC_GET_PERMISSION_AUTH '999','','view';
2018-06-21 16:36:29 EXEC SPC_COM_GET_COMBOBOX 'unit_q_div';
2018-06-21 16:36:29 EXEC SPC_COM_GET_COMBOBOX 'unit_w_div';
2018-06-21 16:36:29 EXEC SPC_COM_GET_COMBOBOX 'unit_m_div';
2018-06-21 16:36:29 EXEC SPC_COM_GET_COMBOBOX 'sales_detail_div';
2018-06-21 16:36:29 EXEC SPC_001_PI_DETAIL_INQ1 'RT-180522002';
2018-06-21 16:36:30 EXEC SPC_GET_TAX_RATE '2018/05/22';
2018-06-21 16:36:33 EXEC SPC_GET_PERMISSION_AUTH '999','pi-search','print';
2018-06-21 16:36:33 EXEC SPC_GET_CONSTANT '';
2018-06-21 16:36:33 EXEC SPC_GET_CONSTANT '';
2018-06-21 16:36:33 EXEC SPC_003_PI_EXCEL_ACT1 '{"pi_no":"RT-180522002","pi_status_div":"20"}','0002','003_pi-excel','192.168.5.206';
2018-06-21 16:39:15 EXEC SPC_GET_PERMISSION_AUTH '999','pi-search','print';
2018-06-21 16:39:15 EXEC SPC_GET_CONSTANT '';
2018-06-21 16:39:15 EXEC SPC_GET_CONSTANT '';
2018-06-21 16:39:15 EXEC SPC_003_PI_EXCEL_ACT1 '{"pi_no":"RT-180522002","pi_status_div":"20"}','0002','003_pi-excel','192.168.5.206';
2018-06-21 16:44:26 EXEC SPC_GET_PERMISSION_AUTH '999','pi-search','print';
2018-06-21 16:44:26 EXEC SPC_GET_CONSTANT '';
2018-06-21 16:44:26 EXEC SPC_GET_CONSTANT '';
2018-06-21 16:44:27 EXEC SPC_003_PI_EXCEL_ACT1 '{"pi_no":"RT-180522002","pi_status_div":"20"}','0002','003_pi-excel','192.168.5.206';
2018-06-21 17:09:42 EXEC SPC_GET_PERMISSION_AUTH '999','pi-search','print';
2018-06-21 17:09:42 EXEC SPC_GET_CONSTANT '';
2018-06-21 17:09:42 EXEC SPC_GET_CONSTANT '';
2018-06-21 17:09:42 EXEC SPC_003_PI_EXCEL_ACT1 '{"pi_no":"RT-180522002","pi_status_div":"20"}','0002','003_pi-excel','192.168.5.206';
