2018-02-22 10:09:43 EXEC SPC_073_LOGIN_ACT1 '001','123456';
2018-02-22 10:09:43 EXEC SPC_GET_CONSTANT '';
2018-02-22 10:09:55 EXEC SPC_COM_GET_COMBOBOX 'buy_status_div';
2018-02-22 10:19:48 EXEC SPC_COM_GET_COMBOBOX 'buy_status_div';
2018-02-22 11:16:07 EXEC SPC_COM_GET_COMBOBOX 'possible_div';
2018-02-22 11:16:09 EXEC SPC_057_LIBRARY_MASTER_SEARCH_FND1 'buy_status_div','','','','','1','10';
2018-02-22 11:29:52 EXEC SPC_GET_TAX_RATE '';
2018-02-22 11:34:28 EXEC SPC_COM_GET_COMBOBOX 'buy_status_div';
2018-02-22 15:30:29 EXEC SPC_COM_GET_COMBOBOX 'buy_status_div';
2018-02-22 15:30:34 EXEC SPC_GET_TAX_RATE '';
2018-02-22 15:31:17 EXEC SPC_COM_GET_COMBOBOX 'payment_nums_div';
2018-02-22 15:31:18 EXEC SPC_COM_GET_COMBOBOX 'paydate_condition_div';
2018-02-22 15:31:19 EXEC SPC_COM_GET_COMBOBOX 'postpay_date_div';
2018-02-22 15:31:19 EXEC SPC_COM_GET_COMBOBOX 'payday_condition_div';
2018-02-22 15:31:19 EXEC SPC_COM_GET_COMBOBOX 'currency_div';
2018-02-22 15:31:20 EXEC SPC_COM_GET_COMBOBOX 'allocation_div';
2018-02-22 15:31:20 EXEC SPC_COM_GET_COMBOBOX 'exists_div';
2018-02-22 15:31:20 EXEC SPC_COM_GET_COMBOBOX 'bank_div';
2018-02-22 15:31:20 EXEC SPC_COM_GET_COMBOBOX 'payment_conditions_div';
2018-02-22 15:31:22 EXEC SPC_COM_GET_COMBOBOX 'round_div';
2018-02-22 15:31:29 EXEC SPC_COM_GET_COMBOBOX 'exists_div';
2018-02-22 15:31:33 EXEC SPC_COM_GET_COMBOBOX 'exists_div';
2018-02-22 15:31:33 EXEC SPC_COM_GET_COMBOBOX 'unit_q_div';
2018-02-22 15:31:33 EXEC SPC_COM_GET_COMBOBOX 'outsourcing_div';
2018-02-22 15:31:33 EXEC SPC_COM_GET_COMBOBOX 'unit_w_div';
2018-02-22 15:31:33 EXEC SPC_COM_GET_COMBOBOX 'unit_m_div';
2018-02-22 15:31:34 EXEC SPC_062_PRODUCT_MASTER_DETAIL_INQ1 '';
2018-02-22 15:31:43 EXEC SPC_COM_GET_COMBOBOX 'order_level_div';
2018-02-22 15:31:43 EXEC SPC_COM_GET_COMBOBOX 'unit_q_div';
2018-02-22 15:31:43 EXEC SPC_COM_GET_COMBOBOX 'exists_div';
2018-02-22 15:31:43 EXEC SPC_COM_GET_COMBOBOX 'parts_kind_div';
2018-02-22 15:31:43 EXEC SPC_COM_GET_COMBOBOX 'parts_order_div';
2018-02-22 15:31:43 EXEC SPC_067_COMPONENT_MASTER_DETAIL_INQ1 '';
2018-02-22 15:31:50 EXEC SPC_COM_GET_COMBOBOX 'unit_q_div';
2018-02-22 15:32:15 EXEC SPC_GET_TAX_RATE '';
2018-02-22 15:33:09 EXEC SPC_031_PURCHASE_REQUEST_DETAIL_ACT3 '','','031_purchase_request','';
2018-02-22 15:36:29 EXEC SPC_GET_TAX_RATE '';
2018-02-22 15:41:49 EXEC SPC_GET_TAX_RATE '';
2018-02-22 15:42:14 EXEC SPC_031_PURCHASE_REQUEST_DETAIL_INQ1 '4654';
2018-02-22 15:42:16 EXEC SPC_GET_TAX_RATE '';
2018-02-22 15:42:26 EXEC SPC_031_PURCHASE_REQUEST_DETAIL_INQ1 'KI201812020006';
2018-02-22 15:42:27 EXEC SPC_GET_TAX_RATE '';
2018-02-22 15:42:29 EXEC SPC_031_PURCHASE_REQUEST_DETAIL_INQ1 'KI201812020001';
2018-02-22 15:42:31 EXEC SPC_GET_TAX_RATE '';
2018-02-22 15:42:34 EXEC SPC_031_PURCHASE_REQUEST_DETAIL_INQ1 'KI201812020003';
2018-02-22 15:42:35 EXEC SPC_GET_TAX_RATE '';
2018-02-22 15:42:47 EXEC SPC_031_PURCHASE_REQUEST_DETAIL_INQ1 'KI201802210003';
2018-02-22 15:42:48 EXEC SPC_GET_TAX_RATE '';
2018-02-22 15:42:57 EXEC SPC_031_PURCHASE_REQUEST_DETAIL_INQ1 'KI201802210006';
2018-02-22 15:42:57 EXEC SPC_GET_TAX_RATE '2018/02/24';
2018-02-22 15:43:00 EXEC SPC_REFER_CLIENT_CD '';
2018-02-22 15:43:06 EXEC SPC_031_PURCHASE_REQUEST_DETAIL_INQ1 '';
2018-02-22 15:43:30 EXEC SPC_031_PURCHASE_REQUEST_DETAIL_INQ1 'KI201802210006';
2018-02-22 15:43:31 EXEC SPC_GET_TAX_RATE '2018/02/24';
2018-02-22 15:43:50 EXEC SPC_031_PURCHASE_REQUEST_DETAIL_INQ1 'KI201802210005';
2018-02-22 15:43:51 EXEC SPC_GET_TAX_RATE '2018/02/24';
2018-02-22 15:44:00 EXEC SPC_031_PURCHASE_REQUEST_DETAIL_INQ1 'KI201802210007';
2018-02-22 15:44:01 EXEC SPC_GET_TAX_RATE '';
2018-02-22 15:44:04 EXEC SPC_031_PURCHASE_REQUEST_DETAIL_INQ1 'KI201802210001';
2018-02-22 15:44:05 EXEC SPC_GET_TAX_RATE '';
2018-02-22 15:44:08 EXEC SPC_031_PURCHASE_REQUEST_DETAIL_INQ1 'KI201802210002';
2018-02-22 15:44:08 EXEC SPC_GET_TAX_RATE '2018/02/28';
2018-02-22 15:44:35 EXEC SPC_REFER_CLIENT_CD '';
2018-02-22 15:44:38 EXEC SPC_031_PURCHASE_REQUEST_DETAIL_INQ1 '';
2018-02-22 15:45:35 EXEC SPC_031_PURCHASE_REQUEST_DETAIL_INQ1 'KI201802210002';
2018-02-22 15:45:36 EXEC SPC_GET_TAX_RATE '2018/02/28';
2018-02-22 15:45:44 EXEC SPC_GET_TAX_RATE '';
2018-02-22 15:45:44 EXEC SPC_031_PURCHASE_REQUEST_DETAIL_INQ1 'KI201802210002';
2018-02-22 15:45:45 EXEC SPC_GET_TAX_RATE '2018/02/28';
2018-02-22 15:45:49 EXEC SPC_031_PURCHASE_REQUEST_DETAIL_INQ1 'KI201802210006';
2018-02-22 15:45:49 EXEC SPC_GET_TAX_RATE '2018/02/24';
2018-02-22 15:48:56 EXEC SPC_GET_TAX_RATE '2018/02/22';
2018-02-22 15:48:57 EXEC SPC_031_PURCHASE_REQUEST_DETAIL_INQ1 'KI201802210002';
2018-02-22 15:48:57 EXEC SPC_GET_TAX_RATE '2018/02/28';
2018-02-22 15:49:01 EXEC SPC_031_PURCHASE_REQUEST_DETAIL_INQ1 'KI201802210006';
2018-02-22 15:49:01 EXEC SPC_GET_TAX_RATE '2018/02/24';
2018-02-22 15:49:04 EXEC SPC_GET_TAX_RATE '';
2018-02-22 15:49:19 EXEC SPC_GET_TAX_RATE '2018/02/22';
2018-02-22 15:49:19 EXEC SPC_031_PURCHASE_REQUEST_DETAIL_INQ1 'KI201802210002';
2018-02-22 15:49:20 EXEC SPC_GET_TAX_RATE '2018/02/28';
2018-02-22 15:49:52 EXEC SPC_031_PURCHASE_REQUEST_DETAIL_INQ1 'KI201802210002';
2018-02-22 15:49:53 EXEC SPC_GET_TAX_RATE '2018/02/28';
2018-02-22 15:49:55 EXEC SPC_031_PURCHASE_REQUEST_DETAIL_INQ1 'KI201802210006';
2018-02-22 15:49:56 EXEC SPC_GET_TAX_RATE '2018/02/24';
2018-02-22 15:50:40 EXEC SPC_031_PURCHASE_REQUEST_DETAIL_INQ1 'KI201802210002';
2018-02-22 15:50:41 EXEC SPC_GET_TAX_RATE '2018/02/28';
2018-02-22 15:50:43 EXEC SPC_031_PURCHASE_REQUEST_DETAIL_INQ1 'KI201802210006';
2018-02-22 15:50:43 EXEC SPC_GET_TAX_RATE '2018/02/24';
2018-02-22 15:50:49 EXEC SPC_GET_TAX_RATE '2018/02/22';
2018-02-22 15:50:56 EXEC SPC_031_PURCHASE_REQUEST_DETAIL_INQ1 'KI201802210006';
2018-02-22 15:50:56 EXEC SPC_GET_TAX_RATE '2018/02/24';
2018-02-22 15:53:27 EXEC SPC_031_PURCHASE_REQUEST_DETAIL_INQ1 'KI201802210002';
2018-02-22 15:53:29 EXEC SPC_GET_TAX_RATE '';
2018-02-22 15:53:31 EXEC SPC_031_PURCHASE_REQUEST_DETAIL_INQ1 'KI201802210006';
2018-02-22 15:53:33 EXEC SPC_GET_TAX_RATE '';
2018-02-22 15:53:45 EXEC SPC_031_PURCHASE_REQUEST_DETAIL_INQ1 'KI201802210006';
2018-02-22 15:55:14 EXEC SPC_031_PURCHASE_REQUEST_DETAIL_INQ1 'KI201802120006';
2018-02-22 15:55:17 EXEC SPC_GET_TAX_RATE '';
2018-02-22 15:55:26 EXEC SPC_031_PURCHASE_REQUEST_DETAIL_INQ1 'KI201802120003';
2018-02-22 15:55:27 EXEC SPC_GET_TAX_RATE '2018/02/24';
2018-02-22 15:57:08 EXEC SPC_031_PURCHASE_REQUEST_DETAIL_INQ1 'KI201802120003';
2018-02-22 15:57:09 EXEC SPC_GET_TAX_RATE '2018/02/24';
2018-02-22 15:57:13 EXEC SPC_031_PURCHASE_REQUEST_DETAIL_INQ1 'KI201802120002';
2018-02-22 15:57:14 EXEC SPC_GET_TAX_RATE '2018/02/24';
2018-02-22 15:59:22 EXEC SPC_031_PURCHASE_REQUEST_DETAIL_INQ1 'KI201802120003';
2018-02-22 15:59:23 EXEC SPC_GET_TAX_RATE '2018/02/24';
2018-02-22 15:59:25 EXEC SPC_031_PURCHASE_REQUEST_DETAIL_INQ1 'KI201802120006';
2018-02-22 15:59:26 EXEC SPC_GET_TAX_RATE '2018/02/22';
2018-02-22 15:59:28 EXEC SPC_031_PURCHASE_REQUEST_DETAIL_INQ1 'KI201802120001';
2018-02-22 15:59:28 EXEC SPC_GET_TAX_RATE '2018/02/20';
2018-02-22 15:59:36 EXEC SPC_GET_TAX_RATE '2018/02/22';
2018-02-22 15:59:50 EXEC SPC_031_PURCHASE_REQUEST_DETAIL_INQ1 'KI201802120001';
2018-02-22 15:59:50 EXEC SPC_GET_TAX_RATE '2018/02/20';
2018-02-22 15:59:54 EXEC SPC_031_PURCHASE_REQUEST_DETAIL_ACT3 'KI201802120001','','031_purchase_request','';
2018-02-22 15:59:55 EXEC SPC_031_PURCHASE_REQUEST_DETAIL_INQ1 'KI201802120001';
2018-02-22 15:59:56 EXEC SPC_GET_TAX_RATE '2018/02/20';
2018-02-22 16:00:30 EXEC SPC_031_PURCHASE_REQUEST_DETAIL_INQ2 '5555','001';
2018-02-22 16:00:37 EXEC SPC_031_PURCHASE_REQUEST_DETAIL_ACT1 'U','KI201802120001','20','2018/02/20','001','10','10','2018-02-03','10','[{"buy_detail_no":"1","parts_cd":"5555","buy_qty":"10","buy_unit_price":"10","buy_detail_amt":"100","buy_detail_tax":"1","detail_remarks":"0"}]','100','1','1','101','','031_purchase_request-detail','';
2018-02-22 16:00:43 EXEC SPC_031_PURCHASE_REQUEST_DETAIL_ACT1 'U','KI201802120001','20','2018/02/20','001','10','10','2018-02-03','10','[{"buy_detail_no":"1","parts_cd":"5555","buy_qty":"10","buy_unit_price":"10","buy_detail_amt":"100","buy_detail_tax":"1","detail_remarks":"0"}]','100','1','1','101','','031_purchase_request-detail','';
2018-02-22 16:00:53 EXEC SPC_069_COMPONENT_MASTER_SEARCH_FND1 '','','','1','10';
2018-02-22 16:00:56 EXEC SPC_031_PURCHASE_REQUEST_DETAIL_INQ2 '003','001';
2018-02-22 16:01:08 EXEC SPC_031_PURCHASE_REQUEST_DETAIL_INQ2 '000123','001';
2018-02-22 16:01:39 EXEC SPC_031_PURCHASE_REQUEST_DETAIL_INQ1 'KI201802120003';
2018-02-22 16:01:39 EXEC SPC_GET_TAX_RATE '2018/02/24';
2018-02-22 16:01:44 EXEC SPC_031_PURCHASE_REQUEST_DETAIL_INQ2 '555555','ape76';
2018-02-22 16:01:46 EXEC SPC_031_PURCHASE_REQUEST_DETAIL_ACT1 'U','KI201802120003','10','2018/02/24','ape76','444','444','2018-02-17','444','[{"buy_detail_no":"1","parts_cd":"555555","buy_qty":"44","buy_unit_price":"40.01","buy_detail_amt":"1760","buy_detail_tax":"21","detail_remarks":"23aaaaaaa"},{"buy_detail_no":"2","parts_cd":"20502","buy_qty":"55","buy_unit_price":"55","buy_detail_amt":"3025","buy_detail_tax":"36","detail_remarks":"ghgfgdfgdfggfdgdfgdfgdfgdfgdfgdfgdfgdfgdfgdfgdfgdfgdfgdfgdfgdfgdfgdfgdfgdfgfffffffffffffffffffffffffffffffffffffffffff"}]','4785','2136','57','4842','','031_purchase_request-detail','';
2018-02-22 16:01:49 EXEC SPC_031_PURCHASE_REQUEST_DETAIL_INQ2 '000123','ape76';
2018-02-22 16:01:53 EXEC SPC_031_PURCHASE_REQUEST_DETAIL_INQ2 '555555','ape76';
2018-02-22 16:01:55 EXEC SPC_031_PURCHASE_REQUEST_DETAIL_ACT1 'U','KI201802120003','10','2018/02/24','ape76','444','444','2018-02-17','444','[{"buy_detail_no":"1","parts_cd":"555555","buy_qty":"44","buy_unit_price":"0","buy_detail_amt":"0","buy_detail_tax":"0","detail_remarks":"23aaaaaaa"},{"buy_detail_no":"2","parts_cd":"20502","buy_qty":"55","buy_unit_price":"55","buy_detail_amt":"3025","buy_detail_tax":"36","detail_remarks":"ghgfgdfgdfggfdgdfgdfgdfgdfgdfgdfgdfgdfgdfgdfgdfgdfgdfgdfgdfgdfgdfgdfgdfgdfgfffffffffffffffffffffffffffffffffffffffffff"}]','3025','36','36','3061','','031_purchase_request-detail','';
2018-02-22 16:02:00 EXEC SPC_069_COMPONENT_MASTER_SEARCH_FND1 '','','','1','10';
2018-02-22 16:02:02 EXEC SPC_031_PURCHASE_REQUEST_DETAIL_INQ2 '20501','ape76';
2018-02-22 16:14:59 EXEC SPC_031_PURCHASE_REQUEST_DETAIL_INQ1 'KI201802120003';
2018-02-22 16:15:00 EXEC SPC_GET_TAX_RATE '2018/02/24';
2018-02-22 16:17:54 EXEC SPC_031_PURCHASE_REQUEST_DETAIL_INQ1 'KI201802120003';
2018-02-22 16:17:56 EXEC SPC_GET_TAX_RATE '2018/02/24';
2018-02-22 16:24:30 EXEC SPC_COM_GET_COMBOBOX 'exists_div';
2018-02-22 16:24:40 EXEC SPC_COM_GET_COMBOBOX 'unit_q_div';
2018-02-22 16:24:41 EXEC SPC_COM_GET_COMBOBOX 'outsourcing_div';
2018-02-22 16:24:41 EXEC SPC_COM_GET_COMBOBOX 'unit_m_div';
2018-02-22 16:24:41 EXEC SPC_COM_GET_COMBOBOX 'unit_w_div';
2018-02-22 16:24:41 EXEC SPC_COM_GET_COMBOBOX 'exists_div';
2018-02-22 16:24:41 EXEC SPC_062_PRODUCT_MASTER_DETAIL_INQ1 '';
2018-02-22 16:26:04 EXEC SPC_031_PURCHASE_REQUEST_DETAIL_INQ1 'KI201802120003';
2018-02-22 16:26:05 EXEC SPC_GET_TAX_RATE '2018/02/24';
2018-02-22 16:26:15 EXEC SPC_031_PURCHASE_REQUEST_DETAIL_INQ1 'KI201802120003';
2018-02-22 16:26:17 EXEC SPC_GET_TAX_RATE '2018/02/24';
2018-02-22 16:27:59 EXEC SPC_031_PURCHASE_REQUEST_DETAIL_INQ1 'KI201802120003';
2018-02-22 16:28:00 EXEC SPC_GET_TAX_RATE '2018/02/24';
2018-02-22 16:28:02 EXEC SPC_031_PURCHASE_REQUEST_DETAIL_INQ1 'KI201802120006';
2018-02-22 16:28:03 EXEC SPC_GET_TAX_RATE '2018/02/22';
2018-02-22 16:33:11 EXEC SPC_031_PURCHASE_REQUEST_DETAIL_INQ1 'KI201802120006';
2018-02-22 16:33:12 EXEC SPC_GET_TAX_RATE '2018/02/22';
2018-02-22 16:33:22 EXEC SPC_COM_GET_COMBOBOX 'buy_status_div';
2018-02-22 16:44:57 EXEC SPC_COM_GET_COMBOBOX 'buy_status_div';
2018-02-22 16:51:58 EXEC SPC_COM_GET_COMBOBOX 'buy_status_div';
2018-02-22 17:05:56 EXEC SPC_GET_TAX_RATE '2018/02/28';
2018-02-22 17:06:33 EXEC SPC_GET_TAX_RATE '2018/02/22';
2018-02-22 17:21:39 EXEC SPC_GET_TAX_RATE '2018/02/22';
2018-02-22 17:21:40 EXEC SPC_COM_GET_COMBOBOX 'port_country_div';
2018-02-22 17:21:40 EXEC SPC_COM_GET_COMBOBOX 'trade_terms_div';
2018-02-22 17:21:40 EXEC SPC_COM_GET_COMBOBOX 'payment_conditions_div';
2018-02-22 17:21:40 EXEC SPC_COM_GET_COMBOBOX 'currency_div';
2018-02-22 17:21:40 EXEC SPC_COM_GET_COMBOBOX 'unit_m_div';
2018-02-22 17:21:40 EXEC SPC_COM_GET_COMBOBOX 'shipment_div';
2018-02-22 17:21:40 EXEC SPC_COM_GET_COMBOBOX 'unit_q_div';
2018-02-22 17:21:40 EXEC SPC_COM_GET_COMBOBOX 'port_city_div';
2018-02-22 17:21:41 EXEC SPC_COM_GET_COMBOBOX 'bank_div';
2018-02-22 17:21:41 EXEC SPC_COM_GET_COMBOBOX 'sales_detail_div';
2018-02-22 17:21:41 EXEC SPC_COM_GET_COMBOBOX 'unit_w_div';
2018-02-22 17:21:50 EXEC SPC_COM_GET_COMBOBOX 'pi_status_div';
2018-02-22 17:22:05 EXEC SPC_002_PI_SEARCH_FND1 '','','','','','','','','1','10';
2018-02-22 17:22:08 EXEC SPC_001_PI_DETAIL_INQ1 'RT-130827001';
2018-02-22 17:22:08 EXEC SPC_COM_GET_COMBOBOX 'unit_m_div';
2018-02-22 17:22:08 EXEC SPC_GET_TAX_RATE '2013/08/27';
2018-02-22 17:22:08 EXEC SPC_COM_GET_COMBOBOX 'unit_q_div';
2018-02-22 17:22:08 EXEC SPC_COM_GET_COMBOBOX 'unit_w_div';
2018-02-22 17:22:08 EXEC SPC_COM_GET_COMBOBOX 'sales_detail_div';
2018-02-22 17:43:29 EXEC SPC_COM_GET_COMBOBOX 'buy_status_div';
2018-02-22 17:48:53 EXEC SPC_COM_GET_COMBOBOX 'buy_status_div';
2018-02-22 17:49:29 EXEC SPC_073_LOGIN_ACT1 '001','123456';
2018-02-22 17:49:29 EXEC SPC_GET_CONSTANT '';
2018-02-22 17:49:32 EXEC SPC_077_USER_MASTER_SEARCH_FND1 '','','','1','10';
2018-02-22 17:49:39 EXEC SPC_COM_GET_COMBOBOX 'buy_status_div';
2018-02-22 17:50:27 EXEC SPC_073_LOGIN_ACT1 '001','123456';
2018-02-22 17:50:27 EXEC SPC_GET_CONSTANT '';
2018-02-22 17:50:35 EXEC SPC_COM_GET_COMBOBOX 'buy_status_div';
2018-02-22 17:50:55 EXEC SPC_073_LOGIN_ACT1 '001','123456';
2018-02-22 17:50:55 EXEC SPC_GET_CONSTANT '';
2018-02-22 17:50:58 EXEC SPC_077_USER_MASTER_SEARCH_FND1 '','','','1','10';
2018-02-22 17:51:04 EXEC SPC_COM_GET_COMBOBOX 'buy_status_div';
2018-02-22 17:51:05 EXEC SPC_032_PURCHASE_REQUEST_SEARCH_FND1 '','','','','','','','1','10';
2018-02-22 17:51:18 EXEC SPC_032_PURCHASE_REQUEST_SEARCH_FND1 '','','','','','','','1','10';
2018-02-22 17:51:42 EXEC SPC_032_PURCHASE_REQUEST_SEARCH_FND1 '','','','','','','','1','10';
2018-02-22 17:57:06 EXEC SPC_COM_GET_COMBOBOX 'buy_status_div';
2018-02-22 17:57:08 EXEC SPC_032_PURCHASE_REQUEST_SEARCH_FND1 '','','','','','','','1','10';
2018-02-22 17:57:15 EXEC SPC_032_PURCHASE_REQUEST_SEARCH_FND1 '','','','','','','','1','10';
2018-02-22 17:57:53 EXEC SPC_032_PURCHASE_REQUEST_SEARCH_FND1 '','','','','','','','1','10';
2018-02-22 17:58:28 EXEC SPC_032_PURCHASE_REQUEST_SEARCH_FND1 '','','','','','','','1','10';
2018-02-22 17:58:30 EXEC SPC_032_PURCHASE_REQUEST_SEARCH_FND1 '','','','','','','10','1','10';
2018-02-22 17:58:32 EXEC SPC_032_PURCHASE_REQUEST_SEARCH_FND1 '','','','','','','20','1','10';
2018-02-22 17:58:35 EXEC SPC_032_PURCHASE_REQUEST_SEARCH_FND1 '','','','','','','','1','10';
2018-02-22 17:58:42 EXEC SPC_032_PURCHASE_REQUEST_SEARCH_FND1 '','','KI201802120003','','','','','1','10';
2018-02-22 17:58:46 EXEC SPC_032_PURCHASE_REQUEST_SEARCH_FND1 '','','KI201802120003','KI201802120006','','','','1','10';
2018-02-22 17:58:50 EXEC SPC_032_PURCHASE_REQUEST_SEARCH_FND1 '','','KI201802120004','KI201802120006','','','','1','10';
2018-02-22 17:58:55 EXEC SPC_032_PURCHASE_REQUEST_SEARCH_FND1 '','','454574','KI201802120006','','','','1','10';
2018-02-22 17:59:01 EXEC SPC_032_PURCHASE_REQUEST_SEARCH_FND1 '','','888888888','KI201802120006','','','','1','10';
2018-02-22 17:59:07 EXEC SPC_032_PURCHASE_REQUEST_SEARCH_FND1 '','','KI201802120006','KI201802120006','','','','1','10';
2018-02-22 17:59:10 EXEC SPC_032_PURCHASE_REQUEST_SEARCH_FND1 '','','KI201802120005','KI201802120006','','','','1','10';
2018-02-22 17:59:14 EXEC SPC_032_PURCHASE_REQUEST_SEARCH_FND1 '','','KI201802120002','KI201802120006','','','','1','10';
2018-02-22 18:00:39 EXEC SPC_GET_TAX_RATE '2018/02/22';
2018-02-22 18:01:23 EXEC SPC_GET_TAX_RATE '2018/02/22';
2018-02-22 18:01:27 EXEC SPC_031_PURCHASE_REQUEST_DETAIL_INQ1 'KI201802120006';
2018-02-22 18:01:28 EXEC SPC_GET_TAX_RATE '2018/02/22';
2018-02-22 18:07:38 EXEC SPC_GET_TAX_RATE '2018/02/22';
2018-02-22 18:07:39 EXEC SPC_031_PURCHASE_REQUEST_DETAIL_INQ1 'KI201802120006';
2018-02-22 18:07:39 EXEC SPC_GET_TAX_RATE '2018/02/22';
2018-02-22 18:07:40 EXEC SPC_031_PURCHASE_REQUEST_DETAIL_INQ1 'KI201802120002';
2018-02-22 18:07:41 EXEC SPC_GET_TAX_RATE '2018/02/24';
2018-02-22 18:07:45 EXEC SPC_031_PURCHASE_REQUEST_DETAIL_INQ1 'KI201802120006';
2018-02-22 18:07:45 EXEC SPC_GET_TAX_RATE '2018/02/22';
2018-02-22 18:08:16 EXEC SPC_GET_TAX_RATE '2018/02/22';
2018-02-22 18:08:16 EXEC SPC_031_PURCHASE_REQUEST_DETAIL_INQ1 'KI201802120006';
2018-02-22 18:08:17 EXEC SPC_GET_TAX_RATE '2018/02/22';
2018-02-22 18:08:24 EXEC SPC_GET_TAX_RATE '2018/02/22';
2018-02-22 18:08:25 EXEC SPC_031_PURCHASE_REQUEST_DETAIL_INQ1 'KI201802120006';
2018-02-22 18:08:26 EXEC SPC_GET_TAX_RATE '2018/02/22';
2018-02-22 18:08:30 EXEC SPC_031_PURCHASE_REQUEST_DETAIL_INQ1 'KI201802120002';
2018-02-22 18:08:31 EXEC SPC_GET_TAX_RATE '2018/02/24';
2018-02-22 18:08:34 EXEC SPC_031_PURCHASE_REQUEST_DETAIL_INQ1 'KI201802120001';
2018-02-22 18:08:34 EXEC SPC_GET_TAX_RATE '2018/02/20';
2018-02-22 18:10:42 EXEC SPC_COM_GET_COMBOBOX 'buy_status_div';
2018-02-22 18:10:44 EXEC SPC_032_PURCHASE_REQUEST_SEARCH_FND1 '','','','','','','','1','10';
2018-02-22 18:10:52 EXEC SPC_032_PURCHASE_REQUEST_SEARCH_FND1 '','','','','','','','1','10';
2018-02-22 18:10:54 EXEC SPC_GET_TAX_RATE '2018/02/22';
2018-02-22 18:10:57 EXEC SPC_COM_GET_COMBOBOX 'buy_status_div';
2018-02-22 18:10:57 EXEC SPC_032_PURCHASE_REQUEST_SEARCH_FND1 '','','','','','','','1','10';
2018-02-22 18:11:00 EXEC SPC_032_PURCHASE_REQUEST_SEARCH_FND1 '','','','','','','10','1','10';
2018-02-22 18:11:02 EXEC SPC_032_PURCHASE_REQUEST_SEARCH_FND1 '','','','','','','20','1','10';
2018-02-22 18:20:28 EXEC SPC_032_PURCHASE_REQUEST_SEARCH_FND1 '','','','','','','20','1','10';
2018-02-22 18:20:34 EXEC SPC_032_PURCHASE_REQUEST_SEARCH_FND1 '2018/02/22','','','','','','20','1','10';
2018-02-22 18:20:38 EXEC SPC_032_PURCHASE_REQUEST_SEARCH_FND1 '2018/02/24','','','','','','20','1','10';
2018-02-22 18:20:40 EXEC SPC_032_PURCHASE_REQUEST_SEARCH_FND1 '2018/02/24','','','','','','20','1','10';
2018-02-22 18:26:18 EXEC SPC_032_PURCHASE_REQUEST_SEARCH_FND1 '2018/02/24','','','','','','20','1','10';
2018-02-22 18:26:25 EXEC SPC_032_PURCHASE_REQUEST_SEARCH_FND1 '','','','','','','','1','10';
2018-02-22 18:27:42 EXEC SPC_COM_GET_COMBOBOX 'buy_status_div';
2018-02-22 18:27:56 EXEC SPC_COM_GET_COMBOBOX 'buy_status_div';
2018-02-22 18:27:58 EXEC SPC_032_PURCHASE_REQUEST_SEARCH_FND1 '','','','','','','','1','10';
2018-02-22 18:28:02 EXEC SPC_GET_TAX_RATE '2018/02/22';
2018-02-22 18:28:03 EXEC SPC_031_PURCHASE_REQUEST_DETAIL_INQ1 'KI201802120003';
2018-02-22 18:28:03 EXEC SPC_GET_TAX_RATE '2018/02/24';
2018-02-22 18:28:07 EXEC SPC_COM_GET_COMBOBOX 'buy_status_div';
2018-02-22 18:28:08 EXEC SPC_032_PURCHASE_REQUEST_SEARCH_FND1 '','','','','','','','1','10';
2018-02-22 18:28:10 EXEC SPC_032_PURCHASE_REQUEST_SEARCH_FND1 '','','','','','','20','1','10';
2018-02-22 18:28:13 EXEC SPC_GET_TAX_RATE '2018/02/22';
2018-02-22 18:28:13 EXEC SPC_031_PURCHASE_REQUEST_DETAIL_INQ1 'KI201802120006';
2018-02-22 18:28:14 EXEC SPC_GET_TAX_RATE '2018/02/22';
2018-02-22 18:28:17 EXEC SPC_COM_GET_COMBOBOX 'buy_status_div';
2018-02-22 18:28:18 EXEC SPC_032_PURCHASE_REQUEST_SEARCH_FND1 '','','','','','','20','1','10';
2018-02-22 18:28:27 EXEC SPC_032_PURCHASE_REQUEST_SEARCH_FND1 '','','','','','','20','1','50';
2018-02-22 18:28:28 EXEC SPC_032_PURCHASE_REQUEST_SEARCH_FND1 '','','','','','','20','1','100';
2018-02-22 18:28:30 EXEC SPC_032_PURCHASE_REQUEST_SEARCH_FND1 '','','','','','','20','1','10';
2018-02-22 18:28:39 EXEC SPC_032_PURCHASE_REQUEST_SEARCH_FND1 '','','','','','','10','1','10';
2018-02-22 18:36:29 EXEC SPC_032_PURCHASE_REQUEST_SEARCH_FND1 '','','','','','','10','1','10';
2018-02-22 18:37:10 EXEC SPC_COM_GET_COMBOBOX 'buy_status_div';
2018-02-22 18:37:12 EXEC SPC_032_PURCHASE_REQUEST_SEARCH_FND1 '','','','','','','','1','10';
2018-02-22 18:37:40 EXEC SPC_COM_GET_COMBOBOX 'buy_status_div';
2018-02-22 18:37:42 EXEC SPC_032_PURCHASE_REQUEST_SEARCH_FND1 '','','','','','','','1','10';
2018-02-22 19:00:12 EXEC SPC_GET_TAX_RATE '2018/02/22';
2018-02-22 19:00:12 EXEC SPC_031_PURCHASE_REQUEST_DETAIL_INQ1 'KI201802120003';
2018-02-22 19:00:13 EXEC SPC_GET_TAX_RATE '2018/02/24';
2018-02-22 19:02:33 EXEC SPC_GET_TAX_RATE '2018/02/22';
2018-02-22 19:02:33 EXEC SPC_031_PURCHASE_REQUEST_DETAIL_INQ1 'KI201802120003';
2018-02-22 19:02:34 EXEC SPC_GET_TAX_RATE '2018/02/24';
2018-02-22 19:03:06 EXEC SPC_031_PURCHASE_REQUEST_DETAIL_ACT1 'U','KI201802120003','10','2018/02/24','ape76','444','444','2018/02/17','444','[{"buy_detail_no":"1","parts_cd":"20502","buy_qty":"33","buy_unit_price":"2.35","buy_detail_amt":"77.55","buy_detail_tax":"0.93","detail_remarks":"23aaaaaaa"},{"buy_detail_no":"2","parts_cd":"20502","buy_qty":"10","buy_unit_price":"2.8","buy_detail_amt":"28","buy_detail_tax":"0.34","detail_remarks":"ghgfgdfgdfggfdgdfgdfgdfgdfgdfgdfgdfgdfgdfgdfgdfgdfgdfgdfgdfgdfgdfgdfgdfgdfgfffffffffffffffffffffffffffffffffffffffffff"},{"buy_detail_no":"3","parts_cd":"20502","buy_qty":"6","buy_unit_price":"3.33","buy_detail_amt":"19.98","buy_detail_tax":"0.24","detail_remarks":"ghgfgdfgdfggfdgdfgdfgdfgdfgdfgdfgdfgdfgdfgdfgdfgdfgdfgdfgdfgdfgdfgdfgdfgdfgfffffffffffffffffffffffffffffffffffffffffff"}]','0.24','0.93','1.51','1.75','001','031_purchase_request-detail','192.168.5.206';
2018-02-22 19:03:09 EXEC SPC_031_PURCHASE_REQUEST_DETAIL_INQ1 'KI201802120003';
2018-02-22 19:03:10 EXEC SPC_GET_TAX_RATE '2018/02/24';
2018-02-22 19:04:22 EXEC SPC_COM_GET_COMBOBOX 'buy_status_div';
2018-02-22 19:04:22 EXEC SPC_032_PURCHASE_REQUEST_SEARCH_FND1 '','','','','','','','1','10';
2018-02-22 19:25:53 EXEC SPC_032_PURCHASE_REQUEST_SEARCH_FND1 '','','','','','','','1','10';
2018-02-22 19:25:56 EXEC SPC_032_PURCHASE_REQUEST_SEARCH_FND1 '','','','','','','10','1','10';
2018-02-22 19:26:00 EXEC SPC_032_PURCHASE_REQUEST_SEARCH_FND1 '','','','','','','20','1','10';
2018-02-22 19:26:05 EXEC SPC_032_PURCHASE_REQUEST_SEARCH_FND1 '','','','','','','','1','10';
