2018-05-17 10:26:16 EXEC SPC_COM_GET_COMBOBOX 'port_country_div';
v';
2018-05-17 10:26:16 EXEC SPC_COM_GET_COMBOBOX 'outsourcing_div';
2018-05-17 10:26:16 EXEC SPC_COM_GET_COMBOBOX 'done_div';
2018-05-17 10:26:16 EXEC SPC_COM_GET_COMBOBOX 'shipment_div';
2018-05-17 10:26:16 EXEC SPC_COM_GET_COMBOBOX 'port_city_div';
2018-05-17 10:26:17 EXEC SPC_COM_GET_COMBOBOX 'payment_conditions_div';
2018-05-17 10:26:17 EXEC SPC_COM_GET_COMBOBOX 'trade_terms_div';
2018-05-17 10:26:17 EXEC SPC_COM_GET_COMBOBOX 'unit_w_div';
2018-05-17 10:26:17 EXEC SPC_COM_GET_COMBOBOX 'unit_q_div';
2018-05-17 10:26:17 EXEC SPC_COM_GET_COMBOBOX 'currency_div';
2018-05-17 10:26:17 EXEC SPC_COM_GET_COMBOBOX 'unit_m_div';
2018-05-17 10:26:17 EXEC SPC_COM_GET_COMBOBOX 'sales_detail_div';
2018-05-17 10:26:17 EXEC SPC_COM_GET_COMBOBOX 'bank_div';
2018-05-17 10:26:17 EXEC SPC_GET_TAX_RATE '2013/08/31';
2018-05-17 10:26:17 EXEC SPC_001_PI_DETAIL_INQ1 'RT-130827001';
2018-05-17 10:26:18 EXEC SPC_COM_GET_COMBOBOX 'unit_w_div';
2018-05-17 10:26:18 EXEC SPC_COM_GET_COMBOBOX 'unit_m_div';
2018-05-17 10:26:18 EXEC SPC_COM_GET_COMBOBOX 'unit_q_div';
2018-05-17 10:26:18 EXEC SPC_GET_TAX_RATE '2013/08/31';
2018-05-17 10:26:18 EXEC SPC_COM_GET_COMBOBOX 'sales_detail_div';
2018-05-17 10:26:50 EXEC SPC_COM_GET_COMBOBOX 'production_status_div';
2018-05-17 10:26:50 EXEC SPC_COM_GET_COMBOBOX 'done_div';
2018-05-17 10:26:50 EXEC SPC_COM_GET_COMBOBOX 'outsourcing_div';
2018-05-17 10:56:08 EXEC SPC_027_MANUFACTURING_INSTRUCTION_SEARCH_FND1 '','','','','','','','','','','1','10';
2018-05-17 11:00:48 EXEC SPC_073_LOGIN_ACT1 '001','123456';
2018-05-17 11:00:48 EXEC SPC_GET_CONSTANT '';
2018-05-17 12:06:57 EXEC SPC_COM_GET_COMBOBOX 'outsourcing_div';
2018-05-17 12:06:58 EXEC SPC_COM_GET_COMBOBOX 'done_div';
tatus_div';
2018-05-17 12:10:49 EXEC SPC_COM_GET_COMBOBOX 'outsourcing_div';
2018-05-17 12:10:49 EXEC SPC_COM_GET_COMBOBOX 'production_status_div';
2018-05-17 12:10:49 EXEC SPC_COM_GET_COMBOBOX 'done_div';
2018-05-17 12:10:52 EXEC SPC_027_MANUFACTURING_INSTRUCTION_SEARCH_FND1 '','','','','','','','','','','1','10';
2018-05-17 12:13:05 EXEC SPC_027_MANUFACTURING_INSTRUCTION_SEARCH_ACT1 '[{"manufacture_no":"20180001"},{"manufacture_no":"20180002"}]','001','027_manufacturing-instruction-search','192.168.5.206';
2018-05-17 12:13:30 EXEC SPC_027_MANUFACTURING_INSTRUCTION_SEARCH_ACT1 '[{"manufacture_no":"20180001"},{"manufacture_no":"20180002"}]','001','027_manufacturing-instruction-search','192.168.5.206';
2018-05-17 12:13:39 EXEC SPC_027_MANUFACTURING_INSTRUCTION_SEARCH_ACT1 '[{"manufacture_no":"20180001"},{"manufacture_no":"20180002"}]','001','027_manufacturing-instruction-search','192.168.5.206';
2018-05-17 12:13:47 EXEC SPC_027_MANUFACTURING_INSTRUCTION_SEARCH_ACT1 '[{"manufacture_no":"20180001"},{"manufacture_no":"20180002"}]','001','027_manufacturing-instruction-search','192.168.5.206';
2018-05-17 13:14:12 EXEC SPC_COM_GET_COMBOBOX 'port_country_div';
2018-05-17 13:14:13 EXEC SPC_COM_GET_COMBOBOX 'unit_q_div';
2018-05-17 13:14:14 EXEC SPC_COM_GET_COMBOBOX 'unit_w_div';
2018-05-17 13:14:14 EXEC SPC_COM_GET_COMBOBOX 'currency_div';
2018-05-17 13:14:14 EXEC SPC_COM_GET_COMBOBOX 'shipment_div';
2018-05-17 13:14:14 EXEC SPC_COM_GET_COMBOBOX 'port_city_div';
2018-05-17 13:14:14 EXEC SPC_COM_GET_COMBOBOX 'trade_terms_div';
2018-05-17 13:14:14 EXEC SPC_COM_GET_COMBOBOX 'payment_conditions_div';
2018-05-17 13:14:14 EXEC SPC_COM_GET_COMBOBOX 'unit_m_div';
2018-05-17 13:14:14 EXEC SPC_COM_GET_COMBOBOX 'sales_detail_div';
2018-05-17 13:14:14 EXEC SPC_COM_GET_COMBOBOX 'bank_div';
2018-05-17 13:14:14 EXEC SPC_GET_TAX_RATE '2018/05/17';
2018-05-17 13:14:15 EXEC SPC_001_PI_DETAIL_INQ1 'RT-130827001';
2018-05-17 13:14:15 EXEC SPC_COM_GET_COMBOBOX 'unit_m_div';
2018-05-17 13:14:15 EXEC SPC_COM_GET_COMBOBOX 'unit_q_div';
2018-05-17 13:14:15 EXEC SPC_COM_GET_COMBOBOX 'unit_w_div';
2018-05-17 13:14:15 EXEC SPC_GET_TAX_RATE '2013/08/31';
2018-05-17 13:14:15 EXEC SPC_COM_GET_COMBOBOX 'sales_detail_div';
2018-05-17 13:14:21 EXEC SPC_COM_GET_COMBOBOX 'trade_terms_div';
2018-05-17 13:14:21 EXEC SPC_COM_GET_COMBOBOX 'payment_conditions_div';
2018-05-17 13:14:21 EXEC SPC_COM_GET_COMBOBOX 'currency_div';
2018-05-17 13:14:21 EXEC SPC_COM_GET_COMBOBOX 'port_city_div';
2018-05-17 13:14:21 EXEC SPC_COM_GET_COMBOBOX 'port_country_div';
2018-05-17 13:14:21 EXEC SPC_COM_GET_COMBOBOX 'shipment_div';
2018-05-17 13:14:22 EXEC SPC_COM_GET_COMBOBOX 'bank_div';
2018-05-17 15:23:32 EXEC SPC_COM_GET_COMBOBOX 'outsourcing_div';
2018-05-17 15:23:32 EXEC SPC_COM_GET_COMBOBOX 'production_status_div';
2018-05-17 15:23:32 EXEC SPC_COM_GET_COMBOBOX 'done_div';
2018-05-17 15:23:51 EXEC SPC_027_MANUFACTURING_INSTRUCTION_SEARCH_FND1 '','','','','','','','','','','1','10';
2018-05-17 15:23:57 EXEC SPC_027_MANUFACTURING_INSTRUCTION_SEARCH_FND1 '20180051','','','','','','','','','','1','10';
2018-05-17 15:24:02 EXEC SPC_047_MANUFACTURING_COMPLETION_PROCESS_INQ1 '20180051';
2018-05-17 15:24:08 EXEC SPC_027_MANUFACTURING_INSTRUCTION_SEARCH_FND1 '20180051','','','','','','','','','','1','10';
2018-05-17 15:30:59 EXEC SPC_027_MANUFACTURING_INSTRUCTION_SEARCH_FND1 '20180051','','','','','','','','','','1','10';
2018-05-17 17:02:07 EXEC SPC_027_MANUFACTURING_INSTRUCTION_SEARCH_ACT1 '[{"manufacture_no":"20180051"}]','','027_manufacturing-instruction-search','';
2018-05-17 17:02:16 EXEC SPC_COM_GET_COMBOBOX 'outsourcing_div';
2018-05-17 17:02:16 EXEC SPC_COM_GET_COMBOBOX 'done_div';
2018-05-17 17:02:16 EXEC SPC_COM_GET_COMBOBOX 'production_status_div';
2018-05-17 17:02:19 EXEC SPC_027_MANUFACTURING_INSTRUCTION_SEARCH_FND1 '','','','','','','','','','','1','10';
2018-05-17 17:02:22 EXEC SPC_027_MANUFACTURING_INSTRUCTION_SEARCH_ACT1 '[{"manufacture_no":"20180001"}]','','027_manufacturing-instruction-search','';
2018-05-17 17:02:28 EXEC SPC_027_MANUFACTURING_INSTRUCTION_SEARCH_ACT1 '[{"manufacture_no":"20180002"}]','','027_manufacturing-instruction-search','';
2018-05-17 17:02:33 EXEC SPC_027_MANUFACTURING_INSTRUCTION_SEARCH_FND1 '','','','','','','','','','','6','10';
2018-05-17 17:02:36 EXEC SPC_027_MANUFACTURING_INSTRUCTION_SEARCH_ACT1 '[{"manufacture_no":"20180059"}]','','027_manufacturing-instruction-search','';
2018-05-17 17:02:42 EXEC SPC_027_MANUFACTURING_INSTRUCTION_SEARCH_ACT1 '[{"manufacture_no":"20180052"}]','','027_manufacturing-instruction-search','';
2018-05-17 17:02:49 EXEC SPC_027_MANUFACTURING_INSTRUCTION_SEARCH_ACT1 '[{"manufacture_no":"20180052"},{"manufacture_no":"20180053"},{"manufacture_no":"20180054"}]','','027_manufacturing-instruction-search','';
2018-05-17 17:11:35 EXEC SPC_COM_GET_COMBOBOX 'outsourcing_div';
2018-05-17 17:11:35 EXEC SPC_COM_GET_COMBOBOX 'production_status_div';
2018-05-17 17:11:35 EXEC SPC_COM_GET_COMBOBOX 'done_div';
2018-05-17 17:14:54 EXEC SPC_073_LOGIN_ACT1 '111','123456';
2018-05-17 17:14:54 EXEC SPC_GET_CONSTANT '';
2018-05-17 17:14:54 EXEC SPC_GET_PERMISSION_AUTH '100','master/user-master-detail';
2018-05-17 17:14:56 EXEC SPC_COM_GET_COMBOBOX 'incumbent_div';
2018-05-17 17:14:56 EXEC SPC_COM_GET_COMBOBOX 'belong_div';
2018-05-17 17:14:56 EXEC SPC_COM_GET_COMBOBOX 'auth_role_div';
2018-05-17 17:14:56 EXEC SPC_COM_GET_COMBOBOX 'position_div';
2018-05-17 17:15:03 EXEC SPC_GET_PERMISSION_AUTH '100','master/component-list-detail';
2018-05-17 17:15:05 EXEC SPC_COM_GET_COMBOBOX 'unit_q_div';
2018-05-17 17:15:20 EXEC SPC_GET_ITEM '4001';
2018-05-17 17:15:21 EXEC SPC_GET_PERMISSION_AUTH '100','master/component-list-detail/refer-bom';
2018-05-17 17:15:21 EXEC SPC_070_COMPONENT_LIST_DETAIL_INQ1 '','4001';
2018-05-17 17:16:04 EXEC SPC_COMPONENT_PRODUCT_FND '','','','','1','10';
2018-05-17 17:16:08 EXEC SPC_COMPONENT_PRODUCT_FND '','','1','','1','10';
2018-05-17 17:16:11 EXEC SPC_COMPONENT_PRODUCT_FND '','','','1','1','10';
2018-05-17 17:16:17 EXEC SPC_GET_ITEM '1000';
2018-05-17 17:16:18 EXEC SPC_GET_PERMISSION_AUTH '100','master/component-list-detail/refer-bom';
2018-05-17 17:16:18 EXEC SPC_070_COMPONENT_LIST_DETAIL_INQ1 '1000','4001';
2018-05-17 17:19:32 EXEC SPC_COM_GET_COMBOBOX 'production_status_div';
2018-05-17 17:19:32 EXEC SPC_COM_GET_COMBOBOX 'outsourcing_div';
2018-05-17 17:19:32 EXEC SPC_COM_GET_COMBOBOX 'done_div';
2018-05-17 17:19:34 EXEC SPC_027_MANUFACTURING_INSTRUCTION_SEARCH_FND1 '','','','','','','','','','','1','10';
2018-05-17 17:21:05 EXEC SPC_027_MANUFACTURING_INSTRUCTION_SEARCH_FND1 '','','','','','','','','','','1','10';
2018-05-17 17:31:00 EXEC SPC_027_MANUFACTURING_INSTRUCTION_SEARCH_FND1 '','','','','','','','','','','1','10';
2018-05-17 17:40:14 EXEC SPC_027_MANUFACTURING_INSTRUCTION_SEARCH_FND1 '','','','','','','','','','','1','10';
2018-05-17 18:12:03 EXEC SPC_027_MANUFACTURING_INSTRUCTION_SEARCH_FND1 '','','','','','','','','','','1','10';
2018-05-17 18:48:45 EXEC SPC_COM_GET_COMBOBOX 'port_country_div';
2018-05-17 18:48:45 EXEC SPC_COM_GET_COMBOBOX 'shipment_div';
2018-05-17 18:48:45 EXEC SPC_COM_GET_COMBOBOX 'unit_q_div';
2018-05-17 18:48:45 EXEC SPC_COM_GET_COMBOBOX 'currency_div';
2018-05-17 18:48:45 EXEC SPC_COM_GET_COMBOBOX 'port_city_div';
2018-05-17 18:48:45 EXEC SPC_COM_GET_COMBOBOX 'trade_terms_div';
2018-05-17 18:48:46 EXEC SPC_COM_GET_COMBOBOX 'payment_conditions_div';
2018-05-17 18:48:46 EXEC SPC_COM_GET_COMBOBOX 'unit_m_div';
2018-05-17 18:48:46 EXEC SPC_COM_GET_COMBOBOX 'unit_w_div';
2018-05-17 18:48:46 EXEC SPC_COM_GET_COMBOBOX 'sales_detail_div';
2018-05-17 18:48:46 EXEC SPC_COM_GET_COMBOBOX 'bank_div';
2018-05-17 18:48:46 EXEC SPC_GET_TAX_RATE '2018/05/17';
2018-05-17 18:49:10 EXEC SPC_001_PI_DETAIL_INQ2 'F0252','1';
2018-05-17 18:51:21 EXEC SPC_COM_GET_COMBOBOX 'port_city_div';
2018-05-17 18:51:21 EXEC SPC_COM_GET_COMBOBOX 'shipment_div';
2018-05-17 18:51:21 EXEC SPC_COM_GET_COMBOBOX 'payment_conditions_div';
2018-05-17 18:51:21 EXEC SPC_COM_GET_COMBOBOX 'port_country_div';
2018-05-17 18:51:21 EXEC SPC_COM_GET_COMBOBOX 'currency_div';
2018-05-17 18:51:21 EXEC SPC_COM_GET_COMBOBOX 'trade_terms_div';
2018-05-17 18:51:21 EXEC SPC_COM_GET_COMBOBOX 'unit_m_div';
2018-05-17 18:51:21 EXEC SPC_COM_GET_COMBOBOX 'sales_detail_div';
2018-05-17 18:51:21 EXEC SPC_GET_TAX_RATE '2018/05/17';
2018-05-17 18:51:21 EXEC SPC_COM_GET_COMBOBOX 'unit_q_div';
2018-05-17 18:51:21 EXEC SPC_COM_GET_COMBOBOX 'unit_w_div';
2018-05-17 18:51:21 EXEC SPC_COM_GET_COMBOBOX 'bank_div';
2018-05-17 18:51:37 EXEC SPC_COM_GET_COMBOBOX 'deposit_div';
2018-05-17 18:51:37 EXEC SPC_COM_GET_COMBOBOX 'target_div';
2018-05-17 18:51:37 EXEC SPC_COM_GET_COMBOBOX 'currency_div';
2018-05-17 18:51:37 EXEC SPC_COM_GET_COMBOBOX 'rate_confirm_div';
2018-05-17 18:51:37 EXEC SPC_COM_GET_COMBOBOX 'bank_div';
2018-05-17 18:51:37 EXEC SPC_COM_GET_COMBOBOX 'deposit_way_div';
2018-05-17 18:51:38 EXEC SPC_020_DEPOSIT_DETAIL_INQ2 '';
2018-05-17 18:51:39 EXEC SPC_REFER_CLIENT_CD '';
2018-05-17 18:51:39 EXEC SPC_GET_LIB_COUNTRY '';
2018-05-17 18:51:43 EXEC SPC_COM_GET_COMBOBOX 'inv_data_div';
2018-05-17 18:51:46 EXEC SPC_015_INVOICE_SEARCH_FND1 '','','','','','','','','1','10';
2018-05-17 18:51:48 EXEC SPC_020_DEPOSIT_DETAIL_INQ4 '','E-180424007';
2018-05-17 18:51:49 EXEC SPC_GET_LIB_COUNTRY 'BD';
2018-05-17 18:51:49 EXEC SPC_REFER_CLIENT_CD 'F0069';
2018-05-17 18:52:46 EXEC SPC_COM_GET_COMBOBOX 'rate_confirm_div';
2018-05-17 18:52:46 EXEC SPC_COM_GET_COMBOBOX 'deposit_div';
2018-05-17 18:52:46 EXEC SPC_COM_GET_COMBOBOX 'bank_div';
2018-05-17 18:52:46 EXEC SPC_COM_GET_COMBOBOX 'target_div';
2018-05-17 18:52:46 EXEC SPC_COM_GET_COMBOBOX 'currency_div';
2018-05-17 18:52:46 EXEC SPC_COM_GET_COMBOBOX 'deposit_way_div';
2018-05-17 18:52:47 EXEC SPC_020_DEPOSIT_DETAIL_INQ2 '';
2018-05-17 18:52:48 EXEC SPC_GET_LIB_COUNTRY '';
2018-05-17 18:52:48 EXEC SPC_REFER_CLIENT_CD '';
2018-05-17 18:53:03 EXEC SPC_COM_GET_COMBOBOX 'target_div';
2018-05-17 18:53:13 EXEC SPC_055_SUPPLIERS_MASTER_SEARCH_FND1 '','','','','','','0','0','0','1','10';
2018-05-17 18:53:15 EXEC SPC_020_DEPOSIT_DETAIL_INQ5 '','2222';
2018-05-17 18:53:16 EXEC SPC_GET_LIB_COUNTRY 'SY';
2018-05-17 18:53:16 EXEC SPC_REFER_CLIENT_CD '2222';
2018-05-17 18:53:37 EXEC SPC_COM_GET_COMBOBOX 'target_div';
2018-05-17 18:53:37 EXEC SPC_COM_GET_COMBOBOX 'currency_div';
2018-05-17 18:53:37 EXEC SPC_COM_GET_COMBOBOX 'rate_confirm_div';
2018-05-17 18:53:37 EXEC SPC_COM_GET_COMBOBOX 'bank_div';
2018-05-17 18:53:37 EXEC SPC_COM_GET_COMBOBOX 'deposit_div';
2018-05-17 18:53:37 EXEC SPC_COM_GET_COMBOBOX 'deposit_way_div';
2018-05-17 18:53:38 EXEC SPC_020_DEPOSIT_DETAIL_INQ2 '';
2018-05-17 18:53:39 EXEC SPC_GET_LIB_COUNTRY '';
2018-05-17 18:53:39 EXEC SPC_REFER_CLIENT_CD '';
2018-05-17 18:55:11 EXEC SPC_055_SUPPLIERS_MASTER_SEARCH_FND1 '','','','','','','0','0','0','1','10';
2018-05-17 18:55:14 EXEC SPC_020_DEPOSIT_DETAIL_INQ5 '','2222';
2018-05-17 18:55:15 EXEC SPC_REFER_CLIENT_CD '2222';
2018-05-17 18:55:15 EXEC SPC_GET_LIB_COUNTRY 'SY';
2018-05-17 18:55:37 EXEC SPC_020_DEPOSIT_DETAIL_INQ5 '','';
2018-05-17 18:55:38 EXEC SPC_REFER_CLIENT_CD '';
2018-05-17 18:55:38 EXEC SPC_GET_LIB_COUNTRY '';
2018-05-17 18:55:40 EXEC SPC_020_DEPOSIT_DETAIL_INQ5 '','2222';
2018-05-17 18:55:41 EXEC SPC_GET_LIB_COUNTRY 'SY';
2018-05-17 18:55:41 EXEC SPC_REFER_CLIENT_CD '2222';
2018-05-17 18:56:22 EXEC SPC_055_SUPPLIERS_MASTER_SEARCH_FND1 '','','','','','','0','0','0','1','10';
2018-05-17 18:56:32 EXEC SPC_020_DEPOSIT_DETAIL_INQ5 '','ape76b';
2018-05-17 18:56:32 EXEC SPC_GET_LIB_COUNTRY 'JP';
2018-05-17 18:56:32 EXEC SPC_REFER_CLIENT_CD 'ape76b';
2018-05-17 18:56:54 EXEC SPC_020_DEPOSIT_DETAIL_INQ5 '','2222';
2018-05-17 18:56:54 EXEC SPC_REFER_CLIENT_CD '2222';
2018-05-17 18:56:54 EXEC SPC_GET_LIB_COUNTRY 'SY';
2018-05-17 18:57:00 EXEC SPC_020_DEPOSIT_DETAIL_INQ5 '','ape76b';
2018-05-17 18:57:01 EXEC SPC_REFER_CLIENT_CD 'ape76b';
2018-05-17 18:57:01 EXEC SPC_GET_LIB_COUNTRY 'JP';
2018-05-17 18:57:04 EXEC SPC_020_DEPOSIT_DETAIL_INQ5 '','';
2018-05-17 18:57:05 EXEC SPC_REFER_CLIENT_CD '';
2018-05-17 18:57:05 EXEC SPC_GET_LIB_COUNTRY '';
2018-05-17 18:57:13 EXEC SPC_020_DEPOSIT_DETAIL_INQ5 '','ape76b';
2018-05-17 18:57:13 EXEC SPC_REFER_CLIENT_CD 'ape76b';
2018-05-17 18:57:23 EXEC SPC_020_DEPOSIT_DETAIL_INQ5 '','2222';
2018-05-17 18:57:23 EXEC SPC_REFER_CLIENT_CD '2222';
2018-05-17 18:57:24 EXEC SPC_GET_LIB_COUNTRY 'SY';
2018-05-17 18:57:27 EXEC SPC_020_DEPOSIT_DETAIL_INQ5 '','ape76b';
2018-05-17 18:57:27 EXEC SPC_REFER_CLIENT_CD 'ape76b';
2018-05-17 18:57:27 EXEC SPC_GET_LIB_COUNTRY 'JP';
2018-05-17 18:58:59 EXEC SPC_020_DEPOSIT_DETAIL_INQ5 '','2222';
2018-05-17 18:59:00 EXEC SPC_REFER_CLIENT_CD '2222';
2018-05-17 18:59:00 EXEC SPC_GET_LIB_COUNTRY 'SY';
2018-05-17 18:59:03 EXEC SPC_020_DEPOSIT_DETAIL_INQ5 '','333';
2018-05-17 18:59:04 EXEC SPC_GET_LIB_COUNTRY 'SY';
2018-05-17 18:59:04 EXEC SPC_REFER_CLIENT_CD '333';
2018-05-17 18:59:11 EXEC SPC_020_DEPOSIT_DETAIL_INQ5 '','ape76b';
2018-05-17 18:59:11 EXEC SPC_REFER_CLIENT_CD 'ape76b';
2018-05-17 18:59:11 EXEC SPC_GET_LIB_COUNTRY 'JP';
2018-05-17 19:00:13 EXEC SPC_020_DEPOSIT_DETAIL_INQ5 '','2222';
2018-05-17 19:00:13 EXEC SPC_GET_LIB_COUNTRY 'SY';
2018-05-17 19:00:13 EXEC SPC_REFER_CLIENT_CD '2222';
2018-05-17 19:00:19 EXEC SPC_COM_GET_COMBOBOX 'deposit_div';
2018-05-17 19:00:19 EXEC SPC_COM_GET_COMBOBOX 'currency_div';
2018-05-17 19:00:20 EXEC SPC_COM_GET_COMBOBOX 'target_div';
2018-05-17 19:00:20 EXEC SPC_COM_GET_COMBOBOX 'bank_div';
2018-05-17 19:00:20 EXEC SPC_COM_GET_COMBOBOX 'deposit_way_div';
2018-05-17 19:00:20 EXEC SPC_COM_GET_COMBOBOX 'rate_confirm_div';
2018-05-17 19:00:21 EXEC SPC_020_DEPOSIT_DETAIL_INQ2 '';
2018-05-17 19:00:21 EXEC SPC_REFER_CLIENT_CD '';
2018-05-17 19:00:21 EXEC SPC_GET_LIB_COUNTRY '';
2018-05-17 19:01:48 EXEC SPC_COM_GET_COMBOBOX 'target_div';
2018-05-17 19:01:48 EXEC SPC_COM_GET_COMBOBOX 'bank_div';
2018-05-17 19:01:48 EXEC SPC_COM_GET_COMBOBOX 'deposit_div';
2018-05-17 19:01:48 EXEC SPC_COM_GET_COMBOBOX 'currency_div';
2018-05-17 19:01:48 EXEC SPC_COM_GET_COMBOBOX 'deposit_way_div';
2018-05-17 19:01:48 EXEC SPC_COM_GET_COMBOBOX 'rate_confirm_div';
2018-05-17 19:01:49 EXEC SPC_020_DEPOSIT_DETAIL_INQ2 '';
2018-05-17 19:01:50 EXEC SPC_REFER_CLIENT_CD '';
2018-05-17 19:01:50 EXEC SPC_GET_LIB_COUNTRY '';
2018-05-17 19:01:58 EXEC SPC_020_DEPOSIT_DETAIL_INQ5 '','ape76b';
2018-05-17 19:01:59 EXEC SPC_GET_LIB_COUNTRY 'JP';
2018-05-17 19:01:59 EXEC SPC_REFER_CLIENT_CD 'ape76b';
2018-05-17 19:02:33 EXEC SPC_COM_GET_COMBOBOX 'target_div';
2018-05-17 19:02:33 EXEC SPC_COM_GET_COMBOBOX 'deposit_div';
2018-05-17 19:02:33 EXEC SPC_COM_GET_COMBOBOX 'currency_div';
2018-05-17 19:02:33 EXEC SPC_COM_GET_COMBOBOX 'deposit_way_div';
2018-05-17 19:02:33 EXEC SPC_COM_GET_COMBOBOX 'rate_confirm_div';
2018-05-17 19:02:33 EXEC SPC_COM_GET_COMBOBOX 'bank_div';
2018-05-17 19:02:34 EXEC SPC_020_DEPOSIT_DETAIL_INQ2 '';
2018-05-17 19:02:35 EXEC SPC_REFER_CLIENT_CD '';
2018-05-17 19:11:04 EXEC SPC_027_MANUFACTURING_INSTRUCTION_SEARCH_FND1 '','','','','','','','','','','1','10';
