2018-03-29 10:24:18 EXEC SPC_COM_GET_COMBOBOX 'fwd_status_div';
2018-03-29 10:34:45 EXEC SPC_073_LOGIN_ACT1 '001','123456';
2018-03-29 10:34:45 EXEC SPC_GET_CONSTANT '';
2018-03-29 10:35:05 EXEC SPC_050_STOCK_SEARCH_FND1 '','','1','10';
2018-03-29 10:35:09 EXEC SPC_COM_GET_COMBOBOX 'in_out_div';
2018-03-29 10:35:10 EXEC SPC_COM_GET_COMBOBOX 'in_out_data_div';
2018-03-29 10:35:10 EXEC SPC_049_INPUT_OUTPUT_FND1 '','','','','','','','1','10';
2018-03-29 10:35:16 EXEC SPC_COM_GET_COMBOBOX 'in_out_data_div';
2018-03-29 10:35:16 EXEC SPC_COM_GET_COMBOBOX 'in_out_div';
2018-03-29 10:35:16 EXEC SPC_048_INPUT_OUTPUT_DETAIL_INQ1 'NY201803230001';
2018-03-29 10:35:46 EXEC SPC_COM_GET_COMBOBOX 'auth_role_div';
2018-03-29 10:36:38 EXEC SPC_048_INPUT_OUTPUT_DETAIL_ACT1 'U','NY201803230001','2','2018/03/23','00','so0004','備考 備考 備考 備考','[{"in_out_detail_no":"1","item_cd":"000115","serial_no":"10","in_out_qty":"10","detail_remarks":"\u5099\u8003 \u5099\u8003 \u5099\u8003"},{"in_out_detail_no":"2","item_cd":"000115","serial_no":"20","in_out_qty":"20","detail_remarks":"\u5099\u8003 \u5099\u8003 \u5099\u8003"}]','001','048_input_output_detail','192.168.5.206';
2018-03-29 10:36:39 EXEC SPC_048_INPUT_OUTPUT_DETAIL_INQ1 'NY201803230001';
2018-03-29 10:36:47 EXEC SPC_048_INPUT_OUTPUT_DETAIL_ACT1 'U','NY201803230001','2','2018/03/23','10','so0004','備考 備考 備考 備考','[{"in_out_detail_no":"1","item_cd":"000115","serial_no":"10","in_out_qty":"10","detail_remarks":"\u5099\u8003 \u5099\u8003 \u5099\u8003"},{"in_out_detail_no":"2","item_cd":"000115","serial_no":"20","in_out_qty":"20","detail_remarks":"\u5099\u8003 \u5099\u8003 \u5099\u8003"}]','001','048_input_output_detail','192.168.5.206';
2018-03-29 10:36:47 EXEC SPC_048_INPUT_OUTPUT_DETAIL_INQ1 'NY201803230001';
2018-03-29 11:23:37 EXEC SPC_COM_GET_COMBOBOX 'in_out_div';
2018-03-29 11:23:37 EXEC SPC_048_INPUT_OUTPUT_DETAIL_INQ1 'NY201803230001';
2018-03-29 11:23:37 EXEC SPC_COM_GET_COMBOBOX 'in_out_data_div';
2018-03-29 11:23:40 EXEC SPC_COM_GET_COMBOBOX 'in_out_div';
2018-03-29 11:23:40 EXEC SPC_COM_GET_COMBOBOX 'in_out_data_div';
2018-03-29 11:23:41 EXEC SPC_049_INPUT_OUTPUT_FND1 '','','','','','','','1','10';
2018-03-29 11:23:41 EXEC SPC_049_INPUT_OUTPUT_FND1 '','','','','','','','1','10';
2018-03-29 11:23:43 EXEC SPC_COM_GET_COMBOBOX 'in_out_div';
2018-03-29 11:23:43 EXEC SPC_COM_GET_COMBOBOX 'in_out_data_div';
2018-03-29 11:23:45 EXEC SPC_COM_GET_COMBOBOX 'in_out_data_div';
2018-03-29 11:23:45 EXEC SPC_COM_GET_COMBOBOX 'in_out_div';
2018-03-29 11:23:46 EXEC SPC_049_INPUT_OUTPUT_FND1 '','','','','','','','1','10';
2018-03-29 11:23:46 EXEC SPC_049_INPUT_OUTPUT_FND1 '','','','','','','','1','10';
2018-03-29 11:23:47 EXEC SPC_049_INPUT_OUTPUT_FND1 '','','','','','','','1','10';
2018-03-29 11:23:51 EXEC SPC_COM_GET_COMBOBOX 'in_out_div';
2018-03-29 11:23:51 EXEC SPC_COM_GET_COMBOBOX 'in_out_data_div';
2018-03-29 11:23:51 EXEC SPC_048_INPUT_OUTPUT_DETAIL_INQ1 'NY201803220003';
2018-03-29 11:24:44 EXEC SPC_COM_GET_COMBOBOX 'in_out_div';
2018-03-29 11:24:44 EXEC SPC_COM_GET_COMBOBOX 'in_out_data_div';
2018-03-29 11:24:44 EXEC SPC_049_INPUT_OUTPUT_FND1 '','','','','','','','1','10';
2018-03-29 11:34:21 EXEC SPC_049_INPUT_OUTPUT_FND1 '','','','','','','','2','10';
2018-03-29 11:34:23 EXEC SPC_049_INPUT_OUTPUT_FND1 '','','','','','','','3','10';
2018-03-29 11:34:24 EXEC SPC_049_INPUT_OUTPUT_FND1 '','','','','','','','4','10';
2018-03-29 11:34:26 EXEC SPC_049_INPUT_OUTPUT_FND1 '','','','','','','','5','10';
2018-03-29 11:34:27 EXEC SPC_049_INPUT_OUTPUT_FND1 '','','','','','','','6','10';
2018-03-29 11:34:29 EXEC SPC_049_INPUT_OUTPUT_FND1 '','','','','','','','7','10';
2018-03-29 11:44:16 EXEC SPC_COM_GET_COMBOBOX 'in_out_div';
2018-03-29 11:44:16 EXEC SPC_COM_GET_COMBOBOX 'in_out_data_div';
2018-03-29 11:44:21 EXEC SPC_WAREHOUSE_SEARCH '','','1','10';
2018-03-29 11:44:27 EXEC SPC_048_INPUT_OUTPUT_DETAIL_INQ2 '003';
2018-03-29 11:44:30 EXEC SPC_048_INPUT_OUTPUT_DETAIL_INQ2 '0003';
2018-03-29 11:44:36 EXEC SPC_048_INPUT_OUTPUT_DETAIL_INQ2 '004';
2018-03-29 11:44:38 EXEC SPC_048_INPUT_OUTPUT_DETAIL_INQ2 '0004';
2018-03-29 11:45:20 EXEC SPC_048_INPUT_OUTPUT_DETAIL_INQ2 '004';
2018-03-29 11:45:32 EXEC SPC_COMPONENT_PRODUCT_FND '','','','','1','10';
2018-03-29 11:45:34 EXEC SPC_COMPONENT_PRODUCT_FND '','','1','','1','10';
2018-03-29 11:45:36 EXEC SPC_048_INPUT_OUTPUT_DETAIL_INQ2 '0004';
2018-03-29 11:46:41 EXEC SPC_048_INPUT_OUTPUT_DETAIL_INQ2 '0005';
2018-03-29 11:46:44 EXEC SPC_048_INPUT_OUTPUT_DETAIL_INQ2 '0004';
2018-03-29 11:46:47 EXEC SPC_048_INPUT_OUTPUT_DETAIL_ACT2 '[{"in_out_detail_no":"1","item_cd":"0003","serial_no":"10","in_out_qty":"1","detail_remarks":""},{"in_out_detail_no":"2","item_cd":"0004","serial_no":"","in_out_qty":"20","detail_remarks":""}]';
2018-03-29 11:47:00 EXEC SPC_048_INPUT_OUTPUT_DETAIL_ACT1 'I','','2','2018/03/29','00','001','','[{"in_out_detail_no":"1","item_cd":"0003","serial_no":"10","in_out_qty":"1","detail_remarks":""},{"in_out_detail_no":"2","item_cd":"0004","serial_no":"","in_out_qty":"20","detail_remarks":""}]','001','048_input_output_detail','192.168.5.206';
2018-03-29 11:47:02 EXEC SPC_048_INPUT_OUTPUT_DETAIL_INQ1 'SY201803290005';
2018-03-29 11:49:15 EXEC SPC_048_INPUT_OUTPUT_DETAIL_INQ2 '000004';
2018-03-29 11:49:20 EXEC SPC_048_INPUT_OUTPUT_DETAIL_ACT2 '[{"in_out_detail_no":"1","item_cd":"0003","serial_no":"10","in_out_qty":"1","detail_remarks":""},{"in_out_detail_no":"2","item_cd":"000004","serial_no":"","in_out_qty":"202","detail_remarks":""}]';
2018-03-29 11:49:21 EXEC SPC_048_INPUT_OUTPUT_DETAIL_ACT1 'I','SY201803290005','2','2018/03/29','00','001','','[{"in_out_detail_no":"1","item_cd":"0003","serial_no":"10","in_out_qty":"1","detail_remarks":""},{"in_out_detail_no":"2","item_cd":"000004","serial_no":"","in_out_qty":"202","detail_remarks":""}]','001','048_input_output_detail','192.168.5.206';
2018-03-29 11:49:22 EXEC SPC_048_INPUT_OUTPUT_DETAIL_INQ1 'SY201803290009';
2018-03-29 11:49:32 EXEC SPC_048_INPUT_OUTPUT_DETAIL_INQ2 '000004';
2018-03-29 11:50:00 EXEC SPC_048_INPUT_OUTPUT_DETAIL_INQ2 '0004';
2018-03-29 11:51:06 EXEC SPC_COMPONENT_PRODUCT_FND '','','1','','1','10';
2018-03-29 11:51:11 EXEC SPC_COMPONENT_PRODUCT_FND '','','','1','1','10';
2018-03-29 11:51:16 EXEC SPC_COMPONENT_PRODUCT_FND '000004','','','1','1','10';
2018-03-29 11:51:19 EXEC SPC_COMPONENT_PRODUCT_FND '000004','','1','','1','10';
2018-03-29 11:51:24 EXEC SPC_COMPONENT_PRODUCT_FND '','000004','1','','1','10';
2018-03-29 11:51:28 EXEC SPC_COMPONENT_PRODUCT_FND '000004','','','','1','10';
2018-03-29 11:52:35 EXEC SPC_048_INPUT_OUTPUT_DETAIL_INQ2 '000004';
2018-03-29 11:53:53 EXEC SPC_048_INPUT_OUTPUT_DETAIL_ACT2 '[{"in_out_detail_no":"1","item_cd":"0003","serial_no":"10","in_out_qty":"1","detail_remarks":""},{"in_out_detail_no":"2","item_cd":"000004","serial_no":"","in_out_qty":"20","detail_remarks":""}]';
2018-03-29 11:53:54 EXEC SPC_048_INPUT_OUTPUT_DETAIL_ACT1 'I','SY201803290009','2','2018/03/29','00','001','','[{"in_out_detail_no":"1","item_cd":"0003","serial_no":"10","in_out_qty":"1","detail_remarks":""},{"in_out_detail_no":"2","item_cd":"000004","serial_no":"","in_out_qty":"20","detail_remarks":""}]','001','048_input_output_detail','192.168.5.206';
2018-03-29 11:55:35 EXEC SPC_048_INPUT_OUTPUT_DETAIL_ACT2 '[{"in_out_detail_no":"1","item_cd":"0003","serial_no":"10","in_out_qty":"1","detail_remarks":""},{"in_out_detail_no":"2","item_cd":"000004","serial_no":"","in_out_qty":"20","detail_remarks":""}]';
2018-03-29 11:55:36 EXEC SPC_048_INPUT_OUTPUT_DETAIL_ACT1 'I','SY201803290009','2','2018/03/29','00','001','','[{"in_out_detail_no":"1","item_cd":"0003","serial_no":"10","in_out_qty":"1","detail_remarks":""},{"in_out_detail_no":"2","item_cd":"000004","serial_no":"","in_out_qty":"20","detail_remarks":""}]','001','048_input_output_detail','192.168.5.206';
2018-03-29 11:56:02 EXEC SPC_048_INPUT_OUTPUT_DETAIL_ACT2 '[{"in_out_detail_no":"1","item_cd":"0003","serial_no":"10","in_out_qty":"1","detail_remarks":""},{"in_out_detail_no":"2","item_cd":"000004","serial_no":"","in_out_qty":"20","detail_remarks":""}]';
2018-03-29 11:56:04 EXEC SPC_048_INPUT_OUTPUT_DETAIL_ACT1 'I','SY201803290009','2','2018/03/29','00','001','','[{"in_out_detail_no":"1","item_cd":"0003","serial_no":"10","in_out_qty":"1","detail_remarks":""},{"in_out_detail_no":"2","item_cd":"000004","serial_no":"","in_out_qty":"20","detail_remarks":""}]','001','048_input_output_detail','192.168.5.206';
2018-03-29 11:56:26 EXEC SPC_048_INPUT_OUTPUT_DETAIL_ACT2 '[{"in_out_detail_no":"1","item_cd":"0003","serial_no":"10","in_out_qty":"1","detail_remarks":""},{"in_out_detail_no":"2","item_cd":"000004","serial_no":"","in_out_qty":"20","detail_remarks":""}]';
2018-03-29 11:56:27 EXEC SPC_048_INPUT_OUTPUT_DETAIL_ACT1 'I','SY201803290009','2','2018/03/29','00','001','','[{"in_out_detail_no":"1","item_cd":"0003","serial_no":"10","in_out_qty":"1","detail_remarks":""},{"in_out_detail_no":"2","item_cd":"000004","serial_no":"","in_out_qty":"20","detail_remarks":""}]','001','048_input_output_detail','192.168.5.206';
2018-03-29 11:58:15 EXEC SPC_048_INPUT_OUTPUT_DETAIL_ACT2 '[{"in_out_detail_no":"1","item_cd":"0003","serial_no":"10","in_out_qty":"1","detail_remarks":""},{"in_out_detail_no":"2","item_cd":"000004","serial_no":"","in_out_qty":"20","detail_remarks":""}]';
2018-03-29 11:58:18 EXEC SPC_048_INPUT_OUTPUT_DETAIL_ACT1 'I','SY201803290009','2','2018/03/29','00','001','','[{"in_out_detail_no":"1","item_cd":"0003","serial_no":"10","in_out_qty":"1","detail_remarks":""},{"in_out_detail_no":"2","item_cd":"000004","serial_no":"","in_out_qty":"20","detail_remarks":""}]','001','048_input_output_detail','192.168.5.206';
2018-03-29 11:58:55 EXEC SPC_COM_GET_COMBOBOX 'in_out_div';
2018-03-29 11:58:56 EXEC SPC_COM_GET_COMBOBOX 'in_out_data_div';
2018-03-29 11:59:00 EXEC SPC_WAREHOUSE_SEARCH '','','1','10';
2018-03-29 11:59:06 EXEC SPC_COMPONENT_PRODUCT_FND '','','1','','1','10';
2018-03-29 11:59:07 EXEC SPC_048_INPUT_OUTPUT_DETAIL_INQ2 '000004';
2018-03-29 11:59:11 EXEC SPC_048_INPUT_OUTPUT_DETAIL_ACT2 '[{"in_out_detail_no":"1","item_cd":"000004","serial_no":"","in_out_qty":"20","detail_remarks":""}]';
2018-03-29 11:59:12 EXEC SPC_048_INPUT_OUTPUT_DETAIL_ACT1 'I','','5','2018/03/29','00','so0002','','[{"in_out_detail_no":"1","item_cd":"000004","serial_no":"","in_out_qty":"20","detail_remarks":""}]','001','048_input_output_detail','192.168.5.206';
2018-03-29 11:59:13 EXEC SPC_048_INPUT_OUTPUT_DETAIL_INQ1 'SY201803290001';
2018-03-29 11:59:18 EXEC SPC_COMPONENT_PRODUCT_FND '','','','','1','10';
2018-03-29 11:59:21 EXEC SPC_COMPONENT_PRODUCT_FND '','','','1','1','10';
2018-03-29 11:59:22 EXEC SPC_048_INPUT_OUTPUT_DETAIL_INQ2 '000121';
2018-03-29 11:59:43 EXEC SPC_COMPONENT_PRODUCT_FND '','','','1','1','10';
2018-03-29 11:59:45 EXEC SPC_048_INPUT_OUTPUT_DETAIL_INQ2 '000123';
2018-03-29 11:59:51 EXEC SPC_048_INPUT_OUTPUT_DETAIL_ACT2 '[{"in_out_detail_no":"1","item_cd":"000004","serial_no":"","in_out_qty":"20","detail_remarks":""},{"in_out_detail_no":"2","item_cd":"000123","serial_no":"","in_out_qty":"20","detail_remarks":""}]';
2018-03-29 11:59:52 EXEC SPC_048_INPUT_OUTPUT_DETAIL_ACT1 'I','SY201803290001','5','2018/03/29','00','so0002','','[{"in_out_detail_no":"1","item_cd":"000004","serial_no":"","in_out_qty":"20","detail_remarks":""},{"in_out_detail_no":"2","item_cd":"000123","serial_no":"","in_out_qty":"20","detail_remarks":""}]','001','048_input_output_detail','192.168.5.206';
2018-03-29 12:01:39 EXEC SPC_048_INPUT_OUTPUT_DETAIL_ACT2 '[{"in_out_detail_no":"1","item_cd":"000004","serial_no":"","in_out_qty":"20","detail_remarks":""},{"in_out_detail_no":"2","item_cd":"000123","serial_no":"","in_out_qty":"20","detail_remarks":""}]';
2018-03-29 12:01:40 EXEC SPC_048_INPUT_OUTPUT_DETAIL_ACT1 'I','SY201803290001','5','2018/03/29','00','so0002','','[{"in_out_detail_no":"1","item_cd":"000004","serial_no":"","in_out_qty":"20","detail_remarks":""},{"in_out_detail_no":"2","item_cd":"000123","serial_no":"","in_out_qty":"20","detail_remarks":""}]','001','048_input_output_detail','192.168.5.206';
2018-03-29 12:03:52 EXEC SPC_048_INPUT_OUTPUT_DETAIL_ACT2 '[{"in_out_detail_no":"1","item_cd":"000004","serial_no":"","in_out_qty":"20","detail_remarks":""},{"in_out_detail_no":"2","item_cd":"000123","serial_no":"","in_out_qty":"20","detail_remarks":""}]';
2018-03-29 12:03:53 EXEC SPC_048_INPUT_OUTPUT_DETAIL_ACT1 'I','SY201803290001','5','2018/03/29','00','so0002','','[{"in_out_detail_no":"1","item_cd":"000004","serial_no":"","in_out_qty":"20","detail_remarks":""},{"in_out_detail_no":"2","item_cd":"000123","serial_no":"","in_out_qty":"20","detail_remarks":""}]','001','048_input_output_detail','192.168.5.206';
2018-03-29 12:03:54 EXEC SPC_048_INPUT_OUTPUT_DETAIL_INQ1 'SY201803290002';
2018-03-29 12:04:11 EXEC SPC_048_INPUT_OUTPUT_DETAIL_INQ2 '000123';
2018-03-29 12:05:14 EXEC SPC_COM_GET_COMBOBOX 'in_out_div';
2018-03-29 12:05:14 EXEC SPC_COM_GET_COMBOBOX 'in_out_data_div';
2018-03-29 12:05:20 EXEC SPC_WAREHOUSE_SEARCH '','','1','10';
2018-03-29 12:05:24 EXEC SPC_COMPONENT_PRODUCT_FND '','','','1','1','10';
2018-03-29 12:05:26 EXEC SPC_048_INPUT_OUTPUT_DETAIL_INQ2 '000123';
2018-03-29 12:05:29 EXEC SPC_048_INPUT_OUTPUT_DETAIL_ACT2 '[{"in_out_detail_no":"1","item_cd":"000123","serial_no":"","in_out_qty":"20","detail_remarks":""}]';
2018-03-29 12:05:30 EXEC SPC_048_INPUT_OUTPUT_DETAIL_ACT1 'I','','5','2018/03/29','00','so0004','','[{"in_out_detail_no":"1","item_cd":"000123","serial_no":"","in_out_qty":"20","detail_remarks":""}]','001','048_input_output_detail','192.168.5.206';
2018-03-29 12:05:31 EXEC SPC_048_INPUT_OUTPUT_DETAIL_INQ1 'SY201803290003';
2018-03-29 12:06:31 EXEC SPC_COMPONENT_PRODUCT_FND '','','1','','1','10';
2018-03-29 12:06:33 EXEC SPC_048_INPUT_OUTPUT_DETAIL_INQ2 '000004';
2018-03-29 12:06:35 EXEC SPC_048_INPUT_OUTPUT_DETAIL_ACT2 '[{"in_out_detail_no":"1","item_cd":"000123","serial_no":"","in_out_qty":"20","detail_remarks":""},{"in_out_detail_no":"2","item_cd":"000004","serial_no":"","in_out_qty":"30","detail_remarks":""}]';
2018-03-29 12:06:37 EXEC SPC_048_INPUT_OUTPUT_DETAIL_ACT1 'I','SY201803290003','5','2018/03/29','00','so0004','','[{"in_out_detail_no":"1","item_cd":"000123","serial_no":"","in_out_qty":"20","detail_remarks":""},{"in_out_detail_no":"2","item_cd":"000004","serial_no":"","in_out_qty":"30","detail_remarks":""}]','001','048_input_output_detail','192.168.5.206';
2018-03-29 12:06:38 EXEC SPC_048_INPUT_OUTPUT_DETAIL_INQ1 'SY201803290004';
2018-03-29 12:06:47 EXEC SPC_COMPONENT_PRODUCT_FND '','','1','','1','10';
2018-03-29 12:06:49 EXEC SPC_048_INPUT_OUTPUT_DETAIL_INQ2 '000115';
2018-03-29 12:06:54 EXEC SPC_048_INPUT_OUTPUT_DETAIL_ACT2 '[{"in_out_detail_no":"1","item_cd":"000123","serial_no":"","in_out_qty":"20","detail_remarks":""},{"in_out_detail_no":"2","item_cd":"000004","serial_no":"","in_out_qty":"30","detail_remarks":""},{"in_out_detail_no":"3","item_cd":"000115","serial_no":"30","in_out_qty":"1","detail_remarks":""}]';
2018-03-29 12:06:55 EXEC SPC_048_INPUT_OUTPUT_DETAIL_ACT1 'I','SY201803290004','5','2018/03/29','00','so0004','','[{"in_out_detail_no":"1","item_cd":"000123","serial_no":"","in_out_qty":"20","detail_remarks":""},{"in_out_detail_no":"2","item_cd":"000004","serial_no":"","in_out_qty":"30","detail_remarks":""},{"in_out_detail_no":"3","item_cd":"000115","serial_no":"30","in_out_qty":"1","detail_remarks":""}]','001','048_input_output_detail','192.168.5.206';
2018-03-29 12:06:56 EXEC SPC_048_INPUT_OUTPUT_DETAIL_INQ1 'SY201803290005';
2018-03-29 12:07:02 EXEC SPC_COMPONENT_PRODUCT_FND '','','1','','1','10';
2018-03-29 12:07:04 EXEC SPC_048_INPUT_OUTPUT_DETAIL_INQ2 '000110';
2018-03-29 12:07:35 EXEC SPC_COM_GET_COMBOBOX 'fwd_status_div';
2018-03-29 12:07:40 EXEC SPC_COM_GET_COMBOBOX 'forwarding_div';
2018-03-29 12:07:40 EXEC SPC_COM_GET_COMBOBOX 'forwarding_way_div';
2018-03-29 12:07:40 EXEC SPC_COM_GET_COMBOBOX 'packing_method_div';
2018-03-29 12:07:40 EXEC SPC_COM_GET_COMBOBOX 'forwarding_warehouse_div';
2018-03-29 12:07:40 EXEC SPC_COM_GET_COMBOBOX 'forwarder_div';
2018-03-29 12:07:43 EXEC SPC_COM_GET_COMBOBOX 'fwd_status_div';
2018-03-29 12:07:45 EXEC SPC_011_SHIPMENT_SEARCH_FND1 '','','','','','','1','10';
2018-03-29 12:07:47 EXEC SPC_010_SHIPMENT_DETAIL_INQ3 'S-18030002';
2018-03-29 12:07:54 EXEC SPC_COM_GET_COMBOBOX 'production_status_div';
2018-03-29 12:07:54 EXEC SPC_102_SHIPMENT_SERIAL_SEARCH_FND2 'J-18010018','000115';
2018-03-29 12:07:54 EXEC SPC_COM_GET_COMBOBOX 'serial_forward_div';
2018-03-29 12:07:54 EXEC SPC_102_SHIPMENT_SERIAL_SEARCH_FND3 'S-18030002','1';
2018-03-29 12:07:59 EXEC SPC_102_SHIPMENT_SERIAL_SEARCH_FND1 '000115','37','','','','','999999';
2018-03-29 12:11:13 EXEC SPC_COM_GET_COMBOBOX 'forwarding_div';
2018-03-29 12:11:13 EXEC SPC_COM_GET_COMBOBOX 'forwarding_way_div';
2018-03-29 12:11:13 EXEC SPC_COM_GET_COMBOBOX 'packing_method_div';
2018-03-29 12:11:13 EXEC SPC_COM_GET_COMBOBOX 'forwarder_div';
2018-03-29 12:11:13 EXEC SPC_COM_GET_COMBOBOX 'forwarding_warehouse_div';
2018-03-29 12:11:27 EXEC SPC_COM_GET_COMBOBOX 'fwd_status_div';
2018-03-29 12:11:30 EXEC SPC_COM_GET_COMBOBOX 'forwarding_warehouse_div';
2018-03-29 12:11:30 EXEC SPC_COM_GET_COMBOBOX 'forwarding_div';
2018-03-29 12:11:30 EXEC SPC_COM_GET_COMBOBOX 'packing_method_div';
2018-03-29 12:11:30 EXEC SPC_COM_GET_COMBOBOX 'forwarding_way_div';
2018-03-29 12:11:30 EXEC SPC_COM_GET_COMBOBOX 'forwarder_div';
2018-03-29 12:11:33 EXEC SPC_COM_GET_COMBOBOX 'rcv_status_div';
2018-03-29 12:11:34 EXEC SPC_006_ACCEPT_SEARCH_FND1 '','','','','','1','10';
2018-03-29 12:11:36 EXEC SPC_010_SHIPMENT_DETAIL_INQ1 'J-18010012';
2018-03-29 12:15:26 EXEC SPC_COM_GET_COMBOBOX 'forwarding_div';
2018-03-29 12:15:26 EXEC SPC_COM_GET_COMBOBOX 'packing_method_div';
2018-03-29 12:15:26 EXEC SPC_COM_GET_COMBOBOX 'forwarding_way_div';
2018-03-29 12:15:26 EXEC SPC_COM_GET_COMBOBOX 'forwarder_div';
2018-03-29 12:15:26 EXEC SPC_COM_GET_COMBOBOX 'forwarding_warehouse_div';
2018-03-29 12:15:28 EXEC SPC_COM_GET_COMBOBOX 'rcv_status_div';
2018-03-29 12:15:30 EXEC SPC_006_ACCEPT_SEARCH_FND1 '','','','','','1','10';
2018-03-29 12:15:31 EXEC SPC_010_SHIPMENT_DETAIL_INQ1 'J-18010010';
2018-03-29 12:15:42 EXEC SPC_COM_GET_COMBOBOX 'production_status_div';
2018-03-29 12:15:42 EXEC SPC_COM_GET_COMBOBOX 'serial_forward_div';
2018-03-29 12:15:42 EXEC SPC_102_SHIPMENT_SERIAL_SEARCH_FND3 '','1';
2018-03-29 12:15:42 EXEC SPC_102_SHIPMENT_SERIAL_SEARCH_FND2 'J-18010010','10004';
2018-03-29 12:15:43 EXEC SPC_102_SHIPMENT_SERIAL_SEARCH_FND1 '10004','10','','','','','999999';
2018-03-29 12:32:32 EXEC SPC_COM_GET_COMBOBOX 'in_out_div';
2018-03-29 12:32:32 EXEC SPC_COM_GET_COMBOBOX 'in_out_data_div';
2018-03-29 12:34:31 EXEC SPC_COM_GET_COMBOBOX 'in_out_data_div';
2018-03-29 12:34:31 EXEC SPC_COM_GET_COMBOBOX 'in_out_div';
2018-03-29 12:34:36 EXEC SPC_COM_GET_COMBOBOX 'in_out_div';
2018-03-29 12:34:36 EXEC SPC_COM_GET_COMBOBOX 'in_out_data_div';
2018-03-29 12:35:19 EXEC SPC_WAREHOUSE_SEARCH '','','1','10';
2018-03-29 12:35:25 EXEC SPC_GET_LIB_WAREHOUSE '444444';
2018-03-29 12:35:36 EXEC SPC_COMPONENT_PRODUCT_FND '','','','','1','10';
2018-03-29 12:35:52 EXEC SPC_COM_GET_COMBOBOX 'in_out_div';
2018-03-29 12:35:52 EXEC SPC_COM_GET_COMBOBOX 'in_out_data_div';
2018-03-29 12:35:56 EXEC SPC_GET_LIB_WAREHOUSE '444444';
2018-03-29 12:36:00 EXEC SPC_COMPONENT_PRODUCT_FND '','','','','1','10';
2018-03-29 12:36:01 EXEC SPC_048_INPUT_OUTPUT_DETAIL_INQ2 '000113';
2018-03-29 12:36:14 EXEC SPC_COMPONENT_PRODUCT_FND '','','1','','1','10';
2018-03-29 12:36:15 EXEC SPC_048_INPUT_OUTPUT_DETAIL_INQ2 '000115';
2018-03-29 12:36:19 EXEC SPC_048_INPUT_OUTPUT_DETAIL_ACT2 '[{"in_out_detail_no":"1","item_cd":"000115","serial_no":"222222","in_out_qty":"1","detail_remarks":""}]';
2018-03-29 12:36:21 EXEC SPC_048_INPUT_OUTPUT_DETAIL_ACT1 'I','','5','2018/03/29','00','444444','','[{"in_out_detail_no":"1","item_cd":"000115","serial_no":"222222","in_out_qty":"1","detail_remarks":""}]','001','048_input_output_detail','192.168.5.206';
2018-03-29 12:40:24 EXEC SPC_048_INPUT_OUTPUT_DETAIL_ACT2 '[{"in_out_detail_no":"1","item_cd":"000115","serial_no":"222222","in_out_qty":"1","detail_remarks":""}]';
2018-03-29 12:40:25 EXEC SPC_048_INPUT_OUTPUT_DETAIL_ACT1 'I','','5','2018/03/29','00','444444','','[{"in_out_detail_no":"1","item_cd":"000115","serial_no":"222222","in_out_qty":"1","detail_remarks":""}]','001','048_input_output_detail','192.168.5.206';
2018-03-29 12:40:30 EXEC SPC_WAREHOUSE_SEARCH '','','1','10';
2018-03-29 12:40:33 EXEC SPC_048_INPUT_OUTPUT_DETAIL_ACT2 '[{"in_out_detail_no":"1","item_cd":"000115","serial_no":"222222","in_out_qty":"1","detail_remarks":""}]';
2018-03-29 12:40:34 EXEC SPC_048_INPUT_OUTPUT_DETAIL_ACT1 'I','','5','2018/03/29','00','so0002','','[{"in_out_detail_no":"1","item_cd":"000115","serial_no":"222222","in_out_qty":"1","detail_remarks":""}]','001','048_input_output_detail','192.168.5.206';
2018-03-29 12:40:36 EXEC SPC_048_INPUT_OUTPUT_DETAIL_INQ1 'SY201803290006';
2018-03-29 12:40:38 EXEC SPC_048_INPUT_OUTPUT_DETAIL_ACT2 '[{"in_out_detail_no":"1","item_cd":"000115","serial_no":"222222","in_out_qty":"1","detail_remarks":""}]';
2018-03-29 12:40:39 EXEC SPC_048_INPUT_OUTPUT_DETAIL_ACT1 'I','SY201803290006','5','2018/03/29','00','so0002','','[{"in_out_detail_no":"1","item_cd":"000115","serial_no":"222222","in_out_qty":"1","detail_remarks":""}]','001','048_input_output_detail','192.168.5.206';
2018-03-29 12:40:40 EXEC SPC_048_INPUT_OUTPUT_DETAIL_INQ1 'SY201803290007';
2018-03-29 12:44:10 EXEC SPC_048_INPUT_OUTPUT_DETAIL_ACT2 '[{"in_out_detail_no":"1","item_cd":"000115","serial_no":"222222","in_out_qty":"1","detail_remarks":""}]';
2018-03-29 12:44:11 EXEC SPC_048_INPUT_OUTPUT_DETAIL_ACT1 'I','SY201803290007','5','2018/03/29','00','so0002','','[{"in_out_detail_no":"1","item_cd":"000115","serial_no":"222222","in_out_qty":"1","detail_remarks":""}]','001','048_input_output_detail','192.168.5.206';
2018-03-29 12:44:12 EXEC SPC_048_INPUT_OUTPUT_DETAIL_INQ1 'SY201803290008';
2018-03-29 12:44:15 EXEC SPC_048_INPUT_OUTPUT_DETAIL_ACT2 '[{"in_out_detail_no":"1","item_cd":"000115","serial_no":"222222","in_out_qty":"1","detail_remarks":""}]';
2018-03-29 12:44:16 EXEC SPC_048_INPUT_OUTPUT_DETAIL_ACT1 'I','SY201803290008','2','2018/03/29','00','so0002','','[{"in_out_detail_no":"1","item_cd":"000115","serial_no":"222222","in_out_qty":"1","detail_remarks":""}]','001','048_input_output_detail','192.168.5.206';
2018-03-29 12:44:17 EXEC SPC_048_INPUT_OUTPUT_DETAIL_INQ1 'NY201803290001';
2018-03-29 12:45:03 EXEC SPC_COM_GET_COMBOBOX 'in_out_div';
2018-03-29 12:45:03 EXEC SPC_COM_GET_COMBOBOX 'in_out_data_div';
2018-03-29 12:45:16 EXEC SPC_WAREHOUSE_SEARCH '','','1','10';
2018-03-29 12:45:20 EXEC SPC_COMPONENT_PRODUCT_FND '','','','','1','10';
2018-03-29 12:45:22 EXEC SPC_048_INPUT_OUTPUT_DETAIL_INQ2 '00001';
2018-03-29 12:45:25 EXEC SPC_048_INPUT_OUTPUT_DETAIL_ACT2 '[{"in_out_detail_no":"1","item_cd":"00001","serial_no":"","in_out_qty":"20","detail_remarks":""}]';
2018-03-29 12:45:26 EXEC SPC_048_INPUT_OUTPUT_DETAIL_ACT1 'I','','5','2018/03/29','00','so0002','','[{"in_out_detail_no":"1","item_cd":"00001","serial_no":"","in_out_qty":"20","detail_remarks":""}]','001','048_input_output_detail','192.168.5.206';
2018-03-29 12:45:30 EXEC SPC_048_INPUT_OUTPUT_DETAIL_ACT2 '[{"in_out_detail_no":"1","item_cd":"00001","serial_no":"","in_out_qty":"20","detail_remarks":""}]';
2018-03-29 12:45:31 EXEC SPC_048_INPUT_OUTPUT_DETAIL_ACT1 'I','','2','2018/03/29','00','so0002','','[{"in_out_detail_no":"1","item_cd":"00001","serial_no":"","in_out_qty":"20","detail_remarks":""}]','001','048_input_output_detail','192.168.5.206';
2018-03-29 12:45:32 EXEC SPC_048_INPUT_OUTPUT_DETAIL_INQ1 'SY201803290013';
2018-03-29 12:45:41 EXEC SPC_048_INPUT_OUTPUT_DETAIL_ACT2 '[{"in_out_detail_no":"1","item_cd":"00001","serial_no":"","in_out_qty":"20","detail_remarks":""}]';
2018-03-29 12:45:43 EXEC SPC_048_INPUT_OUTPUT_DETAIL_ACT1 'I','SY201803290013','5','2018/03/29','00','so0002','','[{"in_out_detail_no":"1","item_cd":"00001","serial_no":"","in_out_qty":"20","detail_remarks":""}]','001','048_input_output_detail','192.168.5.206';
2018-03-29 12:49:40 EXEC SPC_048_INPUT_OUTPUT_DETAIL_ACT2 '[{"in_out_detail_no":"1","item_cd":"00001","serial_no":"","in_out_qty":"20","detail_remarks":""}]';
2018-03-29 12:49:41 EXEC SPC_048_INPUT_OUTPUT_DETAIL_ACT1 'I','SY201803290013','2','2018/03/29','00','so0002','','[{"in_out_detail_no":"1","item_cd":"00001","serial_no":"","in_out_qty":"20","detail_remarks":""}]','001','048_input_output_detail','192.168.5.206';
2018-03-29 12:49:42 EXEC SPC_048_INPUT_OUTPUT_DETAIL_INQ1 'SY201803290014';
2018-03-29 12:50:00 EXEC SPC_048_INPUT_OUTPUT_DETAIL_ACT2 '[{"in_out_detail_no":"1","item_cd":"00001","serial_no":"","in_out_qty":"20","detail_remarks":""}]';
2018-03-29 12:50:01 EXEC SPC_048_INPUT_OUTPUT_DETAIL_ACT1 'I','SY201803290014','5','2018/03/29','00','so0002','','[{"in_out_detail_no":"1","item_cd":"00001","serial_no":"","in_out_qty":"20","detail_remarks":""}]','001','048_input_output_detail','192.168.5.206';
2018-03-29 13:06:38 EXEC SPC_048_INPUT_OUTPUT_DETAIL_ACT2 '[{"in_out_detail_no":"1","item_cd":"00001","serial_no":"","in_out_qty":"20","detail_remarks":""}]';
2018-03-29 13:06:39 EXEC SPC_048_INPUT_OUTPUT_DETAIL_ACT1 'I','SY201803290014','5','2018/03/29','00','so0002','','[{"in_out_detail_no":"1","item_cd":"00001","serial_no":"","in_out_qty":"20","detail_remarks":""}]','001','048_input_output_detail','192.168.5.206';
2018-03-29 13:10:04 EXEC SPC_048_INPUT_OUTPUT_DETAIL_ACT2 '[{"in_out_detail_no":"1","item_cd":"00001","serial_no":"","in_out_qty":"20","detail_remarks":""}]';
2018-03-29 13:17:37 EXEC SPC_048_INPUT_OUTPUT_DETAIL_ACT2 '[{"in_out_detail_no":"1","item_cd":"00001","serial_no":"","in_out_qty":"20","detail_remarks":""}]';
2018-03-29 13:17:43 EXEC SPC_048_INPUT_OUTPUT_DETAIL_ACT2 '[{"in_out_detail_no":"1","item_cd":"00001","serial_no":"","in_out_qty":"20","detail_remarks":""}]';
2018-03-29 13:17:44 EXEC SPC_048_INPUT_OUTPUT_DETAIL_ACT1 'I','SY201803290014','2','2018/03/29','00','so0002','','[{"in_out_detail_no":"1","item_cd":"00001","serial_no":"","in_out_qty":"20","detail_remarks":""}]','001','048_input_output_detail','192.168.5.206';
2018-03-29 13:17:46 EXEC SPC_048_INPUT_OUTPUT_DETAIL_INQ1 'NY201803290002';
2018-03-29 13:17:49 EXEC SPC_048_INPUT_OUTPUT_DETAIL_ACT2 '[{"in_out_detail_no":"1","item_cd":"00001","serial_no":"","in_out_qty":"20","detail_remarks":""}]';
2018-03-29 13:17:50 EXEC SPC_048_INPUT_OUTPUT_DETAIL_ACT1 'I','NY201803290002','5','2018/03/29','00','so0002','','[{"in_out_detail_no":"1","item_cd":"00001","serial_no":"","in_out_qty":"20","detail_remarks":""}]','001','048_input_output_detail','192.168.5.206';
2018-03-29 13:17:51 EXEC SPC_048_INPUT_OUTPUT_DETAIL_INQ1 'SY201803290020';
2018-03-29 13:18:41 EXEC SPC_048_INPUT_OUTPUT_DETAIL_ACT2 '[{"in_out_detail_no":"1","item_cd":"00001","serial_no":"","in_out_qty":"20","detail_remarks":""}]';
2018-03-29 13:18:42 EXEC SPC_048_INPUT_OUTPUT_DETAIL_ACT1 'I','SY201803290020','2','2018/03/29','00','so0002','','[{"in_out_detail_no":"1","item_cd":"00001","serial_no":"","in_out_qty":"20","detail_remarks":""}]','001','048_input_output_detail','192.168.5.206';
2018-03-29 13:18:44 EXEC SPC_048_INPUT_OUTPUT_DETAIL_INQ1 'NY201803290003';
2018-03-29 13:18:51 EXEC SPC_048_INPUT_OUTPUT_DETAIL_ACT2 '[{"in_out_detail_no":"1","item_cd":"00001","serial_no":"","in_out_qty":"20","detail_remarks":""}]';
2018-03-29 13:18:52 EXEC SPC_048_INPUT_OUTPUT_DETAIL_ACT1 'I','NY201803290003','5','2018/03/29','00','so0002','','[{"in_out_detail_no":"1","item_cd":"00001","serial_no":"","in_out_qty":"20","detail_remarks":""}]','001','048_input_output_detail','192.168.5.206';
2018-03-29 13:19:28 EXEC SPC_048_INPUT_OUTPUT_DETAIL_INQ1 'SY201803290021';
2018-03-29 13:39:01 EXEC SPC_048_INPUT_OUTPUT_DETAIL_ACT2 '[{"in_out_detail_no":"1","item_cd":"00001","serial_no":"","in_out_qty":"20","detail_remarks":""}]';
2018-03-29 13:39:02 EXEC SPC_048_INPUT_OUTPUT_DETAIL_ACT1 'I','SY201803290021','5','2018/03/29','00','so0002','','[{"in_out_detail_no":"1","item_cd":"00001","serial_no":"","in_out_qty":"20","detail_remarks":""}]','001','048_input_output_detail','192.168.5.206';
2018-03-29 13:39:08 EXEC SPC_COM_GET_COMBOBOX 'in_out_div';
2018-03-29 13:39:09 EXEC SPC_COM_GET_COMBOBOX 'in_out_data_div';
2018-03-29 13:39:15 EXEC SPC_WAREHOUSE_SEARCH '','','1','10';
2018-03-29 13:39:21 EXEC SPC_048_INPUT_OUTPUT_DETAIL_INQ2 '0001';
2018-03-29 13:39:23 EXEC SPC_048_INPUT_OUTPUT_DETAIL_INQ2 '00001';
2018-03-29 13:39:26 EXEC SPC_048_INPUT_OUTPUT_DETAIL_ACT2 '[{"in_out_detail_no":"1","item_cd":"00001","serial_no":"","in_out_qty":"202","detail_remarks":""}]';
2018-03-29 13:39:28 EXEC SPC_048_INPUT_OUTPUT_DETAIL_ACT1 'I','','5','2018/03/29','00','so0002','','[{"in_out_detail_no":"1","item_cd":"00001","serial_no":"","in_out_qty":"202","detail_remarks":""}]','001','048_input_output_detail','192.168.5.206';
2018-03-29 13:39:29 EXEC SPC_048_INPUT_OUTPUT_DETAIL_INQ1 'SY201803290004';
2018-03-29 13:39:38 EXEC SPC_COMPONENT_PRODUCT_FND '','','','','1','10';
2018-03-29 13:39:42 EXEC SPC_COMPONENT_PRODUCT_FND '','','1','','1','10';
2018-03-29 13:39:45 EXEC SPC_048_INPUT_OUTPUT_DETAIL_INQ2 '0005';
2018-03-29 13:39:59 EXEC SPC_COMPONENT_PRODUCT_FND '','','1','','1','10';
2018-03-29 13:40:01 EXEC SPC_048_INPUT_OUTPUT_DETAIL_INQ2 '0002';
2018-03-29 13:40:09 EXEC SPC_COMPONENT_PRODUCT_FND '','','1','','1','10';
2018-03-29 13:40:11 EXEC SPC_048_INPUT_OUTPUT_DETAIL_INQ2 '0008';
2018-03-29 13:40:40 EXEC SPC_048_INPUT_OUTPUT_DETAIL_ACT2 '[{"in_out_detail_no":"1","item_cd":"00001","serial_no":"","in_out_qty":"202","detail_remarks":""}]';
2018-03-29 13:40:41 EXEC SPC_048_INPUT_OUTPUT_DETAIL_ACT1 'I','SY201803290004','5','2018/03/29','00','so0002','','[{"in_out_detail_no":"1","item_cd":"00001","serial_no":"","in_out_qty":"202","detail_remarks":""}]','001','048_input_output_detail','192.168.5.206';
2018-03-29 13:40:42 EXEC SPC_048_INPUT_OUTPUT_DETAIL_INQ1 'SY201803290005';
2018-03-29 13:42:00 EXEC SPC_COMPONENT_PRODUCT_FND '','','','','1','10';
2018-03-29 13:42:03 EXEC SPC_048_INPUT_OUTPUT_DETAIL_INQ2 '00012';
2018-03-29 13:56:56 EXEC SPC_COMPONENT_PRODUCT_FND '','','','','1','10';
2018-03-29 13:57:00 EXEC SPC_048_INPUT_OUTPUT_DETAIL_INQ2 '00001';
2018-03-29 13:57:14 EXEC SPC_048_INPUT_OUTPUT_DETAIL_INQ2 '0003';
2018-03-29 13:57:24 EXEC SPC_048_INPUT_OUTPUT_DETAIL_INQ2 '';
2018-03-29 13:57:28 EXEC SPC_048_INPUT_OUTPUT_DETAIL_INQ2 '0003';
2018-03-29 13:57:36 EXEC SPC_048_INPUT_OUTPUT_DETAIL_INQ2 '0003';
2018-03-29 13:57:40 EXEC SPC_048_INPUT_OUTPUT_DETAIL_ACT2 '[{"in_out_detail_no":"1","item_cd":"0003","serial_no":"abcdef","in_out_qty":"1","detail_remarks":""},{"in_out_detail_no":"2","item_cd":"0003","serial_no":"789654","in_out_qty":"1","detail_remarks":""},{"in_out_detail_no":"3","item_cd":"0003","serial_no":"123456","in_out_qty":"1","detail_remarks":""}]';
2018-03-29 13:57:43 EXEC SPC_048_INPUT_OUTPUT_DETAIL_ACT1 'I','SY201803290005','5','2018/03/29','00','so0002','','[{"in_out_detail_no":"1","item_cd":"0003","serial_no":"abcdef","in_out_qty":"1","detail_remarks":""},{"in_out_detail_no":"2","item_cd":"0003","serial_no":"789654","in_out_qty":"1","detail_remarks":""},{"in_out_detail_no":"3","item_cd":"0003","serial_no":"123456","in_out_qty":"1","detail_remarks":""}]','001','048_input_output_detail','192.168.5.206';
2018-03-29 13:57:44 EXEC SPC_048_INPUT_OUTPUT_DETAIL_INQ1 'SY201803290006';
2018-03-29 13:59:52 EXEC SPC_048_INPUT_OUTPUT_DETAIL_ACT2 '[{"in_out_detail_no":"1","item_cd":"0003","serial_no":"666666","in_out_qty":"1","detail_remarks":""},{"in_out_detail_no":"2","item_cd":"0003","serial_no":"789654","in_out_qty":"1","detail_remarks":""},{"in_out_detail_no":"3","item_cd":"0003","serial_no":"123456","in_out_qty":"1","detail_remarks":""}]';
2018-03-29 14:52:19 EXEC SPC_048_INPUT_OUTPUT_DETAIL_ACT2 '[{"in_out_detail_no":"1","item_cd":"0003","serial_no":"666666","in_out_qty":"1","detail_remarks":""},{"in_out_detail_no":"2","item_cd":"0003","serial_no":"789654","in_out_qty":"1","detail_remarks":""},{"in_out_detail_no":"3","item_cd":"0003","serial_no":"987987","in_out_qty":"1","detail_remarks":""}]';
2018-03-29 14:52:57 EXEC SPC_048_INPUT_OUTPUT_DETAIL_ACT2 '[{"in_out_detail_no":"1","item_cd":"0003","serial_no":"666666","in_out_qty":"1","detail_remarks":""},{"in_out_detail_no":"2","item_cd":"0003","serial_no":"789654","in_out_qty":"1","detail_remarks":""},{"in_out_detail_no":"3","item_cd":"0003","serial_no":"987987","in_out_qty":"1","detail_remarks":""}]';
2018-03-29 14:53:01 EXEC SPC_048_INPUT_OUTPUT_DETAIL_ACT2 '[{"in_out_detail_no":"1","item_cd":"0003","serial_no":"666666","in_out_qty":"1","detail_remarks":""},{"in_out_detail_no":"2","item_cd":"0003","serial_no":"789654","in_out_qty":"1","detail_remarks":""},{"in_out_detail_no":"3","item_cd":"0003","serial_no":"987987","in_out_qty":"1","detail_remarks":""}]';
2018-03-29 14:54:45 EXEC SPC_048_INPUT_OUTPUT_DETAIL_ACT2 '[{"in_out_detail_no":"1","item_cd":"0003","serial_no":"666666","in_out_qty":"1","detail_remarks":""},{"in_out_detail_no":"2","item_cd":"0003","serial_no":"789654","in_out_qty":"1","detail_remarks":""},{"in_out_detail_no":"3","item_cd":"0003","serial_no":"987987","in_out_qty":"1","detail_remarks":""}]';
2018-03-29 14:55:17 EXEC SPC_048_INPUT_OUTPUT_DETAIL_ACT2 '[{"in_out_detail_no":"1","item_cd":"0003","serial_no":"666666","in_out_qty":"1","detail_remarks":""},{"in_out_detail_no":"2","item_cd":"0003","serial_no":"789654","in_out_qty":"1","detail_remarks":""},{"in_out_detail_no":"3","item_cd":"0003","serial_no":"987987","in_out_qty":"1","detail_remarks":""}]';
2018-03-29 14:56:32 EXEC SPC_COM_GET_COMBOBOX 'in_out_div';
2018-03-29 14:56:32 EXEC SPC_COM_GET_COMBOBOX 'in_out_data_div';
2018-03-29 14:56:56 EXEC SPC_COM_GET_COMBOBOX 'in_out_div';
2018-03-29 14:56:56 EXEC SPC_COM_GET_COMBOBOX 'in_out_data_div';
2018-03-29 14:57:01 EXEC SPC_WAREHOUSE_SEARCH '','','1','10';
2018-03-29 14:57:05 EXEC SPC_COMPONENT_PRODUCT_FND '','','','','1','10';
2018-03-29 14:57:10 EXEC SPC_048_INPUT_OUTPUT_DETAIL_INQ2 '0003';
2018-03-29 14:57:14 EXEC SPC_048_INPUT_OUTPUT_DETAIL_ACT2 '[{"in_out_detail_no":"1","item_cd":"0003","serial_no":"979816","in_out_qty":"1","detail_remarks":""}]';
2018-03-29 14:57:21 EXEC SPC_048_INPUT_OUTPUT_DETAIL_ACT2 '[{"in_out_detail_no":"1","item_cd":"0003","serial_no":"979816","in_out_qty":"1","detail_remarks":""}]';
2018-03-29 14:57:27 EXEC SPC_048_INPUT_OUTPUT_DETAIL_INQ2 '0003';
2018-03-29 14:57:32 EXEC SPC_048_INPUT_OUTPUT_DETAIL_ACT2 '[{"in_out_detail_no":"1","item_cd":"0003","serial_no":"979816","in_out_qty":"1","detail_remarks":""},{"in_out_detail_no":"2","item_cd":"0003","serial_no":"974651","in_out_qty":"1","detail_remarks":""}]';
2018-03-29 14:59:23 EXEC SPC_COM_GET_COMBOBOX 'in_out_div';
2018-03-29 14:59:23 EXEC SPC_COM_GET_COMBOBOX 'in_out_data_div';
2018-03-29 14:59:28 EXEC SPC_WAREHOUSE_SEARCH '','','1','10';
2018-03-29 14:59:34 EXEC SPC_048_INPUT_OUTPUT_DETAIL_INQ2 '0003';
2018-03-29 14:59:37 EXEC SPC_048_INPUT_OUTPUT_DETAIL_ACT2 '[{"in_out_detail_no":"1","item_cd":"0003","serial_no":"645984","in_out_qty":"1","detail_remarks":""}]';
2018-03-29 14:59:47 EXEC SPC_048_INPUT_OUTPUT_DETAIL_INQ2 '0003';
2018-03-29 14:59:51 EXEC SPC_048_INPUT_OUTPUT_DETAIL_ACT2 '[{"in_out_detail_no":"1","item_cd":"0003","serial_no":"645984","in_out_qty":"1","detail_remarks":""},{"in_out_detail_no":"2","item_cd":"0003","serial_no":"741556","in_out_qty":"1","detail_remarks":""}]';
2018-03-29 15:01:04 EXEC SPC_048_INPUT_OUTPUT_DETAIL_ACT2 '[{"in_out_detail_no":"1","item_cd":"0003","serial_no":"645984","in_out_qty":"1","detail_remarks":""},{"in_out_detail_no":"2","item_cd":"0003","serial_no":"741556","in_out_qty":"1","detail_remarks":""}]';
2018-03-29 15:01:13 EXEC SPC_048_INPUT_OUTPUT_DETAIL_ACT2 '[{"in_out_detail_no":"1","item_cd":"0003","serial_no":"645984","in_out_qty":"1","detail_remarks":""},{"in_out_detail_no":"2","item_cd":"0003","serial_no":"741556","in_out_qty":"1","detail_remarks":""}]';
2018-03-29 15:05:11 EXEC SPC_COM_GET_COMBOBOX 'in_out_div';
2018-03-29 15:05:12 EXEC SPC_COM_GET_COMBOBOX 'in_out_data_div';
2018-03-29 15:05:18 EXEC SPC_WAREHOUSE_SEARCH '','','1','10';
2018-03-29 15:05:22 EXEC SPC_048_INPUT_OUTPUT_DETAIL_INQ2 '0003';
2018-03-29 15:05:25 EXEC SPC_048_INPUT_OUTPUT_DETAIL_ACT2 '[{"in_out_detail_no":"1","item_cd":"0003","serial_no":"564536","in_out_qty":"1","detail_remarks":""}]';
2018-03-29 15:05:31 EXEC SPC_048_INPUT_OUTPUT_DETAIL_INQ2 '0003';
2018-03-29 15:05:34 EXEC SPC_048_INPUT_OUTPUT_DETAIL_ACT2 '[{"in_out_detail_no":"1","item_cd":"0003","serial_no":"564536","in_out_qty":"1","detail_remarks":""},{"in_out_detail_no":"2","item_cd":"0003","serial_no":"989646","in_out_qty":"1","detail_remarks":""}]';
2018-03-29 15:06:39 EXEC SPC_048_INPUT_OUTPUT_DETAIL_ACT2 '[{"in_out_detail_no":"1","item_cd":"0003","serial_no":"564536","in_out_qty":"1","detail_remarks":""},{"in_out_detail_no":"2","item_cd":"0003","serial_no":"989646","in_out_qty":"1","detail_remarks":""}]';
2018-03-29 15:06:41 EXEC SPC_048_INPUT_OUTPUT_DETAIL_ACT1 'I','','5','2018/03/29','00','so0004','','[{"in_out_detail_no":"1","item_cd":"0003","serial_no":"564536","in_out_qty":"1","detail_remarks":""},{"in_out_detail_no":"2","item_cd":"0003","serial_no":"989646","in_out_qty":"1","detail_remarks":""}]','001','048_input_output_detail','192.168.5.206';
2018-03-29 15:06:42 EXEC SPC_048_INPUT_OUTPUT_DETAIL_INQ1 'SY201803290008';
2018-03-29 16:29:18 EXEC SPC_048_INPUT_OUTPUT_DETAIL_ACT2 '[{"in_out_detail_no":"1","item_cd":"0003","serial_no":"564536","in_out_qty":"1","detail_remarks":""},{"in_out_detail_no":"2","item_cd":"0003","serial_no":"989646","in_out_qty":"1","detail_remarks":""}]';
2018-03-29 16:29:23 EXEC SPC_048_INPUT_OUTPUT_DETAIL_ACT2 '[{"in_out_detail_no":"1","item_cd":"0003","serial_no":"564536","in_out_qty":"1","detail_remarks":""},{"in_out_detail_no":"2","item_cd":"0003","serial_no":"989646","in_out_qty":"1","detail_remarks":""}]';
2018-03-29 16:29:24 EXEC SPC_048_INPUT_OUTPUT_DETAIL_ACT1 'I','SY201803290008','5','2018/03/29','00','so0004','','[{"in_out_detail_no":"1","item_cd":"0003","serial_no":"564536","in_out_qty":"1","detail_remarks":""},{"in_out_detail_no":"2","item_cd":"0003","serial_no":"989646","in_out_qty":"1","detail_remarks":""}]','001','048_input_output_detail','192.168.5.206';
2018-03-29 16:29:25 EXEC SPC_048_INPUT_OUTPUT_DETAIL_INQ1 'SY201803290009';
2018-03-29 16:51:09 EXEC SPC_048_INPUT_OUTPUT_DETAIL_ACT2 '[{"in_out_detail_no":"1","item_cd":"0003","serial_no":"564536","in_out_qty":"1","detail_remarks":""},{"in_out_detail_no":"2","item_cd":"0003","serial_no":"989646","in_out_qty":"1","detail_remarks":""}]';
2018-03-29 19:05:45 EXEC SPC_048_INPUT_OUTPUT_DETAIL_INQ2 '0001';
2018-03-29 19:06:22 EXEC SPC_048_INPUT_OUTPUT_DETAIL_INQ2 '00001';
2018-03-29 19:06:43 EXEC SPC_COM_GET_COMBOBOX 'in_out_div';
2018-03-29 19:06:44 EXEC SPC_COM_GET_COMBOBOX 'in_out_data_div';
2018-03-29 19:06:47 EXEC SPC_COM_GET_COMBOBOX 'in_out_div';
v';
2018-03-29 19:06:50 EXEC SPC_COM_GET_COMBOBOX 'in_out_data_div';
2018-03-29 19:06:54 EXEC SPC_WAREHOUSE_SEARCH '','','1','10';
2018-03-29 19:06:58 EXEC SPC_048_INPUT_OUTPUT_DETAIL_INQ2 '00001';
2018-03-29 19:07:01 EXEC SPC_048_INPUT_OUTPUT_DETAIL_ACT2 '[{"in_out_detail_no":"1","item_cd":"00001","serial_no":"","in_out_qty":"354324","detail_remarks":""}]';
2018-03-29 19:07:02 EXEC SPC_048_INPUT_OUTPUT_DETAIL_ACT1 'I','','5','2018/03/29','00','so0002','','[{"in_out_detail_no":"1","item_cd":"00001","serial_no":"","in_out_qty":"354324","detail_remarks":""}]','','048_input_output_detail','';
2018-03-29 19:07:03 EXEC SPC_048_INPUT_OUTPUT_DETAIL_INQ1 'SY201803290004';
2018-03-29 19:08:03 EXEC SPC_048_INPUT_OUTPUT_DETAIL_ACT2 '[{"in_out_detail_no":"1","item_cd":"00001","serial_no":"","in_out_qty":"354324","detail_remarks":""}]';
2018-03-29 19:08:04 EXEC SPC_048_INPUT_OUTPUT_DETAIL_ACT1 'I','SY201803290004','5','2018/03/29','00','so0002','','[{"in_out_detail_no":"1","item_cd":"00001","serial_no":"","in_out_qty":"354324","detail_remarks":""}]','','048_input_output_detail','';
2018-03-29 19:08:05 EXEC SPC_048_INPUT_OUTPUT_DETAIL_INQ1 'SY201803290005';
2018-03-29 19:09:08 EXEC SPC_048_INPUT_OUTPUT_DETAIL_ACT2 '[{"in_out_detail_no":"1","item_cd":"00001","serial_no":"","in_out_qty":"354324","detail_remarks":""}]';
2018-03-29 19:09:09 EXEC SPC_048_INPUT_OUTPUT_DETAIL_ACT1 'I','SY201803290005','5','2018/03/29','00','so0002','','[{"in_out_detail_no":"1","item_cd":"00001","serial_no":"","in_out_qty":"354324","detail_remarks":""}]','','048_input_output_detail','';
2018-03-29 19:09:10 EXEC SPC_048_INPUT_OUTPUT_DETAIL_INQ1 'SY201803290006';
